<?xml version="1.0" encoding="UTF-8"?><TestSessionContainer xmlns="http://www.codecover.org/xml/testsession-container" Date="1432261155770" TestSessionContainerId="a5cd3911-d152-4810-b92b-c58b874a0eb3" version="1.0">
<SrcFileList>
<SrcFile Content="package csse376_puerto_rico;&#10;&#10;import java.awt.Color;&#10;&#10;import javax.swing.ButtonGroup;&#10;import javax.swing.JButton;&#10;import javax.swing.JFrame;&#10;import javax.swing.JPanel;&#10;import javax.swing.JRadioButton;&#10;&#10;public class StartUpGameBoardGUI {&#10;&#10;&#9;private JFrame mainframe;&#10;&#10;&#9;public StartUpGameBoardGUI(JFrame frame) {&#10;&#9;&#9;this.mainframe = frame;&#10;&#9;&#9;this.mainframe.getContentPane().removeAll();&#10;&#9;&#9;this.mainframe.getContentPane().revalidate();&#10;&#9;&#9;this.mainframe.setBackground(Color.BLACK);&#10;&#9;&#9;this.mainframe.setTitle(&quot;Choose Players&quot;);&#10;&#10;&#9;&#9;JPanel mainPanel = new JPanel();&#10;&#9;&#9;&#10;&#9;&#9;ButtonGroup group = new ButtonGroup();&#10;&#9;&#9;JRadioButton rb3 = new JRadioButton(&quot;3&quot;, true);&#10;&#9;&#9;JRadioButton rb4 = new JRadioButton(&quot;4&quot;, false);&#10;&#9;&#9;JRadioButton rb5 = new JRadioButton(&quot;5&quot;, false);&#10;&#9;&#9;group.add(rb3);&#10;&#9;&#9;group.add(rb4);&#10;&#9;&#9;group.add(rb5);&#10;&#9;&#9;&#10;&#9;&#9;JButton startButton = new JButton(&quot;Start&quot;);&#10;&#9;&#9;startButton.addActionListener(new ButtonHandler(this.mainframe, group));&#10;&#9;&#9;&#10;&#9;&#9;mainPanel.add(rb3);&#10;&#9;&#9;mainPanel.add(rb4);&#10;&#9;&#9;mainPanel.add(rb5);&#10;&#9;&#9;mainPanel.add(startButton);&#10;&#9;&#9;&#10;&#9;&#9;this.mainframe.add(mainPanel);&#10;&#9;}&#10;&#10;}&#10;" Filename="StartUpGameBoardGUI.java" Intrnl_Id="1"/>
<SrcFile Content="package csse376_puerto_rico;&#13;&#10;&#13;&#10;import java.util.ArrayList;&#13;&#10;import java.util.List;&#13;&#10;&#13;&#10;/**&#13;&#10; * List of roles&#13;&#10; *&#13;&#10; * @author songm. Created Apr 22, 2015.&#13;&#10; */&#13;&#10;public class PlayerRoles {&#13;&#10;&#9;public static final String Settler = &quot;Settler&quot;;&#13;&#10;&#9;public static final String Builder = &quot;Builder&quot;;&#13;&#10;&#9;public static final String Craftsman = &quot;Craftsman&quot;;&#13;&#10;&#9;public static final String Trader = &quot;Trader&quot;;&#13;&#10;&#9;public static final String Captain = &quot;Captain&quot;;&#13;&#10;&#9;public static final String Prospector = &quot;Prospector&quot;;&#13;&#10;&#9;public static final String Mayor = &quot;Mayor&quot;;&#13;&#10;&#13;&#10;&#9;private PlayerRoles() {&#13;&#10;&#9;&#9;// null constructor&#13;&#10;&#9;}&#13;&#10;&#13;&#10;&#9;public static List&lt;String&gt; getValues() {&#13;&#10;&#9;&#9;List&lt;String&gt; rtn = new ArrayList&lt;String&gt;();&#13;&#10;&#13;&#10;&#9;&#9;rtn.add(Settler);&#13;&#10;&#9;&#9;rtn.add(Builder);&#13;&#10;&#9;&#9;rtn.add(Craftsman);&#13;&#10;&#9;&#9;rtn.add(Trader);&#13;&#10;&#9;&#9;rtn.add(Captain);&#13;&#10;&#9;&#9;rtn.add(Prospector);&#13;&#10;&#9;&#9;rtn.add(Mayor);&#13;&#10;&#13;&#10;&#9;&#9;return rtn;&#13;&#10;&#9;}&#13;&#10;}&#13;&#10;" Filename="PlayerRoles.java" Intrnl_Id="2"/>
<SrcFile Content="package csse376_puerto_rico;&#13;&#10;&#13;&#10;import java.util.ArrayList;&#13;&#10;import java.util.Arrays;&#13;&#10;import java.util.HashMap;&#13;&#10;import java.util.List;&#13;&#10;&#13;&#10;import javax.swing.JTextArea;&#13;&#10;&#13;&#10;public class Player {&#13;&#10;&#13;&#10;&#9;private int pNum;&#13;&#10;&#9;private int doubloons;&#13;&#10;&#9;private String role;&#13;&#10;&#9;private JTextArea hud;&#13;&#10;&#9;public boolean isTurn;&#13;&#10;&#9;public boolean isGovernor;&#13;&#10;&#9;private int points = 0;&#13;&#10;&#13;&#10;&#9;private ArrayList&lt;Building&gt; buildings = new ArrayList&lt;Building&gt;();&#13;&#10;&#13;&#10;&#9;public static class Good {&#13;&#10;&#9;&#9;public static final String COFFEE = &quot;Coffee&quot;;&#13;&#10;&#9;&#9;public static final String TOBACCO = &quot;Tobacco&quot;;&#13;&#10;&#9;&#9;public static final String CORN = &quot;Corn&quot;;&#13;&#10;&#9;&#9;public static final String SUGAR = &quot;Sugar&quot;;&#13;&#10;&#9;&#9;public static final String INDIGO = &quot;Indigo&quot;;&#13;&#10;&#9;}&#13;&#10;&#13;&#10;&#9;public static class Plantation {&#13;&#10;&#9;&#9;public String good;&#13;&#10;&#9;&#9;public boolean hasWorker;&#13;&#10;&#13;&#10;&#9;&#9;public Plantation(String good, boolean hasWorker) {&#13;&#10;&#9;&#9;&#9;this.good = good;&#13;&#10;&#9;&#9;&#9;this.hasWorker = hasWorker;&#13;&#10;&#9;&#9;}&#13;&#10;&#9;}&#13;&#10;&#13;&#10;&#9;private ArrayList&lt;Plantation&gt; plantations = new ArrayList&lt;Plantation&gt;();&#13;&#10;&#9;private HashMap&lt;String, Integer&gt; goods = new HashMap&lt;String, Integer&gt;();&#13;&#10;&#9;private static List&lt;String&gt; roles = PlayerRoles.getValues();&#13;&#10;&#13;&#10;&#9;// For Testing purposes, null player&#13;&#10;&#9;public Player() {&#13;&#10;&#9;&#9;this.doubloons = 0;&#13;&#10;&#9;&#9;this.pNum = 0;&#13;&#10;&#9;&#9;this.role = &quot;&quot;;&#13;&#10;&#9;&#9;this.isGovernor = false;&#13;&#10;&#9;&#9;this.hud = new JTextArea();&#13;&#10;&#9;&#9;for (String s : this.getAllGoods()) {&#13;&#10;&#9;&#9;&#9;this.goods.put(s, 0);&#13;&#10;&#9;&#9;}&#13;&#10;&#9;}&#13;&#10;&#13;&#10;&#9;public Player(String role) {&#13;&#10;&#9;&#9;this.role = role;&#13;&#10;&#9;&#9;this.doubloons = 0;&#13;&#10;&#9;&#9;this.isGovernor = false;&#13;&#10;&#9;&#9;this.isTurn = false;&#13;&#10;&#9;&#9;this.hud = null;&#13;&#10;&#9;&#9;for (String s : this.getAllGoods()) {&#13;&#10;&#9;&#9;&#9;this.goods.put(s, 0);&#13;&#10;&#9;&#9;}&#13;&#10;&#9;}&#13;&#10;&#13;&#10;&#9;public void setPlayerNum(int i) {&#13;&#10;&#9;&#9;this.pNum = i;&#13;&#10;&#13;&#10;&#9;}&#13;&#10;&#13;&#10;&#9;public int getPlayerNum() {&#13;&#10;&#9;&#9;return this.pNum;&#13;&#10;&#9;}&#13;&#10;&#13;&#10;&#9;public String getRole() {&#13;&#10;&#9;&#9;return this.role;&#13;&#10;&#9;}&#13;&#10;&#13;&#10;&#9;public static List&lt;String&gt; getRoles() {&#13;&#10;&#13;&#10;&#9;&#9;return roles;&#13;&#10;&#9;}&#13;&#10;&#13;&#10;&#9;public int getPoints() {&#13;&#10;&#9;&#9;return points;&#13;&#10;&#9;}&#13;&#10;&#13;&#10;&#9;public JTextArea getHUD() {&#13;&#10;&#9;&#9;return this.hud;&#13;&#10;&#9;}&#13;&#10;&#13;&#10;&#9;public void setHUD(JTextArea hud) {&#13;&#10;&#9;&#9;this.hud = hud;&#13;&#10;&#9;}&#13;&#10;&#13;&#10;&#9;public boolean isGovernor() {&#13;&#10;&#9;&#9;return isGovernor;&#13;&#10;&#9;}&#13;&#10;&#13;&#10;&#9;public void addPoints(int addition) {&#13;&#10;&#9;&#9;this.points = this.points + addition;&#13;&#10;&#9;}&#13;&#10;&#13;&#10;&#9;// Test method&#13;&#10;&#9;public void setPoints(int points) {&#13;&#10;&#9;&#9;// This method is strictly for setting points&#13;&#10;&#9;&#9;this.points = points;&#13;&#10;&#9;}&#13;&#10;&#13;&#10;&#9;public void setRole(String string) {&#13;&#10;&#9;&#9;this.role = string;&#13;&#10;&#9;}&#13;&#10;&#13;&#10;&#9;public void addBuilding(Building building) {&#13;&#10;&#9;&#9;buildings.add(building);&#13;&#10;&#9;}&#13;&#10;&#9;&#13;&#10;&#9;public boolean ownsBuilding(String building){&#13;&#10;&#9;&#9;return getBuildingsStringList().contains(building);&#13;&#10;&#9;}&#13;&#10;&#9;&#13;&#10;&#9;public boolean ownsOccupiedBuilding(String building){&#13;&#10;&#9;&#9;return getOccupiedBuildingsStringList().contains(building);&#13;&#10;&#9;}&#13;&#10;&#13;&#10;&#9;public ArrayList&lt;String&gt; getBuildingsStringList() {&#13;&#10;&#9;&#9;ArrayList&lt;String&gt; rtn = new ArrayList&lt;String&gt;();&#13;&#10;&#9;&#9;for (Building b : this.buildings) {&#13;&#10;&#9;&#9;&#9;rtn.add(b.name);&#13;&#10;&#9;&#9;}&#13;&#10;&#9;&#9;return rtn;&#13;&#10;&#9;}&#13;&#10;&#13;&#10;&#9;public ArrayList&lt;Building&gt; getBuildings() {&#13;&#10;&#9;&#9;return this.buildings;&#13;&#10;&#9;}&#13;&#10;&#9;&#13;&#10;&#9;public Building getBuilding(String building){&#13;&#10;&#9;&#9;if(this.getBuildingsStringList().contains(building)){&#13;&#10;&#9;&#9;&#9;for(Building b : this.buildings){&#13;&#10;&#9;&#9;&#9;&#9;if(b.name == building){&#13;&#10;&#9;&#9;&#9;&#9;&#9;return b;&#13;&#10;&#9;&#9;&#9;&#9;}&#13;&#10;&#9;&#9;&#9;}&#13;&#10;&#9;&#9;}&#13;&#10;&#9;&#9;return null;&#13;&#10;&#9;}&#13;&#10;&#9;&#13;&#10;&#9;public ArrayList&lt;Building&gt; getOccupiedBuildings(){&#13;&#10;&#9;&#9;ArrayList&lt;Building&gt; occupiedList = new ArrayList&lt;Building&gt;();&#13;&#10;&#9;&#9;for(Building b: this.buildings){&#13;&#10;&#9;&#9;&#9;if((b.numberOfJobs - b.numberOfWorkers) == 0){&#13;&#10;&#9;&#9;&#9;&#9;occupiedList.add(b);&#13;&#10;&#9;&#9;&#9;}&#13;&#10;&#9;&#9;}&#13;&#10;&#9;&#9;return occupiedList;&#13;&#10;&#9;}&#13;&#10;&#9;&#13;&#10;&#9;public ArrayList&lt;String&gt; getOccupiedBuildingsStringList() {&#13;&#10;&#9;&#9;ArrayList&lt;String&gt; rtn = new ArrayList&lt;String&gt;();&#13;&#10;&#9;&#9;for (Building b : this.getOccupiedBuildings()) {&#13;&#10;&#9;&#9;&#9;rtn.add(b.name);&#13;&#10;&#9;&#9;}&#13;&#10;&#9;&#9;return rtn;&#13;&#10;&#9;}&#13;&#10;&#13;&#10;&#9;public List&lt;String&gt; getGoods() {&#13;&#10;&#9;&#9;//&#13;&#10;&#9;&#9;List&lt;String&gt; rtn = new ArrayList&lt;String&gt;();&#13;&#10;&#9;&#9;String coffee = &quot;Coffee: &quot;&#13;&#10;&#9;&#9;&#9;&#9;+ Integer.toString((getNumberOfGood(&quot;Coffee&quot;)));&#13;&#10;&#9;&#9;String tobacco = &quot;Tobacco: &quot;&#13;&#10;&#9;&#9;&#9;&#9;+ Integer.toString((getNumberOfGood(&quot;Tobacco&quot;)));&#13;&#10;&#9;&#9;String corn = &quot;Corn: &quot; + Integer.toString((getNumberOfGood(&quot;Corn&quot;)));&#13;&#10;&#9;&#9;String sugar = &quot;Sugar: &quot; + Integer.toString((getNumberOfGood(&quot;Sugar&quot;)));&#13;&#10;&#9;&#9;String indigo = &quot;Indigo: &quot;&#13;&#10;&#9;&#9;&#9;&#9;+ Integer.toString((getNumberOfGood(&quot;Indigo&quot;)));&#13;&#10;&#9;&#9;rtn.addAll(Arrays.asList(coffee, corn, tobacco, sugar, indigo));&#13;&#10;&#9;&#9;return rtn;&#13;&#10;&#9;}&#13;&#10;&#13;&#10;&#9;public int getNumberOfGood(String good) {&#13;&#10;&#9;&#9;// added case where there were no goods&#13;&#10;&#9;&#9;if (this.goods.get(good) == null) {&#13;&#10;&#9;&#9;&#9;return 0;&#13;&#10;&#9;&#9;}&#13;&#10;&#9;&#9;return this.goods.get(good);&#13;&#10;&#13;&#10;&#9;}&#13;&#10;&#13;&#10;&#9;public List&lt;String&gt; getAllGoods() {&#13;&#10;&#9;&#9;List&lt;String&gt; rtn = new ArrayList&lt;String&gt;();&#13;&#10;&#9;&#9;rtn.addAll(Arrays.asList(Good.COFFEE, Good.CORN, Good.INDIGO,&#13;&#10;&#9;&#9;&#9;&#9;Good.SUGAR, Good.TOBACCO));&#13;&#10;&#9;&#9;return rtn;&#13;&#10;&#9;}&#13;&#10;&#13;&#10;&#9;public void addGood(String good, int number) {&#13;&#10;&#9;&#9;// adds the number to the original&#13;&#10;&#9;&#9;this.goods.put(good, this.goods.get(good) + number);&#13;&#10;&#9;}&#13;&#10;&#13;&#10;&#9;@Override&#13;&#10;&#9;public String toString() {&#13;&#10;&#9;&#9;String rtn = &quot;&quot;;&#13;&#10;&#9;&#9;String buildingList = &quot;&quot;;&#13;&#10;&#9;&#9;String goodsList = this.getGoods().toString();&#13;&#10;&#9;&#9;String plantationList = &quot;&quot;;&#13;&#10;&#9;&#9;for (int i = 0; i &lt; this.buildings.size(); i++) {&#13;&#10;&#9;&#9;&#9;buildingList = buildingList + &quot; &quot; + this.buildings.get(i).name;&#13;&#10;&#9;&#9;}&#13;&#10;&#9;&#9;for (int i = 0; i &lt; this.plantations.size(); i++) {&#13;&#10;&#9;&#9;&#9;plantationList = plantationList + &quot; &quot;&#13;&#10;&#9;&#9;&#9;&#9;&#9;+ this.plantations.get(i).good;&#13;&#10;&#9;&#9;}&#13;&#10;&#9;&#9;if (isGovernor) {&#13;&#10;&#9;&#9;&#9;rtn = String&#13;&#10;&#9;&#9;&#9;&#9;&#9;.format(&quot;Player %d \nRole: %s \nScore: %d \nDoubloons: %d \nBuilding: %s \nPlantation: %s \nGoods: %s \nGovernor&quot;,&#13;&#10;&#9;&#9;&#9;&#9;&#9;&#9;&#9;pNum, role, points, doubloons, buildingList,&#13;&#10;&#9;&#9;&#9;&#9;&#9;&#9;&#9;plantationList, goodsList);&#13;&#10;&#9;&#9;} else {&#13;&#10;&#9;&#9;&#9;rtn = String&#13;&#10;&#9;&#9;&#9;&#9;&#9;.format(&quot;Player %d \nRole: %s \nScore: %d \nDoubloons: %d \nBuilding: %s \nPlantation: %s \nGoods: %s&quot;,&#13;&#10;&#9;&#9;&#9;&#9;&#9;&#9;&#9;pNum, role, points, doubloons, buildingList,&#13;&#10;&#9;&#9;&#9;&#9;&#9;&#9;&#9;plantationList, goodsList);&#13;&#10;&#9;&#9;}&#13;&#10;&#9;&#9;return rtn;&#13;&#10;&#9;}&#13;&#10;&#13;&#10;&#9;public void updatePlayerInfo() {&#13;&#10;&#9;&#9;this.hud.setText(this.toString());&#13;&#10;&#9;}&#13;&#10;&#13;&#10;&#9;public ArrayList&lt;Plantation&gt; getPlantations() {&#13;&#10;&#9;&#9;return this.plantations;&#13;&#10;&#9;}&#13;&#10;&#13;&#10;&#9;public void addPlantations(Plantation add) {&#13;&#10;&#9;&#9;this.plantations.add(add);&#13;&#10;&#9;}&#13;&#10;&#13;&#10;&#9;public ArrayList&lt;String&gt; getPlantationsStringList() {&#13;&#10;&#9;&#9;ArrayList&lt;String&gt; rtn = new ArrayList&lt;String&gt;();&#13;&#10;&#9;&#9;for (Plantation p : this.plantations) {&#13;&#10;&#9;&#9;&#9;rtn.add(p.good);&#13;&#10;&#9;&#9;}&#13;&#10;&#9;&#9;return rtn;&#13;&#10;&#9;}&#13;&#10;&#13;&#10;&#9;// Only used by the Craftsman: checks if the plantation has a worker and&#13;&#10;&#9;// adds one&#13;&#10;&#9;// to the respective good count&#13;&#10;&#9;public void checkPlantation() {&#13;&#10;&#9;&#9;for (Plantation p : this.plantations) {&#13;&#10;&#9;&#9;&#9;if (p.hasWorker) {&#13;&#10;&#9;&#9;&#9;&#9;// Building condition here&#13;&#10;&#9;&#9;&#9;&#9;this.addGood(p.good, 1);&#13;&#10;&#9;&#9;&#9;}&#13;&#10;&#9;&#9;}&#13;&#10;&#9;}&#13;&#10;&#13;&#10;&#9;public int getDoubloons() {&#13;&#10;&#9;&#9;return this.doubloons;&#13;&#10;&#9;}&#13;&#10;&#13;&#10;&#9;public void setDoubloons(int add) {&#13;&#10;&#9;&#9;this.doubloons = add;&#13;&#10;&#9;}&#13;&#10;&#13;&#10;&#9;public void sellGood(String s, int i) {&#13;&#10;&#9;&#9;this.goods.put(s, this.goods.get(s) - i);&#13;&#10;&#13;&#10;&#9;}&#13;&#10;&#13;&#10;}&#13;&#10;" Filename="Player.java" Intrnl_Id="3"/>
<SrcFile Content="package csse376_puerto_rico;&#13;&#10;&#13;&#10;import java.awt.BorderLayout;&#13;&#10;import java.awt.Image;&#13;&#10;&#13;&#10;import javax.swing.ImageIcon;&#13;&#10;import javax.swing.JButton;&#13;&#10;import javax.swing.JFrame;&#13;&#10;import javax.swing.JLabel;&#13;&#10;import javax.swing.JPanel;&#13;&#10;&#13;&#10;import net.miginfocom.swing.MigLayout;&#13;&#10;&#13;&#10;public class MenuGUI {&#13;&#10;&#9;/**&#13;&#10;     * Mainframe.&#13;&#10;     */&#13;&#10;     JFrame mainframe = new JFrame();&#13;&#10;     &#13;&#10;     /**&#13;&#10;     * Constructs the Menu.&#13;&#10;     * &#13;&#10;     */&#13;&#10;     public MenuGUI() {&#13;&#10;           this.mainframe.setTitle(&quot;Puerto Rico&quot;);&#13;&#10;           this.mainframe.setSize(1366, 800);&#13;&#10;           this.mainframe.setVisible(true);&#13;&#10;           this.mainframe.setDefaultCloseOperation(JFrame.EXIT_ON_CLOSE);&#13;&#10;//           this.mainframe.setResizable(false);&#13;&#10;//           MigLayout layout = new MigLayout();&#13;&#10;//   &#9;&#9;   this.mainframe.setLayout(layout);&#13;&#10;           &#13;&#10;           JPanel imgPanel = new JPanel();&#13;&#10;           JPanel buttonPanel = new JPanel();&#13;&#10;           &#13;&#10;           String imageLoc = &quot;puerto-ricosmall.jpg&quot;;&#13;&#10;           ImageIcon imageIcon = new ImageIcon(imageLoc);&#13;&#10;           &#13;&#10;           imgPanel.add(new JLabel(imageIcon));&#13;&#10;           &#13;&#10;           JButton newGame = new JButton(&quot;New Game&quot;);&#13;&#10;           newGame.addActionListener(new ButtonHandler(mainframe, null));&#13;&#10;           JButton quit = new JButton(&quot;Quit&quot;);&#13;&#10;           &#13;&#10;           buttonPanel.add(newGame);&#13;&#10;           buttonPanel.add(quit);&#13;&#10;           &#13;&#10;           this.mainframe.add(imgPanel, BorderLayout.NORTH);&#13;&#10;           this.mainframe.add(buttonPanel, BorderLayout.SOUTH);&#13;&#10;     }&#13;&#10;&#13;&#10;}&#13;&#10;" Filename="MenuGUI.java" Intrnl_Id="4"/>
<SrcFile Content="package csse376_puerto_rico;&#10;&#10;public class Main {&#10;&#9;/**&#10;&#9; * @param args&#10;&#9; * &#10;&#9; * &#10;&#9; */&#10;&#9;public static void main(String[] args) {&#10;&#9;&#9;new MenuGUI();&#10;&#9;}&#10;}&#10;" Filename="Main.java" Intrnl_Id="5"/>
<SrcFile Content="package csse376_puerto_rico;&#13;&#10;&#13;&#10;import java.util.ArrayList;&#13;&#10;import java.util.HashMap;&#13;&#10;import java.util.List;&#13;&#10;&#13;&#10;import csse376_puerto_rico.Player.Good;&#13;&#10;import csse376_puerto_rico.Player.Plantation;&#13;&#10;&#13;&#10;public class GameState {&#13;&#10;&#13;&#10;&#9;private HashMap&lt;String, Integer&gt; goods = new HashMap&lt;String, Integer&gt;();&#13;&#10;&#9;public int colonistsTotal;&#13;&#10;&#9;public int colonistsOnBoard;&#13;&#10;&#9;public int cargoship4 = 0;&#13;&#10;&#9;public String cargoship4Good = &quot;&quot;;&#13;&#10;&#9;public int cargoship5 = 0;&#13;&#10;&#9;public String cargoship5Good = &quot;&quot;;&#13;&#10;&#9;public int cargoship6 = 0;&#13;&#10;&#9;public String cargoship6Good = &quot;&quot;;&#13;&#10;&#9;public boolean isGameEndState = false;&#13;&#10;&#9;public int doubloons;&#13;&#10;&#9;private int numOfPlayers;&#13;&#10;&#9;private List&lt;Player&gt; players;&#13;&#10;&#9;public int victoryPoints;&#13;&#10;&#9;public static ArrayList&lt;String&gt; rolesToAdd;&#13;&#10;&#9;public static ArrayList&lt;String&gt; addDoubloonToRole;&#13;&#10;&#13;&#10;&#9;public static final int ERROR = -99;&#13;&#10;&#13;&#10;&#9;public GameState(List&lt;Player&gt; players) {&#13;&#10;&#13;&#10;&#9;&#9;// game start state - Min&#13;&#10;&#13;&#10;&#9;&#9;for (Player p : players) {&#13;&#10;&#9;&#9;&#9;p.setDoubloons(players.size() - 1);&#13;&#10;&#9;&#9;}&#13;&#10;&#13;&#10;&#9;&#9;// goods&#13;&#10;&#9;&#9;goods.put(Player.Good.COFFEE, 9);&#13;&#10;&#9;&#9;goods.put(Player.Good.CORN, 10);&#13;&#10;&#9;&#9;goods.put(Player.Good.INDIGO, 11);&#13;&#10;&#9;&#9;goods.put(Player.Good.SUGAR, 11);&#13;&#10;&#9;&#9;goods.put(Player.Good.TOBACCO, 9);&#13;&#10;&#13;&#10;&#9;&#9;// colonists. victory points and plantations&#13;&#10;&#9;&#9;this.players = players;&#13;&#10;&#9;&#9;numOfPlayers = players.size();&#13;&#10;&#9;&#9;colonistsOnBoard = numOfPlayers;&#13;&#10;&#13;&#10;&#9;&#9;this.players.get(0).addPlantations(new Plantation(Good.INDIGO, false));&#13;&#10;&#9;&#9;this.players.get(1).addPlantations(new Plantation(Good.INDIGO, false));&#13;&#10;&#13;&#10;&#9;&#9;if (numOfPlayers == 3) {&#13;&#10;&#9;&#9;&#9;// FIXME: replace the bottom comment with the one after to make the&#13;&#10;&#9;&#9;&#9;// test&#13;&#10;&#9;&#9;&#9;// colonistsTotal = 55;&#13;&#10;&#9;&#9;&#9;// victoryPoints = 75;&#13;&#10;&#9;&#9;&#9;colonistsTotal = 10;&#13;&#10;&#9;&#9;&#9;victoryPoints = 3;&#13;&#10;&#9;&#9;&#9;this.players.get(2)&#13;&#10;&#9;&#9;&#9;&#9;&#9;.addPlantations(new Plantation(Good.CORN, false));&#13;&#10;&#9;&#9;} else if (numOfPlayers == 4) {&#13;&#10;&#9;&#9;&#9;colonistsTotal = 75;&#13;&#10;&#9;&#9;&#9;victoryPoints = 100;&#13;&#10;&#9;&#9;&#9;this.players.get(2)&#13;&#10;&#9;&#9;&#9;&#9;&#9;.addPlantations(new Plantation(Good.CORN, false));&#13;&#10;&#9;&#9;&#9;this.players.get(3)&#13;&#10;&#9;&#9;&#9;&#9;&#9;.addPlantations(new Plantation(Good.CORN, false));&#13;&#10;&#13;&#10;&#9;&#9;} else if (numOfPlayers == 5) {&#13;&#10;&#9;&#9;&#9;colonistsTotal = 95;&#13;&#10;&#9;&#9;&#9;victoryPoints = 122;&#13;&#10;&#9;&#9;&#9;this.players.get(2).addPlantations(&#13;&#10;&#9;&#9;&#9;&#9;&#9;new Plantation(Good.INDIGO, false));&#13;&#10;&#9;&#9;&#9;this.players.get(3)&#13;&#10;&#9;&#9;&#9;&#9;&#9;.addPlantations(new Plantation(Good.CORN, false));&#13;&#10;&#9;&#9;&#9;this.players.get(4)&#13;&#10;&#9;&#9;&#9;&#9;&#9;.addPlantations(new Plantation(Good.CORN, false));&#13;&#10;&#9;&#9;}&#13;&#10;&#9;&#9;// ships&#13;&#10;&#13;&#10;&#9;&#9;// doubloons&#13;&#10;&#9;&#9;doubloons = 54;&#13;&#10;&#9;&#9;rolesToAdd = new ArrayList&lt;String&gt;();&#13;&#10;&#9;&#9;addDoubloonToRole = new ArrayList&lt;String&gt;();&#13;&#10;&#13;&#10;&#9;}&#13;&#10;&#13;&#10;&#9;public int getGood(String good) {&#13;&#10;&#13;&#10;&#9;&#9;return goods.get(good);&#13;&#10;&#9;}&#13;&#10;&#13;&#10;&#9;public void addGood(String good) {&#13;&#10;&#13;&#10;&#9;&#9;goods.put(good, goods.get(good) + 1);&#13;&#10;&#9;}&#13;&#10;&#13;&#10;&#9;public int getColonistsOnBoard() {&#13;&#10;&#9;&#9;//&#13;&#10;&#9;&#9;return colonistsOnBoard;&#13;&#10;&#9;}&#13;&#10;&#13;&#10;&#9;public int getColonistsTotal() {&#13;&#10;&#9;&#9;//&#13;&#10;&#9;&#9;return colonistsTotal;&#13;&#10;&#9;}&#13;&#10;&#13;&#10;&#9;public void addColonistsToBoard() {&#13;&#10;&#9;&#9;/**&#13;&#10;&#9;&#9; * For each empty circle on the buildings on the player boards of all&#13;&#10;&#9;&#9; * players (empty circles on plantations and quarries do not count!),&#13;&#10;&#9;&#9; * the mayor takes one colonist from the colonist supply and places it&#13;&#10;&#9;&#9; * on the colonist ship. However, as a minimum, the mayor should always&#13;&#10;&#9;&#9; * place at least as many colonists on the ship as there are players in&#13;&#10;&#9;&#9; * the game.&#13;&#10;&#9;&#9; */&#13;&#10;&#9;&#9;int temp = 0;&#13;&#10;&#9;&#9;for (Player player : players) {&#13;&#10;&#9;&#9;&#9;for (Building b : player.getBuildings()) {&#13;&#10;&#9;&#9;&#9;&#9;temp += b.numberOfJobs - b.numberOfWorkers;&#13;&#10;&#9;&#9;&#9;}&#13;&#10;&#9;&#9;&#9;for (Plantation p : player.getPlantations()) {&#13;&#10;&#9;&#9;&#9;&#9;if (!p.hasWorker) {&#13;&#10;&#9;&#9;&#9;&#9;&#9;temp += 1;&#13;&#10;&#9;&#9;&#9;&#9;}&#13;&#10;&#9;&#9;&#9;}&#13;&#10;&#9;&#9;}&#13;&#10;&#9;&#9;if (temp &lt; numOfPlayers) {&#13;&#10;&#9;&#9;&#9;colonistsOnBoard = numOfPlayers;&#13;&#10;&#9;&#9;} else {&#13;&#10;&#9;&#9;&#9;colonistsOnBoard = temp;&#13;&#10;&#9;&#9;}&#13;&#10;&#9;}&#13;&#10;&#13;&#10;&#9;/**&#13;&#10;&#9; * &#13;&#10;&#9; * returns leftover, if 99 then that means it is an error or wrong good on&#13;&#10;&#9; * cargo&#13;&#10;&#9; * &#13;&#10;&#9; * @param shipNum&#13;&#10;&#9; * @param goodNum&#13;&#10;&#9; * @param good&#13;&#10;&#9; * @return int&#13;&#10;&#9; *&#13;&#10;&#9; */&#13;&#10;&#9;public int addGoodToCargoShip(int shipNum, int goodNum, String good) {&#13;&#10;&#9;&#9;int leftover = 0;&#13;&#10;&#9;&#9;if (shipNum == 4) {&#13;&#10;&#9;&#9;&#9;System.out.println(&quot;ship4&quot;);&#13;&#10;&#9;&#9;&#9;if (cargoship4 == 0&#13;&#10;&#9;&#9;&#9;&#9;&#9;|| (cargoship4 &lt; 4 &amp;&amp; cargoship4Good.equals(good))) {&#13;&#10;&#9;&#9;&#9;&#9;leftover = cargoship4 + goodNum - 4;&#13;&#10;&#9;&#9;&#9;&#9;if (goodNum != 0)&#13;&#10;&#9;&#9;&#9;&#9;&#9;cargoship4Good = good;&#13;&#10;&#13;&#10;&#9;&#9;&#9;&#9;if (leftover &gt; 0) {&#13;&#10;&#9;&#9;&#9;&#9;&#9;cargoship4 = 4;&#13;&#10;&#9;&#9;&#9;&#9;} else {&#13;&#10;&#9;&#9;&#9;&#9;&#9;cargoship4 += goodNum;&#13;&#10;&#9;&#9;&#9;&#9;&#9;leftover = 0;&#13;&#10;&#9;&#9;&#9;&#9;}&#13;&#10;&#13;&#10;&#9;&#9;&#9;} else {&#13;&#10;&#9;&#9;&#9;&#9;leftover = ERROR;&#13;&#10;&#9;&#9;&#9;}&#13;&#10;&#9;&#9;} else if (shipNum == 5) {&#13;&#10;&#9;&#9;&#9;System.out.println(&quot;ship5&quot;);&#13;&#10;&#9;&#9;&#9;if (cargoship5 == 0&#13;&#10;&#9;&#9;&#9;&#9;&#9;|| (cargoship5 &lt; 5 &amp;&amp; cargoship5Good.equals(good))) {&#13;&#10;&#9;&#9;&#9;&#9;leftover = cargoship5 + goodNum - 5;&#13;&#10;&#9;&#9;&#9;&#9;if (goodNum != 0)&#13;&#10;&#9;&#9;&#9;&#9;&#9;cargoship5Good = good;&#13;&#10;&#9;&#9;&#9;&#9;if (leftover &gt; 0) {&#13;&#10;&#9;&#9;&#9;&#9;&#9;cargoship5 = 5;&#13;&#10;&#9;&#9;&#9;&#9;} else {&#13;&#10;&#9;&#9;&#9;&#9;&#9;cargoship5 += goodNum;&#13;&#10;&#9;&#9;&#9;&#9;&#9;leftover = 0;&#13;&#10;&#9;&#9;&#9;&#9;}&#13;&#10;&#9;&#9;&#9;} else {&#13;&#10;&#9;&#9;&#9;&#9;leftover = ERROR;&#13;&#10;&#9;&#9;&#9;}&#13;&#10;&#13;&#10;&#9;&#9;} else if (shipNum == 6) {&#13;&#10;&#9;&#9;&#9;System.out.println(&quot;ship6&quot;);&#13;&#10;&#9;&#9;&#9;if (cargoship6 == 0&#13;&#10;&#9;&#9;&#9;&#9;&#9;|| (cargoship6 &lt; 6 &amp;&amp; cargoship6Good.equals(good))) {&#13;&#10;&#9;&#9;&#9;&#9;leftover = cargoship6 + goodNum - 6;&#13;&#10;&#9;&#9;&#9;&#9;if (goodNum != 0)&#13;&#10;&#9;&#9;&#9;&#9;&#9;cargoship6Good = good;&#13;&#10;&#9;&#9;&#9;&#9;if (leftover &gt; 0) {&#13;&#10;&#9;&#9;&#9;&#9;&#9;cargoship6 = 6;&#13;&#10;&#9;&#9;&#9;&#9;} else {&#13;&#10;&#9;&#9;&#9;&#9;&#9;cargoship6 += goodNum;&#13;&#10;&#9;&#9;&#9;&#9;&#9;leftover = 0;&#13;&#10;&#9;&#9;&#9;&#9;}&#13;&#10;&#9;&#9;&#9;} else {&#13;&#10;&#9;&#9;&#9;&#9;leftover = ERROR;&#13;&#10;&#9;&#9;&#9;}&#13;&#10;&#9;&#9;}&#13;&#10;&#9;&#9;return leftover;&#13;&#10;&#9;}&#13;&#10;&#13;&#10;&#9;public boolean isAbleToAddGood() {&#13;&#10;&#13;&#10;&#9;&#9;for (Player p : players) {&#13;&#10;&#9;&#9;&#9;if (isAbleToAddGood(p)) {&#13;&#10;&#9;&#9;&#9;&#9;return true;&#13;&#10;&#9;&#9;&#9;}&#13;&#10;&#9;&#9;}&#13;&#10;&#9;&#9;return false;&#13;&#10;&#9;}&#13;&#10;&#13;&#10;&#9;public boolean isAbleToAddGood(Player p) {&#13;&#10;&#9;&#9;List&lt;String&gt; goodStringList = p.getAllGoods();&#13;&#10;&#9;&#9;for (String good : goodStringList) {&#13;&#10;&#13;&#10;&#9;&#9;&#9;if (p.getNumberOfGood(good) &gt; 0) {&#13;&#10;&#9;&#9;&#9;&#9;for (int i = 4; i &lt;= 6; i++) {&#13;&#10;&#9;&#9;&#9;&#9;&#9;int e = addGoodToCargoShip(i, 0, good);&#13;&#10;&#9;&#9;&#9;&#9;&#9;if (e != ERROR) {&#13;&#10;&#9;&#9;&#9;&#9;&#9;&#9;return true;&#13;&#10;&#13;&#10;&#9;&#9;&#9;&#9;&#9;}&#13;&#10;&#9;&#9;&#9;&#9;}&#13;&#10;&#9;&#9;&#9;}&#13;&#10;&#9;&#9;}&#13;&#10;&#9;&#9;return false;&#13;&#10;&#9;}&#13;&#10;&#13;&#10;&#9;public boolean isGameEndState() {&#13;&#10;&#13;&#10;&#9;&#9;return isGameEndState;&#13;&#10;&#9;}&#13;&#10;&#13;&#10;&#9;public Player getWinner() {&#13;&#10;&#9;&#9;Player max = this.players.get(0);&#13;&#10;&#9;&#9;for (Player p : this.players) {&#13;&#10;&#9;&#9;&#9;if (max.getPoints() &lt;= p.getPoints()) {&#13;&#10;&#9;&#9;&#9;&#9;max = p;&#13;&#10;&#9;&#9;&#9;}&#13;&#10;&#9;&#9;}&#13;&#10;&#13;&#10;&#9;&#9;return max;&#13;&#10;&#9;}&#13;&#10;&#13;&#10;&#9;public void updateAtEndOfTurn() {&#13;&#10;&#9;&#9;addColonistsToBoard();&#13;&#10;&#13;&#10;&#9;&#9;// Must ship these&#13;&#10;&#9;&#9;if (cargoship4 == 4) {&#13;&#10;&#9;&#9;&#9;cargoship4 = 0;&#13;&#10;&#9;&#9;&#9;cargoship4Good = &quot;&quot;;&#13;&#10;&#9;&#9;}&#13;&#10;&#9;&#9;if (cargoship5 == 5) {&#13;&#10;&#9;&#9;&#9;cargoship5 = 0;&#13;&#10;&#9;&#9;&#9;cargoship5Good = &quot;&quot;;&#13;&#10;&#9;&#9;}&#13;&#10;&#9;&#9;if (cargoship6 == 6) {&#13;&#10;&#9;&#9;&#9;cargoship6 = 0;&#13;&#10;&#9;&#9;&#9;cargoship6Good = &quot;&quot;;&#13;&#10;&#9;&#9;}&#13;&#10;&#9;}&#13;&#10;&#13;&#10;}&#13;&#10;" Filename="GameState.java" Intrnl_Id="6"/>
<SrcFile Content="package csse376_puerto_rico;&#13;&#10;&#13;&#10;import java.awt.Color;&#13;&#10;import java.util.ArrayList;&#13;&#10;import java.util.Enumeration;&#13;&#10;import java.util.List;&#13;&#10;&#13;&#10;import javax.swing.AbstractButton;&#13;&#10;import javax.swing.ButtonGroup;&#13;&#10;import javax.swing.JFrame;&#13;&#10;import javax.swing.JOptionPane;&#13;&#10;import javax.swing.JTextArea;&#13;&#10;&#13;&#10;import net.miginfocom.swing.MigLayout;&#13;&#10;import csse376_puerto_rico.Player.Good;&#13;&#10;import csse376_puerto_rico.Player.Plantation;&#13;&#10;&#13;&#10;public class GameBoardGUI {&#13;&#10;&#13;&#10;&#9;private JFrame mainframe;&#13;&#10;&#9;public static List&lt;Player&gt; players;&#13;&#10;&#9;public static JTextArea msgBar;&#13;&#10;&#9;public static JTextArea gameStateInfo;&#13;&#10;&#9;// public static ArrayList&lt;JPanel&gt; playerCards;&#13;&#10;&#9;private ButtonGroup bGroup;&#13;&#10;&#9;private static int turnCount;&#13;&#10;&#9;private GameState gameState;&#13;&#10;&#13;&#10;&#9;public GameBoardGUI() {&#13;&#10;&#9;&#9;// For testing purposes.&#13;&#10;&#9;&#9;this.msgBar = new JTextArea();&#13;&#10;&#9;&#9;this.gameStateInfo = new JTextArea();&#13;&#10;&#9;&#9;this.players = new ArrayList&lt;Player&gt;();&#13;&#10;&#9;&#9;this.mainframe = new JFrame();&#13;&#10;&#9;&#9;players.add(new Player());&#13;&#10;&#9;&#9;players.add(new Player());&#13;&#10;&#9;&#9;players.add(new Player());&#13;&#10;&#9;&#9;this.gameState = new GameState(players);&#13;&#10;&#9;}&#13;&#10;&#13;&#10;&#9;public GameBoardGUI(JFrame frame, ButtonGroup group) {&#13;&#10;&#9;&#9;this.players = new ArrayList&lt;Player&gt;();&#13;&#10;&#9;&#9;this.mainframe = frame;&#13;&#10;&#9;&#9;this.mainframe.setTitle(&quot;Puerto Rico&quot;);&#13;&#10;&#9;&#9;this.mainframe.getContentPane().removeAll();&#13;&#10;&#9;&#9;this.mainframe.getContentPane().revalidate();&#13;&#10;&#9;&#9;this.mainframe.setBackground(Color.GREEN);&#13;&#10;&#9;&#9;MigLayout layout = new MigLayout();&#13;&#10;&#9;&#9;this.mainframe.setLayout(layout);&#13;&#10;&#9;&#9;this.bGroup = group;&#13;&#10;&#9;&#9;this.msgBar = new JTextArea();&#13;&#10;&#9;&#9;this.gameStateInfo = new JTextArea();&#13;&#10;&#13;&#10;&#9;&#9;String temp = &quot;3&quot;;&#13;&#10;&#9;&#9;for (Enumeration&lt;AbstractButton&gt; buttons = this.bGroup.getElements(); buttons&#13;&#10;&#9;&#9;&#9;&#9;.hasMoreElements();) {&#13;&#10;&#9;&#9;&#9;AbstractButton button = buttons.nextElement();&#13;&#10;&#9;&#9;&#9;if (button.isSelected()) {&#13;&#10;&#9;&#9;&#9;&#9;temp = button.getText();&#13;&#10;&#9;&#9;&#9;}&#13;&#10;&#9;&#9;}&#13;&#10;&#9;&#9;int numberPlayers = Integer.parseInt(temp);&#13;&#10;&#13;&#10;&#9;&#9;this.addPlayers(numberPlayers);&#13;&#10;&#9;}&#13;&#10;&#13;&#10;&#9;private void displayGameState() {&#13;&#10;&#9;&#9;int coffee = this.gameState.getGood(Player.Good.COFFEE);&#13;&#10;&#9;&#9;int corn = this.gameState.getGood(Player.Good.CORN);&#13;&#10;&#9;&#9;int indigo = this.gameState.getGood(Player.Good.INDIGO);&#13;&#10;&#9;&#9;int sugar = this.gameState.getGood(Player.Good.SUGAR);&#13;&#10;&#9;&#9;int tobacco = this.gameState.getGood(Player.Good.TOBACCO);&#13;&#10;&#9;&#9;int colonists = this.gameState.getColonistsOnBoard();&#13;&#10;&#9;&#9;int colonistsTotal = this.gameState.getColonistsTotal();&#13;&#10;&#9;&#9;int points = this.gameState.victoryPoints;&#13;&#10;&#13;&#10;&#9;&#9;String parsedInfo = &quot;Coffe: &quot; + coffee + &quot;    Corn: &quot; + corn&#13;&#10;&#9;&#9;&#9;&#9;+ &quot;    Indigo: &quot; + indigo + &quot;\nSugar: &quot; + sugar&#13;&#10;&#9;&#9;&#9;&#9;+ &quot;        Tobacco: &quot; + tobacco + &quot;\nColonists On Board: &quot;&#13;&#10;&#9;&#9;&#9;&#9;+ colonists + &quot;\nColonists Total: &quot; + colonistsTotal&#13;&#10;&#9;&#9;&#9;&#9;+ &quot;\nVictory Points: &quot; + points + &quot;\n&quot; + &quot;\nCargo Ship: &quot;&#13;&#10;&#9;&#9;&#9;&#9;+ (4 - this.gameState.cargoship4) + &quot; spots for &quot;&#13;&#10;&#9;&#9;&#9;&#9;+ this.gameState.cargoship4Good + &quot;    Cargo Ship: &quot;&#13;&#10;&#9;&#9;&#9;&#9;+ (5 - this.gameState.cargoship5) + &quot; spots for &quot;&#13;&#10;&#9;&#9;&#9;&#9;+ this.gameState.cargoship5Good + &quot;    Cargo Ship: &quot;&#13;&#10;&#9;&#9;&#9;&#9;+ (6 - this.gameState.cargoship6) + &quot; spots for &quot;&#13;&#10;&#9;&#9;&#9;&#9;+ this.gameState.cargoship6Good;&#13;&#10;&#9;&#9;gameStateInfo.setColumns(20);&#13;&#10;&#9;&#9;gameStateInfo.setRows(7);&#13;&#10;&#9;&#9;gameStateInfo.setText(parsedInfo);&#13;&#10;&#9;&#9;this.mainframe.add(gameStateInfo, &quot;cell 0 5, span 5&quot;);&#13;&#10;&#9;}&#13;&#10;&#13;&#10;&#9;private void updateGameStateDisplay() {&#13;&#10;&#9;&#9;int coffee = this.gameState.getGood(Player.Good.COFFEE);&#13;&#10;&#9;&#9;int corn = this.gameState.getGood(Player.Good.CORN);&#13;&#10;&#9;&#9;int indigo = this.gameState.getGood(Player.Good.INDIGO);&#13;&#10;&#9;&#9;int sugar = this.gameState.getGood(Player.Good.SUGAR);&#13;&#10;&#9;&#9;int tobacco = this.gameState.getGood(Player.Good.TOBACCO);&#13;&#10;&#9;&#9;int colonists = this.gameState.getColonistsOnBoard();&#13;&#10;&#9;&#9;int colonistsTotal = this.gameState.getColonistsTotal();&#13;&#10;&#9;&#9;int points = this.gameState.victoryPoints;&#13;&#10;&#13;&#10;&#9;&#9;String parsedInfo = &quot;Coffe: &quot; + coffee + &quot;    Corn: &quot; + corn&#13;&#10;&#9;&#9;&#9;&#9;+ &quot;    Indigo: &quot; + indigo + &quot;\nSugar: &quot; + sugar&#13;&#10;&#9;&#9;&#9;&#9;+ &quot;        Tobacco: &quot; + tobacco + &quot;\nColonists: &quot; + colonists&#13;&#10;&#9;&#9;&#9;&#9;+ &quot;\nColonists Total: &quot; + colonistsTotal + &quot;\nVictory Points: &quot;&#13;&#10;&#9;&#9;&#9;&#9;+ points + &quot;\n&quot; + &quot;\nCargo Ship: &quot;&#13;&#10;&#9;&#9;&#9;&#9;+ (4 - this.gameState.cargoship4) + &quot; spots for &quot;&#13;&#10;&#9;&#9;&#9;&#9;+ this.gameState.cargoship4Good + &quot;    Cargo Ship: &quot;&#13;&#10;&#9;&#9;&#9;&#9;+ (5 - this.gameState.cargoship5) + &quot; spots for &quot;&#13;&#10;&#9;&#9;&#9;&#9;+ this.gameState.cargoship5Good + &quot;    Cargo Ship: &quot;&#13;&#10;&#9;&#9;&#9;&#9;+ (6 - this.gameState.cargoship6) + &quot; spots for &quot;&#13;&#10;&#9;&#9;&#9;&#9;+ this.gameState.cargoship6Good;&#13;&#10;&#13;&#10;&#9;&#9;gameStateInfo.setText(parsedInfo);&#13;&#10;&#9;}&#13;&#10;&#13;&#10;&#9;private void displayMessageBar() {&#13;&#10;&#9;&#9;msgBar.setColumns(90);&#13;&#10;&#9;&#9;this.mainframe.add(msgBar, &quot;cell 0 0, span &quot; + this.players.size());&#13;&#10;&#9;}&#13;&#10;&#13;&#10;&#9;public List&lt;Player&gt; addPlayers(int numberOfPlayers) {&#13;&#10;&#9;&#9;// this.addPlayerCards(numberOfPlayers);&#13;&#10;&#9;&#9;for (int i = 0; i &lt; numberOfPlayers; i++) {&#13;&#10;&#9;&#9;&#9;Player p = new Player();&#13;&#10;&#9;&#9;&#9;if (i == 0) {&#13;&#10;&#9;&#9;&#9;&#9;p.isGovernor = true;&#13;&#10;&#9;&#9;&#9;}&#13;&#10;&#9;&#9;&#9;p.setPlayerNum(i);&#13;&#10;&#9;&#9;&#9;JTextArea jta = new JTextArea(&quot;Player &quot; + i + &quot;\nRole: &quot;&#13;&#10;&#9;&#9;&#9;&#9;&#9;+ &quot;\nScore: &quot; + p.getPoints() + &quot;\nBuildings:&quot;&#13;&#10;&#9;&#9;&#9;&#9;&#9;+ p.getBuildingsStringList() + &quot;\nPlantations:\n&quot;);&#13;&#10;&#9;&#9;&#9;jta.setRows(15);&#13;&#10;&#9;&#9;&#9;jta.setColumns(15);&#13;&#10;&#9;&#9;&#9;p.setHUD(jta);&#13;&#10;&#9;&#9;&#9;this.players.add(p);&#13;&#10;&#9;&#9;&#9;this.mainframe.add(jta, &quot;cell &quot; + i + &quot; 1&quot;);&#13;&#10;&#9;&#9;&#9;p.updatePlayerInfo();&#13;&#10;&#13;&#10;&#9;&#9;}&#13;&#10;&#9;&#9;this.gameState = new GameState(this.players);&#13;&#10;&#13;&#10;&#9;&#9;displayGameState();&#13;&#10;&#9;&#9;displayMessageBar();&#13;&#10;&#9;&#9;updateRoles();&#13;&#10;&#13;&#10;&#9;&#9;return this.players;&#13;&#10;&#9;}&#13;&#10;&#13;&#10;&#9;public List&lt;Player&gt; getPlayers() {&#13;&#10;&#9;&#9;return this.players;&#13;&#10;&#9;}&#13;&#10;&#13;&#10;&#9;public static int getTurnCount() {&#13;&#10;&#9;&#9;return turnCount;&#13;&#10;&#9;}&#13;&#10;&#13;&#10;&#9;public void updateRoles() {&#13;&#10;&#13;&#10;&#9;&#9;Object[] options = Player.getRoles().toArray();&#13;&#10;&#9;&#9;while (!checkEndGame()) {&#13;&#10;&#9;&#9;&#9;options = Player.getRoles().toArray();&#13;&#10;&#9;&#9;&#9;for (int i = 0; i &lt; this.players.size(); i++) {&#13;&#10;&#9;&#9;&#9;&#9;Player player = this.players.get(i);&#13;&#10;&#9;&#9;&#9;&#9;// DONE: Min, make player not able to choose role already chosen&#13;&#10;&#9;&#9;&#9;&#9;// for this turn.&#13;&#10;&#9;&#9;&#9;&#9;int n = JOptionPane.showOptionDialog(this.mainframe,&#13;&#10;&#9;&#9;&#9;&#9;&#9;&#9;&quot;Choose your role!&quot;, &quot;Player &quot; + i,&#13;&#10;&#9;&#9;&#9;&#9;&#9;&#9;JOptionPane.YES_NO_CANCEL_OPTION,&#13;&#10;&#9;&#9;&#9;&#9;&#9;&#9;JOptionPane.QUESTION_MESSAGE, null, options,&#13;&#10;&#9;&#9;&#9;&#9;&#9;&#9;options[options.length - 1]);&#13;&#10;&#9;&#9;&#9;&#9;// in this block of code I had to convert the lists of&#13;&#10;&#9;&#9;&#9;&#9;// buildings,plantations into Strings&#13;&#10;&#13;&#10;&#9;&#9;&#9;&#9;String role = (String) options[n];&#13;&#10;&#13;&#10;&#9;&#9;&#9;&#9;// Every start of the role each player gets an extra doubloon.&#13;&#10;&#9;&#9;&#9;&#9;player.setDoubloons(player.getDoubloons() + 1);&#13;&#10;&#9;&#9;&#9;&#9;gameState.doubloons--;&#13;&#10;&#13;&#10;&#9;&#9;&#9;&#9;player.setRole(role);&#13;&#10;&#13;&#10;&#9;&#9;&#9;&#9;player.updatePlayerInfo();&#13;&#10;&#13;&#10;&#9;&#9;&#9;&#9;playRole(i);&#13;&#10;&#13;&#10;&#9;&#9;&#9;&#9;// update&#13;&#10;&#9;&#9;&#9;&#9;this.gameState.updateAtEndOfTurn();&#13;&#10;&#13;&#10;&#9;&#9;&#9;&#9;// removing selected&#13;&#10;&#9;&#9;&#9;&#9;List&lt;Object&gt; temp = new ArrayList&lt;Object&gt;();&#13;&#10;&#9;&#9;&#9;&#9;for (int j = 0; j &lt; options.length; j++) {&#13;&#10;&#9;&#9;&#9;&#9;&#9;if (j != n) {&#13;&#10;&#9;&#9;&#9;&#9;&#9;&#9;temp.add(options[j]);&#13;&#10;&#9;&#9;&#9;&#9;&#9;}&#13;&#10;&#9;&#9;&#9;&#9;}&#13;&#10;&#9;&#9;&#9;&#9;options = temp.toArray();&#13;&#10;&#9;&#9;&#9;}&#13;&#10;&#13;&#10;&#9;&#9;}&#13;&#10;&#9;&#9;updateMsgBar(&quot;Winner is Player : &quot;&#13;&#10;&#9;&#9;&#9;&#9;+ this.gameState.getWinner().getPlayerNum());&#13;&#10;&#13;&#10;&#9;}&#13;&#10;&#13;&#10;&#9;public boolean checkEndGame() {&#13;&#10;&#9;&#9;// checks the end of the game, default to true for testing, otherwise&#13;&#10;&#9;&#9;// false&#13;&#10;&#9;&#9;return gameState.isGameEndState();&#13;&#10;&#9;}&#13;&#10;&#13;&#10;&#9;public void updateMsgBar(String msg) {&#13;&#10;&#9;&#9;this.msgBar.setText(msg);&#13;&#10;&#9;}&#13;&#10;&#13;&#10;&#9;public void playRole(int roleNum) {&#13;&#10;&#9;&#9;//&#13;&#10;&#9;&#9;Player player = players.get(roleNum);&#13;&#10;&#9;&#9;String role = player.getRole();&#13;&#10;&#13;&#10;&#9;&#9;if (role.equals(PlayerRoles.Mayor)) {&#13;&#10;&#9;&#9;&#9;int colonists = gameState.getColonistsOnBoard();&#13;&#10;&#9;&#9;&#9;gameState.colonistsTotal = gameState.colonistsTotal - colonists;&#13;&#10;&#9;&#9;&#9;if(gameState.colonistsOnBoard&lt;= 0)&#13;&#10;&#9;&#9;&#9;&#9;gameState.isGameEndState = true;&#13;&#10;&#9;&#9;&#9;while (colonists &gt; 0) {&#13;&#10;&#13;&#10;&#9;&#9;&#9;&#9;player = players.get(roleNum);&#13;&#10;&#13;&#10;&#9;&#9;&#9;&#9;Object[] options = { &quot;Building&quot;, &quot;Plantation&quot;, &quot;Do Nothing&quot; };&#13;&#10;&#9;&#9;&#9;&#9;boolean selected = false;&#13;&#10;&#9;&#9;&#9;&#9;while (!selected) {&#13;&#10;&#9;&#9;&#9;&#9;&#9;int n = JOptionPane&#13;&#10;&#9;&#9;&#9;&#9;&#9;&#9;&#9;.showOptionDialog(&#13;&#10;&#9;&#9;&#9;&#9;&#9;&#9;&#9;&#9;&#9;this.mainframe,&#13;&#10;&#9;&#9;&#9;&#9;&#9;&#9;&#9;&#9;&#9;&quot;Give the colonosists a job! \nChoose a structure.&quot;,&#13;&#10;&#9;&#9;&#9;&#9;&#9;&#9;&#9;&#9;&#9;&quot;Player &quot; + roleNum,&#13;&#10;&#9;&#9;&#9;&#9;&#9;&#9;&#9;&#9;&#9;JOptionPane.YES_NO_CANCEL_OPTION,&#13;&#10;&#9;&#9;&#9;&#9;&#9;&#9;&#9;&#9;&#9;JOptionPane.QUESTION_MESSAGE, null,&#13;&#10;&#9;&#9;&#9;&#9;&#9;&#9;&#9;&#9;&#9;options, options[options.length - 1]);&#13;&#10;&#9;&#9;&#9;&#9;&#9;if (n == 0) {&#13;&#10;&#9;&#9;&#9;&#9;&#9;&#9;ArrayList&lt;String&gt; pBuildingsNames = (ArrayList&lt;String&gt;) player&#13;&#10;&#9;&#9;&#9;&#9;&#9;&#9;&#9;&#9;.getBuildingsStringList().clone();&#13;&#10;&#9;&#9;&#9;&#9;&#9;&#9;pBuildingsNames.add(&quot;Go Back&quot;);&#13;&#10;&#9;&#9;&#9;&#9;&#9;&#9;Object[] temp = pBuildingsNames.toArray();&#13;&#10;&#13;&#10;&#9;&#9;&#9;&#9;&#9;&#9;int buildingNum = JOptionPane&#13;&#10;&#9;&#9;&#9;&#9;&#9;&#9;&#9;&#9;.showOptionDialog(&#13;&#10;&#9;&#9;&#9;&#9;&#9;&#9;&#9;&#9;&#9;&#9;this.mainframe,&#13;&#10;&#9;&#9;&#9;&#9;&#9;&#9;&#9;&#9;&#9;&#9;&quot;Give the colonosists a job! \nChoose a building&quot;,&#13;&#10;&#9;&#9;&#9;&#9;&#9;&#9;&#9;&#9;&#9;&#9;&quot;Player &quot; + (roleNum),&#13;&#10;&#9;&#9;&#9;&#9;&#9;&#9;&#9;&#9;&#9;&#9;JOptionPane.YES_NO_CANCEL_OPTION,&#13;&#10;&#9;&#9;&#9;&#9;&#9;&#9;&#9;&#9;&#9;&#9;JOptionPane.QUESTION_MESSAGE, null,&#13;&#10;&#9;&#9;&#9;&#9;&#9;&#9;&#9;&#9;&#9;&#9;temp, null);&#13;&#10;&#9;&#9;&#9;&#9;&#9;&#9;if (buildingNum != temp.length - 1) {&#13;&#10;&#9;&#9;&#9;&#9;&#9;&#9;&#9;Building playerB = player.getBuildings().get(&#13;&#10;&#9;&#9;&#9;&#9;&#9;&#9;&#9;&#9;&#9;buildingNum);&#13;&#10;&#9;&#9;&#9;&#9;&#9;&#9;&#9;if (playerB.numberOfJobs &gt; playerB.numberOfWorkers) {&#13;&#10;&#9;&#9;&#9;&#9;&#9;&#9;&#9;&#9;player.getBuildings().get(buildingNum).numberOfWorkers++;&#13;&#10;&#9;&#9;&#9;&#9;&#9;&#9;&#9;&#9;selected = true;&#13;&#10;&#9;&#9;&#9;&#9;&#9;&#9;&#9;&#9;updateMsgBar(&quot;Player &quot; + roleNum&#13;&#10;&#9;&#9;&#9;&#9;&#9;&#9;&#9;&#9;&#9;&#9;+ &quot; added worker to building &quot;&#13;&#10;&#9;&#9;&#9;&#9;&#9;&#9;&#9;&#9;&#9;&#9;+ playerB.name);&#13;&#10;&#9;&#9;&#9;&#9;&#9;&#9;&#9;} else {&#13;&#10;&#9;&#9;&#9;&#9;&#9;&#9;&#9;&#9;updateMsgBar(&quot;Building &quot; + playerB.name&#13;&#10;&#9;&#9;&#9;&#9;&#9;&#9;&#9;&#9;&#9;&#9;+ &quot; is already full of workers.&quot;);&#13;&#10;&#9;&#9;&#9;&#9;&#9;&#9;&#9;}&#13;&#10;&#9;&#9;&#9;&#9;&#9;&#9;} else {&#13;&#10;&#13;&#10;&#9;&#9;&#9;&#9;&#9;&#9;&#9;updateMsgBar(&quot;Player &quot; + roleNum&#13;&#10;&#9;&#9;&#9;&#9;&#9;&#9;&#9;&#9;&#9;+ &quot; has no buildings&quot;);&#13;&#10;&#9;&#9;&#9;&#9;&#9;&#9;&#9;selected = false;&#13;&#10;&#9;&#9;&#9;&#9;&#9;&#9;}&#13;&#10;&#13;&#10;&#9;&#9;&#9;&#9;&#9;} else if (n == 1) {&#13;&#10;&#9;&#9;&#9;&#9;&#9;&#9;ArrayList&lt;String&gt; pPlantations = (ArrayList&lt;String&gt;) player&#13;&#10;&#9;&#9;&#9;&#9;&#9;&#9;&#9;&#9;.getPlantationsStringList().clone();&#13;&#10;&#9;&#9;&#9;&#9;&#9;&#9;pPlantations.add(&quot;Go Back&quot;);&#13;&#10;&#9;&#9;&#9;&#9;&#9;&#9;Object[] temp = pPlantations.toArray();&#13;&#10;&#13;&#10;&#9;&#9;&#9;&#9;&#9;&#9;int plantationNum = JOptionPane&#13;&#10;&#9;&#9;&#9;&#9;&#9;&#9;&#9;&#9;.showOptionDialog(&#13;&#10;&#9;&#9;&#9;&#9;&#9;&#9;&#9;&#9;&#9;&#9;this.mainframe,&#13;&#10;&#9;&#9;&#9;&#9;&#9;&#9;&#9;&#9;&#9;&#9;&quot;Give the colonosists a job! \nChoose a plantation&quot;,&#13;&#10;&#9;&#9;&#9;&#9;&#9;&#9;&#9;&#9;&#9;&#9;&quot;Player &quot; + (roleNum),&#13;&#10;&#9;&#9;&#9;&#9;&#9;&#9;&#9;&#9;&#9;&#9;JOptionPane.YES_NO_CANCEL_OPTION,&#13;&#10;&#9;&#9;&#9;&#9;&#9;&#9;&#9;&#9;&#9;&#9;JOptionPane.QUESTION_MESSAGE, null,&#13;&#10;&#9;&#9;&#9;&#9;&#9;&#9;&#9;&#9;&#9;&#9;temp, null);&#13;&#10;&#9;&#9;&#9;&#9;&#9;&#9;if (plantationNum != temp.length - 1) {&#13;&#10;&#9;&#9;&#9;&#9;&#9;&#9;&#9;Plantation pPlantation = player.getPlantations()&#13;&#10;&#9;&#9;&#9;&#9;&#9;&#9;&#9;&#9;&#9;.get(plantationNum);&#13;&#10;&#9;&#9;&#9;&#9;&#9;&#9;&#9;if (pPlantation.hasWorker) {&#13;&#10;&#9;&#9;&#9;&#9;&#9;&#9;&#9;&#9;updateMsgBar(&quot;Plantation already has a worker.&quot;);&#13;&#10;&#9;&#9;&#9;&#9;&#9;&#9;&#9;} else {&#13;&#10;&#9;&#9;&#9;&#9;&#9;&#9;&#9;&#9;pPlantation.hasWorker = true;&#13;&#10;&#9;&#9;&#9;&#9;&#9;&#9;&#9;&#9;selected = true;&#13;&#10;&#9;&#9;&#9;&#9;&#9;&#9;&#9;&#9;updateMsgBar(&quot;Player &quot; + roleNum&#13;&#10;&#9;&#9;&#9;&#9;&#9;&#9;&#9;&#9;&#9;&#9;+ &quot; added worker to plantation&quot;);&#13;&#10;&#9;&#9;&#9;&#9;&#9;&#9;&#9;}&#13;&#10;&#9;&#9;&#9;&#9;&#9;&#9;} else {&#13;&#10;&#13;&#10;&#9;&#9;&#9;&#9;&#9;&#9;&#9;updateMsgBar(&quot;Player &quot; + roleNum&#13;&#10;&#9;&#9;&#9;&#9;&#9;&#9;&#9;&#9;&#9;+ &quot; has no plantions&quot;);&#13;&#10;&#9;&#9;&#9;&#9;&#9;&#9;&#9;selected = false;&#13;&#10;&#9;&#9;&#9;&#9;&#9;&#9;}&#13;&#10;&#9;&#9;&#9;&#9;&#9;} else {&#13;&#10;&#9;&#9;&#9;&#9;&#9;&#9;// Do nothing&#13;&#10;&#9;&#9;&#9;&#9;&#9;&#9;selected = true;&#13;&#10;&#9;&#9;&#9;&#9;&#9;}&#13;&#10;&#13;&#10;&#9;&#9;&#9;&#9;&#9;player.updatePlayerInfo();&#13;&#10;&#9;&#9;&#9;&#9;}&#13;&#10;&#9;&#9;&#9;&#9;roleNum = (roleNum + 1) % players.size();&#13;&#10;&#9;&#9;&#9;&#9;colonists--;&#13;&#10;&#13;&#10;&#9;&#9;&#9;}&#13;&#10;&#9;&#9;} else if (role.equals(PlayerRoles.Builder)) {&#13;&#10;&#9;&#9;&#9;player.setDoubloons(player.getDoubloons() + 1);&#13;&#10;&#9;&#9;&#9;Buildings b = new Buildings();&#13;&#10;&#13;&#10;&#9;&#9;&#9;for (int i = 0; i &lt; players.size(); i++) {&#13;&#10;&#9;&#9;&#9;&#9;player = players.get(roleNum);&#13;&#10;&#9;&#9;&#9;&#9;System.out.println(roleNum);&#13;&#10;&#13;&#10;&#9;&#9;&#9;&#9;ArrayList&lt;Building&gt; bs = b.getBuildings();&#13;&#10;&#9;&#9;&#9;&#9;ArrayList&lt;String&gt; bNames = new ArrayList&lt;String&gt;();&#13;&#10;&#9;&#9;&#9;&#9;for (Building building : bs) {&#13;&#10;&#9;&#9;&#9;&#9;&#9;if (building.cost &lt;= player.getDoubloons()) {&#13;&#10;&#9;&#9;&#9;&#9;&#9;&#9;bNames.add(building.name);&#13;&#10;&#9;&#9;&#9;&#9;&#9;}&#13;&#10;&#9;&#9;&#9;&#9;}&#13;&#10;&#9;&#9;&#9;&#9;bNames.add(&quot;Nothing&quot;);&#13;&#10;&#9;&#9;&#9;&#9;Object[] options = bNames.toArray();&#13;&#10;&#13;&#10;&#9;&#9;&#9;&#9;// player = player.next at the end&#13;&#10;&#9;&#9;&#9;&#9;int n = JOptionPane.showOptionDialog(this.mainframe,&#13;&#10;&#9;&#9;&#9;&#9;&#9;&#9;&quot;Choose a building to build!&quot;, &quot;Player &quot; + (roleNum),&#13;&#10;&#9;&#9;&#9;&#9;&#9;&#9;JOptionPane.YES_NO_CANCEL_OPTION,&#13;&#10;&#9;&#9;&#9;&#9;&#9;&#9;JOptionPane.QUESTION_MESSAGE, null, options,&#13;&#10;&#9;&#9;&#9;&#9;&#9;&#9;options[options.length - 1]);&#13;&#10;&#9;&#9;&#9;&#9;if (n != bNames.size() - 1) {&#13;&#10;&#9;&#9;&#9;&#9;&#9;Building selectedB = new Building(bNames.get(n));&#13;&#10;&#9;&#9;&#9;&#9;&#9;player.addBuilding(selectedB);&#13;&#10;&#9;&#9;&#9;&#9;&#9;if (player.ownsOccupiedBuilding(&quot;University&quot;)) {&#13;&#10;&#9;&#9;&#9;&#9;&#9;&#9;player.getBuilding(&quot;University&quot;).numberOfWorkers++;&#13;&#10;&#9;&#9;&#9;&#9;&#9;&#9;this.gameState.colonistsTotal--;&#13;&#10;&#9;&#9;&#9;&#9;&#9;}&#13;&#10;&#9;&#9;&#9;&#9;&#9;if (player.getBuildings().size() &gt;= 12) {&#13;&#10;&#9;&#9;&#9;&#9;&#9;&#9;this.gameState.isGameEndState = true;&#13;&#10;&#9;&#9;&#9;&#9;&#9;}&#13;&#10;&#9;&#9;&#9;&#9;&#9;player.setDoubloons(player.getDoubloons() - selectedB.cost);&#13;&#10;&#9;&#9;&#9;&#9;}&#13;&#10;&#9;&#9;&#9;&#9;// Adds +1 to the player's doubloons if the role was not used in&#13;&#10;&#9;&#9;&#9;&#9;// previous 3 turns&#13;&#10;&#9;&#9;&#9;&#9;player.updatePlayerInfo();&#13;&#10;&#9;&#9;&#9;&#9;roleNum = (roleNum + 1) % players.size();&#13;&#10;&#13;&#10;&#9;&#9;&#9;}&#13;&#10;&#9;&#9;} else if (role.equals(PlayerRoles.Settler)) {&#13;&#10;&#9;&#9;&#9;// DONE: kurian&#13;&#10;&#9;&#9;&#9;List&lt;String&gt; plantationNames = player.getAllGoods();&#13;&#10;&#9;&#9;&#9;plantationNames.add(&quot;Nothing&quot;);&#13;&#10;&#9;&#9;&#9;Object[] options = plantationNames.toArray();&#13;&#10;&#9;&#9;&#9;// Settler picks one more plantation&#13;&#10;&#9;&#9;&#9;for (int i = 0; i &lt;= players.size(); i++) {&#13;&#10;&#13;&#10;&#9;&#9;&#9;&#9;player = players.get(roleNum);&#13;&#10;&#13;&#10;&#9;&#9;&#9;&#9;if (player.ownsOccupiedBuilding(&quot;Construction Hut&quot;)) {&#13;&#10;&#9;&#9;&#9;&#9;&#9;// give option to place quarry, but if chooses quarry, you&#13;&#10;&#9;&#9;&#9;&#9;&#9;// can't get plantation&#13;&#10;&#9;&#9;&#9;&#9;}&#13;&#10;&#13;&#10;&#9;&#9;&#9;&#9;if (player.ownsOccupiedBuilding(&quot;Hacienda&quot;)) {&#13;&#10;&#9;&#9;&#9;&#9;&#9;// give option to add another plantion here!!&#13;&#10;&#9;&#9;&#9;&#9;}&#13;&#10;&#9;&#9;&#9;&#9;// player = player.next at the end&#13;&#10;&#9;&#9;&#9;&#9;int n = JOptionPane.showOptionDialog(this.mainframe,&#13;&#10;&#9;&#9;&#9;&#9;&#9;&#9;&quot;Choose a Good to harvest!&quot;, &quot;Player &quot; + (roleNum),&#13;&#10;&#9;&#9;&#9;&#9;&#9;&#9;JOptionPane.YES_NO_CANCEL_OPTION,&#13;&#10;&#9;&#9;&#9;&#9;&#9;&#9;JOptionPane.QUESTION_MESSAGE, null, options,&#13;&#10;&#9;&#9;&#9;&#9;&#9;&#9;options[options.length - 1]);&#13;&#10;&#9;&#9;&#9;&#9;System.out.println(plantationNames.get(n));&#13;&#10;&#9;&#9;&#9;&#9;if (n != plantationNames.size() - 1) {&#13;&#10;&#9;&#9;&#9;&#9;&#9;player.addPlantations(new Plantation(&#13;&#10;&#9;&#9;&#9;&#9;&#9;&#9;&#9;plantationNames.get(n), false));&#13;&#10;&#9;&#9;&#9;&#9;&#9;updateMsgBar(&quot;Player &quot; + roleNum + &quot; added plantation&quot;&#13;&#10;&#9;&#9;&#9;&#9;&#9;&#9;&#9;+ plantationNames.get(n));&#13;&#10;&#9;&#9;&#9;&#9;}&#13;&#10;&#9;&#9;&#9;&#9;if (player.ownsOccupiedBuilding(&quot;Hospice&quot;)) {&#13;&#10;&#9;&#9;&#9;&#9;&#9;// give option to take colonist form supply and put it here&#13;&#10;&#9;&#9;&#9;&#9;&#9;Object[] yesNo = { &quot;Yes&quot;, &quot;No&quot; };&#13;&#10;&#9;&#9;&#9;&#9;&#9;int answ = JOptionPane&#13;&#10;&#9;&#9;&#9;&#9;&#9;&#9;&#9;.showOptionDialog(&#13;&#10;&#9;&#9;&#9;&#9;&#9;&#9;&#9;&#9;&#9;this.mainframe,&#13;&#10;&#9;&#9;&#9;&#9;&#9;&#9;&#9;&#9;&#9;&quot;Would you like to place a colonist at your Hospice?&quot;,&#13;&#10;&#9;&#9;&#9;&#9;&#9;&#9;&#9;&#9;&#9;&quot;Player &quot; + (roleNum),&#13;&#10;&#9;&#9;&#9;&#9;&#9;&#9;&#9;&#9;&#9;JOptionPane.YES_NO_CANCEL_OPTION,&#13;&#10;&#9;&#9;&#9;&#9;&#9;&#9;&#9;&#9;&#9;JOptionPane.QUESTION_MESSAGE, null, yesNo,&#13;&#10;&#9;&#9;&#9;&#9;&#9;&#9;&#9;&#9;&#9;yesNo[yesNo.length - 1]);&#13;&#10;&#9;&#9;&#9;&#9;&#9;if (answ == 1) {&#13;&#10;&#9;&#9;&#9;&#9;&#9;&#9;player.getBuilding(&quot;Hospice&quot;).numberOfWorkers++;&#13;&#10;&#9;&#9;&#9;&#9;&#9;&#9;this.gameState.colonistsTotal--;&#13;&#10;&#9;&#9;&#9;&#9;&#9;}&#13;&#10;&#13;&#10;&#9;&#9;&#9;&#9;}&#13;&#10;&#9;&#9;&#9;&#9;// Adds +1 to the player's doubloons if the role was not used in&#13;&#10;&#9;&#9;&#9;&#9;// previous 3 turns&#13;&#10;&#9;&#9;&#9;&#9;player.updatePlayerInfo();&#13;&#10;&#9;&#9;&#9;&#9;roleNum = (roleNum + 1) % players.size();&#13;&#10;&#9;&#9;&#9;}&#13;&#10;&#9;&#9;} else if (role.equals(PlayerRoles.Craftsman)) {&#13;&#10;&#9;&#9;&#9;// DONE: kurian&#13;&#10;&#9;&#9;&#9;for (int i = 0; i &lt; players.size(); i++) {&#13;&#10;&#13;&#10;&#9;&#9;&#9;&#9;player = players.get(roleNum);&#13;&#10;&#9;&#9;&#9;&#9;player.checkPlantation();&#13;&#10;&#13;&#10;&#9;&#9;&#9;&#9;// factory addition&#13;&#10;&#9;&#9;&#9;&#9;if (player.ownsOccupiedBuilding(&quot;Factory&quot;)) {&#13;&#10;&#9;&#9;&#9;&#9;&#9;if (player.getPlantations().size() == 2) {&#13;&#10;&#9;&#9;&#9;&#9;&#9;&#9;player.setDoubloons(player.getDoubloons() + 1);&#13;&#10;&#9;&#9;&#9;&#9;&#9;} else if (player.getPlantations().size() == 3) {&#13;&#10;&#9;&#9;&#9;&#9;&#9;&#9;player.setDoubloons(player.getDoubloons() + 2);&#13;&#10;&#9;&#9;&#9;&#9;&#9;} else if (player.getPlantations().size() == 4) {&#13;&#10;&#9;&#9;&#9;&#9;&#9;&#9;player.setDoubloons(player.getDoubloons() + 3);&#13;&#10;&#9;&#9;&#9;&#9;&#9;} else if (player.getPlantations().size() == 5) {&#13;&#10;&#9;&#9;&#9;&#9;&#9;&#9;player.setDoubloons(player.getDoubloons() + 5);&#13;&#10;&#9;&#9;&#9;&#9;&#9;}&#13;&#10;&#9;&#9;&#9;&#9;}&#13;&#10;&#13;&#10;&#9;&#9;&#9;&#9;player.updatePlayerInfo();&#13;&#10;&#9;&#9;&#9;&#9;roleNum = (roleNum + 1) % players.size();&#13;&#10;&#13;&#10;&#9;&#9;&#9;}&#13;&#10;&#13;&#10;&#9;&#9;} else if (role.equals(PlayerRoles.Trader)) {&#13;&#10;&#9;&#9;&#9;//&#13;&#10;&#9;&#9;&#9;for (int i = 0; i &lt; players.size(); i++) {&#13;&#10;&#13;&#10;&#9;&#9;&#9;&#9;player = players.get(roleNum);&#13;&#10;&#13;&#10;&#9;&#9;&#9;&#9;// small market additions&#13;&#10;&#9;&#9;&#9;&#9;if (player.ownsOccupiedBuilding(&quot;Small Market&quot;)) {&#13;&#10;&#9;&#9;&#9;&#9;&#9;player.setDoubloons(player.getDoubloons() + 1);&#13;&#10;&#9;&#9;&#9;&#9;}&#13;&#10;&#13;&#10;&#9;&#9;&#9;&#9;// large market additions&#13;&#10;&#9;&#9;&#9;&#9;if (player.ownsOccupiedBuilding(&quot;Large Market&quot;)) {&#13;&#10;&#9;&#9;&#9;&#9;&#9;player.setDoubloons(player.getDoubloons() + 2);&#13;&#10;&#9;&#9;&#9;&#9;}&#13;&#10;&#13;&#10;&#9;&#9;&#9;&#9;if (player.ownsOccupiedBuilding(&quot;Office&quot;)) {&#13;&#10;&#9;&#9;&#9;&#9;&#9;// player can sell same kind of good to the trading house??&#13;&#10;&#9;&#9;&#9;&#9;}&#13;&#10;&#9;&#9;&#9;&#9;ArrayList&lt;String&gt; goodList = new ArrayList&lt;String&gt;();&#13;&#10;&#9;&#9;&#9;&#9;for (String s : player.getAllGoods()) {&#13;&#10;&#9;&#9;&#9;&#9;&#9;int n = player.getNumberOfGood(s);&#13;&#10;&#9;&#9;&#9;&#9;&#9;if (n &gt; 0) {&#13;&#10;&#9;&#9;&#9;&#9;&#9;&#9;goodList.add(s);&#13;&#10;&#9;&#9;&#9;&#9;&#9;}&#13;&#10;&#9;&#9;&#9;&#9;}&#13;&#10;&#9;&#9;&#9;&#9;goodList.add(&quot;Nothing&quot;);&#13;&#10;&#9;&#9;&#9;&#9;Object[] options = goodList.toArray();&#13;&#10;&#13;&#10;&#9;&#9;&#9;&#9;int n = JOptionPane.showOptionDialog(this.mainframe,&#13;&#10;&#9;&#9;&#9;&#9;&#9;&#9;&quot;Choose a Good to trade!&quot;, &quot;Player &quot; + (roleNum),&#13;&#10;&#9;&#9;&#9;&#9;&#9;&#9;JOptionPane.YES_NO_CANCEL_OPTION,&#13;&#10;&#9;&#9;&#9;&#9;&#9;&#9;JOptionPane.QUESTION_MESSAGE, null, options,&#13;&#10;&#9;&#9;&#9;&#9;&#9;&#9;options[options.length - 1]);&#13;&#10;&#9;&#9;&#9;&#9;if (n != goodList.size() - 1) {&#13;&#10;&#9;&#9;&#9;&#9;&#9;if (goodList.get(n).equals(Good.COFFEE)) {&#13;&#10;&#9;&#9;&#9;&#9;&#9;&#9;player.setDoubloons(player.getDoubloons() + 4);&#13;&#10;&#9;&#9;&#9;&#9;&#9;&#9;player.sellGood(Good.COFFEE, 1);&#13;&#10;&#9;&#9;&#9;&#9;&#9;} else if (goodList.get(n).equals(Good.CORN)) {&#13;&#10;&#9;&#9;&#9;&#9;&#9;&#9;player.sellGood(Good.CORN, 1);&#13;&#10;&#9;&#9;&#9;&#9;&#9;} else if (goodList.get(n).equals(Good.INDIGO)) {&#13;&#10;&#9;&#9;&#9;&#9;&#9;&#9;player.setDoubloons(player.getDoubloons() + 1);&#13;&#10;&#9;&#9;&#9;&#9;&#9;&#9;player.sellGood(Good.INDIGO, 1);&#13;&#10;&#9;&#9;&#9;&#9;&#9;} else if (goodList.get(n).equals(Good.SUGAR)) {&#13;&#10;&#9;&#9;&#9;&#9;&#9;&#9;player.setDoubloons(player.getDoubloons() + 2);&#13;&#10;&#9;&#9;&#9;&#9;&#9;&#9;player.sellGood(Good.SUGAR, 1);&#13;&#10;&#9;&#9;&#9;&#9;&#9;} else if (goodList.get(n).equals(Good.TOBACCO)) {&#13;&#10;&#9;&#9;&#9;&#9;&#9;&#9;player.setDoubloons(player.getDoubloons() + 3);&#13;&#10;&#9;&#9;&#9;&#9;&#9;&#9;player.sellGood(Good.TOBACCO, 1);&#13;&#10;&#9;&#9;&#9;&#9;&#9;}&#13;&#10;&#9;&#9;&#9;&#9;}&#13;&#10;&#9;&#9;&#9;&#9;// Adds +1 to the player's doubloons if the role was not used in&#13;&#10;&#9;&#9;&#9;&#9;// previous 3 turns&#13;&#10;&#9;&#9;&#9;&#9;player.updatePlayerInfo();&#13;&#10;&#9;&#9;&#9;&#9;roleNum = (roleNum + 1) % players.size();&#13;&#10;&#13;&#10;&#9;&#9;&#9;}&#13;&#10;&#9;&#9;} else if (role.equals(PlayerRoles.Captain)) {&#13;&#10;&#13;&#10;&#9;&#9;&#9;while (gameState.isAbleToAddGood()) {&#13;&#10;&#9;&#9;&#9;&#9;player = players.get(roleNum);&#13;&#10;&#9;&#9;&#9;&#9;if (gameState.isAbleToAddGood(player)) {&#13;&#10;&#9;&#9;&#9;&#9;&#9;ArrayList&lt;String&gt; goodList = new ArrayList&lt;String&gt;();&#13;&#10;&#9;&#9;&#9;&#9;&#9;for (String s : player.getAllGoods()) {&#13;&#10;&#9;&#9;&#9;&#9;&#9;&#9;int n = player.getNumberOfGood(s);&#13;&#10;&#9;&#9;&#9;&#9;&#9;&#9;if (n &gt; 0) {&#13;&#10;&#9;&#9;&#9;&#9;&#9;&#9;&#9;goodList.add(s);&#13;&#10;&#9;&#9;&#9;&#9;&#9;&#9;}&#13;&#10;&#9;&#9;&#9;&#9;&#9;}&#13;&#10;&#9;&#9;&#9;&#9;&#9;boolean selected = false;&#13;&#10;&#13;&#10;&#9;&#9;&#9;&#9;&#9;Object[] options = goodList.toArray();&#13;&#10;&#9;&#9;&#9;&#9;&#9;while (!selected) {&#13;&#10;&#9;&#9;&#9;&#9;&#9;&#9;int good = JOptionPane.showOptionDialog(this.mainframe,&#13;&#10;&#9;&#9;&#9;&#9;&#9;&#9;&#9;&#9;&quot;Choose a good to ship!&quot;,&#13;&#10;&#9;&#9;&#9;&#9;&#9;&#9;&#9;&#9;&quot;Player &quot; + (roleNum),&#13;&#10;&#9;&#9;&#9;&#9;&#9;&#9;&#9;&#9;JOptionPane.YES_NO_CANCEL_OPTION,&#13;&#10;&#9;&#9;&#9;&#9;&#9;&#9;&#9;&#9;JOptionPane.QUESTION_MESSAGE, null, options,&#13;&#10;&#9;&#9;&#9;&#9;&#9;&#9;&#9;&#9;options[options.length - 1]);&#13;&#10;&#13;&#10;&#9;&#9;&#9;&#9;&#9;&#9;Object[] shipOptions = new Object[3];&#13;&#10;&#9;&#9;&#9;&#9;&#9;&#9;shipOptions[0] = 4;&#13;&#10;&#9;&#9;&#9;&#9;&#9;&#9;shipOptions[1] = 5;&#13;&#10;&#9;&#9;&#9;&#9;&#9;&#9;shipOptions[2] = 6;&#13;&#10;&#13;&#10;&#9;&#9;&#9;&#9;&#9;&#9;System.out.println(&quot;selecting ship&quot;);&#13;&#10;&#9;&#9;&#9;&#9;&#9;&#9;int ship = JOptionPane.showOptionDialog(this.mainframe,&#13;&#10;&#9;&#9;&#9;&#9;&#9;&#9;&#9;&#9;&quot;Choose a cargo ship to put good!&quot;, &quot;Player &quot;&#13;&#10;&#9;&#9;&#9;&#9;&#9;&#9;&#9;&#9;&#9;&#9;+ (roleNum),&#13;&#10;&#9;&#9;&#9;&#9;&#9;&#9;&#9;&#9;JOptionPane.YES_NO_CANCEL_OPTION,&#13;&#10;&#9;&#9;&#9;&#9;&#9;&#9;&#9;&#9;JOptionPane.QUESTION_MESSAGE, null,&#13;&#10;&#9;&#9;&#9;&#9;&#9;&#9;&#9;&#9;shipOptions,&#13;&#10;&#9;&#9;&#9;&#9;&#9;&#9;&#9;&#9;shipOptions[shipOptions.length - 1]);&#13;&#10;&#9;&#9;&#9;&#9;&#9;&#9;String goodString = (String) options[good];&#13;&#10;&#9;&#9;&#9;&#9;&#9;&#9;int goodCount = player.getNumberOfGood(goodString);&#13;&#10;&#13;&#10;&#9;&#9;&#9;&#9;&#9;&#9;int leftOver = this.gameState.addGoodToCargoShip(&#13;&#10;&#9;&#9;&#9;&#9;&#9;&#9;&#9;&#9;(int) shipOptions[ship], goodCount, goodString);&#13;&#10;&#9;&#9;&#9;&#9;&#9;&#9;if (leftOver != -99) {&#13;&#10;&#9;&#9;&#9;&#9;&#9;&#9;&#9;player.addGood(goodString, leftOver);&#13;&#10;&#9;&#9;&#9;&#9;&#9;&#9;&#9;player.sellGood(goodString, goodCount - leftOver);&#13;&#10;&#9;&#9;&#9;&#9;&#9;&#9;&#9;player.addPoints(goodCount - leftOver);&#13;&#10;&#9;&#9;&#9;&#9;&#9;&#9;&#9;gameState.victoryPoints = gameState.victoryPoints&#13;&#10;&#9;&#9;&#9;&#9;&#9;&#9;&#9;&#9;&#9;- (goodCount - leftOver);&#13;&#10;&#9;&#9;&#9;&#9;&#9;&#9;&#9;if (player.ownsOccupiedBuilding(&quot;Harbor&quot;)) {&#13;&#10;&#9;&#9;&#9;&#9;&#9;&#9;&#9;&#9;player.addPoints(1);&#13;&#10;&#9;&#9;&#9;&#9;&#9;&#9;&#9;&#9;gameState.victoryPoints--;&#13;&#10;&#9;&#9;&#9;&#9;&#9;&#9;&#9;}&#13;&#10;&#9;&#9;&#9;&#9;&#9;&#9;&#9;selected = true;&#13;&#10;&#9;&#9;&#9;&#9;&#9;&#9;} else {&#13;&#10;&#9;&#9;&#9;&#9;&#9;&#9;&#9;updateMsgBar(&quot;The ship you selected is invalid. Choose a different ship!&quot;);&#13;&#10;&#9;&#9;&#9;&#9;&#9;&#9;}&#13;&#10;&#9;&#9;&#9;&#9;&#9;}&#13;&#10;&#9;&#9;&#9;&#9;}&#13;&#10;&#13;&#10;&#9;&#9;&#9;&#9;updateGameStateDisplay();&#13;&#10;&#13;&#10;&#9;&#9;&#9;&#9;player.updatePlayerInfo();&#13;&#10;&#9;&#9;&#9;&#9;roleNum = (roleNum + 1) % players.size();&#13;&#10;&#13;&#10;&#9;&#9;&#9;}&#13;&#10;&#9;&#9;&#9;if (gameState.victoryPoints &lt;= 0) {&#13;&#10;&#9;&#9;&#9;&#9;gameState.isGameEndState = true;&#13;&#10;&#9;&#9;&#9;}&#13;&#10;&#9;&#9;&#9;// warehouse stuff&#13;&#10;&#9;&#9;&#9;for (int j = 0; j &lt; players.size(); j++) {&#13;&#10;&#9;&#9;&#9;&#9;player = players.get(roleNum);&#13;&#10;&#13;&#10;&#9;&#9;&#9;&#9;ArrayList&lt;String&gt; goodList = new ArrayList&lt;String&gt;();&#13;&#10;&#9;&#9;&#9;&#9;for (String s : player.getAllGoods()) {&#13;&#10;&#9;&#9;&#9;&#9;&#9;int n = player.getNumberOfGood(s);&#13;&#10;&#9;&#9;&#9;&#9;&#9;if (n &gt; 0) {&#13;&#10;&#9;&#9;&#9;&#9;&#9;&#9;goodList.add(s);&#13;&#10;&#9;&#9;&#9;&#9;&#9;}&#13;&#10;&#9;&#9;&#9;&#9;}&#13;&#10;&#9;&#9;&#9;&#9;goodList.add(&quot;Nothing&quot;);&#13;&#10;&#9;&#9;&#9;&#9;Object[] options = goodList.toArray();&#13;&#10;&#13;&#10;&#9;&#9;&#9;&#9;ArrayList&lt;String&gt; storeGood = new ArrayList&lt;String&gt;();&#13;&#10;&#9;&#9;&#9;&#9;int good = JOptionPane.showOptionDialog(this.mainframe,&#13;&#10;&#9;&#9;&#9;&#9;&#9;&#9;&quot;Choose a good to store!&quot;, &quot;Player &quot; + (roleNum),&#13;&#10;&#9;&#9;&#9;&#9;&#9;&#9;JOptionPane.YES_NO_CANCEL_OPTION,&#13;&#10;&#9;&#9;&#9;&#9;&#9;&#9;JOptionPane.QUESTION_MESSAGE, null, options,&#13;&#10;&#9;&#9;&#9;&#9;&#9;&#9;options[options.length - 1]);&#13;&#10;&#13;&#10;&#9;&#9;&#9;&#9;if (good != options.length - 1) {&#13;&#10;&#9;&#9;&#9;&#9;&#9;String goodString = (String) options[good];&#13;&#10;&#9;&#9;&#9;&#9;&#9;storeGood.add(goodString);&#13;&#10;&#9;&#9;&#9;&#9;&#9;player.sellGood(goodString, 1);&#13;&#10;&#9;&#9;&#9;&#9;}&#13;&#10;&#13;&#10;&#9;&#9;&#9;&#9;if (player.ownsOccupiedBuilding(&quot;Large Warehouse&quot;)) {&#13;&#10;&#9;&#9;&#9;&#9;&#9;goodList = new ArrayList&lt;String&gt;();&#13;&#10;&#9;&#9;&#9;&#9;&#9;for (String s : player.getAllGoods()) {&#13;&#10;&#9;&#9;&#9;&#9;&#9;&#9;int n = player.getNumberOfGood(s);&#13;&#10;&#9;&#9;&#9;&#9;&#9;&#9;if (n &gt; 0) {&#13;&#10;&#9;&#9;&#9;&#9;&#9;&#9;&#9;goodList.add(s);&#13;&#10;&#9;&#9;&#9;&#9;&#9;&#9;}&#13;&#10;&#9;&#9;&#9;&#9;&#9;}&#13;&#10;&#9;&#9;&#9;&#9;&#9;goodList.add(&quot;Nothing&quot;);&#13;&#10;&#9;&#9;&#9;&#9;&#9;options = goodList.toArray();&#13;&#10;&#9;&#9;&#9;&#9;&#9;int firstGood = JOptionPane.showOptionDialog(&#13;&#10;&#9;&#9;&#9;&#9;&#9;&#9;&#9;this.mainframe, &quot;Choose a good to store!&quot;,&#13;&#10;&#9;&#9;&#9;&#9;&#9;&#9;&#9;&quot;Player &quot; + (roleNum),&#13;&#10;&#9;&#9;&#9;&#9;&#9;&#9;&#9;JOptionPane.YES_NO_CANCEL_OPTION,&#13;&#10;&#9;&#9;&#9;&#9;&#9;&#9;&#9;JOptionPane.QUESTION_MESSAGE, null, options,&#13;&#10;&#9;&#9;&#9;&#9;&#9;&#9;&#9;options[options.length - 1]);&#13;&#10;&#9;&#9;&#9;&#9;&#9;if (firstGood != options.length - 1) {&#13;&#10;&#9;&#9;&#9;&#9;&#9;&#9;String goodString = (String) options[firstGood];&#13;&#10;&#9;&#9;&#9;&#9;&#9;&#9;storeGood.add(goodString);&#13;&#10;&#9;&#9;&#9;&#9;&#9;&#9;player.sellGood(goodString, 1);&#13;&#10;&#9;&#9;&#9;&#9;&#9;&#9;player.getBuilding(&quot;Large Warehouse&quot;).storedGood = options[firstGood]&#13;&#10;&#9;&#9;&#9;&#9;&#9;&#9;&#9;&#9;.toString();&#13;&#10;&#9;&#9;&#9;&#9;&#9;&#9;player.getBuilding(&quot;Large Warehouse&quot;).amountOfStoredGood++;&#13;&#10;&#9;&#9;&#9;&#9;&#9;}&#13;&#10;&#9;&#9;&#9;&#9;&#9;goodList = new ArrayList&lt;String&gt;();&#13;&#10;&#9;&#9;&#9;&#9;&#9;for (String s : player.getAllGoods()) {&#13;&#10;&#9;&#9;&#9;&#9;&#9;&#9;int n = player.getNumberOfGood(s);&#13;&#10;&#9;&#9;&#9;&#9;&#9;&#9;if (n &gt; 0) {&#13;&#10;&#9;&#9;&#9;&#9;&#9;&#9;&#9;goodList.add(s);&#13;&#10;&#9;&#9;&#9;&#9;&#9;&#9;}&#13;&#10;&#9;&#9;&#9;&#9;&#9;}&#13;&#10;&#9;&#9;&#9;&#9;&#9;goodList.add(&quot;Nothing&quot;);&#13;&#10;&#9;&#9;&#9;&#9;&#9;options = goodList.toArray();&#13;&#10;&#9;&#9;&#9;&#9;&#9;int secondGood = JOptionPane.showOptionDialog(&#13;&#10;&#9;&#9;&#9;&#9;&#9;&#9;&#9;this.mainframe, &quot;Choose a good to store!&quot;,&#13;&#10;&#9;&#9;&#9;&#9;&#9;&#9;&#9;&quot;Player &quot; + (roleNum),&#13;&#10;&#9;&#9;&#9;&#9;&#9;&#9;&#9;JOptionPane.YES_NO_CANCEL_OPTION,&#13;&#10;&#9;&#9;&#9;&#9;&#9;&#9;&#9;JOptionPane.QUESTION_MESSAGE, null, options,&#13;&#10;&#9;&#9;&#9;&#9;&#9;&#9;&#9;options[options.length - 1]);&#13;&#10;&#13;&#10;&#9;&#9;&#9;&#9;&#9;if (secondGood != options.length - 1) {&#13;&#10;&#9;&#9;&#9;&#9;&#9;&#9;String goodString = (String) options[secondGood];&#13;&#10;&#9;&#9;&#9;&#9;&#9;&#9;storeGood.add(goodString);&#13;&#10;&#9;&#9;&#9;&#9;&#9;&#9;player.sellGood(goodString, 1);&#13;&#10;&#9;&#9;&#9;&#9;&#9;&#9;player.getBuilding(&quot;Large Warehouse&quot;).storedGood = options[secondGood]&#13;&#10;&#9;&#9;&#9;&#9;&#9;&#9;&#9;&#9;.toString();&#13;&#10;&#9;&#9;&#9;&#9;&#9;&#9;player.getBuilding(&quot;Large Warehouse&quot;).amountOfStoredGood++;&#13;&#10;&#9;&#9;&#9;&#9;&#9;}&#13;&#10;&#9;&#9;&#9;&#9;}&#13;&#10;&#9;&#9;&#9;&#9;if (player.ownsOccupiedBuilding(&quot;Small Warehouse&quot;)) {&#13;&#10;&#9;&#9;&#9;&#9;&#9;goodList = new ArrayList&lt;String&gt;();&#13;&#10;&#9;&#9;&#9;&#9;&#9;for (String s : player.getAllGoods()) {&#13;&#10;&#9;&#9;&#9;&#9;&#9;&#9;int n = player.getNumberOfGood(s);&#13;&#10;&#9;&#9;&#9;&#9;&#9;&#9;if (n &gt; 0) {&#13;&#10;&#9;&#9;&#9;&#9;&#9;&#9;&#9;goodList.add(s);&#13;&#10;&#9;&#9;&#9;&#9;&#9;&#9;}&#13;&#10;&#9;&#9;&#9;&#9;&#9;}&#13;&#10;&#9;&#9;&#9;&#9;&#9;goodList.add(&quot;Nothing&quot;);&#13;&#10;&#9;&#9;&#9;&#9;&#9;options = goodList.toArray();&#13;&#10;&#9;&#9;&#9;&#9;&#9;int g = JOptionPane.showOptionDialog(this.mainframe,&#13;&#10;&#9;&#9;&#9;&#9;&#9;&#9;&#9;&quot;Choose a good to store!&quot;, &quot;Player &quot; + (roleNum),&#13;&#10;&#9;&#9;&#9;&#9;&#9;&#9;&#9;JOptionPane.YES_NO_CANCEL_OPTION,&#13;&#10;&#9;&#9;&#9;&#9;&#9;&#9;&#9;JOptionPane.QUESTION_MESSAGE, null, options,&#13;&#10;&#9;&#9;&#9;&#9;&#9;&#9;&#9;options[options.length - 1]);&#13;&#10;&#9;&#9;&#9;&#9;&#9;if (g != options.length - 1) {&#13;&#10;&#9;&#9;&#9;&#9;&#9;&#9;String goodString = (String) options[g];&#13;&#10;&#9;&#9;&#9;&#9;&#9;&#9;storeGood.add(goodString);&#13;&#10;&#9;&#9;&#9;&#9;&#9;&#9;player.sellGood(goodString, 1);&#13;&#10;&#9;&#9;&#9;&#9;&#9;&#9;player.getBuilding(&quot;Small Warehouse&quot;).storedGood = options[g]&#13;&#10;&#9;&#9;&#9;&#9;&#9;&#9;&#9;&#9;.toString();&#13;&#10;&#9;&#9;&#9;&#9;&#9;&#9;player.getBuilding(&quot;Small Warehouse&quot;).amountOfStoredGood++;&#13;&#10;&#9;&#9;&#9;&#9;&#9;}&#13;&#10;&#9;&#9;&#9;&#9;}&#13;&#10;&#13;&#10;&#9;&#9;&#9;&#9;for (String s : storeGood) {&#13;&#10;&#9;&#9;&#9;&#9;&#9;player.addGood(s, 1);&#13;&#10;&#9;&#9;&#9;&#9;}&#13;&#10;&#13;&#10;&#9;&#9;&#9;&#9;updateGameStateDisplay();&#13;&#10;&#9;&#9;&#9;&#9;player.updatePlayerInfo();&#13;&#10;&#9;&#9;&#9;&#9;roleNum = (roleNum + 1) % players.size();&#13;&#10;&#9;&#9;&#9;}&#13;&#10;&#13;&#10;&#9;&#9;} else if (role.equals(PlayerRoles.Prospector)) {&#13;&#10;&#9;&#9;&#9;// :do nothing&#13;&#10;&#9;&#9;&#9;player.setDoubloons(player.getDoubloons() + 1);&#13;&#10;&#9;&#9;}&#13;&#10;&#9;&#9;gameState.updateAtEndOfTurn();&#13;&#10;&#9;&#9;updateGameStateDisplay();&#13;&#10;&#13;&#10;&#9;}&#13;&#10;&#13;&#10;}&#13;&#10;" Filename="GameBoardGUI.java" Intrnl_Id="7"/>
<SrcFile Content="package csse376_puerto_rico;&#13;&#10;&#13;&#10;import java.awt.event.ActionEvent;&#13;&#10;import java.awt.event.ActionListener;&#13;&#10;&#13;&#10;import javax.swing.ButtonGroup;&#13;&#10;import javax.swing.JFrame;&#13;&#10;&#13;&#10;public class ButtonHandler implements ActionListener {&#13;&#10;&#9;&#13;&#10;&#9;private JFrame mainframe;&#13;&#10;&#9;private ButtonGroup bGroup;&#13;&#10;&#13;&#10;&#9;public ButtonHandler(JFrame frame, ButtonGroup group) {&#13;&#10;&#9;&#9;this.mainframe = frame;&#13;&#10;&#9;&#9;this.bGroup = group;&#13;&#10;&#9;}&#13;&#10;&#13;&#10;&#9;@Override&#13;&#10;&#9;public void actionPerformed(ActionEvent ae) {&#13;&#10;&#9;&#9;String action = ae.getActionCommand();&#13;&#10;&#9;&#9;if(action.equals(&quot;Quit&quot;)){&#13;&#10;&#9;&#9;&#9;System.exit(0);&#13;&#10;&#9;&#9;}else if(action.equals(&quot;New Game&quot;)){&#13;&#10;&#9;&#9;&#9;new StartUpGameBoardGUI(this.mainframe);&#13;&#10;&#9;&#9;}else if(action.equals(&quot;Start&quot;)){&#13;&#10;&#9;&#9;&#9;new GameBoardGUI(this.mainframe, this.bGroup);&#13;&#10;&#9;&#9;}else if(action.equals(&quot;Add Points&quot;)){&#13;&#10;&#9;&#9;&#9;&#13;&#10;&#9;&#9;}&#13;&#10;&#9;}&#13;&#10;&#13;&#10;}&#13;&#10;" Filename="ButtonHandler.java" Intrnl_Id="8"/>
<SrcFile Content="package csse376_puerto_rico;&#13;&#10;&#13;&#10;import java.util.ArrayList;&#13;&#10;import java.util.Arrays;&#13;&#10;import java.util.List;&#13;&#10;&#13;&#10;public class Buildings {&#13;&#10;&#13;&#10;&#9;private ArrayList&lt;Building&gt; buildings;&#13;&#10;&#9;private ArrayList&lt;String&gt; buildingNames = new ArrayList&lt;String&gt;(Arrays.asList(&quot;Small Indigo Plant&quot;,&#13;&#10;&#9;&#9;&#9;&quot;Small Sugar Mill&quot;, &quot;Small Market&quot;, &quot;Hacienda&quot;, &quot;Construction Hut&quot;,&#13;&#10;&#9;&#9;&#9;&quot;Small Warehouse&quot;, &quot;Indigo Plant&quot;, &quot;Sugar Mill&quot;, &quot;Hospice&quot;, &quot;Office&quot;,&#13;&#10;&#9;&#9;&#9;&quot;Large Market&quot;, &quot;Large Warehouse&quot;, &quot;Tobacco Storage&quot;, &quot;Coffee Roaster&quot;,&#13;&#10;&#9;&#9;&#9;&quot;Factory&quot;, &quot;University&quot;, &quot;Harbor&quot;, &quot;Wharf&quot;));&#13;&#10;&#13;&#10;&#9;public Buildings() {&#13;&#10;&#9;&#9;buildings = new ArrayList&lt;Building&gt;();&#13;&#10;&#13;&#10;&#9;&#9;for (String name : buildingNames) {&#13;&#10;&#9;&#9;&#9;buildings.add(new Building(name));&#13;&#10;&#9;&#9;}&#13;&#10;&#13;&#10;&#9;}&#13;&#10;&#13;&#10;&#9;public ArrayList&lt;Building&gt; getBuildings() {&#13;&#10;&#13;&#10;&#9;&#9;return buildings;&#13;&#10;&#9;}&#13;&#10;&#13;&#10;&#9;public ArrayList&lt;String&gt; getBuildingNames() {&#13;&#10;&#9;&#9;return buildingNames;&#13;&#10;&#9;}&#13;&#10;&#13;&#10;&#13;&#10;}&#13;&#10;" Filename="Buildings.java" Intrnl_Id="9"/>
<SrcFile Content="package csse376_puerto_rico;&#13;&#10;&#13;&#10;&#13;&#10;public class Building {&#13;&#10;&#13;&#10;&#9;public String name;&#13;&#10;&#9;public int cost;&#13;&#10;&#9;public int points;&#13;&#10;&#9;public int numberOfJobs;&#13;&#10;&#9;public int numberOfWorkers;&#13;&#10;&#13;&#10;&#9;public String storedGood;&#13;&#10;&#9;public int amountOfStoredGood;&#13;&#10;&#13;&#10;&#9;public Building(String name) {&#13;&#10;&#9;&#9;this.name = name;&#13;&#10;&#9;&#9;switch (name) {&#13;&#10;&#9;&#9;case &quot;Small Indigo Plant&quot;:&#13;&#10;&#9;&#9;&#9;cost = 1;&#13;&#10;&#9;&#9;&#9;points = 1;&#13;&#10;&#9;&#9;&#9;numberOfJobs = 1;&#13;&#10;&#9;&#9;&#9;numberOfWorkers = 0;&#13;&#10;&#9;&#9;&#9;break;&#13;&#10;&#13;&#10;&#9;&#9;case &quot;Small Sugar Mill&quot;:&#13;&#10;&#9;&#9;&#9;cost = 2;&#13;&#10;&#9;&#9;&#9;points = 1;&#13;&#10;&#9;&#9;&#9;numberOfJobs = 1;&#13;&#10;&#9;&#9;&#9;numberOfWorkers = 0;&#13;&#10;&#9;&#9;&#9;break;&#13;&#10;&#13;&#10;&#9;&#9;case &quot;Small Market&quot;:&#13;&#10;&#9;&#9;&#9;// plus doubloon with sale in trader phase&#13;&#10;&#9;&#9;&#9;cost = 1;&#13;&#10;&#9;&#9;&#9;points = 1;&#13;&#10;&#9;&#9;&#9;numberOfJobs = 1;&#13;&#10;&#9;&#9;&#9;numberOfWorkers = 0;&#13;&#10;&#9;&#9;&#9;break;&#13;&#10;&#13;&#10;&#9;&#9;case &quot;Hacienda&quot;:&#13;&#10;&#9;&#9;&#9;// plus plantation from supply in settler phase&#13;&#10;&#9;&#9;&#9;cost = 2;&#13;&#10;&#9;&#9;&#9;points = 1;&#13;&#10;&#9;&#9;&#9;numberOfJobs = 1;&#13;&#10;&#9;&#9;&#9;numberOfWorkers = 0;&#13;&#10;&#9;&#9;&#9;break;&#13;&#10;&#13;&#10;&#9;&#9;case &quot;Construction Hut&quot;:&#13;&#10;&#9;&#9;&#9;// quarry instead of plantation in settler phase&#13;&#10;&#9;&#9;&#9;cost = 2;&#13;&#10;&#9;&#9;&#9;points = 1;&#13;&#10;&#9;&#9;&#9;numberOfJobs = 1;&#13;&#10;&#9;&#9;&#9;numberOfWorkers = 0;&#13;&#10;&#9;&#9;&#9;break;&#13;&#10;&#13;&#10;&#9;&#9;case &quot;Small Warehouse&quot;:&#13;&#10;&#9;&#9;&#9;// store 1 kind of good in captain phase&#13;&#10;&#9;&#9;&#9;cost = 3;&#13;&#10;&#9;&#9;&#9;points = 1;&#13;&#10;&#9;&#9;&#9;numberOfJobs = 1;&#13;&#10;&#9;&#9;&#9;numberOfWorkers = 0;&#13;&#10;&#9;&#9;&#9;storedGood = &quot;&quot;;&#13;&#10;&#9;&#9;&#9;amountOfStoredGood = 0;&#13;&#10;&#9;&#9;&#9;break;&#13;&#10;&#13;&#10;&#9;&#9;case &quot;Indigo Plant&quot;:&#13;&#10;&#9;&#9;&#9;cost = 3;&#13;&#10;&#9;&#9;&#9;points = 2;&#13;&#10;&#9;&#9;&#9;numberOfJobs = 3;&#13;&#10;&#9;&#9;&#9;numberOfWorkers = 0;&#13;&#10;&#9;&#9;&#9;break;&#13;&#10;&#13;&#10;&#9;&#9;case &quot;Sugar Mill&quot;:&#13;&#10;&#9;&#9;&#9;cost = 4;&#13;&#10;&#9;&#9;&#9;points = 2;&#13;&#10;&#9;&#9;&#9;numberOfJobs = 3;&#13;&#10;&#9;&#9;&#9;numberOfWorkers = 0;&#13;&#10;&#9;&#9;&#9;break;&#13;&#10;&#13;&#10;&#9;&#9;case &quot;Hospice&quot;:&#13;&#10;&#9;&#9;&#9;// plus colonist for settling in settler phase&#13;&#10;&#9;&#9;&#9;cost = 4;&#13;&#10;&#9;&#9;&#9;points = 2;&#13;&#10;&#9;&#9;&#9;numberOfJobs = 1;&#13;&#10;&#9;&#9;&#9;numberOfWorkers = 0;&#13;&#10;&#9;&#9;&#9;break;&#13;&#10;&#13;&#10;&#9;&#9;case &quot;Office&quot;:&#13;&#10;&#9;&#9;&#9;// sell same kind of goods in trader phase&#13;&#10;&#9;&#9;&#9;cost = 5;&#13;&#10;&#9;&#9;&#9;points = 2;&#13;&#10;&#9;&#9;&#9;numberOfJobs = 1;&#13;&#10;&#9;&#9;&#9;numberOfWorkers = 0;&#13;&#10;&#9;&#9;&#9;break;&#13;&#10;&#13;&#10;&#9;&#9;case &quot;Large Market&quot;:&#13;&#10;&#9;&#9;&#9;// plus 2 doubloons with sale in trader phase&#13;&#10;&#9;&#9;&#9;cost = 5;&#13;&#10;&#9;&#9;&#9;points = 2;&#13;&#10;&#9;&#9;&#9;numberOfJobs = 1;&#13;&#10;&#9;&#9;&#9;numberOfWorkers = 0;&#13;&#10;&#9;&#9;&#9;break;&#13;&#10;&#13;&#10;&#9;&#9;case &quot;Large Warehouse&quot;:&#13;&#10;&#9;&#9;&#9;// stores 2 kinds of goods in captain phase&#13;&#10;&#9;&#9;&#9;cost = 6;&#13;&#10;&#9;&#9;&#9;points = 2;&#13;&#10;&#9;&#9;&#9;numberOfJobs = 1;&#13;&#10;&#9;&#9;&#9;numberOfWorkers = 0;&#13;&#10;&#9;&#9;&#9;storedGood = &quot;&quot;;&#13;&#10;&#9;&#9;&#9;amountOfStoredGood = 0;&#13;&#10;&#9;&#9;&#9;break;&#13;&#10;&#13;&#10;&#9;&#9;case &quot;Tobacco Storage&quot;:&#13;&#10;&#9;&#9;&#9;cost = 5;&#13;&#10;&#9;&#9;&#9;points = 3;&#13;&#10;&#9;&#9;&#9;numberOfJobs = 3;&#13;&#10;&#9;&#9;&#9;numberOfWorkers = 0;&#13;&#10;&#9;&#9;&#9;break;&#13;&#10;&#13;&#10;&#9;&#9;case &quot;Coffee Roaster&quot;:&#13;&#10;&#9;&#9;&#9;cost = 6;&#13;&#10;&#9;&#9;&#9;points = 3;&#13;&#10;&#9;&#9;&#9;numberOfJobs = 2;&#13;&#10;&#9;&#9;&#9;numberOfWorkers = 0;&#13;&#10;&#9;&#9;&#9;break;&#13;&#10;&#13;&#10;&#9;&#9;case &quot;Factory&quot;:&#13;&#10;&#9;&#9;&#9;// plus 0/1/2/3/5 doubloons with production in craftsman phase&#13;&#10;&#9;&#9;&#9;cost = 7;&#13;&#10;&#9;&#9;&#9;points = 3;&#13;&#10;&#9;&#9;&#9;numberOfJobs = 1;&#13;&#10;&#9;&#9;&#9;numberOfWorkers = 0;&#13;&#10;&#9;&#9;&#9;break;&#13;&#10;&#13;&#10;&#9;&#9;case &quot;University&quot;:&#13;&#10;&#9;&#9;&#9;// plus colonist for building in builder phase&#13;&#10;&#9;&#9;&#9;cost = 8;&#13;&#10;&#9;&#9;&#9;points = 3;&#13;&#10;&#9;&#9;&#9;numberOfJobs = 1;&#13;&#10;&#9;&#9;&#9;numberOfWorkers = 0;&#13;&#10;&#9;&#9;&#9;break;&#13;&#10;&#13;&#10;&#9;&#9;case &quot;Harbor&quot;:&#13;&#10;&#9;&#9;&#9;// plus victory point per delivery in captain phase&#13;&#10;&#9;&#9;&#9;cost = 8;&#13;&#10;&#9;&#9;&#9;points = 3;&#13;&#10;&#9;&#9;&#9;numberOfJobs = 1;&#13;&#10;&#9;&#9;&#9;numberOfWorkers = 0;&#13;&#10;&#9;&#9;&#9;break;&#13;&#10;&#13;&#10;&#9;&#9;case &quot;Wharf&quot;:&#13;&#10;&#9;&#9;&#9;// your own ship in captain phase&#13;&#10;&#9;&#9;&#9;cost = 9;&#13;&#10;&#9;&#9;&#9;points = 3;&#13;&#10;&#9;&#9;&#9;numberOfJobs = 1;&#13;&#10;&#9;&#9;&#9;numberOfWorkers = 0;&#13;&#10;&#9;&#9;&#9;break;&#13;&#10;&#13;&#10;&#9;&#9;default:&#13;&#10;&#9;&#9;&#9;cost = 0;&#13;&#10;&#9;&#9;&#9;points = 0;&#13;&#10;&#9;&#9;&#9;numberOfJobs = 0;&#13;&#10;&#9;&#9;&#9;numberOfWorkers = 0;&#13;&#10;&#9;&#9;}&#13;&#10;&#13;&#10;&#9;}&#13;&#10;&#13;&#10;&#9;public boolean isOccupied() {&#13;&#10;&#9;&#9;return ((this.numberOfJobs - this.numberOfWorkers) == 0);&#13;&#10;&#9;}&#13;&#10;}" Filename="Building.java" Intrnl_Id="10"/>
</SrcFileList>
<CritList>
<CritListEntry Name="org.codecover.model.utils.criteria.LoopCoverage" PluginName="org.codecover"/>
<CritListEntry Name="org.codecover.model.utils.criteria.BranchCoverage" PluginName="org.codecover"/>
<CritListEntry Name="org.codecover.model.utils.criteria.ConditionCoverage" PluginName="org.codecover"/>
<CritListEntry Name="org.codecover.model.utils.criteria.SynchronizedStatementCoverage" PluginName="org.codecover"/>
<CritListEntry Name="org.codecover.model.utils.criteria.QMOCoverage" PluginName="org.codecover"/>
<CritListEntry Name="org.codecover.model.utils.criteria.StatementCoverage" PluginName="org.codecover"/>
</CritList>
<BoolOpList>
<BoolOp Arity="1" Intrnl_Id="11" Name="not (!)">
<BoolAssgnmntBoolMapList>
<MapEntry BoolAssgnmnt="0" Value="true"/>
<MapEntry BoolAssgnmnt="1" Value="false"/>
</BoolAssgnmntBoolMapList>
</BoolOp>
<BoolOp Arity="2" Intrnl_Id="12" Name="conditional and (&amp;&amp;)">
<BoolAssgnmntBoolMapList>
<MapEntry BoolAssgnmnt="10" Value="false"/>
<MapEntry BoolAssgnmnt="02" Value="false"/>
<MapEntry BoolAssgnmnt="11" Value="true"/>
</BoolAssgnmntBoolMapList>
</BoolOp>
<BoolOp Arity="2" Intrnl_Id="13" Name="conditional or (||)">
<BoolAssgnmntBoolMapList>
<MapEntry BoolAssgnmnt="01" Value="true"/>
<MapEntry BoolAssgnmnt="00" Value="false"/>
<MapEntry BoolAssgnmnt="12" Value="true"/>
</BoolAssgnmntBoolMapList>
</BoolOp>
</BoolOpList>
<HierarchyLvlTypeList>
<HierarchyLvlType EnglishName="package" IntrnlName="package" Intrnl_Id="14"/>
<HierarchyLvlType EnglishName="class" IntrnlName="class" Intrnl_Id="15"/>
<HierarchyLvlType EnglishName="method" IntrnlName="method" Intrnl_Id="16"/>
<HierarchyLvlType EnglishName="default package" IntrnlName="default package" Intrnl_Id="17"/>
</HierarchyLvlTypeList>
<MASTRoot>
<HierarchyLvl HierarchyLvlId="7585" HierarchyLvlTypeId="17" Intrnl_Id="18" Name="default package">
<Header/>
<LocList/>
<HierarchyLvl HierarchyLvlId="7584" HierarchyLvlTypeId="14" Intrnl_Id="19" Name="csse376_puerto_rico">
<Header/>
<LocList/>
<HierarchyLvl HierarchyLvlId="7502" HierarchyLvlTypeId="15" Intrnl_Id="20" Name="StartUpGameBoardGUI">
<Header>
<Loc EndOffset="234" SrcFileId="1" StartOffset="202"/>
</Header>
<LocList>
<Loc EndOffset="1071" SrcFileId="1" StartOffset="202"/>
</LocList>
<HierarchyLvl HierarchyLvlId="7501" HierarchyLvlTypeId="16" Intrnl_Id="21" Name="StartUpGameBoardGUI">
<Header>
<Loc EndOffset="307" SrcFileId="1" StartOffset="267"/>
</Header>
<LocList>
<Loc EndOffset="1068" SrcFileId="1" StartOffset="267"/>
</LocList>
<StmntSeq Intrnl_Id="22">
<LocList>
<Loc EndOffset="335" SrcFileId="1" StartOffset="312"/>
<Loc EndOffset="382" SrcFileId="1" StartOffset="338"/>
<Loc EndOffset="430" SrcFileId="1" StartOffset="385"/>
<Loc EndOffset="475" SrcFileId="1" StartOffset="433"/>
<Loc EndOffset="520" SrcFileId="1" StartOffset="478"/>
<Loc EndOffset="556" SrcFileId="1" StartOffset="524"/>
<Loc EndOffset="600" SrcFileId="1" StartOffset="562"/>
<Loc EndOffset="650" SrcFileId="1" StartOffset="603"/>
<Loc EndOffset="701" SrcFileId="1" StartOffset="653"/>
<Loc EndOffset="752" SrcFileId="1" StartOffset="704"/>
<Loc EndOffset="770" SrcFileId="1" StartOffset="755"/>
<Loc EndOffset="788" SrcFileId="1" StartOffset="773"/>
<Loc EndOffset="806" SrcFileId="1" StartOffset="791"/>
<Loc EndOffset="855" SrcFileId="1" StartOffset="812"/>
<Loc EndOffset="930" SrcFileId="1" StartOffset="858"/>
<Loc EndOffset="955" SrcFileId="1" StartOffset="936"/>
<Loc EndOffset="977" SrcFileId="1" StartOffset="958"/>
<Loc EndOffset="999" SrcFileId="1" StartOffset="980"/>
<Loc EndOffset="1029" SrcFileId="1" StartOffset="1002"/>
<Loc EndOffset="1065" SrcFileId="1" StartOffset="1035"/>
</LocList>
<BasicStmnt CovItemId="S1" CovItemPrefix="csse376_puerto_rico.StartUpGameBoardGUI.java" Intrnl_Id="23">
<LocList>
<Loc EndOffset="335" SrcFileId="1" StartOffset="312"/>
</LocList>
</BasicStmnt>
<BasicStmnt CovItemId="S2" CovItemPrefix="csse376_puerto_rico.StartUpGameBoardGUI.java" Intrnl_Id="24">
<LocList>
<Loc EndOffset="382" SrcFileId="1" StartOffset="338"/>
</LocList>
</BasicStmnt>
<BasicStmnt CovItemId="S3" CovItemPrefix="csse376_puerto_rico.StartUpGameBoardGUI.java" Intrnl_Id="25">
<LocList>
<Loc EndOffset="430" SrcFileId="1" StartOffset="385"/>
</LocList>
</BasicStmnt>
<BasicStmnt CovItemId="S4" CovItemPrefix="csse376_puerto_rico.StartUpGameBoardGUI.java" Intrnl_Id="26">
<LocList>
<Loc EndOffset="475" SrcFileId="1" StartOffset="433"/>
</LocList>
</BasicStmnt>
<BasicStmnt CovItemId="S5" CovItemPrefix="csse376_puerto_rico.StartUpGameBoardGUI.java" Intrnl_Id="27">
<LocList>
<Loc EndOffset="520" SrcFileId="1" StartOffset="478"/>
</LocList>
</BasicStmnt>
<BasicStmnt CovItemId="S6" CovItemPrefix="csse376_puerto_rico.StartUpGameBoardGUI.java" Intrnl_Id="28">
<LocList>
<Loc EndOffset="556" SrcFileId="1" StartOffset="524"/>
</LocList>
</BasicStmnt>
<BasicStmnt CovItemId="S7" CovItemPrefix="csse376_puerto_rico.StartUpGameBoardGUI.java" Intrnl_Id="29">
<LocList>
<Loc EndOffset="600" SrcFileId="1" StartOffset="562"/>
</LocList>
</BasicStmnt>
<BasicStmnt CovItemId="S8" CovItemPrefix="csse376_puerto_rico.StartUpGameBoardGUI.java" Intrnl_Id="30">
<LocList>
<Loc EndOffset="650" SrcFileId="1" StartOffset="603"/>
</LocList>
</BasicStmnt>
<BasicStmnt CovItemId="S9" CovItemPrefix="csse376_puerto_rico.StartUpGameBoardGUI.java" Intrnl_Id="31">
<LocList>
<Loc EndOffset="701" SrcFileId="1" StartOffset="653"/>
</LocList>
</BasicStmnt>
<BasicStmnt CovItemId="S10" CovItemPrefix="csse376_puerto_rico.StartUpGameBoardGUI.java" Intrnl_Id="32">
<LocList>
<Loc EndOffset="752" SrcFileId="1" StartOffset="704"/>
</LocList>
</BasicStmnt>
<BasicStmnt CovItemId="S11" CovItemPrefix="csse376_puerto_rico.StartUpGameBoardGUI.java" Intrnl_Id="33">
<LocList>
<Loc EndOffset="770" SrcFileId="1" StartOffset="755"/>
</LocList>
</BasicStmnt>
<BasicStmnt CovItemId="S12" CovItemPrefix="csse376_puerto_rico.StartUpGameBoardGUI.java" Intrnl_Id="34">
<LocList>
<Loc EndOffset="788" SrcFileId="1" StartOffset="773"/>
</LocList>
</BasicStmnt>
<BasicStmnt CovItemId="S13" CovItemPrefix="csse376_puerto_rico.StartUpGameBoardGUI.java" Intrnl_Id="35">
<LocList>
<Loc EndOffset="806" SrcFileId="1" StartOffset="791"/>
</LocList>
</BasicStmnt>
<BasicStmnt CovItemId="S14" CovItemPrefix="csse376_puerto_rico.StartUpGameBoardGUI.java" Intrnl_Id="36">
<LocList>
<Loc EndOffset="855" SrcFileId="1" StartOffset="812"/>
</LocList>
</BasicStmnt>
<BasicStmnt CovItemId="S15" CovItemPrefix="csse376_puerto_rico.StartUpGameBoardGUI.java" Intrnl_Id="37">
<LocList>
<Loc EndOffset="930" SrcFileId="1" StartOffset="858"/>
</LocList>
</BasicStmnt>
<BasicStmnt CovItemId="S16" CovItemPrefix="csse376_puerto_rico.StartUpGameBoardGUI.java" Intrnl_Id="38">
<LocList>
<Loc EndOffset="955" SrcFileId="1" StartOffset="936"/>
</LocList>
</BasicStmnt>
<BasicStmnt CovItemId="S17" CovItemPrefix="csse376_puerto_rico.StartUpGameBoardGUI.java" Intrnl_Id="39">
<LocList>
<Loc EndOffset="977" SrcFileId="1" StartOffset="958"/>
</LocList>
</BasicStmnt>
<BasicStmnt CovItemId="S18" CovItemPrefix="csse376_puerto_rico.StartUpGameBoardGUI.java" Intrnl_Id="40">
<LocList>
<Loc EndOffset="999" SrcFileId="1" StartOffset="980"/>
</LocList>
</BasicStmnt>
<BasicStmnt CovItemId="S19" CovItemPrefix="csse376_puerto_rico.StartUpGameBoardGUI.java" Intrnl_Id="41">
<LocList>
<Loc EndOffset="1029" SrcFileId="1" StartOffset="1002"/>
</LocList>
</BasicStmnt>
<BasicStmnt CovItemId="S20" CovItemPrefix="csse376_puerto_rico.StartUpGameBoardGUI.java" Intrnl_Id="42">
<LocList>
<Loc EndOffset="1065" SrcFileId="1" StartOffset="1035"/>
</LocList>
</BasicStmnt>
</StmntSeq>
</HierarchyLvl>
</HierarchyLvl>
<HierarchyLvl HierarchyLvlId="7505" HierarchyLvlTypeId="15" Intrnl_Id="43" Name="PlayerRoles">
<Header>
<Loc EndOffset="184" SrcFileId="2" StartOffset="160"/>
</Header>
<LocList>
<Loc EndOffset="862" SrcFileId="2" StartOffset="160"/>
</LocList>
<StmntSeq Intrnl_Id="44">
<LocList>
<Loc EndOffset="236" SrcFileId="2" StartOffset="189"/>
<Loc EndOffset="286" SrcFileId="2" StartOffset="239"/>
<Loc EndOffset="340" SrcFileId="2" StartOffset="289"/>
<Loc EndOffset="388" SrcFileId="2" StartOffset="343"/>
<Loc EndOffset="438" SrcFileId="2" StartOffset="391"/>
<Loc EndOffset="494" SrcFileId="2" StartOffset="441"/>
<Loc EndOffset="540" SrcFileId="2" StartOffset="497"/>
</LocList>
<BasicStmnt CovItemId="S1" CovItemPrefix="csse376_puerto_rico.PlayerRoles.java" Intrnl_Id="45">
<LocList>
<Loc EndOffset="236" SrcFileId="2" StartOffset="189"/>
</LocList>
</BasicStmnt>
<BasicStmnt CovItemId="S2" CovItemPrefix="csse376_puerto_rico.PlayerRoles.java" Intrnl_Id="46">
<LocList>
<Loc EndOffset="286" SrcFileId="2" StartOffset="239"/>
</LocList>
</BasicStmnt>
<BasicStmnt CovItemId="S3" CovItemPrefix="csse376_puerto_rico.PlayerRoles.java" Intrnl_Id="47">
<LocList>
<Loc EndOffset="340" SrcFileId="2" StartOffset="289"/>
</LocList>
</BasicStmnt>
<BasicStmnt CovItemId="S4" CovItemPrefix="csse376_puerto_rico.PlayerRoles.java" Intrnl_Id="48">
<LocList>
<Loc EndOffset="388" SrcFileId="2" StartOffset="343"/>
</LocList>
</BasicStmnt>
<BasicStmnt CovItemId="S5" CovItemPrefix="csse376_puerto_rico.PlayerRoles.java" Intrnl_Id="49">
<LocList>
<Loc EndOffset="438" SrcFileId="2" StartOffset="391"/>
</LocList>
</BasicStmnt>
<BasicStmnt CovItemId="S6" CovItemPrefix="csse376_puerto_rico.PlayerRoles.java" Intrnl_Id="50">
<LocList>
<Loc EndOffset="494" SrcFileId="2" StartOffset="441"/>
</LocList>
</BasicStmnt>
<BasicStmnt CovItemId="S7" CovItemPrefix="csse376_puerto_rico.PlayerRoles.java" Intrnl_Id="51">
<LocList>
<Loc EndOffset="540" SrcFileId="2" StartOffset="497"/>
</LocList>
</BasicStmnt>
</StmntSeq>
<HierarchyLvl HierarchyLvlId="7503" HierarchyLvlTypeId="16" Intrnl_Id="52" Name="PlayerRoles">
<Header>
<Loc EndOffset="566" SrcFileId="2" StartOffset="545"/>
</Header>
<LocList>
<Loc EndOffset="595" SrcFileId="2" StartOffset="545"/>
</LocList>
</HierarchyLvl>
<HierarchyLvl HierarchyLvlId="7504" HierarchyLvlTypeId="16" Intrnl_Id="53" Name="getValues">
<Header>
<Loc EndOffset="638" SrcFileId="2" StartOffset="600"/>
</Header>
<LocList>
<Loc EndOffset="859" SrcFileId="2" StartOffset="600"/>
</LocList>
<StmntSeq Intrnl_Id="54">
<LocList>
<Loc EndOffset="687" SrcFileId="2" StartOffset="644"/>
<Loc EndOffset="710" SrcFileId="2" StartOffset="693"/>
<Loc EndOffset="731" SrcFileId="2" StartOffset="714"/>
<Loc EndOffset="754" SrcFileId="2" StartOffset="735"/>
<Loc EndOffset="774" SrcFileId="2" StartOffset="758"/>
<Loc EndOffset="795" SrcFileId="2" StartOffset="778"/>
<Loc EndOffset="819" SrcFileId="2" StartOffset="799"/>
<Loc EndOffset="838" SrcFileId="2" StartOffset="823"/>
<Loc EndOffset="855" SrcFileId="2" StartOffset="844"/>
</LocList>
<BasicStmnt CovItemId="S8" CovItemPrefix="csse376_puerto_rico.PlayerRoles.java" Intrnl_Id="55">
<LocList>
<Loc EndOffset="687" SrcFileId="2" StartOffset="644"/>
</LocList>
</BasicStmnt>
<BasicStmnt CovItemId="S9" CovItemPrefix="csse376_puerto_rico.PlayerRoles.java" Intrnl_Id="56">
<LocList>
<Loc EndOffset="710" SrcFileId="2" StartOffset="693"/>
</LocList>
</BasicStmnt>
<BasicStmnt CovItemId="S10" CovItemPrefix="csse376_puerto_rico.PlayerRoles.java" Intrnl_Id="57">
<LocList>
<Loc EndOffset="731" SrcFileId="2" StartOffset="714"/>
</LocList>
</BasicStmnt>
<BasicStmnt CovItemId="S11" CovItemPrefix="csse376_puerto_rico.PlayerRoles.java" Intrnl_Id="58">
<LocList>
<Loc EndOffset="754" SrcFileId="2" StartOffset="735"/>
</LocList>
</BasicStmnt>
<BasicStmnt CovItemId="S12" CovItemPrefix="csse376_puerto_rico.PlayerRoles.java" Intrnl_Id="59">
<LocList>
<Loc EndOffset="774" SrcFileId="2" StartOffset="758"/>
</LocList>
</BasicStmnt>
<BasicStmnt CovItemId="S13" CovItemPrefix="csse376_puerto_rico.PlayerRoles.java" Intrnl_Id="60">
<LocList>
<Loc EndOffset="795" SrcFileId="2" StartOffset="778"/>
</LocList>
</BasicStmnt>
<BasicStmnt CovItemId="S14" CovItemPrefix="csse376_puerto_rico.PlayerRoles.java" Intrnl_Id="61">
<LocList>
<Loc EndOffset="819" SrcFileId="2" StartOffset="799"/>
</LocList>
</BasicStmnt>
<BasicStmnt CovItemId="S15" CovItemPrefix="csse376_puerto_rico.PlayerRoles.java" Intrnl_Id="62">
<LocList>
<Loc EndOffset="838" SrcFileId="2" StartOffset="823"/>
</LocList>
</BasicStmnt>
<BasicStmnt CovItemId="S16" CovItemPrefix="csse376_puerto_rico.PlayerRoles.java" Intrnl_Id="63">
<LocList>
<Loc EndOffset="855" SrcFileId="2" StartOffset="844"/>
</LocList>
</BasicStmnt>
</StmntSeq>
</HierarchyLvl>
</HierarchyLvl>
<HierarchyLvl HierarchyLvlId="7543" HierarchyLvlTypeId="15" Intrnl_Id="64" Name="Player">
<Header>
<Loc EndOffset="192" SrcFileId="3" StartOffset="173"/>
</Header>
<LocList>
<Loc EndOffset="445" SrcFileId="3" StartOffset="173"/>
<Loc EndOffset="721" SrcFileId="3" StartOffset="716"/>
<Loc EndOffset="6720" SrcFileId="3" StartOffset="925"/>
</LocList>
<StmntSeq Intrnl_Id="65">
<LocList>
<Loc EndOffset="369" SrcFileId="3" StartOffset="346"/>
<Loc EndOffset="440" SrcFileId="3" StartOffset="374"/>
<Loc EndOffset="1002" SrcFileId="3" StartOffset="930"/>
<Loc EndOffset="1077" SrcFileId="3" StartOffset="1005"/>
<Loc EndOffset="1140" SrcFileId="3" StartOffset="1080"/>
</LocList>
<BasicStmnt CovItemId="S1" CovItemPrefix="csse376_puerto_rico.Player.java" Intrnl_Id="66">
<LocList>
<Loc EndOffset="369" SrcFileId="3" StartOffset="346"/>
</LocList>
</BasicStmnt>
<BasicStmnt CovItemId="S2" CovItemPrefix="csse376_puerto_rico.Player.java" Intrnl_Id="67">
<LocList>
<Loc EndOffset="440" SrcFileId="3" StartOffset="374"/>
</LocList>
</BasicStmnt>
<BasicStmnt CovItemId="S5" CovItemPrefix="csse376_puerto_rico.Player.java" Intrnl_Id="68">
<LocList>
<Loc EndOffset="1002" SrcFileId="3" StartOffset="930"/>
</LocList>
</BasicStmnt>
<BasicStmnt CovItemId="S6" CovItemPrefix="csse376_puerto_rico.Player.java" Intrnl_Id="69">
<LocList>
<Loc EndOffset="1077" SrcFileId="3" StartOffset="1005"/>
</LocList>
</BasicStmnt>
<BasicStmnt CovItemId="S7" CovItemPrefix="csse376_puerto_rico.Player.java" Intrnl_Id="70">
<LocList>
<Loc EndOffset="1140" SrcFileId="3" StartOffset="1080"/>
</LocList>
</BasicStmnt>
</StmntSeq>
<HierarchyLvl HierarchyLvlId="7506" HierarchyLvlTypeId="15" Intrnl_Id="71" Name="Good">
<Header>
<Loc EndOffset="469" SrcFileId="3" StartOffset="445"/>
</Header>
<LocList>
<Loc EndOffset="716" SrcFileId="3" StartOffset="445"/>
</LocList>
</HierarchyLvl>
<HierarchyLvl HierarchyLvlId="7508" HierarchyLvlTypeId="15" Intrnl_Id="72" Name="Plantation">
<Header>
<Loc EndOffset="751" SrcFileId="3" StartOffset="721"/>
</Header>
<LocList>
<Loc EndOffset="925" SrcFileId="3" StartOffset="721"/>
</LocList>
<HierarchyLvl HierarchyLvlId="7507" HierarchyLvlTypeId="16" Intrnl_Id="73" Name="Plantation">
<Header>
<Loc EndOffset="860" SrcFileId="3" StartOffset="811"/>
</Header>
<LocList>
<Loc EndOffset="921" SrcFileId="3" StartOffset="811"/>
</LocList>
<StmntSeq Intrnl_Id="74">
<LocList>
<Loc EndOffset="884" SrcFileId="3" StartOffset="867"/>
<Loc EndOffset="916" SrcFileId="3" StartOffset="889"/>
</LocList>
<BasicStmnt CovItemId="S3" CovItemPrefix="csse376_puerto_rico.Player.java" Intrnl_Id="75">
<LocList>
<Loc EndOffset="884" SrcFileId="3" StartOffset="867"/>
</LocList>
</BasicStmnt>
<BasicStmnt CovItemId="S4" CovItemPrefix="csse376_puerto_rico.Player.java" Intrnl_Id="76">
<LocList>
<Loc EndOffset="916" SrcFileId="3" StartOffset="889"/>
</LocList>
</BasicStmnt>
</StmntSeq>
</HierarchyLvl>
</HierarchyLvl>
<HierarchyLvl HierarchyLvlId="7509" HierarchyLvlTypeId="16" Intrnl_Id="77" Name="Player">
<Header>
<Loc EndOffset="1199" SrcFileId="3" StartOffset="1184"/>
</Header>
<LocList>
<Loc EndOffset="1396" SrcFileId="3" StartOffset="1184"/>
</LocList>
<StmntSeq Intrnl_Id="78">
<LocList>
<Loc EndOffset="1224" SrcFileId="3" StartOffset="1205"/>
<Loc EndOffset="1242" SrcFileId="3" StartOffset="1228"/>
<Loc EndOffset="1261" SrcFileId="3" StartOffset="1246"/>
<Loc EndOffset="1289" SrcFileId="3" StartOffset="1265"/>
<Loc EndOffset="1320" SrcFileId="3" StartOffset="1293"/>
<Loc EndOffset="1392" SrcFileId="3" StartOffset="1324"/>
</LocList>
<BasicStmnt CovItemId="S8" CovItemPrefix="csse376_puerto_rico.Player.java" Intrnl_Id="79">
<LocList>
<Loc EndOffset="1224" SrcFileId="3" StartOffset="1205"/>
</LocList>
</BasicStmnt>
<BasicStmnt CovItemId="S9" CovItemPrefix="csse376_puerto_rico.Player.java" Intrnl_Id="80">
<LocList>
<Loc EndOffset="1242" SrcFileId="3" StartOffset="1228"/>
</LocList>
</BasicStmnt>
<BasicStmnt CovItemId="S10" CovItemPrefix="csse376_puerto_rico.Player.java" Intrnl_Id="81">
<LocList>
<Loc EndOffset="1261" SrcFileId="3" StartOffset="1246"/>
</LocList>
</BasicStmnt>
<BasicStmnt CovItemId="S11" CovItemPrefix="csse376_puerto_rico.Player.java" Intrnl_Id="82">
<LocList>
<Loc EndOffset="1289" SrcFileId="3" StartOffset="1265"/>
</LocList>
</BasicStmnt>
<BasicStmnt CovItemId="S12" CovItemPrefix="csse376_puerto_rico.Player.java" Intrnl_Id="83">
<LocList>
<Loc EndOffset="1320" SrcFileId="3" StartOffset="1293"/>
</LocList>
</BasicStmnt>
<LoopStmnt CovItemId="S13" CovItemPrefix="csse376_puerto_rico.Player.java" Intrnl_Id="84" MltplExecId="L1-2" MltplExecPrefix="csse376_puerto_rico.Player.java" NvrExecId="L1-0" NvrExecPrefix="csse376_puerto_rico.Player.java" OnceExecutedId="L1-1" OnceExecutedPrefix="csse376_puerto_rico.Player.java" OptBodyExec="true">
<StmntSeq Intrnl_Id="85">
<LocList>
<Loc EndOffset="1387" SrcFileId="3" StartOffset="1366"/>
</LocList>
<BasicStmnt CovItemId="S14" CovItemPrefix="csse376_puerto_rico.Player.java" Intrnl_Id="86">
<LocList>
<Loc EndOffset="1387" SrcFileId="3" StartOffset="1366"/>
</LocList>
</BasicStmnt>
</StmntSeq>
<Keyword EndOffset="1327" SrcFileId="3" StartOffset="1324"/>
<LocList>
<Loc EndOffset="1392" SrcFileId="3" StartOffset="1324"/>
</LocList>
</LoopStmnt>
</StmntSeq>
</HierarchyLvl>
<HierarchyLvl HierarchyLvlId="7510" HierarchyLvlTypeId="16" Intrnl_Id="87" Name="Player">
<Header>
<Loc EndOffset="1427" SrcFileId="3" StartOffset="1401"/>
</Header>
<LocList>
<Loc EndOffset="1621" SrcFileId="3" StartOffset="1401"/>
</LocList>
<StmntSeq Intrnl_Id="88">
<LocList>
<Loc EndOffset="1450" SrcFileId="3" StartOffset="1433"/>
<Loc EndOffset="1473" SrcFileId="3" StartOffset="1454"/>
<Loc EndOffset="1501" SrcFileId="3" StartOffset="1477"/>
<Loc EndOffset="1525" SrcFileId="3" StartOffset="1505"/>
<Loc EndOffset="1545" SrcFileId="3" StartOffset="1529"/>
<Loc EndOffset="1617" SrcFileId="3" StartOffset="1549"/>
</LocList>
<BasicStmnt CovItemId="S15" CovItemPrefix="csse376_puerto_rico.Player.java" Intrnl_Id="89">
<LocList>
<Loc EndOffset="1450" SrcFileId="3" StartOffset="1433"/>
</LocList>
</BasicStmnt>
<BasicStmnt CovItemId="S16" CovItemPrefix="csse376_puerto_rico.Player.java" Intrnl_Id="90">
<LocList>
<Loc EndOffset="1473" SrcFileId="3" StartOffset="1454"/>
</LocList>
</BasicStmnt>
<BasicStmnt CovItemId="S17" CovItemPrefix="csse376_puerto_rico.Player.java" Intrnl_Id="91">
<LocList>
<Loc EndOffset="1501" SrcFileId="3" StartOffset="1477"/>
</LocList>
</BasicStmnt>
<BasicStmnt CovItemId="S18" CovItemPrefix="csse376_puerto_rico.Player.java" Intrnl_Id="92">
<LocList>
<Loc EndOffset="1525" SrcFileId="3" StartOffset="1505"/>
</LocList>
</BasicStmnt>
<BasicStmnt CovItemId="S19" CovItemPrefix="csse376_puerto_rico.Player.java" Intrnl_Id="93">
<LocList>
<Loc EndOffset="1545" SrcFileId="3" StartOffset="1529"/>
</LocList>
</BasicStmnt>
<LoopStmnt CovItemId="S20" CovItemPrefix="csse376_puerto_rico.Player.java" Intrnl_Id="94" MltplExecId="L2-2" MltplExecPrefix="csse376_puerto_rico.Player.java" NvrExecId="L2-0" NvrExecPrefix="csse376_puerto_rico.Player.java" OnceExecutedId="L2-1" OnceExecutedPrefix="csse376_puerto_rico.Player.java" OptBodyExec="true">
<StmntSeq Intrnl_Id="95">
<LocList>
<Loc EndOffset="1612" SrcFileId="3" StartOffset="1591"/>
</LocList>
<BasicStmnt CovItemId="S21" CovItemPrefix="csse376_puerto_rico.Player.java" Intrnl_Id="96">
<LocList>
<Loc EndOffset="1612" SrcFileId="3" StartOffset="1591"/>
</LocList>
</BasicStmnt>
</StmntSeq>
<Keyword EndOffset="1552" SrcFileId="3" StartOffset="1549"/>
<LocList>
<Loc EndOffset="1617" SrcFileId="3" StartOffset="1549"/>
</LocList>
</LoopStmnt>
</StmntSeq>
</HierarchyLvl>
<HierarchyLvl HierarchyLvlId="7511" HierarchyLvlTypeId="16" Intrnl_Id="97" Name="setPlayerNum">
<Header>
<Loc EndOffset="1657" SrcFileId="3" StartOffset="1626"/>
</Header>
<LocList>
<Loc EndOffset="1683" SrcFileId="3" StartOffset="1626"/>
</LocList>
<StmntSeq Intrnl_Id="98">
<LocList>
<Loc EndOffset="1677" SrcFileId="3" StartOffset="1663"/>
</LocList>
<BasicStmnt CovItemId="S22" CovItemPrefix="csse376_puerto_rico.Player.java" Intrnl_Id="99">
<LocList>
<Loc EndOffset="1677" SrcFileId="3" StartOffset="1663"/>
</LocList>
</BasicStmnt>
</StmntSeq>
</HierarchyLvl>
<HierarchyLvl HierarchyLvlId="7512" HierarchyLvlTypeId="16" Intrnl_Id="100" Name="getPlayerNum">
<Header>
<Loc EndOffset="1713" SrcFileId="3" StartOffset="1688"/>
</Header>
<LocList>
<Loc EndOffset="1740" SrcFileId="3" StartOffset="1688"/>
</LocList>
<StmntSeq Intrnl_Id="101">
<LocList>
<Loc EndOffset="1736" SrcFileId="3" StartOffset="1719"/>
</LocList>
<BasicStmnt CovItemId="S23" CovItemPrefix="csse376_puerto_rico.Player.java" Intrnl_Id="102">
<LocList>
<Loc EndOffset="1736" SrcFileId="3" StartOffset="1719"/>
</LocList>
</BasicStmnt>
</StmntSeq>
</HierarchyLvl>
<HierarchyLvl HierarchyLvlId="7513" HierarchyLvlTypeId="16" Intrnl_Id="103" Name="getRole">
<Header>
<Loc EndOffset="1768" SrcFileId="3" StartOffset="1745"/>
</Header>
<LocList>
<Loc EndOffset="1795" SrcFileId="3" StartOffset="1745"/>
</LocList>
<StmntSeq Intrnl_Id="104">
<LocList>
<Loc EndOffset="1791" SrcFileId="3" StartOffset="1774"/>
</LocList>
<BasicStmnt CovItemId="S24" CovItemPrefix="csse376_puerto_rico.Player.java" Intrnl_Id="105">
<LocList>
<Loc EndOffset="1791" SrcFileId="3" StartOffset="1774"/>
</LocList>
</BasicStmnt>
</StmntSeq>
</HierarchyLvl>
<HierarchyLvl HierarchyLvlId="7514" HierarchyLvlTypeId="16" Intrnl_Id="106" Name="getRoles">
<Header>
<Loc EndOffset="1837" SrcFileId="3" StartOffset="1800"/>
</Header>
<LocList>
<Loc EndOffset="1862" SrcFileId="3" StartOffset="1800"/>
</LocList>
<StmntSeq Intrnl_Id="107">
<LocList>
<Loc EndOffset="1858" SrcFileId="3" StartOffset="1845"/>
</LocList>
<BasicStmnt CovItemId="S25" CovItemPrefix="csse376_puerto_rico.Player.java" Intrnl_Id="108">
<LocList>
<Loc EndOffset="1858" SrcFileId="3" StartOffset="1845"/>
</LocList>
</BasicStmnt>
</StmntSeq>
</HierarchyLvl>
<HierarchyLvl HierarchyLvlId="7515" HierarchyLvlTypeId="16" Intrnl_Id="109" Name="getPoints">
<Header>
<Loc EndOffset="1889" SrcFileId="3" StartOffset="1867"/>
</Header>
<LocList>
<Loc EndOffset="1913" SrcFileId="3" StartOffset="1867"/>
</LocList>
<StmntSeq Intrnl_Id="110">
<LocList>
<Loc EndOffset="1909" SrcFileId="3" StartOffset="1895"/>
</LocList>
<BasicStmnt CovItemId="S26" CovItemPrefix="csse376_puerto_rico.Player.java" Intrnl_Id="111">
<LocList>
<Loc EndOffset="1909" SrcFileId="3" StartOffset="1895"/>
</LocList>
</BasicStmnt>
</StmntSeq>
</HierarchyLvl>
<HierarchyLvl HierarchyLvlId="7516" HierarchyLvlTypeId="16" Intrnl_Id="112" Name="getHUD">
<Header>
<Loc EndOffset="1943" SrcFileId="3" StartOffset="1918"/>
</Header>
<LocList>
<Loc EndOffset="1969" SrcFileId="3" StartOffset="1918"/>
</LocList>
<StmntSeq Intrnl_Id="113">
<LocList>
<Loc EndOffset="1965" SrcFileId="3" StartOffset="1949"/>
</LocList>
<BasicStmnt CovItemId="S27" CovItemPrefix="csse376_puerto_rico.Player.java" Intrnl_Id="114">
<LocList>
<Loc EndOffset="1965" SrcFileId="3" StartOffset="1949"/>
</LocList>
</BasicStmnt>
</StmntSeq>
</HierarchyLvl>
<HierarchyLvl HierarchyLvlId="7517" HierarchyLvlTypeId="16" Intrnl_Id="115" Name="setHUD">
<Header>
<Loc EndOffset="2007" SrcFileId="3" StartOffset="1974"/>
</Header>
<LocList>
<Loc EndOffset="2032" SrcFileId="3" StartOffset="1974"/>
</LocList>
<StmntSeq Intrnl_Id="116">
<LocList>
<Loc EndOffset="2028" SrcFileId="3" StartOffset="2013"/>
</LocList>
<BasicStmnt CovItemId="S28" CovItemPrefix="csse376_puerto_rico.Player.java" Intrnl_Id="117">
<LocList>
<Loc EndOffset="2028" SrcFileId="3" StartOffset="2013"/>
</LocList>
</BasicStmnt>
</StmntSeq>
</HierarchyLvl>
<HierarchyLvl HierarchyLvlId="7518" HierarchyLvlTypeId="16" Intrnl_Id="118" Name="isGovernor">
<Header>
<Loc EndOffset="2064" SrcFileId="3" StartOffset="2037"/>
</Header>
<LocList>
<Loc EndOffset="2092" SrcFileId="3" StartOffset="2037"/>
</LocList>
<StmntSeq Intrnl_Id="119">
<LocList>
<Loc EndOffset="2088" SrcFileId="3" StartOffset="2070"/>
</LocList>
<BasicStmnt CovItemId="S29" CovItemPrefix="csse376_puerto_rico.Player.java" Intrnl_Id="120">
<LocList>
<Loc EndOffset="2088" SrcFileId="3" StartOffset="2070"/>
</LocList>
</BasicStmnt>
</StmntSeq>
</HierarchyLvl>
<HierarchyLvl HierarchyLvlId="7519" HierarchyLvlTypeId="16" Intrnl_Id="121" Name="addPoints">
<Header>
<Loc EndOffset="2132" SrcFileId="3" StartOffset="2097"/>
</Header>
<LocList>
<Loc EndOffset="2179" SrcFileId="3" StartOffset="2097"/>
</LocList>
<StmntSeq Intrnl_Id="122">
<LocList>
<Loc EndOffset="2175" SrcFileId="3" StartOffset="2138"/>
</LocList>
<BasicStmnt CovItemId="S30" CovItemPrefix="csse376_puerto_rico.Player.java" Intrnl_Id="123">
<LocList>
<Loc EndOffset="2175" SrcFileId="3" StartOffset="2138"/>
</LocList>
</BasicStmnt>
</StmntSeq>
</HierarchyLvl>
<HierarchyLvl HierarchyLvlId="7520" HierarchyLvlTypeId="16" Intrnl_Id="124" Name="setPoints">
<Header>
<Loc EndOffset="2234" SrcFileId="3" StartOffset="2201"/>
</Header>
<LocList>
<Loc EndOffset="2314" SrcFileId="3" StartOffset="2201"/>
</LocList>
<StmntSeq Intrnl_Id="125">
<LocList>
<Loc EndOffset="2310" SrcFileId="3" StartOffset="2289"/>
</LocList>
<BasicStmnt CovItemId="S31" CovItemPrefix="csse376_puerto_rico.Player.java" Intrnl_Id="126">
<LocList>
<Loc EndOffset="2310" SrcFileId="3" StartOffset="2289"/>
</LocList>
</BasicStmnt>
</StmntSeq>
</HierarchyLvl>
<HierarchyLvl HierarchyLvlId="7521" HierarchyLvlTypeId="16" Intrnl_Id="127" Name="setRole">
<Header>
<Loc EndOffset="2353" SrcFileId="3" StartOffset="2319"/>
</Header>
<LocList>
<Loc EndOffset="2382" SrcFileId="3" StartOffset="2319"/>
</LocList>
<StmntSeq Intrnl_Id="128">
<LocList>
<Loc EndOffset="2378" SrcFileId="3" StartOffset="2359"/>
</LocList>
<BasicStmnt CovItemId="S32" CovItemPrefix="csse376_puerto_rico.Player.java" Intrnl_Id="129">
<LocList>
<Loc EndOffset="2378" SrcFileId="3" StartOffset="2359"/>
</LocList>
</BasicStmnt>
</StmntSeq>
</HierarchyLvl>
<HierarchyLvl HierarchyLvlId="7522" HierarchyLvlTypeId="16" Intrnl_Id="130" Name="addBuilding">
<Header>
<Loc EndOffset="2429" SrcFileId="3" StartOffset="2387"/>
</Header>
<LocList>
<Loc EndOffset="2463" SrcFileId="3" StartOffset="2387"/>
</LocList>
<StmntSeq Intrnl_Id="131">
<LocList>
<Loc EndOffset="2459" SrcFileId="3" StartOffset="2435"/>
</LocList>
<BasicStmnt CovItemId="S33" CovItemPrefix="csse376_puerto_rico.Player.java" Intrnl_Id="132">
<LocList>
<Loc EndOffset="2459" SrcFileId="3" StartOffset="2435"/>
</LocList>
</BasicStmnt>
</StmntSeq>
</HierarchyLvl>
<HierarchyLvl HierarchyLvlId="7523" HierarchyLvlTypeId="16" Intrnl_Id="133" Name="ownsBuilding">
<Header>
<Loc EndOffset="2513" SrcFileId="3" StartOffset="2469"/>
</Header>
<LocList>
<Loc EndOffset="2573" SrcFileId="3" StartOffset="2469"/>
</LocList>
<StmntSeq Intrnl_Id="134">
<LocList>
<Loc EndOffset="2569" SrcFileId="3" StartOffset="2518"/>
</LocList>
<BasicStmnt CovItemId="S34" CovItemPrefix="csse376_puerto_rico.Player.java" Intrnl_Id="135">
<LocList>
<Loc EndOffset="2569" SrcFileId="3" StartOffset="2518"/>
</LocList>
</BasicStmnt>
</StmntSeq>
</HierarchyLvl>
<HierarchyLvl HierarchyLvlId="7524" HierarchyLvlTypeId="16" Intrnl_Id="136" Name="ownsOccupiedBuilding">
<Header>
<Loc EndOffset="2631" SrcFileId="3" StartOffset="2579"/>
</Header>
<LocList>
<Loc EndOffset="2699" SrcFileId="3" StartOffset="2579"/>
</LocList>
<StmntSeq Intrnl_Id="137">
<LocList>
<Loc EndOffset="2695" SrcFileId="3" StartOffset="2636"/>
</LocList>
<BasicStmnt CovItemId="S35" CovItemPrefix="csse376_puerto_rico.Player.java" Intrnl_Id="138">
<LocList>
<Loc EndOffset="2695" SrcFileId="3" StartOffset="2636"/>
</LocList>
</BasicStmnt>
</StmntSeq>
</HierarchyLvl>
<HierarchyLvl HierarchyLvlId="7525" HierarchyLvlTypeId="16" Intrnl_Id="139" Name="getBuildingsStringList">
<Header>
<Loc EndOffset="2753" SrcFileId="3" StartOffset="2704"/>
</Header>
<LocList>
<Loc EndOffset="2891" SrcFileId="3" StartOffset="2704"/>
</LocList>
<StmntSeq Intrnl_Id="140">
<LocList>
<Loc EndOffset="2807" SrcFileId="3" StartOffset="2759"/>
<Loc EndOffset="2872" SrcFileId="3" StartOffset="2811"/>
<Loc EndOffset="2887" SrcFileId="3" StartOffset="2876"/>
</LocList>
<BasicStmnt CovItemId="S36" CovItemPrefix="csse376_puerto_rico.Player.java" Intrnl_Id="141">
<LocList>
<Loc EndOffset="2807" SrcFileId="3" StartOffset="2759"/>
</LocList>
</BasicStmnt>
<LoopStmnt CovItemId="S37" CovItemPrefix="csse376_puerto_rico.Player.java" Intrnl_Id="142" MltplExecId="L3-2" MltplExecPrefix="csse376_puerto_rico.Player.java" NvrExecId="L3-0" NvrExecPrefix="csse376_puerto_rico.Player.java" OnceExecutedId="L3-1" OnceExecutedPrefix="csse376_puerto_rico.Player.java" OptBodyExec="true">
<StmntSeq Intrnl_Id="143">
<LocList>
<Loc EndOffset="2867" SrcFileId="3" StartOffset="2851"/>
</LocList>
<BasicStmnt CovItemId="S38" CovItemPrefix="csse376_puerto_rico.Player.java" Intrnl_Id="144">
<LocList>
<Loc EndOffset="2867" SrcFileId="3" StartOffset="2851"/>
</LocList>
</BasicStmnt>
</StmntSeq>
<Keyword EndOffset="2814" SrcFileId="3" StartOffset="2811"/>
<LocList>
<Loc EndOffset="2872" SrcFileId="3" StartOffset="2811"/>
</LocList>
</LoopStmnt>
<BasicStmnt CovItemId="S39" CovItemPrefix="csse376_puerto_rico.Player.java" Intrnl_Id="145">
<LocList>
<Loc EndOffset="2887" SrcFileId="3" StartOffset="2876"/>
</LocList>
</BasicStmnt>
</StmntSeq>
</HierarchyLvl>
<HierarchyLvl HierarchyLvlId="7526" HierarchyLvlTypeId="16" Intrnl_Id="146" Name="getBuildings">
<Header>
<Loc EndOffset="2937" SrcFileId="3" StartOffset="2896"/>
</Header>
<LocList>
<Loc EndOffset="2969" SrcFileId="3" StartOffset="2896"/>
</LocList>
<StmntSeq Intrnl_Id="147">
<LocList>
<Loc EndOffset="2965" SrcFileId="3" StartOffset="2943"/>
</LocList>
<BasicStmnt CovItemId="S40" CovItemPrefix="csse376_puerto_rico.Player.java" Intrnl_Id="148">
<LocList>
<Loc EndOffset="2965" SrcFileId="3" StartOffset="2943"/>
</LocList>
</BasicStmnt>
</StmntSeq>
</HierarchyLvl>
<HierarchyLvl HierarchyLvlId="7527" HierarchyLvlTypeId="16" Intrnl_Id="149" Name="getBuilding">
<Header>
<Loc EndOffset="3019" SrcFileId="3" StartOffset="2975"/>
</Header>
<LocList>
<Loc EndOffset="3198" SrcFileId="3" StartOffset="2975"/>
</LocList>
<StmntSeq Intrnl_Id="150">
<LocList>
<Loc EndOffset="3178" SrcFileId="3" StartOffset="3024"/>
<Loc EndOffset="3194" SrcFileId="3" StartOffset="3182"/>
</LocList>
<CondStmnt CovItemId="S41" CovItemPrefix="csse376_puerto_rico.Player.java" Intrnl_Id="151">
<Branch CovItemId="B1" CovItemPrefix="csse376_puerto_rico.Player.java" Implct="false" Intrnl_Id="152">
<Cond/>
<LocList>
<Loc EndOffset="3178" SrcFileId="3" StartOffset="3076"/>
</LocList>
<StmntSeq Intrnl_Id="153">
<LocList>
<Loc EndOffset="3173" SrcFileId="3" StartOffset="3082"/>
</LocList>
<LoopStmnt CovItemId="S42" CovItemPrefix="csse376_puerto_rico.Player.java" Intrnl_Id="154" MltplExecId="L4-2" MltplExecPrefix="csse376_puerto_rico.Player.java" NvrExecId="L4-0" NvrExecPrefix="csse376_puerto_rico.Player.java" OnceExecutedId="L4-1" OnceExecutedPrefix="csse376_puerto_rico.Player.java" OptBodyExec="true">
<StmntSeq Intrnl_Id="155">
<LocList>
<Loc EndOffset="3167" SrcFileId="3" StartOffset="3121"/>
</LocList>
<CondStmnt CovItemId="S43" CovItemPrefix="csse376_puerto_rico.Player.java" Intrnl_Id="156">
<Branch CovItemId="B3" CovItemPrefix="csse376_puerto_rico.Player.java" Implct="false" Intrnl_Id="157">
<Cond/>
<LocList>
<Loc EndOffset="3167" SrcFileId="3" StartOffset="3143"/>
</LocList>
<StmntSeq Intrnl_Id="158">
<LocList>
<Loc EndOffset="3160" SrcFileId="3" StartOffset="3151"/>
</LocList>
<BasicStmnt CovItemId="S44" CovItemPrefix="csse376_puerto_rico.Player.java" Intrnl_Id="159">
<LocList>
<Loc EndOffset="3160" SrcFileId="3" StartOffset="3151"/>
</LocList>
</BasicStmnt>
</StmntSeq>
</Branch>
<Branch CovItemId="B4" CovItemPrefix="csse376_puerto_rico.Player.java" Implct="true" Intrnl_Id="160">
<Cond/>
<LocList/>
<StmntSeq Intrnl_Id="161">
<LocList/>
</StmntSeq>
</Branch>
<Keyword EndOffset="3123" SrcFileId="3" StartOffset="3121"/>
<LocList>
<Loc EndOffset="3167" SrcFileId="3" StartOffset="3121"/>
</LocList>
<RootTerm CovItemId="C2" CovItemPrefix="csse376_puerto_rico.Player.java" Intrnl_Id="162">
<BasicBoolTerm Intrnl_Id="163">
<LocList>
<Loc EndOffset="3142" SrcFileId="3" StartOffset="3124"/>
</LocList>
</BasicBoolTerm>
</RootTerm>
</CondStmnt>
</StmntSeq>
<Keyword EndOffset="3085" SrcFileId="3" StartOffset="3082"/>
<LocList>
<Loc EndOffset="3173" SrcFileId="3" StartOffset="3082"/>
</LocList>
</LoopStmnt>
</StmntSeq>
</Branch>
<Branch CovItemId="B2" CovItemPrefix="csse376_puerto_rico.Player.java" Implct="true" Intrnl_Id="164">
<Cond/>
<LocList/>
<StmntSeq Intrnl_Id="165">
<LocList/>
</StmntSeq>
</Branch>
<Keyword EndOffset="3026" SrcFileId="3" StartOffset="3024"/>
<LocList>
<Loc EndOffset="3178" SrcFileId="3" StartOffset="3024"/>
</LocList>
<RootTerm CovItemId="C1" CovItemPrefix="csse376_puerto_rico.Player.java" Intrnl_Id="166">
<BasicBoolTerm Intrnl_Id="167">
<LocList>
<Loc EndOffset="3075" SrcFileId="3" StartOffset="3027"/>
</LocList>
</BasicBoolTerm>
</RootTerm>
</CondStmnt>
<BasicStmnt CovItemId="S45" CovItemPrefix="csse376_puerto_rico.Player.java" Intrnl_Id="168">
<LocList>
<Loc EndOffset="3194" SrcFileId="3" StartOffset="3182"/>
</LocList>
</BasicStmnt>
</StmntSeq>
</HierarchyLvl>
<HierarchyLvl HierarchyLvlId="7528" HierarchyLvlTypeId="16" Intrnl_Id="169" Name="getOccupiedBuildings">
<Header>
<Loc EndOffset="3253" SrcFileId="3" StartOffset="3204"/>
</Header>
<LocList>
<Loc EndOffset="3471" SrcFileId="3" StartOffset="3204"/>
</LocList>
<StmntSeq Intrnl_Id="170">
<LocList>
<Loc EndOffset="3319" SrcFileId="3" StartOffset="3258"/>
<Loc EndOffset="3443" SrcFileId="3" StartOffset="3323"/>
<Loc EndOffset="3467" SrcFileId="3" StartOffset="3447"/>
</LocList>
<BasicStmnt CovItemId="S46" CovItemPrefix="csse376_puerto_rico.Player.java" Intrnl_Id="171">
<LocList>
<Loc EndOffset="3319" SrcFileId="3" StartOffset="3258"/>
</LocList>
</BasicStmnt>
<LoopStmnt CovItemId="S47" CovItemPrefix="csse376_puerto_rico.Player.java" Intrnl_Id="172" MltplExecId="L5-2" MltplExecPrefix="csse376_puerto_rico.Player.java" NvrExecId="L5-0" NvrExecPrefix="csse376_puerto_rico.Player.java" OnceExecutedId="L5-1" OnceExecutedPrefix="csse376_puerto_rico.Player.java" OptBodyExec="true">
<StmntSeq Intrnl_Id="173">
<LocList>
<Loc EndOffset="3438" SrcFileId="3" StartOffset="3360"/>
</LocList>
<CondStmnt CovItemId="S48" CovItemPrefix="csse376_puerto_rico.Player.java" Intrnl_Id="174">
<Branch CovItemId="B5" CovItemPrefix="csse376_puerto_rico.Player.java" Implct="false" Intrnl_Id="175">
<Cond/>
<LocList>
<Loc EndOffset="3438" SrcFileId="3" StartOffset="3405"/>
</LocList>
<StmntSeq Intrnl_Id="176">
<LocList>
<Loc EndOffset="3432" SrcFileId="3" StartOffset="3412"/>
</LocList>
<BasicStmnt CovItemId="S49" CovItemPrefix="csse376_puerto_rico.Player.java" Intrnl_Id="177">
<LocList>
<Loc EndOffset="3432" SrcFileId="3" StartOffset="3412"/>
</LocList>
</BasicStmnt>
</StmntSeq>
</Branch>
<Branch CovItemId="B6" CovItemPrefix="csse376_puerto_rico.Player.java" Implct="true" Intrnl_Id="178">
<Cond/>
<LocList/>
<StmntSeq Intrnl_Id="179">
<LocList/>
</StmntSeq>
</Branch>
<Keyword EndOffset="3362" SrcFileId="3" StartOffset="3360"/>
<LocList>
<Loc EndOffset="3438" SrcFileId="3" StartOffset="3360"/>
</LocList>
<RootTerm CovItemId="C3" CovItemPrefix="csse376_puerto_rico.Player.java" Intrnl_Id="180">
<BasicBoolTerm Intrnl_Id="181">
<LocList>
<Loc EndOffset="3404" SrcFileId="3" StartOffset="3363"/>
</LocList>
</BasicBoolTerm>
</RootTerm>
</CondStmnt>
</StmntSeq>
<Keyword EndOffset="3326" SrcFileId="3" StartOffset="3323"/>
<LocList>
<Loc EndOffset="3443" SrcFileId="3" StartOffset="3323"/>
</LocList>
</LoopStmnt>
<BasicStmnt CovItemId="S50" CovItemPrefix="csse376_puerto_rico.Player.java" Intrnl_Id="182">
<LocList>
<Loc EndOffset="3467" SrcFileId="3" StartOffset="3447"/>
</LocList>
</BasicStmnt>
</StmntSeq>
</HierarchyLvl>
<HierarchyLvl HierarchyLvlId="7529" HierarchyLvlTypeId="16" Intrnl_Id="183" Name="getOccupiedBuildingsStringList">
<Header>
<Loc EndOffset="3534" SrcFileId="3" StartOffset="3477"/>
</Header>
<LocList>
<Loc EndOffset="3685" SrcFileId="3" StartOffset="3477"/>
</LocList>
<StmntSeq Intrnl_Id="184">
<LocList>
<Loc EndOffset="3588" SrcFileId="3" StartOffset="3540"/>
<Loc EndOffset="3666" SrcFileId="3" StartOffset="3592"/>
<Loc EndOffset="3681" SrcFileId="3" StartOffset="3670"/>
</LocList>
<BasicStmnt CovItemId="S51" CovItemPrefix="csse376_puerto_rico.Player.java" Intrnl_Id="185">
<LocList>
<Loc EndOffset="3588" SrcFileId="3" StartOffset="3540"/>
</LocList>
</BasicStmnt>
<LoopStmnt CovItemId="S52" CovItemPrefix="csse376_puerto_rico.Player.java" Intrnl_Id="186" MltplExecId="L6-2" MltplExecPrefix="csse376_puerto_rico.Player.java" NvrExecId="L6-0" NvrExecPrefix="csse376_puerto_rico.Player.java" OnceExecutedId="L6-1" OnceExecutedPrefix="csse376_puerto_rico.Player.java" OptBodyExec="true">
<StmntSeq Intrnl_Id="187">
<LocList>
<Loc EndOffset="3661" SrcFileId="3" StartOffset="3645"/>
</LocList>
<BasicStmnt CovItemId="S53" CovItemPrefix="csse376_puerto_rico.Player.java" Intrnl_Id="188">
<LocList>
<Loc EndOffset="3661" SrcFileId="3" StartOffset="3645"/>
</LocList>
</BasicStmnt>
</StmntSeq>
<Keyword EndOffset="3595" SrcFileId="3" StartOffset="3592"/>
<LocList>
<Loc EndOffset="3666" SrcFileId="3" StartOffset="3592"/>
</LocList>
</LoopStmnt>
<BasicStmnt CovItemId="S54" CovItemPrefix="csse376_puerto_rico.Player.java" Intrnl_Id="189">
<LocList>
<Loc EndOffset="3681" SrcFileId="3" StartOffset="3670"/>
</LocList>
</BasicStmnt>
</StmntSeq>
</HierarchyLvl>
<HierarchyLvl HierarchyLvlId="7530" HierarchyLvlTypeId="16" Intrnl_Id="190" Name="getGoods">
<Header>
<Loc EndOffset="3720" SrcFileId="3" StartOffset="3690"/>
</Header>
<LocList>
<Loc EndOffset="4266" SrcFileId="3" StartOffset="3690"/>
</LocList>
<StmntSeq Intrnl_Id="191">
<LocList>
<Loc EndOffset="3775" SrcFileId="3" StartOffset="3732"/>
<Loc EndOffset="3859" SrcFileId="3" StartOffset="3779"/>
<Loc EndOffset="3946" SrcFileId="3" StartOffset="3863"/>
<Loc EndOffset="4019" SrcFileId="3" StartOffset="3950"/>
<Loc EndOffset="4095" SrcFileId="3" StartOffset="4023"/>
<Loc EndOffset="4179" SrcFileId="3" StartOffset="4099"/>
<Loc EndOffset="4247" SrcFileId="3" StartOffset="4183"/>
<Loc EndOffset="4262" SrcFileId="3" StartOffset="4251"/>
</LocList>
<BasicStmnt CovItemId="S55" CovItemPrefix="csse376_puerto_rico.Player.java" Intrnl_Id="192">
<LocList>
<Loc EndOffset="3775" SrcFileId="3" StartOffset="3732"/>
</LocList>
</BasicStmnt>
<BasicStmnt CovItemId="S56" CovItemPrefix="csse376_puerto_rico.Player.java" Intrnl_Id="193">
<LocList>
<Loc EndOffset="3859" SrcFileId="3" StartOffset="3779"/>
</LocList>
</BasicStmnt>
<BasicStmnt CovItemId="S57" CovItemPrefix="csse376_puerto_rico.Player.java" Intrnl_Id="194">
<LocList>
<Loc EndOffset="3946" SrcFileId="3" StartOffset="3863"/>
</LocList>
</BasicStmnt>
<BasicStmnt CovItemId="S58" CovItemPrefix="csse376_puerto_rico.Player.java" Intrnl_Id="195">
<LocList>
<Loc EndOffset="4019" SrcFileId="3" StartOffset="3950"/>
</LocList>
</BasicStmnt>
<BasicStmnt CovItemId="S59" CovItemPrefix="csse376_puerto_rico.Player.java" Intrnl_Id="196">
<LocList>
<Loc EndOffset="4095" SrcFileId="3" StartOffset="4023"/>
</LocList>
</BasicStmnt>
<BasicStmnt CovItemId="S60" CovItemPrefix="csse376_puerto_rico.Player.java" Intrnl_Id="197">
<LocList>
<Loc EndOffset="4179" SrcFileId="3" StartOffset="4099"/>
</LocList>
</BasicStmnt>
<BasicStmnt CovItemId="S61" CovItemPrefix="csse376_puerto_rico.Player.java" Intrnl_Id="198">
<LocList>
<Loc EndOffset="4247" SrcFileId="3" StartOffset="4183"/>
</LocList>
</BasicStmnt>
<BasicStmnt CovItemId="S62" CovItemPrefix="csse376_puerto_rico.Player.java" Intrnl_Id="199">
<LocList>
<Loc EndOffset="4262" SrcFileId="3" StartOffset="4251"/>
</LocList>
</BasicStmnt>
</StmntSeq>
</HierarchyLvl>
<HierarchyLvl HierarchyLvlId="7531" HierarchyLvlTypeId="16" Intrnl_Id="200" Name="getNumberOfGood">
<Header>
<Loc EndOffset="4310" SrcFileId="3" StartOffset="4271"/>
</Header>
<LocList>
<Loc EndOffset="4451" SrcFileId="3" StartOffset="4271"/>
</LocList>
<StmntSeq Intrnl_Id="201">
<LocList>
<Loc EndOffset="4413" SrcFileId="3" StartOffset="4359"/>
<Loc EndOffset="4445" SrcFileId="3" StartOffset="4417"/>
</LocList>
<CondStmnt CovItemId="S63" CovItemPrefix="csse376_puerto_rico.Player.java" Intrnl_Id="202">
<Branch CovItemId="B7" CovItemPrefix="csse376_puerto_rico.Player.java" Implct="false" Intrnl_Id="203">
<Cond/>
<LocList>
<Loc EndOffset="4413" SrcFileId="3" StartOffset="4393"/>
</LocList>
<StmntSeq Intrnl_Id="204">
<LocList>
<Loc EndOffset="4408" SrcFileId="3" StartOffset="4399"/>
</LocList>
<BasicStmnt CovItemId="S64" CovItemPrefix="csse376_puerto_rico.Player.java" Intrnl_Id="205">
<LocList>
<Loc EndOffset="4408" SrcFileId="3" StartOffset="4399"/>
</LocList>
</BasicStmnt>
</StmntSeq>
</Branch>
<Branch CovItemId="B8" CovItemPrefix="csse376_puerto_rico.Player.java" Implct="true" Intrnl_Id="206">
<Cond/>
<LocList/>
<StmntSeq Intrnl_Id="207">
<LocList/>
</StmntSeq>
</Branch>
<Keyword EndOffset="4361" SrcFileId="3" StartOffset="4359"/>
<LocList>
<Loc EndOffset="4413" SrcFileId="3" StartOffset="4359"/>
</LocList>
<RootTerm CovItemId="C4" CovItemPrefix="csse376_puerto_rico.Player.java" Intrnl_Id="208">
<BasicBoolTerm Intrnl_Id="209">
<LocList>
<Loc EndOffset="4391" SrcFileId="3" StartOffset="4363"/>
</LocList>
</BasicBoolTerm>
</RootTerm>
</CondStmnt>
<BasicStmnt CovItemId="S65" CovItemPrefix="csse376_puerto_rico.Player.java" Intrnl_Id="210">
<LocList>
<Loc EndOffset="4445" SrcFileId="3" StartOffset="4417"/>
</LocList>
</BasicStmnt>
</StmntSeq>
</HierarchyLvl>
<HierarchyLvl HierarchyLvlId="7532" HierarchyLvlTypeId="16" Intrnl_Id="211" Name="getAllGoods">
<Header>
<Loc EndOffset="4489" SrcFileId="3" StartOffset="4456"/>
</Header>
<LocList>
<Loc EndOffset="4655" SrcFileId="3" StartOffset="4456"/>
</LocList>
<StmntSeq Intrnl_Id="212">
<LocList>
<Loc EndOffset="4538" SrcFileId="3" StartOffset="4495"/>
<Loc EndOffset="4636" SrcFileId="3" StartOffset="4542"/>
<Loc EndOffset="4651" SrcFileId="3" StartOffset="4640"/>
</LocList>
<BasicStmnt CovItemId="S66" CovItemPrefix="csse376_puerto_rico.Player.java" Intrnl_Id="213">
<LocList>
<Loc EndOffset="4538" SrcFileId="3" StartOffset="4495"/>
</LocList>
</BasicStmnt>
<BasicStmnt CovItemId="S67" CovItemPrefix="csse376_puerto_rico.Player.java" Intrnl_Id="214">
<LocList>
<Loc EndOffset="4636" SrcFileId="3" StartOffset="4542"/>
</LocList>
</BasicStmnt>
<BasicStmnt CovItemId="S68" CovItemPrefix="csse376_puerto_rico.Player.java" Intrnl_Id="215">
<LocList>
<Loc EndOffset="4651" SrcFileId="3" StartOffset="4640"/>
</LocList>
</BasicStmnt>
</StmntSeq>
</HierarchyLvl>
<HierarchyLvl HierarchyLvlId="7533" HierarchyLvlTypeId="16" Intrnl_Id="216" Name="addGood">
<Header>
<Loc EndOffset="4704" SrcFileId="3" StartOffset="4660"/>
</Header>
<LocList>
<Loc EndOffset="4804" SrcFileId="3" StartOffset="4660"/>
</LocList>
<StmntSeq Intrnl_Id="217">
<LocList>
<Loc EndOffset="4800" SrcFileId="3" StartOffset="4748"/>
</LocList>
<BasicStmnt CovItemId="S69" CovItemPrefix="csse376_puerto_rico.Player.java" Intrnl_Id="218">
<LocList>
<Loc EndOffset="4800" SrcFileId="3" StartOffset="4748"/>
</LocList>
</BasicStmnt>
</StmntSeq>
</HierarchyLvl>
<HierarchyLvl HierarchyLvlId="7534" HierarchyLvlTypeId="16" Intrnl_Id="219" Name="toString">
<Header>
<Loc EndOffset="4845" SrcFileId="3" StartOffset="4809"/>
</Header>
<LocList>
<Loc EndOffset="5743" SrcFileId="3" StartOffset="4809"/>
</LocList>
<StmntSeq Intrnl_Id="220">
<LocList>
<Loc EndOffset="4867" SrcFileId="3" StartOffset="4851"/>
<Loc EndOffset="4896" SrcFileId="3" StartOffset="4871"/>
<Loc EndOffset="4946" SrcFileId="3" StartOffset="4900"/>
<Loc EndOffset="4977" SrcFileId="3" StartOffset="4950"/>
<Loc EndOffset="5103" SrcFileId="3" StartOffset="4981"/>
<Loc EndOffset="5243" SrcFileId="3" StartOffset="5107"/>
<Loc EndOffset="5724" SrcFileId="3" StartOffset="5247"/>
<Loc EndOffset="5739" SrcFileId="3" StartOffset="5728"/>
</LocList>
<BasicStmnt CovItemId="S70" CovItemPrefix="csse376_puerto_rico.Player.java" Intrnl_Id="221">
<LocList>
<Loc EndOffset="4867" SrcFileId="3" StartOffset="4851"/>
</LocList>
</BasicStmnt>
<BasicStmnt CovItemId="S71" CovItemPrefix="csse376_puerto_rico.Player.java" Intrnl_Id="222">
<LocList>
<Loc EndOffset="4896" SrcFileId="3" StartOffset="4871"/>
</LocList>
</BasicStmnt>
<BasicStmnt CovItemId="S72" CovItemPrefix="csse376_puerto_rico.Player.java" Intrnl_Id="223">
<LocList>
<Loc EndOffset="4946" SrcFileId="3" StartOffset="4900"/>
</LocList>
</BasicStmnt>
<BasicStmnt CovItemId="S73" CovItemPrefix="csse376_puerto_rico.Player.java" Intrnl_Id="224">
<LocList>
<Loc EndOffset="4977" SrcFileId="3" StartOffset="4950"/>
</LocList>
</BasicStmnt>
<LoopStmnt CovItemId="S74" CovItemPrefix="csse376_puerto_rico.Player.java" Intrnl_Id="225" MltplExecId="L7-2" MltplExecPrefix="csse376_puerto_rico.Player.java" NvrExecId="L7-0" NvrExecPrefix="csse376_puerto_rico.Player.java" OnceExecutedId="L7-1" OnceExecutedPrefix="csse376_puerto_rico.Player.java" OptBodyExec="true">
<StmntSeq Intrnl_Id="226">
<LocList>
<Loc EndOffset="5098" SrcFileId="3" StartOffset="5035"/>
</LocList>
<BasicStmnt CovItemId="S75" CovItemPrefix="csse376_puerto_rico.Player.java" Intrnl_Id="227">
<LocList>
<Loc EndOffset="5098" SrcFileId="3" StartOffset="5035"/>
</LocList>
</BasicStmnt>
</StmntSeq>
<Keyword EndOffset="4984" SrcFileId="3" StartOffset="4981"/>
<LocList>
<Loc EndOffset="5103" SrcFileId="3" StartOffset="4981"/>
</LocList>
<RootTerm CovItemId="C5" CovItemPrefix="csse376_puerto_rico.Player.java" Intrnl_Id="228">
<BasicBoolTerm Intrnl_Id="229">
<LocList>
<Loc EndOffset="5022" SrcFileId="3" StartOffset="4997"/>
</LocList>
</BasicBoolTerm>
</RootTerm>
</LoopStmnt>
<LoopStmnt CovItemId="S76" CovItemPrefix="csse376_puerto_rico.Player.java" Intrnl_Id="230" MltplExecId="L8-2" MltplExecPrefix="csse376_puerto_rico.Player.java" NvrExecId="L8-0" NvrExecPrefix="csse376_puerto_rico.Player.java" OnceExecutedId="L8-1" OnceExecutedPrefix="csse376_puerto_rico.Player.java" OptBodyExec="true">
<StmntSeq Intrnl_Id="231">
<LocList>
<Loc EndOffset="5238" SrcFileId="3" StartOffset="5163"/>
</LocList>
<BasicStmnt CovItemId="S77" CovItemPrefix="csse376_puerto_rico.Player.java" Intrnl_Id="232">
<LocList>
<Loc EndOffset="5238" SrcFileId="3" StartOffset="5163"/>
</LocList>
</BasicStmnt>
</StmntSeq>
<Keyword EndOffset="5110" SrcFileId="3" StartOffset="5107"/>
<LocList>
<Loc EndOffset="5243" SrcFileId="3" StartOffset="5107"/>
</LocList>
<RootTerm CovItemId="C6" CovItemPrefix="csse376_puerto_rico.Player.java" Intrnl_Id="233">
<BasicBoolTerm Intrnl_Id="234">
<LocList>
<Loc EndOffset="5150" SrcFileId="3" StartOffset="5123"/>
</LocList>
</BasicBoolTerm>
</RootTerm>
</LoopStmnt>
<CondStmnt CovItemId="S78" CovItemPrefix="csse376_puerto_rico.Player.java" Intrnl_Id="235">
<Branch CovItemId="B9" CovItemPrefix="csse376_puerto_rico.Player.java" Implct="false" Intrnl_Id="236">
<Cond/>
<LocList>
<Loc EndOffset="5496" SrcFileId="3" StartOffset="5263"/>
</LocList>
<StmntSeq Intrnl_Id="237">
<LocList>
<Loc EndOffset="5491" SrcFileId="3" StartOffset="5269"/>
</LocList>
<BasicStmnt CovItemId="S79" CovItemPrefix="csse376_puerto_rico.Player.java" Intrnl_Id="238">
<LocList>
<Loc EndOffset="5491" SrcFileId="3" StartOffset="5269"/>
</LocList>
</BasicStmnt>
</StmntSeq>
</Branch>
<Branch CovItemId="B10" CovItemPrefix="csse376_puerto_rico.Player.java" Implct="false" Intrnl_Id="239">
<Cond>
<Loc EndOffset="5501" SrcFileId="3" StartOffset="5497"/>
</Cond>
<LocList>
<Loc EndOffset="5724" SrcFileId="3" StartOffset="5502"/>
</LocList>
<StmntSeq Intrnl_Id="240">
<LocList>
<Loc EndOffset="5719" SrcFileId="3" StartOffset="5508"/>
</LocList>
<BasicStmnt CovItemId="S80" CovItemPrefix="csse376_puerto_rico.Player.java" Intrnl_Id="241">
<LocList>
<Loc EndOffset="5719" SrcFileId="3" StartOffset="5508"/>
</LocList>
</BasicStmnt>
</StmntSeq>
</Branch>
<Keyword EndOffset="5249" SrcFileId="3" StartOffset="5247"/>
<LocList>
<Loc EndOffset="5724" SrcFileId="3" StartOffset="5247"/>
</LocList>
<RootTerm CovItemId="C7" CovItemPrefix="csse376_puerto_rico.Player.java" Intrnl_Id="242">
<BasicBoolTerm Intrnl_Id="243">
<LocList>
<Loc EndOffset="5261" SrcFileId="3" StartOffset="5251"/>
</LocList>
</BasicBoolTerm>
</RootTerm>
</CondStmnt>
<BasicStmnt CovItemId="S81" CovItemPrefix="csse376_puerto_rico.Player.java" Intrnl_Id="244">
<LocList>
<Loc EndOffset="5739" SrcFileId="3" StartOffset="5728"/>
</LocList>
</BasicStmnt>
</StmntSeq>
</HierarchyLvl>
<HierarchyLvl HierarchyLvlId="7535" HierarchyLvlTypeId="16" Intrnl_Id="245" Name="updatePlayerInfo">
<Header>
<Loc EndOffset="5778" SrcFileId="3" StartOffset="5748"/>
</Header>
<LocList>
<Loc EndOffset="5822" SrcFileId="3" StartOffset="5748"/>
</LocList>
<StmntSeq Intrnl_Id="246">
<LocList>
<Loc EndOffset="5818" SrcFileId="3" StartOffset="5784"/>
</LocList>
<BasicStmnt CovItemId="S82" CovItemPrefix="csse376_puerto_rico.Player.java" Intrnl_Id="247">
<LocList>
<Loc EndOffset="5818" SrcFileId="3" StartOffset="5784"/>
</LocList>
</BasicStmnt>
</StmntSeq>
</HierarchyLvl>
<HierarchyLvl HierarchyLvlId="7536" HierarchyLvlTypeId="16" Intrnl_Id="248" Name="getPlantations">
<Header>
<Loc EndOffset="5872" SrcFileId="3" StartOffset="5827"/>
</Header>
<LocList>
<Loc EndOffset="5906" SrcFileId="3" StartOffset="5827"/>
</LocList>
<StmntSeq Intrnl_Id="249">
<LocList>
<Loc EndOffset="5902" SrcFileId="3" StartOffset="5878"/>
</LocList>
<BasicStmnt CovItemId="S83" CovItemPrefix="csse376_puerto_rico.Player.java" Intrnl_Id="250">
<LocList>
<Loc EndOffset="5902" SrcFileId="3" StartOffset="5878"/>
</LocList>
</BasicStmnt>
</StmntSeq>
</HierarchyLvl>
<HierarchyLvl HierarchyLvlId="7537" HierarchyLvlTypeId="16" Intrnl_Id="251" Name="addPlantations">
<Header>
<Loc EndOffset="5953" SrcFileId="3" StartOffset="5911"/>
</Header>
<LocList>
<Loc EndOffset="5989" SrcFileId="3" StartOffset="5911"/>
</LocList>
<StmntSeq Intrnl_Id="252">
<LocList>
<Loc EndOffset="5985" SrcFileId="3" StartOffset="5959"/>
</LocList>
<BasicStmnt CovItemId="S84" CovItemPrefix="csse376_puerto_rico.Player.java" Intrnl_Id="253">
<LocList>
<Loc EndOffset="5985" SrcFileId="3" StartOffset="5959"/>
</LocList>
</BasicStmnt>
</StmntSeq>
</HierarchyLvl>
<HierarchyLvl HierarchyLvlId="7538" HierarchyLvlTypeId="16" Intrnl_Id="254" Name="getPlantationsStringList">
<Header>
<Loc EndOffset="6045" SrcFileId="3" StartOffset="5994"/>
</Header>
<LocList>
<Loc EndOffset="6187" SrcFileId="3" StartOffset="5994"/>
</LocList>
<StmntSeq Intrnl_Id="255">
<LocList>
<Loc EndOffset="6099" SrcFileId="3" StartOffset="6051"/>
<Loc EndOffset="6168" SrcFileId="3" StartOffset="6103"/>
<Loc EndOffset="6183" SrcFileId="3" StartOffset="6172"/>
</LocList>
<BasicStmnt CovItemId="S85" CovItemPrefix="csse376_puerto_rico.Player.java" Intrnl_Id="256">
<LocList>
<Loc EndOffset="6099" SrcFileId="3" StartOffset="6051"/>
</LocList>
</BasicStmnt>
<LoopStmnt CovItemId="S86" CovItemPrefix="csse376_puerto_rico.Player.java" Intrnl_Id="257" MltplExecId="L9-2" MltplExecPrefix="csse376_puerto_rico.Player.java" NvrExecId="L9-0" NvrExecPrefix="csse376_puerto_rico.Player.java" OnceExecutedId="L9-1" OnceExecutedPrefix="csse376_puerto_rico.Player.java" OptBodyExec="true">
<StmntSeq Intrnl_Id="258">
<LocList>
<Loc EndOffset="6163" SrcFileId="3" StartOffset="6147"/>
</LocList>
<BasicStmnt CovItemId="S87" CovItemPrefix="csse376_puerto_rico.Player.java" Intrnl_Id="259">
<LocList>
<Loc EndOffset="6163" SrcFileId="3" StartOffset="6147"/>
</LocList>
</BasicStmnt>
</StmntSeq>
<Keyword EndOffset="6106" SrcFileId="3" StartOffset="6103"/>
<LocList>
<Loc EndOffset="6168" SrcFileId="3" StartOffset="6103"/>
</LocList>
</LoopStmnt>
<BasicStmnt CovItemId="S88" CovItemPrefix="csse376_puerto_rico.Player.java" Intrnl_Id="260">
<LocList>
<Loc EndOffset="6183" SrcFileId="3" StartOffset="6172"/>
</LocList>
</BasicStmnt>
</StmntSeq>
</HierarchyLvl>
<HierarchyLvl HierarchyLvlId="7539" HierarchyLvlTypeId="16" Intrnl_Id="261" Name="checkPlantation">
<Header>
<Loc EndOffset="6344" SrcFileId="3" StartOffset="6315"/>
</Header>
<LocList>
<Loc EndOffset="6489" SrcFileId="3" StartOffset="6315"/>
</LocList>
<StmntSeq Intrnl_Id="262">
<LocList>
<Loc EndOffset="6485" SrcFileId="3" StartOffset="6350"/>
</LocList>
<LoopStmnt CovItemId="S89" CovItemPrefix="csse376_puerto_rico.Player.java" Intrnl_Id="263" MltplExecId="L10-2" MltplExecPrefix="csse376_puerto_rico.Player.java" NvrExecId="L10-0" NvrExecPrefix="csse376_puerto_rico.Player.java" OnceExecutedId="L10-1" OnceExecutedPrefix="csse376_puerto_rico.Player.java" OptBodyExec="true">
<StmntSeq Intrnl_Id="264">
<LocList>
<Loc EndOffset="6480" SrcFileId="3" StartOffset="6394"/>
</LocList>
<CondStmnt CovItemId="S90" CovItemPrefix="csse376_puerto_rico.Player.java" Intrnl_Id="265">
<Branch CovItemId="B11" CovItemPrefix="csse376_puerto_rico.Player.java" Implct="false" Intrnl_Id="266">
<Cond/>
<LocList>
<Loc EndOffset="6480" SrcFileId="3" StartOffset="6411"/>
</LocList>
<StmntSeq Intrnl_Id="267">
<LocList>
<Loc EndOffset="6474" SrcFileId="3" StartOffset="6450"/>
</LocList>
<BasicStmnt CovItemId="S91" CovItemPrefix="csse376_puerto_rico.Player.java" Intrnl_Id="268">
<LocList>
<Loc EndOffset="6474" SrcFileId="3" StartOffset="6450"/>
</LocList>
</BasicStmnt>
</StmntSeq>
</Branch>
<Branch CovItemId="B12" CovItemPrefix="csse376_puerto_rico.Player.java" Implct="true" Intrnl_Id="269">
<Cond/>
<LocList/>
<StmntSeq Intrnl_Id="270">
<LocList/>
</StmntSeq>
</Branch>
<Keyword EndOffset="6396" SrcFileId="3" StartOffset="6394"/>
<LocList>
<Loc EndOffset="6480" SrcFileId="3" StartOffset="6394"/>
</LocList>
<RootTerm CovItemId="C8" CovItemPrefix="csse376_puerto_rico.Player.java" Intrnl_Id="271">
<BasicBoolTerm Intrnl_Id="272">
<LocList>
<Loc EndOffset="6409" SrcFileId="3" StartOffset="6398"/>
</LocList>
</BasicBoolTerm>
</RootTerm>
</CondStmnt>
</StmntSeq>
<Keyword EndOffset="6353" SrcFileId="3" StartOffset="6350"/>
<LocList>
<Loc EndOffset="6485" SrcFileId="3" StartOffset="6350"/>
</LocList>
</LoopStmnt>
</StmntSeq>
</HierarchyLvl>
<HierarchyLvl HierarchyLvlId="7540" HierarchyLvlTypeId="16" Intrnl_Id="273" Name="getDoubloons">
<Header>
<Loc EndOffset="6519" SrcFileId="3" StartOffset="6494"/>
</Header>
<LocList>
<Loc EndOffset="6551" SrcFileId="3" StartOffset="6494"/>
</LocList>
<StmntSeq Intrnl_Id="274">
<LocList>
<Loc EndOffset="6547" SrcFileId="3" StartOffset="6525"/>
</LocList>
<BasicStmnt CovItemId="S92" CovItemPrefix="csse376_puerto_rico.Player.java" Intrnl_Id="275">
<LocList>
<Loc EndOffset="6547" SrcFileId="3" StartOffset="6525"/>
</LocList>
</BasicStmnt>
</StmntSeq>
</HierarchyLvl>
<HierarchyLvl HierarchyLvlId="7541" HierarchyLvlTypeId="16" Intrnl_Id="276" Name="setDoubloons">
<Header>
<Loc EndOffset="6589" SrcFileId="3" StartOffset="6556"/>
</Header>
<LocList>
<Loc EndOffset="6620" SrcFileId="3" StartOffset="6556"/>
</LocList>
<StmntSeq Intrnl_Id="277">
<LocList>
<Loc EndOffset="6616" SrcFileId="3" StartOffset="6595"/>
</LocList>
<BasicStmnt CovItemId="S93" CovItemPrefix="csse376_puerto_rico.Player.java" Intrnl_Id="278">
<LocList>
<Loc EndOffset="6616" SrcFileId="3" StartOffset="6595"/>
</LocList>
</BasicStmnt>
</StmntSeq>
</HierarchyLvl>
<HierarchyLvl HierarchyLvlId="7542" HierarchyLvlTypeId="16" Intrnl_Id="279" Name="sellGood">
<Header>
<Loc EndOffset="6662" SrcFileId="3" StartOffset="6625"/>
</Header>
<LocList>
<Loc EndOffset="6715" SrcFileId="3" StartOffset="6625"/>
</LocList>
<StmntSeq Intrnl_Id="280">
<LocList>
<Loc EndOffset="6709" SrcFileId="3" StartOffset="6668"/>
</LocList>
<BasicStmnt CovItemId="S94" CovItemPrefix="csse376_puerto_rico.Player.java" Intrnl_Id="281">
<LocList>
<Loc EndOffset="6709" SrcFileId="3" StartOffset="6668"/>
</LocList>
</BasicStmnt>
</StmntSeq>
</HierarchyLvl>
</HierarchyLvl>
<HierarchyLvl HierarchyLvlId="7545" HierarchyLvlTypeId="15" Intrnl_Id="282" Name="MenuGUI">
<Header>
<Loc EndOffset="297" SrcFileId="4" StartOffset="277"/>
</Header>
<LocList>
<Loc EndOffset="1547" SrcFileId="4" StartOffset="277"/>
</LocList>
<StmntSeq Intrnl_Id="283">
<LocList>
<Loc EndOffset="372" SrcFileId="4" StartOffset="340"/>
</LocList>
<BasicStmnt CovItemId="S1" CovItemPrefix="csse376_puerto_rico.MenuGUI.java" Intrnl_Id="284">
<LocList>
<Loc EndOffset="372" SrcFileId="4" StartOffset="340"/>
</LocList>
</BasicStmnt>
</StmntSeq>
<HierarchyLvl HierarchyLvlId="7544" HierarchyLvlTypeId="16" Intrnl_Id="285" Name="MenuGUI">
<Header>
<Loc EndOffset="459" SrcFileId="4" StartOffset="443"/>
</Header>
<LocList>
<Loc EndOffset="1542" SrcFileId="4" StartOffset="443"/>
</LocList>
<StmntSeq Intrnl_Id="286">
<LocList>
<Loc EndOffset="513" SrcFileId="4" StartOffset="474"/>
<Loc EndOffset="560" SrcFileId="4" StartOffset="526"/>
<Loc EndOffset="605" SrcFileId="4" StartOffset="573"/>
<Loc EndOffset="680" SrcFileId="4" StartOffset="618"/>
<Loc EndOffset="882" SrcFileId="4" StartOffset="851"/>
<Loc EndOffset="929" SrcFileId="4" StartOffset="895"/>
<Loc EndOffset="996" SrcFileId="4" StartOffset="955"/>
<Loc EndOffset="1055" SrcFileId="4" StartOffset="1009"/>
<Loc EndOffset="1117" SrcFileId="4" StartOffset="1081"/>
<Loc EndOffset="1185" SrcFileId="4" StartOffset="1143"/>
<Loc EndOffset="1260" SrcFileId="4" StartOffset="1198"/>
<Loc EndOffset="1308" SrcFileId="4" StartOffset="1273"/>
<Loc EndOffset="1359" SrcFileId="4" StartOffset="1334"/>
<Loc EndOffset="1394" SrcFileId="4" StartOffset="1372"/>
<Loc EndOffset="1469" SrcFileId="4" StartOffset="1420"/>
<Loc EndOffset="1534" SrcFileId="4" StartOffset="1482"/>
</LocList>
<BasicStmnt CovItemId="S2" CovItemPrefix="csse376_puerto_rico.MenuGUI.java" Intrnl_Id="287">
<LocList>
<Loc EndOffset="513" SrcFileId="4" StartOffset="474"/>
</LocList>
</BasicStmnt>
<BasicStmnt CovItemId="S3" CovItemPrefix="csse376_puerto_rico.MenuGUI.java" Intrnl_Id="288">
<LocList>
<Loc EndOffset="560" SrcFileId="4" StartOffset="526"/>
</LocList>
</BasicStmnt>
<BasicStmnt CovItemId="S4" CovItemPrefix="csse376_puerto_rico.MenuGUI.java" Intrnl_Id="289">
<LocList>
<Loc EndOffset="605" SrcFileId="4" StartOffset="573"/>
</LocList>
</BasicStmnt>
<BasicStmnt CovItemId="S5" CovItemPrefix="csse376_puerto_rico.MenuGUI.java" Intrnl_Id="290">
<LocList>
<Loc EndOffset="680" SrcFileId="4" StartOffset="618"/>
</LocList>
</BasicStmnt>
<BasicStmnt CovItemId="S6" CovItemPrefix="csse376_puerto_rico.MenuGUI.java" Intrnl_Id="291">
<LocList>
<Loc EndOffset="882" SrcFileId="4" StartOffset="851"/>
</LocList>
</BasicStmnt>
<BasicStmnt CovItemId="S7" CovItemPrefix="csse376_puerto_rico.MenuGUI.java" Intrnl_Id="292">
<LocList>
<Loc EndOffset="929" SrcFileId="4" StartOffset="895"/>
</LocList>
</BasicStmnt>
<BasicStmnt CovItemId="S8" CovItemPrefix="csse376_puerto_rico.MenuGUI.java" Intrnl_Id="293">
<LocList>
<Loc EndOffset="996" SrcFileId="4" StartOffset="955"/>
</LocList>
</BasicStmnt>
<BasicStmnt CovItemId="S9" CovItemPrefix="csse376_puerto_rico.MenuGUI.java" Intrnl_Id="294">
<LocList>
<Loc EndOffset="1055" SrcFileId="4" StartOffset="1009"/>
</LocList>
</BasicStmnt>
<BasicStmnt CovItemId="S10" CovItemPrefix="csse376_puerto_rico.MenuGUI.java" Intrnl_Id="295">
<LocList>
<Loc EndOffset="1117" SrcFileId="4" StartOffset="1081"/>
</LocList>
</BasicStmnt>
<BasicStmnt CovItemId="S11" CovItemPrefix="csse376_puerto_rico.MenuGUI.java" Intrnl_Id="296">
<LocList>
<Loc EndOffset="1185" SrcFileId="4" StartOffset="1143"/>
</LocList>
</BasicStmnt>
<BasicStmnt CovItemId="S12" CovItemPrefix="csse376_puerto_rico.MenuGUI.java" Intrnl_Id="297">
<LocList>
<Loc EndOffset="1260" SrcFileId="4" StartOffset="1198"/>
</LocList>
</BasicStmnt>
<BasicStmnt CovItemId="S13" CovItemPrefix="csse376_puerto_rico.MenuGUI.java" Intrnl_Id="298">
<LocList>
<Loc EndOffset="1308" SrcFileId="4" StartOffset="1273"/>
</LocList>
</BasicStmnt>
<BasicStmnt CovItemId="S14" CovItemPrefix="csse376_puerto_rico.MenuGUI.java" Intrnl_Id="299">
<LocList>
<Loc EndOffset="1359" SrcFileId="4" StartOffset="1334"/>
</LocList>
</BasicStmnt>
<BasicStmnt CovItemId="S15" CovItemPrefix="csse376_puerto_rico.MenuGUI.java" Intrnl_Id="300">
<LocList>
<Loc EndOffset="1394" SrcFileId="4" StartOffset="1372"/>
</LocList>
</BasicStmnt>
<BasicStmnt CovItemId="S16" CovItemPrefix="csse376_puerto_rico.MenuGUI.java" Intrnl_Id="301">
<LocList>
<Loc EndOffset="1469" SrcFileId="4" StartOffset="1420"/>
</LocList>
</BasicStmnt>
<BasicStmnt CovItemId="S17" CovItemPrefix="csse376_puerto_rico.MenuGUI.java" Intrnl_Id="302">
<LocList>
<Loc EndOffset="1534" SrcFileId="4" StartOffset="1482"/>
</LocList>
</BasicStmnt>
</StmntSeq>
</HierarchyLvl>
</HierarchyLvl>
<HierarchyLvl HierarchyLvlId="7547" HierarchyLvlTypeId="15" Intrnl_Id="303" Name="Main">
<Header>
<Loc EndOffset="47" SrcFileId="5" StartOffset="30"/>
</Header>
<LocList>
<Loc EndOffset="149" SrcFileId="5" StartOffset="30"/>
</LocList>
<HierarchyLvl HierarchyLvlId="7546" HierarchyLvlTypeId="16" Intrnl_Id="304" Name="main">
<Header>
<Loc EndOffset="125" SrcFileId="5" StartOffset="87"/>
</Header>
<LocList>
<Loc EndOffset="147" SrcFileId="5" StartOffset="87"/>
</LocList>
<StmntSeq Intrnl_Id="305">
<LocList>
<Loc EndOffset="144" SrcFileId="5" StartOffset="130"/>
</LocList>
<BasicStmnt CovItemId="S1" CovItemPrefix="csse376_puerto_rico.Main.java" Intrnl_Id="306">
<LocList>
<Loc EndOffset="144" SrcFileId="5" StartOffset="130"/>
</LocList>
</BasicStmnt>
</StmntSeq>
</HierarchyLvl>
</HierarchyLvl>
<HierarchyLvl HierarchyLvlId="7560" HierarchyLvlTypeId="15" Intrnl_Id="307" Name="GameState">
<Header>
<Loc EndOffset="226" SrcFileId="6" StartOffset="204"/>
</Header>
<LocList>
<Loc EndOffset="6271" SrcFileId="6" StartOffset="204"/>
</LocList>
<StmntSeq Intrnl_Id="308">
<LocList>
<Loc EndOffset="305" SrcFileId="6" StartOffset="233"/>
<Loc EndOffset="394" SrcFileId="6" StartOffset="368"/>
<Loc EndOffset="431" SrcFileId="6" StartOffset="397"/>
<Loc EndOffset="460" SrcFileId="6" StartOffset="434"/>
<Loc EndOffset="497" SrcFileId="6" StartOffset="463"/>
<Loc EndOffset="526" SrcFileId="6" StartOffset="500"/>
<Loc EndOffset="563" SrcFileId="6" StartOffset="529"/>
<Loc EndOffset="604" SrcFileId="6" StartOffset="566"/>
<Loc EndOffset="856" SrcFileId="6" StartOffset="820"/>
</LocList>
<BasicStmnt CovItemId="S1" CovItemPrefix="csse376_puerto_rico.GameState.java" Intrnl_Id="309">
<LocList>
<Loc EndOffset="305" SrcFileId="6" StartOffset="233"/>
</LocList>
</BasicStmnt>
<BasicStmnt CovItemId="S2" CovItemPrefix="csse376_puerto_rico.GameState.java" Intrnl_Id="310">
<LocList>
<Loc EndOffset="394" SrcFileId="6" StartOffset="368"/>
</LocList>
</BasicStmnt>
<BasicStmnt CovItemId="S3" CovItemPrefix="csse376_puerto_rico.GameState.java" Intrnl_Id="311">
<LocList>
<Loc EndOffset="431" SrcFileId="6" StartOffset="397"/>
</LocList>
</BasicStmnt>
<BasicStmnt CovItemId="S4" CovItemPrefix="csse376_puerto_rico.GameState.java" Intrnl_Id="312">
<LocList>
<Loc EndOffset="460" SrcFileId="6" StartOffset="434"/>
</LocList>
</BasicStmnt>
<BasicStmnt CovItemId="S5" CovItemPrefix="csse376_puerto_rico.GameState.java" Intrnl_Id="313">
<LocList>
<Loc EndOffset="497" SrcFileId="6" StartOffset="463"/>
</LocList>
</BasicStmnt>
<BasicStmnt CovItemId="S6" CovItemPrefix="csse376_puerto_rico.GameState.java" Intrnl_Id="314">
<LocList>
<Loc EndOffset="526" SrcFileId="6" StartOffset="500"/>
</LocList>
</BasicStmnt>
<BasicStmnt CovItemId="S7" CovItemPrefix="csse376_puerto_rico.GameState.java" Intrnl_Id="315">
<LocList>
<Loc EndOffset="563" SrcFileId="6" StartOffset="529"/>
</LocList>
</BasicStmnt>
<BasicStmnt CovItemId="S8" CovItemPrefix="csse376_puerto_rico.GameState.java" Intrnl_Id="316">
<LocList>
<Loc EndOffset="604" SrcFileId="6" StartOffset="566"/>
</LocList>
</BasicStmnt>
<BasicStmnt CovItemId="S9" CovItemPrefix="csse376_puerto_rico.GameState.java" Intrnl_Id="317">
<LocList>
<Loc EndOffset="856" SrcFileId="6" StartOffset="820"/>
</LocList>
</BasicStmnt>
</StmntSeq>
<HierarchyLvl HierarchyLvlId="7548" HierarchyLvlTypeId="16" Intrnl_Id="318" Name="GameState">
<Header>
<Loc EndOffset="899" SrcFileId="6" StartOffset="861"/>
</Header>
<LocList>
<Loc EndOffset="2534" SrcFileId="6" StartOffset="861"/>
</LocList>
<StmntSeq Intrnl_Id="319">
<LocList>
<Loc EndOffset="1009" SrcFileId="6" StartOffset="938"/>
<Loc EndOffset="1060" SrcFileId="6" StartOffset="1027"/>
<Loc EndOffset="1096" SrcFileId="6" StartOffset="1064"/>
<Loc EndOffset="1134" SrcFileId="6" StartOffset="1100"/>
<Loc EndOffset="1171" SrcFileId="6" StartOffset="1138"/>
<Loc EndOffset="1209" SrcFileId="6" StartOffset="1175"/>
<Loc EndOffset="1286" SrcFileId="6" StartOffset="1263"/>
<Loc EndOffset="1320" SrcFileId="6" StartOffset="1290"/>
<Loc EndOffset="1356" SrcFileId="6" StartOffset="1324"/>
<Loc EndOffset="1433" SrcFileId="6" StartOffset="1362"/>
<Loc EndOffset="1508" SrcFileId="6" StartOffset="1437"/>
<Loc EndOffset="2390" SrcFileId="6" StartOffset="1514"/>
<Loc EndOffset="2439" SrcFileId="6" StartOffset="2424"/>
<Loc EndOffset="2480" SrcFileId="6" StartOffset="2443"/>
<Loc EndOffset="2528" SrcFileId="6" StartOffset="2484"/>
</LocList>
<LoopStmnt CovItemId="S10" CovItemPrefix="csse376_puerto_rico.GameState.java" Intrnl_Id="320" MltplExecId="L1-2" MltplExecPrefix="csse376_puerto_rico.GameState.java" NvrExecId="L1-0" NvrExecPrefix="csse376_puerto_rico.GameState.java" OnceExecutedId="L1-1" OnceExecutedPrefix="csse376_puerto_rico.GameState.java" OptBodyExec="true">
<StmntSeq Intrnl_Id="321">
<LocList>
<Loc EndOffset="1004" SrcFileId="6" StartOffset="969"/>
</LocList>
<BasicStmnt CovItemId="S11" CovItemPrefix="csse376_puerto_rico.GameState.java" Intrnl_Id="322">
<LocList>
<Loc EndOffset="1004" SrcFileId="6" StartOffset="969"/>
</LocList>
</BasicStmnt>
</StmntSeq>
<Keyword EndOffset="941" SrcFileId="6" StartOffset="938"/>
<LocList>
<Loc EndOffset="1009" SrcFileId="6" StartOffset="938"/>
</LocList>
</LoopStmnt>
<BasicStmnt CovItemId="S12" CovItemPrefix="csse376_puerto_rico.GameState.java" Intrnl_Id="323">
<LocList>
<Loc EndOffset="1060" SrcFileId="6" StartOffset="1027"/>
</LocList>
</BasicStmnt>
<BasicStmnt CovItemId="S13" CovItemPrefix="csse376_puerto_rico.GameState.java" Intrnl_Id="324">
<LocList>
<Loc EndOffset="1096" SrcFileId="6" StartOffset="1064"/>
</LocList>
</BasicStmnt>
<BasicStmnt CovItemId="S14" CovItemPrefix="csse376_puerto_rico.GameState.java" Intrnl_Id="325">
<LocList>
<Loc EndOffset="1134" SrcFileId="6" StartOffset="1100"/>
</LocList>
</BasicStmnt>
<BasicStmnt CovItemId="S15" CovItemPrefix="csse376_puerto_rico.GameState.java" Intrnl_Id="326">
<LocList>
<Loc EndOffset="1171" SrcFileId="6" StartOffset="1138"/>
</LocList>
</BasicStmnt>
<BasicStmnt CovItemId="S16" CovItemPrefix="csse376_puerto_rico.GameState.java" Intrnl_Id="327">
<LocList>
<Loc EndOffset="1209" SrcFileId="6" StartOffset="1175"/>
</LocList>
</BasicStmnt>
<BasicStmnt CovItemId="S17" CovItemPrefix="csse376_puerto_rico.GameState.java" Intrnl_Id="328">
<LocList>
<Loc EndOffset="1286" SrcFileId="6" StartOffset="1263"/>
</LocList>
</BasicStmnt>
<BasicStmnt CovItemId="S18" CovItemPrefix="csse376_puerto_rico.GameState.java" Intrnl_Id="329">
<LocList>
<Loc EndOffset="1320" SrcFileId="6" StartOffset="1290"/>
</LocList>
</BasicStmnt>
<BasicStmnt CovItemId="S19" CovItemPrefix="csse376_puerto_rico.GameState.java" Intrnl_Id="330">
<LocList>
<Loc EndOffset="1356" SrcFileId="6" StartOffset="1324"/>
</LocList>
</BasicStmnt>
<BasicStmnt CovItemId="S20" CovItemPrefix="csse376_puerto_rico.GameState.java" Intrnl_Id="331">
<LocList>
<Loc EndOffset="1433" SrcFileId="6" StartOffset="1362"/>
</LocList>
</BasicStmnt>
<BasicStmnt CovItemId="S21" CovItemPrefix="csse376_puerto_rico.GameState.java" Intrnl_Id="332">
<LocList>
<Loc EndOffset="1508" SrcFileId="6" StartOffset="1437"/>
</LocList>
</BasicStmnt>
<CondStmnt CovItemId="S22" CovItemPrefix="csse376_puerto_rico.GameState.java" Intrnl_Id="333">
<Branch CovItemId="B1" CovItemPrefix="csse376_puerto_rico.GameState.java" Implct="false" Intrnl_Id="334">
<Cond/>
<LocList>
<Loc EndOffset="1811" SrcFileId="6" StartOffset="1537"/>
</LocList>
<StmntSeq Intrnl_Id="335">
<LocList>
<Loc EndOffset="1702" SrcFileId="6" StartOffset="1682"/>
<Loc EndOffset="1725" SrcFileId="6" StartOffset="1707"/>
<Loc EndOffset="1806" SrcFileId="6" StartOffset="1730"/>
</LocList>
<BasicStmnt CovItemId="S23" CovItemPrefix="csse376_puerto_rico.GameState.java" Intrnl_Id="336">
<LocList>
<Loc EndOffset="1702" SrcFileId="6" StartOffset="1682"/>
</LocList>
</BasicStmnt>
<BasicStmnt CovItemId="S24" CovItemPrefix="csse376_puerto_rico.GameState.java" Intrnl_Id="337">
<LocList>
<Loc EndOffset="1725" SrcFileId="6" StartOffset="1707"/>
</LocList>
</BasicStmnt>
<BasicStmnt CovItemId="S25" CovItemPrefix="csse376_puerto_rico.GameState.java" Intrnl_Id="338">
<LocList>
<Loc EndOffset="1806" SrcFileId="6" StartOffset="1730"/>
</LocList>
</BasicStmnt>
</StmntSeq>
</Branch>
<Branch CovItemId="B2" CovItemPrefix="csse376_puerto_rico.GameState.java" Implct="false" Intrnl_Id="339">
<Cond>
<Loc EndOffset="1816" SrcFileId="6" StartOffset="1812"/>
</Cond>
<LocList>
<Loc EndOffset="2390" SrcFileId="6" StartOffset="1817"/>
</LocList>
<StmntSeq Intrnl_Id="340">
<LocList>
<Loc EndOffset="2390" SrcFileId="6" StartOffset="1817"/>
</LocList>
<CondStmnt CovItemId="S26" CovItemPrefix="csse376_puerto_rico.GameState.java" Intrnl_Id="341">
<Branch CovItemId="B3" CovItemPrefix="csse376_puerto_rico.GameState.java" Implct="false" Intrnl_Id="342">
<Cond/>
<LocList>
<Loc EndOffset="2060" SrcFileId="6" StartOffset="1840"/>
</LocList>
<StmntSeq Intrnl_Id="343">
<LocList>
<Loc EndOffset="1866" SrcFileId="6" StartOffset="1846"/>
<Loc EndOffset="1891" SrcFileId="6" StartOffset="1871"/>
<Loc EndOffset="1972" SrcFileId="6" StartOffset="1896"/>
<Loc EndOffset="2053" SrcFileId="6" StartOffset="1977"/>
</LocList>
<BasicStmnt CovItemId="S27" CovItemPrefix="csse376_puerto_rico.GameState.java" Intrnl_Id="344">
<LocList>
<Loc EndOffset="1866" SrcFileId="6" StartOffset="1846"/>
</LocList>
</BasicStmnt>
<BasicStmnt CovItemId="S28" CovItemPrefix="csse376_puerto_rico.GameState.java" Intrnl_Id="345">
<LocList>
<Loc EndOffset="1891" SrcFileId="6" StartOffset="1871"/>
</LocList>
</BasicStmnt>
<BasicStmnt CovItemId="S29" CovItemPrefix="csse376_puerto_rico.GameState.java" Intrnl_Id="346">
<LocList>
<Loc EndOffset="1972" SrcFileId="6" StartOffset="1896"/>
</LocList>
</BasicStmnt>
<BasicStmnt CovItemId="S30" CovItemPrefix="csse376_puerto_rico.GameState.java" Intrnl_Id="347">
<LocList>
<Loc EndOffset="2053" SrcFileId="6" StartOffset="1977"/>
</LocList>
</BasicStmnt>
</StmntSeq>
</Branch>
<Branch CovItemId="B4" CovItemPrefix="csse376_puerto_rico.GameState.java" Implct="false" Intrnl_Id="348">
<Cond>
<Loc EndOffset="2065" SrcFileId="6" StartOffset="2061"/>
</Cond>
<LocList>
<Loc EndOffset="2390" SrcFileId="6" StartOffset="2066"/>
</LocList>
<StmntSeq Intrnl_Id="349">
<LocList>
<Loc EndOffset="2390" SrcFileId="6" StartOffset="2066"/>
</LocList>
<CondStmnt CovItemId="S31" CovItemPrefix="csse376_puerto_rico.GameState.java" Intrnl_Id="350">
<Branch CovItemId="B5" CovItemPrefix="csse376_puerto_rico.GameState.java" Implct="false" Intrnl_Id="351">
<Cond/>
<LocList>
<Loc EndOffset="2390" SrcFileId="6" StartOffset="2089"/>
</LocList>
<StmntSeq Intrnl_Id="352">
<LocList>
<Loc EndOffset="2115" SrcFileId="6" StartOffset="2095"/>
<Loc EndOffset="2140" SrcFileId="6" StartOffset="2120"/>
<Loc EndOffset="2223" SrcFileId="6" StartOffset="2145"/>
<Loc EndOffset="2304" SrcFileId="6" StartOffset="2228"/>
<Loc EndOffset="2385" SrcFileId="6" StartOffset="2309"/>
</LocList>
<BasicStmnt CovItemId="S32" CovItemPrefix="csse376_puerto_rico.GameState.java" Intrnl_Id="353">
<LocList>
<Loc EndOffset="2115" SrcFileId="6" StartOffset="2095"/>
</LocList>
</BasicStmnt>
<BasicStmnt CovItemId="S33" CovItemPrefix="csse376_puerto_rico.GameState.java" Intrnl_Id="354">
<LocList>
<Loc EndOffset="2140" SrcFileId="6" StartOffset="2120"/>
</LocList>
</BasicStmnt>
<BasicStmnt CovItemId="S34" CovItemPrefix="csse376_puerto_rico.GameState.java" Intrnl_Id="355">
<LocList>
<Loc EndOffset="2223" SrcFileId="6" StartOffset="2145"/>
</LocList>
</BasicStmnt>
<BasicStmnt CovItemId="S35" CovItemPrefix="csse376_puerto_rico.GameState.java" Intrnl_Id="356">
<LocList>
<Loc EndOffset="2304" SrcFileId="6" StartOffset="2228"/>
</LocList>
</BasicStmnt>
<BasicStmnt CovItemId="S36" CovItemPrefix="csse376_puerto_rico.GameState.java" Intrnl_Id="357">
<LocList>
<Loc EndOffset="2385" SrcFileId="6" StartOffset="2309"/>
</LocList>
</BasicStmnt>
</StmntSeq>
</Branch>
<Branch CovItemId="B6" CovItemPrefix="csse376_puerto_rico.GameState.java" Implct="true" Intrnl_Id="358">
<Cond/>
<LocList/>
<StmntSeq Intrnl_Id="359">
<LocList/>
</StmntSeq>
</Branch>
<Keyword EndOffset="2068" SrcFileId="6" StartOffset="2066"/>
<LocList>
<Loc EndOffset="2390" SrcFileId="6" StartOffset="2066"/>
</LocList>
<RootTerm CovItemId="C3" CovItemPrefix="csse376_puerto_rico.GameState.java" Intrnl_Id="360">
<BasicBoolTerm Intrnl_Id="361">
<LocList>
<Loc EndOffset="2087" SrcFileId="6" StartOffset="2070"/>
</LocList>
</BasicBoolTerm>
</RootTerm>
</CondStmnt>
</StmntSeq>
</Branch>
<Keyword EndOffset="1819" SrcFileId="6" StartOffset="1817"/>
<LocList>
<Loc EndOffset="2390" SrcFileId="6" StartOffset="1817"/>
</LocList>
<RootTerm CovItemId="C2" CovItemPrefix="csse376_puerto_rico.GameState.java" Intrnl_Id="362">
<BasicBoolTerm Intrnl_Id="363">
<LocList>
<Loc EndOffset="1838" SrcFileId="6" StartOffset="1821"/>
</LocList>
</BasicBoolTerm>
</RootTerm>
</CondStmnt>
</StmntSeq>
</Branch>
<Keyword EndOffset="1516" SrcFileId="6" StartOffset="1514"/>
<LocList>
<Loc EndOffset="2390" SrcFileId="6" StartOffset="1514"/>
</LocList>
<RootTerm CovItemId="C1" CovItemPrefix="csse376_puerto_rico.GameState.java" Intrnl_Id="364">
<BasicBoolTerm Intrnl_Id="365">
<LocList>
<Loc EndOffset="1535" SrcFileId="6" StartOffset="1518"/>
</LocList>
</BasicBoolTerm>
</RootTerm>
</CondStmnt>
<BasicStmnt CovItemId="S37" CovItemPrefix="csse376_puerto_rico.GameState.java" Intrnl_Id="366">
<LocList>
<Loc EndOffset="2439" SrcFileId="6" StartOffset="2424"/>
</LocList>
</BasicStmnt>
<BasicStmnt CovItemId="S38" CovItemPrefix="csse376_puerto_rico.GameState.java" Intrnl_Id="367">
<LocList>
<Loc EndOffset="2480" SrcFileId="6" StartOffset="2443"/>
</LocList>
</BasicStmnt>
<BasicStmnt CovItemId="S39" CovItemPrefix="csse376_puerto_rico.GameState.java" Intrnl_Id="368">
<LocList>
<Loc EndOffset="2528" SrcFileId="6" StartOffset="2484"/>
</LocList>
</BasicStmnt>
</StmntSeq>
</HierarchyLvl>
<HierarchyLvl HierarchyLvlId="7549" HierarchyLvlTypeId="16" Intrnl_Id="369" Name="getGood">
<Header>
<Loc EndOffset="2570" SrcFileId="6" StartOffset="2539"/>
</Header>
<LocList>
<Loc EndOffset="2605" SrcFileId="6" StartOffset="2539"/>
</LocList>
<StmntSeq Intrnl_Id="370">
<LocList>
<Loc EndOffset="2601" SrcFileId="6" StartOffset="2578"/>
</LocList>
<BasicStmnt CovItemId="S40" CovItemPrefix="csse376_puerto_rico.GameState.java" Intrnl_Id="371">
<LocList>
<Loc EndOffset="2601" SrcFileId="6" StartOffset="2578"/>
</LocList>
</BasicStmnt>
</StmntSeq>
</HierarchyLvl>
<HierarchyLvl HierarchyLvlId="7550" HierarchyLvlTypeId="16" Intrnl_Id="372" Name="addGood">
<Header>
<Loc EndOffset="2642" SrcFileId="6" StartOffset="2610"/>
</Header>
<LocList>
<Loc EndOffset="2691" SrcFileId="6" StartOffset="2610"/>
</LocList>
<StmntSeq Intrnl_Id="373">
<LocList>
<Loc EndOffset="2687" SrcFileId="6" StartOffset="2650"/>
</LocList>
<BasicStmnt CovItemId="S41" CovItemPrefix="csse376_puerto_rico.GameState.java" Intrnl_Id="374">
<LocList>
<Loc EndOffset="2687" SrcFileId="6" StartOffset="2650"/>
</LocList>
</BasicStmnt>
</StmntSeq>
</HierarchyLvl>
<HierarchyLvl HierarchyLvlId="7551" HierarchyLvlTypeId="16" Intrnl_Id="375" Name="getColonistsOnBoard">
<Header>
<Loc EndOffset="2728" SrcFileId="6" StartOffset="2696"/>
</Header>
<LocList>
<Loc EndOffset="2768" SrcFileId="6" StartOffset="2696"/>
</LocList>
<StmntSeq Intrnl_Id="376">
<LocList>
<Loc EndOffset="2764" SrcFileId="6" StartOffset="2740"/>
</LocList>
<BasicStmnt CovItemId="S42" CovItemPrefix="csse376_puerto_rico.GameState.java" Intrnl_Id="377">
<LocList>
<Loc EndOffset="2764" SrcFileId="6" StartOffset="2740"/>
</LocList>
</BasicStmnt>
</StmntSeq>
</HierarchyLvl>
<HierarchyLvl HierarchyLvlId="7552" HierarchyLvlTypeId="16" Intrnl_Id="378" Name="getColonistsTotal">
<Header>
<Loc EndOffset="2803" SrcFileId="6" StartOffset="2773"/>
</Header>
<LocList>
<Loc EndOffset="2841" SrcFileId="6" StartOffset="2773"/>
</LocList>
<StmntSeq Intrnl_Id="379">
<LocList>
<Loc EndOffset="2837" SrcFileId="6" StartOffset="2815"/>
</LocList>
<BasicStmnt CovItemId="S43" CovItemPrefix="csse376_puerto_rico.GameState.java" Intrnl_Id="380">
<LocList>
<Loc EndOffset="2837" SrcFileId="6" StartOffset="2815"/>
</LocList>
</BasicStmnt>
</StmntSeq>
</HierarchyLvl>
<HierarchyLvl HierarchyLvlId="7553" HierarchyLvlTypeId="16" Intrnl_Id="381" Name="addColonistsToBoard">
<Header>
<Loc EndOffset="2879" SrcFileId="6" StartOffset="2846"/>
</Header>
<LocList>
<Loc EndOffset="3663" SrcFileId="6" StartOffset="2846"/>
</LocList>
<StmntSeq Intrnl_Id="382">
<LocList>
<Loc EndOffset="3298" SrcFileId="6" StartOffset="3285"/>
<Loc EndOffset="3546" SrcFileId="6" StartOffset="3302"/>
<Loc EndOffset="3659" SrcFileId="6" StartOffset="3550"/>
</LocList>
<BasicStmnt CovItemId="S44" CovItemPrefix="csse376_puerto_rico.GameState.java" Intrnl_Id="383">
<LocList>
<Loc EndOffset="3298" SrcFileId="6" StartOffset="3285"/>
</LocList>
</BasicStmnt>
<LoopStmnt CovItemId="S45" CovItemPrefix="csse376_puerto_rico.GameState.java" Intrnl_Id="384" MltplExecId="L2-2" MltplExecPrefix="csse376_puerto_rico.GameState.java" NvrExecId="L2-0" NvrExecPrefix="csse376_puerto_rico.GameState.java" OnceExecutedId="L2-1" OnceExecutedPrefix="csse376_puerto_rico.GameState.java" OptBodyExec="true">
<StmntSeq Intrnl_Id="385">
<LocList>
<Loc EndOffset="3435" SrcFileId="6" StartOffset="3338"/>
<Loc EndOffset="3541" SrcFileId="6" StartOffset="3440"/>
</LocList>
<LoopStmnt CovItemId="S46" CovItemPrefix="csse376_puerto_rico.GameState.java" Intrnl_Id="386" MltplExecId="L3-2" MltplExecPrefix="csse376_puerto_rico.GameState.java" NvrExecId="L3-0" NvrExecPrefix="csse376_puerto_rico.GameState.java" OnceExecutedId="L3-1" OnceExecutedPrefix="csse376_puerto_rico.GameState.java" OptBodyExec="true">
<StmntSeq Intrnl_Id="387">
<LocList>
<Loc EndOffset="3429" SrcFileId="6" StartOffset="3386"/>
</LocList>
<BasicStmnt CovItemId="S47" CovItemPrefix="csse376_puerto_rico.GameState.java" Intrnl_Id="388">
<LocList>
<Loc EndOffset="3429" SrcFileId="6" StartOffset="3386"/>
</LocList>
</BasicStmnt>
</StmntSeq>
<Keyword EndOffset="3341" SrcFileId="6" StartOffset="3338"/>
<LocList>
<Loc EndOffset="3435" SrcFileId="6" StartOffset="3338"/>
</LocList>
</LoopStmnt>
<LoopStmnt CovItemId="S48" CovItemPrefix="csse376_puerto_rico.GameState.java" Intrnl_Id="389" MltplExecId="L4-2" MltplExecPrefix="csse376_puerto_rico.GameState.java" NvrExecId="L4-0" NvrExecPrefix="csse376_puerto_rico.GameState.java" OnceExecutedId="L4-1" OnceExecutedPrefix="csse376_puerto_rico.GameState.java" OptBodyExec="true">
<StmntSeq Intrnl_Id="390">
<LocList>
<Loc EndOffset="3535" SrcFileId="6" StartOffset="3492"/>
</LocList>
<CondStmnt CovItemId="S49" CovItemPrefix="csse376_puerto_rico.GameState.java" Intrnl_Id="391">
<Branch CovItemId="B7" CovItemPrefix="csse376_puerto_rico.GameState.java" Implct="false" Intrnl_Id="392">
<Cond/>
<LocList>
<Loc EndOffset="3535" SrcFileId="6" StartOffset="3510"/>
</LocList>
<StmntSeq Intrnl_Id="393">
<LocList>
<Loc EndOffset="3528" SrcFileId="6" StartOffset="3518"/>
</LocList>
<BasicStmnt CovItemId="S50" CovItemPrefix="csse376_puerto_rico.GameState.java" Intrnl_Id="394">
<LocList>
<Loc EndOffset="3528" SrcFileId="6" StartOffset="3518"/>
</LocList>
</BasicStmnt>
</StmntSeq>
</Branch>
<Branch CovItemId="B8" CovItemPrefix="csse376_puerto_rico.GameState.java" Implct="true" Intrnl_Id="395">
<Cond/>
<LocList/>
<StmntSeq Intrnl_Id="396">
<LocList/>
</StmntSeq>
</Branch>
<Keyword EndOffset="3494" SrcFileId="6" StartOffset="3492"/>
<LocList>
<Loc EndOffset="3535" SrcFileId="6" StartOffset="3492"/>
</LocList>
<RootTerm CovItemId="C4" CovItemPrefix="csse376_puerto_rico.GameState.java" Intrnl_Id="397">
<OpTerm BooleanOpId="11" Intrnl_Id="398">
<BasicBoolTerm Intrnl_Id="399">
<LocList>
<Loc EndOffset="3508" SrcFileId="6" StartOffset="3497"/>
</LocList>
</BasicBoolTerm>
<LocList>
<Loc EndOffset="3497" SrcFileId="6" StartOffset="3496"/>
</LocList>
</OpTerm>
</RootTerm>
</CondStmnt>
</StmntSeq>
<Keyword EndOffset="3443" SrcFileId="6" StartOffset="3440"/>
<LocList>
<Loc EndOffset="3541" SrcFileId="6" StartOffset="3440"/>
</LocList>
</LoopStmnt>
</StmntSeq>
<Keyword EndOffset="3305" SrcFileId="6" StartOffset="3302"/>
<LocList>
<Loc EndOffset="3546" SrcFileId="6" StartOffset="3302"/>
</LocList>
</LoopStmnt>
<CondStmnt CovItemId="S51" CovItemPrefix="csse376_puerto_rico.GameState.java" Intrnl_Id="400">
<Branch CovItemId="B9" CovItemPrefix="csse376_puerto_rico.GameState.java" Implct="false" Intrnl_Id="401">
<Cond/>
<LocList>
<Loc EndOffset="3618" SrcFileId="6" StartOffset="3575"/>
</LocList>
<StmntSeq Intrnl_Id="402">
<LocList>
<Loc EndOffset="3613" SrcFileId="6" StartOffset="3581"/>
</LocList>
<BasicStmnt CovItemId="S52" CovItemPrefix="csse376_puerto_rico.GameState.java" Intrnl_Id="403">
<LocList>
<Loc EndOffset="3613" SrcFileId="6" StartOffset="3581"/>
</LocList>
</BasicStmnt>
</StmntSeq>
</Branch>
<Branch CovItemId="B10" CovItemPrefix="csse376_puerto_rico.GameState.java" Implct="false" Intrnl_Id="404">
<Cond>
<Loc EndOffset="3623" SrcFileId="6" StartOffset="3619"/>
</Cond>
<LocList>
<Loc EndOffset="3659" SrcFileId="6" StartOffset="3624"/>
</LocList>
<StmntSeq Intrnl_Id="405">
<LocList>
<Loc EndOffset="3654" SrcFileId="6" StartOffset="3630"/>
</LocList>
<BasicStmnt CovItemId="S53" CovItemPrefix="csse376_puerto_rico.GameState.java" Intrnl_Id="406">
<LocList>
<Loc EndOffset="3654" SrcFileId="6" StartOffset="3630"/>
</LocList>
</BasicStmnt>
</StmntSeq>
</Branch>
<Keyword EndOffset="3552" SrcFileId="6" StartOffset="3550"/>
<LocList>
<Loc EndOffset="3659" SrcFileId="6" StartOffset="3550"/>
</LocList>
<RootTerm CovItemId="C5" CovItemPrefix="csse376_puerto_rico.GameState.java" Intrnl_Id="407">
<BasicBoolTerm Intrnl_Id="408">
<LocList>
<Loc EndOffset="3573" SrcFileId="6" StartOffset="3554"/>
</LocList>
</BasicBoolTerm>
</RootTerm>
</CondStmnt>
</StmntSeq>
</HierarchyLvl>
<HierarchyLvl HierarchyLvlId="7554" HierarchyLvlTypeId="16" Intrnl_Id="409" Name="addGoodToCargoShip">
<Header>
<Loc EndOffset="3927" SrcFileId="6" StartOffset="3859"/>
</Header>
<LocList>
<Loc EndOffset="5178" SrcFileId="6" StartOffset="3859"/>
</LocList>
<StmntSeq Intrnl_Id="410">
<LocList>
<Loc EndOffset="3950" SrcFileId="6" StartOffset="3933"/>
<Loc EndOffset="5154" SrcFileId="6" StartOffset="3954"/>
<Loc EndOffset="5174" SrcFileId="6" StartOffset="5158"/>
</LocList>
<BasicStmnt CovItemId="S54" CovItemPrefix="csse376_puerto_rico.GameState.java" Intrnl_Id="411">
<LocList>
<Loc EndOffset="3950" SrcFileId="6" StartOffset="3933"/>
</LocList>
</BasicStmnt>
<CondStmnt CovItemId="S55" CovItemPrefix="csse376_puerto_rico.GameState.java" Intrnl_Id="412">
<Branch CovItemId="B11" CovItemPrefix="csse376_puerto_rico.GameState.java" Implct="false" Intrnl_Id="413">
<Cond/>
<LocList>
<Loc EndOffset="4352" SrcFileId="6" StartOffset="3972"/>
</LocList>
<StmntSeq Intrnl_Id="414">
<LocList>
<Loc EndOffset="4006" SrcFileId="6" StartOffset="3978"/>
<Loc EndOffset="4347" SrcFileId="6" StartOffset="4011"/>
</LocList>
<BasicStmnt CovItemId="S56" CovItemPrefix="csse376_puerto_rico.GameState.java" Intrnl_Id="415">
<LocList>
<Loc EndOffset="4006" SrcFileId="6" StartOffset="3978"/>
</LocList>
</BasicStmnt>
<CondStmnt CovItemId="S57" CovItemPrefix="csse376_puerto_rico.GameState.java" Intrnl_Id="416">
<Branch CovItemId="B13" CovItemPrefix="csse376_puerto_rico.GameState.java" Implct="false" Intrnl_Id="417">
<Cond/>
<LocList>
<Loc EndOffset="4311" SrcFileId="6" StartOffset="4089"/>
</LocList>
<StmntSeq Intrnl_Id="418">
<LocList>
<Loc EndOffset="4132" SrcFileId="6" StartOffset="4096"/>
<Loc EndOffset="4184" SrcFileId="6" StartOffset="4138"/>
<Loc EndOffset="4303" SrcFileId="6" StartOffset="4192"/>
</LocList>
<BasicStmnt CovItemId="S58" CovItemPrefix="csse376_puerto_rico.GameState.java" Intrnl_Id="419">
<LocList>
<Loc EndOffset="4132" SrcFileId="6" StartOffset="4096"/>
</LocList>
</BasicStmnt>
<CondStmnt CovItemId="S59" CovItemPrefix="csse376_puerto_rico.GameState.java" Intrnl_Id="420">
<Branch CovItemId="B15" CovItemPrefix="csse376_puerto_rico.GameState.java" Implct="false" Intrnl_Id="421">
<Cond/>
<LocList>
<Loc EndOffset="4184" SrcFileId="6" StartOffset="4162"/>
</LocList>
<StmntSeq Intrnl_Id="422">
<LocList>
<Loc EndOffset="4184" SrcFileId="6" StartOffset="4162"/>
</LocList>
<BasicStmnt CovItemId="S60" CovItemPrefix="csse376_puerto_rico.GameState.java" Intrnl_Id="423">
<LocList>
<Loc EndOffset="4184" SrcFileId="6" StartOffset="4162"/>
</LocList>
</BasicStmnt>
</StmntSeq>
</Branch>
<Branch CovItemId="B16" CovItemPrefix="csse376_puerto_rico.GameState.java" Implct="true" Intrnl_Id="424">
<Cond/>
<LocList/>
<StmntSeq Intrnl_Id="425">
<LocList/>
</StmntSeq>
</Branch>
<Keyword EndOffset="4140" SrcFileId="6" StartOffset="4138"/>
<LocList>
<Loc EndOffset="4184" SrcFileId="6" StartOffset="4138"/>
</LocList>
<RootTerm CovItemId="C8" CovItemPrefix="csse376_puerto_rico.GameState.java" Intrnl_Id="426">
<BasicBoolTerm Intrnl_Id="427">
<LocList>
<Loc EndOffset="4154" SrcFileId="6" StartOffset="4142"/>
</LocList>
</BasicBoolTerm>
</RootTerm>
</CondStmnt>
<CondStmnt CovItemId="S61" CovItemPrefix="csse376_puerto_rico.GameState.java" Intrnl_Id="428">
<Branch CovItemId="B17" CovItemPrefix="csse376_puerto_rico.GameState.java" Implct="false" Intrnl_Id="429">
<Cond/>
<LocList>
<Loc EndOffset="4240" SrcFileId="6" StartOffset="4210"/>
</LocList>
<StmntSeq Intrnl_Id="430">
<LocList>
<Loc EndOffset="4233" SrcFileId="6" StartOffset="4218"/>
</LocList>
<BasicStmnt CovItemId="S62" CovItemPrefix="csse376_puerto_rico.GameState.java" Intrnl_Id="431">
<LocList>
<Loc EndOffset="4233" SrcFileId="6" StartOffset="4218"/>
</LocList>
</BasicStmnt>
</StmntSeq>
</Branch>
<Branch CovItemId="B18" CovItemPrefix="csse376_puerto_rico.GameState.java" Implct="false" Intrnl_Id="432">
<Cond>
<Loc EndOffset="4245" SrcFileId="6" StartOffset="4241"/>
</Cond>
<LocList>
<Loc EndOffset="4303" SrcFileId="6" StartOffset="4246"/>
</LocList>
<StmntSeq Intrnl_Id="433">
<LocList>
<Loc EndOffset="4276" SrcFileId="6" StartOffset="4254"/>
<Loc EndOffset="4296" SrcFileId="6" StartOffset="4283"/>
</LocList>
<BasicStmnt CovItemId="S63" CovItemPrefix="csse376_puerto_rico.GameState.java" Intrnl_Id="434">
<LocList>
<Loc EndOffset="4276" SrcFileId="6" StartOffset="4254"/>
</LocList>
</BasicStmnt>
<BasicStmnt CovItemId="S64" CovItemPrefix="csse376_puerto_rico.GameState.java" Intrnl_Id="435">
<LocList>
<Loc EndOffset="4296" SrcFileId="6" StartOffset="4283"/>
</LocList>
</BasicStmnt>
</StmntSeq>
</Branch>
<Keyword EndOffset="4194" SrcFileId="6" StartOffset="4192"/>
<LocList>
<Loc EndOffset="4303" SrcFileId="6" StartOffset="4192"/>
</LocList>
<RootTerm CovItemId="C9" CovItemPrefix="csse376_puerto_rico.GameState.java" Intrnl_Id="436">
<BasicBoolTerm Intrnl_Id="437">
<LocList>
<Loc EndOffset="4208" SrcFileId="6" StartOffset="4196"/>
</LocList>
</BasicBoolTerm>
</RootTerm>
</CondStmnt>
</StmntSeq>
</Branch>
<Branch CovItemId="B14" CovItemPrefix="csse376_puerto_rico.GameState.java" Implct="false" Intrnl_Id="438">
<Cond>
<Loc EndOffset="4316" SrcFileId="6" StartOffset="4312"/>
</Cond>
<LocList>
<Loc EndOffset="4347" SrcFileId="6" StartOffset="4317"/>
</LocList>
<StmntSeq Intrnl_Id="439">
<LocList>
<Loc EndOffset="4341" SrcFileId="6" StartOffset="4324"/>
</LocList>
<BasicStmnt CovItemId="S65" CovItemPrefix="csse376_puerto_rico.GameState.java" Intrnl_Id="440">
<LocList>
<Loc EndOffset="4341" SrcFileId="6" StartOffset="4324"/>
</LocList>
</BasicStmnt>
</StmntSeq>
</Branch>
<Keyword EndOffset="4013" SrcFileId="6" StartOffset="4011"/>
<LocList>
<Loc EndOffset="4347" SrcFileId="6" StartOffset="4011"/>
</LocList>
<RootTerm CovItemId="C7" CovItemPrefix="csse376_puerto_rico.GameState.java" Intrnl_Id="441">
<OpTerm BooleanOpId="13" Intrnl_Id="442">
<BasicBoolTerm Intrnl_Id="443">
<LocList>
<Loc EndOffset="4030" SrcFileId="6" StartOffset="4015"/>
</LocList>
</BasicBoolTerm>
<OpTerm BooleanOpId="12" Intrnl_Id="444">
<BasicBoolTerm Intrnl_Id="445">
<LocList>
<Loc EndOffset="4055" SrcFileId="6" StartOffset="4041"/>
</LocList>
</BasicBoolTerm>
<BasicBoolTerm Intrnl_Id="446">
<LocList>
<Loc EndOffset="4086" SrcFileId="6" StartOffset="4059"/>
</LocList>
</BasicBoolTerm>
<LocList>
<Loc EndOffset="4058" SrcFileId="6" StartOffset="4056"/>
</LocList>
</OpTerm>
<LocList>
<Loc EndOffset="4039" SrcFileId="6" StartOffset="4037"/>
</LocList>
</OpTerm>
</RootTerm>
</CondStmnt>
</StmntSeq>
</Branch>
<Branch CovItemId="B12" CovItemPrefix="csse376_puerto_rico.GameState.java" Implct="false" Intrnl_Id="447">
<Cond>
<Loc EndOffset="4357" SrcFileId="6" StartOffset="4353"/>
</Cond>
<LocList>
<Loc EndOffset="5154" SrcFileId="6" StartOffset="4358"/>
</LocList>
<StmntSeq Intrnl_Id="448">
<LocList>
<Loc EndOffset="5154" SrcFileId="6" StartOffset="4358"/>
</LocList>
<CondStmnt CovItemId="S66" CovItemPrefix="csse376_puerto_rico.GameState.java" Intrnl_Id="449">
<Branch CovItemId="B19" CovItemPrefix="csse376_puerto_rico.GameState.java" Implct="false" Intrnl_Id="450">
<Cond/>
<LocList>
<Loc EndOffset="4754" SrcFileId="6" StartOffset="4376"/>
</LocList>
<StmntSeq Intrnl_Id="451">
<LocList>
<Loc EndOffset="4410" SrcFileId="6" StartOffset="4382"/>
<Loc EndOffset="4747" SrcFileId="6" StartOffset="4415"/>
</LocList>
<BasicStmnt CovItemId="S67" CovItemPrefix="csse376_puerto_rico.GameState.java" Intrnl_Id="452">
<LocList>
<Loc EndOffset="4410" SrcFileId="6" StartOffset="4382"/>
</LocList>
</BasicStmnt>
<CondStmnt CovItemId="S68" CovItemPrefix="csse376_puerto_rico.GameState.java" Intrnl_Id="453">
<Branch CovItemId="B21" CovItemPrefix="csse376_puerto_rico.GameState.java" Implct="false" Intrnl_Id="454">
<Cond/>
<LocList>
<Loc EndOffset="4711" SrcFileId="6" StartOffset="4493"/>
</LocList>
<StmntSeq Intrnl_Id="455">
<LocList>
<Loc EndOffset="4536" SrcFileId="6" StartOffset="4500"/>
<Loc EndOffset="4588" SrcFileId="6" StartOffset="4542"/>
<Loc EndOffset="4705" SrcFileId="6" StartOffset="4594"/>
</LocList>
<BasicStmnt CovItemId="S69" CovItemPrefix="csse376_puerto_rico.GameState.java" Intrnl_Id="456">
<LocList>
<Loc EndOffset="4536" SrcFileId="6" StartOffset="4500"/>
</LocList>
</BasicStmnt>
<CondStmnt CovItemId="S70" CovItemPrefix="csse376_puerto_rico.GameState.java" Intrnl_Id="457">
<Branch CovItemId="B23" CovItemPrefix="csse376_puerto_rico.GameState.java" Implct="false" Intrnl_Id="458">
<Cond/>
<LocList>
<Loc EndOffset="4588" SrcFileId="6" StartOffset="4566"/>
</LocList>
<StmntSeq Intrnl_Id="459">
<LocList>
<Loc EndOffset="4588" SrcFileId="6" StartOffset="4566"/>
</LocList>
<BasicStmnt CovItemId="S71" CovItemPrefix="csse376_puerto_rico.GameState.java" Intrnl_Id="460">
<LocList>
<Loc EndOffset="4588" SrcFileId="6" StartOffset="4566"/>
</LocList>
</BasicStmnt>
</StmntSeq>
</Branch>
<Branch CovItemId="B24" CovItemPrefix="csse376_puerto_rico.GameState.java" Implct="true" Intrnl_Id="461">
<Cond/>
<LocList/>
<StmntSeq Intrnl_Id="462">
<LocList/>
</StmntSeq>
</Branch>
<Keyword EndOffset="4544" SrcFileId="6" StartOffset="4542"/>
<LocList>
<Loc EndOffset="4588" SrcFileId="6" StartOffset="4542"/>
</LocList>
<RootTerm CovItemId="C12" CovItemPrefix="csse376_puerto_rico.GameState.java" Intrnl_Id="463">
<BasicBoolTerm Intrnl_Id="464">
<LocList>
<Loc EndOffset="4558" SrcFileId="6" StartOffset="4546"/>
</LocList>
</BasicBoolTerm>
</RootTerm>
</CondStmnt>
<CondStmnt CovItemId="S72" CovItemPrefix="csse376_puerto_rico.GameState.java" Intrnl_Id="465">
<Branch CovItemId="B25" CovItemPrefix="csse376_puerto_rico.GameState.java" Implct="false" Intrnl_Id="466">
<Cond/>
<LocList>
<Loc EndOffset="4642" SrcFileId="6" StartOffset="4612"/>
</LocList>
<StmntSeq Intrnl_Id="467">
<LocList>
<Loc EndOffset="4635" SrcFileId="6" StartOffset="4620"/>
</LocList>
<BasicStmnt CovItemId="S73" CovItemPrefix="csse376_puerto_rico.GameState.java" Intrnl_Id="468">
<LocList>
<Loc EndOffset="4635" SrcFileId="6" StartOffset="4620"/>
</LocList>
</BasicStmnt>
</StmntSeq>
</Branch>
<Branch CovItemId="B26" CovItemPrefix="csse376_puerto_rico.GameState.java" Implct="false" Intrnl_Id="469">
<Cond>
<Loc EndOffset="4647" SrcFileId="6" StartOffset="4643"/>
</Cond>
<LocList>
<Loc EndOffset="4705" SrcFileId="6" StartOffset="4648"/>
</LocList>
<StmntSeq Intrnl_Id="470">
<LocList>
<Loc EndOffset="4678" SrcFileId="6" StartOffset="4656"/>
<Loc EndOffset="4698" SrcFileId="6" StartOffset="4685"/>
</LocList>
<BasicStmnt CovItemId="S74" CovItemPrefix="csse376_puerto_rico.GameState.java" Intrnl_Id="471">
<LocList>
<Loc EndOffset="4678" SrcFileId="6" StartOffset="4656"/>
</LocList>
</BasicStmnt>
<BasicStmnt CovItemId="S75" CovItemPrefix="csse376_puerto_rico.GameState.java" Intrnl_Id="472">
<LocList>
<Loc EndOffset="4698" SrcFileId="6" StartOffset="4685"/>
</LocList>
</BasicStmnt>
</StmntSeq>
</Branch>
<Keyword EndOffset="4596" SrcFileId="6" StartOffset="4594"/>
<LocList>
<Loc EndOffset="4705" SrcFileId="6" StartOffset="4594"/>
</LocList>
<RootTerm CovItemId="C13" CovItemPrefix="csse376_puerto_rico.GameState.java" Intrnl_Id="473">
<BasicBoolTerm Intrnl_Id="474">
<LocList>
<Loc EndOffset="4610" SrcFileId="6" StartOffset="4598"/>
</LocList>
</BasicBoolTerm>
</RootTerm>
</CondStmnt>
</StmntSeq>
</Branch>
<Branch CovItemId="B22" CovItemPrefix="csse376_puerto_rico.GameState.java" Implct="false" Intrnl_Id="475">
<Cond>
<Loc EndOffset="4716" SrcFileId="6" StartOffset="4712"/>
</Cond>
<LocList>
<Loc EndOffset="4747" SrcFileId="6" StartOffset="4717"/>
</LocList>
<StmntSeq Intrnl_Id="476">
<LocList>
<Loc EndOffset="4741" SrcFileId="6" StartOffset="4724"/>
</LocList>
<BasicStmnt CovItemId="S76" CovItemPrefix="csse376_puerto_rico.GameState.java" Intrnl_Id="477">
<LocList>
<Loc EndOffset="4741" SrcFileId="6" StartOffset="4724"/>
</LocList>
</BasicStmnt>
</StmntSeq>
</Branch>
<Keyword EndOffset="4417" SrcFileId="6" StartOffset="4415"/>
<LocList>
<Loc EndOffset="4747" SrcFileId="6" StartOffset="4415"/>
</LocList>
<RootTerm CovItemId="C11" CovItemPrefix="csse376_puerto_rico.GameState.java" Intrnl_Id="478">
<OpTerm BooleanOpId="13" Intrnl_Id="479">
<BasicBoolTerm Intrnl_Id="480">
<LocList>
<Loc EndOffset="4434" SrcFileId="6" StartOffset="4419"/>
</LocList>
</BasicBoolTerm>
<OpTerm BooleanOpId="12" Intrnl_Id="481">
<BasicBoolTerm Intrnl_Id="482">
<LocList>
<Loc EndOffset="4459" SrcFileId="6" StartOffset="4445"/>
</LocList>
</BasicBoolTerm>
<BasicBoolTerm Intrnl_Id="483">
<LocList>
<Loc EndOffset="4490" SrcFileId="6" StartOffset="4463"/>
</LocList>
</BasicBoolTerm>
<LocList>
<Loc EndOffset="4462" SrcFileId="6" StartOffset="4460"/>
</LocList>
</OpTerm>
<LocList>
<Loc EndOffset="4443" SrcFileId="6" StartOffset="4441"/>
</LocList>
</OpTerm>
</RootTerm>
</CondStmnt>
</StmntSeq>
</Branch>
<Branch CovItemId="B20" CovItemPrefix="csse376_puerto_rico.GameState.java" Implct="false" Intrnl_Id="484">
<Cond>
<Loc EndOffset="4759" SrcFileId="6" StartOffset="4755"/>
</Cond>
<LocList>
<Loc EndOffset="5154" SrcFileId="6" StartOffset="4760"/>
</LocList>
<StmntSeq Intrnl_Id="485">
<LocList>
<Loc EndOffset="5154" SrcFileId="6" StartOffset="4760"/>
</LocList>
<CondStmnt CovItemId="S77" CovItemPrefix="csse376_puerto_rico.GameState.java" Intrnl_Id="486">
<Branch CovItemId="B27" CovItemPrefix="csse376_puerto_rico.GameState.java" Implct="false" Intrnl_Id="487">
<Cond/>
<LocList>
<Loc EndOffset="5154" SrcFileId="6" StartOffset="4778"/>
</LocList>
<StmntSeq Intrnl_Id="488">
<LocList>
<Loc EndOffset="4812" SrcFileId="6" StartOffset="4784"/>
<Loc EndOffset="5149" SrcFileId="6" StartOffset="4817"/>
</LocList>
<BasicStmnt CovItemId="S78" CovItemPrefix="csse376_puerto_rico.GameState.java" Intrnl_Id="489">
<LocList>
<Loc EndOffset="4812" SrcFileId="6" StartOffset="4784"/>
</LocList>
</BasicStmnt>
<CondStmnt CovItemId="S79" CovItemPrefix="csse376_puerto_rico.GameState.java" Intrnl_Id="490">
<Branch CovItemId="B29" CovItemPrefix="csse376_puerto_rico.GameState.java" Implct="false" Intrnl_Id="491">
<Cond/>
<LocList>
<Loc EndOffset="5113" SrcFileId="6" StartOffset="4895"/>
</LocList>
<StmntSeq Intrnl_Id="492">
<LocList>
<Loc EndOffset="4938" SrcFileId="6" StartOffset="4902"/>
<Loc EndOffset="4990" SrcFileId="6" StartOffset="4944"/>
<Loc EndOffset="5107" SrcFileId="6" StartOffset="4996"/>
</LocList>
<BasicStmnt CovItemId="S80" CovItemPrefix="csse376_puerto_rico.GameState.java" Intrnl_Id="493">
<LocList>
<Loc EndOffset="4938" SrcFileId="6" StartOffset="4902"/>
</LocList>
</BasicStmnt>
<CondStmnt CovItemId="S81" CovItemPrefix="csse376_puerto_rico.GameState.java" Intrnl_Id="494">
<Branch CovItemId="B31" CovItemPrefix="csse376_puerto_rico.GameState.java" Implct="false" Intrnl_Id="495">
<Cond/>
<LocList>
<Loc EndOffset="4990" SrcFileId="6" StartOffset="4968"/>
</LocList>
<StmntSeq Intrnl_Id="496">
<LocList>
<Loc EndOffset="4990" SrcFileId="6" StartOffset="4968"/>
</LocList>
<BasicStmnt CovItemId="S82" CovItemPrefix="csse376_puerto_rico.GameState.java" Intrnl_Id="497">
<LocList>
<Loc EndOffset="4990" SrcFileId="6" StartOffset="4968"/>
</LocList>
</BasicStmnt>
</StmntSeq>
</Branch>
<Branch CovItemId="B32" CovItemPrefix="csse376_puerto_rico.GameState.java" Implct="true" Intrnl_Id="498">
<Cond/>
<LocList/>
<StmntSeq Intrnl_Id="499">
<LocList/>
</StmntSeq>
</Branch>
<Keyword EndOffset="4946" SrcFileId="6" StartOffset="4944"/>
<LocList>
<Loc EndOffset="4990" SrcFileId="6" StartOffset="4944"/>
</LocList>
<RootTerm CovItemId="C16" CovItemPrefix="csse376_puerto_rico.GameState.java" Intrnl_Id="500">
<BasicBoolTerm Intrnl_Id="501">
<LocList>
<Loc EndOffset="4960" SrcFileId="6" StartOffset="4948"/>
</LocList>
</BasicBoolTerm>
</RootTerm>
</CondStmnt>
<CondStmnt CovItemId="S83" CovItemPrefix="csse376_puerto_rico.GameState.java" Intrnl_Id="502">
<Branch CovItemId="B33" CovItemPrefix="csse376_puerto_rico.GameState.java" Implct="false" Intrnl_Id="503">
<Cond/>
<LocList>
<Loc EndOffset="5044" SrcFileId="6" StartOffset="5014"/>
</LocList>
<StmntSeq Intrnl_Id="504">
<LocList>
<Loc EndOffset="5037" SrcFileId="6" StartOffset="5022"/>
</LocList>
<BasicStmnt CovItemId="S84" CovItemPrefix="csse376_puerto_rico.GameState.java" Intrnl_Id="505">
<LocList>
<Loc EndOffset="5037" SrcFileId="6" StartOffset="5022"/>
</LocList>
</BasicStmnt>
</StmntSeq>
</Branch>
<Branch CovItemId="B34" CovItemPrefix="csse376_puerto_rico.GameState.java" Implct="false" Intrnl_Id="506">
<Cond>
<Loc EndOffset="5049" SrcFileId="6" StartOffset="5045"/>
</Cond>
<LocList>
<Loc EndOffset="5107" SrcFileId="6" StartOffset="5050"/>
</LocList>
<StmntSeq Intrnl_Id="507">
<LocList>
<Loc EndOffset="5080" SrcFileId="6" StartOffset="5058"/>
<Loc EndOffset="5100" SrcFileId="6" StartOffset="5087"/>
</LocList>
<BasicStmnt CovItemId="S85" CovItemPrefix="csse376_puerto_rico.GameState.java" Intrnl_Id="508">
<LocList>
<Loc EndOffset="5080" SrcFileId="6" StartOffset="5058"/>
</LocList>
</BasicStmnt>
<BasicStmnt CovItemId="S86" CovItemPrefix="csse376_puerto_rico.GameState.java" Intrnl_Id="509">
<LocList>
<Loc EndOffset="5100" SrcFileId="6" StartOffset="5087"/>
</LocList>
</BasicStmnt>
</StmntSeq>
</Branch>
<Keyword EndOffset="4998" SrcFileId="6" StartOffset="4996"/>
<LocList>
<Loc EndOffset="5107" SrcFileId="6" StartOffset="4996"/>
</LocList>
<RootTerm CovItemId="C17" CovItemPrefix="csse376_puerto_rico.GameState.java" Intrnl_Id="510">
<BasicBoolTerm Intrnl_Id="511">
<LocList>
<Loc EndOffset="5012" SrcFileId="6" StartOffset="5000"/>
</LocList>
</BasicBoolTerm>
</RootTerm>
</CondStmnt>
</StmntSeq>
</Branch>
<Branch CovItemId="B30" CovItemPrefix="csse376_puerto_rico.GameState.java" Implct="false" Intrnl_Id="512">
<Cond>
<Loc EndOffset="5118" SrcFileId="6" StartOffset="5114"/>
</Cond>
<LocList>
<Loc EndOffset="5149" SrcFileId="6" StartOffset="5119"/>
</LocList>
<StmntSeq Intrnl_Id="513">
<LocList>
<Loc EndOffset="5143" SrcFileId="6" StartOffset="5126"/>
</LocList>
<BasicStmnt CovItemId="S87" CovItemPrefix="csse376_puerto_rico.GameState.java" Intrnl_Id="514">
<LocList>
<Loc EndOffset="5143" SrcFileId="6" StartOffset="5126"/>
</LocList>
</BasicStmnt>
</StmntSeq>
</Branch>
<Keyword EndOffset="4819" SrcFileId="6" StartOffset="4817"/>
<LocList>
<Loc EndOffset="5149" SrcFileId="6" StartOffset="4817"/>
</LocList>
<RootTerm CovItemId="C15" CovItemPrefix="csse376_puerto_rico.GameState.java" Intrnl_Id="515">
<OpTerm BooleanOpId="13" Intrnl_Id="516">
<BasicBoolTerm Intrnl_Id="517">
<LocList>
<Loc EndOffset="4836" SrcFileId="6" StartOffset="4821"/>
</LocList>
</BasicBoolTerm>
<OpTerm BooleanOpId="12" Intrnl_Id="518">
<BasicBoolTerm Intrnl_Id="519">
<LocList>
<Loc EndOffset="4861" SrcFileId="6" StartOffset="4847"/>
</LocList>
</BasicBoolTerm>
<BasicBoolTerm Intrnl_Id="520">
<LocList>
<Loc EndOffset="4892" SrcFileId="6" StartOffset="4865"/>
</LocList>
</BasicBoolTerm>
<LocList>
<Loc EndOffset="4864" SrcFileId="6" StartOffset="4862"/>
</LocList>
</OpTerm>
<LocList>
<Loc EndOffset="4845" SrcFileId="6" StartOffset="4843"/>
</LocList>
</OpTerm>
</RootTerm>
</CondStmnt>
</StmntSeq>
</Branch>
<Branch CovItemId="B28" CovItemPrefix="csse376_puerto_rico.GameState.java" Implct="true" Intrnl_Id="521">
<Cond/>
<LocList/>
<StmntSeq Intrnl_Id="522">
<LocList/>
</StmntSeq>
</Branch>
<Keyword EndOffset="4762" SrcFileId="6" StartOffset="4760"/>
<LocList>
<Loc EndOffset="5154" SrcFileId="6" StartOffset="4760"/>
</LocList>
<RootTerm CovItemId="C14" CovItemPrefix="csse376_puerto_rico.GameState.java" Intrnl_Id="523">
<BasicBoolTerm Intrnl_Id="524">
<LocList>
<Loc EndOffset="4776" SrcFileId="6" StartOffset="4764"/>
</LocList>
</BasicBoolTerm>
</RootTerm>
</CondStmnt>
</StmntSeq>
</Branch>
<Keyword EndOffset="4360" SrcFileId="6" StartOffset="4358"/>
<LocList>
<Loc EndOffset="5154" SrcFileId="6" StartOffset="4358"/>
</LocList>
<RootTerm CovItemId="C10" CovItemPrefix="csse376_puerto_rico.GameState.java" Intrnl_Id="525">
<BasicBoolTerm Intrnl_Id="526">
<LocList>
<Loc EndOffset="4374" SrcFileId="6" StartOffset="4362"/>
</LocList>
</BasicBoolTerm>
</RootTerm>
</CondStmnt>
</StmntSeq>
</Branch>
<Keyword EndOffset="3956" SrcFileId="6" StartOffset="3954"/>
<LocList>
<Loc EndOffset="5154" SrcFileId="6" StartOffset="3954"/>
</LocList>
<RootTerm CovItemId="C6" CovItemPrefix="csse376_puerto_rico.GameState.java" Intrnl_Id="527">
<BasicBoolTerm Intrnl_Id="528">
<LocList>
<Loc EndOffset="3970" SrcFileId="6" StartOffset="3958"/>
</LocList>
</BasicBoolTerm>
</RootTerm>
</CondStmnt>
<BasicStmnt CovItemId="S88" CovItemPrefix="csse376_puerto_rico.GameState.java" Intrnl_Id="529">
<LocList>
<Loc EndOffset="5174" SrcFileId="6" StartOffset="5158"/>
</LocList>
</BasicStmnt>
</StmntSeq>
</HierarchyLvl>
<HierarchyLvl HierarchyLvlId="7555" HierarchyLvlTypeId="16" Intrnl_Id="530" Name="isAbleToAddGood">
<Header>
<Loc EndOffset="5215" SrcFileId="6" StartOffset="5183"/>
</Header>
<LocList>
<Loc EndOffset="5329" SrcFileId="6" StartOffset="5183"/>
</LocList>
<StmntSeq Intrnl_Id="531">
<LocList>
<Loc EndOffset="5308" SrcFileId="6" StartOffset="5223"/>
<Loc EndOffset="5325" SrcFileId="6" StartOffset="5312"/>
</LocList>
<LoopStmnt CovItemId="S89" CovItemPrefix="csse376_puerto_rico.GameState.java" Intrnl_Id="532" MltplExecId="L5-2" MltplExecPrefix="csse376_puerto_rico.GameState.java" NvrExecId="L5-0" NvrExecPrefix="csse376_puerto_rico.GameState.java" OnceExecutedId="L5-1" OnceExecutedPrefix="csse376_puerto_rico.GameState.java" OptBodyExec="true">
<StmntSeq Intrnl_Id="533">
<LocList>
<Loc EndOffset="5303" SrcFileId="6" StartOffset="5254"/>
</LocList>
<CondStmnt CovItemId="S90" CovItemPrefix="csse376_puerto_rico.GameState.java" Intrnl_Id="534">
<Branch CovItemId="B35" CovItemPrefix="csse376_puerto_rico.GameState.java" Implct="false" Intrnl_Id="535">
<Cond/>
<LocList>
<Loc EndOffset="5303" SrcFileId="6" StartOffset="5278"/>
</LocList>
<StmntSeq Intrnl_Id="536">
<LocList>
<Loc EndOffset="5297" SrcFileId="6" StartOffset="5285"/>
</LocList>
<BasicStmnt CovItemId="S91" CovItemPrefix="csse376_puerto_rico.GameState.java" Intrnl_Id="537">
<LocList>
<Loc EndOffset="5297" SrcFileId="6" StartOffset="5285"/>
</LocList>
</BasicStmnt>
</StmntSeq>
</Branch>
<Branch CovItemId="B36" CovItemPrefix="csse376_puerto_rico.GameState.java" Implct="true" Intrnl_Id="538">
<Cond/>
<LocList/>
<StmntSeq Intrnl_Id="539">
<LocList/>
</StmntSeq>
</Branch>
<Keyword EndOffset="5256" SrcFileId="6" StartOffset="5254"/>
<LocList>
<Loc EndOffset="5303" SrcFileId="6" StartOffset="5254"/>
</LocList>
<RootTerm CovItemId="C18" CovItemPrefix="csse376_puerto_rico.GameState.java" Intrnl_Id="540">
<BasicBoolTerm Intrnl_Id="541">
<LocList>
<Loc EndOffset="5276" SrcFileId="6" StartOffset="5258"/>
</LocList>
</BasicBoolTerm>
</RootTerm>
</CondStmnt>
</StmntSeq>
<Keyword EndOffset="5226" SrcFileId="6" StartOffset="5223"/>
<LocList>
<Loc EndOffset="5308" SrcFileId="6" StartOffset="5223"/>
</LocList>
</LoopStmnt>
<BasicStmnt CovItemId="S92" CovItemPrefix="csse376_puerto_rico.GameState.java" Intrnl_Id="542">
<LocList>
<Loc EndOffset="5325" SrcFileId="6" StartOffset="5312"/>
</LocList>
</BasicStmnt>
</StmntSeq>
</HierarchyLvl>
<HierarchyLvl HierarchyLvlId="7556" HierarchyLvlTypeId="16" Intrnl_Id="543" Name="isAbleToAddGood">
<Header>
<Loc EndOffset="5374" SrcFileId="6" StartOffset="5334"/>
</Header>
<LocList>
<Loc EndOffset="5682" SrcFileId="6" StartOffset="5334"/>
</LocList>
<StmntSeq Intrnl_Id="544">
<LocList>
<Loc EndOffset="5426" SrcFileId="6" StartOffset="5380"/>
<Loc EndOffset="5661" SrcFileId="6" StartOffset="5430"/>
<Loc EndOffset="5678" SrcFileId="6" StartOffset="5665"/>
</LocList>
<BasicStmnt CovItemId="S93" CovItemPrefix="csse376_puerto_rico.GameState.java" Intrnl_Id="545">
<LocList>
<Loc EndOffset="5426" SrcFileId="6" StartOffset="5380"/>
</LocList>
</BasicStmnt>
<LoopStmnt CovItemId="S94" CovItemPrefix="csse376_puerto_rico.GameState.java" Intrnl_Id="546" MltplExecId="L6-2" MltplExecPrefix="csse376_puerto_rico.GameState.java" NvrExecId="L6-0" NvrExecPrefix="csse376_puerto_rico.GameState.java" OnceExecutedId="L6-1" OnceExecutedPrefix="csse376_puerto_rico.GameState.java" OptBodyExec="true">
<StmntSeq Intrnl_Id="547">
<LocList>
<Loc EndOffset="5656" SrcFileId="6" StartOffset="5473"/>
</LocList>
<CondStmnt CovItemId="S95" CovItemPrefix="csse376_puerto_rico.GameState.java" Intrnl_Id="548">
<Branch CovItemId="B37" CovItemPrefix="csse376_puerto_rico.GameState.java" Implct="false" Intrnl_Id="549">
<Cond/>
<LocList>
<Loc EndOffset="5656" SrcFileId="6" StartOffset="5506"/>
</LocList>
<StmntSeq Intrnl_Id="550">
<LocList>
<Loc EndOffset="5650" SrcFileId="6" StartOffset="5513"/>
</LocList>
<LoopStmnt CovItemId="S96" CovItemPrefix="csse376_puerto_rico.GameState.java" Intrnl_Id="551" MltplExecId="L7-2" MltplExecPrefix="csse376_puerto_rico.GameState.java" NvrExecId="L7-0" NvrExecPrefix="csse376_puerto_rico.GameState.java" OnceExecutedId="L7-1" OnceExecutedPrefix="csse376_puerto_rico.GameState.java" OptBodyExec="true">
<StmntSeq Intrnl_Id="552">
<LocList>
<Loc EndOffset="5589" SrcFileId="6" StartOffset="5550"/>
<Loc EndOffset="5643" SrcFileId="6" StartOffset="5596"/>
</LocList>
<BasicStmnt CovItemId="S97" CovItemPrefix="csse376_puerto_rico.GameState.java" Intrnl_Id="553">
<LocList>
<Loc EndOffset="5589" SrcFileId="6" StartOffset="5550"/>
</LocList>
</BasicStmnt>
<CondStmnt CovItemId="S98" CovItemPrefix="csse376_puerto_rico.GameState.java" Intrnl_Id="554">
<Branch CovItemId="B39" CovItemPrefix="csse376_puerto_rico.GameState.java" Implct="false" Intrnl_Id="555">
<Cond/>
<LocList>
<Loc EndOffset="5643" SrcFileId="6" StartOffset="5612"/>
</LocList>
<StmntSeq Intrnl_Id="556">
<LocList>
<Loc EndOffset="5633" SrcFileId="6" StartOffset="5621"/>
</LocList>
<BasicStmnt CovItemId="S99" CovItemPrefix="csse376_puerto_rico.GameState.java" Intrnl_Id="557">
<LocList>
<Loc EndOffset="5633" SrcFileId="6" StartOffset="5621"/>
</LocList>
</BasicStmnt>
</StmntSeq>
</Branch>
<Branch CovItemId="B40" CovItemPrefix="csse376_puerto_rico.GameState.java" Implct="true" Intrnl_Id="558">
<Cond/>
<LocList/>
<StmntSeq Intrnl_Id="559">
<LocList/>
</StmntSeq>
</Branch>
<Keyword EndOffset="5598" SrcFileId="6" StartOffset="5596"/>
<LocList>
<Loc EndOffset="5643" SrcFileId="6" StartOffset="5596"/>
</LocList>
<RootTerm CovItemId="C21" CovItemPrefix="csse376_puerto_rico.GameState.java" Intrnl_Id="560">
<BasicBoolTerm Intrnl_Id="561">
<LocList>
<Loc EndOffset="5610" SrcFileId="6" StartOffset="5600"/>
</LocList>
</BasicBoolTerm>
</RootTerm>
</CondStmnt>
</StmntSeq>
<Keyword EndOffset="5516" SrcFileId="6" StartOffset="5513"/>
<LocList>
<Loc EndOffset="5650" SrcFileId="6" StartOffset="5513"/>
</LocList>
<RootTerm CovItemId="C20" CovItemPrefix="csse376_puerto_rico.GameState.java" Intrnl_Id="562">
<BasicBoolTerm Intrnl_Id="563">
<LocList>
<Loc EndOffset="5535" SrcFileId="6" StartOffset="5529"/>
</LocList>
</BasicBoolTerm>
</RootTerm>
</LoopStmnt>
</StmntSeq>
</Branch>
<Branch CovItemId="B38" CovItemPrefix="csse376_puerto_rico.GameState.java" Implct="true" Intrnl_Id="564">
<Cond/>
<LocList/>
<StmntSeq Intrnl_Id="565">
<LocList/>
</StmntSeq>
</Branch>
<Keyword EndOffset="5475" SrcFileId="6" StartOffset="5473"/>
<LocList>
<Loc EndOffset="5656" SrcFileId="6" StartOffset="5473"/>
</LocList>
<RootTerm CovItemId="C19" CovItemPrefix="csse376_puerto_rico.GameState.java" Intrnl_Id="566">
<BasicBoolTerm Intrnl_Id="567">
<LocList>
<Loc EndOffset="5504" SrcFileId="6" StartOffset="5477"/>
</LocList>
</BasicBoolTerm>
</RootTerm>
</CondStmnt>
</StmntSeq>
<Keyword EndOffset="5433" SrcFileId="6" StartOffset="5430"/>
<LocList>
<Loc EndOffset="5661" SrcFileId="6" StartOffset="5430"/>
</LocList>
</LoopStmnt>
<BasicStmnt CovItemId="S100" CovItemPrefix="csse376_puerto_rico.GameState.java" Intrnl_Id="568">
<LocList>
<Loc EndOffset="5678" SrcFileId="6" StartOffset="5665"/>
</LocList>
</BasicStmnt>
</StmntSeq>
</HierarchyLvl>
<HierarchyLvl HierarchyLvlId="7557" HierarchyLvlTypeId="16" Intrnl_Id="569" Name="isGameEndState">
<Header>
<Loc EndOffset="5718" SrcFileId="6" StartOffset="5687"/>
</Header>
<LocList>
<Loc EndOffset="5752" SrcFileId="6" StartOffset="5687"/>
</LocList>
<StmntSeq Intrnl_Id="570">
<LocList>
<Loc EndOffset="5748" SrcFileId="6" StartOffset="5726"/>
</LocList>
<BasicStmnt CovItemId="S101" CovItemPrefix="csse376_puerto_rico.GameState.java" Intrnl_Id="571">
<LocList>
<Loc EndOffset="5748" SrcFileId="6" StartOffset="5726"/>
</LocList>
</BasicStmnt>
</StmntSeq>
</HierarchyLvl>
<HierarchyLvl HierarchyLvlId="7558" HierarchyLvlTypeId="16" Intrnl_Id="572" Name="getWinner">
<Header>
<Loc EndOffset="5782" SrcFileId="6" StartOffset="5757"/>
</Header>
<LocList>
<Loc EndOffset="5946" SrcFileId="6" StartOffset="5757"/>
</LocList>
<StmntSeq Intrnl_Id="573">
<LocList>
<Loc EndOffset="5821" SrcFileId="6" StartOffset="5788"/>
<Loc EndOffset="5925" SrcFileId="6" StartOffset="5825"/>
<Loc EndOffset="5942" SrcFileId="6" StartOffset="5931"/>
</LocList>
<BasicStmnt CovItemId="S102" CovItemPrefix="csse376_puerto_rico.GameState.java" Intrnl_Id="574">
<LocList>
<Loc EndOffset="5821" SrcFileId="6" StartOffset="5788"/>
</LocList>
</BasicStmnt>
<LoopStmnt CovItemId="S103" CovItemPrefix="csse376_puerto_rico.GameState.java" Intrnl_Id="575" MltplExecId="L8-2" MltplExecPrefix="csse376_puerto_rico.GameState.java" NvrExecId="L8-0" NvrExecPrefix="csse376_puerto_rico.GameState.java" OnceExecutedId="L8-1" OnceExecutedPrefix="csse376_puerto_rico.GameState.java" OptBodyExec="true">
<StmntSeq Intrnl_Id="576">
<LocList>
<Loc EndOffset="5920" SrcFileId="6" StartOffset="5861"/>
</LocList>
<CondStmnt CovItemId="S104" CovItemPrefix="csse376_puerto_rico.GameState.java" Intrnl_Id="577">
<Branch CovItemId="B41" CovItemPrefix="csse376_puerto_rico.GameState.java" Implct="false" Intrnl_Id="578">
<Cond/>
<LocList>
<Loc EndOffset="5920" SrcFileId="6" StartOffset="5899"/>
</LocList>
<StmntSeq Intrnl_Id="579">
<LocList>
<Loc EndOffset="5914" SrcFileId="6" StartOffset="5906"/>
</LocList>
<BasicStmnt CovItemId="S105" CovItemPrefix="csse376_puerto_rico.GameState.java" Intrnl_Id="580">
<LocList>
<Loc EndOffset="5914" SrcFileId="6" StartOffset="5906"/>
</LocList>
</BasicStmnt>
</StmntSeq>
</Branch>
<Branch CovItemId="B42" CovItemPrefix="csse376_puerto_rico.GameState.java" Implct="true" Intrnl_Id="581">
<Cond/>
<LocList/>
<StmntSeq Intrnl_Id="582">
<LocList/>
</StmntSeq>
</Branch>
<Keyword EndOffset="5863" SrcFileId="6" StartOffset="5861"/>
<LocList>
<Loc EndOffset="5920" SrcFileId="6" StartOffset="5861"/>
</LocList>
<RootTerm CovItemId="C22" CovItemPrefix="csse376_puerto_rico.GameState.java" Intrnl_Id="583">
<BasicBoolTerm Intrnl_Id="584">
<LocList>
<Loc EndOffset="5897" SrcFileId="6" StartOffset="5865"/>
</LocList>
</BasicBoolTerm>
</RootTerm>
</CondStmnt>
</StmntSeq>
<Keyword EndOffset="5828" SrcFileId="6" StartOffset="5825"/>
<LocList>
<Loc EndOffset="5925" SrcFileId="6" StartOffset="5825"/>
</LocList>
</LoopStmnt>
<BasicStmnt CovItemId="S106" CovItemPrefix="csse376_puerto_rico.GameState.java" Intrnl_Id="585">
<LocList>
<Loc EndOffset="5942" SrcFileId="6" StartOffset="5931"/>
</LocList>
</BasicStmnt>
</StmntSeq>
</HierarchyLvl>
<HierarchyLvl HierarchyLvlId="7559" HierarchyLvlTypeId="16" Intrnl_Id="586" Name="updateAtEndOfTurn">
<Header>
<Loc EndOffset="5982" SrcFileId="6" StartOffset="5951"/>
</Header>
<LocList>
<Loc EndOffset="6266" SrcFileId="6" StartOffset="5951"/>
</LocList>
<StmntSeq Intrnl_Id="587">
<LocList>
<Loc EndOffset="6010" SrcFileId="6" StartOffset="5988"/>
<Loc EndOffset="6110" SrcFileId="6" StartOffset="6038"/>
<Loc EndOffset="6186" SrcFileId="6" StartOffset="6114"/>
<Loc EndOffset="6262" SrcFileId="6" StartOffset="6190"/>
</LocList>
<BasicStmnt CovItemId="S107" CovItemPrefix="csse376_puerto_rico.GameState.java" Intrnl_Id="588">
<LocList>
<Loc EndOffset="6010" SrcFileId="6" StartOffset="5988"/>
</LocList>
</BasicStmnt>
<CondStmnt CovItemId="S108" CovItemPrefix="csse376_puerto_rico.GameState.java" Intrnl_Id="589">
<Branch CovItemId="B43" CovItemPrefix="csse376_puerto_rico.GameState.java" Implct="false" Intrnl_Id="590">
<Cond/>
<LocList>
<Loc EndOffset="6110" SrcFileId="6" StartOffset="6059"/>
</LocList>
<StmntSeq Intrnl_Id="591">
<LocList>
<Loc EndOffset="6080" SrcFileId="6" StartOffset="6065"/>
<Loc EndOffset="6105" SrcFileId="6" StartOffset="6085"/>
</LocList>
<BasicStmnt CovItemId="S109" CovItemPrefix="csse376_puerto_rico.GameState.java" Intrnl_Id="592">
<LocList>
<Loc EndOffset="6080" SrcFileId="6" StartOffset="6065"/>
</LocList>
</BasicStmnt>
<BasicStmnt CovItemId="S110" CovItemPrefix="csse376_puerto_rico.GameState.java" Intrnl_Id="593">
<LocList>
<Loc EndOffset="6105" SrcFileId="6" StartOffset="6085"/>
</LocList>
</BasicStmnt>
</StmntSeq>
</Branch>
<Branch CovItemId="B44" CovItemPrefix="csse376_puerto_rico.GameState.java" Implct="true" Intrnl_Id="594">
<Cond/>
<LocList/>
<StmntSeq Intrnl_Id="595">
<LocList/>
</StmntSeq>
</Branch>
<Keyword EndOffset="6040" SrcFileId="6" StartOffset="6038"/>
<LocList>
<Loc EndOffset="6110" SrcFileId="6" StartOffset="6038"/>
</LocList>
<RootTerm CovItemId="C23" CovItemPrefix="csse376_puerto_rico.GameState.java" Intrnl_Id="596">
<BasicBoolTerm Intrnl_Id="597">
<LocList>
<Loc EndOffset="6057" SrcFileId="6" StartOffset="6042"/>
</LocList>
</BasicBoolTerm>
</RootTerm>
</CondStmnt>
<CondStmnt CovItemId="S111" CovItemPrefix="csse376_puerto_rico.GameState.java" Intrnl_Id="598">
<Branch CovItemId="B45" CovItemPrefix="csse376_puerto_rico.GameState.java" Implct="false" Intrnl_Id="599">
<Cond/>
<LocList>
<Loc EndOffset="6186" SrcFileId="6" StartOffset="6135"/>
</LocList>
<StmntSeq Intrnl_Id="600">
<LocList>
<Loc EndOffset="6156" SrcFileId="6" StartOffset="6141"/>
<Loc EndOffset="6181" SrcFileId="6" StartOffset="6161"/>
</LocList>
<BasicStmnt CovItemId="S112" CovItemPrefix="csse376_puerto_rico.GameState.java" Intrnl_Id="601">
<LocList>
<Loc EndOffset="6156" SrcFileId="6" StartOffset="6141"/>
</LocList>
</BasicStmnt>
<BasicStmnt CovItemId="S113" CovItemPrefix="csse376_puerto_rico.GameState.java" Intrnl_Id="602">
<LocList>
<Loc EndOffset="6181" SrcFileId="6" StartOffset="6161"/>
</LocList>
</BasicStmnt>
</StmntSeq>
</Branch>
<Branch CovItemId="B46" CovItemPrefix="csse376_puerto_rico.GameState.java" Implct="true" Intrnl_Id="603">
<Cond/>
<LocList/>
<StmntSeq Intrnl_Id="604">
<LocList/>
</StmntSeq>
</Branch>
<Keyword EndOffset="6116" SrcFileId="6" StartOffset="6114"/>
<LocList>
<Loc EndOffset="6186" SrcFileId="6" StartOffset="6114"/>
</LocList>
<RootTerm CovItemId="C24" CovItemPrefix="csse376_puerto_rico.GameState.java" Intrnl_Id="605">
<BasicBoolTerm Intrnl_Id="606">
<LocList>
<Loc EndOffset="6133" SrcFileId="6" StartOffset="6118"/>
</LocList>
</BasicBoolTerm>
</RootTerm>
</CondStmnt>
<CondStmnt CovItemId="S114" CovItemPrefix="csse376_puerto_rico.GameState.java" Intrnl_Id="607">
<Branch CovItemId="B47" CovItemPrefix="csse376_puerto_rico.GameState.java" Implct="false" Intrnl_Id="608">
<Cond/>
<LocList>
<Loc EndOffset="6262" SrcFileId="6" StartOffset="6211"/>
</LocList>
<StmntSeq Intrnl_Id="609">
<LocList>
<Loc EndOffset="6232" SrcFileId="6" StartOffset="6217"/>
<Loc EndOffset="6257" SrcFileId="6" StartOffset="6237"/>
</LocList>
<BasicStmnt CovItemId="S115" CovItemPrefix="csse376_puerto_rico.GameState.java" Intrnl_Id="610">
<LocList>
<Loc EndOffset="6232" SrcFileId="6" StartOffset="6217"/>
</LocList>
</BasicStmnt>
<BasicStmnt CovItemId="S116" CovItemPrefix="csse376_puerto_rico.GameState.java" Intrnl_Id="611">
<LocList>
<Loc EndOffset="6257" SrcFileId="6" StartOffset="6237"/>
</LocList>
</BasicStmnt>
</StmntSeq>
</Branch>
<Branch CovItemId="B48" CovItemPrefix="csse376_puerto_rico.GameState.java" Implct="true" Intrnl_Id="612">
<Cond/>
<LocList/>
<StmntSeq Intrnl_Id="613">
<LocList/>
</StmntSeq>
</Branch>
<Keyword EndOffset="6192" SrcFileId="6" StartOffset="6190"/>
<LocList>
<Loc EndOffset="6262" SrcFileId="6" StartOffset="6190"/>
</LocList>
<RootTerm CovItemId="C25" CovItemPrefix="csse376_puerto_rico.GameState.java" Intrnl_Id="614">
<BasicBoolTerm Intrnl_Id="615">
<LocList>
<Loc EndOffset="6209" SrcFileId="6" StartOffset="6194"/>
</LocList>
</BasicBoolTerm>
</RootTerm>
</CondStmnt>
</StmntSeq>
</HierarchyLvl>
</HierarchyLvl>
<HierarchyLvl HierarchyLvlId="7573" HierarchyLvlTypeId="15" Intrnl_Id="616" Name="GameBoardGUI">
<Header>
<Loc EndOffset="460" SrcFileId="7" StartOffset="435"/>
</Header>
<LocList>
<Loc EndOffset="22755" SrcFileId="7" StartOffset="435"/>
</LocList>
<HierarchyLvl HierarchyLvlId="7561" HierarchyLvlTypeId="16" Intrnl_Id="617" Name="GameBoardGUI">
<Header>
<Loc EndOffset="774" SrcFileId="7" StartOffset="753"/>
</Header>
<LocList>
<Loc EndOffset="1094" SrcFileId="7" StartOffset="753"/>
</LocList>
<StmntSeq Intrnl_Id="618">
<LocList>
<Loc EndOffset="838" SrcFileId="7" StartOffset="808"/>
<Loc EndOffset="879" SrcFileId="7" StartOffset="842"/>
<Loc EndOffset="922" SrcFileId="7" StartOffset="883"/>
<Loc EndOffset="956" SrcFileId="7" StartOffset="926"/>
<Loc EndOffset="986" SrcFileId="7" StartOffset="960"/>
<Loc EndOffset="1016" SrcFileId="7" StartOffset="990"/>
<Loc EndOffset="1046" SrcFileId="7" StartOffset="1020"/>
<Loc EndOffset="1090" SrcFileId="7" StartOffset="1050"/>
</LocList>
<BasicStmnt CovItemId="S1" CovItemPrefix="csse376_puerto_rico.GameBoardGUI.java" Intrnl_Id="619">
<LocList>
<Loc EndOffset="838" SrcFileId="7" StartOffset="808"/>
</LocList>
</BasicStmnt>
<BasicStmnt CovItemId="S2" CovItemPrefix="csse376_puerto_rico.GameBoardGUI.java" Intrnl_Id="620">
<LocList>
<Loc EndOffset="879" SrcFileId="7" StartOffset="842"/>
</LocList>
</BasicStmnt>
<BasicStmnt CovItemId="S3" CovItemPrefix="csse376_puerto_rico.GameBoardGUI.java" Intrnl_Id="621">
<LocList>
<Loc EndOffset="922" SrcFileId="7" StartOffset="883"/>
</LocList>
</BasicStmnt>
<BasicStmnt CovItemId="S4" CovItemPrefix="csse376_puerto_rico.GameBoardGUI.java" Intrnl_Id="622">
<LocList>
<Loc EndOffset="956" SrcFileId="7" StartOffset="926"/>
</LocList>
</BasicStmnt>
<BasicStmnt CovItemId="S5" CovItemPrefix="csse376_puerto_rico.GameBoardGUI.java" Intrnl_Id="623">
<LocList>
<Loc EndOffset="986" SrcFileId="7" StartOffset="960"/>
</LocList>
</BasicStmnt>
<BasicStmnt CovItemId="S6" CovItemPrefix="csse376_puerto_rico.GameBoardGUI.java" Intrnl_Id="624">
<LocList>
<Loc EndOffset="1016" SrcFileId="7" StartOffset="990"/>
</LocList>
</BasicStmnt>
<BasicStmnt CovItemId="S7" CovItemPrefix="csse376_puerto_rico.GameBoardGUI.java" Intrnl_Id="625">
<LocList>
<Loc EndOffset="1046" SrcFileId="7" StartOffset="1020"/>
</LocList>
</BasicStmnt>
<BasicStmnt CovItemId="S8" CovItemPrefix="csse376_puerto_rico.GameBoardGUI.java" Intrnl_Id="626">
<LocList>
<Loc EndOffset="1090" SrcFileId="7" StartOffset="1050"/>
</LocList>
</BasicStmnt>
</StmntSeq>
</HierarchyLvl>
<HierarchyLvl HierarchyLvlId="7562" HierarchyLvlTypeId="16" Intrnl_Id="627" Name="GameBoardGUI">
<Header>
<Loc EndOffset="1151" SrcFileId="7" StartOffset="1099"/>
</Header>
<LocList>
<Loc EndOffset="1928" SrcFileId="7" StartOffset="1099"/>
</LocList>
<StmntSeq Intrnl_Id="628">
<LocList>
<Loc EndOffset="1196" SrcFileId="7" StartOffset="1157"/>
<Loc EndOffset="1223" SrcFileId="7" StartOffset="1200"/>
<Loc EndOffset="1266" SrcFileId="7" StartOffset="1227"/>
<Loc EndOffset="1314" SrcFileId="7" StartOffset="1270"/>
<Loc EndOffset="1363" SrcFileId="7" StartOffset="1318"/>
<Loc EndOffset="1409" SrcFileId="7" StartOffset="1367"/>
<Loc EndOffset="1448" SrcFileId="7" StartOffset="1413"/>
<Loc EndOffset="1485" SrcFileId="7" StartOffset="1452"/>
<Loc EndOffset="1509" SrcFileId="7" StartOffset="1489"/>
<Loc EndOffset="1543" SrcFileId="7" StartOffset="1513"/>
<Loc EndOffset="1584" SrcFileId="7" StartOffset="1547"/>
<Loc EndOffset="1608" SrcFileId="7" StartOffset="1590"/>
<Loc EndOffset="1840" SrcFileId="7" StartOffset="1612"/>
<Loc EndOffset="1887" SrcFileId="7" StartOffset="1844"/>
<Loc EndOffset="1924" SrcFileId="7" StartOffset="1893"/>
</LocList>
<BasicStmnt CovItemId="S9" CovItemPrefix="csse376_puerto_rico.GameBoardGUI.java" Intrnl_Id="629">
<LocList>
<Loc EndOffset="1196" SrcFileId="7" StartOffset="1157"/>
</LocList>
</BasicStmnt>
<BasicStmnt CovItemId="S10" CovItemPrefix="csse376_puerto_rico.GameBoardGUI.java" Intrnl_Id="630">
<LocList>
<Loc EndOffset="1223" SrcFileId="7" StartOffset="1200"/>
</LocList>
</BasicStmnt>
<BasicStmnt CovItemId="S11" CovItemPrefix="csse376_puerto_rico.GameBoardGUI.java" Intrnl_Id="631">
<LocList>
<Loc EndOffset="1266" SrcFileId="7" StartOffset="1227"/>
</LocList>
</BasicStmnt>
<BasicStmnt CovItemId="S12" CovItemPrefix="csse376_puerto_rico.GameBoardGUI.java" Intrnl_Id="632">
<LocList>
<Loc EndOffset="1314" SrcFileId="7" StartOffset="1270"/>
</LocList>
</BasicStmnt>
<BasicStmnt CovItemId="S13" CovItemPrefix="csse376_puerto_rico.GameBoardGUI.java" Intrnl_Id="633">
<LocList>
<Loc EndOffset="1363" SrcFileId="7" StartOffset="1318"/>
</LocList>
</BasicStmnt>
<BasicStmnt CovItemId="S14" CovItemPrefix="csse376_puerto_rico.GameBoardGUI.java" Intrnl_Id="634">
<LocList>
<Loc EndOffset="1409" SrcFileId="7" StartOffset="1367"/>
</LocList>
</BasicStmnt>
<BasicStmnt CovItemId="S15" CovItemPrefix="csse376_puerto_rico.GameBoardGUI.java" Intrnl_Id="635">
<LocList>
<Loc EndOffset="1448" SrcFileId="7" StartOffset="1413"/>
</LocList>
</BasicStmnt>
<BasicStmnt CovItemId="S16" CovItemPrefix="csse376_puerto_rico.GameBoardGUI.java" Intrnl_Id="636">
<LocList>
<Loc EndOffset="1485" SrcFileId="7" StartOffset="1452"/>
</LocList>
</BasicStmnt>
<BasicStmnt CovItemId="S17" CovItemPrefix="csse376_puerto_rico.GameBoardGUI.java" Intrnl_Id="637">
<LocList>
<Loc EndOffset="1509" SrcFileId="7" StartOffset="1489"/>
</LocList>
</BasicStmnt>
<BasicStmnt CovItemId="S18" CovItemPrefix="csse376_puerto_rico.GameBoardGUI.java" Intrnl_Id="638">
<LocList>
<Loc EndOffset="1543" SrcFileId="7" StartOffset="1513"/>
</LocList>
</BasicStmnt>
<BasicStmnt CovItemId="S19" CovItemPrefix="csse376_puerto_rico.GameBoardGUI.java" Intrnl_Id="639">
<LocList>
<Loc EndOffset="1584" SrcFileId="7" StartOffset="1547"/>
</LocList>
</BasicStmnt>
<BasicStmnt CovItemId="S20" CovItemPrefix="csse376_puerto_rico.GameBoardGUI.java" Intrnl_Id="640">
<LocList>
<Loc EndOffset="1608" SrcFileId="7" StartOffset="1590"/>
</LocList>
</BasicStmnt>
<LoopStmnt CovItemId="S21" CovItemPrefix="csse376_puerto_rico.GameBoardGUI.java" Intrnl_Id="641" MltplExecId="L1-2" MltplExecPrefix="csse376_puerto_rico.GameBoardGUI.java" NvrExecId="L1-0" NvrExecPrefix="csse376_puerto_rico.GameBoardGUI.java" OnceExecutedId="L1-1" OnceExecutedPrefix="csse376_puerto_rico.GameBoardGUI.java" OptBodyExec="true">
<StmntSeq Intrnl_Id="642">
<LocList>
<Loc EndOffset="1768" SrcFileId="7" StartOffset="1722"/>
<Loc EndOffset="1835" SrcFileId="7" StartOffset="1773"/>
</LocList>
<BasicStmnt CovItemId="S22" CovItemPrefix="csse376_puerto_rico.GameBoardGUI.java" Intrnl_Id="643">
<LocList>
<Loc EndOffset="1768" SrcFileId="7" StartOffset="1722"/>
</LocList>
</BasicStmnt>
<CondStmnt CovItemId="S23" CovItemPrefix="csse376_puerto_rico.GameBoardGUI.java" Intrnl_Id="644">
<Branch CovItemId="B1" CovItemPrefix="csse376_puerto_rico.GameBoardGUI.java" Implct="false" Intrnl_Id="645">
<Cond/>
<LocList>
<Loc EndOffset="1835" SrcFileId="7" StartOffset="1798"/>
</LocList>
<StmntSeq Intrnl_Id="646">
<LocList>
<Loc EndOffset="1829" SrcFileId="7" StartOffset="1805"/>
</LocList>
<BasicStmnt CovItemId="S24" CovItemPrefix="csse376_puerto_rico.GameBoardGUI.java" Intrnl_Id="647">
<LocList>
<Loc EndOffset="1829" SrcFileId="7" StartOffset="1805"/>
</LocList>
</BasicStmnt>
</StmntSeq>
</Branch>
<Branch CovItemId="B2" CovItemPrefix="csse376_puerto_rico.GameBoardGUI.java" Implct="true" Intrnl_Id="648">
<Cond/>
<LocList/>
<StmntSeq Intrnl_Id="649">
<LocList/>
</StmntSeq>
</Branch>
<Keyword EndOffset="1775" SrcFileId="7" StartOffset="1773"/>
<LocList>
<Loc EndOffset="1835" SrcFileId="7" StartOffset="1773"/>
</LocList>
<RootTerm CovItemId="C2" CovItemPrefix="csse376_puerto_rico.GameBoardGUI.java" Intrnl_Id="650">
<BasicBoolTerm Intrnl_Id="651">
<LocList>
<Loc EndOffset="1796" SrcFileId="7" StartOffset="1777"/>
</LocList>
</BasicBoolTerm>
</RootTerm>
</CondStmnt>
</StmntSeq>
<Keyword EndOffset="1615" SrcFileId="7" StartOffset="1612"/>
<LocList>
<Loc EndOffset="1840" SrcFileId="7" StartOffset="1612"/>
</LocList>
<RootTerm CovItemId="C1" CovItemPrefix="csse376_puerto_rico.GameBoardGUI.java" Intrnl_Id="652">
<BasicBoolTerm Intrnl_Id="653">
<LocList>
<Loc EndOffset="1713" SrcFileId="7" StartOffset="1682"/>
</LocList>
</BasicBoolTerm>
</RootTerm>
</LoopStmnt>
<BasicStmnt CovItemId="S25" CovItemPrefix="csse376_puerto_rico.GameBoardGUI.java" Intrnl_Id="654">
<LocList>
<Loc EndOffset="1887" SrcFileId="7" StartOffset="1844"/>
</LocList>
</BasicStmnt>
<BasicStmnt CovItemId="S26" CovItemPrefix="csse376_puerto_rico.GameBoardGUI.java" Intrnl_Id="655">
<LocList>
<Loc EndOffset="1924" SrcFileId="7" StartOffset="1893"/>
</LocList>
</BasicStmnt>
</StmntSeq>
</HierarchyLvl>
<HierarchyLvl HierarchyLvlId="7563" HierarchyLvlTypeId="16" Intrnl_Id="656" Name="displayGameState">
<Header>
<Loc EndOffset="1964" SrcFileId="7" StartOffset="1933"/>
</Header>
<LocList>
<Loc EndOffset="3210" SrcFileId="7" StartOffset="1933"/>
</LocList>
<StmntSeq Intrnl_Id="657">
<LocList>
<Loc EndOffset="2026" SrcFileId="7" StartOffset="1970"/>
<Loc EndOffset="2082" SrcFileId="7" StartOffset="2030"/>
<Loc EndOffset="2142" SrcFileId="7" StartOffset="2086"/>
<Loc EndOffset="2200" SrcFileId="7" StartOffset="2146"/>
<Loc EndOffset="2262" SrcFileId="7" StartOffset="2204"/>
<Loc EndOffset="2319" SrcFileId="7" StartOffset="2266"/>
<Loc EndOffset="2379" SrcFileId="7" StartOffset="2323"/>
<Loc EndOffset="2425" SrcFileId="7" StartOffset="2383"/>
<Loc EndOffset="3048" SrcFileId="7" StartOffset="2431"/>
<Loc EndOffset="3081" SrcFileId="7" StartOffset="3052"/>
<Loc EndOffset="3110" SrcFileId="7" StartOffset="3085"/>
<Loc EndOffset="3148" SrcFileId="7" StartOffset="3114"/>
<Loc EndOffset="3206" SrcFileId="7" StartOffset="3152"/>
</LocList>
<BasicStmnt CovItemId="S27" CovItemPrefix="csse376_puerto_rico.GameBoardGUI.java" Intrnl_Id="658">
<LocList>
<Loc EndOffset="2026" SrcFileId="7" StartOffset="1970"/>
</LocList>
</BasicStmnt>
<BasicStmnt CovItemId="S28" CovItemPrefix="csse376_puerto_rico.GameBoardGUI.java" Intrnl_Id="659">
<LocList>
<Loc EndOffset="2082" SrcFileId="7" StartOffset="2030"/>
</LocList>
</BasicStmnt>
<BasicStmnt CovItemId="S29" CovItemPrefix="csse376_puerto_rico.GameBoardGUI.java" Intrnl_Id="660">
<LocList>
<Loc EndOffset="2142" SrcFileId="7" StartOffset="2086"/>
</LocList>
</BasicStmnt>
<BasicStmnt CovItemId="S30" CovItemPrefix="csse376_puerto_rico.GameBoardGUI.java" Intrnl_Id="661">
<LocList>
<Loc EndOffset="2200" SrcFileId="7" StartOffset="2146"/>
</LocList>
</BasicStmnt>
<BasicStmnt CovItemId="S31" CovItemPrefix="csse376_puerto_rico.GameBoardGUI.java" Intrnl_Id="662">
<LocList>
<Loc EndOffset="2262" SrcFileId="7" StartOffset="2204"/>
</LocList>
</BasicStmnt>
<BasicStmnt CovItemId="S32" CovItemPrefix="csse376_puerto_rico.GameBoardGUI.java" Intrnl_Id="663">
<LocList>
<Loc EndOffset="2319" SrcFileId="7" StartOffset="2266"/>
</LocList>
</BasicStmnt>
<BasicStmnt CovItemId="S33" CovItemPrefix="csse376_puerto_rico.GameBoardGUI.java" Intrnl_Id="664">
<LocList>
<Loc EndOffset="2379" SrcFileId="7" StartOffset="2323"/>
</LocList>
</BasicStmnt>
<BasicStmnt CovItemId="S34" CovItemPrefix="csse376_puerto_rico.GameBoardGUI.java" Intrnl_Id="665">
<LocList>
<Loc EndOffset="2425" SrcFileId="7" StartOffset="2383"/>
</LocList>
</BasicStmnt>
<BasicStmnt CovItemId="S35" CovItemPrefix="csse376_puerto_rico.GameBoardGUI.java" Intrnl_Id="666">
<LocList>
<Loc EndOffset="3048" SrcFileId="7" StartOffset="2431"/>
</LocList>
</BasicStmnt>
<BasicStmnt CovItemId="S36" CovItemPrefix="csse376_puerto_rico.GameBoardGUI.java" Intrnl_Id="667">
<LocList>
<Loc EndOffset="3081" SrcFileId="7" StartOffset="3052"/>
</LocList>
</BasicStmnt>
<BasicStmnt CovItemId="S37" CovItemPrefix="csse376_puerto_rico.GameBoardGUI.java" Intrnl_Id="668">
<LocList>
<Loc EndOffset="3110" SrcFileId="7" StartOffset="3085"/>
</LocList>
</BasicStmnt>
<BasicStmnt CovItemId="S38" CovItemPrefix="csse376_puerto_rico.GameBoardGUI.java" Intrnl_Id="669">
<LocList>
<Loc EndOffset="3148" SrcFileId="7" StartOffset="3114"/>
</LocList>
</BasicStmnt>
<BasicStmnt CovItemId="S39" CovItemPrefix="csse376_puerto_rico.GameBoardGUI.java" Intrnl_Id="670">
<LocList>
<Loc EndOffset="3206" SrcFileId="7" StartOffset="3152"/>
</LocList>
</BasicStmnt>
</StmntSeq>
</HierarchyLvl>
<HierarchyLvl HierarchyLvlId="7564" HierarchyLvlTypeId="16" Intrnl_Id="671" Name="updateGameStateDisplay">
<Header>
<Loc EndOffset="3252" SrcFileId="7" StartOffset="3215"/>
</Header>
<LocList>
<Loc EndOffset="4371" SrcFileId="7" StartOffset="3215"/>
</LocList>
<StmntSeq Intrnl_Id="672">
<LocList>
<Loc EndOffset="3314" SrcFileId="7" StartOffset="3258"/>
<Loc EndOffset="3370" SrcFileId="7" StartOffset="3318"/>
<Loc EndOffset="3430" SrcFileId="7" StartOffset="3374"/>
<Loc EndOffset="3488" SrcFileId="7" StartOffset="3434"/>
<Loc EndOffset="3550" SrcFileId="7" StartOffset="3492"/>
<Loc EndOffset="3607" SrcFileId="7" StartOffset="3554"/>
<Loc EndOffset="3667" SrcFileId="7" StartOffset="3611"/>
<Loc EndOffset="3713" SrcFileId="7" StartOffset="3671"/>
<Loc EndOffset="4327" SrcFileId="7" StartOffset="3719"/>
<Loc EndOffset="4367" SrcFileId="7" StartOffset="4333"/>
</LocList>
<BasicStmnt CovItemId="S40" CovItemPrefix="csse376_puerto_rico.GameBoardGUI.java" Intrnl_Id="673">
<LocList>
<Loc EndOffset="3314" SrcFileId="7" StartOffset="3258"/>
</LocList>
</BasicStmnt>
<BasicStmnt CovItemId="S41" CovItemPrefix="csse376_puerto_rico.GameBoardGUI.java" Intrnl_Id="674">
<LocList>
<Loc EndOffset="3370" SrcFileId="7" StartOffset="3318"/>
</LocList>
</BasicStmnt>
<BasicStmnt CovItemId="S42" CovItemPrefix="csse376_puerto_rico.GameBoardGUI.java" Intrnl_Id="675">
<LocList>
<Loc EndOffset="3430" SrcFileId="7" StartOffset="3374"/>
</LocList>
</BasicStmnt>
<BasicStmnt CovItemId="S43" CovItemPrefix="csse376_puerto_rico.GameBoardGUI.java" Intrnl_Id="676">
<LocList>
<Loc EndOffset="3488" SrcFileId="7" StartOffset="3434"/>
</LocList>
</BasicStmnt>
<BasicStmnt CovItemId="S44" CovItemPrefix="csse376_puerto_rico.GameBoardGUI.java" Intrnl_Id="677">
<LocList>
<Loc EndOffset="3550" SrcFileId="7" StartOffset="3492"/>
</LocList>
</BasicStmnt>
<BasicStmnt CovItemId="S45" CovItemPrefix="csse376_puerto_rico.GameBoardGUI.java" Intrnl_Id="678">
<LocList>
<Loc EndOffset="3607" SrcFileId="7" StartOffset="3554"/>
</LocList>
</BasicStmnt>
<BasicStmnt CovItemId="S46" CovItemPrefix="csse376_puerto_rico.GameBoardGUI.java" Intrnl_Id="679">
<LocList>
<Loc EndOffset="3667" SrcFileId="7" StartOffset="3611"/>
</LocList>
</BasicStmnt>
<BasicStmnt CovItemId="S47" CovItemPrefix="csse376_puerto_rico.GameBoardGUI.java" Intrnl_Id="680">
<LocList>
<Loc EndOffset="3713" SrcFileId="7" StartOffset="3671"/>
</LocList>
</BasicStmnt>
<BasicStmnt CovItemId="S48" CovItemPrefix="csse376_puerto_rico.GameBoardGUI.java" Intrnl_Id="681">
<LocList>
<Loc EndOffset="4327" SrcFileId="7" StartOffset="3719"/>
</LocList>
</BasicStmnt>
<BasicStmnt CovItemId="S49" CovItemPrefix="csse376_puerto_rico.GameBoardGUI.java" Intrnl_Id="682">
<LocList>
<Loc EndOffset="4367" SrcFileId="7" StartOffset="4333"/>
</LocList>
</BasicStmnt>
</StmntSeq>
</HierarchyLvl>
<HierarchyLvl HierarchyLvlId="7565" HierarchyLvlTypeId="16" Intrnl_Id="683" Name="displayMessageBar">
<Header>
<Loc EndOffset="4408" SrcFileId="7" StartOffset="4376"/>
</Header>
<LocList>
<Loc EndOffset="4512" SrcFileId="7" StartOffset="4376"/>
</LocList>
<StmntSeq Intrnl_Id="684">
<LocList>
<Loc EndOffset="4436" SrcFileId="7" StartOffset="4414"/>
<Loc EndOffset="4508" SrcFileId="7" StartOffset="4440"/>
</LocList>
<BasicStmnt CovItemId="S50" CovItemPrefix="csse376_puerto_rico.GameBoardGUI.java" Intrnl_Id="685">
<LocList>
<Loc EndOffset="4436" SrcFileId="7" StartOffset="4414"/>
</LocList>
</BasicStmnt>
<BasicStmnt CovItemId="S51" CovItemPrefix="csse376_puerto_rico.GameBoardGUI.java" Intrnl_Id="686">
<LocList>
<Loc EndOffset="4508" SrcFileId="7" StartOffset="4440"/>
</LocList>
</BasicStmnt>
</StmntSeq>
</HierarchyLvl>
<HierarchyLvl HierarchyLvlId="7566" HierarchyLvlTypeId="16" Intrnl_Id="687" Name="addPlayers">
<Header>
<Loc EndOffset="4568" SrcFileId="7" StartOffset="4517"/>
</Header>
<LocList>
<Loc EndOffset="5252" SrcFileId="7" StartOffset="4517"/>
</LocList>
<StmntSeq Intrnl_Id="688">
<LocList>
<Loc EndOffset="5106" SrcFileId="7" StartOffset="4618"/>
<Loc EndOffset="5155" SrcFileId="7" StartOffset="5110"/>
<Loc EndOffset="5180" SrcFileId="7" StartOffset="5161"/>
<Loc EndOffset="5204" SrcFileId="7" StartOffset="5184"/>
<Loc EndOffset="5222" SrcFileId="7" StartOffset="5208"/>
<Loc EndOffset="5248" SrcFileId="7" StartOffset="5228"/>
</LocList>
<LoopStmnt CovItemId="S52" CovItemPrefix="csse376_puerto_rico.GameBoardGUI.java" Intrnl_Id="689" MltplExecId="L2-2" MltplExecPrefix="csse376_puerto_rico.GameBoardGUI.java" NvrExecId="L2-0" NvrExecPrefix="csse376_puerto_rico.GameBoardGUI.java" OnceExecutedId="L2-1" OnceExecutedPrefix="csse376_puerto_rico.GameBoardGUI.java" OptBodyExec="true">
<StmntSeq Intrnl_Id="690">
<LocList>
<Loc EndOffset="4690" SrcFileId="7" StartOffset="4666"/>
<Loc EndOffset="4740" SrcFileId="7" StartOffset="4695"/>
<Loc EndOffset="4763" SrcFileId="7" StartOffset="4745"/>
<Loc EndOffset="4935" SrcFileId="7" StartOffset="4768"/>
<Loc EndOffset="4956" SrcFileId="7" StartOffset="4940"/>
<Loc EndOffset="4980" SrcFileId="7" StartOffset="4961"/>
<Loc EndOffset="4999" SrcFileId="7" StartOffset="4985"/>
<Loc EndOffset="5024" SrcFileId="7" StartOffset="5004"/>
<Loc EndOffset="5073" SrcFileId="7" StartOffset="5029"/>
<Loc EndOffset="5099" SrcFileId="7" StartOffset="5078"/>
</LocList>
<BasicStmnt CovItemId="S53" CovItemPrefix="csse376_puerto_rico.GameBoardGUI.java" Intrnl_Id="691">
<LocList>
<Loc EndOffset="4690" SrcFileId="7" StartOffset="4666"/>
</LocList>
</BasicStmnt>
<CondStmnt CovItemId="S54" CovItemPrefix="csse376_puerto_rico.GameBoardGUI.java" Intrnl_Id="692">
<Branch CovItemId="B3" CovItemPrefix="csse376_puerto_rico.GameBoardGUI.java" Implct="false" Intrnl_Id="693">
<Cond/>
<LocList>
<Loc EndOffset="4740" SrcFileId="7" StartOffset="4707"/>
</LocList>
<StmntSeq Intrnl_Id="694">
<LocList>
<Loc EndOffset="4734" SrcFileId="7" StartOffset="4714"/>
</LocList>
<BasicStmnt CovItemId="S55" CovItemPrefix="csse376_puerto_rico.GameBoardGUI.java" Intrnl_Id="695">
<LocList>
<Loc EndOffset="4734" SrcFileId="7" StartOffset="4714"/>
</LocList>
</BasicStmnt>
</StmntSeq>
</Branch>
<Branch CovItemId="B4" CovItemPrefix="csse376_puerto_rico.GameBoardGUI.java" Implct="true" Intrnl_Id="696">
<Cond/>
<LocList/>
<StmntSeq Intrnl_Id="697">
<LocList/>
</StmntSeq>
</Branch>
<Keyword EndOffset="4697" SrcFileId="7" StartOffset="4695"/>
<LocList>
<Loc EndOffset="4740" SrcFileId="7" StartOffset="4695"/>
</LocList>
<RootTerm CovItemId="C4" CovItemPrefix="csse376_puerto_rico.GameBoardGUI.java" Intrnl_Id="698">
<BasicBoolTerm Intrnl_Id="699">
<LocList>
<Loc EndOffset="4705" SrcFileId="7" StartOffset="4699"/>
</LocList>
</BasicBoolTerm>
</RootTerm>
</CondStmnt>
<BasicStmnt CovItemId="S56" CovItemPrefix="csse376_puerto_rico.GameBoardGUI.java" Intrnl_Id="700">
<LocList>
<Loc EndOffset="4763" SrcFileId="7" StartOffset="4745"/>
</LocList>
</BasicStmnt>
<BasicStmnt CovItemId="S57" CovItemPrefix="csse376_puerto_rico.GameBoardGUI.java" Intrnl_Id="701">
<LocList>
<Loc EndOffset="4935" SrcFileId="7" StartOffset="4768"/>
</LocList>
</BasicStmnt>
<BasicStmnt CovItemId="S58" CovItemPrefix="csse376_puerto_rico.GameBoardGUI.java" Intrnl_Id="702">
<LocList>
<Loc EndOffset="4956" SrcFileId="7" StartOffset="4940"/>
</LocList>
</BasicStmnt>
<BasicStmnt CovItemId="S59" CovItemPrefix="csse376_puerto_rico.GameBoardGUI.java" Intrnl_Id="703">
<LocList>
<Loc EndOffset="4980" SrcFileId="7" StartOffset="4961"/>
</LocList>
</BasicStmnt>
<BasicStmnt CovItemId="S60" CovItemPrefix="csse376_puerto_rico.GameBoardGUI.java" Intrnl_Id="704">
<LocList>
<Loc EndOffset="4999" SrcFileId="7" StartOffset="4985"/>
</LocList>
</BasicStmnt>
<BasicStmnt CovItemId="S61" CovItemPrefix="csse376_puerto_rico.GameBoardGUI.java" Intrnl_Id="705">
<LocList>
<Loc EndOffset="5024" SrcFileId="7" StartOffset="5004"/>
</LocList>
</BasicStmnt>
<BasicStmnt CovItemId="S62" CovItemPrefix="csse376_puerto_rico.GameBoardGUI.java" Intrnl_Id="706">
<LocList>
<Loc EndOffset="5073" SrcFileId="7" StartOffset="5029"/>
</LocList>
</BasicStmnt>
<BasicStmnt CovItemId="S63" CovItemPrefix="csse376_puerto_rico.GameBoardGUI.java" Intrnl_Id="707">
<LocList>
<Loc EndOffset="5099" SrcFileId="7" StartOffset="5078"/>
</LocList>
</BasicStmnt>
</StmntSeq>
<Keyword EndOffset="4621" SrcFileId="7" StartOffset="4618"/>
<LocList>
<Loc EndOffset="5106" SrcFileId="7" StartOffset="4618"/>
</LocList>
<RootTerm CovItemId="C3" CovItemPrefix="csse376_puerto_rico.GameBoardGUI.java" Intrnl_Id="708">
<BasicBoolTerm Intrnl_Id="709">
<LocList>
<Loc EndOffset="4653" SrcFileId="7" StartOffset="4634"/>
</LocList>
</BasicBoolTerm>
</RootTerm>
</LoopStmnt>
<BasicStmnt CovItemId="S64" CovItemPrefix="csse376_puerto_rico.GameBoardGUI.java" Intrnl_Id="710">
<LocList>
<Loc EndOffset="5155" SrcFileId="7" StartOffset="5110"/>
</LocList>
</BasicStmnt>
<BasicStmnt CovItemId="S65" CovItemPrefix="csse376_puerto_rico.GameBoardGUI.java" Intrnl_Id="711">
<LocList>
<Loc EndOffset="5180" SrcFileId="7" StartOffset="5161"/>
</LocList>
</BasicStmnt>
<BasicStmnt CovItemId="S66" CovItemPrefix="csse376_puerto_rico.GameBoardGUI.java" Intrnl_Id="712">
<LocList>
<Loc EndOffset="5204" SrcFileId="7" StartOffset="5184"/>
</LocList>
</BasicStmnt>
<BasicStmnt CovItemId="S67" CovItemPrefix="csse376_puerto_rico.GameBoardGUI.java" Intrnl_Id="713">
<LocList>
<Loc EndOffset="5222" SrcFileId="7" StartOffset="5208"/>
</LocList>
</BasicStmnt>
<BasicStmnt CovItemId="S68" CovItemPrefix="csse376_puerto_rico.GameBoardGUI.java" Intrnl_Id="714">
<LocList>
<Loc EndOffset="5248" SrcFileId="7" StartOffset="5228"/>
</LocList>
</BasicStmnt>
</StmntSeq>
</HierarchyLvl>
<HierarchyLvl HierarchyLvlId="7567" HierarchyLvlTypeId="16" Intrnl_Id="715" Name="getPlayers">
<Header>
<Loc EndOffset="5289" SrcFileId="7" StartOffset="5257"/>
</Header>
<LocList>
<Loc EndOffset="5319" SrcFileId="7" StartOffset="5257"/>
</LocList>
<StmntSeq Intrnl_Id="716">
<LocList>
<Loc EndOffset="5315" SrcFileId="7" StartOffset="5295"/>
</LocList>
<BasicStmnt CovItemId="S69" CovItemPrefix="csse376_puerto_rico.GameBoardGUI.java" Intrnl_Id="717">
<LocList>
<Loc EndOffset="5315" SrcFileId="7" StartOffset="5295"/>
</LocList>
</BasicStmnt>
</StmntSeq>
</HierarchyLvl>
<HierarchyLvl HierarchyLvlId="7568" HierarchyLvlTypeId="16" Intrnl_Id="718" Name="getTurnCount">
<Header>
<Loc EndOffset="5356" SrcFileId="7" StartOffset="5324"/>
</Header>
<LocList>
<Loc EndOffset="5383" SrcFileId="7" StartOffset="5324"/>
</LocList>
<StmntSeq Intrnl_Id="719">
<LocList>
<Loc EndOffset="5379" SrcFileId="7" StartOffset="5362"/>
</LocList>
<BasicStmnt CovItemId="S70" CovItemPrefix="csse376_puerto_rico.GameBoardGUI.java" Intrnl_Id="720">
<LocList>
<Loc EndOffset="5379" SrcFileId="7" StartOffset="5362"/>
</LocList>
</BasicStmnt>
</StmntSeq>
</HierarchyLvl>
<HierarchyLvl HierarchyLvlId="7569" HierarchyLvlTypeId="16" Intrnl_Id="721" Name="updateRoles">
<Header>
<Loc EndOffset="5413" SrcFileId="7" StartOffset="5388"/>
</Header>
<LocList>
<Loc EndOffset="6724" SrcFileId="7" StartOffset="5388"/>
</LocList>
<StmntSeq Intrnl_Id="722">
<LocList>
<Loc EndOffset="5468" SrcFileId="7" StartOffset="5421"/>
<Loc EndOffset="6629" SrcFileId="7" StartOffset="5472"/>
<Loc EndOffset="6718" SrcFileId="7" StartOffset="6633"/>
</LocList>
<BasicStmnt CovItemId="S71" CovItemPrefix="csse376_puerto_rico.GameBoardGUI.java" Intrnl_Id="723">
<LocList>
<Loc EndOffset="5468" SrcFileId="7" StartOffset="5421"/>
</LocList>
</BasicStmnt>
<LoopStmnt CovItemId="S72" CovItemPrefix="csse376_puerto_rico.GameBoardGUI.java" Intrnl_Id="724" MltplExecId="L3-2" MltplExecPrefix="csse376_puerto_rico.GameBoardGUI.java" NvrExecId="L3-0" NvrExecPrefix="csse376_puerto_rico.GameBoardGUI.java" OnceExecutedId="L3-1" OnceExecutedPrefix="csse376_puerto_rico.GameBoardGUI.java" OptBodyExec="true">
<StmntSeq Intrnl_Id="725">
<LocList>
<Loc EndOffset="5540" SrcFileId="7" StartOffset="5502"/>
<Loc EndOffset="6622" SrcFileId="7" StartOffset="5545"/>
</LocList>
<BasicStmnt CovItemId="S73" CovItemPrefix="csse376_puerto_rico.GameBoardGUI.java" Intrnl_Id="726">
<LocList>
<Loc EndOffset="5540" SrcFileId="7" StartOffset="5502"/>
</LocList>
</BasicStmnt>
<LoopStmnt CovItemId="S74" CovItemPrefix="csse376_puerto_rico.GameBoardGUI.java" Intrnl_Id="727" MltplExecId="L4-2" MltplExecPrefix="csse376_puerto_rico.GameBoardGUI.java" NvrExecId="L4-0" NvrExecPrefix="csse376_puerto_rico.GameBoardGUI.java" OnceExecutedId="L4-1" OnceExecutedPrefix="csse376_puerto_rico.GameBoardGUI.java" OptBodyExec="true">
<StmntSeq Intrnl_Id="728">
<LocList>
<Loc EndOffset="5634" SrcFileId="7" StartOffset="5598"/>
<Loc EndOffset="5958" SrcFileId="7" StartOffset="5733"/>
<Loc EndOffset="6103" SrcFileId="7" StartOffset="6069"/>
<Loc EndOffset="6226" SrcFileId="7" StartOffset="6179"/>
<Loc EndOffset="6254" SrcFileId="7" StartOffset="6232"/>
<Loc EndOffset="6283" SrcFileId="7" StartOffset="6262"/>
<Loc EndOffset="6317" SrcFileId="7" StartOffset="6291"/>
<Loc EndOffset="6337" SrcFileId="7" StartOffset="6325"/>
<Loc EndOffset="6395" SrcFileId="7" StartOffset="6360"/>
<Loc EndOffset="6473" SrcFileId="7" StartOffset="6429"/>
<Loc EndOffset="6585" SrcFileId="7" StartOffset="6479"/>
<Loc EndOffset="6616" SrcFileId="7" StartOffset="6591"/>
</LocList>
<BasicStmnt CovItemId="S75" CovItemPrefix="csse376_puerto_rico.GameBoardGUI.java" Intrnl_Id="729">
<LocList>
<Loc EndOffset="5634" SrcFileId="7" StartOffset="5598"/>
</LocList>
</BasicStmnt>
<BasicStmnt CovItemId="S76" CovItemPrefix="csse376_puerto_rico.GameBoardGUI.java" Intrnl_Id="730">
<LocList>
<Loc EndOffset="5958" SrcFileId="7" StartOffset="5733"/>
</LocList>
</BasicStmnt>
<BasicStmnt CovItemId="S77" CovItemPrefix="csse376_puerto_rico.GameBoardGUI.java" Intrnl_Id="731">
<LocList>
<Loc EndOffset="6103" SrcFileId="7" StartOffset="6069"/>
</LocList>
</BasicStmnt>
<BasicStmnt CovItemId="S78" CovItemPrefix="csse376_puerto_rico.GameBoardGUI.java" Intrnl_Id="732">
<LocList>
<Loc EndOffset="6226" SrcFileId="7" StartOffset="6179"/>
</LocList>
</BasicStmnt>
<BasicStmnt CovItemId="S79" CovItemPrefix="csse376_puerto_rico.GameBoardGUI.java" Intrnl_Id="733">
<LocList>
<Loc EndOffset="6254" SrcFileId="7" StartOffset="6232"/>
</LocList>
</BasicStmnt>
<BasicStmnt CovItemId="S80" CovItemPrefix="csse376_puerto_rico.GameBoardGUI.java" Intrnl_Id="734">
<LocList>
<Loc EndOffset="6283" SrcFileId="7" StartOffset="6262"/>
</LocList>
</BasicStmnt>
<BasicStmnt CovItemId="S81" CovItemPrefix="csse376_puerto_rico.GameBoardGUI.java" Intrnl_Id="735">
<LocList>
<Loc EndOffset="6317" SrcFileId="7" StartOffset="6291"/>
</LocList>
</BasicStmnt>
<BasicStmnt CovItemId="S82" CovItemPrefix="csse376_puerto_rico.GameBoardGUI.java" Intrnl_Id="736">
<LocList>
<Loc EndOffset="6337" SrcFileId="7" StartOffset="6325"/>
</LocList>
</BasicStmnt>
<BasicStmnt CovItemId="S83" CovItemPrefix="csse376_puerto_rico.GameBoardGUI.java" Intrnl_Id="737">
<LocList>
<Loc EndOffset="6395" SrcFileId="7" StartOffset="6360"/>
</LocList>
</BasicStmnt>
<BasicStmnt CovItemId="S84" CovItemPrefix="csse376_puerto_rico.GameBoardGUI.java" Intrnl_Id="738">
<LocList>
<Loc EndOffset="6473" SrcFileId="7" StartOffset="6429"/>
</LocList>
</BasicStmnt>
<LoopStmnt CovItemId="S85" CovItemPrefix="csse376_puerto_rico.GameBoardGUI.java" Intrnl_Id="739" MltplExecId="L5-2" MltplExecPrefix="csse376_puerto_rico.GameBoardGUI.java" NvrExecId="L5-0" NvrExecPrefix="csse376_puerto_rico.GameBoardGUI.java" OnceExecutedId="L5-1" OnceExecutedPrefix="csse376_puerto_rico.GameBoardGUI.java" OptBodyExec="true">
<StmntSeq Intrnl_Id="740">
<LocList>
<Loc EndOffset="6578" SrcFileId="7" StartOffset="6528"/>
</LocList>
<CondStmnt CovItemId="S86" CovItemPrefix="csse376_puerto_rico.GameBoardGUI.java" Intrnl_Id="741">
<Branch CovItemId="B5" CovItemPrefix="csse376_puerto_rico.GameBoardGUI.java" Implct="false" Intrnl_Id="742">
<Cond/>
<LocList>
<Loc EndOffset="6578" SrcFileId="7" StartOffset="6540"/>
</LocList>
<StmntSeq Intrnl_Id="743">
<LocList>
<Loc EndOffset="6570" SrcFileId="7" StartOffset="6549"/>
</LocList>
<BasicStmnt CovItemId="S87" CovItemPrefix="csse376_puerto_rico.GameBoardGUI.java" Intrnl_Id="744">
<LocList>
<Loc EndOffset="6570" SrcFileId="7" StartOffset="6549"/>
</LocList>
</BasicStmnt>
</StmntSeq>
</Branch>
<Branch CovItemId="B6" CovItemPrefix="csse376_puerto_rico.GameBoardGUI.java" Implct="true" Intrnl_Id="745">
<Cond/>
<LocList/>
<StmntSeq Intrnl_Id="746">
<LocList/>
</StmntSeq>
</Branch>
<Keyword EndOffset="6530" SrcFileId="7" StartOffset="6528"/>
<LocList>
<Loc EndOffset="6578" SrcFileId="7" StartOffset="6528"/>
</LocList>
<RootTerm CovItemId="C8" CovItemPrefix="csse376_puerto_rico.GameBoardGUI.java" Intrnl_Id="747">
<BasicBoolTerm Intrnl_Id="748">
<LocList>
<Loc EndOffset="6538" SrcFileId="7" StartOffset="6532"/>
</LocList>
</BasicBoolTerm>
</RootTerm>
</CondStmnt>
</StmntSeq>
<Keyword EndOffset="6482" SrcFileId="7" StartOffset="6479"/>
<LocList>
<Loc EndOffset="6585" SrcFileId="7" StartOffset="6479"/>
</LocList>
<RootTerm CovItemId="C7" CovItemPrefix="csse376_puerto_rico.GameBoardGUI.java" Intrnl_Id="749">
<BasicBoolTerm Intrnl_Id="750">
<LocList>
<Loc EndOffset="6513" SrcFileId="7" StartOffset="6495"/>
</LocList>
</BasicBoolTerm>
</RootTerm>
</LoopStmnt>
<BasicStmnt CovItemId="S88" CovItemPrefix="csse376_puerto_rico.GameBoardGUI.java" Intrnl_Id="751">
<LocList>
<Loc EndOffset="6616" SrcFileId="7" StartOffset="6591"/>
</LocList>
</BasicStmnt>
</StmntSeq>
<Keyword EndOffset="5548" SrcFileId="7" StartOffset="5545"/>
<LocList>
<Loc EndOffset="6622" SrcFileId="7" StartOffset="5545"/>
</LocList>
<RootTerm CovItemId="C6" CovItemPrefix="csse376_puerto_rico.GameBoardGUI.java" Intrnl_Id="752">
<BasicBoolTerm Intrnl_Id="753">
<LocList>
<Loc EndOffset="5584" SrcFileId="7" StartOffset="5561"/>
</LocList>
</BasicBoolTerm>
</RootTerm>
</LoopStmnt>
</StmntSeq>
<Keyword EndOffset="5477" SrcFileId="7" StartOffset="5472"/>
<LocList>
<Loc EndOffset="6629" SrcFileId="7" StartOffset="5472"/>
</LocList>
<RootTerm CovItemId="C5" CovItemPrefix="csse376_puerto_rico.GameBoardGUI.java" Intrnl_Id="754">
<OpTerm BooleanOpId="11" Intrnl_Id="755">
<BasicBoolTerm Intrnl_Id="756">
<LocList>
<Loc EndOffset="5494" SrcFileId="7" StartOffset="5480"/>
</LocList>
</BasicBoolTerm>
<LocList>
<Loc EndOffset="5480" SrcFileId="7" StartOffset="5479"/>
</LocList>
</OpTerm>
</RootTerm>
</LoopStmnt>
<BasicStmnt CovItemId="S89" CovItemPrefix="csse376_puerto_rico.GameBoardGUI.java" Intrnl_Id="757">
<LocList>
<Loc EndOffset="6718" SrcFileId="7" StartOffset="6633"/>
</LocList>
</BasicStmnt>
</StmntSeq>
</HierarchyLvl>
<HierarchyLvl HierarchyLvlId="7570" HierarchyLvlTypeId="16" Intrnl_Id="758" Name="checkEndGame">
<Header>
<Loc EndOffset="6758" SrcFileId="7" StartOffset="6729"/>
</Header>
<LocList>
<Loc EndOffset="6887" SrcFileId="7" StartOffset="6729"/>
</LocList>
<StmntSeq Intrnl_Id="759">
<LocList>
<Loc EndOffset="6883" SrcFileId="7" StartOffset="6849"/>
</LocList>
<BasicStmnt CovItemId="S90" CovItemPrefix="csse376_puerto_rico.GameBoardGUI.java" Intrnl_Id="760">
<LocList>
<Loc EndOffset="6883" SrcFileId="7" StartOffset="6849"/>
</LocList>
</BasicStmnt>
</StmntSeq>
</HierarchyLvl>
<HierarchyLvl HierarchyLvlId="7571" HierarchyLvlTypeId="16" Intrnl_Id="761" Name="updateMsgBar">
<Header>
<Loc EndOffset="6928" SrcFileId="7" StartOffset="6892"/>
</Header>
<LocList>
<Loc EndOffset="6963" SrcFileId="7" StartOffset="6892"/>
</LocList>
<StmntSeq Intrnl_Id="762">
<LocList>
<Loc EndOffset="6959" SrcFileId="7" StartOffset="6934"/>
</LocList>
<BasicStmnt CovItemId="S91" CovItemPrefix="csse376_puerto_rico.GameBoardGUI.java" Intrnl_Id="763">
<LocList>
<Loc EndOffset="6959" SrcFileId="7" StartOffset="6934"/>
</LocList>
</BasicStmnt>
</StmntSeq>
</HierarchyLvl>
<HierarchyLvl HierarchyLvlId="7572" HierarchyLvlTypeId="16" Intrnl_Id="764" Name="playRole">
<Header>
<Loc EndOffset="7001" SrcFileId="7" StartOffset="6968"/>
</Header>
<LocList>
<Loc EndOffset="22750" SrcFileId="7" StartOffset="6968"/>
</LocList>
<StmntSeq Intrnl_Id="765">
<LocList>
<Loc EndOffset="7050" SrcFileId="7" StartOffset="7013"/>
<Loc EndOffset="7085" SrcFileId="7" StartOffset="7054"/>
<Loc EndOffset="22681" SrcFileId="7" StartOffset="7091"/>
<Loc EndOffset="22715" SrcFileId="7" StartOffset="22685"/>
<Loc EndOffset="22744" SrcFileId="7" StartOffset="22719"/>
</LocList>
<BasicStmnt CovItemId="S92" CovItemPrefix="csse376_puerto_rico.GameBoardGUI.java" Intrnl_Id="766">
<LocList>
<Loc EndOffset="7050" SrcFileId="7" StartOffset="7013"/>
</LocList>
</BasicStmnt>
<BasicStmnt CovItemId="S93" CovItemPrefix="csse376_puerto_rico.GameBoardGUI.java" Intrnl_Id="767">
<LocList>
<Loc EndOffset="7085" SrcFileId="7" StartOffset="7054"/>
</LocList>
</BasicStmnt>
<CondStmnt CovItemId="S94" CovItemPrefix="csse376_puerto_rico.GameBoardGUI.java" Intrnl_Id="768">
<Branch CovItemId="B7" CovItemPrefix="csse376_puerto_rico.GameBoardGUI.java" Implct="false" Intrnl_Id="769">
<Cond/>
<LocList>
<Loc EndOffset="10261" SrcFileId="7" StartOffset="7127"/>
</LocList>
<StmntSeq Intrnl_Id="770">
<LocList>
<Loc EndOffset="7181" SrcFileId="7" StartOffset="7133"/>
<Loc EndOffset="7250" SrcFileId="7" StartOffset="7186"/>
<Loc EndOffset="7327" SrcFileId="7" StartOffset="7255"/>
<Loc EndOffset="10256" SrcFileId="7" StartOffset="7332"/>
</LocList>
<BasicStmnt CovItemId="S95" CovItemPrefix="csse376_puerto_rico.GameBoardGUI.java" Intrnl_Id="771">
<LocList>
<Loc EndOffset="7181" SrcFileId="7" StartOffset="7133"/>
</LocList>
</BasicStmnt>
<BasicStmnt CovItemId="S96" CovItemPrefix="csse376_puerto_rico.GameBoardGUI.java" Intrnl_Id="772">
<LocList>
<Loc EndOffset="7250" SrcFileId="7" StartOffset="7186"/>
</LocList>
</BasicStmnt>
<CondStmnt CovItemId="S97" CovItemPrefix="csse376_puerto_rico.GameBoardGUI.java" Intrnl_Id="773">
<Branch CovItemId="B9" CovItemPrefix="csse376_puerto_rico.GameBoardGUI.java" Implct="false" Intrnl_Id="774">
<Cond/>
<LocList>
<Loc EndOffset="7327" SrcFileId="7" StartOffset="7295"/>
</LocList>
<StmntSeq Intrnl_Id="775">
<LocList>
<Loc EndOffset="7327" SrcFileId="7" StartOffset="7295"/>
</LocList>
<BasicStmnt CovItemId="S98" CovItemPrefix="csse376_puerto_rico.GameBoardGUI.java" Intrnl_Id="776">
<LocList>
<Loc EndOffset="7327" SrcFileId="7" StartOffset="7295"/>
</LocList>
</BasicStmnt>
</StmntSeq>
</Branch>
<Branch CovItemId="B10" CovItemPrefix="csse376_puerto_rico.GameBoardGUI.java" Implct="true" Intrnl_Id="777">
<Cond/>
<LocList/>
<StmntSeq Intrnl_Id="778">
<LocList/>
</StmntSeq>
</Branch>
<Keyword EndOffset="7257" SrcFileId="7" StartOffset="7255"/>
<LocList>
<Loc EndOffset="7327" SrcFileId="7" StartOffset="7255"/>
</LocList>
<RootTerm CovItemId="C10" CovItemPrefix="csse376_puerto_rico.GameBoardGUI.java" Intrnl_Id="779">
<BasicBoolTerm Intrnl_Id="780">
<LocList>
<Loc EndOffset="7288" SrcFileId="7" StartOffset="7258"/>
</LocList>
</BasicBoolTerm>
</RootTerm>
</CondStmnt>
<LoopStmnt CovItemId="S99" CovItemPrefix="csse376_puerto_rico.GameBoardGUI.java" Intrnl_Id="781" MltplExecId="L6-2" MltplExecPrefix="csse376_puerto_rico.GameBoardGUI.java" NvrExecId="L6-0" NvrExecPrefix="csse376_puerto_rico.GameBoardGUI.java" OnceExecutedId="L6-1" OnceExecutedPrefix="csse376_puerto_rico.GameBoardGUI.java" OptBodyExec="true">
<StmntSeq Intrnl_Id="782">
<LocList>
<Loc EndOffset="7393" SrcFileId="7" StartOffset="7363"/>
<Loc EndOffset="7463" SrcFileId="7" StartOffset="7401"/>
<Loc EndOffset="7494" SrcFileId="7" StartOffset="7469"/>
<Loc EndOffset="10183" SrcFileId="7" StartOffset="7500"/>
<Loc EndOffset="10230" SrcFileId="7" StartOffset="10189"/>
<Loc EndOffset="10248" SrcFileId="7" StartOffset="10236"/>
</LocList>
<BasicStmnt CovItemId="S100" CovItemPrefix="csse376_puerto_rico.GameBoardGUI.java" Intrnl_Id="783">
<LocList>
<Loc EndOffset="7393" SrcFileId="7" StartOffset="7363"/>
</LocList>
</BasicStmnt>
<BasicStmnt CovItemId="S101" CovItemPrefix="csse376_puerto_rico.GameBoardGUI.java" Intrnl_Id="784">
<LocList>
<Loc EndOffset="7463" SrcFileId="7" StartOffset="7401"/>
</LocList>
</BasicStmnt>
<BasicStmnt CovItemId="S102" CovItemPrefix="csse376_puerto_rico.GameBoardGUI.java" Intrnl_Id="785">
<LocList>
<Loc EndOffset="7494" SrcFileId="7" StartOffset="7469"/>
</LocList>
</BasicStmnt>
<LoopStmnt CovItemId="S103" CovItemPrefix="csse376_puerto_rico.GameBoardGUI.java" Intrnl_Id="786" MltplExecId="L7-2" MltplExecPrefix="csse376_puerto_rico.GameBoardGUI.java" NvrExecId="L7-0" NvrExecPrefix="csse376_puerto_rico.GameBoardGUI.java" OnceExecutedId="L7-1" OnceExecutedPrefix="csse376_puerto_rico.GameBoardGUI.java" OptBodyExec="true">
<StmntSeq Intrnl_Id="787">
<LocList>
<Loc EndOffset="7831" SrcFileId="7" StartOffset="7526"/>
<Loc EndOffset="10141" SrcFileId="7" StartOffset="7838"/>
<Loc EndOffset="10176" SrcFileId="7" StartOffset="10150"/>
</LocList>
<BasicStmnt CovItemId="S104" CovItemPrefix="csse376_puerto_rico.GameBoardGUI.java" Intrnl_Id="788">
<LocList>
<Loc EndOffset="7831" SrcFileId="7" StartOffset="7526"/>
</LocList>
</BasicStmnt>
<CondStmnt CovItemId="S105" CovItemPrefix="csse376_puerto_rico.GameBoardGUI.java" Intrnl_Id="789">
<Branch CovItemId="B11" CovItemPrefix="csse376_puerto_rico.GameBoardGUI.java" Implct="false" Intrnl_Id="790">
<Cond/>
<LocList>
<Loc EndOffset="9010" SrcFileId="7" StartOffset="7850"/>
</LocList>
<StmntSeq Intrnl_Id="791">
<LocList>
<Loc EndOffset="7965" SrcFileId="7" StartOffset="7859"/>
<Loc EndOffset="8004" SrcFileId="7" StartOffset="7973"/>
<Loc EndOffset="8054" SrcFileId="7" StartOffset="8012"/>
<Loc EndOffset="8360" SrcFileId="7" StartOffset="8064"/>
<Loc EndOffset="9000" SrcFileId="7" StartOffset="8368"/>
</LocList>
<BasicStmnt CovItemId="S106" CovItemPrefix="csse376_puerto_rico.GameBoardGUI.java" Intrnl_Id="792">
<LocList>
<Loc EndOffset="7965" SrcFileId="7" StartOffset="7859"/>
</LocList>
</BasicStmnt>
<BasicStmnt CovItemId="S107" CovItemPrefix="csse376_puerto_rico.GameBoardGUI.java" Intrnl_Id="793">
<LocList>
<Loc EndOffset="8004" SrcFileId="7" StartOffset="7973"/>
</LocList>
</BasicStmnt>
<BasicStmnt CovItemId="S108" CovItemPrefix="csse376_puerto_rico.GameBoardGUI.java" Intrnl_Id="794">
<LocList>
<Loc EndOffset="8054" SrcFileId="7" StartOffset="8012"/>
</LocList>
</BasicStmnt>
<BasicStmnt CovItemId="S109" CovItemPrefix="csse376_puerto_rico.GameBoardGUI.java" Intrnl_Id="795">
<LocList>
<Loc EndOffset="8360" SrcFileId="7" StartOffset="8064"/>
</LocList>
</BasicStmnt>
<CondStmnt CovItemId="S110" CovItemPrefix="csse376_puerto_rico.GameBoardGUI.java" Intrnl_Id="796">
<Branch CovItemId="B13" CovItemPrefix="csse376_puerto_rico.GameBoardGUI.java" Implct="false" Intrnl_Id="797">
<Cond/>
<LocList>
<Loc EndOffset="8881" SrcFileId="7" StartOffset="8404"/>
</LocList>
<StmntSeq Intrnl_Id="798">
<LocList>
<Loc EndOffset="8483" SrcFileId="7" StartOffset="8414"/>
<Loc EndOffset="8872" SrcFileId="7" StartOffset="8492"/>
</LocList>
<BasicStmnt CovItemId="S111" CovItemPrefix="csse376_puerto_rico.GameBoardGUI.java" Intrnl_Id="799">
<LocList>
<Loc EndOffset="8483" SrcFileId="7" StartOffset="8414"/>
</LocList>
</BasicStmnt>
<CondStmnt CovItemId="S112" CovItemPrefix="csse376_puerto_rico.GameBoardGUI.java" Intrnl_Id="800">
<Branch CovItemId="B15" CovItemPrefix="csse376_puerto_rico.GameBoardGUI.java" Implct="false" Intrnl_Id="801">
<Cond/>
<LocList>
<Loc EndOffset="8760" SrcFileId="7" StartOffset="8544"/>
</LocList>
<StmntSeq Intrnl_Id="802">
<LocList>
<Loc EndOffset="8612" SrcFileId="7" StartOffset="8555"/>
<Loc EndOffset="8638" SrcFileId="7" StartOffset="8622"/>
<Loc EndOffset="8750" SrcFileId="7" StartOffset="8648"/>
</LocList>
<BasicStmnt CovItemId="S113" CovItemPrefix="csse376_puerto_rico.GameBoardGUI.java" Intrnl_Id="803">
<LocList>
<Loc EndOffset="8612" SrcFileId="7" StartOffset="8555"/>
</LocList>
</BasicStmnt>
<BasicStmnt CovItemId="S114" CovItemPrefix="csse376_puerto_rico.GameBoardGUI.java" Intrnl_Id="804">
<LocList>
<Loc EndOffset="8638" SrcFileId="7" StartOffset="8622"/>
</LocList>
</BasicStmnt>
<BasicStmnt CovItemId="S115" CovItemPrefix="csse376_puerto_rico.GameBoardGUI.java" Intrnl_Id="805">
<LocList>
<Loc EndOffset="8750" SrcFileId="7" StartOffset="8648"/>
</LocList>
</BasicStmnt>
</StmntSeq>
</Branch>
<Branch CovItemId="B16" CovItemPrefix="csse376_puerto_rico.GameBoardGUI.java" Implct="false" Intrnl_Id="806">
<Cond>
<Loc EndOffset="8765" SrcFileId="7" StartOffset="8761"/>
</Cond>
<LocList>
<Loc EndOffset="8872" SrcFileId="7" StartOffset="8766"/>
</LocList>
<StmntSeq Intrnl_Id="807">
<LocList>
<Loc EndOffset="8862" SrcFileId="7" StartOffset="8777"/>
</LocList>
<BasicStmnt CovItemId="S116" CovItemPrefix="csse376_puerto_rico.GameBoardGUI.java" Intrnl_Id="808">
<LocList>
<Loc EndOffset="8862" SrcFileId="7" StartOffset="8777"/>
</LocList>
</BasicStmnt>
</StmntSeq>
</Branch>
<Keyword EndOffset="8494" SrcFileId="7" StartOffset="8492"/>
<LocList>
<Loc EndOffset="8872" SrcFileId="7" StartOffset="8492"/>
</LocList>
<RootTerm CovItemId="C15" CovItemPrefix="csse376_puerto_rico.GameBoardGUI.java" Intrnl_Id="809">
<BasicBoolTerm Intrnl_Id="810">
<LocList>
<Loc EndOffset="8542" SrcFileId="7" StartOffset="8496"/>
</LocList>
</BasicBoolTerm>
</RootTerm>
</CondStmnt>
</StmntSeq>
</Branch>
<Branch CovItemId="B14" CovItemPrefix="csse376_puerto_rico.GameBoardGUI.java" Implct="false" Intrnl_Id="811">
<Cond>
<Loc EndOffset="8886" SrcFileId="7" StartOffset="8882"/>
</Cond>
<LocList>
<Loc EndOffset="9000" SrcFileId="7" StartOffset="8887"/>
</LocList>
<StmntSeq Intrnl_Id="812">
<LocList>
<Loc EndOffset="8965" SrcFileId="7" StartOffset="8899"/>
<Loc EndOffset="8991" SrcFileId="7" StartOffset="8974"/>
</LocList>
<BasicStmnt CovItemId="S117" CovItemPrefix="csse376_puerto_rico.GameBoardGUI.java" Intrnl_Id="813">
<LocList>
<Loc EndOffset="8965" SrcFileId="7" StartOffset="8899"/>
</LocList>
</BasicStmnt>
<BasicStmnt CovItemId="S118" CovItemPrefix="csse376_puerto_rico.GameBoardGUI.java" Intrnl_Id="814">
<LocList>
<Loc EndOffset="8991" SrcFileId="7" StartOffset="8974"/>
</LocList>
</BasicStmnt>
</StmntSeq>
</Branch>
<Keyword EndOffset="8370" SrcFileId="7" StartOffset="8368"/>
<LocList>
<Loc EndOffset="9000" SrcFileId="7" StartOffset="8368"/>
</LocList>
<RootTerm CovItemId="C14" CovItemPrefix="csse376_puerto_rico.GameBoardGUI.java" Intrnl_Id="815">
<BasicBoolTerm Intrnl_Id="816">
<LocList>
<Loc EndOffset="8402" SrcFileId="7" StartOffset="8372"/>
</LocList>
</BasicBoolTerm>
</RootTerm>
</CondStmnt>
</StmntSeq>
</Branch>
<Branch CovItemId="B12" CovItemPrefix="csse376_puerto_rico.GameBoardGUI.java" Implct="false" Intrnl_Id="817">
<Cond>
<Loc EndOffset="9015" SrcFileId="7" StartOffset="9011"/>
</Cond>
<LocList>
<Loc EndOffset="10141" SrcFileId="7" StartOffset="9016"/>
</LocList>
<StmntSeq Intrnl_Id="818">
<LocList>
<Loc EndOffset="10141" SrcFileId="7" StartOffset="9016"/>
</LocList>
<CondStmnt CovItemId="S119" CovItemPrefix="csse376_puerto_rico.GameBoardGUI.java" Intrnl_Id="819">
<Branch CovItemId="B17" CovItemPrefix="csse376_puerto_rico.GameBoardGUI.java" Implct="false" Intrnl_Id="820">
<Cond/>
<LocList>
<Loc EndOffset="10081" SrcFileId="7" StartOffset="9028"/>
</LocList>
<StmntSeq Intrnl_Id="821">
<LocList>
<Loc EndOffset="9142" SrcFileId="7" StartOffset="9037"/>
<Loc EndOffset="9178" SrcFileId="7" StartOffset="9150"/>
<Loc EndOffset="9225" SrcFileId="7" StartOffset="9186"/>
<Loc EndOffset="9535" SrcFileId="7" StartOffset="9235"/>
<Loc EndOffset="10073" SrcFileId="7" StartOffset="9543"/>
</LocList>
<BasicStmnt CovItemId="S120" CovItemPrefix="csse376_puerto_rico.GameBoardGUI.java" Intrnl_Id="822">
<LocList>
<Loc EndOffset="9142" SrcFileId="7" StartOffset="9037"/>
</LocList>
</BasicStmnt>
<BasicStmnt CovItemId="S121" CovItemPrefix="csse376_puerto_rico.GameBoardGUI.java" Intrnl_Id="823">
<LocList>
<Loc EndOffset="9178" SrcFileId="7" StartOffset="9150"/>
</LocList>
</BasicStmnt>
<BasicStmnt CovItemId="S122" CovItemPrefix="csse376_puerto_rico.GameBoardGUI.java" Intrnl_Id="824">
<LocList>
<Loc EndOffset="9225" SrcFileId="7" StartOffset="9186"/>
</LocList>
</BasicStmnt>
<BasicStmnt CovItemId="S123" CovItemPrefix="csse376_puerto_rico.GameBoardGUI.java" Intrnl_Id="825">
<LocList>
<Loc EndOffset="9535" SrcFileId="7" StartOffset="9235"/>
</LocList>
</BasicStmnt>
<CondStmnt CovItemId="S124" CovItemPrefix="csse376_puerto_rico.GameBoardGUI.java" Intrnl_Id="826">
<Branch CovItemId="B19" CovItemPrefix="csse376_puerto_rico.GameBoardGUI.java" Implct="false" Intrnl_Id="827">
<Cond/>
<LocList>
<Loc EndOffset="9954" SrcFileId="7" StartOffset="9581"/>
</LocList>
<StmntSeq Intrnl_Id="828">
<LocList>
<Loc EndOffset="9670" SrcFileId="7" StartOffset="9591"/>
<Loc EndOffset="9945" SrcFileId="7" StartOffset="9679"/>
</LocList>
<BasicStmnt CovItemId="S125" CovItemPrefix="csse376_puerto_rico.GameBoardGUI.java" Intrnl_Id="829">
<LocList>
<Loc EndOffset="9670" SrcFileId="7" StartOffset="9591"/>
</LocList>
</BasicStmnt>
<CondStmnt CovItemId="S126" CovItemPrefix="csse376_puerto_rico.GameBoardGUI.java" Intrnl_Id="830">
<Branch CovItemId="B21" CovItemPrefix="csse376_puerto_rico.GameBoardGUI.java" Implct="false" Intrnl_Id="831">
<Cond/>
<LocList>
<Loc EndOffset="9776" SrcFileId="7" StartOffset="9706"/>
</LocList>
<StmntSeq Intrnl_Id="832">
<LocList>
<Loc EndOffset="9766" SrcFileId="7" StartOffset="9717"/>
</LocList>
<BasicStmnt CovItemId="S127" CovItemPrefix="csse376_puerto_rico.GameBoardGUI.java" Intrnl_Id="833">
<LocList>
<Loc EndOffset="9766" SrcFileId="7" StartOffset="9717"/>
</LocList>
</BasicStmnt>
</StmntSeq>
</Branch>
<Branch CovItemId="B22" CovItemPrefix="csse376_puerto_rico.GameBoardGUI.java" Implct="false" Intrnl_Id="834">
<Cond>
<Loc EndOffset="9781" SrcFileId="7" StartOffset="9777"/>
</Cond>
<LocList>
<Loc EndOffset="9945" SrcFileId="7" StartOffset="9782"/>
</LocList>
<StmntSeq Intrnl_Id="835">
<LocList>
<Loc EndOffset="9822" SrcFileId="7" StartOffset="9793"/>
<Loc EndOffset="9848" SrcFileId="7" StartOffset="9832"/>
<Loc EndOffset="9935" SrcFileId="7" StartOffset="9858"/>
</LocList>
<BasicStmnt CovItemId="S128" CovItemPrefix="csse376_puerto_rico.GameBoardGUI.java" Intrnl_Id="836">
<LocList>
<Loc EndOffset="9822" SrcFileId="7" StartOffset="9793"/>
</LocList>
</BasicStmnt>
<BasicStmnt CovItemId="S129" CovItemPrefix="csse376_puerto_rico.GameBoardGUI.java" Intrnl_Id="837">
<LocList>
<Loc EndOffset="9848" SrcFileId="7" StartOffset="9832"/>
</LocList>
</BasicStmnt>
<BasicStmnt CovItemId="S130" CovItemPrefix="csse376_puerto_rico.GameBoardGUI.java" Intrnl_Id="838">
<LocList>
<Loc EndOffset="9935" SrcFileId="7" StartOffset="9858"/>
</LocList>
</BasicStmnt>
</StmntSeq>
</Branch>
<Keyword EndOffset="9681" SrcFileId="7" StartOffset="9679"/>
<LocList>
<Loc EndOffset="9945" SrcFileId="7" StartOffset="9679"/>
</LocList>
<RootTerm CovItemId="C18" CovItemPrefix="csse376_puerto_rico.GameBoardGUI.java" Intrnl_Id="839">
<BasicBoolTerm Intrnl_Id="840">
<LocList>
<Loc EndOffset="9704" SrcFileId="7" StartOffset="9683"/>
</LocList>
</BasicBoolTerm>
</RootTerm>
</CondStmnt>
</StmntSeq>
</Branch>
<Branch CovItemId="B20" CovItemPrefix="csse376_puerto_rico.GameBoardGUI.java" Implct="false" Intrnl_Id="841">
<Cond>
<Loc EndOffset="9959" SrcFileId="7" StartOffset="9955"/>
</Cond>
<LocList>
<Loc EndOffset="10073" SrcFileId="7" StartOffset="9960"/>
</LocList>
<StmntSeq Intrnl_Id="842">
<LocList>
<Loc EndOffset="10038" SrcFileId="7" StartOffset="9972"/>
<Loc EndOffset="10064" SrcFileId="7" StartOffset="10047"/>
</LocList>
<BasicStmnt CovItemId="S131" CovItemPrefix="csse376_puerto_rico.GameBoardGUI.java" Intrnl_Id="843">
<LocList>
<Loc EndOffset="10038" SrcFileId="7" StartOffset="9972"/>
</LocList>
</BasicStmnt>
<BasicStmnt CovItemId="S132" CovItemPrefix="csse376_puerto_rico.GameBoardGUI.java" Intrnl_Id="844">
<LocList>
<Loc EndOffset="10064" SrcFileId="7" StartOffset="10047"/>
</LocList>
</BasicStmnt>
</StmntSeq>
</Branch>
<Keyword EndOffset="9545" SrcFileId="7" StartOffset="9543"/>
<LocList>
<Loc EndOffset="10073" SrcFileId="7" StartOffset="9543"/>
</LocList>
<RootTerm CovItemId="C17" CovItemPrefix="csse376_puerto_rico.GameBoardGUI.java" Intrnl_Id="845">
<BasicBoolTerm Intrnl_Id="846">
<LocList>
<Loc EndOffset="9579" SrcFileId="7" StartOffset="9547"/>
</LocList>
</BasicBoolTerm>
</RootTerm>
</CondStmnt>
</StmntSeq>
</Branch>
<Branch CovItemId="B18" CovItemPrefix="csse376_puerto_rico.GameBoardGUI.java" Implct="false" Intrnl_Id="847">
<Cond>
<Loc EndOffset="10086" SrcFileId="7" StartOffset="10082"/>
</Cond>
<LocList>
<Loc EndOffset="10141" SrcFileId="7" StartOffset="10087"/>
</LocList>
<StmntSeq Intrnl_Id="848">
<LocList>
<Loc EndOffset="10133" SrcFileId="7" StartOffset="10117"/>
</LocList>
<BasicStmnt CovItemId="S133" CovItemPrefix="csse376_puerto_rico.GameBoardGUI.java" Intrnl_Id="849">
<LocList>
<Loc EndOffset="10133" SrcFileId="7" StartOffset="10117"/>
</LocList>
</BasicStmnt>
</StmntSeq>
</Branch>
<Keyword EndOffset="9018" SrcFileId="7" StartOffset="9016"/>
<LocList>
<Loc EndOffset="10141" SrcFileId="7" StartOffset="9016"/>
</LocList>
<RootTerm CovItemId="C16" CovItemPrefix="csse376_puerto_rico.GameBoardGUI.java" Intrnl_Id="850">
<BasicBoolTerm Intrnl_Id="851">
<LocList>
<Loc EndOffset="9026" SrcFileId="7" StartOffset="9020"/>
</LocList>
</BasicBoolTerm>
</RootTerm>
</CondStmnt>
</StmntSeq>
</Branch>
<Keyword EndOffset="7840" SrcFileId="7" StartOffset="7838"/>
<LocList>
<Loc EndOffset="10141" SrcFileId="7" StartOffset="7838"/>
</LocList>
<RootTerm CovItemId="C13" CovItemPrefix="csse376_puerto_rico.GameBoardGUI.java" Intrnl_Id="852">
<BasicBoolTerm Intrnl_Id="853">
<LocList>
<Loc EndOffset="7848" SrcFileId="7" StartOffset="7842"/>
</LocList>
</BasicBoolTerm>
</RootTerm>
</CondStmnt>
<BasicStmnt CovItemId="S134" CovItemPrefix="csse376_puerto_rico.GameBoardGUI.java" Intrnl_Id="854">
<LocList>
<Loc EndOffset="10176" SrcFileId="7" StartOffset="10150"/>
</LocList>
</BasicStmnt>
</StmntSeq>
<Keyword EndOffset="7505" SrcFileId="7" StartOffset="7500"/>
<LocList>
<Loc EndOffset="10183" SrcFileId="7" StartOffset="7500"/>
</LocList>
<RootTerm CovItemId="C12" CovItemPrefix="csse376_puerto_rico.GameBoardGUI.java" Intrnl_Id="855">
<OpTerm BooleanOpId="11" Intrnl_Id="856">
<BasicBoolTerm Intrnl_Id="857">
<LocList>
<Loc EndOffset="7516" SrcFileId="7" StartOffset="7508"/>
</LocList>
</BasicBoolTerm>
<LocList>
<Loc EndOffset="7508" SrcFileId="7" StartOffset="7507"/>
</LocList>
</OpTerm>
</RootTerm>
</LoopStmnt>
<BasicStmnt CovItemId="S135" CovItemPrefix="csse376_puerto_rico.GameBoardGUI.java" Intrnl_Id="858">
<LocList>
<Loc EndOffset="10230" SrcFileId="7" StartOffset="10189"/>
</LocList>
</BasicStmnt>
<BasicStmnt CovItemId="S136" CovItemPrefix="csse376_puerto_rico.GameBoardGUI.java" Intrnl_Id="859">
<LocList>
<Loc EndOffset="10248" SrcFileId="7" StartOffset="10236"/>
</LocList>
</BasicStmnt>
</StmntSeq>
<Keyword EndOffset="7337" SrcFileId="7" StartOffset="7332"/>
<LocList>
<Loc EndOffset="10256" SrcFileId="7" StartOffset="7332"/>
</LocList>
<RootTerm CovItemId="C11" CovItemPrefix="csse376_puerto_rico.GameBoardGUI.java" Intrnl_Id="860">
<BasicBoolTerm Intrnl_Id="861">
<LocList>
<Loc EndOffset="7352" SrcFileId="7" StartOffset="7339"/>
</LocList>
</BasicBoolTerm>
</RootTerm>
</LoopStmnt>
</StmntSeq>
</Branch>
<Branch CovItemId="B8" CovItemPrefix="csse376_puerto_rico.GameBoardGUI.java" Implct="false" Intrnl_Id="862">
<Cond>
<Loc EndOffset="10266" SrcFileId="7" StartOffset="10262"/>
</Cond>
<LocList>
<Loc EndOffset="22681" SrcFileId="7" StartOffset="10267"/>
</LocList>
<StmntSeq Intrnl_Id="863">
<LocList>
<Loc EndOffset="22681" SrcFileId="7" StartOffset="10267"/>
</LocList>
<CondStmnt CovItemId="S137" CovItemPrefix="csse376_puerto_rico.GameBoardGUI.java" Intrnl_Id="864">
<Branch CovItemId="B23" CovItemPrefix="csse376_puerto_rico.GameBoardGUI.java" Implct="false" Intrnl_Id="865">
<Cond/>
<LocList>
<Loc EndOffset="11769" SrcFileId="7" StartOffset="10305"/>
</LocList>
<StmntSeq Intrnl_Id="866">
<LocList>
<Loc EndOffset="10358" SrcFileId="7" StartOffset="10311"/>
<Loc EndOffset="10393" SrcFileId="7" StartOffset="10363"/>
<Loc EndOffset="11764" SrcFileId="7" StartOffset="10400"/>
</LocList>
<BasicStmnt CovItemId="S138" CovItemPrefix="csse376_puerto_rico.GameBoardGUI.java" Intrnl_Id="867">
<LocList>
<Loc EndOffset="10358" SrcFileId="7" StartOffset="10311"/>
</LocList>
</BasicStmnt>
<BasicStmnt CovItemId="S139" CovItemPrefix="csse376_puerto_rico.GameBoardGUI.java" Intrnl_Id="868">
<LocList>
<Loc EndOffset="10393" SrcFileId="7" StartOffset="10363"/>
</LocList>
</BasicStmnt>
<LoopStmnt CovItemId="S140" CovItemPrefix="csse376_puerto_rico.GameBoardGUI.java" Intrnl_Id="869" MltplExecId="L8-2" MltplExecPrefix="csse376_puerto_rico.GameBoardGUI.java" NvrExecId="L8-0" NvrExecPrefix="csse376_puerto_rico.GameBoardGUI.java" OnceExecutedId="L8-1" OnceExecutedPrefix="csse376_puerto_rico.GameBoardGUI.java" OptBodyExec="true">
<StmntSeq Intrnl_Id="870">
<LocList>
<Loc EndOffset="10478" SrcFileId="7" StartOffset="10448"/>
<Loc EndOffset="10512" SrcFileId="7" StartOffset="10484"/>
<Loc EndOffset="10562" SrcFileId="7" StartOffset="10520"/>
<Loc EndOffset="10619" SrcFileId="7" StartOffset="10568"/>
<Loc EndOffset="10756" SrcFileId="7" StartOffset="10625"/>
<Loc EndOffset="10784" SrcFileId="7" StartOffset="10762"/>
<Loc EndOffset="10826" SrcFileId="7" StartOffset="10790"/>
<Loc EndOffset="11117" SrcFileId="7" StartOffset="10874"/>
<Loc EndOffset="11582" SrcFileId="7" StartOffset="11123"/>
<Loc EndOffset="11709" SrcFileId="7" StartOffset="11683"/>
<Loc EndOffset="11756" SrcFileId="7" StartOffset="11715"/>
</LocList>
<BasicStmnt CovItemId="S141" CovItemPrefix="csse376_puerto_rico.GameBoardGUI.java" Intrnl_Id="871">
<LocList>
<Loc EndOffset="10478" SrcFileId="7" StartOffset="10448"/>
</LocList>
</BasicStmnt>
<BasicStmnt CovItemId="S142" CovItemPrefix="csse376_puerto_rico.GameBoardGUI.java" Intrnl_Id="872">
<LocList>
<Loc EndOffset="10512" SrcFileId="7" StartOffset="10484"/>
</LocList>
</BasicStmnt>
<BasicStmnt CovItemId="S143" CovItemPrefix="csse376_puerto_rico.GameBoardGUI.java" Intrnl_Id="873">
<LocList>
<Loc EndOffset="10562" SrcFileId="7" StartOffset="10520"/>
</LocList>
</BasicStmnt>
<BasicStmnt CovItemId="S144" CovItemPrefix="csse376_puerto_rico.GameBoardGUI.java" Intrnl_Id="874">
<LocList>
<Loc EndOffset="10619" SrcFileId="7" StartOffset="10568"/>
</LocList>
</BasicStmnt>
<LoopStmnt CovItemId="S145" CovItemPrefix="csse376_puerto_rico.GameBoardGUI.java" Intrnl_Id="875" MltplExecId="L9-2" MltplExecPrefix="csse376_puerto_rico.GameBoardGUI.java" NvrExecId="L9-0" NvrExecPrefix="csse376_puerto_rico.GameBoardGUI.java" OnceExecutedId="L9-1" OnceExecutedPrefix="csse376_puerto_rico.GameBoardGUI.java" OptBodyExec="true">
<StmntSeq Intrnl_Id="876">
<LocList>
<Loc EndOffset="10749" SrcFileId="7" StartOffset="10662"/>
</LocList>
<CondStmnt CovItemId="S146" CovItemPrefix="csse376_puerto_rico.GameBoardGUI.java" Intrnl_Id="877">
<Branch CovItemId="B25" CovItemPrefix="csse376_puerto_rico.GameBoardGUI.java" Implct="false" Intrnl_Id="878">
<Cond/>
<LocList>
<Loc EndOffset="10749" SrcFileId="7" StartOffset="10706"/>
</LocList>
<StmntSeq Intrnl_Id="879">
<LocList>
<Loc EndOffset="10741" SrcFileId="7" StartOffset="10715"/>
</LocList>
<BasicStmnt CovItemId="S147" CovItemPrefix="csse376_puerto_rico.GameBoardGUI.java" Intrnl_Id="880">
<LocList>
<Loc EndOffset="10741" SrcFileId="7" StartOffset="10715"/>
</LocList>
</BasicStmnt>
</StmntSeq>
</Branch>
<Branch CovItemId="B26" CovItemPrefix="csse376_puerto_rico.GameBoardGUI.java" Implct="true" Intrnl_Id="881">
<Cond/>
<LocList/>
<StmntSeq Intrnl_Id="882">
<LocList/>
</StmntSeq>
</Branch>
<Keyword EndOffset="10664" SrcFileId="7" StartOffset="10662"/>
<LocList>
<Loc EndOffset="10749" SrcFileId="7" StartOffset="10662"/>
</LocList>
<RootTerm CovItemId="C21" CovItemPrefix="csse376_puerto_rico.GameBoardGUI.java" Intrnl_Id="883">
<BasicBoolTerm Intrnl_Id="884">
<LocList>
<Loc EndOffset="10704" SrcFileId="7" StartOffset="10666"/>
</LocList>
</BasicBoolTerm>
</RootTerm>
</CondStmnt>
</StmntSeq>
<Keyword EndOffset="10628" SrcFileId="7" StartOffset="10625"/>
<LocList>
<Loc EndOffset="10756" SrcFileId="7" StartOffset="10625"/>
</LocList>
</LoopStmnt>
<BasicStmnt CovItemId="S148" CovItemPrefix="csse376_puerto_rico.GameBoardGUI.java" Intrnl_Id="885">
<LocList>
<Loc EndOffset="10784" SrcFileId="7" StartOffset="10762"/>
</LocList>
</BasicStmnt>
<BasicStmnt CovItemId="S149" CovItemPrefix="csse376_puerto_rico.GameBoardGUI.java" Intrnl_Id="886">
<LocList>
<Loc EndOffset="10826" SrcFileId="7" StartOffset="10790"/>
</LocList>
</BasicStmnt>
<BasicStmnt CovItemId="S150" CovItemPrefix="csse376_puerto_rico.GameBoardGUI.java" Intrnl_Id="887">
<LocList>
<Loc EndOffset="11117" SrcFileId="7" StartOffset="10874"/>
</LocList>
</BasicStmnt>
<CondStmnt CovItemId="S151" CovItemPrefix="csse376_puerto_rico.GameBoardGUI.java" Intrnl_Id="888">
<Branch CovItemId="B27" CovItemPrefix="csse376_puerto_rico.GameBoardGUI.java" Implct="false" Intrnl_Id="889">
<Cond/>
<LocList>
<Loc EndOffset="11582" SrcFileId="7" StartOffset="11151"/>
</LocList>
<StmntSeq Intrnl_Id="890">
<LocList>
<Loc EndOffset="11208" SrcFileId="7" StartOffset="11159"/>
<Loc EndOffset="11245" SrcFileId="7" StartOffset="11215"/>
<Loc EndOffset="11407" SrcFileId="7" StartOffset="11252"/>
<Loc EndOffset="11508" SrcFileId="7" StartOffset="11414"/>
<Loc EndOffset="11575" SrcFileId="7" StartOffset="11515"/>
</LocList>
<BasicStmnt CovItemId="S152" CovItemPrefix="csse376_puerto_rico.GameBoardGUI.java" Intrnl_Id="891">
<LocList>
<Loc EndOffset="11208" SrcFileId="7" StartOffset="11159"/>
</LocList>
</BasicStmnt>
<BasicStmnt CovItemId="S153" CovItemPrefix="csse376_puerto_rico.GameBoardGUI.java" Intrnl_Id="892">
<LocList>
<Loc EndOffset="11245" SrcFileId="7" StartOffset="11215"/>
</LocList>
</BasicStmnt>
<CondStmnt CovItemId="S154" CovItemPrefix="csse376_puerto_rico.GameBoardGUI.java" Intrnl_Id="893">
<Branch CovItemId="B29" CovItemPrefix="csse376_puerto_rico.GameBoardGUI.java" Implct="false" Intrnl_Id="894">
<Cond/>
<LocList>
<Loc EndOffset="11407" SrcFileId="7" StartOffset="11299"/>
</LocList>
<StmntSeq Intrnl_Id="895">
<LocList>
<Loc EndOffset="11359" SrcFileId="7" StartOffset="11308"/>
<Loc EndOffset="11399" SrcFileId="7" StartOffset="11367"/>
</LocList>
<BasicStmnt CovItemId="S155" CovItemPrefix="csse376_puerto_rico.GameBoardGUI.java" Intrnl_Id="896">
<LocList>
<Loc EndOffset="11359" SrcFileId="7" StartOffset="11308"/>
</LocList>
</BasicStmnt>
<BasicStmnt CovItemId="S156" CovItemPrefix="csse376_puerto_rico.GameBoardGUI.java" Intrnl_Id="897">
<LocList>
<Loc EndOffset="11399" SrcFileId="7" StartOffset="11367"/>
</LocList>
</BasicStmnt>
</StmntSeq>
</Branch>
<Branch CovItemId="B30" CovItemPrefix="csse376_puerto_rico.GameBoardGUI.java" Implct="true" Intrnl_Id="898">
<Cond/>
<LocList/>
<StmntSeq Intrnl_Id="899">
<LocList/>
</StmntSeq>
</Branch>
<Keyword EndOffset="11254" SrcFileId="7" StartOffset="11252"/>
<LocList>
<Loc EndOffset="11407" SrcFileId="7" StartOffset="11252"/>
</LocList>
<RootTerm CovItemId="C23" CovItemPrefix="csse376_puerto_rico.GameBoardGUI.java" Intrnl_Id="900">
<BasicBoolTerm Intrnl_Id="901">
<LocList>
<Loc EndOffset="11297" SrcFileId="7" StartOffset="11256"/>
</LocList>
</BasicBoolTerm>
</RootTerm>
</CondStmnt>
<CondStmnt CovItemId="S157" CovItemPrefix="csse376_puerto_rico.GameBoardGUI.java" Intrnl_Id="902">
<Branch CovItemId="B31" CovItemPrefix="csse376_puerto_rico.GameBoardGUI.java" Implct="false" Intrnl_Id="903">
<Cond/>
<LocList>
<Loc EndOffset="11508" SrcFileId="7" StartOffset="11454"/>
</LocList>
<StmntSeq Intrnl_Id="904">
<LocList>
<Loc EndOffset="11500" SrcFileId="7" StartOffset="11463"/>
</LocList>
<BasicStmnt CovItemId="S158" CovItemPrefix="csse376_puerto_rico.GameBoardGUI.java" Intrnl_Id="905">
<LocList>
<Loc EndOffset="11500" SrcFileId="7" StartOffset="11463"/>
</LocList>
</BasicStmnt>
</StmntSeq>
</Branch>
<Branch CovItemId="B32" CovItemPrefix="csse376_puerto_rico.GameBoardGUI.java" Implct="true" Intrnl_Id="906">
<Cond/>
<LocList/>
<StmntSeq Intrnl_Id="907">
<LocList/>
</StmntSeq>
</Branch>
<Keyword EndOffset="11416" SrcFileId="7" StartOffset="11414"/>
<LocList>
<Loc EndOffset="11508" SrcFileId="7" StartOffset="11414"/>
</LocList>
<RootTerm CovItemId="C24" CovItemPrefix="csse376_puerto_rico.GameBoardGUI.java" Intrnl_Id="908">
<BasicBoolTerm Intrnl_Id="909">
<LocList>
<Loc EndOffset="11452" SrcFileId="7" StartOffset="11418"/>
</LocList>
</BasicBoolTerm>
</RootTerm>
</CondStmnt>
<BasicStmnt CovItemId="S159" CovItemPrefix="csse376_puerto_rico.GameBoardGUI.java" Intrnl_Id="910">
<LocList>
<Loc EndOffset="11575" SrcFileId="7" StartOffset="11515"/>
</LocList>
</BasicStmnt>
</StmntSeq>
</Branch>
<Branch CovItemId="B28" CovItemPrefix="csse376_puerto_rico.GameBoardGUI.java" Implct="true" Intrnl_Id="911">
<Cond/>
<LocList/>
<StmntSeq Intrnl_Id="912">
<LocList/>
</StmntSeq>
</Branch>
<Keyword EndOffset="11125" SrcFileId="7" StartOffset="11123"/>
<LocList>
<Loc EndOffset="11582" SrcFileId="7" StartOffset="11123"/>
</LocList>
<RootTerm CovItemId="C22" CovItemPrefix="csse376_puerto_rico.GameBoardGUI.java" Intrnl_Id="913">
<BasicBoolTerm Intrnl_Id="914">
<LocList>
<Loc EndOffset="11149" SrcFileId="7" StartOffset="11127"/>
</LocList>
</BasicBoolTerm>
</RootTerm>
</CondStmnt>
<BasicStmnt CovItemId="S160" CovItemPrefix="csse376_puerto_rico.GameBoardGUI.java" Intrnl_Id="915">
<LocList>
<Loc EndOffset="11709" SrcFileId="7" StartOffset="11683"/>
</LocList>
</BasicStmnt>
<BasicStmnt CovItemId="S161" CovItemPrefix="csse376_puerto_rico.GameBoardGUI.java" Intrnl_Id="916">
<LocList>
<Loc EndOffset="11756" SrcFileId="7" StartOffset="11715"/>
</LocList>
</BasicStmnt>
</StmntSeq>
<Keyword EndOffset="10403" SrcFileId="7" StartOffset="10400"/>
<LocList>
<Loc EndOffset="11764" SrcFileId="7" StartOffset="10400"/>
</LocList>
<RootTerm CovItemId="C20" CovItemPrefix="csse376_puerto_rico.GameBoardGUI.java" Intrnl_Id="917">
<BasicBoolTerm Intrnl_Id="918">
<LocList>
<Loc EndOffset="10434" SrcFileId="7" StartOffset="10416"/>
</LocList>
</BasicBoolTerm>
</RootTerm>
</LoopStmnt>
</StmntSeq>
</Branch>
<Branch CovItemId="B24" CovItemPrefix="csse376_puerto_rico.GameBoardGUI.java" Implct="false" Intrnl_Id="919">
<Cond>
<Loc EndOffset="11774" SrcFileId="7" StartOffset="11770"/>
</Cond>
<LocList>
<Loc EndOffset="22681" SrcFileId="7" StartOffset="11775"/>
</LocList>
<StmntSeq Intrnl_Id="920">
<LocList>
<Loc EndOffset="22681" SrcFileId="7" StartOffset="11775"/>
</LocList>
<CondStmnt CovItemId="S162" CovItemPrefix="csse376_puerto_rico.GameBoardGUI.java" Intrnl_Id="921">
<Branch CovItemId="B33" CovItemPrefix="csse376_puerto_rico.GameBoardGUI.java" Implct="false" Intrnl_Id="922">
<Cond/>
<LocList>
<Loc EndOffset="13740" SrcFileId="7" StartOffset="11813"/>
</LocList>
<StmntSeq Intrnl_Id="923">
<LocList>
<Loc EndOffset="11891" SrcFileId="7" StartOffset="11839"/>
<Loc EndOffset="11927" SrcFileId="7" StartOffset="11896"/>
<Loc EndOffset="11977" SrcFileId="7" StartOffset="11932"/>
<Loc EndOffset="13735" SrcFileId="7" StartOffset="12023"/>
</LocList>
<BasicStmnt CovItemId="S163" CovItemPrefix="csse376_puerto_rico.GameBoardGUI.java" Intrnl_Id="924">
<LocList>
<Loc EndOffset="11891" SrcFileId="7" StartOffset="11839"/>
</LocList>
</BasicStmnt>
<BasicStmnt CovItemId="S164" CovItemPrefix="csse376_puerto_rico.GameBoardGUI.java" Intrnl_Id="925">
<LocList>
<Loc EndOffset="11927" SrcFileId="7" StartOffset="11896"/>
</LocList>
</BasicStmnt>
<BasicStmnt CovItemId="S165" CovItemPrefix="csse376_puerto_rico.GameBoardGUI.java" Intrnl_Id="926">
<LocList>
<Loc EndOffset="11977" SrcFileId="7" StartOffset="11932"/>
</LocList>
</BasicStmnt>
<LoopStmnt CovItemId="S166" CovItemPrefix="csse376_puerto_rico.GameBoardGUI.java" Intrnl_Id="927" MltplExecId="L10-2" MltplExecPrefix="csse376_puerto_rico.GameBoardGUI.java" NvrExecId="L10-0" NvrExecPrefix="csse376_puerto_rico.GameBoardGUI.java" OnceExecutedId="L10-1" OnceExecutedPrefix="csse376_puerto_rico.GameBoardGUI.java" OptBodyExec="true">
<StmntSeq Intrnl_Id="928">
<LocList>
<Loc EndOffset="12104" SrcFileId="7" StartOffset="12074"/>
<Loc EndOffset="12268" SrcFileId="7" StartOffset="12112"/>
<Loc EndOffset="12381" SrcFileId="7" StartOffset="12276"/>
<Loc EndOffset="12668" SrcFileId="7" StartOffset="12427"/>
<Loc EndOffset="12717" SrcFileId="7" StartOffset="12674"/>
<Loc EndOffset="12949" SrcFileId="7" StartOffset="12723"/>
<Loc EndOffset="13555" SrcFileId="7" StartOffset="12955"/>
<Loc EndOffset="13682" SrcFileId="7" StartOffset="13656"/>
<Loc EndOffset="13729" SrcFileId="7" StartOffset="13688"/>
</LocList>
<BasicStmnt CovItemId="S167" CovItemPrefix="csse376_puerto_rico.GameBoardGUI.java" Intrnl_Id="929">
<LocList>
<Loc EndOffset="12104" SrcFileId="7" StartOffset="12074"/>
</LocList>
</BasicStmnt>
<CondStmnt CovItemId="S168" CovItemPrefix="csse376_puerto_rico.GameBoardGUI.java" Intrnl_Id="930">
<Branch CovItemId="B35" CovItemPrefix="csse376_puerto_rico.GameBoardGUI.java" Implct="false" Intrnl_Id="931">
<Cond/>
<LocList>
<Loc EndOffset="12268" SrcFileId="7" StartOffset="12165"/>
</LocList>
<StmntSeq Intrnl_Id="932">
<LocList/>
</StmntSeq>
</Branch>
<Branch CovItemId="B36" CovItemPrefix="csse376_puerto_rico.GameBoardGUI.java" Implct="true" Intrnl_Id="933">
<Cond/>
<LocList/>
<StmntSeq Intrnl_Id="934">
<LocList/>
</StmntSeq>
</Branch>
<Keyword EndOffset="12114" SrcFileId="7" StartOffset="12112"/>
<LocList>
<Loc EndOffset="12268" SrcFileId="7" StartOffset="12112"/>
</LocList>
<RootTerm CovItemId="C27" CovItemPrefix="csse376_puerto_rico.GameBoardGUI.java" Intrnl_Id="935">
<BasicBoolTerm Intrnl_Id="936">
<LocList>
<Loc EndOffset="12163" SrcFileId="7" StartOffset="12116"/>
</LocList>
</BasicBoolTerm>
</RootTerm>
</CondStmnt>
<CondStmnt CovItemId="S169" CovItemPrefix="csse376_puerto_rico.GameBoardGUI.java" Intrnl_Id="937">
<Branch CovItemId="B37" CovItemPrefix="csse376_puerto_rico.GameBoardGUI.java" Implct="false" Intrnl_Id="938">
<Cond/>
<LocList>
<Loc EndOffset="12381" SrcFileId="7" StartOffset="12321"/>
</LocList>
<StmntSeq Intrnl_Id="939">
<LocList/>
</StmntSeq>
</Branch>
<Branch CovItemId="B38" CovItemPrefix="csse376_puerto_rico.GameBoardGUI.java" Implct="true" Intrnl_Id="940">
<Cond/>
<LocList/>
<StmntSeq Intrnl_Id="941">
<LocList/>
</StmntSeq>
</Branch>
<Keyword EndOffset="12278" SrcFileId="7" StartOffset="12276"/>
<LocList>
<Loc EndOffset="12381" SrcFileId="7" StartOffset="12276"/>
</LocList>
<RootTerm CovItemId="C28" CovItemPrefix="csse376_puerto_rico.GameBoardGUI.java" Intrnl_Id="942">
<BasicBoolTerm Intrnl_Id="943">
<LocList>
<Loc EndOffset="12319" SrcFileId="7" StartOffset="12280"/>
</LocList>
</BasicBoolTerm>
</RootTerm>
</CondStmnt>
<BasicStmnt CovItemId="S170" CovItemPrefix="csse376_puerto_rico.GameBoardGUI.java" Intrnl_Id="944">
<LocList>
<Loc EndOffset="12668" SrcFileId="7" StartOffset="12427"/>
</LocList>
</BasicStmnt>
<BasicStmnt CovItemId="S171" CovItemPrefix="csse376_puerto_rico.GameBoardGUI.java" Intrnl_Id="945">
<LocList>
<Loc EndOffset="12717" SrcFileId="7" StartOffset="12674"/>
</LocList>
</BasicStmnt>
<CondStmnt CovItemId="S172" CovItemPrefix="csse376_puerto_rico.GameBoardGUI.java" Intrnl_Id="946">
<Branch CovItemId="B39" CovItemPrefix="csse376_puerto_rico.GameBoardGUI.java" Implct="false" Intrnl_Id="947">
<Cond/>
<LocList>
<Loc EndOffset="12949" SrcFileId="7" StartOffset="12760"/>
</LocList>
<StmntSeq Intrnl_Id="948">
<LocList>
<Loc EndOffset="12846" SrcFileId="7" StartOffset="12768"/>
<Loc EndOffset="12942" SrcFileId="7" StartOffset="12853"/>
</LocList>
<BasicStmnt CovItemId="S173" CovItemPrefix="csse376_puerto_rico.GameBoardGUI.java" Intrnl_Id="949">
<LocList>
<Loc EndOffset="12846" SrcFileId="7" StartOffset="12768"/>
</LocList>
</BasicStmnt>
<BasicStmnt CovItemId="S174" CovItemPrefix="csse376_puerto_rico.GameBoardGUI.java" Intrnl_Id="950">
<LocList>
<Loc EndOffset="12942" SrcFileId="7" StartOffset="12853"/>
</LocList>
</BasicStmnt>
</StmntSeq>
</Branch>
<Branch CovItemId="B40" CovItemPrefix="csse376_puerto_rico.GameBoardGUI.java" Implct="true" Intrnl_Id="951">
<Cond/>
<LocList/>
<StmntSeq Intrnl_Id="952">
<LocList/>
</StmntSeq>
</Branch>
<Keyword EndOffset="12725" SrcFileId="7" StartOffset="12723"/>
<LocList>
<Loc EndOffset="12949" SrcFileId="7" StartOffset="12723"/>
</LocList>
<RootTerm CovItemId="C29" CovItemPrefix="csse376_puerto_rico.GameBoardGUI.java" Intrnl_Id="953">
<BasicBoolTerm Intrnl_Id="954">
<LocList>
<Loc EndOffset="12758" SrcFileId="7" StartOffset="12727"/>
</LocList>
</BasicBoolTerm>
</RootTerm>
</CondStmnt>
<CondStmnt CovItemId="S175" CovItemPrefix="csse376_puerto_rico.GameBoardGUI.java" Intrnl_Id="955">
<Branch CovItemId="B41" CovItemPrefix="csse376_puerto_rico.GameBoardGUI.java" Implct="false" Intrnl_Id="956">
<Cond/>
<LocList>
<Loc EndOffset="13555" SrcFileId="7" StartOffset="12999"/>
</LocList>
<StmntSeq Intrnl_Id="957">
<LocList>
<Loc EndOffset="13106" SrcFileId="7" StartOffset="13073"/>
<Loc EndOffset="13419" SrcFileId="7" StartOffset="13113"/>
<Loc EndOffset="13546" SrcFileId="7" StartOffset="13426"/>
</LocList>
<BasicStmnt CovItemId="S176" CovItemPrefix="csse376_puerto_rico.GameBoardGUI.java" Intrnl_Id="958">
<LocList>
<Loc EndOffset="13106" SrcFileId="7" StartOffset="13073"/>
</LocList>
</BasicStmnt>
<BasicStmnt CovItemId="S177" CovItemPrefix="csse376_puerto_rico.GameBoardGUI.java" Intrnl_Id="959">
<LocList>
<Loc EndOffset="13419" SrcFileId="7" StartOffset="13113"/>
</LocList>
</BasicStmnt>
<CondStmnt CovItemId="S178" CovItemPrefix="csse376_puerto_rico.GameBoardGUI.java" Intrnl_Id="960">
<Branch CovItemId="B43" CovItemPrefix="csse376_puerto_rico.GameBoardGUI.java" Implct="false" Intrnl_Id="961">
<Cond/>
<LocList>
<Loc EndOffset="13546" SrcFileId="7" StartOffset="13441"/>
</LocList>
<StmntSeq Intrnl_Id="962">
<LocList>
<Loc EndOffset="13498" SrcFileId="7" StartOffset="13450"/>
<Loc EndOffset="13538" SrcFileId="7" StartOffset="13506"/>
</LocList>
<BasicStmnt CovItemId="S179" CovItemPrefix="csse376_puerto_rico.GameBoardGUI.java" Intrnl_Id="963">
<LocList>
<Loc EndOffset="13498" SrcFileId="7" StartOffset="13450"/>
</LocList>
</BasicStmnt>
<BasicStmnt CovItemId="S180" CovItemPrefix="csse376_puerto_rico.GameBoardGUI.java" Intrnl_Id="964">
<LocList>
<Loc EndOffset="13538" SrcFileId="7" StartOffset="13506"/>
</LocList>
</BasicStmnt>
</StmntSeq>
</Branch>
<Branch CovItemId="B44" CovItemPrefix="csse376_puerto_rico.GameBoardGUI.java" Implct="true" Intrnl_Id="965">
<Cond/>
<LocList/>
<StmntSeq Intrnl_Id="966">
<LocList/>
</StmntSeq>
</Branch>
<Keyword EndOffset="13428" SrcFileId="7" StartOffset="13426"/>
<LocList>
<Loc EndOffset="13546" SrcFileId="7" StartOffset="13426"/>
</LocList>
<RootTerm CovItemId="C31" CovItemPrefix="csse376_puerto_rico.GameBoardGUI.java" Intrnl_Id="967">
<BasicBoolTerm Intrnl_Id="968">
<LocList>
<Loc EndOffset="13439" SrcFileId="7" StartOffset="13430"/>
</LocList>
</BasicBoolTerm>
</RootTerm>
</CondStmnt>
</StmntSeq>
</Branch>
<Branch CovItemId="B42" CovItemPrefix="csse376_puerto_rico.GameBoardGUI.java" Implct="true" Intrnl_Id="969">
<Cond/>
<LocList/>
<StmntSeq Intrnl_Id="970">
<LocList/>
</StmntSeq>
</Branch>
<Keyword EndOffset="12957" SrcFileId="7" StartOffset="12955"/>
<LocList>
<Loc EndOffset="13555" SrcFileId="7" StartOffset="12955"/>
</LocList>
<RootTerm CovItemId="C30" CovItemPrefix="csse376_puerto_rico.GameBoardGUI.java" Intrnl_Id="971">
<BasicBoolTerm Intrnl_Id="972">
<LocList>
<Loc EndOffset="12997" SrcFileId="7" StartOffset="12959"/>
</LocList>
</BasicBoolTerm>
</RootTerm>
</CondStmnt>
<BasicStmnt CovItemId="S181" CovItemPrefix="csse376_puerto_rico.GameBoardGUI.java" Intrnl_Id="973">
<LocList>
<Loc EndOffset="13682" SrcFileId="7" StartOffset="13656"/>
</LocList>
</BasicStmnt>
<BasicStmnt CovItemId="S182" CovItemPrefix="csse376_puerto_rico.GameBoardGUI.java" Intrnl_Id="974">
<LocList>
<Loc EndOffset="13729" SrcFileId="7" StartOffset="13688"/>
</LocList>
</BasicStmnt>
</StmntSeq>
<Keyword EndOffset="12026" SrcFileId="7" StartOffset="12023"/>
<LocList>
<Loc EndOffset="13735" SrcFileId="7" StartOffset="12023"/>
</LocList>
<RootTerm CovItemId="C26" CovItemPrefix="csse376_puerto_rico.GameBoardGUI.java" Intrnl_Id="975">
<BasicBoolTerm Intrnl_Id="976">
<LocList>
<Loc EndOffset="12058" SrcFileId="7" StartOffset="12039"/>
</LocList>
</BasicBoolTerm>
</RootTerm>
</LoopStmnt>
</StmntSeq>
</Branch>
<Branch CovItemId="B34" CovItemPrefix="csse376_puerto_rico.GameBoardGUI.java" Implct="false" Intrnl_Id="977">
<Cond>
<Loc EndOffset="13745" SrcFileId="7" StartOffset="13741"/>
</Cond>
<LocList>
<Loc EndOffset="22681" SrcFileId="7" StartOffset="13746"/>
</LocList>
<StmntSeq Intrnl_Id="978">
<LocList>
<Loc EndOffset="22681" SrcFileId="7" StartOffset="13746"/>
</LocList>
<CondStmnt CovItemId="S183" CovItemPrefix="csse376_puerto_rico.GameBoardGUI.java" Intrnl_Id="979">
<Branch CovItemId="B45" CovItemPrefix="csse376_puerto_rico.GameBoardGUI.java" Implct="false" Intrnl_Id="980">
<Cond/>
<LocList>
<Loc EndOffset="14549" SrcFileId="7" StartOffset="13786"/>
</LocList>
<StmntSeq Intrnl_Id="981">
<LocList>
<Loc EndOffset="14542" SrcFileId="7" StartOffset="13812"/>
</LocList>
<LoopStmnt CovItemId="S184" CovItemPrefix="csse376_puerto_rico.GameBoardGUI.java" Intrnl_Id="982" MltplExecId="L11-2" MltplExecPrefix="csse376_puerto_rico.GameBoardGUI.java" NvrExecId="L11-0" NvrExecPrefix="csse376_puerto_rico.GameBoardGUI.java" OnceExecutedId="L11-1" OnceExecutedPrefix="csse376_puerto_rico.GameBoardGUI.java" OptBodyExec="true">
<StmntSeq Intrnl_Id="983">
<LocList>
<Loc EndOffset="13892" SrcFileId="7" StartOffset="13862"/>
<Loc EndOffset="13923" SrcFileId="7" StartOffset="13898"/>
<Loc EndOffset="14453" SrcFileId="7" StartOffset="13956"/>
<Loc EndOffset="14487" SrcFileId="7" StartOffset="14461"/>
<Loc EndOffset="14534" SrcFileId="7" StartOffset="14493"/>
</LocList>
<BasicStmnt CovItemId="S185" CovItemPrefix="csse376_puerto_rico.GameBoardGUI.java" Intrnl_Id="984">
<LocList>
<Loc EndOffset="13892" SrcFileId="7" StartOffset="13862"/>
</LocList>
</BasicStmnt>
<BasicStmnt CovItemId="S186" CovItemPrefix="csse376_puerto_rico.GameBoardGUI.java" Intrnl_Id="985">
<LocList>
<Loc EndOffset="13923" SrcFileId="7" StartOffset="13898"/>
</LocList>
</BasicStmnt>
<CondStmnt CovItemId="S187" CovItemPrefix="csse376_puerto_rico.GameBoardGUI.java" Intrnl_Id="986">
<Branch CovItemId="B47" CovItemPrefix="csse376_puerto_rico.GameBoardGUI.java" Implct="false" Intrnl_Id="987">
<Cond/>
<LocList>
<Loc EndOffset="14453" SrcFileId="7" StartOffset="14000"/>
</LocList>
<StmntSeq Intrnl_Id="988">
<LocList>
<Loc EndOffset="14446" SrcFileId="7" StartOffset="14008"/>
</LocList>
<CondStmnt CovItemId="S188" CovItemPrefix="csse376_puerto_rico.GameBoardGUI.java" Intrnl_Id="989">
<Branch CovItemId="B49" CovItemPrefix="csse376_puerto_rico.GameBoardGUI.java" Implct="false" Intrnl_Id="990">
<Cond/>
<LocList>
<Loc EndOffset="14113" SrcFileId="7" StartOffset="14049"/>
</LocList>
<StmntSeq Intrnl_Id="991">
<LocList>
<Loc EndOffset="14105" SrcFileId="7" StartOffset="14058"/>
</LocList>
<BasicStmnt CovItemId="S189" CovItemPrefix="csse376_puerto_rico.GameBoardGUI.java" Intrnl_Id="992">
<LocList>
<Loc EndOffset="14105" SrcFileId="7" StartOffset="14058"/>
</LocList>
</BasicStmnt>
</StmntSeq>
</Branch>
<Branch CovItemId="B50" CovItemPrefix="csse376_puerto_rico.GameBoardGUI.java" Implct="false" Intrnl_Id="993">
<Cond>
<Loc EndOffset="14118" SrcFileId="7" StartOffset="14114"/>
</Cond>
<LocList>
<Loc EndOffset="14446" SrcFileId="7" StartOffset="14119"/>
</LocList>
<StmntSeq Intrnl_Id="994">
<LocList>
<Loc EndOffset="14446" SrcFileId="7" StartOffset="14119"/>
</LocList>
<CondStmnt CovItemId="S190" CovItemPrefix="csse376_puerto_rico.GameBoardGUI.java" Intrnl_Id="995">
<Branch CovItemId="B51" CovItemPrefix="csse376_puerto_rico.GameBoardGUI.java" Implct="false" Intrnl_Id="996">
<Cond/>
<LocList>
<Loc EndOffset="14224" SrcFileId="7" StartOffset="14160"/>
</LocList>
<StmntSeq Intrnl_Id="997">
<LocList>
<Loc EndOffset="14216" SrcFileId="7" StartOffset="14169"/>
</LocList>
<BasicStmnt CovItemId="S191" CovItemPrefix="csse376_puerto_rico.GameBoardGUI.java" Intrnl_Id="998">
<LocList>
<Loc EndOffset="14216" SrcFileId="7" StartOffset="14169"/>
</LocList>
</BasicStmnt>
</StmntSeq>
</Branch>
<Branch CovItemId="B52" CovItemPrefix="csse376_puerto_rico.GameBoardGUI.java" Implct="false" Intrnl_Id="999">
<Cond>
<Loc EndOffset="14229" SrcFileId="7" StartOffset="14225"/>
</Cond>
<LocList>
<Loc EndOffset="14446" SrcFileId="7" StartOffset="14230"/>
</LocList>
<StmntSeq Intrnl_Id="1000">
<LocList>
<Loc EndOffset="14446" SrcFileId="7" StartOffset="14230"/>
</LocList>
<CondStmnt CovItemId="S192" CovItemPrefix="csse376_puerto_rico.GameBoardGUI.java" Intrnl_Id="1001">
<Branch CovItemId="B53" CovItemPrefix="csse376_puerto_rico.GameBoardGUI.java" Implct="false" Intrnl_Id="1002">
<Cond/>
<LocList>
<Loc EndOffset="14335" SrcFileId="7" StartOffset="14271"/>
</LocList>
<StmntSeq Intrnl_Id="1003">
<LocList>
<Loc EndOffset="14327" SrcFileId="7" StartOffset="14280"/>
</LocList>
<BasicStmnt CovItemId="S193" CovItemPrefix="csse376_puerto_rico.GameBoardGUI.java" Intrnl_Id="1004">
<LocList>
<Loc EndOffset="14327" SrcFileId="7" StartOffset="14280"/>
</LocList>
</BasicStmnt>
</StmntSeq>
</Branch>
<Branch CovItemId="B54" CovItemPrefix="csse376_puerto_rico.GameBoardGUI.java" Implct="false" Intrnl_Id="1005">
<Cond>
<Loc EndOffset="14340" SrcFileId="7" StartOffset="14336"/>
</Cond>
<LocList>
<Loc EndOffset="14446" SrcFileId="7" StartOffset="14341"/>
</LocList>
<StmntSeq Intrnl_Id="1006">
<LocList>
<Loc EndOffset="14446" SrcFileId="7" StartOffset="14341"/>
</LocList>
<CondStmnt CovItemId="S194" CovItemPrefix="csse376_puerto_rico.GameBoardGUI.java" Intrnl_Id="1007">
<Branch CovItemId="B55" CovItemPrefix="csse376_puerto_rico.GameBoardGUI.java" Implct="false" Intrnl_Id="1008">
<Cond/>
<LocList>
<Loc EndOffset="14446" SrcFileId="7" StartOffset="14382"/>
</LocList>
<StmntSeq Intrnl_Id="1009">
<LocList>
<Loc EndOffset="14438" SrcFileId="7" StartOffset="14391"/>
</LocList>
<BasicStmnt CovItemId="S195" CovItemPrefix="csse376_puerto_rico.GameBoardGUI.java" Intrnl_Id="1010">
<LocList>
<Loc EndOffset="14438" SrcFileId="7" StartOffset="14391"/>
</LocList>
</BasicStmnt>
</StmntSeq>
</Branch>
<Branch CovItemId="B56" CovItemPrefix="csse376_puerto_rico.GameBoardGUI.java" Implct="true" Intrnl_Id="1011">
<Cond/>
<LocList/>
<StmntSeq Intrnl_Id="1012">
<LocList/>
</StmntSeq>
</Branch>
<Keyword EndOffset="14343" SrcFileId="7" StartOffset="14341"/>
<LocList>
<Loc EndOffset="14446" SrcFileId="7" StartOffset="14341"/>
</LocList>
<RootTerm CovItemId="C38" CovItemPrefix="csse376_puerto_rico.GameBoardGUI.java" Intrnl_Id="1013">
<BasicBoolTerm Intrnl_Id="1014">
<LocList>
<Loc EndOffset="14380" SrcFileId="7" StartOffset="14345"/>
</LocList>
</BasicBoolTerm>
</RootTerm>
</CondStmnt>
</StmntSeq>
</Branch>
<Keyword EndOffset="14232" SrcFileId="7" StartOffset="14230"/>
<LocList>
<Loc EndOffset="14446" SrcFileId="7" StartOffset="14230"/>
</LocList>
<RootTerm CovItemId="C37" CovItemPrefix="csse376_puerto_rico.GameBoardGUI.java" Intrnl_Id="1015">
<BasicBoolTerm Intrnl_Id="1016">
<LocList>
<Loc EndOffset="14269" SrcFileId="7" StartOffset="14234"/>
</LocList>
</BasicBoolTerm>
</RootTerm>
</CondStmnt>
</StmntSeq>
</Branch>
<Keyword EndOffset="14121" SrcFileId="7" StartOffset="14119"/>
<LocList>
<Loc EndOffset="14446" SrcFileId="7" StartOffset="14119"/>
</LocList>
<RootTerm CovItemId="C36" CovItemPrefix="csse376_puerto_rico.GameBoardGUI.java" Intrnl_Id="1017">
<BasicBoolTerm Intrnl_Id="1018">
<LocList>
<Loc EndOffset="14158" SrcFileId="7" StartOffset="14123"/>
</LocList>
</BasicBoolTerm>
</RootTerm>
</CondStmnt>
</StmntSeq>
</Branch>
<Keyword EndOffset="14010" SrcFileId="7" StartOffset="14008"/>
<LocList>
<Loc EndOffset="14446" SrcFileId="7" StartOffset="14008"/>
</LocList>
<RootTerm CovItemId="C35" CovItemPrefix="csse376_puerto_rico.GameBoardGUI.java" Intrnl_Id="1019">
<BasicBoolTerm Intrnl_Id="1020">
<LocList>
<Loc EndOffset="14047" SrcFileId="7" StartOffset="14012"/>
</LocList>
</BasicBoolTerm>
</RootTerm>
</CondStmnt>
</StmntSeq>
</Branch>
<Branch CovItemId="B48" CovItemPrefix="csse376_puerto_rico.GameBoardGUI.java" Implct="true" Intrnl_Id="1021">
<Cond/>
<LocList/>
<StmntSeq Intrnl_Id="1022">
<LocList/>
</StmntSeq>
</Branch>
<Keyword EndOffset="13958" SrcFileId="7" StartOffset="13956"/>
<LocList>
<Loc EndOffset="14453" SrcFileId="7" StartOffset="13956"/>
</LocList>
<RootTerm CovItemId="C34" CovItemPrefix="csse376_puerto_rico.GameBoardGUI.java" Intrnl_Id="1023">
<BasicBoolTerm Intrnl_Id="1024">
<LocList>
<Loc EndOffset="13998" SrcFileId="7" StartOffset="13960"/>
</LocList>
</BasicBoolTerm>
</RootTerm>
</CondStmnt>
<BasicStmnt CovItemId="S196" CovItemPrefix="csse376_puerto_rico.GameBoardGUI.java" Intrnl_Id="1025">
<LocList>
<Loc EndOffset="14487" SrcFileId="7" StartOffset="14461"/>
</LocList>
</BasicStmnt>
<BasicStmnt CovItemId="S197" CovItemPrefix="csse376_puerto_rico.GameBoardGUI.java" Intrnl_Id="1026">
<LocList>
<Loc EndOffset="14534" SrcFileId="7" StartOffset="14493"/>
</LocList>
</BasicStmnt>
</StmntSeq>
<Keyword EndOffset="13815" SrcFileId="7" StartOffset="13812"/>
<LocList>
<Loc EndOffset="14542" SrcFileId="7" StartOffset="13812"/>
</LocList>
<RootTerm CovItemId="C33" CovItemPrefix="csse376_puerto_rico.GameBoardGUI.java" Intrnl_Id="1027">
<BasicBoolTerm Intrnl_Id="1028">
<LocList>
<Loc EndOffset="13846" SrcFileId="7" StartOffset="13828"/>
</LocList>
</BasicBoolTerm>
</RootTerm>
</LoopStmnt>
</StmntSeq>
</Branch>
<Branch CovItemId="B46" CovItemPrefix="csse376_puerto_rico.GameBoardGUI.java" Implct="false" Intrnl_Id="1029">
<Cond>
<Loc EndOffset="14554" SrcFileId="7" StartOffset="14550"/>
</Cond>
<LocList>
<Loc EndOffset="22681" SrcFileId="7" StartOffset="14555"/>
</LocList>
<StmntSeq Intrnl_Id="1030">
<LocList>
<Loc EndOffset="22681" SrcFileId="7" StartOffset="14555"/>
</LocList>
<CondStmnt CovItemId="S198" CovItemPrefix="csse376_puerto_rico.GameBoardGUI.java" Intrnl_Id="1031">
<Branch CovItemId="B57" CovItemPrefix="csse376_puerto_rico.GameBoardGUI.java" Implct="false" Intrnl_Id="1032">
<Cond/>
<LocList>
<Loc EndOffset="16562" SrcFileId="7" StartOffset="14592"/>
</LocList>
<StmntSeq Intrnl_Id="1033">
<LocList>
<Loc EndOffset="16557" SrcFileId="7" StartOffset="14605"/>
</LocList>
<LoopStmnt CovItemId="S199" CovItemPrefix="csse376_puerto_rico.GameBoardGUI.java" Intrnl_Id="1034" MltplExecId="L12-2" MltplExecPrefix="csse376_puerto_rico.GameBoardGUI.java" NvrExecId="L12-0" NvrExecPrefix="csse376_puerto_rico.GameBoardGUI.java" OnceExecutedId="L12-1" OnceExecutedPrefix="csse376_puerto_rico.GameBoardGUI.java" OptBodyExec="true">
<StmntSeq Intrnl_Id="1035">
<LocList>
<Loc EndOffset="14685" SrcFileId="7" StartOffset="14655"/>
<Loc EndOffset="14835" SrcFileId="7" StartOffset="14724"/>
<Loc EndOffset="14985" SrcFileId="7" StartOffset="14874"/>
<Loc EndOffset="15110" SrcFileId="7" StartOffset="14993"/>
<Loc EndOffset="15169" SrcFileId="7" StartOffset="15116"/>
<Loc EndOffset="15313" SrcFileId="7" StartOffset="15175"/>
<Loc EndOffset="15343" SrcFileId="7" StartOffset="15319"/>
<Loc EndOffset="15387" SrcFileId="7" StartOffset="15349"/>
<Loc EndOffset="15634" SrcFileId="7" StartOffset="15395"/>
<Loc EndOffset="16375" SrcFileId="7" StartOffset="15640"/>
<Loc EndOffset="16502" SrcFileId="7" StartOffset="16476"/>
<Loc EndOffset="16549" SrcFileId="7" StartOffset="16508"/>
</LocList>
<BasicStmnt CovItemId="S200" CovItemPrefix="csse376_puerto_rico.GameBoardGUI.java" Intrnl_Id="1036">
<LocList>
<Loc EndOffset="14685" SrcFileId="7" StartOffset="14655"/>
</LocList>
</BasicStmnt>
<CondStmnt CovItemId="S201" CovItemPrefix="csse376_puerto_rico.GameBoardGUI.java" Intrnl_Id="1037">
<Branch CovItemId="B59" CovItemPrefix="csse376_puerto_rico.GameBoardGUI.java" Implct="false" Intrnl_Id="1038">
<Cond/>
<LocList>
<Loc EndOffset="14835" SrcFileId="7" StartOffset="14773"/>
</LocList>
<StmntSeq Intrnl_Id="1039">
<LocList>
<Loc EndOffset="14828" SrcFileId="7" StartOffset="14781"/>
</LocList>
<BasicStmnt CovItemId="S202" CovItemPrefix="csse376_puerto_rico.GameBoardGUI.java" Intrnl_Id="1040">
<LocList>
<Loc EndOffset="14828" SrcFileId="7" StartOffset="14781"/>
</LocList>
</BasicStmnt>
</StmntSeq>
</Branch>
<Branch CovItemId="B60" CovItemPrefix="csse376_puerto_rico.GameBoardGUI.java" Implct="true" Intrnl_Id="1041">
<Cond/>
<LocList/>
<StmntSeq Intrnl_Id="1042">
<LocList/>
</StmntSeq>
</Branch>
<Keyword EndOffset="14726" SrcFileId="7" StartOffset="14724"/>
<LocList>
<Loc EndOffset="14835" SrcFileId="7" StartOffset="14724"/>
</LocList>
<RootTerm CovItemId="C41" CovItemPrefix="csse376_puerto_rico.GameBoardGUI.java" Intrnl_Id="1043">
<BasicBoolTerm Intrnl_Id="1044">
<LocList>
<Loc EndOffset="14771" SrcFileId="7" StartOffset="14728"/>
</LocList>
</BasicBoolTerm>
</RootTerm>
</CondStmnt>
<CondStmnt CovItemId="S203" CovItemPrefix="csse376_puerto_rico.GameBoardGUI.java" Intrnl_Id="1045">
<Branch CovItemId="B61" CovItemPrefix="csse376_puerto_rico.GameBoardGUI.java" Implct="false" Intrnl_Id="1046">
<Cond/>
<LocList>
<Loc EndOffset="14985" SrcFileId="7" StartOffset="14923"/>
</LocList>
<StmntSeq Intrnl_Id="1047">
<LocList>
<Loc EndOffset="14978" SrcFileId="7" StartOffset="14931"/>
</LocList>
<BasicStmnt CovItemId="S204" CovItemPrefix="csse376_puerto_rico.GameBoardGUI.java" Intrnl_Id="1048">
<LocList>
<Loc EndOffset="14978" SrcFileId="7" StartOffset="14931"/>
</LocList>
</BasicStmnt>
</StmntSeq>
</Branch>
<Branch CovItemId="B62" CovItemPrefix="csse376_puerto_rico.GameBoardGUI.java" Implct="true" Intrnl_Id="1049">
<Cond/>
<LocList/>
<StmntSeq Intrnl_Id="1050">
<LocList/>
</StmntSeq>
</Branch>
<Keyword EndOffset="14876" SrcFileId="7" StartOffset="14874"/>
<LocList>
<Loc EndOffset="14985" SrcFileId="7" StartOffset="14874"/>
</LocList>
<RootTerm CovItemId="C42" CovItemPrefix="csse376_puerto_rico.GameBoardGUI.java" Intrnl_Id="1051">
<BasicBoolTerm Intrnl_Id="1052">
<LocList>
<Loc EndOffset="14921" SrcFileId="7" StartOffset="14878"/>
</LocList>
</BasicBoolTerm>
</RootTerm>
</CondStmnt>
<CondStmnt CovItemId="S205" CovItemPrefix="csse376_puerto_rico.GameBoardGUI.java" Intrnl_Id="1053">
<Branch CovItemId="B63" CovItemPrefix="csse376_puerto_rico.GameBoardGUI.java" Implct="false" Intrnl_Id="1054">
<Cond/>
<LocList>
<Loc EndOffset="15110" SrcFileId="7" StartOffset="15036"/>
</LocList>
<StmntSeq Intrnl_Id="1055">
<LocList/>
</StmntSeq>
</Branch>
<Branch CovItemId="B64" CovItemPrefix="csse376_puerto_rico.GameBoardGUI.java" Implct="true" Intrnl_Id="1056">
<Cond/>
<LocList/>
<StmntSeq Intrnl_Id="1057">
<LocList/>
</StmntSeq>
</Branch>
<Keyword EndOffset="14995" SrcFileId="7" StartOffset="14993"/>
<LocList>
<Loc EndOffset="15110" SrcFileId="7" StartOffset="14993"/>
</LocList>
<RootTerm CovItemId="C43" CovItemPrefix="csse376_puerto_rico.GameBoardGUI.java" Intrnl_Id="1058">
<BasicBoolTerm Intrnl_Id="1059">
<LocList>
<Loc EndOffset="15034" SrcFileId="7" StartOffset="14997"/>
</LocList>
</BasicBoolTerm>
</RootTerm>
</CondStmnt>
<BasicStmnt CovItemId="S206" CovItemPrefix="csse376_puerto_rico.GameBoardGUI.java" Intrnl_Id="1060">
<LocList>
<Loc EndOffset="15169" SrcFileId="7" StartOffset="15116"/>
</LocList>
</BasicStmnt>
<LoopStmnt CovItemId="S207" CovItemPrefix="csse376_puerto_rico.GameBoardGUI.java" Intrnl_Id="1061" MltplExecId="L13-2" MltplExecPrefix="csse376_puerto_rico.GameBoardGUI.java" NvrExecId="L13-0" NvrExecPrefix="csse376_puerto_rico.GameBoardGUI.java" OnceExecutedId="L13-1" OnceExecutedPrefix="csse376_puerto_rico.GameBoardGUI.java" OptBodyExec="true">
<StmntSeq Intrnl_Id="1062">
<LocList>
<Loc EndOffset="15255" SrcFileId="7" StartOffset="15221"/>
<Loc EndOffset="15306" SrcFileId="7" StartOffset="15262"/>
</LocList>
<BasicStmnt CovItemId="S208" CovItemPrefix="csse376_puerto_rico.GameBoardGUI.java" Intrnl_Id="1063">
<LocList>
<Loc EndOffset="15255" SrcFileId="7" StartOffset="15221"/>
</LocList>
</BasicStmnt>
<CondStmnt CovItemId="S209" CovItemPrefix="csse376_puerto_rico.GameBoardGUI.java" Intrnl_Id="1064">
<Branch CovItemId="B65" CovItemPrefix="csse376_puerto_rico.GameBoardGUI.java" Implct="false" Intrnl_Id="1065">
<Cond/>
<LocList>
<Loc EndOffset="15306" SrcFileId="7" StartOffset="15273"/>
</LocList>
<StmntSeq Intrnl_Id="1066">
<LocList>
<Loc EndOffset="15298" SrcFileId="7" StartOffset="15282"/>
</LocList>
<BasicStmnt CovItemId="S210" CovItemPrefix="csse376_puerto_rico.GameBoardGUI.java" Intrnl_Id="1067">
<LocList>
<Loc EndOffset="15298" SrcFileId="7" StartOffset="15282"/>
</LocList>
</BasicStmnt>
</StmntSeq>
</Branch>
<Branch CovItemId="B66" CovItemPrefix="csse376_puerto_rico.GameBoardGUI.java" Implct="true" Intrnl_Id="1068">
<Cond/>
<LocList/>
<StmntSeq Intrnl_Id="1069">
<LocList/>
</StmntSeq>
</Branch>
<Keyword EndOffset="15264" SrcFileId="7" StartOffset="15262"/>
<LocList>
<Loc EndOffset="15306" SrcFileId="7" StartOffset="15262"/>
</LocList>
<RootTerm CovItemId="C44" CovItemPrefix="csse376_puerto_rico.GameBoardGUI.java" Intrnl_Id="1070">
<BasicBoolTerm Intrnl_Id="1071">
<LocList>
<Loc EndOffset="15271" SrcFileId="7" StartOffset="15266"/>
</LocList>
</BasicBoolTerm>
</RootTerm>
</CondStmnt>
</StmntSeq>
<Keyword EndOffset="15178" SrcFileId="7" StartOffset="15175"/>
<LocList>
<Loc EndOffset="15313" SrcFileId="7" StartOffset="15175"/>
</LocList>
</LoopStmnt>
<BasicStmnt CovItemId="S211" CovItemPrefix="csse376_puerto_rico.GameBoardGUI.java" Intrnl_Id="1072">
<LocList>
<Loc EndOffset="15343" SrcFileId="7" StartOffset="15319"/>
</LocList>
</BasicStmnt>
<BasicStmnt CovItemId="S212" CovItemPrefix="csse376_puerto_rico.GameBoardGUI.java" Intrnl_Id="1073">
<LocList>
<Loc EndOffset="15387" SrcFileId="7" StartOffset="15349"/>
</LocList>
</BasicStmnt>
<BasicStmnt CovItemId="S213" CovItemPrefix="csse376_puerto_rico.GameBoardGUI.java" Intrnl_Id="1074">
<LocList>
<Loc EndOffset="15634" SrcFileId="7" StartOffset="15395"/>
</LocList>
</BasicStmnt>
<CondStmnt CovItemId="S214" CovItemPrefix="csse376_puerto_rico.GameBoardGUI.java" Intrnl_Id="1075">
<Branch CovItemId="B67" CovItemPrefix="csse376_puerto_rico.GameBoardGUI.java" Implct="false" Intrnl_Id="1076">
<Cond/>
<LocList>
<Loc EndOffset="16375" SrcFileId="7" StartOffset="15670"/>
</LocList>
<StmntSeq Intrnl_Id="1077">
<LocList>
<Loc EndOffset="16368" SrcFileId="7" StartOffset="15678"/>
</LocList>
<CondStmnt CovItemId="S215" CovItemPrefix="csse376_puerto_rico.GameBoardGUI.java" Intrnl_Id="1078">
<Branch CovItemId="B69" CovItemPrefix="csse376_puerto_rico.GameBoardGUI.java" Implct="false" Intrnl_Id="1079">
<Cond/>
<LocList>
<Loc EndOffset="15823" SrcFileId="7" StartOffset="15719"/>
</LocList>
<StmntSeq Intrnl_Id="1080">
<LocList>
<Loc EndOffset="15775" SrcFileId="7" StartOffset="15728"/>
<Loc EndOffset="15815" SrcFileId="7" StartOffset="15783"/>
</LocList>
<BasicStmnt CovItemId="S216" CovItemPrefix="csse376_puerto_rico.GameBoardGUI.java" Intrnl_Id="1081">
<LocList>
<Loc EndOffset="15775" SrcFileId="7" StartOffset="15728"/>
</LocList>
</BasicStmnt>
<BasicStmnt CovItemId="S217" CovItemPrefix="csse376_puerto_rico.GameBoardGUI.java" Intrnl_Id="1082">
<LocList>
<Loc EndOffset="15815" SrcFileId="7" StartOffset="15783"/>
</LocList>
</BasicStmnt>
</StmntSeq>
</Branch>
<Branch CovItemId="B70" CovItemPrefix="csse376_puerto_rico.GameBoardGUI.java" Implct="false" Intrnl_Id="1083">
<Cond>
<Loc EndOffset="15828" SrcFileId="7" StartOffset="15824"/>
</Cond>
<LocList>
<Loc EndOffset="16368" SrcFileId="7" StartOffset="15829"/>
</LocList>
<StmntSeq Intrnl_Id="1084">
<LocList>
<Loc EndOffset="16368" SrcFileId="7" StartOffset="15829"/>
</LocList>
<CondStmnt CovItemId="S218" CovItemPrefix="csse376_puerto_rico.GameBoardGUI.java" Intrnl_Id="1085">
<Branch CovItemId="B71" CovItemPrefix="csse376_puerto_rico.GameBoardGUI.java" Implct="false" Intrnl_Id="1086">
<Cond/>
<LocList>
<Loc EndOffset="15915" SrcFileId="7" StartOffset="15868"/>
</LocList>
<StmntSeq Intrnl_Id="1087">
<LocList>
<Loc EndOffset="15907" SrcFileId="7" StartOffset="15877"/>
</LocList>
<BasicStmnt CovItemId="S219" CovItemPrefix="csse376_puerto_rico.GameBoardGUI.java" Intrnl_Id="1088">
<LocList>
<Loc EndOffset="15907" SrcFileId="7" StartOffset="15877"/>
</LocList>
</BasicStmnt>
</StmntSeq>
</Branch>
<Branch CovItemId="B72" CovItemPrefix="csse376_puerto_rico.GameBoardGUI.java" Implct="false" Intrnl_Id="1089">
<Cond>
<Loc EndOffset="15920" SrcFileId="7" StartOffset="15916"/>
</Cond>
<LocList>
<Loc EndOffset="16368" SrcFileId="7" StartOffset="15921"/>
</LocList>
<StmntSeq Intrnl_Id="1090">
<LocList>
<Loc EndOffset="16368" SrcFileId="7" StartOffset="15921"/>
</LocList>
<CondStmnt CovItemId="S220" CovItemPrefix="csse376_puerto_rico.GameBoardGUI.java" Intrnl_Id="1091">
<Branch CovItemId="B73" CovItemPrefix="csse376_puerto_rico.GameBoardGUI.java" Implct="false" Intrnl_Id="1092">
<Cond/>
<LocList>
<Loc EndOffset="16066" SrcFileId="7" StartOffset="15962"/>
</LocList>
<StmntSeq Intrnl_Id="1093">
<LocList>
<Loc EndOffset="16018" SrcFileId="7" StartOffset="15971"/>
<Loc EndOffset="16058" SrcFileId="7" StartOffset="16026"/>
</LocList>
<BasicStmnt CovItemId="S221" CovItemPrefix="csse376_puerto_rico.GameBoardGUI.java" Intrnl_Id="1094">
<LocList>
<Loc EndOffset="16018" SrcFileId="7" StartOffset="15971"/>
</LocList>
</BasicStmnt>
<BasicStmnt CovItemId="S222" CovItemPrefix="csse376_puerto_rico.GameBoardGUI.java" Intrnl_Id="1095">
<LocList>
<Loc EndOffset="16058" SrcFileId="7" StartOffset="16026"/>
</LocList>
</BasicStmnt>
</StmntSeq>
</Branch>
<Branch CovItemId="B74" CovItemPrefix="csse376_puerto_rico.GameBoardGUI.java" Implct="false" Intrnl_Id="1096">
<Cond>
<Loc EndOffset="16071" SrcFileId="7" StartOffset="16067"/>
</Cond>
<LocList>
<Loc EndOffset="16368" SrcFileId="7" StartOffset="16072"/>
</LocList>
<StmntSeq Intrnl_Id="1097">
<LocList>
<Loc EndOffset="16368" SrcFileId="7" StartOffset="16072"/>
</LocList>
<CondStmnt CovItemId="S223" CovItemPrefix="csse376_puerto_rico.GameBoardGUI.java" Intrnl_Id="1098">
<Branch CovItemId="B75" CovItemPrefix="csse376_puerto_rico.GameBoardGUI.java" Implct="false" Intrnl_Id="1099">
<Cond/>
<LocList>
<Loc EndOffset="16215" SrcFileId="7" StartOffset="16112"/>
</LocList>
<StmntSeq Intrnl_Id="1100">
<LocList>
<Loc EndOffset="16168" SrcFileId="7" StartOffset="16121"/>
<Loc EndOffset="16207" SrcFileId="7" StartOffset="16176"/>
</LocList>
<BasicStmnt CovItemId="S224" CovItemPrefix="csse376_puerto_rico.GameBoardGUI.java" Intrnl_Id="1101">
<LocList>
<Loc EndOffset="16168" SrcFileId="7" StartOffset="16121"/>
</LocList>
</BasicStmnt>
<BasicStmnt CovItemId="S225" CovItemPrefix="csse376_puerto_rico.GameBoardGUI.java" Intrnl_Id="1102">
<LocList>
<Loc EndOffset="16207" SrcFileId="7" StartOffset="16176"/>
</LocList>
</BasicStmnt>
</StmntSeq>
</Branch>
<Branch CovItemId="B76" CovItemPrefix="csse376_puerto_rico.GameBoardGUI.java" Implct="false" Intrnl_Id="1103">
<Cond>
<Loc EndOffset="16220" SrcFileId="7" StartOffset="16216"/>
</Cond>
<LocList>
<Loc EndOffset="16368" SrcFileId="7" StartOffset="16221"/>
</LocList>
<StmntSeq Intrnl_Id="1104">
<LocList>
<Loc EndOffset="16368" SrcFileId="7" StartOffset="16221"/>
</LocList>
<CondStmnt CovItemId="S226" CovItemPrefix="csse376_puerto_rico.GameBoardGUI.java" Intrnl_Id="1105">
<Branch CovItemId="B77" CovItemPrefix="csse376_puerto_rico.GameBoardGUI.java" Implct="false" Intrnl_Id="1106">
<Cond/>
<LocList>
<Loc EndOffset="16368" SrcFileId="7" StartOffset="16263"/>
</LocList>
<StmntSeq Intrnl_Id="1107">
<LocList>
<Loc EndOffset="16319" SrcFileId="7" StartOffset="16272"/>
<Loc EndOffset="16360" SrcFileId="7" StartOffset="16327"/>
</LocList>
<BasicStmnt CovItemId="S227" CovItemPrefix="csse376_puerto_rico.GameBoardGUI.java" Intrnl_Id="1108">
<LocList>
<Loc EndOffset="16319" SrcFileId="7" StartOffset="16272"/>
</LocList>
</BasicStmnt>
<BasicStmnt CovItemId="S228" CovItemPrefix="csse376_puerto_rico.GameBoardGUI.java" Intrnl_Id="1109">
<LocList>
<Loc EndOffset="16360" SrcFileId="7" StartOffset="16327"/>
</LocList>
</BasicStmnt>
</StmntSeq>
</Branch>
<Branch CovItemId="B78" CovItemPrefix="csse376_puerto_rico.GameBoardGUI.java" Implct="true" Intrnl_Id="1110">
<Cond/>
<LocList/>
<StmntSeq Intrnl_Id="1111">
<LocList/>
</StmntSeq>
</Branch>
<Keyword EndOffset="16223" SrcFileId="7" StartOffset="16221"/>
<LocList>
<Loc EndOffset="16368" SrcFileId="7" StartOffset="16221"/>
</LocList>
<RootTerm CovItemId="C50" CovItemPrefix="csse376_puerto_rico.GameBoardGUI.java" Intrnl_Id="1112">
<BasicBoolTerm Intrnl_Id="1113">
<LocList>
<Loc EndOffset="16261" SrcFileId="7" StartOffset="16225"/>
</LocList>
</BasicBoolTerm>
</RootTerm>
</CondStmnt>
</StmntSeq>
</Branch>
<Keyword EndOffset="16074" SrcFileId="7" StartOffset="16072"/>
<LocList>
<Loc EndOffset="16368" SrcFileId="7" StartOffset="16072"/>
</LocList>
<RootTerm CovItemId="C49" CovItemPrefix="csse376_puerto_rico.GameBoardGUI.java" Intrnl_Id="1114">
<BasicBoolTerm Intrnl_Id="1115">
<LocList>
<Loc EndOffset="16110" SrcFileId="7" StartOffset="16076"/>
</LocList>
</BasicBoolTerm>
</RootTerm>
</CondStmnt>
</StmntSeq>
</Branch>
<Keyword EndOffset="15923" SrcFileId="7" StartOffset="15921"/>
<LocList>
<Loc EndOffset="16368" SrcFileId="7" StartOffset="15921"/>
</LocList>
<RootTerm CovItemId="C48" CovItemPrefix="csse376_puerto_rico.GameBoardGUI.java" Intrnl_Id="1116">
<BasicBoolTerm Intrnl_Id="1117">
<LocList>
<Loc EndOffset="15960" SrcFileId="7" StartOffset="15925"/>
</LocList>
</BasicBoolTerm>
</RootTerm>
</CondStmnt>
</StmntSeq>
</Branch>
<Keyword EndOffset="15831" SrcFileId="7" StartOffset="15829"/>
<LocList>
<Loc EndOffset="16368" SrcFileId="7" StartOffset="15829"/>
</LocList>
<RootTerm CovItemId="C47" CovItemPrefix="csse376_puerto_rico.GameBoardGUI.java" Intrnl_Id="1118">
<BasicBoolTerm Intrnl_Id="1119">
<LocList>
<Loc EndOffset="15866" SrcFileId="7" StartOffset="15833"/>
</LocList>
</BasicBoolTerm>
</RootTerm>
</CondStmnt>
</StmntSeq>
</Branch>
<Keyword EndOffset="15680" SrcFileId="7" StartOffset="15678"/>
<LocList>
<Loc EndOffset="16368" SrcFileId="7" StartOffset="15678"/>
</LocList>
<RootTerm CovItemId="C46" CovItemPrefix="csse376_puerto_rico.GameBoardGUI.java" Intrnl_Id="1120">
<BasicBoolTerm Intrnl_Id="1121">
<LocList>
<Loc EndOffset="15717" SrcFileId="7" StartOffset="15682"/>
</LocList>
</BasicBoolTerm>
</RootTerm>
</CondStmnt>
</StmntSeq>
</Branch>
<Branch CovItemId="B68" CovItemPrefix="csse376_puerto_rico.GameBoardGUI.java" Implct="true" Intrnl_Id="1122">
<Cond/>
<LocList/>
<StmntSeq Intrnl_Id="1123">
<LocList/>
</StmntSeq>
</Branch>
<Keyword EndOffset="15642" SrcFileId="7" StartOffset="15640"/>
<LocList>
<Loc EndOffset="16375" SrcFileId="7" StartOffset="15640"/>
</LocList>
<RootTerm CovItemId="C45" CovItemPrefix="csse376_puerto_rico.GameBoardGUI.java" Intrnl_Id="1124">
<BasicBoolTerm Intrnl_Id="1125">
<LocList>
<Loc EndOffset="15668" SrcFileId="7" StartOffset="15644"/>
</LocList>
</BasicBoolTerm>
</RootTerm>
</CondStmnt>
<BasicStmnt CovItemId="S229" CovItemPrefix="csse376_puerto_rico.GameBoardGUI.java" Intrnl_Id="1126">
<LocList>
<Loc EndOffset="16502" SrcFileId="7" StartOffset="16476"/>
</LocList>
</BasicStmnt>
<BasicStmnt CovItemId="S230" CovItemPrefix="csse376_puerto_rico.GameBoardGUI.java" Intrnl_Id="1127">
<LocList>
<Loc EndOffset="16549" SrcFileId="7" StartOffset="16508"/>
</LocList>
</BasicStmnt>
</StmntSeq>
<Keyword EndOffset="14608" SrcFileId="7" StartOffset="14605"/>
<LocList>
<Loc EndOffset="16557" SrcFileId="7" StartOffset="14605"/>
</LocList>
<RootTerm CovItemId="C40" CovItemPrefix="csse376_puerto_rico.GameBoardGUI.java" Intrnl_Id="1128">
<BasicBoolTerm Intrnl_Id="1129">
<LocList>
<Loc EndOffset="14639" SrcFileId="7" StartOffset="14621"/>
</LocList>
</BasicBoolTerm>
</RootTerm>
</LoopStmnt>
</StmntSeq>
</Branch>
<Branch CovItemId="B58" CovItemPrefix="csse376_puerto_rico.GameBoardGUI.java" Implct="false" Intrnl_Id="1130">
<Cond>
<Loc EndOffset="16567" SrcFileId="7" StartOffset="16563"/>
</Cond>
<LocList>
<Loc EndOffset="22681" SrcFileId="7" StartOffset="16568"/>
</LocList>
<StmntSeq Intrnl_Id="1131">
<LocList>
<Loc EndOffset="22681" SrcFileId="7" StartOffset="16568"/>
</LocList>
<CondStmnt CovItemId="S231" CovItemPrefix="csse376_puerto_rico.GameBoardGUI.java" Intrnl_Id="1132">
<Branch CovItemId="B79" CovItemPrefix="csse376_puerto_rico.GameBoardGUI.java" Implct="false" Intrnl_Id="1133">
<Cond/>
<LocList>
<Loc EndOffset="22557" SrcFileId="7" StartOffset="16606"/>
</LocList>
<StmntSeq Intrnl_Id="1134">
<LocList>
<Loc EndOffset="18692" SrcFileId="7" StartOffset="16614"/>
<Loc EndOffset="18776" SrcFileId="7" StartOffset="18697"/>
<Loc EndOffset="22550" SrcFileId="7" StartOffset="18804"/>
</LocList>
<LoopStmnt CovItemId="S232" CovItemPrefix="csse376_puerto_rico.GameBoardGUI.java" Intrnl_Id="1135" MltplExecId="L14-2" MltplExecPrefix="csse376_puerto_rico.GameBoardGUI.java" NvrExecId="L14-0" NvrExecPrefix="csse376_puerto_rico.GameBoardGUI.java" OnceExecutedId="L14-1" OnceExecutedPrefix="csse376_puerto_rico.GameBoardGUI.java" OptBodyExec="true">
<StmntSeq Intrnl_Id="1136">
<LocList>
<Loc EndOffset="16687" SrcFileId="7" StartOffset="16657"/>
<Loc EndOffset="18570" SrcFileId="7" StartOffset="16693"/>
<Loc EndOffset="18603" SrcFileId="7" StartOffset="18578"/>
<Loc EndOffset="18637" SrcFileId="7" StartOffset="18611"/>
<Loc EndOffset="18684" SrcFileId="7" StartOffset="18643"/>
</LocList>
<BasicStmnt CovItemId="S233" CovItemPrefix="csse376_puerto_rico.GameBoardGUI.java" Intrnl_Id="1137">
<LocList>
<Loc EndOffset="16687" SrcFileId="7" StartOffset="16657"/>
</LocList>
</BasicStmnt>
<CondStmnt CovItemId="S234" CovItemPrefix="csse376_puerto_rico.GameBoardGUI.java" Intrnl_Id="1138">
<Branch CovItemId="B81" CovItemPrefix="csse376_puerto_rico.GameBoardGUI.java" Implct="false" Intrnl_Id="1139">
<Cond/>
<LocList>
<Loc EndOffset="18570" SrcFileId="7" StartOffset="16732"/>
</LocList>
<StmntSeq Intrnl_Id="1140">
<LocList>
<Loc EndOffset="16793" SrcFileId="7" StartOffset="16740"/>
<Loc EndOffset="16943" SrcFileId="7" StartOffset="16800"/>
<Loc EndOffset="16975" SrcFileId="7" StartOffset="16950"/>
<Loc EndOffset="17022" SrcFileId="7" StartOffset="16984"/>
<Loc EndOffset="18563" SrcFileId="7" StartOffset="17029"/>
</LocList>
<BasicStmnt CovItemId="S235" CovItemPrefix="csse376_puerto_rico.GameBoardGUI.java" Intrnl_Id="1141">
<LocList>
<Loc EndOffset="16793" SrcFileId="7" StartOffset="16740"/>
</LocList>
</BasicStmnt>
<LoopStmnt CovItemId="S236" CovItemPrefix="csse376_puerto_rico.GameBoardGUI.java" Intrnl_Id="1142" MltplExecId="L15-2" MltplExecPrefix="csse376_puerto_rico.GameBoardGUI.java" NvrExecId="L15-0" NvrExecPrefix="csse376_puerto_rico.GameBoardGUI.java" OnceExecutedId="L15-1" OnceExecutedPrefix="csse376_puerto_rico.GameBoardGUI.java" OptBodyExec="true">
<StmntSeq Intrnl_Id="1143">
<LocList>
<Loc EndOffset="16881" SrcFileId="7" StartOffset="16847"/>
<Loc EndOffset="16935" SrcFileId="7" StartOffset="16889"/>
</LocList>
<BasicStmnt CovItemId="S237" CovItemPrefix="csse376_puerto_rico.GameBoardGUI.java" Intrnl_Id="1144">
<LocList>
<Loc EndOffset="16881" SrcFileId="7" StartOffset="16847"/>
</LocList>
</BasicStmnt>
<CondStmnt CovItemId="S238" CovItemPrefix="csse376_puerto_rico.GameBoardGUI.java" Intrnl_Id="1145">
<Branch CovItemId="B83" CovItemPrefix="csse376_puerto_rico.GameBoardGUI.java" Implct="false" Intrnl_Id="1146">
<Cond/>
<LocList>
<Loc EndOffset="16935" SrcFileId="7" StartOffset="16900"/>
</LocList>
<StmntSeq Intrnl_Id="1147">
<LocList>
<Loc EndOffset="16926" SrcFileId="7" StartOffset="16910"/>
</LocList>
<BasicStmnt CovItemId="S239" CovItemPrefix="csse376_puerto_rico.GameBoardGUI.java" Intrnl_Id="1148">
<LocList>
<Loc EndOffset="16926" SrcFileId="7" StartOffset="16910"/>
</LocList>
</BasicStmnt>
</StmntSeq>
</Branch>
<Branch CovItemId="B84" CovItemPrefix="csse376_puerto_rico.GameBoardGUI.java" Implct="true" Intrnl_Id="1149">
<Cond/>
<LocList/>
<StmntSeq Intrnl_Id="1150">
<LocList/>
</StmntSeq>
</Branch>
<Keyword EndOffset="16891" SrcFileId="7" StartOffset="16889"/>
<LocList>
<Loc EndOffset="16935" SrcFileId="7" StartOffset="16889"/>
</LocList>
<RootTerm CovItemId="C54" CovItemPrefix="csse376_puerto_rico.GameBoardGUI.java" Intrnl_Id="1151">
<BasicBoolTerm Intrnl_Id="1152">
<LocList>
<Loc EndOffset="16898" SrcFileId="7" StartOffset="16893"/>
</LocList>
</BasicBoolTerm>
</RootTerm>
</CondStmnt>
</StmntSeq>
<Keyword EndOffset="16803" SrcFileId="7" StartOffset="16800"/>
<LocList>
<Loc EndOffset="16943" SrcFileId="7" StartOffset="16800"/>
</LocList>
</LoopStmnt>
<BasicStmnt CovItemId="S240" CovItemPrefix="csse376_puerto_rico.GameBoardGUI.java" Intrnl_Id="1153">
<LocList>
<Loc EndOffset="16975" SrcFileId="7" StartOffset="16950"/>
</LocList>
</BasicStmnt>
<BasicStmnt CovItemId="S241" CovItemPrefix="csse376_puerto_rico.GameBoardGUI.java" Intrnl_Id="1154">
<LocList>
<Loc EndOffset="17022" SrcFileId="7" StartOffset="16984"/>
</LocList>
</BasicStmnt>
<LoopStmnt CovItemId="S242" CovItemPrefix="csse376_puerto_rico.GameBoardGUI.java" Intrnl_Id="1155" MltplExecId="L16-2" MltplExecPrefix="csse376_puerto_rico.GameBoardGUI.java" NvrExecId="L16-0" NvrExecPrefix="csse376_puerto_rico.GameBoardGUI.java" OnceExecutedId="L16-1" OnceExecutedPrefix="csse376_puerto_rico.GameBoardGUI.java" OptBodyExec="true">
<StmntSeq Intrnl_Id="1156">
<LocList>
<Loc EndOffset="17314" SrcFileId="7" StartOffset="17056"/>
<Loc EndOffset="17361" SrcFileId="7" StartOffset="17324"/>
<Loc EndOffset="17388" SrcFileId="7" StartOffset="17369"/>
<Loc EndOffset="17415" SrcFileId="7" StartOffset="17396"/>
<Loc EndOffset="17442" SrcFileId="7" StartOffset="17423"/>
<Loc EndOffset="17489" SrcFileId="7" StartOffset="17452"/>
<Loc EndOffset="17788" SrcFileId="7" StartOffset="17497"/>
<Loc EndOffset="17839" SrcFileId="7" StartOffset="17796"/>
<Loc EndOffset="17898" SrcFileId="7" StartOffset="17847"/>
<Loc EndOffset="18015" SrcFileId="7" StartOffset="17908"/>
<Loc EndOffset="18555" SrcFileId="7" StartOffset="18023"/>
</LocList>
<BasicStmnt CovItemId="S243" CovItemPrefix="csse376_puerto_rico.GameBoardGUI.java" Intrnl_Id="1157">
<LocList>
<Loc EndOffset="17314" SrcFileId="7" StartOffset="17056"/>
</LocList>
</BasicStmnt>
<BasicStmnt CovItemId="S244" CovItemPrefix="csse376_puerto_rico.GameBoardGUI.java" Intrnl_Id="1158">
<LocList>
<Loc EndOffset="17361" SrcFileId="7" StartOffset="17324"/>
</LocList>
</BasicStmnt>
<BasicStmnt CovItemId="S245" CovItemPrefix="csse376_puerto_rico.GameBoardGUI.java" Intrnl_Id="1159">
<LocList>
<Loc EndOffset="17388" SrcFileId="7" StartOffset="17369"/>
</LocList>
</BasicStmnt>
<BasicStmnt CovItemId="S246" CovItemPrefix="csse376_puerto_rico.GameBoardGUI.java" Intrnl_Id="1160">
<LocList>
<Loc EndOffset="17415" SrcFileId="7" StartOffset="17396"/>
</LocList>
</BasicStmnt>
<BasicStmnt CovItemId="S247" CovItemPrefix="csse376_puerto_rico.GameBoardGUI.java" Intrnl_Id="1161">
<LocList>
<Loc EndOffset="17442" SrcFileId="7" StartOffset="17423"/>
</LocList>
</BasicStmnt>
<BasicStmnt CovItemId="S248" CovItemPrefix="csse376_puerto_rico.GameBoardGUI.java" Intrnl_Id="1162">
<LocList>
<Loc EndOffset="17489" SrcFileId="7" StartOffset="17452"/>
</LocList>
</BasicStmnt>
<BasicStmnt CovItemId="S249" CovItemPrefix="csse376_puerto_rico.GameBoardGUI.java" Intrnl_Id="1163">
<LocList>
<Loc EndOffset="17788" SrcFileId="7" StartOffset="17497"/>
</LocList>
</BasicStmnt>
<BasicStmnt CovItemId="S250" CovItemPrefix="csse376_puerto_rico.GameBoardGUI.java" Intrnl_Id="1164">
<LocList>
<Loc EndOffset="17839" SrcFileId="7" StartOffset="17796"/>
</LocList>
</BasicStmnt>
<BasicStmnt CovItemId="S251" CovItemPrefix="csse376_puerto_rico.GameBoardGUI.java" Intrnl_Id="1165">
<LocList>
<Loc EndOffset="17898" SrcFileId="7" StartOffset="17847"/>
</LocList>
</BasicStmnt>
<BasicStmnt CovItemId="S252" CovItemPrefix="csse376_puerto_rico.GameBoardGUI.java" Intrnl_Id="1166">
<LocList>
<Loc EndOffset="18015" SrcFileId="7" StartOffset="17908"/>
</LocList>
</BasicStmnt>
<CondStmnt CovItemId="S253" CovItemPrefix="csse376_puerto_rico.GameBoardGUI.java" Intrnl_Id="1167">
<Branch CovItemId="B85" CovItemPrefix="csse376_puerto_rico.GameBoardGUI.java" Implct="false" Intrnl_Id="1168">
<Cond/>
<LocList>
<Loc EndOffset="18455" SrcFileId="7" StartOffset="18044"/>
</LocList>
<StmntSeq Intrnl_Id="1169">
<LocList>
<Loc EndOffset="18091" SrcFileId="7" StartOffset="18054"/>
<Loc EndOffset="18150" SrcFileId="7" StartOffset="18100"/>
<Loc EndOffset="18198" SrcFileId="7" StartOffset="18159"/>
<Loc EndOffset="18292" SrcFileId="7" StartOffset="18207"/>
<Loc EndOffset="18421" SrcFileId="7" StartOffset="18301"/>
<Loc EndOffset="18446" SrcFileId="7" StartOffset="18430"/>
</LocList>
<BasicStmnt CovItemId="S254" CovItemPrefix="csse376_puerto_rico.GameBoardGUI.java" Intrnl_Id="1170">
<LocList>
<Loc EndOffset="18091" SrcFileId="7" StartOffset="18054"/>
</LocList>
</BasicStmnt>
<BasicStmnt CovItemId="S255" CovItemPrefix="csse376_puerto_rico.GameBoardGUI.java" Intrnl_Id="1171">
<LocList>
<Loc EndOffset="18150" SrcFileId="7" StartOffset="18100"/>
</LocList>
</BasicStmnt>
<BasicStmnt CovItemId="S256" CovItemPrefix="csse376_puerto_rico.GameBoardGUI.java" Intrnl_Id="1172">
<LocList>
<Loc EndOffset="18198" SrcFileId="7" StartOffset="18159"/>
</LocList>
</BasicStmnt>
<BasicStmnt CovItemId="S257" CovItemPrefix="csse376_puerto_rico.GameBoardGUI.java" Intrnl_Id="1173">
<LocList>
<Loc EndOffset="18292" SrcFileId="7" StartOffset="18207"/>
</LocList>
</BasicStmnt>
<CondStmnt CovItemId="S258" CovItemPrefix="csse376_puerto_rico.GameBoardGUI.java" Intrnl_Id="1174">
<Branch CovItemId="B87" CovItemPrefix="csse376_puerto_rico.GameBoardGUI.java" Implct="false" Intrnl_Id="1175">
<Cond/>
<LocList>
<Loc EndOffset="18421" SrcFileId="7" StartOffset="18344"/>
</LocList>
<StmntSeq Intrnl_Id="1176">
<LocList>
<Loc EndOffset="18375" SrcFileId="7" StartOffset="18355"/>
<Loc EndOffset="18411" SrcFileId="7" StartOffset="18385"/>
</LocList>
<BasicStmnt CovItemId="S259" CovItemPrefix="csse376_puerto_rico.GameBoardGUI.java" Intrnl_Id="1177">
<LocList>
<Loc EndOffset="18375" SrcFileId="7" StartOffset="18355"/>
</LocList>
</BasicStmnt>
<BasicStmnt CovItemId="S260" CovItemPrefix="csse376_puerto_rico.GameBoardGUI.java" Intrnl_Id="1178">
<LocList>
<Loc EndOffset="18411" SrcFileId="7" StartOffset="18385"/>
</LocList>
</BasicStmnt>
</StmntSeq>
</Branch>
<Branch CovItemId="B88" CovItemPrefix="csse376_puerto_rico.GameBoardGUI.java" Implct="true" Intrnl_Id="1179">
<Cond/>
<LocList/>
<StmntSeq Intrnl_Id="1180">
<LocList/>
</StmntSeq>
</Branch>
<Keyword EndOffset="18303" SrcFileId="7" StartOffset="18301"/>
<LocList>
<Loc EndOffset="18421" SrcFileId="7" StartOffset="18301"/>
</LocList>
<RootTerm CovItemId="C57" CovItemPrefix="csse376_puerto_rico.GameBoardGUI.java" Intrnl_Id="1181">
<BasicBoolTerm Intrnl_Id="1182">
<LocList>
<Loc EndOffset="18342" SrcFileId="7" StartOffset="18305"/>
</LocList>
</BasicBoolTerm>
</RootTerm>
</CondStmnt>
<BasicStmnt CovItemId="S261" CovItemPrefix="csse376_puerto_rico.GameBoardGUI.java" Intrnl_Id="1183">
<LocList>
<Loc EndOffset="18446" SrcFileId="7" StartOffset="18430"/>
</LocList>
</BasicStmnt>
</StmntSeq>
</Branch>
<Branch CovItemId="B86" CovItemPrefix="csse376_puerto_rico.GameBoardGUI.java" Implct="false" Intrnl_Id="1184">
<Cond>
<Loc EndOffset="18460" SrcFileId="7" StartOffset="18456"/>
</Cond>
<LocList>
<Loc EndOffset="18555" SrcFileId="7" StartOffset="18461"/>
</LocList>
<StmntSeq Intrnl_Id="1185">
<LocList>
<Loc EndOffset="18546" SrcFileId="7" StartOffset="18471"/>
</LocList>
<BasicStmnt CovItemId="S262" CovItemPrefix="csse376_puerto_rico.GameBoardGUI.java" Intrnl_Id="1186">
<LocList>
<Loc EndOffset="18546" SrcFileId="7" StartOffset="18471"/>
</LocList>
</BasicStmnt>
</StmntSeq>
</Branch>
<Keyword EndOffset="18025" SrcFileId="7" StartOffset="18023"/>
<LocList>
<Loc EndOffset="18555" SrcFileId="7" StartOffset="18023"/>
</LocList>
<RootTerm CovItemId="C56" CovItemPrefix="csse376_puerto_rico.GameBoardGUI.java" Intrnl_Id="1187">
<BasicBoolTerm Intrnl_Id="1188">
<LocList>
<Loc EndOffset="18042" SrcFileId="7" StartOffset="18027"/>
</LocList>
</BasicBoolTerm>
</RootTerm>
</CondStmnt>
</StmntSeq>
<Keyword EndOffset="17034" SrcFileId="7" StartOffset="17029"/>
<LocList>
<Loc EndOffset="18563" SrcFileId="7" StartOffset="17029"/>
</LocList>
<RootTerm CovItemId="C55" CovItemPrefix="csse376_puerto_rico.GameBoardGUI.java" Intrnl_Id="1189">
<OpTerm BooleanOpId="11" Intrnl_Id="1190">
<BasicBoolTerm Intrnl_Id="1191">
<LocList>
<Loc EndOffset="17045" SrcFileId="7" StartOffset="17037"/>
</LocList>
</BasicBoolTerm>
<LocList>
<Loc EndOffset="17037" SrcFileId="7" StartOffset="17036"/>
</LocList>
</OpTerm>
</RootTerm>
</LoopStmnt>
</StmntSeq>
</Branch>
<Branch CovItemId="B82" CovItemPrefix="csse376_puerto_rico.GameBoardGUI.java" Implct="true" Intrnl_Id="1192">
<Cond/>
<LocList/>
<StmntSeq Intrnl_Id="1193">
<LocList/>
</StmntSeq>
</Branch>
<Keyword EndOffset="16695" SrcFileId="7" StartOffset="16693"/>
<LocList>
<Loc EndOffset="18570" SrcFileId="7" StartOffset="16693"/>
</LocList>
<RootTerm CovItemId="C53" CovItemPrefix="csse376_puerto_rico.GameBoardGUI.java" Intrnl_Id="1194">
<BasicBoolTerm Intrnl_Id="1195">
<LocList>
<Loc EndOffset="16730" SrcFileId="7" StartOffset="16697"/>
</LocList>
</BasicBoolTerm>
</RootTerm>
</CondStmnt>
<BasicStmnt CovItemId="S263" CovItemPrefix="csse376_puerto_rico.GameBoardGUI.java" Intrnl_Id="1196">
<LocList>
<Loc EndOffset="18603" SrcFileId="7" StartOffset="18578"/>
</LocList>
</BasicStmnt>
<BasicStmnt CovItemId="S264" CovItemPrefix="csse376_puerto_rico.GameBoardGUI.java" Intrnl_Id="1197">
<LocList>
<Loc EndOffset="18637" SrcFileId="7" StartOffset="18611"/>
</LocList>
</BasicStmnt>
<BasicStmnt CovItemId="S265" CovItemPrefix="csse376_puerto_rico.GameBoardGUI.java" Intrnl_Id="1198">
<LocList>
<Loc EndOffset="18684" SrcFileId="7" StartOffset="18643"/>
</LocList>
</BasicStmnt>
</StmntSeq>
<Keyword EndOffset="16619" SrcFileId="7" StartOffset="16614"/>
<LocList>
<Loc EndOffset="18692" SrcFileId="7" StartOffset="16614"/>
</LocList>
<RootTerm CovItemId="C52" CovItemPrefix="csse376_puerto_rico.GameBoardGUI.java" Intrnl_Id="1199">
<BasicBoolTerm Intrnl_Id="1200">
<LocList>
<Loc EndOffset="16648" SrcFileId="7" StartOffset="16621"/>
</LocList>
</BasicBoolTerm>
</RootTerm>
</LoopStmnt>
<CondStmnt CovItemId="S266" CovItemPrefix="csse376_puerto_rico.GameBoardGUI.java" Intrnl_Id="1201">
<Branch CovItemId="B89" CovItemPrefix="csse376_puerto_rico.GameBoardGUI.java" Implct="false" Intrnl_Id="1202">
<Cond/>
<LocList>
<Loc EndOffset="18776" SrcFileId="7" StartOffset="18731"/>
</LocList>
<StmntSeq Intrnl_Id="1203">
<LocList>
<Loc EndOffset="18770" SrcFileId="7" StartOffset="18738"/>
</LocList>
<BasicStmnt CovItemId="S267" CovItemPrefix="csse376_puerto_rico.GameBoardGUI.java" Intrnl_Id="1204">
<LocList>
<Loc EndOffset="18770" SrcFileId="7" StartOffset="18738"/>
</LocList>
</BasicStmnt>
</StmntSeq>
</Branch>
<Branch CovItemId="B90" CovItemPrefix="csse376_puerto_rico.GameBoardGUI.java" Implct="true" Intrnl_Id="1205">
<Cond/>
<LocList/>
<StmntSeq Intrnl_Id="1206">
<LocList/>
</StmntSeq>
</Branch>
<Keyword EndOffset="18699" SrcFileId="7" StartOffset="18697"/>
<LocList>
<Loc EndOffset="18776" SrcFileId="7" StartOffset="18697"/>
</LocList>
<RootTerm CovItemId="C58" CovItemPrefix="csse376_puerto_rico.GameBoardGUI.java" Intrnl_Id="1207">
<BasicBoolTerm Intrnl_Id="1208">
<LocList>
<Loc EndOffset="18729" SrcFileId="7" StartOffset="18701"/>
</LocList>
</BasicBoolTerm>
</RootTerm>
</CondStmnt>
<LoopStmnt CovItemId="S268" CovItemPrefix="csse376_puerto_rico.GameBoardGUI.java" Intrnl_Id="1209" MltplExecId="L17-2" MltplExecPrefix="csse376_puerto_rico.GameBoardGUI.java" NvrExecId="L17-0" NvrExecPrefix="csse376_puerto_rico.GameBoardGUI.java" OnceExecutedId="L17-1" OnceExecutedPrefix="csse376_puerto_rico.GameBoardGUI.java" OptBodyExec="true">
<StmntSeq Intrnl_Id="1210">
<LocList>
<Loc EndOffset="18882" SrcFileId="7" StartOffset="18852"/>
<Loc EndOffset="18943" SrcFileId="7" StartOffset="18890"/>
<Loc EndOffset="19087" SrcFileId="7" StartOffset="18949"/>
<Loc EndOffset="19117" SrcFileId="7" StartOffset="19093"/>
<Loc EndOffset="19161" SrcFileId="7" StartOffset="19123"/>
<Loc EndOffset="19223" SrcFileId="7" StartOffset="19169"/>
<Loc EndOffset="19471" SrcFileId="7" StartOffset="19229"/>
<Loc EndOffset="19640" SrcFileId="7" StartOffset="19479"/>
<Loc EndOffset="21462" SrcFileId="7" StartOffset="19648"/>
<Loc EndOffset="22361" SrcFileId="7" StartOffset="21468"/>
<Loc EndOffset="22432" SrcFileId="7" StartOffset="22369"/>
<Loc EndOffset="22465" SrcFileId="7" StartOffset="22440"/>
<Loc EndOffset="22497" SrcFileId="7" StartOffset="22471"/>
<Loc EndOffset="22544" SrcFileId="7" StartOffset="22503"/>
</LocList>
<BasicStmnt CovItemId="S269" CovItemPrefix="csse376_puerto_rico.GameBoardGUI.java" Intrnl_Id="1211">
<LocList>
<Loc EndOffset="18882" SrcFileId="7" StartOffset="18852"/>
</LocList>
</BasicStmnt>
<BasicStmnt CovItemId="S270" CovItemPrefix="csse376_puerto_rico.GameBoardGUI.java" Intrnl_Id="1212">
<LocList>
<Loc EndOffset="18943" SrcFileId="7" StartOffset="18890"/>
</LocList>
</BasicStmnt>
<LoopStmnt CovItemId="S271" CovItemPrefix="csse376_puerto_rico.GameBoardGUI.java" Intrnl_Id="1213" MltplExecId="L18-2" MltplExecPrefix="csse376_puerto_rico.GameBoardGUI.java" NvrExecId="L18-0" NvrExecPrefix="csse376_puerto_rico.GameBoardGUI.java" OnceExecutedId="L18-1" OnceExecutedPrefix="csse376_puerto_rico.GameBoardGUI.java" OptBodyExec="true">
<StmntSeq Intrnl_Id="1214">
<LocList>
<Loc EndOffset="19029" SrcFileId="7" StartOffset="18995"/>
<Loc EndOffset="19080" SrcFileId="7" StartOffset="19036"/>
</LocList>
<BasicStmnt CovItemId="S272" CovItemPrefix="csse376_puerto_rico.GameBoardGUI.java" Intrnl_Id="1215">
<LocList>
<Loc EndOffset="19029" SrcFileId="7" StartOffset="18995"/>
</LocList>
</BasicStmnt>
<CondStmnt CovItemId="S273" CovItemPrefix="csse376_puerto_rico.GameBoardGUI.java" Intrnl_Id="1216">
<Branch CovItemId="B91" CovItemPrefix="csse376_puerto_rico.GameBoardGUI.java" Implct="false" Intrnl_Id="1217">
<Cond/>
<LocList>
<Loc EndOffset="19080" SrcFileId="7" StartOffset="19047"/>
</LocList>
<StmntSeq Intrnl_Id="1218">
<LocList>
<Loc EndOffset="19072" SrcFileId="7" StartOffset="19056"/>
</LocList>
<BasicStmnt CovItemId="S274" CovItemPrefix="csse376_puerto_rico.GameBoardGUI.java" Intrnl_Id="1219">
<LocList>
<Loc EndOffset="19072" SrcFileId="7" StartOffset="19056"/>
</LocList>
</BasicStmnt>
</StmntSeq>
</Branch>
<Branch CovItemId="B92" CovItemPrefix="csse376_puerto_rico.GameBoardGUI.java" Implct="true" Intrnl_Id="1220">
<Cond/>
<LocList/>
<StmntSeq Intrnl_Id="1221">
<LocList/>
</StmntSeq>
</Branch>
<Keyword EndOffset="19038" SrcFileId="7" StartOffset="19036"/>
<LocList>
<Loc EndOffset="19080" SrcFileId="7" StartOffset="19036"/>
</LocList>
<RootTerm CovItemId="C60" CovItemPrefix="csse376_puerto_rico.GameBoardGUI.java" Intrnl_Id="1222">
<BasicBoolTerm Intrnl_Id="1223">
<LocList>
<Loc EndOffset="19045" SrcFileId="7" StartOffset="19040"/>
</LocList>
</BasicBoolTerm>
</RootTerm>
</CondStmnt>
</StmntSeq>
<Keyword EndOffset="18952" SrcFileId="7" StartOffset="18949"/>
<LocList>
<Loc EndOffset="19087" SrcFileId="7" StartOffset="18949"/>
</LocList>
</LoopStmnt>
<BasicStmnt CovItemId="S275" CovItemPrefix="csse376_puerto_rico.GameBoardGUI.java" Intrnl_Id="1224">
<LocList>
<Loc EndOffset="19117" SrcFileId="7" StartOffset="19093"/>
</LocList>
</BasicStmnt>
<BasicStmnt CovItemId="S276" CovItemPrefix="csse376_puerto_rico.GameBoardGUI.java" Intrnl_Id="1225">
<LocList>
<Loc EndOffset="19161" SrcFileId="7" StartOffset="19123"/>
</LocList>
</BasicStmnt>
<BasicStmnt CovItemId="S277" CovItemPrefix="csse376_puerto_rico.GameBoardGUI.java" Intrnl_Id="1226">
<LocList>
<Loc EndOffset="19223" SrcFileId="7" StartOffset="19169"/>
</LocList>
</BasicStmnt>
<BasicStmnt CovItemId="S278" CovItemPrefix="csse376_puerto_rico.GameBoardGUI.java" Intrnl_Id="1227">
<LocList>
<Loc EndOffset="19471" SrcFileId="7" StartOffset="19229"/>
</LocList>
</BasicStmnt>
<CondStmnt CovItemId="S279" CovItemPrefix="csse376_puerto_rico.GameBoardGUI.java" Intrnl_Id="1228">
<Branch CovItemId="B93" CovItemPrefix="csse376_puerto_rico.GameBoardGUI.java" Implct="false" Intrnl_Id="1229">
<Cond/>
<LocList>
<Loc EndOffset="19640" SrcFileId="7" StartOffset="19511"/>
</LocList>
<StmntSeq Intrnl_Id="1230">
<LocList>
<Loc EndOffset="19562" SrcFileId="7" StartOffset="19519"/>
<Loc EndOffset="19595" SrcFileId="7" StartOffset="19569"/>
<Loc EndOffset="19633" SrcFileId="7" StartOffset="19602"/>
</LocList>
<BasicStmnt CovItemId="S280" CovItemPrefix="csse376_puerto_rico.GameBoardGUI.java" Intrnl_Id="1231">
<LocList>
<Loc EndOffset="19562" SrcFileId="7" StartOffset="19519"/>
</LocList>
</BasicStmnt>
<BasicStmnt CovItemId="S281" CovItemPrefix="csse376_puerto_rico.GameBoardGUI.java" Intrnl_Id="1232">
<LocList>
<Loc EndOffset="19595" SrcFileId="7" StartOffset="19569"/>
</LocList>
</BasicStmnt>
<BasicStmnt CovItemId="S282" CovItemPrefix="csse376_puerto_rico.GameBoardGUI.java" Intrnl_Id="1233">
<LocList>
<Loc EndOffset="19633" SrcFileId="7" StartOffset="19602"/>
</LocList>
</BasicStmnt>
</StmntSeq>
</Branch>
<Branch CovItemId="B94" CovItemPrefix="csse376_puerto_rico.GameBoardGUI.java" Implct="true" Intrnl_Id="1234">
<Cond/>
<LocList/>
<StmntSeq Intrnl_Id="1235">
<LocList/>
</StmntSeq>
</Branch>
<Keyword EndOffset="19481" SrcFileId="7" StartOffset="19479"/>
<LocList>
<Loc EndOffset="19640" SrcFileId="7" StartOffset="19479"/>
</LocList>
<RootTerm CovItemId="C61" CovItemPrefix="csse376_puerto_rico.GameBoardGUI.java" Intrnl_Id="1236">
<BasicBoolTerm Intrnl_Id="1237">
<LocList>
<Loc EndOffset="19509" SrcFileId="7" StartOffset="19483"/>
</LocList>
</BasicBoolTerm>
</RootTerm>
</CondStmnt>
<CondStmnt CovItemId="S283" CovItemPrefix="csse376_puerto_rico.GameBoardGUI.java" Intrnl_Id="1238">
<Branch CovItemId="B95" CovItemPrefix="csse376_puerto_rico.GameBoardGUI.java" Implct="false" Intrnl_Id="1239">
<Cond/>
<LocList>
<Loc EndOffset="21462" SrcFileId="7" StartOffset="19700"/>
</LocList>
<StmntSeq Intrnl_Id="1240">
<LocList>
<Loc EndOffset="19743" SrcFileId="7" StartOffset="19708"/>
<Loc EndOffset="19893" SrcFileId="7" StartOffset="19750"/>
<Loc EndOffset="19924" SrcFileId="7" StartOffset="19900"/>
<Loc EndOffset="19960" SrcFileId="7" StartOffset="19931"/>
<Loc EndOffset="20227" SrcFileId="7" StartOffset="19967"/>
<Loc EndOffset="20575" SrcFileId="7" StartOffset="20234"/>
<Loc EndOffset="20617" SrcFileId="7" StartOffset="20582"/>
<Loc EndOffset="20767" SrcFileId="7" StartOffset="20624"/>
<Loc EndOffset="20798" SrcFileId="7" StartOffset="20774"/>
<Loc EndOffset="20834" SrcFileId="7" StartOffset="20805"/>
<Loc EndOffset="21102" SrcFileId="7" StartOffset="20841"/>
<Loc EndOffset="21455" SrcFileId="7" StartOffset="21111"/>
</LocList>
<BasicStmnt CovItemId="S284" CovItemPrefix="csse376_puerto_rico.GameBoardGUI.java" Intrnl_Id="1241">
<LocList>
<Loc EndOffset="19743" SrcFileId="7" StartOffset="19708"/>
</LocList>
</BasicStmnt>
<LoopStmnt CovItemId="S285" CovItemPrefix="csse376_puerto_rico.GameBoardGUI.java" Intrnl_Id="1242" MltplExecId="L19-2" MltplExecPrefix="csse376_puerto_rico.GameBoardGUI.java" NvrExecId="L19-0" NvrExecPrefix="csse376_puerto_rico.GameBoardGUI.java" OnceExecutedId="L19-1" OnceExecutedPrefix="csse376_puerto_rico.GameBoardGUI.java" OptBodyExec="true">
<StmntSeq Intrnl_Id="1243">
<LocList>
<Loc EndOffset="19831" SrcFileId="7" StartOffset="19797"/>
<Loc EndOffset="19885" SrcFileId="7" StartOffset="19839"/>
</LocList>
<BasicStmnt CovItemId="S286" CovItemPrefix="csse376_puerto_rico.GameBoardGUI.java" Intrnl_Id="1244">
<LocList>
<Loc EndOffset="19831" SrcFileId="7" StartOffset="19797"/>
</LocList>
</BasicStmnt>
<CondStmnt CovItemId="S287" CovItemPrefix="csse376_puerto_rico.GameBoardGUI.java" Intrnl_Id="1245">
<Branch CovItemId="B97" CovItemPrefix="csse376_puerto_rico.GameBoardGUI.java" Implct="false" Intrnl_Id="1246">
<Cond/>
<LocList>
<Loc EndOffset="19885" SrcFileId="7" StartOffset="19850"/>
</LocList>
<StmntSeq Intrnl_Id="1247">
<LocList>
<Loc EndOffset="19876" SrcFileId="7" StartOffset="19860"/>
</LocList>
<BasicStmnt CovItemId="S288" CovItemPrefix="csse376_puerto_rico.GameBoardGUI.java" Intrnl_Id="1248">
<LocList>
<Loc EndOffset="19876" SrcFileId="7" StartOffset="19860"/>
</LocList>
</BasicStmnt>
</StmntSeq>
</Branch>
<Branch CovItemId="B98" CovItemPrefix="csse376_puerto_rico.GameBoardGUI.java" Implct="true" Intrnl_Id="1249">
<Cond/>
<LocList/>
<StmntSeq Intrnl_Id="1250">
<LocList/>
</StmntSeq>
</Branch>
<Keyword EndOffset="19841" SrcFileId="7" StartOffset="19839"/>
<LocList>
<Loc EndOffset="19885" SrcFileId="7" StartOffset="19839"/>
</LocList>
<RootTerm CovItemId="C63" CovItemPrefix="csse376_puerto_rico.GameBoardGUI.java" Intrnl_Id="1251">
<BasicBoolTerm Intrnl_Id="1252">
<LocList>
<Loc EndOffset="19848" SrcFileId="7" StartOffset="19843"/>
</LocList>
</BasicBoolTerm>
</RootTerm>
</CondStmnt>
</StmntSeq>
<Keyword EndOffset="19753" SrcFileId="7" StartOffset="19750"/>
<LocList>
<Loc EndOffset="19893" SrcFileId="7" StartOffset="19750"/>
</LocList>
</LoopStmnt>
<BasicStmnt CovItemId="S289" CovItemPrefix="csse376_puerto_rico.GameBoardGUI.java" Intrnl_Id="1253">
<LocList>
<Loc EndOffset="19924" SrcFileId="7" StartOffset="19900"/>
</LocList>
</BasicStmnt>
<BasicStmnt CovItemId="S290" CovItemPrefix="csse376_puerto_rico.GameBoardGUI.java" Intrnl_Id="1254">
<LocList>
<Loc EndOffset="19960" SrcFileId="7" StartOffset="19931"/>
</LocList>
</BasicStmnt>
<BasicStmnt CovItemId="S291" CovItemPrefix="csse376_puerto_rico.GameBoardGUI.java" Intrnl_Id="1255">
<LocList>
<Loc EndOffset="20227" SrcFileId="7" StartOffset="19967"/>
</LocList>
</BasicStmnt>
<CondStmnt CovItemId="S292" CovItemPrefix="csse376_puerto_rico.GameBoardGUI.java" Intrnl_Id="1256">
<Branch CovItemId="B99" CovItemPrefix="csse376_puerto_rico.GameBoardGUI.java" Implct="false" Intrnl_Id="1257">
<Cond/>
<LocList>
<Loc EndOffset="20575" SrcFileId="7" StartOffset="20271"/>
</LocList>
<StmntSeq Intrnl_Id="1258">
<LocList>
<Loc EndOffset="20328" SrcFileId="7" StartOffset="20280"/>
<Loc EndOffset="20362" SrcFileId="7" StartOffset="20336"/>
<Loc EndOffset="20401" SrcFileId="7" StartOffset="20370"/>
<Loc EndOffset="20500" SrcFileId="7" StartOffset="20409"/>
<Loc EndOffset="20567" SrcFileId="7" StartOffset="20508"/>
</LocList>
<BasicStmnt CovItemId="S293" CovItemPrefix="csse376_puerto_rico.GameBoardGUI.java" Intrnl_Id="1259">
<LocList>
<Loc EndOffset="20328" SrcFileId="7" StartOffset="20280"/>
</LocList>
</BasicStmnt>
<BasicStmnt CovItemId="S294" CovItemPrefix="csse376_puerto_rico.GameBoardGUI.java" Intrnl_Id="1260">
<LocList>
<Loc EndOffset="20362" SrcFileId="7" StartOffset="20336"/>
</LocList>
</BasicStmnt>
<BasicStmnt CovItemId="S295" CovItemPrefix="csse376_puerto_rico.GameBoardGUI.java" Intrnl_Id="1261">
<LocList>
<Loc EndOffset="20401" SrcFileId="7" StartOffset="20370"/>
</LocList>
</BasicStmnt>
<BasicStmnt CovItemId="S296" CovItemPrefix="csse376_puerto_rico.GameBoardGUI.java" Intrnl_Id="1262">
<LocList>
<Loc EndOffset="20500" SrcFileId="7" StartOffset="20409"/>
</LocList>
</BasicStmnt>
<BasicStmnt CovItemId="S297" CovItemPrefix="csse376_puerto_rico.GameBoardGUI.java" Intrnl_Id="1263">
<LocList>
<Loc EndOffset="20567" SrcFileId="7" StartOffset="20508"/>
</LocList>
</BasicStmnt>
</StmntSeq>
</Branch>
<Branch CovItemId="B100" CovItemPrefix="csse376_puerto_rico.GameBoardGUI.java" Implct="true" Intrnl_Id="1264">
<Cond/>
<LocList/>
<StmntSeq Intrnl_Id="1265">
<LocList/>
</StmntSeq>
</Branch>
<Keyword EndOffset="20236" SrcFileId="7" StartOffset="20234"/>
<LocList>
<Loc EndOffset="20575" SrcFileId="7" StartOffset="20234"/>
</LocList>
<RootTerm CovItemId="C64" CovItemPrefix="csse376_puerto_rico.GameBoardGUI.java" Intrnl_Id="1266">
<BasicBoolTerm Intrnl_Id="1267">
<LocList>
<Loc EndOffset="20269" SrcFileId="7" StartOffset="20238"/>
</LocList>
</BasicBoolTerm>
</RootTerm>
</CondStmnt>
<BasicStmnt CovItemId="S298" CovItemPrefix="csse376_puerto_rico.GameBoardGUI.java" Intrnl_Id="1268">
<LocList>
<Loc EndOffset="20617" SrcFileId="7" StartOffset="20582"/>
</LocList>
</BasicStmnt>
<LoopStmnt CovItemId="S299" CovItemPrefix="csse376_puerto_rico.GameBoardGUI.java" Intrnl_Id="1269" MltplExecId="L20-2" MltplExecPrefix="csse376_puerto_rico.GameBoardGUI.java" NvrExecId="L20-0" NvrExecPrefix="csse376_puerto_rico.GameBoardGUI.java" OnceExecutedId="L20-1" OnceExecutedPrefix="csse376_puerto_rico.GameBoardGUI.java" OptBodyExec="true">
<StmntSeq Intrnl_Id="1270">
<LocList>
<Loc EndOffset="20705" SrcFileId="7" StartOffset="20671"/>
<Loc EndOffset="20759" SrcFileId="7" StartOffset="20713"/>
</LocList>
<BasicStmnt CovItemId="S300" CovItemPrefix="csse376_puerto_rico.GameBoardGUI.java" Intrnl_Id="1271">
<LocList>
<Loc EndOffset="20705" SrcFileId="7" StartOffset="20671"/>
</LocList>
</BasicStmnt>
<CondStmnt CovItemId="S301" CovItemPrefix="csse376_puerto_rico.GameBoardGUI.java" Intrnl_Id="1272">
<Branch CovItemId="B101" CovItemPrefix="csse376_puerto_rico.GameBoardGUI.java" Implct="false" Intrnl_Id="1273">
<Cond/>
<LocList>
<Loc EndOffset="20759" SrcFileId="7" StartOffset="20724"/>
</LocList>
<StmntSeq Intrnl_Id="1274">
<LocList>
<Loc EndOffset="20750" SrcFileId="7" StartOffset="20734"/>
</LocList>
<BasicStmnt CovItemId="S302" CovItemPrefix="csse376_puerto_rico.GameBoardGUI.java" Intrnl_Id="1275">
<LocList>
<Loc EndOffset="20750" SrcFileId="7" StartOffset="20734"/>
</LocList>
</BasicStmnt>
</StmntSeq>
</Branch>
<Branch CovItemId="B102" CovItemPrefix="csse376_puerto_rico.GameBoardGUI.java" Implct="true" Intrnl_Id="1276">
<Cond/>
<LocList/>
<StmntSeq Intrnl_Id="1277">
<LocList/>
</StmntSeq>
</Branch>
<Keyword EndOffset="20715" SrcFileId="7" StartOffset="20713"/>
<LocList>
<Loc EndOffset="20759" SrcFileId="7" StartOffset="20713"/>
</LocList>
<RootTerm CovItemId="C65" CovItemPrefix="csse376_puerto_rico.GameBoardGUI.java" Intrnl_Id="1278">
<BasicBoolTerm Intrnl_Id="1279">
<LocList>
<Loc EndOffset="20722" SrcFileId="7" StartOffset="20717"/>
</LocList>
</BasicBoolTerm>
</RootTerm>
</CondStmnt>
</StmntSeq>
<Keyword EndOffset="20627" SrcFileId="7" StartOffset="20624"/>
<LocList>
<Loc EndOffset="20767" SrcFileId="7" StartOffset="20624"/>
</LocList>
</LoopStmnt>
<BasicStmnt CovItemId="S303" CovItemPrefix="csse376_puerto_rico.GameBoardGUI.java" Intrnl_Id="1280">
<LocList>
<Loc EndOffset="20798" SrcFileId="7" StartOffset="20774"/>
</LocList>
</BasicStmnt>
<BasicStmnt CovItemId="S304" CovItemPrefix="csse376_puerto_rico.GameBoardGUI.java" Intrnl_Id="1281">
<LocList>
<Loc EndOffset="20834" SrcFileId="7" StartOffset="20805"/>
</LocList>
</BasicStmnt>
<BasicStmnt CovItemId="S305" CovItemPrefix="csse376_puerto_rico.GameBoardGUI.java" Intrnl_Id="1282">
<LocList>
<Loc EndOffset="21102" SrcFileId="7" StartOffset="20841"/>
</LocList>
</BasicStmnt>
<CondStmnt CovItemId="S306" CovItemPrefix="csse376_puerto_rico.GameBoardGUI.java" Intrnl_Id="1283">
<Branch CovItemId="B103" CovItemPrefix="csse376_puerto_rico.GameBoardGUI.java" Implct="false" Intrnl_Id="1284">
<Cond/>
<LocList>
<Loc EndOffset="21455" SrcFileId="7" StartOffset="21149"/>
</LocList>
<StmntSeq Intrnl_Id="1285">
<LocList>
<Loc EndOffset="21207" SrcFileId="7" StartOffset="21158"/>
<Loc EndOffset="21241" SrcFileId="7" StartOffset="21215"/>
<Loc EndOffset="21280" SrcFileId="7" StartOffset="21249"/>
<Loc EndOffset="21380" SrcFileId="7" StartOffset="21288"/>
<Loc EndOffset="21447" SrcFileId="7" StartOffset="21388"/>
</LocList>
<BasicStmnt CovItemId="S307" CovItemPrefix="csse376_puerto_rico.GameBoardGUI.java" Intrnl_Id="1286">
<LocList>
<Loc EndOffset="21207" SrcFileId="7" StartOffset="21158"/>
</LocList>
</BasicStmnt>
<BasicStmnt CovItemId="S308" CovItemPrefix="csse376_puerto_rico.GameBoardGUI.java" Intrnl_Id="1287">
<LocList>
<Loc EndOffset="21241" SrcFileId="7" StartOffset="21215"/>
</LocList>
</BasicStmnt>
<BasicStmnt CovItemId="S309" CovItemPrefix="csse376_puerto_rico.GameBoardGUI.java" Intrnl_Id="1288">
<LocList>
<Loc EndOffset="21280" SrcFileId="7" StartOffset="21249"/>
</LocList>
</BasicStmnt>
<BasicStmnt CovItemId="S310" CovItemPrefix="csse376_puerto_rico.GameBoardGUI.java" Intrnl_Id="1289">
<LocList>
<Loc EndOffset="21380" SrcFileId="7" StartOffset="21288"/>
</LocList>
</BasicStmnt>
<BasicStmnt CovItemId="S311" CovItemPrefix="csse376_puerto_rico.GameBoardGUI.java" Intrnl_Id="1290">
<LocList>
<Loc EndOffset="21447" SrcFileId="7" StartOffset="21388"/>
</LocList>
</BasicStmnt>
</StmntSeq>
</Branch>
<Branch CovItemId="B104" CovItemPrefix="csse376_puerto_rico.GameBoardGUI.java" Implct="true" Intrnl_Id="1291">
<Cond/>
<LocList/>
<StmntSeq Intrnl_Id="1292">
<LocList/>
</StmntSeq>
</Branch>
<Keyword EndOffset="21113" SrcFileId="7" StartOffset="21111"/>
<LocList>
<Loc EndOffset="21455" SrcFileId="7" StartOffset="21111"/>
</LocList>
<RootTerm CovItemId="C66" CovItemPrefix="csse376_puerto_rico.GameBoardGUI.java" Intrnl_Id="1293">
<BasicBoolTerm Intrnl_Id="1294">
<LocList>
<Loc EndOffset="21147" SrcFileId="7" StartOffset="21115"/>
</LocList>
</BasicBoolTerm>
</RootTerm>
</CondStmnt>
</StmntSeq>
</Branch>
<Branch CovItemId="B96" CovItemPrefix="csse376_puerto_rico.GameBoardGUI.java" Implct="true" Intrnl_Id="1295">
<Cond/>
<LocList/>
<StmntSeq Intrnl_Id="1296">
<LocList/>
</StmntSeq>
</Branch>
<Keyword EndOffset="19650" SrcFileId="7" StartOffset="19648"/>
<LocList>
<Loc EndOffset="21462" SrcFileId="7" StartOffset="19648"/>
</LocList>
<RootTerm CovItemId="C62" CovItemPrefix="csse376_puerto_rico.GameBoardGUI.java" Intrnl_Id="1297">
<BasicBoolTerm Intrnl_Id="1298">
<LocList>
<Loc EndOffset="19698" SrcFileId="7" StartOffset="19652"/>
</LocList>
</BasicBoolTerm>
</RootTerm>
</CondStmnt>
<CondStmnt CovItemId="S312" CovItemPrefix="csse376_puerto_rico.GameBoardGUI.java" Intrnl_Id="1299">
<Branch CovItemId="B105" CovItemPrefix="csse376_puerto_rico.GameBoardGUI.java" Implct="false" Intrnl_Id="1300">
<Cond/>
<LocList>
<Loc EndOffset="22361" SrcFileId="7" StartOffset="21520"/>
</LocList>
<StmntSeq Intrnl_Id="1301">
<LocList>
<Loc EndOffset="21563" SrcFileId="7" StartOffset="21528"/>
<Loc EndOffset="21713" SrcFileId="7" StartOffset="21570"/>
<Loc EndOffset="21744" SrcFileId="7" StartOffset="21720"/>
<Loc EndOffset="21780" SrcFileId="7" StartOffset="21751"/>
<Loc EndOffset="22030" SrcFileId="7" StartOffset="21787"/>
<Loc EndOffset="22354" SrcFileId="7" StartOffset="22037"/>
</LocList>
<BasicStmnt CovItemId="S313" CovItemPrefix="csse376_puerto_rico.GameBoardGUI.java" Intrnl_Id="1302">
<LocList>
<Loc EndOffset="21563" SrcFileId="7" StartOffset="21528"/>
</LocList>
</BasicStmnt>
<LoopStmnt CovItemId="S314" CovItemPrefix="csse376_puerto_rico.GameBoardGUI.java" Intrnl_Id="1303" MltplExecId="L21-2" MltplExecPrefix="csse376_puerto_rico.GameBoardGUI.java" NvrExecId="L21-0" NvrExecPrefix="csse376_puerto_rico.GameBoardGUI.java" OnceExecutedId="L21-1" OnceExecutedPrefix="csse376_puerto_rico.GameBoardGUI.java" OptBodyExec="true">
<StmntSeq Intrnl_Id="1304">
<LocList>
<Loc EndOffset="21651" SrcFileId="7" StartOffset="21617"/>
<Loc EndOffset="21705" SrcFileId="7" StartOffset="21659"/>
</LocList>
<BasicStmnt CovItemId="S315" CovItemPrefix="csse376_puerto_rico.GameBoardGUI.java" Intrnl_Id="1305">
<LocList>
<Loc EndOffset="21651" SrcFileId="7" StartOffset="21617"/>
</LocList>
</BasicStmnt>
<CondStmnt CovItemId="S316" CovItemPrefix="csse376_puerto_rico.GameBoardGUI.java" Intrnl_Id="1306">
<Branch CovItemId="B107" CovItemPrefix="csse376_puerto_rico.GameBoardGUI.java" Implct="false" Intrnl_Id="1307">
<Cond/>
<LocList>
<Loc EndOffset="21705" SrcFileId="7" StartOffset="21670"/>
</LocList>
<StmntSeq Intrnl_Id="1308">
<LocList>
<Loc EndOffset="21696" SrcFileId="7" StartOffset="21680"/>
</LocList>
<BasicStmnt CovItemId="S317" CovItemPrefix="csse376_puerto_rico.GameBoardGUI.java" Intrnl_Id="1309">
<LocList>
<Loc EndOffset="21696" SrcFileId="7" StartOffset="21680"/>
</LocList>
</BasicStmnt>
</StmntSeq>
</Branch>
<Branch CovItemId="B108" CovItemPrefix="csse376_puerto_rico.GameBoardGUI.java" Implct="true" Intrnl_Id="1310">
<Cond/>
<LocList/>
<StmntSeq Intrnl_Id="1311">
<LocList/>
</StmntSeq>
</Branch>
<Keyword EndOffset="21661" SrcFileId="7" StartOffset="21659"/>
<LocList>
<Loc EndOffset="21705" SrcFileId="7" StartOffset="21659"/>
</LocList>
<RootTerm CovItemId="C68" CovItemPrefix="csse376_puerto_rico.GameBoardGUI.java" Intrnl_Id="1312">
<BasicBoolTerm Intrnl_Id="1313">
<LocList>
<Loc EndOffset="21668" SrcFileId="7" StartOffset="21663"/>
</LocList>
</BasicBoolTerm>
</RootTerm>
</CondStmnt>
</StmntSeq>
<Keyword EndOffset="21573" SrcFileId="7" StartOffset="21570"/>
<LocList>
<Loc EndOffset="21713" SrcFileId="7" StartOffset="21570"/>
</LocList>
</LoopStmnt>
<BasicStmnt CovItemId="S318" CovItemPrefix="csse376_puerto_rico.GameBoardGUI.java" Intrnl_Id="1314">
<LocList>
<Loc EndOffset="21744" SrcFileId="7" StartOffset="21720"/>
</LocList>
</BasicStmnt>
<BasicStmnt CovItemId="S319" CovItemPrefix="csse376_puerto_rico.GameBoardGUI.java" Intrnl_Id="1315">
<LocList>
<Loc EndOffset="21780" SrcFileId="7" StartOffset="21751"/>
</LocList>
</BasicStmnt>
<BasicStmnt CovItemId="S320" CovItemPrefix="csse376_puerto_rico.GameBoardGUI.java" Intrnl_Id="1316">
<LocList>
<Loc EndOffset="22030" SrcFileId="7" StartOffset="21787"/>
</LocList>
</BasicStmnt>
<CondStmnt CovItemId="S321" CovItemPrefix="csse376_puerto_rico.GameBoardGUI.java" Intrnl_Id="1317">
<Branch CovItemId="B109" CovItemPrefix="csse376_puerto_rico.GameBoardGUI.java" Implct="false" Intrnl_Id="1318">
<Cond/>
<LocList>
<Loc EndOffset="22354" SrcFileId="7" StartOffset="22066"/>
</LocList>
<StmntSeq Intrnl_Id="1319">
<LocList>
<Loc EndOffset="22115" SrcFileId="7" StartOffset="22075"/>
<Loc EndOffset="22149" SrcFileId="7" StartOffset="22123"/>
<Loc EndOffset="22188" SrcFileId="7" StartOffset="22157"/>
<Loc EndOffset="22279" SrcFileId="7" StartOffset="22196"/>
<Loc EndOffset="22346" SrcFileId="7" StartOffset="22287"/>
</LocList>
<BasicStmnt CovItemId="S322" CovItemPrefix="csse376_puerto_rico.GameBoardGUI.java" Intrnl_Id="1320">
<LocList>
<Loc EndOffset="22115" SrcFileId="7" StartOffset="22075"/>
</LocList>
</BasicStmnt>
<BasicStmnt CovItemId="S323" CovItemPrefix="csse376_puerto_rico.GameBoardGUI.java" Intrnl_Id="1321">
<LocList>
<Loc EndOffset="22149" SrcFileId="7" StartOffset="22123"/>
</LocList>
</BasicStmnt>
<BasicStmnt CovItemId="S324" CovItemPrefix="csse376_puerto_rico.GameBoardGUI.java" Intrnl_Id="1322">
<LocList>
<Loc EndOffset="22188" SrcFileId="7" StartOffset="22157"/>
</LocList>
</BasicStmnt>
<BasicStmnt CovItemId="S325" CovItemPrefix="csse376_puerto_rico.GameBoardGUI.java" Intrnl_Id="1323">
<LocList>
<Loc EndOffset="22279" SrcFileId="7" StartOffset="22196"/>
</LocList>
</BasicStmnt>
<BasicStmnt CovItemId="S326" CovItemPrefix="csse376_puerto_rico.GameBoardGUI.java" Intrnl_Id="1324">
<LocList>
<Loc EndOffset="22346" SrcFileId="7" StartOffset="22287"/>
</LocList>
</BasicStmnt>
</StmntSeq>
</Branch>
<Branch CovItemId="B110" CovItemPrefix="csse376_puerto_rico.GameBoardGUI.java" Implct="true" Intrnl_Id="1325">
<Cond/>
<LocList/>
<StmntSeq Intrnl_Id="1326">
<LocList/>
</StmntSeq>
</Branch>
<Keyword EndOffset="22039" SrcFileId="7" StartOffset="22037"/>
<LocList>
<Loc EndOffset="22354" SrcFileId="7" StartOffset="22037"/>
</LocList>
<RootTerm CovItemId="C69" CovItemPrefix="csse376_puerto_rico.GameBoardGUI.java" Intrnl_Id="1327">
<BasicBoolTerm Intrnl_Id="1328">
<LocList>
<Loc EndOffset="22064" SrcFileId="7" StartOffset="22041"/>
</LocList>
</BasicBoolTerm>
</RootTerm>
</CondStmnt>
</StmntSeq>
</Branch>
<Branch CovItemId="B106" CovItemPrefix="csse376_puerto_rico.GameBoardGUI.java" Implct="true" Intrnl_Id="1329">
<Cond/>
<LocList/>
<StmntSeq Intrnl_Id="1330">
<LocList/>
</StmntSeq>
</Branch>
<Keyword EndOffset="21470" SrcFileId="7" StartOffset="21468"/>
<LocList>
<Loc EndOffset="22361" SrcFileId="7" StartOffset="21468"/>
</LocList>
<RootTerm CovItemId="C67" CovItemPrefix="csse376_puerto_rico.GameBoardGUI.java" Intrnl_Id="1331">
<BasicBoolTerm Intrnl_Id="1332">
<LocList>
<Loc EndOffset="21518" SrcFileId="7" StartOffset="21472"/>
</LocList>
</BasicBoolTerm>
</RootTerm>
</CondStmnt>
<LoopStmnt CovItemId="S327" CovItemPrefix="csse376_puerto_rico.GameBoardGUI.java" Intrnl_Id="1333" MltplExecId="L22-2" MltplExecPrefix="csse376_puerto_rico.GameBoardGUI.java" NvrExecId="L22-0" NvrExecPrefix="csse376_puerto_rico.GameBoardGUI.java" OnceExecutedId="L22-1" OnceExecutedPrefix="csse376_puerto_rico.GameBoardGUI.java" OptBodyExec="true">
<StmntSeq Intrnl_Id="1334">
<LocList>
<Loc EndOffset="22425" SrcFileId="7" StartOffset="22404"/>
</LocList>
<BasicStmnt CovItemId="S328" CovItemPrefix="csse376_puerto_rico.GameBoardGUI.java" Intrnl_Id="1335">
<LocList>
<Loc EndOffset="22425" SrcFileId="7" StartOffset="22404"/>
</LocList>
</BasicStmnt>
</StmntSeq>
<Keyword EndOffset="22372" SrcFileId="7" StartOffset="22369"/>
<LocList>
<Loc EndOffset="22432" SrcFileId="7" StartOffset="22369"/>
</LocList>
</LoopStmnt>
<BasicStmnt CovItemId="S329" CovItemPrefix="csse376_puerto_rico.GameBoardGUI.java" Intrnl_Id="1336">
<LocList>
<Loc EndOffset="22465" SrcFileId="7" StartOffset="22440"/>
</LocList>
</BasicStmnt>
<BasicStmnt CovItemId="S330" CovItemPrefix="csse376_puerto_rico.GameBoardGUI.java" Intrnl_Id="1337">
<LocList>
<Loc EndOffset="22497" SrcFileId="7" StartOffset="22471"/>
</LocList>
</BasicStmnt>
<BasicStmnt CovItemId="S331" CovItemPrefix="csse376_puerto_rico.GameBoardGUI.java" Intrnl_Id="1338">
<LocList>
<Loc EndOffset="22544" SrcFileId="7" StartOffset="22503"/>
</LocList>
</BasicStmnt>
</StmntSeq>
<Keyword EndOffset="18807" SrcFileId="7" StartOffset="18804"/>
<LocList>
<Loc EndOffset="22550" SrcFileId="7" StartOffset="18804"/>
</LocList>
<RootTerm CovItemId="C59" CovItemPrefix="csse376_puerto_rico.GameBoardGUI.java" Intrnl_Id="1339">
<BasicBoolTerm Intrnl_Id="1340">
<LocList>
<Loc EndOffset="18838" SrcFileId="7" StartOffset="18820"/>
</LocList>
</BasicBoolTerm>
</RootTerm>
</LoopStmnt>
</StmntSeq>
</Branch>
<Branch CovItemId="B80" CovItemPrefix="csse376_puerto_rico.GameBoardGUI.java" Implct="false" Intrnl_Id="1341">
<Cond>
<Loc EndOffset="22562" SrcFileId="7" StartOffset="22558"/>
</Cond>
<LocList>
<Loc EndOffset="22681" SrcFileId="7" StartOffset="22563"/>
</LocList>
<StmntSeq Intrnl_Id="1342">
<LocList>
<Loc EndOffset="22681" SrcFileId="7" StartOffset="22563"/>
</LocList>
<CondStmnt CovItemId="S332" CovItemPrefix="csse376_puerto_rico.GameBoardGUI.java" Intrnl_Id="1343">
<Branch CovItemId="B111" CovItemPrefix="csse376_puerto_rico.GameBoardGUI.java" Implct="false" Intrnl_Id="1344">
<Cond/>
<LocList>
<Loc EndOffset="22681" SrcFileId="7" StartOffset="22604"/>
</LocList>
<StmntSeq Intrnl_Id="1345">
<LocList>
<Loc EndOffset="22676" SrcFileId="7" StartOffset="22629"/>
</LocList>
<BasicStmnt CovItemId="S333" CovItemPrefix="csse376_puerto_rico.GameBoardGUI.java" Intrnl_Id="1346">
<LocList>
<Loc EndOffset="22676" SrcFileId="7" StartOffset="22629"/>
</LocList>
</BasicStmnt>
</StmntSeq>
</Branch>
<Branch CovItemId="B112" CovItemPrefix="csse376_puerto_rico.GameBoardGUI.java" Implct="true" Intrnl_Id="1347">
<Cond/>
<LocList/>
<StmntSeq Intrnl_Id="1348">
<LocList/>
</StmntSeq>
</Branch>
<Keyword EndOffset="22565" SrcFileId="7" StartOffset="22563"/>
<LocList>
<Loc EndOffset="22681" SrcFileId="7" StartOffset="22563"/>
</LocList>
<RootTerm CovItemId="C70" CovItemPrefix="csse376_puerto_rico.GameBoardGUI.java" Intrnl_Id="1349">
<BasicBoolTerm Intrnl_Id="1350">
<LocList>
<Loc EndOffset="22602" SrcFileId="7" StartOffset="22567"/>
</LocList>
</BasicBoolTerm>
</RootTerm>
</CondStmnt>
</StmntSeq>
</Branch>
<Keyword EndOffset="16570" SrcFileId="7" StartOffset="16568"/>
<LocList>
<Loc EndOffset="22681" SrcFileId="7" StartOffset="16568"/>
</LocList>
<RootTerm CovItemId="C51" CovItemPrefix="csse376_puerto_rico.GameBoardGUI.java" Intrnl_Id="1351">
<BasicBoolTerm Intrnl_Id="1352">
<LocList>
<Loc EndOffset="16604" SrcFileId="7" StartOffset="16572"/>
</LocList>
</BasicBoolTerm>
</RootTerm>
</CondStmnt>
</StmntSeq>
</Branch>
<Keyword EndOffset="14557" SrcFileId="7" StartOffset="14555"/>
<LocList>
<Loc EndOffset="22681" SrcFileId="7" StartOffset="14555"/>
</LocList>
<RootTerm CovItemId="C39" CovItemPrefix="csse376_puerto_rico.GameBoardGUI.java" Intrnl_Id="1353">
<BasicBoolTerm Intrnl_Id="1354">
<LocList>
<Loc EndOffset="14590" SrcFileId="7" StartOffset="14559"/>
</LocList>
</BasicBoolTerm>
</RootTerm>
</CondStmnt>
</StmntSeq>
</Branch>
<Keyword EndOffset="13748" SrcFileId="7" StartOffset="13746"/>
<LocList>
<Loc EndOffset="22681" SrcFileId="7" StartOffset="13746"/>
</LocList>
<RootTerm CovItemId="C32" CovItemPrefix="csse376_puerto_rico.GameBoardGUI.java" Intrnl_Id="1355">
<BasicBoolTerm Intrnl_Id="1356">
<LocList>
<Loc EndOffset="13784" SrcFileId="7" StartOffset="13750"/>
</LocList>
</BasicBoolTerm>
</RootTerm>
</CondStmnt>
</StmntSeq>
</Branch>
<Keyword EndOffset="11777" SrcFileId="7" StartOffset="11775"/>
<LocList>
<Loc EndOffset="22681" SrcFileId="7" StartOffset="11775"/>
</LocList>
<RootTerm CovItemId="C25" CovItemPrefix="csse376_puerto_rico.GameBoardGUI.java" Intrnl_Id="1357">
<BasicBoolTerm Intrnl_Id="1358">
<LocList>
<Loc EndOffset="11811" SrcFileId="7" StartOffset="11779"/>
</LocList>
</BasicBoolTerm>
</RootTerm>
</CondStmnt>
</StmntSeq>
</Branch>
<Keyword EndOffset="10269" SrcFileId="7" StartOffset="10267"/>
<LocList>
<Loc EndOffset="22681" SrcFileId="7" StartOffset="10267"/>
</LocList>
<RootTerm CovItemId="C19" CovItemPrefix="csse376_puerto_rico.GameBoardGUI.java" Intrnl_Id="1359">
<BasicBoolTerm Intrnl_Id="1360">
<LocList>
<Loc EndOffset="10303" SrcFileId="7" StartOffset="10271"/>
</LocList>
</BasicBoolTerm>
</RootTerm>
</CondStmnt>
</StmntSeq>
</Branch>
<Keyword EndOffset="7093" SrcFileId="7" StartOffset="7091"/>
<LocList>
<Loc EndOffset="22681" SrcFileId="7" StartOffset="7091"/>
</LocList>
<RootTerm CovItemId="C9" CovItemPrefix="csse376_puerto_rico.GameBoardGUI.java" Intrnl_Id="1361">
<BasicBoolTerm Intrnl_Id="1362">
<LocList>
<Loc EndOffset="7125" SrcFileId="7" StartOffset="7095"/>
</LocList>
</BasicBoolTerm>
</RootTerm>
</CondStmnt>
<BasicStmnt CovItemId="S334" CovItemPrefix="csse376_puerto_rico.GameBoardGUI.java" Intrnl_Id="1363">
<LocList>
<Loc EndOffset="22715" SrcFileId="7" StartOffset="22685"/>
</LocList>
</BasicStmnt>
<BasicStmnt CovItemId="S335" CovItemPrefix="csse376_puerto_rico.GameBoardGUI.java" Intrnl_Id="1364">
<LocList>
<Loc EndOffset="22744" SrcFileId="7" StartOffset="22719"/>
</LocList>
</BasicStmnt>
</StmntSeq>
</HierarchyLvl>
</HierarchyLvl>
<HierarchyLvl HierarchyLvlId="7576" HierarchyLvlTypeId="15" Intrnl_Id="1365" Name="ButtonHandler">
<Header>
<Loc EndOffset="224" SrcFileId="8" StartOffset="172"/>
</Header>
<LocList>
<Loc EndOffset="790" SrcFileId="8" StartOffset="172"/>
</LocList>
<HierarchyLvl HierarchyLvlId="7574" HierarchyLvlTypeId="16" Intrnl_Id="1366" Name="ButtonHandler">
<Header>
<Loc EndOffset="345" SrcFileId="8" StartOffset="292"/>
</Header>
<LocList>
<Loc EndOffset="402" SrcFileId="8" StartOffset="292"/>
</LocList>
<StmntSeq Intrnl_Id="1367">
<LocList>
<Loc EndOffset="374" SrcFileId="8" StartOffset="351"/>
<Loc EndOffset="398" SrcFileId="8" StartOffset="378"/>
</LocList>
<BasicStmnt CovItemId="S1" CovItemPrefix="csse376_puerto_rico.ButtonHandler.java" Intrnl_Id="1368">
<LocList>
<Loc EndOffset="374" SrcFileId="8" StartOffset="351"/>
</LocList>
</BasicStmnt>
<BasicStmnt CovItemId="S2" CovItemPrefix="csse376_puerto_rico.ButtonHandler.java" Intrnl_Id="1369">
<LocList>
<Loc EndOffset="398" SrcFileId="8" StartOffset="378"/>
</LocList>
</BasicStmnt>
</StmntSeq>
</HierarchyLvl>
<HierarchyLvl HierarchyLvlId="7575" HierarchyLvlTypeId="16" Intrnl_Id="1370" Name="actionPerformed">
<Header>
<Loc EndOffset="462" SrcFileId="8" StartOffset="407"/>
</Header>
<LocList>
<Loc EndOffset="785" SrcFileId="8" StartOffset="407"/>
</LocList>
<StmntSeq Intrnl_Id="1371">
<LocList>
<Loc EndOffset="506" SrcFileId="8" StartOffset="468"/>
<Loc EndOffset="781" SrcFileId="8" StartOffset="510"/>
</LocList>
<BasicStmnt CovItemId="S3" CovItemPrefix="csse376_puerto_rico.ButtonHandler.java" Intrnl_Id="1372">
<LocList>
<Loc EndOffset="506" SrcFileId="8" StartOffset="468"/>
</LocList>
</BasicStmnt>
<CondStmnt CovItemId="S4" CovItemPrefix="csse376_puerto_rico.ButtonHandler.java" Intrnl_Id="1373">
<Branch CovItemId="B1" CovItemPrefix="csse376_puerto_rico.ButtonHandler.java" Implct="false" Intrnl_Id="1374">
<Cond/>
<LocList>
<Loc EndOffset="561" SrcFileId="8" StartOffset="535"/>
</LocList>
<StmntSeq Intrnl_Id="1375">
<LocList>
<Loc EndOffset="556" SrcFileId="8" StartOffset="541"/>
</LocList>
<BasicStmnt CovItemId="S5" CovItemPrefix="csse376_puerto_rico.ButtonHandler.java" Intrnl_Id="1376">
<LocList>
<Loc EndOffset="556" SrcFileId="8" StartOffset="541"/>
</LocList>
</BasicStmnt>
</StmntSeq>
</Branch>
<Branch CovItemId="B2" CovItemPrefix="csse376_puerto_rico.ButtonHandler.java" Implct="false" Intrnl_Id="1377">
<Cond>
<Loc EndOffset="565" SrcFileId="8" StartOffset="561"/>
</Cond>
<LocList>
<Loc EndOffset="781" SrcFileId="8" StartOffset="566"/>
</LocList>
<StmntSeq Intrnl_Id="1378">
<LocList>
<Loc EndOffset="781" SrcFileId="8" StartOffset="566"/>
</LocList>
<CondStmnt CovItemId="S6" CovItemPrefix="csse376_puerto_rico.ButtonHandler.java" Intrnl_Id="1379">
<Branch CovItemId="B3" CovItemPrefix="csse376_puerto_rico.ButtonHandler.java" Implct="false" Intrnl_Id="1380">
<Cond/>
<LocList>
<Loc EndOffset="646" SrcFileId="8" StartOffset="595"/>
</LocList>
<StmntSeq Intrnl_Id="1381">
<LocList>
<Loc EndOffset="641" SrcFileId="8" StartOffset="601"/>
</LocList>
<BasicStmnt CovItemId="S7" CovItemPrefix="csse376_puerto_rico.ButtonHandler.java" Intrnl_Id="1382">
<LocList>
<Loc EndOffset="641" SrcFileId="8" StartOffset="601"/>
</LocList>
</BasicStmnt>
</StmntSeq>
</Branch>
<Branch CovItemId="B4" CovItemPrefix="csse376_puerto_rico.ButtonHandler.java" Implct="false" Intrnl_Id="1383">
<Cond>
<Loc EndOffset="650" SrcFileId="8" StartOffset="646"/>
</Cond>
<LocList>
<Loc EndOffset="781" SrcFileId="8" StartOffset="651"/>
</LocList>
<StmntSeq Intrnl_Id="1384">
<LocList>
<Loc EndOffset="781" SrcFileId="8" StartOffset="651"/>
</LocList>
<CondStmnt CovItemId="S8" CovItemPrefix="csse376_puerto_rico.ButtonHandler.java" Intrnl_Id="1385">
<Branch CovItemId="B5" CovItemPrefix="csse376_puerto_rico.ButtonHandler.java" Implct="false" Intrnl_Id="1386">
<Cond/>
<LocList>
<Loc EndOffset="734" SrcFileId="8" StartOffset="677"/>
</LocList>
<StmntSeq Intrnl_Id="1387">
<LocList>
<Loc EndOffset="729" SrcFileId="8" StartOffset="683"/>
</LocList>
<BasicStmnt CovItemId="S9" CovItemPrefix="csse376_puerto_rico.ButtonHandler.java" Intrnl_Id="1388">
<LocList>
<Loc EndOffset="729" SrcFileId="8" StartOffset="683"/>
</LocList>
</BasicStmnt>
</StmntSeq>
</Branch>
<Branch CovItemId="B6" CovItemPrefix="csse376_puerto_rico.ButtonHandler.java" Implct="false" Intrnl_Id="1389">
<Cond>
<Loc EndOffset="738" SrcFileId="8" StartOffset="734"/>
</Cond>
<LocList>
<Loc EndOffset="781" SrcFileId="8" StartOffset="739"/>
</LocList>
<StmntSeq Intrnl_Id="1390">
<LocList>
<Loc EndOffset="781" SrcFileId="8" StartOffset="739"/>
</LocList>
<CondStmnt CovItemId="S10" CovItemPrefix="csse376_puerto_rico.ButtonHandler.java" Intrnl_Id="1391">
<Branch CovItemId="B7" CovItemPrefix="csse376_puerto_rico.ButtonHandler.java" Implct="false" Intrnl_Id="1392">
<Cond/>
<LocList>
<Loc EndOffset="781" SrcFileId="8" StartOffset="770"/>
</LocList>
<StmntSeq Intrnl_Id="1393">
<LocList/>
</StmntSeq>
</Branch>
<Branch CovItemId="B8" CovItemPrefix="csse376_puerto_rico.ButtonHandler.java" Implct="true" Intrnl_Id="1394">
<Cond/>
<LocList/>
<StmntSeq Intrnl_Id="1395">
<LocList/>
</StmntSeq>
</Branch>
<Keyword EndOffset="741" SrcFileId="8" StartOffset="739"/>
<LocList>
<Loc EndOffset="781" SrcFileId="8" StartOffset="739"/>
</LocList>
<RootTerm CovItemId="C4" CovItemPrefix="csse376_puerto_rico.ButtonHandler.java" Intrnl_Id="1396">
<BasicBoolTerm Intrnl_Id="1397">
<LocList>
<Loc EndOffset="769" SrcFileId="8" StartOffset="742"/>
</LocList>
</BasicBoolTerm>
</RootTerm>
</CondStmnt>
</StmntSeq>
</Branch>
<Keyword EndOffset="653" SrcFileId="8" StartOffset="651"/>
<LocList>
<Loc EndOffset="781" SrcFileId="8" StartOffset="651"/>
</LocList>
<RootTerm CovItemId="C3" CovItemPrefix="csse376_puerto_rico.ButtonHandler.java" Intrnl_Id="1398">
<BasicBoolTerm Intrnl_Id="1399">
<LocList>
<Loc EndOffset="676" SrcFileId="8" StartOffset="654"/>
</LocList>
</BasicBoolTerm>
</RootTerm>
</CondStmnt>
</StmntSeq>
</Branch>
<Keyword EndOffset="568" SrcFileId="8" StartOffset="566"/>
<LocList>
<Loc EndOffset="781" SrcFileId="8" StartOffset="566"/>
</LocList>
<RootTerm CovItemId="C2" CovItemPrefix="csse376_puerto_rico.ButtonHandler.java" Intrnl_Id="1400">
<BasicBoolTerm Intrnl_Id="1401">
<LocList>
<Loc EndOffset="594" SrcFileId="8" StartOffset="569"/>
</LocList>
</BasicBoolTerm>
</RootTerm>
</CondStmnt>
</StmntSeq>
</Branch>
<Keyword EndOffset="512" SrcFileId="8" StartOffset="510"/>
<LocList>
<Loc EndOffset="781" SrcFileId="8" StartOffset="510"/>
</LocList>
<RootTerm CovItemId="C1" CovItemPrefix="csse376_puerto_rico.ButtonHandler.java" Intrnl_Id="1402">
<BasicBoolTerm Intrnl_Id="1403">
<LocList>
<Loc EndOffset="534" SrcFileId="8" StartOffset="513"/>
</LocList>
</BasicBoolTerm>
</RootTerm>
</CondStmnt>
</StmntSeq>
</HierarchyLvl>
</HierarchyLvl>
<HierarchyLvl HierarchyLvlId="7580" HierarchyLvlTypeId="15" Intrnl_Id="1404" Name="Buildings">
<Header>
<Loc EndOffset="135" SrcFileId="9" StartOffset="113"/>
</Header>
<LocList>
<Loc EndOffset="873" SrcFileId="9" StartOffset="113"/>
</LocList>
<StmntSeq Intrnl_Id="1405">
<LocList>
<Loc EndOffset="554" SrcFileId="9" StartOffset="183"/>
</LocList>
<BasicStmnt CovItemId="S1" CovItemPrefix="csse376_puerto_rico.Buildings.java" Intrnl_Id="1406">
<LocList>
<Loc EndOffset="554" SrcFileId="9" StartOffset="183"/>
</LocList>
</BasicStmnt>
</StmntSeq>
<HierarchyLvl HierarchyLvlId="7577" HierarchyLvlTypeId="16" Intrnl_Id="1407" Name="Buildings">
<Header>
<Loc EndOffset="577" SrcFileId="9" StartOffset="559"/>
</Header>
<LocList>
<Loc EndOffset="712" SrcFileId="9" StartOffset="559"/>
</LocList>
<StmntSeq Intrnl_Id="1408">
<LocList>
<Loc EndOffset="621" SrcFileId="9" StartOffset="583"/>
<Loc EndOffset="706" SrcFileId="9" StartOffset="627"/>
</LocList>
<BasicStmnt CovItemId="S2" CovItemPrefix="csse376_puerto_rico.Buildings.java" Intrnl_Id="1409">
<LocList>
<Loc EndOffset="621" SrcFileId="9" StartOffset="583"/>
</LocList>
</BasicStmnt>
<LoopStmnt CovItemId="S3" CovItemPrefix="csse376_puerto_rico.Buildings.java" Intrnl_Id="1410" MltplExecId="L1-2" MltplExecPrefix="csse376_puerto_rico.Buildings.java" NvrExecId="L1-0" NvrExecPrefix="csse376_puerto_rico.Buildings.java" OnceExecutedId="L1-1" OnceExecutedPrefix="csse376_puerto_rico.Buildings.java" OptBodyExec="true">
<StmntSeq Intrnl_Id="1411">
<LocList>
<Loc EndOffset="701" SrcFileId="9" StartOffset="667"/>
</LocList>
<BasicStmnt CovItemId="S4" CovItemPrefix="csse376_puerto_rico.Buildings.java" Intrnl_Id="1412">
<LocList>
<Loc EndOffset="701" SrcFileId="9" StartOffset="667"/>
</LocList>
</BasicStmnt>
</StmntSeq>
<Keyword EndOffset="630" SrcFileId="9" StartOffset="627"/>
<LocList>
<Loc EndOffset="706" SrcFileId="9" StartOffset="627"/>
</LocList>
</LoopStmnt>
</StmntSeq>
</HierarchyLvl>
<HierarchyLvl HierarchyLvlId="7578" HierarchyLvlTypeId="16" Intrnl_Id="1413" Name="getBuildings">
<Header>
<Loc EndOffset="758" SrcFileId="9" StartOffset="717"/>
</Header>
<LocList>
<Loc EndOffset="787" SrcFileId="9" StartOffset="717"/>
</LocList>
<StmntSeq Intrnl_Id="1414">
<LocList>
<Loc EndOffset="783" SrcFileId="9" StartOffset="766"/>
</LocList>
<BasicStmnt CovItemId="S5" CovItemPrefix="csse376_puerto_rico.Buildings.java" Intrnl_Id="1415">
<LocList>
<Loc EndOffset="783" SrcFileId="9" StartOffset="766"/>
</LocList>
</BasicStmnt>
</StmntSeq>
</HierarchyLvl>
<HierarchyLvl HierarchyLvlId="7579" HierarchyLvlTypeId="16" Intrnl_Id="1416" Name="getBuildingNames">
<Header>
<Loc EndOffset="835" SrcFileId="9" StartOffset="792"/>
</Header>
<LocList>
<Loc EndOffset="866" SrcFileId="9" StartOffset="792"/>
</LocList>
<StmntSeq Intrnl_Id="1417">
<LocList>
<Loc EndOffset="862" SrcFileId="9" StartOffset="841"/>
</LocList>
<BasicStmnt CovItemId="S6" CovItemPrefix="csse376_puerto_rico.Buildings.java" Intrnl_Id="1418">
<LocList>
<Loc EndOffset="862" SrcFileId="9" StartOffset="841"/>
</LocList>
</BasicStmnt>
</StmntSeq>
</HierarchyLvl>
</HierarchyLvl>
<HierarchyLvl HierarchyLvlId="7583" HierarchyLvlTypeId="15" Intrnl_Id="1419" Name="Building">
<Header>
<Loc EndOffset="55" SrcFileId="10" StartOffset="34"/>
</Header>
<LocList>
<Loc EndOffset="3261" SrcFileId="10" StartOffset="34"/>
</LocList>
<HierarchyLvl HierarchyLvlId="7581" HierarchyLvlTypeId="16" Intrnl_Id="1420" Name="Building">
<Header>
<Loc EndOffset="274" SrcFileId="10" StartOffset="246"/>
</Header>
<LocList>
<Loc EndOffset="3159" SrcFileId="10" StartOffset="246"/>
</LocList>
<StmntSeq Intrnl_Id="1421">
<LocList>
<Loc EndOffset="297" SrcFileId="10" StartOffset="280"/>
<Loc EndOffset="3153" SrcFileId="10" StartOffset="301"/>
</LocList>
<BasicStmnt CovItemId="S1" CovItemPrefix="csse376_puerto_rico.Building.java" Intrnl_Id="1422">
<LocList>
<Loc EndOffset="297" SrcFileId="10" StartOffset="280"/>
</LocList>
</BasicStmnt>
<CondStmnt CovItemId="S2" CovItemPrefix="csse376_puerto_rico.Building.java" Intrnl_Id="1423">
<Branch CovItemId="B1" CovItemPrefix="csse376_puerto_rico.Building.java" Implct="false" Intrnl_Id="1424">
<Cond>
<Loc EndOffset="345" SrcFileId="10" StartOffset="320"/>
</Cond>
<LocList>
<Loc EndOffset="434" SrcFileId="10" StartOffset="351"/>
</LocList>
<StmntSeq Intrnl_Id="1425">
<LocList>
<Loc EndOffset="360" SrcFileId="10" StartOffset="351"/>
<Loc EndOffset="376" SrcFileId="10" StartOffset="365"/>
<Loc EndOffset="398" SrcFileId="10" StartOffset="381"/>
<Loc EndOffset="423" SrcFileId="10" StartOffset="403"/>
<Loc EndOffset="434" SrcFileId="10" StartOffset="428"/>
</LocList>
<BasicStmnt CovItemId="S3" CovItemPrefix="csse376_puerto_rico.Building.java" Intrnl_Id="1426">
<LocList>
<Loc EndOffset="360" SrcFileId="10" StartOffset="351"/>
</LocList>
</BasicStmnt>
<BasicStmnt CovItemId="S4" CovItemPrefix="csse376_puerto_rico.Building.java" Intrnl_Id="1427">
<LocList>
<Loc EndOffset="376" SrcFileId="10" StartOffset="365"/>
</LocList>
</BasicStmnt>
<BasicStmnt CovItemId="S5" CovItemPrefix="csse376_puerto_rico.Building.java" Intrnl_Id="1428">
<LocList>
<Loc EndOffset="398" SrcFileId="10" StartOffset="381"/>
</LocList>
</BasicStmnt>
<BasicStmnt CovItemId="S6" CovItemPrefix="csse376_puerto_rico.Building.java" Intrnl_Id="1429">
<LocList>
<Loc EndOffset="423" SrcFileId="10" StartOffset="403"/>
</LocList>
</BasicStmnt>
<BasicStmnt CovItemId="S7" CovItemPrefix="csse376_puerto_rico.Building.java" Intrnl_Id="1430">
<LocList>
<Loc EndOffset="434" SrcFileId="10" StartOffset="428"/>
</LocList>
</BasicStmnt>
</StmntSeq>
</Branch>
<Branch CovItemId="B2" CovItemPrefix="csse376_puerto_rico.Building.java" Implct="false" Intrnl_Id="1431">
<Cond>
<Loc EndOffset="463" SrcFileId="10" StartOffset="440"/>
</Cond>
<LocList>
<Loc EndOffset="552" SrcFileId="10" StartOffset="469"/>
</LocList>
<StmntSeq Intrnl_Id="1432">
<LocList>
<Loc EndOffset="478" SrcFileId="10" StartOffset="469"/>
<Loc EndOffset="494" SrcFileId="10" StartOffset="483"/>
<Loc EndOffset="516" SrcFileId="10" StartOffset="499"/>
<Loc EndOffset="541" SrcFileId="10" StartOffset="521"/>
<Loc EndOffset="552" SrcFileId="10" StartOffset="546"/>
</LocList>
<BasicStmnt CovItemId="S8" CovItemPrefix="csse376_puerto_rico.Building.java" Intrnl_Id="1433">
<LocList>
<Loc EndOffset="478" SrcFileId="10" StartOffset="469"/>
</LocList>
</BasicStmnt>
<BasicStmnt CovItemId="S9" CovItemPrefix="csse376_puerto_rico.Building.java" Intrnl_Id="1434">
<LocList>
<Loc EndOffset="494" SrcFileId="10" StartOffset="483"/>
</LocList>
</BasicStmnt>
<BasicStmnt CovItemId="S10" CovItemPrefix="csse376_puerto_rico.Building.java" Intrnl_Id="1435">
<LocList>
<Loc EndOffset="516" SrcFileId="10" StartOffset="499"/>
</LocList>
</BasicStmnt>
<BasicStmnt CovItemId="S11" CovItemPrefix="csse376_puerto_rico.Building.java" Intrnl_Id="1436">
<LocList>
<Loc EndOffset="541" SrcFileId="10" StartOffset="521"/>
</LocList>
</BasicStmnt>
<BasicStmnt CovItemId="S12" CovItemPrefix="csse376_puerto_rico.Building.java" Intrnl_Id="1437">
<LocList>
<Loc EndOffset="552" SrcFileId="10" StartOffset="546"/>
</LocList>
</BasicStmnt>
</StmntSeq>
</Branch>
<Branch CovItemId="B3" CovItemPrefix="csse376_puerto_rico.Building.java" Implct="false" Intrnl_Id="1438">
<Cond>
<Loc EndOffset="577" SrcFileId="10" StartOffset="558"/>
</Cond>
<LocList>
<Loc EndOffset="713" SrcFileId="10" StartOffset="630"/>
</LocList>
<StmntSeq Intrnl_Id="1439">
<LocList>
<Loc EndOffset="639" SrcFileId="10" StartOffset="630"/>
<Loc EndOffset="655" SrcFileId="10" StartOffset="644"/>
<Loc EndOffset="677" SrcFileId="10" StartOffset="660"/>
<Loc EndOffset="702" SrcFileId="10" StartOffset="682"/>
<Loc EndOffset="713" SrcFileId="10" StartOffset="707"/>
</LocList>
<BasicStmnt CovItemId="S13" CovItemPrefix="csse376_puerto_rico.Building.java" Intrnl_Id="1440">
<LocList>
<Loc EndOffset="639" SrcFileId="10" StartOffset="630"/>
</LocList>
</BasicStmnt>
<BasicStmnt CovItemId="S14" CovItemPrefix="csse376_puerto_rico.Building.java" Intrnl_Id="1441">
<LocList>
<Loc EndOffset="655" SrcFileId="10" StartOffset="644"/>
</LocList>
</BasicStmnt>
<BasicStmnt CovItemId="S15" CovItemPrefix="csse376_puerto_rico.Building.java" Intrnl_Id="1442">
<LocList>
<Loc EndOffset="677" SrcFileId="10" StartOffset="660"/>
</LocList>
</BasicStmnt>
<BasicStmnt CovItemId="S16" CovItemPrefix="csse376_puerto_rico.Building.java" Intrnl_Id="1443">
<LocList>
<Loc EndOffset="702" SrcFileId="10" StartOffset="682"/>
</LocList>
</BasicStmnt>
<BasicStmnt CovItemId="S17" CovItemPrefix="csse376_puerto_rico.Building.java" Intrnl_Id="1444">
<LocList>
<Loc EndOffset="713" SrcFileId="10" StartOffset="707"/>
</LocList>
</BasicStmnt>
</StmntSeq>
</Branch>
<Branch CovItemId="B4" CovItemPrefix="csse376_puerto_rico.Building.java" Implct="false" Intrnl_Id="1445">
<Cond>
<Loc EndOffset="734" SrcFileId="10" StartOffset="719"/>
</Cond>
<LocList>
<Loc EndOffset="875" SrcFileId="10" StartOffset="792"/>
</LocList>
<StmntSeq Intrnl_Id="1446">
<LocList>
<Loc EndOffset="801" SrcFileId="10" StartOffset="792"/>
<Loc EndOffset="817" SrcFileId="10" StartOffset="806"/>
<Loc EndOffset="839" SrcFileId="10" StartOffset="822"/>
<Loc EndOffset="864" SrcFileId="10" StartOffset="844"/>
<Loc EndOffset="875" SrcFileId="10" StartOffset="869"/>
</LocList>
<BasicStmnt CovItemId="S18" CovItemPrefix="csse376_puerto_rico.Building.java" Intrnl_Id="1447">
<LocList>
<Loc EndOffset="801" SrcFileId="10" StartOffset="792"/>
</LocList>
</BasicStmnt>
<BasicStmnt CovItemId="S19" CovItemPrefix="csse376_puerto_rico.Building.java" Intrnl_Id="1448">
<LocList>
<Loc EndOffset="817" SrcFileId="10" StartOffset="806"/>
</LocList>
</BasicStmnt>
<BasicStmnt CovItemId="S20" CovItemPrefix="csse376_puerto_rico.Building.java" Intrnl_Id="1449">
<LocList>
<Loc EndOffset="839" SrcFileId="10" StartOffset="822"/>
</LocList>
</BasicStmnt>
<BasicStmnt CovItemId="S21" CovItemPrefix="csse376_puerto_rico.Building.java" Intrnl_Id="1450">
<LocList>
<Loc EndOffset="864" SrcFileId="10" StartOffset="844"/>
</LocList>
</BasicStmnt>
<BasicStmnt CovItemId="S22" CovItemPrefix="csse376_puerto_rico.Building.java" Intrnl_Id="1451">
<LocList>
<Loc EndOffset="875" SrcFileId="10" StartOffset="869"/>
</LocList>
</BasicStmnt>
</StmntSeq>
</Branch>
<Branch CovItemId="B5" CovItemPrefix="csse376_puerto_rico.Building.java" Implct="false" Intrnl_Id="1452">
<Cond>
<Loc EndOffset="904" SrcFileId="10" StartOffset="881"/>
</Cond>
<LocList>
<Loc EndOffset="1046" SrcFileId="10" StartOffset="963"/>
</LocList>
<StmntSeq Intrnl_Id="1453">
<LocList>
<Loc EndOffset="972" SrcFileId="10" StartOffset="963"/>
<Loc EndOffset="988" SrcFileId="10" StartOffset="977"/>
<Loc EndOffset="1010" SrcFileId="10" StartOffset="993"/>
<Loc EndOffset="1035" SrcFileId="10" StartOffset="1015"/>
<Loc EndOffset="1046" SrcFileId="10" StartOffset="1040"/>
</LocList>
<BasicStmnt CovItemId="S23" CovItemPrefix="csse376_puerto_rico.Building.java" Intrnl_Id="1454">
<LocList>
<Loc EndOffset="972" SrcFileId="10" StartOffset="963"/>
</LocList>
</BasicStmnt>
<BasicStmnt CovItemId="S24" CovItemPrefix="csse376_puerto_rico.Building.java" Intrnl_Id="1455">
<LocList>
<Loc EndOffset="988" SrcFileId="10" StartOffset="977"/>
</LocList>
</BasicStmnt>
<BasicStmnt CovItemId="S25" CovItemPrefix="csse376_puerto_rico.Building.java" Intrnl_Id="1456">
<LocList>
<Loc EndOffset="1010" SrcFileId="10" StartOffset="993"/>
</LocList>
</BasicStmnt>
<BasicStmnt CovItemId="S26" CovItemPrefix="csse376_puerto_rico.Building.java" Intrnl_Id="1457">
<LocList>
<Loc EndOffset="1035" SrcFileId="10" StartOffset="1015"/>
</LocList>
</BasicStmnt>
<BasicStmnt CovItemId="S27" CovItemPrefix="csse376_puerto_rico.Building.java" Intrnl_Id="1458">
<LocList>
<Loc EndOffset="1046" SrcFileId="10" StartOffset="1040"/>
</LocList>
</BasicStmnt>
</StmntSeq>
</Branch>
<Branch CovItemId="B6" CovItemPrefix="csse376_puerto_rico.Building.java" Implct="false" Intrnl_Id="1459">
<Cond>
<Loc EndOffset="1074" SrcFileId="10" StartOffset="1052"/>
</Cond>
<LocList>
<Loc EndOffset="1257" SrcFileId="10" StartOffset="1125"/>
</LocList>
<StmntSeq Intrnl_Id="1460">
<LocList>
<Loc EndOffset="1134" SrcFileId="10" StartOffset="1125"/>
<Loc EndOffset="1150" SrcFileId="10" StartOffset="1139"/>
<Loc EndOffset="1172" SrcFileId="10" StartOffset="1155"/>
<Loc EndOffset="1197" SrcFileId="10" StartOffset="1177"/>
<Loc EndOffset="1218" SrcFileId="10" StartOffset="1202"/>
<Loc EndOffset="1246" SrcFileId="10" StartOffset="1223"/>
<Loc EndOffset="1257" SrcFileId="10" StartOffset="1251"/>
</LocList>
<BasicStmnt CovItemId="S28" CovItemPrefix="csse376_puerto_rico.Building.java" Intrnl_Id="1461">
<LocList>
<Loc EndOffset="1134" SrcFileId="10" StartOffset="1125"/>
</LocList>
</BasicStmnt>
<BasicStmnt CovItemId="S29" CovItemPrefix="csse376_puerto_rico.Building.java" Intrnl_Id="1462">
<LocList>
<Loc EndOffset="1150" SrcFileId="10" StartOffset="1139"/>
</LocList>
</BasicStmnt>
<BasicStmnt CovItemId="S30" CovItemPrefix="csse376_puerto_rico.Building.java" Intrnl_Id="1463">
<LocList>
<Loc EndOffset="1172" SrcFileId="10" StartOffset="1155"/>
</LocList>
</BasicStmnt>
<BasicStmnt CovItemId="S31" CovItemPrefix="csse376_puerto_rico.Building.java" Intrnl_Id="1464">
<LocList>
<Loc EndOffset="1197" SrcFileId="10" StartOffset="1177"/>
</LocList>
</BasicStmnt>
<BasicStmnt CovItemId="S32" CovItemPrefix="csse376_puerto_rico.Building.java" Intrnl_Id="1465">
<LocList>
<Loc EndOffset="1218" SrcFileId="10" StartOffset="1202"/>
</LocList>
</BasicStmnt>
<BasicStmnt CovItemId="S33" CovItemPrefix="csse376_puerto_rico.Building.java" Intrnl_Id="1466">
<LocList>
<Loc EndOffset="1246" SrcFileId="10" StartOffset="1223"/>
</LocList>
</BasicStmnt>
<BasicStmnt CovItemId="S34" CovItemPrefix="csse376_puerto_rico.Building.java" Intrnl_Id="1467">
<LocList>
<Loc EndOffset="1257" SrcFileId="10" StartOffset="1251"/>
</LocList>
</BasicStmnt>
</StmntSeq>
</Branch>
<Branch CovItemId="B7" CovItemPrefix="csse376_puerto_rico.Building.java" Implct="false" Intrnl_Id="1468">
<Cond>
<Loc EndOffset="1282" SrcFileId="10" StartOffset="1263"/>
</Cond>
<LocList>
<Loc EndOffset="1371" SrcFileId="10" StartOffset="1288"/>
</LocList>
<StmntSeq Intrnl_Id="1469">
<LocList>
<Loc EndOffset="1297" SrcFileId="10" StartOffset="1288"/>
<Loc EndOffset="1313" SrcFileId="10" StartOffset="1302"/>
<Loc EndOffset="1335" SrcFileId="10" StartOffset="1318"/>
<Loc EndOffset="1360" SrcFileId="10" StartOffset="1340"/>
<Loc EndOffset="1371" SrcFileId="10" StartOffset="1365"/>
</LocList>
<BasicStmnt CovItemId="S35" CovItemPrefix="csse376_puerto_rico.Building.java" Intrnl_Id="1470">
<LocList>
<Loc EndOffset="1297" SrcFileId="10" StartOffset="1288"/>
</LocList>
</BasicStmnt>
<BasicStmnt CovItemId="S36" CovItemPrefix="csse376_puerto_rico.Building.java" Intrnl_Id="1471">
<LocList>
<Loc EndOffset="1313" SrcFileId="10" StartOffset="1302"/>
</LocList>
</BasicStmnt>
<BasicStmnt CovItemId="S37" CovItemPrefix="csse376_puerto_rico.Building.java" Intrnl_Id="1472">
<LocList>
<Loc EndOffset="1335" SrcFileId="10" StartOffset="1318"/>
</LocList>
</BasicStmnt>
<BasicStmnt CovItemId="S38" CovItemPrefix="csse376_puerto_rico.Building.java" Intrnl_Id="1473">
<LocList>
<Loc EndOffset="1360" SrcFileId="10" StartOffset="1340"/>
</LocList>
</BasicStmnt>
<BasicStmnt CovItemId="S39" CovItemPrefix="csse376_puerto_rico.Building.java" Intrnl_Id="1474">
<LocList>
<Loc EndOffset="1371" SrcFileId="10" StartOffset="1365"/>
</LocList>
</BasicStmnt>
</StmntSeq>
</Branch>
<Branch CovItemId="B8" CovItemPrefix="csse376_puerto_rico.Building.java" Implct="false" Intrnl_Id="1475">
<Cond>
<Loc EndOffset="1394" SrcFileId="10" StartOffset="1377"/>
</Cond>
<LocList>
<Loc EndOffset="1483" SrcFileId="10" StartOffset="1400"/>
</LocList>
<StmntSeq Intrnl_Id="1476">
<LocList>
<Loc EndOffset="1409" SrcFileId="10" StartOffset="1400"/>
<Loc EndOffset="1425" SrcFileId="10" StartOffset="1414"/>
<Loc EndOffset="1447" SrcFileId="10" StartOffset="1430"/>
<Loc EndOffset="1472" SrcFileId="10" StartOffset="1452"/>
<Loc EndOffset="1483" SrcFileId="10" StartOffset="1477"/>
</LocList>
<BasicStmnt CovItemId="S40" CovItemPrefix="csse376_puerto_rico.Building.java" Intrnl_Id="1477">
<LocList>
<Loc EndOffset="1409" SrcFileId="10" StartOffset="1400"/>
</LocList>
</BasicStmnt>
<BasicStmnt CovItemId="S41" CovItemPrefix="csse376_puerto_rico.Building.java" Intrnl_Id="1478">
<LocList>
<Loc EndOffset="1425" SrcFileId="10" StartOffset="1414"/>
</LocList>
</BasicStmnt>
<BasicStmnt CovItemId="S42" CovItemPrefix="csse376_puerto_rico.Building.java" Intrnl_Id="1479">
<LocList>
<Loc EndOffset="1447" SrcFileId="10" StartOffset="1430"/>
</LocList>
</BasicStmnt>
<BasicStmnt CovItemId="S43" CovItemPrefix="csse376_puerto_rico.Building.java" Intrnl_Id="1480">
<LocList>
<Loc EndOffset="1472" SrcFileId="10" StartOffset="1452"/>
</LocList>
</BasicStmnt>
<BasicStmnt CovItemId="S44" CovItemPrefix="csse376_puerto_rico.Building.java" Intrnl_Id="1481">
<LocList>
<Loc EndOffset="1483" SrcFileId="10" StartOffset="1477"/>
</LocList>
</BasicStmnt>
</StmntSeq>
</Branch>
<Branch CovItemId="B9" CovItemPrefix="csse376_puerto_rico.Building.java" Implct="false" Intrnl_Id="1482">
<Cond>
<Loc EndOffset="1503" SrcFileId="10" StartOffset="1489"/>
</Cond>
<LocList>
<Loc EndOffset="1643" SrcFileId="10" StartOffset="1560"/>
</LocList>
<StmntSeq Intrnl_Id="1483">
<LocList>
<Loc EndOffset="1569" SrcFileId="10" StartOffset="1560"/>
<Loc EndOffset="1585" SrcFileId="10" StartOffset="1574"/>
<Loc EndOffset="1607" SrcFileId="10" StartOffset="1590"/>
<Loc EndOffset="1632" SrcFileId="10" StartOffset="1612"/>
<Loc EndOffset="1643" SrcFileId="10" StartOffset="1637"/>
</LocList>
<BasicStmnt CovItemId="S45" CovItemPrefix="csse376_puerto_rico.Building.java" Intrnl_Id="1484">
<LocList>
<Loc EndOffset="1569" SrcFileId="10" StartOffset="1560"/>
</LocList>
</BasicStmnt>
<BasicStmnt CovItemId="S46" CovItemPrefix="csse376_puerto_rico.Building.java" Intrnl_Id="1485">
<LocList>
<Loc EndOffset="1585" SrcFileId="10" StartOffset="1574"/>
</LocList>
</BasicStmnt>
<BasicStmnt CovItemId="S47" CovItemPrefix="csse376_puerto_rico.Building.java" Intrnl_Id="1486">
<LocList>
<Loc EndOffset="1607" SrcFileId="10" StartOffset="1590"/>
</LocList>
</BasicStmnt>
<BasicStmnt CovItemId="S48" CovItemPrefix="csse376_puerto_rico.Building.java" Intrnl_Id="1487">
<LocList>
<Loc EndOffset="1632" SrcFileId="10" StartOffset="1612"/>
</LocList>
</BasicStmnt>
<BasicStmnt CovItemId="S49" CovItemPrefix="csse376_puerto_rico.Building.java" Intrnl_Id="1488">
<LocList>
<Loc EndOffset="1643" SrcFileId="10" StartOffset="1637"/>
</LocList>
</BasicStmnt>
</StmntSeq>
</Branch>
<Branch CovItemId="B10" CovItemPrefix="csse376_puerto_rico.Building.java" Implct="false" Intrnl_Id="1489">
<Cond>
<Loc EndOffset="1662" SrcFileId="10" StartOffset="1649"/>
</Cond>
<LocList>
<Loc EndOffset="1798" SrcFileId="10" StartOffset="1715"/>
</LocList>
<StmntSeq Intrnl_Id="1490">
<LocList>
<Loc EndOffset="1724" SrcFileId="10" StartOffset="1715"/>
<Loc EndOffset="1740" SrcFileId="10" StartOffset="1729"/>
<Loc EndOffset="1762" SrcFileId="10" StartOffset="1745"/>
<Loc EndOffset="1787" SrcFileId="10" StartOffset="1767"/>
<Loc EndOffset="1798" SrcFileId="10" StartOffset="1792"/>
</LocList>
<BasicStmnt CovItemId="S50" CovItemPrefix="csse376_puerto_rico.Building.java" Intrnl_Id="1491">
<LocList>
<Loc EndOffset="1724" SrcFileId="10" StartOffset="1715"/>
</LocList>
</BasicStmnt>
<BasicStmnt CovItemId="S51" CovItemPrefix="csse376_puerto_rico.Building.java" Intrnl_Id="1492">
<LocList>
<Loc EndOffset="1740" SrcFileId="10" StartOffset="1729"/>
</LocList>
</BasicStmnt>
<BasicStmnt CovItemId="S52" CovItemPrefix="csse376_puerto_rico.Building.java" Intrnl_Id="1493">
<LocList>
<Loc EndOffset="1762" SrcFileId="10" StartOffset="1745"/>
</LocList>
</BasicStmnt>
<BasicStmnt CovItemId="S53" CovItemPrefix="csse376_puerto_rico.Building.java" Intrnl_Id="1494">
<LocList>
<Loc EndOffset="1787" SrcFileId="10" StartOffset="1767"/>
</LocList>
</BasicStmnt>
<BasicStmnt CovItemId="S54" CovItemPrefix="csse376_puerto_rico.Building.java" Intrnl_Id="1495">
<LocList>
<Loc EndOffset="1798" SrcFileId="10" StartOffset="1792"/>
</LocList>
</BasicStmnt>
</StmntSeq>
</Branch>
<Branch CovItemId="B11" CovItemPrefix="csse376_puerto_rico.Building.java" Implct="false" Intrnl_Id="1496">
<Cond>
<Loc EndOffset="1823" SrcFileId="10" StartOffset="1804"/>
</Cond>
<LocList>
<Loc EndOffset="1962" SrcFileId="10" StartOffset="1879"/>
</LocList>
<StmntSeq Intrnl_Id="1497">
<LocList>
<Loc EndOffset="1888" SrcFileId="10" StartOffset="1879"/>
<Loc EndOffset="1904" SrcFileId="10" StartOffset="1893"/>
<Loc EndOffset="1926" SrcFileId="10" StartOffset="1909"/>
<Loc EndOffset="1951" SrcFileId="10" StartOffset="1931"/>
<Loc EndOffset="1962" SrcFileId="10" StartOffset="1956"/>
</LocList>
<BasicStmnt CovItemId="S55" CovItemPrefix="csse376_puerto_rico.Building.java" Intrnl_Id="1498">
<LocList>
<Loc EndOffset="1888" SrcFileId="10" StartOffset="1879"/>
</LocList>
</BasicStmnt>
<BasicStmnt CovItemId="S56" CovItemPrefix="csse376_puerto_rico.Building.java" Intrnl_Id="1499">
<LocList>
<Loc EndOffset="1904" SrcFileId="10" StartOffset="1893"/>
</LocList>
</BasicStmnt>
<BasicStmnt CovItemId="S57" CovItemPrefix="csse376_puerto_rico.Building.java" Intrnl_Id="1500">
<LocList>
<Loc EndOffset="1926" SrcFileId="10" StartOffset="1909"/>
</LocList>
</BasicStmnt>
<BasicStmnt CovItemId="S58" CovItemPrefix="csse376_puerto_rico.Building.java" Intrnl_Id="1501">
<LocList>
<Loc EndOffset="1951" SrcFileId="10" StartOffset="1931"/>
</LocList>
</BasicStmnt>
<BasicStmnt CovItemId="S59" CovItemPrefix="csse376_puerto_rico.Building.java" Intrnl_Id="1502">
<LocList>
<Loc EndOffset="1962" SrcFileId="10" StartOffset="1956"/>
</LocList>
</BasicStmnt>
</StmntSeq>
</Branch>
<Branch CovItemId="B12" CovItemPrefix="csse376_puerto_rico.Building.java" Implct="false" Intrnl_Id="1503">
<Cond>
<Loc EndOffset="1990" SrcFileId="10" StartOffset="1968"/>
</Cond>
<LocList>
<Loc EndOffset="2176" SrcFileId="10" StartOffset="2044"/>
</LocList>
<StmntSeq Intrnl_Id="1504">
<LocList>
<Loc EndOffset="2053" SrcFileId="10" StartOffset="2044"/>
<Loc EndOffset="2069" SrcFileId="10" StartOffset="2058"/>
<Loc EndOffset="2091" SrcFileId="10" StartOffset="2074"/>
<Loc EndOffset="2116" SrcFileId="10" StartOffset="2096"/>
<Loc EndOffset="2137" SrcFileId="10" StartOffset="2121"/>
<Loc EndOffset="2165" SrcFileId="10" StartOffset="2142"/>
<Loc EndOffset="2176" SrcFileId="10" StartOffset="2170"/>
</LocList>
<BasicStmnt CovItemId="S60" CovItemPrefix="csse376_puerto_rico.Building.java" Intrnl_Id="1505">
<LocList>
<Loc EndOffset="2053" SrcFileId="10" StartOffset="2044"/>
</LocList>
</BasicStmnt>
<BasicStmnt CovItemId="S61" CovItemPrefix="csse376_puerto_rico.Building.java" Intrnl_Id="1506">
<LocList>
<Loc EndOffset="2069" SrcFileId="10" StartOffset="2058"/>
</LocList>
</BasicStmnt>
<BasicStmnt CovItemId="S62" CovItemPrefix="csse376_puerto_rico.Building.java" Intrnl_Id="1507">
<LocList>
<Loc EndOffset="2091" SrcFileId="10" StartOffset="2074"/>
</LocList>
</BasicStmnt>
<BasicStmnt CovItemId="S63" CovItemPrefix="csse376_puerto_rico.Building.java" Intrnl_Id="1508">
<LocList>
<Loc EndOffset="2116" SrcFileId="10" StartOffset="2096"/>
</LocList>
</BasicStmnt>
<BasicStmnt CovItemId="S64" CovItemPrefix="csse376_puerto_rico.Building.java" Intrnl_Id="1509">
<LocList>
<Loc EndOffset="2137" SrcFileId="10" StartOffset="2121"/>
</LocList>
</BasicStmnt>
<BasicStmnt CovItemId="S65" CovItemPrefix="csse376_puerto_rico.Building.java" Intrnl_Id="1510">
<LocList>
<Loc EndOffset="2165" SrcFileId="10" StartOffset="2142"/>
</LocList>
</BasicStmnt>
<BasicStmnt CovItemId="S66" CovItemPrefix="csse376_puerto_rico.Building.java" Intrnl_Id="1511">
<LocList>
<Loc EndOffset="2176" SrcFileId="10" StartOffset="2170"/>
</LocList>
</BasicStmnt>
</StmntSeq>
</Branch>
<Branch CovItemId="B13" CovItemPrefix="csse376_puerto_rico.Building.java" Implct="false" Intrnl_Id="1512">
<Cond>
<Loc EndOffset="2204" SrcFileId="10" StartOffset="2182"/>
</Cond>
<LocList>
<Loc EndOffset="2293" SrcFileId="10" StartOffset="2210"/>
</LocList>
<StmntSeq Intrnl_Id="1513">
<LocList>
<Loc EndOffset="2219" SrcFileId="10" StartOffset="2210"/>
<Loc EndOffset="2235" SrcFileId="10" StartOffset="2224"/>
<Loc EndOffset="2257" SrcFileId="10" StartOffset="2240"/>
<Loc EndOffset="2282" SrcFileId="10" StartOffset="2262"/>
<Loc EndOffset="2293" SrcFileId="10" StartOffset="2287"/>
</LocList>
<BasicStmnt CovItemId="S67" CovItemPrefix="csse376_puerto_rico.Building.java" Intrnl_Id="1514">
<LocList>
<Loc EndOffset="2219" SrcFileId="10" StartOffset="2210"/>
</LocList>
</BasicStmnt>
<BasicStmnt CovItemId="S68" CovItemPrefix="csse376_puerto_rico.Building.java" Intrnl_Id="1515">
<LocList>
<Loc EndOffset="2235" SrcFileId="10" StartOffset="2224"/>
</LocList>
</BasicStmnt>
<BasicStmnt CovItemId="S69" CovItemPrefix="csse376_puerto_rico.Building.java" Intrnl_Id="1516">
<LocList>
<Loc EndOffset="2257" SrcFileId="10" StartOffset="2240"/>
</LocList>
</BasicStmnt>
<BasicStmnt CovItemId="S70" CovItemPrefix="csse376_puerto_rico.Building.java" Intrnl_Id="1517">
<LocList>
<Loc EndOffset="2282" SrcFileId="10" StartOffset="2262"/>
</LocList>
</BasicStmnt>
<BasicStmnt CovItemId="S71" CovItemPrefix="csse376_puerto_rico.Building.java" Intrnl_Id="1518">
<LocList>
<Loc EndOffset="2293" SrcFileId="10" StartOffset="2287"/>
</LocList>
</BasicStmnt>
</StmntSeq>
</Branch>
<Branch CovItemId="B14" CovItemPrefix="csse376_puerto_rico.Building.java" Implct="false" Intrnl_Id="1519">
<Cond>
<Loc EndOffset="2320" SrcFileId="10" StartOffset="2299"/>
</Cond>
<LocList>
<Loc EndOffset="2409" SrcFileId="10" StartOffset="2326"/>
</LocList>
<StmntSeq Intrnl_Id="1520">
<LocList>
<Loc EndOffset="2335" SrcFileId="10" StartOffset="2326"/>
<Loc EndOffset="2351" SrcFileId="10" StartOffset="2340"/>
<Loc EndOffset="2373" SrcFileId="10" StartOffset="2356"/>
<Loc EndOffset="2398" SrcFileId="10" StartOffset="2378"/>
<Loc EndOffset="2409" SrcFileId="10" StartOffset="2403"/>
</LocList>
<BasicStmnt CovItemId="S72" CovItemPrefix="csse376_puerto_rico.Building.java" Intrnl_Id="1521">
<LocList>
<Loc EndOffset="2335" SrcFileId="10" StartOffset="2326"/>
</LocList>
</BasicStmnt>
<BasicStmnt CovItemId="S73" CovItemPrefix="csse376_puerto_rico.Building.java" Intrnl_Id="1522">
<LocList>
<Loc EndOffset="2351" SrcFileId="10" StartOffset="2340"/>
</LocList>
</BasicStmnt>
<BasicStmnt CovItemId="S74" CovItemPrefix="csse376_puerto_rico.Building.java" Intrnl_Id="1523">
<LocList>
<Loc EndOffset="2373" SrcFileId="10" StartOffset="2356"/>
</LocList>
</BasicStmnt>
<BasicStmnt CovItemId="S75" CovItemPrefix="csse376_puerto_rico.Building.java" Intrnl_Id="1524">
<LocList>
<Loc EndOffset="2398" SrcFileId="10" StartOffset="2378"/>
</LocList>
</BasicStmnt>
<BasicStmnt CovItemId="S76" CovItemPrefix="csse376_puerto_rico.Building.java" Intrnl_Id="1525">
<LocList>
<Loc EndOffset="2409" SrcFileId="10" StartOffset="2403"/>
</LocList>
</BasicStmnt>
</StmntSeq>
</Branch>
<Branch CovItemId="B15" CovItemPrefix="csse376_puerto_rico.Building.java" Implct="false" Intrnl_Id="1526">
<Cond>
<Loc EndOffset="2429" SrcFileId="10" StartOffset="2415"/>
</Cond>
<LocList>
<Loc EndOffset="2585" SrcFileId="10" StartOffset="2502"/>
</LocList>
<StmntSeq Intrnl_Id="1527">
<LocList>
<Loc EndOffset="2511" SrcFileId="10" StartOffset="2502"/>
<Loc EndOffset="2527" SrcFileId="10" StartOffset="2516"/>
<Loc EndOffset="2549" SrcFileId="10" StartOffset="2532"/>
<Loc EndOffset="2574" SrcFileId="10" StartOffset="2554"/>
<Loc EndOffset="2585" SrcFileId="10" StartOffset="2579"/>
</LocList>
<BasicStmnt CovItemId="S77" CovItemPrefix="csse376_puerto_rico.Building.java" Intrnl_Id="1528">
<LocList>
<Loc EndOffset="2511" SrcFileId="10" StartOffset="2502"/>
</LocList>
</BasicStmnt>
<BasicStmnt CovItemId="S78" CovItemPrefix="csse376_puerto_rico.Building.java" Intrnl_Id="1529">
<LocList>
<Loc EndOffset="2527" SrcFileId="10" StartOffset="2516"/>
</LocList>
</BasicStmnt>
<BasicStmnt CovItemId="S79" CovItemPrefix="csse376_puerto_rico.Building.java" Intrnl_Id="1530">
<LocList>
<Loc EndOffset="2549" SrcFileId="10" StartOffset="2532"/>
</LocList>
</BasicStmnt>
<BasicStmnt CovItemId="S80" CovItemPrefix="csse376_puerto_rico.Building.java" Intrnl_Id="1531">
<LocList>
<Loc EndOffset="2574" SrcFileId="10" StartOffset="2554"/>
</LocList>
</BasicStmnt>
<BasicStmnt CovItemId="S81" CovItemPrefix="csse376_puerto_rico.Building.java" Intrnl_Id="1532">
<LocList>
<Loc EndOffset="2585" SrcFileId="10" StartOffset="2579"/>
</LocList>
</BasicStmnt>
</StmntSeq>
</Branch>
<Branch CovItemId="B16" CovItemPrefix="csse376_puerto_rico.Building.java" Implct="false" Intrnl_Id="1533">
<Cond>
<Loc EndOffset="2608" SrcFileId="10" StartOffset="2591"/>
</Cond>
<LocList>
<Loc EndOffset="2748" SrcFileId="10" StartOffset="2665"/>
</LocList>
<StmntSeq Intrnl_Id="1534">
<LocList>
<Loc EndOffset="2674" SrcFileId="10" StartOffset="2665"/>
<Loc EndOffset="2690" SrcFileId="10" StartOffset="2679"/>
<Loc EndOffset="2712" SrcFileId="10" StartOffset="2695"/>
<Loc EndOffset="2737" SrcFileId="10" StartOffset="2717"/>
<Loc EndOffset="2748" SrcFileId="10" StartOffset="2742"/>
</LocList>
<BasicStmnt CovItemId="S82" CovItemPrefix="csse376_puerto_rico.Building.java" Intrnl_Id="1535">
<LocList>
<Loc EndOffset="2674" SrcFileId="10" StartOffset="2665"/>
</LocList>
</BasicStmnt>
<BasicStmnt CovItemId="S83" CovItemPrefix="csse376_puerto_rico.Building.java" Intrnl_Id="1536">
<LocList>
<Loc EndOffset="2690" SrcFileId="10" StartOffset="2679"/>
</LocList>
</BasicStmnt>
<BasicStmnt CovItemId="S84" CovItemPrefix="csse376_puerto_rico.Building.java" Intrnl_Id="1537">
<LocList>
<Loc EndOffset="2712" SrcFileId="10" StartOffset="2695"/>
</LocList>
</BasicStmnt>
<BasicStmnt CovItemId="S85" CovItemPrefix="csse376_puerto_rico.Building.java" Intrnl_Id="1538">
<LocList>
<Loc EndOffset="2737" SrcFileId="10" StartOffset="2717"/>
</LocList>
</BasicStmnt>
<BasicStmnt CovItemId="S86" CovItemPrefix="csse376_puerto_rico.Building.java" Intrnl_Id="1539">
<LocList>
<Loc EndOffset="2748" SrcFileId="10" StartOffset="2742"/>
</LocList>
</BasicStmnt>
</StmntSeq>
</Branch>
<Branch CovItemId="B17" CovItemPrefix="csse376_puerto_rico.Building.java" Implct="false" Intrnl_Id="1540">
<Cond>
<Loc EndOffset="2767" SrcFileId="10" StartOffset="2754"/>
</Cond>
<LocList>
<Loc EndOffset="2912" SrcFileId="10" StartOffset="2829"/>
</LocList>
<StmntSeq Intrnl_Id="1541">
<LocList>
<Loc EndOffset="2838" SrcFileId="10" StartOffset="2829"/>
<Loc EndOffset="2854" SrcFileId="10" StartOffset="2843"/>
<Loc EndOffset="2876" SrcFileId="10" StartOffset="2859"/>
<Loc EndOffset="2901" SrcFileId="10" StartOffset="2881"/>
<Loc EndOffset="2912" SrcFileId="10" StartOffset="2906"/>
</LocList>
<BasicStmnt CovItemId="S87" CovItemPrefix="csse376_puerto_rico.Building.java" Intrnl_Id="1542">
<LocList>
<Loc EndOffset="2838" SrcFileId="10" StartOffset="2829"/>
</LocList>
</BasicStmnt>
<BasicStmnt CovItemId="S88" CovItemPrefix="csse376_puerto_rico.Building.java" Intrnl_Id="1543">
<LocList>
<Loc EndOffset="2854" SrcFileId="10" StartOffset="2843"/>
</LocList>
</BasicStmnt>
<BasicStmnt CovItemId="S89" CovItemPrefix="csse376_puerto_rico.Building.java" Intrnl_Id="1544">
<LocList>
<Loc EndOffset="2876" SrcFileId="10" StartOffset="2859"/>
</LocList>
</BasicStmnt>
<BasicStmnt CovItemId="S90" CovItemPrefix="csse376_puerto_rico.Building.java" Intrnl_Id="1545">
<LocList>
<Loc EndOffset="2901" SrcFileId="10" StartOffset="2881"/>
</LocList>
</BasicStmnt>
<BasicStmnt CovItemId="S91" CovItemPrefix="csse376_puerto_rico.Building.java" Intrnl_Id="1546">
<LocList>
<Loc EndOffset="2912" SrcFileId="10" StartOffset="2906"/>
</LocList>
</BasicStmnt>
</StmntSeq>
</Branch>
<Branch CovItemId="B18" CovItemPrefix="csse376_puerto_rico.Building.java" Implct="false" Intrnl_Id="1547">
<Cond>
<Loc EndOffset="2930" SrcFileId="10" StartOffset="2918"/>
</Cond>
<LocList>
<Loc EndOffset="3057" SrcFileId="10" StartOffset="2974"/>
</LocList>
<StmntSeq Intrnl_Id="1548">
<LocList>
<Loc EndOffset="2983" SrcFileId="10" StartOffset="2974"/>
<Loc EndOffset="2999" SrcFileId="10" StartOffset="2988"/>
<Loc EndOffset="3021" SrcFileId="10" StartOffset="3004"/>
<Loc EndOffset="3046" SrcFileId="10" StartOffset="3026"/>
<Loc EndOffset="3057" SrcFileId="10" StartOffset="3051"/>
</LocList>
<BasicStmnt CovItemId="S92" CovItemPrefix="csse376_puerto_rico.Building.java" Intrnl_Id="1549">
<LocList>
<Loc EndOffset="2983" SrcFileId="10" StartOffset="2974"/>
</LocList>
</BasicStmnt>
<BasicStmnt CovItemId="S93" CovItemPrefix="csse376_puerto_rico.Building.java" Intrnl_Id="1550">
<LocList>
<Loc EndOffset="2999" SrcFileId="10" StartOffset="2988"/>
</LocList>
</BasicStmnt>
<BasicStmnt CovItemId="S94" CovItemPrefix="csse376_puerto_rico.Building.java" Intrnl_Id="1551">
<LocList>
<Loc EndOffset="3021" SrcFileId="10" StartOffset="3004"/>
</LocList>
</BasicStmnt>
<BasicStmnt CovItemId="S95" CovItemPrefix="csse376_puerto_rico.Building.java" Intrnl_Id="1552">
<LocList>
<Loc EndOffset="3046" SrcFileId="10" StartOffset="3026"/>
</LocList>
</BasicStmnt>
<BasicStmnt CovItemId="S96" CovItemPrefix="csse376_puerto_rico.Building.java" Intrnl_Id="1553">
<LocList>
<Loc EndOffset="3057" SrcFileId="10" StartOffset="3051"/>
</LocList>
</BasicStmnt>
</StmntSeq>
</Branch>
<Branch CovItemId="B19" CovItemPrefix="csse376_puerto_rico.Building.java" Implct="false" Intrnl_Id="1554">
<Cond>
<Loc EndOffset="3070" SrcFileId="10" StartOffset="3063"/>
</Cond>
<LocList>
<Loc EndOffset="3148" SrcFileId="10" StartOffset="3076"/>
</LocList>
<StmntSeq Intrnl_Id="1555">
<LocList>
<Loc EndOffset="3085" SrcFileId="10" StartOffset="3076"/>
<Loc EndOffset="3101" SrcFileId="10" StartOffset="3090"/>
<Loc EndOffset="3123" SrcFileId="10" StartOffset="3106"/>
<Loc EndOffset="3148" SrcFileId="10" StartOffset="3128"/>
</LocList>
<BasicStmnt CovItemId="S97" CovItemPrefix="csse376_puerto_rico.Building.java" Intrnl_Id="1556">
<LocList>
<Loc EndOffset="3085" SrcFileId="10" StartOffset="3076"/>
</LocList>
</BasicStmnt>
<BasicStmnt CovItemId="S98" CovItemPrefix="csse376_puerto_rico.Building.java" Intrnl_Id="1557">
<LocList>
<Loc EndOffset="3101" SrcFileId="10" StartOffset="3090"/>
</LocList>
</BasicStmnt>
<BasicStmnt CovItemId="S99" CovItemPrefix="csse376_puerto_rico.Building.java" Intrnl_Id="1558">
<LocList>
<Loc EndOffset="3123" SrcFileId="10" StartOffset="3106"/>
</LocList>
</BasicStmnt>
<BasicStmnt CovItemId="S100" CovItemPrefix="csse376_puerto_rico.Building.java" Intrnl_Id="1559">
<LocList>
<Loc EndOffset="3148" SrcFileId="10" StartOffset="3128"/>
</LocList>
</BasicStmnt>
</StmntSeq>
</Branch>
<Keyword EndOffset="307" SrcFileId="10" StartOffset="301"/>
<LocList>
<Loc EndOffset="3153" SrcFileId="10" StartOffset="301"/>
</LocList>
</CondStmnt>
</StmntSeq>
</HierarchyLvl>
<HierarchyLvl HierarchyLvlId="7582" HierarchyLvlTypeId="16" Intrnl_Id="1560" Name="isOccupied">
<Header>
<Loc EndOffset="3191" SrcFileId="10" StartOffset="3164"/>
</Header>
<LocList>
<Loc EndOffset="3258" SrcFileId="10" StartOffset="3164"/>
</LocList>
<StmntSeq Intrnl_Id="1561">
<LocList>
<Loc EndOffset="3254" SrcFileId="10" StartOffset="3197"/>
</LocList>
<BasicStmnt CovItemId="S101" CovItemPrefix="csse376_puerto_rico.Building.java" Intrnl_Id="1562">
<LocList>
<Loc EndOffset="3254" SrcFileId="10" StartOffset="3197"/>
</LocList>
</BasicStmnt>
</StmntSeq>
</HierarchyLvl>
</HierarchyLvl>
</HierarchyLvl>
</HierarchyLvl>
</MASTRoot>
</TestSessionContainer>
