<?xml version="1.0" encoding="UTF-8"?><TestSessionContainer xmlns="http://www.codecover.org/xml/testsession-container" Date="1431711865782" TestSessionContainerId="2b398186-dfd9-488c-8a8b-3e95250dd5a5" version="1.0">
<SrcFileList>
<SrcFile Content="package csse376_puerto_rico;&#10;&#10;import java.awt.Color;&#10;&#10;import javax.swing.ButtonGroup;&#10;import javax.swing.JButton;&#10;import javax.swing.JFrame;&#10;import javax.swing.JPanel;&#10;import javax.swing.JRadioButton;&#10;&#10;public class StartUpGameBoardGUI {&#10;&#10;&#9;private JFrame mainframe;&#10;&#10;&#9;public StartUpGameBoardGUI(JFrame frame) {&#10;&#9;&#9;this.mainframe = frame;&#10;&#9;&#9;this.mainframe.getContentPane().removeAll();&#10;&#9;&#9;this.mainframe.getContentPane().revalidate();&#10;&#9;&#9;this.mainframe.setBackground(Color.BLACK);&#10;&#9;&#9;this.mainframe.setTitle(&quot;Choose Players&quot;);&#10;&#10;&#9;&#9;JPanel mainPanel = new JPanel();&#10;&#9;&#9;&#10;&#9;&#9;ButtonGroup group = new ButtonGroup();&#10;&#9;&#9;JRadioButton rb3 = new JRadioButton(&quot;3&quot;, true);&#10;&#9;&#9;JRadioButton rb4 = new JRadioButton(&quot;4&quot;, false);&#10;&#9;&#9;JRadioButton rb5 = new JRadioButton(&quot;5&quot;, false);&#10;&#9;&#9;group.add(rb3);&#10;&#9;&#9;group.add(rb4);&#10;&#9;&#9;group.add(rb5);&#10;&#9;&#9;&#10;&#9;&#9;JButton startButton = new JButton(&quot;Start&quot;);&#10;&#9;&#9;startButton.addActionListener(new ButtonHandler(this.mainframe, group));&#10;&#9;&#9;&#10;&#9;&#9;mainPanel.add(rb3);&#10;&#9;&#9;mainPanel.add(rb4);&#10;&#9;&#9;mainPanel.add(rb5);&#10;&#9;&#9;mainPanel.add(startButton);&#10;&#9;&#9;&#10;&#9;&#9;this.mainframe.add(mainPanel);&#10;&#9;}&#10;&#10;}&#10;" Filename="StartUpGameBoardGUI.java" Intrnl_Id="1"/>
<SrcFile Content="package csse376_puerto_rico;&#13;&#10;&#13;&#10;import java.util.ArrayList;&#13;&#10;import java.util.List;&#13;&#10;&#13;&#10;/**&#13;&#10; * List of roles&#13;&#10; *&#13;&#10; * @author songm. Created Apr 22, 2015.&#13;&#10; */&#13;&#10;public class PlayerRoles {&#13;&#10;&#9;public static final String Settler = &quot;Settler&quot;;&#13;&#10;&#9;public static final String Builder = &quot;Builder&quot;;&#13;&#10;&#9;public static final String Craftsman = &quot;Craftsman&quot;;&#13;&#10;&#9;public static final String Trader = &quot;Trader&quot;;&#13;&#10;&#9;public static final String Captain = &quot;Captain&quot;;&#13;&#10;&#9;public static final String Prospector = &quot;Prospector&quot;;&#13;&#10;&#9;public static final String Mayor = &quot;Mayor&quot;;&#13;&#10;&#13;&#10;&#9;private PlayerRoles() {&#13;&#10;&#9;&#9;// null constructor&#13;&#10;&#9;}&#13;&#10;&#13;&#10;&#9;public static List&lt;String&gt; getValues() {&#13;&#10;&#9;&#9;List&lt;String&gt; rtn = new ArrayList&lt;String&gt;();&#13;&#10;&#13;&#10;&#9;&#9;rtn.add(Settler);&#13;&#10;&#9;&#9;rtn.add(Builder);&#13;&#10;&#9;&#9;rtn.add(Craftsman);&#13;&#10;&#9;&#9;rtn.add(Trader);&#13;&#10;&#9;&#9;rtn.add(Captain);&#13;&#10;&#9;&#9;rtn.add(Prospector);&#13;&#10;&#9;&#9;rtn.add(Mayor);&#13;&#10;&#13;&#10;&#9;&#9;return rtn;&#13;&#10;&#9;}&#13;&#10;}&#13;&#10;" Filename="PlayerRoles.java" Intrnl_Id="2"/>
<SrcFile Content="package csse376_puerto_rico;&#13;&#10;&#13;&#10;import java.util.ArrayList;&#13;&#10;import java.util.Arrays;&#13;&#10;import java.util.HashMap;&#13;&#10;import java.util.List;&#13;&#10;&#13;&#10;import javax.swing.JTextArea;&#13;&#10;&#13;&#10;import csse376_puerto_rico.Buildings.Building;&#13;&#10;&#13;&#10;public class Player {&#13;&#10;&#13;&#10;&#9;private int pNum;&#13;&#10;&#9;private int doubloons;&#13;&#10;&#9;private String role;&#13;&#10;&#9;private JTextArea hud;&#13;&#10;&#9;public boolean isTurn;&#13;&#10;&#9;public boolean isGovernor;&#13;&#10;&#9;private int points = 0;&#13;&#10;&#13;&#10;&#9;private ArrayList&lt;Building&gt; buildings = new ArrayList&lt;Building&gt;();&#13;&#10;&#13;&#10;&#9;public static class Good {&#13;&#10;&#9;&#9;public static final String COFFEE = &quot;Coffee&quot;;&#13;&#10;&#9;&#9;public static final String TOBACCO = &quot;Tobacco&quot;;&#13;&#10;&#9;&#9;public static final String CORN = &quot;Corn&quot;;&#13;&#10;&#9;&#9;public static final String SUGAR = &quot;Sugar&quot;;&#13;&#10;&#9;&#9;public static final String INDIGO = &quot;Indigo&quot;;&#13;&#10;&#9;}&#13;&#10;&#13;&#10;&#9;public static class Plantation {&#13;&#10;&#9;&#9;public String good;&#13;&#10;&#9;&#9;public boolean hasWorker;&#13;&#10;&#13;&#10;&#9;&#9;public Plantation(String good, boolean hasWorker) {&#13;&#10;&#9;&#9;&#9;this.good = good;&#13;&#10;&#9;&#9;&#9;this.hasWorker = hasWorker;&#13;&#10;&#9;&#9;}&#13;&#10;&#9;}&#13;&#10;&#13;&#10;&#9;private ArrayList&lt;Plantation&gt; plantations = new ArrayList&lt;Plantation&gt;();&#13;&#10;&#9;private HashMap&lt;String, Integer&gt; goods = new HashMap&lt;String, Integer&gt;();&#13;&#10;&#9;private static List&lt;String&gt; roles = PlayerRoles.getValues();&#13;&#10;&#13;&#10;&#9;// For Testing purposes, null player&#13;&#10;&#9;public Player() {&#13;&#10;&#9;&#9;this.doubloons = 0;&#13;&#10;&#9;&#9;this.pNum = 0;&#13;&#10;&#9;&#9;this.role = &quot;&quot;;&#13;&#10;&#9;&#9;this.isGovernor = false;&#13;&#10;&#9;&#9;this.hud = new JTextArea();&#13;&#10;&#9;&#9;for (String s : this.getAllGoods()) {&#13;&#10;&#9;&#9;&#9;this.goods.put(s, 0);&#13;&#10;&#9;&#9;}&#13;&#10;&#9;}&#13;&#10;&#13;&#10;&#9;public Player(String role) {&#13;&#10;&#9;&#9;this.role = role;&#13;&#10;&#9;&#9;this.doubloons = 0;&#13;&#10;&#9;&#9;this.isGovernor = false;&#13;&#10;&#9;&#9;this.isTurn = false;&#13;&#10;&#9;&#9;this.hud = null;&#13;&#10;&#9;&#9;for (String s : this.getAllGoods()) {&#13;&#10;&#9;&#9;&#9;this.goods.put(s, 0);&#13;&#10;&#9;&#9;}&#13;&#10;&#9;}&#13;&#10;&#13;&#10;&#9;public void setPlayerNum(int i) {&#13;&#10;&#9;&#9;this.pNum = i;&#13;&#10;&#13;&#10;&#9;}&#13;&#10;&#13;&#10;&#9;public int getPlayerNum() {&#13;&#10;&#9;&#9;return this.pNum;&#13;&#10;&#9;}&#13;&#10;&#13;&#10;&#9;public String getRole() {&#13;&#10;&#9;&#9;return this.role;&#13;&#10;&#9;}&#13;&#10;&#13;&#10;&#9;public static List&lt;String&gt; getRoles() {&#13;&#10;&#13;&#10;&#9;&#9;return roles;&#13;&#10;&#9;}&#13;&#10;&#13;&#10;&#9;public int getPoints() {&#13;&#10;&#9;&#9;return points;&#13;&#10;&#9;}&#13;&#10;&#13;&#10;&#9;public JTextArea getHUD() {&#13;&#10;&#9;&#9;return this.hud;&#13;&#10;&#9;}&#13;&#10;&#13;&#10;&#9;public void setHUD(JTextArea hud) {&#13;&#10;&#9;&#9;this.hud = hud;&#13;&#10;&#9;}&#13;&#10;&#13;&#10;&#9;public boolean isGovernor() {&#13;&#10;&#9;&#9;return isGovernor;&#13;&#10;&#9;}&#13;&#10;&#13;&#10;&#9;public void addPoints(int addition) {&#13;&#10;&#9;&#9;this.points = this.points + addition;&#13;&#10;&#9;}&#13;&#10;&#13;&#10;&#9;// Test method&#13;&#10;&#9;public void setPoints(int points) {&#13;&#10;&#9;&#9;// This method is strictly for setting points&#13;&#10;&#9;&#9;this.points = points;&#13;&#10;&#9;}&#13;&#10;&#13;&#10;&#9;public void setRole(String string) {&#13;&#10;&#9;&#9;this.role = string;&#13;&#10;&#9;}&#13;&#10;&#13;&#10;&#9;public void addBuilding(Building building) {&#13;&#10;&#9;&#9;buildings.add(building);&#13;&#10;&#9;}&#13;&#10;&#9;&#13;&#10;&#9;public boolean ownsBuilding(String building){&#13;&#10;&#9;&#9;return getBuildingsStringList().contains(building);&#13;&#10;&#9;}&#13;&#10;&#9;&#13;&#10;&#9;public boolean ownsOccupiedBuilding(String building){&#13;&#10;&#9;&#9;return getOccupiedBuildingsStringList().contains(building);&#13;&#10;&#9;}&#13;&#10;&#13;&#10;&#9;public ArrayList&lt;String&gt; getBuildingsStringList() {&#13;&#10;&#9;&#9;ArrayList&lt;String&gt; rtn = new ArrayList&lt;String&gt;();&#13;&#10;&#9;&#9;for (Building b : this.buildings) {&#13;&#10;&#9;&#9;&#9;rtn.add(b.name);&#13;&#10;&#9;&#9;}&#13;&#10;&#9;&#9;return rtn;&#13;&#10;&#9;}&#13;&#10;&#13;&#10;&#9;public ArrayList&lt;Building&gt; getBuildings() {&#13;&#10;&#9;&#9;return this.buildings;&#13;&#10;&#9;}&#13;&#10;&#9;&#13;&#10;&#9;public Building getBuilding(String building){&#13;&#10;&#9;&#9;if(this.getBuildingsStringList().contains(building)){&#13;&#10;&#9;&#9;&#9;for(Building b : this.buildings){&#13;&#10;&#9;&#9;&#9;&#9;if(b.name == building){&#13;&#10;&#9;&#9;&#9;&#9;&#9;return b;&#13;&#10;&#9;&#9;&#9;&#9;}&#13;&#10;&#9;&#9;&#9;}&#13;&#10;&#9;&#9;}&#13;&#10;&#9;&#9;return null;&#13;&#10;&#9;}&#13;&#10;&#9;&#13;&#10;&#9;public ArrayList&lt;Building&gt; getOccupiedBuildings(){&#13;&#10;&#9;&#9;ArrayList&lt;Building&gt; occupiedList = new ArrayList&lt;Building&gt;();&#13;&#10;&#9;&#9;for(Building b: this.buildings){&#13;&#10;&#9;&#9;&#9;if((b.numberOfJobs - b.numberOfWorkers) == 0){&#13;&#10;&#9;&#9;&#9;&#9;occupiedList.add(b);&#13;&#10;&#9;&#9;&#9;}&#13;&#10;&#9;&#9;}&#13;&#10;&#9;&#9;return occupiedList;&#13;&#10;&#9;}&#13;&#10;&#9;&#13;&#10;&#9;public ArrayList&lt;String&gt; getOccupiedBuildingsStringList() {&#13;&#10;&#9;&#9;ArrayList&lt;String&gt; rtn = new ArrayList&lt;String&gt;();&#13;&#10;&#9;&#9;for (Building b : this.getOccupiedBuildings()) {&#13;&#10;&#9;&#9;&#9;rtn.add(b.name);&#13;&#10;&#9;&#9;}&#13;&#10;&#9;&#9;return rtn;&#13;&#10;&#9;}&#13;&#10;&#13;&#10;&#9;public List&lt;String&gt; getGoods() {&#13;&#10;&#9;&#9;//&#13;&#10;&#9;&#9;List&lt;String&gt; rtn = new ArrayList&lt;String&gt;();&#13;&#10;&#9;&#9;String coffee = &quot;Coffee: &quot;&#13;&#10;&#9;&#9;&#9;&#9;+ Integer.toString((getNumberOfGood(&quot;Coffee&quot;)));&#13;&#10;&#9;&#9;String tobacco = &quot;Tobacco: &quot;&#13;&#10;&#9;&#9;&#9;&#9;+ Integer.toString((getNumberOfGood(&quot;Tobacco&quot;)));&#13;&#10;&#9;&#9;String corn = &quot;Corn: &quot; + Integer.toString((getNumberOfGood(&quot;Corn&quot;)));&#13;&#10;&#9;&#9;String sugar = &quot;Sugar: &quot; + Integer.toString((getNumberOfGood(&quot;Sugar&quot;)));&#13;&#10;&#9;&#9;String indigo = &quot;Indigo: &quot;&#13;&#10;&#9;&#9;&#9;&#9;+ Integer.toString((getNumberOfGood(&quot;Indigo&quot;)));&#13;&#10;&#9;&#9;rtn.addAll(Arrays.asList(coffee, corn, tobacco, sugar, indigo));&#13;&#10;&#9;&#9;return rtn;&#13;&#10;&#9;}&#13;&#10;&#13;&#10;&#9;public int getNumberOfGood(String good) {&#13;&#10;&#9;&#9;// added case where there were no goods&#13;&#10;&#9;&#9;if (this.goods.get(good) == null) {&#13;&#10;&#9;&#9;&#9;return 0;&#13;&#10;&#9;&#9;}&#13;&#10;&#9;&#9;return this.goods.get(good);&#13;&#10;&#13;&#10;&#9;}&#13;&#10;&#13;&#10;&#9;public List&lt;String&gt; getAllGoods() {&#13;&#10;&#9;&#9;List&lt;String&gt; rtn = new ArrayList&lt;String&gt;();&#13;&#10;&#9;&#9;rtn.addAll(Arrays.asList(Good.COFFEE, Good.CORN, Good.INDIGO,&#13;&#10;&#9;&#9;&#9;&#9;Good.SUGAR, Good.TOBACCO));&#13;&#10;&#9;&#9;return rtn;&#13;&#10;&#9;}&#13;&#10;&#13;&#10;&#9;public void addGood(String good, int number) {&#13;&#10;&#9;&#9;// adds the number to the original&#13;&#10;&#9;&#9;this.goods.put(good, this.goods.get(good) + number);&#13;&#10;&#9;}&#13;&#10;&#13;&#10;&#9;@Override&#13;&#10;&#9;public String toString() {&#13;&#10;&#9;&#9;String rtn = &quot;&quot;;&#13;&#10;&#9;&#9;String buildingList = &quot;&quot;;&#13;&#10;&#9;&#9;String goodsList = this.getGoods().toString();&#13;&#10;&#9;&#9;String plantationList = &quot;&quot;;&#13;&#10;&#9;&#9;for (int i = 0; i &lt; this.buildings.size(); i++) {&#13;&#10;&#9;&#9;&#9;buildingList = buildingList + &quot; &quot; + this.buildings.get(i).name;&#13;&#10;&#9;&#9;}&#13;&#10;&#9;&#9;for (int i = 0; i &lt; this.plantations.size(); i++) {&#13;&#10;&#9;&#9;&#9;plantationList = plantationList + &quot; &quot;&#13;&#10;&#9;&#9;&#9;&#9;&#9;+ this.plantations.get(i).good;&#13;&#10;&#9;&#9;}&#13;&#10;&#9;&#9;if (isGovernor) {&#13;&#10;&#9;&#9;&#9;rtn = String&#13;&#10;&#9;&#9;&#9;&#9;&#9;.format(&quot;Player %d \nRole: %s \nScore: %d \nDoubloons: %d \nBuilding: %s \nPlantation: %s \nGoods: %s \nGovernor&quot;,&#13;&#10;&#9;&#9;&#9;&#9;&#9;&#9;&#9;pNum, role, points, doubloons, buildingList,&#13;&#10;&#9;&#9;&#9;&#9;&#9;&#9;&#9;plantationList, goodsList);&#13;&#10;&#9;&#9;} else {&#13;&#10;&#9;&#9;&#9;rtn = String&#13;&#10;&#9;&#9;&#9;&#9;&#9;.format(&quot;Player %d \nRole: %s \nScore: %d \nDoubloons: %d \nBuilding: %s \nPlantation: %s \nGoods: %s&quot;,&#13;&#10;&#9;&#9;&#9;&#9;&#9;&#9;&#9;pNum, role, points, doubloons, buildingList,&#13;&#10;&#9;&#9;&#9;&#9;&#9;&#9;&#9;plantationList, goodsList);&#13;&#10;&#9;&#9;}&#13;&#10;&#9;&#9;return rtn;&#13;&#10;&#9;}&#13;&#10;&#13;&#10;&#9;public void updatePlayerInfo() {&#13;&#10;&#9;&#9;this.hud.setText(this.toString());&#13;&#10;&#9;}&#13;&#10;&#13;&#10;&#9;public ArrayList&lt;Plantation&gt; getPlantations() {&#13;&#10;&#9;&#9;return this.plantations;&#13;&#10;&#9;}&#13;&#10;&#13;&#10;&#9;public void addPlantations(Plantation add) {&#13;&#10;&#9;&#9;this.plantations.add(add);&#13;&#10;&#9;}&#13;&#10;&#13;&#10;&#9;public ArrayList&lt;String&gt; getPlantationsStringList() {&#13;&#10;&#9;&#9;ArrayList&lt;String&gt; rtn = new ArrayList&lt;String&gt;();&#13;&#10;&#9;&#9;for (Plantation p : this.plantations) {&#13;&#10;&#9;&#9;&#9;rtn.add(p.good);&#13;&#10;&#9;&#9;}&#13;&#10;&#9;&#9;return rtn;&#13;&#10;&#9;}&#13;&#10;&#13;&#10;&#9;// Only used by the Craftsman: checks if the plantation has a worker and&#13;&#10;&#9;// adds one&#13;&#10;&#9;// to the respective good count&#13;&#10;&#9;public void checkPlantation() {&#13;&#10;&#9;&#9;for (Plantation p : this.plantations) {&#13;&#10;&#9;&#9;&#9;if (p.hasWorker) {&#13;&#10;&#9;&#9;&#9;&#9;// Building condition here&#13;&#10;&#9;&#9;&#9;&#9;this.addGood(p.good, 1);&#13;&#10;&#9;&#9;&#9;}&#13;&#10;&#9;&#9;}&#13;&#10;&#9;}&#13;&#10;&#13;&#10;&#9;public int getDoubloons() {&#13;&#10;&#9;&#9;return this.doubloons;&#13;&#10;&#9;}&#13;&#10;&#13;&#10;&#9;public void setDoubloons(int add) {&#13;&#10;&#9;&#9;this.doubloons = add;&#13;&#10;&#9;}&#13;&#10;&#13;&#10;&#9;public void sellGood(String s, int i) {&#13;&#10;&#9;&#9;this.goods.put(s, this.goods.get(s) - i);&#13;&#10;&#13;&#10;&#9;}&#13;&#10;&#13;&#10;}&#13;&#10;" Filename="Player.java" Intrnl_Id="3"/>
<SrcFile Content="package csse376_puerto_rico;&#13;&#10;&#13;&#10;import java.awt.event.ActionEvent;&#13;&#10;import java.awt.event.ActionListener;&#13;&#10;import java.util.ArrayList;&#13;&#10;import java.util.List;&#13;&#10;&#13;&#10;import javax.swing.JButton;&#13;&#10;&#13;&#10;public class NextMoveButton extends JButton &#13;&#10;{&#13;&#10;&#9;private List&lt;Player&gt; players;&#13;&#10;&#9;public NextMoveButton()&#13;&#10;&#9;{&#13;&#10;&#9;&#9;players = GameBoardGUI.players;&#13;&#10;&#9;&#9;final ArrayList&lt;Integer&gt; count = new ArrayList&lt;Integer&gt;();&#13;&#10;&#9;&#9;final Integer zero = 0;&#13;&#10;&#9;&#9;count.add(zero);&#13;&#10;&#9;&#9;this.addActionListener(new ActionListener() {&#13;&#10;&#9;&#9;&#9;&#13;&#10;&#9;&#9;&#9;@Override&#13;&#10;&#9;&#9;&#9;public void actionPerformed(ActionEvent e) {&#13;&#10;&#9;&#9;&#9;&#9;Integer newCount = count.get(0);&#13;&#10;&#9;&#9;&#9;&#9;newCount = newCount +1;&#13;&#10;&#9;&#9;&#9;&#9;count.remove(0);&#13;&#10;&#9;&#9;&#9;&#9;count.add(newCount);&#13;&#10;&#9;&#9;&#9;&#9;if(newCount &gt; 0 &amp;&amp; newCount % players.size() ==0)&#13;&#10;&#9;&#9;&#9;&#9;{&#13;&#10;&#9;&#9;&#9;&#9;&#9;Integer finalCount = newCount/players.size();&#13;&#10;&#9;&#9;&#9;&#9;&#9;setText(&quot;Turn &quot; +finalCount.toString());&#13;&#10;&#9;&#9;&#9;&#9;}&#13;&#10;&#9;&#9;&#9;&#9;&#13;&#10;&#9;&#9;&#9;&#9;makeMove();&#13;&#10;&#9;&#9;&#9;}&#13;&#10;&#9;&#9;});&#13;&#10;&#9;}&#13;&#10;&#9;public void makeMove()&#13;&#10;&#9;{&#13;&#10;&#9;&#9;//once you find the first true isTurn value, &#13;&#10;&#9;&#9;//you should set it off to mark that player's turn has ended&#13;&#10;&#9;&#9;//then you mark the next player's turn has started by turning its isTurn value as true&#13;&#10;&#9;&#9;//once these changes are made, this new players list replaces the mainboard's player's list&#13;&#10;&#9;&#9;for(int i=0;i&lt;players.size();i++)&#13;&#10;&#9;&#9;{&#13;&#10;&#9;&#9;&#9;if(players.get(i).isTurn)&#13;&#10;&#9;&#9;&#9;{&#13;&#10;&#9;&#9;&#9;&#9;players.get(i).isTurn = false;&#13;&#10;&#9;&#9;&#9;&#9;if(i == players.size()-1)&#13;&#10;&#9;&#9;&#9;&#9;{&#13;&#10;&#9;&#9;&#9;&#9;&#9;players.get(0).isTurn = true;&#13;&#10;&#9;&#9;&#9;&#9;}&#13;&#10;&#9;&#9;&#9;&#9;else&#13;&#10;&#9;&#9;&#9;&#9;{&#13;&#10;&#9;&#9;&#9;&#9;&#9;players.get(i+1).isTurn = true;&#13;&#10;&#9;&#9;&#9;&#9;}&#13;&#10;&#9;&#9;&#9;&#9;break;&#13;&#10;&#9;&#9;&#9;}&#13;&#10;&#9;&#9;}&#13;&#10;&#9;&#9;GameBoardGUI.players = players;&#13;&#10;&#9;}&#13;&#10;}&#13;&#10;&#13;&#10;&#9;&#13;&#10;&#13;&#10;" Filename="NextMoveButton.java" Intrnl_Id="4"/>
<SrcFile Content="package csse376_puerto_rico;&#13;&#10;&#13;&#10;import java.awt.BorderLayout;&#13;&#10;import java.awt.Image;&#13;&#10;&#13;&#10;import javax.swing.ImageIcon;&#13;&#10;import javax.swing.JButton;&#13;&#10;import javax.swing.JFrame;&#13;&#10;import javax.swing.JLabel;&#13;&#10;import javax.swing.JPanel;&#13;&#10;&#13;&#10;import net.miginfocom.swing.MigLayout;&#13;&#10;&#13;&#10;public class MenuGUI {&#13;&#10;&#9;/**&#13;&#10;     * Mainframe.&#13;&#10;     */&#13;&#10;     JFrame mainframe = new JFrame();&#13;&#10;     &#13;&#10;     /**&#13;&#10;     * Constructs the Menu.&#13;&#10;     * &#13;&#10;     */&#13;&#10;     public MenuGUI() {&#13;&#10;           this.mainframe.setTitle(&quot;Puerto Rico&quot;);&#13;&#10;           this.mainframe.setSize(1366, 800);&#13;&#10;           this.mainframe.setVisible(true);&#13;&#10;           this.mainframe.setDefaultCloseOperation(JFrame.EXIT_ON_CLOSE);&#13;&#10;//           this.mainframe.setResizable(false);&#13;&#10;//           MigLayout layout = new MigLayout();&#13;&#10;//   &#9;&#9;   this.mainframe.setLayout(layout);&#13;&#10;           &#13;&#10;           JPanel imgPanel = new JPanel();&#13;&#10;           JPanel buttonPanel = new JPanel();&#13;&#10;           &#13;&#10;           String imageLoc = &quot;puerto-ricosmall.jpg&quot;;&#13;&#10;           ImageIcon imageIcon = new ImageIcon(imageLoc);&#13;&#10;           &#13;&#10;           imgPanel.add(new JLabel(imageIcon));&#13;&#10;           &#13;&#10;           JButton newGame = new JButton(&quot;New Game&quot;);&#13;&#10;           newGame.addActionListener(new ButtonHandler(mainframe, null));&#13;&#10;           JButton quit = new JButton(&quot;Quit&quot;);&#13;&#10;           &#13;&#10;           buttonPanel.add(newGame);&#13;&#10;           buttonPanel.add(quit);&#13;&#10;           &#13;&#10;           this.mainframe.add(imgPanel, BorderLayout.NORTH);&#13;&#10;           this.mainframe.add(buttonPanel, BorderLayout.SOUTH);&#13;&#10;     }&#13;&#10;&#13;&#10;}&#13;&#10;" Filename="MenuGUI.java" Intrnl_Id="5"/>
<SrcFile Content="package csse376_puerto_rico;&#10;&#10;public class Main {&#10;&#9;/**&#10;&#9; * @param args&#10;&#9; * &#10;&#9; * &#10;&#9; */&#10;&#9;public static void main(String[] args) {&#10;&#9;&#9;new MenuGUI();&#10;&#9;}&#10;}&#10;" Filename="Main.java" Intrnl_Id="6"/>
<SrcFile Content="package csse376_puerto_rico;&#13;&#10;&#13;&#10;import java.awt.event.ActionEvent;&#13;&#10;import java.awt.event.ActionListener;&#13;&#10;import java.util.ArrayList;&#13;&#10;import java.util.List;&#13;&#10;&#13;&#10;import javax.swing.JButton;&#13;&#10;import javax.swing.JTextArea;&#13;&#10;&#13;&#10;public class GoodsButton extends JButton &#13;&#10;{&#13;&#10;&#9;private List&lt;Player&gt; players;&#13;&#10;&#9;private String goodsName;&#13;&#10;&#9;private JTextArea msgBar;&#13;&#10;&#9;private GameBoardGUI gbGUI;&#13;&#10;&#9;public GoodsButton(String good, GameBoardGUI gbg)&#13;&#10;&#9;{&#13;&#10;&#9;&#9;gbGUI = gbg;&#13;&#10;&#9;&#9;goodsName = good;&#13;&#10;&#9;&#9;setText(goodsName);&#13;&#10;&#9;&#9;players = gbg.players;&#13;&#10;&#9;&#9;msgBar = gbg.msgBar;&#13;&#10;&#9;&#9;this.addActionListener(new ActionListener() {&#13;&#10;&#9;&#9;&#9;&#13;&#10;&#9;&#9;&#9;@Override&#13;&#10;&#9;&#9;&#9;public void actionPerformed(ActionEvent e) &#13;&#10;&#9;&#9;&#9;{&#13;&#10;&#9;&#9;&#9;&#13;&#10;&#9;&#9;&#9;&#9;&#9;for(int i=0;i&lt;players.size();i++)&#13;&#10;&#9;&#9;&#9;&#9;&#9;{&#13;&#10;&#9;&#9;&#9;&#9;&#9;&#9;int playerNumber = i+1;&#13;&#10;&#9;&#9;&#9;&#9;&#9;&#9;System.out.println( &quot;Player &quot;+playerNumber+&quot;: &quot;+ players.get(i).getGoods());&#13;&#10;&#9;&#9;&#9;&#9;&#9;&#9;players.get(i).addGood(goodsName, 1);&#13;&#10;&#9;&#9;&#9;&#9;&#9;&#9;gbGUI.updateMsgBar(&quot;You pressed a button&quot;);&#13;&#10;&#9;&#9;&#9;&#9;&#9;}&#13;&#10;&#9;&#9;&#9;}&#13;&#10;&#9;&#9;});&#13;&#10;&#9;&#9;&#13;&#10;&#9;&#9;GameBoardGUI.players = players;&#13;&#10;&#9;}&#13;&#10;}&#13;&#10;" Filename="GoodsButton.java" Intrnl_Id="7"/>
<SrcFile Content="package csse376_puerto_rico;&#13;&#10;&#13;&#10;import java.util.ArrayList;&#13;&#10;import java.util.HashMap;&#13;&#10;import java.util.List;&#13;&#10;&#13;&#10;import csse376_puerto_rico.Buildings.Building;&#13;&#10;import csse376_puerto_rico.Player.Good;&#13;&#10;import csse376_puerto_rico.Player.Plantation;&#13;&#10;&#13;&#10;public class GameState {&#13;&#10;&#13;&#10;&#9;private HashMap&lt;String, Integer&gt; goods = new HashMap&lt;String, Integer&gt;();&#13;&#10;&#9;public int colonistsTotal;&#13;&#10;&#9;public int colonistsOnBoard;&#13;&#10;&#9;public int cargoship4 = 0;&#13;&#10;&#9;public String cargoship4Good;&#13;&#10;&#9;public int cargoship5 = 0;&#13;&#10;&#9;public String cargoship5Good;&#13;&#10;&#9;public int cargoship6 = 0;&#13;&#10;&#9;public String cargoship6Good;&#13;&#10;&#9;public boolean isGameEndState = false;&#13;&#10;&#9;public int doubloons;&#13;&#10;&#9;private int numOfPlayers;&#13;&#10;&#9;private List&lt;Player&gt; players;&#13;&#10;&#9;public int victoryPoints;&#13;&#10;&#9;public static ArrayList&lt;String&gt; rolesToAdd;&#13;&#10;&#9;public static ArrayList&lt;String&gt; addDoubloonToRole;&#13;&#10;&#13;&#10;&#9;public static final int ERROR = -99;&#13;&#10;&#13;&#10;&#9;public GameState() {&#13;&#10;&#13;&#10;&#9;&#9;// for testing purposes&#13;&#10;&#9;&#9;// goods&#13;&#10;&#9;&#9;goods.put(Player.Good.COFFEE, 0);&#13;&#10;&#9;&#9;goods.put(Player.Good.CORN, 0);&#13;&#10;&#9;&#9;goods.put(Player.Good.INDIGO, 0);&#13;&#10;&#9;&#9;goods.put(Player.Good.SUGAR, 0);&#13;&#10;&#9;&#9;goods.put(Player.Good.TOBACCO, 0);&#13;&#10;&#13;&#10;&#9;&#9;// colonists&#13;&#10;&#13;&#10;&#9;&#9;colonistsTotal = 0;&#13;&#10;&#9;&#9;colonistsOnBoard = 0;&#13;&#10;&#9;&#9;// ships&#13;&#10;&#13;&#10;&#9;&#9;// doubloons&#13;&#10;&#9;&#9;doubloons = 0;&#13;&#10;&#9;&#9;rolesToAdd = new ArrayList&lt;String&gt;();&#13;&#10;&#9;&#9;addDoubloonToRole = new ArrayList&lt;String&gt;();&#13;&#10;&#9;&#9;victoryPoints = 50;&#13;&#10;&#9;}&#13;&#10;&#13;&#10;&#9;public GameState(List&lt;Player&gt; players) {&#13;&#10;&#13;&#10;&#9;&#9;// game start state - Min&#13;&#10;&#13;&#10;&#9;&#9;for (Player p : players) {&#13;&#10;&#9;&#9;&#9;p.setDoubloons(players.size() - 1);&#13;&#10;&#9;&#9;}&#13;&#10;&#13;&#10;&#9;&#9;// goods&#13;&#10;&#9;&#9;goods.put(Player.Good.COFFEE, 9);&#13;&#10;&#9;&#9;goods.put(Player.Good.CORN, 10);&#13;&#10;&#9;&#9;goods.put(Player.Good.INDIGO, 11);&#13;&#10;&#9;&#9;goods.put(Player.Good.SUGAR, 11);&#13;&#10;&#9;&#9;goods.put(Player.Good.TOBACCO, 9);&#13;&#10;&#13;&#10;&#9;&#9;// colonists. victory points and plantations&#13;&#10;&#9;&#9;this.players = players;&#13;&#10;&#9;&#9;numOfPlayers = players.size();&#13;&#10;&#9;&#9;colonistsOnBoard = numOfPlayers;&#13;&#10;&#13;&#10;&#9;&#9;this.players.get(0).addPlantations(new Plantation(Good.INDIGO, false));&#13;&#10;&#9;&#9;this.players.get(1).addPlantations(new Plantation(Good.INDIGO, false));&#13;&#10;&#13;&#10;&#9;&#9;if (numOfPlayers == 3) {&#13;&#10;&#9;&#9;&#9;colonistsTotal = 55;&#13;&#10;&#9;&#9;&#9;victoryPoints = 75;&#13;&#10;&#9;&#9;&#9;this.players.get(2)&#13;&#10;&#9;&#9;&#9;&#9;&#9;.addPlantations(new Plantation(Good.CORN, false));&#13;&#10;&#9;&#9;} else if (numOfPlayers == 4) {&#13;&#10;&#9;&#9;&#9;colonistsTotal = 75;&#13;&#10;&#9;&#9;&#9;victoryPoints = 100;&#13;&#10;&#9;&#9;&#9;this.players.get(2)&#13;&#10;&#9;&#9;&#9;&#9;&#9;.addPlantations(new Plantation(Good.CORN, false));&#13;&#10;&#9;&#9;&#9;this.players.get(3)&#13;&#10;&#9;&#9;&#9;&#9;&#9;.addPlantations(new Plantation(Good.CORN, false));&#13;&#10;&#13;&#10;&#9;&#9;} else if (numOfPlayers == 5) {&#13;&#10;&#9;&#9;&#9;colonistsTotal = 95;&#13;&#10;&#9;&#9;&#9;victoryPoints = 122;&#13;&#10;&#9;&#9;&#9;this.players.get(2).addPlantations(&#13;&#10;&#9;&#9;&#9;&#9;&#9;new Plantation(Good.INDIGO, false));&#13;&#10;&#9;&#9;&#9;this.players.get(3)&#13;&#10;&#9;&#9;&#9;&#9;&#9;.addPlantations(new Plantation(Good.CORN, false));&#13;&#10;&#9;&#9;&#9;this.players.get(4)&#13;&#10;&#9;&#9;&#9;&#9;&#9;.addPlantations(new Plantation(Good.CORN, false));&#13;&#10;&#9;&#9;}&#13;&#10;&#9;&#9;// ships&#13;&#10;&#13;&#10;&#9;&#9;// doubloons&#13;&#10;&#9;&#9;doubloons = 54;&#13;&#10;&#9;&#9;rolesToAdd = new ArrayList&lt;String&gt;();&#13;&#10;&#9;&#9;addDoubloonToRole = new ArrayList&lt;String&gt;();&#13;&#10;&#13;&#10;&#9;}&#13;&#10;&#13;&#10;&#9;public int getGood(String good) {&#13;&#10;&#13;&#10;&#9;&#9;return goods.get(good);&#13;&#10;&#9;}&#13;&#10;&#13;&#10;&#9;public void addGood(String good) {&#13;&#10;&#13;&#10;&#9;&#9;goods.put(good, goods.get(good) + 1);&#13;&#10;&#9;}&#13;&#10;&#13;&#10;&#9;public int getColonistsOnBoard() {&#13;&#10;&#9;&#9;//&#13;&#10;&#9;&#9;return colonistsOnBoard;&#13;&#10;&#9;}&#13;&#10;&#13;&#10;&#9;public int getColonistsTotal() {&#13;&#10;&#9;&#9;//&#13;&#10;&#9;&#9;return colonistsTotal;&#13;&#10;&#9;}&#13;&#10;&#9;&#13;&#10;&#9;public void addRolesToList(String toAdd)&#13;&#10;&#9;{&#13;&#10;&#9;&#9;rolesToAdd.add(toAdd);&#13;&#10;&#9;&#9;if(rolesToAdd.size() == 3)&#13;&#10;&#9;&#9;{&#13;&#10;&#9;&#9;&#9;List&lt;String&gt; totalRoles = Player.getRoles();&#13;&#10;&#9;&#9;&#9;for(int i=0; i&lt;rolesToAdd.size();i++)&#13;&#10;&#9;&#9;&#9;{&#13;&#10;&#9;&#9;&#9;&#9;totalRoles.remove(rolesToAdd.get(i));&#13;&#10;&#9;&#9;&#9;}&#13;&#10;&#9;&#9;&#9;addDoubloonToRole = rolesToAdd;&#13;&#10;&#9;&#9;&#9;rolesToAdd = new ArrayList&lt;String&gt;();&#13;&#10;&#9;&#9;}&#13;&#10;&#9;}&#13;&#10;&#9;&#13;&#10;&#9;public void addDoubloon(Player player, String role)&#13;&#10;&#9;{&#13;&#10;&#9;&#9;if(addDoubloonToRole.contains(role) &amp;&amp; addDoubloonToRole.size() &gt; 0)&#13;&#10;&#9;&#9;{&#13;&#10;&#9;&#9;&#9;player.setDoubloons(player.getDoubloons() + 1);&#13;&#10;&#9;&#9;&#9;addDoubloonToRole.remove(role);&#13;&#10;&#9;&#9;}&#13;&#10;&#9;}&#13;&#10;&#13;&#10;&#13;&#10;&#9;public void addColonistsToBoard() {&#13;&#10;&#9;&#9;/**&#13;&#10;&#9;&#9; * For each empty circle on the buildings on the player boards of all&#13;&#10;&#9;&#9; * players (empty circles on plantations and quarries do not count!),&#13;&#10;&#9;&#9; * the mayor takes one colonist from the colonist supply and places it&#13;&#10;&#9;&#9; * on the colonist ship. However, as a minimum, the mayor should always&#13;&#10;&#9;&#9; * place at least as many colonists on the ship as there are players in&#13;&#10;&#9;&#9; * the game.&#13;&#10;&#9;&#9; */&#13;&#10;&#9;&#9;int temp = 0;&#13;&#10;&#9;&#9;for (Player player : players) {&#13;&#10;&#9;&#9;&#9;for (Building b : player.getBuildings()) {&#13;&#10;&#9;&#9;&#9;&#9;temp += b.numberOfJobs - b.numberOfWorkers;&#13;&#10;&#9;&#9;&#9;}&#13;&#10;&#9;&#9;&#9;for (Plantation p : player.getPlantations()) {&#13;&#10;&#9;&#9;&#9;&#9;if (!p.hasWorker) {&#13;&#10;&#9;&#9;&#9;&#9;&#9;temp += 1;&#13;&#10;&#9;&#9;&#9;&#9;}&#13;&#10;&#9;&#9;&#9;}&#13;&#10;&#9;&#9;}&#13;&#10;&#9;&#9;if (temp &lt; numOfPlayers) {&#13;&#10;&#9;&#9;&#9;colonistsOnBoard = numOfPlayers;&#13;&#10;&#9;&#9;} else {&#13;&#10;&#9;&#9;&#9;colonistsOnBoard = temp;&#13;&#10;&#9;&#9;}&#13;&#10;&#9;}&#13;&#10;&#13;&#10;&#9;/**&#13;&#10;&#9; * &#13;&#10;&#9; * returns leftover, if 99 then that means it is an error or wrong good on&#13;&#10;&#9; * cargo&#13;&#10;&#9; * &#13;&#10;&#9; * @param shipNum&#13;&#10;&#9; * @param goodNum&#13;&#10;&#9; * @param good&#13;&#10;&#9; * @return int&#13;&#10;&#9; *&#13;&#10;&#9; */&#13;&#10;&#9;public int addGoodToCargoShip(int shipNum, int goodNum, String good) {&#13;&#10;&#9;&#9;int leftover = 0;&#13;&#10;&#9;&#9;switch (shipNum) {&#13;&#10;&#9;&#9;case 4:&#13;&#10;&#9;&#9;&#9;if (cargoship4 == 0&#13;&#10;&#9;&#9;&#9;&#9;&#9;|| (cargoship4 &lt; 4 &amp;&amp; cargoship4Good.equals(good))) {&#13;&#10;&#9;&#9;&#9;&#9;leftover = cargoship4 + goodNum - 4;&#13;&#10;&#9;&#9;&#9;} else {&#13;&#10;&#9;&#9;&#9;&#9;leftover = ERROR;&#13;&#10;&#9;&#9;&#9;}&#13;&#10;&#9;&#9;&#9;break;&#13;&#10;&#9;&#9;case 5:&#13;&#10;&#9;&#9;&#9;if (cargoship5 == 0&#13;&#10;&#9;&#9;&#9;&#9;&#9;|| (cargoship5 &lt; 5 &amp;&amp; cargoship5Good.equals(good))) {&#13;&#10;&#9;&#9;&#9;&#9;leftover = cargoship4 + goodNum - 5;&#13;&#10;&#9;&#9;&#9;} else {&#13;&#10;&#9;&#9;&#9;&#9;leftover = ERROR;&#13;&#10;&#9;&#9;&#9;}&#13;&#10;&#9;&#9;&#9;break;&#13;&#10;&#9;&#9;case 6:&#13;&#10;&#9;&#9;&#9;if (cargoship6 == 0&#13;&#10;&#9;&#9;&#9;&#9;&#9;|| (cargoship6 &lt; 6 &amp;&amp; cargoship6Good.equals(good))) {&#13;&#10;&#9;&#9;&#9;&#9;leftover = cargoship6 + goodNum - 6;&#13;&#10;&#9;&#9;&#9;} else {&#13;&#10;&#9;&#9;&#9;&#9;leftover = ERROR;&#13;&#10;&#9;&#9;&#9;}&#13;&#10;&#9;&#9;&#9;break;&#13;&#10;&#9;&#9;default:&#13;&#10;&#9;&#9;&#9;break;&#13;&#10;&#9;&#9;}&#13;&#10;&#9;&#9;return leftover;&#13;&#10;&#9;}&#13;&#10;&#13;&#10;&#9;public boolean isGameEndState() {&#13;&#10;&#13;&#10;&#9;&#9;return isGameEndState;&#13;&#10;&#9;}&#13;&#10;&#13;&#10;&#9;public Player getWinner() {&#13;&#10;&#9;&#9;Player max = this.players.get(0);&#13;&#10;&#9;&#9;for (Player p : this.players) {&#13;&#10;&#9;&#9;&#9;if (max.getPoints() &lt;= p.getPoints()) {&#13;&#10;&#9;&#9;&#9;&#9;max = p;&#13;&#10;&#9;&#9;&#9;}&#13;&#10;&#9;&#9;}&#13;&#10;&#13;&#10;&#9;&#9;return max;&#13;&#10;&#9;}&#13;&#10;&#13;&#10;&#9;public void updateAtEndOfTurn() {&#13;&#10;&#9;&#9;addColonistsToBoard();&#13;&#10;&#13;&#10;&#9;&#9;// Must ship these&#13;&#10;&#9;&#9;if (cargoship4 == 4) {&#13;&#10;&#9;&#9;&#9;cargoship4 = 0;&#13;&#10;&#9;&#9;}&#13;&#10;&#9;&#9;if (cargoship5 == 5) {&#13;&#10;&#9;&#9;&#9;cargoship5 = 0;&#13;&#10;&#9;&#9;}&#13;&#10;&#9;&#9;if (cargoship6 == 6) {&#13;&#10;&#9;&#9;&#9;cargoship6 = 0;&#13;&#10;&#9;&#9;}&#13;&#10;&#9;}&#13;&#10;&#13;&#10;}&#13;&#10;" Filename="GameState.java" Intrnl_Id="8"/>
<SrcFile Content="package csse376_puerto_rico;&#13;&#10;&#13;&#10;import java.awt.Color;&#13;&#10;import java.util.ArrayList;&#13;&#10;import java.util.Enumeration;&#13;&#10;import java.util.List;&#13;&#10;&#13;&#10;import javax.swing.AbstractButton;&#13;&#10;import javax.swing.ButtonGroup;&#13;&#10;import javax.swing.JFrame;&#13;&#10;import javax.swing.JOptionPane;&#13;&#10;import javax.swing.JTextArea;&#13;&#10;&#13;&#10;import net.miginfocom.swing.MigLayout;&#13;&#10;import csse376_puerto_rico.Buildings.Building;&#13;&#10;import csse376_puerto_rico.Player.Good;&#13;&#10;import csse376_puerto_rico.Player.Plantation;&#13;&#10;&#13;&#10;public class GameBoardGUI {&#13;&#10;&#13;&#10;&#9;private JFrame mainframe;&#13;&#10;&#9;public static List&lt;Player&gt; players;&#13;&#10;&#9;public static JTextArea msgBar;&#13;&#10;&#9;public static JTextArea gameStateInfo;&#13;&#10;&#9;// public static ArrayList&lt;JPanel&gt; playerCards;&#13;&#10;&#9;private ButtonGroup bGroup;&#13;&#10;&#9;private static int turnCount;&#13;&#10;&#9;private GameState gameState;&#13;&#10;&#13;&#10;&#9;public GameBoardGUI() {&#13;&#10;&#9;&#9;// For testing purposes.&#13;&#10;&#9;&#9;this.msgBar = new JTextArea();&#13;&#10;&#9;&#9;this.gameStateInfo = new JTextArea();&#13;&#10;&#9;&#9;this.players = new ArrayList&lt;Player&gt;();&#13;&#10;&#9;&#9;this.mainframe = new JFrame();&#13;&#10;&#9;&#9;this.gameState = new GameState();&#13;&#10;&#9;}&#13;&#10;&#13;&#10;&#9;public GameBoardGUI(JFrame frame, ButtonGroup group) {&#13;&#10;&#9;&#9;this.players = new ArrayList&lt;Player&gt;();&#13;&#10;&#9;&#9;this.mainframe = frame;&#13;&#10;&#9;&#9;this.mainframe.setTitle(&quot;Puerto Rico&quot;);&#13;&#10;&#9;&#9;this.mainframe.getContentPane().removeAll();&#13;&#10;&#9;&#9;this.mainframe.getContentPane().revalidate();&#13;&#10;&#9;&#9;this.mainframe.setBackground(Color.GREEN);&#13;&#10;&#9;&#9;MigLayout layout = new MigLayout();&#13;&#10;&#9;&#9;this.mainframe.setLayout(layout);&#13;&#10;&#9;&#9;this.bGroup = group;&#13;&#10;&#9;&#9;this.msgBar = new JTextArea();&#13;&#10;&#9;&#9;this.gameStateInfo = new JTextArea();&#13;&#10;&#13;&#10;&#13;&#10;&#9;&#9;String temp = &quot;0&quot;;&#13;&#10;&#9;&#9;for (Enumeration&lt;AbstractButton&gt; buttons = this.bGroup.getElements(); buttons&#13;&#10;&#9;&#9;&#9;&#9;.hasMoreElements();) {&#13;&#10;&#9;&#9;&#9;AbstractButton button = buttons.nextElement();&#13;&#10;&#9;&#9;&#9;if (button.isSelected()) {&#13;&#10;&#9;&#9;&#9;&#9;temp = button.getText();&#13;&#10;&#9;&#9;&#9;}&#13;&#10;&#9;&#9;}&#13;&#10;&#9;&#9;int numberPlayers = Integer.parseInt(temp);&#13;&#10;&#9;&#9;&#13;&#10;&#9;&#9;this.addPlayers(numberPlayers);&#13;&#10;&#9;}&#13;&#10;&#9;&#13;&#10;&#9;private void displayGameState() {&#13;&#10;&#9;&#9;int coffee = this.gameState.getGood(Player.Good.COFFEE);&#13;&#10;&#9;&#9;int corn = this.gameState.getGood(Player.Good.CORN);&#13;&#10;&#9;&#9;int indigo = this.gameState.getGood(Player.Good.INDIGO);&#13;&#10;&#9;&#9;int sugar = this.gameState.getGood(Player.Good.SUGAR);&#13;&#10;&#9;&#9;int tobacco = this.gameState.getGood(Player.Good.TOBACCO);&#13;&#10;&#9;&#9;int colonists = this.gameState.getColonistsOnBoard();&#13;&#10;&#9;&#9;&#13;&#10;&#9;&#9;String parsedInfo = &quot;Coffe: &quot;+coffee+&quot;    Corn: &quot;+corn+&quot;    Indigo: &quot;+indigo+&#13;&#10;&#9;&#9;&#9;&#9;&quot;\nSugar: &quot;+sugar+&quot;        Tobacco: &quot;+tobacco+&#13;&#10;&#9;&#9;&#9;&#9;&quot;\nColonists: &quot;+colonists+&#13;&#10;&#9;&#9;&#9;&#9;&quot;\n&quot;+&#13;&#10;&#9;&#9;&#9;&#9;&quot;\nCargo Ship: &quot;+(4 - this.gameState.cargoship4)+&quot; spots for &quot;+this.gameState.cargoship4Good+&#13;&#10;&#9;&#9;&#9;&#9;&quot;    Cargo Ship: &quot;+(5 - this.gameState.cargoship5)+&quot; spots for &quot;+this.gameState.cargoship5Good+&#13;&#10;&#9;&#9;&#9;&#9;&quot;    Cargo Ship: &quot;+(6 - this.gameState.cargoship6)+&quot; spots for &quot;+this.gameState.cargoship6Good;&#13;&#10;&#9;&#9;gameStateInfo.setColumns(20);&#13;&#10;&#9;&#9;gameStateInfo.setRows(7);&#13;&#10;&#9;&#9;gameStateInfo.setText(parsedInfo);&#13;&#10;&#9;&#9;this.mainframe.add(gameStateInfo, &quot;cell 0 5, span 5&quot;);&#13;&#10;&#9;}&#13;&#10;&#9;&#13;&#10;&#9;private void updateGameStateDisplay(){&#13;&#10;&#9;&#9;int coffee = this.gameState.getGood(Player.Good.COFFEE);&#13;&#10;&#9;&#9;int corn = this.gameState.getGood(Player.Good.CORN);&#13;&#10;&#9;&#9;int indigo = this.gameState.getGood(Player.Good.INDIGO);&#13;&#10;&#9;&#9;int sugar = this.gameState.getGood(Player.Good.SUGAR);&#13;&#10;&#9;&#9;int tobacco = this.gameState.getGood(Player.Good.TOBACCO);&#13;&#10;&#9;&#9;int colonists = this.gameState.getColonistsOnBoard();&#13;&#10;&#9;&#9;&#13;&#10;&#9;&#9;String parsedInfo = &quot;Coffe: &quot;+coffee+&quot;    Corn: &quot;+corn+&quot;    Indigo: &quot;+indigo+&#13;&#10;&#9;&#9;&#9;&#9;&quot;\nSugar: &quot;+sugar+&quot;        Tobacco: &quot;+tobacco+&#13;&#10;&#9;&#9;&#9;&#9;&quot;\nColonists: &quot;+colonists+&#13;&#10;&#9;&#9;&#9;&#9;&quot;\n&quot;+&#13;&#10;&#9;&#9;&#9;&#9;&quot;\nCargo Ship: &quot;+(4 - this.gameState.cargoship4)+&quot; spots for &quot;+this.gameState.cargoship4Good+&#13;&#10;&#9;&#9;&#9;&#9;&quot;    Cargo Ship: &quot;+(5 - this.gameState.cargoship5)+&quot; spots for &quot;+this.gameState.cargoship5Good+&#13;&#10;&#9;&#9;&#9;&#9;&quot;    Cargo Ship: &quot;+(6 - this.gameState.cargoship6)+&quot; spots for &quot;+this.gameState.cargoship6Good;&#13;&#10;&#9;&#9;&#13;&#10;&#9;&#9;gameStateInfo.setText(parsedInfo);&#13;&#10;&#9;}&#13;&#10;&#13;&#10;&#9;private void displayMessageBar() {&#13;&#10;&#9;&#9;msgBar.setColumns(90);&#13;&#10;&#9;&#9;this.mainframe.add(msgBar, &quot;cell 0 0, span &quot; + this.players.size());&#13;&#10;&#9;}&#13;&#10;&#13;&#10;&#9;public List&lt;Player&gt; addPlayers(int numberOfPlayers) {&#13;&#10;&#9;&#9;// this.addPlayerCards(numberOfPlayers);&#13;&#10;&#9;&#9;for (int i = 0; i &lt; numberOfPlayers; i++) {&#13;&#10;&#9;&#9;&#9;Player p = new Player();&#13;&#10;&#9;&#9;&#9;if (i == 0) {&#13;&#10;&#9;&#9;&#9;&#9;p.isGovernor = true;&#13;&#10;&#9;&#9;&#9;}&#13;&#10;&#9;&#9;&#9;p.setPlayerNum(i);&#13;&#10;&#9;&#9;&#9;JTextArea jta = new JTextArea(&quot;Player &quot; + i + &quot;\nRole: &quot;&#13;&#10;&#9;&#9;&#9;&#9;&#9;+ &quot;\nScore: &quot; + p.getPoints() + &quot;\nBuildings:&quot;&#13;&#10;&#9;&#9;&#9;&#9;&#9;+ p.getBuildingsStringList() + &quot;\nPlantations:\n&quot;);&#13;&#10;&#9;&#9;&#9;jta.setRows(15);&#13;&#10;&#9;&#9;&#9;jta.setColumns(15);&#13;&#10;&#9;&#9;&#9;p.setHUD(jta);&#13;&#10;&#9;&#9;&#9;this.players.add(p);&#13;&#10;&#9;&#9;&#9;this.mainframe.add(jta, &quot;cell &quot; + i + &quot; 1&quot;);&#13;&#10;&#13;&#10;&#9;&#9;}&#13;&#10;&#9;&#9;this.gameState = new GameState(this.players);&#13;&#10;&#9;&#9;&#13;&#10;&#9;&#9;displayGameState();&#13;&#10;&#9;&#9;displayMessageBar();&#13;&#10;&#9;&#9;updateRoles();&#13;&#10;&#13;&#10;&#9;&#9;return this.players;&#13;&#10;&#9;}&#13;&#10;&#13;&#10;&#9;public List&lt;Player&gt; getPlayers() {&#13;&#10;&#9;&#9;return this.players;&#13;&#10;&#9;}&#13;&#10;&#13;&#10;&#9;public static int getTurnCount() {&#13;&#10;&#9;&#9;return turnCount;&#13;&#10;&#9;}&#13;&#10;&#13;&#10;&#9;// Will be deleted&#13;&#10;&#9;@Deprecated&#13;&#10;&#9;public String getPlayerText(int playerNum, String role, int points,&#13;&#10;&#9;&#9;&#9;String buildingList, String plantationList, boolean isGovernor) {&#13;&#10;&#9;&#9;String rtn = null;&#13;&#10;&#9;&#9;if (isGovernor) {&#13;&#10;&#9;&#9;&#9;rtn = String&#13;&#10;&#9;&#9;&#9;&#9;&#9;.format(&quot;Player %d \nRole: %s \nScore: %d \nBuilding: %s \nPlantation: %s \nGovernor&quot;,&#13;&#10;&#9;&#9;&#9;&#9;&#9;&#9;&#9;playerNum, role, points, buildingList,&#13;&#10;&#9;&#9;&#9;&#9;&#9;&#9;&#9;plantationList);&#13;&#10;&#13;&#10;&#9;&#9;} else {&#13;&#10;&#9;&#9;&#9;rtn = String&#13;&#10;&#9;&#9;&#9;&#9;&#9;.format(&quot;Player %d \nRole: %s \nScore: %d \nBuilding: %s \nPlantation: %s&quot;,&#13;&#10;&#9;&#9;&#9;&#9;&#9;&#9;&#9;playerNum, role, points, buildingList,&#13;&#10;&#9;&#9;&#9;&#9;&#9;&#9;&#9;plantationList);&#13;&#10;&#13;&#10;&#9;&#9;}&#13;&#10;&#9;&#9;return rtn;&#13;&#10;&#9;}&#13;&#10;&#13;&#10;&#9;public void updateRoles() {&#13;&#10;&#13;&#10;&#9;&#9;Object[] options = Player.getRoles().toArray();&#13;&#10;&#9;&#9;while (!checkEndGame()) {&#13;&#10;&#9;&#9;&#9;options = Player.getRoles().toArray();&#13;&#10;&#9;&#9;&#9;for (int i = 0; i &lt; this.players.size(); i++) {&#13;&#10;&#9;&#9;&#9;&#9;Player player = this.players.get(i);&#13;&#10;&#9;&#9;&#9;&#9;// DONE: Min, make player not able to choose role already chosen&#13;&#10;&#9;&#9;&#9;&#9;// for this turn.&#13;&#10;&#9;&#9;&#9;&#9;int n = JOptionPane.showOptionDialog(this.mainframe,&#13;&#10;&#9;&#9;&#9;&#9;&#9;&#9;&quot;Choose your role!&quot;, &quot;Player &quot; + i,&#13;&#10;&#9;&#9;&#9;&#9;&#9;&#9;JOptionPane.YES_NO_CANCEL_OPTION,&#13;&#10;&#9;&#9;&#9;&#9;&#9;&#9;JOptionPane.QUESTION_MESSAGE, null, options,&#13;&#10;&#9;&#9;&#9;&#9;&#9;&#9;options[options.length - 1]);&#13;&#10;&#9;&#9;&#9;&#9;// in this block of code I had to convert the lists of&#13;&#10;&#9;&#9;&#9;&#9;// buildings,plantations into Strings&#13;&#10;&#13;&#10;&#9;&#9;&#9;&#9;String role = (String) options[n];&#13;&#10;&#13;&#10;&#13;&#10;&#9;&#9;&#9;&#9;// Every start of the role each player gets an extra doubloon.&#13;&#10;&#9;&#9;&#9;&#9;player.setDoubloons(player.getDoubloons() + 1);&#13;&#10;&#9;&#9;&#9;&#9;gameState.doubloons--;&#13;&#10;&#13;&#10;&#9;&#9;&#9;&#9;player.setRole(role);&#13;&#10;&#13;&#10;&#9;&#9;&#9;&#9;player.updatePlayerInfo();&#13;&#10;&#13;&#10;&#9;&#9;&#9;&#9;playRole(i);&#13;&#10;&#9;&#9;&#9;&#9;&#13;&#10;&#9;&#9;&#9;&#9;// update&#13;&#10;&#9;&#9;&#9;&#9;this.gameState.updateAtEndOfTurn();&#13;&#10;&#9;&#9;&#9;&#9;&#13;&#10;&#9;&#9;&#9;&#9;// removing selected&#13;&#10;&#9;&#9;&#9;&#9;List&lt;Object&gt; temp = new ArrayList&lt;Object&gt;();&#13;&#10;&#9;&#9;&#9;&#9;for (int j = 0; j &lt; options.length; j++) {&#13;&#10;&#9;&#9;&#9;&#9;&#9;if (j != n) {&#13;&#10;&#9;&#9;&#9;&#9;&#9;&#9;temp.add(options[j]);&#13;&#10;&#9;&#9;&#9;&#9;&#9;}&#13;&#10;&#9;&#9;&#9;&#9;}&#13;&#10;&#9;&#9;&#9;&#9;options = temp.toArray();&#13;&#10;&#9;&#9;&#9;}&#13;&#10;&#13;&#10;&#9;&#9;}&#13;&#10;&#9;&#9;updateMsgBar(&quot;Winner is Player : &quot;&#13;&#10;&#9;&#9;&#9;&#9;+ this.gameState.getWinner().getPlayerNum());&#13;&#10;&#13;&#10;&#9;}&#13;&#10;&#13;&#10;&#9;public boolean checkEndGame() {&#13;&#10;&#9;&#9;// checks the end of the game, default to true for testing, otherwise false&#13;&#10;&#9;&#9;return gameState.isGameEndState();&#13;&#10;&#9;}&#13;&#10;&#13;&#10;&#9;public void updateMsgBar(String msg) {&#13;&#10;&#9;&#9;this.msgBar.setText(msg);&#13;&#10;&#9;}&#13;&#10;&#9;&#13;&#10;&#9;&#13;&#10;&#13;&#10;&#9;public void playRole(int roleNum) {&#13;&#10;&#9;&#9;// &#13;&#10;&#9;&#9;Player player = players.get(roleNum);&#13;&#10;&#9;&#9;String role = player.getRole();&#13;&#10;&#13;&#10;&#9;&#9;if (role.equals(PlayerRoles.Mayor)) {&#13;&#10;&#13;&#10;&#9;&#9;&#9;for (int i = 0; i &lt; players.size(); i++) {&#13;&#10;&#9;&#9;&#9;&#9;// TODO: player goes to next person, it should not start with&#13;&#10;&#13;&#10;&#9;&#9;&#9;&#9;player = players.get(roleNum);&#13;&#10;&#13;&#10;&#9;&#9;&#9;&#9;Object[] options = { &quot;Building&quot;, &quot;Plantation&quot;, &quot;Do Nothing&quot; };&#13;&#10;&#9;&#9;&#9;&#9;boolean selected = false;&#13;&#10;&#9;&#9;&#9;&#9;while (!selected) {&#13;&#10;&#9;&#9;&#9;&#9;&#9;int n = JOptionPane&#13;&#10;&#9;&#9;&#9;&#9;&#9;&#9;&#9;.showOptionDialog(&#13;&#10;&#9;&#9;&#9;&#9;&#9;&#9;&#9;&#9;&#9;this.mainframe,&#13;&#10;&#9;&#9;&#9;&#9;&#9;&#9;&#9;&#9;&#9;&quot;Give the colonosists a job! \nChoose a structure.&quot;,&#13;&#10;&#9;&#9;&#9;&#9;&#9;&#9;&#9;&#9;&#9;&quot;Player &quot; + roleNum,&#13;&#10;&#9;&#9;&#9;&#9;&#9;&#9;&#9;&#9;&#9;JOptionPane.YES_NO_CANCEL_OPTION,&#13;&#10;&#9;&#9;&#9;&#9;&#9;&#9;&#9;&#9;&#9;JOptionPane.QUESTION_MESSAGE, null,&#13;&#10;&#9;&#9;&#9;&#9;&#9;&#9;&#9;&#9;&#9;options, options[options.length - 1]);&#13;&#10;&#9;&#9;&#9;&#9;&#9;if (n == 0) {&#13;&#10;&#9;&#9;&#9;&#9;&#9;&#9;ArrayList&lt;String&gt; pBuildingsNames = (ArrayList&lt;String&gt;) player&#13;&#10;&#9;&#9;&#9;&#9;&#9;&#9;&#9;&#9;.getBuildingsStringList().clone();&#13;&#10;&#9;&#9;&#9;&#9;&#9;&#9;pBuildingsNames.add(&quot;Go Back&quot;);&#13;&#10;&#9;&#9;&#9;&#9;&#9;&#9;Object[] temp = pBuildingsNames.toArray();&#13;&#10;&#13;&#10;&#9;&#9;&#9;&#9;&#9;&#9;int buildingNum = JOptionPane&#13;&#10;&#9;&#9;&#9;&#9;&#9;&#9;&#9;&#9;.showOptionDialog(&#13;&#10;&#9;&#9;&#9;&#9;&#9;&#9;&#9;&#9;&#9;&#9;this.mainframe,&#13;&#10;&#9;&#9;&#9;&#9;&#9;&#9;&#9;&#9;&#9;&#9;&quot;Give the colonosists a job! \nChoose a building&quot;,&#13;&#10;&#9;&#9;&#9;&#9;&#9;&#9;&#9;&#9;&#9;&#9;&quot;Player &quot; + (roleNum),&#13;&#10;&#9;&#9;&#9;&#9;&#9;&#9;&#9;&#9;&#9;&#9;JOptionPane.YES_NO_CANCEL_OPTION,&#13;&#10;&#9;&#9;&#9;&#9;&#9;&#9;&#9;&#9;&#9;&#9;JOptionPane.QUESTION_MESSAGE, null,&#13;&#10;&#9;&#9;&#9;&#9;&#9;&#9;&#9;&#9;&#9;&#9;temp, null);&#13;&#10;&#9;&#9;&#9;&#9;&#9;&#9;if (buildingNum != temp.length - 1) {&#13;&#10;&#9;&#9;&#9;&#9;&#9;&#9;&#9;Building playerB = player.getBuildings().get(&#13;&#10;&#9;&#9;&#9;&#9;&#9;&#9;&#9;&#9;&#9;buildingNum);&#13;&#10;&#9;&#9;&#9;&#9;&#9;&#9;&#9;if (playerB.numberOfJobs &gt; playerB.numberOfWorkers) {&#13;&#10;&#9;&#9;&#9;&#9;&#9;&#9;&#9;&#9;player.getBuildings().get(buildingNum).numberOfWorkers++;&#13;&#10;&#9;&#9;&#9;&#9;&#9;&#9;&#9;&#9;selected = true;&#13;&#10;&#9;&#9;&#9;&#9;&#9;&#9;&#9;&#9;updateMsgBar(&quot;Player &quot; + i&#13;&#10;&#9;&#9;&#9;&#9;&#9;&#9;&#9;&#9;&#9;&#9;+ &quot; added worker to building &quot;&#13;&#10;&#9;&#9;&#9;&#9;&#9;&#9;&#9;&#9;&#9;&#9;+ playerB.name);&#13;&#10;&#9;&#9;&#9;&#9;&#9;&#9;&#9;} else {&#13;&#10;&#9;&#9;&#9;&#9;&#9;&#9;&#9;&#9;updateMsgBar(&quot;Building &quot; + playerB.name&#13;&#10;&#9;&#9;&#9;&#9;&#9;&#9;&#9;&#9;&#9;&#9;+ &quot; is already full of workers.&quot;);&#13;&#10;&#9;&#9;&#9;&#9;&#9;&#9;&#9;}&#13;&#10;&#9;&#9;&#9;&#9;&#9;&#9;} else {&#13;&#10;&#13;&#10;&#9;&#9;&#9;&#9;&#9;&#9;&#9;updateMsgBar(&quot;Player &quot; + i + &quot; has no buildings&quot;);&#13;&#10;&#9;&#9;&#9;&#9;&#9;&#9;&#9;selected = false;&#13;&#10;&#9;&#9;&#9;&#9;&#9;&#9;}&#13;&#10;&#13;&#10;&#9;&#9;&#9;&#9;&#9;} else if (n == 1) {&#13;&#10;&#9;&#9;&#9;&#9;&#9;&#9;ArrayList&lt;String&gt; pPlantations = (ArrayList&lt;String&gt;) player&#13;&#10;&#9;&#9;&#9;&#9;&#9;&#9;&#9;&#9;.getPlantationsStringList().clone();&#13;&#10;&#9;&#9;&#9;&#9;&#9;&#9;pPlantations.add(&quot;Go Back&quot;);&#13;&#10;&#9;&#9;&#9;&#9;&#9;&#9;Object[] temp = pPlantations.toArray();&#13;&#10;&#13;&#10;&#9;&#9;&#9;&#9;&#9;&#9;int plantationNum = JOptionPane&#13;&#10;&#9;&#9;&#9;&#9;&#9;&#9;&#9;&#9;.showOptionDialog(&#13;&#10;&#9;&#9;&#9;&#9;&#9;&#9;&#9;&#9;&#9;&#9;this.mainframe,&#13;&#10;&#9;&#9;&#9;&#9;&#9;&#9;&#9;&#9;&#9;&#9;&quot;Give the colonosists a job! \nChoose a plantation&quot;,&#13;&#10;&#9;&#9;&#9;&#9;&#9;&#9;&#9;&#9;&#9;&#9;&quot;Player &quot; + (roleNum),&#13;&#10;&#9;&#9;&#9;&#9;&#9;&#9;&#9;&#9;&#9;&#9;JOptionPane.YES_NO_CANCEL_OPTION,&#13;&#10;&#9;&#9;&#9;&#9;&#9;&#9;&#9;&#9;&#9;&#9;JOptionPane.QUESTION_MESSAGE, null,&#13;&#10;&#9;&#9;&#9;&#9;&#9;&#9;&#9;&#9;&#9;&#9;temp, null);&#13;&#10;&#9;&#9;&#9;&#9;&#9;&#9;if (plantationNum != temp.length - 1) {&#13;&#10;&#9;&#9;&#9;&#9;&#9;&#9;&#9;Plantation pPlantation = player.getPlantations()&#13;&#10;&#9;&#9;&#9;&#9;&#9;&#9;&#9;&#9;&#9;.get(plantationNum);&#13;&#10;&#9;&#9;&#9;&#9;&#9;&#9;&#9;if (pPlantation.hasWorker) {&#13;&#10;&#9;&#9;&#9;&#9;&#9;&#9;&#9;&#9;updateMsgBar(&quot;Plantation already has a worker.&quot;);&#13;&#10;&#9;&#9;&#9;&#9;&#9;&#9;&#9;} else {&#13;&#10;&#9;&#9;&#9;&#9;&#9;&#9;&#9;&#9;pPlantation.hasWorker = true;&#13;&#10;&#9;&#9;&#9;&#9;&#9;&#9;&#9;&#9;selected = true;&#13;&#10;&#9;&#9;&#9;&#9;&#9;&#9;&#9;&#9;updateMsgBar(&quot;Player &quot; + i&#13;&#10;&#9;&#9;&#9;&#9;&#9;&#9;&#9;&#9;&#9;&#9;+ &quot; added worker to plantation&quot;);&#13;&#10;&#9;&#9;&#9;&#9;&#9;&#9;&#9;}&#13;&#10;&#9;&#9;&#9;&#9;&#9;&#9;} else {&#13;&#10;&#13;&#10;&#9;&#9;&#9;&#9;&#9;&#9;&#9;updateMsgBar(&quot;Player &quot; + i + &quot; has no plantions&quot;);&#13;&#10;&#9;&#9;&#9;&#9;&#9;&#9;&#9;selected = false;&#13;&#10;&#9;&#9;&#9;&#9;&#9;&#9;}&#13;&#10;&#9;&#9;&#9;&#9;&#9;} else {&#13;&#10;&#9;&#9;&#9;&#9;&#9;&#9;// Do nothing&#13;&#10;&#9;&#9;&#9;&#9;&#9;&#9;selected = true;&#13;&#10;&#9;&#9;&#9;&#9;&#9;}&#13;&#10;&#13;&#10;&#9;&#9;&#9;&#9;&#9;player.updatePlayerInfo();&#13;&#10;&#9;&#9;&#9;&#9;}&#13;&#10;&#9;&#9;&#9;&#9;roleNum = (roleNum + 1) % players.size();&#13;&#10;&#13;&#10;&#9;&#9;&#9;}&#13;&#10;&#9;&#9;} else if (role.equals(PlayerRoles.Builder)) {&#13;&#10;&#9;&#9;&#9;player.setDoubloons(player.getDoubloons() + 1);&#13;&#10;&#9;&#9;&#9;Buildings b = new Buildings();&#13;&#10;&#13;&#10;&#9;&#9;&#9;for (int i = 0; i &lt; players.size(); i++) {&#13;&#10;&#9;&#9;&#9;&#9;player = players.get(roleNum);&#13;&#10;&#9;&#9;&#9;&#9;System.out.println(roleNum);&#13;&#10;&#13;&#10;&#9;&#9;&#9;&#9;ArrayList&lt;Building&gt; bs = b.getBuildings();&#13;&#10;&#9;&#9;&#9;&#9;ArrayList&lt;String&gt; bNames = new ArrayList&lt;String&gt;();&#13;&#10;&#9;&#9;&#9;&#9;for (Building building : bs) {&#13;&#10;&#9;&#9;&#9;&#9;&#9;if (building.cost &lt;= player.getDoubloons()) {&#13;&#10;&#9;&#9;&#9;&#9;&#9;&#9;bNames.add(building.name);&#13;&#10;&#9;&#9;&#9;&#9;&#9;}&#13;&#10;&#9;&#9;&#9;&#9;}&#13;&#10;&#9;&#9;&#9;&#9;bNames.add(&quot;Nothing&quot;);&#13;&#10;&#9;&#9;&#9;&#9;Object[] options = bNames.toArray();&#13;&#10;&#13;&#10;&#9;&#9;&#9;&#9;// player = player.next at the end&#13;&#10;&#9;&#9;&#9;&#9;int n = JOptionPane.showOptionDialog(this.mainframe,&#13;&#10;&#9;&#9;&#9;&#9;&#9;&#9;&quot;Choose a building to build!&quot;, &quot;Player &quot; + (roleNum),&#13;&#10;&#9;&#9;&#9;&#9;&#9;&#9;JOptionPane.YES_NO_CANCEL_OPTION,&#13;&#10;&#9;&#9;&#9;&#9;&#9;&#9;JOptionPane.QUESTION_MESSAGE, null, options,&#13;&#10;&#9;&#9;&#9;&#9;&#9;&#9;options[options.length - 1]);&#13;&#10;&#9;&#9;&#9;&#9;if (n != bNames.size() - 1) {&#13;&#10;&#9;&#9;&#9;&#9;&#9;player.addBuilding(new Building(bNames.get(n)));&#13;&#10;&#9;&#9;&#9;&#9;&#9;if(player.ownsOccupiedBuilding(&quot;University&quot;)){&#13;&#10;&#9;&#9;&#9;&#9;&#9;&#9;player.getBuilding(&quot;University&quot;).numberOfWorkers++;&#13;&#10;&#9;&#9;&#9;&#9;&#9;&#9;this.gameState.colonistsTotal--;&#13;&#10;&#9;&#9;&#9;&#9;&#9;}&#13;&#10;&#9;&#9;&#9;&#9;&#9;if (player.getBuildings().size() &gt;= 12) {&#13;&#10;&#9;&#9;&#9;&#9;&#9;&#9;this.gameState.isGameEndState = true;&#13;&#10;&#9;&#9;&#9;&#9;&#9;}&#13;&#10;&#9;&#9;&#9;&#9;}&#13;&#10;&#9;&#9;&#9;&#9;// Adds +1 to the player's doubloons if the role was not used in&#13;&#10;&#9;&#9;&#9;&#9;// previous 3 turns&#13;&#10;&#9;&#9;&#9;&#9;player.updatePlayerInfo();&#13;&#10;&#9;&#9;&#9;&#9;roleNum = (roleNum + 1) % players.size();&#13;&#10;&#13;&#10;&#9;&#9;&#9;}&#13;&#10;&#9;&#9;}else if(role.equals(PlayerRoles.Settler)){&#13;&#10;&#9;&#9;&#9;//DONE: kurian&#13;&#10;&#9;&#9;&#9;List&lt;String&gt; gNames = player.getAllGoods();&#13;&#10;&#9;&#9;&#9;gNames.add(&quot;Nothing&quot;);&#13;&#10;&#9;&#9;&#9;Object[] options = gNames.toArray();&#13;&#10;&#9;&#9;&#9;// Settler picks one more plantation&#13;&#10;&#9;&#9;&#9;for (int i = 0; i &lt;= players.size(); i++) {&#13;&#10;&#13;&#10;&#9;&#9;&#9;&#9;player = players.get(roleNum);&#13;&#10;&#9;&#9;&#9;&#9;&#13;&#10;&#9;&#9;&#9;&#9;if(player.ownsOccupiedBuilding(&quot;Construction Hut&quot;)){&#13;&#10;&#9;&#9;&#9;&#9;&#9;//give option to place quarry, but if chooses quarry, you can't get plantation&#13;&#10;&#9;&#9;&#9;&#9;}&#13;&#10;&#9;&#9;&#9;&#9;&#13;&#10;&#9;&#9;&#9;&#9;if(player.ownsOccupiedBuilding(&quot;Hacienda&quot;)){&#13;&#10;&#9;&#9;&#9;&#9;&#9;//give option to add another plantion here!!&#13;&#10;&#9;&#9;&#9;&#9;}&#13;&#10;&#9;&#9;&#9;&#9;// player = player.next at the end&#13;&#10;&#9;&#9;&#9;&#9;int n = JOptionPane.showOptionDialog(this.mainframe,&#13;&#10;&#9;&#9;&#9;&#9;&#9;&#9;&quot;Choose a Good to harvest!&quot;, &quot;Player &quot; + (roleNum),&#13;&#10;&#9;&#9;&#9;&#9;&#9;&#9;JOptionPane.YES_NO_CANCEL_OPTION,&#13;&#10;&#9;&#9;&#9;&#9;&#9;&#9;JOptionPane.QUESTION_MESSAGE, null, options,&#13;&#10;&#9;&#9;&#9;&#9;&#9;&#9;options[options.length - 1]);&#13;&#10;&#9;&#9;&#9;&#9;&#9;System.out.println(gNames.get(n));&#13;&#10;&#9;&#9;&#9;&#9;if (n != gNames.size() - 1) {&#13;&#10;&#9;&#9;&#9;&#9;&#9;player.getPlantations().add(new Plantation(gNames.get(n), false));&#13;&#10;&#9;&#9;&#9;&#9;}&#13;&#10;&#9;&#9;&#9;&#9;if(player.ownsOccupiedBuilding(&quot;Hospice&quot;)){&#13;&#10;&#9;&#9;&#9;&#9;&#9;//give option to take colonist form supply and put it here&#13;&#10;&#9;&#9;&#9;&#9;&#9;Object[] yesNo = {&quot;Yes&quot;, &quot;No&quot;};&#13;&#10;&#9;&#9;&#9;&#9;&#9;int answ = JOptionPane.showOptionDialog(this.mainframe,&#13;&#10;&#9;&#9;&#9;&#9;&#9;&#9;&#9;&quot;Would you like to place a colonist at your Hospice?&quot;, &quot;Player &quot; + (roleNum),&#13;&#10;&#9;&#9;&#9;&#9;&#9;&#9;&#9;JOptionPane.YES_NO_CANCEL_OPTION,&#13;&#10;&#9;&#9;&#9;&#9;&#9;&#9;&#9;JOptionPane.QUESTION_MESSAGE, null, yesNo,&#13;&#10;&#9;&#9;&#9;&#9;&#9;&#9;&#9;yesNo[yesNo.length - 1]);&#13;&#10;&#9;&#9;&#9;&#9;&#9;if(answ == 1){&#13;&#10;&#9;&#9;&#9;&#9;&#9;&#9;player.getBuilding(&quot;Hospice&quot;).numberOfWorkers++;&#13;&#10;&#9;&#9;&#9;&#9;&#9;&#9;this.gameState.colonistsTotal--;&#13;&#10;&#9;&#9;&#9;&#9;&#9;}&#13;&#10;&#13;&#10;&#9;&#9;&#9;&#9;}&#13;&#10;&#9;&#9;&#9;&#9;// Adds +1 to the player's doubloons if the role was not used in&#13;&#10;&#9;&#9;&#9;&#9;// previous 3 turns&#13;&#10;&#9;&#9;&#9;&#9;player.updatePlayerInfo();&#13;&#10;&#9;&#9;&#9;&#9;roleNum = (roleNum + 1) % players.size();&#13;&#10;&#9;&#9;&#9;}&#13;&#10;&#9;&#9;}else if(role.equals(PlayerRoles.Craftsman)){&#13;&#10;&#9;&#9;&#9;//DONE: kurian&#13;&#10;&#9;&#9;&#9;for (int i = 0; i &lt; players.size(); i++) {&#13;&#10;&#13;&#10;&#9;&#9;&#9;&#9;player = players.get(roleNum);&#13;&#10;&#9;&#9;&#9;&#9;player.checkPlantation();&#13;&#10;&#9;&#9;&#9;&#9;&#13;&#10;&#9;&#9;&#9;&#9;//factory addition&#13;&#10;&#9;&#9;&#9;&#9;if(player.ownsOccupiedBuilding(&quot;Factory&quot;)){&#13;&#10;&#9;&#9;&#9;&#9;&#9;if(player.getPlantations().size() == 2){&#13;&#10;&#9;&#9;&#9;&#9;&#9;&#9;player.setDoubloons(player.getDoubloons() + 1);&#9;&#9;&#9;&#9;&#9;&#13;&#10;&#9;&#9;&#9;&#9;&#9;}else if(player.getPlantations().size() == 3){&#13;&#10;&#9;&#9;&#9;&#9;&#9;&#9;player.setDoubloons(player.getDoubloons() + 2);&#13;&#10;&#9;&#9;&#9;&#9;&#9;}else if(player.getPlantations().size() == 4){&#13;&#10;&#9;&#9;&#9;&#9;&#9;&#9;player.setDoubloons(player.getDoubloons() + 3);&#13;&#10;&#9;&#9;&#9;&#9;&#9;}else if(player.getPlantations().size() == 5){&#13;&#10;&#9;&#9;&#9;&#9;&#9;&#9;player.setDoubloons(player.getDoubloons() + 5);&#13;&#10;&#9;&#9;&#9;&#9;&#9;}&#9;&#9;&#9;&#9;&#9;&#13;&#10;&#9;&#9;&#9;&#9;}&#13;&#10;&#9;&#9;&#9;&#9;&#13;&#10;&#9;&#9;&#9;&#9;// Adds +1 to the player's doubloons if the role was not used in&#13;&#10;&#9;&#9;&#9;&#9;// previous 3 turns&#13;&#10;&#9;&#9;&#9;&#9;player.updatePlayerInfo();&#13;&#10;&#9;&#9;&#9;&#9;roleNum = (roleNum + 1) % players.size();&#13;&#10;&#13;&#10;&#9;&#9;&#9;}&#13;&#10;&#13;&#10;&#9;&#9;} else if (role.equals(PlayerRoles.Trader)) {&#13;&#10;&#9;&#9;&#9;//&#13;&#10;&#9;&#9;&#9;for (int i = 0; i &lt; players.size(); i++) {&#13;&#10;&#13;&#10;&#9;&#9;&#9;&#9;player = players.get(roleNum);&#13;&#10;&#9;&#9;&#9;&#9;&#13;&#10;&#9;&#9;&#9;&#9;//small market additions&#13;&#10;&#9;&#9;&#9;&#9;if(player.ownsOccupiedBuilding(&quot;Small Market&quot;)){&#13;&#10;&#9;&#9;&#9;&#9;&#9;player.setDoubloons(player.getDoubloons() + 1);&#13;&#10;&#9;&#9;&#9;&#9;}&#13;&#10;&#9;&#9;&#9;&#9;&#13;&#10;&#9;&#9;&#9;&#9;//large market additions&#13;&#10;&#9;&#9;&#9;&#9;if(player.ownsOccupiedBuilding(&quot;Large Market&quot;)){&#13;&#10;&#9;&#9;&#9;&#9;&#9;player.setDoubloons(player.getDoubloons() + 2);&#13;&#10;&#9;&#9;&#9;&#9;}&#13;&#10;&#9;&#9;&#9;&#9;&#13;&#10;&#9;&#9;&#9;&#9;if(player.ownsOccupiedBuilding(&quot;Office&quot;)){&#13;&#10;&#9;&#9;&#9;&#9;&#9;//player can sell same kind of good to the trading house??&#13;&#10;&#9;&#9;&#9;&#9;}&#13;&#10;&#9;&#9;&#9;&#9;ArrayList&lt;String&gt; goodList = new ArrayList&lt;String&gt;();&#13;&#10;&#9;&#9;&#9;&#9;for (String s : player.getAllGoods()) {&#13;&#10;&#9;&#9;&#9;&#9;&#9;int n = player.getNumberOfGood(s);&#13;&#10;&#9;&#9;&#9;&#9;&#9;if (n &gt; 0) {&#13;&#10;&#9;&#9;&#9;&#9;&#9;&#9;goodList.add(s);&#13;&#10;&#9;&#9;&#9;&#9;&#9;}&#13;&#10;&#9;&#9;&#9;&#9;}&#13;&#10;&#9;&#9;&#9;&#9;goodList.add(&quot;Nothing&quot;);&#13;&#10;&#9;&#9;&#9;&#9;Object[] options = goodList.toArray();&#13;&#10;&#13;&#10;&#9;&#9;&#9;&#9;int n = JOptionPane.showOptionDialog(this.mainframe,&#13;&#10;&#9;&#9;&#9;&#9;&#9;&#9;&quot;Choose a Good to trade!&quot;, &quot;Player &quot; + (roleNum),&#13;&#10;&#9;&#9;&#9;&#9;&#9;&#9;JOptionPane.YES_NO_CANCEL_OPTION,&#13;&#10;&#9;&#9;&#9;&#9;&#9;&#9;JOptionPane.QUESTION_MESSAGE, null, options,&#13;&#10;&#9;&#9;&#9;&#9;&#9;&#9;options[options.length - 1]);&#13;&#10;&#9;&#9;&#9;&#9;if (n != goodList.size() - 1) {&#13;&#10;&#9;&#9;&#9;&#9;&#9;if (goodList.get(n).equals(Good.COFFEE)) {&#13;&#10;&#9;&#9;&#9;&#9;&#9;&#9;player.setDoubloons(player.getDoubloons() + 4);&#13;&#10;&#9;&#9;&#9;&#9;&#9;&#9;player.sellGood(Good.COFFEE, 1);&#13;&#10;&#9;&#9;&#9;&#9;&#9;} else if (goodList.get(n).equals(Good.CORN)) {&#13;&#10;&#9;&#9;&#9;&#9;&#9;&#9;player.sellGood(Good.CORN, 1);&#13;&#10;&#9;&#9;&#9;&#9;&#9;} else if (goodList.get(n).equals(Good.INDIGO)) {&#13;&#10;&#9;&#9;&#9;&#9;&#9;&#9;player.setDoubloons(player.getDoubloons() + 1);&#13;&#10;&#9;&#9;&#9;&#9;&#9;&#9;player.sellGood(Good.INDIGO, 1);&#13;&#10;&#9;&#9;&#9;&#9;&#9;} else if (goodList.get(n).equals(Good.SUGAR)) {&#13;&#10;&#9;&#9;&#9;&#9;&#9;&#9;player.setDoubloons(player.getDoubloons() + 2);&#13;&#10;&#9;&#9;&#9;&#9;&#9;&#9;player.sellGood(Good.SUGAR, 1);&#13;&#10;&#9;&#9;&#9;&#9;&#9;} else if (goodList.get(n).equals(Good.TOBACCO)) {&#13;&#10;&#9;&#9;&#9;&#9;&#9;&#9;player.setDoubloons(player.getDoubloons() + 3);&#13;&#10;&#9;&#9;&#9;&#9;&#9;&#9;player.sellGood(Good.TOBACCO, 1);&#13;&#10;&#9;&#9;&#9;&#9;&#9;}&#13;&#10;&#9;&#9;&#9;&#9;}&#13;&#10;&#9;&#9;&#9;&#9;// Adds +1 to the player's doubloons if the role was not used in&#13;&#10;&#9;&#9;&#9;&#9;// previous 3 turns&#13;&#10;&#9;&#9;&#9;&#9;player.updatePlayerInfo();&#13;&#10;&#9;&#9;&#9;&#9;roleNum = (roleNum + 1) % players.size();&#13;&#10;&#13;&#10;&#9;&#9;&#9;}&#13;&#10;&#9;&#9;}else if(role.equals(PlayerRoles.Captain)){&#13;&#10;&#9;&#9;&#9;&#13;&#10;&#9;&#9;&#9;for (int i = 0; i &lt; players.size(); i++) {&#13;&#10;&#9;&#9;&#9;&#9;player = players.get(roleNum);&#13;&#10;&#13;&#10;&#9;&#9;&#9;&#9;if(player.getAllGoods().size() != 0){&#13;&#10;&#9;&#9;&#9;&#9;&#9;Object[] goodOptions = player.getAllGoods().toArray();&#13;&#10;&#9;&#9;&#9;&#9;&#9;&#13;&#10;&#9;&#9;&#9;&#9;&#9;int good = JOptionPane.showOptionDialog(this.mainframe,&#13;&#10;&#9;&#9;&#9;&#9;&#9;&#9;&#9;&quot;Choose a good to ship!&quot;, &quot;Player &quot; + (roleNum),&#13;&#10;&#9;&#9;&#9;&#9;&#9;&#9;&#9;JOptionPane.YES_NO_CANCEL_OPTION,&#13;&#10;&#9;&#9;&#9;&#9;&#9;&#9;&#9;JOptionPane.QUESTION_MESSAGE, null, goodOptions,&#13;&#10;&#9;&#9;&#9;&#9;&#9;&#9;&#9;goodOptions[goodOptions.length - 1]);&#13;&#10;&#9;&#9;&#9;&#9;&#9;&#13;&#10;&#9;&#9;&#9;&#9;&#9;Object[] shipOptions = new Object[3];&#13;&#10;&#9;&#9;&#9;&#9;&#9;shipOptions[0] = 4;&#13;&#10;&#9;&#9;&#9;&#9;&#9;shipOptions[1] = 5;&#13;&#10;&#9;&#9;&#9;&#9;&#9;shipOptions[2] = 6;&#13;&#10;&#9;&#9;&#9;&#9;&#9;int ship = JOptionPane.showOptionDialog(this.mainframe,&#13;&#10;&#9;&#9;&#9;&#9;&#9;&#9;&#9;&quot;Choose a cargo ship to put good!&quot;, &quot;Player &quot; + (roleNum),&#13;&#10;&#9;&#9;&#9;&#9;&#9;&#9;&#9;JOptionPane.YES_NO_CANCEL_OPTION,&#13;&#10;&#9;&#9;&#9;&#9;&#9;&#9;&#9;JOptionPane.QUESTION_MESSAGE, null, shipOptions,&#13;&#10;&#9;&#9;&#9;&#9;&#9;&#9;&#9;shipOptions[shipOptions.length - 1]);&#13;&#10;&#9;&#9;&#9;&#9;&#9;&#13;&#10;&#9;&#9;&#9;&#9;&#9;if(ship == 0){&#13;&#10;&#9;&#9;&#9;&#9;&#9;&#9;this.gameState.cargoship4Good = (String) goodOptions[good];&#13;&#10;&#9;&#9;&#9;&#9;&#9;&#9;this.gameState.cargoship4++;&#13;&#10;&#9;&#9;&#9;&#9;&#9;&#9;if(player.ownsOccupiedBuilding(&quot;Harbor&quot;)){&#13;&#10;&#9;&#9;&#9;&#9;&#9;&#9;&#9;player.addPoints(1);&#13;&#10;&#9;&#9;&#9;&#9;&#9;&#9;}&#13;&#10;&#9;&#9;&#9;&#9;&#9;}else if(ship == 1){&#13;&#10;&#9;&#9;&#9;&#9;&#9;&#9;this.gameState.cargoship5Good = (String) goodOptions[good];&#13;&#10;&#9;&#9;&#9;&#9;&#9;&#9;this.gameState.cargoship5++;&#13;&#10;&#9;&#9;&#9;&#9;&#9;&#9;if(player.ownsOccupiedBuilding(&quot;Harbor&quot;)){&#13;&#10;&#9;&#9;&#9;&#9;&#9;&#9;&#9;player.addPoints(1);&#13;&#10;&#9;&#9;&#9;&#9;&#9;&#9;}&#13;&#10;&#9;&#9;&#9;&#9;&#9;}else if(ship == 2){&#13;&#10;&#9;&#9;&#9;&#9;&#9;&#9;this.gameState.cargoship6Good = (String) goodOptions[good];&#13;&#10;&#9;&#9;&#9;&#9;&#9;&#9;this.gameState.cargoship6++;&#13;&#10;&#9;&#9;&#9;&#9;&#9;&#9;if(player.ownsOccupiedBuilding(&quot;Harbor&quot;)){&#13;&#10;&#9;&#9;&#9;&#9;&#9;&#9;&#9;player.addPoints(1);&#13;&#10;&#9;&#9;&#9;&#9;&#9;&#9;}&#13;&#10;&#9;&#9;&#9;&#9;&#9;}&#13;&#10;&#9;&#9;&#9;&#9;&#9;&#13;&#10;&#9;&#9;&#9;&#9;&#9;updateGameStateDisplay();&#13;&#10;&#9;&#9;&#9;&#9;&#9;player.updatePlayerInfo();&#13;&#10;&#9;&#9;&#9;&#9;&#9;roleNum = (roleNum + 1) % players.size();&#13;&#10;&#9;&#9;&#9;&#9;&#9;//warehouse stuff&#13;&#10;&#9;&#9;&#9;&#9;&#9;for(int j = 0; j &lt; players.size(); j++){&#13;&#10;&#9;&#9;&#9;&#9;&#9;&#9;if(players.get(roleNum).ownsOccupiedBuilding(&quot;Large Warehouse&quot;)){&#13;&#10;&#9;&#9;&#9;&#9;&#9;&#9;&#9;Object[] goptions = player.getAllGoods().toArray();&#13;&#10;&#9;&#9;&#9;&#9;&#9;&#9;&#9;int firstGood = JOptionPane.showOptionDialog(this.mainframe,&#13;&#10;&#9;&#9;&#9;&#9;&#9;&#9;&#9;&#9;&#9;&quot;Choose a good to store!&quot;, &quot;Player &quot; + (roleNum),&#13;&#10;&#9;&#9;&#9;&#9;&#9;&#9;&#9;&#9;&#9;JOptionPane.YES_NO_CANCEL_OPTION,&#13;&#10;&#9;&#9;&#9;&#9;&#9;&#9;&#9;&#9;&#9;JOptionPane.QUESTION_MESSAGE, null, goptions,&#13;&#10;&#9;&#9;&#9;&#9;&#9;&#9;&#9;&#9;&#9;goptions[goptions.length - 1]);&#13;&#10;&#9;&#9;&#9;&#9;&#9;&#9;&#9;int secondGood = JOptionPane.showOptionDialog(this.mainframe,&#13;&#10;&#9;&#9;&#9;&#9;&#9;&#9;&#9;&#9;&#9;&quot;Choose a good to store!&quot;, &quot;Player &quot; + (roleNum),&#13;&#10;&#9;&#9;&#9;&#9;&#9;&#9;&#9;&#9;&#9;JOptionPane.YES_NO_CANCEL_OPTION,&#13;&#10;&#9;&#9;&#9;&#9;&#9;&#9;&#9;&#9;&#9;JOptionPane.QUESTION_MESSAGE, null, goptions,&#13;&#10;&#9;&#9;&#9;&#9;&#9;&#9;&#9;&#9;&#9;goptions[goptions.length - 1]);&#13;&#10;&#9;&#9;&#9;&#9;&#9;&#9;&#9;players.get(roleNum).getBuilding(&quot;Large Warehouse&quot;).storedGood =  goptions[firstGood].toString();&#13;&#10;&#9;&#9;&#9;&#9;&#9;&#9;&#9;players.get(roleNum).getBuilding(&quot;Large Warehouse&quot;).amountOfStoredGood++;&#13;&#10;&#9;&#9;&#9;&#9;&#9;&#9;&#9;players.get(roleNum).getBuilding(&quot;Large Warehouse&quot;).storedGood =  goptions[secondGood].toString();&#13;&#10;&#9;&#9;&#9;&#9;&#9;&#9;&#9;players.get(roleNum).getBuilding(&quot;Large Warehouse&quot;).amountOfStoredGood++;&#13;&#10;&#9;&#9;&#9;&#9;&#9;&#9;}else if(players.get(roleNum).ownsOccupiedBuilding(&quot;Small Warehouse&quot;)){&#13;&#10;&#9;&#9;&#9;&#9;&#9;&#9;&#9;Object[] options = player.getAllGoods().toArray();&#13;&#10;&#9;&#9;&#9;&#9;&#9;&#9;&#9;int g = JOptionPane.showOptionDialog(this.mainframe,&#13;&#10;&#9;&#9;&#9;&#9;&#9;&#9;&#9;&#9;&#9;&quot;Choose a good to store!&quot;, &quot;Player &quot; + (roleNum),&#13;&#10;&#9;&#9;&#9;&#9;&#9;&#9;&#9;&#9;&#9;JOptionPane.YES_NO_CANCEL_OPTION,&#13;&#10;&#9;&#9;&#9;&#9;&#9;&#9;&#9;&#9;&#9;JOptionPane.QUESTION_MESSAGE, null, options,&#13;&#10;&#9;&#9;&#9;&#9;&#9;&#9;&#9;&#9;&#9;options[options.length - 1]);&#13;&#10;&#9;&#9;&#9;&#9;&#9;&#9;&#9;players.get(roleNum).getBuilding(&quot;Small Warehouse&quot;).storedGood =  options[g].toString();&#13;&#10;&#9;&#9;&#9;&#9;&#9;&#9;&#9;players.get(roleNum).getBuilding(&quot;Small Warehouse&quot;).amountOfStoredGood++;&#13;&#10;&#9;&#9;&#9;&#9;&#9;&#9;}&#13;&#10;&#9;&#9;&#9;&#9;&#9;&#9;updateGameStateDisplay();&#13;&#10;&#9;&#9;&#9;&#9;&#9;&#9;player.updatePlayerInfo();&#13;&#10;&#9;&#9;&#9;&#9;&#9;&#9;roleNum = (roleNum + 1) % players.size();&#13;&#10;&#9;&#9;&#9;&#9;&#9;}&#13;&#10;&#9;&#9;&#9;&#9;}&#13;&#10;&#13;&#10;&#13;&#10;&#9;&#9;&#9;&#9;updateGameStateDisplay();&#13;&#10;&#9;&#9;&#9;&#9;// Adds +1 to the player's doubloons if the role was not used in&#13;&#10;&#9;&#9;&#9;&#9;// previous 3 turns&#13;&#10;&#9;&#9;&#9;&#9;player.updatePlayerInfo();&#13;&#10;&#9;&#9;&#9;&#9;roleNum = (roleNum + 1) % players.size();&#13;&#10;&#13;&#10;&#9;&#9;&#9;}&#13;&#10;&#9;&#9;&#9;&#13;&#10;&#9;&#9;}else if(role.equals(PlayerRoles.Prospector)){&#13;&#10;&#9;&#9;&#9;//:do nothing&#13;&#10;&#9;&#9;&#9;for (int i = 0; i &lt; players.size(); i++) {&#13;&#10;&#13;&#10;&#9;&#9;&#9;&#9;player = players.get(roleNum);&#13;&#10;&#13;&#10;&#9;&#9;&#9;&#9;// :&#13;&#10;&#9;&#9;&#9;&#9;// Adds +1 to the player's doubloons if the role was not used in&#13;&#10;&#9;&#9;&#9;&#9;// previous 3 turns&#13;&#10;&#9;&#9;&#9;&#9;player.updatePlayerInfo();&#13;&#10;&#9;&#9;&#9;&#9;roleNum = (roleNum + 1) % players.size();&#13;&#10;&#13;&#10;&#9;&#9;&#9;}&#13;&#10;&#9;&#9;}&#13;&#10;&#13;&#10;&#9;}&#13;&#10;&#13;&#10;}&#13;&#10;" Filename="GameBoardGUI.java" Intrnl_Id="9"/>
<SrcFile Content="package csse376_puerto_rico;&#13;&#10;&#13;&#10;import java.awt.event.ActionEvent;&#13;&#10;import java.awt.event.ActionListener;&#13;&#10;&#13;&#10;import javax.swing.ButtonGroup;&#13;&#10;import javax.swing.JFrame;&#13;&#10;&#13;&#10;public class ButtonHandler implements ActionListener {&#13;&#10;&#9;&#13;&#10;&#9;private JFrame mainframe;&#13;&#10;&#9;private ButtonGroup bGroup;&#13;&#10;&#13;&#10;&#9;public ButtonHandler(JFrame frame, ButtonGroup group) {&#13;&#10;&#9;&#9;this.mainframe = frame;&#13;&#10;&#9;&#9;this.bGroup = group;&#13;&#10;&#9;}&#13;&#10;&#13;&#10;&#9;@Override&#13;&#10;&#9;public void actionPerformed(ActionEvent ae) {&#13;&#10;&#9;&#9;String action = ae.getActionCommand();&#13;&#10;&#9;&#9;if(action.equals(&quot;Quit&quot;)){&#13;&#10;&#9;&#9;&#9;System.exit(0);&#13;&#10;&#9;&#9;}else if(action.equals(&quot;New Game&quot;)){&#13;&#10;&#9;&#9;&#9;new StartUpGameBoardGUI(this.mainframe);&#13;&#10;&#9;&#9;}else if(action.equals(&quot;Start&quot;)){&#13;&#10;&#9;&#9;&#9;new GameBoardGUI(this.mainframe, this.bGroup);&#13;&#10;&#9;&#9;}else if(action.equals(&quot;Add Points&quot;)){&#13;&#10;&#9;&#9;&#9;&#13;&#10;&#9;&#9;}&#13;&#10;&#9;}&#13;&#10;&#13;&#10;}&#13;&#10;" Filename="ButtonHandler.java" Intrnl_Id="10"/>
<SrcFile Content="package csse376_puerto_rico;&#13;&#10;&#13;&#10;import java.util.ArrayList;&#13;&#10;import java.util.Arrays;&#13;&#10;import java.util.List;&#13;&#10;&#13;&#10;public class Buildings {&#13;&#10;&#13;&#10;&#9;private ArrayList&lt;Building&gt; buildings;&#13;&#10;&#9;private ArrayList&lt;String&gt; buildingNames = new ArrayList&lt;String&gt;(Arrays.asList(&quot;Small Indigo Plant&quot;,&#13;&#10;&#9;&#9;&#9;&quot;Small Sugar Mill&quot;, &quot;Small Market&quot;, &quot;Hacienda&quot;, &quot;Construction Hut&quot;,&#13;&#10;&#9;&#9;&#9;&quot;Small Warehouse&quot;, &quot;Indigo Plant&quot;, &quot;Surgar Mill&quot;, &quot;Hospice&quot;, &quot;Office&quot;,&#13;&#10;&#9;&#9;&#9;&quot;Large Market&quot;, &quot;Large Warehouse&quot;, &quot;Tobacco Storage&quot;, &quot;Coffee Roaster&quot;,&#13;&#10;&#9;&#9;&#9;&quot;Factory&quot;, &quot;University&quot;, &quot;Harbor&quot;, &quot;Wharf&quot;));&#13;&#10;&#13;&#10;&#9;public Buildings() {&#13;&#10;&#9;&#9;buildings = new ArrayList&lt;Building&gt;();&#13;&#10;&#13;&#10;&#9;&#9;for (String name : buildingNames) {&#13;&#10;&#9;&#9;&#9;buildings.add(new Building(name));&#13;&#10;&#9;&#9;}&#13;&#10;&#13;&#10;&#9;}&#13;&#10;&#13;&#10;&#9;public ArrayList&lt;Building&gt; getBuildings() {&#13;&#10;&#13;&#10;&#9;&#9;return buildings;&#13;&#10;&#9;}&#13;&#10;&#13;&#10;&#9;public ArrayList&lt;String&gt; getBuildingNames() {&#13;&#10;&#9;&#9;return buildingNames;&#13;&#10;&#9;}&#13;&#10;&#13;&#10;&#9;public static class Building {&#13;&#10;&#13;&#10;&#9;&#9;public String name;&#13;&#10;&#9;&#9;public int cost;&#13;&#10;&#9;&#9;public int points;&#13;&#10;&#9;&#9;public int numberOfJobs;&#13;&#10;&#9;&#9;public int numberOfWorkers;&#13;&#10;&#9;&#9;&#13;&#10;&#9;&#9;public String storedGood;&#13;&#10;&#9;&#9;public int amountOfStoredGood;&#13;&#10;&#13;&#10;&#9;&#9;public Building(String name) {&#13;&#10;&#9;&#9;&#9;this.name = name;&#13;&#10;&#9;&#9;&#9;switch (name) {&#13;&#10;&#9;&#9;&#9;case &quot;Small Indigo Plant&quot;:&#13;&#10;&#9;&#9;&#9;&#9;cost = 1;&#13;&#10;&#9;&#9;&#9;&#9;points = 1;&#13;&#10;&#9;&#9;&#9;&#9;numberOfJobs = 1;&#13;&#10;&#9;&#9;&#9;&#9;numberOfWorkers = 0;&#13;&#10;&#9;&#9;&#9;&#9;break;&#13;&#10;&#9;&#9;&#9;&#9;&#13;&#10;&#9;&#9;&#9;case &quot;Small Sugar Mill&quot;:&#13;&#10;&#9;&#9;&#9;&#9;cost = 2;&#13;&#10;&#9;&#9;&#9;&#9;points = 1;&#13;&#10;&#9;&#9;&#9;&#9;numberOfJobs = 1;&#13;&#10;&#9;&#9;&#9;&#9;numberOfWorkers = 0;&#13;&#10;&#9;&#9;&#9;&#9;break;&#13;&#10;&#9;&#9;&#9;&#13;&#10;&#9;&#9;&#9;case &quot;Small Market&quot;:&#13;&#10;&#9;&#9;&#9;&#9;// plus doubloon with sale in trader phase&#13;&#10;&#9;&#9;&#9;&#9;cost = 1;&#13;&#10;&#9;&#9;&#9;&#9;points = 1;&#13;&#10;&#9;&#9;&#9;&#9;numberOfJobs = 1;&#13;&#10;&#9;&#9;&#9;&#9;numberOfWorkers = 0;&#13;&#10;&#9;&#9;&#9;&#9;break;&#13;&#10;&#9;&#9;&#9;&#9;&#13;&#10;&#9;&#9;&#9;case &quot;Hacienda&quot;:&#13;&#10;&#9;&#9;&#9;&#9;// plus plantation from supply in settler phase&#13;&#10;&#9;&#9;&#9;&#9;cost = 2;&#13;&#10;&#9;&#9;&#9;&#9;points = 1;&#13;&#10;&#9;&#9;&#9;&#9;numberOfJobs = 1;&#13;&#10;&#9;&#9;&#9;&#9;numberOfWorkers = 0;&#13;&#10;&#9;&#9;&#9;&#9;break;&#13;&#10;&#9;&#9;&#9;&#9;&#13;&#10;&#9;&#9;&#9;case &quot;Construciton Hut&quot;:&#13;&#10;&#9;&#9;&#9;&#9;// quarry instead of plantation in settler phase&#13;&#10;&#9;&#9;&#9;&#9;cost = 2;&#13;&#10;&#9;&#9;&#9;&#9;points = 1;&#13;&#10;&#9;&#9;&#9;&#9;numberOfJobs = 1;&#13;&#10;&#9;&#9;&#9;&#9;numberOfWorkers = 0;&#13;&#10;&#9;&#9;&#9;&#9;break;&#13;&#10;&#9;&#9;&#9;&#9;&#13;&#10;&#9;&#9;&#9;case &quot;Small Warehouse&quot;:&#13;&#10;&#9;&#9;&#9;&#9;// store 1 kind of good in captain phase&#13;&#10;&#9;&#9;&#9;&#9;cost = 3;&#13;&#10;&#9;&#9;&#9;&#9;points = 1;&#13;&#10;&#9;&#9;&#9;&#9;numberOfJobs = 1;&#13;&#10;&#9;&#9;&#9;&#9;numberOfWorkers = 0;&#13;&#10;&#9;&#9;&#9;&#9;storedGood = &quot;&quot;;&#13;&#10;&#9;&#9;&#9;&#9;amountOfStoredGood = 0;&#13;&#10;&#9;&#9;&#9;&#9;break;&#13;&#10;&#9;&#9;&#9;&#9;&#13;&#10;&#9;&#9;&#9;case &quot;Indigo Plant&quot;:&#13;&#10;&#9;&#9;&#9;&#9;cost = 3;&#13;&#10;&#9;&#9;&#9;&#9;points = 2;&#13;&#10;&#9;&#9;&#9;&#9;numberOfJobs = 3;&#13;&#10;&#9;&#9;&#9;&#9;numberOfWorkers = 0;&#13;&#10;&#9;&#9;&#9;&#9;break;&#13;&#10;&#9;&#9;&#9;&#9;&#13;&#10;&#9;&#9;&#9;case &quot;Sugar Mill&quot;:&#13;&#10;&#9;&#9;&#9;&#9;cost = 4;&#13;&#10;&#9;&#9;&#9;&#9;points = 2;&#13;&#10;&#9;&#9;&#9;&#9;numberOfJobs = 3;&#13;&#10;&#9;&#9;&#9;&#9;numberOfWorkers = 0;&#13;&#10;&#9;&#9;&#9;&#9;break;&#13;&#10;&#9;&#9;&#9;&#9;&#13;&#10;&#9;&#9;&#9;case &quot;Hospice&quot;:&#13;&#10;&#9;&#9;&#9;&#9;// plus colonist for settling in settler phase&#13;&#10;&#9;&#9;&#9;&#9;cost = 4;&#13;&#10;&#9;&#9;&#9;&#9;points = 2;&#13;&#10;&#9;&#9;&#9;&#9;numberOfJobs = 1;&#13;&#10;&#9;&#9;&#9;&#9;numberOfWorkers = 0;&#13;&#10;&#9;&#9;&#9;&#9;break;&#13;&#10;&#9;&#9;&#9;&#9;&#13;&#10;&#9;&#9;&#9;case &quot;Office&quot;:&#13;&#10;&#9;&#9;&#9;&#9;// sell same kind of goods in trader phase&#13;&#10;&#9;&#9;&#9;&#9;cost = 5;&#13;&#10;&#9;&#9;&#9;&#9;points = 2;&#13;&#10;&#9;&#9;&#9;&#9;numberOfJobs = 1;&#13;&#10;&#9;&#9;&#9;&#9;numberOfWorkers = 0;&#13;&#10;&#9;&#9;&#9;&#9;break;&#13;&#10;&#9;&#9;&#9;&#9;&#13;&#10;&#9;&#9;&#9;case &quot;Large Market&quot;:&#13;&#10;&#9;&#9;&#9;&#9;// plus 2 doubloons with sale in trader phase&#13;&#10;&#9;&#9;&#9;&#9;cost = 5;&#13;&#10;&#9;&#9;&#9;&#9;points = 2;&#13;&#10;&#9;&#9;&#9;&#9;numberOfJobs = 1;&#13;&#10;&#9;&#9;&#9;&#9;numberOfWorkers = 0;&#13;&#10;&#9;&#9;&#9;&#9;break;&#13;&#10;&#9;&#9;&#9;&#9;&#13;&#10;&#9;&#9;&#9;case &quot;Large Warehouse&quot;:&#13;&#10;&#9;&#9;&#9;&#9;// stores 2 kinds of goods in captain phase&#13;&#10;&#9;&#9;&#9;&#9;cost = 6;&#13;&#10;&#9;&#9;&#9;&#9;points = 2;&#13;&#10;&#9;&#9;&#9;&#9;numberOfJobs = 1;&#13;&#10;&#9;&#9;&#9;&#9;numberOfWorkers = 0;&#13;&#10;&#9;&#9;&#9;&#9;storedGood = &quot;&quot;;&#13;&#10;&#9;&#9;&#9;&#9;amountOfStoredGood = 0;&#13;&#10;&#9;&#9;&#9;&#9;break;&#13;&#10;&#9;&#9;&#9;&#9;&#13;&#10;&#9;&#9;&#9;case &quot;Tobacco Storage&quot;:&#13;&#10;&#9;&#9;&#9;&#9;cost = 5;&#13;&#10;&#9;&#9;&#9;&#9;points = 3;&#13;&#10;&#9;&#9;&#9;&#9;numberOfJobs = 3;&#13;&#10;&#9;&#9;&#9;&#9;numberOfWorkers = 0;&#13;&#10;&#9;&#9;&#9;&#9;break;&#13;&#10;&#9;&#9;&#9;&#9;&#13;&#10;&#9;&#9;&#9;case &quot;Coffe Roaster&quot;:&#13;&#10;&#9;&#9;&#9;&#9;cost = 6;&#13;&#10;&#9;&#9;&#9;&#9;points = 3;&#13;&#10;&#9;&#9;&#9;&#9;numberOfJobs = 2;&#13;&#10;&#9;&#9;&#9;&#9;numberOfWorkers = 0;&#13;&#10;&#9;&#9;&#9;&#9;break;&#13;&#10;&#9;&#9;&#9;&#9;&#13;&#10;&#9;&#9;&#9;case &quot;Factory&quot;:&#13;&#10;&#9;&#9;&#9;&#9;// plus 0/1/2/3/5 doubloons with production in craftsman phase&#13;&#10;&#9;&#9;&#9;&#9;cost = 7;&#13;&#10;&#9;&#9;&#9;&#9;points = 3;&#13;&#10;&#9;&#9;&#9;&#9;numberOfJobs = 1;&#13;&#10;&#9;&#9;&#9;&#9;numberOfWorkers = 0;&#13;&#10;&#9;&#9;&#9;&#9;break;&#13;&#10;&#9;&#9;&#9;&#9;&#13;&#10;&#9;&#9;&#9;case &quot;University&quot;:&#13;&#10;&#9;&#9;&#9;&#9;// plus colonist for building in builder phase&#13;&#10;&#9;&#9;&#9;&#9;cost = 8;&#13;&#10;&#9;&#9;&#9;&#9;points = 3;&#13;&#10;&#9;&#9;&#9;&#9;numberOfJobs = 1;&#13;&#10;&#9;&#9;&#9;&#9;numberOfWorkers = 0;&#13;&#10;&#9;&#9;&#9;&#9;break;&#13;&#10;&#9;&#9;&#9;&#9;&#13;&#10;&#9;&#9;&#9;case &quot;Harbor&quot;:&#13;&#10;&#9;&#9;&#9;&#9;// plus victory point per delivery in captain phase&#13;&#10;&#9;&#9;&#9;&#9;cost = 8;&#13;&#10;&#9;&#9;&#9;&#9;points = 3;&#13;&#10;&#9;&#9;&#9;&#9;numberOfJobs = 1;&#13;&#10;&#9;&#9;&#9;&#9;numberOfWorkers = 0;&#13;&#10;&#9;&#9;&#9;&#9;break;&#13;&#10;&#13;&#10;&#9;&#9;&#9;case &quot;Wharf&quot;:&#13;&#10;&#9;&#9;&#9;&#9;// your own ship in captain phase&#13;&#10;&#9;&#9;&#9;&#9;cost = 9;&#13;&#10;&#9;&#9;&#9;&#9;points = 3;&#13;&#10;&#9;&#9;&#9;&#9;numberOfJobs = 1;&#13;&#10;&#9;&#9;&#9;&#9;numberOfWorkers = 0;&#13;&#10;&#9;&#9;&#9;&#9;break;&#13;&#10;&#9;&#9;&#9;&#9;&#13;&#10;&#9;&#9;&#9;default:&#13;&#10;&#9;&#9;&#9;&#9;cost = 0;&#13;&#10;&#9;&#9;&#9;&#9;points = 0;&#13;&#10;&#9;&#9;&#9;&#9;numberOfJobs = 0;&#13;&#10;&#9;&#9;&#9;&#9;numberOfWorkers = 0;&#13;&#10;&#9;&#9;&#9;}&#13;&#10;&#9;&#9;&#9;&#13;&#10;&#9;&#9;}&#13;&#10;&#9;&#9;&#13;&#10;&#9;&#9;public boolean isOccupied(){&#13;&#10;&#9;&#9;&#9;return ((this.numberOfJobs - this.numberOfWorkers) == 0);&#13;&#10;&#9;&#9;}&#13;&#10;&#9;}&#13;&#10;}&#13;&#10;" Filename="Buildings.java" Intrnl_Id="11"/>
</SrcFileList>
<CritList>
<CritListEntry Name="org.codecover.model.utils.criteria.LoopCoverage" PluginName="org.codecover"/>
<CritListEntry Name="org.codecover.model.utils.criteria.BranchCoverage" PluginName="org.codecover"/>
<CritListEntry Name="org.codecover.model.utils.criteria.ConditionCoverage" PluginName="org.codecover"/>
<CritListEntry Name="org.codecover.model.utils.criteria.SynchronizedStatementCoverage" PluginName="org.codecover"/>
<CritListEntry Name="org.codecover.model.utils.criteria.QMOCoverage" PluginName="org.codecover"/>
<CritListEntry Name="org.codecover.model.utils.criteria.StatementCoverage" PluginName="org.codecover"/>
</CritList>
<BoolOpList>
<BoolOp Arity="1" Intrnl_Id="12" Name="not (!)">
<BoolAssgnmntBoolMapList>
<MapEntry BoolAssgnmnt="0" Value="true"/>
<MapEntry BoolAssgnmnt="1" Value="false"/>
</BoolAssgnmntBoolMapList>
</BoolOp>
<BoolOp Arity="2" Intrnl_Id="13" Name="conditional and (&amp;&amp;)">
<BoolAssgnmntBoolMapList>
<MapEntry BoolAssgnmnt="10" Value="false"/>
<MapEntry BoolAssgnmnt="02" Value="false"/>
<MapEntry BoolAssgnmnt="11" Value="true"/>
</BoolAssgnmntBoolMapList>
</BoolOp>
<BoolOp Arity="2" Intrnl_Id="14" Name="conditional or (||)">
<BoolAssgnmntBoolMapList>
<MapEntry BoolAssgnmnt="01" Value="true"/>
<MapEntry BoolAssgnmnt="00" Value="false"/>
<MapEntry BoolAssgnmnt="12" Value="true"/>
</BoolAssgnmntBoolMapList>
</BoolOp>
</BoolOpList>
<HierarchyLvlTypeList>
<HierarchyLvlType EnglishName="package" IntrnlName="package" Intrnl_Id="15"/>
<HierarchyLvlType EnglishName="class" IntrnlName="class" Intrnl_Id="16"/>
<HierarchyLvlType EnglishName="method" IntrnlName="method" Intrnl_Id="17"/>
<HierarchyLvlType EnglishName="default package" IntrnlName="default package" Intrnl_Id="18"/>
<HierarchyLvlType EnglishName="anonymous class" IntrnlName="class" Intrnl_Id="19"/>
</HierarchyLvlTypeList>
<MASTRoot>
<HierarchyLvl HierarchyLvlId="5501" HierarchyLvlTypeId="18" Intrnl_Id="20" Name="default package">
<Header/>
<LocList/>
<HierarchyLvl HierarchyLvlId="5500" HierarchyLvlTypeId="15" Intrnl_Id="21" Name="csse376_puerto_rico">
<Header/>
<LocList/>
<HierarchyLvl HierarchyLvlId="5407" HierarchyLvlTypeId="16" Intrnl_Id="22" Name="StartUpGameBoardGUI">
<Header>
<Loc EndOffset="234" SrcFileId="1" StartOffset="202"/>
</Header>
<LocList>
<Loc EndOffset="1071" SrcFileId="1" StartOffset="202"/>
</LocList>
<HierarchyLvl HierarchyLvlId="5406" HierarchyLvlTypeId="17" Intrnl_Id="23" Name="StartUpGameBoardGUI">
<Header>
<Loc EndOffset="307" SrcFileId="1" StartOffset="267"/>
</Header>
<LocList>
<Loc EndOffset="1068" SrcFileId="1" StartOffset="267"/>
</LocList>
<StmntSeq Intrnl_Id="24">
<LocList>
<Loc EndOffset="335" SrcFileId="1" StartOffset="312"/>
<Loc EndOffset="382" SrcFileId="1" StartOffset="338"/>
<Loc EndOffset="430" SrcFileId="1" StartOffset="385"/>
<Loc EndOffset="475" SrcFileId="1" StartOffset="433"/>
<Loc EndOffset="520" SrcFileId="1" StartOffset="478"/>
<Loc EndOffset="556" SrcFileId="1" StartOffset="524"/>
<Loc EndOffset="600" SrcFileId="1" StartOffset="562"/>
<Loc EndOffset="650" SrcFileId="1" StartOffset="603"/>
<Loc EndOffset="701" SrcFileId="1" StartOffset="653"/>
<Loc EndOffset="752" SrcFileId="1" StartOffset="704"/>
<Loc EndOffset="770" SrcFileId="1" StartOffset="755"/>
<Loc EndOffset="788" SrcFileId="1" StartOffset="773"/>
<Loc EndOffset="806" SrcFileId="1" StartOffset="791"/>
<Loc EndOffset="855" SrcFileId="1" StartOffset="812"/>
<Loc EndOffset="930" SrcFileId="1" StartOffset="858"/>
<Loc EndOffset="955" SrcFileId="1" StartOffset="936"/>
<Loc EndOffset="977" SrcFileId="1" StartOffset="958"/>
<Loc EndOffset="999" SrcFileId="1" StartOffset="980"/>
<Loc EndOffset="1029" SrcFileId="1" StartOffset="1002"/>
<Loc EndOffset="1065" SrcFileId="1" StartOffset="1035"/>
</LocList>
<BasicStmnt CovItemId="S1" CovItemPrefix="csse376_puerto_rico.StartUpGameBoardGUI.java" Intrnl_Id="25">
<LocList>
<Loc EndOffset="335" SrcFileId="1" StartOffset="312"/>
</LocList>
</BasicStmnt>
<BasicStmnt CovItemId="S2" CovItemPrefix="csse376_puerto_rico.StartUpGameBoardGUI.java" Intrnl_Id="26">
<LocList>
<Loc EndOffset="382" SrcFileId="1" StartOffset="338"/>
</LocList>
</BasicStmnt>
<BasicStmnt CovItemId="S3" CovItemPrefix="csse376_puerto_rico.StartUpGameBoardGUI.java" Intrnl_Id="27">
<LocList>
<Loc EndOffset="430" SrcFileId="1" StartOffset="385"/>
</LocList>
</BasicStmnt>
<BasicStmnt CovItemId="S4" CovItemPrefix="csse376_puerto_rico.StartUpGameBoardGUI.java" Intrnl_Id="28">
<LocList>
<Loc EndOffset="475" SrcFileId="1" StartOffset="433"/>
</LocList>
</BasicStmnt>
<BasicStmnt CovItemId="S5" CovItemPrefix="csse376_puerto_rico.StartUpGameBoardGUI.java" Intrnl_Id="29">
<LocList>
<Loc EndOffset="520" SrcFileId="1" StartOffset="478"/>
</LocList>
</BasicStmnt>
<BasicStmnt CovItemId="S6" CovItemPrefix="csse376_puerto_rico.StartUpGameBoardGUI.java" Intrnl_Id="30">
<LocList>
<Loc EndOffset="556" SrcFileId="1" StartOffset="524"/>
</LocList>
</BasicStmnt>
<BasicStmnt CovItemId="S7" CovItemPrefix="csse376_puerto_rico.StartUpGameBoardGUI.java" Intrnl_Id="31">
<LocList>
<Loc EndOffset="600" SrcFileId="1" StartOffset="562"/>
</LocList>
</BasicStmnt>
<BasicStmnt CovItemId="S8" CovItemPrefix="csse376_puerto_rico.StartUpGameBoardGUI.java" Intrnl_Id="32">
<LocList>
<Loc EndOffset="650" SrcFileId="1" StartOffset="603"/>
</LocList>
</BasicStmnt>
<BasicStmnt CovItemId="S9" CovItemPrefix="csse376_puerto_rico.StartUpGameBoardGUI.java" Intrnl_Id="33">
<LocList>
<Loc EndOffset="701" SrcFileId="1" StartOffset="653"/>
</LocList>
</BasicStmnt>
<BasicStmnt CovItemId="S10" CovItemPrefix="csse376_puerto_rico.StartUpGameBoardGUI.java" Intrnl_Id="34">
<LocList>
<Loc EndOffset="752" SrcFileId="1" StartOffset="704"/>
</LocList>
</BasicStmnt>
<BasicStmnt CovItemId="S11" CovItemPrefix="csse376_puerto_rico.StartUpGameBoardGUI.java" Intrnl_Id="35">
<LocList>
<Loc EndOffset="770" SrcFileId="1" StartOffset="755"/>
</LocList>
</BasicStmnt>
<BasicStmnt CovItemId="S12" CovItemPrefix="csse376_puerto_rico.StartUpGameBoardGUI.java" Intrnl_Id="36">
<LocList>
<Loc EndOffset="788" SrcFileId="1" StartOffset="773"/>
</LocList>
</BasicStmnt>
<BasicStmnt CovItemId="S13" CovItemPrefix="csse376_puerto_rico.StartUpGameBoardGUI.java" Intrnl_Id="37">
<LocList>
<Loc EndOffset="806" SrcFileId="1" StartOffset="791"/>
</LocList>
</BasicStmnt>
<BasicStmnt CovItemId="S14" CovItemPrefix="csse376_puerto_rico.StartUpGameBoardGUI.java" Intrnl_Id="38">
<LocList>
<Loc EndOffset="855" SrcFileId="1" StartOffset="812"/>
</LocList>
</BasicStmnt>
<BasicStmnt CovItemId="S15" CovItemPrefix="csse376_puerto_rico.StartUpGameBoardGUI.java" Intrnl_Id="39">
<LocList>
<Loc EndOffset="930" SrcFileId="1" StartOffset="858"/>
</LocList>
</BasicStmnt>
<BasicStmnt CovItemId="S16" CovItemPrefix="csse376_puerto_rico.StartUpGameBoardGUI.java" Intrnl_Id="40">
<LocList>
<Loc EndOffset="955" SrcFileId="1" StartOffset="936"/>
</LocList>
</BasicStmnt>
<BasicStmnt CovItemId="S17" CovItemPrefix="csse376_puerto_rico.StartUpGameBoardGUI.java" Intrnl_Id="41">
<LocList>
<Loc EndOffset="977" SrcFileId="1" StartOffset="958"/>
</LocList>
</BasicStmnt>
<BasicStmnt CovItemId="S18" CovItemPrefix="csse376_puerto_rico.StartUpGameBoardGUI.java" Intrnl_Id="42">
<LocList>
<Loc EndOffset="999" SrcFileId="1" StartOffset="980"/>
</LocList>
</BasicStmnt>
<BasicStmnt CovItemId="S19" CovItemPrefix="csse376_puerto_rico.StartUpGameBoardGUI.java" Intrnl_Id="43">
<LocList>
<Loc EndOffset="1029" SrcFileId="1" StartOffset="1002"/>
</LocList>
</BasicStmnt>
<BasicStmnt CovItemId="S20" CovItemPrefix="csse376_puerto_rico.StartUpGameBoardGUI.java" Intrnl_Id="44">
<LocList>
<Loc EndOffset="1065" SrcFileId="1" StartOffset="1035"/>
</LocList>
</BasicStmnt>
</StmntSeq>
</HierarchyLvl>
</HierarchyLvl>
<HierarchyLvl HierarchyLvlId="5410" HierarchyLvlTypeId="16" Intrnl_Id="45" Name="PlayerRoles">
<Header>
<Loc EndOffset="184" SrcFileId="2" StartOffset="160"/>
</Header>
<LocList>
<Loc EndOffset="862" SrcFileId="2" StartOffset="160"/>
</LocList>
<StmntSeq Intrnl_Id="46">
<LocList>
<Loc EndOffset="236" SrcFileId="2" StartOffset="189"/>
<Loc EndOffset="286" SrcFileId="2" StartOffset="239"/>
<Loc EndOffset="340" SrcFileId="2" StartOffset="289"/>
<Loc EndOffset="388" SrcFileId="2" StartOffset="343"/>
<Loc EndOffset="438" SrcFileId="2" StartOffset="391"/>
<Loc EndOffset="494" SrcFileId="2" StartOffset="441"/>
<Loc EndOffset="540" SrcFileId="2" StartOffset="497"/>
</LocList>
<BasicStmnt CovItemId="S1" CovItemPrefix="csse376_puerto_rico.PlayerRoles.java" Intrnl_Id="47">
<LocList>
<Loc EndOffset="236" SrcFileId="2" StartOffset="189"/>
</LocList>
</BasicStmnt>
<BasicStmnt CovItemId="S2" CovItemPrefix="csse376_puerto_rico.PlayerRoles.java" Intrnl_Id="48">
<LocList>
<Loc EndOffset="286" SrcFileId="2" StartOffset="239"/>
</LocList>
</BasicStmnt>
<BasicStmnt CovItemId="S3" CovItemPrefix="csse376_puerto_rico.PlayerRoles.java" Intrnl_Id="49">
<LocList>
<Loc EndOffset="340" SrcFileId="2" StartOffset="289"/>
</LocList>
</BasicStmnt>
<BasicStmnt CovItemId="S4" CovItemPrefix="csse376_puerto_rico.PlayerRoles.java" Intrnl_Id="50">
<LocList>
<Loc EndOffset="388" SrcFileId="2" StartOffset="343"/>
</LocList>
</BasicStmnt>
<BasicStmnt CovItemId="S5" CovItemPrefix="csse376_puerto_rico.PlayerRoles.java" Intrnl_Id="51">
<LocList>
<Loc EndOffset="438" SrcFileId="2" StartOffset="391"/>
</LocList>
</BasicStmnt>
<BasicStmnt CovItemId="S6" CovItemPrefix="csse376_puerto_rico.PlayerRoles.java" Intrnl_Id="52">
<LocList>
<Loc EndOffset="494" SrcFileId="2" StartOffset="441"/>
</LocList>
</BasicStmnt>
<BasicStmnt CovItemId="S7" CovItemPrefix="csse376_puerto_rico.PlayerRoles.java" Intrnl_Id="53">
<LocList>
<Loc EndOffset="540" SrcFileId="2" StartOffset="497"/>
</LocList>
</BasicStmnt>
</StmntSeq>
<HierarchyLvl HierarchyLvlId="5408" HierarchyLvlTypeId="17" Intrnl_Id="54" Name="PlayerRoles">
<Header>
<Loc EndOffset="566" SrcFileId="2" StartOffset="545"/>
</Header>
<LocList>
<Loc EndOffset="595" SrcFileId="2" StartOffset="545"/>
</LocList>
</HierarchyLvl>
<HierarchyLvl HierarchyLvlId="5409" HierarchyLvlTypeId="17" Intrnl_Id="55" Name="getValues">
<Header>
<Loc EndOffset="638" SrcFileId="2" StartOffset="600"/>
</Header>
<LocList>
<Loc EndOffset="859" SrcFileId="2" StartOffset="600"/>
</LocList>
<StmntSeq Intrnl_Id="56">
<LocList>
<Loc EndOffset="687" SrcFileId="2" StartOffset="644"/>
<Loc EndOffset="710" SrcFileId="2" StartOffset="693"/>
<Loc EndOffset="731" SrcFileId="2" StartOffset="714"/>
<Loc EndOffset="754" SrcFileId="2" StartOffset="735"/>
<Loc EndOffset="774" SrcFileId="2" StartOffset="758"/>
<Loc EndOffset="795" SrcFileId="2" StartOffset="778"/>
<Loc EndOffset="819" SrcFileId="2" StartOffset="799"/>
<Loc EndOffset="838" SrcFileId="2" StartOffset="823"/>
<Loc EndOffset="855" SrcFileId="2" StartOffset="844"/>
</LocList>
<BasicStmnt CovItemId="S8" CovItemPrefix="csse376_puerto_rico.PlayerRoles.java" Intrnl_Id="57">
<LocList>
<Loc EndOffset="687" SrcFileId="2" StartOffset="644"/>
</LocList>
</BasicStmnt>
<BasicStmnt CovItemId="S9" CovItemPrefix="csse376_puerto_rico.PlayerRoles.java" Intrnl_Id="58">
<LocList>
<Loc EndOffset="710" SrcFileId="2" StartOffset="693"/>
</LocList>
</BasicStmnt>
<BasicStmnt CovItemId="S10" CovItemPrefix="csse376_puerto_rico.PlayerRoles.java" Intrnl_Id="59">
<LocList>
<Loc EndOffset="731" SrcFileId="2" StartOffset="714"/>
</LocList>
</BasicStmnt>
<BasicStmnt CovItemId="S11" CovItemPrefix="csse376_puerto_rico.PlayerRoles.java" Intrnl_Id="60">
<LocList>
<Loc EndOffset="754" SrcFileId="2" StartOffset="735"/>
</LocList>
</BasicStmnt>
<BasicStmnt CovItemId="S12" CovItemPrefix="csse376_puerto_rico.PlayerRoles.java" Intrnl_Id="61">
<LocList>
<Loc EndOffset="774" SrcFileId="2" StartOffset="758"/>
</LocList>
</BasicStmnt>
<BasicStmnt CovItemId="S13" CovItemPrefix="csse376_puerto_rico.PlayerRoles.java" Intrnl_Id="62">
<LocList>
<Loc EndOffset="795" SrcFileId="2" StartOffset="778"/>
</LocList>
</BasicStmnt>
<BasicStmnt CovItemId="S14" CovItemPrefix="csse376_puerto_rico.PlayerRoles.java" Intrnl_Id="63">
<LocList>
<Loc EndOffset="819" SrcFileId="2" StartOffset="799"/>
</LocList>
</BasicStmnt>
<BasicStmnt CovItemId="S15" CovItemPrefix="csse376_puerto_rico.PlayerRoles.java" Intrnl_Id="64">
<LocList>
<Loc EndOffset="838" SrcFileId="2" StartOffset="823"/>
</LocList>
</BasicStmnt>
<BasicStmnt CovItemId="S16" CovItemPrefix="csse376_puerto_rico.PlayerRoles.java" Intrnl_Id="65">
<LocList>
<Loc EndOffset="855" SrcFileId="2" StartOffset="844"/>
</LocList>
</BasicStmnt>
</StmntSeq>
</HierarchyLvl>
</HierarchyLvl>
<HierarchyLvl HierarchyLvlId="5448" HierarchyLvlTypeId="16" Intrnl_Id="66" Name="Player">
<Header>
<Loc EndOffset="242" SrcFileId="3" StartOffset="223"/>
</Header>
<LocList>
<Loc EndOffset="495" SrcFileId="3" StartOffset="223"/>
<Loc EndOffset="771" SrcFileId="3" StartOffset="766"/>
<Loc EndOffset="6770" SrcFileId="3" StartOffset="975"/>
</LocList>
<StmntSeq Intrnl_Id="67">
<LocList>
<Loc EndOffset="419" SrcFileId="3" StartOffset="396"/>
<Loc EndOffset="490" SrcFileId="3" StartOffset="424"/>
<Loc EndOffset="1052" SrcFileId="3" StartOffset="980"/>
<Loc EndOffset="1127" SrcFileId="3" StartOffset="1055"/>
<Loc EndOffset="1190" SrcFileId="3" StartOffset="1130"/>
</LocList>
<BasicStmnt CovItemId="S1" CovItemPrefix="csse376_puerto_rico.Player.java" Intrnl_Id="68">
<LocList>
<Loc EndOffset="419" SrcFileId="3" StartOffset="396"/>
</LocList>
</BasicStmnt>
<BasicStmnt CovItemId="S2" CovItemPrefix="csse376_puerto_rico.Player.java" Intrnl_Id="69">
<LocList>
<Loc EndOffset="490" SrcFileId="3" StartOffset="424"/>
</LocList>
</BasicStmnt>
<BasicStmnt CovItemId="S5" CovItemPrefix="csse376_puerto_rico.Player.java" Intrnl_Id="70">
<LocList>
<Loc EndOffset="1052" SrcFileId="3" StartOffset="980"/>
</LocList>
</BasicStmnt>
<BasicStmnt CovItemId="S6" CovItemPrefix="csse376_puerto_rico.Player.java" Intrnl_Id="71">
<LocList>
<Loc EndOffset="1127" SrcFileId="3" StartOffset="1055"/>
</LocList>
</BasicStmnt>
<BasicStmnt CovItemId="S7" CovItemPrefix="csse376_puerto_rico.Player.java" Intrnl_Id="72">
<LocList>
<Loc EndOffset="1190" SrcFileId="3" StartOffset="1130"/>
</LocList>
</BasicStmnt>
</StmntSeq>
<HierarchyLvl HierarchyLvlId="5411" HierarchyLvlTypeId="16" Intrnl_Id="73" Name="Good">
<Header>
<Loc EndOffset="519" SrcFileId="3" StartOffset="495"/>
</Header>
<LocList>
<Loc EndOffset="766" SrcFileId="3" StartOffset="495"/>
</LocList>
</HierarchyLvl>
<HierarchyLvl HierarchyLvlId="5413" HierarchyLvlTypeId="16" Intrnl_Id="74" Name="Plantation">
<Header>
<Loc EndOffset="801" SrcFileId="3" StartOffset="771"/>
</Header>
<LocList>
<Loc EndOffset="975" SrcFileId="3" StartOffset="771"/>
</LocList>
<HierarchyLvl HierarchyLvlId="5412" HierarchyLvlTypeId="17" Intrnl_Id="75" Name="Plantation">
<Header>
<Loc EndOffset="910" SrcFileId="3" StartOffset="861"/>
</Header>
<LocList>
<Loc EndOffset="971" SrcFileId="3" StartOffset="861"/>
</LocList>
<StmntSeq Intrnl_Id="76">
<LocList>
<Loc EndOffset="934" SrcFileId="3" StartOffset="917"/>
<Loc EndOffset="966" SrcFileId="3" StartOffset="939"/>
</LocList>
<BasicStmnt CovItemId="S3" CovItemPrefix="csse376_puerto_rico.Player.java" Intrnl_Id="77">
<LocList>
<Loc EndOffset="934" SrcFileId="3" StartOffset="917"/>
</LocList>
</BasicStmnt>
<BasicStmnt CovItemId="S4" CovItemPrefix="csse376_puerto_rico.Player.java" Intrnl_Id="78">
<LocList>
<Loc EndOffset="966" SrcFileId="3" StartOffset="939"/>
</LocList>
</BasicStmnt>
</StmntSeq>
</HierarchyLvl>
</HierarchyLvl>
<HierarchyLvl HierarchyLvlId="5414" HierarchyLvlTypeId="17" Intrnl_Id="79" Name="Player">
<Header>
<Loc EndOffset="1249" SrcFileId="3" StartOffset="1234"/>
</Header>
<LocList>
<Loc EndOffset="1446" SrcFileId="3" StartOffset="1234"/>
</LocList>
<StmntSeq Intrnl_Id="80">
<LocList>
<Loc EndOffset="1274" SrcFileId="3" StartOffset="1255"/>
<Loc EndOffset="1292" SrcFileId="3" StartOffset="1278"/>
<Loc EndOffset="1311" SrcFileId="3" StartOffset="1296"/>
<Loc EndOffset="1339" SrcFileId="3" StartOffset="1315"/>
<Loc EndOffset="1370" SrcFileId="3" StartOffset="1343"/>
<Loc EndOffset="1442" SrcFileId="3" StartOffset="1374"/>
</LocList>
<BasicStmnt CovItemId="S8" CovItemPrefix="csse376_puerto_rico.Player.java" Intrnl_Id="81">
<LocList>
<Loc EndOffset="1274" SrcFileId="3" StartOffset="1255"/>
</LocList>
</BasicStmnt>
<BasicStmnt CovItemId="S9" CovItemPrefix="csse376_puerto_rico.Player.java" Intrnl_Id="82">
<LocList>
<Loc EndOffset="1292" SrcFileId="3" StartOffset="1278"/>
</LocList>
</BasicStmnt>
<BasicStmnt CovItemId="S10" CovItemPrefix="csse376_puerto_rico.Player.java" Intrnl_Id="83">
<LocList>
<Loc EndOffset="1311" SrcFileId="3" StartOffset="1296"/>
</LocList>
</BasicStmnt>
<BasicStmnt CovItemId="S11" CovItemPrefix="csse376_puerto_rico.Player.java" Intrnl_Id="84">
<LocList>
<Loc EndOffset="1339" SrcFileId="3" StartOffset="1315"/>
</LocList>
</BasicStmnt>
<BasicStmnt CovItemId="S12" CovItemPrefix="csse376_puerto_rico.Player.java" Intrnl_Id="85">
<LocList>
<Loc EndOffset="1370" SrcFileId="3" StartOffset="1343"/>
</LocList>
</BasicStmnt>
<LoopStmnt CovItemId="S13" CovItemPrefix="csse376_puerto_rico.Player.java" Intrnl_Id="86" MltplExecId="L1-2" MltplExecPrefix="csse376_puerto_rico.Player.java" NvrExecId="L1-0" NvrExecPrefix="csse376_puerto_rico.Player.java" OnceExecutedId="L1-1" OnceExecutedPrefix="csse376_puerto_rico.Player.java" OptBodyExec="true">
<StmntSeq Intrnl_Id="87">
<LocList>
<Loc EndOffset="1437" SrcFileId="3" StartOffset="1416"/>
</LocList>
<BasicStmnt CovItemId="S14" CovItemPrefix="csse376_puerto_rico.Player.java" Intrnl_Id="88">
<LocList>
<Loc EndOffset="1437" SrcFileId="3" StartOffset="1416"/>
</LocList>
</BasicStmnt>
</StmntSeq>
<Keyword EndOffset="1377" SrcFileId="3" StartOffset="1374"/>
<LocList>
<Loc EndOffset="1442" SrcFileId="3" StartOffset="1374"/>
</LocList>
</LoopStmnt>
</StmntSeq>
</HierarchyLvl>
<HierarchyLvl HierarchyLvlId="5415" HierarchyLvlTypeId="17" Intrnl_Id="89" Name="Player">
<Header>
<Loc EndOffset="1477" SrcFileId="3" StartOffset="1451"/>
</Header>
<LocList>
<Loc EndOffset="1671" SrcFileId="3" StartOffset="1451"/>
</LocList>
<StmntSeq Intrnl_Id="90">
<LocList>
<Loc EndOffset="1500" SrcFileId="3" StartOffset="1483"/>
<Loc EndOffset="1523" SrcFileId="3" StartOffset="1504"/>
<Loc EndOffset="1551" SrcFileId="3" StartOffset="1527"/>
<Loc EndOffset="1575" SrcFileId="3" StartOffset="1555"/>
<Loc EndOffset="1595" SrcFileId="3" StartOffset="1579"/>
<Loc EndOffset="1667" SrcFileId="3" StartOffset="1599"/>
</LocList>
<BasicStmnt CovItemId="S15" CovItemPrefix="csse376_puerto_rico.Player.java" Intrnl_Id="91">
<LocList>
<Loc EndOffset="1500" SrcFileId="3" StartOffset="1483"/>
</LocList>
</BasicStmnt>
<BasicStmnt CovItemId="S16" CovItemPrefix="csse376_puerto_rico.Player.java" Intrnl_Id="92">
<LocList>
<Loc EndOffset="1523" SrcFileId="3" StartOffset="1504"/>
</LocList>
</BasicStmnt>
<BasicStmnt CovItemId="S17" CovItemPrefix="csse376_puerto_rico.Player.java" Intrnl_Id="93">
<LocList>
<Loc EndOffset="1551" SrcFileId="3" StartOffset="1527"/>
</LocList>
</BasicStmnt>
<BasicStmnt CovItemId="S18" CovItemPrefix="csse376_puerto_rico.Player.java" Intrnl_Id="94">
<LocList>
<Loc EndOffset="1575" SrcFileId="3" StartOffset="1555"/>
</LocList>
</BasicStmnt>
<BasicStmnt CovItemId="S19" CovItemPrefix="csse376_puerto_rico.Player.java" Intrnl_Id="95">
<LocList>
<Loc EndOffset="1595" SrcFileId="3" StartOffset="1579"/>
</LocList>
</BasicStmnt>
<LoopStmnt CovItemId="S20" CovItemPrefix="csse376_puerto_rico.Player.java" Intrnl_Id="96" MltplExecId="L2-2" MltplExecPrefix="csse376_puerto_rico.Player.java" NvrExecId="L2-0" NvrExecPrefix="csse376_puerto_rico.Player.java" OnceExecutedId="L2-1" OnceExecutedPrefix="csse376_puerto_rico.Player.java" OptBodyExec="true">
<StmntSeq Intrnl_Id="97">
<LocList>
<Loc EndOffset="1662" SrcFileId="3" StartOffset="1641"/>
</LocList>
<BasicStmnt CovItemId="S21" CovItemPrefix="csse376_puerto_rico.Player.java" Intrnl_Id="98">
<LocList>
<Loc EndOffset="1662" SrcFileId="3" StartOffset="1641"/>
</LocList>
</BasicStmnt>
</StmntSeq>
<Keyword EndOffset="1602" SrcFileId="3" StartOffset="1599"/>
<LocList>
<Loc EndOffset="1667" SrcFileId="3" StartOffset="1599"/>
</LocList>
</LoopStmnt>
</StmntSeq>
</HierarchyLvl>
<HierarchyLvl HierarchyLvlId="5416" HierarchyLvlTypeId="17" Intrnl_Id="99" Name="setPlayerNum">
<Header>
<Loc EndOffset="1707" SrcFileId="3" StartOffset="1676"/>
</Header>
<LocList>
<Loc EndOffset="1733" SrcFileId="3" StartOffset="1676"/>
</LocList>
<StmntSeq Intrnl_Id="100">
<LocList>
<Loc EndOffset="1727" SrcFileId="3" StartOffset="1713"/>
</LocList>
<BasicStmnt CovItemId="S22" CovItemPrefix="csse376_puerto_rico.Player.java" Intrnl_Id="101">
<LocList>
<Loc EndOffset="1727" SrcFileId="3" StartOffset="1713"/>
</LocList>
</BasicStmnt>
</StmntSeq>
</HierarchyLvl>
<HierarchyLvl HierarchyLvlId="5417" HierarchyLvlTypeId="17" Intrnl_Id="102" Name="getPlayerNum">
<Header>
<Loc EndOffset="1763" SrcFileId="3" StartOffset="1738"/>
</Header>
<LocList>
<Loc EndOffset="1790" SrcFileId="3" StartOffset="1738"/>
</LocList>
<StmntSeq Intrnl_Id="103">
<LocList>
<Loc EndOffset="1786" SrcFileId="3" StartOffset="1769"/>
</LocList>
<BasicStmnt CovItemId="S23" CovItemPrefix="csse376_puerto_rico.Player.java" Intrnl_Id="104">
<LocList>
<Loc EndOffset="1786" SrcFileId="3" StartOffset="1769"/>
</LocList>
</BasicStmnt>
</StmntSeq>
</HierarchyLvl>
<HierarchyLvl HierarchyLvlId="5418" HierarchyLvlTypeId="17" Intrnl_Id="105" Name="getRole">
<Header>
<Loc EndOffset="1818" SrcFileId="3" StartOffset="1795"/>
</Header>
<LocList>
<Loc EndOffset="1845" SrcFileId="3" StartOffset="1795"/>
</LocList>
<StmntSeq Intrnl_Id="106">
<LocList>
<Loc EndOffset="1841" SrcFileId="3" StartOffset="1824"/>
</LocList>
<BasicStmnt CovItemId="S24" CovItemPrefix="csse376_puerto_rico.Player.java" Intrnl_Id="107">
<LocList>
<Loc EndOffset="1841" SrcFileId="3" StartOffset="1824"/>
</LocList>
</BasicStmnt>
</StmntSeq>
</HierarchyLvl>
<HierarchyLvl HierarchyLvlId="5419" HierarchyLvlTypeId="17" Intrnl_Id="108" Name="getRoles">
<Header>
<Loc EndOffset="1887" SrcFileId="3" StartOffset="1850"/>
</Header>
<LocList>
<Loc EndOffset="1912" SrcFileId="3" StartOffset="1850"/>
</LocList>
<StmntSeq Intrnl_Id="109">
<LocList>
<Loc EndOffset="1908" SrcFileId="3" StartOffset="1895"/>
</LocList>
<BasicStmnt CovItemId="S25" CovItemPrefix="csse376_puerto_rico.Player.java" Intrnl_Id="110">
<LocList>
<Loc EndOffset="1908" SrcFileId="3" StartOffset="1895"/>
</LocList>
</BasicStmnt>
</StmntSeq>
</HierarchyLvl>
<HierarchyLvl HierarchyLvlId="5420" HierarchyLvlTypeId="17" Intrnl_Id="111" Name="getPoints">
<Header>
<Loc EndOffset="1939" SrcFileId="3" StartOffset="1917"/>
</Header>
<LocList>
<Loc EndOffset="1963" SrcFileId="3" StartOffset="1917"/>
</LocList>
<StmntSeq Intrnl_Id="112">
<LocList>
<Loc EndOffset="1959" SrcFileId="3" StartOffset="1945"/>
</LocList>
<BasicStmnt CovItemId="S26" CovItemPrefix="csse376_puerto_rico.Player.java" Intrnl_Id="113">
<LocList>
<Loc EndOffset="1959" SrcFileId="3" StartOffset="1945"/>
</LocList>
</BasicStmnt>
</StmntSeq>
</HierarchyLvl>
<HierarchyLvl HierarchyLvlId="5421" HierarchyLvlTypeId="17" Intrnl_Id="114" Name="getHUD">
<Header>
<Loc EndOffset="1993" SrcFileId="3" StartOffset="1968"/>
</Header>
<LocList>
<Loc EndOffset="2019" SrcFileId="3" StartOffset="1968"/>
</LocList>
<StmntSeq Intrnl_Id="115">
<LocList>
<Loc EndOffset="2015" SrcFileId="3" StartOffset="1999"/>
</LocList>
<BasicStmnt CovItemId="S27" CovItemPrefix="csse376_puerto_rico.Player.java" Intrnl_Id="116">
<LocList>
<Loc EndOffset="2015" SrcFileId="3" StartOffset="1999"/>
</LocList>
</BasicStmnt>
</StmntSeq>
</HierarchyLvl>
<HierarchyLvl HierarchyLvlId="5422" HierarchyLvlTypeId="17" Intrnl_Id="117" Name="setHUD">
<Header>
<Loc EndOffset="2057" SrcFileId="3" StartOffset="2024"/>
</Header>
<LocList>
<Loc EndOffset="2082" SrcFileId="3" StartOffset="2024"/>
</LocList>
<StmntSeq Intrnl_Id="118">
<LocList>
<Loc EndOffset="2078" SrcFileId="3" StartOffset="2063"/>
</LocList>
<BasicStmnt CovItemId="S28" CovItemPrefix="csse376_puerto_rico.Player.java" Intrnl_Id="119">
<LocList>
<Loc EndOffset="2078" SrcFileId="3" StartOffset="2063"/>
</LocList>
</BasicStmnt>
</StmntSeq>
</HierarchyLvl>
<HierarchyLvl HierarchyLvlId="5423" HierarchyLvlTypeId="17" Intrnl_Id="120" Name="isGovernor">
<Header>
<Loc EndOffset="2114" SrcFileId="3" StartOffset="2087"/>
</Header>
<LocList>
<Loc EndOffset="2142" SrcFileId="3" StartOffset="2087"/>
</LocList>
<StmntSeq Intrnl_Id="121">
<LocList>
<Loc EndOffset="2138" SrcFileId="3" StartOffset="2120"/>
</LocList>
<BasicStmnt CovItemId="S29" CovItemPrefix="csse376_puerto_rico.Player.java" Intrnl_Id="122">
<LocList>
<Loc EndOffset="2138" SrcFileId="3" StartOffset="2120"/>
</LocList>
</BasicStmnt>
</StmntSeq>
</HierarchyLvl>
<HierarchyLvl HierarchyLvlId="5424" HierarchyLvlTypeId="17" Intrnl_Id="123" Name="addPoints">
<Header>
<Loc EndOffset="2182" SrcFileId="3" StartOffset="2147"/>
</Header>
<LocList>
<Loc EndOffset="2229" SrcFileId="3" StartOffset="2147"/>
</LocList>
<StmntSeq Intrnl_Id="124">
<LocList>
<Loc EndOffset="2225" SrcFileId="3" StartOffset="2188"/>
</LocList>
<BasicStmnt CovItemId="S30" CovItemPrefix="csse376_puerto_rico.Player.java" Intrnl_Id="125">
<LocList>
<Loc EndOffset="2225" SrcFileId="3" StartOffset="2188"/>
</LocList>
</BasicStmnt>
</StmntSeq>
</HierarchyLvl>
<HierarchyLvl HierarchyLvlId="5425" HierarchyLvlTypeId="17" Intrnl_Id="126" Name="setPoints">
<Header>
<Loc EndOffset="2284" SrcFileId="3" StartOffset="2251"/>
</Header>
<LocList>
<Loc EndOffset="2364" SrcFileId="3" StartOffset="2251"/>
</LocList>
<StmntSeq Intrnl_Id="127">
<LocList>
<Loc EndOffset="2360" SrcFileId="3" StartOffset="2339"/>
</LocList>
<BasicStmnt CovItemId="S31" CovItemPrefix="csse376_puerto_rico.Player.java" Intrnl_Id="128">
<LocList>
<Loc EndOffset="2360" SrcFileId="3" StartOffset="2339"/>
</LocList>
</BasicStmnt>
</StmntSeq>
</HierarchyLvl>
<HierarchyLvl HierarchyLvlId="5426" HierarchyLvlTypeId="17" Intrnl_Id="129" Name="setRole">
<Header>
<Loc EndOffset="2403" SrcFileId="3" StartOffset="2369"/>
</Header>
<LocList>
<Loc EndOffset="2432" SrcFileId="3" StartOffset="2369"/>
</LocList>
<StmntSeq Intrnl_Id="130">
<LocList>
<Loc EndOffset="2428" SrcFileId="3" StartOffset="2409"/>
</LocList>
<BasicStmnt CovItemId="S32" CovItemPrefix="csse376_puerto_rico.Player.java" Intrnl_Id="131">
<LocList>
<Loc EndOffset="2428" SrcFileId="3" StartOffset="2409"/>
</LocList>
</BasicStmnt>
</StmntSeq>
</HierarchyLvl>
<HierarchyLvl HierarchyLvlId="5427" HierarchyLvlTypeId="17" Intrnl_Id="132" Name="addBuilding">
<Header>
<Loc EndOffset="2479" SrcFileId="3" StartOffset="2437"/>
</Header>
<LocList>
<Loc EndOffset="2513" SrcFileId="3" StartOffset="2437"/>
</LocList>
<StmntSeq Intrnl_Id="133">
<LocList>
<Loc EndOffset="2509" SrcFileId="3" StartOffset="2485"/>
</LocList>
<BasicStmnt CovItemId="S33" CovItemPrefix="csse376_puerto_rico.Player.java" Intrnl_Id="134">
<LocList>
<Loc EndOffset="2509" SrcFileId="3" StartOffset="2485"/>
</LocList>
</BasicStmnt>
</StmntSeq>
</HierarchyLvl>
<HierarchyLvl HierarchyLvlId="5428" HierarchyLvlTypeId="17" Intrnl_Id="135" Name="ownsBuilding">
<Header>
<Loc EndOffset="2563" SrcFileId="3" StartOffset="2519"/>
</Header>
<LocList>
<Loc EndOffset="2623" SrcFileId="3" StartOffset="2519"/>
</LocList>
<StmntSeq Intrnl_Id="136">
<LocList>
<Loc EndOffset="2619" SrcFileId="3" StartOffset="2568"/>
</LocList>
<BasicStmnt CovItemId="S34" CovItemPrefix="csse376_puerto_rico.Player.java" Intrnl_Id="137">
<LocList>
<Loc EndOffset="2619" SrcFileId="3" StartOffset="2568"/>
</LocList>
</BasicStmnt>
</StmntSeq>
</HierarchyLvl>
<HierarchyLvl HierarchyLvlId="5429" HierarchyLvlTypeId="17" Intrnl_Id="138" Name="ownsOccupiedBuilding">
<Header>
<Loc EndOffset="2681" SrcFileId="3" StartOffset="2629"/>
</Header>
<LocList>
<Loc EndOffset="2749" SrcFileId="3" StartOffset="2629"/>
</LocList>
<StmntSeq Intrnl_Id="139">
<LocList>
<Loc EndOffset="2745" SrcFileId="3" StartOffset="2686"/>
</LocList>
<BasicStmnt CovItemId="S35" CovItemPrefix="csse376_puerto_rico.Player.java" Intrnl_Id="140">
<LocList>
<Loc EndOffset="2745" SrcFileId="3" StartOffset="2686"/>
</LocList>
</BasicStmnt>
</StmntSeq>
</HierarchyLvl>
<HierarchyLvl HierarchyLvlId="5430" HierarchyLvlTypeId="17" Intrnl_Id="141" Name="getBuildingsStringList">
<Header>
<Loc EndOffset="2803" SrcFileId="3" StartOffset="2754"/>
</Header>
<LocList>
<Loc EndOffset="2941" SrcFileId="3" StartOffset="2754"/>
</LocList>
<StmntSeq Intrnl_Id="142">
<LocList>
<Loc EndOffset="2857" SrcFileId="3" StartOffset="2809"/>
<Loc EndOffset="2922" SrcFileId="3" StartOffset="2861"/>
<Loc EndOffset="2937" SrcFileId="3" StartOffset="2926"/>
</LocList>
<BasicStmnt CovItemId="S36" CovItemPrefix="csse376_puerto_rico.Player.java" Intrnl_Id="143">
<LocList>
<Loc EndOffset="2857" SrcFileId="3" StartOffset="2809"/>
</LocList>
</BasicStmnt>
<LoopStmnt CovItemId="S37" CovItemPrefix="csse376_puerto_rico.Player.java" Intrnl_Id="144" MltplExecId="L3-2" MltplExecPrefix="csse376_puerto_rico.Player.java" NvrExecId="L3-0" NvrExecPrefix="csse376_puerto_rico.Player.java" OnceExecutedId="L3-1" OnceExecutedPrefix="csse376_puerto_rico.Player.java" OptBodyExec="true">
<StmntSeq Intrnl_Id="145">
<LocList>
<Loc EndOffset="2917" SrcFileId="3" StartOffset="2901"/>
</LocList>
<BasicStmnt CovItemId="S38" CovItemPrefix="csse376_puerto_rico.Player.java" Intrnl_Id="146">
<LocList>
<Loc EndOffset="2917" SrcFileId="3" StartOffset="2901"/>
</LocList>
</BasicStmnt>
</StmntSeq>
<Keyword EndOffset="2864" SrcFileId="3" StartOffset="2861"/>
<LocList>
<Loc EndOffset="2922" SrcFileId="3" StartOffset="2861"/>
</LocList>
</LoopStmnt>
<BasicStmnt CovItemId="S39" CovItemPrefix="csse376_puerto_rico.Player.java" Intrnl_Id="147">
<LocList>
<Loc EndOffset="2937" SrcFileId="3" StartOffset="2926"/>
</LocList>
</BasicStmnt>
</StmntSeq>
</HierarchyLvl>
<HierarchyLvl HierarchyLvlId="5431" HierarchyLvlTypeId="17" Intrnl_Id="148" Name="getBuildings">
<Header>
<Loc EndOffset="2987" SrcFileId="3" StartOffset="2946"/>
</Header>
<LocList>
<Loc EndOffset="3019" SrcFileId="3" StartOffset="2946"/>
</LocList>
<StmntSeq Intrnl_Id="149">
<LocList>
<Loc EndOffset="3015" SrcFileId="3" StartOffset="2993"/>
</LocList>
<BasicStmnt CovItemId="S40" CovItemPrefix="csse376_puerto_rico.Player.java" Intrnl_Id="150">
<LocList>
<Loc EndOffset="3015" SrcFileId="3" StartOffset="2993"/>
</LocList>
</BasicStmnt>
</StmntSeq>
</HierarchyLvl>
<HierarchyLvl HierarchyLvlId="5432" HierarchyLvlTypeId="17" Intrnl_Id="151" Name="getBuilding">
<Header>
<Loc EndOffset="3069" SrcFileId="3" StartOffset="3025"/>
</Header>
<LocList>
<Loc EndOffset="3248" SrcFileId="3" StartOffset="3025"/>
</LocList>
<StmntSeq Intrnl_Id="152">
<LocList>
<Loc EndOffset="3228" SrcFileId="3" StartOffset="3074"/>
<Loc EndOffset="3244" SrcFileId="3" StartOffset="3232"/>
</LocList>
<CondStmnt CovItemId="S41" CovItemPrefix="csse376_puerto_rico.Player.java" Intrnl_Id="153">
<Branch CovItemId="B1" CovItemPrefix="csse376_puerto_rico.Player.java" Implct="false" Intrnl_Id="154">
<Cond/>
<LocList>
<Loc EndOffset="3228" SrcFileId="3" StartOffset="3126"/>
</LocList>
<StmntSeq Intrnl_Id="155">
<LocList>
<Loc EndOffset="3223" SrcFileId="3" StartOffset="3132"/>
</LocList>
<LoopStmnt CovItemId="S42" CovItemPrefix="csse376_puerto_rico.Player.java" Intrnl_Id="156" MltplExecId="L4-2" MltplExecPrefix="csse376_puerto_rico.Player.java" NvrExecId="L4-0" NvrExecPrefix="csse376_puerto_rico.Player.java" OnceExecutedId="L4-1" OnceExecutedPrefix="csse376_puerto_rico.Player.java" OptBodyExec="true">
<StmntSeq Intrnl_Id="157">
<LocList>
<Loc EndOffset="3217" SrcFileId="3" StartOffset="3171"/>
</LocList>
<CondStmnt CovItemId="S43" CovItemPrefix="csse376_puerto_rico.Player.java" Intrnl_Id="158">
<Branch CovItemId="B3" CovItemPrefix="csse376_puerto_rico.Player.java" Implct="false" Intrnl_Id="159">
<Cond/>
<LocList>
<Loc EndOffset="3217" SrcFileId="3" StartOffset="3193"/>
</LocList>
<StmntSeq Intrnl_Id="160">
<LocList>
<Loc EndOffset="3210" SrcFileId="3" StartOffset="3201"/>
</LocList>
<BasicStmnt CovItemId="S44" CovItemPrefix="csse376_puerto_rico.Player.java" Intrnl_Id="161">
<LocList>
<Loc EndOffset="3210" SrcFileId="3" StartOffset="3201"/>
</LocList>
</BasicStmnt>
</StmntSeq>
</Branch>
<Branch CovItemId="B4" CovItemPrefix="csse376_puerto_rico.Player.java" Implct="true" Intrnl_Id="162">
<Cond/>
<LocList/>
<StmntSeq Intrnl_Id="163">
<LocList/>
</StmntSeq>
</Branch>
<Keyword EndOffset="3173" SrcFileId="3" StartOffset="3171"/>
<LocList>
<Loc EndOffset="3217" SrcFileId="3" StartOffset="3171"/>
</LocList>
<RootTerm CovItemId="C2" CovItemPrefix="csse376_puerto_rico.Player.java" Intrnl_Id="164">
<BasicBoolTerm Intrnl_Id="165">
<LocList>
<Loc EndOffset="3192" SrcFileId="3" StartOffset="3174"/>
</LocList>
</BasicBoolTerm>
</RootTerm>
</CondStmnt>
</StmntSeq>
<Keyword EndOffset="3135" SrcFileId="3" StartOffset="3132"/>
<LocList>
<Loc EndOffset="3223" SrcFileId="3" StartOffset="3132"/>
</LocList>
</LoopStmnt>
</StmntSeq>
</Branch>
<Branch CovItemId="B2" CovItemPrefix="csse376_puerto_rico.Player.java" Implct="true" Intrnl_Id="166">
<Cond/>
<LocList/>
<StmntSeq Intrnl_Id="167">
<LocList/>
</StmntSeq>
</Branch>
<Keyword EndOffset="3076" SrcFileId="3" StartOffset="3074"/>
<LocList>
<Loc EndOffset="3228" SrcFileId="3" StartOffset="3074"/>
</LocList>
<RootTerm CovItemId="C1" CovItemPrefix="csse376_puerto_rico.Player.java" Intrnl_Id="168">
<BasicBoolTerm Intrnl_Id="169">
<LocList>
<Loc EndOffset="3125" SrcFileId="3" StartOffset="3077"/>
</LocList>
</BasicBoolTerm>
</RootTerm>
</CondStmnt>
<BasicStmnt CovItemId="S45" CovItemPrefix="csse376_puerto_rico.Player.java" Intrnl_Id="170">
<LocList>
<Loc EndOffset="3244" SrcFileId="3" StartOffset="3232"/>
</LocList>
</BasicStmnt>
</StmntSeq>
</HierarchyLvl>
<HierarchyLvl HierarchyLvlId="5433" HierarchyLvlTypeId="17" Intrnl_Id="171" Name="getOccupiedBuildings">
<Header>
<Loc EndOffset="3303" SrcFileId="3" StartOffset="3254"/>
</Header>
<LocList>
<Loc EndOffset="3521" SrcFileId="3" StartOffset="3254"/>
</LocList>
<StmntSeq Intrnl_Id="172">
<LocList>
<Loc EndOffset="3369" SrcFileId="3" StartOffset="3308"/>
<Loc EndOffset="3493" SrcFileId="3" StartOffset="3373"/>
<Loc EndOffset="3517" SrcFileId="3" StartOffset="3497"/>
</LocList>
<BasicStmnt CovItemId="S46" CovItemPrefix="csse376_puerto_rico.Player.java" Intrnl_Id="173">
<LocList>
<Loc EndOffset="3369" SrcFileId="3" StartOffset="3308"/>
</LocList>
</BasicStmnt>
<LoopStmnt CovItemId="S47" CovItemPrefix="csse376_puerto_rico.Player.java" Intrnl_Id="174" MltplExecId="L5-2" MltplExecPrefix="csse376_puerto_rico.Player.java" NvrExecId="L5-0" NvrExecPrefix="csse376_puerto_rico.Player.java" OnceExecutedId="L5-1" OnceExecutedPrefix="csse376_puerto_rico.Player.java" OptBodyExec="true">
<StmntSeq Intrnl_Id="175">
<LocList>
<Loc EndOffset="3488" SrcFileId="3" StartOffset="3410"/>
</LocList>
<CondStmnt CovItemId="S48" CovItemPrefix="csse376_puerto_rico.Player.java" Intrnl_Id="176">
<Branch CovItemId="B5" CovItemPrefix="csse376_puerto_rico.Player.java" Implct="false" Intrnl_Id="177">
<Cond/>
<LocList>
<Loc EndOffset="3488" SrcFileId="3" StartOffset="3455"/>
</LocList>
<StmntSeq Intrnl_Id="178">
<LocList>
<Loc EndOffset="3482" SrcFileId="3" StartOffset="3462"/>
</LocList>
<BasicStmnt CovItemId="S49" CovItemPrefix="csse376_puerto_rico.Player.java" Intrnl_Id="179">
<LocList>
<Loc EndOffset="3482" SrcFileId="3" StartOffset="3462"/>
</LocList>
</BasicStmnt>
</StmntSeq>
</Branch>
<Branch CovItemId="B6" CovItemPrefix="csse376_puerto_rico.Player.java" Implct="true" Intrnl_Id="180">
<Cond/>
<LocList/>
<StmntSeq Intrnl_Id="181">
<LocList/>
</StmntSeq>
</Branch>
<Keyword EndOffset="3412" SrcFileId="3" StartOffset="3410"/>
<LocList>
<Loc EndOffset="3488" SrcFileId="3" StartOffset="3410"/>
</LocList>
<RootTerm CovItemId="C3" CovItemPrefix="csse376_puerto_rico.Player.java" Intrnl_Id="182">
<BasicBoolTerm Intrnl_Id="183">
<LocList>
<Loc EndOffset="3454" SrcFileId="3" StartOffset="3413"/>
</LocList>
</BasicBoolTerm>
</RootTerm>
</CondStmnt>
</StmntSeq>
<Keyword EndOffset="3376" SrcFileId="3" StartOffset="3373"/>
<LocList>
<Loc EndOffset="3493" SrcFileId="3" StartOffset="3373"/>
</LocList>
</LoopStmnt>
<BasicStmnt CovItemId="S50" CovItemPrefix="csse376_puerto_rico.Player.java" Intrnl_Id="184">
<LocList>
<Loc EndOffset="3517" SrcFileId="3" StartOffset="3497"/>
</LocList>
</BasicStmnt>
</StmntSeq>
</HierarchyLvl>
<HierarchyLvl HierarchyLvlId="5434" HierarchyLvlTypeId="17" Intrnl_Id="185" Name="getOccupiedBuildingsStringList">
<Header>
<Loc EndOffset="3584" SrcFileId="3" StartOffset="3527"/>
</Header>
<LocList>
<Loc EndOffset="3735" SrcFileId="3" StartOffset="3527"/>
</LocList>
<StmntSeq Intrnl_Id="186">
<LocList>
<Loc EndOffset="3638" SrcFileId="3" StartOffset="3590"/>
<Loc EndOffset="3716" SrcFileId="3" StartOffset="3642"/>
<Loc EndOffset="3731" SrcFileId="3" StartOffset="3720"/>
</LocList>
<BasicStmnt CovItemId="S51" CovItemPrefix="csse376_puerto_rico.Player.java" Intrnl_Id="187">
<LocList>
<Loc EndOffset="3638" SrcFileId="3" StartOffset="3590"/>
</LocList>
</BasicStmnt>
<LoopStmnt CovItemId="S52" CovItemPrefix="csse376_puerto_rico.Player.java" Intrnl_Id="188" MltplExecId="L6-2" MltplExecPrefix="csse376_puerto_rico.Player.java" NvrExecId="L6-0" NvrExecPrefix="csse376_puerto_rico.Player.java" OnceExecutedId="L6-1" OnceExecutedPrefix="csse376_puerto_rico.Player.java" OptBodyExec="true">
<StmntSeq Intrnl_Id="189">
<LocList>
<Loc EndOffset="3711" SrcFileId="3" StartOffset="3695"/>
</LocList>
<BasicStmnt CovItemId="S53" CovItemPrefix="csse376_puerto_rico.Player.java" Intrnl_Id="190">
<LocList>
<Loc EndOffset="3711" SrcFileId="3" StartOffset="3695"/>
</LocList>
</BasicStmnt>
</StmntSeq>
<Keyword EndOffset="3645" SrcFileId="3" StartOffset="3642"/>
<LocList>
<Loc EndOffset="3716" SrcFileId="3" StartOffset="3642"/>
</LocList>
</LoopStmnt>
<BasicStmnt CovItemId="S54" CovItemPrefix="csse376_puerto_rico.Player.java" Intrnl_Id="191">
<LocList>
<Loc EndOffset="3731" SrcFileId="3" StartOffset="3720"/>
</LocList>
</BasicStmnt>
</StmntSeq>
</HierarchyLvl>
<HierarchyLvl HierarchyLvlId="5435" HierarchyLvlTypeId="17" Intrnl_Id="192" Name="getGoods">
<Header>
<Loc EndOffset="3770" SrcFileId="3" StartOffset="3740"/>
</Header>
<LocList>
<Loc EndOffset="4316" SrcFileId="3" StartOffset="3740"/>
</LocList>
<StmntSeq Intrnl_Id="193">
<LocList>
<Loc EndOffset="3825" SrcFileId="3" StartOffset="3782"/>
<Loc EndOffset="3909" SrcFileId="3" StartOffset="3829"/>
<Loc EndOffset="3996" SrcFileId="3" StartOffset="3913"/>
<Loc EndOffset="4069" SrcFileId="3" StartOffset="4000"/>
<Loc EndOffset="4145" SrcFileId="3" StartOffset="4073"/>
<Loc EndOffset="4229" SrcFileId="3" StartOffset="4149"/>
<Loc EndOffset="4297" SrcFileId="3" StartOffset="4233"/>
<Loc EndOffset="4312" SrcFileId="3" StartOffset="4301"/>
</LocList>
<BasicStmnt CovItemId="S55" CovItemPrefix="csse376_puerto_rico.Player.java" Intrnl_Id="194">
<LocList>
<Loc EndOffset="3825" SrcFileId="3" StartOffset="3782"/>
</LocList>
</BasicStmnt>
<BasicStmnt CovItemId="S56" CovItemPrefix="csse376_puerto_rico.Player.java" Intrnl_Id="195">
<LocList>
<Loc EndOffset="3909" SrcFileId="3" StartOffset="3829"/>
</LocList>
</BasicStmnt>
<BasicStmnt CovItemId="S57" CovItemPrefix="csse376_puerto_rico.Player.java" Intrnl_Id="196">
<LocList>
<Loc EndOffset="3996" SrcFileId="3" StartOffset="3913"/>
</LocList>
</BasicStmnt>
<BasicStmnt CovItemId="S58" CovItemPrefix="csse376_puerto_rico.Player.java" Intrnl_Id="197">
<LocList>
<Loc EndOffset="4069" SrcFileId="3" StartOffset="4000"/>
</LocList>
</BasicStmnt>
<BasicStmnt CovItemId="S59" CovItemPrefix="csse376_puerto_rico.Player.java" Intrnl_Id="198">
<LocList>
<Loc EndOffset="4145" SrcFileId="3" StartOffset="4073"/>
</LocList>
</BasicStmnt>
<BasicStmnt CovItemId="S60" CovItemPrefix="csse376_puerto_rico.Player.java" Intrnl_Id="199">
<LocList>
<Loc EndOffset="4229" SrcFileId="3" StartOffset="4149"/>
</LocList>
</BasicStmnt>
<BasicStmnt CovItemId="S61" CovItemPrefix="csse376_puerto_rico.Player.java" Intrnl_Id="200">
<LocList>
<Loc EndOffset="4297" SrcFileId="3" StartOffset="4233"/>
</LocList>
</BasicStmnt>
<BasicStmnt CovItemId="S62" CovItemPrefix="csse376_puerto_rico.Player.java" Intrnl_Id="201">
<LocList>
<Loc EndOffset="4312" SrcFileId="3" StartOffset="4301"/>
</LocList>
</BasicStmnt>
</StmntSeq>
</HierarchyLvl>
<HierarchyLvl HierarchyLvlId="5436" HierarchyLvlTypeId="17" Intrnl_Id="202" Name="getNumberOfGood">
<Header>
<Loc EndOffset="4360" SrcFileId="3" StartOffset="4321"/>
</Header>
<LocList>
<Loc EndOffset="4501" SrcFileId="3" StartOffset="4321"/>
</LocList>
<StmntSeq Intrnl_Id="203">
<LocList>
<Loc EndOffset="4463" SrcFileId="3" StartOffset="4409"/>
<Loc EndOffset="4495" SrcFileId="3" StartOffset="4467"/>
</LocList>
<CondStmnt CovItemId="S63" CovItemPrefix="csse376_puerto_rico.Player.java" Intrnl_Id="204">
<Branch CovItemId="B7" CovItemPrefix="csse376_puerto_rico.Player.java" Implct="false" Intrnl_Id="205">
<Cond/>
<LocList>
<Loc EndOffset="4463" SrcFileId="3" StartOffset="4443"/>
</LocList>
<StmntSeq Intrnl_Id="206">
<LocList>
<Loc EndOffset="4458" SrcFileId="3" StartOffset="4449"/>
</LocList>
<BasicStmnt CovItemId="S64" CovItemPrefix="csse376_puerto_rico.Player.java" Intrnl_Id="207">
<LocList>
<Loc EndOffset="4458" SrcFileId="3" StartOffset="4449"/>
</LocList>
</BasicStmnt>
</StmntSeq>
</Branch>
<Branch CovItemId="B8" CovItemPrefix="csse376_puerto_rico.Player.java" Implct="true" Intrnl_Id="208">
<Cond/>
<LocList/>
<StmntSeq Intrnl_Id="209">
<LocList/>
</StmntSeq>
</Branch>
<Keyword EndOffset="4411" SrcFileId="3" StartOffset="4409"/>
<LocList>
<Loc EndOffset="4463" SrcFileId="3" StartOffset="4409"/>
</LocList>
<RootTerm CovItemId="C4" CovItemPrefix="csse376_puerto_rico.Player.java" Intrnl_Id="210">
<BasicBoolTerm Intrnl_Id="211">
<LocList>
<Loc EndOffset="4441" SrcFileId="3" StartOffset="4413"/>
</LocList>
</BasicBoolTerm>
</RootTerm>
</CondStmnt>
<BasicStmnt CovItemId="S65" CovItemPrefix="csse376_puerto_rico.Player.java" Intrnl_Id="212">
<LocList>
<Loc EndOffset="4495" SrcFileId="3" StartOffset="4467"/>
</LocList>
</BasicStmnt>
</StmntSeq>
</HierarchyLvl>
<HierarchyLvl HierarchyLvlId="5437" HierarchyLvlTypeId="17" Intrnl_Id="213" Name="getAllGoods">
<Header>
<Loc EndOffset="4539" SrcFileId="3" StartOffset="4506"/>
</Header>
<LocList>
<Loc EndOffset="4705" SrcFileId="3" StartOffset="4506"/>
</LocList>
<StmntSeq Intrnl_Id="214">
<LocList>
<Loc EndOffset="4588" SrcFileId="3" StartOffset="4545"/>
<Loc EndOffset="4686" SrcFileId="3" StartOffset="4592"/>
<Loc EndOffset="4701" SrcFileId="3" StartOffset="4690"/>
</LocList>
<BasicStmnt CovItemId="S66" CovItemPrefix="csse376_puerto_rico.Player.java" Intrnl_Id="215">
<LocList>
<Loc EndOffset="4588" SrcFileId="3" StartOffset="4545"/>
</LocList>
</BasicStmnt>
<BasicStmnt CovItemId="S67" CovItemPrefix="csse376_puerto_rico.Player.java" Intrnl_Id="216">
<LocList>
<Loc EndOffset="4686" SrcFileId="3" StartOffset="4592"/>
</LocList>
</BasicStmnt>
<BasicStmnt CovItemId="S68" CovItemPrefix="csse376_puerto_rico.Player.java" Intrnl_Id="217">
<LocList>
<Loc EndOffset="4701" SrcFileId="3" StartOffset="4690"/>
</LocList>
</BasicStmnt>
</StmntSeq>
</HierarchyLvl>
<HierarchyLvl HierarchyLvlId="5438" HierarchyLvlTypeId="17" Intrnl_Id="218" Name="addGood">
<Header>
<Loc EndOffset="4754" SrcFileId="3" StartOffset="4710"/>
</Header>
<LocList>
<Loc EndOffset="4854" SrcFileId="3" StartOffset="4710"/>
</LocList>
<StmntSeq Intrnl_Id="219">
<LocList>
<Loc EndOffset="4850" SrcFileId="3" StartOffset="4798"/>
</LocList>
<BasicStmnt CovItemId="S69" CovItemPrefix="csse376_puerto_rico.Player.java" Intrnl_Id="220">
<LocList>
<Loc EndOffset="4850" SrcFileId="3" StartOffset="4798"/>
</LocList>
</BasicStmnt>
</StmntSeq>
</HierarchyLvl>
<HierarchyLvl HierarchyLvlId="5439" HierarchyLvlTypeId="17" Intrnl_Id="221" Name="toString">
<Header>
<Loc EndOffset="4895" SrcFileId="3" StartOffset="4859"/>
</Header>
<LocList>
<Loc EndOffset="5793" SrcFileId="3" StartOffset="4859"/>
</LocList>
<StmntSeq Intrnl_Id="222">
<LocList>
<Loc EndOffset="4917" SrcFileId="3" StartOffset="4901"/>
<Loc EndOffset="4946" SrcFileId="3" StartOffset="4921"/>
<Loc EndOffset="4996" SrcFileId="3" StartOffset="4950"/>
<Loc EndOffset="5027" SrcFileId="3" StartOffset="5000"/>
<Loc EndOffset="5153" SrcFileId="3" StartOffset="5031"/>
<Loc EndOffset="5293" SrcFileId="3" StartOffset="5157"/>
<Loc EndOffset="5774" SrcFileId="3" StartOffset="5297"/>
<Loc EndOffset="5789" SrcFileId="3" StartOffset="5778"/>
</LocList>
<BasicStmnt CovItemId="S70" CovItemPrefix="csse376_puerto_rico.Player.java" Intrnl_Id="223">
<LocList>
<Loc EndOffset="4917" SrcFileId="3" StartOffset="4901"/>
</LocList>
</BasicStmnt>
<BasicStmnt CovItemId="S71" CovItemPrefix="csse376_puerto_rico.Player.java" Intrnl_Id="224">
<LocList>
<Loc EndOffset="4946" SrcFileId="3" StartOffset="4921"/>
</LocList>
</BasicStmnt>
<BasicStmnt CovItemId="S72" CovItemPrefix="csse376_puerto_rico.Player.java" Intrnl_Id="225">
<LocList>
<Loc EndOffset="4996" SrcFileId="3" StartOffset="4950"/>
</LocList>
</BasicStmnt>
<BasicStmnt CovItemId="S73" CovItemPrefix="csse376_puerto_rico.Player.java" Intrnl_Id="226">
<LocList>
<Loc EndOffset="5027" SrcFileId="3" StartOffset="5000"/>
</LocList>
</BasicStmnt>
<LoopStmnt CovItemId="S74" CovItemPrefix="csse376_puerto_rico.Player.java" Intrnl_Id="227" MltplExecId="L7-2" MltplExecPrefix="csse376_puerto_rico.Player.java" NvrExecId="L7-0" NvrExecPrefix="csse376_puerto_rico.Player.java" OnceExecutedId="L7-1" OnceExecutedPrefix="csse376_puerto_rico.Player.java" OptBodyExec="true">
<StmntSeq Intrnl_Id="228">
<LocList>
<Loc EndOffset="5148" SrcFileId="3" StartOffset="5085"/>
</LocList>
<BasicStmnt CovItemId="S75" CovItemPrefix="csse376_puerto_rico.Player.java" Intrnl_Id="229">
<LocList>
<Loc EndOffset="5148" SrcFileId="3" StartOffset="5085"/>
</LocList>
</BasicStmnt>
</StmntSeq>
<Keyword EndOffset="5034" SrcFileId="3" StartOffset="5031"/>
<LocList>
<Loc EndOffset="5153" SrcFileId="3" StartOffset="5031"/>
</LocList>
<RootTerm CovItemId="C5" CovItemPrefix="csse376_puerto_rico.Player.java" Intrnl_Id="230">
<BasicBoolTerm Intrnl_Id="231">
<LocList>
<Loc EndOffset="5072" SrcFileId="3" StartOffset="5047"/>
</LocList>
</BasicBoolTerm>
</RootTerm>
</LoopStmnt>
<LoopStmnt CovItemId="S76" CovItemPrefix="csse376_puerto_rico.Player.java" Intrnl_Id="232" MltplExecId="L8-2" MltplExecPrefix="csse376_puerto_rico.Player.java" NvrExecId="L8-0" NvrExecPrefix="csse376_puerto_rico.Player.java" OnceExecutedId="L8-1" OnceExecutedPrefix="csse376_puerto_rico.Player.java" OptBodyExec="true">
<StmntSeq Intrnl_Id="233">
<LocList>
<Loc EndOffset="5288" SrcFileId="3" StartOffset="5213"/>
</LocList>
<BasicStmnt CovItemId="S77" CovItemPrefix="csse376_puerto_rico.Player.java" Intrnl_Id="234">
<LocList>
<Loc EndOffset="5288" SrcFileId="3" StartOffset="5213"/>
</LocList>
</BasicStmnt>
</StmntSeq>
<Keyword EndOffset="5160" SrcFileId="3" StartOffset="5157"/>
<LocList>
<Loc EndOffset="5293" SrcFileId="3" StartOffset="5157"/>
</LocList>
<RootTerm CovItemId="C6" CovItemPrefix="csse376_puerto_rico.Player.java" Intrnl_Id="235">
<BasicBoolTerm Intrnl_Id="236">
<LocList>
<Loc EndOffset="5200" SrcFileId="3" StartOffset="5173"/>
</LocList>
</BasicBoolTerm>
</RootTerm>
</LoopStmnt>
<CondStmnt CovItemId="S78" CovItemPrefix="csse376_puerto_rico.Player.java" Intrnl_Id="237">
<Branch CovItemId="B9" CovItemPrefix="csse376_puerto_rico.Player.java" Implct="false" Intrnl_Id="238">
<Cond/>
<LocList>
<Loc EndOffset="5546" SrcFileId="3" StartOffset="5313"/>
</LocList>
<StmntSeq Intrnl_Id="239">
<LocList>
<Loc EndOffset="5541" SrcFileId="3" StartOffset="5319"/>
</LocList>
<BasicStmnt CovItemId="S79" CovItemPrefix="csse376_puerto_rico.Player.java" Intrnl_Id="240">
<LocList>
<Loc EndOffset="5541" SrcFileId="3" StartOffset="5319"/>
</LocList>
</BasicStmnt>
</StmntSeq>
</Branch>
<Branch CovItemId="B10" CovItemPrefix="csse376_puerto_rico.Player.java" Implct="false" Intrnl_Id="241">
<Cond>
<Loc EndOffset="5551" SrcFileId="3" StartOffset="5547"/>
</Cond>
<LocList>
<Loc EndOffset="5774" SrcFileId="3" StartOffset="5552"/>
</LocList>
<StmntSeq Intrnl_Id="242">
<LocList>
<Loc EndOffset="5769" SrcFileId="3" StartOffset="5558"/>
</LocList>
<BasicStmnt CovItemId="S80" CovItemPrefix="csse376_puerto_rico.Player.java" Intrnl_Id="243">
<LocList>
<Loc EndOffset="5769" SrcFileId="3" StartOffset="5558"/>
</LocList>
</BasicStmnt>
</StmntSeq>
</Branch>
<Keyword EndOffset="5299" SrcFileId="3" StartOffset="5297"/>
<LocList>
<Loc EndOffset="5774" SrcFileId="3" StartOffset="5297"/>
</LocList>
<RootTerm CovItemId="C7" CovItemPrefix="csse376_puerto_rico.Player.java" Intrnl_Id="244">
<BasicBoolTerm Intrnl_Id="245">
<LocList>
<Loc EndOffset="5311" SrcFileId="3" StartOffset="5301"/>
</LocList>
</BasicBoolTerm>
</RootTerm>
</CondStmnt>
<BasicStmnt CovItemId="S81" CovItemPrefix="csse376_puerto_rico.Player.java" Intrnl_Id="246">
<LocList>
<Loc EndOffset="5789" SrcFileId="3" StartOffset="5778"/>
</LocList>
</BasicStmnt>
</StmntSeq>
</HierarchyLvl>
<HierarchyLvl HierarchyLvlId="5440" HierarchyLvlTypeId="17" Intrnl_Id="247" Name="updatePlayerInfo">
<Header>
<Loc EndOffset="5828" SrcFileId="3" StartOffset="5798"/>
</Header>
<LocList>
<Loc EndOffset="5872" SrcFileId="3" StartOffset="5798"/>
</LocList>
<StmntSeq Intrnl_Id="248">
<LocList>
<Loc EndOffset="5868" SrcFileId="3" StartOffset="5834"/>
</LocList>
<BasicStmnt CovItemId="S82" CovItemPrefix="csse376_puerto_rico.Player.java" Intrnl_Id="249">
<LocList>
<Loc EndOffset="5868" SrcFileId="3" StartOffset="5834"/>
</LocList>
</BasicStmnt>
</StmntSeq>
</HierarchyLvl>
<HierarchyLvl HierarchyLvlId="5441" HierarchyLvlTypeId="17" Intrnl_Id="250" Name="getPlantations">
<Header>
<Loc EndOffset="5922" SrcFileId="3" StartOffset="5877"/>
</Header>
<LocList>
<Loc EndOffset="5956" SrcFileId="3" StartOffset="5877"/>
</LocList>
<StmntSeq Intrnl_Id="251">
<LocList>
<Loc EndOffset="5952" SrcFileId="3" StartOffset="5928"/>
</LocList>
<BasicStmnt CovItemId="S83" CovItemPrefix="csse376_puerto_rico.Player.java" Intrnl_Id="252">
<LocList>
<Loc EndOffset="5952" SrcFileId="3" StartOffset="5928"/>
</LocList>
</BasicStmnt>
</StmntSeq>
</HierarchyLvl>
<HierarchyLvl HierarchyLvlId="5442" HierarchyLvlTypeId="17" Intrnl_Id="253" Name="addPlantations">
<Header>
<Loc EndOffset="6003" SrcFileId="3" StartOffset="5961"/>
</Header>
<LocList>
<Loc EndOffset="6039" SrcFileId="3" StartOffset="5961"/>
</LocList>
<StmntSeq Intrnl_Id="254">
<LocList>
<Loc EndOffset="6035" SrcFileId="3" StartOffset="6009"/>
</LocList>
<BasicStmnt CovItemId="S84" CovItemPrefix="csse376_puerto_rico.Player.java" Intrnl_Id="255">
<LocList>
<Loc EndOffset="6035" SrcFileId="3" StartOffset="6009"/>
</LocList>
</BasicStmnt>
</StmntSeq>
</HierarchyLvl>
<HierarchyLvl HierarchyLvlId="5443" HierarchyLvlTypeId="17" Intrnl_Id="256" Name="getPlantationsStringList">
<Header>
<Loc EndOffset="6095" SrcFileId="3" StartOffset="6044"/>
</Header>
<LocList>
<Loc EndOffset="6237" SrcFileId="3" StartOffset="6044"/>
</LocList>
<StmntSeq Intrnl_Id="257">
<LocList>
<Loc EndOffset="6149" SrcFileId="3" StartOffset="6101"/>
<Loc EndOffset="6218" SrcFileId="3" StartOffset="6153"/>
<Loc EndOffset="6233" SrcFileId="3" StartOffset="6222"/>
</LocList>
<BasicStmnt CovItemId="S85" CovItemPrefix="csse376_puerto_rico.Player.java" Intrnl_Id="258">
<LocList>
<Loc EndOffset="6149" SrcFileId="3" StartOffset="6101"/>
</LocList>
</BasicStmnt>
<LoopStmnt CovItemId="S86" CovItemPrefix="csse376_puerto_rico.Player.java" Intrnl_Id="259" MltplExecId="L9-2" MltplExecPrefix="csse376_puerto_rico.Player.java" NvrExecId="L9-0" NvrExecPrefix="csse376_puerto_rico.Player.java" OnceExecutedId="L9-1" OnceExecutedPrefix="csse376_puerto_rico.Player.java" OptBodyExec="true">
<StmntSeq Intrnl_Id="260">
<LocList>
<Loc EndOffset="6213" SrcFileId="3" StartOffset="6197"/>
</LocList>
<BasicStmnt CovItemId="S87" CovItemPrefix="csse376_puerto_rico.Player.java" Intrnl_Id="261">
<LocList>
<Loc EndOffset="6213" SrcFileId="3" StartOffset="6197"/>
</LocList>
</BasicStmnt>
</StmntSeq>
<Keyword EndOffset="6156" SrcFileId="3" StartOffset="6153"/>
<LocList>
<Loc EndOffset="6218" SrcFileId="3" StartOffset="6153"/>
</LocList>
</LoopStmnt>
<BasicStmnt CovItemId="S88" CovItemPrefix="csse376_puerto_rico.Player.java" Intrnl_Id="262">
<LocList>
<Loc EndOffset="6233" SrcFileId="3" StartOffset="6222"/>
</LocList>
</BasicStmnt>
</StmntSeq>
</HierarchyLvl>
<HierarchyLvl HierarchyLvlId="5444" HierarchyLvlTypeId="17" Intrnl_Id="263" Name="checkPlantation">
<Header>
<Loc EndOffset="6394" SrcFileId="3" StartOffset="6365"/>
</Header>
<LocList>
<Loc EndOffset="6539" SrcFileId="3" StartOffset="6365"/>
</LocList>
<StmntSeq Intrnl_Id="264">
<LocList>
<Loc EndOffset="6535" SrcFileId="3" StartOffset="6400"/>
</LocList>
<LoopStmnt CovItemId="S89" CovItemPrefix="csse376_puerto_rico.Player.java" Intrnl_Id="265" MltplExecId="L10-2" MltplExecPrefix="csse376_puerto_rico.Player.java" NvrExecId="L10-0" NvrExecPrefix="csse376_puerto_rico.Player.java" OnceExecutedId="L10-1" OnceExecutedPrefix="csse376_puerto_rico.Player.java" OptBodyExec="true">
<StmntSeq Intrnl_Id="266">
<LocList>
<Loc EndOffset="6530" SrcFileId="3" StartOffset="6444"/>
</LocList>
<CondStmnt CovItemId="S90" CovItemPrefix="csse376_puerto_rico.Player.java" Intrnl_Id="267">
<Branch CovItemId="B11" CovItemPrefix="csse376_puerto_rico.Player.java" Implct="false" Intrnl_Id="268">
<Cond/>
<LocList>
<Loc EndOffset="6530" SrcFileId="3" StartOffset="6461"/>
</LocList>
<StmntSeq Intrnl_Id="269">
<LocList>
<Loc EndOffset="6524" SrcFileId="3" StartOffset="6500"/>
</LocList>
<BasicStmnt CovItemId="S91" CovItemPrefix="csse376_puerto_rico.Player.java" Intrnl_Id="270">
<LocList>
<Loc EndOffset="6524" SrcFileId="3" StartOffset="6500"/>
</LocList>
</BasicStmnt>
</StmntSeq>
</Branch>
<Branch CovItemId="B12" CovItemPrefix="csse376_puerto_rico.Player.java" Implct="true" Intrnl_Id="271">
<Cond/>
<LocList/>
<StmntSeq Intrnl_Id="272">
<LocList/>
</StmntSeq>
</Branch>
<Keyword EndOffset="6446" SrcFileId="3" StartOffset="6444"/>
<LocList>
<Loc EndOffset="6530" SrcFileId="3" StartOffset="6444"/>
</LocList>
<RootTerm CovItemId="C8" CovItemPrefix="csse376_puerto_rico.Player.java" Intrnl_Id="273">
<BasicBoolTerm Intrnl_Id="274">
<LocList>
<Loc EndOffset="6459" SrcFileId="3" StartOffset="6448"/>
</LocList>
</BasicBoolTerm>
</RootTerm>
</CondStmnt>
</StmntSeq>
<Keyword EndOffset="6403" SrcFileId="3" StartOffset="6400"/>
<LocList>
<Loc EndOffset="6535" SrcFileId="3" StartOffset="6400"/>
</LocList>
</LoopStmnt>
</StmntSeq>
</HierarchyLvl>
<HierarchyLvl HierarchyLvlId="5445" HierarchyLvlTypeId="17" Intrnl_Id="275" Name="getDoubloons">
<Header>
<Loc EndOffset="6569" SrcFileId="3" StartOffset="6544"/>
</Header>
<LocList>
<Loc EndOffset="6601" SrcFileId="3" StartOffset="6544"/>
</LocList>
<StmntSeq Intrnl_Id="276">
<LocList>
<Loc EndOffset="6597" SrcFileId="3" StartOffset="6575"/>
</LocList>
<BasicStmnt CovItemId="S92" CovItemPrefix="csse376_puerto_rico.Player.java" Intrnl_Id="277">
<LocList>
<Loc EndOffset="6597" SrcFileId="3" StartOffset="6575"/>
</LocList>
</BasicStmnt>
</StmntSeq>
</HierarchyLvl>
<HierarchyLvl HierarchyLvlId="5446" HierarchyLvlTypeId="17" Intrnl_Id="278" Name="setDoubloons">
<Header>
<Loc EndOffset="6639" SrcFileId="3" StartOffset="6606"/>
</Header>
<LocList>
<Loc EndOffset="6670" SrcFileId="3" StartOffset="6606"/>
</LocList>
<StmntSeq Intrnl_Id="279">
<LocList>
<Loc EndOffset="6666" SrcFileId="3" StartOffset="6645"/>
</LocList>
<BasicStmnt CovItemId="S93" CovItemPrefix="csse376_puerto_rico.Player.java" Intrnl_Id="280">
<LocList>
<Loc EndOffset="6666" SrcFileId="3" StartOffset="6645"/>
</LocList>
</BasicStmnt>
</StmntSeq>
</HierarchyLvl>
<HierarchyLvl HierarchyLvlId="5447" HierarchyLvlTypeId="17" Intrnl_Id="281" Name="sellGood">
<Header>
<Loc EndOffset="6712" SrcFileId="3" StartOffset="6675"/>
</Header>
<LocList>
<Loc EndOffset="6765" SrcFileId="3" StartOffset="6675"/>
</LocList>
<StmntSeq Intrnl_Id="282">
<LocList>
<Loc EndOffset="6759" SrcFileId="3" StartOffset="6718"/>
</LocList>
<BasicStmnt CovItemId="S94" CovItemPrefix="csse376_puerto_rico.Player.java" Intrnl_Id="283">
<LocList>
<Loc EndOffset="6759" SrcFileId="3" StartOffset="6718"/>
</LocList>
</BasicStmnt>
</StmntSeq>
</HierarchyLvl>
</HierarchyLvl>
<HierarchyLvl HierarchyLvlId="5453" HierarchyLvlTypeId="16" Intrnl_Id="284" Name="NextMoveButton">
<Header>
<Loc EndOffset="236" SrcFileId="4" StartOffset="193"/>
</Header>
<LocList>
<Loc EndOffset="1535" SrcFileId="4" StartOffset="193"/>
</LocList>
<HierarchyLvl HierarchyLvlId="5451" HierarchyLvlTypeId="17" Intrnl_Id="285" Name="NextMoveButton">
<Header>
<Loc EndOffset="298" SrcFileId="4" StartOffset="275"/>
</Header>
<LocList>
<Loc EndOffset="886" SrcFileId="4" StartOffset="275"/>
</LocList>
<StmntSeq Intrnl_Id="286">
<LocList>
<Loc EndOffset="337" SrcFileId="4" StartOffset="306"/>
<Loc EndOffset="399" SrcFileId="4" StartOffset="341"/>
<Loc EndOffset="426" SrcFileId="4" StartOffset="403"/>
<Loc EndOffset="446" SrcFileId="4" StartOffset="430"/>
<Loc EndOffset="473" SrcFileId="4" StartOffset="450"/>
<Loc EndOffset="882" SrcFileId="4" StartOffset="880"/>
</LocList>
<BasicStmnt CovItemId="S1" CovItemPrefix="csse376_puerto_rico.NextMoveButton.java" Intrnl_Id="287">
<LocList>
<Loc EndOffset="337" SrcFileId="4" StartOffset="306"/>
</LocList>
</BasicStmnt>
<BasicStmnt CovItemId="S2" CovItemPrefix="csse376_puerto_rico.NextMoveButton.java" Intrnl_Id="288">
<LocList>
<Loc EndOffset="399" SrcFileId="4" StartOffset="341"/>
</LocList>
</BasicStmnt>
<BasicStmnt CovItemId="S3" CovItemPrefix="csse376_puerto_rico.NextMoveButton.java" Intrnl_Id="289">
<LocList>
<Loc EndOffset="426" SrcFileId="4" StartOffset="403"/>
</LocList>
</BasicStmnt>
<BasicStmnt CovItemId="S4" CovItemPrefix="csse376_puerto_rico.NextMoveButton.java" Intrnl_Id="290">
<LocList>
<Loc EndOffset="446" SrcFileId="4" StartOffset="430"/>
</LocList>
</BasicStmnt>
<BasicStmnt CovItemId="S5" CovItemPrefix="csse376_puerto_rico.NextMoveButton.java" Intrnl_Id="291">
<LocList>
<Loc EndOffset="473" SrcFileId="4" StartOffset="450"/>
<Loc EndOffset="882" SrcFileId="4" StartOffset="880"/>
</LocList>
</BasicStmnt>
</StmntSeq>
<HierarchyLvl HierarchyLvlId="5450" HierarchyLvlTypeId="19" Intrnl_Id="292" Name="ActionListener">
<Header>
<Loc EndOffset="493" SrcFileId="4" StartOffset="477"/>
</Header>
<LocList>
<Loc EndOffset="880" SrcFileId="4" StartOffset="473"/>
</LocList>
<HierarchyLvl HierarchyLvlId="5449" HierarchyLvlTypeId="17" Intrnl_Id="293" Name="actionPerformed">
<Header>
<Loc EndOffset="561" SrcFileId="4" StartOffset="505"/>
</Header>
<LocList>
<Loc EndOffset="875" SrcFileId="4" StartOffset="505"/>
</LocList>
<StmntSeq Intrnl_Id="294">
<LocList>
<Loc EndOffset="601" SrcFileId="4" StartOffset="569"/>
<Loc EndOffset="630" SrcFileId="4" StartOffset="607"/>
<Loc EndOffset="652" SrcFileId="4" StartOffset="636"/>
<Loc EndOffset="678" SrcFileId="4" StartOffset="658"/>
<Loc EndOffset="846" SrcFileId="4" StartOffset="684"/>
<Loc EndOffset="869" SrcFileId="4" StartOffset="858"/>
</LocList>
<BasicStmnt CovItemId="S6" CovItemPrefix="csse376_puerto_rico.NextMoveButton.java" Intrnl_Id="295">
<LocList>
<Loc EndOffset="601" SrcFileId="4" StartOffset="569"/>
</LocList>
</BasicStmnt>
<BasicStmnt CovItemId="S7" CovItemPrefix="csse376_puerto_rico.NextMoveButton.java" Intrnl_Id="296">
<LocList>
<Loc EndOffset="630" SrcFileId="4" StartOffset="607"/>
</LocList>
</BasicStmnt>
<BasicStmnt CovItemId="S8" CovItemPrefix="csse376_puerto_rico.NextMoveButton.java" Intrnl_Id="297">
<LocList>
<Loc EndOffset="652" SrcFileId="4" StartOffset="636"/>
</LocList>
</BasicStmnt>
<BasicStmnt CovItemId="S9" CovItemPrefix="csse376_puerto_rico.NextMoveButton.java" Intrnl_Id="298">
<LocList>
<Loc EndOffset="678" SrcFileId="4" StartOffset="658"/>
</LocList>
</BasicStmnt>
<CondStmnt CovItemId="S10" CovItemPrefix="csse376_puerto_rico.NextMoveButton.java" Intrnl_Id="299">
<Branch CovItemId="B1" CovItemPrefix="csse376_puerto_rico.NextMoveButton.java" Implct="false" Intrnl_Id="300">
<Cond/>
<LocList>
<Loc EndOffset="846" SrcFileId="4" StartOffset="739"/>
</LocList>
<StmntSeq Intrnl_Id="301">
<LocList>
<Loc EndOffset="792" SrcFileId="4" StartOffset="747"/>
<Loc EndOffset="839" SrcFileId="4" StartOffset="799"/>
</LocList>
<BasicStmnt CovItemId="S11" CovItemPrefix="csse376_puerto_rico.NextMoveButton.java" Intrnl_Id="302">
<LocList>
<Loc EndOffset="792" SrcFileId="4" StartOffset="747"/>
</LocList>
</BasicStmnt>
<BasicStmnt CovItemId="S12" CovItemPrefix="csse376_puerto_rico.NextMoveButton.java" Intrnl_Id="303">
<LocList>
<Loc EndOffset="839" SrcFileId="4" StartOffset="799"/>
</LocList>
</BasicStmnt>
</StmntSeq>
</Branch>
<Branch CovItemId="B2" CovItemPrefix="csse376_puerto_rico.NextMoveButton.java" Implct="true" Intrnl_Id="304">
<Cond/>
<LocList/>
<StmntSeq Intrnl_Id="305">
<LocList/>
</StmntSeq>
</Branch>
<Keyword EndOffset="686" SrcFileId="4" StartOffset="684"/>
<LocList>
<Loc EndOffset="846" SrcFileId="4" StartOffset="684"/>
</LocList>
<RootTerm CovItemId="C1" CovItemPrefix="csse376_puerto_rico.NextMoveButton.java" Intrnl_Id="306">
<OpTerm BooleanOpId="13" Intrnl_Id="307">
<BasicBoolTerm Intrnl_Id="308">
<LocList>
<Loc EndOffset="699" SrcFileId="4" StartOffset="687"/>
</LocList>
</BasicBoolTerm>
<BasicBoolTerm Intrnl_Id="309">
<LocList>
<Loc EndOffset="732" SrcFileId="4" StartOffset="703"/>
</LocList>
</BasicBoolTerm>
<LocList>
<Loc EndOffset="702" SrcFileId="4" StartOffset="700"/>
</LocList>
</OpTerm>
</RootTerm>
</CondStmnt>
<BasicStmnt CovItemId="S13" CovItemPrefix="csse376_puerto_rico.NextMoveButton.java" Intrnl_Id="310">
<LocList>
<Loc EndOffset="869" SrcFileId="4" StartOffset="858"/>
</LocList>
</BasicStmnt>
</StmntSeq>
</HierarchyLvl>
</HierarchyLvl>
</HierarchyLvl>
<HierarchyLvl HierarchyLvlId="5452" HierarchyLvlTypeId="17" Intrnl_Id="311" Name="makeMove">
<Header>
<Loc EndOffset="911" SrcFileId="4" StartOffset="889"/>
</Header>
<LocList>
<Loc EndOffset="1532" SrcFileId="4" StartOffset="889"/>
</LocList>
<StmntSeq Intrnl_Id="312">
<LocList>
<Loc EndOffset="1493" SrcFileId="4" StartOffset="1217"/>
<Loc EndOffset="1528" SrcFileId="4" StartOffset="1497"/>
</LocList>
<LoopStmnt CovItemId="S14" CovItemPrefix="csse376_puerto_rico.NextMoveButton.java" Intrnl_Id="313" MltplExecId="L1-2" MltplExecPrefix="csse376_puerto_rico.NextMoveButton.java" NvrExecId="L1-0" NvrExecPrefix="csse376_puerto_rico.NextMoveButton.java" OnceExecutedId="L1-1" OnceExecutedPrefix="csse376_puerto_rico.NextMoveButton.java" OptBodyExec="true">
<StmntSeq Intrnl_Id="314">
<LocList>
<Loc EndOffset="1488" SrcFileId="4" StartOffset="1260"/>
</LocList>
<CondStmnt CovItemId="S15" CovItemPrefix="csse376_puerto_rico.NextMoveButton.java" Intrnl_Id="315">
<Branch CovItemId="B3" CovItemPrefix="csse376_puerto_rico.NextMoveButton.java" Implct="false" Intrnl_Id="316">
<Cond/>
<LocList>
<Loc EndOffset="1488" SrcFileId="4" StartOffset="1290"/>
</LocList>
<StmntSeq Intrnl_Id="317">
<LocList>
<Loc EndOffset="1327" SrcFileId="4" StartOffset="1297"/>
<Loc EndOffset="1470" SrcFileId="4" StartOffset="1333"/>
<Loc EndOffset="1482" SrcFileId="4" StartOffset="1476"/>
</LocList>
<BasicStmnt CovItemId="S16" CovItemPrefix="csse376_puerto_rico.NextMoveButton.java" Intrnl_Id="318">
<LocList>
<Loc EndOffset="1327" SrcFileId="4" StartOffset="1297"/>
</LocList>
</BasicStmnt>
<CondStmnt CovItemId="S17" CovItemPrefix="csse376_puerto_rico.NextMoveButton.java" Intrnl_Id="319">
<Branch CovItemId="B5" CovItemPrefix="csse376_puerto_rico.NextMoveButton.java" Implct="false" Intrnl_Id="320">
<Cond/>
<LocList>
<Loc EndOffset="1408" SrcFileId="4" StartOffset="1364"/>
</LocList>
<StmntSeq Intrnl_Id="321">
<LocList>
<Loc EndOffset="1401" SrcFileId="4" StartOffset="1372"/>
</LocList>
<BasicStmnt CovItemId="S18" CovItemPrefix="csse376_puerto_rico.NextMoveButton.java" Intrnl_Id="322">
<LocList>
<Loc EndOffset="1401" SrcFileId="4" StartOffset="1372"/>
</LocList>
</BasicStmnt>
</StmntSeq>
</Branch>
<Branch CovItemId="B6" CovItemPrefix="csse376_puerto_rico.NextMoveButton.java" Implct="false" Intrnl_Id="323">
<Cond>
<Loc EndOffset="1418" SrcFileId="4" StartOffset="1414"/>
</Cond>
<LocList>
<Loc EndOffset="1470" SrcFileId="4" StartOffset="1424"/>
</LocList>
<StmntSeq Intrnl_Id="324">
<LocList>
<Loc EndOffset="1463" SrcFileId="4" StartOffset="1432"/>
</LocList>
<BasicStmnt CovItemId="S19" CovItemPrefix="csse376_puerto_rico.NextMoveButton.java" Intrnl_Id="325">
<LocList>
<Loc EndOffset="1463" SrcFileId="4" StartOffset="1432"/>
</LocList>
</BasicStmnt>
</StmntSeq>
</Branch>
<Keyword EndOffset="1335" SrcFileId="4" StartOffset="1333"/>
<LocList>
<Loc EndOffset="1470" SrcFileId="4" StartOffset="1333"/>
</LocList>
<RootTerm CovItemId="C4" CovItemPrefix="csse376_puerto_rico.NextMoveButton.java" Intrnl_Id="326">
<BasicBoolTerm Intrnl_Id="327">
<LocList>
<Loc EndOffset="1357" SrcFileId="4" StartOffset="1336"/>
</LocList>
</BasicBoolTerm>
</RootTerm>
</CondStmnt>
<BasicStmnt CovItemId="S20" CovItemPrefix="csse376_puerto_rico.NextMoveButton.java" Intrnl_Id="328">
<LocList>
<Loc EndOffset="1482" SrcFileId="4" StartOffset="1476"/>
</LocList>
</BasicStmnt>
</StmntSeq>
</Branch>
<Branch CovItemId="B4" CovItemPrefix="csse376_puerto_rico.NextMoveButton.java" Implct="true" Intrnl_Id="329">
<Cond/>
<LocList/>
<StmntSeq Intrnl_Id="330">
<LocList/>
</StmntSeq>
</Branch>
<Keyword EndOffset="1262" SrcFileId="4" StartOffset="1260"/>
<LocList>
<Loc EndOffset="1488" SrcFileId="4" StartOffset="1260"/>
</LocList>
<RootTerm CovItemId="C3" CovItemPrefix="csse376_puerto_rico.NextMoveButton.java" Intrnl_Id="331">
<BasicBoolTerm Intrnl_Id="332">
<LocList>
<Loc EndOffset="1284" SrcFileId="4" StartOffset="1263"/>
</LocList>
</BasicBoolTerm>
</RootTerm>
</CondStmnt>
</StmntSeq>
<Keyword EndOffset="1220" SrcFileId="4" StartOffset="1217"/>
<LocList>
<Loc EndOffset="1493" SrcFileId="4" StartOffset="1217"/>
</LocList>
<RootTerm CovItemId="C2" CovItemPrefix="csse376_puerto_rico.NextMoveButton.java" Intrnl_Id="333">
<BasicBoolTerm Intrnl_Id="334">
<LocList>
<Loc EndOffset="1245" SrcFileId="4" StartOffset="1229"/>
</LocList>
</BasicBoolTerm>
</RootTerm>
</LoopStmnt>
<BasicStmnt CovItemId="S21" CovItemPrefix="csse376_puerto_rico.NextMoveButton.java" Intrnl_Id="335">
<LocList>
<Loc EndOffset="1528" SrcFileId="4" StartOffset="1497"/>
</LocList>
</BasicStmnt>
</StmntSeq>
</HierarchyLvl>
</HierarchyLvl>
<HierarchyLvl HierarchyLvlId="5455" HierarchyLvlTypeId="16" Intrnl_Id="336" Name="MenuGUI">
<Header>
<Loc EndOffset="297" SrcFileId="5" StartOffset="277"/>
</Header>
<LocList>
<Loc EndOffset="1547" SrcFileId="5" StartOffset="277"/>
</LocList>
<StmntSeq Intrnl_Id="337">
<LocList>
<Loc EndOffset="372" SrcFileId="5" StartOffset="340"/>
</LocList>
<BasicStmnt CovItemId="S1" CovItemPrefix="csse376_puerto_rico.MenuGUI.java" Intrnl_Id="338">
<LocList>
<Loc EndOffset="372" SrcFileId="5" StartOffset="340"/>
</LocList>
</BasicStmnt>
</StmntSeq>
<HierarchyLvl HierarchyLvlId="5454" HierarchyLvlTypeId="17" Intrnl_Id="339" Name="MenuGUI">
<Header>
<Loc EndOffset="459" SrcFileId="5" StartOffset="443"/>
</Header>
<LocList>
<Loc EndOffset="1542" SrcFileId="5" StartOffset="443"/>
</LocList>
<StmntSeq Intrnl_Id="340">
<LocList>
<Loc EndOffset="513" SrcFileId="5" StartOffset="474"/>
<Loc EndOffset="560" SrcFileId="5" StartOffset="526"/>
<Loc EndOffset="605" SrcFileId="5" StartOffset="573"/>
<Loc EndOffset="680" SrcFileId="5" StartOffset="618"/>
<Loc EndOffset="882" SrcFileId="5" StartOffset="851"/>
<Loc EndOffset="929" SrcFileId="5" StartOffset="895"/>
<Loc EndOffset="996" SrcFileId="5" StartOffset="955"/>
<Loc EndOffset="1055" SrcFileId="5" StartOffset="1009"/>
<Loc EndOffset="1117" SrcFileId="5" StartOffset="1081"/>
<Loc EndOffset="1185" SrcFileId="5" StartOffset="1143"/>
<Loc EndOffset="1260" SrcFileId="5" StartOffset="1198"/>
<Loc EndOffset="1308" SrcFileId="5" StartOffset="1273"/>
<Loc EndOffset="1359" SrcFileId="5" StartOffset="1334"/>
<Loc EndOffset="1394" SrcFileId="5" StartOffset="1372"/>
<Loc EndOffset="1469" SrcFileId="5" StartOffset="1420"/>
<Loc EndOffset="1534" SrcFileId="5" StartOffset="1482"/>
</LocList>
<BasicStmnt CovItemId="S2" CovItemPrefix="csse376_puerto_rico.MenuGUI.java" Intrnl_Id="341">
<LocList>
<Loc EndOffset="513" SrcFileId="5" StartOffset="474"/>
</LocList>
</BasicStmnt>
<BasicStmnt CovItemId="S3" CovItemPrefix="csse376_puerto_rico.MenuGUI.java" Intrnl_Id="342">
<LocList>
<Loc EndOffset="560" SrcFileId="5" StartOffset="526"/>
</LocList>
</BasicStmnt>
<BasicStmnt CovItemId="S4" CovItemPrefix="csse376_puerto_rico.MenuGUI.java" Intrnl_Id="343">
<LocList>
<Loc EndOffset="605" SrcFileId="5" StartOffset="573"/>
</LocList>
</BasicStmnt>
<BasicStmnt CovItemId="S5" CovItemPrefix="csse376_puerto_rico.MenuGUI.java" Intrnl_Id="344">
<LocList>
<Loc EndOffset="680" SrcFileId="5" StartOffset="618"/>
</LocList>
</BasicStmnt>
<BasicStmnt CovItemId="S6" CovItemPrefix="csse376_puerto_rico.MenuGUI.java" Intrnl_Id="345">
<LocList>
<Loc EndOffset="882" SrcFileId="5" StartOffset="851"/>
</LocList>
</BasicStmnt>
<BasicStmnt CovItemId="S7" CovItemPrefix="csse376_puerto_rico.MenuGUI.java" Intrnl_Id="346">
<LocList>
<Loc EndOffset="929" SrcFileId="5" StartOffset="895"/>
</LocList>
</BasicStmnt>
<BasicStmnt CovItemId="S8" CovItemPrefix="csse376_puerto_rico.MenuGUI.java" Intrnl_Id="347">
<LocList>
<Loc EndOffset="996" SrcFileId="5" StartOffset="955"/>
</LocList>
</BasicStmnt>
<BasicStmnt CovItemId="S9" CovItemPrefix="csse376_puerto_rico.MenuGUI.java" Intrnl_Id="348">
<LocList>
<Loc EndOffset="1055" SrcFileId="5" StartOffset="1009"/>
</LocList>
</BasicStmnt>
<BasicStmnt CovItemId="S10" CovItemPrefix="csse376_puerto_rico.MenuGUI.java" Intrnl_Id="349">
<LocList>
<Loc EndOffset="1117" SrcFileId="5" StartOffset="1081"/>
</LocList>
</BasicStmnt>
<BasicStmnt CovItemId="S11" CovItemPrefix="csse376_puerto_rico.MenuGUI.java" Intrnl_Id="350">
<LocList>
<Loc EndOffset="1185" SrcFileId="5" StartOffset="1143"/>
</LocList>
</BasicStmnt>
<BasicStmnt CovItemId="S12" CovItemPrefix="csse376_puerto_rico.MenuGUI.java" Intrnl_Id="351">
<LocList>
<Loc EndOffset="1260" SrcFileId="5" StartOffset="1198"/>
</LocList>
</BasicStmnt>
<BasicStmnt CovItemId="S13" CovItemPrefix="csse376_puerto_rico.MenuGUI.java" Intrnl_Id="352">
<LocList>
<Loc EndOffset="1308" SrcFileId="5" StartOffset="1273"/>
</LocList>
</BasicStmnt>
<BasicStmnt CovItemId="S14" CovItemPrefix="csse376_puerto_rico.MenuGUI.java" Intrnl_Id="353">
<LocList>
<Loc EndOffset="1359" SrcFileId="5" StartOffset="1334"/>
</LocList>
</BasicStmnt>
<BasicStmnt CovItemId="S15" CovItemPrefix="csse376_puerto_rico.MenuGUI.java" Intrnl_Id="354">
<LocList>
<Loc EndOffset="1394" SrcFileId="5" StartOffset="1372"/>
</LocList>
</BasicStmnt>
<BasicStmnt CovItemId="S16" CovItemPrefix="csse376_puerto_rico.MenuGUI.java" Intrnl_Id="355">
<LocList>
<Loc EndOffset="1469" SrcFileId="5" StartOffset="1420"/>
</LocList>
</BasicStmnt>
<BasicStmnt CovItemId="S17" CovItemPrefix="csse376_puerto_rico.MenuGUI.java" Intrnl_Id="356">
<LocList>
<Loc EndOffset="1534" SrcFileId="5" StartOffset="1482"/>
</LocList>
</BasicStmnt>
</StmntSeq>
</HierarchyLvl>
</HierarchyLvl>
<HierarchyLvl HierarchyLvlId="5457" HierarchyLvlTypeId="16" Intrnl_Id="357" Name="Main">
<Header>
<Loc EndOffset="47" SrcFileId="6" StartOffset="30"/>
</Header>
<LocList>
<Loc EndOffset="149" SrcFileId="6" StartOffset="30"/>
</LocList>
<HierarchyLvl HierarchyLvlId="5456" HierarchyLvlTypeId="17" Intrnl_Id="358" Name="main">
<Header>
<Loc EndOffset="125" SrcFileId="6" StartOffset="87"/>
</Header>
<LocList>
<Loc EndOffset="147" SrcFileId="6" StartOffset="87"/>
</LocList>
<StmntSeq Intrnl_Id="359">
<LocList>
<Loc EndOffset="144" SrcFileId="6" StartOffset="130"/>
</LocList>
<BasicStmnt CovItemId="S1" CovItemPrefix="csse376_puerto_rico.Main.java" Intrnl_Id="360">
<LocList>
<Loc EndOffset="144" SrcFileId="6" StartOffset="130"/>
</LocList>
</BasicStmnt>
</StmntSeq>
</HierarchyLvl>
</HierarchyLvl>
<HierarchyLvl HierarchyLvlId="5461" HierarchyLvlTypeId="16" Intrnl_Id="361" Name="GoodsButton">
<Header>
<Loc EndOffset="264" SrcFileId="7" StartOffset="224"/>
</Header>
<LocList>
<Loc EndOffset="1005" SrcFileId="7" StartOffset="224"/>
</LocList>
<HierarchyLvl HierarchyLvlId="5460" HierarchyLvlTypeId="17" Intrnl_Id="362" Name="GoodsButton">
<Header>
<Loc EndOffset="438" SrcFileId="7" StartOffset="389"/>
</Header>
<LocList>
<Loc EndOffset="1002" SrcFileId="7" StartOffset="389"/>
</LocList>
<StmntSeq Intrnl_Id="363">
<LocList>
<Loc EndOffset="458" SrcFileId="7" StartOffset="446"/>
<Loc EndOffset="479" SrcFileId="7" StartOffset="462"/>
<Loc EndOffset="502" SrcFileId="7" StartOffset="483"/>
<Loc EndOffset="528" SrcFileId="7" StartOffset="506"/>
<Loc EndOffset="552" SrcFileId="7" StartOffset="532"/>
<Loc EndOffset="579" SrcFileId="7" StartOffset="556"/>
<Loc EndOffset="959" SrcFileId="7" StartOffset="957"/>
<Loc EndOffset="998" SrcFileId="7" StartOffset="967"/>
</LocList>
<BasicStmnt CovItemId="S1" CovItemPrefix="csse376_puerto_rico.GoodsButton.java" Intrnl_Id="364">
<LocList>
<Loc EndOffset="458" SrcFileId="7" StartOffset="446"/>
</LocList>
</BasicStmnt>
<BasicStmnt CovItemId="S2" CovItemPrefix="csse376_puerto_rico.GoodsButton.java" Intrnl_Id="365">
<LocList>
<Loc EndOffset="479" SrcFileId="7" StartOffset="462"/>
</LocList>
</BasicStmnt>
<BasicStmnt CovItemId="S3" CovItemPrefix="csse376_puerto_rico.GoodsButton.java" Intrnl_Id="366">
<LocList>
<Loc EndOffset="502" SrcFileId="7" StartOffset="483"/>
</LocList>
</BasicStmnt>
<BasicStmnt CovItemId="S4" CovItemPrefix="csse376_puerto_rico.GoodsButton.java" Intrnl_Id="367">
<LocList>
<Loc EndOffset="528" SrcFileId="7" StartOffset="506"/>
</LocList>
</BasicStmnt>
<BasicStmnt CovItemId="S5" CovItemPrefix="csse376_puerto_rico.GoodsButton.java" Intrnl_Id="368">
<LocList>
<Loc EndOffset="552" SrcFileId="7" StartOffset="532"/>
</LocList>
</BasicStmnt>
<BasicStmnt CovItemId="S6" CovItemPrefix="csse376_puerto_rico.GoodsButton.java" Intrnl_Id="369">
<LocList>
<Loc EndOffset="579" SrcFileId="7" StartOffset="556"/>
<Loc EndOffset="959" SrcFileId="7" StartOffset="957"/>
</LocList>
</BasicStmnt>
<BasicStmnt CovItemId="S12" CovItemPrefix="csse376_puerto_rico.GoodsButton.java" Intrnl_Id="370">
<LocList>
<Loc EndOffset="998" SrcFileId="7" StartOffset="967"/>
</LocList>
</BasicStmnt>
</StmntSeq>
<HierarchyLvl HierarchyLvlId="5459" HierarchyLvlTypeId="19" Intrnl_Id="371" Name="ActionListener">
<Header>
<Loc EndOffset="599" SrcFileId="7" StartOffset="583"/>
</Header>
<LocList>
<Loc EndOffset="957" SrcFileId="7" StartOffset="579"/>
</LocList>
<HierarchyLvl HierarchyLvlId="5458" HierarchyLvlTypeId="17" Intrnl_Id="372" Name="actionPerformed">
<Header>
<Loc EndOffset="667" SrcFileId="7" StartOffset="611"/>
</Header>
<LocList>
<Loc EndOffset="952" SrcFileId="7" StartOffset="611"/>
</LocList>
<StmntSeq Intrnl_Id="373">
<LocList>
<Loc EndOffset="946" SrcFileId="7" StartOffset="686"/>
</LocList>
<LoopStmnt CovItemId="S7" CovItemPrefix="csse376_puerto_rico.GoodsButton.java" Intrnl_Id="374" MltplExecId="L1-2" MltplExecPrefix="csse376_puerto_rico.GoodsButton.java" NvrExecId="L1-0" NvrExecPrefix="csse376_puerto_rico.GoodsButton.java" OnceExecutedId="L1-1" OnceExecutedPrefix="csse376_puerto_rico.GoodsButton.java" OptBodyExec="true">
<StmntSeq Intrnl_Id="375">
<LocList>
<Loc EndOffset="758" SrcFileId="7" StartOffset="735"/>
<Loc EndOffset="842" SrcFileId="7" StartOffset="766"/>
<Loc EndOffset="887" SrcFileId="7" StartOffset="850"/>
<Loc EndOffset="938" SrcFileId="7" StartOffset="895"/>
</LocList>
<BasicStmnt CovItemId="S8" CovItemPrefix="csse376_puerto_rico.GoodsButton.java" Intrnl_Id="376">
<LocList>
<Loc EndOffset="758" SrcFileId="7" StartOffset="735"/>
</LocList>
</BasicStmnt>
<BasicStmnt CovItemId="S9" CovItemPrefix="csse376_puerto_rico.GoodsButton.java" Intrnl_Id="377">
<LocList>
<Loc EndOffset="842" SrcFileId="7" StartOffset="766"/>
</LocList>
</BasicStmnt>
<BasicStmnt CovItemId="S10" CovItemPrefix="csse376_puerto_rico.GoodsButton.java" Intrnl_Id="378">
<LocList>
<Loc EndOffset="887" SrcFileId="7" StartOffset="850"/>
</LocList>
</BasicStmnt>
<BasicStmnt CovItemId="S11" CovItemPrefix="csse376_puerto_rico.GoodsButton.java" Intrnl_Id="379">
<LocList>
<Loc EndOffset="938" SrcFileId="7" StartOffset="895"/>
</LocList>
</BasicStmnt>
</StmntSeq>
<Keyword EndOffset="689" SrcFileId="7" StartOffset="686"/>
<LocList>
<Loc EndOffset="946" SrcFileId="7" StartOffset="686"/>
</LocList>
<RootTerm CovItemId="C1" CovItemPrefix="csse376_puerto_rico.GoodsButton.java" Intrnl_Id="380">
<BasicBoolTerm Intrnl_Id="381">
<LocList>
<Loc EndOffset="714" SrcFileId="7" StartOffset="698"/>
</LocList>
</BasicBoolTerm>
</RootTerm>
</LoopStmnt>
</StmntSeq>
</HierarchyLvl>
</HierarchyLvl>
</HierarchyLvl>
</HierarchyLvl>
<HierarchyLvl HierarchyLvlId="5475" HierarchyLvlTypeId="16" Intrnl_Id="382" Name="GameState">
<Header>
<Loc EndOffset="274" SrcFileId="8" StartOffset="252"/>
</Header>
<LocList>
<Loc EndOffset="6065" SrcFileId="8" StartOffset="252"/>
</LocList>
<StmntSeq Intrnl_Id="383">
<LocList>
<Loc EndOffset="353" SrcFileId="8" StartOffset="281"/>
<Loc EndOffset="442" SrcFileId="8" StartOffset="416"/>
<Loc EndOffset="503" SrcFileId="8" StartOffset="477"/>
<Loc EndOffset="564" SrcFileId="8" StartOffset="538"/>
<Loc EndOffset="637" SrcFileId="8" StartOffset="599"/>
<Loc EndOffset="889" SrcFileId="8" StartOffset="853"/>
</LocList>
<BasicStmnt CovItemId="S1" CovItemPrefix="csse376_puerto_rico.GameState.java" Intrnl_Id="384">
<LocList>
<Loc EndOffset="353" SrcFileId="8" StartOffset="281"/>
</LocList>
</BasicStmnt>
<BasicStmnt CovItemId="S2" CovItemPrefix="csse376_puerto_rico.GameState.java" Intrnl_Id="385">
<LocList>
<Loc EndOffset="442" SrcFileId="8" StartOffset="416"/>
</LocList>
</BasicStmnt>
<BasicStmnt CovItemId="S3" CovItemPrefix="csse376_puerto_rico.GameState.java" Intrnl_Id="386">
<LocList>
<Loc EndOffset="503" SrcFileId="8" StartOffset="477"/>
</LocList>
</BasicStmnt>
<BasicStmnt CovItemId="S4" CovItemPrefix="csse376_puerto_rico.GameState.java" Intrnl_Id="387">
<LocList>
<Loc EndOffset="564" SrcFileId="8" StartOffset="538"/>
</LocList>
</BasicStmnt>
<BasicStmnt CovItemId="S5" CovItemPrefix="csse376_puerto_rico.GameState.java" Intrnl_Id="388">
<LocList>
<Loc EndOffset="637" SrcFileId="8" StartOffset="599"/>
</LocList>
</BasicStmnt>
<BasicStmnt CovItemId="S6" CovItemPrefix="csse376_puerto_rico.GameState.java" Intrnl_Id="389">
<LocList>
<Loc EndOffset="889" SrcFileId="8" StartOffset="853"/>
</LocList>
</BasicStmnt>
</StmntSeq>
<HierarchyLvl HierarchyLvlId="5462" HierarchyLvlTypeId="17" Intrnl_Id="390" Name="GameState">
<Header>
<Loc EndOffset="912" SrcFileId="8" StartOffset="894"/>
</Header>
<LocList>
<Loc EndOffset="1370" SrcFileId="8" StartOffset="894"/>
</LocList>
<StmntSeq Intrnl_Id="391">
<LocList>
<Loc EndOffset="992" SrcFileId="8" StartOffset="959"/>
<Loc EndOffset="1027" SrcFileId="8" StartOffset="996"/>
<Loc EndOffset="1064" SrcFileId="8" StartOffset="1031"/>
<Loc EndOffset="1100" SrcFileId="8" StartOffset="1068"/>
<Loc EndOffset="1138" SrcFileId="8" StartOffset="1104"/>
<Loc EndOffset="1181" SrcFileId="8" StartOffset="1162"/>
<Loc EndOffset="1206" SrcFileId="8" StartOffset="1185"/>
<Loc EndOffset="1254" SrcFileId="8" StartOffset="1240"/>
<Loc EndOffset="1295" SrcFileId="8" StartOffset="1258"/>
<Loc EndOffset="1343" SrcFileId="8" StartOffset="1299"/>
<Loc EndOffset="1366" SrcFileId="8" StartOffset="1347"/>
</LocList>
<BasicStmnt CovItemId="S7" CovItemPrefix="csse376_puerto_rico.GameState.java" Intrnl_Id="392">
<LocList>
<Loc EndOffset="992" SrcFileId="8" StartOffset="959"/>
</LocList>
</BasicStmnt>
<BasicStmnt CovItemId="S8" CovItemPrefix="csse376_puerto_rico.GameState.java" Intrnl_Id="393">
<LocList>
<Loc EndOffset="1027" SrcFileId="8" StartOffset="996"/>
</LocList>
</BasicStmnt>
<BasicStmnt CovItemId="S9" CovItemPrefix="csse376_puerto_rico.GameState.java" Intrnl_Id="394">
<LocList>
<Loc EndOffset="1064" SrcFileId="8" StartOffset="1031"/>
</LocList>
</BasicStmnt>
<BasicStmnt CovItemId="S10" CovItemPrefix="csse376_puerto_rico.GameState.java" Intrnl_Id="395">
<LocList>
<Loc EndOffset="1100" SrcFileId="8" StartOffset="1068"/>
</LocList>
</BasicStmnt>
<BasicStmnt CovItemId="S11" CovItemPrefix="csse376_puerto_rico.GameState.java" Intrnl_Id="396">
<LocList>
<Loc EndOffset="1138" SrcFileId="8" StartOffset="1104"/>
</LocList>
</BasicStmnt>
<BasicStmnt CovItemId="S12" CovItemPrefix="csse376_puerto_rico.GameState.java" Intrnl_Id="397">
<LocList>
<Loc EndOffset="1181" SrcFileId="8" StartOffset="1162"/>
</LocList>
</BasicStmnt>
<BasicStmnt CovItemId="S13" CovItemPrefix="csse376_puerto_rico.GameState.java" Intrnl_Id="398">
<LocList>
<Loc EndOffset="1206" SrcFileId="8" StartOffset="1185"/>
</LocList>
</BasicStmnt>
<BasicStmnt CovItemId="S14" CovItemPrefix="csse376_puerto_rico.GameState.java" Intrnl_Id="399">
<LocList>
<Loc EndOffset="1254" SrcFileId="8" StartOffset="1240"/>
</LocList>
</BasicStmnt>
<BasicStmnt CovItemId="S15" CovItemPrefix="csse376_puerto_rico.GameState.java" Intrnl_Id="400">
<LocList>
<Loc EndOffset="1295" SrcFileId="8" StartOffset="1258"/>
</LocList>
</BasicStmnt>
<BasicStmnt CovItemId="S16" CovItemPrefix="csse376_puerto_rico.GameState.java" Intrnl_Id="401">
<LocList>
<Loc EndOffset="1343" SrcFileId="8" StartOffset="1299"/>
</LocList>
</BasicStmnt>
<BasicStmnt CovItemId="S17" CovItemPrefix="csse376_puerto_rico.GameState.java" Intrnl_Id="402">
<LocList>
<Loc EndOffset="1366" SrcFileId="8" StartOffset="1347"/>
</LocList>
</BasicStmnt>
</StmntSeq>
</HierarchyLvl>
<HierarchyLvl HierarchyLvlId="5463" HierarchyLvlTypeId="17" Intrnl_Id="403" Name="GameState">
<Header>
<Loc EndOffset="1413" SrcFileId="8" StartOffset="1375"/>
</Header>
<LocList>
<Loc EndOffset="2910" SrcFileId="8" StartOffset="1375"/>
</LocList>
<StmntSeq Intrnl_Id="404">
<LocList>
<Loc EndOffset="1523" SrcFileId="8" StartOffset="1452"/>
<Loc EndOffset="1574" SrcFileId="8" StartOffset="1541"/>
<Loc EndOffset="1610" SrcFileId="8" StartOffset="1578"/>
<Loc EndOffset="1648" SrcFileId="8" StartOffset="1614"/>
<Loc EndOffset="1685" SrcFileId="8" StartOffset="1652"/>
<Loc EndOffset="1723" SrcFileId="8" StartOffset="1689"/>
<Loc EndOffset="1800" SrcFileId="8" StartOffset="1777"/>
<Loc EndOffset="1834" SrcFileId="8" StartOffset="1804"/>
<Loc EndOffset="1870" SrcFileId="8" StartOffset="1838"/>
<Loc EndOffset="1947" SrcFileId="8" StartOffset="1876"/>
<Loc EndOffset="2022" SrcFileId="8" StartOffset="1951"/>
<Loc EndOffset="2766" SrcFileId="8" StartOffset="2028"/>
<Loc EndOffset="2815" SrcFileId="8" StartOffset="2800"/>
<Loc EndOffset="2856" SrcFileId="8" StartOffset="2819"/>
<Loc EndOffset="2904" SrcFileId="8" StartOffset="2860"/>
</LocList>
<LoopStmnt CovItemId="S18" CovItemPrefix="csse376_puerto_rico.GameState.java" Intrnl_Id="405" MltplExecId="L1-2" MltplExecPrefix="csse376_puerto_rico.GameState.java" NvrExecId="L1-0" NvrExecPrefix="csse376_puerto_rico.GameState.java" OnceExecutedId="L1-1" OnceExecutedPrefix="csse376_puerto_rico.GameState.java" OptBodyExec="true">
<StmntSeq Intrnl_Id="406">
<LocList>
<Loc EndOffset="1518" SrcFileId="8" StartOffset="1483"/>
</LocList>
<BasicStmnt CovItemId="S19" CovItemPrefix="csse376_puerto_rico.GameState.java" Intrnl_Id="407">
<LocList>
<Loc EndOffset="1518" SrcFileId="8" StartOffset="1483"/>
</LocList>
</BasicStmnt>
</StmntSeq>
<Keyword EndOffset="1455" SrcFileId="8" StartOffset="1452"/>
<LocList>
<Loc EndOffset="1523" SrcFileId="8" StartOffset="1452"/>
</LocList>
</LoopStmnt>
<BasicStmnt CovItemId="S20" CovItemPrefix="csse376_puerto_rico.GameState.java" Intrnl_Id="408">
<LocList>
<Loc EndOffset="1574" SrcFileId="8" StartOffset="1541"/>
</LocList>
</BasicStmnt>
<BasicStmnt CovItemId="S21" CovItemPrefix="csse376_puerto_rico.GameState.java" Intrnl_Id="409">
<LocList>
<Loc EndOffset="1610" SrcFileId="8" StartOffset="1578"/>
</LocList>
</BasicStmnt>
<BasicStmnt CovItemId="S22" CovItemPrefix="csse376_puerto_rico.GameState.java" Intrnl_Id="410">
<LocList>
<Loc EndOffset="1648" SrcFileId="8" StartOffset="1614"/>
</LocList>
</BasicStmnt>
<BasicStmnt CovItemId="S23" CovItemPrefix="csse376_puerto_rico.GameState.java" Intrnl_Id="411">
<LocList>
<Loc EndOffset="1685" SrcFileId="8" StartOffset="1652"/>
</LocList>
</BasicStmnt>
<BasicStmnt CovItemId="S24" CovItemPrefix="csse376_puerto_rico.GameState.java" Intrnl_Id="412">
<LocList>
<Loc EndOffset="1723" SrcFileId="8" StartOffset="1689"/>
</LocList>
</BasicStmnt>
<BasicStmnt CovItemId="S25" CovItemPrefix="csse376_puerto_rico.GameState.java" Intrnl_Id="413">
<LocList>
<Loc EndOffset="1800" SrcFileId="8" StartOffset="1777"/>
</LocList>
</BasicStmnt>
<BasicStmnt CovItemId="S26" CovItemPrefix="csse376_puerto_rico.GameState.java" Intrnl_Id="414">
<LocList>
<Loc EndOffset="1834" SrcFileId="8" StartOffset="1804"/>
</LocList>
</BasicStmnt>
<BasicStmnt CovItemId="S27" CovItemPrefix="csse376_puerto_rico.GameState.java" Intrnl_Id="415">
<LocList>
<Loc EndOffset="1870" SrcFileId="8" StartOffset="1838"/>
</LocList>
</BasicStmnt>
<BasicStmnt CovItemId="S28" CovItemPrefix="csse376_puerto_rico.GameState.java" Intrnl_Id="416">
<LocList>
<Loc EndOffset="1947" SrcFileId="8" StartOffset="1876"/>
</LocList>
</BasicStmnt>
<BasicStmnt CovItemId="S29" CovItemPrefix="csse376_puerto_rico.GameState.java" Intrnl_Id="417">
<LocList>
<Loc EndOffset="2022" SrcFileId="8" StartOffset="1951"/>
</LocList>
</BasicStmnt>
<CondStmnt CovItemId="S30" CovItemPrefix="csse376_puerto_rico.GameState.java" Intrnl_Id="418">
<Branch CovItemId="B1" CovItemPrefix="csse376_puerto_rico.GameState.java" Implct="false" Intrnl_Id="419">
<Cond/>
<LocList>
<Loc EndOffset="2187" SrcFileId="8" StartOffset="2051"/>
</LocList>
<StmntSeq Intrnl_Id="420">
<LocList>
<Loc EndOffset="2077" SrcFileId="8" StartOffset="2057"/>
<Loc EndOffset="2101" SrcFileId="8" StartOffset="2082"/>
<Loc EndOffset="2182" SrcFileId="8" StartOffset="2106"/>
</LocList>
<BasicStmnt CovItemId="S31" CovItemPrefix="csse376_puerto_rico.GameState.java" Intrnl_Id="421">
<LocList>
<Loc EndOffset="2077" SrcFileId="8" StartOffset="2057"/>
</LocList>
</BasicStmnt>
<BasicStmnt CovItemId="S32" CovItemPrefix="csse376_puerto_rico.GameState.java" Intrnl_Id="422">
<LocList>
<Loc EndOffset="2101" SrcFileId="8" StartOffset="2082"/>
</LocList>
</BasicStmnt>
<BasicStmnt CovItemId="S33" CovItemPrefix="csse376_puerto_rico.GameState.java" Intrnl_Id="423">
<LocList>
<Loc EndOffset="2182" SrcFileId="8" StartOffset="2106"/>
</LocList>
</BasicStmnt>
</StmntSeq>
</Branch>
<Branch CovItemId="B2" CovItemPrefix="csse376_puerto_rico.GameState.java" Implct="false" Intrnl_Id="424">
<Cond>
<Loc EndOffset="2192" SrcFileId="8" StartOffset="2188"/>
</Cond>
<LocList>
<Loc EndOffset="2766" SrcFileId="8" StartOffset="2193"/>
</LocList>
<StmntSeq Intrnl_Id="425">
<LocList>
<Loc EndOffset="2766" SrcFileId="8" StartOffset="2193"/>
</LocList>
<CondStmnt CovItemId="S34" CovItemPrefix="csse376_puerto_rico.GameState.java" Intrnl_Id="426">
<Branch CovItemId="B3" CovItemPrefix="csse376_puerto_rico.GameState.java" Implct="false" Intrnl_Id="427">
<Cond/>
<LocList>
<Loc EndOffset="2436" SrcFileId="8" StartOffset="2216"/>
</LocList>
<StmntSeq Intrnl_Id="428">
<LocList>
<Loc EndOffset="2242" SrcFileId="8" StartOffset="2222"/>
<Loc EndOffset="2267" SrcFileId="8" StartOffset="2247"/>
<Loc EndOffset="2348" SrcFileId="8" StartOffset="2272"/>
<Loc EndOffset="2429" SrcFileId="8" StartOffset="2353"/>
</LocList>
<BasicStmnt CovItemId="S35" CovItemPrefix="csse376_puerto_rico.GameState.java" Intrnl_Id="429">
<LocList>
<Loc EndOffset="2242" SrcFileId="8" StartOffset="2222"/>
</LocList>
</BasicStmnt>
<BasicStmnt CovItemId="S36" CovItemPrefix="csse376_puerto_rico.GameState.java" Intrnl_Id="430">
<LocList>
<Loc EndOffset="2267" SrcFileId="8" StartOffset="2247"/>
</LocList>
</BasicStmnt>
<BasicStmnt CovItemId="S37" CovItemPrefix="csse376_puerto_rico.GameState.java" Intrnl_Id="431">
<LocList>
<Loc EndOffset="2348" SrcFileId="8" StartOffset="2272"/>
</LocList>
</BasicStmnt>
<BasicStmnt CovItemId="S38" CovItemPrefix="csse376_puerto_rico.GameState.java" Intrnl_Id="432">
<LocList>
<Loc EndOffset="2429" SrcFileId="8" StartOffset="2353"/>
</LocList>
</BasicStmnt>
</StmntSeq>
</Branch>
<Branch CovItemId="B4" CovItemPrefix="csse376_puerto_rico.GameState.java" Implct="false" Intrnl_Id="433">
<Cond>
<Loc EndOffset="2441" SrcFileId="8" StartOffset="2437"/>
</Cond>
<LocList>
<Loc EndOffset="2766" SrcFileId="8" StartOffset="2442"/>
</LocList>
<StmntSeq Intrnl_Id="434">
<LocList>
<Loc EndOffset="2766" SrcFileId="8" StartOffset="2442"/>
</LocList>
<CondStmnt CovItemId="S39" CovItemPrefix="csse376_puerto_rico.GameState.java" Intrnl_Id="435">
<Branch CovItemId="B5" CovItemPrefix="csse376_puerto_rico.GameState.java" Implct="false" Intrnl_Id="436">
<Cond/>
<LocList>
<Loc EndOffset="2766" SrcFileId="8" StartOffset="2465"/>
</LocList>
<StmntSeq Intrnl_Id="437">
<LocList>
<Loc EndOffset="2491" SrcFileId="8" StartOffset="2471"/>
<Loc EndOffset="2516" SrcFileId="8" StartOffset="2496"/>
<Loc EndOffset="2599" SrcFileId="8" StartOffset="2521"/>
<Loc EndOffset="2680" SrcFileId="8" StartOffset="2604"/>
<Loc EndOffset="2761" SrcFileId="8" StartOffset="2685"/>
</LocList>
<BasicStmnt CovItemId="S40" CovItemPrefix="csse376_puerto_rico.GameState.java" Intrnl_Id="438">
<LocList>
<Loc EndOffset="2491" SrcFileId="8" StartOffset="2471"/>
</LocList>
</BasicStmnt>
<BasicStmnt CovItemId="S41" CovItemPrefix="csse376_puerto_rico.GameState.java" Intrnl_Id="439">
<LocList>
<Loc EndOffset="2516" SrcFileId="8" StartOffset="2496"/>
</LocList>
</BasicStmnt>
<BasicStmnt CovItemId="S42" CovItemPrefix="csse376_puerto_rico.GameState.java" Intrnl_Id="440">
<LocList>
<Loc EndOffset="2599" SrcFileId="8" StartOffset="2521"/>
</LocList>
</BasicStmnt>
<BasicStmnt CovItemId="S43" CovItemPrefix="csse376_puerto_rico.GameState.java" Intrnl_Id="441">
<LocList>
<Loc EndOffset="2680" SrcFileId="8" StartOffset="2604"/>
</LocList>
</BasicStmnt>
<BasicStmnt CovItemId="S44" CovItemPrefix="csse376_puerto_rico.GameState.java" Intrnl_Id="442">
<LocList>
<Loc EndOffset="2761" SrcFileId="8" StartOffset="2685"/>
</LocList>
</BasicStmnt>
</StmntSeq>
</Branch>
<Branch CovItemId="B6" CovItemPrefix="csse376_puerto_rico.GameState.java" Implct="true" Intrnl_Id="443">
<Cond/>
<LocList/>
<StmntSeq Intrnl_Id="444">
<LocList/>
</StmntSeq>
</Branch>
<Keyword EndOffset="2444" SrcFileId="8" StartOffset="2442"/>
<LocList>
<Loc EndOffset="2766" SrcFileId="8" StartOffset="2442"/>
</LocList>
<RootTerm CovItemId="C3" CovItemPrefix="csse376_puerto_rico.GameState.java" Intrnl_Id="445">
<BasicBoolTerm Intrnl_Id="446">
<LocList>
<Loc EndOffset="2463" SrcFileId="8" StartOffset="2446"/>
</LocList>
</BasicBoolTerm>
</RootTerm>
</CondStmnt>
</StmntSeq>
</Branch>
<Keyword EndOffset="2195" SrcFileId="8" StartOffset="2193"/>
<LocList>
<Loc EndOffset="2766" SrcFileId="8" StartOffset="2193"/>
</LocList>
<RootTerm CovItemId="C2" CovItemPrefix="csse376_puerto_rico.GameState.java" Intrnl_Id="447">
<BasicBoolTerm Intrnl_Id="448">
<LocList>
<Loc EndOffset="2214" SrcFileId="8" StartOffset="2197"/>
</LocList>
</BasicBoolTerm>
</RootTerm>
</CondStmnt>
</StmntSeq>
</Branch>
<Keyword EndOffset="2030" SrcFileId="8" StartOffset="2028"/>
<LocList>
<Loc EndOffset="2766" SrcFileId="8" StartOffset="2028"/>
</LocList>
<RootTerm CovItemId="C1" CovItemPrefix="csse376_puerto_rico.GameState.java" Intrnl_Id="449">
<BasicBoolTerm Intrnl_Id="450">
<LocList>
<Loc EndOffset="2049" SrcFileId="8" StartOffset="2032"/>
</LocList>
</BasicBoolTerm>
</RootTerm>
</CondStmnt>
<BasicStmnt CovItemId="S45" CovItemPrefix="csse376_puerto_rico.GameState.java" Intrnl_Id="451">
<LocList>
<Loc EndOffset="2815" SrcFileId="8" StartOffset="2800"/>
</LocList>
</BasicStmnt>
<BasicStmnt CovItemId="S46" CovItemPrefix="csse376_puerto_rico.GameState.java" Intrnl_Id="452">
<LocList>
<Loc EndOffset="2856" SrcFileId="8" StartOffset="2819"/>
</LocList>
</BasicStmnt>
<BasicStmnt CovItemId="S47" CovItemPrefix="csse376_puerto_rico.GameState.java" Intrnl_Id="453">
<LocList>
<Loc EndOffset="2904" SrcFileId="8" StartOffset="2860"/>
</LocList>
</BasicStmnt>
</StmntSeq>
</HierarchyLvl>
<HierarchyLvl HierarchyLvlId="5464" HierarchyLvlTypeId="17" Intrnl_Id="454" Name="getGood">
<Header>
<Loc EndOffset="2946" SrcFileId="8" StartOffset="2915"/>
</Header>
<LocList>
<Loc EndOffset="2981" SrcFileId="8" StartOffset="2915"/>
</LocList>
<StmntSeq Intrnl_Id="455">
<LocList>
<Loc EndOffset="2977" SrcFileId="8" StartOffset="2954"/>
</LocList>
<BasicStmnt CovItemId="S48" CovItemPrefix="csse376_puerto_rico.GameState.java" Intrnl_Id="456">
<LocList>
<Loc EndOffset="2977" SrcFileId="8" StartOffset="2954"/>
</LocList>
</BasicStmnt>
</StmntSeq>
</HierarchyLvl>
<HierarchyLvl HierarchyLvlId="5465" HierarchyLvlTypeId="17" Intrnl_Id="457" Name="addGood">
<Header>
<Loc EndOffset="3018" SrcFileId="8" StartOffset="2986"/>
</Header>
<LocList>
<Loc EndOffset="3067" SrcFileId="8" StartOffset="2986"/>
</LocList>
<StmntSeq Intrnl_Id="458">
<LocList>
<Loc EndOffset="3063" SrcFileId="8" StartOffset="3026"/>
</LocList>
<BasicStmnt CovItemId="S49" CovItemPrefix="csse376_puerto_rico.GameState.java" Intrnl_Id="459">
<LocList>
<Loc EndOffset="3063" SrcFileId="8" StartOffset="3026"/>
</LocList>
</BasicStmnt>
</StmntSeq>
</HierarchyLvl>
<HierarchyLvl HierarchyLvlId="5466" HierarchyLvlTypeId="17" Intrnl_Id="460" Name="getColonistsOnBoard">
<Header>
<Loc EndOffset="3104" SrcFileId="8" StartOffset="3072"/>
</Header>
<LocList>
<Loc EndOffset="3144" SrcFileId="8" StartOffset="3072"/>
</LocList>
<StmntSeq Intrnl_Id="461">
<LocList>
<Loc EndOffset="3140" SrcFileId="8" StartOffset="3116"/>
</LocList>
<BasicStmnt CovItemId="S50" CovItemPrefix="csse376_puerto_rico.GameState.java" Intrnl_Id="462">
<LocList>
<Loc EndOffset="3140" SrcFileId="8" StartOffset="3116"/>
</LocList>
</BasicStmnt>
</StmntSeq>
</HierarchyLvl>
<HierarchyLvl HierarchyLvlId="5467" HierarchyLvlTypeId="17" Intrnl_Id="463" Name="getColonistsTotal">
<Header>
<Loc EndOffset="3179" SrcFileId="8" StartOffset="3149"/>
</Header>
<LocList>
<Loc EndOffset="3217" SrcFileId="8" StartOffset="3149"/>
</LocList>
<StmntSeq Intrnl_Id="464">
<LocList>
<Loc EndOffset="3213" SrcFileId="8" StartOffset="3191"/>
</LocList>
<BasicStmnt CovItemId="S51" CovItemPrefix="csse376_puerto_rico.GameState.java" Intrnl_Id="465">
<LocList>
<Loc EndOffset="3213" SrcFileId="8" StartOffset="3191"/>
</LocList>
</BasicStmnt>
</StmntSeq>
</HierarchyLvl>
<HierarchyLvl HierarchyLvlId="5468" HierarchyLvlTypeId="17" Intrnl_Id="466" Name="addRolesToList">
<Header>
<Loc EndOffset="3263" SrcFileId="8" StartOffset="3223"/>
</Header>
<LocList>
<Loc EndOffset="3561" SrcFileId="8" StartOffset="3223"/>
</LocList>
<StmntSeq Intrnl_Id="467">
<LocList>
<Loc EndOffset="3293" SrcFileId="8" StartOffset="3271"/>
<Loc EndOffset="3557" SrcFileId="8" StartOffset="3297"/>
</LocList>
<BasicStmnt CovItemId="S52" CovItemPrefix="csse376_puerto_rico.GameState.java" Intrnl_Id="468">
<LocList>
<Loc EndOffset="3293" SrcFileId="8" StartOffset="3271"/>
</LocList>
</BasicStmnt>
<CondStmnt CovItemId="S53" CovItemPrefix="csse376_puerto_rico.GameState.java" Intrnl_Id="469">
<Branch CovItemId="B7" CovItemPrefix="csse376_puerto_rico.GameState.java" Implct="false" Intrnl_Id="470">
<Cond/>
<LocList>
<Loc EndOffset="3557" SrcFileId="8" StartOffset="3327"/>
</LocList>
<StmntSeq Intrnl_Id="471">
<LocList>
<Loc EndOffset="3377" SrcFileId="8" StartOffset="3333"/>
<Loc EndOffset="3474" SrcFileId="8" StartOffset="3382"/>
<Loc EndOffset="3510" SrcFileId="8" StartOffset="3479"/>
<Loc EndOffset="3552" SrcFileId="8" StartOffset="3515"/>
</LocList>
<BasicStmnt CovItemId="S54" CovItemPrefix="csse376_puerto_rico.GameState.java" Intrnl_Id="472">
<LocList>
<Loc EndOffset="3377" SrcFileId="8" StartOffset="3333"/>
</LocList>
</BasicStmnt>
<LoopStmnt CovItemId="S55" CovItemPrefix="csse376_puerto_rico.GameState.java" Intrnl_Id="473" MltplExecId="L2-2" MltplExecPrefix="csse376_puerto_rico.GameState.java" NvrExecId="L2-0" NvrExecPrefix="csse376_puerto_rico.GameState.java" OnceExecutedId="L2-1" OnceExecutedPrefix="csse376_puerto_rico.GameState.java" OptBodyExec="true">
<StmntSeq Intrnl_Id="474">
<LocList>
<Loc EndOffset="3468" SrcFileId="8" StartOffset="3431"/>
</LocList>
<BasicStmnt CovItemId="S56" CovItemPrefix="csse376_puerto_rico.GameState.java" Intrnl_Id="475">
<LocList>
<Loc EndOffset="3468" SrcFileId="8" StartOffset="3431"/>
</LocList>
</BasicStmnt>
</StmntSeq>
<Keyword EndOffset="3385" SrcFileId="8" StartOffset="3382"/>
<LocList>
<Loc EndOffset="3474" SrcFileId="8" StartOffset="3382"/>
</LocList>
<RootTerm CovItemId="C5" CovItemPrefix="csse376_puerto_rico.GameState.java" Intrnl_Id="476">
<BasicBoolTerm Intrnl_Id="477">
<LocList>
<Loc EndOffset="3414" SrcFileId="8" StartOffset="3395"/>
</LocList>
</BasicBoolTerm>
</RootTerm>
</LoopStmnt>
<BasicStmnt CovItemId="S57" CovItemPrefix="csse376_puerto_rico.GameState.java" Intrnl_Id="478">
<LocList>
<Loc EndOffset="3510" SrcFileId="8" StartOffset="3479"/>
</LocList>
</BasicStmnt>
<BasicStmnt CovItemId="S58" CovItemPrefix="csse376_puerto_rico.GameState.java" Intrnl_Id="479">
<LocList>
<Loc EndOffset="3552" SrcFileId="8" StartOffset="3515"/>
</LocList>
</BasicStmnt>
</StmntSeq>
</Branch>
<Branch CovItemId="B8" CovItemPrefix="csse376_puerto_rico.GameState.java" Implct="true" Intrnl_Id="480">
<Cond/>
<LocList/>
<StmntSeq Intrnl_Id="481">
<LocList/>
</StmntSeq>
</Branch>
<Keyword EndOffset="3299" SrcFileId="8" StartOffset="3297"/>
<LocList>
<Loc EndOffset="3557" SrcFileId="8" StartOffset="3297"/>
</LocList>
<RootTerm CovItemId="C4" CovItemPrefix="csse376_puerto_rico.GameState.java" Intrnl_Id="482">
<BasicBoolTerm Intrnl_Id="483">
<LocList>
<Loc EndOffset="3322" SrcFileId="8" StartOffset="3300"/>
</LocList>
</BasicBoolTerm>
</RootTerm>
</CondStmnt>
</StmntSeq>
</HierarchyLvl>
<HierarchyLvl HierarchyLvlId="5469" HierarchyLvlTypeId="17" Intrnl_Id="484" Name="addDoubloon">
<Header>
<Loc EndOffset="3618" SrcFileId="8" StartOffset="3567"/>
</Header>
<LocList>
<Loc EndOffset="3796" SrcFileId="8" StartOffset="3567"/>
</LocList>
<StmntSeq Intrnl_Id="485">
<LocList>
<Loc EndOffset="3792" SrcFileId="8" StartOffset="3626"/>
</LocList>
<CondStmnt CovItemId="S59" CovItemPrefix="csse376_puerto_rico.GameState.java" Intrnl_Id="486">
<Branch CovItemId="B9" CovItemPrefix="csse376_puerto_rico.GameState.java" Implct="false" Intrnl_Id="487">
<Cond/>
<LocList>
<Loc EndOffset="3792" SrcFileId="8" StartOffset="3698"/>
</LocList>
<StmntSeq Intrnl_Id="488">
<LocList>
<Loc EndOffset="3751" SrcFileId="8" StartOffset="3704"/>
<Loc EndOffset="3787" SrcFileId="8" StartOffset="3756"/>
</LocList>
<BasicStmnt CovItemId="S60" CovItemPrefix="csse376_puerto_rico.GameState.java" Intrnl_Id="489">
<LocList>
<Loc EndOffset="3751" SrcFileId="8" StartOffset="3704"/>
</LocList>
</BasicStmnt>
<BasicStmnt CovItemId="S61" CovItemPrefix="csse376_puerto_rico.GameState.java" Intrnl_Id="490">
<LocList>
<Loc EndOffset="3787" SrcFileId="8" StartOffset="3756"/>
</LocList>
</BasicStmnt>
</StmntSeq>
</Branch>
<Branch CovItemId="B10" CovItemPrefix="csse376_puerto_rico.GameState.java" Implct="true" Intrnl_Id="491">
<Cond/>
<LocList/>
<StmntSeq Intrnl_Id="492">
<LocList/>
</StmntSeq>
</Branch>
<Keyword EndOffset="3628" SrcFileId="8" StartOffset="3626"/>
<LocList>
<Loc EndOffset="3792" SrcFileId="8" StartOffset="3626"/>
</LocList>
<RootTerm CovItemId="C6" CovItemPrefix="csse376_puerto_rico.GameState.java" Intrnl_Id="493">
<OpTerm BooleanOpId="13" Intrnl_Id="494">
<BasicBoolTerm Intrnl_Id="495">
<LocList>
<Loc EndOffset="3661" SrcFileId="8" StartOffset="3629"/>
</LocList>
</BasicBoolTerm>
<BasicBoolTerm Intrnl_Id="496">
<LocList>
<Loc EndOffset="3693" SrcFileId="8" StartOffset="3665"/>
</LocList>
</BasicBoolTerm>
<LocList>
<Loc EndOffset="3664" SrcFileId="8" StartOffset="3662"/>
</LocList>
</OpTerm>
</RootTerm>
</CondStmnt>
</StmntSeq>
</HierarchyLvl>
<HierarchyLvl HierarchyLvlId="5470" HierarchyLvlTypeId="17" Intrnl_Id="497" Name="addColonistsToBoard">
<Header>
<Loc EndOffset="3836" SrcFileId="8" StartOffset="3803"/>
</Header>
<LocList>
<Loc EndOffset="4620" SrcFileId="8" StartOffset="3803"/>
</LocList>
<StmntSeq Intrnl_Id="498">
<LocList>
<Loc EndOffset="4255" SrcFileId="8" StartOffset="4242"/>
<Loc EndOffset="4503" SrcFileId="8" StartOffset="4259"/>
<Loc EndOffset="4616" SrcFileId="8" StartOffset="4507"/>
</LocList>
<BasicStmnt CovItemId="S62" CovItemPrefix="csse376_puerto_rico.GameState.java" Intrnl_Id="499">
<LocList>
<Loc EndOffset="4255" SrcFileId="8" StartOffset="4242"/>
</LocList>
</BasicStmnt>
<LoopStmnt CovItemId="S63" CovItemPrefix="csse376_puerto_rico.GameState.java" Intrnl_Id="500" MltplExecId="L3-2" MltplExecPrefix="csse376_puerto_rico.GameState.java" NvrExecId="L3-0" NvrExecPrefix="csse376_puerto_rico.GameState.java" OnceExecutedId="L3-1" OnceExecutedPrefix="csse376_puerto_rico.GameState.java" OptBodyExec="true">
<StmntSeq Intrnl_Id="501">
<LocList>
<Loc EndOffset="4392" SrcFileId="8" StartOffset="4295"/>
<Loc EndOffset="4498" SrcFileId="8" StartOffset="4397"/>
</LocList>
<LoopStmnt CovItemId="S64" CovItemPrefix="csse376_puerto_rico.GameState.java" Intrnl_Id="502" MltplExecId="L4-2" MltplExecPrefix="csse376_puerto_rico.GameState.java" NvrExecId="L4-0" NvrExecPrefix="csse376_puerto_rico.GameState.java" OnceExecutedId="L4-1" OnceExecutedPrefix="csse376_puerto_rico.GameState.java" OptBodyExec="true">
<StmntSeq Intrnl_Id="503">
<LocList>
<Loc EndOffset="4386" SrcFileId="8" StartOffset="4343"/>
</LocList>
<BasicStmnt CovItemId="S65" CovItemPrefix="csse376_puerto_rico.GameState.java" Intrnl_Id="504">
<LocList>
<Loc EndOffset="4386" SrcFileId="8" StartOffset="4343"/>
</LocList>
</BasicStmnt>
</StmntSeq>
<Keyword EndOffset="4298" SrcFileId="8" StartOffset="4295"/>
<LocList>
<Loc EndOffset="4392" SrcFileId="8" StartOffset="4295"/>
</LocList>
</LoopStmnt>
<LoopStmnt CovItemId="S66" CovItemPrefix="csse376_puerto_rico.GameState.java" Intrnl_Id="505" MltplExecId="L5-2" MltplExecPrefix="csse376_puerto_rico.GameState.java" NvrExecId="L5-0" NvrExecPrefix="csse376_puerto_rico.GameState.java" OnceExecutedId="L5-1" OnceExecutedPrefix="csse376_puerto_rico.GameState.java" OptBodyExec="true">
<StmntSeq Intrnl_Id="506">
<LocList>
<Loc EndOffset="4492" SrcFileId="8" StartOffset="4449"/>
</LocList>
<CondStmnt CovItemId="S67" CovItemPrefix="csse376_puerto_rico.GameState.java" Intrnl_Id="507">
<Branch CovItemId="B11" CovItemPrefix="csse376_puerto_rico.GameState.java" Implct="false" Intrnl_Id="508">
<Cond/>
<LocList>
<Loc EndOffset="4492" SrcFileId="8" StartOffset="4467"/>
</LocList>
<StmntSeq Intrnl_Id="509">
<LocList>
<Loc EndOffset="4485" SrcFileId="8" StartOffset="4475"/>
</LocList>
<BasicStmnt CovItemId="S68" CovItemPrefix="csse376_puerto_rico.GameState.java" Intrnl_Id="510">
<LocList>
<Loc EndOffset="4485" SrcFileId="8" StartOffset="4475"/>
</LocList>
</BasicStmnt>
</StmntSeq>
</Branch>
<Branch CovItemId="B12" CovItemPrefix="csse376_puerto_rico.GameState.java" Implct="true" Intrnl_Id="511">
<Cond/>
<LocList/>
<StmntSeq Intrnl_Id="512">
<LocList/>
</StmntSeq>
</Branch>
<Keyword EndOffset="4451" SrcFileId="8" StartOffset="4449"/>
<LocList>
<Loc EndOffset="4492" SrcFileId="8" StartOffset="4449"/>
</LocList>
<RootTerm CovItemId="C7" CovItemPrefix="csse376_puerto_rico.GameState.java" Intrnl_Id="513">
<OpTerm BooleanOpId="12" Intrnl_Id="514">
<BasicBoolTerm Intrnl_Id="515">
<LocList>
<Loc EndOffset="4465" SrcFileId="8" StartOffset="4454"/>
</LocList>
</BasicBoolTerm>
<LocList>
<Loc EndOffset="4454" SrcFileId="8" StartOffset="4453"/>
</LocList>
</OpTerm>
</RootTerm>
</CondStmnt>
</StmntSeq>
<Keyword EndOffset="4400" SrcFileId="8" StartOffset="4397"/>
<LocList>
<Loc EndOffset="4498" SrcFileId="8" StartOffset="4397"/>
</LocList>
</LoopStmnt>
</StmntSeq>
<Keyword EndOffset="4262" SrcFileId="8" StartOffset="4259"/>
<LocList>
<Loc EndOffset="4503" SrcFileId="8" StartOffset="4259"/>
</LocList>
</LoopStmnt>
<CondStmnt CovItemId="S69" CovItemPrefix="csse376_puerto_rico.GameState.java" Intrnl_Id="516">
<Branch CovItemId="B13" CovItemPrefix="csse376_puerto_rico.GameState.java" Implct="false" Intrnl_Id="517">
<Cond/>
<LocList>
<Loc EndOffset="4575" SrcFileId="8" StartOffset="4532"/>
</LocList>
<StmntSeq Intrnl_Id="518">
<LocList>
<Loc EndOffset="4570" SrcFileId="8" StartOffset="4538"/>
</LocList>
<BasicStmnt CovItemId="S70" CovItemPrefix="csse376_puerto_rico.GameState.java" Intrnl_Id="519">
<LocList>
<Loc EndOffset="4570" SrcFileId="8" StartOffset="4538"/>
</LocList>
</BasicStmnt>
</StmntSeq>
</Branch>
<Branch CovItemId="B14" CovItemPrefix="csse376_puerto_rico.GameState.java" Implct="false" Intrnl_Id="520">
<Cond>
<Loc EndOffset="4580" SrcFileId="8" StartOffset="4576"/>
</Cond>
<LocList>
<Loc EndOffset="4616" SrcFileId="8" StartOffset="4581"/>
</LocList>
<StmntSeq Intrnl_Id="521">
<LocList>
<Loc EndOffset="4611" SrcFileId="8" StartOffset="4587"/>
</LocList>
<BasicStmnt CovItemId="S71" CovItemPrefix="csse376_puerto_rico.GameState.java" Intrnl_Id="522">
<LocList>
<Loc EndOffset="4611" SrcFileId="8" StartOffset="4587"/>
</LocList>
</BasicStmnt>
</StmntSeq>
</Branch>
<Keyword EndOffset="4509" SrcFileId="8" StartOffset="4507"/>
<LocList>
<Loc EndOffset="4616" SrcFileId="8" StartOffset="4507"/>
</LocList>
<RootTerm CovItemId="C8" CovItemPrefix="csse376_puerto_rico.GameState.java" Intrnl_Id="523">
<BasicBoolTerm Intrnl_Id="524">
<LocList>
<Loc EndOffset="4530" SrcFileId="8" StartOffset="4511"/>
</LocList>
</BasicBoolTerm>
</RootTerm>
</CondStmnt>
</StmntSeq>
</HierarchyLvl>
<HierarchyLvl HierarchyLvlId="5471" HierarchyLvlTypeId="17" Intrnl_Id="525" Name="addGoodToCargoShip">
<Header>
<Loc EndOffset="4884" SrcFileId="8" StartOffset="4816"/>
</Header>
<LocList>
<Loc EndOffset="5551" SrcFileId="8" StartOffset="4816"/>
</LocList>
<StmntSeq Intrnl_Id="526">
<LocList>
<Loc EndOffset="4907" SrcFileId="8" StartOffset="4890"/>
<Loc EndOffset="5527" SrcFileId="8" StartOffset="4911"/>
<Loc EndOffset="5547" SrcFileId="8" StartOffset="5531"/>
</LocList>
<BasicStmnt CovItemId="S72" CovItemPrefix="csse376_puerto_rico.GameState.java" Intrnl_Id="527">
<LocList>
<Loc EndOffset="4907" SrcFileId="8" StartOffset="4890"/>
</LocList>
</BasicStmnt>
<CondStmnt CovItemId="S73" CovItemPrefix="csse376_puerto_rico.GameState.java" Intrnl_Id="528">
<Branch CovItemId="B15" CovItemPrefix="csse376_puerto_rico.GameState.java" Implct="false" Intrnl_Id="529">
<Cond>
<Loc EndOffset="4939" SrcFileId="8" StartOffset="4933"/>
</Cond>
<LocList>
<Loc EndOffset="5119" SrcFileId="8" StartOffset="4945"/>
</LocList>
<StmntSeq Intrnl_Id="530">
<LocList>
<Loc EndOffset="5108" SrcFileId="8" StartOffset="4945"/>
<Loc EndOffset="5119" SrcFileId="8" StartOffset="5113"/>
</LocList>
<CondStmnt CovItemId="S74" CovItemPrefix="csse376_puerto_rico.GameState.java" Intrnl_Id="531">
<Branch CovItemId="B16" CovItemPrefix="csse376_puerto_rico.GameState.java" Implct="false" Intrnl_Id="532">
<Cond/>
<LocList>
<Loc EndOffset="5072" SrcFileId="8" StartOffset="5023"/>
</LocList>
<StmntSeq Intrnl_Id="533">
<LocList>
<Loc EndOffset="5066" SrcFileId="8" StartOffset="5030"/>
</LocList>
<BasicStmnt CovItemId="S75" CovItemPrefix="csse376_puerto_rico.GameState.java" Intrnl_Id="534">
<LocList>
<Loc EndOffset="5066" SrcFileId="8" StartOffset="5030"/>
</LocList>
</BasicStmnt>
</StmntSeq>
</Branch>
<Branch CovItemId="B17" CovItemPrefix="csse376_puerto_rico.GameState.java" Implct="false" Intrnl_Id="535">
<Cond>
<Loc EndOffset="5077" SrcFileId="8" StartOffset="5073"/>
</Cond>
<LocList>
<Loc EndOffset="5108" SrcFileId="8" StartOffset="5078"/>
</LocList>
<StmntSeq Intrnl_Id="536">
<LocList>
<Loc EndOffset="5102" SrcFileId="8" StartOffset="5085"/>
</LocList>
<BasicStmnt CovItemId="S76" CovItemPrefix="csse376_puerto_rico.GameState.java" Intrnl_Id="537">
<LocList>
<Loc EndOffset="5102" SrcFileId="8" StartOffset="5085"/>
</LocList>
</BasicStmnt>
</StmntSeq>
</Branch>
<Keyword EndOffset="4947" SrcFileId="8" StartOffset="4945"/>
<LocList>
<Loc EndOffset="5108" SrcFileId="8" StartOffset="4945"/>
</LocList>
<RootTerm CovItemId="C9" CovItemPrefix="csse376_puerto_rico.GameState.java" Intrnl_Id="538">
<OpTerm BooleanOpId="14" Intrnl_Id="539">
<BasicBoolTerm Intrnl_Id="540">
<LocList>
<Loc EndOffset="4964" SrcFileId="8" StartOffset="4949"/>
</LocList>
</BasicBoolTerm>
<OpTerm BooleanOpId="13" Intrnl_Id="541">
<BasicBoolTerm Intrnl_Id="542">
<LocList>
<Loc EndOffset="4989" SrcFileId="8" StartOffset="4975"/>
</LocList>
</BasicBoolTerm>
<BasicBoolTerm Intrnl_Id="543">
<LocList>
<Loc EndOffset="5020" SrcFileId="8" StartOffset="4993"/>
</LocList>
</BasicBoolTerm>
<LocList>
<Loc EndOffset="4992" SrcFileId="8" StartOffset="4990"/>
</LocList>
</OpTerm>
<LocList>
<Loc EndOffset="4973" SrcFileId="8" StartOffset="4971"/>
</LocList>
</OpTerm>
</RootTerm>
</CondStmnt>
<BasicStmnt CovItemId="S77" CovItemPrefix="csse376_puerto_rico.GameState.java" Intrnl_Id="544">
<LocList>
<Loc EndOffset="5119" SrcFileId="8" StartOffset="5113"/>
</LocList>
</BasicStmnt>
</StmntSeq>
</Branch>
<Branch CovItemId="B18" CovItemPrefix="csse376_puerto_rico.GameState.java" Implct="false" Intrnl_Id="545">
<Cond>
<Loc EndOffset="5129" SrcFileId="8" StartOffset="5123"/>
</Cond>
<LocList>
<Loc EndOffset="5309" SrcFileId="8" StartOffset="5135"/>
</LocList>
<StmntSeq Intrnl_Id="546">
<LocList>
<Loc EndOffset="5298" SrcFileId="8" StartOffset="5135"/>
<Loc EndOffset="5309" SrcFileId="8" StartOffset="5303"/>
</LocList>
<CondStmnt CovItemId="S78" CovItemPrefix="csse376_puerto_rico.GameState.java" Intrnl_Id="547">
<Branch CovItemId="B19" CovItemPrefix="csse376_puerto_rico.GameState.java" Implct="false" Intrnl_Id="548">
<Cond/>
<LocList>
<Loc EndOffset="5262" SrcFileId="8" StartOffset="5213"/>
</LocList>
<StmntSeq Intrnl_Id="549">
<LocList>
<Loc EndOffset="5256" SrcFileId="8" StartOffset="5220"/>
</LocList>
<BasicStmnt CovItemId="S79" CovItemPrefix="csse376_puerto_rico.GameState.java" Intrnl_Id="550">
<LocList>
<Loc EndOffset="5256" SrcFileId="8" StartOffset="5220"/>
</LocList>
</BasicStmnt>
</StmntSeq>
</Branch>
<Branch CovItemId="B20" CovItemPrefix="csse376_puerto_rico.GameState.java" Implct="false" Intrnl_Id="551">
<Cond>
<Loc EndOffset="5267" SrcFileId="8" StartOffset="5263"/>
</Cond>
<LocList>
<Loc EndOffset="5298" SrcFileId="8" StartOffset="5268"/>
</LocList>
<StmntSeq Intrnl_Id="552">
<LocList>
<Loc EndOffset="5292" SrcFileId="8" StartOffset="5275"/>
</LocList>
<BasicStmnt CovItemId="S80" CovItemPrefix="csse376_puerto_rico.GameState.java" Intrnl_Id="553">
<LocList>
<Loc EndOffset="5292" SrcFileId="8" StartOffset="5275"/>
</LocList>
</BasicStmnt>
</StmntSeq>
</Branch>
<Keyword EndOffset="5137" SrcFileId="8" StartOffset="5135"/>
<LocList>
<Loc EndOffset="5298" SrcFileId="8" StartOffset="5135"/>
</LocList>
<RootTerm CovItemId="C10" CovItemPrefix="csse376_puerto_rico.GameState.java" Intrnl_Id="554">
<OpTerm BooleanOpId="14" Intrnl_Id="555">
<BasicBoolTerm Intrnl_Id="556">
<LocList>
<Loc EndOffset="5154" SrcFileId="8" StartOffset="5139"/>
</LocList>
</BasicBoolTerm>
<OpTerm BooleanOpId="13" Intrnl_Id="557">
<BasicBoolTerm Intrnl_Id="558">
<LocList>
<Loc EndOffset="5179" SrcFileId="8" StartOffset="5165"/>
</LocList>
</BasicBoolTerm>
<BasicBoolTerm Intrnl_Id="559">
<LocList>
<Loc EndOffset="5210" SrcFileId="8" StartOffset="5183"/>
</LocList>
</BasicBoolTerm>
<LocList>
<Loc EndOffset="5182" SrcFileId="8" StartOffset="5180"/>
</LocList>
</OpTerm>
<LocList>
<Loc EndOffset="5163" SrcFileId="8" StartOffset="5161"/>
</LocList>
</OpTerm>
</RootTerm>
</CondStmnt>
<BasicStmnt CovItemId="S81" CovItemPrefix="csse376_puerto_rico.GameState.java" Intrnl_Id="560">
<LocList>
<Loc EndOffset="5309" SrcFileId="8" StartOffset="5303"/>
</LocList>
</BasicStmnt>
</StmntSeq>
</Branch>
<Branch CovItemId="B21" CovItemPrefix="csse376_puerto_rico.GameState.java" Implct="false" Intrnl_Id="561">
<Cond>
<Loc EndOffset="5319" SrcFileId="8" StartOffset="5313"/>
</Cond>
<LocList>
<Loc EndOffset="5499" SrcFileId="8" StartOffset="5325"/>
</LocList>
<StmntSeq Intrnl_Id="562">
<LocList>
<Loc EndOffset="5488" SrcFileId="8" StartOffset="5325"/>
<Loc EndOffset="5499" SrcFileId="8" StartOffset="5493"/>
</LocList>
<CondStmnt CovItemId="S82" CovItemPrefix="csse376_puerto_rico.GameState.java" Intrnl_Id="563">
<Branch CovItemId="B22" CovItemPrefix="csse376_puerto_rico.GameState.java" Implct="false" Intrnl_Id="564">
<Cond/>
<LocList>
<Loc EndOffset="5452" SrcFileId="8" StartOffset="5403"/>
</LocList>
<StmntSeq Intrnl_Id="565">
<LocList>
<Loc EndOffset="5446" SrcFileId="8" StartOffset="5410"/>
</LocList>
<BasicStmnt CovItemId="S83" CovItemPrefix="csse376_puerto_rico.GameState.java" Intrnl_Id="566">
<LocList>
<Loc EndOffset="5446" SrcFileId="8" StartOffset="5410"/>
</LocList>
</BasicStmnt>
</StmntSeq>
</Branch>
<Branch CovItemId="B23" CovItemPrefix="csse376_puerto_rico.GameState.java" Implct="false" Intrnl_Id="567">
<Cond>
<Loc EndOffset="5457" SrcFileId="8" StartOffset="5453"/>
</Cond>
<LocList>
<Loc EndOffset="5488" SrcFileId="8" StartOffset="5458"/>
</LocList>
<StmntSeq Intrnl_Id="568">
<LocList>
<Loc EndOffset="5482" SrcFileId="8" StartOffset="5465"/>
</LocList>
<BasicStmnt CovItemId="S84" CovItemPrefix="csse376_puerto_rico.GameState.java" Intrnl_Id="569">
<LocList>
<Loc EndOffset="5482" SrcFileId="8" StartOffset="5465"/>
</LocList>
</BasicStmnt>
</StmntSeq>
</Branch>
<Keyword EndOffset="5327" SrcFileId="8" StartOffset="5325"/>
<LocList>
<Loc EndOffset="5488" SrcFileId="8" StartOffset="5325"/>
</LocList>
<RootTerm CovItemId="C11" CovItemPrefix="csse376_puerto_rico.GameState.java" Intrnl_Id="570">
<OpTerm BooleanOpId="14" Intrnl_Id="571">
<BasicBoolTerm Intrnl_Id="572">
<LocList>
<Loc EndOffset="5344" SrcFileId="8" StartOffset="5329"/>
</LocList>
</BasicBoolTerm>
<OpTerm BooleanOpId="13" Intrnl_Id="573">
<BasicBoolTerm Intrnl_Id="574">
<LocList>
<Loc EndOffset="5369" SrcFileId="8" StartOffset="5355"/>
</LocList>
</BasicBoolTerm>
<BasicBoolTerm Intrnl_Id="575">
<LocList>
<Loc EndOffset="5400" SrcFileId="8" StartOffset="5373"/>
</LocList>
</BasicBoolTerm>
<LocList>
<Loc EndOffset="5372" SrcFileId="8" StartOffset="5370"/>
</LocList>
</OpTerm>
<LocList>
<Loc EndOffset="5353" SrcFileId="8" StartOffset="5351"/>
</LocList>
</OpTerm>
</RootTerm>
</CondStmnt>
<BasicStmnt CovItemId="S85" CovItemPrefix="csse376_puerto_rico.GameState.java" Intrnl_Id="576">
<LocList>
<Loc EndOffset="5499" SrcFileId="8" StartOffset="5493"/>
</LocList>
</BasicStmnt>
</StmntSeq>
</Branch>
<Branch CovItemId="B24" CovItemPrefix="csse376_puerto_rico.GameState.java" Implct="false" Intrnl_Id="577">
<Cond>
<Loc EndOffset="5510" SrcFileId="8" StartOffset="5503"/>
</Cond>
<LocList>
<Loc EndOffset="5522" SrcFileId="8" StartOffset="5516"/>
</LocList>
<StmntSeq Intrnl_Id="578">
<LocList>
<Loc EndOffset="5522" SrcFileId="8" StartOffset="5516"/>
</LocList>
<BasicStmnt CovItemId="S86" CovItemPrefix="csse376_puerto_rico.GameState.java" Intrnl_Id="579">
<LocList>
<Loc EndOffset="5522" SrcFileId="8" StartOffset="5516"/>
</LocList>
</BasicStmnt>
</StmntSeq>
</Branch>
<Keyword EndOffset="4917" SrcFileId="8" StartOffset="4911"/>
<LocList>
<Loc EndOffset="5527" SrcFileId="8" StartOffset="4911"/>
</LocList>
</CondStmnt>
<BasicStmnt CovItemId="S87" CovItemPrefix="csse376_puerto_rico.GameState.java" Intrnl_Id="580">
<LocList>
<Loc EndOffset="5547" SrcFileId="8" StartOffset="5531"/>
</LocList>
</BasicStmnt>
</StmntSeq>
</HierarchyLvl>
<HierarchyLvl HierarchyLvlId="5472" HierarchyLvlTypeId="17" Intrnl_Id="581" Name="isGameEndState">
<Header>
<Loc EndOffset="5587" SrcFileId="8" StartOffset="5556"/>
</Header>
<LocList>
<Loc EndOffset="5621" SrcFileId="8" StartOffset="5556"/>
</LocList>
<StmntSeq Intrnl_Id="582">
<LocList>
<Loc EndOffset="5617" SrcFileId="8" StartOffset="5595"/>
</LocList>
<BasicStmnt CovItemId="S88" CovItemPrefix="csse376_puerto_rico.GameState.java" Intrnl_Id="583">
<LocList>
<Loc EndOffset="5617" SrcFileId="8" StartOffset="5595"/>
</LocList>
</BasicStmnt>
</StmntSeq>
</HierarchyLvl>
<HierarchyLvl HierarchyLvlId="5473" HierarchyLvlTypeId="17" Intrnl_Id="584" Name="getWinner">
<Header>
<Loc EndOffset="5651" SrcFileId="8" StartOffset="5626"/>
</Header>
<LocList>
<Loc EndOffset="5815" SrcFileId="8" StartOffset="5626"/>
</LocList>
<StmntSeq Intrnl_Id="585">
<LocList>
<Loc EndOffset="5690" SrcFileId="8" StartOffset="5657"/>
<Loc EndOffset="5794" SrcFileId="8" StartOffset="5694"/>
<Loc EndOffset="5811" SrcFileId="8" StartOffset="5800"/>
</LocList>
<BasicStmnt CovItemId="S89" CovItemPrefix="csse376_puerto_rico.GameState.java" Intrnl_Id="586">
<LocList>
<Loc EndOffset="5690" SrcFileId="8" StartOffset="5657"/>
</LocList>
</BasicStmnt>
<LoopStmnt CovItemId="S90" CovItemPrefix="csse376_puerto_rico.GameState.java" Intrnl_Id="587" MltplExecId="L6-2" MltplExecPrefix="csse376_puerto_rico.GameState.java" NvrExecId="L6-0" NvrExecPrefix="csse376_puerto_rico.GameState.java" OnceExecutedId="L6-1" OnceExecutedPrefix="csse376_puerto_rico.GameState.java" OptBodyExec="true">
<StmntSeq Intrnl_Id="588">
<LocList>
<Loc EndOffset="5789" SrcFileId="8" StartOffset="5730"/>
</LocList>
<CondStmnt CovItemId="S91" CovItemPrefix="csse376_puerto_rico.GameState.java" Intrnl_Id="589">
<Branch CovItemId="B25" CovItemPrefix="csse376_puerto_rico.GameState.java" Implct="false" Intrnl_Id="590">
<Cond/>
<LocList>
<Loc EndOffset="5789" SrcFileId="8" StartOffset="5768"/>
</LocList>
<StmntSeq Intrnl_Id="591">
<LocList>
<Loc EndOffset="5783" SrcFileId="8" StartOffset="5775"/>
</LocList>
<BasicStmnt CovItemId="S92" CovItemPrefix="csse376_puerto_rico.GameState.java" Intrnl_Id="592">
<LocList>
<Loc EndOffset="5783" SrcFileId="8" StartOffset="5775"/>
</LocList>
</BasicStmnt>
</StmntSeq>
</Branch>
<Branch CovItemId="B26" CovItemPrefix="csse376_puerto_rico.GameState.java" Implct="true" Intrnl_Id="593">
<Cond/>
<LocList/>
<StmntSeq Intrnl_Id="594">
<LocList/>
</StmntSeq>
</Branch>
<Keyword EndOffset="5732" SrcFileId="8" StartOffset="5730"/>
<LocList>
<Loc EndOffset="5789" SrcFileId="8" StartOffset="5730"/>
</LocList>
<RootTerm CovItemId="C12" CovItemPrefix="csse376_puerto_rico.GameState.java" Intrnl_Id="595">
<BasicBoolTerm Intrnl_Id="596">
<LocList>
<Loc EndOffset="5766" SrcFileId="8" StartOffset="5734"/>
</LocList>
</BasicBoolTerm>
</RootTerm>
</CondStmnt>
</StmntSeq>
<Keyword EndOffset="5697" SrcFileId="8" StartOffset="5694"/>
<LocList>
<Loc EndOffset="5794" SrcFileId="8" StartOffset="5694"/>
</LocList>
</LoopStmnt>
<BasicStmnt CovItemId="S93" CovItemPrefix="csse376_puerto_rico.GameState.java" Intrnl_Id="597">
<LocList>
<Loc EndOffset="5811" SrcFileId="8" StartOffset="5800"/>
</LocList>
</BasicStmnt>
</StmntSeq>
</HierarchyLvl>
<HierarchyLvl HierarchyLvlId="5474" HierarchyLvlTypeId="17" Intrnl_Id="598" Name="updateAtEndOfTurn">
<Header>
<Loc EndOffset="5851" SrcFileId="8" StartOffset="5820"/>
</Header>
<LocList>
<Loc EndOffset="6060" SrcFileId="8" StartOffset="5820"/>
</LocList>
<StmntSeq Intrnl_Id="599">
<LocList>
<Loc EndOffset="5879" SrcFileId="8" StartOffset="5857"/>
<Loc EndOffset="5954" SrcFileId="8" StartOffset="5907"/>
<Loc EndOffset="6005" SrcFileId="8" StartOffset="5958"/>
<Loc EndOffset="6056" SrcFileId="8" StartOffset="6009"/>
</LocList>
<BasicStmnt CovItemId="S94" CovItemPrefix="csse376_puerto_rico.GameState.java" Intrnl_Id="600">
<LocList>
<Loc EndOffset="5879" SrcFileId="8" StartOffset="5857"/>
</LocList>
</BasicStmnt>
<CondStmnt CovItemId="S95" CovItemPrefix="csse376_puerto_rico.GameState.java" Intrnl_Id="601">
<Branch CovItemId="B27" CovItemPrefix="csse376_puerto_rico.GameState.java" Implct="false" Intrnl_Id="602">
<Cond/>
<LocList>
<Loc EndOffset="5954" SrcFileId="8" StartOffset="5928"/>
</LocList>
<StmntSeq Intrnl_Id="603">
<LocList>
<Loc EndOffset="5949" SrcFileId="8" StartOffset="5934"/>
</LocList>
<BasicStmnt CovItemId="S96" CovItemPrefix="csse376_puerto_rico.GameState.java" Intrnl_Id="604">
<LocList>
<Loc EndOffset="5949" SrcFileId="8" StartOffset="5934"/>
</LocList>
</BasicStmnt>
</StmntSeq>
</Branch>
<Branch CovItemId="B28" CovItemPrefix="csse376_puerto_rico.GameState.java" Implct="true" Intrnl_Id="605">
<Cond/>
<LocList/>
<StmntSeq Intrnl_Id="606">
<LocList/>
</StmntSeq>
</Branch>
<Keyword EndOffset="5909" SrcFileId="8" StartOffset="5907"/>
<LocList>
<Loc EndOffset="5954" SrcFileId="8" StartOffset="5907"/>
</LocList>
<RootTerm CovItemId="C13" CovItemPrefix="csse376_puerto_rico.GameState.java" Intrnl_Id="607">
<BasicBoolTerm Intrnl_Id="608">
<LocList>
<Loc EndOffset="5926" SrcFileId="8" StartOffset="5911"/>
</LocList>
</BasicBoolTerm>
</RootTerm>
</CondStmnt>
<CondStmnt CovItemId="S97" CovItemPrefix="csse376_puerto_rico.GameState.java" Intrnl_Id="609">
<Branch CovItemId="B29" CovItemPrefix="csse376_puerto_rico.GameState.java" Implct="false" Intrnl_Id="610">
<Cond/>
<LocList>
<Loc EndOffset="6005" SrcFileId="8" StartOffset="5979"/>
</LocList>
<StmntSeq Intrnl_Id="611">
<LocList>
<Loc EndOffset="6000" SrcFileId="8" StartOffset="5985"/>
</LocList>
<BasicStmnt CovItemId="S98" CovItemPrefix="csse376_puerto_rico.GameState.java" Intrnl_Id="612">
<LocList>
<Loc EndOffset="6000" SrcFileId="8" StartOffset="5985"/>
</LocList>
</BasicStmnt>
</StmntSeq>
</Branch>
<Branch CovItemId="B30" CovItemPrefix="csse376_puerto_rico.GameState.java" Implct="true" Intrnl_Id="613">
<Cond/>
<LocList/>
<StmntSeq Intrnl_Id="614">
<LocList/>
</StmntSeq>
</Branch>
<Keyword EndOffset="5960" SrcFileId="8" StartOffset="5958"/>
<LocList>
<Loc EndOffset="6005" SrcFileId="8" StartOffset="5958"/>
</LocList>
<RootTerm CovItemId="C14" CovItemPrefix="csse376_puerto_rico.GameState.java" Intrnl_Id="615">
<BasicBoolTerm Intrnl_Id="616">
<LocList>
<Loc EndOffset="5977" SrcFileId="8" StartOffset="5962"/>
</LocList>
</BasicBoolTerm>
</RootTerm>
</CondStmnt>
<CondStmnt CovItemId="S99" CovItemPrefix="csse376_puerto_rico.GameState.java" Intrnl_Id="617">
<Branch CovItemId="B31" CovItemPrefix="csse376_puerto_rico.GameState.java" Implct="false" Intrnl_Id="618">
<Cond/>
<LocList>
<Loc EndOffset="6056" SrcFileId="8" StartOffset="6030"/>
</LocList>
<StmntSeq Intrnl_Id="619">
<LocList>
<Loc EndOffset="6051" SrcFileId="8" StartOffset="6036"/>
</LocList>
<BasicStmnt CovItemId="S100" CovItemPrefix="csse376_puerto_rico.GameState.java" Intrnl_Id="620">
<LocList>
<Loc EndOffset="6051" SrcFileId="8" StartOffset="6036"/>
</LocList>
</BasicStmnt>
</StmntSeq>
</Branch>
<Branch CovItemId="B32" CovItemPrefix="csse376_puerto_rico.GameState.java" Implct="true" Intrnl_Id="621">
<Cond/>
<LocList/>
<StmntSeq Intrnl_Id="622">
<LocList/>
</StmntSeq>
</Branch>
<Keyword EndOffset="6011" SrcFileId="8" StartOffset="6009"/>
<LocList>
<Loc EndOffset="6056" SrcFileId="8" StartOffset="6009"/>
</LocList>
<RootTerm CovItemId="C15" CovItemPrefix="csse376_puerto_rico.GameState.java" Intrnl_Id="623">
<BasicBoolTerm Intrnl_Id="624">
<LocList>
<Loc EndOffset="6028" SrcFileId="8" StartOffset="6013"/>
</LocList>
</BasicBoolTerm>
</RootTerm>
</CondStmnt>
</StmntSeq>
</HierarchyLvl>
</HierarchyLvl>
<HierarchyLvl HierarchyLvlId="5489" HierarchyLvlTypeId="16" Intrnl_Id="625" Name="GameBoardGUI">
<Header>
<Loc EndOffset="508" SrcFileId="9" StartOffset="483"/>
</Header>
<LocList>
<Loc EndOffset="20362" SrcFileId="9" StartOffset="483"/>
</LocList>
<HierarchyLvl HierarchyLvlId="5476" HierarchyLvlTypeId="17" Intrnl_Id="626" Name="GameBoardGUI">
<Header>
<Loc EndOffset="822" SrcFileId="9" StartOffset="801"/>
</Header>
<LocList>
<Loc EndOffset="1045" SrcFileId="9" StartOffset="801"/>
</LocList>
<StmntSeq Intrnl_Id="627">
<LocList>
<Loc EndOffset="886" SrcFileId="9" StartOffset="856"/>
<Loc EndOffset="927" SrcFileId="9" StartOffset="890"/>
<Loc EndOffset="970" SrcFileId="9" StartOffset="931"/>
<Loc EndOffset="1004" SrcFileId="9" StartOffset="974"/>
<Loc EndOffset="1041" SrcFileId="9" StartOffset="1008"/>
</LocList>
<BasicStmnt CovItemId="S1" CovItemPrefix="csse376_puerto_rico.GameBoardGUI.java" Intrnl_Id="628">
<LocList>
<Loc EndOffset="886" SrcFileId="9" StartOffset="856"/>
</LocList>
</BasicStmnt>
<BasicStmnt CovItemId="S2" CovItemPrefix="csse376_puerto_rico.GameBoardGUI.java" Intrnl_Id="629">
<LocList>
<Loc EndOffset="927" SrcFileId="9" StartOffset="890"/>
</LocList>
</BasicStmnt>
<BasicStmnt CovItemId="S3" CovItemPrefix="csse376_puerto_rico.GameBoardGUI.java" Intrnl_Id="630">
<LocList>
<Loc EndOffset="970" SrcFileId="9" StartOffset="931"/>
</LocList>
</BasicStmnt>
<BasicStmnt CovItemId="S4" CovItemPrefix="csse376_puerto_rico.GameBoardGUI.java" Intrnl_Id="631">
<LocList>
<Loc EndOffset="1004" SrcFileId="9" StartOffset="974"/>
</LocList>
</BasicStmnt>
<BasicStmnt CovItemId="S5" CovItemPrefix="csse376_puerto_rico.GameBoardGUI.java" Intrnl_Id="632">
<LocList>
<Loc EndOffset="1041" SrcFileId="9" StartOffset="1008"/>
</LocList>
</BasicStmnt>
</StmntSeq>
</HierarchyLvl>
<HierarchyLvl HierarchyLvlId="5477" HierarchyLvlTypeId="17" Intrnl_Id="633" Name="GameBoardGUI">
<Header>
<Loc EndOffset="1102" SrcFileId="9" StartOffset="1050"/>
</Header>
<LocList>
<Loc EndOffset="1883" SrcFileId="9" StartOffset="1050"/>
</LocList>
<StmntSeq Intrnl_Id="634">
<LocList>
<Loc EndOffset="1147" SrcFileId="9" StartOffset="1108"/>
<Loc EndOffset="1174" SrcFileId="9" StartOffset="1151"/>
<Loc EndOffset="1217" SrcFileId="9" StartOffset="1178"/>
<Loc EndOffset="1265" SrcFileId="9" StartOffset="1221"/>
<Loc EndOffset="1314" SrcFileId="9" StartOffset="1269"/>
<Loc EndOffset="1360" SrcFileId="9" StartOffset="1318"/>
<Loc EndOffset="1399" SrcFileId="9" StartOffset="1364"/>
<Loc EndOffset="1436" SrcFileId="9" StartOffset="1403"/>
<Loc EndOffset="1460" SrcFileId="9" StartOffset="1440"/>
<Loc EndOffset="1494" SrcFileId="9" StartOffset="1464"/>
<Loc EndOffset="1535" SrcFileId="9" StartOffset="1498"/>
<Loc EndOffset="1561" SrcFileId="9" StartOffset="1543"/>
<Loc EndOffset="1793" SrcFileId="9" StartOffset="1565"/>
<Loc EndOffset="1840" SrcFileId="9" StartOffset="1797"/>
<Loc EndOffset="1879" SrcFileId="9" StartOffset="1848"/>
</LocList>
<BasicStmnt CovItemId="S6" CovItemPrefix="csse376_puerto_rico.GameBoardGUI.java" Intrnl_Id="635">
<LocList>
<Loc EndOffset="1147" SrcFileId="9" StartOffset="1108"/>
</LocList>
</BasicStmnt>
<BasicStmnt CovItemId="S7" CovItemPrefix="csse376_puerto_rico.GameBoardGUI.java" Intrnl_Id="636">
<LocList>
<Loc EndOffset="1174" SrcFileId="9" StartOffset="1151"/>
</LocList>
</BasicStmnt>
<BasicStmnt CovItemId="S8" CovItemPrefix="csse376_puerto_rico.GameBoardGUI.java" Intrnl_Id="637">
<LocList>
<Loc EndOffset="1217" SrcFileId="9" StartOffset="1178"/>
</LocList>
</BasicStmnt>
<BasicStmnt CovItemId="S9" CovItemPrefix="csse376_puerto_rico.GameBoardGUI.java" Intrnl_Id="638">
<LocList>
<Loc EndOffset="1265" SrcFileId="9" StartOffset="1221"/>
</LocList>
</BasicStmnt>
<BasicStmnt CovItemId="S10" CovItemPrefix="csse376_puerto_rico.GameBoardGUI.java" Intrnl_Id="639">
<LocList>
<Loc EndOffset="1314" SrcFileId="9" StartOffset="1269"/>
</LocList>
</BasicStmnt>
<BasicStmnt CovItemId="S11" CovItemPrefix="csse376_puerto_rico.GameBoardGUI.java" Intrnl_Id="640">
<LocList>
<Loc EndOffset="1360" SrcFileId="9" StartOffset="1318"/>
</LocList>
</BasicStmnt>
<BasicStmnt CovItemId="S12" CovItemPrefix="csse376_puerto_rico.GameBoardGUI.java" Intrnl_Id="641">
<LocList>
<Loc EndOffset="1399" SrcFileId="9" StartOffset="1364"/>
</LocList>
</BasicStmnt>
<BasicStmnt CovItemId="S13" CovItemPrefix="csse376_puerto_rico.GameBoardGUI.java" Intrnl_Id="642">
<LocList>
<Loc EndOffset="1436" SrcFileId="9" StartOffset="1403"/>
</LocList>
</BasicStmnt>
<BasicStmnt CovItemId="S14" CovItemPrefix="csse376_puerto_rico.GameBoardGUI.java" Intrnl_Id="643">
<LocList>
<Loc EndOffset="1460" SrcFileId="9" StartOffset="1440"/>
</LocList>
</BasicStmnt>
<BasicStmnt CovItemId="S15" CovItemPrefix="csse376_puerto_rico.GameBoardGUI.java" Intrnl_Id="644">
<LocList>
<Loc EndOffset="1494" SrcFileId="9" StartOffset="1464"/>
</LocList>
</BasicStmnt>
<BasicStmnt CovItemId="S16" CovItemPrefix="csse376_puerto_rico.GameBoardGUI.java" Intrnl_Id="645">
<LocList>
<Loc EndOffset="1535" SrcFileId="9" StartOffset="1498"/>
</LocList>
</BasicStmnt>
<BasicStmnt CovItemId="S17" CovItemPrefix="csse376_puerto_rico.GameBoardGUI.java" Intrnl_Id="646">
<LocList>
<Loc EndOffset="1561" SrcFileId="9" StartOffset="1543"/>
</LocList>
</BasicStmnt>
<LoopStmnt CovItemId="S18" CovItemPrefix="csse376_puerto_rico.GameBoardGUI.java" Intrnl_Id="647" MltplExecId="L1-2" MltplExecPrefix="csse376_puerto_rico.GameBoardGUI.java" NvrExecId="L1-0" NvrExecPrefix="csse376_puerto_rico.GameBoardGUI.java" OnceExecutedId="L1-1" OnceExecutedPrefix="csse376_puerto_rico.GameBoardGUI.java" OptBodyExec="true">
<StmntSeq Intrnl_Id="648">
<LocList>
<Loc EndOffset="1721" SrcFileId="9" StartOffset="1675"/>
<Loc EndOffset="1788" SrcFileId="9" StartOffset="1726"/>
</LocList>
<BasicStmnt CovItemId="S19" CovItemPrefix="csse376_puerto_rico.GameBoardGUI.java" Intrnl_Id="649">
<LocList>
<Loc EndOffset="1721" SrcFileId="9" StartOffset="1675"/>
</LocList>
</BasicStmnt>
<CondStmnt CovItemId="S20" CovItemPrefix="csse376_puerto_rico.GameBoardGUI.java" Intrnl_Id="650">
<Branch CovItemId="B1" CovItemPrefix="csse376_puerto_rico.GameBoardGUI.java" Implct="false" Intrnl_Id="651">
<Cond/>
<LocList>
<Loc EndOffset="1788" SrcFileId="9" StartOffset="1751"/>
</LocList>
<StmntSeq Intrnl_Id="652">
<LocList>
<Loc EndOffset="1782" SrcFileId="9" StartOffset="1758"/>
</LocList>
<BasicStmnt CovItemId="S21" CovItemPrefix="csse376_puerto_rico.GameBoardGUI.java" Intrnl_Id="653">
<LocList>
<Loc EndOffset="1782" SrcFileId="9" StartOffset="1758"/>
</LocList>
</BasicStmnt>
</StmntSeq>
</Branch>
<Branch CovItemId="B2" CovItemPrefix="csse376_puerto_rico.GameBoardGUI.java" Implct="true" Intrnl_Id="654">
<Cond/>
<LocList/>
<StmntSeq Intrnl_Id="655">
<LocList/>
</StmntSeq>
</Branch>
<Keyword EndOffset="1728" SrcFileId="9" StartOffset="1726"/>
<LocList>
<Loc EndOffset="1788" SrcFileId="9" StartOffset="1726"/>
</LocList>
<RootTerm CovItemId="C2" CovItemPrefix="csse376_puerto_rico.GameBoardGUI.java" Intrnl_Id="656">
<BasicBoolTerm Intrnl_Id="657">
<LocList>
<Loc EndOffset="1749" SrcFileId="9" StartOffset="1730"/>
</LocList>
</BasicBoolTerm>
</RootTerm>
</CondStmnt>
</StmntSeq>
<Keyword EndOffset="1568" SrcFileId="9" StartOffset="1565"/>
<LocList>
<Loc EndOffset="1793" SrcFileId="9" StartOffset="1565"/>
</LocList>
<RootTerm CovItemId="C1" CovItemPrefix="csse376_puerto_rico.GameBoardGUI.java" Intrnl_Id="658">
<BasicBoolTerm Intrnl_Id="659">
<LocList>
<Loc EndOffset="1666" SrcFileId="9" StartOffset="1635"/>
</LocList>
</BasicBoolTerm>
</RootTerm>
</LoopStmnt>
<BasicStmnt CovItemId="S22" CovItemPrefix="csse376_puerto_rico.GameBoardGUI.java" Intrnl_Id="660">
<LocList>
<Loc EndOffset="1840" SrcFileId="9" StartOffset="1797"/>
</LocList>
</BasicStmnt>
<BasicStmnt CovItemId="S23" CovItemPrefix="csse376_puerto_rico.GameBoardGUI.java" Intrnl_Id="661">
<LocList>
<Loc EndOffset="1879" SrcFileId="9" StartOffset="1848"/>
</LocList>
</BasicStmnt>
</StmntSeq>
</HierarchyLvl>
<HierarchyLvl HierarchyLvlId="5478" HierarchyLvlTypeId="17" Intrnl_Id="662" Name="displayGameState">
<Header>
<Loc EndOffset="1920" SrcFileId="9" StartOffset="1889"/>
</Header>
<LocList>
<Loc EndOffset="2918" SrcFileId="9" StartOffset="1889"/>
</LocList>
<StmntSeq Intrnl_Id="663">
<LocList>
<Loc EndOffset="1982" SrcFileId="9" StartOffset="1926"/>
<Loc EndOffset="2038" SrcFileId="9" StartOffset="1986"/>
<Loc EndOffset="2098" SrcFileId="9" StartOffset="2042"/>
<Loc EndOffset="2156" SrcFileId="9" StartOffset="2102"/>
<Loc EndOffset="2218" SrcFileId="9" StartOffset="2160"/>
<Loc EndOffset="2275" SrcFileId="9" StartOffset="2222"/>
<Loc EndOffset="2756" SrcFileId="9" StartOffset="2283"/>
<Loc EndOffset="2789" SrcFileId="9" StartOffset="2760"/>
<Loc EndOffset="2818" SrcFileId="9" StartOffset="2793"/>
<Loc EndOffset="2856" SrcFileId="9" StartOffset="2822"/>
<Loc EndOffset="2914" SrcFileId="9" StartOffset="2860"/>
</LocList>
<BasicStmnt CovItemId="S24" CovItemPrefix="csse376_puerto_rico.GameBoardGUI.java" Intrnl_Id="664">
<LocList>
<Loc EndOffset="1982" SrcFileId="9" StartOffset="1926"/>
</LocList>
</BasicStmnt>
<BasicStmnt CovItemId="S25" CovItemPrefix="csse376_puerto_rico.GameBoardGUI.java" Intrnl_Id="665">
<LocList>
<Loc EndOffset="2038" SrcFileId="9" StartOffset="1986"/>
</LocList>
</BasicStmnt>
<BasicStmnt CovItemId="S26" CovItemPrefix="csse376_puerto_rico.GameBoardGUI.java" Intrnl_Id="666">
<LocList>
<Loc EndOffset="2098" SrcFileId="9" StartOffset="2042"/>
</LocList>
</BasicStmnt>
<BasicStmnt CovItemId="S27" CovItemPrefix="csse376_puerto_rico.GameBoardGUI.java" Intrnl_Id="667">
<LocList>
<Loc EndOffset="2156" SrcFileId="9" StartOffset="2102"/>
</LocList>
</BasicStmnt>
<BasicStmnt CovItemId="S28" CovItemPrefix="csse376_puerto_rico.GameBoardGUI.java" Intrnl_Id="668">
<LocList>
<Loc EndOffset="2218" SrcFileId="9" StartOffset="2160"/>
</LocList>
</BasicStmnt>
<BasicStmnt CovItemId="S29" CovItemPrefix="csse376_puerto_rico.GameBoardGUI.java" Intrnl_Id="669">
<LocList>
<Loc EndOffset="2275" SrcFileId="9" StartOffset="2222"/>
</LocList>
</BasicStmnt>
<BasicStmnt CovItemId="S30" CovItemPrefix="csse376_puerto_rico.GameBoardGUI.java" Intrnl_Id="670">
<LocList>
<Loc EndOffset="2756" SrcFileId="9" StartOffset="2283"/>
</LocList>
</BasicStmnt>
<BasicStmnt CovItemId="S31" CovItemPrefix="csse376_puerto_rico.GameBoardGUI.java" Intrnl_Id="671">
<LocList>
<Loc EndOffset="2789" SrcFileId="9" StartOffset="2760"/>
</LocList>
</BasicStmnt>
<BasicStmnt CovItemId="S32" CovItemPrefix="csse376_puerto_rico.GameBoardGUI.java" Intrnl_Id="672">
<LocList>
<Loc EndOffset="2818" SrcFileId="9" StartOffset="2793"/>
</LocList>
</BasicStmnt>
<BasicStmnt CovItemId="S33" CovItemPrefix="csse376_puerto_rico.GameBoardGUI.java" Intrnl_Id="673">
<LocList>
<Loc EndOffset="2856" SrcFileId="9" StartOffset="2822"/>
</LocList>
</BasicStmnt>
<BasicStmnt CovItemId="S34" CovItemPrefix="csse376_puerto_rico.GameBoardGUI.java" Intrnl_Id="674">
<LocList>
<Loc EndOffset="2914" SrcFileId="9" StartOffset="2860"/>
</LocList>
</BasicStmnt>
</StmntSeq>
</HierarchyLvl>
<HierarchyLvl HierarchyLvlId="5479" HierarchyLvlTypeId="17" Intrnl_Id="675" Name="updateGameStateDisplay">
<Header>
<Loc EndOffset="2961" SrcFileId="9" StartOffset="2924"/>
</Header>
<LocList>
<Loc EndOffset="3842" SrcFileId="9" StartOffset="2924"/>
</LocList>
<StmntSeq Intrnl_Id="676">
<LocList>
<Loc EndOffset="3022" SrcFileId="9" StartOffset="2966"/>
<Loc EndOffset="3078" SrcFileId="9" StartOffset="3026"/>
<Loc EndOffset="3138" SrcFileId="9" StartOffset="3082"/>
<Loc EndOffset="3196" SrcFileId="9" StartOffset="3142"/>
<Loc EndOffset="3258" SrcFileId="9" StartOffset="3200"/>
<Loc EndOffset="3315" SrcFileId="9" StartOffset="3262"/>
<Loc EndOffset="3796" SrcFileId="9" StartOffset="3323"/>
<Loc EndOffset="3838" SrcFileId="9" StartOffset="3804"/>
</LocList>
<BasicStmnt CovItemId="S35" CovItemPrefix="csse376_puerto_rico.GameBoardGUI.java" Intrnl_Id="677">
<LocList>
<Loc EndOffset="3022" SrcFileId="9" StartOffset="2966"/>
</LocList>
</BasicStmnt>
<BasicStmnt CovItemId="S36" CovItemPrefix="csse376_puerto_rico.GameBoardGUI.java" Intrnl_Id="678">
<LocList>
<Loc EndOffset="3078" SrcFileId="9" StartOffset="3026"/>
</LocList>
</BasicStmnt>
<BasicStmnt CovItemId="S37" CovItemPrefix="csse376_puerto_rico.GameBoardGUI.java" Intrnl_Id="679">
<LocList>
<Loc EndOffset="3138" SrcFileId="9" StartOffset="3082"/>
</LocList>
</BasicStmnt>
<BasicStmnt CovItemId="S38" CovItemPrefix="csse376_puerto_rico.GameBoardGUI.java" Intrnl_Id="680">
<LocList>
<Loc EndOffset="3196" SrcFileId="9" StartOffset="3142"/>
</LocList>
</BasicStmnt>
<BasicStmnt CovItemId="S39" CovItemPrefix="csse376_puerto_rico.GameBoardGUI.java" Intrnl_Id="681">
<LocList>
<Loc EndOffset="3258" SrcFileId="9" StartOffset="3200"/>
</LocList>
</BasicStmnt>
<BasicStmnt CovItemId="S40" CovItemPrefix="csse376_puerto_rico.GameBoardGUI.java" Intrnl_Id="682">
<LocList>
<Loc EndOffset="3315" SrcFileId="9" StartOffset="3262"/>
</LocList>
</BasicStmnt>
<BasicStmnt CovItemId="S41" CovItemPrefix="csse376_puerto_rico.GameBoardGUI.java" Intrnl_Id="683">
<LocList>
<Loc EndOffset="3796" SrcFileId="9" StartOffset="3323"/>
</LocList>
</BasicStmnt>
<BasicStmnt CovItemId="S42" CovItemPrefix="csse376_puerto_rico.GameBoardGUI.java" Intrnl_Id="684">
<LocList>
<Loc EndOffset="3838" SrcFileId="9" StartOffset="3804"/>
</LocList>
</BasicStmnt>
</StmntSeq>
</HierarchyLvl>
<HierarchyLvl HierarchyLvlId="5480" HierarchyLvlTypeId="17" Intrnl_Id="685" Name="displayMessageBar">
<Header>
<Loc EndOffset="3879" SrcFileId="9" StartOffset="3847"/>
</Header>
<LocList>
<Loc EndOffset="3983" SrcFileId="9" StartOffset="3847"/>
</LocList>
<StmntSeq Intrnl_Id="686">
<LocList>
<Loc EndOffset="3907" SrcFileId="9" StartOffset="3885"/>
<Loc EndOffset="3979" SrcFileId="9" StartOffset="3911"/>
</LocList>
<BasicStmnt CovItemId="S43" CovItemPrefix="csse376_puerto_rico.GameBoardGUI.java" Intrnl_Id="687">
<LocList>
<Loc EndOffset="3907" SrcFileId="9" StartOffset="3885"/>
</LocList>
</BasicStmnt>
<BasicStmnt CovItemId="S44" CovItemPrefix="csse376_puerto_rico.GameBoardGUI.java" Intrnl_Id="688">
<LocList>
<Loc EndOffset="3979" SrcFileId="9" StartOffset="3911"/>
</LocList>
</BasicStmnt>
</StmntSeq>
</HierarchyLvl>
<HierarchyLvl HierarchyLvlId="5481" HierarchyLvlTypeId="17" Intrnl_Id="689" Name="addPlayers">
<Header>
<Loc EndOffset="4039" SrcFileId="9" StartOffset="3988"/>
</Header>
<LocList>
<Loc EndOffset="4699" SrcFileId="9" StartOffset="3988"/>
</LocList>
<StmntSeq Intrnl_Id="690">
<LocList>
<Loc EndOffset="4551" SrcFileId="9" StartOffset="4089"/>
<Loc EndOffset="4600" SrcFileId="9" StartOffset="4555"/>
<Loc EndOffset="4627" SrcFileId="9" StartOffset="4608"/>
<Loc EndOffset="4651" SrcFileId="9" StartOffset="4631"/>
<Loc EndOffset="4669" SrcFileId="9" StartOffset="4655"/>
<Loc EndOffset="4695" SrcFileId="9" StartOffset="4675"/>
</LocList>
<LoopStmnt CovItemId="S45" CovItemPrefix="csse376_puerto_rico.GameBoardGUI.java" Intrnl_Id="691" MltplExecId="L2-2" MltplExecPrefix="csse376_puerto_rico.GameBoardGUI.java" NvrExecId="L2-0" NvrExecPrefix="csse376_puerto_rico.GameBoardGUI.java" OnceExecutedId="L2-1" OnceExecutedPrefix="csse376_puerto_rico.GameBoardGUI.java" OptBodyExec="true">
<StmntSeq Intrnl_Id="692">
<LocList>
<Loc EndOffset="4161" SrcFileId="9" StartOffset="4137"/>
<Loc EndOffset="4211" SrcFileId="9" StartOffset="4166"/>
<Loc EndOffset="4234" SrcFileId="9" StartOffset="4216"/>
<Loc EndOffset="4406" SrcFileId="9" StartOffset="4239"/>
<Loc EndOffset="4427" SrcFileId="9" StartOffset="4411"/>
<Loc EndOffset="4451" SrcFileId="9" StartOffset="4432"/>
<Loc EndOffset="4470" SrcFileId="9" StartOffset="4456"/>
<Loc EndOffset="4495" SrcFileId="9" StartOffset="4475"/>
<Loc EndOffset="4544" SrcFileId="9" StartOffset="4500"/>
</LocList>
<BasicStmnt CovItemId="S46" CovItemPrefix="csse376_puerto_rico.GameBoardGUI.java" Intrnl_Id="693">
<LocList>
<Loc EndOffset="4161" SrcFileId="9" StartOffset="4137"/>
</LocList>
</BasicStmnt>
<CondStmnt CovItemId="S47" CovItemPrefix="csse376_puerto_rico.GameBoardGUI.java" Intrnl_Id="694">
<Branch CovItemId="B3" CovItemPrefix="csse376_puerto_rico.GameBoardGUI.java" Implct="false" Intrnl_Id="695">
<Cond/>
<LocList>
<Loc EndOffset="4211" SrcFileId="9" StartOffset="4178"/>
</LocList>
<StmntSeq Intrnl_Id="696">
<LocList>
<Loc EndOffset="4205" SrcFileId="9" StartOffset="4185"/>
</LocList>
<BasicStmnt CovItemId="S48" CovItemPrefix="csse376_puerto_rico.GameBoardGUI.java" Intrnl_Id="697">
<LocList>
<Loc EndOffset="4205" SrcFileId="9" StartOffset="4185"/>
</LocList>
</BasicStmnt>
</StmntSeq>
</Branch>
<Branch CovItemId="B4" CovItemPrefix="csse376_puerto_rico.GameBoardGUI.java" Implct="true" Intrnl_Id="698">
<Cond/>
<LocList/>
<StmntSeq Intrnl_Id="699">
<LocList/>
</StmntSeq>
</Branch>
<Keyword EndOffset="4168" SrcFileId="9" StartOffset="4166"/>
<LocList>
<Loc EndOffset="4211" SrcFileId="9" StartOffset="4166"/>
</LocList>
<RootTerm CovItemId="C4" CovItemPrefix="csse376_puerto_rico.GameBoardGUI.java" Intrnl_Id="700">
<BasicBoolTerm Intrnl_Id="701">
<LocList>
<Loc EndOffset="4176" SrcFileId="9" StartOffset="4170"/>
</LocList>
</BasicBoolTerm>
</RootTerm>
</CondStmnt>
<BasicStmnt CovItemId="S49" CovItemPrefix="csse376_puerto_rico.GameBoardGUI.java" Intrnl_Id="702">
<LocList>
<Loc EndOffset="4234" SrcFileId="9" StartOffset="4216"/>
</LocList>
</BasicStmnt>
<BasicStmnt CovItemId="S50" CovItemPrefix="csse376_puerto_rico.GameBoardGUI.java" Intrnl_Id="703">
<LocList>
<Loc EndOffset="4406" SrcFileId="9" StartOffset="4239"/>
</LocList>
</BasicStmnt>
<BasicStmnt CovItemId="S51" CovItemPrefix="csse376_puerto_rico.GameBoardGUI.java" Intrnl_Id="704">
<LocList>
<Loc EndOffset="4427" SrcFileId="9" StartOffset="4411"/>
</LocList>
</BasicStmnt>
<BasicStmnt CovItemId="S52" CovItemPrefix="csse376_puerto_rico.GameBoardGUI.java" Intrnl_Id="705">
<LocList>
<Loc EndOffset="4451" SrcFileId="9" StartOffset="4432"/>
</LocList>
</BasicStmnt>
<BasicStmnt CovItemId="S53" CovItemPrefix="csse376_puerto_rico.GameBoardGUI.java" Intrnl_Id="706">
<LocList>
<Loc EndOffset="4470" SrcFileId="9" StartOffset="4456"/>
</LocList>
</BasicStmnt>
<BasicStmnt CovItemId="S54" CovItemPrefix="csse376_puerto_rico.GameBoardGUI.java" Intrnl_Id="707">
<LocList>
<Loc EndOffset="4495" SrcFileId="9" StartOffset="4475"/>
</LocList>
</BasicStmnt>
<BasicStmnt CovItemId="S55" CovItemPrefix="csse376_puerto_rico.GameBoardGUI.java" Intrnl_Id="708">
<LocList>
<Loc EndOffset="4544" SrcFileId="9" StartOffset="4500"/>
</LocList>
</BasicStmnt>
</StmntSeq>
<Keyword EndOffset="4092" SrcFileId="9" StartOffset="4089"/>
<LocList>
<Loc EndOffset="4551" SrcFileId="9" StartOffset="4089"/>
</LocList>
<RootTerm CovItemId="C3" CovItemPrefix="csse376_puerto_rico.GameBoardGUI.java" Intrnl_Id="709">
<BasicBoolTerm Intrnl_Id="710">
<LocList>
<Loc EndOffset="4124" SrcFileId="9" StartOffset="4105"/>
</LocList>
</BasicBoolTerm>
</RootTerm>
</LoopStmnt>
<BasicStmnt CovItemId="S56" CovItemPrefix="csse376_puerto_rico.GameBoardGUI.java" Intrnl_Id="711">
<LocList>
<Loc EndOffset="4600" SrcFileId="9" StartOffset="4555"/>
</LocList>
</BasicStmnt>
<BasicStmnt CovItemId="S57" CovItemPrefix="csse376_puerto_rico.GameBoardGUI.java" Intrnl_Id="712">
<LocList>
<Loc EndOffset="4627" SrcFileId="9" StartOffset="4608"/>
</LocList>
</BasicStmnt>
<BasicStmnt CovItemId="S58" CovItemPrefix="csse376_puerto_rico.GameBoardGUI.java" Intrnl_Id="713">
<LocList>
<Loc EndOffset="4651" SrcFileId="9" StartOffset="4631"/>
</LocList>
</BasicStmnt>
<BasicStmnt CovItemId="S59" CovItemPrefix="csse376_puerto_rico.GameBoardGUI.java" Intrnl_Id="714">
<LocList>
<Loc EndOffset="4669" SrcFileId="9" StartOffset="4655"/>
</LocList>
</BasicStmnt>
<BasicStmnt CovItemId="S60" CovItemPrefix="csse376_puerto_rico.GameBoardGUI.java" Intrnl_Id="715">
<LocList>
<Loc EndOffset="4695" SrcFileId="9" StartOffset="4675"/>
</LocList>
</BasicStmnt>
</StmntSeq>
</HierarchyLvl>
<HierarchyLvl HierarchyLvlId="5482" HierarchyLvlTypeId="17" Intrnl_Id="716" Name="getPlayers">
<Header>
<Loc EndOffset="4736" SrcFileId="9" StartOffset="4704"/>
</Header>
<LocList>
<Loc EndOffset="4766" SrcFileId="9" StartOffset="4704"/>
</LocList>
<StmntSeq Intrnl_Id="717">
<LocList>
<Loc EndOffset="4762" SrcFileId="9" StartOffset="4742"/>
</LocList>
<BasicStmnt CovItemId="S61" CovItemPrefix="csse376_puerto_rico.GameBoardGUI.java" Intrnl_Id="718">
<LocList>
<Loc EndOffset="4762" SrcFileId="9" StartOffset="4742"/>
</LocList>
</BasicStmnt>
</StmntSeq>
</HierarchyLvl>
<HierarchyLvl HierarchyLvlId="5483" HierarchyLvlTypeId="17" Intrnl_Id="719" Name="getTurnCount">
<Header>
<Loc EndOffset="4803" SrcFileId="9" StartOffset="4771"/>
</Header>
<LocList>
<Loc EndOffset="4830" SrcFileId="9" StartOffset="4771"/>
</LocList>
<StmntSeq Intrnl_Id="720">
<LocList>
<Loc EndOffset="4826" SrcFileId="9" StartOffset="4809"/>
</LocList>
<BasicStmnt CovItemId="S62" CovItemPrefix="csse376_puerto_rico.GameBoardGUI.java" Intrnl_Id="721">
<LocList>
<Loc EndOffset="4826" SrcFileId="9" StartOffset="4809"/>
</LocList>
</BasicStmnt>
</StmntSeq>
</HierarchyLvl>
<HierarchyLvl HierarchyLvlId="5484" HierarchyLvlTypeId="17" Intrnl_Id="722" Name="getPlayerText">
<Header>
<Loc EndOffset="5005" SrcFileId="9" StartOffset="4856"/>
</Header>
<LocList>
<Loc EndOffset="5443" SrcFileId="9" StartOffset="4856"/>
</LocList>
<StmntSeq Intrnl_Id="723">
<LocList>
<Loc EndOffset="5029" SrcFileId="9" StartOffset="5011"/>
<Loc EndOffset="5424" SrcFileId="9" StartOffset="5033"/>
<Loc EndOffset="5439" SrcFileId="9" StartOffset="5428"/>
</LocList>
<BasicStmnt CovItemId="S63" CovItemPrefix="csse376_puerto_rico.GameBoardGUI.java" Intrnl_Id="724">
<LocList>
<Loc EndOffset="5029" SrcFileId="9" StartOffset="5011"/>
</LocList>
</BasicStmnt>
<CondStmnt CovItemId="S64" CovItemPrefix="csse376_puerto_rico.GameBoardGUI.java" Intrnl_Id="725">
<Branch CovItemId="B5" CovItemPrefix="csse376_puerto_rico.GameBoardGUI.java" Implct="false" Intrnl_Id="726">
<Cond/>
<LocList>
<Loc EndOffset="5239" SrcFileId="9" StartOffset="5049"/>
</LocList>
<StmntSeq Intrnl_Id="727">
<LocList>
<Loc EndOffset="5232" SrcFileId="9" StartOffset="5055"/>
</LocList>
<BasicStmnt CovItemId="S65" CovItemPrefix="csse376_puerto_rico.GameBoardGUI.java" Intrnl_Id="728">
<LocList>
<Loc EndOffset="5232" SrcFileId="9" StartOffset="5055"/>
</LocList>
</BasicStmnt>
</StmntSeq>
</Branch>
<Branch CovItemId="B6" CovItemPrefix="csse376_puerto_rico.GameBoardGUI.java" Implct="false" Intrnl_Id="729">
<Cond>
<Loc EndOffset="5244" SrcFileId="9" StartOffset="5240"/>
</Cond>
<LocList>
<Loc EndOffset="5424" SrcFileId="9" StartOffset="5245"/>
</LocList>
<StmntSeq Intrnl_Id="730">
<LocList>
<Loc EndOffset="5417" SrcFileId="9" StartOffset="5251"/>
</LocList>
<BasicStmnt CovItemId="S66" CovItemPrefix="csse376_puerto_rico.GameBoardGUI.java" Intrnl_Id="731">
<LocList>
<Loc EndOffset="5417" SrcFileId="9" StartOffset="5251"/>
</LocList>
</BasicStmnt>
</StmntSeq>
</Branch>
<Keyword EndOffset="5035" SrcFileId="9" StartOffset="5033"/>
<LocList>
<Loc EndOffset="5424" SrcFileId="9" StartOffset="5033"/>
</LocList>
<RootTerm CovItemId="C5" CovItemPrefix="csse376_puerto_rico.GameBoardGUI.java" Intrnl_Id="732">
<BasicBoolTerm Intrnl_Id="733">
<LocList>
<Loc EndOffset="5047" SrcFileId="9" StartOffset="5037"/>
</LocList>
</BasicBoolTerm>
</RootTerm>
</CondStmnt>
<BasicStmnt CovItemId="S67" CovItemPrefix="csse376_puerto_rico.GameBoardGUI.java" Intrnl_Id="734">
<LocList>
<Loc EndOffset="5439" SrcFileId="9" StartOffset="5428"/>
</LocList>
</BasicStmnt>
</StmntSeq>
</HierarchyLvl>
<HierarchyLvl HierarchyLvlId="5485" HierarchyLvlTypeId="17" Intrnl_Id="735" Name="updateRoles">
<Header>
<Loc EndOffset="5473" SrcFileId="9" StartOffset="5448"/>
</Header>
<LocList>
<Loc EndOffset="6794" SrcFileId="9" StartOffset="5448"/>
</LocList>
<StmntSeq Intrnl_Id="736">
<LocList>
<Loc EndOffset="5528" SrcFileId="9" StartOffset="5481"/>
<Loc EndOffset="6699" SrcFileId="9" StartOffset="5532"/>
<Loc EndOffset="6788" SrcFileId="9" StartOffset="6703"/>
</LocList>
<BasicStmnt CovItemId="S68" CovItemPrefix="csse376_puerto_rico.GameBoardGUI.java" Intrnl_Id="737">
<LocList>
<Loc EndOffset="5528" SrcFileId="9" StartOffset="5481"/>
</LocList>
</BasicStmnt>
<LoopStmnt CovItemId="S69" CovItemPrefix="csse376_puerto_rico.GameBoardGUI.java" Intrnl_Id="738" MltplExecId="L3-2" MltplExecPrefix="csse376_puerto_rico.GameBoardGUI.java" NvrExecId="L3-0" NvrExecPrefix="csse376_puerto_rico.GameBoardGUI.java" OnceExecutedId="L3-1" OnceExecutedPrefix="csse376_puerto_rico.GameBoardGUI.java" OptBodyExec="true">
<StmntSeq Intrnl_Id="739">
<LocList>
<Loc EndOffset="5600" SrcFileId="9" StartOffset="5562"/>
<Loc EndOffset="6692" SrcFileId="9" StartOffset="5605"/>
</LocList>
<BasicStmnt CovItemId="S70" CovItemPrefix="csse376_puerto_rico.GameBoardGUI.java" Intrnl_Id="740">
<LocList>
<Loc EndOffset="5600" SrcFileId="9" StartOffset="5562"/>
</LocList>
</BasicStmnt>
<LoopStmnt CovItemId="S71" CovItemPrefix="csse376_puerto_rico.GameBoardGUI.java" Intrnl_Id="741" MltplExecId="L4-2" MltplExecPrefix="csse376_puerto_rico.GameBoardGUI.java" NvrExecId="L4-0" NvrExecPrefix="csse376_puerto_rico.GameBoardGUI.java" OnceExecutedId="L4-1" OnceExecutedPrefix="csse376_puerto_rico.GameBoardGUI.java" OptBodyExec="true">
<StmntSeq Intrnl_Id="742">
<LocList>
<Loc EndOffset="5694" SrcFileId="9" StartOffset="5658"/>
<Loc EndOffset="6018" SrcFileId="9" StartOffset="5793"/>
<Loc EndOffset="6163" SrcFileId="9" StartOffset="6129"/>
<Loc EndOffset="6288" SrcFileId="9" StartOffset="6241"/>
<Loc EndOffset="6316" SrcFileId="9" StartOffset="6294"/>
<Loc EndOffset="6345" SrcFileId="9" StartOffset="6324"/>
<Loc EndOffset="6379" SrcFileId="9" StartOffset="6353"/>
<Loc EndOffset="6399" SrcFileId="9" StartOffset="6387"/>
<Loc EndOffset="6461" SrcFileId="9" StartOffset="6426"/>
<Loc EndOffset="6543" SrcFileId="9" StartOffset="6499"/>
<Loc EndOffset="6655" SrcFileId="9" StartOffset="6549"/>
<Loc EndOffset="6686" SrcFileId="9" StartOffset="6661"/>
</LocList>
<BasicStmnt CovItemId="S72" CovItemPrefix="csse376_puerto_rico.GameBoardGUI.java" Intrnl_Id="743">
<LocList>
<Loc EndOffset="5694" SrcFileId="9" StartOffset="5658"/>
</LocList>
</BasicStmnt>
<BasicStmnt CovItemId="S73" CovItemPrefix="csse376_puerto_rico.GameBoardGUI.java" Intrnl_Id="744">
<LocList>
<Loc EndOffset="6018" SrcFileId="9" StartOffset="5793"/>
</LocList>
</BasicStmnt>
<BasicStmnt CovItemId="S74" CovItemPrefix="csse376_puerto_rico.GameBoardGUI.java" Intrnl_Id="745">
<LocList>
<Loc EndOffset="6163" SrcFileId="9" StartOffset="6129"/>
</LocList>
</BasicStmnt>
<BasicStmnt CovItemId="S75" CovItemPrefix="csse376_puerto_rico.GameBoardGUI.java" Intrnl_Id="746">
<LocList>
<Loc EndOffset="6288" SrcFileId="9" StartOffset="6241"/>
</LocList>
</BasicStmnt>
<BasicStmnt CovItemId="S76" CovItemPrefix="csse376_puerto_rico.GameBoardGUI.java" Intrnl_Id="747">
<LocList>
<Loc EndOffset="6316" SrcFileId="9" StartOffset="6294"/>
</LocList>
</BasicStmnt>
<BasicStmnt CovItemId="S77" CovItemPrefix="csse376_puerto_rico.GameBoardGUI.java" Intrnl_Id="748">
<LocList>
<Loc EndOffset="6345" SrcFileId="9" StartOffset="6324"/>
</LocList>
</BasicStmnt>
<BasicStmnt CovItemId="S78" CovItemPrefix="csse376_puerto_rico.GameBoardGUI.java" Intrnl_Id="749">
<LocList>
<Loc EndOffset="6379" SrcFileId="9" StartOffset="6353"/>
</LocList>
</BasicStmnt>
<BasicStmnt CovItemId="S79" CovItemPrefix="csse376_puerto_rico.GameBoardGUI.java" Intrnl_Id="750">
<LocList>
<Loc EndOffset="6399" SrcFileId="9" StartOffset="6387"/>
</LocList>
</BasicStmnt>
<BasicStmnt CovItemId="S80" CovItemPrefix="csse376_puerto_rico.GameBoardGUI.java" Intrnl_Id="751">
<LocList>
<Loc EndOffset="6461" SrcFileId="9" StartOffset="6426"/>
</LocList>
</BasicStmnt>
<BasicStmnt CovItemId="S81" CovItemPrefix="csse376_puerto_rico.GameBoardGUI.java" Intrnl_Id="752">
<LocList>
<Loc EndOffset="6543" SrcFileId="9" StartOffset="6499"/>
</LocList>
</BasicStmnt>
<LoopStmnt CovItemId="S82" CovItemPrefix="csse376_puerto_rico.GameBoardGUI.java" Intrnl_Id="753" MltplExecId="L5-2" MltplExecPrefix="csse376_puerto_rico.GameBoardGUI.java" NvrExecId="L5-0" NvrExecPrefix="csse376_puerto_rico.GameBoardGUI.java" OnceExecutedId="L5-1" OnceExecutedPrefix="csse376_puerto_rico.GameBoardGUI.java" OptBodyExec="true">
<StmntSeq Intrnl_Id="754">
<LocList>
<Loc EndOffset="6648" SrcFileId="9" StartOffset="6598"/>
</LocList>
<CondStmnt CovItemId="S83" CovItemPrefix="csse376_puerto_rico.GameBoardGUI.java" Intrnl_Id="755">
<Branch CovItemId="B7" CovItemPrefix="csse376_puerto_rico.GameBoardGUI.java" Implct="false" Intrnl_Id="756">
<Cond/>
<LocList>
<Loc EndOffset="6648" SrcFileId="9" StartOffset="6610"/>
</LocList>
<StmntSeq Intrnl_Id="757">
<LocList>
<Loc EndOffset="6640" SrcFileId="9" StartOffset="6619"/>
</LocList>
<BasicStmnt CovItemId="S84" CovItemPrefix="csse376_puerto_rico.GameBoardGUI.java" Intrnl_Id="758">
<LocList>
<Loc EndOffset="6640" SrcFileId="9" StartOffset="6619"/>
</LocList>
</BasicStmnt>
</StmntSeq>
</Branch>
<Branch CovItemId="B8" CovItemPrefix="csse376_puerto_rico.GameBoardGUI.java" Implct="true" Intrnl_Id="759">
<Cond/>
<LocList/>
<StmntSeq Intrnl_Id="760">
<LocList/>
</StmntSeq>
</Branch>
<Keyword EndOffset="6600" SrcFileId="9" StartOffset="6598"/>
<LocList>
<Loc EndOffset="6648" SrcFileId="9" StartOffset="6598"/>
</LocList>
<RootTerm CovItemId="C9" CovItemPrefix="csse376_puerto_rico.GameBoardGUI.java" Intrnl_Id="761">
<BasicBoolTerm Intrnl_Id="762">
<LocList>
<Loc EndOffset="6608" SrcFileId="9" StartOffset="6602"/>
</LocList>
</BasicBoolTerm>
</RootTerm>
</CondStmnt>
</StmntSeq>
<Keyword EndOffset="6552" SrcFileId="9" StartOffset="6549"/>
<LocList>
<Loc EndOffset="6655" SrcFileId="9" StartOffset="6549"/>
</LocList>
<RootTerm CovItemId="C8" CovItemPrefix="csse376_puerto_rico.GameBoardGUI.java" Intrnl_Id="763">
<BasicBoolTerm Intrnl_Id="764">
<LocList>
<Loc EndOffset="6583" SrcFileId="9" StartOffset="6565"/>
</LocList>
</BasicBoolTerm>
</RootTerm>
</LoopStmnt>
<BasicStmnt CovItemId="S85" CovItemPrefix="csse376_puerto_rico.GameBoardGUI.java" Intrnl_Id="765">
<LocList>
<Loc EndOffset="6686" SrcFileId="9" StartOffset="6661"/>
</LocList>
</BasicStmnt>
</StmntSeq>
<Keyword EndOffset="5608" SrcFileId="9" StartOffset="5605"/>
<LocList>
<Loc EndOffset="6692" SrcFileId="9" StartOffset="5605"/>
</LocList>
<RootTerm CovItemId="C7" CovItemPrefix="csse376_puerto_rico.GameBoardGUI.java" Intrnl_Id="766">
<BasicBoolTerm Intrnl_Id="767">
<LocList>
<Loc EndOffset="5644" SrcFileId="9" StartOffset="5621"/>
</LocList>
</BasicBoolTerm>
</RootTerm>
</LoopStmnt>
</StmntSeq>
<Keyword EndOffset="5537" SrcFileId="9" StartOffset="5532"/>
<LocList>
<Loc EndOffset="6699" SrcFileId="9" StartOffset="5532"/>
</LocList>
<RootTerm CovItemId="C6" CovItemPrefix="csse376_puerto_rico.GameBoardGUI.java" Intrnl_Id="768">
<OpTerm BooleanOpId="12" Intrnl_Id="769">
<BasicBoolTerm Intrnl_Id="770">
<LocList>
<Loc EndOffset="5554" SrcFileId="9" StartOffset="5540"/>
</LocList>
</BasicBoolTerm>
<LocList>
<Loc EndOffset="5540" SrcFileId="9" StartOffset="5539"/>
</LocList>
</OpTerm>
</RootTerm>
</LoopStmnt>
<BasicStmnt CovItemId="S86" CovItemPrefix="csse376_puerto_rico.GameBoardGUI.java" Intrnl_Id="771">
<LocList>
<Loc EndOffset="6788" SrcFileId="9" StartOffset="6703"/>
</LocList>
</BasicStmnt>
</StmntSeq>
</HierarchyLvl>
<HierarchyLvl HierarchyLvlId="5486" HierarchyLvlTypeId="17" Intrnl_Id="772" Name="checkEndGame">
<Header>
<Loc EndOffset="6828" SrcFileId="9" StartOffset="6799"/>
</Header>
<LocList>
<Loc EndOffset="6951" SrcFileId="9" StartOffset="6799"/>
</LocList>
<StmntSeq Intrnl_Id="773">
<LocList>
<Loc EndOffset="6947" SrcFileId="9" StartOffset="6913"/>
</LocList>
<BasicStmnt CovItemId="S87" CovItemPrefix="csse376_puerto_rico.GameBoardGUI.java" Intrnl_Id="774">
<LocList>
<Loc EndOffset="6947" SrcFileId="9" StartOffset="6913"/>
</LocList>
</BasicStmnt>
</StmntSeq>
</HierarchyLvl>
<HierarchyLvl HierarchyLvlId="5487" HierarchyLvlTypeId="17" Intrnl_Id="775" Name="updateMsgBar">
<Header>
<Loc EndOffset="6992" SrcFileId="9" StartOffset="6956"/>
</Header>
<LocList>
<Loc EndOffset="7027" SrcFileId="9" StartOffset="6956"/>
</LocList>
<StmntSeq Intrnl_Id="776">
<LocList>
<Loc EndOffset="7023" SrcFileId="9" StartOffset="6998"/>
</LocList>
<BasicStmnt CovItemId="S88" CovItemPrefix="csse376_puerto_rico.GameBoardGUI.java" Intrnl_Id="777">
<LocList>
<Loc EndOffset="7023" SrcFileId="9" StartOffset="6998"/>
</LocList>
</BasicStmnt>
</StmntSeq>
</HierarchyLvl>
<HierarchyLvl HierarchyLvlId="5488" HierarchyLvlTypeId="17" Intrnl_Id="778" Name="playRole">
<Header>
<Loc EndOffset="7071" SrcFileId="9" StartOffset="7038"/>
</Header>
<LocList>
<Loc EndOffset="20357" SrcFileId="9" StartOffset="7038"/>
</LocList>
<StmntSeq Intrnl_Id="779">
<LocList>
<Loc EndOffset="7121" SrcFileId="9" StartOffset="7084"/>
<Loc EndOffset="7156" SrcFileId="9" StartOffset="7125"/>
<Loc EndOffset="20351" SrcFileId="9" StartOffset="7162"/>
</LocList>
<BasicStmnt CovItemId="S89" CovItemPrefix="csse376_puerto_rico.GameBoardGUI.java" Intrnl_Id="780">
<LocList>
<Loc EndOffset="7121" SrcFileId="9" StartOffset="7084"/>
</LocList>
</BasicStmnt>
<BasicStmnt CovItemId="S90" CovItemPrefix="csse376_puerto_rico.GameBoardGUI.java" Intrnl_Id="781">
<LocList>
<Loc EndOffset="7156" SrcFileId="9" StartOffset="7125"/>
</LocList>
</BasicStmnt>
<CondStmnt CovItemId="S91" CovItemPrefix="csse376_puerto_rico.GameBoardGUI.java" Intrnl_Id="782">
<Branch CovItemId="B9" CovItemPrefix="csse376_puerto_rico.GameBoardGUI.java" Implct="false" Intrnl_Id="783">
<Cond/>
<LocList>
<Loc EndOffset="10159" SrcFileId="9" StartOffset="7198"/>
</LocList>
<StmntSeq Intrnl_Id="784">
<LocList>
<Loc EndOffset="10154" SrcFileId="9" StartOffset="7206"/>
</LocList>
<LoopStmnt CovItemId="S92" CovItemPrefix="csse376_puerto_rico.GameBoardGUI.java" Intrnl_Id="785" MltplExecId="L6-2" MltplExecPrefix="csse376_puerto_rico.GameBoardGUI.java" NvrExecId="L6-0" NvrExecPrefix="csse376_puerto_rico.GameBoardGUI.java" OnceExecutedId="L6-1" OnceExecutedPrefix="csse376_puerto_rico.GameBoardGUI.java" OptBodyExec="true">
<StmntSeq Intrnl_Id="786">
<LocList>
<Loc EndOffset="7353" SrcFileId="9" StartOffset="7323"/>
<Loc EndOffset="7423" SrcFileId="9" StartOffset="7361"/>
<Loc EndOffset="7454" SrcFileId="9" StartOffset="7429"/>
<Loc EndOffset="10099" SrcFileId="9" StartOffset="7460"/>
<Loc EndOffset="10146" SrcFileId="9" StartOffset="10105"/>
</LocList>
<BasicStmnt CovItemId="S93" CovItemPrefix="csse376_puerto_rico.GameBoardGUI.java" Intrnl_Id="787">
<LocList>
<Loc EndOffset="7353" SrcFileId="9" StartOffset="7323"/>
</LocList>
</BasicStmnt>
<BasicStmnt CovItemId="S94" CovItemPrefix="csse376_puerto_rico.GameBoardGUI.java" Intrnl_Id="788">
<LocList>
<Loc EndOffset="7423" SrcFileId="9" StartOffset="7361"/>
</LocList>
</BasicStmnt>
<BasicStmnt CovItemId="S95" CovItemPrefix="csse376_puerto_rico.GameBoardGUI.java" Intrnl_Id="789">
<LocList>
<Loc EndOffset="7454" SrcFileId="9" StartOffset="7429"/>
</LocList>
</BasicStmnt>
<LoopStmnt CovItemId="S96" CovItemPrefix="csse376_puerto_rico.GameBoardGUI.java" Intrnl_Id="790" MltplExecId="L7-2" MltplExecPrefix="csse376_puerto_rico.GameBoardGUI.java" NvrExecId="L7-0" NvrExecPrefix="csse376_puerto_rico.GameBoardGUI.java" OnceExecutedId="L7-1" OnceExecutedPrefix="csse376_puerto_rico.GameBoardGUI.java" OptBodyExec="true">
<StmntSeq Intrnl_Id="791">
<LocList>
<Loc EndOffset="7791" SrcFileId="9" StartOffset="7486"/>
<Loc EndOffset="10057" SrcFileId="9" StartOffset="7798"/>
<Loc EndOffset="10092" SrcFileId="9" StartOffset="10066"/>
</LocList>
<BasicStmnt CovItemId="S97" CovItemPrefix="csse376_puerto_rico.GameBoardGUI.java" Intrnl_Id="792">
<LocList>
<Loc EndOffset="7791" SrcFileId="9" StartOffset="7486"/>
</LocList>
</BasicStmnt>
<CondStmnt CovItemId="S98" CovItemPrefix="csse376_puerto_rico.GameBoardGUI.java" Intrnl_Id="793">
<Branch CovItemId="B11" CovItemPrefix="csse376_puerto_rico.GameBoardGUI.java" Implct="false" Intrnl_Id="794">
<Cond/>
<LocList>
<Loc EndOffset="8948" SrcFileId="9" StartOffset="7810"/>
</LocList>
<StmntSeq Intrnl_Id="795">
<LocList>
<Loc EndOffset="7925" SrcFileId="9" StartOffset="7819"/>
<Loc EndOffset="7964" SrcFileId="9" StartOffset="7933"/>
<Loc EndOffset="8014" SrcFileId="9" StartOffset="7972"/>
<Loc EndOffset="8320" SrcFileId="9" StartOffset="8024"/>
<Loc EndOffset="8938" SrcFileId="9" StartOffset="8328"/>
</LocList>
<BasicStmnt CovItemId="S99" CovItemPrefix="csse376_puerto_rico.GameBoardGUI.java" Intrnl_Id="796">
<LocList>
<Loc EndOffset="7925" SrcFileId="9" StartOffset="7819"/>
</LocList>
</BasicStmnt>
<BasicStmnt CovItemId="S100" CovItemPrefix="csse376_puerto_rico.GameBoardGUI.java" Intrnl_Id="797">
<LocList>
<Loc EndOffset="7964" SrcFileId="9" StartOffset="7933"/>
</LocList>
</BasicStmnt>
<BasicStmnt CovItemId="S101" CovItemPrefix="csse376_puerto_rico.GameBoardGUI.java" Intrnl_Id="798">
<LocList>
<Loc EndOffset="8014" SrcFileId="9" StartOffset="7972"/>
</LocList>
</BasicStmnt>
<BasicStmnt CovItemId="S102" CovItemPrefix="csse376_puerto_rico.GameBoardGUI.java" Intrnl_Id="799">
<LocList>
<Loc EndOffset="8320" SrcFileId="9" StartOffset="8024"/>
</LocList>
</BasicStmnt>
<CondStmnt CovItemId="S103" CovItemPrefix="csse376_puerto_rico.GameBoardGUI.java" Intrnl_Id="800">
<Branch CovItemId="B13" CovItemPrefix="csse376_puerto_rico.GameBoardGUI.java" Implct="false" Intrnl_Id="801">
<Cond/>
<LocList>
<Loc EndOffset="8835" SrcFileId="9" StartOffset="8364"/>
</LocList>
<StmntSeq Intrnl_Id="802">
<LocList>
<Loc EndOffset="8443" SrcFileId="9" StartOffset="8374"/>
<Loc EndOffset="8826" SrcFileId="9" StartOffset="8452"/>
</LocList>
<BasicStmnt CovItemId="S104" CovItemPrefix="csse376_puerto_rico.GameBoardGUI.java" Intrnl_Id="803">
<LocList>
<Loc EndOffset="8443" SrcFileId="9" StartOffset="8374"/>
</LocList>
</BasicStmnt>
<CondStmnt CovItemId="S105" CovItemPrefix="csse376_puerto_rico.GameBoardGUI.java" Intrnl_Id="804">
<Branch CovItemId="B15" CovItemPrefix="csse376_puerto_rico.GameBoardGUI.java" Implct="false" Intrnl_Id="805">
<Cond/>
<LocList>
<Loc EndOffset="8714" SrcFileId="9" StartOffset="8504"/>
</LocList>
<StmntSeq Intrnl_Id="806">
<LocList>
<Loc EndOffset="8572" SrcFileId="9" StartOffset="8515"/>
<Loc EndOffset="8598" SrcFileId="9" StartOffset="8582"/>
<Loc EndOffset="8704" SrcFileId="9" StartOffset="8608"/>
</LocList>
<BasicStmnt CovItemId="S106" CovItemPrefix="csse376_puerto_rico.GameBoardGUI.java" Intrnl_Id="807">
<LocList>
<Loc EndOffset="8572" SrcFileId="9" StartOffset="8515"/>
</LocList>
</BasicStmnt>
<BasicStmnt CovItemId="S107" CovItemPrefix="csse376_puerto_rico.GameBoardGUI.java" Intrnl_Id="808">
<LocList>
<Loc EndOffset="8598" SrcFileId="9" StartOffset="8582"/>
</LocList>
</BasicStmnt>
<BasicStmnt CovItemId="S108" CovItemPrefix="csse376_puerto_rico.GameBoardGUI.java" Intrnl_Id="809">
<LocList>
<Loc EndOffset="8704" SrcFileId="9" StartOffset="8608"/>
</LocList>
</BasicStmnt>
</StmntSeq>
</Branch>
<Branch CovItemId="B16" CovItemPrefix="csse376_puerto_rico.GameBoardGUI.java" Implct="false" Intrnl_Id="810">
<Cond>
<Loc EndOffset="8719" SrcFileId="9" StartOffset="8715"/>
</Cond>
<LocList>
<Loc EndOffset="8826" SrcFileId="9" StartOffset="8720"/>
</LocList>
<StmntSeq Intrnl_Id="811">
<LocList>
<Loc EndOffset="8816" SrcFileId="9" StartOffset="8731"/>
</LocList>
<BasicStmnt CovItemId="S109" CovItemPrefix="csse376_puerto_rico.GameBoardGUI.java" Intrnl_Id="812">
<LocList>
<Loc EndOffset="8816" SrcFileId="9" StartOffset="8731"/>
</LocList>
</BasicStmnt>
</StmntSeq>
</Branch>
<Keyword EndOffset="8454" SrcFileId="9" StartOffset="8452"/>
<LocList>
<Loc EndOffset="8826" SrcFileId="9" StartOffset="8452"/>
</LocList>
<RootTerm CovItemId="C15" CovItemPrefix="csse376_puerto_rico.GameBoardGUI.java" Intrnl_Id="813">
<BasicBoolTerm Intrnl_Id="814">
<LocList>
<Loc EndOffset="8502" SrcFileId="9" StartOffset="8456"/>
</LocList>
</BasicBoolTerm>
</RootTerm>
</CondStmnt>
</StmntSeq>
</Branch>
<Branch CovItemId="B14" CovItemPrefix="csse376_puerto_rico.GameBoardGUI.java" Implct="false" Intrnl_Id="815">
<Cond>
<Loc EndOffset="8840" SrcFileId="9" StartOffset="8836"/>
</Cond>
<LocList>
<Loc EndOffset="8938" SrcFileId="9" StartOffset="8841"/>
</LocList>
<StmntSeq Intrnl_Id="816">
<LocList>
<Loc EndOffset="8903" SrcFileId="9" StartOffset="8853"/>
<Loc EndOffset="8929" SrcFileId="9" StartOffset="8912"/>
</LocList>
<BasicStmnt CovItemId="S110" CovItemPrefix="csse376_puerto_rico.GameBoardGUI.java" Intrnl_Id="817">
<LocList>
<Loc EndOffset="8903" SrcFileId="9" StartOffset="8853"/>
</LocList>
</BasicStmnt>
<BasicStmnt CovItemId="S111" CovItemPrefix="csse376_puerto_rico.GameBoardGUI.java" Intrnl_Id="818">
<LocList>
<Loc EndOffset="8929" SrcFileId="9" StartOffset="8912"/>
</LocList>
</BasicStmnt>
</StmntSeq>
</Branch>
<Keyword EndOffset="8330" SrcFileId="9" StartOffset="8328"/>
<LocList>
<Loc EndOffset="8938" SrcFileId="9" StartOffset="8328"/>
</LocList>
<RootTerm CovItemId="C14" CovItemPrefix="csse376_puerto_rico.GameBoardGUI.java" Intrnl_Id="819">
<BasicBoolTerm Intrnl_Id="820">
<LocList>
<Loc EndOffset="8362" SrcFileId="9" StartOffset="8332"/>
</LocList>
</BasicBoolTerm>
</RootTerm>
</CondStmnt>
</StmntSeq>
</Branch>
<Branch CovItemId="B12" CovItemPrefix="csse376_puerto_rico.GameBoardGUI.java" Implct="false" Intrnl_Id="821">
<Cond>
<Loc EndOffset="8953" SrcFileId="9" StartOffset="8949"/>
</Cond>
<LocList>
<Loc EndOffset="10057" SrcFileId="9" StartOffset="8954"/>
</LocList>
<StmntSeq Intrnl_Id="822">
<LocList>
<Loc EndOffset="10057" SrcFileId="9" StartOffset="8954"/>
</LocList>
<CondStmnt CovItemId="S112" CovItemPrefix="csse376_puerto_rico.GameBoardGUI.java" Intrnl_Id="823">
<Branch CovItemId="B17" CovItemPrefix="csse376_puerto_rico.GameBoardGUI.java" Implct="false" Intrnl_Id="824">
<Cond/>
<LocList>
<Loc EndOffset="9997" SrcFileId="9" StartOffset="8966"/>
</LocList>
<StmntSeq Intrnl_Id="825">
<LocList>
<Loc EndOffset="9080" SrcFileId="9" StartOffset="8975"/>
<Loc EndOffset="9116" SrcFileId="9" StartOffset="9088"/>
<Loc EndOffset="9163" SrcFileId="9" StartOffset="9124"/>
<Loc EndOffset="9473" SrcFileId="9" StartOffset="9173"/>
<Loc EndOffset="9989" SrcFileId="9" StartOffset="9481"/>
</LocList>
<BasicStmnt CovItemId="S113" CovItemPrefix="csse376_puerto_rico.GameBoardGUI.java" Intrnl_Id="826">
<LocList>
<Loc EndOffset="9080" SrcFileId="9" StartOffset="8975"/>
</LocList>
</BasicStmnt>
<BasicStmnt CovItemId="S114" CovItemPrefix="csse376_puerto_rico.GameBoardGUI.java" Intrnl_Id="827">
<LocList>
<Loc EndOffset="9116" SrcFileId="9" StartOffset="9088"/>
</LocList>
</BasicStmnt>
<BasicStmnt CovItemId="S115" CovItemPrefix="csse376_puerto_rico.GameBoardGUI.java" Intrnl_Id="828">
<LocList>
<Loc EndOffset="9163" SrcFileId="9" StartOffset="9124"/>
</LocList>
</BasicStmnt>
<BasicStmnt CovItemId="S116" CovItemPrefix="csse376_puerto_rico.GameBoardGUI.java" Intrnl_Id="829">
<LocList>
<Loc EndOffset="9473" SrcFileId="9" StartOffset="9173"/>
</LocList>
</BasicStmnt>
<CondStmnt CovItemId="S117" CovItemPrefix="csse376_puerto_rico.GameBoardGUI.java" Intrnl_Id="830">
<Branch CovItemId="B19" CovItemPrefix="csse376_puerto_rico.GameBoardGUI.java" Implct="false" Intrnl_Id="831">
<Cond/>
<LocList>
<Loc EndOffset="9886" SrcFileId="9" StartOffset="9519"/>
</LocList>
<StmntSeq Intrnl_Id="832">
<LocList>
<Loc EndOffset="9608" SrcFileId="9" StartOffset="9529"/>
<Loc EndOffset="9877" SrcFileId="9" StartOffset="9617"/>
</LocList>
<BasicStmnt CovItemId="S118" CovItemPrefix="csse376_puerto_rico.GameBoardGUI.java" Intrnl_Id="833">
<LocList>
<Loc EndOffset="9608" SrcFileId="9" StartOffset="9529"/>
</LocList>
</BasicStmnt>
<CondStmnt CovItemId="S119" CovItemPrefix="csse376_puerto_rico.GameBoardGUI.java" Intrnl_Id="834">
<Branch CovItemId="B21" CovItemPrefix="csse376_puerto_rico.GameBoardGUI.java" Implct="false" Intrnl_Id="835">
<Cond/>
<LocList>
<Loc EndOffset="9714" SrcFileId="9" StartOffset="9644"/>
</LocList>
<StmntSeq Intrnl_Id="836">
<LocList>
<Loc EndOffset="9704" SrcFileId="9" StartOffset="9655"/>
</LocList>
<BasicStmnt CovItemId="S120" CovItemPrefix="csse376_puerto_rico.GameBoardGUI.java" Intrnl_Id="837">
<LocList>
<Loc EndOffset="9704" SrcFileId="9" StartOffset="9655"/>
</LocList>
</BasicStmnt>
</StmntSeq>
</Branch>
<Branch CovItemId="B22" CovItemPrefix="csse376_puerto_rico.GameBoardGUI.java" Implct="false" Intrnl_Id="838">
<Cond>
<Loc EndOffset="9719" SrcFileId="9" StartOffset="9715"/>
</Cond>
<LocList>
<Loc EndOffset="9877" SrcFileId="9" StartOffset="9720"/>
</LocList>
<StmntSeq Intrnl_Id="839">
<LocList>
<Loc EndOffset="9760" SrcFileId="9" StartOffset="9731"/>
<Loc EndOffset="9786" SrcFileId="9" StartOffset="9770"/>
<Loc EndOffset="9867" SrcFileId="9" StartOffset="9796"/>
</LocList>
<BasicStmnt CovItemId="S121" CovItemPrefix="csse376_puerto_rico.GameBoardGUI.java" Intrnl_Id="840">
<LocList>
<Loc EndOffset="9760" SrcFileId="9" StartOffset="9731"/>
</LocList>
</BasicStmnt>
<BasicStmnt CovItemId="S122" CovItemPrefix="csse376_puerto_rico.GameBoardGUI.java" Intrnl_Id="841">
<LocList>
<Loc EndOffset="9786" SrcFileId="9" StartOffset="9770"/>
</LocList>
</BasicStmnt>
<BasicStmnt CovItemId="S123" CovItemPrefix="csse376_puerto_rico.GameBoardGUI.java" Intrnl_Id="842">
<LocList>
<Loc EndOffset="9867" SrcFileId="9" StartOffset="9796"/>
</LocList>
</BasicStmnt>
</StmntSeq>
</Branch>
<Keyword EndOffset="9619" SrcFileId="9" StartOffset="9617"/>
<LocList>
<Loc EndOffset="9877" SrcFileId="9" StartOffset="9617"/>
</LocList>
<RootTerm CovItemId="C18" CovItemPrefix="csse376_puerto_rico.GameBoardGUI.java" Intrnl_Id="843">
<BasicBoolTerm Intrnl_Id="844">
<LocList>
<Loc EndOffset="9642" SrcFileId="9" StartOffset="9621"/>
</LocList>
</BasicBoolTerm>
</RootTerm>
</CondStmnt>
</StmntSeq>
</Branch>
<Branch CovItemId="B20" CovItemPrefix="csse376_puerto_rico.GameBoardGUI.java" Implct="false" Intrnl_Id="845">
<Cond>
<Loc EndOffset="9891" SrcFileId="9" StartOffset="9887"/>
</Cond>
<LocList>
<Loc EndOffset="9989" SrcFileId="9" StartOffset="9892"/>
</LocList>
<StmntSeq Intrnl_Id="846">
<LocList>
<Loc EndOffset="9954" SrcFileId="9" StartOffset="9904"/>
<Loc EndOffset="9980" SrcFileId="9" StartOffset="9963"/>
</LocList>
<BasicStmnt CovItemId="S124" CovItemPrefix="csse376_puerto_rico.GameBoardGUI.java" Intrnl_Id="847">
<LocList>
<Loc EndOffset="9954" SrcFileId="9" StartOffset="9904"/>
</LocList>
</BasicStmnt>
<BasicStmnt CovItemId="S125" CovItemPrefix="csse376_puerto_rico.GameBoardGUI.java" Intrnl_Id="848">
<LocList>
<Loc EndOffset="9980" SrcFileId="9" StartOffset="9963"/>
</LocList>
</BasicStmnt>
</StmntSeq>
</Branch>
<Keyword EndOffset="9483" SrcFileId="9" StartOffset="9481"/>
<LocList>
<Loc EndOffset="9989" SrcFileId="9" StartOffset="9481"/>
</LocList>
<RootTerm CovItemId="C17" CovItemPrefix="csse376_puerto_rico.GameBoardGUI.java" Intrnl_Id="849">
<BasicBoolTerm Intrnl_Id="850">
<LocList>
<Loc EndOffset="9517" SrcFileId="9" StartOffset="9485"/>
</LocList>
</BasicBoolTerm>
</RootTerm>
</CondStmnt>
</StmntSeq>
</Branch>
<Branch CovItemId="B18" CovItemPrefix="csse376_puerto_rico.GameBoardGUI.java" Implct="false" Intrnl_Id="851">
<Cond>
<Loc EndOffset="10002" SrcFileId="9" StartOffset="9998"/>
</Cond>
<LocList>
<Loc EndOffset="10057" SrcFileId="9" StartOffset="10003"/>
</LocList>
<StmntSeq Intrnl_Id="852">
<LocList>
<Loc EndOffset="10049" SrcFileId="9" StartOffset="10033"/>
</LocList>
<BasicStmnt CovItemId="S126" CovItemPrefix="csse376_puerto_rico.GameBoardGUI.java" Intrnl_Id="853">
<LocList>
<Loc EndOffset="10049" SrcFileId="9" StartOffset="10033"/>
</LocList>
</BasicStmnt>
</StmntSeq>
</Branch>
<Keyword EndOffset="8956" SrcFileId="9" StartOffset="8954"/>
<LocList>
<Loc EndOffset="10057" SrcFileId="9" StartOffset="8954"/>
</LocList>
<RootTerm CovItemId="C16" CovItemPrefix="csse376_puerto_rico.GameBoardGUI.java" Intrnl_Id="854">
<BasicBoolTerm Intrnl_Id="855">
<LocList>
<Loc EndOffset="8964" SrcFileId="9" StartOffset="8958"/>
</LocList>
</BasicBoolTerm>
</RootTerm>
</CondStmnt>
</StmntSeq>
</Branch>
<Keyword EndOffset="7800" SrcFileId="9" StartOffset="7798"/>
<LocList>
<Loc EndOffset="10057" SrcFileId="9" StartOffset="7798"/>
</LocList>
<RootTerm CovItemId="C13" CovItemPrefix="csse376_puerto_rico.GameBoardGUI.java" Intrnl_Id="856">
<BasicBoolTerm Intrnl_Id="857">
<LocList>
<Loc EndOffset="7808" SrcFileId="9" StartOffset="7802"/>
</LocList>
</BasicBoolTerm>
</RootTerm>
</CondStmnt>
<BasicStmnt CovItemId="S127" CovItemPrefix="csse376_puerto_rico.GameBoardGUI.java" Intrnl_Id="858">
<LocList>
<Loc EndOffset="10092" SrcFileId="9" StartOffset="10066"/>
</LocList>
</BasicStmnt>
</StmntSeq>
<Keyword EndOffset="7465" SrcFileId="9" StartOffset="7460"/>
<LocList>
<Loc EndOffset="10099" SrcFileId="9" StartOffset="7460"/>
</LocList>
<RootTerm CovItemId="C12" CovItemPrefix="csse376_puerto_rico.GameBoardGUI.java" Intrnl_Id="859">
<OpTerm BooleanOpId="12" Intrnl_Id="860">
<BasicBoolTerm Intrnl_Id="861">
<LocList>
<Loc EndOffset="7476" SrcFileId="9" StartOffset="7468"/>
</LocList>
</BasicBoolTerm>
<LocList>
<Loc EndOffset="7468" SrcFileId="9" StartOffset="7467"/>
</LocList>
</OpTerm>
</RootTerm>
</LoopStmnt>
<BasicStmnt CovItemId="S128" CovItemPrefix="csse376_puerto_rico.GameBoardGUI.java" Intrnl_Id="862">
<LocList>
<Loc EndOffset="10146" SrcFileId="9" StartOffset="10105"/>
</LocList>
</BasicStmnt>
</StmntSeq>
<Keyword EndOffset="7209" SrcFileId="9" StartOffset="7206"/>
<LocList>
<Loc EndOffset="10154" SrcFileId="9" StartOffset="7206"/>
</LocList>
<RootTerm CovItemId="C11" CovItemPrefix="csse376_puerto_rico.GameBoardGUI.java" Intrnl_Id="863">
<BasicBoolTerm Intrnl_Id="864">
<LocList>
<Loc EndOffset="7240" SrcFileId="9" StartOffset="7222"/>
</LocList>
</BasicBoolTerm>
</RootTerm>
</LoopStmnt>
</StmntSeq>
</Branch>
<Branch CovItemId="B10" CovItemPrefix="csse376_puerto_rico.GameBoardGUI.java" Implct="false" Intrnl_Id="865">
<Cond>
<Loc EndOffset="10164" SrcFileId="9" StartOffset="10160"/>
</Cond>
<LocList>
<Loc EndOffset="20351" SrcFileId="9" StartOffset="10165"/>
</LocList>
<StmntSeq Intrnl_Id="866">
<LocList>
<Loc EndOffset="20351" SrcFileId="9" StartOffset="10165"/>
</LocList>
<CondStmnt CovItemId="S129" CovItemPrefix="csse376_puerto_rico.GameBoardGUI.java" Intrnl_Id="867">
<Branch CovItemId="B23" CovItemPrefix="csse376_puerto_rico.GameBoardGUI.java" Implct="false" Intrnl_Id="868">
<Cond/>
<LocList>
<Loc EndOffset="11560" SrcFileId="9" StartOffset="10203"/>
</LocList>
<StmntSeq Intrnl_Id="869">
<LocList>
<Loc EndOffset="10256" SrcFileId="9" StartOffset="10209"/>
<Loc EndOffset="10291" SrcFileId="9" StartOffset="10261"/>
<Loc EndOffset="11555" SrcFileId="9" StartOffset="10298"/>
</LocList>
<BasicStmnt CovItemId="S130" CovItemPrefix="csse376_puerto_rico.GameBoardGUI.java" Intrnl_Id="870">
<LocList>
<Loc EndOffset="10256" SrcFileId="9" StartOffset="10209"/>
</LocList>
</BasicStmnt>
<BasicStmnt CovItemId="S131" CovItemPrefix="csse376_puerto_rico.GameBoardGUI.java" Intrnl_Id="871">
<LocList>
<Loc EndOffset="10291" SrcFileId="9" StartOffset="10261"/>
</LocList>
</BasicStmnt>
<LoopStmnt CovItemId="S132" CovItemPrefix="csse376_puerto_rico.GameBoardGUI.java" Intrnl_Id="872" MltplExecId="L8-2" MltplExecPrefix="csse376_puerto_rico.GameBoardGUI.java" NvrExecId="L8-0" NvrExecPrefix="csse376_puerto_rico.GameBoardGUI.java" OnceExecutedId="L8-1" OnceExecutedPrefix="csse376_puerto_rico.GameBoardGUI.java" OptBodyExec="true">
<StmntSeq Intrnl_Id="873">
<LocList>
<Loc EndOffset="10376" SrcFileId="9" StartOffset="10346"/>
<Loc EndOffset="10410" SrcFileId="9" StartOffset="10382"/>
<Loc EndOffset="10460" SrcFileId="9" StartOffset="10418"/>
<Loc EndOffset="10517" SrcFileId="9" StartOffset="10466"/>
<Loc EndOffset="10654" SrcFileId="9" StartOffset="10523"/>
<Loc EndOffset="10682" SrcFileId="9" StartOffset="10660"/>
<Loc EndOffset="10724" SrcFileId="9" StartOffset="10688"/>
<Loc EndOffset="11015" SrcFileId="9" StartOffset="10772"/>
<Loc EndOffset="11373" SrcFileId="9" StartOffset="11021"/>
<Loc EndOffset="11500" SrcFileId="9" StartOffset="11474"/>
<Loc EndOffset="11547" SrcFileId="9" StartOffset="11506"/>
</LocList>
<BasicStmnt CovItemId="S133" CovItemPrefix="csse376_puerto_rico.GameBoardGUI.java" Intrnl_Id="874">
<LocList>
<Loc EndOffset="10376" SrcFileId="9" StartOffset="10346"/>
</LocList>
</BasicStmnt>
<BasicStmnt CovItemId="S134" CovItemPrefix="csse376_puerto_rico.GameBoardGUI.java" Intrnl_Id="875">
<LocList>
<Loc EndOffset="10410" SrcFileId="9" StartOffset="10382"/>
</LocList>
</BasicStmnt>
<BasicStmnt CovItemId="S135" CovItemPrefix="csse376_puerto_rico.GameBoardGUI.java" Intrnl_Id="876">
<LocList>
<Loc EndOffset="10460" SrcFileId="9" StartOffset="10418"/>
</LocList>
</BasicStmnt>
<BasicStmnt CovItemId="S136" CovItemPrefix="csse376_puerto_rico.GameBoardGUI.java" Intrnl_Id="877">
<LocList>
<Loc EndOffset="10517" SrcFileId="9" StartOffset="10466"/>
</LocList>
</BasicStmnt>
<LoopStmnt CovItemId="S137" CovItemPrefix="csse376_puerto_rico.GameBoardGUI.java" Intrnl_Id="878" MltplExecId="L9-2" MltplExecPrefix="csse376_puerto_rico.GameBoardGUI.java" NvrExecId="L9-0" NvrExecPrefix="csse376_puerto_rico.GameBoardGUI.java" OnceExecutedId="L9-1" OnceExecutedPrefix="csse376_puerto_rico.GameBoardGUI.java" OptBodyExec="true">
<StmntSeq Intrnl_Id="879">
<LocList>
<Loc EndOffset="10647" SrcFileId="9" StartOffset="10560"/>
</LocList>
<CondStmnt CovItemId="S138" CovItemPrefix="csse376_puerto_rico.GameBoardGUI.java" Intrnl_Id="880">
<Branch CovItemId="B25" CovItemPrefix="csse376_puerto_rico.GameBoardGUI.java" Implct="false" Intrnl_Id="881">
<Cond/>
<LocList>
<Loc EndOffset="10647" SrcFileId="9" StartOffset="10604"/>
</LocList>
<StmntSeq Intrnl_Id="882">
<LocList>
<Loc EndOffset="10639" SrcFileId="9" StartOffset="10613"/>
</LocList>
<BasicStmnt CovItemId="S139" CovItemPrefix="csse376_puerto_rico.GameBoardGUI.java" Intrnl_Id="883">
<LocList>
<Loc EndOffset="10639" SrcFileId="9" StartOffset="10613"/>
</LocList>
</BasicStmnt>
</StmntSeq>
</Branch>
<Branch CovItemId="B26" CovItemPrefix="csse376_puerto_rico.GameBoardGUI.java" Implct="true" Intrnl_Id="884">
<Cond/>
<LocList/>
<StmntSeq Intrnl_Id="885">
<LocList/>
</StmntSeq>
</Branch>
<Keyword EndOffset="10562" SrcFileId="9" StartOffset="10560"/>
<LocList>
<Loc EndOffset="10647" SrcFileId="9" StartOffset="10560"/>
</LocList>
<RootTerm CovItemId="C21" CovItemPrefix="csse376_puerto_rico.GameBoardGUI.java" Intrnl_Id="886">
<BasicBoolTerm Intrnl_Id="887">
<LocList>
<Loc EndOffset="10602" SrcFileId="9" StartOffset="10564"/>
</LocList>
</BasicBoolTerm>
</RootTerm>
</CondStmnt>
</StmntSeq>
<Keyword EndOffset="10526" SrcFileId="9" StartOffset="10523"/>
<LocList>
<Loc EndOffset="10654" SrcFileId="9" StartOffset="10523"/>
</LocList>
</LoopStmnt>
<BasicStmnt CovItemId="S140" CovItemPrefix="csse376_puerto_rico.GameBoardGUI.java" Intrnl_Id="888">
<LocList>
<Loc EndOffset="10682" SrcFileId="9" StartOffset="10660"/>
</LocList>
</BasicStmnt>
<BasicStmnt CovItemId="S141" CovItemPrefix="csse376_puerto_rico.GameBoardGUI.java" Intrnl_Id="889">
<LocList>
<Loc EndOffset="10724" SrcFileId="9" StartOffset="10688"/>
</LocList>
</BasicStmnt>
<BasicStmnt CovItemId="S142" CovItemPrefix="csse376_puerto_rico.GameBoardGUI.java" Intrnl_Id="890">
<LocList>
<Loc EndOffset="11015" SrcFileId="9" StartOffset="10772"/>
</LocList>
</BasicStmnt>
<CondStmnt CovItemId="S143" CovItemPrefix="csse376_puerto_rico.GameBoardGUI.java" Intrnl_Id="891">
<Branch CovItemId="B27" CovItemPrefix="csse376_puerto_rico.GameBoardGUI.java" Implct="false" Intrnl_Id="892">
<Cond/>
<LocList>
<Loc EndOffset="11373" SrcFileId="9" StartOffset="11049"/>
</LocList>
<StmntSeq Intrnl_Id="893">
<LocList>
<Loc EndOffset="11105" SrcFileId="9" StartOffset="11057"/>
<Loc EndOffset="11265" SrcFileId="9" StartOffset="11112"/>
<Loc EndOffset="11366" SrcFileId="9" StartOffset="11272"/>
</LocList>
<BasicStmnt CovItemId="S144" CovItemPrefix="csse376_puerto_rico.GameBoardGUI.java" Intrnl_Id="894">
<LocList>
<Loc EndOffset="11105" SrcFileId="9" StartOffset="11057"/>
</LocList>
</BasicStmnt>
<CondStmnt CovItemId="S145" CovItemPrefix="csse376_puerto_rico.GameBoardGUI.java" Intrnl_Id="895">
<Branch CovItemId="B29" CovItemPrefix="csse376_puerto_rico.GameBoardGUI.java" Implct="false" Intrnl_Id="896">
<Cond/>
<LocList>
<Loc EndOffset="11265" SrcFileId="9" StartOffset="11157"/>
</LocList>
<StmntSeq Intrnl_Id="897">
<LocList>
<Loc EndOffset="11217" SrcFileId="9" StartOffset="11166"/>
<Loc EndOffset="11257" SrcFileId="9" StartOffset="11225"/>
</LocList>
<BasicStmnt CovItemId="S146" CovItemPrefix="csse376_puerto_rico.GameBoardGUI.java" Intrnl_Id="898">
<LocList>
<Loc EndOffset="11217" SrcFileId="9" StartOffset="11166"/>
</LocList>
</BasicStmnt>
<BasicStmnt CovItemId="S147" CovItemPrefix="csse376_puerto_rico.GameBoardGUI.java" Intrnl_Id="899">
<LocList>
<Loc EndOffset="11257" SrcFileId="9" StartOffset="11225"/>
</LocList>
</BasicStmnt>
</StmntSeq>
</Branch>
<Branch CovItemId="B30" CovItemPrefix="csse376_puerto_rico.GameBoardGUI.java" Implct="true" Intrnl_Id="900">
<Cond/>
<LocList/>
<StmntSeq Intrnl_Id="901">
<LocList/>
</StmntSeq>
</Branch>
<Keyword EndOffset="11114" SrcFileId="9" StartOffset="11112"/>
<LocList>
<Loc EndOffset="11265" SrcFileId="9" StartOffset="11112"/>
</LocList>
<RootTerm CovItemId="C23" CovItemPrefix="csse376_puerto_rico.GameBoardGUI.java" Intrnl_Id="902">
<BasicBoolTerm Intrnl_Id="903">
<LocList>
<Loc EndOffset="11156" SrcFileId="9" StartOffset="11115"/>
</LocList>
</BasicBoolTerm>
</RootTerm>
</CondStmnt>
<CondStmnt CovItemId="S148" CovItemPrefix="csse376_puerto_rico.GameBoardGUI.java" Intrnl_Id="904">
<Branch CovItemId="B31" CovItemPrefix="csse376_puerto_rico.GameBoardGUI.java" Implct="false" Intrnl_Id="905">
<Cond/>
<LocList>
<Loc EndOffset="11366" SrcFileId="9" StartOffset="11312"/>
</LocList>
<StmntSeq Intrnl_Id="906">
<LocList>
<Loc EndOffset="11358" SrcFileId="9" StartOffset="11321"/>
</LocList>
<BasicStmnt CovItemId="S149" CovItemPrefix="csse376_puerto_rico.GameBoardGUI.java" Intrnl_Id="907">
<LocList>
<Loc EndOffset="11358" SrcFileId="9" StartOffset="11321"/>
</LocList>
</BasicStmnt>
</StmntSeq>
</Branch>
<Branch CovItemId="B32" CovItemPrefix="csse376_puerto_rico.GameBoardGUI.java" Implct="true" Intrnl_Id="908">
<Cond/>
<LocList/>
<StmntSeq Intrnl_Id="909">
<LocList/>
</StmntSeq>
</Branch>
<Keyword EndOffset="11274" SrcFileId="9" StartOffset="11272"/>
<LocList>
<Loc EndOffset="11366" SrcFileId="9" StartOffset="11272"/>
</LocList>
<RootTerm CovItemId="C24" CovItemPrefix="csse376_puerto_rico.GameBoardGUI.java" Intrnl_Id="910">
<BasicBoolTerm Intrnl_Id="911">
<LocList>
<Loc EndOffset="11310" SrcFileId="9" StartOffset="11276"/>
</LocList>
</BasicBoolTerm>
</RootTerm>
</CondStmnt>
</StmntSeq>
</Branch>
<Branch CovItemId="B28" CovItemPrefix="csse376_puerto_rico.GameBoardGUI.java" Implct="true" Intrnl_Id="912">
<Cond/>
<LocList/>
<StmntSeq Intrnl_Id="913">
<LocList/>
</StmntSeq>
</Branch>
<Keyword EndOffset="11023" SrcFileId="9" StartOffset="11021"/>
<LocList>
<Loc EndOffset="11373" SrcFileId="9" StartOffset="11021"/>
</LocList>
<RootTerm CovItemId="C22" CovItemPrefix="csse376_puerto_rico.GameBoardGUI.java" Intrnl_Id="914">
<BasicBoolTerm Intrnl_Id="915">
<LocList>
<Loc EndOffset="11047" SrcFileId="9" StartOffset="11025"/>
</LocList>
</BasicBoolTerm>
</RootTerm>
</CondStmnt>
<BasicStmnt CovItemId="S150" CovItemPrefix="csse376_puerto_rico.GameBoardGUI.java" Intrnl_Id="916">
<LocList>
<Loc EndOffset="11500" SrcFileId="9" StartOffset="11474"/>
</LocList>
</BasicStmnt>
<BasicStmnt CovItemId="S151" CovItemPrefix="csse376_puerto_rico.GameBoardGUI.java" Intrnl_Id="917">
<LocList>
<Loc EndOffset="11547" SrcFileId="9" StartOffset="11506"/>
</LocList>
</BasicStmnt>
</StmntSeq>
<Keyword EndOffset="10301" SrcFileId="9" StartOffset="10298"/>
<LocList>
<Loc EndOffset="11555" SrcFileId="9" StartOffset="10298"/>
</LocList>
<RootTerm CovItemId="C20" CovItemPrefix="csse376_puerto_rico.GameBoardGUI.java" Intrnl_Id="918">
<BasicBoolTerm Intrnl_Id="919">
<LocList>
<Loc EndOffset="10332" SrcFileId="9" StartOffset="10314"/>
</LocList>
</BasicBoolTerm>
</RootTerm>
</LoopStmnt>
</StmntSeq>
</Branch>
<Branch CovItemId="B24" CovItemPrefix="csse376_puerto_rico.GameBoardGUI.java" Implct="false" Intrnl_Id="920">
<Cond>
<Loc EndOffset="11564" SrcFileId="9" StartOffset="11560"/>
</Cond>
<LocList>
<Loc EndOffset="20351" SrcFileId="9" StartOffset="11565"/>
</LocList>
<StmntSeq Intrnl_Id="921">
<LocList>
<Loc EndOffset="20351" SrcFileId="9" StartOffset="11565"/>
</LocList>
<CondStmnt CovItemId="S152" CovItemPrefix="csse376_puerto_rico.GameBoardGUI.java" Intrnl_Id="922">
<Branch CovItemId="B33" CovItemPrefix="csse376_puerto_rico.GameBoardGUI.java" Implct="false" Intrnl_Id="923">
<Cond/>
<LocList>
<Loc EndOffset="13323" SrcFileId="9" StartOffset="11601"/>
</LocList>
<StmntSeq Intrnl_Id="924">
<LocList>
<Loc EndOffset="11669" SrcFileId="9" StartOffset="11626"/>
<Loc EndOffset="11696" SrcFileId="9" StartOffset="11674"/>
<Loc EndOffset="11737" SrcFileId="9" StartOffset="11701"/>
<Loc EndOffset="13318" SrcFileId="9" StartOffset="11783"/>
</LocList>
<BasicStmnt CovItemId="S153" CovItemPrefix="csse376_puerto_rico.GameBoardGUI.java" Intrnl_Id="925">
<LocList>
<Loc EndOffset="11669" SrcFileId="9" StartOffset="11626"/>
</LocList>
</BasicStmnt>
<BasicStmnt CovItemId="S154" CovItemPrefix="csse376_puerto_rico.GameBoardGUI.java" Intrnl_Id="926">
<LocList>
<Loc EndOffset="11696" SrcFileId="9" StartOffset="11674"/>
</LocList>
</BasicStmnt>
<BasicStmnt CovItemId="S155" CovItemPrefix="csse376_puerto_rico.GameBoardGUI.java" Intrnl_Id="927">
<LocList>
<Loc EndOffset="11737" SrcFileId="9" StartOffset="11701"/>
</LocList>
</BasicStmnt>
<LoopStmnt CovItemId="S156" CovItemPrefix="csse376_puerto_rico.GameBoardGUI.java" Intrnl_Id="928" MltplExecId="L10-2" MltplExecPrefix="csse376_puerto_rico.GameBoardGUI.java" NvrExecId="L10-0" NvrExecPrefix="csse376_puerto_rico.GameBoardGUI.java" OnceExecutedId="L10-1" OnceExecutedPrefix="csse376_puerto_rico.GameBoardGUI.java" OptBodyExec="true">
<StmntSeq Intrnl_Id="929">
<LocList>
<Loc EndOffset="11864" SrcFileId="9" StartOffset="11834"/>
<Loc EndOffset="12020" SrcFileId="9" StartOffset="11876"/>
<Loc EndOffset="12134" SrcFileId="9" StartOffset="12032"/>
<Loc EndOffset="12421" SrcFileId="9" StartOffset="12180"/>
<Loc EndOffset="12462" SrcFileId="9" StartOffset="12428"/>
<Loc EndOffset="12577" SrcFileId="9" StartOffset="12468"/>
<Loc EndOffset="13138" SrcFileId="9" StartOffset="12583"/>
<Loc EndOffset="13265" SrcFileId="9" StartOffset="13239"/>
<Loc EndOffset="13312" SrcFileId="9" StartOffset="13271"/>
</LocList>
<BasicStmnt CovItemId="S157" CovItemPrefix="csse376_puerto_rico.GameBoardGUI.java" Intrnl_Id="930">
<LocList>
<Loc EndOffset="11864" SrcFileId="9" StartOffset="11834"/>
</LocList>
</BasicStmnt>
<CondStmnt CovItemId="S158" CovItemPrefix="csse376_puerto_rico.GameBoardGUI.java" Intrnl_Id="931">
<Branch CovItemId="B35" CovItemPrefix="csse376_puerto_rico.GameBoardGUI.java" Implct="false" Intrnl_Id="932">
<Cond/>
<LocList>
<Loc EndOffset="12020" SrcFileId="9" StartOffset="11927"/>
</LocList>
<StmntSeq Intrnl_Id="933">
<LocList/>
</StmntSeq>
</Branch>
<Branch CovItemId="B36" CovItemPrefix="csse376_puerto_rico.GameBoardGUI.java" Implct="true" Intrnl_Id="934">
<Cond/>
<LocList/>
<StmntSeq Intrnl_Id="935">
<LocList/>
</StmntSeq>
</Branch>
<Keyword EndOffset="11878" SrcFileId="9" StartOffset="11876"/>
<LocList>
<Loc EndOffset="12020" SrcFileId="9" StartOffset="11876"/>
</LocList>
<RootTerm CovItemId="C27" CovItemPrefix="csse376_puerto_rico.GameBoardGUI.java" Intrnl_Id="936">
<BasicBoolTerm Intrnl_Id="937">
<LocList>
<Loc EndOffset="11926" SrcFileId="9" StartOffset="11879"/>
</LocList>
</BasicBoolTerm>
</RootTerm>
</CondStmnt>
<CondStmnt CovItemId="S159" CovItemPrefix="csse376_puerto_rico.GameBoardGUI.java" Intrnl_Id="938">
<Branch CovItemId="B37" CovItemPrefix="csse376_puerto_rico.GameBoardGUI.java" Implct="false" Intrnl_Id="939">
<Cond/>
<LocList>
<Loc EndOffset="12134" SrcFileId="9" StartOffset="12075"/>
</LocList>
<StmntSeq Intrnl_Id="940">
<LocList/>
</StmntSeq>
</Branch>
<Branch CovItemId="B38" CovItemPrefix="csse376_puerto_rico.GameBoardGUI.java" Implct="true" Intrnl_Id="941">
<Cond/>
<LocList/>
<StmntSeq Intrnl_Id="942">
<LocList/>
</StmntSeq>
</Branch>
<Keyword EndOffset="12034" SrcFileId="9" StartOffset="12032"/>
<LocList>
<Loc EndOffset="12134" SrcFileId="9" StartOffset="12032"/>
</LocList>
<RootTerm CovItemId="C28" CovItemPrefix="csse376_puerto_rico.GameBoardGUI.java" Intrnl_Id="943">
<BasicBoolTerm Intrnl_Id="944">
<LocList>
<Loc EndOffset="12074" SrcFileId="9" StartOffset="12035"/>
</LocList>
</BasicBoolTerm>
</RootTerm>
</CondStmnt>
<BasicStmnt CovItemId="S160" CovItemPrefix="csse376_puerto_rico.GameBoardGUI.java" Intrnl_Id="945">
<LocList>
<Loc EndOffset="12421" SrcFileId="9" StartOffset="12180"/>
</LocList>
</BasicStmnt>
<BasicStmnt CovItemId="S161" CovItemPrefix="csse376_puerto_rico.GameBoardGUI.java" Intrnl_Id="946">
<LocList>
<Loc EndOffset="12462" SrcFileId="9" StartOffset="12428"/>
</LocList>
</BasicStmnt>
<CondStmnt CovItemId="S162" CovItemPrefix="csse376_puerto_rico.GameBoardGUI.java" Intrnl_Id="947">
<Branch CovItemId="B39" CovItemPrefix="csse376_puerto_rico.GameBoardGUI.java" Implct="false" Intrnl_Id="948">
<Cond/>
<LocList>
<Loc EndOffset="12577" SrcFileId="9" StartOffset="12496"/>
</LocList>
<StmntSeq Intrnl_Id="949">
<LocList>
<Loc EndOffset="12570" SrcFileId="9" StartOffset="12504"/>
</LocList>
<BasicStmnt CovItemId="S163" CovItemPrefix="csse376_puerto_rico.GameBoardGUI.java" Intrnl_Id="950">
<LocList>
<Loc EndOffset="12570" SrcFileId="9" StartOffset="12504"/>
</LocList>
</BasicStmnt>
</StmntSeq>
</Branch>
<Branch CovItemId="B40" CovItemPrefix="csse376_puerto_rico.GameBoardGUI.java" Implct="true" Intrnl_Id="951">
<Cond/>
<LocList/>
<StmntSeq Intrnl_Id="952">
<LocList/>
</StmntSeq>
</Branch>
<Keyword EndOffset="12470" SrcFileId="9" StartOffset="12468"/>
<LocList>
<Loc EndOffset="12577" SrcFileId="9" StartOffset="12468"/>
</LocList>
<RootTerm CovItemId="C29" CovItemPrefix="csse376_puerto_rico.GameBoardGUI.java" Intrnl_Id="953">
<BasicBoolTerm Intrnl_Id="954">
<LocList>
<Loc EndOffset="12494" SrcFileId="9" StartOffset="12472"/>
</LocList>
</BasicBoolTerm>
</RootTerm>
</CondStmnt>
<CondStmnt CovItemId="S164" CovItemPrefix="csse376_puerto_rico.GameBoardGUI.java" Intrnl_Id="955">
<Branch CovItemId="B41" CovItemPrefix="csse376_puerto_rico.GameBoardGUI.java" Implct="false" Intrnl_Id="956">
<Cond/>
<LocList>
<Loc EndOffset="13138" SrcFileId="9" StartOffset="12625"/>
</LocList>
<StmntSeq Intrnl_Id="957">
<LocList>
<Loc EndOffset="12729" SrcFileId="9" StartOffset="12698"/>
<Loc EndOffset="13004" SrcFileId="9" StartOffset="12736"/>
<Loc EndOffset="13129" SrcFileId="9" StartOffset="13011"/>
</LocList>
<BasicStmnt CovItemId="S165" CovItemPrefix="csse376_puerto_rico.GameBoardGUI.java" Intrnl_Id="958">
<LocList>
<Loc EndOffset="12729" SrcFileId="9" StartOffset="12698"/>
</LocList>
</BasicStmnt>
<BasicStmnt CovItemId="S166" CovItemPrefix="csse376_puerto_rico.GameBoardGUI.java" Intrnl_Id="959">
<LocList>
<Loc EndOffset="13004" SrcFileId="9" StartOffset="12736"/>
</LocList>
</BasicStmnt>
<CondStmnt CovItemId="S167" CovItemPrefix="csse376_puerto_rico.GameBoardGUI.java" Intrnl_Id="960">
<Branch CovItemId="B43" CovItemPrefix="csse376_puerto_rico.GameBoardGUI.java" Implct="false" Intrnl_Id="961">
<Cond/>
<LocList>
<Loc EndOffset="13129" SrcFileId="9" StartOffset="13024"/>
</LocList>
<StmntSeq Intrnl_Id="962">
<LocList>
<Loc EndOffset="13081" SrcFileId="9" StartOffset="13033"/>
<Loc EndOffset="13121" SrcFileId="9" StartOffset="13089"/>
</LocList>
<BasicStmnt CovItemId="S168" CovItemPrefix="csse376_puerto_rico.GameBoardGUI.java" Intrnl_Id="963">
<LocList>
<Loc EndOffset="13081" SrcFileId="9" StartOffset="13033"/>
</LocList>
</BasicStmnt>
<BasicStmnt CovItemId="S169" CovItemPrefix="csse376_puerto_rico.GameBoardGUI.java" Intrnl_Id="964">
<LocList>
<Loc EndOffset="13121" SrcFileId="9" StartOffset="13089"/>
</LocList>
</BasicStmnt>
</StmntSeq>
</Branch>
<Branch CovItemId="B44" CovItemPrefix="csse376_puerto_rico.GameBoardGUI.java" Implct="true" Intrnl_Id="965">
<Cond/>
<LocList/>
<StmntSeq Intrnl_Id="966">
<LocList/>
</StmntSeq>
</Branch>
<Keyword EndOffset="13013" SrcFileId="9" StartOffset="13011"/>
<LocList>
<Loc EndOffset="13129" SrcFileId="9" StartOffset="13011"/>
</LocList>
<RootTerm CovItemId="C31" CovItemPrefix="csse376_puerto_rico.GameBoardGUI.java" Intrnl_Id="967">
<BasicBoolTerm Intrnl_Id="968">
<LocList>
<Loc EndOffset="13023" SrcFileId="9" StartOffset="13014"/>
</LocList>
</BasicBoolTerm>
</RootTerm>
</CondStmnt>
</StmntSeq>
</Branch>
<Branch CovItemId="B42" CovItemPrefix="csse376_puerto_rico.GameBoardGUI.java" Implct="true" Intrnl_Id="969">
<Cond/>
<LocList/>
<StmntSeq Intrnl_Id="970">
<LocList/>
</StmntSeq>
</Branch>
<Keyword EndOffset="12585" SrcFileId="9" StartOffset="12583"/>
<LocList>
<Loc EndOffset="13138" SrcFileId="9" StartOffset="12583"/>
</LocList>
<RootTerm CovItemId="C30" CovItemPrefix="csse376_puerto_rico.GameBoardGUI.java" Intrnl_Id="971">
<BasicBoolTerm Intrnl_Id="972">
<LocList>
<Loc EndOffset="12624" SrcFileId="9" StartOffset="12586"/>
</LocList>
</BasicBoolTerm>
</RootTerm>
</CondStmnt>
<BasicStmnt CovItemId="S170" CovItemPrefix="csse376_puerto_rico.GameBoardGUI.java" Intrnl_Id="973">
<LocList>
<Loc EndOffset="13265" SrcFileId="9" StartOffset="13239"/>
</LocList>
</BasicStmnt>
<BasicStmnt CovItemId="S171" CovItemPrefix="csse376_puerto_rico.GameBoardGUI.java" Intrnl_Id="974">
<LocList>
<Loc EndOffset="13312" SrcFileId="9" StartOffset="13271"/>
</LocList>
</BasicStmnt>
</StmntSeq>
<Keyword EndOffset="11786" SrcFileId="9" StartOffset="11783"/>
<LocList>
<Loc EndOffset="13318" SrcFileId="9" StartOffset="11783"/>
</LocList>
<RootTerm CovItemId="C26" CovItemPrefix="csse376_puerto_rico.GameBoardGUI.java" Intrnl_Id="975">
<BasicBoolTerm Intrnl_Id="976">
<LocList>
<Loc EndOffset="11818" SrcFileId="9" StartOffset="11799"/>
</LocList>
</BasicBoolTerm>
</RootTerm>
</LoopStmnt>
</StmntSeq>
</Branch>
<Branch CovItemId="B34" CovItemPrefix="csse376_puerto_rico.GameBoardGUI.java" Implct="false" Intrnl_Id="977">
<Cond>
<Loc EndOffset="13327" SrcFileId="9" StartOffset="13323"/>
</Cond>
<LocList>
<Loc EndOffset="20351" SrcFileId="9" StartOffset="13328"/>
</LocList>
<StmntSeq Intrnl_Id="978">
<LocList>
<Loc EndOffset="20351" SrcFileId="9" StartOffset="13328"/>
</LocList>
<CondStmnt CovItemId="S172" CovItemPrefix="csse376_puerto_rico.GameBoardGUI.java" Intrnl_Id="979">
<Branch CovItemId="B45" CovItemPrefix="csse376_puerto_rico.GameBoardGUI.java" Implct="false" Intrnl_Id="980">
<Cond/>
<LocList>
<Loc EndOffset="14227" SrcFileId="9" StartOffset="13366"/>
</LocList>
<StmntSeq Intrnl_Id="981">
<LocList>
<Loc EndOffset="14220" SrcFileId="9" StartOffset="13391"/>
</LocList>
<LoopStmnt CovItemId="S173" CovItemPrefix="csse376_puerto_rico.GameBoardGUI.java" Intrnl_Id="982" MltplExecId="L11-2" MltplExecPrefix="csse376_puerto_rico.GameBoardGUI.java" NvrExecId="L11-0" NvrExecPrefix="csse376_puerto_rico.GameBoardGUI.java" OnceExecutedId="L11-1" OnceExecutedPrefix="csse376_puerto_rico.GameBoardGUI.java" OptBodyExec="true">
<StmntSeq Intrnl_Id="983">
<LocList>
<Loc EndOffset="13471" SrcFileId="9" StartOffset="13441"/>
<Loc EndOffset="13502" SrcFileId="9" StartOffset="13477"/>
<Loc EndOffset="14032" SrcFileId="9" StartOffset="13538"/>
<Loc EndOffset="14165" SrcFileId="9" StartOffset="14139"/>
<Loc EndOffset="14212" SrcFileId="9" StartOffset="14171"/>
</LocList>
<BasicStmnt CovItemId="S174" CovItemPrefix="csse376_puerto_rico.GameBoardGUI.java" Intrnl_Id="984">
<LocList>
<Loc EndOffset="13471" SrcFileId="9" StartOffset="13441"/>
</LocList>
</BasicStmnt>
<BasicStmnt CovItemId="S175" CovItemPrefix="csse376_puerto_rico.GameBoardGUI.java" Intrnl_Id="985">
<LocList>
<Loc EndOffset="13502" SrcFileId="9" StartOffset="13477"/>
</LocList>
</BasicStmnt>
<CondStmnt CovItemId="S176" CovItemPrefix="csse376_puerto_rico.GameBoardGUI.java" Intrnl_Id="986">
<Branch CovItemId="B47" CovItemPrefix="csse376_puerto_rico.GameBoardGUI.java" Implct="false" Intrnl_Id="987">
<Cond/>
<LocList>
<Loc EndOffset="14032" SrcFileId="9" StartOffset="13580"/>
</LocList>
<StmntSeq Intrnl_Id="988">
<LocList>
<Loc EndOffset="14020" SrcFileId="9" StartOffset="13588"/>
</LocList>
<CondStmnt CovItemId="S177" CovItemPrefix="csse376_puerto_rico.GameBoardGUI.java" Intrnl_Id="989">
<Branch CovItemId="B49" CovItemPrefix="csse376_puerto_rico.GameBoardGUI.java" Implct="false" Intrnl_Id="990">
<Cond/>
<LocList>
<Loc EndOffset="13696" SrcFileId="9" StartOffset="13627"/>
</LocList>
<StmntSeq Intrnl_Id="991">
<LocList>
<Loc EndOffset="13683" SrcFileId="9" StartOffset="13636"/>
</LocList>
<BasicStmnt CovItemId="S178" CovItemPrefix="csse376_puerto_rico.GameBoardGUI.java" Intrnl_Id="992">
<LocList>
<Loc EndOffset="13683" SrcFileId="9" StartOffset="13636"/>
</LocList>
</BasicStmnt>
</StmntSeq>
</Branch>
<Branch CovItemId="B50" CovItemPrefix="csse376_puerto_rico.GameBoardGUI.java" Implct="false" Intrnl_Id="993">
<Cond>
<Loc EndOffset="13700" SrcFileId="9" StartOffset="13696"/>
</Cond>
<LocList>
<Loc EndOffset="14020" SrcFileId="9" StartOffset="13701"/>
</LocList>
<StmntSeq Intrnl_Id="994">
<LocList>
<Loc EndOffset="14020" SrcFileId="9" StartOffset="13701"/>
</LocList>
<CondStmnt CovItemId="S179" CovItemPrefix="csse376_puerto_rico.GameBoardGUI.java" Intrnl_Id="995">
<Branch CovItemId="B51" CovItemPrefix="csse376_puerto_rico.GameBoardGUI.java" Implct="false" Intrnl_Id="996">
<Cond/>
<LocList>
<Loc EndOffset="13804" SrcFileId="9" StartOffset="13740"/>
</LocList>
<StmntSeq Intrnl_Id="997">
<LocList>
<Loc EndOffset="13796" SrcFileId="9" StartOffset="13749"/>
</LocList>
<BasicStmnt CovItemId="S180" CovItemPrefix="csse376_puerto_rico.GameBoardGUI.java" Intrnl_Id="998">
<LocList>
<Loc EndOffset="13796" SrcFileId="9" StartOffset="13749"/>
</LocList>
</BasicStmnt>
</StmntSeq>
</Branch>
<Branch CovItemId="B52" CovItemPrefix="csse376_puerto_rico.GameBoardGUI.java" Implct="false" Intrnl_Id="999">
<Cond>
<Loc EndOffset="13808" SrcFileId="9" StartOffset="13804"/>
</Cond>
<LocList>
<Loc EndOffset="14020" SrcFileId="9" StartOffset="13809"/>
</LocList>
<StmntSeq Intrnl_Id="1000">
<LocList>
<Loc EndOffset="14020" SrcFileId="9" StartOffset="13809"/>
</LocList>
<CondStmnt CovItemId="S181" CovItemPrefix="csse376_puerto_rico.GameBoardGUI.java" Intrnl_Id="1001">
<Branch CovItemId="B53" CovItemPrefix="csse376_puerto_rico.GameBoardGUI.java" Implct="false" Intrnl_Id="1002">
<Cond/>
<LocList>
<Loc EndOffset="13912" SrcFileId="9" StartOffset="13848"/>
</LocList>
<StmntSeq Intrnl_Id="1003">
<LocList>
<Loc EndOffset="13904" SrcFileId="9" StartOffset="13857"/>
</LocList>
<BasicStmnt CovItemId="S182" CovItemPrefix="csse376_puerto_rico.GameBoardGUI.java" Intrnl_Id="1004">
<LocList>
<Loc EndOffset="13904" SrcFileId="9" StartOffset="13857"/>
</LocList>
</BasicStmnt>
</StmntSeq>
</Branch>
<Branch CovItemId="B54" CovItemPrefix="csse376_puerto_rico.GameBoardGUI.java" Implct="false" Intrnl_Id="1005">
<Cond>
<Loc EndOffset="13916" SrcFileId="9" StartOffset="13912"/>
</Cond>
<LocList>
<Loc EndOffset="14020" SrcFileId="9" StartOffset="13917"/>
</LocList>
<StmntSeq Intrnl_Id="1006">
<LocList>
<Loc EndOffset="14020" SrcFileId="9" StartOffset="13917"/>
</LocList>
<CondStmnt CovItemId="S183" CovItemPrefix="csse376_puerto_rico.GameBoardGUI.java" Intrnl_Id="1007">
<Branch CovItemId="B55" CovItemPrefix="csse376_puerto_rico.GameBoardGUI.java" Implct="false" Intrnl_Id="1008">
<Cond/>
<LocList>
<Loc EndOffset="14020" SrcFileId="9" StartOffset="13956"/>
</LocList>
<StmntSeq Intrnl_Id="1009">
<LocList>
<Loc EndOffset="14012" SrcFileId="9" StartOffset="13965"/>
</LocList>
<BasicStmnt CovItemId="S184" CovItemPrefix="csse376_puerto_rico.GameBoardGUI.java" Intrnl_Id="1010">
<LocList>
<Loc EndOffset="14012" SrcFileId="9" StartOffset="13965"/>
</LocList>
</BasicStmnt>
</StmntSeq>
</Branch>
<Branch CovItemId="B56" CovItemPrefix="csse376_puerto_rico.GameBoardGUI.java" Implct="true" Intrnl_Id="1011">
<Cond/>
<LocList/>
<StmntSeq Intrnl_Id="1012">
<LocList/>
</StmntSeq>
</Branch>
<Keyword EndOffset="13919" SrcFileId="9" StartOffset="13917"/>
<LocList>
<Loc EndOffset="14020" SrcFileId="9" StartOffset="13917"/>
</LocList>
<RootTerm CovItemId="C38" CovItemPrefix="csse376_puerto_rico.GameBoardGUI.java" Intrnl_Id="1013">
<BasicBoolTerm Intrnl_Id="1014">
<LocList>
<Loc EndOffset="13955" SrcFileId="9" StartOffset="13920"/>
</LocList>
</BasicBoolTerm>
</RootTerm>
</CondStmnt>
</StmntSeq>
</Branch>
<Keyword EndOffset="13811" SrcFileId="9" StartOffset="13809"/>
<LocList>
<Loc EndOffset="14020" SrcFileId="9" StartOffset="13809"/>
</LocList>
<RootTerm CovItemId="C37" CovItemPrefix="csse376_puerto_rico.GameBoardGUI.java" Intrnl_Id="1015">
<BasicBoolTerm Intrnl_Id="1016">
<LocList>
<Loc EndOffset="13847" SrcFileId="9" StartOffset="13812"/>
</LocList>
</BasicBoolTerm>
</RootTerm>
</CondStmnt>
</StmntSeq>
</Branch>
<Keyword EndOffset="13703" SrcFileId="9" StartOffset="13701"/>
<LocList>
<Loc EndOffset="14020" SrcFileId="9" StartOffset="13701"/>
</LocList>
<RootTerm CovItemId="C36" CovItemPrefix="csse376_puerto_rico.GameBoardGUI.java" Intrnl_Id="1017">
<BasicBoolTerm Intrnl_Id="1018">
<LocList>
<Loc EndOffset="13739" SrcFileId="9" StartOffset="13704"/>
</LocList>
</BasicBoolTerm>
</RootTerm>
</CondStmnt>
</StmntSeq>
</Branch>
<Keyword EndOffset="13590" SrcFileId="9" StartOffset="13588"/>
<LocList>
<Loc EndOffset="14020" SrcFileId="9" StartOffset="13588"/>
</LocList>
<RootTerm CovItemId="C35" CovItemPrefix="csse376_puerto_rico.GameBoardGUI.java" Intrnl_Id="1019">
<BasicBoolTerm Intrnl_Id="1020">
<LocList>
<Loc EndOffset="13626" SrcFileId="9" StartOffset="13591"/>
</LocList>
</BasicBoolTerm>
</RootTerm>
</CondStmnt>
</StmntSeq>
</Branch>
<Branch CovItemId="B48" CovItemPrefix="csse376_puerto_rico.GameBoardGUI.java" Implct="true" Intrnl_Id="1021">
<Cond/>
<LocList/>
<StmntSeq Intrnl_Id="1022">
<LocList/>
</StmntSeq>
</Branch>
<Keyword EndOffset="13540" SrcFileId="9" StartOffset="13538"/>
<LocList>
<Loc EndOffset="14032" SrcFileId="9" StartOffset="13538"/>
</LocList>
<RootTerm CovItemId="C34" CovItemPrefix="csse376_puerto_rico.GameBoardGUI.java" Intrnl_Id="1023">
<BasicBoolTerm Intrnl_Id="1024">
<LocList>
<Loc EndOffset="13579" SrcFileId="9" StartOffset="13541"/>
</LocList>
</BasicBoolTerm>
</RootTerm>
</CondStmnt>
<BasicStmnt CovItemId="S185" CovItemPrefix="csse376_puerto_rico.GameBoardGUI.java" Intrnl_Id="1025">
<LocList>
<Loc EndOffset="14165" SrcFileId="9" StartOffset="14139"/>
</LocList>
</BasicStmnt>
<BasicStmnt CovItemId="S186" CovItemPrefix="csse376_puerto_rico.GameBoardGUI.java" Intrnl_Id="1026">
<LocList>
<Loc EndOffset="14212" SrcFileId="9" StartOffset="14171"/>
</LocList>
</BasicStmnt>
</StmntSeq>
<Keyword EndOffset="13394" SrcFileId="9" StartOffset="13391"/>
<LocList>
<Loc EndOffset="14220" SrcFileId="9" StartOffset="13391"/>
</LocList>
<RootTerm CovItemId="C33" CovItemPrefix="csse376_puerto_rico.GameBoardGUI.java" Intrnl_Id="1027">
<BasicBoolTerm Intrnl_Id="1028">
<LocList>
<Loc EndOffset="13425" SrcFileId="9" StartOffset="13407"/>
</LocList>
</BasicBoolTerm>
</RootTerm>
</LoopStmnt>
</StmntSeq>
</Branch>
<Branch CovItemId="B46" CovItemPrefix="csse376_puerto_rico.GameBoardGUI.java" Implct="false" Intrnl_Id="1029">
<Cond>
<Loc EndOffset="14232" SrcFileId="9" StartOffset="14228"/>
</Cond>
<LocList>
<Loc EndOffset="20351" SrcFileId="9" StartOffset="14233"/>
</LocList>
<StmntSeq Intrnl_Id="1030">
<LocList>
<Loc EndOffset="20351" SrcFileId="9" StartOffset="14233"/>
</LocList>
<CondStmnt CovItemId="S187" CovItemPrefix="csse376_puerto_rico.GameBoardGUI.java" Intrnl_Id="1031">
<Branch CovItemId="B57" CovItemPrefix="csse376_puerto_rico.GameBoardGUI.java" Implct="false" Intrnl_Id="1032">
<Cond/>
<LocList>
<Loc EndOffset="16243" SrcFileId="9" StartOffset="14270"/>
</LocList>
<StmntSeq Intrnl_Id="1033">
<LocList>
<Loc EndOffset="16238" SrcFileId="9" StartOffset="14283"/>
</LocList>
<LoopStmnt CovItemId="S188" CovItemPrefix="csse376_puerto_rico.GameBoardGUI.java" Intrnl_Id="1034" MltplExecId="L12-2" MltplExecPrefix="csse376_puerto_rico.GameBoardGUI.java" NvrExecId="L12-0" NvrExecPrefix="csse376_puerto_rico.GameBoardGUI.java" OnceExecutedId="L12-1" OnceExecutedPrefix="csse376_puerto_rico.GameBoardGUI.java" OptBodyExec="true">
<StmntSeq Intrnl_Id="1035">
<LocList>
<Loc EndOffset="14363" SrcFileId="9" StartOffset="14333"/>
<Loc EndOffset="14514" SrcFileId="9" StartOffset="14405"/>
<Loc EndOffset="14665" SrcFileId="9" StartOffset="14556"/>
<Loc EndOffset="14791" SrcFileId="9" StartOffset="14677"/>
<Loc EndOffset="14850" SrcFileId="9" StartOffset="14797"/>
<Loc EndOffset="14994" SrcFileId="9" StartOffset="14856"/>
<Loc EndOffset="15024" SrcFileId="9" StartOffset="15000"/>
<Loc EndOffset="15068" SrcFileId="9" StartOffset="15030"/>
<Loc EndOffset="15315" SrcFileId="9" StartOffset="15076"/>
<Loc EndOffset="16056" SrcFileId="9" StartOffset="15321"/>
<Loc EndOffset="16183" SrcFileId="9" StartOffset="16157"/>
<Loc EndOffset="16230" SrcFileId="9" StartOffset="16189"/>
</LocList>
<BasicStmnt CovItemId="S189" CovItemPrefix="csse376_puerto_rico.GameBoardGUI.java" Intrnl_Id="1036">
<LocList>
<Loc EndOffset="14363" SrcFileId="9" StartOffset="14333"/>
</LocList>
</BasicStmnt>
<CondStmnt CovItemId="S190" CovItemPrefix="csse376_puerto_rico.GameBoardGUI.java" Intrnl_Id="1037">
<Branch CovItemId="B59" CovItemPrefix="csse376_puerto_rico.GameBoardGUI.java" Implct="false" Intrnl_Id="1038">
<Cond/>
<LocList>
<Loc EndOffset="14514" SrcFileId="9" StartOffset="14452"/>
</LocList>
<StmntSeq Intrnl_Id="1039">
<LocList>
<Loc EndOffset="14507" SrcFileId="9" StartOffset="14460"/>
</LocList>
<BasicStmnt CovItemId="S191" CovItemPrefix="csse376_puerto_rico.GameBoardGUI.java" Intrnl_Id="1040">
<LocList>
<Loc EndOffset="14507" SrcFileId="9" StartOffset="14460"/>
</LocList>
</BasicStmnt>
</StmntSeq>
</Branch>
<Branch CovItemId="B60" CovItemPrefix="csse376_puerto_rico.GameBoardGUI.java" Implct="true" Intrnl_Id="1041">
<Cond/>
<LocList/>
<StmntSeq Intrnl_Id="1042">
<LocList/>
</StmntSeq>
</Branch>
<Keyword EndOffset="14407" SrcFileId="9" StartOffset="14405"/>
<LocList>
<Loc EndOffset="14514" SrcFileId="9" StartOffset="14405"/>
</LocList>
<RootTerm CovItemId="C41" CovItemPrefix="csse376_puerto_rico.GameBoardGUI.java" Intrnl_Id="1043">
<BasicBoolTerm Intrnl_Id="1044">
<LocList>
<Loc EndOffset="14451" SrcFileId="9" StartOffset="14408"/>
</LocList>
</BasicBoolTerm>
</RootTerm>
</CondStmnt>
<CondStmnt CovItemId="S192" CovItemPrefix="csse376_puerto_rico.GameBoardGUI.java" Intrnl_Id="1045">
<Branch CovItemId="B61" CovItemPrefix="csse376_puerto_rico.GameBoardGUI.java" Implct="false" Intrnl_Id="1046">
<Cond/>
<LocList>
<Loc EndOffset="14665" SrcFileId="9" StartOffset="14603"/>
</LocList>
<StmntSeq Intrnl_Id="1047">
<LocList>
<Loc EndOffset="14658" SrcFileId="9" StartOffset="14611"/>
</LocList>
<BasicStmnt CovItemId="S193" CovItemPrefix="csse376_puerto_rico.GameBoardGUI.java" Intrnl_Id="1048">
<LocList>
<Loc EndOffset="14658" SrcFileId="9" StartOffset="14611"/>
</LocList>
</BasicStmnt>
</StmntSeq>
</Branch>
<Branch CovItemId="B62" CovItemPrefix="csse376_puerto_rico.GameBoardGUI.java" Implct="true" Intrnl_Id="1049">
<Cond/>
<LocList/>
<StmntSeq Intrnl_Id="1050">
<LocList/>
</StmntSeq>
</Branch>
<Keyword EndOffset="14558" SrcFileId="9" StartOffset="14556"/>
<LocList>
<Loc EndOffset="14665" SrcFileId="9" StartOffset="14556"/>
</LocList>
<RootTerm CovItemId="C42" CovItemPrefix="csse376_puerto_rico.GameBoardGUI.java" Intrnl_Id="1051">
<BasicBoolTerm Intrnl_Id="1052">
<LocList>
<Loc EndOffset="14602" SrcFileId="9" StartOffset="14559"/>
</LocList>
</BasicBoolTerm>
</RootTerm>
</CondStmnt>
<CondStmnt CovItemId="S194" CovItemPrefix="csse376_puerto_rico.GameBoardGUI.java" Intrnl_Id="1053">
<Branch CovItemId="B63" CovItemPrefix="csse376_puerto_rico.GameBoardGUI.java" Implct="false" Intrnl_Id="1054">
<Cond/>
<LocList>
<Loc EndOffset="14791" SrcFileId="9" StartOffset="14718"/>
</LocList>
<StmntSeq Intrnl_Id="1055">
<LocList/>
</StmntSeq>
</Branch>
<Branch CovItemId="B64" CovItemPrefix="csse376_puerto_rico.GameBoardGUI.java" Implct="true" Intrnl_Id="1056">
<Cond/>
<LocList/>
<StmntSeq Intrnl_Id="1057">
<LocList/>
</StmntSeq>
</Branch>
<Keyword EndOffset="14679" SrcFileId="9" StartOffset="14677"/>
<LocList>
<Loc EndOffset="14791" SrcFileId="9" StartOffset="14677"/>
</LocList>
<RootTerm CovItemId="C43" CovItemPrefix="csse376_puerto_rico.GameBoardGUI.java" Intrnl_Id="1058">
<BasicBoolTerm Intrnl_Id="1059">
<LocList>
<Loc EndOffset="14717" SrcFileId="9" StartOffset="14680"/>
</LocList>
</BasicBoolTerm>
</RootTerm>
</CondStmnt>
<BasicStmnt CovItemId="S195" CovItemPrefix="csse376_puerto_rico.GameBoardGUI.java" Intrnl_Id="1060">
<LocList>
<Loc EndOffset="14850" SrcFileId="9" StartOffset="14797"/>
</LocList>
</BasicStmnt>
<LoopStmnt CovItemId="S196" CovItemPrefix="csse376_puerto_rico.GameBoardGUI.java" Intrnl_Id="1061" MltplExecId="L13-2" MltplExecPrefix="csse376_puerto_rico.GameBoardGUI.java" NvrExecId="L13-0" NvrExecPrefix="csse376_puerto_rico.GameBoardGUI.java" OnceExecutedId="L13-1" OnceExecutedPrefix="csse376_puerto_rico.GameBoardGUI.java" OptBodyExec="true">
<StmntSeq Intrnl_Id="1062">
<LocList>
<Loc EndOffset="14936" SrcFileId="9" StartOffset="14902"/>
<Loc EndOffset="14987" SrcFileId="9" StartOffset="14943"/>
</LocList>
<BasicStmnt CovItemId="S197" CovItemPrefix="csse376_puerto_rico.GameBoardGUI.java" Intrnl_Id="1063">
<LocList>
<Loc EndOffset="14936" SrcFileId="9" StartOffset="14902"/>
</LocList>
</BasicStmnt>
<CondStmnt CovItemId="S198" CovItemPrefix="csse376_puerto_rico.GameBoardGUI.java" Intrnl_Id="1064">
<Branch CovItemId="B65" CovItemPrefix="csse376_puerto_rico.GameBoardGUI.java" Implct="false" Intrnl_Id="1065">
<Cond/>
<LocList>
<Loc EndOffset="14987" SrcFileId="9" StartOffset="14954"/>
</LocList>
<StmntSeq Intrnl_Id="1066">
<LocList>
<Loc EndOffset="14979" SrcFileId="9" StartOffset="14963"/>
</LocList>
<BasicStmnt CovItemId="S199" CovItemPrefix="csse376_puerto_rico.GameBoardGUI.java" Intrnl_Id="1067">
<LocList>
<Loc EndOffset="14979" SrcFileId="9" StartOffset="14963"/>
</LocList>
</BasicStmnt>
</StmntSeq>
</Branch>
<Branch CovItemId="B66" CovItemPrefix="csse376_puerto_rico.GameBoardGUI.java" Implct="true" Intrnl_Id="1068">
<Cond/>
<LocList/>
<StmntSeq Intrnl_Id="1069">
<LocList/>
</StmntSeq>
</Branch>
<Keyword EndOffset="14945" SrcFileId="9" StartOffset="14943"/>
<LocList>
<Loc EndOffset="14987" SrcFileId="9" StartOffset="14943"/>
</LocList>
<RootTerm CovItemId="C44" CovItemPrefix="csse376_puerto_rico.GameBoardGUI.java" Intrnl_Id="1070">
<BasicBoolTerm Intrnl_Id="1071">
<LocList>
<Loc EndOffset="14952" SrcFileId="9" StartOffset="14947"/>
</LocList>
</BasicBoolTerm>
</RootTerm>
</CondStmnt>
</StmntSeq>
<Keyword EndOffset="14859" SrcFileId="9" StartOffset="14856"/>
<LocList>
<Loc EndOffset="14994" SrcFileId="9" StartOffset="14856"/>
</LocList>
</LoopStmnt>
<BasicStmnt CovItemId="S200" CovItemPrefix="csse376_puerto_rico.GameBoardGUI.java" Intrnl_Id="1072">
<LocList>
<Loc EndOffset="15024" SrcFileId="9" StartOffset="15000"/>
</LocList>
</BasicStmnt>
<BasicStmnt CovItemId="S201" CovItemPrefix="csse376_puerto_rico.GameBoardGUI.java" Intrnl_Id="1073">
<LocList>
<Loc EndOffset="15068" SrcFileId="9" StartOffset="15030"/>
</LocList>
</BasicStmnt>
<BasicStmnt CovItemId="S202" CovItemPrefix="csse376_puerto_rico.GameBoardGUI.java" Intrnl_Id="1074">
<LocList>
<Loc EndOffset="15315" SrcFileId="9" StartOffset="15076"/>
</LocList>
</BasicStmnt>
<CondStmnt CovItemId="S203" CovItemPrefix="csse376_puerto_rico.GameBoardGUI.java" Intrnl_Id="1075">
<Branch CovItemId="B67" CovItemPrefix="csse376_puerto_rico.GameBoardGUI.java" Implct="false" Intrnl_Id="1076">
<Cond/>
<LocList>
<Loc EndOffset="16056" SrcFileId="9" StartOffset="15351"/>
</LocList>
<StmntSeq Intrnl_Id="1077">
<LocList>
<Loc EndOffset="16049" SrcFileId="9" StartOffset="15359"/>
</LocList>
<CondStmnt CovItemId="S204" CovItemPrefix="csse376_puerto_rico.GameBoardGUI.java" Intrnl_Id="1078">
<Branch CovItemId="B69" CovItemPrefix="csse376_puerto_rico.GameBoardGUI.java" Implct="false" Intrnl_Id="1079">
<Cond/>
<LocList>
<Loc EndOffset="15504" SrcFileId="9" StartOffset="15400"/>
</LocList>
<StmntSeq Intrnl_Id="1080">
<LocList>
<Loc EndOffset="15456" SrcFileId="9" StartOffset="15409"/>
<Loc EndOffset="15496" SrcFileId="9" StartOffset="15464"/>
</LocList>
<BasicStmnt CovItemId="S205" CovItemPrefix="csse376_puerto_rico.GameBoardGUI.java" Intrnl_Id="1081">
<LocList>
<Loc EndOffset="15456" SrcFileId="9" StartOffset="15409"/>
</LocList>
</BasicStmnt>
<BasicStmnt CovItemId="S206" CovItemPrefix="csse376_puerto_rico.GameBoardGUI.java" Intrnl_Id="1082">
<LocList>
<Loc EndOffset="15496" SrcFileId="9" StartOffset="15464"/>
</LocList>
</BasicStmnt>
</StmntSeq>
</Branch>
<Branch CovItemId="B70" CovItemPrefix="csse376_puerto_rico.GameBoardGUI.java" Implct="false" Intrnl_Id="1083">
<Cond>
<Loc EndOffset="15509" SrcFileId="9" StartOffset="15505"/>
</Cond>
<LocList>
<Loc EndOffset="16049" SrcFileId="9" StartOffset="15510"/>
</LocList>
<StmntSeq Intrnl_Id="1084">
<LocList>
<Loc EndOffset="16049" SrcFileId="9" StartOffset="15510"/>
</LocList>
<CondStmnt CovItemId="S207" CovItemPrefix="csse376_puerto_rico.GameBoardGUI.java" Intrnl_Id="1085">
<Branch CovItemId="B71" CovItemPrefix="csse376_puerto_rico.GameBoardGUI.java" Implct="false" Intrnl_Id="1086">
<Cond/>
<LocList>
<Loc EndOffset="15596" SrcFileId="9" StartOffset="15549"/>
</LocList>
<StmntSeq Intrnl_Id="1087">
<LocList>
<Loc EndOffset="15588" SrcFileId="9" StartOffset="15558"/>
</LocList>
<BasicStmnt CovItemId="S208" CovItemPrefix="csse376_puerto_rico.GameBoardGUI.java" Intrnl_Id="1088">
<LocList>
<Loc EndOffset="15588" SrcFileId="9" StartOffset="15558"/>
</LocList>
</BasicStmnt>
</StmntSeq>
</Branch>
<Branch CovItemId="B72" CovItemPrefix="csse376_puerto_rico.GameBoardGUI.java" Implct="false" Intrnl_Id="1089">
<Cond>
<Loc EndOffset="15601" SrcFileId="9" StartOffset="15597"/>
</Cond>
<LocList>
<Loc EndOffset="16049" SrcFileId="9" StartOffset="15602"/>
</LocList>
<StmntSeq Intrnl_Id="1090">
<LocList>
<Loc EndOffset="16049" SrcFileId="9" StartOffset="15602"/>
</LocList>
<CondStmnt CovItemId="S209" CovItemPrefix="csse376_puerto_rico.GameBoardGUI.java" Intrnl_Id="1091">
<Branch CovItemId="B73" CovItemPrefix="csse376_puerto_rico.GameBoardGUI.java" Implct="false" Intrnl_Id="1092">
<Cond/>
<LocList>
<Loc EndOffset="15747" SrcFileId="9" StartOffset="15643"/>
</LocList>
<StmntSeq Intrnl_Id="1093">
<LocList>
<Loc EndOffset="15699" SrcFileId="9" StartOffset="15652"/>
<Loc EndOffset="15739" SrcFileId="9" StartOffset="15707"/>
</LocList>
<BasicStmnt CovItemId="S210" CovItemPrefix="csse376_puerto_rico.GameBoardGUI.java" Intrnl_Id="1094">
<LocList>
<Loc EndOffset="15699" SrcFileId="9" StartOffset="15652"/>
</LocList>
</BasicStmnt>
<BasicStmnt CovItemId="S211" CovItemPrefix="csse376_puerto_rico.GameBoardGUI.java" Intrnl_Id="1095">
<LocList>
<Loc EndOffset="15739" SrcFileId="9" StartOffset="15707"/>
</LocList>
</BasicStmnt>
</StmntSeq>
</Branch>
<Branch CovItemId="B74" CovItemPrefix="csse376_puerto_rico.GameBoardGUI.java" Implct="false" Intrnl_Id="1096">
<Cond>
<Loc EndOffset="15752" SrcFileId="9" StartOffset="15748"/>
</Cond>
<LocList>
<Loc EndOffset="16049" SrcFileId="9" StartOffset="15753"/>
</LocList>
<StmntSeq Intrnl_Id="1097">
<LocList>
<Loc EndOffset="16049" SrcFileId="9" StartOffset="15753"/>
</LocList>
<CondStmnt CovItemId="S212" CovItemPrefix="csse376_puerto_rico.GameBoardGUI.java" Intrnl_Id="1098">
<Branch CovItemId="B75" CovItemPrefix="csse376_puerto_rico.GameBoardGUI.java" Implct="false" Intrnl_Id="1099">
<Cond/>
<LocList>
<Loc EndOffset="15896" SrcFileId="9" StartOffset="15793"/>
</LocList>
<StmntSeq Intrnl_Id="1100">
<LocList>
<Loc EndOffset="15849" SrcFileId="9" StartOffset="15802"/>
<Loc EndOffset="15888" SrcFileId="9" StartOffset="15857"/>
</LocList>
<BasicStmnt CovItemId="S213" CovItemPrefix="csse376_puerto_rico.GameBoardGUI.java" Intrnl_Id="1101">
<LocList>
<Loc EndOffset="15849" SrcFileId="9" StartOffset="15802"/>
</LocList>
</BasicStmnt>
<BasicStmnt CovItemId="S214" CovItemPrefix="csse376_puerto_rico.GameBoardGUI.java" Intrnl_Id="1102">
<LocList>
<Loc EndOffset="15888" SrcFileId="9" StartOffset="15857"/>
</LocList>
</BasicStmnt>
</StmntSeq>
</Branch>
<Branch CovItemId="B76" CovItemPrefix="csse376_puerto_rico.GameBoardGUI.java" Implct="false" Intrnl_Id="1103">
<Cond>
<Loc EndOffset="15901" SrcFileId="9" StartOffset="15897"/>
</Cond>
<LocList>
<Loc EndOffset="16049" SrcFileId="9" StartOffset="15902"/>
</LocList>
<StmntSeq Intrnl_Id="1104">
<LocList>
<Loc EndOffset="16049" SrcFileId="9" StartOffset="15902"/>
</LocList>
<CondStmnt CovItemId="S215" CovItemPrefix="csse376_puerto_rico.GameBoardGUI.java" Intrnl_Id="1105">
<Branch CovItemId="B77" CovItemPrefix="csse376_puerto_rico.GameBoardGUI.java" Implct="false" Intrnl_Id="1106">
<Cond/>
<LocList>
<Loc EndOffset="16049" SrcFileId="9" StartOffset="15944"/>
</LocList>
<StmntSeq Intrnl_Id="1107">
<LocList>
<Loc EndOffset="16000" SrcFileId="9" StartOffset="15953"/>
<Loc EndOffset="16041" SrcFileId="9" StartOffset="16008"/>
</LocList>
<BasicStmnt CovItemId="S216" CovItemPrefix="csse376_puerto_rico.GameBoardGUI.java" Intrnl_Id="1108">
<LocList>
<Loc EndOffset="16000" SrcFileId="9" StartOffset="15953"/>
</LocList>
</BasicStmnt>
<BasicStmnt CovItemId="S217" CovItemPrefix="csse376_puerto_rico.GameBoardGUI.java" Intrnl_Id="1109">
<LocList>
<Loc EndOffset="16041" SrcFileId="9" StartOffset="16008"/>
</LocList>
</BasicStmnt>
</StmntSeq>
</Branch>
<Branch CovItemId="B78" CovItemPrefix="csse376_puerto_rico.GameBoardGUI.java" Implct="true" Intrnl_Id="1110">
<Cond/>
<LocList/>
<StmntSeq Intrnl_Id="1111">
<LocList/>
</StmntSeq>
</Branch>
<Keyword EndOffset="15904" SrcFileId="9" StartOffset="15902"/>
<LocList>
<Loc EndOffset="16049" SrcFileId="9" StartOffset="15902"/>
</LocList>
<RootTerm CovItemId="C50" CovItemPrefix="csse376_puerto_rico.GameBoardGUI.java" Intrnl_Id="1112">
<BasicBoolTerm Intrnl_Id="1113">
<LocList>
<Loc EndOffset="15942" SrcFileId="9" StartOffset="15906"/>
</LocList>
</BasicBoolTerm>
</RootTerm>
</CondStmnt>
</StmntSeq>
</Branch>
<Keyword EndOffset="15755" SrcFileId="9" StartOffset="15753"/>
<LocList>
<Loc EndOffset="16049" SrcFileId="9" StartOffset="15753"/>
</LocList>
<RootTerm CovItemId="C49" CovItemPrefix="csse376_puerto_rico.GameBoardGUI.java" Intrnl_Id="1114">
<BasicBoolTerm Intrnl_Id="1115">
<LocList>
<Loc EndOffset="15791" SrcFileId="9" StartOffset="15757"/>
</LocList>
</BasicBoolTerm>
</RootTerm>
</CondStmnt>
</StmntSeq>
</Branch>
<Keyword EndOffset="15604" SrcFileId="9" StartOffset="15602"/>
<LocList>
<Loc EndOffset="16049" SrcFileId="9" StartOffset="15602"/>
</LocList>
<RootTerm CovItemId="C48" CovItemPrefix="csse376_puerto_rico.GameBoardGUI.java" Intrnl_Id="1116">
<BasicBoolTerm Intrnl_Id="1117">
<LocList>
<Loc EndOffset="15641" SrcFileId="9" StartOffset="15606"/>
</LocList>
</BasicBoolTerm>
</RootTerm>
</CondStmnt>
</StmntSeq>
</Branch>
<Keyword EndOffset="15512" SrcFileId="9" StartOffset="15510"/>
<LocList>
<Loc EndOffset="16049" SrcFileId="9" StartOffset="15510"/>
</LocList>
<RootTerm CovItemId="C47" CovItemPrefix="csse376_puerto_rico.GameBoardGUI.java" Intrnl_Id="1118">
<BasicBoolTerm Intrnl_Id="1119">
<LocList>
<Loc EndOffset="15547" SrcFileId="9" StartOffset="15514"/>
</LocList>
</BasicBoolTerm>
</RootTerm>
</CondStmnt>
</StmntSeq>
</Branch>
<Keyword EndOffset="15361" SrcFileId="9" StartOffset="15359"/>
<LocList>
<Loc EndOffset="16049" SrcFileId="9" StartOffset="15359"/>
</LocList>
<RootTerm CovItemId="C46" CovItemPrefix="csse376_puerto_rico.GameBoardGUI.java" Intrnl_Id="1120">
<BasicBoolTerm Intrnl_Id="1121">
<LocList>
<Loc EndOffset="15398" SrcFileId="9" StartOffset="15363"/>
</LocList>
</BasicBoolTerm>
</RootTerm>
</CondStmnt>
</StmntSeq>
</Branch>
<Branch CovItemId="B68" CovItemPrefix="csse376_puerto_rico.GameBoardGUI.java" Implct="true" Intrnl_Id="1122">
<Cond/>
<LocList/>
<StmntSeq Intrnl_Id="1123">
<LocList/>
</StmntSeq>
</Branch>
<Keyword EndOffset="15323" SrcFileId="9" StartOffset="15321"/>
<LocList>
<Loc EndOffset="16056" SrcFileId="9" StartOffset="15321"/>
</LocList>
<RootTerm CovItemId="C45" CovItemPrefix="csse376_puerto_rico.GameBoardGUI.java" Intrnl_Id="1124">
<BasicBoolTerm Intrnl_Id="1125">
<LocList>
<Loc EndOffset="15349" SrcFileId="9" StartOffset="15325"/>
</LocList>
</BasicBoolTerm>
</RootTerm>
</CondStmnt>
<BasicStmnt CovItemId="S218" CovItemPrefix="csse376_puerto_rico.GameBoardGUI.java" Intrnl_Id="1126">
<LocList>
<Loc EndOffset="16183" SrcFileId="9" StartOffset="16157"/>
</LocList>
</BasicStmnt>
<BasicStmnt CovItemId="S219" CovItemPrefix="csse376_puerto_rico.GameBoardGUI.java" Intrnl_Id="1127">
<LocList>
<Loc EndOffset="16230" SrcFileId="9" StartOffset="16189"/>
</LocList>
</BasicStmnt>
</StmntSeq>
<Keyword EndOffset="14286" SrcFileId="9" StartOffset="14283"/>
<LocList>
<Loc EndOffset="16238" SrcFileId="9" StartOffset="14283"/>
</LocList>
<RootTerm CovItemId="C40" CovItemPrefix="csse376_puerto_rico.GameBoardGUI.java" Intrnl_Id="1128">
<BasicBoolTerm Intrnl_Id="1129">
<LocList>
<Loc EndOffset="14317" SrcFileId="9" StartOffset="14299"/>
</LocList>
</BasicBoolTerm>
</RootTerm>
</LoopStmnt>
</StmntSeq>
</Branch>
<Branch CovItemId="B58" CovItemPrefix="csse376_puerto_rico.GameBoardGUI.java" Implct="false" Intrnl_Id="1130">
<Cond>
<Loc EndOffset="16247" SrcFileId="9" StartOffset="16243"/>
</Cond>
<LocList>
<Loc EndOffset="20351" SrcFileId="9" StartOffset="16248"/>
</LocList>
<StmntSeq Intrnl_Id="1131">
<LocList>
<Loc EndOffset="20351" SrcFileId="9" StartOffset="16248"/>
</LocList>
<CondStmnt CovItemId="S220" CovItemPrefix="csse376_puerto_rico.GameBoardGUI.java" Intrnl_Id="1132">
<Branch CovItemId="B79" CovItemPrefix="csse376_puerto_rico.GameBoardGUI.java" Implct="false" Intrnl_Id="1133">
<Cond/>
<LocList>
<Loc EndOffset="20004" SrcFileId="9" StartOffset="16284"/>
</LocList>
<StmntSeq Intrnl_Id="1134">
<LocList>
<Loc EndOffset="19994" SrcFileId="9" StartOffset="16295"/>
</LocList>
<LoopStmnt CovItemId="S221" CovItemPrefix="csse376_puerto_rico.GameBoardGUI.java" Intrnl_Id="1135" MltplExecId="L14-2" MltplExecPrefix="csse376_puerto_rico.GameBoardGUI.java" NvrExecId="L14-0" NvrExecPrefix="csse376_puerto_rico.GameBoardGUI.java" OnceExecutedId="L14-1" OnceExecutedPrefix="csse376_puerto_rico.GameBoardGUI.java" OptBodyExec="true">
<StmntSeq Intrnl_Id="1136">
<LocList>
<Loc EndOffset="16373" SrcFileId="9" StartOffset="16343"/>
<Loc EndOffset="19777" SrcFileId="9" StartOffset="16381"/>
<Loc EndOffset="19812" SrcFileId="9" StartOffset="19787"/>
<Loc EndOffset="19939" SrcFileId="9" StartOffset="19913"/>
<Loc EndOffset="19986" SrcFileId="9" StartOffset="19945"/>
</LocList>
<BasicStmnt CovItemId="S222" CovItemPrefix="csse376_puerto_rico.GameBoardGUI.java" Intrnl_Id="1137">
<LocList>
<Loc EndOffset="16373" SrcFileId="9" StartOffset="16343"/>
</LocList>
</BasicStmnt>
<CondStmnt CovItemId="S223" CovItemPrefix="csse376_puerto_rico.GameBoardGUI.java" Intrnl_Id="1138">
<Branch CovItemId="B81" CovItemPrefix="csse376_puerto_rico.GameBoardGUI.java" Implct="false" Intrnl_Id="1139">
<Cond/>
<LocList>
<Loc EndOffset="19777" SrcFileId="9" StartOffset="16417"/>
</LocList>
<StmntSeq Intrnl_Id="1140">
<LocList>
<Loc EndOffset="16479" SrcFileId="9" StartOffset="16425"/>
<Loc EndOffset="16750" SrcFileId="9" StartOffset="16493"/>
<Loc EndOffset="16801" SrcFileId="9" StartOffset="16764"/>
<Loc EndOffset="16827" SrcFileId="9" StartOffset="16808"/>
<Loc EndOffset="16853" SrcFileId="9" StartOffset="16834"/>
<Loc EndOffset="16879" SrcFileId="9" StartOffset="16860"/>
<Loc EndOffset="17153" SrcFileId="9" StartOffset="16886"/>
<Loc EndOffset="17816" SrcFileId="9" StartOffset="17167"/>
<Loc EndOffset="17855" SrcFileId="9" StartOffset="17830"/>
<Loc EndOffset="17888" SrcFileId="9" StartOffset="17862"/>
<Loc EndOffset="17936" SrcFileId="9" StartOffset="17895"/>
<Loc EndOffset="19770" SrcFileId="9" StartOffset="17967"/>
</LocList>
<BasicStmnt CovItemId="S224" CovItemPrefix="csse376_puerto_rico.GameBoardGUI.java" Intrnl_Id="1141">
<LocList>
<Loc EndOffset="16479" SrcFileId="9" StartOffset="16425"/>
</LocList>
</BasicStmnt>
<BasicStmnt CovItemId="S225" CovItemPrefix="csse376_puerto_rico.GameBoardGUI.java" Intrnl_Id="1142">
<LocList>
<Loc EndOffset="16750" SrcFileId="9" StartOffset="16493"/>
</LocList>
</BasicStmnt>
<BasicStmnt CovItemId="S226" CovItemPrefix="csse376_puerto_rico.GameBoardGUI.java" Intrnl_Id="1143">
<LocList>
<Loc EndOffset="16801" SrcFileId="9" StartOffset="16764"/>
</LocList>
</BasicStmnt>
<BasicStmnt CovItemId="S227" CovItemPrefix="csse376_puerto_rico.GameBoardGUI.java" Intrnl_Id="1144">
<LocList>
<Loc EndOffset="16827" SrcFileId="9" StartOffset="16808"/>
</LocList>
</BasicStmnt>
<BasicStmnt CovItemId="S228" CovItemPrefix="csse376_puerto_rico.GameBoardGUI.java" Intrnl_Id="1145">
<LocList>
<Loc EndOffset="16853" SrcFileId="9" StartOffset="16834"/>
</LocList>
</BasicStmnt>
<BasicStmnt CovItemId="S229" CovItemPrefix="csse376_puerto_rico.GameBoardGUI.java" Intrnl_Id="1146">
<LocList>
<Loc EndOffset="16879" SrcFileId="9" StartOffset="16860"/>
</LocList>
</BasicStmnt>
<BasicStmnt CovItemId="S230" CovItemPrefix="csse376_puerto_rico.GameBoardGUI.java" Intrnl_Id="1147">
<LocList>
<Loc EndOffset="17153" SrcFileId="9" StartOffset="16886"/>
</LocList>
</BasicStmnt>
<CondStmnt CovItemId="S231" CovItemPrefix="csse376_puerto_rico.GameBoardGUI.java" Intrnl_Id="1148">
<Branch CovItemId="B83" CovItemPrefix="csse376_puerto_rico.GameBoardGUI.java" Implct="false" Intrnl_Id="1149">
<Cond/>
<LocList>
<Loc EndOffset="17380" SrcFileId="9" StartOffset="17180"/>
</LocList>
<StmntSeq Intrnl_Id="1150">
<LocList>
<Loc EndOffset="17248" SrcFileId="9" StartOffset="17189"/>
<Loc EndOffset="17284" SrcFileId="9" StartOffset="17256"/>
<Loc EndOffset="17372" SrcFileId="9" StartOffset="17292"/>
</LocList>
<BasicStmnt CovItemId="S232" CovItemPrefix="csse376_puerto_rico.GameBoardGUI.java" Intrnl_Id="1151">
<LocList>
<Loc EndOffset="17248" SrcFileId="9" StartOffset="17189"/>
</LocList>
</BasicStmnt>
<BasicStmnt CovItemId="S233" CovItemPrefix="csse376_puerto_rico.GameBoardGUI.java" Intrnl_Id="1152">
<LocList>
<Loc EndOffset="17284" SrcFileId="9" StartOffset="17256"/>
</LocList>
</BasicStmnt>
<CondStmnt CovItemId="S234" CovItemPrefix="csse376_puerto_rico.GameBoardGUI.java" Intrnl_Id="1153">
<Branch CovItemId="B85" CovItemPrefix="csse376_puerto_rico.GameBoardGUI.java" Implct="false" Intrnl_Id="1154">
<Cond/>
<LocList>
<Loc EndOffset="17372" SrcFileId="9" StartOffset="17333"/>
</LocList>
<StmntSeq Intrnl_Id="1155">
<LocList>
<Loc EndOffset="17363" SrcFileId="9" StartOffset="17343"/>
</LocList>
<BasicStmnt CovItemId="S235" CovItemPrefix="csse376_puerto_rico.GameBoardGUI.java" Intrnl_Id="1156">
<LocList>
<Loc EndOffset="17363" SrcFileId="9" StartOffset="17343"/>
</LocList>
</BasicStmnt>
</StmntSeq>
</Branch>
<Branch CovItemId="B86" CovItemPrefix="csse376_puerto_rico.GameBoardGUI.java" Implct="true" Intrnl_Id="1157">
<Cond/>
<LocList/>
<StmntSeq Intrnl_Id="1158">
<LocList/>
</StmntSeq>
</Branch>
<Keyword EndOffset="17294" SrcFileId="9" StartOffset="17292"/>
<LocList>
<Loc EndOffset="17372" SrcFileId="9" StartOffset="17292"/>
</LocList>
<RootTerm CovItemId="C55" CovItemPrefix="csse376_puerto_rico.GameBoardGUI.java" Intrnl_Id="1159">
<BasicBoolTerm Intrnl_Id="1160">
<LocList>
<Loc EndOffset="17332" SrcFileId="9" StartOffset="17295"/>
</LocList>
</BasicBoolTerm>
</RootTerm>
</CondStmnt>
</StmntSeq>
</Branch>
<Branch CovItemId="B84" CovItemPrefix="csse376_puerto_rico.GameBoardGUI.java" Implct="false" Intrnl_Id="1161">
<Cond>
<Loc EndOffset="17384" SrcFileId="9" StartOffset="17380"/>
</Cond>
<LocList>
<Loc EndOffset="17816" SrcFileId="9" StartOffset="17385"/>
</LocList>
<StmntSeq Intrnl_Id="1162">
<LocList>
<Loc EndOffset="17816" SrcFileId="9" StartOffset="17385"/>
</LocList>
<CondStmnt CovItemId="S236" CovItemPrefix="csse376_puerto_rico.GameBoardGUI.java" Intrnl_Id="1163">
<Branch CovItemId="B87" CovItemPrefix="csse376_puerto_rico.GameBoardGUI.java" Implct="false" Intrnl_Id="1164">
<Cond/>
<LocList>
<Loc EndOffset="17598" SrcFileId="9" StartOffset="17398"/>
</LocList>
<StmntSeq Intrnl_Id="1165">
<LocList>
<Loc EndOffset="17466" SrcFileId="9" StartOffset="17407"/>
<Loc EndOffset="17502" SrcFileId="9" StartOffset="17474"/>
<Loc EndOffset="17590" SrcFileId="9" StartOffset="17510"/>
</LocList>
<BasicStmnt CovItemId="S237" CovItemPrefix="csse376_puerto_rico.GameBoardGUI.java" Intrnl_Id="1166">
<LocList>
<Loc EndOffset="17466" SrcFileId="9" StartOffset="17407"/>
</LocList>
</BasicStmnt>
<BasicStmnt CovItemId="S238" CovItemPrefix="csse376_puerto_rico.GameBoardGUI.java" Intrnl_Id="1167">
<LocList>
<Loc EndOffset="17502" SrcFileId="9" StartOffset="17474"/>
</LocList>
</BasicStmnt>
<CondStmnt CovItemId="S239" CovItemPrefix="csse376_puerto_rico.GameBoardGUI.java" Intrnl_Id="1168">
<Branch CovItemId="B89" CovItemPrefix="csse376_puerto_rico.GameBoardGUI.java" Implct="false" Intrnl_Id="1169">
<Cond/>
<LocList>
<Loc EndOffset="17590" SrcFileId="9" StartOffset="17551"/>
</LocList>
<StmntSeq Intrnl_Id="1170">
<LocList>
<Loc EndOffset="17581" SrcFileId="9" StartOffset="17561"/>
</LocList>
<BasicStmnt CovItemId="S240" CovItemPrefix="csse376_puerto_rico.GameBoardGUI.java" Intrnl_Id="1171">
<LocList>
<Loc EndOffset="17581" SrcFileId="9" StartOffset="17561"/>
</LocList>
</BasicStmnt>
</StmntSeq>
</Branch>
<Branch CovItemId="B90" CovItemPrefix="csse376_puerto_rico.GameBoardGUI.java" Implct="true" Intrnl_Id="1172">
<Cond/>
<LocList/>
<StmntSeq Intrnl_Id="1173">
<LocList/>
</StmntSeq>
</Branch>
<Keyword EndOffset="17512" SrcFileId="9" StartOffset="17510"/>
<LocList>
<Loc EndOffset="17590" SrcFileId="9" StartOffset="17510"/>
</LocList>
<RootTerm CovItemId="C57" CovItemPrefix="csse376_puerto_rico.GameBoardGUI.java" Intrnl_Id="1174">
<BasicBoolTerm Intrnl_Id="1175">
<LocList>
<Loc EndOffset="17550" SrcFileId="9" StartOffset="17513"/>
</LocList>
</BasicBoolTerm>
</RootTerm>
</CondStmnt>
</StmntSeq>
</Branch>
<Branch CovItemId="B88" CovItemPrefix="csse376_puerto_rico.GameBoardGUI.java" Implct="false" Intrnl_Id="1176">
<Cond>
<Loc EndOffset="17602" SrcFileId="9" StartOffset="17598"/>
</Cond>
<LocList>
<Loc EndOffset="17816" SrcFileId="9" StartOffset="17603"/>
</LocList>
<StmntSeq Intrnl_Id="1177">
<LocList>
<Loc EndOffset="17816" SrcFileId="9" StartOffset="17603"/>
</LocList>
<CondStmnt CovItemId="S241" CovItemPrefix="csse376_puerto_rico.GameBoardGUI.java" Intrnl_Id="1178">
<Branch CovItemId="B91" CovItemPrefix="csse376_puerto_rico.GameBoardGUI.java" Implct="false" Intrnl_Id="1179">
<Cond/>
<LocList>
<Loc EndOffset="17816" SrcFileId="9" StartOffset="17616"/>
</LocList>
<StmntSeq Intrnl_Id="1180">
<LocList>
<Loc EndOffset="17684" SrcFileId="9" StartOffset="17625"/>
<Loc EndOffset="17720" SrcFileId="9" StartOffset="17692"/>
<Loc EndOffset="17808" SrcFileId="9" StartOffset="17728"/>
</LocList>
<BasicStmnt CovItemId="S242" CovItemPrefix="csse376_puerto_rico.GameBoardGUI.java" Intrnl_Id="1181">
<LocList>
<Loc EndOffset="17684" SrcFileId="9" StartOffset="17625"/>
</LocList>
</BasicStmnt>
<BasicStmnt CovItemId="S243" CovItemPrefix="csse376_puerto_rico.GameBoardGUI.java" Intrnl_Id="1182">
<LocList>
<Loc EndOffset="17720" SrcFileId="9" StartOffset="17692"/>
</LocList>
</BasicStmnt>
<CondStmnt CovItemId="S244" CovItemPrefix="csse376_puerto_rico.GameBoardGUI.java" Intrnl_Id="1183">
<Branch CovItemId="B93" CovItemPrefix="csse376_puerto_rico.GameBoardGUI.java" Implct="false" Intrnl_Id="1184">
<Cond/>
<LocList>
<Loc EndOffset="17808" SrcFileId="9" StartOffset="17769"/>
</LocList>
<StmntSeq Intrnl_Id="1185">
<LocList>
<Loc EndOffset="17799" SrcFileId="9" StartOffset="17779"/>
</LocList>
<BasicStmnt CovItemId="S245" CovItemPrefix="csse376_puerto_rico.GameBoardGUI.java" Intrnl_Id="1186">
<LocList>
<Loc EndOffset="17799" SrcFileId="9" StartOffset="17779"/>
</LocList>
</BasicStmnt>
</StmntSeq>
</Branch>
<Branch CovItemId="B94" CovItemPrefix="csse376_puerto_rico.GameBoardGUI.java" Implct="true" Intrnl_Id="1187">
<Cond/>
<LocList/>
<StmntSeq Intrnl_Id="1188">
<LocList/>
</StmntSeq>
</Branch>
<Keyword EndOffset="17730" SrcFileId="9" StartOffset="17728"/>
<LocList>
<Loc EndOffset="17808" SrcFileId="9" StartOffset="17728"/>
</LocList>
<RootTerm CovItemId="C59" CovItemPrefix="csse376_puerto_rico.GameBoardGUI.java" Intrnl_Id="1189">
<BasicBoolTerm Intrnl_Id="1190">
<LocList>
<Loc EndOffset="17768" SrcFileId="9" StartOffset="17731"/>
</LocList>
</BasicBoolTerm>
</RootTerm>
</CondStmnt>
</StmntSeq>
</Branch>
<Branch CovItemId="B92" CovItemPrefix="csse376_puerto_rico.GameBoardGUI.java" Implct="true" Intrnl_Id="1191">
<Cond/>
<LocList/>
<StmntSeq Intrnl_Id="1192">
<LocList/>
</StmntSeq>
</Branch>
<Keyword EndOffset="17605" SrcFileId="9" StartOffset="17603"/>
<LocList>
<Loc EndOffset="17816" SrcFileId="9" StartOffset="17603"/>
</LocList>
<RootTerm CovItemId="C58" CovItemPrefix="csse376_puerto_rico.GameBoardGUI.java" Intrnl_Id="1193">
<BasicBoolTerm Intrnl_Id="1194">
<LocList>
<Loc EndOffset="17615" SrcFileId="9" StartOffset="17606"/>
</LocList>
</BasicBoolTerm>
</RootTerm>
</CondStmnt>
</StmntSeq>
</Branch>
<Keyword EndOffset="17387" SrcFileId="9" StartOffset="17385"/>
<LocList>
<Loc EndOffset="17816" SrcFileId="9" StartOffset="17385"/>
</LocList>
<RootTerm CovItemId="C56" CovItemPrefix="csse376_puerto_rico.GameBoardGUI.java" Intrnl_Id="1195">
<BasicBoolTerm Intrnl_Id="1196">
<LocList>
<Loc EndOffset="17397" SrcFileId="9" StartOffset="17388"/>
</LocList>
</BasicBoolTerm>
</RootTerm>
</CondStmnt>
</StmntSeq>
</Branch>
<Keyword EndOffset="17169" SrcFileId="9" StartOffset="17167"/>
<LocList>
<Loc EndOffset="17816" SrcFileId="9" StartOffset="17167"/>
</LocList>
<RootTerm CovItemId="C54" CovItemPrefix="csse376_puerto_rico.GameBoardGUI.java" Intrnl_Id="1197">
<BasicBoolTerm Intrnl_Id="1198">
<LocList>
<Loc EndOffset="17179" SrcFileId="9" StartOffset="17170"/>
</LocList>
</BasicBoolTerm>
</RootTerm>
</CondStmnt>
<BasicStmnt CovItemId="S246" CovItemPrefix="csse376_puerto_rico.GameBoardGUI.java" Intrnl_Id="1199">
<LocList>
<Loc EndOffset="17855" SrcFileId="9" StartOffset="17830"/>
</LocList>
</BasicStmnt>
<BasicStmnt CovItemId="S247" CovItemPrefix="csse376_puerto_rico.GameBoardGUI.java" Intrnl_Id="1200">
<LocList>
<Loc EndOffset="17888" SrcFileId="9" StartOffset="17862"/>
</LocList>
</BasicStmnt>
<BasicStmnt CovItemId="S248" CovItemPrefix="csse376_puerto_rico.GameBoardGUI.java" Intrnl_Id="1201">
<LocList>
<Loc EndOffset="17936" SrcFileId="9" StartOffset="17895"/>
</LocList>
</BasicStmnt>
<LoopStmnt CovItemId="S249" CovItemPrefix="csse376_puerto_rico.GameBoardGUI.java" Intrnl_Id="1202" MltplExecId="L15-2" MltplExecPrefix="csse376_puerto_rico.GameBoardGUI.java" NvrExecId="L15-0" NvrExecPrefix="csse376_puerto_rico.GameBoardGUI.java" OnceExecutedId="L15-1" OnceExecutedPrefix="csse376_puerto_rico.GameBoardGUI.java" OptBodyExec="true">
<StmntSeq Intrnl_Id="1203">
<LocList>
<Loc EndOffset="19646" SrcFileId="9" StartOffset="18015"/>
<Loc EndOffset="19679" SrcFileId="9" StartOffset="19654"/>
<Loc EndOffset="19713" SrcFileId="9" StartOffset="19687"/>
<Loc EndOffset="19762" SrcFileId="9" StartOffset="19721"/>
</LocList>
<CondStmnt CovItemId="S250" CovItemPrefix="csse376_puerto_rico.GameBoardGUI.java" Intrnl_Id="1204">
<Branch CovItemId="B95" CovItemPrefix="csse376_puerto_rico.GameBoardGUI.java" Implct="false" Intrnl_Id="1205">
<Cond/>
<LocList>
<Loc EndOffset="19069" SrcFileId="9" StartOffset="18079"/>
</LocList>
<StmntSeq Intrnl_Id="1206">
<LocList>
<Loc EndOffset="18140" SrcFileId="9" StartOffset="18089"/>
<Loc EndOffset="18411" SrcFileId="9" StartOffset="18149"/>
<Loc EndOffset="18683" SrcFileId="9" StartOffset="18420"/>
<Loc EndOffset="18789" SrcFileId="9" StartOffset="18692"/>
<Loc EndOffset="18871" SrcFileId="9" StartOffset="18798"/>
<Loc EndOffset="18978" SrcFileId="9" StartOffset="18880"/>
<Loc EndOffset="19060" SrcFileId="9" StartOffset="18987"/>
</LocList>
<BasicStmnt CovItemId="S251" CovItemPrefix="csse376_puerto_rico.GameBoardGUI.java" Intrnl_Id="1207">
<LocList>
<Loc EndOffset="18140" SrcFileId="9" StartOffset="18089"/>
</LocList>
</BasicStmnt>
<BasicStmnt CovItemId="S252" CovItemPrefix="csse376_puerto_rico.GameBoardGUI.java" Intrnl_Id="1208">
<LocList>
<Loc EndOffset="18411" SrcFileId="9" StartOffset="18149"/>
</LocList>
</BasicStmnt>
<BasicStmnt CovItemId="S253" CovItemPrefix="csse376_puerto_rico.GameBoardGUI.java" Intrnl_Id="1209">
<LocList>
<Loc EndOffset="18683" SrcFileId="9" StartOffset="18420"/>
</LocList>
</BasicStmnt>
<BasicStmnt CovItemId="S254" CovItemPrefix="csse376_puerto_rico.GameBoardGUI.java" Intrnl_Id="1210">
<LocList>
<Loc EndOffset="18789" SrcFileId="9" StartOffset="18692"/>
</LocList>
</BasicStmnt>
<BasicStmnt CovItemId="S255" CovItemPrefix="csse376_puerto_rico.GameBoardGUI.java" Intrnl_Id="1211">
<LocList>
<Loc EndOffset="18871" SrcFileId="9" StartOffset="18798"/>
</LocList>
</BasicStmnt>
<BasicStmnt CovItemId="S256" CovItemPrefix="csse376_puerto_rico.GameBoardGUI.java" Intrnl_Id="1212">
<LocList>
<Loc EndOffset="18978" SrcFileId="9" StartOffset="18880"/>
</LocList>
</BasicStmnt>
<BasicStmnt CovItemId="S257" CovItemPrefix="csse376_puerto_rico.GameBoardGUI.java" Intrnl_Id="1213">
<LocList>
<Loc EndOffset="19060" SrcFileId="9" StartOffset="18987"/>
</LocList>
</BasicStmnt>
</StmntSeq>
</Branch>
<Branch CovItemId="B96" CovItemPrefix="csse376_puerto_rico.GameBoardGUI.java" Implct="false" Intrnl_Id="1214">
<Cond>
<Loc EndOffset="19073" SrcFileId="9" StartOffset="19069"/>
</Cond>
<LocList>
<Loc EndOffset="19646" SrcFileId="9" StartOffset="19074"/>
</LocList>
<StmntSeq Intrnl_Id="1215">
<LocList>
<Loc EndOffset="19646" SrcFileId="9" StartOffset="19074"/>
</LocList>
<CondStmnt CovItemId="S258" CovItemPrefix="csse376_puerto_rico.GameBoardGUI.java" Intrnl_Id="1216">
<Branch CovItemId="B97" CovItemPrefix="csse376_puerto_rico.GameBoardGUI.java" Implct="false" Intrnl_Id="1217">
<Cond/>
<LocList>
<Loc EndOffset="19646" SrcFileId="9" StartOffset="19138"/>
</LocList>
<StmntSeq Intrnl_Id="1218">
<LocList>
<Loc EndOffset="19198" SrcFileId="9" StartOffset="19148"/>
<Loc EndOffset="19458" SrcFileId="9" StartOffset="19207"/>
<Loc EndOffset="19555" SrcFileId="9" StartOffset="19467"/>
<Loc EndOffset="19637" SrcFileId="9" StartOffset="19564"/>
</LocList>
<BasicStmnt CovItemId="S259" CovItemPrefix="csse376_puerto_rico.GameBoardGUI.java" Intrnl_Id="1219">
<LocList>
<Loc EndOffset="19198" SrcFileId="9" StartOffset="19148"/>
</LocList>
</BasicStmnt>
<BasicStmnt CovItemId="S260" CovItemPrefix="csse376_puerto_rico.GameBoardGUI.java" Intrnl_Id="1220">
<LocList>
<Loc EndOffset="19458" SrcFileId="9" StartOffset="19207"/>
</LocList>
</BasicStmnt>
<BasicStmnt CovItemId="S261" CovItemPrefix="csse376_puerto_rico.GameBoardGUI.java" Intrnl_Id="1221">
<LocList>
<Loc EndOffset="19555" SrcFileId="9" StartOffset="19467"/>
</LocList>
</BasicStmnt>
<BasicStmnt CovItemId="S262" CovItemPrefix="csse376_puerto_rico.GameBoardGUI.java" Intrnl_Id="1222">
<LocList>
<Loc EndOffset="19637" SrcFileId="9" StartOffset="19564"/>
</LocList>
</BasicStmnt>
</StmntSeq>
</Branch>
<Branch CovItemId="B98" CovItemPrefix="csse376_puerto_rico.GameBoardGUI.java" Implct="true" Intrnl_Id="1223">
<Cond/>
<LocList/>
<StmntSeq Intrnl_Id="1224">
<LocList/>
</StmntSeq>
</Branch>
<Keyword EndOffset="19076" SrcFileId="9" StartOffset="19074"/>
<LocList>
<Loc EndOffset="19646" SrcFileId="9" StartOffset="19074"/>
</LocList>
<RootTerm CovItemId="C62" CovItemPrefix="csse376_puerto_rico.GameBoardGUI.java" Intrnl_Id="1225">
<BasicBoolTerm Intrnl_Id="1226">
<LocList>
<Loc EndOffset="19137" SrcFileId="9" StartOffset="19077"/>
</LocList>
</BasicBoolTerm>
</RootTerm>
</CondStmnt>
</StmntSeq>
</Branch>
<Keyword EndOffset="18017" SrcFileId="9" StartOffset="18015"/>
<LocList>
<Loc EndOffset="19646" SrcFileId="9" StartOffset="18015"/>
</LocList>
<RootTerm CovItemId="C61" CovItemPrefix="csse376_puerto_rico.GameBoardGUI.java" Intrnl_Id="1227">
<BasicBoolTerm Intrnl_Id="1228">
<LocList>
<Loc EndOffset="18078" SrcFileId="9" StartOffset="18018"/>
</LocList>
</BasicBoolTerm>
</RootTerm>
</CondStmnt>
<BasicStmnt CovItemId="S263" CovItemPrefix="csse376_puerto_rico.GameBoardGUI.java" Intrnl_Id="1229">
<LocList>
<Loc EndOffset="19679" SrcFileId="9" StartOffset="19654"/>
</LocList>
</BasicStmnt>
<BasicStmnt CovItemId="S264" CovItemPrefix="csse376_puerto_rico.GameBoardGUI.java" Intrnl_Id="1230">
<LocList>
<Loc EndOffset="19713" SrcFileId="9" StartOffset="19687"/>
</LocList>
</BasicStmnt>
<BasicStmnt CovItemId="S265" CovItemPrefix="csse376_puerto_rico.GameBoardGUI.java" Intrnl_Id="1231">
<LocList>
<Loc EndOffset="19762" SrcFileId="9" StartOffset="19721"/>
</LocList>
</BasicStmnt>
</StmntSeq>
<Keyword EndOffset="17970" SrcFileId="9" StartOffset="17967"/>
<LocList>
<Loc EndOffset="19770" SrcFileId="9" StartOffset="17967"/>
</LocList>
<RootTerm CovItemId="C60" CovItemPrefix="csse376_puerto_rico.GameBoardGUI.java" Intrnl_Id="1232">
<BasicBoolTerm Intrnl_Id="1233">
<LocList>
<Loc EndOffset="18000" SrcFileId="9" StartOffset="17982"/>
</LocList>
</BasicBoolTerm>
</RootTerm>
</LoopStmnt>
</StmntSeq>
</Branch>
<Branch CovItemId="B82" CovItemPrefix="csse376_puerto_rico.GameBoardGUI.java" Implct="true" Intrnl_Id="1234">
<Cond/>
<LocList/>
<StmntSeq Intrnl_Id="1235">
<LocList/>
</StmntSeq>
</Branch>
<Keyword EndOffset="16383" SrcFileId="9" StartOffset="16381"/>
<LocList>
<Loc EndOffset="19777" SrcFileId="9" StartOffset="16381"/>
</LocList>
<RootTerm CovItemId="C53" CovItemPrefix="csse376_puerto_rico.GameBoardGUI.java" Intrnl_Id="1236">
<BasicBoolTerm Intrnl_Id="1237">
<LocList>
<Loc EndOffset="16416" SrcFileId="9" StartOffset="16384"/>
</LocList>
</BasicBoolTerm>
</RootTerm>
</CondStmnt>
<BasicStmnt CovItemId="S266" CovItemPrefix="csse376_puerto_rico.GameBoardGUI.java" Intrnl_Id="1238">
<LocList>
<Loc EndOffset="19812" SrcFileId="9" StartOffset="19787"/>
</LocList>
</BasicStmnt>
<BasicStmnt CovItemId="S267" CovItemPrefix="csse376_puerto_rico.GameBoardGUI.java" Intrnl_Id="1239">
<LocList>
<Loc EndOffset="19939" SrcFileId="9" StartOffset="19913"/>
</LocList>
</BasicStmnt>
<BasicStmnt CovItemId="S268" CovItemPrefix="csse376_puerto_rico.GameBoardGUI.java" Intrnl_Id="1240">
<LocList>
<Loc EndOffset="19986" SrcFileId="9" StartOffset="19945"/>
</LocList>
</BasicStmnt>
</StmntSeq>
<Keyword EndOffset="16298" SrcFileId="9" StartOffset="16295"/>
<LocList>
<Loc EndOffset="19994" SrcFileId="9" StartOffset="16295"/>
</LocList>
<RootTerm CovItemId="C52" CovItemPrefix="csse376_puerto_rico.GameBoardGUI.java" Intrnl_Id="1241">
<BasicBoolTerm Intrnl_Id="1242">
<LocList>
<Loc EndOffset="16329" SrcFileId="9" StartOffset="16311"/>
</LocList>
</BasicBoolTerm>
</RootTerm>
</LoopStmnt>
</StmntSeq>
</Branch>
<Branch CovItemId="B80" CovItemPrefix="csse376_puerto_rico.GameBoardGUI.java" Implct="false" Intrnl_Id="1243">
<Cond>
<Loc EndOffset="20008" SrcFileId="9" StartOffset="20004"/>
</Cond>
<LocList>
<Loc EndOffset="20351" SrcFileId="9" StartOffset="20009"/>
</LocList>
<StmntSeq Intrnl_Id="1244">
<LocList>
<Loc EndOffset="20351" SrcFileId="9" StartOffset="20009"/>
</LocList>
<CondStmnt CovItemId="S269" CovItemPrefix="csse376_puerto_rico.GameBoardGUI.java" Intrnl_Id="1245">
<Branch CovItemId="B99" CovItemPrefix="csse376_puerto_rico.GameBoardGUI.java" Implct="false" Intrnl_Id="1246">
<Cond/>
<LocList>
<Loc EndOffset="20351" SrcFileId="9" StartOffset="20048"/>
</LocList>
<StmntSeq Intrnl_Id="1247">
<LocList>
<Loc EndOffset="20346" SrcFileId="9" StartOffset="20072"/>
</LocList>
<LoopStmnt CovItemId="S270" CovItemPrefix="csse376_puerto_rico.GameBoardGUI.java" Intrnl_Id="1248" MltplExecId="L16-2" MltplExecPrefix="csse376_puerto_rico.GameBoardGUI.java" NvrExecId="L16-0" NvrExecPrefix="csse376_puerto_rico.GameBoardGUI.java" OnceExecutedId="L16-1" OnceExecutedPrefix="csse376_puerto_rico.GameBoardGUI.java" OptBodyExec="true">
<StmntSeq Intrnl_Id="1249">
<LocList>
<Loc EndOffset="20152" SrcFileId="9" StartOffset="20122"/>
<Loc EndOffset="20291" SrcFileId="9" StartOffset="20265"/>
<Loc EndOffset="20338" SrcFileId="9" StartOffset="20297"/>
</LocList>
<BasicStmnt CovItemId="S271" CovItemPrefix="csse376_puerto_rico.GameBoardGUI.java" Intrnl_Id="1250">
<LocList>
<Loc EndOffset="20152" SrcFileId="9" StartOffset="20122"/>
</LocList>
</BasicStmnt>
<BasicStmnt CovItemId="S272" CovItemPrefix="csse376_puerto_rico.GameBoardGUI.java" Intrnl_Id="1251">
<LocList>
<Loc EndOffset="20291" SrcFileId="9" StartOffset="20265"/>
</LocList>
</BasicStmnt>
<BasicStmnt CovItemId="S273" CovItemPrefix="csse376_puerto_rico.GameBoardGUI.java" Intrnl_Id="1252">
<LocList>
<Loc EndOffset="20338" SrcFileId="9" StartOffset="20297"/>
</LocList>
</BasicStmnt>
</StmntSeq>
<Keyword EndOffset="20075" SrcFileId="9" StartOffset="20072"/>
<LocList>
<Loc EndOffset="20346" SrcFileId="9" StartOffset="20072"/>
</LocList>
<RootTerm CovItemId="C64" CovItemPrefix="csse376_puerto_rico.GameBoardGUI.java" Intrnl_Id="1253">
<BasicBoolTerm Intrnl_Id="1254">
<LocList>
<Loc EndOffset="20106" SrcFileId="9" StartOffset="20088"/>
</LocList>
</BasicBoolTerm>
</RootTerm>
</LoopStmnt>
</StmntSeq>
</Branch>
<Branch CovItemId="B100" CovItemPrefix="csse376_puerto_rico.GameBoardGUI.java" Implct="true" Intrnl_Id="1255">
<Cond/>
<LocList/>
<StmntSeq Intrnl_Id="1256">
<LocList/>
</StmntSeq>
</Branch>
<Keyword EndOffset="20011" SrcFileId="9" StartOffset="20009"/>
<LocList>
<Loc EndOffset="20351" SrcFileId="9" StartOffset="20009"/>
</LocList>
<RootTerm CovItemId="C63" CovItemPrefix="csse376_puerto_rico.GameBoardGUI.java" Intrnl_Id="1257">
<BasicBoolTerm Intrnl_Id="1258">
<LocList>
<Loc EndOffset="20047" SrcFileId="9" StartOffset="20012"/>
</LocList>
</BasicBoolTerm>
</RootTerm>
</CondStmnt>
</StmntSeq>
</Branch>
<Keyword EndOffset="16250" SrcFileId="9" StartOffset="16248"/>
<LocList>
<Loc EndOffset="20351" SrcFileId="9" StartOffset="16248"/>
</LocList>
<RootTerm CovItemId="C51" CovItemPrefix="csse376_puerto_rico.GameBoardGUI.java" Intrnl_Id="1259">
<BasicBoolTerm Intrnl_Id="1260">
<LocList>
<Loc EndOffset="16283" SrcFileId="9" StartOffset="16251"/>
</LocList>
</BasicBoolTerm>
</RootTerm>
</CondStmnt>
</StmntSeq>
</Branch>
<Keyword EndOffset="14235" SrcFileId="9" StartOffset="14233"/>
<LocList>
<Loc EndOffset="20351" SrcFileId="9" StartOffset="14233"/>
</LocList>
<RootTerm CovItemId="C39" CovItemPrefix="csse376_puerto_rico.GameBoardGUI.java" Intrnl_Id="1261">
<BasicBoolTerm Intrnl_Id="1262">
<LocList>
<Loc EndOffset="14268" SrcFileId="9" StartOffset="14237"/>
</LocList>
</BasicBoolTerm>
</RootTerm>
</CondStmnt>
</StmntSeq>
</Branch>
<Keyword EndOffset="13330" SrcFileId="9" StartOffset="13328"/>
<LocList>
<Loc EndOffset="20351" SrcFileId="9" StartOffset="13328"/>
</LocList>
<RootTerm CovItemId="C32" CovItemPrefix="csse376_puerto_rico.GameBoardGUI.java" Intrnl_Id="1263">
<BasicBoolTerm Intrnl_Id="1264">
<LocList>
<Loc EndOffset="13365" SrcFileId="9" StartOffset="13331"/>
</LocList>
</BasicBoolTerm>
</RootTerm>
</CondStmnt>
</StmntSeq>
</Branch>
<Keyword EndOffset="11567" SrcFileId="9" StartOffset="11565"/>
<LocList>
<Loc EndOffset="20351" SrcFileId="9" StartOffset="11565"/>
</LocList>
<RootTerm CovItemId="C25" CovItemPrefix="csse376_puerto_rico.GameBoardGUI.java" Intrnl_Id="1265">
<BasicBoolTerm Intrnl_Id="1266">
<LocList>
<Loc EndOffset="11600" SrcFileId="9" StartOffset="11568"/>
</LocList>
</BasicBoolTerm>
</RootTerm>
</CondStmnt>
</StmntSeq>
</Branch>
<Keyword EndOffset="10167" SrcFileId="9" StartOffset="10165"/>
<LocList>
<Loc EndOffset="20351" SrcFileId="9" StartOffset="10165"/>
</LocList>
<RootTerm CovItemId="C19" CovItemPrefix="csse376_puerto_rico.GameBoardGUI.java" Intrnl_Id="1267">
<BasicBoolTerm Intrnl_Id="1268">
<LocList>
<Loc EndOffset="10201" SrcFileId="9" StartOffset="10169"/>
</LocList>
</BasicBoolTerm>
</RootTerm>
</CondStmnt>
</StmntSeq>
</Branch>
<Keyword EndOffset="7164" SrcFileId="9" StartOffset="7162"/>
<LocList>
<Loc EndOffset="20351" SrcFileId="9" StartOffset="7162"/>
</LocList>
<RootTerm CovItemId="C10" CovItemPrefix="csse376_puerto_rico.GameBoardGUI.java" Intrnl_Id="1269">
<BasicBoolTerm Intrnl_Id="1270">
<LocList>
<Loc EndOffset="7196" SrcFileId="9" StartOffset="7166"/>
</LocList>
</BasicBoolTerm>
</RootTerm>
</CondStmnt>
</StmntSeq>
</HierarchyLvl>
</HierarchyLvl>
<HierarchyLvl HierarchyLvlId="5492" HierarchyLvlTypeId="16" Intrnl_Id="1271" Name="ButtonHandler">
<Header>
<Loc EndOffset="224" SrcFileId="10" StartOffset="172"/>
</Header>
<LocList>
<Loc EndOffset="790" SrcFileId="10" StartOffset="172"/>
</LocList>
<HierarchyLvl HierarchyLvlId="5490" HierarchyLvlTypeId="17" Intrnl_Id="1272" Name="ButtonHandler">
<Header>
<Loc EndOffset="345" SrcFileId="10" StartOffset="292"/>
</Header>
<LocList>
<Loc EndOffset="402" SrcFileId="10" StartOffset="292"/>
</LocList>
<StmntSeq Intrnl_Id="1273">
<LocList>
<Loc EndOffset="374" SrcFileId="10" StartOffset="351"/>
<Loc EndOffset="398" SrcFileId="10" StartOffset="378"/>
</LocList>
<BasicStmnt CovItemId="S1" CovItemPrefix="csse376_puerto_rico.ButtonHandler.java" Intrnl_Id="1274">
<LocList>
<Loc EndOffset="374" SrcFileId="10" StartOffset="351"/>
</LocList>
</BasicStmnt>
<BasicStmnt CovItemId="S2" CovItemPrefix="csse376_puerto_rico.ButtonHandler.java" Intrnl_Id="1275">
<LocList>
<Loc EndOffset="398" SrcFileId="10" StartOffset="378"/>
</LocList>
</BasicStmnt>
</StmntSeq>
</HierarchyLvl>
<HierarchyLvl HierarchyLvlId="5491" HierarchyLvlTypeId="17" Intrnl_Id="1276" Name="actionPerformed">
<Header>
<Loc EndOffset="462" SrcFileId="10" StartOffset="407"/>
</Header>
<LocList>
<Loc EndOffset="785" SrcFileId="10" StartOffset="407"/>
</LocList>
<StmntSeq Intrnl_Id="1277">
<LocList>
<Loc EndOffset="506" SrcFileId="10" StartOffset="468"/>
<Loc EndOffset="781" SrcFileId="10" StartOffset="510"/>
</LocList>
<BasicStmnt CovItemId="S3" CovItemPrefix="csse376_puerto_rico.ButtonHandler.java" Intrnl_Id="1278">
<LocList>
<Loc EndOffset="506" SrcFileId="10" StartOffset="468"/>
</LocList>
</BasicStmnt>
<CondStmnt CovItemId="S4" CovItemPrefix="csse376_puerto_rico.ButtonHandler.java" Intrnl_Id="1279">
<Branch CovItemId="B1" CovItemPrefix="csse376_puerto_rico.ButtonHandler.java" Implct="false" Intrnl_Id="1280">
<Cond/>
<LocList>
<Loc EndOffset="561" SrcFileId="10" StartOffset="535"/>
</LocList>
<StmntSeq Intrnl_Id="1281">
<LocList>
<Loc EndOffset="556" SrcFileId="10" StartOffset="541"/>
</LocList>
<BasicStmnt CovItemId="S5" CovItemPrefix="csse376_puerto_rico.ButtonHandler.java" Intrnl_Id="1282">
<LocList>
<Loc EndOffset="556" SrcFileId="10" StartOffset="541"/>
</LocList>
</BasicStmnt>
</StmntSeq>
</Branch>
<Branch CovItemId="B2" CovItemPrefix="csse376_puerto_rico.ButtonHandler.java" Implct="false" Intrnl_Id="1283">
<Cond>
<Loc EndOffset="565" SrcFileId="10" StartOffset="561"/>
</Cond>
<LocList>
<Loc EndOffset="781" SrcFileId="10" StartOffset="566"/>
</LocList>
<StmntSeq Intrnl_Id="1284">
<LocList>
<Loc EndOffset="781" SrcFileId="10" StartOffset="566"/>
</LocList>
<CondStmnt CovItemId="S6" CovItemPrefix="csse376_puerto_rico.ButtonHandler.java" Intrnl_Id="1285">
<Branch CovItemId="B3" CovItemPrefix="csse376_puerto_rico.ButtonHandler.java" Implct="false" Intrnl_Id="1286">
<Cond/>
<LocList>
<Loc EndOffset="646" SrcFileId="10" StartOffset="595"/>
</LocList>
<StmntSeq Intrnl_Id="1287">
<LocList>
<Loc EndOffset="641" SrcFileId="10" StartOffset="601"/>
</LocList>
<BasicStmnt CovItemId="S7" CovItemPrefix="csse376_puerto_rico.ButtonHandler.java" Intrnl_Id="1288">
<LocList>
<Loc EndOffset="641" SrcFileId="10" StartOffset="601"/>
</LocList>
</BasicStmnt>
</StmntSeq>
</Branch>
<Branch CovItemId="B4" CovItemPrefix="csse376_puerto_rico.ButtonHandler.java" Implct="false" Intrnl_Id="1289">
<Cond>
<Loc EndOffset="650" SrcFileId="10" StartOffset="646"/>
</Cond>
<LocList>
<Loc EndOffset="781" SrcFileId="10" StartOffset="651"/>
</LocList>
<StmntSeq Intrnl_Id="1290">
<LocList>
<Loc EndOffset="781" SrcFileId="10" StartOffset="651"/>
</LocList>
<CondStmnt CovItemId="S8" CovItemPrefix="csse376_puerto_rico.ButtonHandler.java" Intrnl_Id="1291">
<Branch CovItemId="B5" CovItemPrefix="csse376_puerto_rico.ButtonHandler.java" Implct="false" Intrnl_Id="1292">
<Cond/>
<LocList>
<Loc EndOffset="734" SrcFileId="10" StartOffset="677"/>
</LocList>
<StmntSeq Intrnl_Id="1293">
<LocList>
<Loc EndOffset="729" SrcFileId="10" StartOffset="683"/>
</LocList>
<BasicStmnt CovItemId="S9" CovItemPrefix="csse376_puerto_rico.ButtonHandler.java" Intrnl_Id="1294">
<LocList>
<Loc EndOffset="729" SrcFileId="10" StartOffset="683"/>
</LocList>
</BasicStmnt>
</StmntSeq>
</Branch>
<Branch CovItemId="B6" CovItemPrefix="csse376_puerto_rico.ButtonHandler.java" Implct="false" Intrnl_Id="1295">
<Cond>
<Loc EndOffset="738" SrcFileId="10" StartOffset="734"/>
</Cond>
<LocList>
<Loc EndOffset="781" SrcFileId="10" StartOffset="739"/>
</LocList>
<StmntSeq Intrnl_Id="1296">
<LocList>
<Loc EndOffset="781" SrcFileId="10" StartOffset="739"/>
</LocList>
<CondStmnt CovItemId="S10" CovItemPrefix="csse376_puerto_rico.ButtonHandler.java" Intrnl_Id="1297">
<Branch CovItemId="B7" CovItemPrefix="csse376_puerto_rico.ButtonHandler.java" Implct="false" Intrnl_Id="1298">
<Cond/>
<LocList>
<Loc EndOffset="781" SrcFileId="10" StartOffset="770"/>
</LocList>
<StmntSeq Intrnl_Id="1299">
<LocList/>
</StmntSeq>
</Branch>
<Branch CovItemId="B8" CovItemPrefix="csse376_puerto_rico.ButtonHandler.java" Implct="true" Intrnl_Id="1300">
<Cond/>
<LocList/>
<StmntSeq Intrnl_Id="1301">
<LocList/>
</StmntSeq>
</Branch>
<Keyword EndOffset="741" SrcFileId="10" StartOffset="739"/>
<LocList>
<Loc EndOffset="781" SrcFileId="10" StartOffset="739"/>
</LocList>
<RootTerm CovItemId="C4" CovItemPrefix="csse376_puerto_rico.ButtonHandler.java" Intrnl_Id="1302">
<BasicBoolTerm Intrnl_Id="1303">
<LocList>
<Loc EndOffset="769" SrcFileId="10" StartOffset="742"/>
</LocList>
</BasicBoolTerm>
</RootTerm>
</CondStmnt>
</StmntSeq>
</Branch>
<Keyword EndOffset="653" SrcFileId="10" StartOffset="651"/>
<LocList>
<Loc EndOffset="781" SrcFileId="10" StartOffset="651"/>
</LocList>
<RootTerm CovItemId="C3" CovItemPrefix="csse376_puerto_rico.ButtonHandler.java" Intrnl_Id="1304">
<BasicBoolTerm Intrnl_Id="1305">
<LocList>
<Loc EndOffset="676" SrcFileId="10" StartOffset="654"/>
</LocList>
</BasicBoolTerm>
</RootTerm>
</CondStmnt>
</StmntSeq>
</Branch>
<Keyword EndOffset="568" SrcFileId="10" StartOffset="566"/>
<LocList>
<Loc EndOffset="781" SrcFileId="10" StartOffset="566"/>
</LocList>
<RootTerm CovItemId="C2" CovItemPrefix="csse376_puerto_rico.ButtonHandler.java" Intrnl_Id="1306">
<BasicBoolTerm Intrnl_Id="1307">
<LocList>
<Loc EndOffset="594" SrcFileId="10" StartOffset="569"/>
</LocList>
</BasicBoolTerm>
</RootTerm>
</CondStmnt>
</StmntSeq>
</Branch>
<Keyword EndOffset="512" SrcFileId="10" StartOffset="510"/>
<LocList>
<Loc EndOffset="781" SrcFileId="10" StartOffset="510"/>
</LocList>
<RootTerm CovItemId="C1" CovItemPrefix="csse376_puerto_rico.ButtonHandler.java" Intrnl_Id="1308">
<BasicBoolTerm Intrnl_Id="1309">
<LocList>
<Loc EndOffset="534" SrcFileId="10" StartOffset="513"/>
</LocList>
</BasicBoolTerm>
</RootTerm>
</CondStmnt>
</StmntSeq>
</HierarchyLvl>
</HierarchyLvl>
<HierarchyLvl HierarchyLvlId="5499" HierarchyLvlTypeId="16" Intrnl_Id="1310" Name="Buildings">
<Header>
<Loc EndOffset="135" SrcFileId="11" StartOffset="113"/>
</Header>
<LocList>
<Loc EndOffset="872" SrcFileId="11" StartOffset="113"/>
<Loc EndOffset="4326" SrcFileId="11" StartOffset="4323"/>
</LocList>
<StmntSeq Intrnl_Id="1311">
<LocList>
<Loc EndOffset="555" SrcFileId="11" StartOffset="183"/>
</LocList>
<BasicStmnt CovItemId="S1" CovItemPrefix="csse376_puerto_rico.Buildings.java" Intrnl_Id="1312">
<LocList>
<Loc EndOffset="555" SrcFileId="11" StartOffset="183"/>
</LocList>
</BasicStmnt>
</StmntSeq>
<HierarchyLvl HierarchyLvlId="5493" HierarchyLvlTypeId="17" Intrnl_Id="1313" Name="Buildings">
<Header>
<Loc EndOffset="578" SrcFileId="11" StartOffset="560"/>
</Header>
<LocList>
<Loc EndOffset="713" SrcFileId="11" StartOffset="560"/>
</LocList>
<StmntSeq Intrnl_Id="1314">
<LocList>
<Loc EndOffset="622" SrcFileId="11" StartOffset="584"/>
<Loc EndOffset="707" SrcFileId="11" StartOffset="628"/>
</LocList>
<BasicStmnt CovItemId="S2" CovItemPrefix="csse376_puerto_rico.Buildings.java" Intrnl_Id="1315">
<LocList>
<Loc EndOffset="622" SrcFileId="11" StartOffset="584"/>
</LocList>
</BasicStmnt>
<LoopStmnt CovItemId="S3" CovItemPrefix="csse376_puerto_rico.Buildings.java" Intrnl_Id="1316" MltplExecId="L1-2" MltplExecPrefix="csse376_puerto_rico.Buildings.java" NvrExecId="L1-0" NvrExecPrefix="csse376_puerto_rico.Buildings.java" OnceExecutedId="L1-1" OnceExecutedPrefix="csse376_puerto_rico.Buildings.java" OptBodyExec="true">
<StmntSeq Intrnl_Id="1317">
<LocList>
<Loc EndOffset="702" SrcFileId="11" StartOffset="668"/>
</LocList>
<BasicStmnt CovItemId="S4" CovItemPrefix="csse376_puerto_rico.Buildings.java" Intrnl_Id="1318">
<LocList>
<Loc EndOffset="702" SrcFileId="11" StartOffset="668"/>
</LocList>
</BasicStmnt>
</StmntSeq>
<Keyword EndOffset="631" SrcFileId="11" StartOffset="628"/>
<LocList>
<Loc EndOffset="707" SrcFileId="11" StartOffset="628"/>
</LocList>
</LoopStmnt>
</StmntSeq>
</HierarchyLvl>
<HierarchyLvl HierarchyLvlId="5494" HierarchyLvlTypeId="17" Intrnl_Id="1319" Name="getBuildings">
<Header>
<Loc EndOffset="759" SrcFileId="11" StartOffset="718"/>
</Header>
<LocList>
<Loc EndOffset="788" SrcFileId="11" StartOffset="718"/>
</LocList>
<StmntSeq Intrnl_Id="1320">
<LocList>
<Loc EndOffset="784" SrcFileId="11" StartOffset="767"/>
</LocList>
<BasicStmnt CovItemId="S5" CovItemPrefix="csse376_puerto_rico.Buildings.java" Intrnl_Id="1321">
<LocList>
<Loc EndOffset="784" SrcFileId="11" StartOffset="767"/>
</LocList>
</BasicStmnt>
</StmntSeq>
</HierarchyLvl>
<HierarchyLvl HierarchyLvlId="5495" HierarchyLvlTypeId="17" Intrnl_Id="1322" Name="getBuildingNames">
<Header>
<Loc EndOffset="836" SrcFileId="11" StartOffset="793"/>
</Header>
<LocList>
<Loc EndOffset="867" SrcFileId="11" StartOffset="793"/>
</LocList>
<StmntSeq Intrnl_Id="1323">
<LocList>
<Loc EndOffset="863" SrcFileId="11" StartOffset="842"/>
</LocList>
<BasicStmnt CovItemId="S6" CovItemPrefix="csse376_puerto_rico.Buildings.java" Intrnl_Id="1324">
<LocList>
<Loc EndOffset="863" SrcFileId="11" StartOffset="842"/>
</LocList>
</BasicStmnt>
</StmntSeq>
</HierarchyLvl>
<HierarchyLvl HierarchyLvlId="5498" HierarchyLvlTypeId="16" Intrnl_Id="1325" Name="Building">
<Header>
<Loc EndOffset="900" SrcFileId="11" StartOffset="872"/>
</Header>
<LocList>
<Loc EndOffset="4323" SrcFileId="11" StartOffset="872"/>
</LocList>
<HierarchyLvl HierarchyLvlId="5496" HierarchyLvlTypeId="17" Intrnl_Id="1326" Name="Building">
<Header>
<Loc EndOffset="1129" SrcFileId="11" StartOffset="1101"/>
</Header>
<LocList>
<Loc EndOffset="4216" SrcFileId="11" StartOffset="1101"/>
</LocList>
<StmntSeq Intrnl_Id="1327">
<LocList>
<Loc EndOffset="1153" SrcFileId="11" StartOffset="1136"/>
<Loc EndOffset="4206" SrcFileId="11" StartOffset="1158"/>
</LocList>
<BasicStmnt CovItemId="S7" CovItemPrefix="csse376_puerto_rico.Buildings.java" Intrnl_Id="1328">
<LocList>
<Loc EndOffset="1153" SrcFileId="11" StartOffset="1136"/>
</LocList>
</BasicStmnt>
<CondStmnt CovItemId="S8" CovItemPrefix="csse376_puerto_rico.Buildings.java" Intrnl_Id="1329">
<Branch CovItemId="B1" CovItemPrefix="csse376_puerto_rico.Buildings.java" Implct="false" Intrnl_Id="1330">
<Cond>
<Loc EndOffset="1203" SrcFileId="11" StartOffset="1178"/>
</Cond>
<LocList>
<Loc EndOffset="1297" SrcFileId="11" StartOffset="1210"/>
</LocList>
<StmntSeq Intrnl_Id="1331">
<LocList>
<Loc EndOffset="1219" SrcFileId="11" StartOffset="1210"/>
<Loc EndOffset="1236" SrcFileId="11" StartOffset="1225"/>
<Loc EndOffset="1259" SrcFileId="11" StartOffset="1242"/>
<Loc EndOffset="1285" SrcFileId="11" StartOffset="1265"/>
<Loc EndOffset="1297" SrcFileId="11" StartOffset="1291"/>
</LocList>
<BasicStmnt CovItemId="S9" CovItemPrefix="csse376_puerto_rico.Buildings.java" Intrnl_Id="1332">
<LocList>
<Loc EndOffset="1219" SrcFileId="11" StartOffset="1210"/>
</LocList>
</BasicStmnt>
<BasicStmnt CovItemId="S10" CovItemPrefix="csse376_puerto_rico.Buildings.java" Intrnl_Id="1333">
<LocList>
<Loc EndOffset="1236" SrcFileId="11" StartOffset="1225"/>
</LocList>
</BasicStmnt>
<BasicStmnt CovItemId="S11" CovItemPrefix="csse376_puerto_rico.Buildings.java" Intrnl_Id="1334">
<LocList>
<Loc EndOffset="1259" SrcFileId="11" StartOffset="1242"/>
</LocList>
</BasicStmnt>
<BasicStmnt CovItemId="S12" CovItemPrefix="csse376_puerto_rico.Buildings.java" Intrnl_Id="1335">
<LocList>
<Loc EndOffset="1285" SrcFileId="11" StartOffset="1265"/>
</LocList>
</BasicStmnt>
<BasicStmnt CovItemId="S13" CovItemPrefix="csse376_puerto_rico.Buildings.java" Intrnl_Id="1336">
<LocList>
<Loc EndOffset="1297" SrcFileId="11" StartOffset="1291"/>
</LocList>
</BasicStmnt>
</StmntSeq>
</Branch>
<Branch CovItemId="B2" CovItemPrefix="csse376_puerto_rico.Buildings.java" Implct="false" Intrnl_Id="1337">
<Cond>
<Loc EndOffset="1331" SrcFileId="11" StartOffset="1308"/>
</Cond>
<LocList>
<Loc EndOffset="1425" SrcFileId="11" StartOffset="1338"/>
</LocList>
<StmntSeq Intrnl_Id="1338">
<LocList>
<Loc EndOffset="1347" SrcFileId="11" StartOffset="1338"/>
<Loc EndOffset="1364" SrcFileId="11" StartOffset="1353"/>
<Loc EndOffset="1387" SrcFileId="11" StartOffset="1370"/>
<Loc EndOffset="1413" SrcFileId="11" StartOffset="1393"/>
<Loc EndOffset="1425" SrcFileId="11" StartOffset="1419"/>
</LocList>
<BasicStmnt CovItemId="S14" CovItemPrefix="csse376_puerto_rico.Buildings.java" Intrnl_Id="1339">
<LocList>
<Loc EndOffset="1347" SrcFileId="11" StartOffset="1338"/>
</LocList>
</BasicStmnt>
<BasicStmnt CovItemId="S15" CovItemPrefix="csse376_puerto_rico.Buildings.java" Intrnl_Id="1340">
<LocList>
<Loc EndOffset="1364" SrcFileId="11" StartOffset="1353"/>
</LocList>
</BasicStmnt>
<BasicStmnt CovItemId="S16" CovItemPrefix="csse376_puerto_rico.Buildings.java" Intrnl_Id="1341">
<LocList>
<Loc EndOffset="1387" SrcFileId="11" StartOffset="1370"/>
</LocList>
</BasicStmnt>
<BasicStmnt CovItemId="S17" CovItemPrefix="csse376_puerto_rico.Buildings.java" Intrnl_Id="1342">
<LocList>
<Loc EndOffset="1413" SrcFileId="11" StartOffset="1393"/>
</LocList>
</BasicStmnt>
<BasicStmnt CovItemId="S18" CovItemPrefix="csse376_puerto_rico.Buildings.java" Intrnl_Id="1343">
<LocList>
<Loc EndOffset="1425" SrcFileId="11" StartOffset="1419"/>
</LocList>
</BasicStmnt>
</StmntSeq>
</Branch>
<Branch CovItemId="B3" CovItemPrefix="csse376_puerto_rico.Buildings.java" Implct="false" Intrnl_Id="1344">
<Cond>
<Loc EndOffset="1454" SrcFileId="11" StartOffset="1435"/>
</Cond>
<LocList>
<Loc EndOffset="1596" SrcFileId="11" StartOffset="1509"/>
</LocList>
<StmntSeq Intrnl_Id="1345">
<LocList>
<Loc EndOffset="1518" SrcFileId="11" StartOffset="1509"/>
<Loc EndOffset="1535" SrcFileId="11" StartOffset="1524"/>
<Loc EndOffset="1558" SrcFileId="11" StartOffset="1541"/>
<Loc EndOffset="1584" SrcFileId="11" StartOffset="1564"/>
<Loc EndOffset="1596" SrcFileId="11" StartOffset="1590"/>
</LocList>
<BasicStmnt CovItemId="S19" CovItemPrefix="csse376_puerto_rico.Buildings.java" Intrnl_Id="1346">
<LocList>
<Loc EndOffset="1518" SrcFileId="11" StartOffset="1509"/>
</LocList>
</BasicStmnt>
<BasicStmnt CovItemId="S20" CovItemPrefix="csse376_puerto_rico.Buildings.java" Intrnl_Id="1347">
<LocList>
<Loc EndOffset="1535" SrcFileId="11" StartOffset="1524"/>
</LocList>
</BasicStmnt>
<BasicStmnt CovItemId="S21" CovItemPrefix="csse376_puerto_rico.Buildings.java" Intrnl_Id="1348">
<LocList>
<Loc EndOffset="1558" SrcFileId="11" StartOffset="1541"/>
</LocList>
</BasicStmnt>
<BasicStmnt CovItemId="S22" CovItemPrefix="csse376_puerto_rico.Buildings.java" Intrnl_Id="1349">
<LocList>
<Loc EndOffset="1584" SrcFileId="11" StartOffset="1564"/>
</LocList>
</BasicStmnt>
<BasicStmnt CovItemId="S23" CovItemPrefix="csse376_puerto_rico.Buildings.java" Intrnl_Id="1350">
<LocList>
<Loc EndOffset="1596" SrcFileId="11" StartOffset="1590"/>
</LocList>
</BasicStmnt>
</StmntSeq>
</Branch>
<Branch CovItemId="B4" CovItemPrefix="csse376_puerto_rico.Buildings.java" Implct="false" Intrnl_Id="1351">
<Cond>
<Loc EndOffset="1622" SrcFileId="11" StartOffset="1607"/>
</Cond>
<LocList>
<Loc EndOffset="1769" SrcFileId="11" StartOffset="1682"/>
</LocList>
<StmntSeq Intrnl_Id="1352">
<LocList>
<Loc EndOffset="1691" SrcFileId="11" StartOffset="1682"/>
<Loc EndOffset="1708" SrcFileId="11" StartOffset="1697"/>
<Loc EndOffset="1731" SrcFileId="11" StartOffset="1714"/>
<Loc EndOffset="1757" SrcFileId="11" StartOffset="1737"/>
<Loc EndOffset="1769" SrcFileId="11" StartOffset="1763"/>
</LocList>
<BasicStmnt CovItemId="S24" CovItemPrefix="csse376_puerto_rico.Buildings.java" Intrnl_Id="1353">
<LocList>
<Loc EndOffset="1691" SrcFileId="11" StartOffset="1682"/>
</LocList>
</BasicStmnt>
<BasicStmnt CovItemId="S25" CovItemPrefix="csse376_puerto_rico.Buildings.java" Intrnl_Id="1354">
<LocList>
<Loc EndOffset="1708" SrcFileId="11" StartOffset="1697"/>
</LocList>
</BasicStmnt>
<BasicStmnt CovItemId="S26" CovItemPrefix="csse376_puerto_rico.Buildings.java" Intrnl_Id="1355">
<LocList>
<Loc EndOffset="1731" SrcFileId="11" StartOffset="1714"/>
</LocList>
</BasicStmnt>
<BasicStmnt CovItemId="S27" CovItemPrefix="csse376_puerto_rico.Buildings.java" Intrnl_Id="1356">
<LocList>
<Loc EndOffset="1757" SrcFileId="11" StartOffset="1737"/>
</LocList>
</BasicStmnt>
<BasicStmnt CovItemId="S28" CovItemPrefix="csse376_puerto_rico.Buildings.java" Intrnl_Id="1357">
<LocList>
<Loc EndOffset="1769" SrcFileId="11" StartOffset="1763"/>
</LocList>
</BasicStmnt>
</StmntSeq>
</Branch>
<Branch CovItemId="B5" CovItemPrefix="csse376_puerto_rico.Buildings.java" Implct="false" Intrnl_Id="1358">
<Cond>
<Loc EndOffset="1803" SrcFileId="11" StartOffset="1780"/>
</Cond>
<LocList>
<Loc EndOffset="1951" SrcFileId="11" StartOffset="1864"/>
</LocList>
<StmntSeq Intrnl_Id="1359">
<LocList>
<Loc EndOffset="1873" SrcFileId="11" StartOffset="1864"/>
<Loc EndOffset="1890" SrcFileId="11" StartOffset="1879"/>
<Loc EndOffset="1913" SrcFileId="11" StartOffset="1896"/>
<Loc EndOffset="1939" SrcFileId="11" StartOffset="1919"/>
<Loc EndOffset="1951" SrcFileId="11" StartOffset="1945"/>
</LocList>
<BasicStmnt CovItemId="S29" CovItemPrefix="csse376_puerto_rico.Buildings.java" Intrnl_Id="1360">
<LocList>
<Loc EndOffset="1873" SrcFileId="11" StartOffset="1864"/>
</LocList>
</BasicStmnt>
<BasicStmnt CovItemId="S30" CovItemPrefix="csse376_puerto_rico.Buildings.java" Intrnl_Id="1361">
<LocList>
<Loc EndOffset="1890" SrcFileId="11" StartOffset="1879"/>
</LocList>
</BasicStmnt>
<BasicStmnt CovItemId="S31" CovItemPrefix="csse376_puerto_rico.Buildings.java" Intrnl_Id="1362">
<LocList>
<Loc EndOffset="1913" SrcFileId="11" StartOffset="1896"/>
</LocList>
</BasicStmnt>
<BasicStmnt CovItemId="S32" CovItemPrefix="csse376_puerto_rico.Buildings.java" Intrnl_Id="1363">
<LocList>
<Loc EndOffset="1939" SrcFileId="11" StartOffset="1919"/>
</LocList>
</BasicStmnt>
<BasicStmnt CovItemId="S33" CovItemPrefix="csse376_puerto_rico.Buildings.java" Intrnl_Id="1364">
<LocList>
<Loc EndOffset="1951" SrcFileId="11" StartOffset="1945"/>
</LocList>
</BasicStmnt>
</StmntSeq>
</Branch>
<Branch CovItemId="B6" CovItemPrefix="csse376_puerto_rico.Buildings.java" Implct="false" Intrnl_Id="1365">
<Cond>
<Loc EndOffset="1984" SrcFileId="11" StartOffset="1962"/>
</Cond>
<LocList>
<Loc EndOffset="2175" SrcFileId="11" StartOffset="2037"/>
</LocList>
<StmntSeq Intrnl_Id="1366">
<LocList>
<Loc EndOffset="2046" SrcFileId="11" StartOffset="2037"/>
<Loc EndOffset="2063" SrcFileId="11" StartOffset="2052"/>
<Loc EndOffset="2086" SrcFileId="11" StartOffset="2069"/>
<Loc EndOffset="2112" SrcFileId="11" StartOffset="2092"/>
<Loc EndOffset="2134" SrcFileId="11" StartOffset="2118"/>
<Loc EndOffset="2163" SrcFileId="11" StartOffset="2140"/>
<Loc EndOffset="2175" SrcFileId="11" StartOffset="2169"/>
</LocList>
<BasicStmnt CovItemId="S34" CovItemPrefix="csse376_puerto_rico.Buildings.java" Intrnl_Id="1367">
<LocList>
<Loc EndOffset="2046" SrcFileId="11" StartOffset="2037"/>
</LocList>
</BasicStmnt>
<BasicStmnt CovItemId="S35" CovItemPrefix="csse376_puerto_rico.Buildings.java" Intrnl_Id="1368">
<LocList>
<Loc EndOffset="2063" SrcFileId="11" StartOffset="2052"/>
</LocList>
</BasicStmnt>
<BasicStmnt CovItemId="S36" CovItemPrefix="csse376_puerto_rico.Buildings.java" Intrnl_Id="1369">
<LocList>
<Loc EndOffset="2086" SrcFileId="11" StartOffset="2069"/>
</LocList>
</BasicStmnt>
<BasicStmnt CovItemId="S37" CovItemPrefix="csse376_puerto_rico.Buildings.java" Intrnl_Id="1370">
<LocList>
<Loc EndOffset="2112" SrcFileId="11" StartOffset="2092"/>
</LocList>
</BasicStmnt>
<BasicStmnt CovItemId="S38" CovItemPrefix="csse376_puerto_rico.Buildings.java" Intrnl_Id="1371">
<LocList>
<Loc EndOffset="2134" SrcFileId="11" StartOffset="2118"/>
</LocList>
</BasicStmnt>
<BasicStmnt CovItemId="S39" CovItemPrefix="csse376_puerto_rico.Buildings.java" Intrnl_Id="1372">
<LocList>
<Loc EndOffset="2163" SrcFileId="11" StartOffset="2140"/>
</LocList>
</BasicStmnt>
<BasicStmnt CovItemId="S40" CovItemPrefix="csse376_puerto_rico.Buildings.java" Intrnl_Id="1373">
<LocList>
<Loc EndOffset="2175" SrcFileId="11" StartOffset="2169"/>
</LocList>
</BasicStmnt>
</StmntSeq>
</Branch>
<Branch CovItemId="B7" CovItemPrefix="csse376_puerto_rico.Buildings.java" Implct="false" Intrnl_Id="1374">
<Cond>
<Loc EndOffset="2205" SrcFileId="11" StartOffset="2186"/>
</Cond>
<LocList>
<Loc EndOffset="2299" SrcFileId="11" StartOffset="2212"/>
</LocList>
<StmntSeq Intrnl_Id="1375">
<LocList>
<Loc EndOffset="2221" SrcFileId="11" StartOffset="2212"/>
<Loc EndOffset="2238" SrcFileId="11" StartOffset="2227"/>
<Loc EndOffset="2261" SrcFileId="11" StartOffset="2244"/>
<Loc EndOffset="2287" SrcFileId="11" StartOffset="2267"/>
<Loc EndOffset="2299" SrcFileId="11" StartOffset="2293"/>
</LocList>
<BasicStmnt CovItemId="S41" CovItemPrefix="csse376_puerto_rico.Buildings.java" Intrnl_Id="1376">
<LocList>
<Loc EndOffset="2221" SrcFileId="11" StartOffset="2212"/>
</LocList>
</BasicStmnt>
<BasicStmnt CovItemId="S42" CovItemPrefix="csse376_puerto_rico.Buildings.java" Intrnl_Id="1377">
<LocList>
<Loc EndOffset="2238" SrcFileId="11" StartOffset="2227"/>
</LocList>
</BasicStmnt>
<BasicStmnt CovItemId="S43" CovItemPrefix="csse376_puerto_rico.Buildings.java" Intrnl_Id="1378">
<LocList>
<Loc EndOffset="2261" SrcFileId="11" StartOffset="2244"/>
</LocList>
</BasicStmnt>
<BasicStmnt CovItemId="S44" CovItemPrefix="csse376_puerto_rico.Buildings.java" Intrnl_Id="1379">
<LocList>
<Loc EndOffset="2287" SrcFileId="11" StartOffset="2267"/>
</LocList>
</BasicStmnt>
<BasicStmnt CovItemId="S45" CovItemPrefix="csse376_puerto_rico.Buildings.java" Intrnl_Id="1380">
<LocList>
<Loc EndOffset="2299" SrcFileId="11" StartOffset="2293"/>
</LocList>
</BasicStmnt>
</StmntSeq>
</Branch>
<Branch CovItemId="B8" CovItemPrefix="csse376_puerto_rico.Buildings.java" Implct="false" Intrnl_Id="1381">
<Cond>
<Loc EndOffset="2327" SrcFileId="11" StartOffset="2310"/>
</Cond>
<LocList>
<Loc EndOffset="2421" SrcFileId="11" StartOffset="2334"/>
</LocList>
<StmntSeq Intrnl_Id="1382">
<LocList>
<Loc EndOffset="2343" SrcFileId="11" StartOffset="2334"/>
<Loc EndOffset="2360" SrcFileId="11" StartOffset="2349"/>
<Loc EndOffset="2383" SrcFileId="11" StartOffset="2366"/>
<Loc EndOffset="2409" SrcFileId="11" StartOffset="2389"/>
<Loc EndOffset="2421" SrcFileId="11" StartOffset="2415"/>
</LocList>
<BasicStmnt CovItemId="S46" CovItemPrefix="csse376_puerto_rico.Buildings.java" Intrnl_Id="1383">
<LocList>
<Loc EndOffset="2343" SrcFileId="11" StartOffset="2334"/>
</LocList>
</BasicStmnt>
<BasicStmnt CovItemId="S47" CovItemPrefix="csse376_puerto_rico.Buildings.java" Intrnl_Id="1384">
<LocList>
<Loc EndOffset="2360" SrcFileId="11" StartOffset="2349"/>
</LocList>
</BasicStmnt>
<BasicStmnt CovItemId="S48" CovItemPrefix="csse376_puerto_rico.Buildings.java" Intrnl_Id="1385">
<LocList>
<Loc EndOffset="2383" SrcFileId="11" StartOffset="2366"/>
</LocList>
</BasicStmnt>
<BasicStmnt CovItemId="S49" CovItemPrefix="csse376_puerto_rico.Buildings.java" Intrnl_Id="1386">
<LocList>
<Loc EndOffset="2409" SrcFileId="11" StartOffset="2389"/>
</LocList>
</BasicStmnt>
<BasicStmnt CovItemId="S50" CovItemPrefix="csse376_puerto_rico.Buildings.java" Intrnl_Id="1387">
<LocList>
<Loc EndOffset="2421" SrcFileId="11" StartOffset="2415"/>
</LocList>
</BasicStmnt>
</StmntSeq>
</Branch>
<Branch CovItemId="B9" CovItemPrefix="csse376_puerto_rico.Buildings.java" Implct="false" Intrnl_Id="1388">
<Cond>
<Loc EndOffset="2446" SrcFileId="11" StartOffset="2432"/>
</Cond>
<LocList>
<Loc EndOffset="2592" SrcFileId="11" StartOffset="2505"/>
</LocList>
<StmntSeq Intrnl_Id="1389">
<LocList>
<Loc EndOffset="2514" SrcFileId="11" StartOffset="2505"/>
<Loc EndOffset="2531" SrcFileId="11" StartOffset="2520"/>
<Loc EndOffset="2554" SrcFileId="11" StartOffset="2537"/>
<Loc EndOffset="2580" SrcFileId="11" StartOffset="2560"/>
<Loc EndOffset="2592" SrcFileId="11" StartOffset="2586"/>
</LocList>
<BasicStmnt CovItemId="S51" CovItemPrefix="csse376_puerto_rico.Buildings.java" Intrnl_Id="1390">
<LocList>
<Loc EndOffset="2514" SrcFileId="11" StartOffset="2505"/>
</LocList>
</BasicStmnt>
<BasicStmnt CovItemId="S52" CovItemPrefix="csse376_puerto_rico.Buildings.java" Intrnl_Id="1391">
<LocList>
<Loc EndOffset="2531" SrcFileId="11" StartOffset="2520"/>
</LocList>
</BasicStmnt>
<BasicStmnt CovItemId="S53" CovItemPrefix="csse376_puerto_rico.Buildings.java" Intrnl_Id="1392">
<LocList>
<Loc EndOffset="2554" SrcFileId="11" StartOffset="2537"/>
</LocList>
</BasicStmnt>
<BasicStmnt CovItemId="S54" CovItemPrefix="csse376_puerto_rico.Buildings.java" Intrnl_Id="1393">
<LocList>
<Loc EndOffset="2580" SrcFileId="11" StartOffset="2560"/>
</LocList>
</BasicStmnt>
<BasicStmnt CovItemId="S55" CovItemPrefix="csse376_puerto_rico.Buildings.java" Intrnl_Id="1394">
<LocList>
<Loc EndOffset="2592" SrcFileId="11" StartOffset="2586"/>
</LocList>
</BasicStmnt>
</StmntSeq>
</Branch>
<Branch CovItemId="B10" CovItemPrefix="csse376_puerto_rico.Buildings.java" Implct="false" Intrnl_Id="1395">
<Cond>
<Loc EndOffset="2616" SrcFileId="11" StartOffset="2603"/>
</Cond>
<LocList>
<Loc EndOffset="2758" SrcFileId="11" StartOffset="2671"/>
</LocList>
<StmntSeq Intrnl_Id="1396">
<LocList>
<Loc EndOffset="2680" SrcFileId="11" StartOffset="2671"/>
<Loc EndOffset="2697" SrcFileId="11" StartOffset="2686"/>
<Loc EndOffset="2720" SrcFileId="11" StartOffset="2703"/>
<Loc EndOffset="2746" SrcFileId="11" StartOffset="2726"/>
<Loc EndOffset="2758" SrcFileId="11" StartOffset="2752"/>
</LocList>
<BasicStmnt CovItemId="S56" CovItemPrefix="csse376_puerto_rico.Buildings.java" Intrnl_Id="1397">
<LocList>
<Loc EndOffset="2680" SrcFileId="11" StartOffset="2671"/>
</LocList>
</BasicStmnt>
<BasicStmnt CovItemId="S57" CovItemPrefix="csse376_puerto_rico.Buildings.java" Intrnl_Id="1398">
<LocList>
<Loc EndOffset="2697" SrcFileId="11" StartOffset="2686"/>
</LocList>
</BasicStmnt>
<BasicStmnt CovItemId="S58" CovItemPrefix="csse376_puerto_rico.Buildings.java" Intrnl_Id="1399">
<LocList>
<Loc EndOffset="2720" SrcFileId="11" StartOffset="2703"/>
</LocList>
</BasicStmnt>
<BasicStmnt CovItemId="S59" CovItemPrefix="csse376_puerto_rico.Buildings.java" Intrnl_Id="1400">
<LocList>
<Loc EndOffset="2746" SrcFileId="11" StartOffset="2726"/>
</LocList>
</BasicStmnt>
<BasicStmnt CovItemId="S60" CovItemPrefix="csse376_puerto_rico.Buildings.java" Intrnl_Id="1401">
<LocList>
<Loc EndOffset="2758" SrcFileId="11" StartOffset="2752"/>
</LocList>
</BasicStmnt>
</StmntSeq>
</Branch>
<Branch CovItemId="B11" CovItemPrefix="csse376_puerto_rico.Buildings.java" Implct="false" Intrnl_Id="1402">
<Cond>
<Loc EndOffset="2788" SrcFileId="11" StartOffset="2769"/>
</Cond>
<LocList>
<Loc EndOffset="2933" SrcFileId="11" StartOffset="2846"/>
</LocList>
<StmntSeq Intrnl_Id="1403">
<LocList>
<Loc EndOffset="2855" SrcFileId="11" StartOffset="2846"/>
<Loc EndOffset="2872" SrcFileId="11" StartOffset="2861"/>
<Loc EndOffset="2895" SrcFileId="11" StartOffset="2878"/>
<Loc EndOffset="2921" SrcFileId="11" StartOffset="2901"/>
<Loc EndOffset="2933" SrcFileId="11" StartOffset="2927"/>
</LocList>
<BasicStmnt CovItemId="S61" CovItemPrefix="csse376_puerto_rico.Buildings.java" Intrnl_Id="1404">
<LocList>
<Loc EndOffset="2855" SrcFileId="11" StartOffset="2846"/>
</LocList>
</BasicStmnt>
<BasicStmnt CovItemId="S62" CovItemPrefix="csse376_puerto_rico.Buildings.java" Intrnl_Id="1405">
<LocList>
<Loc EndOffset="2872" SrcFileId="11" StartOffset="2861"/>
</LocList>
</BasicStmnt>
<BasicStmnt CovItemId="S63" CovItemPrefix="csse376_puerto_rico.Buildings.java" Intrnl_Id="1406">
<LocList>
<Loc EndOffset="2895" SrcFileId="11" StartOffset="2878"/>
</LocList>
</BasicStmnt>
<BasicStmnt CovItemId="S64" CovItemPrefix="csse376_puerto_rico.Buildings.java" Intrnl_Id="1407">
<LocList>
<Loc EndOffset="2921" SrcFileId="11" StartOffset="2901"/>
</LocList>
</BasicStmnt>
<BasicStmnt CovItemId="S65" CovItemPrefix="csse376_puerto_rico.Buildings.java" Intrnl_Id="1408">
<LocList>
<Loc EndOffset="2933" SrcFileId="11" StartOffset="2927"/>
</LocList>
</BasicStmnt>
</StmntSeq>
</Branch>
<Branch CovItemId="B12" CovItemPrefix="csse376_puerto_rico.Buildings.java" Implct="false" Intrnl_Id="1409">
<Cond>
<Loc EndOffset="2966" SrcFileId="11" StartOffset="2944"/>
</Cond>
<LocList>
<Loc EndOffset="3160" SrcFileId="11" StartOffset="3022"/>
</LocList>
<StmntSeq Intrnl_Id="1410">
<LocList>
<Loc EndOffset="3031" SrcFileId="11" StartOffset="3022"/>
<Loc EndOffset="3048" SrcFileId="11" StartOffset="3037"/>
<Loc EndOffset="3071" SrcFileId="11" StartOffset="3054"/>
<Loc EndOffset="3097" SrcFileId="11" StartOffset="3077"/>
<Loc EndOffset="3119" SrcFileId="11" StartOffset="3103"/>
<Loc EndOffset="3148" SrcFileId="11" StartOffset="3125"/>
<Loc EndOffset="3160" SrcFileId="11" StartOffset="3154"/>
</LocList>
<BasicStmnt CovItemId="S66" CovItemPrefix="csse376_puerto_rico.Buildings.java" Intrnl_Id="1411">
<LocList>
<Loc EndOffset="3031" SrcFileId="11" StartOffset="3022"/>
</LocList>
</BasicStmnt>
<BasicStmnt CovItemId="S67" CovItemPrefix="csse376_puerto_rico.Buildings.java" Intrnl_Id="1412">
<LocList>
<Loc EndOffset="3048" SrcFileId="11" StartOffset="3037"/>
</LocList>
</BasicStmnt>
<BasicStmnt CovItemId="S68" CovItemPrefix="csse376_puerto_rico.Buildings.java" Intrnl_Id="1413">
<LocList>
<Loc EndOffset="3071" SrcFileId="11" StartOffset="3054"/>
</LocList>
</BasicStmnt>
<BasicStmnt CovItemId="S69" CovItemPrefix="csse376_puerto_rico.Buildings.java" Intrnl_Id="1414">
<LocList>
<Loc EndOffset="3097" SrcFileId="11" StartOffset="3077"/>
</LocList>
</BasicStmnt>
<BasicStmnt CovItemId="S70" CovItemPrefix="csse376_puerto_rico.Buildings.java" Intrnl_Id="1415">
<LocList>
<Loc EndOffset="3119" SrcFileId="11" StartOffset="3103"/>
</LocList>
</BasicStmnt>
<BasicStmnt CovItemId="S71" CovItemPrefix="csse376_puerto_rico.Buildings.java" Intrnl_Id="1416">
<LocList>
<Loc EndOffset="3148" SrcFileId="11" StartOffset="3125"/>
</LocList>
</BasicStmnt>
<BasicStmnt CovItemId="S72" CovItemPrefix="csse376_puerto_rico.Buildings.java" Intrnl_Id="1417">
<LocList>
<Loc EndOffset="3160" SrcFileId="11" StartOffset="3154"/>
</LocList>
</BasicStmnt>
</StmntSeq>
</Branch>
<Branch CovItemId="B13" CovItemPrefix="csse376_puerto_rico.Buildings.java" Implct="false" Intrnl_Id="1418">
<Cond>
<Loc EndOffset="3193" SrcFileId="11" StartOffset="3171"/>
</Cond>
<LocList>
<Loc EndOffset="3287" SrcFileId="11" StartOffset="3200"/>
</LocList>
<StmntSeq Intrnl_Id="1419">
<LocList>
<Loc EndOffset="3209" SrcFileId="11" StartOffset="3200"/>
<Loc EndOffset="3226" SrcFileId="11" StartOffset="3215"/>
<Loc EndOffset="3249" SrcFileId="11" StartOffset="3232"/>
<Loc EndOffset="3275" SrcFileId="11" StartOffset="3255"/>
<Loc EndOffset="3287" SrcFileId="11" StartOffset="3281"/>
</LocList>
<BasicStmnt CovItemId="S73" CovItemPrefix="csse376_puerto_rico.Buildings.java" Intrnl_Id="1420">
<LocList>
<Loc EndOffset="3209" SrcFileId="11" StartOffset="3200"/>
</LocList>
</BasicStmnt>
<BasicStmnt CovItemId="S74" CovItemPrefix="csse376_puerto_rico.Buildings.java" Intrnl_Id="1421">
<LocList>
<Loc EndOffset="3226" SrcFileId="11" StartOffset="3215"/>
</LocList>
</BasicStmnt>
<BasicStmnt CovItemId="S75" CovItemPrefix="csse376_puerto_rico.Buildings.java" Intrnl_Id="1422">
<LocList>
<Loc EndOffset="3249" SrcFileId="11" StartOffset="3232"/>
</LocList>
</BasicStmnt>
<BasicStmnt CovItemId="S76" CovItemPrefix="csse376_puerto_rico.Buildings.java" Intrnl_Id="1423">
<LocList>
<Loc EndOffset="3275" SrcFileId="11" StartOffset="3255"/>
</LocList>
</BasicStmnt>
<BasicStmnt CovItemId="S77" CovItemPrefix="csse376_puerto_rico.Buildings.java" Intrnl_Id="1424">
<LocList>
<Loc EndOffset="3287" SrcFileId="11" StartOffset="3281"/>
</LocList>
</BasicStmnt>
</StmntSeq>
</Branch>
<Branch CovItemId="B14" CovItemPrefix="csse376_puerto_rico.Buildings.java" Implct="false" Intrnl_Id="1425">
<Cond>
<Loc EndOffset="3318" SrcFileId="11" StartOffset="3298"/>
</Cond>
<LocList>
<Loc EndOffset="3412" SrcFileId="11" StartOffset="3325"/>
</LocList>
<StmntSeq Intrnl_Id="1426">
<LocList>
<Loc EndOffset="3334" SrcFileId="11" StartOffset="3325"/>
<Loc EndOffset="3351" SrcFileId="11" StartOffset="3340"/>
<Loc EndOffset="3374" SrcFileId="11" StartOffset="3357"/>
<Loc EndOffset="3400" SrcFileId="11" StartOffset="3380"/>
<Loc EndOffset="3412" SrcFileId="11" StartOffset="3406"/>
</LocList>
<BasicStmnt CovItemId="S78" CovItemPrefix="csse376_puerto_rico.Buildings.java" Intrnl_Id="1427">
<LocList>
<Loc EndOffset="3334" SrcFileId="11" StartOffset="3325"/>
</LocList>
</BasicStmnt>
<BasicStmnt CovItemId="S79" CovItemPrefix="csse376_puerto_rico.Buildings.java" Intrnl_Id="1428">
<LocList>
<Loc EndOffset="3351" SrcFileId="11" StartOffset="3340"/>
</LocList>
</BasicStmnt>
<BasicStmnt CovItemId="S80" CovItemPrefix="csse376_puerto_rico.Buildings.java" Intrnl_Id="1429">
<LocList>
<Loc EndOffset="3374" SrcFileId="11" StartOffset="3357"/>
</LocList>
</BasicStmnt>
<BasicStmnt CovItemId="S81" CovItemPrefix="csse376_puerto_rico.Buildings.java" Intrnl_Id="1430">
<LocList>
<Loc EndOffset="3400" SrcFileId="11" StartOffset="3380"/>
</LocList>
</BasicStmnt>
<BasicStmnt CovItemId="S82" CovItemPrefix="csse376_puerto_rico.Buildings.java" Intrnl_Id="1431">
<LocList>
<Loc EndOffset="3412" SrcFileId="11" StartOffset="3406"/>
</LocList>
</BasicStmnt>
</StmntSeq>
</Branch>
<Branch CovItemId="B15" CovItemPrefix="csse376_puerto_rico.Buildings.java" Implct="false" Intrnl_Id="1432">
<Cond>
<Loc EndOffset="3437" SrcFileId="11" StartOffset="3423"/>
</Cond>
<LocList>
<Loc EndOffset="3599" SrcFileId="11" StartOffset="3512"/>
</LocList>
<StmntSeq Intrnl_Id="1433">
<LocList>
<Loc EndOffset="3521" SrcFileId="11" StartOffset="3512"/>
<Loc EndOffset="3538" SrcFileId="11" StartOffset="3527"/>
<Loc EndOffset="3561" SrcFileId="11" StartOffset="3544"/>
<Loc EndOffset="3587" SrcFileId="11" StartOffset="3567"/>
<Loc EndOffset="3599" SrcFileId="11" StartOffset="3593"/>
</LocList>
<BasicStmnt CovItemId="S83" CovItemPrefix="csse376_puerto_rico.Buildings.java" Intrnl_Id="1434">
<LocList>
<Loc EndOffset="3521" SrcFileId="11" StartOffset="3512"/>
</LocList>
</BasicStmnt>
<BasicStmnt CovItemId="S84" CovItemPrefix="csse376_puerto_rico.Buildings.java" Intrnl_Id="1435">
<LocList>
<Loc EndOffset="3538" SrcFileId="11" StartOffset="3527"/>
</LocList>
</BasicStmnt>
<BasicStmnt CovItemId="S85" CovItemPrefix="csse376_puerto_rico.Buildings.java" Intrnl_Id="1436">
<LocList>
<Loc EndOffset="3561" SrcFileId="11" StartOffset="3544"/>
</LocList>
</BasicStmnt>
<BasicStmnt CovItemId="S86" CovItemPrefix="csse376_puerto_rico.Buildings.java" Intrnl_Id="1437">
<LocList>
<Loc EndOffset="3587" SrcFileId="11" StartOffset="3567"/>
</LocList>
</BasicStmnt>
<BasicStmnt CovItemId="S87" CovItemPrefix="csse376_puerto_rico.Buildings.java" Intrnl_Id="1438">
<LocList>
<Loc EndOffset="3599" SrcFileId="11" StartOffset="3593"/>
</LocList>
</BasicStmnt>
</StmntSeq>
</Branch>
<Branch CovItemId="B16" CovItemPrefix="csse376_puerto_rico.Buildings.java" Implct="false" Intrnl_Id="1439">
<Cond>
<Loc EndOffset="3627" SrcFileId="11" StartOffset="3610"/>
</Cond>
<LocList>
<Loc EndOffset="3773" SrcFileId="11" StartOffset="3686"/>
</LocList>
<StmntSeq Intrnl_Id="1440">
<LocList>
<Loc EndOffset="3695" SrcFileId="11" StartOffset="3686"/>
<Loc EndOffset="3712" SrcFileId="11" StartOffset="3701"/>
<Loc EndOffset="3735" SrcFileId="11" StartOffset="3718"/>
<Loc EndOffset="3761" SrcFileId="11" StartOffset="3741"/>
<Loc EndOffset="3773" SrcFileId="11" StartOffset="3767"/>
</LocList>
<BasicStmnt CovItemId="S88" CovItemPrefix="csse376_puerto_rico.Buildings.java" Intrnl_Id="1441">
<LocList>
<Loc EndOffset="3695" SrcFileId="11" StartOffset="3686"/>
</LocList>
</BasicStmnt>
<BasicStmnt CovItemId="S89" CovItemPrefix="csse376_puerto_rico.Buildings.java" Intrnl_Id="1442">
<LocList>
<Loc EndOffset="3712" SrcFileId="11" StartOffset="3701"/>
</LocList>
</BasicStmnt>
<BasicStmnt CovItemId="S90" CovItemPrefix="csse376_puerto_rico.Buildings.java" Intrnl_Id="1443">
<LocList>
<Loc EndOffset="3735" SrcFileId="11" StartOffset="3718"/>
</LocList>
</BasicStmnt>
<BasicStmnt CovItemId="S91" CovItemPrefix="csse376_puerto_rico.Buildings.java" Intrnl_Id="1444">
<LocList>
<Loc EndOffset="3761" SrcFileId="11" StartOffset="3741"/>
</LocList>
</BasicStmnt>
<BasicStmnt CovItemId="S92" CovItemPrefix="csse376_puerto_rico.Buildings.java" Intrnl_Id="1445">
<LocList>
<Loc EndOffset="3773" SrcFileId="11" StartOffset="3767"/>
</LocList>
</BasicStmnt>
</StmntSeq>
</Branch>
<Branch CovItemId="B17" CovItemPrefix="csse376_puerto_rico.Buildings.java" Implct="false" Intrnl_Id="1446">
<Cond>
<Loc EndOffset="3797" SrcFileId="11" StartOffset="3784"/>
</Cond>
<LocList>
<Loc EndOffset="3948" SrcFileId="11" StartOffset="3861"/>
</LocList>
<StmntSeq Intrnl_Id="1447">
<LocList>
<Loc EndOffset="3870" SrcFileId="11" StartOffset="3861"/>
<Loc EndOffset="3887" SrcFileId="11" StartOffset="3876"/>
<Loc EndOffset="3910" SrcFileId="11" StartOffset="3893"/>
<Loc EndOffset="3936" SrcFileId="11" StartOffset="3916"/>
<Loc EndOffset="3948" SrcFileId="11" StartOffset="3942"/>
</LocList>
<BasicStmnt CovItemId="S93" CovItemPrefix="csse376_puerto_rico.Buildings.java" Intrnl_Id="1448">
<LocList>
<Loc EndOffset="3870" SrcFileId="11" StartOffset="3861"/>
</LocList>
</BasicStmnt>
<BasicStmnt CovItemId="S94" CovItemPrefix="csse376_puerto_rico.Buildings.java" Intrnl_Id="1449">
<LocList>
<Loc EndOffset="3887" SrcFileId="11" StartOffset="3876"/>
</LocList>
</BasicStmnt>
<BasicStmnt CovItemId="S95" CovItemPrefix="csse376_puerto_rico.Buildings.java" Intrnl_Id="1450">
<LocList>
<Loc EndOffset="3910" SrcFileId="11" StartOffset="3893"/>
</LocList>
</BasicStmnt>
<BasicStmnt CovItemId="S96" CovItemPrefix="csse376_puerto_rico.Buildings.java" Intrnl_Id="1451">
<LocList>
<Loc EndOffset="3936" SrcFileId="11" StartOffset="3916"/>
</LocList>
</BasicStmnt>
<BasicStmnt CovItemId="S97" CovItemPrefix="csse376_puerto_rico.Buildings.java" Intrnl_Id="1452">
<LocList>
<Loc EndOffset="3948" SrcFileId="11" StartOffset="3942"/>
</LocList>
</BasicStmnt>
</StmntSeq>
</Branch>
<Branch CovItemId="B18" CovItemPrefix="csse376_puerto_rico.Buildings.java" Implct="false" Intrnl_Id="1453">
<Cond>
<Loc EndOffset="3967" SrcFileId="11" StartOffset="3955"/>
</Cond>
<LocList>
<Loc EndOffset="4100" SrcFileId="11" StartOffset="4013"/>
</LocList>
<StmntSeq Intrnl_Id="1454">
<LocList>
<Loc EndOffset="4022" SrcFileId="11" StartOffset="4013"/>
<Loc EndOffset="4039" SrcFileId="11" StartOffset="4028"/>
<Loc EndOffset="4062" SrcFileId="11" StartOffset="4045"/>
<Loc EndOffset="4088" SrcFileId="11" StartOffset="4068"/>
<Loc EndOffset="4100" SrcFileId="11" StartOffset="4094"/>
</LocList>
<BasicStmnt CovItemId="S98" CovItemPrefix="csse376_puerto_rico.Buildings.java" Intrnl_Id="1455">
<LocList>
<Loc EndOffset="4022" SrcFileId="11" StartOffset="4013"/>
</LocList>
</BasicStmnt>
<BasicStmnt CovItemId="S99" CovItemPrefix="csse376_puerto_rico.Buildings.java" Intrnl_Id="1456">
<LocList>
<Loc EndOffset="4039" SrcFileId="11" StartOffset="4028"/>
</LocList>
</BasicStmnt>
<BasicStmnt CovItemId="S100" CovItemPrefix="csse376_puerto_rico.Buildings.java" Intrnl_Id="1457">
<LocList>
<Loc EndOffset="4062" SrcFileId="11" StartOffset="4045"/>
</LocList>
</BasicStmnt>
<BasicStmnt CovItemId="S101" CovItemPrefix="csse376_puerto_rico.Buildings.java" Intrnl_Id="1458">
<LocList>
<Loc EndOffset="4088" SrcFileId="11" StartOffset="4068"/>
</LocList>
</BasicStmnt>
<BasicStmnt CovItemId="S102" CovItemPrefix="csse376_puerto_rico.Buildings.java" Intrnl_Id="1459">
<LocList>
<Loc EndOffset="4100" SrcFileId="11" StartOffset="4094"/>
</LocList>
</BasicStmnt>
</StmntSeq>
</Branch>
<Branch CovItemId="B19" CovItemPrefix="csse376_puerto_rico.Buildings.java" Implct="false" Intrnl_Id="1460">
<Cond>
<Loc EndOffset="4118" SrcFileId="11" StartOffset="4111"/>
</Cond>
<LocList>
<Loc EndOffset="4200" SrcFileId="11" StartOffset="4125"/>
</LocList>
<StmntSeq Intrnl_Id="1461">
<LocList>
<Loc EndOffset="4134" SrcFileId="11" StartOffset="4125"/>
<Loc EndOffset="4151" SrcFileId="11" StartOffset="4140"/>
<Loc EndOffset="4174" SrcFileId="11" StartOffset="4157"/>
<Loc EndOffset="4200" SrcFileId="11" StartOffset="4180"/>
</LocList>
<BasicStmnt CovItemId="S103" CovItemPrefix="csse376_puerto_rico.Buildings.java" Intrnl_Id="1462">
<LocList>
<Loc EndOffset="4134" SrcFileId="11" StartOffset="4125"/>
</LocList>
</BasicStmnt>
<BasicStmnt CovItemId="S104" CovItemPrefix="csse376_puerto_rico.Buildings.java" Intrnl_Id="1463">
<LocList>
<Loc EndOffset="4151" SrcFileId="11" StartOffset="4140"/>
</LocList>
</BasicStmnt>
<BasicStmnt CovItemId="S105" CovItemPrefix="csse376_puerto_rico.Buildings.java" Intrnl_Id="1464">
<LocList>
<Loc EndOffset="4174" SrcFileId="11" StartOffset="4157"/>
</LocList>
</BasicStmnt>
<BasicStmnt CovItemId="S106" CovItemPrefix="csse376_puerto_rico.Buildings.java" Intrnl_Id="1465">
<LocList>
<Loc EndOffset="4200" SrcFileId="11" StartOffset="4180"/>
</LocList>
</BasicStmnt>
</StmntSeq>
</Branch>
<Keyword EndOffset="1164" SrcFileId="11" StartOffset="1158"/>
<LocList>
<Loc EndOffset="4206" SrcFileId="11" StartOffset="1158"/>
</LocList>
</CondStmnt>
</StmntSeq>
</HierarchyLvl>
<HierarchyLvl HierarchyLvlId="5497" HierarchyLvlTypeId="17" Intrnl_Id="1466" Name="isOccupied">
<Header>
<Loc EndOffset="4251" SrcFileId="11" StartOffset="4224"/>
</Header>
<LocList>
<Loc EndOffset="4319" SrcFileId="11" StartOffset="4224"/>
</LocList>
<StmntSeq Intrnl_Id="1467">
<LocList>
<Loc EndOffset="4314" SrcFileId="11" StartOffset="4257"/>
</LocList>
<BasicStmnt CovItemId="S107" CovItemPrefix="csse376_puerto_rico.Buildings.java" Intrnl_Id="1468">
<LocList>
<Loc EndOffset="4314" SrcFileId="11" StartOffset="4257"/>
</LocList>
</BasicStmnt>
</StmntSeq>
</HierarchyLvl>
</HierarchyLvl>
</HierarchyLvl>
</HierarchyLvl>
</HierarchyLvl>
</MASTRoot>
</TestSessionContainer>
