<?xml version="1.0" encoding="UTF-8"?><TestSessionContainer xmlns="http://www.codecover.org/xml/testsession-container" Date="1431110010804" TestSessionContainerId="4ca81b83-e268-40c2-9372-de959f66f480" version="1.0">
<SrcFileList>
<SrcFile Content="package csse376_puerto_rico;&#10;&#10;import java.awt.Color;&#10;&#10;import javax.swing.ButtonGroup;&#10;import javax.swing.JButton;&#10;import javax.swing.JFrame;&#10;import javax.swing.JPanel;&#10;import javax.swing.JRadioButton;&#10;&#10;public class StartUpGameBoardGUI {&#10;&#10;&#9;private JFrame mainframe;&#10;&#10;&#9;public StartUpGameBoardGUI(JFrame frame) {&#10;&#9;&#9;this.mainframe = frame;&#10;&#9;&#9;this.mainframe.getContentPane().removeAll();&#10;&#9;&#9;this.mainframe.getContentPane().revalidate();&#10;&#9;&#9;this.mainframe.setBackground(Color.BLACK);&#10;&#9;&#9;this.mainframe.setTitle(&quot;Choose Players&quot;);&#10;&#10;&#9;&#9;JPanel mainPanel = new JPanel();&#10;&#9;&#9;&#10;&#9;&#9;ButtonGroup group = new ButtonGroup();&#10;&#9;&#9;JRadioButton rb3 = new JRadioButton(&quot;3&quot;, true);&#10;&#9;&#9;JRadioButton rb4 = new JRadioButton(&quot;4&quot;, false);&#10;&#9;&#9;JRadioButton rb5 = new JRadioButton(&quot;5&quot;, false);&#10;&#9;&#9;group.add(rb3);&#10;&#9;&#9;group.add(rb4);&#10;&#9;&#9;group.add(rb5);&#10;&#9;&#9;&#10;&#9;&#9;JButton startButton = new JButton(&quot;Start&quot;);&#10;&#9;&#9;startButton.addActionListener(new ButtonHandler(this.mainframe, group));&#10;&#9;&#9;&#10;&#9;&#9;mainPanel.add(rb3);&#10;&#9;&#9;mainPanel.add(rb4);&#10;&#9;&#9;mainPanel.add(rb5);&#10;&#9;&#9;mainPanel.add(startButton);&#10;&#9;&#9;&#10;&#9;&#9;this.mainframe.add(mainPanel);&#10;&#9;}&#10;&#10;}&#10;" Filename="StartUpGameBoardGUI.java" Intrnl_Id="1"/>
<SrcFile Content="package csse376_puerto_rico;&#13;&#10;&#13;&#10;import java.util.ArrayList;&#13;&#10;import java.util.List;&#13;&#10;&#13;&#10;/**&#13;&#10; * List of roles&#13;&#10; *&#13;&#10; * @author songm. Created Apr 22, 2015.&#13;&#10; */&#13;&#10;public class PlayerRoles {&#13;&#10;&#9;public static final String Settler = &quot;Settler&quot;;&#13;&#10;&#9;public static final String Builder = &quot;Builder&quot;;&#13;&#10;&#9;public static final String Craftsman = &quot;Craftsman&quot;;&#13;&#10;&#9;public static final String Trader = &quot;Trader&quot;;&#13;&#10;&#9;public static final String Captain = &quot;Captain&quot;;&#13;&#10;&#9;public static final String Prospector = &quot;Prospector&quot;;&#13;&#10;&#9;public static final String Mayor = &quot;Mayor&quot;;&#13;&#10;&#13;&#10;&#9;private PlayerRoles() {&#13;&#10;&#9;&#9;// null constructor&#13;&#10;&#9;}&#13;&#10;&#13;&#10;&#9;public static List&lt;String&gt; getValues() {&#13;&#10;&#9;&#9;List&lt;String&gt; rtn = new ArrayList&lt;String&gt;();&#13;&#10;&#13;&#10;&#9;&#9;rtn.add(Settler);&#13;&#10;&#9;&#9;rtn.add(Builder);&#13;&#10;&#9;&#9;rtn.add(Craftsman);&#13;&#10;&#9;&#9;rtn.add(Trader);&#13;&#10;&#9;&#9;rtn.add(Captain);&#13;&#10;&#9;&#9;rtn.add(Prospector);&#13;&#10;&#9;&#9;rtn.add(Mayor);&#13;&#10;&#13;&#10;&#9;&#9;return rtn;&#13;&#10;&#9;}&#13;&#10;}&#13;&#10;" Filename="PlayerRoles.java" Intrnl_Id="2"/>
<SrcFile Content="package csse376_puerto_rico;&#13;&#10;&#13;&#10;import java.util.ArrayList;&#13;&#10;import java.util.Arrays;&#13;&#10;import java.util.HashMap;&#13;&#10;import java.util.List;&#13;&#10;&#13;&#10;import javax.swing.JTextArea;&#13;&#10;&#13;&#10;import csse376_puerto_rico.Buildings.Building;&#13;&#10;&#13;&#10;public class Player {&#13;&#10;&#13;&#10;&#9;private int pNum;&#13;&#10;&#9;private String role;&#13;&#10;&#9;private JTextArea hud;&#13;&#10;&#9;public boolean isTurn;&#13;&#10;&#9;public boolean isGovernor;&#13;&#10;&#9;private int points = 0;&#13;&#10;&#13;&#10;&#9;private ArrayList&lt;Building&gt; buildings = new ArrayList&lt;Building&gt;();&#13;&#10;&#13;&#10;&#9;public static class Good {&#13;&#10;&#9;&#9;public static final String COFFEE = &quot;Coffee&quot;;&#13;&#10;&#9;&#9;public static final String TOBACCO = &quot;Tobacco&quot;;&#13;&#10;&#9;&#9;public static final String CORN = &quot;Corn&quot;;&#13;&#10;&#9;&#9;public static final String SUGAR = &quot;Sugar&quot;;&#13;&#10;&#9;&#9;public static final String INDIGO = &quot;Indigo&quot;;&#13;&#10;&#9;}&#13;&#10;&#13;&#10;&#9;public static class Plantation {&#13;&#10;&#9;&#9;public String good;&#13;&#10;&#9;&#9;public boolean hasWorker;&#13;&#10;&#13;&#10;&#9;&#9;public Plantation(String good, boolean hasWorker) {&#13;&#10;&#9;&#9;&#9;this.good = good;&#13;&#10;&#9;&#9;&#9;this.hasWorker = hasWorker;&#13;&#10;&#9;&#9;}&#13;&#10;&#9;}&#13;&#10;&#13;&#10;&#9;private ArrayList&lt;Plantation&gt; plantations = new ArrayList&lt;Plantation&gt;();&#13;&#10;&#9;private HashMap&lt;String, Integer&gt; goods = new HashMap&lt;String, Integer&gt;();&#13;&#10;&#9;private static List&lt;String&gt; roles = PlayerRoles.getValues();&#13;&#10;&#13;&#10;&#9;// For Testing purposes, null player&#13;&#10;&#9;public Player() {&#13;&#10;&#9;&#9;this.pNum = 0;&#13;&#10;&#9;&#9;this.role = &quot;&quot;;&#13;&#10;&#9;&#9;this.isGovernor = false;&#13;&#10;&#9;&#9;this.hud = new JTextArea();&#13;&#10;&#9;&#9;for (String s : this.getAllGoods()) {&#13;&#10;&#9;&#9;&#9;this.goods.put(s, 0);&#13;&#10;&#9;&#9;}&#13;&#10;&#9;}&#13;&#10;&#13;&#10;&#9;public Player(String role) {&#13;&#10;&#9;&#9;this.role = role;&#13;&#10;&#9;&#9;this.isGovernor = false;&#13;&#10;&#9;&#9;this.isTurn = false;&#13;&#10;&#9;&#9;this.hud = null;&#13;&#10;&#9;&#9;for (String s : this.getAllGoods()) {&#13;&#10;&#9;&#9;&#9;this.goods.put(s, 0);&#13;&#10;&#9;&#9;}&#13;&#10;&#9;}&#13;&#10;&#13;&#10;&#9;public void setPlayerNum(int i) {&#13;&#10;&#9;&#9;this.pNum = i;&#13;&#10;&#13;&#10;&#9;}&#13;&#10;&#13;&#10;&#9;public int getPlayerNum() {&#13;&#10;&#9;&#9;return this.pNum;&#13;&#10;&#9;}&#13;&#10;&#13;&#10;&#9;public String getRole() {&#13;&#10;&#9;&#9;return this.role;&#13;&#10;&#9;}&#13;&#10;&#13;&#10;&#9;public static List&lt;String&gt; getRoles() {&#13;&#10;&#13;&#10;&#9;&#9;return roles;&#13;&#10;&#9;}&#13;&#10;&#13;&#10;&#9;public int getPoints() {&#13;&#10;&#9;&#9;return points;&#13;&#10;&#9;}&#13;&#10;&#13;&#10;&#9;public JTextArea getHUD() {&#13;&#10;&#9;&#9;return this.hud;&#13;&#10;&#9;}&#13;&#10;&#13;&#10;&#9;public void setHUD(JTextArea hud) {&#13;&#10;&#9;&#9;this.hud = hud;&#13;&#10;&#9;}&#13;&#10;&#13;&#10;&#9;public boolean isGovernor() {&#13;&#10;&#9;&#9;return isGovernor;&#13;&#10;&#9;}&#13;&#10;&#13;&#10;&#13;&#10;&#9;public void addPoints(int addition) {&#13;&#10;&#9;&#9;this.points = this.points + addition;&#13;&#10;&#9;}&#13;&#10;&#9;&#13;&#10;&#9;// Test method&#13;&#10;&#9;public void setPoints(int points) {&#13;&#10;&#9;&#9;// This method is strictly for setting points&#13;&#10;&#9;&#9;this.points = points;&#13;&#10;&#9;}&#13;&#10;&#13;&#10;&#9;public void setRole(String string) {&#13;&#10;&#9;&#9;this.role = string;&#13;&#10;&#9;}&#13;&#10;&#13;&#10;&#9;public void addBuilding(Building building) {&#13;&#10;&#9;&#9;buildings.add(building);&#13;&#10;&#9;}&#13;&#10;&#13;&#10;&#9;public ArrayList&lt;String&gt; getBuildingsStringList() {&#13;&#10;&#9;&#9;ArrayList&lt;String&gt; rtn = new ArrayList&lt;String&gt;();&#13;&#10;&#9;&#9;for (Building b : this.buildings) {&#13;&#10;&#9;&#9;&#9;rtn.add(b.name);&#13;&#10;&#9;&#9;}&#13;&#10;&#9;&#9;return rtn;&#13;&#10;&#9;}&#13;&#10;&#13;&#10;&#9;public ArrayList&lt;Building&gt; getBuildings() {&#13;&#10;&#9;&#9;return this.buildings;&#13;&#10;&#9;}&#13;&#10;&#13;&#10;&#9;public List&lt;String&gt; getGoods() {&#13;&#10;&#9;&#9;//&#13;&#10;&#9;&#9;List&lt;String&gt; rtn = new ArrayList&lt;String&gt;();&#13;&#10;&#9;&#9;String coffee = &quot;Coffee: &quot;&#13;&#10;&#9;&#9;&#9;&#9;+ Integer.toString((getNumberOfGood(&quot;Coffee&quot;)));&#13;&#10;&#9;&#9;String tobacco = &quot;Tobacco: &quot;&#13;&#10;&#9;&#9;&#9;&#9;+ Integer.toString((getNumberOfGood(&quot;Tobacco&quot;)));&#13;&#10;&#9;&#9;String corn = &quot;Corn: &quot; + Integer.toString((getNumberOfGood(&quot;Corn&quot;)));&#13;&#10;&#9;&#9;String sugar = &quot;Sugar: &quot; + Integer.toString((getNumberOfGood(&quot;Sugar&quot;)));&#13;&#10;&#9;&#9;String indigo = &quot;Indigo: &quot;&#13;&#10;&#9;&#9;&#9;&#9;+ Integer.toString((getNumberOfGood(&quot;Indigo&quot;)));&#13;&#10;&#9;&#9;rtn.addAll(Arrays.asList(coffee, corn, tobacco, sugar, indigo));&#13;&#10;&#9;&#9;return rtn;&#13;&#10;&#9;}&#13;&#10;&#13;&#10;&#9;public int getNumberOfGood(String good) {&#13;&#10;&#9;&#9;// added case where there were no goods&#13;&#10;&#9;&#9;if (this.goods.get(good) == null) {&#13;&#10;&#9;&#9;&#9;return 0;&#13;&#10;&#9;&#9;}&#13;&#10;&#9;&#9;return this.goods.get(good);&#13;&#10;&#13;&#10;&#9;}&#13;&#10;&#13;&#10;&#9;public List&lt;String&gt; getAllGoods() {&#13;&#10;&#9;&#9;List&lt;String&gt; rtn = new ArrayList&lt;String&gt;();&#13;&#10;&#9;&#9;rtn.addAll(Arrays.asList(Good.COFFEE, Good.CORN, Good.INDIGO,&#13;&#10;&#9;&#9;&#9;&#9;Good.SUGAR, Good.TOBACCO));&#13;&#10;&#9;&#9;return rtn;&#13;&#10;&#9;}&#13;&#10;&#13;&#10;&#9;public void addGood(String good, int number) {&#13;&#10;&#9;&#9;// adds the number to the original&#13;&#10;&#9;&#9;this.goods.put(good, this.goods.get(good) + number);&#13;&#10;&#9;}&#13;&#10;&#13;&#10;&#9;@Override&#13;&#10;&#9;public String toString() {&#13;&#10;&#9;&#9;String rtn = &quot;&quot;;&#13;&#10;&#9;&#9;String buildingList = &quot;&quot;;&#13;&#10;&#9;&#9;String goodsList = this.getGoods().toString();&#13;&#10;&#9;&#9;String plantationList= &quot;&quot;;&#13;&#10;&#9;&#9;for (int i = 0; i &lt; this.buildings.size(); i++) {&#13;&#10;&#9;&#9;&#9;buildingList = buildingList + &quot; &quot; + this.buildings.get(i).name;&#13;&#10;&#9;&#9;}&#13;&#10;&#9;&#9;for (int i = 0; i &lt; this.plantations.size(); i++) {&#13;&#10;&#9;&#9;&#9;plantationList += this.plantations.get(i).good;&#13;&#10;&#9;&#9;}&#13;&#10;&#9;&#9;if (isGovernor) {&#13;&#10;&#9;&#9;&#9;rtn = String&#13;&#10;&#9;&#9;&#9;&#9;&#9;.format(&quot;Player %d \nRole: %s \nScore: %d \nBuilding: %s \nPlantation: %s \nGoods: %s \nGovernor&quot;,&#13;&#10;&#9;&#9;&#9;&#9;&#9;&#9;&#9;pNum, role, points, buildingList, plantationList,&#13;&#10;&#9;&#9;&#9;&#9;&#9;&#9;&#9;goodsList);&#13;&#10;&#9;&#9;} else {&#13;&#10;&#9;&#9;&#9;rtn = String&#13;&#10;&#9;&#9;&#9;&#9;&#9;.format(&quot;Player %d \nRole: %s \nScore: %d \nBuilding: %s \nPlantation: %s \nGoods: %s&quot;,&#13;&#10;&#9;&#9;&#9;&#9;&#9;&#9;&#9;pNum, role, points, buildingList, plantationList,&#13;&#10;&#9;&#9;&#9;&#9;&#9;&#9;&#9;goodsList);&#13;&#10;&#9;&#9;}&#13;&#10;&#9;&#9;return rtn;&#13;&#10;&#9;}&#13;&#10;&#13;&#10;&#9;public void updatePlayerInfo() {&#13;&#10;&#9;&#9;this.hud.setText(this.toString());&#13;&#10;&#9;}&#13;&#10;&#13;&#10;&#9;public ArrayList&lt;Plantation&gt; getPlantations() {&#13;&#10;&#9;&#9;return this.plantations;&#13;&#10;&#9;}&#13;&#10;&#9;&#13;&#10;&#13;&#10;&#9;public ArrayList&lt;String&gt; getPlantationsStringList() {&#13;&#10;&#9;&#9;ArrayList&lt;String&gt; rtn = new ArrayList&lt;String&gt;();&#13;&#10;&#9;&#9;for (Plantation p : this.plantations) {&#13;&#10;&#9;&#9;&#9;rtn.add(p.good);&#13;&#10;&#9;&#9;}&#13;&#10;&#9;&#9;return rtn;&#13;&#10;&#9;}&#13;&#10;&#9;&#13;&#10;&#9;//Only used by the Craftsman: checks if the plantation has a worker and adds one&#13;&#10;&#9;//to the respective good count&#13;&#10;&#9;public void checkPlantation()&#13;&#10;&#9;{&#13;&#10;&#9;&#9;for (Plantation p : this.plantations)&#13;&#10;&#9;&#9;{&#13;&#10;&#9;&#9;&#9;//TODO: Change this once mayor gets fixed. Must only work if the mayor places a colonist&#13;&#10;&#9;&#9;&#9;// on the plantation.&#13;&#10;&#9;&#9;&#9;&#9;this.addGood(p.good, 1);&#13;&#10;&#9;&#9;}&#13;&#10;&#9;}&#13;&#10;&#13;&#10;&#13;&#10;&#13;&#10;}&#13;&#10;" Filename="Player.java" Intrnl_Id="3"/>
<SrcFile Content="package csse376_puerto_rico;&#13;&#10;&#13;&#10;import java.awt.event.ActionEvent;&#13;&#10;import java.awt.event.ActionListener;&#13;&#10;import java.util.ArrayList;&#13;&#10;import java.util.List;&#13;&#10;&#13;&#10;import javax.swing.JButton;&#13;&#10;&#13;&#10;public class NextMoveButton extends JButton &#13;&#10;{&#13;&#10;&#9;private List&lt;Player&gt; players;&#13;&#10;&#9;public NextMoveButton()&#13;&#10;&#9;{&#13;&#10;&#9;&#9;players = GameBoardGUI.players;&#13;&#10;&#9;&#9;final ArrayList&lt;Integer&gt; count = new ArrayList&lt;Integer&gt;();&#13;&#10;&#9;&#9;final Integer zero = 0;&#13;&#10;&#9;&#9;count.add(zero);&#13;&#10;&#9;&#9;this.addActionListener(new ActionListener() {&#13;&#10;&#9;&#9;&#9;&#13;&#10;&#9;&#9;&#9;@Override&#13;&#10;&#9;&#9;&#9;public void actionPerformed(ActionEvent e) {&#13;&#10;&#9;&#9;&#9;&#9;Integer newCount = count.get(0);&#13;&#10;&#9;&#9;&#9;&#9;newCount = newCount +1;&#13;&#10;&#9;&#9;&#9;&#9;count.remove(0);&#13;&#10;&#9;&#9;&#9;&#9;count.add(newCount);&#13;&#10;&#9;&#9;&#9;&#9;if(newCount &gt; 0 &amp;&amp; newCount % players.size() ==0)&#13;&#10;&#9;&#9;&#9;&#9;{&#13;&#10;&#9;&#9;&#9;&#9;&#9;Integer finalCount = newCount/players.size();&#13;&#10;&#9;&#9;&#9;&#9;&#9;setText(&quot;Turn &quot; +finalCount.toString());&#13;&#10;&#9;&#9;&#9;&#9;}&#13;&#10;&#9;&#9;&#9;&#9;&#13;&#10;&#9;&#9;&#9;&#9;makeMove();&#13;&#10;&#9;&#9;&#9;}&#13;&#10;&#9;&#9;});&#13;&#10;&#9;}&#13;&#10;&#9;public void makeMove()&#13;&#10;&#9;{&#13;&#10;&#9;&#9;//once you find the first true isTurn value, &#13;&#10;&#9;&#9;//you should set it off to mark that player's turn has ended&#13;&#10;&#9;&#9;//then you mark the next player's turn has started by turning its isTurn value as true&#13;&#10;&#9;&#9;//once these changes are made, this new players list replaces the mainboard's player's list&#13;&#10;&#9;&#9;for(int i=0;i&lt;players.size();i++)&#13;&#10;&#9;&#9;{&#13;&#10;&#9;&#9;&#9;if(players.get(i).isTurn)&#13;&#10;&#9;&#9;&#9;{&#13;&#10;&#9;&#9;&#9;&#9;players.get(i).isTurn = false;&#13;&#10;&#9;&#9;&#9;&#9;if(i == players.size()-1)&#13;&#10;&#9;&#9;&#9;&#9;{&#13;&#10;&#9;&#9;&#9;&#9;&#9;players.get(0).isTurn = true;&#13;&#10;&#9;&#9;&#9;&#9;}&#13;&#10;&#9;&#9;&#9;&#9;else&#13;&#10;&#9;&#9;&#9;&#9;{&#13;&#10;&#9;&#9;&#9;&#9;&#9;players.get(i+1).isTurn = true;&#13;&#10;&#9;&#9;&#9;&#9;}&#13;&#10;&#9;&#9;&#9;&#9;break;&#13;&#10;&#9;&#9;&#9;}&#13;&#10;&#9;&#9;}&#13;&#10;&#9;&#9;GameBoardGUI.players = players;&#13;&#10;&#9;}&#13;&#10;}&#13;&#10;&#13;&#10;&#9;&#13;&#10;&#13;&#10;" Filename="NextMoveButton.java" Intrnl_Id="4"/>
<SrcFile Content="package csse376_puerto_rico;&#13;&#10;&#13;&#10;import java.awt.BorderLayout;&#13;&#10;import java.awt.Image;&#13;&#10;&#13;&#10;import javax.swing.ImageIcon;&#13;&#10;import javax.swing.JButton;&#13;&#10;import javax.swing.JFrame;&#13;&#10;import javax.swing.JLabel;&#13;&#10;import javax.swing.JPanel;&#13;&#10;&#13;&#10;import net.miginfocom.swing.MigLayout;&#13;&#10;&#13;&#10;public class MenuGUI {&#13;&#10;&#9;/**&#13;&#10;     * Mainframe.&#13;&#10;     */&#13;&#10;     JFrame mainframe = new JFrame();&#13;&#10;     &#13;&#10;     /**&#13;&#10;     * Constructs the Menu.&#13;&#10;     * &#13;&#10;     */&#13;&#10;     public MenuGUI() {&#13;&#10;           this.mainframe.setTitle(&quot;Puerto Rico&quot;);&#13;&#10;           this.mainframe.setSize(1366, 800);&#13;&#10;           this.mainframe.setVisible(true);&#13;&#10;           this.mainframe.setDefaultCloseOperation(JFrame.EXIT_ON_CLOSE);&#13;&#10;//           this.mainframe.setResizable(false);&#13;&#10;//           MigLayout layout = new MigLayout();&#13;&#10;//   &#9;&#9;   this.mainframe.setLayout(layout);&#13;&#10;           &#13;&#10;           JPanel imgPanel = new JPanel();&#13;&#10;           JPanel buttonPanel = new JPanel();&#13;&#10;           &#13;&#10;           String imageLoc = &quot;puerto-ricosmall.jpg&quot;;&#13;&#10;           ImageIcon imageIcon = new ImageIcon(imageLoc);&#13;&#10;           &#13;&#10;           imgPanel.add(new JLabel(imageIcon));&#13;&#10;           &#13;&#10;           JButton newGame = new JButton(&quot;New Game&quot;);&#13;&#10;           newGame.addActionListener(new ButtonHandler(mainframe, null));&#13;&#10;           JButton quit = new JButton(&quot;Quit&quot;);&#13;&#10;           &#13;&#10;           buttonPanel.add(newGame);&#13;&#10;           buttonPanel.add(quit);&#13;&#10;           &#13;&#10;           this.mainframe.add(imgPanel, BorderLayout.NORTH);&#13;&#10;           this.mainframe.add(buttonPanel, BorderLayout.SOUTH);&#13;&#10;     }&#13;&#10;&#13;&#10;}&#13;&#10;" Filename="MenuGUI.java" Intrnl_Id="5"/>
<SrcFile Content="package csse376_puerto_rico;&#10;&#10;public class Main {&#10;&#9;/**&#10;&#9; * @param args&#10;&#9; * &#10;&#9; * &#10;&#9; */&#10;&#9;public static void main(String[] args) {&#10;&#9;&#9;new MenuGUI();&#10;&#9;}&#10;}&#10;" Filename="Main.java" Intrnl_Id="6"/>
<SrcFile Content="package csse376_puerto_rico;&#13;&#10;&#13;&#10;import java.awt.event.ActionEvent;&#13;&#10;import java.awt.event.ActionListener;&#13;&#10;import java.util.ArrayList;&#13;&#10;import java.util.List;&#13;&#10;&#13;&#10;import javax.swing.JButton;&#13;&#10;import javax.swing.JTextArea;&#13;&#10;&#13;&#10;public class GoodsButton extends JButton &#13;&#10;{&#13;&#10;&#9;private List&lt;Player&gt; players;&#13;&#10;&#9;private String goodsName;&#13;&#10;&#9;private JTextArea msgBar;&#13;&#10;&#9;private GameBoardGUI gbGUI;&#13;&#10;&#9;public GoodsButton(String good, GameBoardGUI gbg)&#13;&#10;&#9;{&#13;&#10;&#9;&#9;gbGUI = gbg;&#13;&#10;&#9;&#9;goodsName = good;&#13;&#10;&#9;&#9;setText(goodsName);&#13;&#10;&#9;&#9;players = gbg.players;&#13;&#10;&#9;&#9;msgBar = gbg.msgBar;&#13;&#10;&#9;&#9;this.addActionListener(new ActionListener() {&#13;&#10;&#9;&#9;&#9;&#13;&#10;&#9;&#9;&#9;@Override&#13;&#10;&#9;&#9;&#9;public void actionPerformed(ActionEvent e) &#13;&#10;&#9;&#9;&#9;{&#13;&#10;&#9;&#9;&#9;&#13;&#10;&#9;&#9;&#9;&#9;&#9;for(int i=0;i&lt;players.size();i++)&#13;&#10;&#9;&#9;&#9;&#9;&#9;{&#13;&#10;&#9;&#9;&#9;&#9;&#9;&#9;int playerNumber = i+1;&#13;&#10;&#9;&#9;&#9;&#9;&#9;&#9;System.out.println( &quot;Player &quot;+playerNumber+&quot;: &quot;+ players.get(i).getGoods());&#13;&#10;&#9;&#9;&#9;&#9;&#9;&#9;players.get(i).addGood(goodsName, 1);&#13;&#10;&#9;&#9;&#9;&#9;&#9;&#9;gbGUI.updateMsgBar(&quot;You pressed a button&quot;);&#13;&#10;&#9;&#9;&#9;&#9;&#9;}&#13;&#10;&#9;&#9;&#9;}&#13;&#10;&#9;&#9;});&#13;&#10;&#9;&#9;&#13;&#10;&#9;&#9;GameBoardGUI.players = players;&#13;&#10;&#9;}&#13;&#10;}&#13;&#10;" Filename="GoodsButton.java" Intrnl_Id="7"/>
<SrcFile Content="package csse376_puerto_rico;&#13;&#10;&#13;&#10;import java.util.ArrayList;&#13;&#10;import java.util.HashMap;&#13;&#10;import java.util.List;&#13;&#10;&#13;&#10;import csse376_puerto_rico.Buildings.Building;&#13;&#10;import csse376_puerto_rico.Player.Plantation;&#13;&#10;&#13;&#10;public class GameState {&#13;&#10;&#13;&#10;&#9;private HashMap&lt;String, Integer&gt; goods = new HashMap&lt;String, Integer&gt;();&#13;&#10;&#9;public int colonistsTotal;&#13;&#10;&#9;public int colonistsOnBoard;&#13;&#10;&#9;public int cargoship4 = 0;&#13;&#10;&#9;public String cargoship4Good;&#13;&#10;&#9;public int cargoship5 = 0;&#13;&#10;&#9;public String cargoship5Good;&#13;&#10;&#9;public int cargoship6 = 0;&#13;&#10;&#9;public String cargoship6Good;&#13;&#10;&#9;public boolean isGameEndState = false;&#13;&#10;&#9;public int doubloons;&#13;&#10;&#9;private int numOfPlayers;&#13;&#10;&#9;private List&lt;Player&gt; players;&#13;&#10;&#13;&#10;&#9;public static final int ERROR = -99;&#13;&#10;&#13;&#10;&#9;public GameState() {&#13;&#10;&#13;&#10;&#9;&#9;// for testing purposes&#13;&#10;&#9;&#9;// goods&#13;&#10;&#9;&#9;goods.put(Player.Good.COFFEE, 0);&#13;&#10;&#9;&#9;goods.put(Player.Good.CORN, 0);&#13;&#10;&#9;&#9;goods.put(Player.Good.INDIGO, 0);&#13;&#10;&#9;&#9;goods.put(Player.Good.SUGAR, 0);&#13;&#10;&#9;&#9;goods.put(Player.Good.TOBACCO, 0);&#13;&#10;&#13;&#10;&#9;&#9;// colonists&#13;&#10;&#13;&#10;&#9;&#9;colonistsTotal = 0;&#13;&#10;&#9;&#9;colonistsOnBoard = 0;&#13;&#10;&#9;&#9;// ships&#13;&#10;&#13;&#10;&#9;&#9;// doubloons&#13;&#10;&#9;&#9;doubloons = 0;&#13;&#10;&#13;&#10;&#9;}&#13;&#10;&#13;&#10;&#9;public GameState(List&lt;Player&gt; players2) {&#13;&#10;&#13;&#10;&#9;&#9;// TODO: game start state - Min&#13;&#10;&#9;&#9;// goods&#13;&#10;&#9;&#9;goods.put(Player.Good.COFFEE, 0);&#13;&#10;&#9;&#9;goods.put(Player.Good.CORN, 0);&#13;&#10;&#9;&#9;goods.put(Player.Good.INDIGO, 0);&#13;&#10;&#9;&#9;goods.put(Player.Good.SUGAR, 0);&#13;&#10;&#9;&#9;goods.put(Player.Good.TOBACCO, 0);&#13;&#10;&#13;&#10;&#9;&#9;// colonists&#13;&#10;&#9;&#9;this.players = players2;&#13;&#10;&#9;&#9;numOfPlayers = players2.size();&#13;&#10;&#9;&#9;colonistsOnBoard = numOfPlayers;&#13;&#10;&#9;&#9;if (numOfPlayers == 3) {&#13;&#10;&#9;&#9;&#9;colonistsTotal = 55;&#13;&#10;&#9;&#9;} else if (numOfPlayers == 4) {&#13;&#10;&#9;&#9;&#9;colonistsTotal = 75;&#13;&#10;&#9;&#9;} else if (numOfPlayers == 5) {&#13;&#10;&#9;&#9;&#9;colonistsTotal = 95;&#13;&#10;&#9;&#9;}&#13;&#10;&#9;&#9;// ships&#13;&#10;&#13;&#10;&#9;&#9;// doubloons&#13;&#10;&#9;&#9;doubloons = 0;&#13;&#10;&#13;&#10;&#9;}&#13;&#10;&#13;&#10;&#9;public int getGood(String good) {&#13;&#10;&#13;&#10;&#9;&#9;return goods.get(good);&#13;&#10;&#9;}&#13;&#10;&#13;&#10;&#9;public void addGood(String good) {&#13;&#10;&#13;&#10;&#9;&#9;goods.put(good, goods.get(good) + 1);&#13;&#10;&#9;}&#13;&#10;&#13;&#10;&#9;public int getColonistsOnBoard() {&#13;&#10;&#9;&#9;//&#13;&#10;&#9;&#9;return colonistsOnBoard;&#13;&#10;&#9;}&#13;&#10;&#13;&#10;&#9;public int getColonistsTotal() {&#13;&#10;&#9;&#9;//&#13;&#10;&#9;&#9;return colonistsTotal;&#13;&#10;&#9;}&#13;&#10;&#13;&#10;&#9;public void addColonistsToBoard() {&#13;&#10;&#9;&#9;/**&#13;&#10;&#9;&#9; * For each empty circle on the buildings on the player boards of all&#13;&#10;&#9;&#9; * players (empty circles on plantations and quarries do not count!),&#13;&#10;&#9;&#9; * the mayor takes one colonist from the colonist supply and places it&#13;&#10;&#9;&#9; * on the colonist ship. However, as a minimum, the mayor should always&#13;&#10;&#9;&#9; * place at least as many colonists on the ship as there are players in&#13;&#10;&#9;&#9; * the game.&#13;&#10;&#9;&#9; */&#13;&#10;&#9;&#9;int temp = 0;&#13;&#10;&#9;&#9;for (Player player : players) {&#13;&#10;&#9;&#9;&#9;for (Building b : player.getBuildings()) {&#13;&#10;&#9;&#9;&#9;&#9;temp += b.numberOfJobs - b.numberOfWorkers;&#13;&#10;&#9;&#9;&#9;}&#13;&#10;&#9;&#9;&#9;for (Plantation p : player.getPlantations()) {&#13;&#10;&#9;&#9;&#9;&#9;if (!p.hasWorker) {&#13;&#10;&#9;&#9;&#9;&#9;&#9;temp += 1;&#13;&#10;&#9;&#9;&#9;&#9;}&#13;&#10;&#9;&#9;&#9;}&#13;&#10;&#9;&#9;}&#13;&#10;&#9;&#9;if (temp &lt; numOfPlayers) {&#13;&#10;&#9;&#9;&#9;colonistsOnBoard = numOfPlayers;&#13;&#10;&#9;&#9;} else {&#13;&#10;&#9;&#9;&#9;colonistsOnBoard = temp;&#13;&#10;&#9;&#9;}&#13;&#10;&#9;}&#13;&#10;&#13;&#10;&#9;/**&#13;&#10;&#9; * &#13;&#10;&#9; * returns leftover, if 99 then that means it is an error or wrong good on&#13;&#10;&#9; * cargo&#13;&#10;&#9; * &#13;&#10;&#9; * @param shipNum&#13;&#10;&#9; * @param goodNum&#13;&#10;&#9; * @param good&#13;&#10;&#9; * @return int&#13;&#10;&#9; *&#13;&#10;&#9; */&#13;&#10;&#9;public int addGoodToCargoShip(int shipNum, int goodNum, String good) {&#13;&#10;&#9;&#9;int leftover = 0;&#13;&#10;&#9;&#9;switch (shipNum) {&#13;&#10;&#9;&#9;case 4:&#13;&#10;&#9;&#9;&#9;if (cargoship4 == 0 || (cargoship4 &lt; 4 &amp;&amp; cargoship4Good.equals(good))) {&#13;&#10;&#9;&#9;&#9;&#9;leftover = cargoship4 + goodNum - 4;&#13;&#10;&#9;&#9;&#9;} else {&#13;&#10;&#9;&#9;&#9;&#9;leftover = ERROR;&#13;&#10;&#9;&#9;&#9;}&#13;&#10;&#9;&#9;&#9;break;&#13;&#10;&#9;&#9;case 5:&#13;&#10;&#9;&#9;&#9;if (cargoship5 == 0 ||(cargoship5 &lt; 5 &amp;&amp; cargoship5Good.equals(good))) {&#13;&#10;&#9;&#9;&#9;&#9;leftover = cargoship4 + goodNum - 5;&#13;&#10;&#9;&#9;&#9;} else {&#13;&#10;&#9;&#9;&#9;&#9;leftover = ERROR;&#13;&#10;&#9;&#9;&#9;}&#13;&#10;&#9;&#9;&#9;break;&#13;&#10;&#9;&#9;case 6:&#13;&#10;&#9;&#9;&#9;if (cargoship6 == 0 ||(cargoship6 &lt; 6 &amp;&amp; cargoship6Good.equals(good))) {&#13;&#10;&#9;&#9;&#9;&#9;leftover = cargoship6 + goodNum - 6;&#13;&#10;&#9;&#9;&#9;} else {&#13;&#10;&#9;&#9;&#9;&#9;leftover = ERROR;&#13;&#10;&#9;&#9;&#9;}&#13;&#10;&#9;&#9;&#9;break;&#13;&#10;&#9;&#9;default:&#13;&#10;&#9;&#9;&#9;break;&#13;&#10;&#9;&#9;}&#13;&#10;&#9;&#9;return leftover;&#13;&#10;&#9;}&#13;&#10;&#13;&#10;&#9;public boolean isGameEndState() {&#13;&#10;&#9;&#9;&#13;&#10;&#9;&#9;return isGameEndState;&#13;&#10;&#9;}&#13;&#10;&#13;&#10;&#9;public void updateAtEndOfTurn() {&#13;&#10;&#9;&#9;addColonistsToBoard();&#13;&#10;&#9;&#9;&#13;&#10;&#9;&#9;//Must ship these&#13;&#10;&#9;&#9;if (cargoship4 == 4) {&#13;&#10;&#9;&#9;&#9;cargoship4 = 0;&#13;&#10;&#9;&#9;}&#13;&#10;&#9;&#9;if (cargoship5 == 5) {&#13;&#10;&#9;&#9;&#9;cargoship5 = 0;&#13;&#10;&#9;&#9;}&#13;&#10;&#9;&#9;if (cargoship6 == 6) {&#13;&#10;&#9;&#9;&#9;cargoship6 = 0;&#13;&#10;&#9;&#9;}&#13;&#10;&#9;}&#13;&#10;&#13;&#10;}&#13;&#10;" Filename="GameState.java" Intrnl_Id="8"/>
<SrcFile Content="package csse376_puerto_rico;&#13;&#10;&#13;&#10;import java.awt.Color;&#13;&#10;import java.util.ArrayList;&#13;&#10;import java.util.Enumeration;&#13;&#10;import java.util.List;&#13;&#10;&#13;&#10;import javax.swing.AbstractButton;&#13;&#10;import javax.swing.ButtonGroup;&#13;&#10;import javax.swing.JFrame;&#13;&#10;import javax.swing.JOptionPane;&#13;&#10;import javax.swing.JTextArea;&#13;&#10;&#13;&#10;import net.miginfocom.swing.MigLayout;&#13;&#10;import csse376_puerto_rico.Buildings.Building;&#13;&#10;import csse376_puerto_rico.Player.Plantation;&#13;&#10;&#13;&#10;public class GameBoardGUI {&#13;&#10;&#13;&#10;&#9;private JFrame mainframe;&#13;&#10;&#9;public static List&lt;Player&gt; players;&#13;&#10;&#9;public static JTextArea msgBar;&#13;&#10;&#9;public static JTextArea gameStateInfo;&#13;&#10;&#9;// public static ArrayList&lt;JPanel&gt; playerCards;&#13;&#10;&#9;private ButtonGroup bGroup;&#13;&#10;&#9;private static int turnCount;&#13;&#10;&#9;private GameState gameState;&#13;&#10;&#13;&#10;&#9;public GameBoardGUI() {&#13;&#10;&#9;&#9;// For testing purposes.&#13;&#10;&#9;&#9;this.msgBar = new JTextArea();&#13;&#10;&#9;&#9;this.gameStateInfo = new JTextArea();&#13;&#10;&#9;&#9;this.players = new ArrayList&lt;Player&gt;();&#13;&#10;&#9;&#9;this.mainframe = new JFrame();&#13;&#10;&#9;&#9;this.gameState = new GameState();&#13;&#10;&#9;}&#13;&#10;&#13;&#10;&#9;public GameBoardGUI(JFrame frame, ButtonGroup group) {&#13;&#10;&#9;&#9;this.players = new ArrayList&lt;Player&gt;();&#13;&#10;&#9;&#9;this.mainframe = frame;&#13;&#10;&#9;&#9;this.mainframe.setTitle(&quot;Puerto Rico&quot;);&#13;&#10;&#9;&#9;this.mainframe.getContentPane().removeAll();&#13;&#10;&#9;&#9;this.mainframe.getContentPane().revalidate();&#13;&#10;&#9;&#9;this.mainframe.setBackground(Color.GREEN);&#13;&#10;&#9;&#9;MigLayout layout = new MigLayout();&#13;&#10;&#9;&#9;this.mainframe.setLayout(layout);&#13;&#10;&#9;&#9;this.bGroup = group;&#13;&#10;&#9;&#9;this.msgBar = new JTextArea();&#13;&#10;&#9;&#9;this.gameStateInfo = new JTextArea();&#13;&#10;&#13;&#10;&#13;&#10;&#9;&#9;String temp = &quot;0&quot;;&#13;&#10;&#9;&#9;for (Enumeration&lt;AbstractButton&gt; buttons = this.bGroup.getElements(); buttons&#13;&#10;&#9;&#9;&#9;&#9;.hasMoreElements();) {&#13;&#10;&#9;&#9;&#9;AbstractButton button = buttons.nextElement();&#13;&#10;&#9;&#9;&#9;if (button.isSelected()) {&#13;&#10;&#9;&#9;&#9;&#9;temp = button.getText();&#13;&#10;&#9;&#9;&#9;}&#13;&#10;&#9;&#9;}&#13;&#10;&#9;&#9;int numberPlayers = Integer.parseInt(temp);&#13;&#10;&#9;&#9;&#13;&#10;&#9;&#9;this.addPlayers(numberPlayers);&#13;&#10;&#9;}&#13;&#10;&#9;&#13;&#10;&#9;private void displayGameState() {&#13;&#10;&#9;&#9;int coffee = this.gameState.getGood(Player.Good.COFFEE);&#13;&#10;&#9;&#9;int corn = this.gameState.getGood(Player.Good.CORN);&#13;&#10;&#9;&#9;int indigo = this.gameState.getGood(Player.Good.INDIGO);&#13;&#10;&#9;&#9;int sugar = this.gameState.getGood(Player.Good.SUGAR);&#13;&#10;&#9;&#9;int tobacco = this.gameState.getGood(Player.Good.TOBACCO);&#13;&#10;&#9;&#9;int colonists = this.gameState.getColonistsOnBoard();&#13;&#10;&#9;&#9;&#13;&#10;&#9;&#9;String parsedInfo = &quot;Coffe: &quot;+coffee+&quot;    Corn: &quot;+corn+&quot;    Indigo: &quot;+indigo+&#13;&#10;&#9;&#9;&#9;&#9;&quot;\nSugar: &quot;+sugar+&quot;        Tobacco: &quot;+tobacco+&#13;&#10;&#9;&#9;&#9;&#9;&quot;\nColonists: &quot;+colonists+&#13;&#10;&#9;&#9;&#9;&#9;&quot;\n&quot;+&#13;&#10;&#9;&#9;&#9;&#9;&quot;\nCargo Ship: &quot;+(4 - this.gameState.cargoship4)+&quot; spots for &quot;+this.gameState.cargoship4Good+&#13;&#10;&#9;&#9;&#9;&#9;&quot;    Cargo Ship: &quot;+(5 - this.gameState.cargoship5)+&quot; spots for &quot;+this.gameState.cargoship5Good+&#13;&#10;&#9;&#9;&#9;&#9;&quot;    Cargo Ship: &quot;+(6 - this.gameState.cargoship6)+&quot; spots for &quot;+this.gameState.cargoship6Good;&#13;&#10;&#9;&#9;gameStateInfo.setColumns(20);&#13;&#10;&#9;&#9;gameStateInfo.setRows(7);&#13;&#10;&#9;&#9;gameStateInfo.setText(parsedInfo);&#13;&#10;&#9;&#9;this.mainframe.add(gameStateInfo, &quot;cell 2 3&quot;);&#13;&#10;&#9;}&#13;&#10;&#9;&#13;&#10;&#9;private void updateGameStateDisplay(){&#13;&#10;&#9;&#9;int coffee = this.gameState.getGood(Player.Good.COFFEE);&#13;&#10;&#9;&#9;int corn = this.gameState.getGood(Player.Good.CORN);&#13;&#10;&#9;&#9;int indigo = this.gameState.getGood(Player.Good.INDIGO);&#13;&#10;&#9;&#9;int sugar = this.gameState.getGood(Player.Good.SUGAR);&#13;&#10;&#9;&#9;int tobacco = this.gameState.getGood(Player.Good.TOBACCO);&#13;&#10;&#9;&#9;int colonists = this.gameState.getColonistsOnBoard();&#13;&#10;&#9;&#9;&#13;&#10;&#9;&#9;String parsedInfo = &quot;Coffe: &quot;+coffee+&quot;    Corn: &quot;+corn+&quot;    Indigo: &quot;+indigo+&#13;&#10;&#9;&#9;&#9;&#9;&quot;\nSugar: &quot;+sugar+&quot;        Tobacco: &quot;+tobacco+&#13;&#10;&#9;&#9;&#9;&#9;&quot;\nColonists: &quot;+colonists+&#13;&#10;&#9;&#9;&#9;&#9;&quot;\n&quot;+&#13;&#10;&#9;&#9;&#9;&#9;&quot;\nCargo Ship: &quot;+(4 - this.gameState.cargoship4)+&quot; spots for &quot;+this.gameState.cargoship4Good+&#13;&#10;&#9;&#9;&#9;&#9;&quot;    Cargo Ship: &quot;+(5 - this.gameState.cargoship5)+&quot; spots for &quot;+this.gameState.cargoship5Good+&#13;&#10;&#9;&#9;&#9;&#9;&quot;    Cargo Ship: &quot;+(6 - this.gameState.cargoship6)+&quot; spots for &quot;+this.gameState.cargoship6Good;&#13;&#10;&#9;&#9;&#13;&#10;&#9;&#9;gameStateInfo.setText(parsedInfo);&#13;&#10;&#9;}&#13;&#10;&#13;&#10;&#9;private void displayMessageBar() {&#13;&#10;&#9;&#9;msgBar.setColumns(90);&#13;&#10;&#9;&#9;this.mainframe.add(msgBar, &quot;cell 0 0, span &quot; + this.players.size());&#13;&#10;&#9;}&#13;&#10;&#13;&#10;&#9;private void addGoodsButtons() {&#13;&#10;&#9;&#9;GoodsButton CoffeeButton = new GoodsButton(&quot;Coffee&quot;, this);&#13;&#10;&#9;&#9;GoodsButton CornButton = new GoodsButton(&quot;Corn&quot;, this);&#13;&#10;&#9;&#9;GoodsButton TobaccoButton = new GoodsButton(&quot;Tobacco&quot;, this);&#13;&#10;&#9;&#9;GoodsButton IndigoButton = new GoodsButton(&quot;Indigo&quot;, this);&#13;&#10;&#9;&#9;GoodsButton SugarButton = new GoodsButton(&quot;Sugar&quot;, this);&#13;&#10;&#9;&#9;this.mainframe.add(CoffeeButton, &quot;cell 0 2&quot;);&#13;&#10;&#9;&#9;this.mainframe.add(CornButton, &quot;cell 0 2&quot;);&#13;&#10;&#9;&#9;this.mainframe.add(TobaccoButton, &quot;cell 0 2&quot;);&#13;&#10;&#9;&#9;this.mainframe.add(SugarButton, &quot;cell 0 2&quot;);&#13;&#10;&#9;&#9;this.mainframe.add(IndigoButton, &quot;cell 0 2&quot;);&#13;&#10;&#9;}&#13;&#10;&#13;&#10;&#9;public List&lt;Player&gt; addPlayers(int numberOfPlayers) {&#13;&#10;&#9;&#9;// this.addPlayerCards(numberOfPlayers);&#13;&#10;&#9;&#9;for (int i = 0; i &lt; numberOfPlayers; i++) {&#13;&#10;&#9;&#9;&#9;Player p = new Player();&#13;&#10;&#9;&#9;&#9;if (i == 0) {&#13;&#10;&#9;&#9;&#9;&#9;p.isGovernor = true;&#13;&#10;&#9;&#9;&#9;}&#13;&#10;&#9;&#9;&#9;p.setPlayerNum(i);&#13;&#10;&#9;&#9;&#9;JTextArea jta = new JTextArea(&quot;Player &quot; + i + &quot;\nRole: &quot;&#13;&#10;&#9;&#9;&#9;&#9;&#9;+ &quot;\nScore: &quot; + p.getPoints() + &quot;\nBuildings:&quot;&#13;&#10;&#9;&#9;&#9;&#9;&#9;+ p.getBuildingsStringList() + &quot;\nPlantations:\n&quot;);&#13;&#10;&#9;&#9;&#9;jta.setRows(15);&#13;&#10;&#9;&#9;&#9;jta.setColumns(15);&#13;&#10;&#9;&#9;&#9;p.setHUD(jta);&#13;&#10;&#9;&#9;&#9;this.players.add(p);&#13;&#10;&#9;&#9;&#9;this.mainframe.add(jta, &quot;cell &quot; + i + &quot; 1&quot;);&#13;&#10;&#13;&#10;&#9;&#9;}&#13;&#10;&#9;&#9;this.gameState = new GameState(this.players);&#13;&#10;&#9;&#9;&#13;&#10;&#9;&#9;displayGameState();&#13;&#10;&#9;&#9;displayMessageBar();&#13;&#10;&#9;&#9;addGoodsButtons();&#13;&#10;&#9;&#9;updateRoles();&#13;&#10;&#13;&#10;&#9;&#9;return this.players;&#13;&#10;&#9;}&#13;&#10;&#13;&#10;&#9;public List&lt;Player&gt; getPlayers() {&#13;&#10;&#9;&#9;return this.players;&#13;&#10;&#9;}&#13;&#10;&#13;&#10;&#9;public static int getTurnCount() {&#13;&#10;&#9;&#9;return turnCount;&#13;&#10;&#9;}&#13;&#10;&#13;&#10;&#9;// Will be deleted&#13;&#10;&#9;@Deprecated&#13;&#10;&#9;public String getPlayerText(int playerNum, String role, int points,&#13;&#10;&#9;&#9;&#9;String buildingList, String plantationList, boolean isGovernor) {&#13;&#10;&#9;&#9;String rtn = null;&#13;&#10;&#9;&#9;if (isGovernor) {&#13;&#10;&#9;&#9;&#9;rtn = String&#13;&#10;&#9;&#9;&#9;&#9;&#9;.format(&quot;Player %d \nRole: %s \nScore: %d \nBuilding: %s \nPlantation: %s \nGovernor&quot;,&#13;&#10;&#9;&#9;&#9;&#9;&#9;&#9;&#9;playerNum, role, points, buildingList,&#13;&#10;&#9;&#9;&#9;&#9;&#9;&#9;&#9;plantationList);&#13;&#10;&#13;&#10;&#9;&#9;} else {&#13;&#10;&#9;&#9;&#9;rtn = String&#13;&#10;&#9;&#9;&#9;&#9;&#9;.format(&quot;Player %d \nRole: %s \nScore: %d \nBuilding: %s \nPlantation: %s&quot;,&#13;&#10;&#9;&#9;&#9;&#9;&#9;&#9;&#9;playerNum, role, points, buildingList,&#13;&#10;&#9;&#9;&#9;&#9;&#9;&#9;&#9;plantationList);&#13;&#10;&#13;&#10;&#9;&#9;}&#13;&#10;&#9;&#9;return rtn;&#13;&#10;&#9;}&#13;&#10;&#13;&#10;&#9;public void updateRoles() {&#13;&#10;&#13;&#10;&#9;&#9;Object[] options = Player.getRoles().toArray();&#13;&#10;&#9;&#9;while (!checkEndGame()) {&#13;&#10;&#9;&#9;&#9;options = Player.getRoles().toArray();&#13;&#10;&#9;&#9;&#9;for (int i = 0; i &lt; this.players.size(); i++) {&#13;&#10;&#9;&#9;&#9;&#9;Player player = this.players.get(i);&#13;&#10;&#9;&#9;&#9;&#9;// DONE: Min, make player not able to choose role already chosen&#13;&#10;&#9;&#9;&#9;&#9;// for this turn.&#13;&#10;&#9;&#9;&#9;&#9;int n = JOptionPane.showOptionDialog(this.mainframe,&#13;&#10;&#9;&#9;&#9;&#9;&#9;&#9;&quot;Choose your role!&quot;, &quot;Player &quot; + i,&#13;&#10;&#9;&#9;&#9;&#9;&#9;&#9;JOptionPane.YES_NO_CANCEL_OPTION,&#13;&#10;&#9;&#9;&#9;&#9;&#9;&#9;JOptionPane.QUESTION_MESSAGE, null, options,&#13;&#10;&#9;&#9;&#9;&#9;&#9;&#9;options[options.length - 1]);&#13;&#10;&#9;&#9;&#9;&#9;// in this block of code I had to convert the lists of&#13;&#10;&#9;&#9;&#9;&#9;// buildings,plantations into Strings&#13;&#10;&#13;&#10;&#9;&#9;&#9;&#9;// TODO: move the building, plantation string builder to&#13;&#10;&#9;&#9;&#9;&#9;// getPlayerText method.&#13;&#10;&#9;&#9;&#9;&#9;// kurian&#13;&#10;&#13;&#10;&#9;&#9;&#9;&#9;String role = (String) options[n];&#13;&#10;&#9;&#9;&#9;&#9;player.setRole(role);&#13;&#10;&#13;&#10;&#9;&#9;&#9;&#9;player.updatePlayerInfo();&#13;&#10;&#13;&#10;&#9;&#9;&#9;&#9;playRole(i);&#13;&#10;&#9;&#9;&#9;&#9;&#13;&#10;&#9;&#9;&#9;&#9;// update&#13;&#10;&#9;&#9;&#9;&#9;this.gameState.updateAtEndOfTurn();&#13;&#10;&#9;&#9;&#9;&#9;&#13;&#10;&#9;&#9;&#9;&#9;// removing selected&#13;&#10;&#9;&#9;&#9;&#9;List&lt;Object&gt; temp = new ArrayList&lt;Object&gt;();&#13;&#10;&#9;&#9;&#9;&#9;for (int j = 0; j &lt; options.length; j++) {&#13;&#10;&#9;&#9;&#9;&#9;&#9;if (j != n) {&#13;&#10;&#9;&#9;&#9;&#9;&#9;&#9;temp.add(options[j]);&#13;&#10;&#9;&#9;&#9;&#9;&#9;}&#13;&#10;&#9;&#9;&#9;&#9;}&#13;&#10;&#9;&#9;&#9;&#9;options = temp.toArray();&#13;&#10;&#9;&#9;&#9;}&#13;&#10;&#13;&#10;&#9;&#9;}&#13;&#10;&#13;&#10;&#9;}&#13;&#10;&#13;&#10;&#9;public boolean checkEndGame() {&#13;&#10;&#9;&#9;// checks the end of the game, default to true for testing, otherwise false&#13;&#10;&#9;&#9;return gameState.isGameEndState();&#13;&#10;&#9;}&#13;&#10;&#13;&#10;&#9;public void updateMsgBar(String msg) {&#13;&#10;&#9;&#9;this.msgBar.setText(msg);&#13;&#10;&#9;}&#13;&#10;&#9;&#13;&#10;&#9;&#13;&#10;&#13;&#10;&#9;public void playRole(int roleNum) {&#13;&#10;&#9;&#9;// &#13;&#10;&#9;&#9;Player player = players.get(roleNum);&#13;&#10;&#9;&#9;String role = player.getRole();&#13;&#10;&#13;&#10;&#9;&#9;if (role.equals(PlayerRoles.Mayor)) {&#13;&#10;&#13;&#10;&#9;&#9;&#9;for (int i = 0; i &lt; players.size(); i++) {&#13;&#10;&#9;&#9;&#9;&#9;// TODO: player goes to next person, it should not start with&#13;&#10;&#13;&#10;&#9;&#9;&#9;&#9;player = players.get(roleNum);&#13;&#10;&#13;&#10;&#9;&#9;&#9;&#9;Object[] options = { &quot;Building&quot;, &quot;Plantation&quot;, &quot;Do Nothing&quot; };&#13;&#10;&#9;&#9;&#9;&#9;boolean selected = false;&#13;&#10;&#9;&#9;&#9;&#9;while (!selected) {&#13;&#10;&#9;&#9;&#9;&#9;&#9;int n = JOptionPane&#13;&#10;&#9;&#9;&#9;&#9;&#9;&#9;&#9;.showOptionDialog(&#13;&#10;&#9;&#9;&#9;&#9;&#9;&#9;&#9;&#9;&#9;this.mainframe,&#13;&#10;&#9;&#9;&#9;&#9;&#9;&#9;&#9;&#9;&#9;&quot;Give the colonosists a job! \nChoose a structure.&quot;,&#13;&#10;&#9;&#9;&#9;&#9;&#9;&#9;&#9;&#9;&#9;&quot;Player &quot; + roleNum,&#13;&#10;&#9;&#9;&#9;&#9;&#9;&#9;&#9;&#9;&#9;JOptionPane.YES_NO_CANCEL_OPTION,&#13;&#10;&#9;&#9;&#9;&#9;&#9;&#9;&#9;&#9;&#9;JOptionPane.QUESTION_MESSAGE, null,&#13;&#10;&#9;&#9;&#9;&#9;&#9;&#9;&#9;&#9;&#9;options, options[options.length - 1]);&#13;&#10;&#9;&#9;&#9;&#9;&#9;if (n == 0) {&#13;&#10;&#9;&#9;&#9;&#9;&#9;&#9;ArrayList&lt;String&gt; pBuildingsNames = (ArrayList&lt;String&gt;) player&#13;&#10;&#9;&#9;&#9;&#9;&#9;&#9;&#9;&#9;.getBuildingsStringList().clone();&#13;&#10;&#9;&#9;&#9;&#9;&#9;&#9;pBuildingsNames.add(&quot;Go Back&quot;);&#13;&#10;&#9;&#9;&#9;&#9;&#9;&#9;Object[] temp = pBuildingsNames.toArray();&#13;&#10;&#13;&#10;&#9;&#9;&#9;&#9;&#9;&#9;int buildingNum = JOptionPane&#13;&#10;&#9;&#9;&#9;&#9;&#9;&#9;&#9;&#9;.showOptionDialog(&#13;&#10;&#9;&#9;&#9;&#9;&#9;&#9;&#9;&#9;&#9;&#9;this.mainframe,&#13;&#10;&#9;&#9;&#9;&#9;&#9;&#9;&#9;&#9;&#9;&#9;&quot;Give the colonosists a job! \nChoose a building&quot;,&#13;&#10;&#9;&#9;&#9;&#9;&#9;&#9;&#9;&#9;&#9;&#9;&quot;Player &quot; + (roleNum),&#13;&#10;&#9;&#9;&#9;&#9;&#9;&#9;&#9;&#9;&#9;&#9;JOptionPane.YES_NO_CANCEL_OPTION,&#13;&#10;&#9;&#9;&#9;&#9;&#9;&#9;&#9;&#9;&#9;&#9;JOptionPane.QUESTION_MESSAGE, null,&#13;&#10;&#9;&#9;&#9;&#9;&#9;&#9;&#9;&#9;&#9;&#9;temp, null);&#13;&#10;&#9;&#9;&#9;&#9;&#9;&#9;if (buildingNum != temp.length - 1) {&#13;&#10;&#9;&#9;&#9;&#9;&#9;&#9;&#9;// TODO: need a check on this, adding workers.&#13;&#10;&#9;&#9;&#9;&#9;&#9;&#9;&#9;player.getBuildings().get(buildingNum).numberOfWorkers++;&#13;&#10;&#9;&#9;&#9;&#9;&#9;&#9;&#9;selected = true;&#13;&#10;&#9;&#9;&#9;&#9;&#9;&#9;} else {&#13;&#10;//&#9;&#9;&#9;&#9;&#9;&#9;&#9;updateMsgBar(&quot;You have no buildings&quot;);&#13;&#10;&#9;&#9;&#9;&#9;&#9;&#9;&#9;selected = false;&#13;&#10;&#9;&#9;&#9;&#9;&#9;&#9;}&#13;&#10;&#13;&#10;&#9;&#9;&#9;&#9;&#9;} else if (n == 1) {&#13;&#10;&#9;&#9;&#9;&#9;&#9;&#9;ArrayList&lt;String&gt; pPlantations = (ArrayList&lt;String&gt;) player&#13;&#10;&#9;&#9;&#9;&#9;&#9;&#9;&#9;&#9;.getPlantationsStringList().clone();&#13;&#10;&#9;&#9;&#9;&#9;&#9;&#9;pPlantations.add(&quot;Go Back&quot;);&#13;&#10;&#9;&#9;&#9;&#9;&#9;&#9;Object[] temp = pPlantations.toArray();&#13;&#10;&#13;&#10;&#9;&#9;&#9;&#9;&#9;&#9;int plantationNum = JOptionPane&#13;&#10;&#9;&#9;&#9;&#9;&#9;&#9;&#9;&#9;.showOptionDialog(&#13;&#10;&#9;&#9;&#9;&#9;&#9;&#9;&#9;&#9;&#9;&#9;this.mainframe,&#13;&#10;&#9;&#9;&#9;&#9;&#9;&#9;&#9;&#9;&#9;&#9;&quot;Give the colonosists a job! \nChoose a plantation&quot;,&#13;&#10;&#9;&#9;&#9;&#9;&#9;&#9;&#9;&#9;&#9;&#9;&quot;Player &quot; + (roleNum),&#13;&#10;&#9;&#9;&#9;&#9;&#9;&#9;&#9;&#9;&#9;&#9;JOptionPane.YES_NO_CANCEL_OPTION,&#13;&#10;&#9;&#9;&#9;&#9;&#9;&#9;&#9;&#9;&#9;&#9;JOptionPane.QUESTION_MESSAGE, null,&#13;&#10;&#9;&#9;&#9;&#9;&#9;&#9;&#9;&#9;&#9;&#9;temp, null);&#13;&#10;&#9;&#9;&#9;&#9;&#9;&#9;if (plantationNum != temp.length - 1) {&#13;&#10;&#9;&#9;&#9;&#9;&#9;&#9;&#9;selected = true;&#13;&#10;&#9;&#9;&#9;&#9;&#9;&#9;} else {&#13;&#10;//&#9;&#9;&#9;&#9;&#9;&#9;&#9;updateMsgBar(&quot;You have no plantions&quot;);&#13;&#10;&#9;&#9;&#9;&#9;&#9;&#9;&#9;selected = false;&#13;&#10;&#9;&#9;&#9;&#9;&#9;&#9;}&#13;&#10;&#9;&#9;&#9;&#9;&#9;} else {&#13;&#10;&#9;&#9;&#9;&#9;&#9;&#9;// Do nothing&#13;&#10;&#9;&#9;&#9;&#9;&#9;&#9;selected = true;&#13;&#10;&#9;&#9;&#9;&#9;&#9;}&#13;&#10;&#9;&#9;&#9;&#9;&#9;player.updatePlayerInfo();&#13;&#10;&#9;&#9;&#9;&#9;}&#13;&#10;&#9;&#9;&#9;&#9;roleNum = (roleNum + 1) % players.size();&#13;&#10;&#13;&#10;&#9;&#9;&#9;}&#13;&#10;&#9;&#9;} else if (role.equals(PlayerRoles.Builder)) {&#13;&#10;&#9;&#9;&#9;Buildings b = new Buildings();&#13;&#10;&#9;&#9;&#9;ArrayList&lt;String&gt; bNames = b.getBuildingNames();&#13;&#10;&#9;&#9;&#9;bNames.add(&quot;Nothing&quot;);&#13;&#10;&#9;&#9;&#9;Object[] options = bNames.toArray();&#13;&#10;&#9;&#9;&#9;// TODO: add condition that builder gets discount,&#13;&#10;&#9;&#9;&#9;for (int i = 0; i &lt; players.size(); i++) {&#13;&#10;&#13;&#10;&#9;&#9;&#9;&#9;player = players.get(roleNum);&#13;&#10;&#9;&#9;&#9;&#9;System.out.println(roleNum);&#13;&#10;&#9;&#9;&#9;&#9;// player = player.next at the end&#13;&#10;&#9;&#9;&#9;&#9;int n = JOptionPane.showOptionDialog(this.mainframe,&#13;&#10;&#9;&#9;&#9;&#9;&#9;&#9;&quot;Choose a building to build!&quot;, &quot;Player &quot; + (roleNum),&#13;&#10;&#9;&#9;&#9;&#9;&#9;&#9;JOptionPane.YES_NO_CANCEL_OPTION,&#13;&#10;&#9;&#9;&#9;&#9;&#9;&#9;JOptionPane.QUESTION_MESSAGE, null, options,&#13;&#10;&#9;&#9;&#9;&#9;&#9;&#9;options[options.length - 1]);&#13;&#10;&#9;&#9;&#9;&#9;if (n != bNames.size() - 1) {&#13;&#10;&#9;&#9;&#9;&#9;&#9;player.addBuilding(new Building(bNames.get(n)));&#13;&#10;&#9;&#9;&#9;&#9;}&#13;&#10;&#9;&#9;&#9;&#9;player.updatePlayerInfo();&#13;&#10;&#9;&#9;&#9;&#9;roleNum = (roleNum + 1) % players.size();&#13;&#10;&#13;&#10;&#9;&#9;&#9;}&#13;&#10;&#9;&#9;}else if(role.equals(PlayerRoles.Settler)){&#13;&#10;&#9;&#9;&#9;//DONE: kurian&#13;&#10;&#9;&#9;&#9;List&lt;String&gt; gNames = player.getAllGoods();&#13;&#10;&#9;&#9;&#9;gNames.add(&quot;Quarry&quot;);&#13;&#10;&#9;&#9;&#9;Object[] options = gNames.toArray();&#13;&#10;&#9;&#9;&#9;for (int i = 0; i &lt; players.size(); i++) {&#13;&#10;&#13;&#10;&#9;&#9;&#9;&#9;player = players.get(roleNum);&#13;&#10;&#9;&#9;&#9;&#9;// player = player.next at the end&#13;&#10;&#9;&#9;&#9;&#9;int n = JOptionPane.showOptionDialog(this.mainframe,&#13;&#10;&#9;&#9;&#9;&#9;&#9;&#9;&quot;Choose a Good to harvest!&quot;, &quot;Player &quot; + (roleNum),&#13;&#10;&#9;&#9;&#9;&#9;&#9;&#9;JOptionPane.YES_NO_CANCEL_OPTION,&#13;&#10;&#9;&#9;&#9;&#9;&#9;&#9;JOptionPane.QUESTION_MESSAGE, null, options,&#13;&#10;&#9;&#9;&#9;&#9;&#9;&#9;options[options.length - 1]);&#13;&#10;&#9;&#9;&#9;&#9;&#9;System.out.println(gNames.get(n));&#13;&#10;&#9;&#9;&#9;&#9;if (n != gNames.size() - 1 &amp;&amp; gNames.get(n) != &quot;Quarry&quot;) {&#13;&#10;&#9;&#9;&#9;&#9;&#9;player.getPlantations().add(new Plantation(gNames.get(n), false));&#13;&#10;&#9;&#9;&#9;&#9;}&#13;&#10;&#9;&#9;&#9;&#9;player.updatePlayerInfo();&#13;&#10;&#9;&#9;&#9;&#9;roleNum = (roleNum + 1) % players.size();&#13;&#10;&#9;&#9;&#9;}&#13;&#10;&#9;&#9;}else if(role.equals(PlayerRoles.Craftsman)){&#13;&#10;&#9;&#9;&#9;//DONE: kurian&#13;&#10;&#9;&#9;&#9;for (int i = 0; i &lt; players.size(); i++) {&#13;&#10;&#13;&#10;&#9;&#9;&#9;&#9;player = players.get(roleNum);&#13;&#10;&#9;&#9;&#9;&#9;player.checkPlantation();&#13;&#10;&#9;&#9;&#9;&#9;player.updatePlayerInfo();&#13;&#10;&#9;&#9;&#9;&#9;roleNum = (roleNum + 1) % players.size();&#13;&#10;&#13;&#10;&#9;&#9;&#9;}&#13;&#10;&#9;&#9;}else if(role.equals(PlayerRoles.Trader)){&#13;&#10;&#9;&#9;&#9;//TODO: Min&#13;&#10;&#9;&#9;&#9;for (int i = 0; i &lt; players.size(); i++) {&#13;&#10;&#13;&#10;&#9;&#9;&#9;&#9;player = players.get(roleNum);&#13;&#10;&#9;&#9;&#9;&#9;//TODO:&#13;&#10;&#9;&#9;&#9;&#9;player.updatePlayerInfo();&#13;&#10;&#9;&#9;&#9;&#9;roleNum = (roleNum + 1) % players.size();&#13;&#10;&#13;&#10;&#9;&#9;&#9;}&#13;&#10;&#9;&#9;}else if(role.equals(PlayerRoles.Captain)){&#13;&#10;&#9;&#9;&#9;&#13;&#10;&#9;&#9;&#9;for (int i = 0; i &lt; players.size(); i++) {&#13;&#10;&#9;&#9;&#9;&#9;//TODO:&#13;&#10;&#9;&#9;&#9;&#9;player = players.get(roleNum);&#13;&#10;&#9;&#9;&#9;&#9;Object[] goodOptions = player.getAllGoods().toArray();&#13;&#10;&#9;&#9;&#9;&#9;&#13;&#10;&#9;&#9;&#9;&#9;int good = JOptionPane.showOptionDialog(this.mainframe,&#13;&#10;&#9;&#9;&#9;&#9;&#9;&#9;&quot;Choose a good to ship!&quot;, &quot;Player &quot; + (roleNum),&#13;&#10;&#9;&#9;&#9;&#9;&#9;&#9;JOptionPane.YES_NO_CANCEL_OPTION,&#13;&#10;&#9;&#9;&#9;&#9;&#9;&#9;JOptionPane.QUESTION_MESSAGE, null, goodOptions,&#13;&#10;&#9;&#9;&#9;&#9;&#9;&#9;goodOptions[goodOptions.length - 1]);&#13;&#10;&#9;&#9;&#9;&#9;&#13;&#10;&#9;&#9;&#9;&#9;Object[] shipOptions = new Object[3];&#13;&#10;&#9;&#9;&#9;&#9;shipOptions[0] = 4;&#13;&#10;&#9;&#9;&#9;&#9;shipOptions[1] = 5;&#13;&#10;&#9;&#9;&#9;&#9;shipOptions[2] = 6;&#13;&#10;&#9;&#9;&#9;&#9;int ship = JOptionPane.showOptionDialog(this.mainframe,&#13;&#10;&#9;&#9;&#9;&#9;&#9;&#9;&quot;Choose a cargo ship to put good!&quot;, &quot;Player &quot; + (roleNum),&#13;&#10;&#9;&#9;&#9;&#9;&#9;&#9;JOptionPane.YES_NO_CANCEL_OPTION,&#13;&#10;&#9;&#9;&#9;&#9;&#9;&#9;JOptionPane.QUESTION_MESSAGE, null, shipOptions,&#13;&#10;&#9;&#9;&#9;&#9;&#9;&#9;shipOptions[shipOptions.length - 1]);&#13;&#10;&#9;&#9;&#9;&#9;&#13;&#10;&#9;&#9;&#9;&#9;if(ship == 0){&#13;&#10;&#9;&#9;&#9;&#9;&#9;this.gameState.cargoship4Good = (String) goodOptions[good];&#13;&#10;&#9;&#9;&#9;&#9;&#9;this.gameState.cargoship4++;&#13;&#10;&#9;&#9;&#9;&#9;}else if(ship == 1){&#13;&#10;&#9;&#9;&#9;&#9;&#9;this.gameState.cargoship5Good = (String) goodOptions[good];&#13;&#10;&#9;&#9;&#9;&#9;&#9;this.gameState.cargoship5++;&#13;&#10;&#9;&#9;&#9;&#9;}else if(ship == 2){&#13;&#10;&#9;&#9;&#9;&#9;&#9;this.gameState.cargoship6Good = (String) goodOptions[good];&#13;&#10;&#9;&#9;&#9;&#9;&#9;this.gameState.cargoship6++;&#13;&#10;&#9;&#9;&#9;&#9;}&#13;&#10;&#9;&#9;&#9;&#9;&#13;&#10;&#9;&#9;&#9;&#9;updateGameStateDisplay();&#13;&#10;&#9;&#9;&#9;&#9;player.updatePlayerInfo();&#13;&#10;&#9;&#9;&#9;&#9;roleNum = (roleNum + 1) % players.size();&#13;&#10;&#13;&#10;&#9;&#9;&#9;}&#13;&#10;&#9;&#9;}else if(role.equals(PlayerRoles.Prospector)){&#13;&#10;&#9;&#9;&#9;//:do nothing&#13;&#10;&#9;&#9;&#9;for (int i = 0; i &lt; players.size(); i++) {&#13;&#10;&#13;&#10;&#9;&#9;&#9;&#9;player = players.get(roleNum);&#13;&#10;&#9;&#9;&#9;&#9;//:&#13;&#10;&#9;&#9;&#9;&#9;player.updatePlayerInfo();&#13;&#10;&#9;&#9;&#9;&#9;roleNum = (roleNum + 1) % players.size();&#13;&#10;&#13;&#10;&#9;&#9;&#9;}&#13;&#10;&#9;&#9;}&#13;&#10;&#13;&#10;&#9;}&#13;&#10;&#13;&#10;}&#13;&#10;" Filename="GameBoardGUI.java" Intrnl_Id="9"/>
<SrcFile Content="package csse376_puerto_rico;&#13;&#10;&#13;&#10;import java.awt.event.ActionEvent;&#13;&#10;import java.awt.event.ActionListener;&#13;&#10;&#13;&#10;import javax.swing.ButtonGroup;&#13;&#10;import javax.swing.JFrame;&#13;&#10;&#13;&#10;public class ButtonHandler implements ActionListener {&#13;&#10;&#9;&#13;&#10;&#9;private JFrame mainframe;&#13;&#10;&#9;private ButtonGroup bGroup;&#13;&#10;&#13;&#10;&#9;public ButtonHandler(JFrame frame, ButtonGroup group) {&#13;&#10;&#9;&#9;this.mainframe = frame;&#13;&#10;&#9;&#9;this.bGroup = group;&#13;&#10;&#9;}&#13;&#10;&#13;&#10;&#9;@Override&#13;&#10;&#9;public void actionPerformed(ActionEvent ae) {&#13;&#10;&#9;&#9;String action = ae.getActionCommand();&#13;&#10;&#9;&#9;if(action.equals(&quot;Quit&quot;)){&#13;&#10;&#9;&#9;&#9;System.exit(0);&#13;&#10;&#9;&#9;}else if(action.equals(&quot;New Game&quot;)){&#13;&#10;&#9;&#9;&#9;new StartUpGameBoardGUI(this.mainframe);&#13;&#10;&#9;&#9;}else if(action.equals(&quot;Start&quot;)){&#13;&#10;&#9;&#9;&#9;new GameBoardGUI(this.mainframe, this.bGroup);&#13;&#10;&#9;&#9;}else if(action.equals(&quot;Add Points&quot;)){&#13;&#10;&#9;&#9;&#9;&#13;&#10;&#9;&#9;}&#13;&#10;&#9;}&#13;&#10;&#13;&#10;}&#13;&#10;" Filename="ButtonHandler.java" Intrnl_Id="10"/>
<SrcFile Content="package csse376_puerto_rico;&#13;&#10;&#13;&#10;import java.util.ArrayList;&#13;&#10;import java.util.Arrays;&#13;&#10;import java.util.List;&#13;&#10;&#13;&#10;public class Buildings {&#13;&#10;&#13;&#10;&#9;private ArrayList&lt;Building&gt; buildings;&#13;&#10;&#9;private ArrayList&lt;String&gt; buildingNames = new ArrayList&lt;String&gt;(Arrays.asList(&quot;Small Indigo Plant&quot;,&#13;&#10;&#9;&#9;&#9;&quot;Small Sugar Mill&quot;, &quot;Small Market&quot;, &quot;Hacienda&quot;, &quot;ConstructionHut&quot;,&#13;&#10;&#9;&#9;&#9;&quot;Small Warehouse&quot;, &quot;Indigo Plant&quot;, &quot;Surgar Mill&quot;, &quot;Hospice&quot;));&#13;&#10;&#13;&#10;&#9;public Buildings() {&#13;&#10;&#9;&#9;buildings = new ArrayList&lt;Building&gt;();&#13;&#10;&#9;&#9;// TODO:&#13;&#10;&#9;&#9;// add&#13;&#10;&#9;&#9;// more&#13;&#10;&#13;&#10;&#9;&#9;for (String name : buildingNames) {&#13;&#10;&#9;&#9;&#9;buildings.add(new Building(name));&#13;&#10;&#9;&#9;}&#13;&#10;&#13;&#10;&#9;}&#13;&#10;&#13;&#10;&#9;public ArrayList&lt;Building&gt; getBuildings() {&#13;&#10;&#13;&#10;&#9;&#9;return buildings;&#13;&#10;&#9;}&#13;&#10;&#13;&#10;&#9;public ArrayList&lt;String&gt; getBuildingNames() {&#13;&#10;&#9;&#9;return buildingNames;&#13;&#10;&#9;}&#13;&#10;&#13;&#10;&#9;public static class Building {&#13;&#10;&#13;&#10;&#9;&#9;public String name;&#13;&#10;&#9;&#9;public int cost;&#13;&#10;&#9;&#9;public int points;&#13;&#10;&#9;&#9;public int numberOfJobs;&#13;&#10;&#9;&#9;public int numberOfWorkers;&#13;&#10;&#13;&#10;&#9;&#9;public Building(String name) {&#13;&#10;&#9;&#9;&#9;this.name = name;&#13;&#10;&#9;&#9;&#9;switch (name) {&#13;&#10;&#9;&#9;&#9;case &quot;Small Indigo Plant&quot;:&#13;&#10;&#9;&#9;&#9;&#9;cost = 1;&#13;&#10;&#9;&#9;&#9;&#9;points = 1;&#13;&#10;&#9;&#9;&#9;&#9;numberOfJobs = 1;&#13;&#10;&#9;&#9;&#9;&#9;numberOfWorkers = 0;&#13;&#10;&#9;&#9;&#9;&#9;break;&#13;&#10;&#13;&#10;&#9;&#9;&#9;// TODO: Add all cases for all buildings&#13;&#10;&#9;&#9;&#9;default:&#13;&#10;&#9;&#9;&#9;&#9;cost = 0;&#13;&#10;&#9;&#9;&#9;&#9;points = 0;&#13;&#10;&#9;&#9;&#9;&#9;numberOfJobs = 0;&#13;&#10;&#9;&#9;&#9;&#9;numberOfWorkers = 0;&#13;&#10;&#9;&#9;&#9;}&#13;&#10;&#9;&#9;}&#13;&#10;&#9;}&#13;&#10;}&#13;&#10;" Filename="Buildings.java" Intrnl_Id="11"/>
</SrcFileList>
<CritList>
<CritListEntry Name="org.codecover.model.utils.criteria.LoopCoverage" PluginName="org.codecover"/>
<CritListEntry Name="org.codecover.model.utils.criteria.BranchCoverage" PluginName="org.codecover"/>
<CritListEntry Name="org.codecover.model.utils.criteria.ConditionCoverage" PluginName="org.codecover"/>
<CritListEntry Name="org.codecover.model.utils.criteria.SynchronizedStatementCoverage" PluginName="org.codecover"/>
<CritListEntry Name="org.codecover.model.utils.criteria.QMOCoverage" PluginName="org.codecover"/>
<CritListEntry Name="org.codecover.model.utils.criteria.StatementCoverage" PluginName="org.codecover"/>
</CritList>
<BoolOpList>
<BoolOp Arity="1" Intrnl_Id="12" Name="not (!)">
<BoolAssgnmntBoolMapList>
<MapEntry BoolAssgnmnt="0" Value="true"/>
<MapEntry BoolAssgnmnt="1" Value="false"/>
</BoolAssgnmntBoolMapList>
</BoolOp>
<BoolOp Arity="2" Intrnl_Id="13" Name="conditional and (&amp;&amp;)">
<BoolAssgnmntBoolMapList>
<MapEntry BoolAssgnmnt="10" Value="false"/>
<MapEntry BoolAssgnmnt="02" Value="false"/>
<MapEntry BoolAssgnmnt="11" Value="true"/>
</BoolAssgnmntBoolMapList>
</BoolOp>
<BoolOp Arity="2" Intrnl_Id="14" Name="conditional or (||)">
<BoolAssgnmntBoolMapList>
<MapEntry BoolAssgnmnt="01" Value="true"/>
<MapEntry BoolAssgnmnt="00" Value="false"/>
<MapEntry BoolAssgnmnt="12" Value="true"/>
</BoolAssgnmntBoolMapList>
</BoolOp>
</BoolOpList>
<HierarchyLvlTypeList>
<HierarchyLvlType EnglishName="package" IntrnlName="package" Intrnl_Id="15"/>
<HierarchyLvlType EnglishName="class" IntrnlName="class" Intrnl_Id="16"/>
<HierarchyLvlType EnglishName="method" IntrnlName="method" Intrnl_Id="17"/>
<HierarchyLvlType EnglishName="default package" IntrnlName="default package" Intrnl_Id="18"/>
<HierarchyLvlType EnglishName="anonymous class" IntrnlName="class" Intrnl_Id="19"/>
</HierarchyLvlTypeList>
<MASTRoot>
<HierarchyLvl HierarchyLvlId="858" HierarchyLvlTypeId="18" Intrnl_Id="20" Name="default package">
<Header/>
<LocList/>
<HierarchyLvl HierarchyLvlId="857" HierarchyLvlTypeId="15" Intrnl_Id="21" Name="csse376_puerto_rico">
<Header/>
<LocList/>
<HierarchyLvl HierarchyLvlId="776" HierarchyLvlTypeId="16" Intrnl_Id="22" Name="StartUpGameBoardGUI">
<Header>
<Loc EndOffset="234" SrcFileId="1" StartOffset="202"/>
</Header>
<LocList>
<Loc EndOffset="1071" SrcFileId="1" StartOffset="202"/>
</LocList>
<HierarchyLvl HierarchyLvlId="775" HierarchyLvlTypeId="17" Intrnl_Id="23" Name="StartUpGameBoardGUI">
<Header>
<Loc EndOffset="307" SrcFileId="1" StartOffset="267"/>
</Header>
<LocList>
<Loc EndOffset="1068" SrcFileId="1" StartOffset="267"/>
</LocList>
<StmntSeq Intrnl_Id="24">
<LocList>
<Loc EndOffset="335" SrcFileId="1" StartOffset="312"/>
<Loc EndOffset="382" SrcFileId="1" StartOffset="338"/>
<Loc EndOffset="430" SrcFileId="1" StartOffset="385"/>
<Loc EndOffset="475" SrcFileId="1" StartOffset="433"/>
<Loc EndOffset="520" SrcFileId="1" StartOffset="478"/>
<Loc EndOffset="556" SrcFileId="1" StartOffset="524"/>
<Loc EndOffset="600" SrcFileId="1" StartOffset="562"/>
<Loc EndOffset="650" SrcFileId="1" StartOffset="603"/>
<Loc EndOffset="701" SrcFileId="1" StartOffset="653"/>
<Loc EndOffset="752" SrcFileId="1" StartOffset="704"/>
<Loc EndOffset="770" SrcFileId="1" StartOffset="755"/>
<Loc EndOffset="788" SrcFileId="1" StartOffset="773"/>
<Loc EndOffset="806" SrcFileId="1" StartOffset="791"/>
<Loc EndOffset="855" SrcFileId="1" StartOffset="812"/>
<Loc EndOffset="930" SrcFileId="1" StartOffset="858"/>
<Loc EndOffset="955" SrcFileId="1" StartOffset="936"/>
<Loc EndOffset="977" SrcFileId="1" StartOffset="958"/>
<Loc EndOffset="999" SrcFileId="1" StartOffset="980"/>
<Loc EndOffset="1029" SrcFileId="1" StartOffset="1002"/>
<Loc EndOffset="1065" SrcFileId="1" StartOffset="1035"/>
</LocList>
<BasicStmnt CovItemId="S1" CovItemPrefix="csse376_puerto_rico.StartUpGameBoardGUI.java" Intrnl_Id="25">
<LocList>
<Loc EndOffset="335" SrcFileId="1" StartOffset="312"/>
</LocList>
</BasicStmnt>
<BasicStmnt CovItemId="S2" CovItemPrefix="csse376_puerto_rico.StartUpGameBoardGUI.java" Intrnl_Id="26">
<LocList>
<Loc EndOffset="382" SrcFileId="1" StartOffset="338"/>
</LocList>
</BasicStmnt>
<BasicStmnt CovItemId="S3" CovItemPrefix="csse376_puerto_rico.StartUpGameBoardGUI.java" Intrnl_Id="27">
<LocList>
<Loc EndOffset="430" SrcFileId="1" StartOffset="385"/>
</LocList>
</BasicStmnt>
<BasicStmnt CovItemId="S4" CovItemPrefix="csse376_puerto_rico.StartUpGameBoardGUI.java" Intrnl_Id="28">
<LocList>
<Loc EndOffset="475" SrcFileId="1" StartOffset="433"/>
</LocList>
</BasicStmnt>
<BasicStmnt CovItemId="S5" CovItemPrefix="csse376_puerto_rico.StartUpGameBoardGUI.java" Intrnl_Id="29">
<LocList>
<Loc EndOffset="520" SrcFileId="1" StartOffset="478"/>
</LocList>
</BasicStmnt>
<BasicStmnt CovItemId="S6" CovItemPrefix="csse376_puerto_rico.StartUpGameBoardGUI.java" Intrnl_Id="30">
<LocList>
<Loc EndOffset="556" SrcFileId="1" StartOffset="524"/>
</LocList>
</BasicStmnt>
<BasicStmnt CovItemId="S7" CovItemPrefix="csse376_puerto_rico.StartUpGameBoardGUI.java" Intrnl_Id="31">
<LocList>
<Loc EndOffset="600" SrcFileId="1" StartOffset="562"/>
</LocList>
</BasicStmnt>
<BasicStmnt CovItemId="S8" CovItemPrefix="csse376_puerto_rico.StartUpGameBoardGUI.java" Intrnl_Id="32">
<LocList>
<Loc EndOffset="650" SrcFileId="1" StartOffset="603"/>
</LocList>
</BasicStmnt>
<BasicStmnt CovItemId="S9" CovItemPrefix="csse376_puerto_rico.StartUpGameBoardGUI.java" Intrnl_Id="33">
<LocList>
<Loc EndOffset="701" SrcFileId="1" StartOffset="653"/>
</LocList>
</BasicStmnt>
<BasicStmnt CovItemId="S10" CovItemPrefix="csse376_puerto_rico.StartUpGameBoardGUI.java" Intrnl_Id="34">
<LocList>
<Loc EndOffset="752" SrcFileId="1" StartOffset="704"/>
</LocList>
</BasicStmnt>
<BasicStmnt CovItemId="S11" CovItemPrefix="csse376_puerto_rico.StartUpGameBoardGUI.java" Intrnl_Id="35">
<LocList>
<Loc EndOffset="770" SrcFileId="1" StartOffset="755"/>
</LocList>
</BasicStmnt>
<BasicStmnt CovItemId="S12" CovItemPrefix="csse376_puerto_rico.StartUpGameBoardGUI.java" Intrnl_Id="36">
<LocList>
<Loc EndOffset="788" SrcFileId="1" StartOffset="773"/>
</LocList>
</BasicStmnt>
<BasicStmnt CovItemId="S13" CovItemPrefix="csse376_puerto_rico.StartUpGameBoardGUI.java" Intrnl_Id="37">
<LocList>
<Loc EndOffset="806" SrcFileId="1" StartOffset="791"/>
</LocList>
</BasicStmnt>
<BasicStmnt CovItemId="S14" CovItemPrefix="csse376_puerto_rico.StartUpGameBoardGUI.java" Intrnl_Id="38">
<LocList>
<Loc EndOffset="855" SrcFileId="1" StartOffset="812"/>
</LocList>
</BasicStmnt>
<BasicStmnt CovItemId="S15" CovItemPrefix="csse376_puerto_rico.StartUpGameBoardGUI.java" Intrnl_Id="39">
<LocList>
<Loc EndOffset="930" SrcFileId="1" StartOffset="858"/>
</LocList>
</BasicStmnt>
<BasicStmnt CovItemId="S16" CovItemPrefix="csse376_puerto_rico.StartUpGameBoardGUI.java" Intrnl_Id="40">
<LocList>
<Loc EndOffset="955" SrcFileId="1" StartOffset="936"/>
</LocList>
</BasicStmnt>
<BasicStmnt CovItemId="S17" CovItemPrefix="csse376_puerto_rico.StartUpGameBoardGUI.java" Intrnl_Id="41">
<LocList>
<Loc EndOffset="977" SrcFileId="1" StartOffset="958"/>
</LocList>
</BasicStmnt>
<BasicStmnt CovItemId="S18" CovItemPrefix="csse376_puerto_rico.StartUpGameBoardGUI.java" Intrnl_Id="42">
<LocList>
<Loc EndOffset="999" SrcFileId="1" StartOffset="980"/>
</LocList>
</BasicStmnt>
<BasicStmnt CovItemId="S19" CovItemPrefix="csse376_puerto_rico.StartUpGameBoardGUI.java" Intrnl_Id="43">
<LocList>
<Loc EndOffset="1029" SrcFileId="1" StartOffset="1002"/>
</LocList>
</BasicStmnt>
<BasicStmnt CovItemId="S20" CovItemPrefix="csse376_puerto_rico.StartUpGameBoardGUI.java" Intrnl_Id="44">
<LocList>
<Loc EndOffset="1065" SrcFileId="1" StartOffset="1035"/>
</LocList>
</BasicStmnt>
</StmntSeq>
</HierarchyLvl>
</HierarchyLvl>
<HierarchyLvl HierarchyLvlId="779" HierarchyLvlTypeId="16" Intrnl_Id="45" Name="PlayerRoles">
<Header>
<Loc EndOffset="184" SrcFileId="2" StartOffset="160"/>
</Header>
<LocList>
<Loc EndOffset="862" SrcFileId="2" StartOffset="160"/>
</LocList>
<StmntSeq Intrnl_Id="46">
<LocList>
<Loc EndOffset="236" SrcFileId="2" StartOffset="189"/>
<Loc EndOffset="286" SrcFileId="2" StartOffset="239"/>
<Loc EndOffset="340" SrcFileId="2" StartOffset="289"/>
<Loc EndOffset="388" SrcFileId="2" StartOffset="343"/>
<Loc EndOffset="438" SrcFileId="2" StartOffset="391"/>
<Loc EndOffset="494" SrcFileId="2" StartOffset="441"/>
<Loc EndOffset="540" SrcFileId="2" StartOffset="497"/>
</LocList>
<BasicStmnt CovItemId="S1" CovItemPrefix="csse376_puerto_rico.PlayerRoles.java" Intrnl_Id="47">
<LocList>
<Loc EndOffset="236" SrcFileId="2" StartOffset="189"/>
</LocList>
</BasicStmnt>
<BasicStmnt CovItemId="S2" CovItemPrefix="csse376_puerto_rico.PlayerRoles.java" Intrnl_Id="48">
<LocList>
<Loc EndOffset="286" SrcFileId="2" StartOffset="239"/>
</LocList>
</BasicStmnt>
<BasicStmnt CovItemId="S3" CovItemPrefix="csse376_puerto_rico.PlayerRoles.java" Intrnl_Id="49">
<LocList>
<Loc EndOffset="340" SrcFileId="2" StartOffset="289"/>
</LocList>
</BasicStmnt>
<BasicStmnt CovItemId="S4" CovItemPrefix="csse376_puerto_rico.PlayerRoles.java" Intrnl_Id="50">
<LocList>
<Loc EndOffset="388" SrcFileId="2" StartOffset="343"/>
</LocList>
</BasicStmnt>
<BasicStmnt CovItemId="S5" CovItemPrefix="csse376_puerto_rico.PlayerRoles.java" Intrnl_Id="51">
<LocList>
<Loc EndOffset="438" SrcFileId="2" StartOffset="391"/>
</LocList>
</BasicStmnt>
<BasicStmnt CovItemId="S6" CovItemPrefix="csse376_puerto_rico.PlayerRoles.java" Intrnl_Id="52">
<LocList>
<Loc EndOffset="494" SrcFileId="2" StartOffset="441"/>
</LocList>
</BasicStmnt>
<BasicStmnt CovItemId="S7" CovItemPrefix="csse376_puerto_rico.PlayerRoles.java" Intrnl_Id="53">
<LocList>
<Loc EndOffset="540" SrcFileId="2" StartOffset="497"/>
</LocList>
</BasicStmnt>
</StmntSeq>
<HierarchyLvl HierarchyLvlId="777" HierarchyLvlTypeId="17" Intrnl_Id="54" Name="PlayerRoles">
<Header>
<Loc EndOffset="566" SrcFileId="2" StartOffset="545"/>
</Header>
<LocList>
<Loc EndOffset="595" SrcFileId="2" StartOffset="545"/>
</LocList>
</HierarchyLvl>
<HierarchyLvl HierarchyLvlId="778" HierarchyLvlTypeId="17" Intrnl_Id="55" Name="getValues">
<Header>
<Loc EndOffset="638" SrcFileId="2" StartOffset="600"/>
</Header>
<LocList>
<Loc EndOffset="859" SrcFileId="2" StartOffset="600"/>
</LocList>
<StmntSeq Intrnl_Id="56">
<LocList>
<Loc EndOffset="687" SrcFileId="2" StartOffset="644"/>
<Loc EndOffset="710" SrcFileId="2" StartOffset="693"/>
<Loc EndOffset="731" SrcFileId="2" StartOffset="714"/>
<Loc EndOffset="754" SrcFileId="2" StartOffset="735"/>
<Loc EndOffset="774" SrcFileId="2" StartOffset="758"/>
<Loc EndOffset="795" SrcFileId="2" StartOffset="778"/>
<Loc EndOffset="819" SrcFileId="2" StartOffset="799"/>
<Loc EndOffset="838" SrcFileId="2" StartOffset="823"/>
<Loc EndOffset="855" SrcFileId="2" StartOffset="844"/>
</LocList>
<BasicStmnt CovItemId="S8" CovItemPrefix="csse376_puerto_rico.PlayerRoles.java" Intrnl_Id="57">
<LocList>
<Loc EndOffset="687" SrcFileId="2" StartOffset="644"/>
</LocList>
</BasicStmnt>
<BasicStmnt CovItemId="S9" CovItemPrefix="csse376_puerto_rico.PlayerRoles.java" Intrnl_Id="58">
<LocList>
<Loc EndOffset="710" SrcFileId="2" StartOffset="693"/>
</LocList>
</BasicStmnt>
<BasicStmnt CovItemId="S10" CovItemPrefix="csse376_puerto_rico.PlayerRoles.java" Intrnl_Id="59">
<LocList>
<Loc EndOffset="731" SrcFileId="2" StartOffset="714"/>
</LocList>
</BasicStmnt>
<BasicStmnt CovItemId="S11" CovItemPrefix="csse376_puerto_rico.PlayerRoles.java" Intrnl_Id="60">
<LocList>
<Loc EndOffset="754" SrcFileId="2" StartOffset="735"/>
</LocList>
</BasicStmnt>
<BasicStmnt CovItemId="S12" CovItemPrefix="csse376_puerto_rico.PlayerRoles.java" Intrnl_Id="61">
<LocList>
<Loc EndOffset="774" SrcFileId="2" StartOffset="758"/>
</LocList>
</BasicStmnt>
<BasicStmnt CovItemId="S13" CovItemPrefix="csse376_puerto_rico.PlayerRoles.java" Intrnl_Id="62">
<LocList>
<Loc EndOffset="795" SrcFileId="2" StartOffset="778"/>
</LocList>
</BasicStmnt>
<BasicStmnt CovItemId="S14" CovItemPrefix="csse376_puerto_rico.PlayerRoles.java" Intrnl_Id="63">
<LocList>
<Loc EndOffset="819" SrcFileId="2" StartOffset="799"/>
</LocList>
</BasicStmnt>
<BasicStmnt CovItemId="S15" CovItemPrefix="csse376_puerto_rico.PlayerRoles.java" Intrnl_Id="64">
<LocList>
<Loc EndOffset="838" SrcFileId="2" StartOffset="823"/>
</LocList>
</BasicStmnt>
<BasicStmnt CovItemId="S16" CovItemPrefix="csse376_puerto_rico.PlayerRoles.java" Intrnl_Id="65">
<LocList>
<Loc EndOffset="855" SrcFileId="2" StartOffset="844"/>
</LocList>
</BasicStmnt>
</StmntSeq>
</HierarchyLvl>
</HierarchyLvl>
<HierarchyLvl HierarchyLvlId="808" HierarchyLvlTypeId="16" Intrnl_Id="66" Name="Player">
<Header>
<Loc EndOffset="242" SrcFileId="3" StartOffset="223"/>
</Header>
<LocList>
<Loc EndOffset="470" SrcFileId="3" StartOffset="223"/>
<Loc EndOffset="746" SrcFileId="3" StartOffset="741"/>
<Loc EndOffset="5422" SrcFileId="3" StartOffset="950"/>
</LocList>
<StmntSeq Intrnl_Id="67">
<LocList>
<Loc EndOffset="394" SrcFileId="3" StartOffset="371"/>
<Loc EndOffset="465" SrcFileId="3" StartOffset="399"/>
<Loc EndOffset="1027" SrcFileId="3" StartOffset="955"/>
<Loc EndOffset="1102" SrcFileId="3" StartOffset="1030"/>
<Loc EndOffset="1165" SrcFileId="3" StartOffset="1105"/>
</LocList>
<BasicStmnt CovItemId="S1" CovItemPrefix="csse376_puerto_rico.Player.java" Intrnl_Id="68">
<LocList>
<Loc EndOffset="394" SrcFileId="3" StartOffset="371"/>
</LocList>
</BasicStmnt>
<BasicStmnt CovItemId="S2" CovItemPrefix="csse376_puerto_rico.Player.java" Intrnl_Id="69">
<LocList>
<Loc EndOffset="465" SrcFileId="3" StartOffset="399"/>
</LocList>
</BasicStmnt>
<BasicStmnt CovItemId="S5" CovItemPrefix="csse376_puerto_rico.Player.java" Intrnl_Id="70">
<LocList>
<Loc EndOffset="1027" SrcFileId="3" StartOffset="955"/>
</LocList>
</BasicStmnt>
<BasicStmnt CovItemId="S6" CovItemPrefix="csse376_puerto_rico.Player.java" Intrnl_Id="71">
<LocList>
<Loc EndOffset="1102" SrcFileId="3" StartOffset="1030"/>
</LocList>
</BasicStmnt>
<BasicStmnt CovItemId="S7" CovItemPrefix="csse376_puerto_rico.Player.java" Intrnl_Id="72">
<LocList>
<Loc EndOffset="1165" SrcFileId="3" StartOffset="1105"/>
</LocList>
</BasicStmnt>
</StmntSeq>
<HierarchyLvl HierarchyLvlId="780" HierarchyLvlTypeId="16" Intrnl_Id="73" Name="Good">
<Header>
<Loc EndOffset="494" SrcFileId="3" StartOffset="470"/>
</Header>
<LocList>
<Loc EndOffset="741" SrcFileId="3" StartOffset="470"/>
</LocList>
</HierarchyLvl>
<HierarchyLvl HierarchyLvlId="782" HierarchyLvlTypeId="16" Intrnl_Id="74" Name="Plantation">
<Header>
<Loc EndOffset="776" SrcFileId="3" StartOffset="746"/>
</Header>
<LocList>
<Loc EndOffset="950" SrcFileId="3" StartOffset="746"/>
</LocList>
<HierarchyLvl HierarchyLvlId="781" HierarchyLvlTypeId="17" Intrnl_Id="75" Name="Plantation">
<Header>
<Loc EndOffset="885" SrcFileId="3" StartOffset="836"/>
</Header>
<LocList>
<Loc EndOffset="946" SrcFileId="3" StartOffset="836"/>
</LocList>
<StmntSeq Intrnl_Id="76">
<LocList>
<Loc EndOffset="909" SrcFileId="3" StartOffset="892"/>
<Loc EndOffset="941" SrcFileId="3" StartOffset="914"/>
</LocList>
<BasicStmnt CovItemId="S3" CovItemPrefix="csse376_puerto_rico.Player.java" Intrnl_Id="77">
<LocList>
<Loc EndOffset="909" SrcFileId="3" StartOffset="892"/>
</LocList>
</BasicStmnt>
<BasicStmnt CovItemId="S4" CovItemPrefix="csse376_puerto_rico.Player.java" Intrnl_Id="78">
<LocList>
<Loc EndOffset="941" SrcFileId="3" StartOffset="914"/>
</LocList>
</BasicStmnt>
</StmntSeq>
</HierarchyLvl>
</HierarchyLvl>
<HierarchyLvl HierarchyLvlId="783" HierarchyLvlTypeId="17" Intrnl_Id="79" Name="Player">
<Header>
<Loc EndOffset="1224" SrcFileId="3" StartOffset="1209"/>
</Header>
<LocList>
<Loc EndOffset="1398" SrcFileId="3" StartOffset="1209"/>
</LocList>
<StmntSeq Intrnl_Id="80">
<LocList>
<Loc EndOffset="1244" SrcFileId="3" StartOffset="1230"/>
<Loc EndOffset="1263" SrcFileId="3" StartOffset="1248"/>
<Loc EndOffset="1291" SrcFileId="3" StartOffset="1267"/>
<Loc EndOffset="1322" SrcFileId="3" StartOffset="1295"/>
<Loc EndOffset="1394" SrcFileId="3" StartOffset="1326"/>
</LocList>
<BasicStmnt CovItemId="S8" CovItemPrefix="csse376_puerto_rico.Player.java" Intrnl_Id="81">
<LocList>
<Loc EndOffset="1244" SrcFileId="3" StartOffset="1230"/>
</LocList>
</BasicStmnt>
<BasicStmnt CovItemId="S9" CovItemPrefix="csse376_puerto_rico.Player.java" Intrnl_Id="82">
<LocList>
<Loc EndOffset="1263" SrcFileId="3" StartOffset="1248"/>
</LocList>
</BasicStmnt>
<BasicStmnt CovItemId="S10" CovItemPrefix="csse376_puerto_rico.Player.java" Intrnl_Id="83">
<LocList>
<Loc EndOffset="1291" SrcFileId="3" StartOffset="1267"/>
</LocList>
</BasicStmnt>
<BasicStmnt CovItemId="S11" CovItemPrefix="csse376_puerto_rico.Player.java" Intrnl_Id="84">
<LocList>
<Loc EndOffset="1322" SrcFileId="3" StartOffset="1295"/>
</LocList>
</BasicStmnt>
<LoopStmnt CovItemId="S12" CovItemPrefix="csse376_puerto_rico.Player.java" Intrnl_Id="85" MltplExecId="L1-2" MltplExecPrefix="csse376_puerto_rico.Player.java" NvrExecId="L1-0" NvrExecPrefix="csse376_puerto_rico.Player.java" OnceExecutedId="L1-1" OnceExecutedPrefix="csse376_puerto_rico.Player.java" OptBodyExec="true">
<StmntSeq Intrnl_Id="86">
<LocList>
<Loc EndOffset="1389" SrcFileId="3" StartOffset="1368"/>
</LocList>
<BasicStmnt CovItemId="S13" CovItemPrefix="csse376_puerto_rico.Player.java" Intrnl_Id="87">
<LocList>
<Loc EndOffset="1389" SrcFileId="3" StartOffset="1368"/>
</LocList>
</BasicStmnt>
</StmntSeq>
<Keyword EndOffset="1329" SrcFileId="3" StartOffset="1326"/>
<LocList>
<Loc EndOffset="1394" SrcFileId="3" StartOffset="1326"/>
</LocList>
</LoopStmnt>
</StmntSeq>
</HierarchyLvl>
<HierarchyLvl HierarchyLvlId="784" HierarchyLvlTypeId="17" Intrnl_Id="88" Name="Player">
<Header>
<Loc EndOffset="1429" SrcFileId="3" StartOffset="1403"/>
</Header>
<LocList>
<Loc EndOffset="1600" SrcFileId="3" StartOffset="1403"/>
</LocList>
<StmntSeq Intrnl_Id="89">
<LocList>
<Loc EndOffset="1452" SrcFileId="3" StartOffset="1435"/>
<Loc EndOffset="1480" SrcFileId="3" StartOffset="1456"/>
<Loc EndOffset="1504" SrcFileId="3" StartOffset="1484"/>
<Loc EndOffset="1524" SrcFileId="3" StartOffset="1508"/>
<Loc EndOffset="1596" SrcFileId="3" StartOffset="1528"/>
</LocList>
<BasicStmnt CovItemId="S14" CovItemPrefix="csse376_puerto_rico.Player.java" Intrnl_Id="90">
<LocList>
<Loc EndOffset="1452" SrcFileId="3" StartOffset="1435"/>
</LocList>
</BasicStmnt>
<BasicStmnt CovItemId="S15" CovItemPrefix="csse376_puerto_rico.Player.java" Intrnl_Id="91">
<LocList>
<Loc EndOffset="1480" SrcFileId="3" StartOffset="1456"/>
</LocList>
</BasicStmnt>
<BasicStmnt CovItemId="S16" CovItemPrefix="csse376_puerto_rico.Player.java" Intrnl_Id="92">
<LocList>
<Loc EndOffset="1504" SrcFileId="3" StartOffset="1484"/>
</LocList>
</BasicStmnt>
<BasicStmnt CovItemId="S17" CovItemPrefix="csse376_puerto_rico.Player.java" Intrnl_Id="93">
<LocList>
<Loc EndOffset="1524" SrcFileId="3" StartOffset="1508"/>
</LocList>
</BasicStmnt>
<LoopStmnt CovItemId="S18" CovItemPrefix="csse376_puerto_rico.Player.java" Intrnl_Id="94" MltplExecId="L2-2" MltplExecPrefix="csse376_puerto_rico.Player.java" NvrExecId="L2-0" NvrExecPrefix="csse376_puerto_rico.Player.java" OnceExecutedId="L2-1" OnceExecutedPrefix="csse376_puerto_rico.Player.java" OptBodyExec="true">
<StmntSeq Intrnl_Id="95">
<LocList>
<Loc EndOffset="1591" SrcFileId="3" StartOffset="1570"/>
</LocList>
<BasicStmnt CovItemId="S19" CovItemPrefix="csse376_puerto_rico.Player.java" Intrnl_Id="96">
<LocList>
<Loc EndOffset="1591" SrcFileId="3" StartOffset="1570"/>
</LocList>
</BasicStmnt>
</StmntSeq>
<Keyword EndOffset="1531" SrcFileId="3" StartOffset="1528"/>
<LocList>
<Loc EndOffset="1596" SrcFileId="3" StartOffset="1528"/>
</LocList>
</LoopStmnt>
</StmntSeq>
</HierarchyLvl>
<HierarchyLvl HierarchyLvlId="785" HierarchyLvlTypeId="17" Intrnl_Id="97" Name="setPlayerNum">
<Header>
<Loc EndOffset="1636" SrcFileId="3" StartOffset="1605"/>
</Header>
<LocList>
<Loc EndOffset="1662" SrcFileId="3" StartOffset="1605"/>
</LocList>
<StmntSeq Intrnl_Id="98">
<LocList>
<Loc EndOffset="1656" SrcFileId="3" StartOffset="1642"/>
</LocList>
<BasicStmnt CovItemId="S20" CovItemPrefix="csse376_puerto_rico.Player.java" Intrnl_Id="99">
<LocList>
<Loc EndOffset="1656" SrcFileId="3" StartOffset="1642"/>
</LocList>
</BasicStmnt>
</StmntSeq>
</HierarchyLvl>
<HierarchyLvl HierarchyLvlId="786" HierarchyLvlTypeId="17" Intrnl_Id="100" Name="getPlayerNum">
<Header>
<Loc EndOffset="1692" SrcFileId="3" StartOffset="1667"/>
</Header>
<LocList>
<Loc EndOffset="1719" SrcFileId="3" StartOffset="1667"/>
</LocList>
<StmntSeq Intrnl_Id="101">
<LocList>
<Loc EndOffset="1715" SrcFileId="3" StartOffset="1698"/>
</LocList>
<BasicStmnt CovItemId="S21" CovItemPrefix="csse376_puerto_rico.Player.java" Intrnl_Id="102">
<LocList>
<Loc EndOffset="1715" SrcFileId="3" StartOffset="1698"/>
</LocList>
</BasicStmnt>
</StmntSeq>
</HierarchyLvl>
<HierarchyLvl HierarchyLvlId="787" HierarchyLvlTypeId="17" Intrnl_Id="103" Name="getRole">
<Header>
<Loc EndOffset="1747" SrcFileId="3" StartOffset="1724"/>
</Header>
<LocList>
<Loc EndOffset="1774" SrcFileId="3" StartOffset="1724"/>
</LocList>
<StmntSeq Intrnl_Id="104">
<LocList>
<Loc EndOffset="1770" SrcFileId="3" StartOffset="1753"/>
</LocList>
<BasicStmnt CovItemId="S22" CovItemPrefix="csse376_puerto_rico.Player.java" Intrnl_Id="105">
<LocList>
<Loc EndOffset="1770" SrcFileId="3" StartOffset="1753"/>
</LocList>
</BasicStmnt>
</StmntSeq>
</HierarchyLvl>
<HierarchyLvl HierarchyLvlId="788" HierarchyLvlTypeId="17" Intrnl_Id="106" Name="getRoles">
<Header>
<Loc EndOffset="1816" SrcFileId="3" StartOffset="1779"/>
</Header>
<LocList>
<Loc EndOffset="1841" SrcFileId="3" StartOffset="1779"/>
</LocList>
<StmntSeq Intrnl_Id="107">
<LocList>
<Loc EndOffset="1837" SrcFileId="3" StartOffset="1824"/>
</LocList>
<BasicStmnt CovItemId="S23" CovItemPrefix="csse376_puerto_rico.Player.java" Intrnl_Id="108">
<LocList>
<Loc EndOffset="1837" SrcFileId="3" StartOffset="1824"/>
</LocList>
</BasicStmnt>
</StmntSeq>
</HierarchyLvl>
<HierarchyLvl HierarchyLvlId="789" HierarchyLvlTypeId="17" Intrnl_Id="109" Name="getPoints">
<Header>
<Loc EndOffset="1868" SrcFileId="3" StartOffset="1846"/>
</Header>
<LocList>
<Loc EndOffset="1892" SrcFileId="3" StartOffset="1846"/>
</LocList>
<StmntSeq Intrnl_Id="110">
<LocList>
<Loc EndOffset="1888" SrcFileId="3" StartOffset="1874"/>
</LocList>
<BasicStmnt CovItemId="S24" CovItemPrefix="csse376_puerto_rico.Player.java" Intrnl_Id="111">
<LocList>
<Loc EndOffset="1888" SrcFileId="3" StartOffset="1874"/>
</LocList>
</BasicStmnt>
</StmntSeq>
</HierarchyLvl>
<HierarchyLvl HierarchyLvlId="790" HierarchyLvlTypeId="17" Intrnl_Id="112" Name="getHUD">
<Header>
<Loc EndOffset="1922" SrcFileId="3" StartOffset="1897"/>
</Header>
<LocList>
<Loc EndOffset="1948" SrcFileId="3" StartOffset="1897"/>
</LocList>
<StmntSeq Intrnl_Id="113">
<LocList>
<Loc EndOffset="1944" SrcFileId="3" StartOffset="1928"/>
</LocList>
<BasicStmnt CovItemId="S25" CovItemPrefix="csse376_puerto_rico.Player.java" Intrnl_Id="114">
<LocList>
<Loc EndOffset="1944" SrcFileId="3" StartOffset="1928"/>
</LocList>
</BasicStmnt>
</StmntSeq>
</HierarchyLvl>
<HierarchyLvl HierarchyLvlId="791" HierarchyLvlTypeId="17" Intrnl_Id="115" Name="setHUD">
<Header>
<Loc EndOffset="1986" SrcFileId="3" StartOffset="1953"/>
</Header>
<LocList>
<Loc EndOffset="2011" SrcFileId="3" StartOffset="1953"/>
</LocList>
<StmntSeq Intrnl_Id="116">
<LocList>
<Loc EndOffset="2007" SrcFileId="3" StartOffset="1992"/>
</LocList>
<BasicStmnt CovItemId="S26" CovItemPrefix="csse376_puerto_rico.Player.java" Intrnl_Id="117">
<LocList>
<Loc EndOffset="2007" SrcFileId="3" StartOffset="1992"/>
</LocList>
</BasicStmnt>
</StmntSeq>
</HierarchyLvl>
<HierarchyLvl HierarchyLvlId="792" HierarchyLvlTypeId="17" Intrnl_Id="118" Name="isGovernor">
<Header>
<Loc EndOffset="2043" SrcFileId="3" StartOffset="2016"/>
</Header>
<LocList>
<Loc EndOffset="2071" SrcFileId="3" StartOffset="2016"/>
</LocList>
<StmntSeq Intrnl_Id="119">
<LocList>
<Loc EndOffset="2067" SrcFileId="3" StartOffset="2049"/>
</LocList>
<BasicStmnt CovItemId="S27" CovItemPrefix="csse376_puerto_rico.Player.java" Intrnl_Id="120">
<LocList>
<Loc EndOffset="2067" SrcFileId="3" StartOffset="2049"/>
</LocList>
</BasicStmnt>
</StmntSeq>
</HierarchyLvl>
<HierarchyLvl HierarchyLvlId="793" HierarchyLvlTypeId="17" Intrnl_Id="121" Name="addPoints">
<Header>
<Loc EndOffset="2113" SrcFileId="3" StartOffset="2078"/>
</Header>
<LocList>
<Loc EndOffset="2160" SrcFileId="3" StartOffset="2078"/>
</LocList>
<StmntSeq Intrnl_Id="122">
<LocList>
<Loc EndOffset="2156" SrcFileId="3" StartOffset="2119"/>
</LocList>
<BasicStmnt CovItemId="S28" CovItemPrefix="csse376_puerto_rico.Player.java" Intrnl_Id="123">
<LocList>
<Loc EndOffset="2156" SrcFileId="3" StartOffset="2119"/>
</LocList>
</BasicStmnt>
</StmntSeq>
</HierarchyLvl>
<HierarchyLvl HierarchyLvlId="794" HierarchyLvlTypeId="17" Intrnl_Id="124" Name="setPoints">
<Header>
<Loc EndOffset="2216" SrcFileId="3" StartOffset="2183"/>
</Header>
<LocList>
<Loc EndOffset="2296" SrcFileId="3" StartOffset="2183"/>
</LocList>
<StmntSeq Intrnl_Id="125">
<LocList>
<Loc EndOffset="2292" SrcFileId="3" StartOffset="2271"/>
</LocList>
<BasicStmnt CovItemId="S29" CovItemPrefix="csse376_puerto_rico.Player.java" Intrnl_Id="126">
<LocList>
<Loc EndOffset="2292" SrcFileId="3" StartOffset="2271"/>
</LocList>
</BasicStmnt>
</StmntSeq>
</HierarchyLvl>
<HierarchyLvl HierarchyLvlId="795" HierarchyLvlTypeId="17" Intrnl_Id="127" Name="setRole">
<Header>
<Loc EndOffset="2335" SrcFileId="3" StartOffset="2301"/>
</Header>
<LocList>
<Loc EndOffset="2364" SrcFileId="3" StartOffset="2301"/>
</LocList>
<StmntSeq Intrnl_Id="128">
<LocList>
<Loc EndOffset="2360" SrcFileId="3" StartOffset="2341"/>
</LocList>
<BasicStmnt CovItemId="S30" CovItemPrefix="csse376_puerto_rico.Player.java" Intrnl_Id="129">
<LocList>
<Loc EndOffset="2360" SrcFileId="3" StartOffset="2341"/>
</LocList>
</BasicStmnt>
</StmntSeq>
</HierarchyLvl>
<HierarchyLvl HierarchyLvlId="796" HierarchyLvlTypeId="17" Intrnl_Id="130" Name="addBuilding">
<Header>
<Loc EndOffset="2411" SrcFileId="3" StartOffset="2369"/>
</Header>
<LocList>
<Loc EndOffset="2445" SrcFileId="3" StartOffset="2369"/>
</LocList>
<StmntSeq Intrnl_Id="131">
<LocList>
<Loc EndOffset="2441" SrcFileId="3" StartOffset="2417"/>
</LocList>
<BasicStmnt CovItemId="S31" CovItemPrefix="csse376_puerto_rico.Player.java" Intrnl_Id="132">
<LocList>
<Loc EndOffset="2441" SrcFileId="3" StartOffset="2417"/>
</LocList>
</BasicStmnt>
</StmntSeq>
</HierarchyLvl>
<HierarchyLvl HierarchyLvlId="797" HierarchyLvlTypeId="17" Intrnl_Id="133" Name="getBuildingsStringList">
<Header>
<Loc EndOffset="2499" SrcFileId="3" StartOffset="2450"/>
</Header>
<LocList>
<Loc EndOffset="2637" SrcFileId="3" StartOffset="2450"/>
</LocList>
<StmntSeq Intrnl_Id="134">
<LocList>
<Loc EndOffset="2553" SrcFileId="3" StartOffset="2505"/>
<Loc EndOffset="2618" SrcFileId="3" StartOffset="2557"/>
<Loc EndOffset="2633" SrcFileId="3" StartOffset="2622"/>
</LocList>
<BasicStmnt CovItemId="S32" CovItemPrefix="csse376_puerto_rico.Player.java" Intrnl_Id="135">
<LocList>
<Loc EndOffset="2553" SrcFileId="3" StartOffset="2505"/>
</LocList>
</BasicStmnt>
<LoopStmnt CovItemId="S33" CovItemPrefix="csse376_puerto_rico.Player.java" Intrnl_Id="136" MltplExecId="L3-2" MltplExecPrefix="csse376_puerto_rico.Player.java" NvrExecId="L3-0" NvrExecPrefix="csse376_puerto_rico.Player.java" OnceExecutedId="L3-1" OnceExecutedPrefix="csse376_puerto_rico.Player.java" OptBodyExec="true">
<StmntSeq Intrnl_Id="137">
<LocList>
<Loc EndOffset="2613" SrcFileId="3" StartOffset="2597"/>
</LocList>
<BasicStmnt CovItemId="S34" CovItemPrefix="csse376_puerto_rico.Player.java" Intrnl_Id="138">
<LocList>
<Loc EndOffset="2613" SrcFileId="3" StartOffset="2597"/>
</LocList>
</BasicStmnt>
</StmntSeq>
<Keyword EndOffset="2560" SrcFileId="3" StartOffset="2557"/>
<LocList>
<Loc EndOffset="2618" SrcFileId="3" StartOffset="2557"/>
</LocList>
</LoopStmnt>
<BasicStmnt CovItemId="S35" CovItemPrefix="csse376_puerto_rico.Player.java" Intrnl_Id="139">
<LocList>
<Loc EndOffset="2633" SrcFileId="3" StartOffset="2622"/>
</LocList>
</BasicStmnt>
</StmntSeq>
</HierarchyLvl>
<HierarchyLvl HierarchyLvlId="798" HierarchyLvlTypeId="17" Intrnl_Id="140" Name="getBuildings">
<Header>
<Loc EndOffset="2683" SrcFileId="3" StartOffset="2642"/>
</Header>
<LocList>
<Loc EndOffset="2715" SrcFileId="3" StartOffset="2642"/>
</LocList>
<StmntSeq Intrnl_Id="141">
<LocList>
<Loc EndOffset="2711" SrcFileId="3" StartOffset="2689"/>
</LocList>
<BasicStmnt CovItemId="S36" CovItemPrefix="csse376_puerto_rico.Player.java" Intrnl_Id="142">
<LocList>
<Loc EndOffset="2711" SrcFileId="3" StartOffset="2689"/>
</LocList>
</BasicStmnt>
</StmntSeq>
</HierarchyLvl>
<HierarchyLvl HierarchyLvlId="799" HierarchyLvlTypeId="17" Intrnl_Id="143" Name="getGoods">
<Header>
<Loc EndOffset="2750" SrcFileId="3" StartOffset="2720"/>
</Header>
<LocList>
<Loc EndOffset="3296" SrcFileId="3" StartOffset="2720"/>
</LocList>
<StmntSeq Intrnl_Id="144">
<LocList>
<Loc EndOffset="2805" SrcFileId="3" StartOffset="2762"/>
<Loc EndOffset="2889" SrcFileId="3" StartOffset="2809"/>
<Loc EndOffset="2976" SrcFileId="3" StartOffset="2893"/>
<Loc EndOffset="3049" SrcFileId="3" StartOffset="2980"/>
<Loc EndOffset="3125" SrcFileId="3" StartOffset="3053"/>
<Loc EndOffset="3209" SrcFileId="3" StartOffset="3129"/>
<Loc EndOffset="3277" SrcFileId="3" StartOffset="3213"/>
<Loc EndOffset="3292" SrcFileId="3" StartOffset="3281"/>
</LocList>
<BasicStmnt CovItemId="S37" CovItemPrefix="csse376_puerto_rico.Player.java" Intrnl_Id="145">
<LocList>
<Loc EndOffset="2805" SrcFileId="3" StartOffset="2762"/>
</LocList>
</BasicStmnt>
<BasicStmnt CovItemId="S38" CovItemPrefix="csse376_puerto_rico.Player.java" Intrnl_Id="146">
<LocList>
<Loc EndOffset="2889" SrcFileId="3" StartOffset="2809"/>
</LocList>
</BasicStmnt>
<BasicStmnt CovItemId="S39" CovItemPrefix="csse376_puerto_rico.Player.java" Intrnl_Id="147">
<LocList>
<Loc EndOffset="2976" SrcFileId="3" StartOffset="2893"/>
</LocList>
</BasicStmnt>
<BasicStmnt CovItemId="S40" CovItemPrefix="csse376_puerto_rico.Player.java" Intrnl_Id="148">
<LocList>
<Loc EndOffset="3049" SrcFileId="3" StartOffset="2980"/>
</LocList>
</BasicStmnt>
<BasicStmnt CovItemId="S41" CovItemPrefix="csse376_puerto_rico.Player.java" Intrnl_Id="149">
<LocList>
<Loc EndOffset="3125" SrcFileId="3" StartOffset="3053"/>
</LocList>
</BasicStmnt>
<BasicStmnt CovItemId="S42" CovItemPrefix="csse376_puerto_rico.Player.java" Intrnl_Id="150">
<LocList>
<Loc EndOffset="3209" SrcFileId="3" StartOffset="3129"/>
</LocList>
</BasicStmnt>
<BasicStmnt CovItemId="S43" CovItemPrefix="csse376_puerto_rico.Player.java" Intrnl_Id="151">
<LocList>
<Loc EndOffset="3277" SrcFileId="3" StartOffset="3213"/>
</LocList>
</BasicStmnt>
<BasicStmnt CovItemId="S44" CovItemPrefix="csse376_puerto_rico.Player.java" Intrnl_Id="152">
<LocList>
<Loc EndOffset="3292" SrcFileId="3" StartOffset="3281"/>
</LocList>
</BasicStmnt>
</StmntSeq>
</HierarchyLvl>
<HierarchyLvl HierarchyLvlId="800" HierarchyLvlTypeId="17" Intrnl_Id="153" Name="getNumberOfGood">
<Header>
<Loc EndOffset="3340" SrcFileId="3" StartOffset="3301"/>
</Header>
<LocList>
<Loc EndOffset="3481" SrcFileId="3" StartOffset="3301"/>
</LocList>
<StmntSeq Intrnl_Id="154">
<LocList>
<Loc EndOffset="3443" SrcFileId="3" StartOffset="3389"/>
<Loc EndOffset="3475" SrcFileId="3" StartOffset="3447"/>
</LocList>
<CondStmnt CovItemId="S45" CovItemPrefix="csse376_puerto_rico.Player.java" Intrnl_Id="155">
<Branch CovItemId="B1" CovItemPrefix="csse376_puerto_rico.Player.java" Implct="false" Intrnl_Id="156">
<Cond/>
<LocList>
<Loc EndOffset="3443" SrcFileId="3" StartOffset="3423"/>
</LocList>
<StmntSeq Intrnl_Id="157">
<LocList>
<Loc EndOffset="3438" SrcFileId="3" StartOffset="3429"/>
</LocList>
<BasicStmnt CovItemId="S46" CovItemPrefix="csse376_puerto_rico.Player.java" Intrnl_Id="158">
<LocList>
<Loc EndOffset="3438" SrcFileId="3" StartOffset="3429"/>
</LocList>
</BasicStmnt>
</StmntSeq>
</Branch>
<Branch CovItemId="B2" CovItemPrefix="csse376_puerto_rico.Player.java" Implct="true" Intrnl_Id="159">
<Cond/>
<LocList/>
<StmntSeq Intrnl_Id="160">
<LocList/>
</StmntSeq>
</Branch>
<Keyword EndOffset="3391" SrcFileId="3" StartOffset="3389"/>
<LocList>
<Loc EndOffset="3443" SrcFileId="3" StartOffset="3389"/>
</LocList>
<RootTerm CovItemId="C1" CovItemPrefix="csse376_puerto_rico.Player.java" Intrnl_Id="161">
<BasicBoolTerm Intrnl_Id="162">
<LocList>
<Loc EndOffset="3421" SrcFileId="3" StartOffset="3393"/>
</LocList>
</BasicBoolTerm>
</RootTerm>
</CondStmnt>
<BasicStmnt CovItemId="S47" CovItemPrefix="csse376_puerto_rico.Player.java" Intrnl_Id="163">
<LocList>
<Loc EndOffset="3475" SrcFileId="3" StartOffset="3447"/>
</LocList>
</BasicStmnt>
</StmntSeq>
</HierarchyLvl>
<HierarchyLvl HierarchyLvlId="801" HierarchyLvlTypeId="17" Intrnl_Id="164" Name="getAllGoods">
<Header>
<Loc EndOffset="3519" SrcFileId="3" StartOffset="3486"/>
</Header>
<LocList>
<Loc EndOffset="3685" SrcFileId="3" StartOffset="3486"/>
</LocList>
<StmntSeq Intrnl_Id="165">
<LocList>
<Loc EndOffset="3568" SrcFileId="3" StartOffset="3525"/>
<Loc EndOffset="3666" SrcFileId="3" StartOffset="3572"/>
<Loc EndOffset="3681" SrcFileId="3" StartOffset="3670"/>
</LocList>
<BasicStmnt CovItemId="S48" CovItemPrefix="csse376_puerto_rico.Player.java" Intrnl_Id="166">
<LocList>
<Loc EndOffset="3568" SrcFileId="3" StartOffset="3525"/>
</LocList>
</BasicStmnt>
<BasicStmnt CovItemId="S49" CovItemPrefix="csse376_puerto_rico.Player.java" Intrnl_Id="167">
<LocList>
<Loc EndOffset="3666" SrcFileId="3" StartOffset="3572"/>
</LocList>
</BasicStmnt>
<BasicStmnt CovItemId="S50" CovItemPrefix="csse376_puerto_rico.Player.java" Intrnl_Id="168">
<LocList>
<Loc EndOffset="3681" SrcFileId="3" StartOffset="3670"/>
</LocList>
</BasicStmnt>
</StmntSeq>
</HierarchyLvl>
<HierarchyLvl HierarchyLvlId="802" HierarchyLvlTypeId="17" Intrnl_Id="169" Name="addGood">
<Header>
<Loc EndOffset="3734" SrcFileId="3" StartOffset="3690"/>
</Header>
<LocList>
<Loc EndOffset="3834" SrcFileId="3" StartOffset="3690"/>
</LocList>
<StmntSeq Intrnl_Id="170">
<LocList>
<Loc EndOffset="3830" SrcFileId="3" StartOffset="3778"/>
</LocList>
<BasicStmnt CovItemId="S51" CovItemPrefix="csse376_puerto_rico.Player.java" Intrnl_Id="171">
<LocList>
<Loc EndOffset="3830" SrcFileId="3" StartOffset="3778"/>
</LocList>
</BasicStmnt>
</StmntSeq>
</HierarchyLvl>
<HierarchyLvl HierarchyLvlId="803" HierarchyLvlTypeId="17" Intrnl_Id="172" Name="toString">
<Header>
<Loc EndOffset="3875" SrcFileId="3" StartOffset="3839"/>
</Header>
<LocList>
<Loc EndOffset="4690" SrcFileId="3" StartOffset="3839"/>
</LocList>
<StmntSeq Intrnl_Id="173">
<LocList>
<Loc EndOffset="3897" SrcFileId="3" StartOffset="3881"/>
<Loc EndOffset="3926" SrcFileId="3" StartOffset="3901"/>
<Loc EndOffset="3976" SrcFileId="3" StartOffset="3930"/>
<Loc EndOffset="4006" SrcFileId="3" StartOffset="3980"/>
<Loc EndOffset="4132" SrcFileId="3" StartOffset="4010"/>
<Loc EndOffset="4244" SrcFileId="3" StartOffset="4136"/>
<Loc EndOffset="4671" SrcFileId="3" StartOffset="4248"/>
<Loc EndOffset="4686" SrcFileId="3" StartOffset="4675"/>
</LocList>
<BasicStmnt CovItemId="S52" CovItemPrefix="csse376_puerto_rico.Player.java" Intrnl_Id="174">
<LocList>
<Loc EndOffset="3897" SrcFileId="3" StartOffset="3881"/>
</LocList>
</BasicStmnt>
<BasicStmnt CovItemId="S53" CovItemPrefix="csse376_puerto_rico.Player.java" Intrnl_Id="175">
<LocList>
<Loc EndOffset="3926" SrcFileId="3" StartOffset="3901"/>
</LocList>
</BasicStmnt>
<BasicStmnt CovItemId="S54" CovItemPrefix="csse376_puerto_rico.Player.java" Intrnl_Id="176">
<LocList>
<Loc EndOffset="3976" SrcFileId="3" StartOffset="3930"/>
</LocList>
</BasicStmnt>
<BasicStmnt CovItemId="S55" CovItemPrefix="csse376_puerto_rico.Player.java" Intrnl_Id="177">
<LocList>
<Loc EndOffset="4006" SrcFileId="3" StartOffset="3980"/>
</LocList>
</BasicStmnt>
<LoopStmnt CovItemId="S56" CovItemPrefix="csse376_puerto_rico.Player.java" Intrnl_Id="178" MltplExecId="L4-2" MltplExecPrefix="csse376_puerto_rico.Player.java" NvrExecId="L4-0" NvrExecPrefix="csse376_puerto_rico.Player.java" OnceExecutedId="L4-1" OnceExecutedPrefix="csse376_puerto_rico.Player.java" OptBodyExec="true">
<StmntSeq Intrnl_Id="179">
<LocList>
<Loc EndOffset="4127" SrcFileId="3" StartOffset="4064"/>
</LocList>
<BasicStmnt CovItemId="S57" CovItemPrefix="csse376_puerto_rico.Player.java" Intrnl_Id="180">
<LocList>
<Loc EndOffset="4127" SrcFileId="3" StartOffset="4064"/>
</LocList>
</BasicStmnt>
</StmntSeq>
<Keyword EndOffset="4013" SrcFileId="3" StartOffset="4010"/>
<LocList>
<Loc EndOffset="4132" SrcFileId="3" StartOffset="4010"/>
</LocList>
<RootTerm CovItemId="C2" CovItemPrefix="csse376_puerto_rico.Player.java" Intrnl_Id="181">
<BasicBoolTerm Intrnl_Id="182">
<LocList>
<Loc EndOffset="4051" SrcFileId="3" StartOffset="4026"/>
</LocList>
</BasicBoolTerm>
</RootTerm>
</LoopStmnt>
<LoopStmnt CovItemId="S58" CovItemPrefix="csse376_puerto_rico.Player.java" Intrnl_Id="183" MltplExecId="L5-2" MltplExecPrefix="csse376_puerto_rico.Player.java" NvrExecId="L5-0" NvrExecPrefix="csse376_puerto_rico.Player.java" OnceExecutedId="L5-1" OnceExecutedPrefix="csse376_puerto_rico.Player.java" OptBodyExec="true">
<StmntSeq Intrnl_Id="184">
<LocList>
<Loc EndOffset="4239" SrcFileId="3" StartOffset="4192"/>
</LocList>
<BasicStmnt CovItemId="S59" CovItemPrefix="csse376_puerto_rico.Player.java" Intrnl_Id="185">
<LocList>
<Loc EndOffset="4239" SrcFileId="3" StartOffset="4192"/>
</LocList>
</BasicStmnt>
</StmntSeq>
<Keyword EndOffset="4139" SrcFileId="3" StartOffset="4136"/>
<LocList>
<Loc EndOffset="4244" SrcFileId="3" StartOffset="4136"/>
</LocList>
<RootTerm CovItemId="C3" CovItemPrefix="csse376_puerto_rico.Player.java" Intrnl_Id="186">
<BasicBoolTerm Intrnl_Id="187">
<LocList>
<Loc EndOffset="4179" SrcFileId="3" StartOffset="4152"/>
</LocList>
</BasicBoolTerm>
</RootTerm>
</LoopStmnt>
<CondStmnt CovItemId="S60" CovItemPrefix="csse376_puerto_rico.Player.java" Intrnl_Id="188">
<Branch CovItemId="B3" CovItemPrefix="csse376_puerto_rico.Player.java" Implct="false" Intrnl_Id="189">
<Cond/>
<LocList>
<Loc EndOffset="4470" SrcFileId="3" StartOffset="4264"/>
</LocList>
<StmntSeq Intrnl_Id="190">
<LocList>
<Loc EndOffset="4465" SrcFileId="3" StartOffset="4270"/>
</LocList>
<BasicStmnt CovItemId="S61" CovItemPrefix="csse376_puerto_rico.Player.java" Intrnl_Id="191">
<LocList>
<Loc EndOffset="4465" SrcFileId="3" StartOffset="4270"/>
</LocList>
</BasicStmnt>
</StmntSeq>
</Branch>
<Branch CovItemId="B4" CovItemPrefix="csse376_puerto_rico.Player.java" Implct="false" Intrnl_Id="192">
<Cond>
<Loc EndOffset="4475" SrcFileId="3" StartOffset="4471"/>
</Cond>
<LocList>
<Loc EndOffset="4671" SrcFileId="3" StartOffset="4476"/>
</LocList>
<StmntSeq Intrnl_Id="193">
<LocList>
<Loc EndOffset="4666" SrcFileId="3" StartOffset="4482"/>
</LocList>
<BasicStmnt CovItemId="S62" CovItemPrefix="csse376_puerto_rico.Player.java" Intrnl_Id="194">
<LocList>
<Loc EndOffset="4666" SrcFileId="3" StartOffset="4482"/>
</LocList>
</BasicStmnt>
</StmntSeq>
</Branch>
<Keyword EndOffset="4250" SrcFileId="3" StartOffset="4248"/>
<LocList>
<Loc EndOffset="4671" SrcFileId="3" StartOffset="4248"/>
</LocList>
<RootTerm CovItemId="C4" CovItemPrefix="csse376_puerto_rico.Player.java" Intrnl_Id="195">
<BasicBoolTerm Intrnl_Id="196">
<LocList>
<Loc EndOffset="4262" SrcFileId="3" StartOffset="4252"/>
</LocList>
</BasicBoolTerm>
</RootTerm>
</CondStmnt>
<BasicStmnt CovItemId="S63" CovItemPrefix="csse376_puerto_rico.Player.java" Intrnl_Id="197">
<LocList>
<Loc EndOffset="4686" SrcFileId="3" StartOffset="4675"/>
</LocList>
</BasicStmnt>
</StmntSeq>
</HierarchyLvl>
<HierarchyLvl HierarchyLvlId="804" HierarchyLvlTypeId="17" Intrnl_Id="198" Name="updatePlayerInfo">
<Header>
<Loc EndOffset="4725" SrcFileId="3" StartOffset="4695"/>
</Header>
<LocList>
<Loc EndOffset="4769" SrcFileId="3" StartOffset="4695"/>
</LocList>
<StmntSeq Intrnl_Id="199">
<LocList>
<Loc EndOffset="4765" SrcFileId="3" StartOffset="4731"/>
</LocList>
<BasicStmnt CovItemId="S64" CovItemPrefix="csse376_puerto_rico.Player.java" Intrnl_Id="200">
<LocList>
<Loc EndOffset="4765" SrcFileId="3" StartOffset="4731"/>
</LocList>
</BasicStmnt>
</StmntSeq>
</HierarchyLvl>
<HierarchyLvl HierarchyLvlId="805" HierarchyLvlTypeId="17" Intrnl_Id="201" Name="getPlantations">
<Header>
<Loc EndOffset="4819" SrcFileId="3" StartOffset="4774"/>
</Header>
<LocList>
<Loc EndOffset="4853" SrcFileId="3" StartOffset="4774"/>
</LocList>
<StmntSeq Intrnl_Id="202">
<LocList>
<Loc EndOffset="4849" SrcFileId="3" StartOffset="4825"/>
</LocList>
<BasicStmnt CovItemId="S65" CovItemPrefix="csse376_puerto_rico.Player.java" Intrnl_Id="203">
<LocList>
<Loc EndOffset="4849" SrcFileId="3" StartOffset="4825"/>
</LocList>
</BasicStmnt>
</StmntSeq>
</HierarchyLvl>
<HierarchyLvl HierarchyLvlId="806" HierarchyLvlTypeId="17" Intrnl_Id="204" Name="getPlantationsStringList">
<Header>
<Loc EndOffset="4912" SrcFileId="3" StartOffset="4861"/>
</Header>
<LocList>
<Loc EndOffset="5054" SrcFileId="3" StartOffset="4861"/>
</LocList>
<StmntSeq Intrnl_Id="205">
<LocList>
<Loc EndOffset="4966" SrcFileId="3" StartOffset="4918"/>
<Loc EndOffset="5035" SrcFileId="3" StartOffset="4970"/>
<Loc EndOffset="5050" SrcFileId="3" StartOffset="5039"/>
</LocList>
<BasicStmnt CovItemId="S66" CovItemPrefix="csse376_puerto_rico.Player.java" Intrnl_Id="206">
<LocList>
<Loc EndOffset="4966" SrcFileId="3" StartOffset="4918"/>
</LocList>
</BasicStmnt>
<LoopStmnt CovItemId="S67" CovItemPrefix="csse376_puerto_rico.Player.java" Intrnl_Id="207" MltplExecId="L6-2" MltplExecPrefix="csse376_puerto_rico.Player.java" NvrExecId="L6-0" NvrExecPrefix="csse376_puerto_rico.Player.java" OnceExecutedId="L6-1" OnceExecutedPrefix="csse376_puerto_rico.Player.java" OptBodyExec="true">
<StmntSeq Intrnl_Id="208">
<LocList>
<Loc EndOffset="5030" SrcFileId="3" StartOffset="5014"/>
</LocList>
<BasicStmnt CovItemId="S68" CovItemPrefix="csse376_puerto_rico.Player.java" Intrnl_Id="209">
<LocList>
<Loc EndOffset="5030" SrcFileId="3" StartOffset="5014"/>
</LocList>
</BasicStmnt>
</StmntSeq>
<Keyword EndOffset="4973" SrcFileId="3" StartOffset="4970"/>
<LocList>
<Loc EndOffset="5035" SrcFileId="3" StartOffset="4970"/>
</LocList>
</LoopStmnt>
<BasicStmnt CovItemId="S69" CovItemPrefix="csse376_puerto_rico.Player.java" Intrnl_Id="210">
<LocList>
<Loc EndOffset="5050" SrcFileId="3" StartOffset="5039"/>
</LocList>
</BasicStmnt>
</StmntSeq>
</HierarchyLvl>
<HierarchyLvl HierarchyLvlId="807" HierarchyLvlTypeId="17" Intrnl_Id="211" Name="checkPlantation">
<Header>
<Loc EndOffset="5205" SrcFileId="3" StartOffset="5176"/>
</Header>
<LocList>
<Loc EndOffset="5413" SrcFileId="3" StartOffset="5176"/>
</LocList>
<StmntSeq Intrnl_Id="212">
<LocList>
<Loc EndOffset="5409" SrcFileId="3" StartOffset="5213"/>
</LocList>
<LoopStmnt CovItemId="S70" CovItemPrefix="csse376_puerto_rico.Player.java" Intrnl_Id="213" MltplExecId="L7-2" MltplExecPrefix="csse376_puerto_rico.Player.java" NvrExecId="L7-0" NvrExecPrefix="csse376_puerto_rico.Player.java" OnceExecutedId="L7-1" OnceExecutedPrefix="csse376_puerto_rico.Player.java" OptBodyExec="true">
<StmntSeq Intrnl_Id="214">
<LocList>
<Loc EndOffset="5404" SrcFileId="3" StartOffset="5380"/>
</LocList>
<BasicStmnt CovItemId="S71" CovItemPrefix="csse376_puerto_rico.Player.java" Intrnl_Id="215">
<LocList>
<Loc EndOffset="5404" SrcFileId="3" StartOffset="5380"/>
</LocList>
</BasicStmnt>
</StmntSeq>
<Keyword EndOffset="5216" SrcFileId="3" StartOffset="5213"/>
<LocList>
<Loc EndOffset="5409" SrcFileId="3" StartOffset="5213"/>
</LocList>
</LoopStmnt>
</StmntSeq>
</HierarchyLvl>
</HierarchyLvl>
<HierarchyLvl HierarchyLvlId="813" HierarchyLvlTypeId="16" Intrnl_Id="216" Name="NextMoveButton">
<Header>
<Loc EndOffset="236" SrcFileId="4" StartOffset="193"/>
</Header>
<LocList>
<Loc EndOffset="1535" SrcFileId="4" StartOffset="193"/>
</LocList>
<HierarchyLvl HierarchyLvlId="811" HierarchyLvlTypeId="17" Intrnl_Id="217" Name="NextMoveButton">
<Header>
<Loc EndOffset="298" SrcFileId="4" StartOffset="275"/>
</Header>
<LocList>
<Loc EndOffset="886" SrcFileId="4" StartOffset="275"/>
</LocList>
<StmntSeq Intrnl_Id="218">
<LocList>
<Loc EndOffset="337" SrcFileId="4" StartOffset="306"/>
<Loc EndOffset="399" SrcFileId="4" StartOffset="341"/>
<Loc EndOffset="426" SrcFileId="4" StartOffset="403"/>
<Loc EndOffset="446" SrcFileId="4" StartOffset="430"/>
<Loc EndOffset="473" SrcFileId="4" StartOffset="450"/>
<Loc EndOffset="882" SrcFileId="4" StartOffset="880"/>
</LocList>
<BasicStmnt CovItemId="S1" CovItemPrefix="csse376_puerto_rico.NextMoveButton.java" Intrnl_Id="219">
<LocList>
<Loc EndOffset="337" SrcFileId="4" StartOffset="306"/>
</LocList>
</BasicStmnt>
<BasicStmnt CovItemId="S2" CovItemPrefix="csse376_puerto_rico.NextMoveButton.java" Intrnl_Id="220">
<LocList>
<Loc EndOffset="399" SrcFileId="4" StartOffset="341"/>
</LocList>
</BasicStmnt>
<BasicStmnt CovItemId="S3" CovItemPrefix="csse376_puerto_rico.NextMoveButton.java" Intrnl_Id="221">
<LocList>
<Loc EndOffset="426" SrcFileId="4" StartOffset="403"/>
</LocList>
</BasicStmnt>
<BasicStmnt CovItemId="S4" CovItemPrefix="csse376_puerto_rico.NextMoveButton.java" Intrnl_Id="222">
<LocList>
<Loc EndOffset="446" SrcFileId="4" StartOffset="430"/>
</LocList>
</BasicStmnt>
<BasicStmnt CovItemId="S5" CovItemPrefix="csse376_puerto_rico.NextMoveButton.java" Intrnl_Id="223">
<LocList>
<Loc EndOffset="473" SrcFileId="4" StartOffset="450"/>
<Loc EndOffset="882" SrcFileId="4" StartOffset="880"/>
</LocList>
</BasicStmnt>
</StmntSeq>
<HierarchyLvl HierarchyLvlId="810" HierarchyLvlTypeId="19" Intrnl_Id="224" Name="ActionListener">
<Header>
<Loc EndOffset="493" SrcFileId="4" StartOffset="477"/>
</Header>
<LocList>
<Loc EndOffset="880" SrcFileId="4" StartOffset="473"/>
</LocList>
<HierarchyLvl HierarchyLvlId="809" HierarchyLvlTypeId="17" Intrnl_Id="225" Name="actionPerformed">
<Header>
<Loc EndOffset="561" SrcFileId="4" StartOffset="505"/>
</Header>
<LocList>
<Loc EndOffset="875" SrcFileId="4" StartOffset="505"/>
</LocList>
<StmntSeq Intrnl_Id="226">
<LocList>
<Loc EndOffset="601" SrcFileId="4" StartOffset="569"/>
<Loc EndOffset="630" SrcFileId="4" StartOffset="607"/>
<Loc EndOffset="652" SrcFileId="4" StartOffset="636"/>
<Loc EndOffset="678" SrcFileId="4" StartOffset="658"/>
<Loc EndOffset="846" SrcFileId="4" StartOffset="684"/>
<Loc EndOffset="869" SrcFileId="4" StartOffset="858"/>
</LocList>
<BasicStmnt CovItemId="S6" CovItemPrefix="csse376_puerto_rico.NextMoveButton.java" Intrnl_Id="227">
<LocList>
<Loc EndOffset="601" SrcFileId="4" StartOffset="569"/>
</LocList>
</BasicStmnt>
<BasicStmnt CovItemId="S7" CovItemPrefix="csse376_puerto_rico.NextMoveButton.java" Intrnl_Id="228">
<LocList>
<Loc EndOffset="630" SrcFileId="4" StartOffset="607"/>
</LocList>
</BasicStmnt>
<BasicStmnt CovItemId="S8" CovItemPrefix="csse376_puerto_rico.NextMoveButton.java" Intrnl_Id="229">
<LocList>
<Loc EndOffset="652" SrcFileId="4" StartOffset="636"/>
</LocList>
</BasicStmnt>
<BasicStmnt CovItemId="S9" CovItemPrefix="csse376_puerto_rico.NextMoveButton.java" Intrnl_Id="230">
<LocList>
<Loc EndOffset="678" SrcFileId="4" StartOffset="658"/>
</LocList>
</BasicStmnt>
<CondStmnt CovItemId="S10" CovItemPrefix="csse376_puerto_rico.NextMoveButton.java" Intrnl_Id="231">
<Branch CovItemId="B1" CovItemPrefix="csse376_puerto_rico.NextMoveButton.java" Implct="false" Intrnl_Id="232">
<Cond/>
<LocList>
<Loc EndOffset="846" SrcFileId="4" StartOffset="739"/>
</LocList>
<StmntSeq Intrnl_Id="233">
<LocList>
<Loc EndOffset="792" SrcFileId="4" StartOffset="747"/>
<Loc EndOffset="839" SrcFileId="4" StartOffset="799"/>
</LocList>
<BasicStmnt CovItemId="S11" CovItemPrefix="csse376_puerto_rico.NextMoveButton.java" Intrnl_Id="234">
<LocList>
<Loc EndOffset="792" SrcFileId="4" StartOffset="747"/>
</LocList>
</BasicStmnt>
<BasicStmnt CovItemId="S12" CovItemPrefix="csse376_puerto_rico.NextMoveButton.java" Intrnl_Id="235">
<LocList>
<Loc EndOffset="839" SrcFileId="4" StartOffset="799"/>
</LocList>
</BasicStmnt>
</StmntSeq>
</Branch>
<Branch CovItemId="B2" CovItemPrefix="csse376_puerto_rico.NextMoveButton.java" Implct="true" Intrnl_Id="236">
<Cond/>
<LocList/>
<StmntSeq Intrnl_Id="237">
<LocList/>
</StmntSeq>
</Branch>
<Keyword EndOffset="686" SrcFileId="4" StartOffset="684"/>
<LocList>
<Loc EndOffset="846" SrcFileId="4" StartOffset="684"/>
</LocList>
<RootTerm CovItemId="C1" CovItemPrefix="csse376_puerto_rico.NextMoveButton.java" Intrnl_Id="238">
<OpTerm BooleanOpId="13" Intrnl_Id="239">
<BasicBoolTerm Intrnl_Id="240">
<LocList>
<Loc EndOffset="699" SrcFileId="4" StartOffset="687"/>
</LocList>
</BasicBoolTerm>
<BasicBoolTerm Intrnl_Id="241">
<LocList>
<Loc EndOffset="732" SrcFileId="4" StartOffset="703"/>
</LocList>
</BasicBoolTerm>
<LocList>
<Loc EndOffset="702" SrcFileId="4" StartOffset="700"/>
</LocList>
</OpTerm>
</RootTerm>
</CondStmnt>
<BasicStmnt CovItemId="S13" CovItemPrefix="csse376_puerto_rico.NextMoveButton.java" Intrnl_Id="242">
<LocList>
<Loc EndOffset="869" SrcFileId="4" StartOffset="858"/>
</LocList>
</BasicStmnt>
</StmntSeq>
</HierarchyLvl>
</HierarchyLvl>
</HierarchyLvl>
<HierarchyLvl HierarchyLvlId="812" HierarchyLvlTypeId="17" Intrnl_Id="243" Name="makeMove">
<Header>
<Loc EndOffset="911" SrcFileId="4" StartOffset="889"/>
</Header>
<LocList>
<Loc EndOffset="1532" SrcFileId="4" StartOffset="889"/>
</LocList>
<StmntSeq Intrnl_Id="244">
<LocList>
<Loc EndOffset="1493" SrcFileId="4" StartOffset="1217"/>
<Loc EndOffset="1528" SrcFileId="4" StartOffset="1497"/>
</LocList>
<LoopStmnt CovItemId="S14" CovItemPrefix="csse376_puerto_rico.NextMoveButton.java" Intrnl_Id="245" MltplExecId="L1-2" MltplExecPrefix="csse376_puerto_rico.NextMoveButton.java" NvrExecId="L1-0" NvrExecPrefix="csse376_puerto_rico.NextMoveButton.java" OnceExecutedId="L1-1" OnceExecutedPrefix="csse376_puerto_rico.NextMoveButton.java" OptBodyExec="true">
<StmntSeq Intrnl_Id="246">
<LocList>
<Loc EndOffset="1488" SrcFileId="4" StartOffset="1260"/>
</LocList>
<CondStmnt CovItemId="S15" CovItemPrefix="csse376_puerto_rico.NextMoveButton.java" Intrnl_Id="247">
<Branch CovItemId="B3" CovItemPrefix="csse376_puerto_rico.NextMoveButton.java" Implct="false" Intrnl_Id="248">
<Cond/>
<LocList>
<Loc EndOffset="1488" SrcFileId="4" StartOffset="1290"/>
</LocList>
<StmntSeq Intrnl_Id="249">
<LocList>
<Loc EndOffset="1327" SrcFileId="4" StartOffset="1297"/>
<Loc EndOffset="1470" SrcFileId="4" StartOffset="1333"/>
<Loc EndOffset="1482" SrcFileId="4" StartOffset="1476"/>
</LocList>
<BasicStmnt CovItemId="S16" CovItemPrefix="csse376_puerto_rico.NextMoveButton.java" Intrnl_Id="250">
<LocList>
<Loc EndOffset="1327" SrcFileId="4" StartOffset="1297"/>
</LocList>
</BasicStmnt>
<CondStmnt CovItemId="S17" CovItemPrefix="csse376_puerto_rico.NextMoveButton.java" Intrnl_Id="251">
<Branch CovItemId="B5" CovItemPrefix="csse376_puerto_rico.NextMoveButton.java" Implct="false" Intrnl_Id="252">
<Cond/>
<LocList>
<Loc EndOffset="1408" SrcFileId="4" StartOffset="1364"/>
</LocList>
<StmntSeq Intrnl_Id="253">
<LocList>
<Loc EndOffset="1401" SrcFileId="4" StartOffset="1372"/>
</LocList>
<BasicStmnt CovItemId="S18" CovItemPrefix="csse376_puerto_rico.NextMoveButton.java" Intrnl_Id="254">
<LocList>
<Loc EndOffset="1401" SrcFileId="4" StartOffset="1372"/>
</LocList>
</BasicStmnt>
</StmntSeq>
</Branch>
<Branch CovItemId="B6" CovItemPrefix="csse376_puerto_rico.NextMoveButton.java" Implct="false" Intrnl_Id="255">
<Cond>
<Loc EndOffset="1418" SrcFileId="4" StartOffset="1414"/>
</Cond>
<LocList>
<Loc EndOffset="1470" SrcFileId="4" StartOffset="1424"/>
</LocList>
<StmntSeq Intrnl_Id="256">
<LocList>
<Loc EndOffset="1463" SrcFileId="4" StartOffset="1432"/>
</LocList>
<BasicStmnt CovItemId="S19" CovItemPrefix="csse376_puerto_rico.NextMoveButton.java" Intrnl_Id="257">
<LocList>
<Loc EndOffset="1463" SrcFileId="4" StartOffset="1432"/>
</LocList>
</BasicStmnt>
</StmntSeq>
</Branch>
<Keyword EndOffset="1335" SrcFileId="4" StartOffset="1333"/>
<LocList>
<Loc EndOffset="1470" SrcFileId="4" StartOffset="1333"/>
</LocList>
<RootTerm CovItemId="C4" CovItemPrefix="csse376_puerto_rico.NextMoveButton.java" Intrnl_Id="258">
<BasicBoolTerm Intrnl_Id="259">
<LocList>
<Loc EndOffset="1357" SrcFileId="4" StartOffset="1336"/>
</LocList>
</BasicBoolTerm>
</RootTerm>
</CondStmnt>
<BasicStmnt CovItemId="S20" CovItemPrefix="csse376_puerto_rico.NextMoveButton.java" Intrnl_Id="260">
<LocList>
<Loc EndOffset="1482" SrcFileId="4" StartOffset="1476"/>
</LocList>
</BasicStmnt>
</StmntSeq>
</Branch>
<Branch CovItemId="B4" CovItemPrefix="csse376_puerto_rico.NextMoveButton.java" Implct="true" Intrnl_Id="261">
<Cond/>
<LocList/>
<StmntSeq Intrnl_Id="262">
<LocList/>
</StmntSeq>
</Branch>
<Keyword EndOffset="1262" SrcFileId="4" StartOffset="1260"/>
<LocList>
<Loc EndOffset="1488" SrcFileId="4" StartOffset="1260"/>
</LocList>
<RootTerm CovItemId="C3" CovItemPrefix="csse376_puerto_rico.NextMoveButton.java" Intrnl_Id="263">
<BasicBoolTerm Intrnl_Id="264">
<LocList>
<Loc EndOffset="1284" SrcFileId="4" StartOffset="1263"/>
</LocList>
</BasicBoolTerm>
</RootTerm>
</CondStmnt>
</StmntSeq>
<Keyword EndOffset="1220" SrcFileId="4" StartOffset="1217"/>
<LocList>
<Loc EndOffset="1493" SrcFileId="4" StartOffset="1217"/>
</LocList>
<RootTerm CovItemId="C2" CovItemPrefix="csse376_puerto_rico.NextMoveButton.java" Intrnl_Id="265">
<BasicBoolTerm Intrnl_Id="266">
<LocList>
<Loc EndOffset="1245" SrcFileId="4" StartOffset="1229"/>
</LocList>
</BasicBoolTerm>
</RootTerm>
</LoopStmnt>
<BasicStmnt CovItemId="S21" CovItemPrefix="csse376_puerto_rico.NextMoveButton.java" Intrnl_Id="267">
<LocList>
<Loc EndOffset="1528" SrcFileId="4" StartOffset="1497"/>
</LocList>
</BasicStmnt>
</StmntSeq>
</HierarchyLvl>
</HierarchyLvl>
<HierarchyLvl HierarchyLvlId="815" HierarchyLvlTypeId="16" Intrnl_Id="268" Name="MenuGUI">
<Header>
<Loc EndOffset="297" SrcFileId="5" StartOffset="277"/>
</Header>
<LocList>
<Loc EndOffset="1547" SrcFileId="5" StartOffset="277"/>
</LocList>
<StmntSeq Intrnl_Id="269">
<LocList>
<Loc EndOffset="372" SrcFileId="5" StartOffset="340"/>
</LocList>
<BasicStmnt CovItemId="S1" CovItemPrefix="csse376_puerto_rico.MenuGUI.java" Intrnl_Id="270">
<LocList>
<Loc EndOffset="372" SrcFileId="5" StartOffset="340"/>
</LocList>
</BasicStmnt>
</StmntSeq>
<HierarchyLvl HierarchyLvlId="814" HierarchyLvlTypeId="17" Intrnl_Id="271" Name="MenuGUI">
<Header>
<Loc EndOffset="459" SrcFileId="5" StartOffset="443"/>
</Header>
<LocList>
<Loc EndOffset="1542" SrcFileId="5" StartOffset="443"/>
</LocList>
<StmntSeq Intrnl_Id="272">
<LocList>
<Loc EndOffset="513" SrcFileId="5" StartOffset="474"/>
<Loc EndOffset="560" SrcFileId="5" StartOffset="526"/>
<Loc EndOffset="605" SrcFileId="5" StartOffset="573"/>
<Loc EndOffset="680" SrcFileId="5" StartOffset="618"/>
<Loc EndOffset="882" SrcFileId="5" StartOffset="851"/>
<Loc EndOffset="929" SrcFileId="5" StartOffset="895"/>
<Loc EndOffset="996" SrcFileId="5" StartOffset="955"/>
<Loc EndOffset="1055" SrcFileId="5" StartOffset="1009"/>
<Loc EndOffset="1117" SrcFileId="5" StartOffset="1081"/>
<Loc EndOffset="1185" SrcFileId="5" StartOffset="1143"/>
<Loc EndOffset="1260" SrcFileId="5" StartOffset="1198"/>
<Loc EndOffset="1308" SrcFileId="5" StartOffset="1273"/>
<Loc EndOffset="1359" SrcFileId="5" StartOffset="1334"/>
<Loc EndOffset="1394" SrcFileId="5" StartOffset="1372"/>
<Loc EndOffset="1469" SrcFileId="5" StartOffset="1420"/>
<Loc EndOffset="1534" SrcFileId="5" StartOffset="1482"/>
</LocList>
<BasicStmnt CovItemId="S2" CovItemPrefix="csse376_puerto_rico.MenuGUI.java" Intrnl_Id="273">
<LocList>
<Loc EndOffset="513" SrcFileId="5" StartOffset="474"/>
</LocList>
</BasicStmnt>
<BasicStmnt CovItemId="S3" CovItemPrefix="csse376_puerto_rico.MenuGUI.java" Intrnl_Id="274">
<LocList>
<Loc EndOffset="560" SrcFileId="5" StartOffset="526"/>
</LocList>
</BasicStmnt>
<BasicStmnt CovItemId="S4" CovItemPrefix="csse376_puerto_rico.MenuGUI.java" Intrnl_Id="275">
<LocList>
<Loc EndOffset="605" SrcFileId="5" StartOffset="573"/>
</LocList>
</BasicStmnt>
<BasicStmnt CovItemId="S5" CovItemPrefix="csse376_puerto_rico.MenuGUI.java" Intrnl_Id="276">
<LocList>
<Loc EndOffset="680" SrcFileId="5" StartOffset="618"/>
</LocList>
</BasicStmnt>
<BasicStmnt CovItemId="S6" CovItemPrefix="csse376_puerto_rico.MenuGUI.java" Intrnl_Id="277">
<LocList>
<Loc EndOffset="882" SrcFileId="5" StartOffset="851"/>
</LocList>
</BasicStmnt>
<BasicStmnt CovItemId="S7" CovItemPrefix="csse376_puerto_rico.MenuGUI.java" Intrnl_Id="278">
<LocList>
<Loc EndOffset="929" SrcFileId="5" StartOffset="895"/>
</LocList>
</BasicStmnt>
<BasicStmnt CovItemId="S8" CovItemPrefix="csse376_puerto_rico.MenuGUI.java" Intrnl_Id="279">
<LocList>
<Loc EndOffset="996" SrcFileId="5" StartOffset="955"/>
</LocList>
</BasicStmnt>
<BasicStmnt CovItemId="S9" CovItemPrefix="csse376_puerto_rico.MenuGUI.java" Intrnl_Id="280">
<LocList>
<Loc EndOffset="1055" SrcFileId="5" StartOffset="1009"/>
</LocList>
</BasicStmnt>
<BasicStmnt CovItemId="S10" CovItemPrefix="csse376_puerto_rico.MenuGUI.java" Intrnl_Id="281">
<LocList>
<Loc EndOffset="1117" SrcFileId="5" StartOffset="1081"/>
</LocList>
</BasicStmnt>
<BasicStmnt CovItemId="S11" CovItemPrefix="csse376_puerto_rico.MenuGUI.java" Intrnl_Id="282">
<LocList>
<Loc EndOffset="1185" SrcFileId="5" StartOffset="1143"/>
</LocList>
</BasicStmnt>
<BasicStmnt CovItemId="S12" CovItemPrefix="csse376_puerto_rico.MenuGUI.java" Intrnl_Id="283">
<LocList>
<Loc EndOffset="1260" SrcFileId="5" StartOffset="1198"/>
</LocList>
</BasicStmnt>
<BasicStmnt CovItemId="S13" CovItemPrefix="csse376_puerto_rico.MenuGUI.java" Intrnl_Id="284">
<LocList>
<Loc EndOffset="1308" SrcFileId="5" StartOffset="1273"/>
</LocList>
</BasicStmnt>
<BasicStmnt CovItemId="S14" CovItemPrefix="csse376_puerto_rico.MenuGUI.java" Intrnl_Id="285">
<LocList>
<Loc EndOffset="1359" SrcFileId="5" StartOffset="1334"/>
</LocList>
</BasicStmnt>
<BasicStmnt CovItemId="S15" CovItemPrefix="csse376_puerto_rico.MenuGUI.java" Intrnl_Id="286">
<LocList>
<Loc EndOffset="1394" SrcFileId="5" StartOffset="1372"/>
</LocList>
</BasicStmnt>
<BasicStmnt CovItemId="S16" CovItemPrefix="csse376_puerto_rico.MenuGUI.java" Intrnl_Id="287">
<LocList>
<Loc EndOffset="1469" SrcFileId="5" StartOffset="1420"/>
</LocList>
</BasicStmnt>
<BasicStmnt CovItemId="S17" CovItemPrefix="csse376_puerto_rico.MenuGUI.java" Intrnl_Id="288">
<LocList>
<Loc EndOffset="1534" SrcFileId="5" StartOffset="1482"/>
</LocList>
</BasicStmnt>
</StmntSeq>
</HierarchyLvl>
</HierarchyLvl>
<HierarchyLvl HierarchyLvlId="817" HierarchyLvlTypeId="16" Intrnl_Id="289" Name="Main">
<Header>
<Loc EndOffset="47" SrcFileId="6" StartOffset="30"/>
</Header>
<LocList>
<Loc EndOffset="149" SrcFileId="6" StartOffset="30"/>
</LocList>
<HierarchyLvl HierarchyLvlId="816" HierarchyLvlTypeId="17" Intrnl_Id="290" Name="main">
<Header>
<Loc EndOffset="125" SrcFileId="6" StartOffset="87"/>
</Header>
<LocList>
<Loc EndOffset="147" SrcFileId="6" StartOffset="87"/>
</LocList>
<StmntSeq Intrnl_Id="291">
<LocList>
<Loc EndOffset="144" SrcFileId="6" StartOffset="130"/>
</LocList>
<BasicStmnt CovItemId="S1" CovItemPrefix="csse376_puerto_rico.Main.java" Intrnl_Id="292">
<LocList>
<Loc EndOffset="144" SrcFileId="6" StartOffset="130"/>
</LocList>
</BasicStmnt>
</StmntSeq>
</HierarchyLvl>
</HierarchyLvl>
<HierarchyLvl HierarchyLvlId="821" HierarchyLvlTypeId="16" Intrnl_Id="293" Name="GoodsButton">
<Header>
<Loc EndOffset="264" SrcFileId="7" StartOffset="224"/>
</Header>
<LocList>
<Loc EndOffset="1005" SrcFileId="7" StartOffset="224"/>
</LocList>
<HierarchyLvl HierarchyLvlId="820" HierarchyLvlTypeId="17" Intrnl_Id="294" Name="GoodsButton">
<Header>
<Loc EndOffset="438" SrcFileId="7" StartOffset="389"/>
</Header>
<LocList>
<Loc EndOffset="1002" SrcFileId="7" StartOffset="389"/>
</LocList>
<StmntSeq Intrnl_Id="295">
<LocList>
<Loc EndOffset="458" SrcFileId="7" StartOffset="446"/>
<Loc EndOffset="479" SrcFileId="7" StartOffset="462"/>
<Loc EndOffset="502" SrcFileId="7" StartOffset="483"/>
<Loc EndOffset="528" SrcFileId="7" StartOffset="506"/>
<Loc EndOffset="552" SrcFileId="7" StartOffset="532"/>
<Loc EndOffset="579" SrcFileId="7" StartOffset="556"/>
<Loc EndOffset="959" SrcFileId="7" StartOffset="957"/>
<Loc EndOffset="998" SrcFileId="7" StartOffset="967"/>
</LocList>
<BasicStmnt CovItemId="S1" CovItemPrefix="csse376_puerto_rico.GoodsButton.java" Intrnl_Id="296">
<LocList>
<Loc EndOffset="458" SrcFileId="7" StartOffset="446"/>
</LocList>
</BasicStmnt>
<BasicStmnt CovItemId="S2" CovItemPrefix="csse376_puerto_rico.GoodsButton.java" Intrnl_Id="297">
<LocList>
<Loc EndOffset="479" SrcFileId="7" StartOffset="462"/>
</LocList>
</BasicStmnt>
<BasicStmnt CovItemId="S3" CovItemPrefix="csse376_puerto_rico.GoodsButton.java" Intrnl_Id="298">
<LocList>
<Loc EndOffset="502" SrcFileId="7" StartOffset="483"/>
</LocList>
</BasicStmnt>
<BasicStmnt CovItemId="S4" CovItemPrefix="csse376_puerto_rico.GoodsButton.java" Intrnl_Id="299">
<LocList>
<Loc EndOffset="528" SrcFileId="7" StartOffset="506"/>
</LocList>
</BasicStmnt>
<BasicStmnt CovItemId="S5" CovItemPrefix="csse376_puerto_rico.GoodsButton.java" Intrnl_Id="300">
<LocList>
<Loc EndOffset="552" SrcFileId="7" StartOffset="532"/>
</LocList>
</BasicStmnt>
<BasicStmnt CovItemId="S6" CovItemPrefix="csse376_puerto_rico.GoodsButton.java" Intrnl_Id="301">
<LocList>
<Loc EndOffset="579" SrcFileId="7" StartOffset="556"/>
<Loc EndOffset="959" SrcFileId="7" StartOffset="957"/>
</LocList>
</BasicStmnt>
<BasicStmnt CovItemId="S12" CovItemPrefix="csse376_puerto_rico.GoodsButton.java" Intrnl_Id="302">
<LocList>
<Loc EndOffset="998" SrcFileId="7" StartOffset="967"/>
</LocList>
</BasicStmnt>
</StmntSeq>
<HierarchyLvl HierarchyLvlId="819" HierarchyLvlTypeId="19" Intrnl_Id="303" Name="ActionListener">
<Header>
<Loc EndOffset="599" SrcFileId="7" StartOffset="583"/>
</Header>
<LocList>
<Loc EndOffset="957" SrcFileId="7" StartOffset="579"/>
</LocList>
<HierarchyLvl HierarchyLvlId="818" HierarchyLvlTypeId="17" Intrnl_Id="304" Name="actionPerformed">
<Header>
<Loc EndOffset="667" SrcFileId="7" StartOffset="611"/>
</Header>
<LocList>
<Loc EndOffset="952" SrcFileId="7" StartOffset="611"/>
</LocList>
<StmntSeq Intrnl_Id="305">
<LocList>
<Loc EndOffset="946" SrcFileId="7" StartOffset="686"/>
</LocList>
<LoopStmnt CovItemId="S7" CovItemPrefix="csse376_puerto_rico.GoodsButton.java" Intrnl_Id="306" MltplExecId="L1-2" MltplExecPrefix="csse376_puerto_rico.GoodsButton.java" NvrExecId="L1-0" NvrExecPrefix="csse376_puerto_rico.GoodsButton.java" OnceExecutedId="L1-1" OnceExecutedPrefix="csse376_puerto_rico.GoodsButton.java" OptBodyExec="true">
<StmntSeq Intrnl_Id="307">
<LocList>
<Loc EndOffset="758" SrcFileId="7" StartOffset="735"/>
<Loc EndOffset="842" SrcFileId="7" StartOffset="766"/>
<Loc EndOffset="887" SrcFileId="7" StartOffset="850"/>
<Loc EndOffset="938" SrcFileId="7" StartOffset="895"/>
</LocList>
<BasicStmnt CovItemId="S8" CovItemPrefix="csse376_puerto_rico.GoodsButton.java" Intrnl_Id="308">
<LocList>
<Loc EndOffset="758" SrcFileId="7" StartOffset="735"/>
</LocList>
</BasicStmnt>
<BasicStmnt CovItemId="S9" CovItemPrefix="csse376_puerto_rico.GoodsButton.java" Intrnl_Id="309">
<LocList>
<Loc EndOffset="842" SrcFileId="7" StartOffset="766"/>
</LocList>
</BasicStmnt>
<BasicStmnt CovItemId="S10" CovItemPrefix="csse376_puerto_rico.GoodsButton.java" Intrnl_Id="310">
<LocList>
<Loc EndOffset="887" SrcFileId="7" StartOffset="850"/>
</LocList>
</BasicStmnt>
<BasicStmnt CovItemId="S11" CovItemPrefix="csse376_puerto_rico.GoodsButton.java" Intrnl_Id="311">
<LocList>
<Loc EndOffset="938" SrcFileId="7" StartOffset="895"/>
</LocList>
</BasicStmnt>
</StmntSeq>
<Keyword EndOffset="689" SrcFileId="7" StartOffset="686"/>
<LocList>
<Loc EndOffset="946" SrcFileId="7" StartOffset="686"/>
</LocList>
<RootTerm CovItemId="C1" CovItemPrefix="csse376_puerto_rico.GoodsButton.java" Intrnl_Id="312">
<BasicBoolTerm Intrnl_Id="313">
<LocList>
<Loc EndOffset="714" SrcFileId="7" StartOffset="698"/>
</LocList>
</BasicBoolTerm>
</RootTerm>
</LoopStmnt>
</StmntSeq>
</HierarchyLvl>
</HierarchyLvl>
</HierarchyLvl>
</HierarchyLvl>
<HierarchyLvl HierarchyLvlId="832" HierarchyLvlTypeId="16" Intrnl_Id="314" Name="GameState">
<Header>
<Loc EndOffset="233" SrcFileId="8" StartOffset="211"/>
</Header>
<LocList>
<Loc EndOffset="4082" SrcFileId="8" StartOffset="211"/>
</LocList>
<StmntSeq Intrnl_Id="315">
<LocList>
<Loc EndOffset="312" SrcFileId="8" StartOffset="240"/>
<Loc EndOffset="401" SrcFileId="8" StartOffset="375"/>
<Loc EndOffset="462" SrcFileId="8" StartOffset="436"/>
<Loc EndOffset="523" SrcFileId="8" StartOffset="497"/>
<Loc EndOffset="596" SrcFileId="8" StartOffset="558"/>
<Loc EndOffset="721" SrcFileId="8" StartOffset="685"/>
</LocList>
<BasicStmnt CovItemId="S1" CovItemPrefix="csse376_puerto_rico.GameState.java" Intrnl_Id="316">
<LocList>
<Loc EndOffset="312" SrcFileId="8" StartOffset="240"/>
</LocList>
</BasicStmnt>
<BasicStmnt CovItemId="S2" CovItemPrefix="csse376_puerto_rico.GameState.java" Intrnl_Id="317">
<LocList>
<Loc EndOffset="401" SrcFileId="8" StartOffset="375"/>
</LocList>
</BasicStmnt>
<BasicStmnt CovItemId="S3" CovItemPrefix="csse376_puerto_rico.GameState.java" Intrnl_Id="318">
<LocList>
<Loc EndOffset="462" SrcFileId="8" StartOffset="436"/>
</LocList>
</BasicStmnt>
<BasicStmnt CovItemId="S4" CovItemPrefix="csse376_puerto_rico.GameState.java" Intrnl_Id="319">
<LocList>
<Loc EndOffset="523" SrcFileId="8" StartOffset="497"/>
</LocList>
</BasicStmnt>
<BasicStmnt CovItemId="S5" CovItemPrefix="csse376_puerto_rico.GameState.java" Intrnl_Id="320">
<LocList>
<Loc EndOffset="596" SrcFileId="8" StartOffset="558"/>
</LocList>
</BasicStmnt>
<BasicStmnt CovItemId="S6" CovItemPrefix="csse376_puerto_rico.GameState.java" Intrnl_Id="321">
<LocList>
<Loc EndOffset="721" SrcFileId="8" StartOffset="685"/>
</LocList>
</BasicStmnt>
</StmntSeq>
<HierarchyLvl HierarchyLvlId="822" HierarchyLvlTypeId="17" Intrnl_Id="322" Name="GameState">
<Header>
<Loc EndOffset="744" SrcFileId="8" StartOffset="726"/>
</Header>
<LocList>
<Loc EndOffset="1092" SrcFileId="8" StartOffset="726"/>
</LocList>
<StmntSeq Intrnl_Id="323">
<LocList>
<Loc EndOffset="824" SrcFileId="8" StartOffset="791"/>
<Loc EndOffset="859" SrcFileId="8" StartOffset="828"/>
<Loc EndOffset="896" SrcFileId="8" StartOffset="863"/>
<Loc EndOffset="932" SrcFileId="8" StartOffset="900"/>
<Loc EndOffset="970" SrcFileId="8" StartOffset="936"/>
<Loc EndOffset="1013" SrcFileId="8" StartOffset="994"/>
<Loc EndOffset="1038" SrcFileId="8" StartOffset="1017"/>
<Loc EndOffset="1086" SrcFileId="8" StartOffset="1072"/>
</LocList>
<BasicStmnt CovItemId="S7" CovItemPrefix="csse376_puerto_rico.GameState.java" Intrnl_Id="324">
<LocList>
<Loc EndOffset="824" SrcFileId="8" StartOffset="791"/>
</LocList>
</BasicStmnt>
<BasicStmnt CovItemId="S8" CovItemPrefix="csse376_puerto_rico.GameState.java" Intrnl_Id="325">
<LocList>
<Loc EndOffset="859" SrcFileId="8" StartOffset="828"/>
</LocList>
</BasicStmnt>
<BasicStmnt CovItemId="S9" CovItemPrefix="csse376_puerto_rico.GameState.java" Intrnl_Id="326">
<LocList>
<Loc EndOffset="896" SrcFileId="8" StartOffset="863"/>
</LocList>
</BasicStmnt>
<BasicStmnt CovItemId="S10" CovItemPrefix="csse376_puerto_rico.GameState.java" Intrnl_Id="327">
<LocList>
<Loc EndOffset="932" SrcFileId="8" StartOffset="900"/>
</LocList>
</BasicStmnt>
<BasicStmnt CovItemId="S11" CovItemPrefix="csse376_puerto_rico.GameState.java" Intrnl_Id="328">
<LocList>
<Loc EndOffset="970" SrcFileId="8" StartOffset="936"/>
</LocList>
</BasicStmnt>
<BasicStmnt CovItemId="S12" CovItemPrefix="csse376_puerto_rico.GameState.java" Intrnl_Id="329">
<LocList>
<Loc EndOffset="1013" SrcFileId="8" StartOffset="994"/>
</LocList>
</BasicStmnt>
<BasicStmnt CovItemId="S13" CovItemPrefix="csse376_puerto_rico.GameState.java" Intrnl_Id="330">
<LocList>
<Loc EndOffset="1038" SrcFileId="8" StartOffset="1017"/>
</LocList>
</BasicStmnt>
<BasicStmnt CovItemId="S14" CovItemPrefix="csse376_puerto_rico.GameState.java" Intrnl_Id="331">
<LocList>
<Loc EndOffset="1086" SrcFileId="8" StartOffset="1072"/>
</LocList>
</BasicStmnt>
</StmntSeq>
</HierarchyLvl>
<HierarchyLvl HierarchyLvlId="823" HierarchyLvlTypeId="17" Intrnl_Id="332" Name="GameState">
<Header>
<Loc EndOffset="1136" SrcFileId="8" StartOffset="1097"/>
</Header>
<LocList>
<Loc EndOffset="1719" SrcFileId="8" StartOffset="1097"/>
</LocList>
<StmntSeq Intrnl_Id="333">
<LocList>
<Loc EndOffset="1224" SrcFileId="8" StartOffset="1191"/>
<Loc EndOffset="1259" SrcFileId="8" StartOffset="1228"/>
<Loc EndOffset="1296" SrcFileId="8" StartOffset="1263"/>
<Loc EndOffset="1332" SrcFileId="8" StartOffset="1300"/>
<Loc EndOffset="1370" SrcFileId="8" StartOffset="1336"/>
<Loc EndOffset="1416" SrcFileId="8" StartOffset="1392"/>
<Loc EndOffset="1451" SrcFileId="8" StartOffset="1420"/>
<Loc EndOffset="1487" SrcFileId="8" StartOffset="1455"/>
<Loc EndOffset="1665" SrcFileId="8" StartOffset="1491"/>
<Loc EndOffset="1713" SrcFileId="8" StartOffset="1699"/>
</LocList>
<BasicStmnt CovItemId="S15" CovItemPrefix="csse376_puerto_rico.GameState.java" Intrnl_Id="334">
<LocList>
<Loc EndOffset="1224" SrcFileId="8" StartOffset="1191"/>
</LocList>
</BasicStmnt>
<BasicStmnt CovItemId="S16" CovItemPrefix="csse376_puerto_rico.GameState.java" Intrnl_Id="335">
<LocList>
<Loc EndOffset="1259" SrcFileId="8" StartOffset="1228"/>
</LocList>
</BasicStmnt>
<BasicStmnt CovItemId="S17" CovItemPrefix="csse376_puerto_rico.GameState.java" Intrnl_Id="336">
<LocList>
<Loc EndOffset="1296" SrcFileId="8" StartOffset="1263"/>
</LocList>
</BasicStmnt>
<BasicStmnt CovItemId="S18" CovItemPrefix="csse376_puerto_rico.GameState.java" Intrnl_Id="337">
<LocList>
<Loc EndOffset="1332" SrcFileId="8" StartOffset="1300"/>
</LocList>
</BasicStmnt>
<BasicStmnt CovItemId="S19" CovItemPrefix="csse376_puerto_rico.GameState.java" Intrnl_Id="338">
<LocList>
<Loc EndOffset="1370" SrcFileId="8" StartOffset="1336"/>
</LocList>
</BasicStmnt>
<BasicStmnt CovItemId="S20" CovItemPrefix="csse376_puerto_rico.GameState.java" Intrnl_Id="339">
<LocList>
<Loc EndOffset="1416" SrcFileId="8" StartOffset="1392"/>
</LocList>
</BasicStmnt>
<BasicStmnt CovItemId="S21" CovItemPrefix="csse376_puerto_rico.GameState.java" Intrnl_Id="340">
<LocList>
<Loc EndOffset="1451" SrcFileId="8" StartOffset="1420"/>
</LocList>
</BasicStmnt>
<BasicStmnt CovItemId="S22" CovItemPrefix="csse376_puerto_rico.GameState.java" Intrnl_Id="341">
<LocList>
<Loc EndOffset="1487" SrcFileId="8" StartOffset="1455"/>
</LocList>
</BasicStmnt>
<CondStmnt CovItemId="S23" CovItemPrefix="csse376_puerto_rico.GameState.java" Intrnl_Id="342">
<Branch CovItemId="B1" CovItemPrefix="csse376_puerto_rico.GameState.java" Implct="false" Intrnl_Id="343">
<Cond/>
<LocList>
<Loc EndOffset="1545" SrcFileId="8" StartOffset="1514"/>
</LocList>
<StmntSeq Intrnl_Id="344">
<LocList>
<Loc EndOffset="1540" SrcFileId="8" StartOffset="1520"/>
</LocList>
<BasicStmnt CovItemId="S24" CovItemPrefix="csse376_puerto_rico.GameState.java" Intrnl_Id="345">
<LocList>
<Loc EndOffset="1540" SrcFileId="8" StartOffset="1520"/>
</LocList>
</BasicStmnt>
</StmntSeq>
</Branch>
<Branch CovItemId="B2" CovItemPrefix="csse376_puerto_rico.GameState.java" Implct="false" Intrnl_Id="346">
<Cond>
<Loc EndOffset="1550" SrcFileId="8" StartOffset="1546"/>
</Cond>
<LocList>
<Loc EndOffset="1665" SrcFileId="8" StartOffset="1551"/>
</LocList>
<StmntSeq Intrnl_Id="347">
<LocList>
<Loc EndOffset="1665" SrcFileId="8" StartOffset="1551"/>
</LocList>
<CondStmnt CovItemId="S25" CovItemPrefix="csse376_puerto_rico.GameState.java" Intrnl_Id="348">
<Branch CovItemId="B3" CovItemPrefix="csse376_puerto_rico.GameState.java" Implct="false" Intrnl_Id="349">
<Cond/>
<LocList>
<Loc EndOffset="1605" SrcFileId="8" StartOffset="1574"/>
</LocList>
<StmntSeq Intrnl_Id="350">
<LocList>
<Loc EndOffset="1600" SrcFileId="8" StartOffset="1580"/>
</LocList>
<BasicStmnt CovItemId="S26" CovItemPrefix="csse376_puerto_rico.GameState.java" Intrnl_Id="351">
<LocList>
<Loc EndOffset="1600" SrcFileId="8" StartOffset="1580"/>
</LocList>
</BasicStmnt>
</StmntSeq>
</Branch>
<Branch CovItemId="B4" CovItemPrefix="csse376_puerto_rico.GameState.java" Implct="false" Intrnl_Id="352">
<Cond>
<Loc EndOffset="1610" SrcFileId="8" StartOffset="1606"/>
</Cond>
<LocList>
<Loc EndOffset="1665" SrcFileId="8" StartOffset="1611"/>
</LocList>
<StmntSeq Intrnl_Id="353">
<LocList>
<Loc EndOffset="1665" SrcFileId="8" StartOffset="1611"/>
</LocList>
<CondStmnt CovItemId="S27" CovItemPrefix="csse376_puerto_rico.GameState.java" Intrnl_Id="354">
<Branch CovItemId="B5" CovItemPrefix="csse376_puerto_rico.GameState.java" Implct="false" Intrnl_Id="355">
<Cond/>
<LocList>
<Loc EndOffset="1665" SrcFileId="8" StartOffset="1634"/>
</LocList>
<StmntSeq Intrnl_Id="356">
<LocList>
<Loc EndOffset="1660" SrcFileId="8" StartOffset="1640"/>
</LocList>
<BasicStmnt CovItemId="S28" CovItemPrefix="csse376_puerto_rico.GameState.java" Intrnl_Id="357">
<LocList>
<Loc EndOffset="1660" SrcFileId="8" StartOffset="1640"/>
</LocList>
</BasicStmnt>
</StmntSeq>
</Branch>
<Branch CovItemId="B6" CovItemPrefix="csse376_puerto_rico.GameState.java" Implct="true" Intrnl_Id="358">
<Cond/>
<LocList/>
<StmntSeq Intrnl_Id="359">
<LocList/>
</StmntSeq>
</Branch>
<Keyword EndOffset="1613" SrcFileId="8" StartOffset="1611"/>
<LocList>
<Loc EndOffset="1665" SrcFileId="8" StartOffset="1611"/>
</LocList>
<RootTerm CovItemId="C3" CovItemPrefix="csse376_puerto_rico.GameState.java" Intrnl_Id="360">
<BasicBoolTerm Intrnl_Id="361">
<LocList>
<Loc EndOffset="1632" SrcFileId="8" StartOffset="1615"/>
</LocList>
</BasicBoolTerm>
</RootTerm>
</CondStmnt>
</StmntSeq>
</Branch>
<Keyword EndOffset="1553" SrcFileId="8" StartOffset="1551"/>
<LocList>
<Loc EndOffset="1665" SrcFileId="8" StartOffset="1551"/>
</LocList>
<RootTerm CovItemId="C2" CovItemPrefix="csse376_puerto_rico.GameState.java" Intrnl_Id="362">
<BasicBoolTerm Intrnl_Id="363">
<LocList>
<Loc EndOffset="1572" SrcFileId="8" StartOffset="1555"/>
</LocList>
</BasicBoolTerm>
</RootTerm>
</CondStmnt>
</StmntSeq>
</Branch>
<Keyword EndOffset="1493" SrcFileId="8" StartOffset="1491"/>
<LocList>
<Loc EndOffset="1665" SrcFileId="8" StartOffset="1491"/>
</LocList>
<RootTerm CovItemId="C1" CovItemPrefix="csse376_puerto_rico.GameState.java" Intrnl_Id="364">
<BasicBoolTerm Intrnl_Id="365">
<LocList>
<Loc EndOffset="1512" SrcFileId="8" StartOffset="1495"/>
</LocList>
</BasicBoolTerm>
</RootTerm>
</CondStmnt>
<BasicStmnt CovItemId="S29" CovItemPrefix="csse376_puerto_rico.GameState.java" Intrnl_Id="366">
<LocList>
<Loc EndOffset="1713" SrcFileId="8" StartOffset="1699"/>
</LocList>
</BasicStmnt>
</StmntSeq>
</HierarchyLvl>
<HierarchyLvl HierarchyLvlId="824" HierarchyLvlTypeId="17" Intrnl_Id="367" Name="getGood">
<Header>
<Loc EndOffset="1755" SrcFileId="8" StartOffset="1724"/>
</Header>
<LocList>
<Loc EndOffset="1790" SrcFileId="8" StartOffset="1724"/>
</LocList>
<StmntSeq Intrnl_Id="368">
<LocList>
<Loc EndOffset="1786" SrcFileId="8" StartOffset="1763"/>
</LocList>
<BasicStmnt CovItemId="S30" CovItemPrefix="csse376_puerto_rico.GameState.java" Intrnl_Id="369">
<LocList>
<Loc EndOffset="1786" SrcFileId="8" StartOffset="1763"/>
</LocList>
</BasicStmnt>
</StmntSeq>
</HierarchyLvl>
<HierarchyLvl HierarchyLvlId="825" HierarchyLvlTypeId="17" Intrnl_Id="370" Name="addGood">
<Header>
<Loc EndOffset="1827" SrcFileId="8" StartOffset="1795"/>
</Header>
<LocList>
<Loc EndOffset="1876" SrcFileId="8" StartOffset="1795"/>
</LocList>
<StmntSeq Intrnl_Id="371">
<LocList>
<Loc EndOffset="1872" SrcFileId="8" StartOffset="1835"/>
</LocList>
<BasicStmnt CovItemId="S31" CovItemPrefix="csse376_puerto_rico.GameState.java" Intrnl_Id="372">
<LocList>
<Loc EndOffset="1872" SrcFileId="8" StartOffset="1835"/>
</LocList>
</BasicStmnt>
</StmntSeq>
</HierarchyLvl>
<HierarchyLvl HierarchyLvlId="826" HierarchyLvlTypeId="17" Intrnl_Id="373" Name="getColonistsOnBoard">
<Header>
<Loc EndOffset="1913" SrcFileId="8" StartOffset="1881"/>
</Header>
<LocList>
<Loc EndOffset="1953" SrcFileId="8" StartOffset="1881"/>
</LocList>
<StmntSeq Intrnl_Id="374">
<LocList>
<Loc EndOffset="1949" SrcFileId="8" StartOffset="1925"/>
</LocList>
<BasicStmnt CovItemId="S32" CovItemPrefix="csse376_puerto_rico.GameState.java" Intrnl_Id="375">
<LocList>
<Loc EndOffset="1949" SrcFileId="8" StartOffset="1925"/>
</LocList>
</BasicStmnt>
</StmntSeq>
</HierarchyLvl>
<HierarchyLvl HierarchyLvlId="827" HierarchyLvlTypeId="17" Intrnl_Id="376" Name="getColonistsTotal">
<Header>
<Loc EndOffset="1988" SrcFileId="8" StartOffset="1958"/>
</Header>
<LocList>
<Loc EndOffset="2026" SrcFileId="8" StartOffset="1958"/>
</LocList>
<StmntSeq Intrnl_Id="377">
<LocList>
<Loc EndOffset="2022" SrcFileId="8" StartOffset="2000"/>
</LocList>
<BasicStmnt CovItemId="S33" CovItemPrefix="csse376_puerto_rico.GameState.java" Intrnl_Id="378">
<LocList>
<Loc EndOffset="2022" SrcFileId="8" StartOffset="2000"/>
</LocList>
</BasicStmnt>
</StmntSeq>
</HierarchyLvl>
<HierarchyLvl HierarchyLvlId="828" HierarchyLvlTypeId="17" Intrnl_Id="379" Name="addColonistsToBoard">
<Header>
<Loc EndOffset="2064" SrcFileId="8" StartOffset="2031"/>
</Header>
<LocList>
<Loc EndOffset="2848" SrcFileId="8" StartOffset="2031"/>
</LocList>
<StmntSeq Intrnl_Id="380">
<LocList>
<Loc EndOffset="2483" SrcFileId="8" StartOffset="2470"/>
<Loc EndOffset="2731" SrcFileId="8" StartOffset="2487"/>
<Loc EndOffset="2844" SrcFileId="8" StartOffset="2735"/>
</LocList>
<BasicStmnt CovItemId="S34" CovItemPrefix="csse376_puerto_rico.GameState.java" Intrnl_Id="381">
<LocList>
<Loc EndOffset="2483" SrcFileId="8" StartOffset="2470"/>
</LocList>
</BasicStmnt>
<LoopStmnt CovItemId="S35" CovItemPrefix="csse376_puerto_rico.GameState.java" Intrnl_Id="382" MltplExecId="L1-2" MltplExecPrefix="csse376_puerto_rico.GameState.java" NvrExecId="L1-0" NvrExecPrefix="csse376_puerto_rico.GameState.java" OnceExecutedId="L1-1" OnceExecutedPrefix="csse376_puerto_rico.GameState.java" OptBodyExec="true">
<StmntSeq Intrnl_Id="383">
<LocList>
<Loc EndOffset="2620" SrcFileId="8" StartOffset="2523"/>
<Loc EndOffset="2726" SrcFileId="8" StartOffset="2625"/>
</LocList>
<LoopStmnt CovItemId="S36" CovItemPrefix="csse376_puerto_rico.GameState.java" Intrnl_Id="384" MltplExecId="L2-2" MltplExecPrefix="csse376_puerto_rico.GameState.java" NvrExecId="L2-0" NvrExecPrefix="csse376_puerto_rico.GameState.java" OnceExecutedId="L2-1" OnceExecutedPrefix="csse376_puerto_rico.GameState.java" OptBodyExec="true">
<StmntSeq Intrnl_Id="385">
<LocList>
<Loc EndOffset="2614" SrcFileId="8" StartOffset="2571"/>
</LocList>
<BasicStmnt CovItemId="S37" CovItemPrefix="csse376_puerto_rico.GameState.java" Intrnl_Id="386">
<LocList>
<Loc EndOffset="2614" SrcFileId="8" StartOffset="2571"/>
</LocList>
</BasicStmnt>
</StmntSeq>
<Keyword EndOffset="2526" SrcFileId="8" StartOffset="2523"/>
<LocList>
<Loc EndOffset="2620" SrcFileId="8" StartOffset="2523"/>
</LocList>
</LoopStmnt>
<LoopStmnt CovItemId="S38" CovItemPrefix="csse376_puerto_rico.GameState.java" Intrnl_Id="387" MltplExecId="L3-2" MltplExecPrefix="csse376_puerto_rico.GameState.java" NvrExecId="L3-0" NvrExecPrefix="csse376_puerto_rico.GameState.java" OnceExecutedId="L3-1" OnceExecutedPrefix="csse376_puerto_rico.GameState.java" OptBodyExec="true">
<StmntSeq Intrnl_Id="388">
<LocList>
<Loc EndOffset="2720" SrcFileId="8" StartOffset="2677"/>
</LocList>
<CondStmnt CovItemId="S39" CovItemPrefix="csse376_puerto_rico.GameState.java" Intrnl_Id="389">
<Branch CovItemId="B7" CovItemPrefix="csse376_puerto_rico.GameState.java" Implct="false" Intrnl_Id="390">
<Cond/>
<LocList>
<Loc EndOffset="2720" SrcFileId="8" StartOffset="2695"/>
</LocList>
<StmntSeq Intrnl_Id="391">
<LocList>
<Loc EndOffset="2713" SrcFileId="8" StartOffset="2703"/>
</LocList>
<BasicStmnt CovItemId="S40" CovItemPrefix="csse376_puerto_rico.GameState.java" Intrnl_Id="392">
<LocList>
<Loc EndOffset="2713" SrcFileId="8" StartOffset="2703"/>
</LocList>
</BasicStmnt>
</StmntSeq>
</Branch>
<Branch CovItemId="B8" CovItemPrefix="csse376_puerto_rico.GameState.java" Implct="true" Intrnl_Id="393">
<Cond/>
<LocList/>
<StmntSeq Intrnl_Id="394">
<LocList/>
</StmntSeq>
</Branch>
<Keyword EndOffset="2679" SrcFileId="8" StartOffset="2677"/>
<LocList>
<Loc EndOffset="2720" SrcFileId="8" StartOffset="2677"/>
</LocList>
<RootTerm CovItemId="C4" CovItemPrefix="csse376_puerto_rico.GameState.java" Intrnl_Id="395">
<OpTerm BooleanOpId="12" Intrnl_Id="396">
<BasicBoolTerm Intrnl_Id="397">
<LocList>
<Loc EndOffset="2693" SrcFileId="8" StartOffset="2682"/>
</LocList>
</BasicBoolTerm>
<LocList>
<Loc EndOffset="2682" SrcFileId="8" StartOffset="2681"/>
</LocList>
</OpTerm>
</RootTerm>
</CondStmnt>
</StmntSeq>
<Keyword EndOffset="2628" SrcFileId="8" StartOffset="2625"/>
<LocList>
<Loc EndOffset="2726" SrcFileId="8" StartOffset="2625"/>
</LocList>
</LoopStmnt>
</StmntSeq>
<Keyword EndOffset="2490" SrcFileId="8" StartOffset="2487"/>
<LocList>
<Loc EndOffset="2731" SrcFileId="8" StartOffset="2487"/>
</LocList>
</LoopStmnt>
<CondStmnt CovItemId="S41" CovItemPrefix="csse376_puerto_rico.GameState.java" Intrnl_Id="398">
<Branch CovItemId="B9" CovItemPrefix="csse376_puerto_rico.GameState.java" Implct="false" Intrnl_Id="399">
<Cond/>
<LocList>
<Loc EndOffset="2803" SrcFileId="8" StartOffset="2760"/>
</LocList>
<StmntSeq Intrnl_Id="400">
<LocList>
<Loc EndOffset="2798" SrcFileId="8" StartOffset="2766"/>
</LocList>
<BasicStmnt CovItemId="S42" CovItemPrefix="csse376_puerto_rico.GameState.java" Intrnl_Id="401">
<LocList>
<Loc EndOffset="2798" SrcFileId="8" StartOffset="2766"/>
</LocList>
</BasicStmnt>
</StmntSeq>
</Branch>
<Branch CovItemId="B10" CovItemPrefix="csse376_puerto_rico.GameState.java" Implct="false" Intrnl_Id="402">
<Cond>
<Loc EndOffset="2808" SrcFileId="8" StartOffset="2804"/>
</Cond>
<LocList>
<Loc EndOffset="2844" SrcFileId="8" StartOffset="2809"/>
</LocList>
<StmntSeq Intrnl_Id="403">
<LocList>
<Loc EndOffset="2839" SrcFileId="8" StartOffset="2815"/>
</LocList>
<BasicStmnt CovItemId="S43" CovItemPrefix="csse376_puerto_rico.GameState.java" Intrnl_Id="404">
<LocList>
<Loc EndOffset="2839" SrcFileId="8" StartOffset="2815"/>
</LocList>
</BasicStmnt>
</StmntSeq>
</Branch>
<Keyword EndOffset="2737" SrcFileId="8" StartOffset="2735"/>
<LocList>
<Loc EndOffset="2844" SrcFileId="8" StartOffset="2735"/>
</LocList>
<RootTerm CovItemId="C5" CovItemPrefix="csse376_puerto_rico.GameState.java" Intrnl_Id="405">
<BasicBoolTerm Intrnl_Id="406">
<LocList>
<Loc EndOffset="2758" SrcFileId="8" StartOffset="2739"/>
</LocList>
</BasicBoolTerm>
</RootTerm>
</CondStmnt>
</StmntSeq>
</HierarchyLvl>
<HierarchyLvl HierarchyLvlId="829" HierarchyLvlTypeId="17" Intrnl_Id="407" Name="addGoodToCargoShip">
<Header>
<Loc EndOffset="3112" SrcFileId="8" StartOffset="3044"/>
</Header>
<LocList>
<Loc EndOffset="3759" SrcFileId="8" StartOffset="3044"/>
</LocList>
<StmntSeq Intrnl_Id="408">
<LocList>
<Loc EndOffset="3135" SrcFileId="8" StartOffset="3118"/>
<Loc EndOffset="3735" SrcFileId="8" StartOffset="3139"/>
<Loc EndOffset="3755" SrcFileId="8" StartOffset="3739"/>
</LocList>
<BasicStmnt CovItemId="S44" CovItemPrefix="csse376_puerto_rico.GameState.java" Intrnl_Id="409">
<LocList>
<Loc EndOffset="3135" SrcFileId="8" StartOffset="3118"/>
</LocList>
</BasicStmnt>
<CondStmnt CovItemId="S45" CovItemPrefix="csse376_puerto_rico.GameState.java" Intrnl_Id="410">
<Branch CovItemId="B11" CovItemPrefix="csse376_puerto_rico.GameState.java" Implct="false" Intrnl_Id="411">
<Cond>
<Loc EndOffset="3167" SrcFileId="8" StartOffset="3161"/>
</Cond>
<LocList>
<Loc EndOffset="3341" SrcFileId="8" StartOffset="3173"/>
</LocList>
<StmntSeq Intrnl_Id="412">
<LocList>
<Loc EndOffset="3330" SrcFileId="8" StartOffset="3173"/>
<Loc EndOffset="3341" SrcFileId="8" StartOffset="3335"/>
</LocList>
<CondStmnt CovItemId="S46" CovItemPrefix="csse376_puerto_rico.GameState.java" Intrnl_Id="413">
<Branch CovItemId="B12" CovItemPrefix="csse376_puerto_rico.GameState.java" Implct="false" Intrnl_Id="414">
<Cond/>
<LocList>
<Loc EndOffset="3294" SrcFileId="8" StartOffset="3245"/>
</LocList>
<StmntSeq Intrnl_Id="415">
<LocList>
<Loc EndOffset="3288" SrcFileId="8" StartOffset="3252"/>
</LocList>
<BasicStmnt CovItemId="S47" CovItemPrefix="csse376_puerto_rico.GameState.java" Intrnl_Id="416">
<LocList>
<Loc EndOffset="3288" SrcFileId="8" StartOffset="3252"/>
</LocList>
</BasicStmnt>
</StmntSeq>
</Branch>
<Branch CovItemId="B13" CovItemPrefix="csse376_puerto_rico.GameState.java" Implct="false" Intrnl_Id="417">
<Cond>
<Loc EndOffset="3299" SrcFileId="8" StartOffset="3295"/>
</Cond>
<LocList>
<Loc EndOffset="3330" SrcFileId="8" StartOffset="3300"/>
</LocList>
<StmntSeq Intrnl_Id="418">
<LocList>
<Loc EndOffset="3324" SrcFileId="8" StartOffset="3307"/>
</LocList>
<BasicStmnt CovItemId="S48" CovItemPrefix="csse376_puerto_rico.GameState.java" Intrnl_Id="419">
<LocList>
<Loc EndOffset="3324" SrcFileId="8" StartOffset="3307"/>
</LocList>
</BasicStmnt>
</StmntSeq>
</Branch>
<Keyword EndOffset="3175" SrcFileId="8" StartOffset="3173"/>
<LocList>
<Loc EndOffset="3330" SrcFileId="8" StartOffset="3173"/>
</LocList>
<RootTerm CovItemId="C6" CovItemPrefix="csse376_puerto_rico.GameState.java" Intrnl_Id="420">
<OpTerm BooleanOpId="14" Intrnl_Id="421">
<BasicBoolTerm Intrnl_Id="422">
<LocList>
<Loc EndOffset="3192" SrcFileId="8" StartOffset="3177"/>
</LocList>
</BasicBoolTerm>
<OpTerm BooleanOpId="13" Intrnl_Id="423">
<BasicBoolTerm Intrnl_Id="424">
<LocList>
<Loc EndOffset="3211" SrcFileId="8" StartOffset="3197"/>
</LocList>
</BasicBoolTerm>
<BasicBoolTerm Intrnl_Id="425">
<LocList>
<Loc EndOffset="3242" SrcFileId="8" StartOffset="3215"/>
</LocList>
</BasicBoolTerm>
<LocList>
<Loc EndOffset="3214" SrcFileId="8" StartOffset="3212"/>
</LocList>
</OpTerm>
<LocList>
<Loc EndOffset="3195" SrcFileId="8" StartOffset="3193"/>
</LocList>
</OpTerm>
</RootTerm>
</CondStmnt>
<BasicStmnt CovItemId="S49" CovItemPrefix="csse376_puerto_rico.GameState.java" Intrnl_Id="426">
<LocList>
<Loc EndOffset="3341" SrcFileId="8" StartOffset="3335"/>
</LocList>
</BasicStmnt>
</StmntSeq>
</Branch>
<Branch CovItemId="B14" CovItemPrefix="csse376_puerto_rico.GameState.java" Implct="false" Intrnl_Id="427">
<Cond>
<Loc EndOffset="3351" SrcFileId="8" StartOffset="3345"/>
</Cond>
<LocList>
<Loc EndOffset="3524" SrcFileId="8" StartOffset="3357"/>
</LocList>
<StmntSeq Intrnl_Id="428">
<LocList>
<Loc EndOffset="3513" SrcFileId="8" StartOffset="3357"/>
<Loc EndOffset="3524" SrcFileId="8" StartOffset="3518"/>
</LocList>
<CondStmnt CovItemId="S50" CovItemPrefix="csse376_puerto_rico.GameState.java" Intrnl_Id="429">
<Branch CovItemId="B15" CovItemPrefix="csse376_puerto_rico.GameState.java" Implct="false" Intrnl_Id="430">
<Cond/>
<LocList>
<Loc EndOffset="3477" SrcFileId="8" StartOffset="3428"/>
</LocList>
<StmntSeq Intrnl_Id="431">
<LocList>
<Loc EndOffset="3471" SrcFileId="8" StartOffset="3435"/>
</LocList>
<BasicStmnt CovItemId="S51" CovItemPrefix="csse376_puerto_rico.GameState.java" Intrnl_Id="432">
<LocList>
<Loc EndOffset="3471" SrcFileId="8" StartOffset="3435"/>
</LocList>
</BasicStmnt>
</StmntSeq>
</Branch>
<Branch CovItemId="B16" CovItemPrefix="csse376_puerto_rico.GameState.java" Implct="false" Intrnl_Id="433">
<Cond>
<Loc EndOffset="3482" SrcFileId="8" StartOffset="3478"/>
</Cond>
<LocList>
<Loc EndOffset="3513" SrcFileId="8" StartOffset="3483"/>
</LocList>
<StmntSeq Intrnl_Id="434">
<LocList>
<Loc EndOffset="3507" SrcFileId="8" StartOffset="3490"/>
</LocList>
<BasicStmnt CovItemId="S52" CovItemPrefix="csse376_puerto_rico.GameState.java" Intrnl_Id="435">
<LocList>
<Loc EndOffset="3507" SrcFileId="8" StartOffset="3490"/>
</LocList>
</BasicStmnt>
</StmntSeq>
</Branch>
<Keyword EndOffset="3359" SrcFileId="8" StartOffset="3357"/>
<LocList>
<Loc EndOffset="3513" SrcFileId="8" StartOffset="3357"/>
</LocList>
<RootTerm CovItemId="C7" CovItemPrefix="csse376_puerto_rico.GameState.java" Intrnl_Id="436">
<OpTerm BooleanOpId="14" Intrnl_Id="437">
<BasicBoolTerm Intrnl_Id="438">
<LocList>
<Loc EndOffset="3376" SrcFileId="8" StartOffset="3361"/>
</LocList>
</BasicBoolTerm>
<OpTerm BooleanOpId="13" Intrnl_Id="439">
<BasicBoolTerm Intrnl_Id="440">
<LocList>
<Loc EndOffset="3394" SrcFileId="8" StartOffset="3380"/>
</LocList>
</BasicBoolTerm>
<BasicBoolTerm Intrnl_Id="441">
<LocList>
<Loc EndOffset="3425" SrcFileId="8" StartOffset="3398"/>
</LocList>
</BasicBoolTerm>
<LocList>
<Loc EndOffset="3397" SrcFileId="8" StartOffset="3395"/>
</LocList>
</OpTerm>
<LocList>
<Loc EndOffset="3379" SrcFileId="8" StartOffset="3377"/>
</LocList>
</OpTerm>
</RootTerm>
</CondStmnt>
<BasicStmnt CovItemId="S53" CovItemPrefix="csse376_puerto_rico.GameState.java" Intrnl_Id="442">
<LocList>
<Loc EndOffset="3524" SrcFileId="8" StartOffset="3518"/>
</LocList>
</BasicStmnt>
</StmntSeq>
</Branch>
<Branch CovItemId="B17" CovItemPrefix="csse376_puerto_rico.GameState.java" Implct="false" Intrnl_Id="443">
<Cond>
<Loc EndOffset="3534" SrcFileId="8" StartOffset="3528"/>
</Cond>
<LocList>
<Loc EndOffset="3707" SrcFileId="8" StartOffset="3540"/>
</LocList>
<StmntSeq Intrnl_Id="444">
<LocList>
<Loc EndOffset="3696" SrcFileId="8" StartOffset="3540"/>
<Loc EndOffset="3707" SrcFileId="8" StartOffset="3701"/>
</LocList>
<CondStmnt CovItemId="S54" CovItemPrefix="csse376_puerto_rico.GameState.java" Intrnl_Id="445">
<Branch CovItemId="B18" CovItemPrefix="csse376_puerto_rico.GameState.java" Implct="false" Intrnl_Id="446">
<Cond/>
<LocList>
<Loc EndOffset="3660" SrcFileId="8" StartOffset="3611"/>
</LocList>
<StmntSeq Intrnl_Id="447">
<LocList>
<Loc EndOffset="3654" SrcFileId="8" StartOffset="3618"/>
</LocList>
<BasicStmnt CovItemId="S55" CovItemPrefix="csse376_puerto_rico.GameState.java" Intrnl_Id="448">
<LocList>
<Loc EndOffset="3654" SrcFileId="8" StartOffset="3618"/>
</LocList>
</BasicStmnt>
</StmntSeq>
</Branch>
<Branch CovItemId="B19" CovItemPrefix="csse376_puerto_rico.GameState.java" Implct="false" Intrnl_Id="449">
<Cond>
<Loc EndOffset="3665" SrcFileId="8" StartOffset="3661"/>
</Cond>
<LocList>
<Loc EndOffset="3696" SrcFileId="8" StartOffset="3666"/>
</LocList>
<StmntSeq Intrnl_Id="450">
<LocList>
<Loc EndOffset="3690" SrcFileId="8" StartOffset="3673"/>
</LocList>
<BasicStmnt CovItemId="S56" CovItemPrefix="csse376_puerto_rico.GameState.java" Intrnl_Id="451">
<LocList>
<Loc EndOffset="3690" SrcFileId="8" StartOffset="3673"/>
</LocList>
</BasicStmnt>
</StmntSeq>
</Branch>
<Keyword EndOffset="3542" SrcFileId="8" StartOffset="3540"/>
<LocList>
<Loc EndOffset="3696" SrcFileId="8" StartOffset="3540"/>
</LocList>
<RootTerm CovItemId="C8" CovItemPrefix="csse376_puerto_rico.GameState.java" Intrnl_Id="452">
<OpTerm BooleanOpId="14" Intrnl_Id="453">
<BasicBoolTerm Intrnl_Id="454">
<LocList>
<Loc EndOffset="3559" SrcFileId="8" StartOffset="3544"/>
</LocList>
</BasicBoolTerm>
<OpTerm BooleanOpId="13" Intrnl_Id="455">
<BasicBoolTerm Intrnl_Id="456">
<LocList>
<Loc EndOffset="3577" SrcFileId="8" StartOffset="3563"/>
</LocList>
</BasicBoolTerm>
<BasicBoolTerm Intrnl_Id="457">
<LocList>
<Loc EndOffset="3608" SrcFileId="8" StartOffset="3581"/>
</LocList>
</BasicBoolTerm>
<LocList>
<Loc EndOffset="3580" SrcFileId="8" StartOffset="3578"/>
</LocList>
</OpTerm>
<LocList>
<Loc EndOffset="3562" SrcFileId="8" StartOffset="3560"/>
</LocList>
</OpTerm>
</RootTerm>
</CondStmnt>
<BasicStmnt CovItemId="S57" CovItemPrefix="csse376_puerto_rico.GameState.java" Intrnl_Id="458">
<LocList>
<Loc EndOffset="3707" SrcFileId="8" StartOffset="3701"/>
</LocList>
</BasicStmnt>
</StmntSeq>
</Branch>
<Branch CovItemId="B20" CovItemPrefix="csse376_puerto_rico.GameState.java" Implct="false" Intrnl_Id="459">
<Cond>
<Loc EndOffset="3718" SrcFileId="8" StartOffset="3711"/>
</Cond>
<LocList>
<Loc EndOffset="3730" SrcFileId="8" StartOffset="3724"/>
</LocList>
<StmntSeq Intrnl_Id="460">
<LocList>
<Loc EndOffset="3730" SrcFileId="8" StartOffset="3724"/>
</LocList>
<BasicStmnt CovItemId="S58" CovItemPrefix="csse376_puerto_rico.GameState.java" Intrnl_Id="461">
<LocList>
<Loc EndOffset="3730" SrcFileId="8" StartOffset="3724"/>
</LocList>
</BasicStmnt>
</StmntSeq>
</Branch>
<Keyword EndOffset="3145" SrcFileId="8" StartOffset="3139"/>
<LocList>
<Loc EndOffset="3735" SrcFileId="8" StartOffset="3139"/>
</LocList>
</CondStmnt>
<BasicStmnt CovItemId="S59" CovItemPrefix="csse376_puerto_rico.GameState.java" Intrnl_Id="462">
<LocList>
<Loc EndOffset="3755" SrcFileId="8" StartOffset="3739"/>
</LocList>
</BasicStmnt>
</StmntSeq>
</HierarchyLvl>
<HierarchyLvl HierarchyLvlId="830" HierarchyLvlTypeId="17" Intrnl_Id="463" Name="isGameEndState">
<Header>
<Loc EndOffset="3795" SrcFileId="8" StartOffset="3764"/>
</Header>
<LocList>
<Loc EndOffset="3831" SrcFileId="8" StartOffset="3764"/>
</LocList>
<StmntSeq Intrnl_Id="464">
<LocList>
<Loc EndOffset="3827" SrcFileId="8" StartOffset="3805"/>
</LocList>
<BasicStmnt CovItemId="S60" CovItemPrefix="csse376_puerto_rico.GameState.java" Intrnl_Id="465">
<LocList>
<Loc EndOffset="3827" SrcFileId="8" StartOffset="3805"/>
</LocList>
</BasicStmnt>
</StmntSeq>
</HierarchyLvl>
<HierarchyLvl HierarchyLvlId="831" HierarchyLvlTypeId="17" Intrnl_Id="466" Name="updateAtEndOfTurn">
<Header>
<Loc EndOffset="3867" SrcFileId="8" StartOffset="3836"/>
</Header>
<LocList>
<Loc EndOffset="4077" SrcFileId="8" StartOffset="3836"/>
</LocList>
<StmntSeq Intrnl_Id="467">
<LocList>
<Loc EndOffset="3895" SrcFileId="8" StartOffset="3873"/>
<Loc EndOffset="3971" SrcFileId="8" StartOffset="3924"/>
<Loc EndOffset="4022" SrcFileId="8" StartOffset="3975"/>
<Loc EndOffset="4073" SrcFileId="8" StartOffset="4026"/>
</LocList>
<BasicStmnt CovItemId="S61" CovItemPrefix="csse376_puerto_rico.GameState.java" Intrnl_Id="468">
<LocList>
<Loc EndOffset="3895" SrcFileId="8" StartOffset="3873"/>
</LocList>
</BasicStmnt>
<CondStmnt CovItemId="S62" CovItemPrefix="csse376_puerto_rico.GameState.java" Intrnl_Id="469">
<Branch CovItemId="B21" CovItemPrefix="csse376_puerto_rico.GameState.java" Implct="false" Intrnl_Id="470">
<Cond/>
<LocList>
<Loc EndOffset="3971" SrcFileId="8" StartOffset="3945"/>
</LocList>
<StmntSeq Intrnl_Id="471">
<LocList>
<Loc EndOffset="3966" SrcFileId="8" StartOffset="3951"/>
</LocList>
<BasicStmnt CovItemId="S63" CovItemPrefix="csse376_puerto_rico.GameState.java" Intrnl_Id="472">
<LocList>
<Loc EndOffset="3966" SrcFileId="8" StartOffset="3951"/>
</LocList>
</BasicStmnt>
</StmntSeq>
</Branch>
<Branch CovItemId="B22" CovItemPrefix="csse376_puerto_rico.GameState.java" Implct="true" Intrnl_Id="473">
<Cond/>
<LocList/>
<StmntSeq Intrnl_Id="474">
<LocList/>
</StmntSeq>
</Branch>
<Keyword EndOffset="3926" SrcFileId="8" StartOffset="3924"/>
<LocList>
<Loc EndOffset="3971" SrcFileId="8" StartOffset="3924"/>
</LocList>
<RootTerm CovItemId="C9" CovItemPrefix="csse376_puerto_rico.GameState.java" Intrnl_Id="475">
<BasicBoolTerm Intrnl_Id="476">
<LocList>
<Loc EndOffset="3943" SrcFileId="8" StartOffset="3928"/>
</LocList>
</BasicBoolTerm>
</RootTerm>
</CondStmnt>
<CondStmnt CovItemId="S64" CovItemPrefix="csse376_puerto_rico.GameState.java" Intrnl_Id="477">
<Branch CovItemId="B23" CovItemPrefix="csse376_puerto_rico.GameState.java" Implct="false" Intrnl_Id="478">
<Cond/>
<LocList>
<Loc EndOffset="4022" SrcFileId="8" StartOffset="3996"/>
</LocList>
<StmntSeq Intrnl_Id="479">
<LocList>
<Loc EndOffset="4017" SrcFileId="8" StartOffset="4002"/>
</LocList>
<BasicStmnt CovItemId="S65" CovItemPrefix="csse376_puerto_rico.GameState.java" Intrnl_Id="480">
<LocList>
<Loc EndOffset="4017" SrcFileId="8" StartOffset="4002"/>
</LocList>
</BasicStmnt>
</StmntSeq>
</Branch>
<Branch CovItemId="B24" CovItemPrefix="csse376_puerto_rico.GameState.java" Implct="true" Intrnl_Id="481">
<Cond/>
<LocList/>
<StmntSeq Intrnl_Id="482">
<LocList/>
</StmntSeq>
</Branch>
<Keyword EndOffset="3977" SrcFileId="8" StartOffset="3975"/>
<LocList>
<Loc EndOffset="4022" SrcFileId="8" StartOffset="3975"/>
</LocList>
<RootTerm CovItemId="C10" CovItemPrefix="csse376_puerto_rico.GameState.java" Intrnl_Id="483">
<BasicBoolTerm Intrnl_Id="484">
<LocList>
<Loc EndOffset="3994" SrcFileId="8" StartOffset="3979"/>
</LocList>
</BasicBoolTerm>
</RootTerm>
</CondStmnt>
<CondStmnt CovItemId="S66" CovItemPrefix="csse376_puerto_rico.GameState.java" Intrnl_Id="485">
<Branch CovItemId="B25" CovItemPrefix="csse376_puerto_rico.GameState.java" Implct="false" Intrnl_Id="486">
<Cond/>
<LocList>
<Loc EndOffset="4073" SrcFileId="8" StartOffset="4047"/>
</LocList>
<StmntSeq Intrnl_Id="487">
<LocList>
<Loc EndOffset="4068" SrcFileId="8" StartOffset="4053"/>
</LocList>
<BasicStmnt CovItemId="S67" CovItemPrefix="csse376_puerto_rico.GameState.java" Intrnl_Id="488">
<LocList>
<Loc EndOffset="4068" SrcFileId="8" StartOffset="4053"/>
</LocList>
</BasicStmnt>
</StmntSeq>
</Branch>
<Branch CovItemId="B26" CovItemPrefix="csse376_puerto_rico.GameState.java" Implct="true" Intrnl_Id="489">
<Cond/>
<LocList/>
<StmntSeq Intrnl_Id="490">
<LocList/>
</StmntSeq>
</Branch>
<Keyword EndOffset="4028" SrcFileId="8" StartOffset="4026"/>
<LocList>
<Loc EndOffset="4073" SrcFileId="8" StartOffset="4026"/>
</LocList>
<RootTerm CovItemId="C11" CovItemPrefix="csse376_puerto_rico.GameState.java" Intrnl_Id="491">
<BasicBoolTerm Intrnl_Id="492">
<LocList>
<Loc EndOffset="4045" SrcFileId="8" StartOffset="4030"/>
</LocList>
</BasicBoolTerm>
</RootTerm>
</CondStmnt>
</StmntSeq>
</HierarchyLvl>
</HierarchyLvl>
<HierarchyLvl HierarchyLvlId="847" HierarchyLvlTypeId="16" Intrnl_Id="493" Name="GameBoardGUI">
<Header>
<Loc EndOffset="467" SrcFileId="9" StartOffset="442"/>
</Header>
<LocList>
<Loc EndOffset="13751" SrcFileId="9" StartOffset="442"/>
</LocList>
<HierarchyLvl HierarchyLvlId="833" HierarchyLvlTypeId="17" Intrnl_Id="494" Name="GameBoardGUI">
<Header>
<Loc EndOffset="781" SrcFileId="9" StartOffset="760"/>
</Header>
<LocList>
<Loc EndOffset="1004" SrcFileId="9" StartOffset="760"/>
</LocList>
<StmntSeq Intrnl_Id="495">
<LocList>
<Loc EndOffset="845" SrcFileId="9" StartOffset="815"/>
<Loc EndOffset="886" SrcFileId="9" StartOffset="849"/>
<Loc EndOffset="929" SrcFileId="9" StartOffset="890"/>
<Loc EndOffset="963" SrcFileId="9" StartOffset="933"/>
<Loc EndOffset="1000" SrcFileId="9" StartOffset="967"/>
</LocList>
<BasicStmnt CovItemId="S1" CovItemPrefix="csse376_puerto_rico.GameBoardGUI.java" Intrnl_Id="496">
<LocList>
<Loc EndOffset="845" SrcFileId="9" StartOffset="815"/>
</LocList>
</BasicStmnt>
<BasicStmnt CovItemId="S2" CovItemPrefix="csse376_puerto_rico.GameBoardGUI.java" Intrnl_Id="497">
<LocList>
<Loc EndOffset="886" SrcFileId="9" StartOffset="849"/>
</LocList>
</BasicStmnt>
<BasicStmnt CovItemId="S3" CovItemPrefix="csse376_puerto_rico.GameBoardGUI.java" Intrnl_Id="498">
<LocList>
<Loc EndOffset="929" SrcFileId="9" StartOffset="890"/>
</LocList>
</BasicStmnt>
<BasicStmnt CovItemId="S4" CovItemPrefix="csse376_puerto_rico.GameBoardGUI.java" Intrnl_Id="499">
<LocList>
<Loc EndOffset="963" SrcFileId="9" StartOffset="933"/>
</LocList>
</BasicStmnt>
<BasicStmnt CovItemId="S5" CovItemPrefix="csse376_puerto_rico.GameBoardGUI.java" Intrnl_Id="500">
<LocList>
<Loc EndOffset="1000" SrcFileId="9" StartOffset="967"/>
</LocList>
</BasicStmnt>
</StmntSeq>
</HierarchyLvl>
<HierarchyLvl HierarchyLvlId="834" HierarchyLvlTypeId="17" Intrnl_Id="501" Name="GameBoardGUI">
<Header>
<Loc EndOffset="1061" SrcFileId="9" StartOffset="1009"/>
</Header>
<LocList>
<Loc EndOffset="1842" SrcFileId="9" StartOffset="1009"/>
</LocList>
<StmntSeq Intrnl_Id="502">
<LocList>
<Loc EndOffset="1106" SrcFileId="9" StartOffset="1067"/>
<Loc EndOffset="1133" SrcFileId="9" StartOffset="1110"/>
<Loc EndOffset="1176" SrcFileId="9" StartOffset="1137"/>
<Loc EndOffset="1224" SrcFileId="9" StartOffset="1180"/>
<Loc EndOffset="1273" SrcFileId="9" StartOffset="1228"/>
<Loc EndOffset="1319" SrcFileId="9" StartOffset="1277"/>
<Loc EndOffset="1358" SrcFileId="9" StartOffset="1323"/>
<Loc EndOffset="1395" SrcFileId="9" StartOffset="1362"/>
<Loc EndOffset="1419" SrcFileId="9" StartOffset="1399"/>
<Loc EndOffset="1453" SrcFileId="9" StartOffset="1423"/>
<Loc EndOffset="1494" SrcFileId="9" StartOffset="1457"/>
<Loc EndOffset="1520" SrcFileId="9" StartOffset="1502"/>
<Loc EndOffset="1752" SrcFileId="9" StartOffset="1524"/>
<Loc EndOffset="1799" SrcFileId="9" StartOffset="1756"/>
<Loc EndOffset="1838" SrcFileId="9" StartOffset="1807"/>
</LocList>
<BasicStmnt CovItemId="S6" CovItemPrefix="csse376_puerto_rico.GameBoardGUI.java" Intrnl_Id="503">
<LocList>
<Loc EndOffset="1106" SrcFileId="9" StartOffset="1067"/>
</LocList>
</BasicStmnt>
<BasicStmnt CovItemId="S7" CovItemPrefix="csse376_puerto_rico.GameBoardGUI.java" Intrnl_Id="504">
<LocList>
<Loc EndOffset="1133" SrcFileId="9" StartOffset="1110"/>
</LocList>
</BasicStmnt>
<BasicStmnt CovItemId="S8" CovItemPrefix="csse376_puerto_rico.GameBoardGUI.java" Intrnl_Id="505">
<LocList>
<Loc EndOffset="1176" SrcFileId="9" StartOffset="1137"/>
</LocList>
</BasicStmnt>
<BasicStmnt CovItemId="S9" CovItemPrefix="csse376_puerto_rico.GameBoardGUI.java" Intrnl_Id="506">
<LocList>
<Loc EndOffset="1224" SrcFileId="9" StartOffset="1180"/>
</LocList>
</BasicStmnt>
<BasicStmnt CovItemId="S10" CovItemPrefix="csse376_puerto_rico.GameBoardGUI.java" Intrnl_Id="507">
<LocList>
<Loc EndOffset="1273" SrcFileId="9" StartOffset="1228"/>
</LocList>
</BasicStmnt>
<BasicStmnt CovItemId="S11" CovItemPrefix="csse376_puerto_rico.GameBoardGUI.java" Intrnl_Id="508">
<LocList>
<Loc EndOffset="1319" SrcFileId="9" StartOffset="1277"/>
</LocList>
</BasicStmnt>
<BasicStmnt CovItemId="S12" CovItemPrefix="csse376_puerto_rico.GameBoardGUI.java" Intrnl_Id="509">
<LocList>
<Loc EndOffset="1358" SrcFileId="9" StartOffset="1323"/>
</LocList>
</BasicStmnt>
<BasicStmnt CovItemId="S13" CovItemPrefix="csse376_puerto_rico.GameBoardGUI.java" Intrnl_Id="510">
<LocList>
<Loc EndOffset="1395" SrcFileId="9" StartOffset="1362"/>
</LocList>
</BasicStmnt>
<BasicStmnt CovItemId="S14" CovItemPrefix="csse376_puerto_rico.GameBoardGUI.java" Intrnl_Id="511">
<LocList>
<Loc EndOffset="1419" SrcFileId="9" StartOffset="1399"/>
</LocList>
</BasicStmnt>
<BasicStmnt CovItemId="S15" CovItemPrefix="csse376_puerto_rico.GameBoardGUI.java" Intrnl_Id="512">
<LocList>
<Loc EndOffset="1453" SrcFileId="9" StartOffset="1423"/>
</LocList>
</BasicStmnt>
<BasicStmnt CovItemId="S16" CovItemPrefix="csse376_puerto_rico.GameBoardGUI.java" Intrnl_Id="513">
<LocList>
<Loc EndOffset="1494" SrcFileId="9" StartOffset="1457"/>
</LocList>
</BasicStmnt>
<BasicStmnt CovItemId="S17" CovItemPrefix="csse376_puerto_rico.GameBoardGUI.java" Intrnl_Id="514">
<LocList>
<Loc EndOffset="1520" SrcFileId="9" StartOffset="1502"/>
</LocList>
</BasicStmnt>
<LoopStmnt CovItemId="S18" CovItemPrefix="csse376_puerto_rico.GameBoardGUI.java" Intrnl_Id="515" MltplExecId="L1-2" MltplExecPrefix="csse376_puerto_rico.GameBoardGUI.java" NvrExecId="L1-0" NvrExecPrefix="csse376_puerto_rico.GameBoardGUI.java" OnceExecutedId="L1-1" OnceExecutedPrefix="csse376_puerto_rico.GameBoardGUI.java" OptBodyExec="true">
<StmntSeq Intrnl_Id="516">
<LocList>
<Loc EndOffset="1680" SrcFileId="9" StartOffset="1634"/>
<Loc EndOffset="1747" SrcFileId="9" StartOffset="1685"/>
</LocList>
<BasicStmnt CovItemId="S19" CovItemPrefix="csse376_puerto_rico.GameBoardGUI.java" Intrnl_Id="517">
<LocList>
<Loc EndOffset="1680" SrcFileId="9" StartOffset="1634"/>
</LocList>
</BasicStmnt>
<CondStmnt CovItemId="S20" CovItemPrefix="csse376_puerto_rico.GameBoardGUI.java" Intrnl_Id="518">
<Branch CovItemId="B1" CovItemPrefix="csse376_puerto_rico.GameBoardGUI.java" Implct="false" Intrnl_Id="519">
<Cond/>
<LocList>
<Loc EndOffset="1747" SrcFileId="9" StartOffset="1710"/>
</LocList>
<StmntSeq Intrnl_Id="520">
<LocList>
<Loc EndOffset="1741" SrcFileId="9" StartOffset="1717"/>
</LocList>
<BasicStmnt CovItemId="S21" CovItemPrefix="csse376_puerto_rico.GameBoardGUI.java" Intrnl_Id="521">
<LocList>
<Loc EndOffset="1741" SrcFileId="9" StartOffset="1717"/>
</LocList>
</BasicStmnt>
</StmntSeq>
</Branch>
<Branch CovItemId="B2" CovItemPrefix="csse376_puerto_rico.GameBoardGUI.java" Implct="true" Intrnl_Id="522">
<Cond/>
<LocList/>
<StmntSeq Intrnl_Id="523">
<LocList/>
</StmntSeq>
</Branch>
<Keyword EndOffset="1687" SrcFileId="9" StartOffset="1685"/>
<LocList>
<Loc EndOffset="1747" SrcFileId="9" StartOffset="1685"/>
</LocList>
<RootTerm CovItemId="C2" CovItemPrefix="csse376_puerto_rico.GameBoardGUI.java" Intrnl_Id="524">
<BasicBoolTerm Intrnl_Id="525">
<LocList>
<Loc EndOffset="1708" SrcFileId="9" StartOffset="1689"/>
</LocList>
</BasicBoolTerm>
</RootTerm>
</CondStmnt>
</StmntSeq>
<Keyword EndOffset="1527" SrcFileId="9" StartOffset="1524"/>
<LocList>
<Loc EndOffset="1752" SrcFileId="9" StartOffset="1524"/>
</LocList>
<RootTerm CovItemId="C1" CovItemPrefix="csse376_puerto_rico.GameBoardGUI.java" Intrnl_Id="526">
<BasicBoolTerm Intrnl_Id="527">
<LocList>
<Loc EndOffset="1625" SrcFileId="9" StartOffset="1594"/>
</LocList>
</BasicBoolTerm>
</RootTerm>
</LoopStmnt>
<BasicStmnt CovItemId="S22" CovItemPrefix="csse376_puerto_rico.GameBoardGUI.java" Intrnl_Id="528">
<LocList>
<Loc EndOffset="1799" SrcFileId="9" StartOffset="1756"/>
</LocList>
</BasicStmnt>
<BasicStmnt CovItemId="S23" CovItemPrefix="csse376_puerto_rico.GameBoardGUI.java" Intrnl_Id="529">
<LocList>
<Loc EndOffset="1838" SrcFileId="9" StartOffset="1807"/>
</LocList>
</BasicStmnt>
</StmntSeq>
</HierarchyLvl>
<HierarchyLvl HierarchyLvlId="835" HierarchyLvlTypeId="17" Intrnl_Id="530" Name="displayGameState">
<Header>
<Loc EndOffset="1879" SrcFileId="9" StartOffset="1848"/>
</Header>
<LocList>
<Loc EndOffset="2869" SrcFileId="9" StartOffset="1848"/>
</LocList>
<StmntSeq Intrnl_Id="531">
<LocList>
<Loc EndOffset="1941" SrcFileId="9" StartOffset="1885"/>
<Loc EndOffset="1997" SrcFileId="9" StartOffset="1945"/>
<Loc EndOffset="2057" SrcFileId="9" StartOffset="2001"/>
<Loc EndOffset="2115" SrcFileId="9" StartOffset="2061"/>
<Loc EndOffset="2177" SrcFileId="9" StartOffset="2119"/>
<Loc EndOffset="2234" SrcFileId="9" StartOffset="2181"/>
<Loc EndOffset="2715" SrcFileId="9" StartOffset="2242"/>
<Loc EndOffset="2748" SrcFileId="9" StartOffset="2719"/>
<Loc EndOffset="2777" SrcFileId="9" StartOffset="2752"/>
<Loc EndOffset="2815" SrcFileId="9" StartOffset="2781"/>
<Loc EndOffset="2865" SrcFileId="9" StartOffset="2819"/>
</LocList>
<BasicStmnt CovItemId="S24" CovItemPrefix="csse376_puerto_rico.GameBoardGUI.java" Intrnl_Id="532">
<LocList>
<Loc EndOffset="1941" SrcFileId="9" StartOffset="1885"/>
</LocList>
</BasicStmnt>
<BasicStmnt CovItemId="S25" CovItemPrefix="csse376_puerto_rico.GameBoardGUI.java" Intrnl_Id="533">
<LocList>
<Loc EndOffset="1997" SrcFileId="9" StartOffset="1945"/>
</LocList>
</BasicStmnt>
<BasicStmnt CovItemId="S26" CovItemPrefix="csse376_puerto_rico.GameBoardGUI.java" Intrnl_Id="534">
<LocList>
<Loc EndOffset="2057" SrcFileId="9" StartOffset="2001"/>
</LocList>
</BasicStmnt>
<BasicStmnt CovItemId="S27" CovItemPrefix="csse376_puerto_rico.GameBoardGUI.java" Intrnl_Id="535">
<LocList>
<Loc EndOffset="2115" SrcFileId="9" StartOffset="2061"/>
</LocList>
</BasicStmnt>
<BasicStmnt CovItemId="S28" CovItemPrefix="csse376_puerto_rico.GameBoardGUI.java" Intrnl_Id="536">
<LocList>
<Loc EndOffset="2177" SrcFileId="9" StartOffset="2119"/>
</LocList>
</BasicStmnt>
<BasicStmnt CovItemId="S29" CovItemPrefix="csse376_puerto_rico.GameBoardGUI.java" Intrnl_Id="537">
<LocList>
<Loc EndOffset="2234" SrcFileId="9" StartOffset="2181"/>
</LocList>
</BasicStmnt>
<BasicStmnt CovItemId="S30" CovItemPrefix="csse376_puerto_rico.GameBoardGUI.java" Intrnl_Id="538">
<LocList>
<Loc EndOffset="2715" SrcFileId="9" StartOffset="2242"/>
</LocList>
</BasicStmnt>
<BasicStmnt CovItemId="S31" CovItemPrefix="csse376_puerto_rico.GameBoardGUI.java" Intrnl_Id="539">
<LocList>
<Loc EndOffset="2748" SrcFileId="9" StartOffset="2719"/>
</LocList>
</BasicStmnt>
<BasicStmnt CovItemId="S32" CovItemPrefix="csse376_puerto_rico.GameBoardGUI.java" Intrnl_Id="540">
<LocList>
<Loc EndOffset="2777" SrcFileId="9" StartOffset="2752"/>
</LocList>
</BasicStmnt>
<BasicStmnt CovItemId="S33" CovItemPrefix="csse376_puerto_rico.GameBoardGUI.java" Intrnl_Id="541">
<LocList>
<Loc EndOffset="2815" SrcFileId="9" StartOffset="2781"/>
</LocList>
</BasicStmnt>
<BasicStmnt CovItemId="S34" CovItemPrefix="csse376_puerto_rico.GameBoardGUI.java" Intrnl_Id="542">
<LocList>
<Loc EndOffset="2865" SrcFileId="9" StartOffset="2819"/>
</LocList>
</BasicStmnt>
</StmntSeq>
</HierarchyLvl>
<HierarchyLvl HierarchyLvlId="836" HierarchyLvlTypeId="17" Intrnl_Id="543" Name="updateGameStateDisplay">
<Header>
<Loc EndOffset="2912" SrcFileId="9" StartOffset="2875"/>
</Header>
<LocList>
<Loc EndOffset="3793" SrcFileId="9" StartOffset="2875"/>
</LocList>
<StmntSeq Intrnl_Id="544">
<LocList>
<Loc EndOffset="2973" SrcFileId="9" StartOffset="2917"/>
<Loc EndOffset="3029" SrcFileId="9" StartOffset="2977"/>
<Loc EndOffset="3089" SrcFileId="9" StartOffset="3033"/>
<Loc EndOffset="3147" SrcFileId="9" StartOffset="3093"/>
<Loc EndOffset="3209" SrcFileId="9" StartOffset="3151"/>
<Loc EndOffset="3266" SrcFileId="9" StartOffset="3213"/>
<Loc EndOffset="3747" SrcFileId="9" StartOffset="3274"/>
<Loc EndOffset="3789" SrcFileId="9" StartOffset="3755"/>
</LocList>
<BasicStmnt CovItemId="S35" CovItemPrefix="csse376_puerto_rico.GameBoardGUI.java" Intrnl_Id="545">
<LocList>
<Loc EndOffset="2973" SrcFileId="9" StartOffset="2917"/>
</LocList>
</BasicStmnt>
<BasicStmnt CovItemId="S36" CovItemPrefix="csse376_puerto_rico.GameBoardGUI.java" Intrnl_Id="546">
<LocList>
<Loc EndOffset="3029" SrcFileId="9" StartOffset="2977"/>
</LocList>
</BasicStmnt>
<BasicStmnt CovItemId="S37" CovItemPrefix="csse376_puerto_rico.GameBoardGUI.java" Intrnl_Id="547">
<LocList>
<Loc EndOffset="3089" SrcFileId="9" StartOffset="3033"/>
</LocList>
</BasicStmnt>
<BasicStmnt CovItemId="S38" CovItemPrefix="csse376_puerto_rico.GameBoardGUI.java" Intrnl_Id="548">
<LocList>
<Loc EndOffset="3147" SrcFileId="9" StartOffset="3093"/>
</LocList>
</BasicStmnt>
<BasicStmnt CovItemId="S39" CovItemPrefix="csse376_puerto_rico.GameBoardGUI.java" Intrnl_Id="549">
<LocList>
<Loc EndOffset="3209" SrcFileId="9" StartOffset="3151"/>
</LocList>
</BasicStmnt>
<BasicStmnt CovItemId="S40" CovItemPrefix="csse376_puerto_rico.GameBoardGUI.java" Intrnl_Id="550">
<LocList>
<Loc EndOffset="3266" SrcFileId="9" StartOffset="3213"/>
</LocList>
</BasicStmnt>
<BasicStmnt CovItemId="S41" CovItemPrefix="csse376_puerto_rico.GameBoardGUI.java" Intrnl_Id="551">
<LocList>
<Loc EndOffset="3747" SrcFileId="9" StartOffset="3274"/>
</LocList>
</BasicStmnt>
<BasicStmnt CovItemId="S42" CovItemPrefix="csse376_puerto_rico.GameBoardGUI.java" Intrnl_Id="552">
<LocList>
<Loc EndOffset="3789" SrcFileId="9" StartOffset="3755"/>
</LocList>
</BasicStmnt>
</StmntSeq>
</HierarchyLvl>
<HierarchyLvl HierarchyLvlId="837" HierarchyLvlTypeId="17" Intrnl_Id="553" Name="displayMessageBar">
<Header>
<Loc EndOffset="3830" SrcFileId="9" StartOffset="3798"/>
</Header>
<LocList>
<Loc EndOffset="3934" SrcFileId="9" StartOffset="3798"/>
</LocList>
<StmntSeq Intrnl_Id="554">
<LocList>
<Loc EndOffset="3858" SrcFileId="9" StartOffset="3836"/>
<Loc EndOffset="3930" SrcFileId="9" StartOffset="3862"/>
</LocList>
<BasicStmnt CovItemId="S43" CovItemPrefix="csse376_puerto_rico.GameBoardGUI.java" Intrnl_Id="555">
<LocList>
<Loc EndOffset="3858" SrcFileId="9" StartOffset="3836"/>
</LocList>
</BasicStmnt>
<BasicStmnt CovItemId="S44" CovItemPrefix="csse376_puerto_rico.GameBoardGUI.java" Intrnl_Id="556">
<LocList>
<Loc EndOffset="3930" SrcFileId="9" StartOffset="3862"/>
</LocList>
</BasicStmnt>
</StmntSeq>
</HierarchyLvl>
<HierarchyLvl HierarchyLvlId="838" HierarchyLvlTypeId="17" Intrnl_Id="557" Name="addGoodsButtons">
<Header>
<Loc EndOffset="3969" SrcFileId="9" StartOffset="3939"/>
</Header>
<LocList>
<Loc EndOffset="4529" SrcFileId="9" StartOffset="3939"/>
</LocList>
<StmntSeq Intrnl_Id="558">
<LocList>
<Loc EndOffset="4034" SrcFileId="9" StartOffset="3975"/>
<Loc EndOffset="4093" SrcFileId="9" StartOffset="4038"/>
<Loc EndOffset="4158" SrcFileId="9" StartOffset="4097"/>
<Loc EndOffset="4221" SrcFileId="9" StartOffset="4162"/>
<Loc EndOffset="4282" SrcFileId="9" StartOffset="4225"/>
<Loc EndOffset="4331" SrcFileId="9" StartOffset="4286"/>
<Loc EndOffset="4378" SrcFileId="9" StartOffset="4335"/>
<Loc EndOffset="4428" SrcFileId="9" StartOffset="4382"/>
<Loc EndOffset="4476" SrcFileId="9" StartOffset="4432"/>
<Loc EndOffset="4525" SrcFileId="9" StartOffset="4480"/>
</LocList>
<BasicStmnt CovItemId="S45" CovItemPrefix="csse376_puerto_rico.GameBoardGUI.java" Intrnl_Id="559">
<LocList>
<Loc EndOffset="4034" SrcFileId="9" StartOffset="3975"/>
</LocList>
</BasicStmnt>
<BasicStmnt CovItemId="S46" CovItemPrefix="csse376_puerto_rico.GameBoardGUI.java" Intrnl_Id="560">
<LocList>
<Loc EndOffset="4093" SrcFileId="9" StartOffset="4038"/>
</LocList>
</BasicStmnt>
<BasicStmnt CovItemId="S47" CovItemPrefix="csse376_puerto_rico.GameBoardGUI.java" Intrnl_Id="561">
<LocList>
<Loc EndOffset="4158" SrcFileId="9" StartOffset="4097"/>
</LocList>
</BasicStmnt>
<BasicStmnt CovItemId="S48" CovItemPrefix="csse376_puerto_rico.GameBoardGUI.java" Intrnl_Id="562">
<LocList>
<Loc EndOffset="4221" SrcFileId="9" StartOffset="4162"/>
</LocList>
</BasicStmnt>
<BasicStmnt CovItemId="S49" CovItemPrefix="csse376_puerto_rico.GameBoardGUI.java" Intrnl_Id="563">
<LocList>
<Loc EndOffset="4282" SrcFileId="9" StartOffset="4225"/>
</LocList>
</BasicStmnt>
<BasicStmnt CovItemId="S50" CovItemPrefix="csse376_puerto_rico.GameBoardGUI.java" Intrnl_Id="564">
<LocList>
<Loc EndOffset="4331" SrcFileId="9" StartOffset="4286"/>
</LocList>
</BasicStmnt>
<BasicStmnt CovItemId="S51" CovItemPrefix="csse376_puerto_rico.GameBoardGUI.java" Intrnl_Id="565">
<LocList>
<Loc EndOffset="4378" SrcFileId="9" StartOffset="4335"/>
</LocList>
</BasicStmnt>
<BasicStmnt CovItemId="S52" CovItemPrefix="csse376_puerto_rico.GameBoardGUI.java" Intrnl_Id="566">
<LocList>
<Loc EndOffset="4428" SrcFileId="9" StartOffset="4382"/>
</LocList>
</BasicStmnt>
<BasicStmnt CovItemId="S53" CovItemPrefix="csse376_puerto_rico.GameBoardGUI.java" Intrnl_Id="567">
<LocList>
<Loc EndOffset="4476" SrcFileId="9" StartOffset="4432"/>
</LocList>
</BasicStmnt>
<BasicStmnt CovItemId="S54" CovItemPrefix="csse376_puerto_rico.GameBoardGUI.java" Intrnl_Id="568">
<LocList>
<Loc EndOffset="4525" SrcFileId="9" StartOffset="4480"/>
</LocList>
</BasicStmnt>
</StmntSeq>
</HierarchyLvl>
<HierarchyLvl HierarchyLvlId="839" HierarchyLvlTypeId="17" Intrnl_Id="569" Name="addPlayers">
<Header>
<Loc EndOffset="4585" SrcFileId="9" StartOffset="4534"/>
</Header>
<LocList>
<Loc EndOffset="5267" SrcFileId="9" StartOffset="4534"/>
</LocList>
<StmntSeq Intrnl_Id="570">
<LocList>
<Loc EndOffset="5097" SrcFileId="9" StartOffset="4635"/>
<Loc EndOffset="5146" SrcFileId="9" StartOffset="5101"/>
<Loc EndOffset="5173" SrcFileId="9" StartOffset="5154"/>
<Loc EndOffset="5197" SrcFileId="9" StartOffset="5177"/>
<Loc EndOffset="5219" SrcFileId="9" StartOffset="5201"/>
<Loc EndOffset="5237" SrcFileId="9" StartOffset="5223"/>
<Loc EndOffset="5263" SrcFileId="9" StartOffset="5243"/>
</LocList>
<LoopStmnt CovItemId="S55" CovItemPrefix="csse376_puerto_rico.GameBoardGUI.java" Intrnl_Id="571" MltplExecId="L2-2" MltplExecPrefix="csse376_puerto_rico.GameBoardGUI.java" NvrExecId="L2-0" NvrExecPrefix="csse376_puerto_rico.GameBoardGUI.java" OnceExecutedId="L2-1" OnceExecutedPrefix="csse376_puerto_rico.GameBoardGUI.java" OptBodyExec="true">
<StmntSeq Intrnl_Id="572">
<LocList>
<Loc EndOffset="4707" SrcFileId="9" StartOffset="4683"/>
<Loc EndOffset="4757" SrcFileId="9" StartOffset="4712"/>
<Loc EndOffset="4780" SrcFileId="9" StartOffset="4762"/>
<Loc EndOffset="4952" SrcFileId="9" StartOffset="4785"/>
<Loc EndOffset="4973" SrcFileId="9" StartOffset="4957"/>
<Loc EndOffset="4997" SrcFileId="9" StartOffset="4978"/>
<Loc EndOffset="5016" SrcFileId="9" StartOffset="5002"/>
<Loc EndOffset="5041" SrcFileId="9" StartOffset="5021"/>
<Loc EndOffset="5090" SrcFileId="9" StartOffset="5046"/>
</LocList>
<BasicStmnt CovItemId="S56" CovItemPrefix="csse376_puerto_rico.GameBoardGUI.java" Intrnl_Id="573">
<LocList>
<Loc EndOffset="4707" SrcFileId="9" StartOffset="4683"/>
</LocList>
</BasicStmnt>
<CondStmnt CovItemId="S57" CovItemPrefix="csse376_puerto_rico.GameBoardGUI.java" Intrnl_Id="574">
<Branch CovItemId="B3" CovItemPrefix="csse376_puerto_rico.GameBoardGUI.java" Implct="false" Intrnl_Id="575">
<Cond/>
<LocList>
<Loc EndOffset="4757" SrcFileId="9" StartOffset="4724"/>
</LocList>
<StmntSeq Intrnl_Id="576">
<LocList>
<Loc EndOffset="4751" SrcFileId="9" StartOffset="4731"/>
</LocList>
<BasicStmnt CovItemId="S58" CovItemPrefix="csse376_puerto_rico.GameBoardGUI.java" Intrnl_Id="577">
<LocList>
<Loc EndOffset="4751" SrcFileId="9" StartOffset="4731"/>
</LocList>
</BasicStmnt>
</StmntSeq>
</Branch>
<Branch CovItemId="B4" CovItemPrefix="csse376_puerto_rico.GameBoardGUI.java" Implct="true" Intrnl_Id="578">
<Cond/>
<LocList/>
<StmntSeq Intrnl_Id="579">
<LocList/>
</StmntSeq>
</Branch>
<Keyword EndOffset="4714" SrcFileId="9" StartOffset="4712"/>
<LocList>
<Loc EndOffset="4757" SrcFileId="9" StartOffset="4712"/>
</LocList>
<RootTerm CovItemId="C4" CovItemPrefix="csse376_puerto_rico.GameBoardGUI.java" Intrnl_Id="580">
<BasicBoolTerm Intrnl_Id="581">
<LocList>
<Loc EndOffset="4722" SrcFileId="9" StartOffset="4716"/>
</LocList>
</BasicBoolTerm>
</RootTerm>
</CondStmnt>
<BasicStmnt CovItemId="S59" CovItemPrefix="csse376_puerto_rico.GameBoardGUI.java" Intrnl_Id="582">
<LocList>
<Loc EndOffset="4780" SrcFileId="9" StartOffset="4762"/>
</LocList>
</BasicStmnt>
<BasicStmnt CovItemId="S60" CovItemPrefix="csse376_puerto_rico.GameBoardGUI.java" Intrnl_Id="583">
<LocList>
<Loc EndOffset="4952" SrcFileId="9" StartOffset="4785"/>
</LocList>
</BasicStmnt>
<BasicStmnt CovItemId="S61" CovItemPrefix="csse376_puerto_rico.GameBoardGUI.java" Intrnl_Id="584">
<LocList>
<Loc EndOffset="4973" SrcFileId="9" StartOffset="4957"/>
</LocList>
</BasicStmnt>
<BasicStmnt CovItemId="S62" CovItemPrefix="csse376_puerto_rico.GameBoardGUI.java" Intrnl_Id="585">
<LocList>
<Loc EndOffset="4997" SrcFileId="9" StartOffset="4978"/>
</LocList>
</BasicStmnt>
<BasicStmnt CovItemId="S63" CovItemPrefix="csse376_puerto_rico.GameBoardGUI.java" Intrnl_Id="586">
<LocList>
<Loc EndOffset="5016" SrcFileId="9" StartOffset="5002"/>
</LocList>
</BasicStmnt>
<BasicStmnt CovItemId="S64" CovItemPrefix="csse376_puerto_rico.GameBoardGUI.java" Intrnl_Id="587">
<LocList>
<Loc EndOffset="5041" SrcFileId="9" StartOffset="5021"/>
</LocList>
</BasicStmnt>
<BasicStmnt CovItemId="S65" CovItemPrefix="csse376_puerto_rico.GameBoardGUI.java" Intrnl_Id="588">
<LocList>
<Loc EndOffset="5090" SrcFileId="9" StartOffset="5046"/>
</LocList>
</BasicStmnt>
</StmntSeq>
<Keyword EndOffset="4638" SrcFileId="9" StartOffset="4635"/>
<LocList>
<Loc EndOffset="5097" SrcFileId="9" StartOffset="4635"/>
</LocList>
<RootTerm CovItemId="C3" CovItemPrefix="csse376_puerto_rico.GameBoardGUI.java" Intrnl_Id="589">
<BasicBoolTerm Intrnl_Id="590">
<LocList>
<Loc EndOffset="4670" SrcFileId="9" StartOffset="4651"/>
</LocList>
</BasicBoolTerm>
</RootTerm>
</LoopStmnt>
<BasicStmnt CovItemId="S66" CovItemPrefix="csse376_puerto_rico.GameBoardGUI.java" Intrnl_Id="591">
<LocList>
<Loc EndOffset="5146" SrcFileId="9" StartOffset="5101"/>
</LocList>
</BasicStmnt>
<BasicStmnt CovItemId="S67" CovItemPrefix="csse376_puerto_rico.GameBoardGUI.java" Intrnl_Id="592">
<LocList>
<Loc EndOffset="5173" SrcFileId="9" StartOffset="5154"/>
</LocList>
</BasicStmnt>
<BasicStmnt CovItemId="S68" CovItemPrefix="csse376_puerto_rico.GameBoardGUI.java" Intrnl_Id="593">
<LocList>
<Loc EndOffset="5197" SrcFileId="9" StartOffset="5177"/>
</LocList>
</BasicStmnt>
<BasicStmnt CovItemId="S69" CovItemPrefix="csse376_puerto_rico.GameBoardGUI.java" Intrnl_Id="594">
<LocList>
<Loc EndOffset="5219" SrcFileId="9" StartOffset="5201"/>
</LocList>
</BasicStmnt>
<BasicStmnt CovItemId="S70" CovItemPrefix="csse376_puerto_rico.GameBoardGUI.java" Intrnl_Id="595">
<LocList>
<Loc EndOffset="5237" SrcFileId="9" StartOffset="5223"/>
</LocList>
</BasicStmnt>
<BasicStmnt CovItemId="S71" CovItemPrefix="csse376_puerto_rico.GameBoardGUI.java" Intrnl_Id="596">
<LocList>
<Loc EndOffset="5263" SrcFileId="9" StartOffset="5243"/>
</LocList>
</BasicStmnt>
</StmntSeq>
</HierarchyLvl>
<HierarchyLvl HierarchyLvlId="840" HierarchyLvlTypeId="17" Intrnl_Id="597" Name="getPlayers">
<Header>
<Loc EndOffset="5304" SrcFileId="9" StartOffset="5272"/>
</Header>
<LocList>
<Loc EndOffset="5334" SrcFileId="9" StartOffset="5272"/>
</LocList>
<StmntSeq Intrnl_Id="598">
<LocList>
<Loc EndOffset="5330" SrcFileId="9" StartOffset="5310"/>
</LocList>
<BasicStmnt CovItemId="S72" CovItemPrefix="csse376_puerto_rico.GameBoardGUI.java" Intrnl_Id="599">
<LocList>
<Loc EndOffset="5330" SrcFileId="9" StartOffset="5310"/>
</LocList>
</BasicStmnt>
</StmntSeq>
</HierarchyLvl>
<HierarchyLvl HierarchyLvlId="841" HierarchyLvlTypeId="17" Intrnl_Id="600" Name="getTurnCount">
<Header>
<Loc EndOffset="5371" SrcFileId="9" StartOffset="5339"/>
</Header>
<LocList>
<Loc EndOffset="5398" SrcFileId="9" StartOffset="5339"/>
</LocList>
<StmntSeq Intrnl_Id="601">
<LocList>
<Loc EndOffset="5394" SrcFileId="9" StartOffset="5377"/>
</LocList>
<BasicStmnt CovItemId="S73" CovItemPrefix="csse376_puerto_rico.GameBoardGUI.java" Intrnl_Id="602">
<LocList>
<Loc EndOffset="5394" SrcFileId="9" StartOffset="5377"/>
</LocList>
</BasicStmnt>
</StmntSeq>
</HierarchyLvl>
<HierarchyLvl HierarchyLvlId="842" HierarchyLvlTypeId="17" Intrnl_Id="603" Name="getPlayerText">
<Header>
<Loc EndOffset="5573" SrcFileId="9" StartOffset="5424"/>
</Header>
<LocList>
<Loc EndOffset="6011" SrcFileId="9" StartOffset="5424"/>
</LocList>
<StmntSeq Intrnl_Id="604">
<LocList>
<Loc EndOffset="5597" SrcFileId="9" StartOffset="5579"/>
<Loc EndOffset="5992" SrcFileId="9" StartOffset="5601"/>
<Loc EndOffset="6007" SrcFileId="9" StartOffset="5996"/>
</LocList>
<BasicStmnt CovItemId="S74" CovItemPrefix="csse376_puerto_rico.GameBoardGUI.java" Intrnl_Id="605">
<LocList>
<Loc EndOffset="5597" SrcFileId="9" StartOffset="5579"/>
</LocList>
</BasicStmnt>
<CondStmnt CovItemId="S75" CovItemPrefix="csse376_puerto_rico.GameBoardGUI.java" Intrnl_Id="606">
<Branch CovItemId="B5" CovItemPrefix="csse376_puerto_rico.GameBoardGUI.java" Implct="false" Intrnl_Id="607">
<Cond/>
<LocList>
<Loc EndOffset="5807" SrcFileId="9" StartOffset="5617"/>
</LocList>
<StmntSeq Intrnl_Id="608">
<LocList>
<Loc EndOffset="5800" SrcFileId="9" StartOffset="5623"/>
</LocList>
<BasicStmnt CovItemId="S76" CovItemPrefix="csse376_puerto_rico.GameBoardGUI.java" Intrnl_Id="609">
<LocList>
<Loc EndOffset="5800" SrcFileId="9" StartOffset="5623"/>
</LocList>
</BasicStmnt>
</StmntSeq>
</Branch>
<Branch CovItemId="B6" CovItemPrefix="csse376_puerto_rico.GameBoardGUI.java" Implct="false" Intrnl_Id="610">
<Cond>
<Loc EndOffset="5812" SrcFileId="9" StartOffset="5808"/>
</Cond>
<LocList>
<Loc EndOffset="5992" SrcFileId="9" StartOffset="5813"/>
</LocList>
<StmntSeq Intrnl_Id="611">
<LocList>
<Loc EndOffset="5985" SrcFileId="9" StartOffset="5819"/>
</LocList>
<BasicStmnt CovItemId="S77" CovItemPrefix="csse376_puerto_rico.GameBoardGUI.java" Intrnl_Id="612">
<LocList>
<Loc EndOffset="5985" SrcFileId="9" StartOffset="5819"/>
</LocList>
</BasicStmnt>
</StmntSeq>
</Branch>
<Keyword EndOffset="5603" SrcFileId="9" StartOffset="5601"/>
<LocList>
<Loc EndOffset="5992" SrcFileId="9" StartOffset="5601"/>
</LocList>
<RootTerm CovItemId="C5" CovItemPrefix="csse376_puerto_rico.GameBoardGUI.java" Intrnl_Id="613">
<BasicBoolTerm Intrnl_Id="614">
<LocList>
<Loc EndOffset="5615" SrcFileId="9" StartOffset="5605"/>
</LocList>
</BasicBoolTerm>
</RootTerm>
</CondStmnt>
<BasicStmnt CovItemId="S78" CovItemPrefix="csse376_puerto_rico.GameBoardGUI.java" Intrnl_Id="615">
<LocList>
<Loc EndOffset="6007" SrcFileId="9" StartOffset="5996"/>
</LocList>
</BasicStmnt>
</StmntSeq>
</HierarchyLvl>
<HierarchyLvl HierarchyLvlId="843" HierarchyLvlTypeId="17" Intrnl_Id="616" Name="updateRoles">
<Header>
<Loc EndOffset="6041" SrcFileId="9" StartOffset="6016"/>
</Header>
<LocList>
<Loc EndOffset="7227" SrcFileId="9" StartOffset="6016"/>
</LocList>
<StmntSeq Intrnl_Id="617">
<LocList>
<Loc EndOffset="6096" SrcFileId="9" StartOffset="6049"/>
<Loc EndOffset="7221" SrcFileId="9" StartOffset="6100"/>
</LocList>
<BasicStmnt CovItemId="S79" CovItemPrefix="csse376_puerto_rico.GameBoardGUI.java" Intrnl_Id="618">
<LocList>
<Loc EndOffset="6096" SrcFileId="9" StartOffset="6049"/>
</LocList>
</BasicStmnt>
<LoopStmnt CovItemId="S80" CovItemPrefix="csse376_puerto_rico.GameBoardGUI.java" Intrnl_Id="619" MltplExecId="L3-2" MltplExecPrefix="csse376_puerto_rico.GameBoardGUI.java" NvrExecId="L3-0" NvrExecPrefix="csse376_puerto_rico.GameBoardGUI.java" OnceExecutedId="L3-1" OnceExecutedPrefix="csse376_puerto_rico.GameBoardGUI.java" OptBodyExec="true">
<StmntSeq Intrnl_Id="620">
<LocList>
<Loc EndOffset="6168" SrcFileId="9" StartOffset="6130"/>
<Loc EndOffset="7214" SrcFileId="9" StartOffset="6173"/>
</LocList>
<BasicStmnt CovItemId="S81" CovItemPrefix="csse376_puerto_rico.GameBoardGUI.java" Intrnl_Id="621">
<LocList>
<Loc EndOffset="6168" SrcFileId="9" StartOffset="6130"/>
</LocList>
</BasicStmnt>
<LoopStmnt CovItemId="S82" CovItemPrefix="csse376_puerto_rico.GameBoardGUI.java" Intrnl_Id="622" MltplExecId="L4-2" MltplExecPrefix="csse376_puerto_rico.GameBoardGUI.java" NvrExecId="L4-0" NvrExecPrefix="csse376_puerto_rico.GameBoardGUI.java" OnceExecutedId="L4-1" OnceExecutedPrefix="csse376_puerto_rico.GameBoardGUI.java" OptBodyExec="true">
<StmntSeq Intrnl_Id="623">
<LocList>
<Loc EndOffset="6262" SrcFileId="9" StartOffset="6226"/>
<Loc EndOffset="6586" SrcFileId="9" StartOffset="6361"/>
<Loc EndOffset="6840" SrcFileId="9" StartOffset="6806"/>
<Loc EndOffset="6867" SrcFileId="9" StartOffset="6846"/>
<Loc EndOffset="6901" SrcFileId="9" StartOffset="6875"/>
<Loc EndOffset="6921" SrcFileId="9" StartOffset="6909"/>
<Loc EndOffset="6983" SrcFileId="9" StartOffset="6948"/>
<Loc EndOffset="7065" SrcFileId="9" StartOffset="7021"/>
<Loc EndOffset="7177" SrcFileId="9" StartOffset="7071"/>
<Loc EndOffset="7208" SrcFileId="9" StartOffset="7183"/>
</LocList>
<BasicStmnt CovItemId="S83" CovItemPrefix="csse376_puerto_rico.GameBoardGUI.java" Intrnl_Id="624">
<LocList>
<Loc EndOffset="6262" SrcFileId="9" StartOffset="6226"/>
</LocList>
</BasicStmnt>
<BasicStmnt CovItemId="S84" CovItemPrefix="csse376_puerto_rico.GameBoardGUI.java" Intrnl_Id="625">
<LocList>
<Loc EndOffset="6586" SrcFileId="9" StartOffset="6361"/>
</LocList>
</BasicStmnt>
<BasicStmnt CovItemId="S85" CovItemPrefix="csse376_puerto_rico.GameBoardGUI.java" Intrnl_Id="626">
<LocList>
<Loc EndOffset="6840" SrcFileId="9" StartOffset="6806"/>
</LocList>
</BasicStmnt>
<BasicStmnt CovItemId="S86" CovItemPrefix="csse376_puerto_rico.GameBoardGUI.java" Intrnl_Id="627">
<LocList>
<Loc EndOffset="6867" SrcFileId="9" StartOffset="6846"/>
</LocList>
</BasicStmnt>
<BasicStmnt CovItemId="S87" CovItemPrefix="csse376_puerto_rico.GameBoardGUI.java" Intrnl_Id="628">
<LocList>
<Loc EndOffset="6901" SrcFileId="9" StartOffset="6875"/>
</LocList>
</BasicStmnt>
<BasicStmnt CovItemId="S88" CovItemPrefix="csse376_puerto_rico.GameBoardGUI.java" Intrnl_Id="629">
<LocList>
<Loc EndOffset="6921" SrcFileId="9" StartOffset="6909"/>
</LocList>
</BasicStmnt>
<BasicStmnt CovItemId="S89" CovItemPrefix="csse376_puerto_rico.GameBoardGUI.java" Intrnl_Id="630">
<LocList>
<Loc EndOffset="6983" SrcFileId="9" StartOffset="6948"/>
</LocList>
</BasicStmnt>
<BasicStmnt CovItemId="S90" CovItemPrefix="csse376_puerto_rico.GameBoardGUI.java" Intrnl_Id="631">
<LocList>
<Loc EndOffset="7065" SrcFileId="9" StartOffset="7021"/>
</LocList>
</BasicStmnt>
<LoopStmnt CovItemId="S91" CovItemPrefix="csse376_puerto_rico.GameBoardGUI.java" Intrnl_Id="632" MltplExecId="L5-2" MltplExecPrefix="csse376_puerto_rico.GameBoardGUI.java" NvrExecId="L5-0" NvrExecPrefix="csse376_puerto_rico.GameBoardGUI.java" OnceExecutedId="L5-1" OnceExecutedPrefix="csse376_puerto_rico.GameBoardGUI.java" OptBodyExec="true">
<StmntSeq Intrnl_Id="633">
<LocList>
<Loc EndOffset="7170" SrcFileId="9" StartOffset="7120"/>
</LocList>
<CondStmnt CovItemId="S92" CovItemPrefix="csse376_puerto_rico.GameBoardGUI.java" Intrnl_Id="634">
<Branch CovItemId="B7" CovItemPrefix="csse376_puerto_rico.GameBoardGUI.java" Implct="false" Intrnl_Id="635">
<Cond/>
<LocList>
<Loc EndOffset="7170" SrcFileId="9" StartOffset="7132"/>
</LocList>
<StmntSeq Intrnl_Id="636">
<LocList>
<Loc EndOffset="7162" SrcFileId="9" StartOffset="7141"/>
</LocList>
<BasicStmnt CovItemId="S93" CovItemPrefix="csse376_puerto_rico.GameBoardGUI.java" Intrnl_Id="637">
<LocList>
<Loc EndOffset="7162" SrcFileId="9" StartOffset="7141"/>
</LocList>
</BasicStmnt>
</StmntSeq>
</Branch>
<Branch CovItemId="B8" CovItemPrefix="csse376_puerto_rico.GameBoardGUI.java" Implct="true" Intrnl_Id="638">
<Cond/>
<LocList/>
<StmntSeq Intrnl_Id="639">
<LocList/>
</StmntSeq>
</Branch>
<Keyword EndOffset="7122" SrcFileId="9" StartOffset="7120"/>
<LocList>
<Loc EndOffset="7170" SrcFileId="9" StartOffset="7120"/>
</LocList>
<RootTerm CovItemId="C9" CovItemPrefix="csse376_puerto_rico.GameBoardGUI.java" Intrnl_Id="640">
<BasicBoolTerm Intrnl_Id="641">
<LocList>
<Loc EndOffset="7130" SrcFileId="9" StartOffset="7124"/>
</LocList>
</BasicBoolTerm>
</RootTerm>
</CondStmnt>
</StmntSeq>
<Keyword EndOffset="7074" SrcFileId="9" StartOffset="7071"/>
<LocList>
<Loc EndOffset="7177" SrcFileId="9" StartOffset="7071"/>
</LocList>
<RootTerm CovItemId="C8" CovItemPrefix="csse376_puerto_rico.GameBoardGUI.java" Intrnl_Id="642">
<BasicBoolTerm Intrnl_Id="643">
<LocList>
<Loc EndOffset="7105" SrcFileId="9" StartOffset="7087"/>
</LocList>
</BasicBoolTerm>
</RootTerm>
</LoopStmnt>
<BasicStmnt CovItemId="S94" CovItemPrefix="csse376_puerto_rico.GameBoardGUI.java" Intrnl_Id="644">
<LocList>
<Loc EndOffset="7208" SrcFileId="9" StartOffset="7183"/>
</LocList>
</BasicStmnt>
</StmntSeq>
<Keyword EndOffset="6176" SrcFileId="9" StartOffset="6173"/>
<LocList>
<Loc EndOffset="7214" SrcFileId="9" StartOffset="6173"/>
</LocList>
<RootTerm CovItemId="C7" CovItemPrefix="csse376_puerto_rico.GameBoardGUI.java" Intrnl_Id="645">
<BasicBoolTerm Intrnl_Id="646">
<LocList>
<Loc EndOffset="6212" SrcFileId="9" StartOffset="6189"/>
</LocList>
</BasicBoolTerm>
</RootTerm>
</LoopStmnt>
</StmntSeq>
<Keyword EndOffset="6105" SrcFileId="9" StartOffset="6100"/>
<LocList>
<Loc EndOffset="7221" SrcFileId="9" StartOffset="6100"/>
</LocList>
<RootTerm CovItemId="C6" CovItemPrefix="csse376_puerto_rico.GameBoardGUI.java" Intrnl_Id="647">
<OpTerm BooleanOpId="12" Intrnl_Id="648">
<BasicBoolTerm Intrnl_Id="649">
<LocList>
<Loc EndOffset="6122" SrcFileId="9" StartOffset="6108"/>
</LocList>
</BasicBoolTerm>
<LocList>
<Loc EndOffset="6108" SrcFileId="9" StartOffset="6107"/>
</LocList>
</OpTerm>
</RootTerm>
</LoopStmnt>
</StmntSeq>
</HierarchyLvl>
<HierarchyLvl HierarchyLvlId="844" HierarchyLvlTypeId="17" Intrnl_Id="650" Name="checkEndGame">
<Header>
<Loc EndOffset="7261" SrcFileId="9" StartOffset="7232"/>
</Header>
<LocList>
<Loc EndOffset="7384" SrcFileId="9" StartOffset="7232"/>
</LocList>
<StmntSeq Intrnl_Id="651">
<LocList>
<Loc EndOffset="7380" SrcFileId="9" StartOffset="7346"/>
</LocList>
<BasicStmnt CovItemId="S95" CovItemPrefix="csse376_puerto_rico.GameBoardGUI.java" Intrnl_Id="652">
<LocList>
<Loc EndOffset="7380" SrcFileId="9" StartOffset="7346"/>
</LocList>
</BasicStmnt>
</StmntSeq>
</HierarchyLvl>
<HierarchyLvl HierarchyLvlId="845" HierarchyLvlTypeId="17" Intrnl_Id="653" Name="updateMsgBar">
<Header>
<Loc EndOffset="7425" SrcFileId="9" StartOffset="7389"/>
</Header>
<LocList>
<Loc EndOffset="7460" SrcFileId="9" StartOffset="7389"/>
</LocList>
<StmntSeq Intrnl_Id="654">
<LocList>
<Loc EndOffset="7456" SrcFileId="9" StartOffset="7431"/>
</LocList>
<BasicStmnt CovItemId="S96" CovItemPrefix="csse376_puerto_rico.GameBoardGUI.java" Intrnl_Id="655">
<LocList>
<Loc EndOffset="7456" SrcFileId="9" StartOffset="7431"/>
</LocList>
</BasicStmnt>
</StmntSeq>
</HierarchyLvl>
<HierarchyLvl HierarchyLvlId="846" HierarchyLvlTypeId="17" Intrnl_Id="656" Name="playRole">
<Header>
<Loc EndOffset="7504" SrcFileId="9" StartOffset="7471"/>
</Header>
<LocList>
<Loc EndOffset="13746" SrcFileId="9" StartOffset="7471"/>
</LocList>
<StmntSeq Intrnl_Id="657">
<LocList>
<Loc EndOffset="7554" SrcFileId="9" StartOffset="7517"/>
<Loc EndOffset="7589" SrcFileId="9" StartOffset="7558"/>
<Loc EndOffset="13740" SrcFileId="9" StartOffset="7595"/>
</LocList>
<BasicStmnt CovItemId="S97" CovItemPrefix="csse376_puerto_rico.GameBoardGUI.java" Intrnl_Id="658">
<LocList>
<Loc EndOffset="7554" SrcFileId="9" StartOffset="7517"/>
</LocList>
</BasicStmnt>
<BasicStmnt CovItemId="S98" CovItemPrefix="csse376_puerto_rico.GameBoardGUI.java" Intrnl_Id="659">
<LocList>
<Loc EndOffset="7589" SrcFileId="9" StartOffset="7558"/>
</LocList>
</BasicStmnt>
<CondStmnt CovItemId="S99" CovItemPrefix="csse376_puerto_rico.GameBoardGUI.java" Intrnl_Id="660">
<Branch CovItemId="B9" CovItemPrefix="csse376_puerto_rico.GameBoardGUI.java" Implct="false" Intrnl_Id="661">
<Cond/>
<LocList>
<Loc EndOffset="9919" SrcFileId="9" StartOffset="7631"/>
</LocList>
<StmntSeq Intrnl_Id="662">
<LocList>
<Loc EndOffset="9914" SrcFileId="9" StartOffset="7639"/>
</LocList>
<LoopStmnt CovItemId="S100" CovItemPrefix="csse376_puerto_rico.GameBoardGUI.java" Intrnl_Id="663" MltplExecId="L6-2" MltplExecPrefix="csse376_puerto_rico.GameBoardGUI.java" NvrExecId="L6-0" NvrExecPrefix="csse376_puerto_rico.GameBoardGUI.java" OnceExecutedId="L6-1" OnceExecutedPrefix="csse376_puerto_rico.GameBoardGUI.java" OptBodyExec="true">
<StmntSeq Intrnl_Id="664">
<LocList>
<Loc EndOffset="7786" SrcFileId="9" StartOffset="7756"/>
<Loc EndOffset="7856" SrcFileId="9" StartOffset="7794"/>
<Loc EndOffset="7887" SrcFileId="9" StartOffset="7862"/>
<Loc EndOffset="9859" SrcFileId="9" StartOffset="7893"/>
<Loc EndOffset="9906" SrcFileId="9" StartOffset="9865"/>
</LocList>
<BasicStmnt CovItemId="S101" CovItemPrefix="csse376_puerto_rico.GameBoardGUI.java" Intrnl_Id="665">
<LocList>
<Loc EndOffset="7786" SrcFileId="9" StartOffset="7756"/>
</LocList>
</BasicStmnt>
<BasicStmnt CovItemId="S102" CovItemPrefix="csse376_puerto_rico.GameBoardGUI.java" Intrnl_Id="666">
<LocList>
<Loc EndOffset="7856" SrcFileId="9" StartOffset="7794"/>
</LocList>
</BasicStmnt>
<BasicStmnt CovItemId="S103" CovItemPrefix="csse376_puerto_rico.GameBoardGUI.java" Intrnl_Id="667">
<LocList>
<Loc EndOffset="7887" SrcFileId="9" StartOffset="7862"/>
</LocList>
</BasicStmnt>
<LoopStmnt CovItemId="S104" CovItemPrefix="csse376_puerto_rico.GameBoardGUI.java" Intrnl_Id="668" MltplExecId="L7-2" MltplExecPrefix="csse376_puerto_rico.GameBoardGUI.java" NvrExecId="L7-0" NvrExecPrefix="csse376_puerto_rico.GameBoardGUI.java" OnceExecutedId="L7-1" OnceExecutedPrefix="csse376_puerto_rico.GameBoardGUI.java" OptBodyExec="true">
<StmntSeq Intrnl_Id="669">
<LocList>
<Loc EndOffset="8224" SrcFileId="9" StartOffset="7919"/>
<Loc EndOffset="9819" SrcFileId="9" StartOffset="8231"/>
<Loc EndOffset="9852" SrcFileId="9" StartOffset="9826"/>
</LocList>
<BasicStmnt CovItemId="S105" CovItemPrefix="csse376_puerto_rico.GameBoardGUI.java" Intrnl_Id="670">
<LocList>
<Loc EndOffset="8224" SrcFileId="9" StartOffset="7919"/>
</LocList>
</BasicStmnt>
<CondStmnt CovItemId="S106" CovItemPrefix="csse376_puerto_rico.GameBoardGUI.java" Intrnl_Id="671">
<Branch CovItemId="B11" CovItemPrefix="csse376_puerto_rico.GameBoardGUI.java" Implct="false" Intrnl_Id="672">
<Cond/>
<LocList>
<Loc EndOffset="9054" SrcFileId="9" StartOffset="8243"/>
</LocList>
<StmntSeq Intrnl_Id="673">
<LocList>
<Loc EndOffset="8358" SrcFileId="9" StartOffset="8252"/>
<Loc EndOffset="8397" SrcFileId="9" StartOffset="8366"/>
<Loc EndOffset="8447" SrcFileId="9" StartOffset="8405"/>
<Loc EndOffset="8753" SrcFileId="9" StartOffset="8457"/>
<Loc EndOffset="9044" SrcFileId="9" StartOffset="8761"/>
</LocList>
<BasicStmnt CovItemId="S107" CovItemPrefix="csse376_puerto_rico.GameBoardGUI.java" Intrnl_Id="674">
<LocList>
<Loc EndOffset="8358" SrcFileId="9" StartOffset="8252"/>
</LocList>
</BasicStmnt>
<BasicStmnt CovItemId="S108" CovItemPrefix="csse376_puerto_rico.GameBoardGUI.java" Intrnl_Id="675">
<LocList>
<Loc EndOffset="8397" SrcFileId="9" StartOffset="8366"/>
</LocList>
</BasicStmnt>
<BasicStmnt CovItemId="S109" CovItemPrefix="csse376_puerto_rico.GameBoardGUI.java" Intrnl_Id="676">
<LocList>
<Loc EndOffset="8447" SrcFileId="9" StartOffset="8405"/>
</LocList>
</BasicStmnt>
<BasicStmnt CovItemId="S110" CovItemPrefix="csse376_puerto_rico.GameBoardGUI.java" Intrnl_Id="677">
<LocList>
<Loc EndOffset="8753" SrcFileId="9" StartOffset="8457"/>
</LocList>
</BasicStmnt>
<CondStmnt CovItemId="S111" CovItemPrefix="csse376_puerto_rico.GameBoardGUI.java" Intrnl_Id="678">
<Branch CovItemId="B13" CovItemPrefix="csse376_puerto_rico.GameBoardGUI.java" Implct="false" Intrnl_Id="679">
<Cond/>
<LocList>
<Loc EndOffset="8953" SrcFileId="9" StartOffset="8797"/>
</LocList>
<StmntSeq Intrnl_Id="680">
<LocList>
<Loc EndOffset="8919" SrcFileId="9" StartOffset="8862"/>
<Loc EndOffset="8944" SrcFileId="9" StartOffset="8928"/>
</LocList>
<BasicStmnt CovItemId="S112" CovItemPrefix="csse376_puerto_rico.GameBoardGUI.java" Intrnl_Id="681">
<LocList>
<Loc EndOffset="8919" SrcFileId="9" StartOffset="8862"/>
</LocList>
</BasicStmnt>
<BasicStmnt CovItemId="S113" CovItemPrefix="csse376_puerto_rico.GameBoardGUI.java" Intrnl_Id="682">
<LocList>
<Loc EndOffset="8944" SrcFileId="9" StartOffset="8928"/>
</LocList>
</BasicStmnt>
</StmntSeq>
</Branch>
<Branch CovItemId="B14" CovItemPrefix="csse376_puerto_rico.GameBoardGUI.java" Implct="false" Intrnl_Id="683">
<Cond>
<Loc EndOffset="8958" SrcFileId="9" StartOffset="8954"/>
</Cond>
<LocList>
<Loc EndOffset="9044" SrcFileId="9" StartOffset="8959"/>
</LocList>
<StmntSeq Intrnl_Id="684">
<LocList>
<Loc EndOffset="9035" SrcFileId="9" StartOffset="9018"/>
</LocList>
<BasicStmnt CovItemId="S114" CovItemPrefix="csse376_puerto_rico.GameBoardGUI.java" Intrnl_Id="685">
<LocList>
<Loc EndOffset="9035" SrcFileId="9" StartOffset="9018"/>
</LocList>
</BasicStmnt>
</StmntSeq>
</Branch>
<Keyword EndOffset="8763" SrcFileId="9" StartOffset="8761"/>
<LocList>
<Loc EndOffset="9044" SrcFileId="9" StartOffset="8761"/>
</LocList>
<RootTerm CovItemId="C14" CovItemPrefix="csse376_puerto_rico.GameBoardGUI.java" Intrnl_Id="686">
<BasicBoolTerm Intrnl_Id="687">
<LocList>
<Loc EndOffset="8795" SrcFileId="9" StartOffset="8765"/>
</LocList>
</BasicBoolTerm>
</RootTerm>
</CondStmnt>
</StmntSeq>
</Branch>
<Branch CovItemId="B12" CovItemPrefix="csse376_puerto_rico.GameBoardGUI.java" Implct="false" Intrnl_Id="688">
<Cond>
<Loc EndOffset="9059" SrcFileId="9" StartOffset="9055"/>
</Cond>
<LocList>
<Loc EndOffset="9819" SrcFileId="9" StartOffset="9060"/>
</LocList>
<StmntSeq Intrnl_Id="689">
<LocList>
<Loc EndOffset="9819" SrcFileId="9" StartOffset="9060"/>
</LocList>
<CondStmnt CovItemId="S115" CovItemPrefix="csse376_puerto_rico.GameBoardGUI.java" Intrnl_Id="690">
<Branch CovItemId="B15" CovItemPrefix="csse376_puerto_rico.GameBoardGUI.java" Implct="false" Intrnl_Id="691">
<Cond/>
<LocList>
<Loc EndOffset="9759" SrcFileId="9" StartOffset="9072"/>
</LocList>
<StmntSeq Intrnl_Id="692">
<LocList>
<Loc EndOffset="9186" SrcFileId="9" StartOffset="9081"/>
<Loc EndOffset="9222" SrcFileId="9" StartOffset="9194"/>
<Loc EndOffset="9269" SrcFileId="9" StartOffset="9230"/>
<Loc EndOffset="9579" SrcFileId="9" StartOffset="9279"/>
<Loc EndOffset="9751" SrcFileId="9" StartOffset="9587"/>
</LocList>
<BasicStmnt CovItemId="S116" CovItemPrefix="csse376_puerto_rico.GameBoardGUI.java" Intrnl_Id="693">
<LocList>
<Loc EndOffset="9186" SrcFileId="9" StartOffset="9081"/>
</LocList>
</BasicStmnt>
<BasicStmnt CovItemId="S117" CovItemPrefix="csse376_puerto_rico.GameBoardGUI.java" Intrnl_Id="694">
<LocList>
<Loc EndOffset="9222" SrcFileId="9" StartOffset="9194"/>
</LocList>
</BasicStmnt>
<BasicStmnt CovItemId="S118" CovItemPrefix="csse376_puerto_rico.GameBoardGUI.java" Intrnl_Id="695">
<LocList>
<Loc EndOffset="9269" SrcFileId="9" StartOffset="9230"/>
</LocList>
</BasicStmnt>
<BasicStmnt CovItemId="S119" CovItemPrefix="csse376_puerto_rico.GameBoardGUI.java" Intrnl_Id="696">
<LocList>
<Loc EndOffset="9579" SrcFileId="9" StartOffset="9279"/>
</LocList>
</BasicStmnt>
<CondStmnt CovItemId="S120" CovItemPrefix="csse376_puerto_rico.GameBoardGUI.java" Intrnl_Id="697">
<Branch CovItemId="B17" CovItemPrefix="csse376_puerto_rico.GameBoardGUI.java" Implct="false" Intrnl_Id="698">
<Cond/>
<LocList>
<Loc EndOffset="9660" SrcFileId="9" StartOffset="9625"/>
</LocList>
<StmntSeq Intrnl_Id="699">
<LocList>
<Loc EndOffset="9651" SrcFileId="9" StartOffset="9635"/>
</LocList>
<BasicStmnt CovItemId="S121" CovItemPrefix="csse376_puerto_rico.GameBoardGUI.java" Intrnl_Id="700">
<LocList>
<Loc EndOffset="9651" SrcFileId="9" StartOffset="9635"/>
</LocList>
</BasicStmnt>
</StmntSeq>
</Branch>
<Branch CovItemId="B18" CovItemPrefix="csse376_puerto_rico.GameBoardGUI.java" Implct="false" Intrnl_Id="701">
<Cond>
<Loc EndOffset="9665" SrcFileId="9" StartOffset="9661"/>
</Cond>
<LocList>
<Loc EndOffset="9751" SrcFileId="9" StartOffset="9666"/>
</LocList>
<StmntSeq Intrnl_Id="702">
<LocList>
<Loc EndOffset="9742" SrcFileId="9" StartOffset="9725"/>
</LocList>
<BasicStmnt CovItemId="S122" CovItemPrefix="csse376_puerto_rico.GameBoardGUI.java" Intrnl_Id="703">
<LocList>
<Loc EndOffset="9742" SrcFileId="9" StartOffset="9725"/>
</LocList>
</BasicStmnt>
</StmntSeq>
</Branch>
<Keyword EndOffset="9589" SrcFileId="9" StartOffset="9587"/>
<LocList>
<Loc EndOffset="9751" SrcFileId="9" StartOffset="9587"/>
</LocList>
<RootTerm CovItemId="C16" CovItemPrefix="csse376_puerto_rico.GameBoardGUI.java" Intrnl_Id="704">
<BasicBoolTerm Intrnl_Id="705">
<LocList>
<Loc EndOffset="9623" SrcFileId="9" StartOffset="9591"/>
</LocList>
</BasicBoolTerm>
</RootTerm>
</CondStmnt>
</StmntSeq>
</Branch>
<Branch CovItemId="B16" CovItemPrefix="csse376_puerto_rico.GameBoardGUI.java" Implct="false" Intrnl_Id="706">
<Cond>
<Loc EndOffset="9764" SrcFileId="9" StartOffset="9760"/>
</Cond>
<LocList>
<Loc EndOffset="9819" SrcFileId="9" StartOffset="9765"/>
</LocList>
<StmntSeq Intrnl_Id="707">
<LocList>
<Loc EndOffset="9811" SrcFileId="9" StartOffset="9795"/>
</LocList>
<BasicStmnt CovItemId="S123" CovItemPrefix="csse376_puerto_rico.GameBoardGUI.java" Intrnl_Id="708">
<LocList>
<Loc EndOffset="9811" SrcFileId="9" StartOffset="9795"/>
</LocList>
</BasicStmnt>
</StmntSeq>
</Branch>
<Keyword EndOffset="9062" SrcFileId="9" StartOffset="9060"/>
<LocList>
<Loc EndOffset="9819" SrcFileId="9" StartOffset="9060"/>
</LocList>
<RootTerm CovItemId="C15" CovItemPrefix="csse376_puerto_rico.GameBoardGUI.java" Intrnl_Id="709">
<BasicBoolTerm Intrnl_Id="710">
<LocList>
<Loc EndOffset="9070" SrcFileId="9" StartOffset="9064"/>
</LocList>
</BasicBoolTerm>
</RootTerm>
</CondStmnt>
</StmntSeq>
</Branch>
<Keyword EndOffset="8233" SrcFileId="9" StartOffset="8231"/>
<LocList>
<Loc EndOffset="9819" SrcFileId="9" StartOffset="8231"/>
</LocList>
<RootTerm CovItemId="C13" CovItemPrefix="csse376_puerto_rico.GameBoardGUI.java" Intrnl_Id="711">
<BasicBoolTerm Intrnl_Id="712">
<LocList>
<Loc EndOffset="8241" SrcFileId="9" StartOffset="8235"/>
</LocList>
</BasicBoolTerm>
</RootTerm>
</CondStmnt>
<BasicStmnt CovItemId="S124" CovItemPrefix="csse376_puerto_rico.GameBoardGUI.java" Intrnl_Id="713">
<LocList>
<Loc EndOffset="9852" SrcFileId="9" StartOffset="9826"/>
</LocList>
</BasicStmnt>
</StmntSeq>
<Keyword EndOffset="7898" SrcFileId="9" StartOffset="7893"/>
<LocList>
<Loc EndOffset="9859" SrcFileId="9" StartOffset="7893"/>
</LocList>
<RootTerm CovItemId="C12" CovItemPrefix="csse376_puerto_rico.GameBoardGUI.java" Intrnl_Id="714">
<OpTerm BooleanOpId="12" Intrnl_Id="715">
<BasicBoolTerm Intrnl_Id="716">
<LocList>
<Loc EndOffset="7909" SrcFileId="9" StartOffset="7901"/>
</LocList>
</BasicBoolTerm>
<LocList>
<Loc EndOffset="7901" SrcFileId="9" StartOffset="7900"/>
</LocList>
</OpTerm>
</RootTerm>
</LoopStmnt>
<BasicStmnt CovItemId="S125" CovItemPrefix="csse376_puerto_rico.GameBoardGUI.java" Intrnl_Id="717">
<LocList>
<Loc EndOffset="9906" SrcFileId="9" StartOffset="9865"/>
</LocList>
</BasicStmnt>
</StmntSeq>
<Keyword EndOffset="7642" SrcFileId="9" StartOffset="7639"/>
<LocList>
<Loc EndOffset="9914" SrcFileId="9" StartOffset="7639"/>
</LocList>
<RootTerm CovItemId="C11" CovItemPrefix="csse376_puerto_rico.GameBoardGUI.java" Intrnl_Id="718">
<BasicBoolTerm Intrnl_Id="719">
<LocList>
<Loc EndOffset="7673" SrcFileId="9" StartOffset="7655"/>
</LocList>
</BasicBoolTerm>
</RootTerm>
</LoopStmnt>
</StmntSeq>
</Branch>
<Branch CovItemId="B10" CovItemPrefix="csse376_puerto_rico.GameBoardGUI.java" Implct="false" Intrnl_Id="720">
<Cond>
<Loc EndOffset="9924" SrcFileId="9" StartOffset="9920"/>
</Cond>
<LocList>
<Loc EndOffset="13740" SrcFileId="9" StartOffset="9925"/>
</LocList>
<StmntSeq Intrnl_Id="721">
<LocList>
<Loc EndOffset="13740" SrcFileId="9" StartOffset="9925"/>
</LocList>
<CondStmnt CovItemId="S126" CovItemPrefix="csse376_puerto_rico.GameBoardGUI.java" Intrnl_Id="722">
<Branch CovItemId="B19" CovItemPrefix="csse376_puerto_rico.GameBoardGUI.java" Implct="false" Intrnl_Id="723">
<Cond/>
<LocList>
<Loc EndOffset="10772" SrcFileId="9" StartOffset="9963"/>
</LocList>
<StmntSeq Intrnl_Id="724">
<LocList>
<Loc EndOffset="9999" SrcFileId="9" StartOffset="9969"/>
<Loc EndOffset="10052" SrcFileId="9" StartOffset="10004"/>
<Loc EndOffset="10079" SrcFileId="9" StartOffset="10057"/>
<Loc EndOffset="10120" SrcFileId="9" StartOffset="10084"/>
<Loc EndOffset="10767" SrcFileId="9" StartOffset="10180"/>
</LocList>
<BasicStmnt CovItemId="S127" CovItemPrefix="csse376_puerto_rico.GameBoardGUI.java" Intrnl_Id="725">
<LocList>
<Loc EndOffset="9999" SrcFileId="9" StartOffset="9969"/>
</LocList>
</BasicStmnt>
<BasicStmnt CovItemId="S128" CovItemPrefix="csse376_puerto_rico.GameBoardGUI.java" Intrnl_Id="726">
<LocList>
<Loc EndOffset="10052" SrcFileId="9" StartOffset="10004"/>
</LocList>
</BasicStmnt>
<BasicStmnt CovItemId="S129" CovItemPrefix="csse376_puerto_rico.GameBoardGUI.java" Intrnl_Id="727">
<LocList>
<Loc EndOffset="10079" SrcFileId="9" StartOffset="10057"/>
</LocList>
</BasicStmnt>
<BasicStmnt CovItemId="S130" CovItemPrefix="csse376_puerto_rico.GameBoardGUI.java" Intrnl_Id="728">
<LocList>
<Loc EndOffset="10120" SrcFileId="9" StartOffset="10084"/>
</LocList>
</BasicStmnt>
<LoopStmnt CovItemId="S131" CovItemPrefix="csse376_puerto_rico.GameBoardGUI.java" Intrnl_Id="729" MltplExecId="L8-2" MltplExecPrefix="csse376_puerto_rico.GameBoardGUI.java" NvrExecId="L8-0" NvrExecPrefix="csse376_puerto_rico.GameBoardGUI.java" OnceExecutedId="L8-1" OnceExecutedPrefix="csse376_puerto_rico.GameBoardGUI.java" OptBodyExec="true">
<StmntSeq Intrnl_Id="730">
<LocList>
<Loc EndOffset="10260" SrcFileId="9" StartOffset="10230"/>
<Loc EndOffset="10294" SrcFileId="9" StartOffset="10266"/>
<Loc EndOffset="10583" SrcFileId="9" StartOffset="10340"/>
<Loc EndOffset="10680" SrcFileId="9" StartOffset="10589"/>
<Loc EndOffset="10712" SrcFileId="9" StartOffset="10686"/>
<Loc EndOffset="10759" SrcFileId="9" StartOffset="10718"/>
</LocList>
<BasicStmnt CovItemId="S132" CovItemPrefix="csse376_puerto_rico.GameBoardGUI.java" Intrnl_Id="731">
<LocList>
<Loc EndOffset="10260" SrcFileId="9" StartOffset="10230"/>
</LocList>
</BasicStmnt>
<BasicStmnt CovItemId="S133" CovItemPrefix="csse376_puerto_rico.GameBoardGUI.java" Intrnl_Id="732">
<LocList>
<Loc EndOffset="10294" SrcFileId="9" StartOffset="10266"/>
</LocList>
</BasicStmnt>
<BasicStmnt CovItemId="S134" CovItemPrefix="csse376_puerto_rico.GameBoardGUI.java" Intrnl_Id="733">
<LocList>
<Loc EndOffset="10583" SrcFileId="9" StartOffset="10340"/>
</LocList>
</BasicStmnt>
<CondStmnt CovItemId="S135" CovItemPrefix="csse376_puerto_rico.GameBoardGUI.java" Intrnl_Id="734">
<Branch CovItemId="B21" CovItemPrefix="csse376_puerto_rico.GameBoardGUI.java" Implct="false" Intrnl_Id="735">
<Cond/>
<LocList>
<Loc EndOffset="10680" SrcFileId="9" StartOffset="10617"/>
</LocList>
<StmntSeq Intrnl_Id="736">
<LocList>
<Loc EndOffset="10673" SrcFileId="9" StartOffset="10625"/>
</LocList>
<BasicStmnt CovItemId="S136" CovItemPrefix="csse376_puerto_rico.GameBoardGUI.java" Intrnl_Id="737">
<LocList>
<Loc EndOffset="10673" SrcFileId="9" StartOffset="10625"/>
</LocList>
</BasicStmnt>
</StmntSeq>
</Branch>
<Branch CovItemId="B22" CovItemPrefix="csse376_puerto_rico.GameBoardGUI.java" Implct="true" Intrnl_Id="738">
<Cond/>
<LocList/>
<StmntSeq Intrnl_Id="739">
<LocList/>
</StmntSeq>
</Branch>
<Keyword EndOffset="10591" SrcFileId="9" StartOffset="10589"/>
<LocList>
<Loc EndOffset="10680" SrcFileId="9" StartOffset="10589"/>
</LocList>
<RootTerm CovItemId="C19" CovItemPrefix="csse376_puerto_rico.GameBoardGUI.java" Intrnl_Id="740">
<BasicBoolTerm Intrnl_Id="741">
<LocList>
<Loc EndOffset="10615" SrcFileId="9" StartOffset="10593"/>
</LocList>
</BasicBoolTerm>
</RootTerm>
</CondStmnt>
<BasicStmnt CovItemId="S137" CovItemPrefix="csse376_puerto_rico.GameBoardGUI.java" Intrnl_Id="742">
<LocList>
<Loc EndOffset="10712" SrcFileId="9" StartOffset="10686"/>
</LocList>
</BasicStmnt>
<BasicStmnt CovItemId="S138" CovItemPrefix="csse376_puerto_rico.GameBoardGUI.java" Intrnl_Id="743">
<LocList>
<Loc EndOffset="10759" SrcFileId="9" StartOffset="10718"/>
</LocList>
</BasicStmnt>
</StmntSeq>
<Keyword EndOffset="10183" SrcFileId="9" StartOffset="10180"/>
<LocList>
<Loc EndOffset="10767" SrcFileId="9" StartOffset="10180"/>
</LocList>
<RootTerm CovItemId="C18" CovItemPrefix="csse376_puerto_rico.GameBoardGUI.java" Intrnl_Id="744">
<BasicBoolTerm Intrnl_Id="745">
<LocList>
<Loc EndOffset="10214" SrcFileId="9" StartOffset="10196"/>
</LocList>
</BasicBoolTerm>
</RootTerm>
</LoopStmnt>
</StmntSeq>
</Branch>
<Branch CovItemId="B20" CovItemPrefix="csse376_puerto_rico.GameBoardGUI.java" Implct="false" Intrnl_Id="746">
<Cond>
<Loc EndOffset="10776" SrcFileId="9" StartOffset="10772"/>
</Cond>
<LocList>
<Loc EndOffset="13740" SrcFileId="9" StartOffset="10777"/>
</LocList>
<StmntSeq Intrnl_Id="747">
<LocList>
<Loc EndOffset="13740" SrcFileId="9" StartOffset="10777"/>
</LocList>
<CondStmnt CovItemId="S139" CovItemPrefix="csse376_puerto_rico.GameBoardGUI.java" Intrnl_Id="748">
<Branch CovItemId="B23" CovItemPrefix="csse376_puerto_rico.GameBoardGUI.java" Implct="false" Intrnl_Id="749">
<Cond/>
<LocList>
<Loc EndOffset="11595" SrcFileId="9" StartOffset="10813"/>
</LocList>
<StmntSeq Intrnl_Id="750">
<LocList>
<Loc EndOffset="10881" SrcFileId="9" StartOffset="10838"/>
<Loc EndOffset="10907" SrcFileId="9" StartOffset="10886"/>
<Loc EndOffset="10948" SrcFileId="9" StartOffset="10912"/>
<Loc EndOffset="11590" SrcFileId="9" StartOffset="10953"/>
</LocList>
<BasicStmnt CovItemId="S140" CovItemPrefix="csse376_puerto_rico.GameBoardGUI.java" Intrnl_Id="751">
<LocList>
<Loc EndOffset="10881" SrcFileId="9" StartOffset="10838"/>
</LocList>
</BasicStmnt>
<BasicStmnt CovItemId="S141" CovItemPrefix="csse376_puerto_rico.GameBoardGUI.java" Intrnl_Id="752">
<LocList>
<Loc EndOffset="10907" SrcFileId="9" StartOffset="10886"/>
</LocList>
</BasicStmnt>
<BasicStmnt CovItemId="S142" CovItemPrefix="csse376_puerto_rico.GameBoardGUI.java" Intrnl_Id="753">
<LocList>
<Loc EndOffset="10948" SrcFileId="9" StartOffset="10912"/>
</LocList>
</BasicStmnt>
<LoopStmnt CovItemId="S143" CovItemPrefix="csse376_puerto_rico.GameBoardGUI.java" Intrnl_Id="754" MltplExecId="L9-2" MltplExecPrefix="csse376_puerto_rico.GameBoardGUI.java" NvrExecId="L9-0" NvrExecPrefix="csse376_puerto_rico.GameBoardGUI.java" OnceExecutedId="L9-1" OnceExecutedPrefix="csse376_puerto_rico.GameBoardGUI.java" OptBodyExec="true">
<StmntSeq Intrnl_Id="755">
<LocList>
<Loc EndOffset="11033" SrcFileId="9" StartOffset="11003"/>
<Loc EndOffset="11320" SrcFileId="9" StartOffset="11079"/>
<Loc EndOffset="11361" SrcFileId="9" StartOffset="11327"/>
<Loc EndOffset="11505" SrcFileId="9" StartOffset="11367"/>
<Loc EndOffset="11537" SrcFileId="9" StartOffset="11511"/>
<Loc EndOffset="11584" SrcFileId="9" StartOffset="11543"/>
</LocList>
<BasicStmnt CovItemId="S144" CovItemPrefix="csse376_puerto_rico.GameBoardGUI.java" Intrnl_Id="756">
<LocList>
<Loc EndOffset="11033" SrcFileId="9" StartOffset="11003"/>
</LocList>
</BasicStmnt>
<BasicStmnt CovItemId="S145" CovItemPrefix="csse376_puerto_rico.GameBoardGUI.java" Intrnl_Id="757">
<LocList>
<Loc EndOffset="11320" SrcFileId="9" StartOffset="11079"/>
</LocList>
</BasicStmnt>
<BasicStmnt CovItemId="S146" CovItemPrefix="csse376_puerto_rico.GameBoardGUI.java" Intrnl_Id="758">
<LocList>
<Loc EndOffset="11361" SrcFileId="9" StartOffset="11327"/>
</LocList>
</BasicStmnt>
<CondStmnt CovItemId="S147" CovItemPrefix="csse376_puerto_rico.GameBoardGUI.java" Intrnl_Id="759">
<Branch CovItemId="B25" CovItemPrefix="csse376_puerto_rico.GameBoardGUI.java" Implct="false" Intrnl_Id="760">
<Cond/>
<LocList>
<Loc EndOffset="11505" SrcFileId="9" StartOffset="11424"/>
</LocList>
<StmntSeq Intrnl_Id="761">
<LocList>
<Loc EndOffset="11498" SrcFileId="9" StartOffset="11432"/>
</LocList>
<BasicStmnt CovItemId="S148" CovItemPrefix="csse376_puerto_rico.GameBoardGUI.java" Intrnl_Id="762">
<LocList>
<Loc EndOffset="11498" SrcFileId="9" StartOffset="11432"/>
</LocList>
</BasicStmnt>
</StmntSeq>
</Branch>
<Branch CovItemId="B26" CovItemPrefix="csse376_puerto_rico.GameBoardGUI.java" Implct="true" Intrnl_Id="763">
<Cond/>
<LocList/>
<StmntSeq Intrnl_Id="764">
<LocList/>
</StmntSeq>
</Branch>
<Keyword EndOffset="11369" SrcFileId="9" StartOffset="11367"/>
<LocList>
<Loc EndOffset="11505" SrcFileId="9" StartOffset="11367"/>
</LocList>
<RootTerm CovItemId="C22" CovItemPrefix="csse376_puerto_rico.GameBoardGUI.java" Intrnl_Id="765">
<OpTerm BooleanOpId="13" Intrnl_Id="766">
<BasicBoolTerm Intrnl_Id="767">
<LocList>
<Loc EndOffset="11393" SrcFileId="9" StartOffset="11371"/>
</LocList>
</BasicBoolTerm>
<BasicBoolTerm Intrnl_Id="768">
<LocList>
<Loc EndOffset="11422" SrcFileId="9" StartOffset="11397"/>
</LocList>
</BasicBoolTerm>
<LocList>
<Loc EndOffset="11396" SrcFileId="9" StartOffset="11394"/>
</LocList>
</OpTerm>
</RootTerm>
</CondStmnt>
<BasicStmnt CovItemId="S149" CovItemPrefix="csse376_puerto_rico.GameBoardGUI.java" Intrnl_Id="769">
<LocList>
<Loc EndOffset="11537" SrcFileId="9" StartOffset="11511"/>
</LocList>
</BasicStmnt>
<BasicStmnt CovItemId="S150" CovItemPrefix="csse376_puerto_rico.GameBoardGUI.java" Intrnl_Id="770">
<LocList>
<Loc EndOffset="11584" SrcFileId="9" StartOffset="11543"/>
</LocList>
</BasicStmnt>
</StmntSeq>
<Keyword EndOffset="10956" SrcFileId="9" StartOffset="10953"/>
<LocList>
<Loc EndOffset="11590" SrcFileId="9" StartOffset="10953"/>
</LocList>
<RootTerm CovItemId="C21" CovItemPrefix="csse376_puerto_rico.GameBoardGUI.java" Intrnl_Id="771">
<BasicBoolTerm Intrnl_Id="772">
<LocList>
<Loc EndOffset="10987" SrcFileId="9" StartOffset="10969"/>
</LocList>
</BasicBoolTerm>
</RootTerm>
</LoopStmnt>
</StmntSeq>
</Branch>
<Branch CovItemId="B24" CovItemPrefix="csse376_puerto_rico.GameBoardGUI.java" Implct="false" Intrnl_Id="773">
<Cond>
<Loc EndOffset="11599" SrcFileId="9" StartOffset="11595"/>
</Cond>
<LocList>
<Loc EndOffset="13740" SrcFileId="9" StartOffset="11600"/>
</LocList>
<StmntSeq Intrnl_Id="774">
<LocList>
<Loc EndOffset="13740" SrcFileId="9" StartOffset="11600"/>
</LocList>
<CondStmnt CovItemId="S151" CovItemPrefix="csse376_puerto_rico.GameBoardGUI.java" Intrnl_Id="775">
<Branch CovItemId="B27" CovItemPrefix="csse376_puerto_rico.GameBoardGUI.java" Implct="false" Intrnl_Id="776">
<Cond/>
<LocList>
<Loc EndOffset="11866" SrcFileId="9" StartOffset="11638"/>
</LocList>
<StmntSeq Intrnl_Id="777">
<LocList>
<Loc EndOffset="11861" SrcFileId="9" StartOffset="11663"/>
</LocList>
<LoopStmnt CovItemId="S152" CovItemPrefix="csse376_puerto_rico.GameBoardGUI.java" Intrnl_Id="778" MltplExecId="L10-2" MltplExecPrefix="csse376_puerto_rico.GameBoardGUI.java" NvrExecId="L10-0" NvrExecPrefix="csse376_puerto_rico.GameBoardGUI.java" OnceExecutedId="L10-1" OnceExecutedPrefix="csse376_puerto_rico.GameBoardGUI.java" OptBodyExec="true">
<StmntSeq Intrnl_Id="779">
<LocList>
<Loc EndOffset="11743" SrcFileId="9" StartOffset="11713"/>
<Loc EndOffset="11774" SrcFileId="9" StartOffset="11749"/>
<Loc EndOffset="11806" SrcFileId="9" StartOffset="11780"/>
<Loc EndOffset="11853" SrcFileId="9" StartOffset="11812"/>
</LocList>
<BasicStmnt CovItemId="S153" CovItemPrefix="csse376_puerto_rico.GameBoardGUI.java" Intrnl_Id="780">
<LocList>
<Loc EndOffset="11743" SrcFileId="9" StartOffset="11713"/>
</LocList>
</BasicStmnt>
<BasicStmnt CovItemId="S154" CovItemPrefix="csse376_puerto_rico.GameBoardGUI.java" Intrnl_Id="781">
<LocList>
<Loc EndOffset="11774" SrcFileId="9" StartOffset="11749"/>
</LocList>
</BasicStmnt>
<BasicStmnt CovItemId="S155" CovItemPrefix="csse376_puerto_rico.GameBoardGUI.java" Intrnl_Id="782">
<LocList>
<Loc EndOffset="11806" SrcFileId="9" StartOffset="11780"/>
</LocList>
</BasicStmnt>
<BasicStmnt CovItemId="S156" CovItemPrefix="csse376_puerto_rico.GameBoardGUI.java" Intrnl_Id="783">
<LocList>
<Loc EndOffset="11853" SrcFileId="9" StartOffset="11812"/>
</LocList>
</BasicStmnt>
</StmntSeq>
<Keyword EndOffset="11666" SrcFileId="9" StartOffset="11663"/>
<LocList>
<Loc EndOffset="11861" SrcFileId="9" StartOffset="11663"/>
</LocList>
<RootTerm CovItemId="C24" CovItemPrefix="csse376_puerto_rico.GameBoardGUI.java" Intrnl_Id="784">
<BasicBoolTerm Intrnl_Id="785">
<LocList>
<Loc EndOffset="11697" SrcFileId="9" StartOffset="11679"/>
</LocList>
</BasicBoolTerm>
</RootTerm>
</LoopStmnt>
</StmntSeq>
</Branch>
<Branch CovItemId="B28" CovItemPrefix="csse376_puerto_rico.GameBoardGUI.java" Implct="false" Intrnl_Id="786">
<Cond>
<Loc EndOffset="11870" SrcFileId="9" StartOffset="11866"/>
</Cond>
<LocList>
<Loc EndOffset="13740" SrcFileId="9" StartOffset="11871"/>
</LocList>
<StmntSeq Intrnl_Id="787">
<LocList>
<Loc EndOffset="13740" SrcFileId="9" StartOffset="11871"/>
</LocList>
<CondStmnt CovItemId="S157" CovItemPrefix="csse376_puerto_rico.GameBoardGUI.java" Intrnl_Id="788">
<Branch CovItemId="B29" CovItemPrefix="csse376_puerto_rico.GameBoardGUI.java" Implct="false" Intrnl_Id="789">
<Cond/>
<LocList>
<Loc EndOffset="12113" SrcFileId="9" StartOffset="11906"/>
</LocList>
<StmntSeq Intrnl_Id="790">
<LocList>
<Loc EndOffset="12108" SrcFileId="9" StartOffset="11928"/>
</LocList>
<LoopStmnt CovItemId="S158" CovItemPrefix="csse376_puerto_rico.GameBoardGUI.java" Intrnl_Id="791" MltplExecId="L11-2" MltplExecPrefix="csse376_puerto_rico.GameBoardGUI.java" NvrExecId="L11-0" NvrExecPrefix="csse376_puerto_rico.GameBoardGUI.java" OnceExecutedId="L11-1" OnceExecutedPrefix="csse376_puerto_rico.GameBoardGUI.java" OptBodyExec="true">
<StmntSeq Intrnl_Id="792">
<LocList>
<Loc EndOffset="12008" SrcFileId="9" StartOffset="11978"/>
<Loc EndOffset="12053" SrcFileId="9" StartOffset="12027"/>
<Loc EndOffset="12100" SrcFileId="9" StartOffset="12059"/>
</LocList>
<BasicStmnt CovItemId="S159" CovItemPrefix="csse376_puerto_rico.GameBoardGUI.java" Intrnl_Id="793">
<LocList>
<Loc EndOffset="12008" SrcFileId="9" StartOffset="11978"/>
</LocList>
</BasicStmnt>
<BasicStmnt CovItemId="S160" CovItemPrefix="csse376_puerto_rico.GameBoardGUI.java" Intrnl_Id="794">
<LocList>
<Loc EndOffset="12053" SrcFileId="9" StartOffset="12027"/>
</LocList>
</BasicStmnt>
<BasicStmnt CovItemId="S161" CovItemPrefix="csse376_puerto_rico.GameBoardGUI.java" Intrnl_Id="795">
<LocList>
<Loc EndOffset="12100" SrcFileId="9" StartOffset="12059"/>
</LocList>
</BasicStmnt>
</StmntSeq>
<Keyword EndOffset="11931" SrcFileId="9" StartOffset="11928"/>
<LocList>
<Loc EndOffset="12108" SrcFileId="9" StartOffset="11928"/>
</LocList>
<RootTerm CovItemId="C26" CovItemPrefix="csse376_puerto_rico.GameBoardGUI.java" Intrnl_Id="796">
<BasicBoolTerm Intrnl_Id="797">
<LocList>
<Loc EndOffset="11962" SrcFileId="9" StartOffset="11944"/>
</LocList>
</BasicBoolTerm>
</RootTerm>
</LoopStmnt>
</StmntSeq>
</Branch>
<Branch CovItemId="B30" CovItemPrefix="csse376_puerto_rico.GameBoardGUI.java" Implct="false" Intrnl_Id="798">
<Cond>
<Loc EndOffset="12117" SrcFileId="9" StartOffset="12113"/>
</Cond>
<LocList>
<Loc EndOffset="13740" SrcFileId="9" StartOffset="12118"/>
</LocList>
<StmntSeq Intrnl_Id="799">
<LocList>
<Loc EndOffset="13740" SrcFileId="9" StartOffset="12118"/>
</LocList>
<CondStmnt CovItemId="S162" CovItemPrefix="csse376_puerto_rico.GameBoardGUI.java" Intrnl_Id="800">
<Branch CovItemId="B31" CovItemPrefix="csse376_puerto_rico.GameBoardGUI.java" Implct="false" Intrnl_Id="801">
<Cond/>
<LocList>
<Loc EndOffset="13491" SrcFileId="9" StartOffset="12154"/>
</LocList>
<StmntSeq Intrnl_Id="802">
<LocList>
<Loc EndOffset="13486" SrcFileId="9" StartOffset="12165"/>
</LocList>
<LoopStmnt CovItemId="S163" CovItemPrefix="csse376_puerto_rico.GameBoardGUI.java" Intrnl_Id="803" MltplExecId="L12-2" MltplExecPrefix="csse376_puerto_rico.GameBoardGUI.java" NvrExecId="L12-0" NvrExecPrefix="csse376_puerto_rico.GameBoardGUI.java" OnceExecutedId="L12-1" OnceExecutedPrefix="csse376_puerto_rico.GameBoardGUI.java" OptBodyExec="true">
<StmntSeq Intrnl_Id="804">
<LocList>
<Loc EndOffset="12256" SrcFileId="9" StartOffset="12226"/>
<Loc EndOffset="12316" SrcFileId="9" StartOffset="12262"/>
<Loc EndOffset="12581" SrcFileId="9" StartOffset="12328"/>
<Loc EndOffset="12630" SrcFileId="9" StartOffset="12593"/>
<Loc EndOffset="12655" SrcFileId="9" StartOffset="12636"/>
<Loc EndOffset="12680" SrcFileId="9" StartOffset="12661"/>
<Loc EndOffset="12705" SrcFileId="9" StartOffset="12686"/>
<Loc EndOffset="12974" SrcFileId="9" StartOffset="12711"/>
<Loc EndOffset="13362" SrcFileId="9" StartOffset="12986"/>
<Loc EndOffset="13399" SrcFileId="9" StartOffset="13374"/>
<Loc EndOffset="13431" SrcFileId="9" StartOffset="13405"/>
<Loc EndOffset="13478" SrcFileId="9" StartOffset="13437"/>
</LocList>
<BasicStmnt CovItemId="S164" CovItemPrefix="csse376_puerto_rico.GameBoardGUI.java" Intrnl_Id="805">
<LocList>
<Loc EndOffset="12256" SrcFileId="9" StartOffset="12226"/>
</LocList>
</BasicStmnt>
<BasicStmnt CovItemId="S165" CovItemPrefix="csse376_puerto_rico.GameBoardGUI.java" Intrnl_Id="806">
<LocList>
<Loc EndOffset="12316" SrcFileId="9" StartOffset="12262"/>
</LocList>
</BasicStmnt>
<BasicStmnt CovItemId="S166" CovItemPrefix="csse376_puerto_rico.GameBoardGUI.java" Intrnl_Id="807">
<LocList>
<Loc EndOffset="12581" SrcFileId="9" StartOffset="12328"/>
</LocList>
</BasicStmnt>
<BasicStmnt CovItemId="S167" CovItemPrefix="csse376_puerto_rico.GameBoardGUI.java" Intrnl_Id="808">
<LocList>
<Loc EndOffset="12630" SrcFileId="9" StartOffset="12593"/>
</LocList>
</BasicStmnt>
<BasicStmnt CovItemId="S168" CovItemPrefix="csse376_puerto_rico.GameBoardGUI.java" Intrnl_Id="809">
<LocList>
<Loc EndOffset="12655" SrcFileId="9" StartOffset="12636"/>
</LocList>
</BasicStmnt>
<BasicStmnt CovItemId="S169" CovItemPrefix="csse376_puerto_rico.GameBoardGUI.java" Intrnl_Id="810">
<LocList>
<Loc EndOffset="12680" SrcFileId="9" StartOffset="12661"/>
</LocList>
</BasicStmnt>
<BasicStmnt CovItemId="S170" CovItemPrefix="csse376_puerto_rico.GameBoardGUI.java" Intrnl_Id="811">
<LocList>
<Loc EndOffset="12705" SrcFileId="9" StartOffset="12686"/>
</LocList>
</BasicStmnt>
<BasicStmnt CovItemId="S171" CovItemPrefix="csse376_puerto_rico.GameBoardGUI.java" Intrnl_Id="812">
<LocList>
<Loc EndOffset="12974" SrcFileId="9" StartOffset="12711"/>
</LocList>
</BasicStmnt>
<CondStmnt CovItemId="S172" CovItemPrefix="csse376_puerto_rico.GameBoardGUI.java" Intrnl_Id="813">
<Branch CovItemId="B33" CovItemPrefix="csse376_puerto_rico.GameBoardGUI.java" Implct="false" Intrnl_Id="814">
<Cond/>
<LocList>
<Loc EndOffset="13108" SrcFileId="9" StartOffset="12999"/>
</LocList>
<StmntSeq Intrnl_Id="815">
<LocList>
<Loc EndOffset="13066" SrcFileId="9" StartOffset="13007"/>
<Loc EndOffset="13101" SrcFileId="9" StartOffset="13073"/>
</LocList>
<BasicStmnt CovItemId="S173" CovItemPrefix="csse376_puerto_rico.GameBoardGUI.java" Intrnl_Id="816">
<LocList>
<Loc EndOffset="13066" SrcFileId="9" StartOffset="13007"/>
</LocList>
</BasicStmnt>
<BasicStmnt CovItemId="S174" CovItemPrefix="csse376_puerto_rico.GameBoardGUI.java" Intrnl_Id="817">
<LocList>
<Loc EndOffset="13101" SrcFileId="9" StartOffset="13073"/>
</LocList>
</BasicStmnt>
</StmntSeq>
</Branch>
<Branch CovItemId="B34" CovItemPrefix="csse376_puerto_rico.GameBoardGUI.java" Implct="false" Intrnl_Id="818">
<Cond>
<Loc EndOffset="13112" SrcFileId="9" StartOffset="13108"/>
</Cond>
<LocList>
<Loc EndOffset="13362" SrcFileId="9" StartOffset="13113"/>
</LocList>
<StmntSeq Intrnl_Id="819">
<LocList>
<Loc EndOffset="13362" SrcFileId="9" StartOffset="13113"/>
</LocList>
<CondStmnt CovItemId="S175" CovItemPrefix="csse376_puerto_rico.GameBoardGUI.java" Intrnl_Id="820">
<Branch CovItemId="B35" CovItemPrefix="csse376_puerto_rico.GameBoardGUI.java" Implct="false" Intrnl_Id="821">
<Cond/>
<LocList>
<Loc EndOffset="13235" SrcFileId="9" StartOffset="13126"/>
</LocList>
<StmntSeq Intrnl_Id="822">
<LocList>
<Loc EndOffset="13193" SrcFileId="9" StartOffset="13134"/>
<Loc EndOffset="13228" SrcFileId="9" StartOffset="13200"/>
</LocList>
<BasicStmnt CovItemId="S176" CovItemPrefix="csse376_puerto_rico.GameBoardGUI.java" Intrnl_Id="823">
<LocList>
<Loc EndOffset="13193" SrcFileId="9" StartOffset="13134"/>
</LocList>
</BasicStmnt>
<BasicStmnt CovItemId="S177" CovItemPrefix="csse376_puerto_rico.GameBoardGUI.java" Intrnl_Id="824">
<LocList>
<Loc EndOffset="13228" SrcFileId="9" StartOffset="13200"/>
</LocList>
</BasicStmnt>
</StmntSeq>
</Branch>
<Branch CovItemId="B36" CovItemPrefix="csse376_puerto_rico.GameBoardGUI.java" Implct="false" Intrnl_Id="825">
<Cond>
<Loc EndOffset="13239" SrcFileId="9" StartOffset="13235"/>
</Cond>
<LocList>
<Loc EndOffset="13362" SrcFileId="9" StartOffset="13240"/>
</LocList>
<StmntSeq Intrnl_Id="826">
<LocList>
<Loc EndOffset="13362" SrcFileId="9" StartOffset="13240"/>
</LocList>
<CondStmnt CovItemId="S178" CovItemPrefix="csse376_puerto_rico.GameBoardGUI.java" Intrnl_Id="827">
<Branch CovItemId="B37" CovItemPrefix="csse376_puerto_rico.GameBoardGUI.java" Implct="false" Intrnl_Id="828">
<Cond/>
<LocList>
<Loc EndOffset="13362" SrcFileId="9" StartOffset="13253"/>
</LocList>
<StmntSeq Intrnl_Id="829">
<LocList>
<Loc EndOffset="13320" SrcFileId="9" StartOffset="13261"/>
<Loc EndOffset="13355" SrcFileId="9" StartOffset="13327"/>
</LocList>
<BasicStmnt CovItemId="S179" CovItemPrefix="csse376_puerto_rico.GameBoardGUI.java" Intrnl_Id="830">
<LocList>
<Loc EndOffset="13320" SrcFileId="9" StartOffset="13261"/>
</LocList>
</BasicStmnt>
<BasicStmnt CovItemId="S180" CovItemPrefix="csse376_puerto_rico.GameBoardGUI.java" Intrnl_Id="831">
<LocList>
<Loc EndOffset="13355" SrcFileId="9" StartOffset="13327"/>
</LocList>
</BasicStmnt>
</StmntSeq>
</Branch>
<Branch CovItemId="B38" CovItemPrefix="csse376_puerto_rico.GameBoardGUI.java" Implct="true" Intrnl_Id="832">
<Cond/>
<LocList/>
<StmntSeq Intrnl_Id="833">
<LocList/>
</StmntSeq>
</Branch>
<Keyword EndOffset="13242" SrcFileId="9" StartOffset="13240"/>
<LocList>
<Loc EndOffset="13362" SrcFileId="9" StartOffset="13240"/>
</LocList>
<RootTerm CovItemId="C31" CovItemPrefix="csse376_puerto_rico.GameBoardGUI.java" Intrnl_Id="834">
<BasicBoolTerm Intrnl_Id="835">
<LocList>
<Loc EndOffset="13252" SrcFileId="9" StartOffset="13243"/>
</LocList>
</BasicBoolTerm>
</RootTerm>
</CondStmnt>
</StmntSeq>
</Branch>
<Keyword EndOffset="13115" SrcFileId="9" StartOffset="13113"/>
<LocList>
<Loc EndOffset="13362" SrcFileId="9" StartOffset="13113"/>
</LocList>
<RootTerm CovItemId="C30" CovItemPrefix="csse376_puerto_rico.GameBoardGUI.java" Intrnl_Id="836">
<BasicBoolTerm Intrnl_Id="837">
<LocList>
<Loc EndOffset="13125" SrcFileId="9" StartOffset="13116"/>
</LocList>
</BasicBoolTerm>
</RootTerm>
</CondStmnt>
</StmntSeq>
</Branch>
<Keyword EndOffset="12988" SrcFileId="9" StartOffset="12986"/>
<LocList>
<Loc EndOffset="13362" SrcFileId="9" StartOffset="12986"/>
</LocList>
<RootTerm CovItemId="C29" CovItemPrefix="csse376_puerto_rico.GameBoardGUI.java" Intrnl_Id="838">
<BasicBoolTerm Intrnl_Id="839">
<LocList>
<Loc EndOffset="12998" SrcFileId="9" StartOffset="12989"/>
</LocList>
</BasicBoolTerm>
</RootTerm>
</CondStmnt>
<BasicStmnt CovItemId="S181" CovItemPrefix="csse376_puerto_rico.GameBoardGUI.java" Intrnl_Id="840">
<LocList>
<Loc EndOffset="13399" SrcFileId="9" StartOffset="13374"/>
</LocList>
</BasicStmnt>
<BasicStmnt CovItemId="S182" CovItemPrefix="csse376_puerto_rico.GameBoardGUI.java" Intrnl_Id="841">
<LocList>
<Loc EndOffset="13431" SrcFileId="9" StartOffset="13405"/>
</LocList>
</BasicStmnt>
<BasicStmnt CovItemId="S183" CovItemPrefix="csse376_puerto_rico.GameBoardGUI.java" Intrnl_Id="842">
<LocList>
<Loc EndOffset="13478" SrcFileId="9" StartOffset="13437"/>
</LocList>
</BasicStmnt>
</StmntSeq>
<Keyword EndOffset="12168" SrcFileId="9" StartOffset="12165"/>
<LocList>
<Loc EndOffset="13486" SrcFileId="9" StartOffset="12165"/>
</LocList>
<RootTerm CovItemId="C28" CovItemPrefix="csse376_puerto_rico.GameBoardGUI.java" Intrnl_Id="843">
<BasicBoolTerm Intrnl_Id="844">
<LocList>
<Loc EndOffset="12199" SrcFileId="9" StartOffset="12181"/>
</LocList>
</BasicBoolTerm>
</RootTerm>
</LoopStmnt>
</StmntSeq>
</Branch>
<Branch CovItemId="B32" CovItemPrefix="csse376_puerto_rico.GameBoardGUI.java" Implct="false" Intrnl_Id="845">
<Cond>
<Loc EndOffset="13495" SrcFileId="9" StartOffset="13491"/>
</Cond>
<LocList>
<Loc EndOffset="13740" SrcFileId="9" StartOffset="13496"/>
</LocList>
<StmntSeq Intrnl_Id="846">
<LocList>
<Loc EndOffset="13740" SrcFileId="9" StartOffset="13496"/>
</LocList>
<CondStmnt CovItemId="S184" CovItemPrefix="csse376_puerto_rico.GameBoardGUI.java" Intrnl_Id="847">
<Branch CovItemId="B39" CovItemPrefix="csse376_puerto_rico.GameBoardGUI.java" Implct="false" Intrnl_Id="848">
<Cond/>
<LocList>
<Loc EndOffset="13740" SrcFileId="9" StartOffset="13535"/>
</LocList>
<StmntSeq Intrnl_Id="849">
<LocList>
<Loc EndOffset="13735" SrcFileId="9" StartOffset="13559"/>
</LocList>
<LoopStmnt CovItemId="S185" CovItemPrefix="csse376_puerto_rico.GameBoardGUI.java" Intrnl_Id="850" MltplExecId="L13-2" MltplExecPrefix="csse376_puerto_rico.GameBoardGUI.java" NvrExecId="L13-0" NvrExecPrefix="csse376_puerto_rico.GameBoardGUI.java" OnceExecutedId="L13-1" OnceExecutedPrefix="csse376_puerto_rico.GameBoardGUI.java" OptBodyExec="true">
<StmntSeq Intrnl_Id="851">
<LocList>
<Loc EndOffset="13639" SrcFileId="9" StartOffset="13609"/>
<Loc EndOffset="13680" SrcFileId="9" StartOffset="13654"/>
<Loc EndOffset="13727" SrcFileId="9" StartOffset="13686"/>
</LocList>
<BasicStmnt CovItemId="S186" CovItemPrefix="csse376_puerto_rico.GameBoardGUI.java" Intrnl_Id="852">
<LocList>
<Loc EndOffset="13639" SrcFileId="9" StartOffset="13609"/>
</LocList>
</BasicStmnt>
<BasicStmnt CovItemId="S187" CovItemPrefix="csse376_puerto_rico.GameBoardGUI.java" Intrnl_Id="853">
<LocList>
<Loc EndOffset="13680" SrcFileId="9" StartOffset="13654"/>
</LocList>
</BasicStmnt>
<BasicStmnt CovItemId="S188" CovItemPrefix="csse376_puerto_rico.GameBoardGUI.java" Intrnl_Id="854">
<LocList>
<Loc EndOffset="13727" SrcFileId="9" StartOffset="13686"/>
</LocList>
</BasicStmnt>
</StmntSeq>
<Keyword EndOffset="13562" SrcFileId="9" StartOffset="13559"/>
<LocList>
<Loc EndOffset="13735" SrcFileId="9" StartOffset="13559"/>
</LocList>
<RootTerm CovItemId="C33" CovItemPrefix="csse376_puerto_rico.GameBoardGUI.java" Intrnl_Id="855">
<BasicBoolTerm Intrnl_Id="856">
<LocList>
<Loc EndOffset="13593" SrcFileId="9" StartOffset="13575"/>
</LocList>
</BasicBoolTerm>
</RootTerm>
</LoopStmnt>
</StmntSeq>
</Branch>
<Branch CovItemId="B40" CovItemPrefix="csse376_puerto_rico.GameBoardGUI.java" Implct="true" Intrnl_Id="857">
<Cond/>
<LocList/>
<StmntSeq Intrnl_Id="858">
<LocList/>
</StmntSeq>
</Branch>
<Keyword EndOffset="13498" SrcFileId="9" StartOffset="13496"/>
<LocList>
<Loc EndOffset="13740" SrcFileId="9" StartOffset="13496"/>
</LocList>
<RootTerm CovItemId="C32" CovItemPrefix="csse376_puerto_rico.GameBoardGUI.java" Intrnl_Id="859">
<BasicBoolTerm Intrnl_Id="860">
<LocList>
<Loc EndOffset="13534" SrcFileId="9" StartOffset="13499"/>
</LocList>
</BasicBoolTerm>
</RootTerm>
</CondStmnt>
</StmntSeq>
</Branch>
<Keyword EndOffset="12120" SrcFileId="9" StartOffset="12118"/>
<LocList>
<Loc EndOffset="13740" SrcFileId="9" StartOffset="12118"/>
</LocList>
<RootTerm CovItemId="C27" CovItemPrefix="csse376_puerto_rico.GameBoardGUI.java" Intrnl_Id="861">
<BasicBoolTerm Intrnl_Id="862">
<LocList>
<Loc EndOffset="12153" SrcFileId="9" StartOffset="12121"/>
</LocList>
</BasicBoolTerm>
</RootTerm>
</CondStmnt>
</StmntSeq>
</Branch>
<Keyword EndOffset="11873" SrcFileId="9" StartOffset="11871"/>
<LocList>
<Loc EndOffset="13740" SrcFileId="9" StartOffset="11871"/>
</LocList>
<RootTerm CovItemId="C25" CovItemPrefix="csse376_puerto_rico.GameBoardGUI.java" Intrnl_Id="863">
<BasicBoolTerm Intrnl_Id="864">
<LocList>
<Loc EndOffset="11905" SrcFileId="9" StartOffset="11874"/>
</LocList>
</BasicBoolTerm>
</RootTerm>
</CondStmnt>
</StmntSeq>
</Branch>
<Keyword EndOffset="11602" SrcFileId="9" StartOffset="11600"/>
<LocList>
<Loc EndOffset="13740" SrcFileId="9" StartOffset="11600"/>
</LocList>
<RootTerm CovItemId="C23" CovItemPrefix="csse376_puerto_rico.GameBoardGUI.java" Intrnl_Id="865">
<BasicBoolTerm Intrnl_Id="866">
<LocList>
<Loc EndOffset="11637" SrcFileId="9" StartOffset="11603"/>
</LocList>
</BasicBoolTerm>
</RootTerm>
</CondStmnt>
</StmntSeq>
</Branch>
<Keyword EndOffset="10779" SrcFileId="9" StartOffset="10777"/>
<LocList>
<Loc EndOffset="13740" SrcFileId="9" StartOffset="10777"/>
</LocList>
<RootTerm CovItemId="C20" CovItemPrefix="csse376_puerto_rico.GameBoardGUI.java" Intrnl_Id="867">
<BasicBoolTerm Intrnl_Id="868">
<LocList>
<Loc EndOffset="10812" SrcFileId="9" StartOffset="10780"/>
</LocList>
</BasicBoolTerm>
</RootTerm>
</CondStmnt>
</StmntSeq>
</Branch>
<Keyword EndOffset="9927" SrcFileId="9" StartOffset="9925"/>
<LocList>
<Loc EndOffset="13740" SrcFileId="9" StartOffset="9925"/>
</LocList>
<RootTerm CovItemId="C17" CovItemPrefix="csse376_puerto_rico.GameBoardGUI.java" Intrnl_Id="869">
<BasicBoolTerm Intrnl_Id="870">
<LocList>
<Loc EndOffset="9961" SrcFileId="9" StartOffset="9929"/>
</LocList>
</BasicBoolTerm>
</RootTerm>
</CondStmnt>
</StmntSeq>
</Branch>
<Keyword EndOffset="7597" SrcFileId="9" StartOffset="7595"/>
<LocList>
<Loc EndOffset="13740" SrcFileId="9" StartOffset="7595"/>
</LocList>
<RootTerm CovItemId="C10" CovItemPrefix="csse376_puerto_rico.GameBoardGUI.java" Intrnl_Id="871">
<BasicBoolTerm Intrnl_Id="872">
<LocList>
<Loc EndOffset="7629" SrcFileId="9" StartOffset="7599"/>
</LocList>
</BasicBoolTerm>
</RootTerm>
</CondStmnt>
</StmntSeq>
</HierarchyLvl>
</HierarchyLvl>
<HierarchyLvl HierarchyLvlId="850" HierarchyLvlTypeId="16" Intrnl_Id="873" Name="ButtonHandler">
<Header>
<Loc EndOffset="224" SrcFileId="10" StartOffset="172"/>
</Header>
<LocList>
<Loc EndOffset="790" SrcFileId="10" StartOffset="172"/>
</LocList>
<HierarchyLvl HierarchyLvlId="848" HierarchyLvlTypeId="17" Intrnl_Id="874" Name="ButtonHandler">
<Header>
<Loc EndOffset="345" SrcFileId="10" StartOffset="292"/>
</Header>
<LocList>
<Loc EndOffset="402" SrcFileId="10" StartOffset="292"/>
</LocList>
<StmntSeq Intrnl_Id="875">
<LocList>
<Loc EndOffset="374" SrcFileId="10" StartOffset="351"/>
<Loc EndOffset="398" SrcFileId="10" StartOffset="378"/>
</LocList>
<BasicStmnt CovItemId="S1" CovItemPrefix="csse376_puerto_rico.ButtonHandler.java" Intrnl_Id="876">
<LocList>
<Loc EndOffset="374" SrcFileId="10" StartOffset="351"/>
</LocList>
</BasicStmnt>
<BasicStmnt CovItemId="S2" CovItemPrefix="csse376_puerto_rico.ButtonHandler.java" Intrnl_Id="877">
<LocList>
<Loc EndOffset="398" SrcFileId="10" StartOffset="378"/>
</LocList>
</BasicStmnt>
</StmntSeq>
</HierarchyLvl>
<HierarchyLvl HierarchyLvlId="849" HierarchyLvlTypeId="17" Intrnl_Id="878" Name="actionPerformed">
<Header>
<Loc EndOffset="462" SrcFileId="10" StartOffset="407"/>
</Header>
<LocList>
<Loc EndOffset="785" SrcFileId="10" StartOffset="407"/>
</LocList>
<StmntSeq Intrnl_Id="879">
<LocList>
<Loc EndOffset="506" SrcFileId="10" StartOffset="468"/>
<Loc EndOffset="781" SrcFileId="10" StartOffset="510"/>
</LocList>
<BasicStmnt CovItemId="S3" CovItemPrefix="csse376_puerto_rico.ButtonHandler.java" Intrnl_Id="880">
<LocList>
<Loc EndOffset="506" SrcFileId="10" StartOffset="468"/>
</LocList>
</BasicStmnt>
<CondStmnt CovItemId="S4" CovItemPrefix="csse376_puerto_rico.ButtonHandler.java" Intrnl_Id="881">
<Branch CovItemId="B1" CovItemPrefix="csse376_puerto_rico.ButtonHandler.java" Implct="false" Intrnl_Id="882">
<Cond/>
<LocList>
<Loc EndOffset="561" SrcFileId="10" StartOffset="535"/>
</LocList>
<StmntSeq Intrnl_Id="883">
<LocList>
<Loc EndOffset="556" SrcFileId="10" StartOffset="541"/>
</LocList>
<BasicStmnt CovItemId="S5" CovItemPrefix="csse376_puerto_rico.ButtonHandler.java" Intrnl_Id="884">
<LocList>
<Loc EndOffset="556" SrcFileId="10" StartOffset="541"/>
</LocList>
</BasicStmnt>
</StmntSeq>
</Branch>
<Branch CovItemId="B2" CovItemPrefix="csse376_puerto_rico.ButtonHandler.java" Implct="false" Intrnl_Id="885">
<Cond>
<Loc EndOffset="565" SrcFileId="10" StartOffset="561"/>
</Cond>
<LocList>
<Loc EndOffset="781" SrcFileId="10" StartOffset="566"/>
</LocList>
<StmntSeq Intrnl_Id="886">
<LocList>
<Loc EndOffset="781" SrcFileId="10" StartOffset="566"/>
</LocList>
<CondStmnt CovItemId="S6" CovItemPrefix="csse376_puerto_rico.ButtonHandler.java" Intrnl_Id="887">
<Branch CovItemId="B3" CovItemPrefix="csse376_puerto_rico.ButtonHandler.java" Implct="false" Intrnl_Id="888">
<Cond/>
<LocList>
<Loc EndOffset="646" SrcFileId="10" StartOffset="595"/>
</LocList>
<StmntSeq Intrnl_Id="889">
<LocList>
<Loc EndOffset="641" SrcFileId="10" StartOffset="601"/>
</LocList>
<BasicStmnt CovItemId="S7" CovItemPrefix="csse376_puerto_rico.ButtonHandler.java" Intrnl_Id="890">
<LocList>
<Loc EndOffset="641" SrcFileId="10" StartOffset="601"/>
</LocList>
</BasicStmnt>
</StmntSeq>
</Branch>
<Branch CovItemId="B4" CovItemPrefix="csse376_puerto_rico.ButtonHandler.java" Implct="false" Intrnl_Id="891">
<Cond>
<Loc EndOffset="650" SrcFileId="10" StartOffset="646"/>
</Cond>
<LocList>
<Loc EndOffset="781" SrcFileId="10" StartOffset="651"/>
</LocList>
<StmntSeq Intrnl_Id="892">
<LocList>
<Loc EndOffset="781" SrcFileId="10" StartOffset="651"/>
</LocList>
<CondStmnt CovItemId="S8" CovItemPrefix="csse376_puerto_rico.ButtonHandler.java" Intrnl_Id="893">
<Branch CovItemId="B5" CovItemPrefix="csse376_puerto_rico.ButtonHandler.java" Implct="false" Intrnl_Id="894">
<Cond/>
<LocList>
<Loc EndOffset="734" SrcFileId="10" StartOffset="677"/>
</LocList>
<StmntSeq Intrnl_Id="895">
<LocList>
<Loc EndOffset="729" SrcFileId="10" StartOffset="683"/>
</LocList>
<BasicStmnt CovItemId="S9" CovItemPrefix="csse376_puerto_rico.ButtonHandler.java" Intrnl_Id="896">
<LocList>
<Loc EndOffset="729" SrcFileId="10" StartOffset="683"/>
</LocList>
</BasicStmnt>
</StmntSeq>
</Branch>
<Branch CovItemId="B6" CovItemPrefix="csse376_puerto_rico.ButtonHandler.java" Implct="false" Intrnl_Id="897">
<Cond>
<Loc EndOffset="738" SrcFileId="10" StartOffset="734"/>
</Cond>
<LocList>
<Loc EndOffset="781" SrcFileId="10" StartOffset="739"/>
</LocList>
<StmntSeq Intrnl_Id="898">
<LocList>
<Loc EndOffset="781" SrcFileId="10" StartOffset="739"/>
</LocList>
<CondStmnt CovItemId="S10" CovItemPrefix="csse376_puerto_rico.ButtonHandler.java" Intrnl_Id="899">
<Branch CovItemId="B7" CovItemPrefix="csse376_puerto_rico.ButtonHandler.java" Implct="false" Intrnl_Id="900">
<Cond/>
<LocList>
<Loc EndOffset="781" SrcFileId="10" StartOffset="770"/>
</LocList>
<StmntSeq Intrnl_Id="901">
<LocList/>
</StmntSeq>
</Branch>
<Branch CovItemId="B8" CovItemPrefix="csse376_puerto_rico.ButtonHandler.java" Implct="true" Intrnl_Id="902">
<Cond/>
<LocList/>
<StmntSeq Intrnl_Id="903">
<LocList/>
</StmntSeq>
</Branch>
<Keyword EndOffset="741" SrcFileId="10" StartOffset="739"/>
<LocList>
<Loc EndOffset="781" SrcFileId="10" StartOffset="739"/>
</LocList>
<RootTerm CovItemId="C4" CovItemPrefix="csse376_puerto_rico.ButtonHandler.java" Intrnl_Id="904">
<BasicBoolTerm Intrnl_Id="905">
<LocList>
<Loc EndOffset="769" SrcFileId="10" StartOffset="742"/>
</LocList>
</BasicBoolTerm>
</RootTerm>
</CondStmnt>
</StmntSeq>
</Branch>
<Keyword EndOffset="653" SrcFileId="10" StartOffset="651"/>
<LocList>
<Loc EndOffset="781" SrcFileId="10" StartOffset="651"/>
</LocList>
<RootTerm CovItemId="C3" CovItemPrefix="csse376_puerto_rico.ButtonHandler.java" Intrnl_Id="906">
<BasicBoolTerm Intrnl_Id="907">
<LocList>
<Loc EndOffset="676" SrcFileId="10" StartOffset="654"/>
</LocList>
</BasicBoolTerm>
</RootTerm>
</CondStmnt>
</StmntSeq>
</Branch>
<Keyword EndOffset="568" SrcFileId="10" StartOffset="566"/>
<LocList>
<Loc EndOffset="781" SrcFileId="10" StartOffset="566"/>
</LocList>
<RootTerm CovItemId="C2" CovItemPrefix="csse376_puerto_rico.ButtonHandler.java" Intrnl_Id="908">
<BasicBoolTerm Intrnl_Id="909">
<LocList>
<Loc EndOffset="594" SrcFileId="10" StartOffset="569"/>
</LocList>
</BasicBoolTerm>
</RootTerm>
</CondStmnt>
</StmntSeq>
</Branch>
<Keyword EndOffset="512" SrcFileId="10" StartOffset="510"/>
<LocList>
<Loc EndOffset="781" SrcFileId="10" StartOffset="510"/>
</LocList>
<RootTerm CovItemId="C1" CovItemPrefix="csse376_puerto_rico.ButtonHandler.java" Intrnl_Id="910">
<BasicBoolTerm Intrnl_Id="911">
<LocList>
<Loc EndOffset="534" SrcFileId="10" StartOffset="513"/>
</LocList>
</BasicBoolTerm>
</RootTerm>
</CondStmnt>
</StmntSeq>
</HierarchyLvl>
</HierarchyLvl>
<HierarchyLvl HierarchyLvlId="856" HierarchyLvlTypeId="16" Intrnl_Id="912" Name="Buildings">
<Header>
<Loc EndOffset="135" SrcFileId="11" StartOffset="113"/>
</Header>
<LocList>
<Loc EndOffset="770" SrcFileId="11" StartOffset="113"/>
<Loc EndOffset="1287" SrcFileId="11" StartOffset="1284"/>
</LocList>
<StmntSeq Intrnl_Id="913">
<LocList>
<Loc EndOffset="420" SrcFileId="11" StartOffset="183"/>
</LocList>
<BasicStmnt CovItemId="S1" CovItemPrefix="csse376_puerto_rico.Buildings.java" Intrnl_Id="914">
<LocList>
<Loc EndOffset="420" SrcFileId="11" StartOffset="183"/>
</LocList>
</BasicStmnt>
</StmntSeq>
<HierarchyLvl HierarchyLvlId="851" HierarchyLvlTypeId="17" Intrnl_Id="915" Name="Buildings">
<Header>
<Loc EndOffset="443" SrcFileId="11" StartOffset="425"/>
</Header>
<LocList>
<Loc EndOffset="611" SrcFileId="11" StartOffset="425"/>
</LocList>
<StmntSeq Intrnl_Id="916">
<LocList>
<Loc EndOffset="487" SrcFileId="11" StartOffset="449"/>
<Loc EndOffset="605" SrcFileId="11" StartOffset="526"/>
</LocList>
<BasicStmnt CovItemId="S2" CovItemPrefix="csse376_puerto_rico.Buildings.java" Intrnl_Id="917">
<LocList>
<Loc EndOffset="487" SrcFileId="11" StartOffset="449"/>
</LocList>
</BasicStmnt>
<LoopStmnt CovItemId="S3" CovItemPrefix="csse376_puerto_rico.Buildings.java" Intrnl_Id="918" MltplExecId="L1-2" MltplExecPrefix="csse376_puerto_rico.Buildings.java" NvrExecId="L1-0" NvrExecPrefix="csse376_puerto_rico.Buildings.java" OnceExecutedId="L1-1" OnceExecutedPrefix="csse376_puerto_rico.Buildings.java" OptBodyExec="true">
<StmntSeq Intrnl_Id="919">
<LocList>
<Loc EndOffset="600" SrcFileId="11" StartOffset="566"/>
</LocList>
<BasicStmnt CovItemId="S4" CovItemPrefix="csse376_puerto_rico.Buildings.java" Intrnl_Id="920">
<LocList>
<Loc EndOffset="600" SrcFileId="11" StartOffset="566"/>
</LocList>
</BasicStmnt>
</StmntSeq>
<Keyword EndOffset="529" SrcFileId="11" StartOffset="526"/>
<LocList>
<Loc EndOffset="605" SrcFileId="11" StartOffset="526"/>
</LocList>
</LoopStmnt>
</StmntSeq>
</HierarchyLvl>
<HierarchyLvl HierarchyLvlId="852" HierarchyLvlTypeId="17" Intrnl_Id="921" Name="getBuildings">
<Header>
<Loc EndOffset="657" SrcFileId="11" StartOffset="616"/>
</Header>
<LocList>
<Loc EndOffset="686" SrcFileId="11" StartOffset="616"/>
</LocList>
<StmntSeq Intrnl_Id="922">
<LocList>
<Loc EndOffset="682" SrcFileId="11" StartOffset="665"/>
</LocList>
<BasicStmnt CovItemId="S5" CovItemPrefix="csse376_puerto_rico.Buildings.java" Intrnl_Id="923">
<LocList>
<Loc EndOffset="682" SrcFileId="11" StartOffset="665"/>
</LocList>
</BasicStmnt>
</StmntSeq>
</HierarchyLvl>
<HierarchyLvl HierarchyLvlId="853" HierarchyLvlTypeId="17" Intrnl_Id="924" Name="getBuildingNames">
<Header>
<Loc EndOffset="734" SrcFileId="11" StartOffset="691"/>
</Header>
<LocList>
<Loc EndOffset="765" SrcFileId="11" StartOffset="691"/>
</LocList>
<StmntSeq Intrnl_Id="925">
<LocList>
<Loc EndOffset="761" SrcFileId="11" StartOffset="740"/>
</LocList>
<BasicStmnt CovItemId="S6" CovItemPrefix="csse376_puerto_rico.Buildings.java" Intrnl_Id="926">
<LocList>
<Loc EndOffset="761" SrcFileId="11" StartOffset="740"/>
</LocList>
</BasicStmnt>
</StmntSeq>
</HierarchyLvl>
<HierarchyLvl HierarchyLvlId="855" HierarchyLvlTypeId="16" Intrnl_Id="927" Name="Building">
<Header>
<Loc EndOffset="798" SrcFileId="11" StartOffset="770"/>
</Header>
<LocList>
<Loc EndOffset="1284" SrcFileId="11" StartOffset="770"/>
</LocList>
<HierarchyLvl HierarchyLvlId="854" HierarchyLvlTypeId="17" Intrnl_Id="928" Name="Building">
<Header>
<Loc EndOffset="960" SrcFileId="11" StartOffset="932"/>
</Header>
<LocList>
<Loc EndOffset="1280" SrcFileId="11" StartOffset="932"/>
</LocList>
<StmntSeq Intrnl_Id="929">
<LocList>
<Loc EndOffset="984" SrcFileId="11" StartOffset="967"/>
<Loc EndOffset="1275" SrcFileId="11" StartOffset="989"/>
</LocList>
<BasicStmnt CovItemId="S7" CovItemPrefix="csse376_puerto_rico.Buildings.java" Intrnl_Id="930">
<LocList>
<Loc EndOffset="984" SrcFileId="11" StartOffset="967"/>
</LocList>
</BasicStmnt>
<CondStmnt CovItemId="S8" CovItemPrefix="csse376_puerto_rico.Buildings.java" Intrnl_Id="931">
<Branch CovItemId="B1" CovItemPrefix="csse376_puerto_rico.Buildings.java" Implct="false" Intrnl_Id="932">
<Cond>
<Loc EndOffset="1034" SrcFileId="11" StartOffset="1009"/>
</Cond>
<LocList>
<Loc EndOffset="1128" SrcFileId="11" StartOffset="1041"/>
</LocList>
<StmntSeq Intrnl_Id="933">
<LocList>
<Loc EndOffset="1050" SrcFileId="11" StartOffset="1041"/>
<Loc EndOffset="1067" SrcFileId="11" StartOffset="1056"/>
<Loc EndOffset="1090" SrcFileId="11" StartOffset="1073"/>
<Loc EndOffset="1116" SrcFileId="11" StartOffset="1096"/>
<Loc EndOffset="1128" SrcFileId="11" StartOffset="1122"/>
</LocList>
<BasicStmnt CovItemId="S9" CovItemPrefix="csse376_puerto_rico.Buildings.java" Intrnl_Id="934">
<LocList>
<Loc EndOffset="1050" SrcFileId="11" StartOffset="1041"/>
</LocList>
</BasicStmnt>
<BasicStmnt CovItemId="S10" CovItemPrefix="csse376_puerto_rico.Buildings.java" Intrnl_Id="935">
<LocList>
<Loc EndOffset="1067" SrcFileId="11" StartOffset="1056"/>
</LocList>
</BasicStmnt>
<BasicStmnt CovItemId="S11" CovItemPrefix="csse376_puerto_rico.Buildings.java" Intrnl_Id="936">
<LocList>
<Loc EndOffset="1090" SrcFileId="11" StartOffset="1073"/>
</LocList>
</BasicStmnt>
<BasicStmnt CovItemId="S12" CovItemPrefix="csse376_puerto_rico.Buildings.java" Intrnl_Id="937">
<LocList>
<Loc EndOffset="1116" SrcFileId="11" StartOffset="1096"/>
</LocList>
</BasicStmnt>
<BasicStmnt CovItemId="S13" CovItemPrefix="csse376_puerto_rico.Buildings.java" Intrnl_Id="938">
<LocList>
<Loc EndOffset="1128" SrcFileId="11" StartOffset="1122"/>
</LocList>
</BasicStmnt>
</StmntSeq>
</Branch>
<Branch CovItemId="B2" CovItemPrefix="csse376_puerto_rico.Buildings.java" Implct="false" Intrnl_Id="939">
<Cond>
<Loc EndOffset="1187" SrcFileId="11" StartOffset="1180"/>
</Cond>
<LocList>
<Loc EndOffset="1269" SrcFileId="11" StartOffset="1194"/>
</LocList>
<StmntSeq Intrnl_Id="940">
<LocList>
<Loc EndOffset="1203" SrcFileId="11" StartOffset="1194"/>
<Loc EndOffset="1220" SrcFileId="11" StartOffset="1209"/>
<Loc EndOffset="1243" SrcFileId="11" StartOffset="1226"/>
<Loc EndOffset="1269" SrcFileId="11" StartOffset="1249"/>
</LocList>
<BasicStmnt CovItemId="S14" CovItemPrefix="csse376_puerto_rico.Buildings.java" Intrnl_Id="941">
<LocList>
<Loc EndOffset="1203" SrcFileId="11" StartOffset="1194"/>
</LocList>
</BasicStmnt>
<BasicStmnt CovItemId="S15" CovItemPrefix="csse376_puerto_rico.Buildings.java" Intrnl_Id="942">
<LocList>
<Loc EndOffset="1220" SrcFileId="11" StartOffset="1209"/>
</LocList>
</BasicStmnt>
<BasicStmnt CovItemId="S16" CovItemPrefix="csse376_puerto_rico.Buildings.java" Intrnl_Id="943">
<LocList>
<Loc EndOffset="1243" SrcFileId="11" StartOffset="1226"/>
</LocList>
</BasicStmnt>
<BasicStmnt CovItemId="S17" CovItemPrefix="csse376_puerto_rico.Buildings.java" Intrnl_Id="944">
<LocList>
<Loc EndOffset="1269" SrcFileId="11" StartOffset="1249"/>
</LocList>
</BasicStmnt>
</StmntSeq>
</Branch>
<Keyword EndOffset="995" SrcFileId="11" StartOffset="989"/>
<LocList>
<Loc EndOffset="1275" SrcFileId="11" StartOffset="989"/>
</LocList>
</CondStmnt>
</StmntSeq>
</HierarchyLvl>
</HierarchyLvl>
</HierarchyLvl>
</HierarchyLvl>
</HierarchyLvl>
</MASTRoot>
</TestSessionContainer>
