<?xml version="1.0" encoding="UTF-8"?><TestSessionContainer xmlns="http://www.codecover.org/xml/testsession-container" Date="1429893022357" TestSessionContainerId="8fadf66a-4bf5-4446-b170-d2f70729a555" version="1.0">
<SrcFileList>
<SrcFile Content="package csse376_puerto_rico_test;&#13;&#10;&#13;&#10;import static org.junit.Assert.*;&#13;&#10;&#13;&#10;import java.util.ArrayList;&#13;&#10;import java.util.List;&#13;&#10;&#13;&#10;import javax.swing.JTextArea;&#13;&#10;&#13;&#10;import org.junit.Assert;&#13;&#10;import org.junit.Test;&#13;&#10;&#13;&#10;import csse376_puerto_rico.Player;&#13;&#10;&#13;&#10;public class PlayerTest {&#13;&#10;&#13;&#10;&#9;@Test&#13;&#10;&#9;public void test_playersRoleAsTrader() {&#13;&#10;&#9;&#9;Player player = new Player(&quot;Trader&quot;);&#13;&#10;&#9;&#9;assertEquals(&quot;Trader&quot;, player.getRole());&#13;&#10;&#9;}&#13;&#10;&#13;&#10;&#9;@Test&#13;&#10;&#9;public void test_playersRoleAsBuilder() {&#13;&#10;&#9;&#9;Player player = new Player(&quot;Builder&quot;);&#13;&#10;&#9;&#9;assertEquals(&quot;Builder&quot;, player.getRole());&#13;&#10;&#9;}&#13;&#10;&#9;&#13;&#10;&#9;@Test&#13;&#10;&#9;public void test_playersRoleAsCaptain() {&#13;&#10;&#9;&#9;Player player = new Player(&quot;Captain&quot;);&#13;&#10;&#9;&#9;assertEquals(&quot;Captain&quot;, player.getRole());&#13;&#10;&#9;}&#13;&#10;&#9;&#13;&#10;&#9;@Test&#13;&#10;&#9;public void test_playersRoleAsSettler() {&#13;&#10;&#9;&#9;Player player = new Player(&quot;Settler&quot;);&#13;&#10;&#9;&#9;assertEquals(&quot;Settler&quot;, player.getRole());&#13;&#10;&#9;}&#13;&#10;&#9;&#13;&#10;&#9;@Test&#13;&#10;&#9;public void test_playersRoleAsCraftsman() {&#13;&#10;&#9;&#9;Player player = new Player(&quot;Craftsman&quot;);&#13;&#10;&#9;&#9;assertEquals(&quot;Craftsman&quot;, player.getRole());&#13;&#10;&#9;}&#13;&#10;&#9;&#13;&#10;&#9;@Test&#13;&#10;&#9;public void test_playersRoleAsProspector() {&#13;&#10;&#9;&#9;Player player = new Player(&quot;Prospector&quot;);&#13;&#10;&#9;&#9;assertEquals(&quot;Prospector&quot;, player.getRole());&#13;&#10;&#9;}&#13;&#10;&#9;&#13;&#10;&#9;@Test&#13;&#10;&#9;public void test_playersRoleAsMayor() {&#13;&#10;&#9;&#9;Player player = new Player(&quot;Mayor&quot;);&#13;&#10;&#9;&#9;assertEquals(&quot;Mayor&quot;, player.getRole());&#13;&#10;&#9;}&#13;&#10;&#13;&#10;&#9;@Test&#13;&#10;&#9;public void test_getRolesList() {&#13;&#10;&#9;&#9;List&lt;String&gt; roles = new ArrayList&lt;String&gt;();&#13;&#10;&#9;&#9;roles.add(&quot;Settler&quot;);&#13;&#10;&#9;&#9;roles.add(&quot;Builder&quot;);&#13;&#10;&#9;&#9;roles.add(&quot;Craftsman&quot;);&#13;&#10;&#9;&#9;roles.add(&quot;Trader&quot;);&#13;&#10;&#9;&#9;roles.add(&quot;Captain&quot;);&#13;&#10;&#9;&#9;roles.add(&quot;Prospector&quot;);&#13;&#10;&#9;&#9;roles.add(&quot;Mayor&quot;);&#13;&#10;&#13;&#10;&#9;&#9;assertEquals(roles, Player.getRoles());&#13;&#10;&#9;}&#13;&#10;&#9;&#13;&#10;&#9;@Test&#13;&#10;&#9;public void test_getPlayerTurn1(){&#13;&#10;&#9;&#9;//Default turn should be false;&#13;&#10;&#9;&#9;Player player = new Player();&#13;&#10;&#9;&#9;assertEquals(false, player.isTurn);&#13;&#10;&#9;&#9;&#13;&#10;&#9;}&#13;&#10;&#9;&#13;&#10;&#9;@Test&#13;&#10;&#9;public void test_getPlayerTurn2(){&#13;&#10;&#9;&#9;//Default turn should be false;&#13;&#10;&#9;&#9;Player player = new Player(Player.getRoles().get(0));&#13;&#10;&#9;&#9;assertEquals(false, player.isTurn);&#13;&#10;&#9;&#9;&#13;&#10;&#9;}&#13;&#10;&#9;&#13;&#10;&#9;@Test&#13;&#10;&#9;public void test_getPlayersPoints1(){&#13;&#10;&#9;&#9;&#13;&#10;&#9;&#9;Player player = new Player();&#13;&#10;&#9;&#9;assertEquals(0, player.getPoints());&#13;&#10;&#9;}&#13;&#10;&#9;&#13;&#10;&#9;@Test&#13;&#10;&#9;public void test_getPlayersPoints2(){&#13;&#10;&#9;&#9;&#13;&#10;&#9;&#9;Player player = new Player(Player.getRoles().get(0));&#13;&#10;&#9;&#9;assertEquals(0, player.getPoints());&#13;&#10;&#9;}&#13;&#10;&#9;&#13;&#10;&#9;@Test&#13;&#10;&#9;public void test_checkGovorner1(){&#13;&#10;&#9;&#9;&#13;&#10;&#9;&#9;Player player = new Player();&#13;&#10;&#9;&#9;assertEquals(false, player.isGovernor());&#13;&#10;&#9;}&#13;&#10;&#9;&#13;&#10;&#9;@Test&#13;&#10;&#9;public void test_checkGovernor2(){&#13;&#10;&#9;&#9;&#13;&#10;&#9;&#9;Player player = new Player(Player.getRoles().get(0));&#13;&#10;&#9;&#9;assertEquals(false, player.isGovernor());&#13;&#10;&#9;}&#13;&#10;&#9;&#13;&#10;&#9;@Test&#13;&#10;&#9;public void test_setPlayerRole(){&#13;&#10;&#9;&#9;Player player = new Player();&#13;&#10;&#9;&#9;player.setRole(player.getRoles().get(0));&#13;&#10;&#9;&#9;assertEquals(&quot;Settler&quot;, player.getRole());&#13;&#10;&#9;}&#13;&#10;&#9;&#13;&#10;&#9;@Test&#13;&#10;&#9;public void test_getHUDisNotNull(){&#13;&#10;&#9;&#9;Player player = new Player();&#13;&#10;&#9;&#9;Assert.assertNotNull(player.getHUD());&#13;&#10;&#9;}&#13;&#10;&#9;&#13;&#10;&#9;@Test&#13;&#10;&#9;public void test_setHUD(){&#13;&#10;&#9;&#9;Player player = new Player();&#13;&#10;&#9;&#9;JTextArea fakeHUD = new JTextArea();&#13;&#10;&#9;&#9;player.setHUD(fakeHUD);&#13;&#10;&#9;&#9;assertEquals(fakeHUD, player.getHUD());&#13;&#10;&#9;}&#13;&#10;&#9;&#13;&#10;&#9;@Test&#13;&#10;&#9;public void test_getBuildings(){&#13;&#10;&#9;&#9;Player player = new Player();&#13;&#10;&#9;&#9;player.addBuilding(&quot;Building&quot;);&#13;&#10;&#9;&#9;assertNotNull(player.getBuildings());&#13;&#10;&#9;}&#13;&#10;&#9;&#13;&#10;&#9;@Test &#13;&#10;&#9;public void test_getPlayerGoods(){&#13;&#10;&#9;&#9;Player player = new Player();&#13;&#10;&#9;&#9;assertNotNull(player.getGoods());&#13;&#10;&#9;}&#13;&#10;&#9;&#13;&#10;&#9;@Test&#13;&#10;&#9;public void add_1Tobacco(){&#13;&#10;&#9;&#9;Player player = new Player();&#13;&#10;&#9;&#9;player.addGood(&quot;Tobacco&quot;, 1);&#13;&#10;&#9;&#9;assertEquals(1, player.getNumberOfGood(&quot;Tobacco&quot;));&#13;&#10;&#9;}&#13;&#10;&#9;&#13;&#10;&#9;@Test&#13;&#10;&#9;public void add_MultipleTobaccos(){&#13;&#10;&#9;&#9;Player player = new Player();&#13;&#10;&#9;&#9;player.addGood(&quot;Tobacco&quot;, 3);&#13;&#10;&#9;&#9;assertEquals(3, player.getNumberOfGood(&quot;Tobacco&quot;));&#13;&#10;&#9;}&#13;&#10;&#9;&#13;&#10;&#9;@Test&#13;&#10;&#9;public void add_1Corn(){&#13;&#10;&#9;&#9;Player player = new Player();&#13;&#10;&#9;&#9;player.addGood(&quot;Corn&quot;, 1);&#13;&#10;&#9;&#9;assertEquals(1, player.getNumberOfGood(&quot;Corn&quot;));&#13;&#10;&#9;}&#13;&#10;&#9;&#13;&#10;&#9;@Test&#13;&#10;&#9;public void add_MultipleCorn(){&#13;&#10;&#9;&#9;Player player = new Player();&#13;&#10;&#9;&#9;player.addGood(&quot;Corn&quot;, 3);&#13;&#10;&#9;&#9;assertEquals(3, player.getNumberOfGood(&quot;Corn&quot;));&#13;&#10;&#9;}&#13;&#10;&#9;&#13;&#10;&#9;@Test&#13;&#10;&#9;public void add_1Sugar(){&#13;&#10;&#9;&#9;Player player = new Player();&#13;&#10;&#9;&#9;player.addGood(&quot;Sugar&quot;, 1);&#13;&#10;&#9;&#9;assertEquals(1, player.getNumberOfGood(&quot;Sugar&quot;));&#13;&#10;&#9;}&#13;&#10;&#9;&#13;&#10;&#9;@Test&#13;&#10;&#9;public void add_MultipleSugar(){&#13;&#10;&#9;&#9;Player player = new Player();&#13;&#10;&#9;&#9;player.addGood(&quot;Sugar&quot;, 1);&#13;&#10;&#9;&#9;assertEquals(1, player.getNumberOfGood(&quot;Sugar&quot;));&#13;&#10;&#9;}&#13;&#10;&#9;&#13;&#10;&#9;@Test&#13;&#10;&#9;public void add_1Coffee(){&#13;&#10;&#9;&#9;Player player = new Player();&#13;&#10;&#9;&#9;player.addGood(&quot;Coffee&quot;, 1);&#13;&#10;&#9;&#9;assertEquals(1, player.getNumberOfGood(&quot;Coffee&quot;));&#13;&#10;&#9;}&#13;&#10;&#9;&#13;&#10;&#9;@Test&#13;&#10;&#9;public void add_MultipleCoffee(){&#13;&#10;&#9;&#9;Player player = new Player();&#13;&#10;&#9;&#9;player.addGood(&quot;Coffee&quot;, 3);&#13;&#10;&#9;&#9;assertEquals(3, player.getNumberOfGood(&quot;Coffee&quot;));&#13;&#10;&#9;}&#13;&#10;&#9;&#13;&#10;&#9;public void add_1Indigo(){&#13;&#10;&#9;&#9;Player player = new Player();&#13;&#10;&#9;&#9;player.addGood(&quot;Indigo&quot;, 1);&#13;&#10;&#9;&#9;assertEquals(1, player.getNumberOfGood(&quot;Indigo&quot;));&#13;&#10;&#9;}&#13;&#10;&#9;&#13;&#10;&#9;public void add_MultipleIndigo(){&#13;&#10;&#9;&#9;Player player = new Player();&#13;&#10;&#9;&#9;player.addGood(&quot;Indigo&quot;, 1);&#13;&#10;&#9;&#9;assertEquals(1, player.getNumberOfGood(&quot;Indigo&quot;));&#13;&#10;&#9;}&#13;&#10;}&#13;&#10;" Filename="PlayerTest.java" Intrnl_Id="1"/>
<SrcFile Content="package csse376_puerto_rico_test;&#13;&#10;&#13;&#10;import static org.junit.Assert.assertEquals;&#13;&#10;&#13;&#10;import java.util.ArrayList;&#13;&#10;import java.util.Arrays;&#13;&#10;import java.util.List;&#13;&#10;&#13;&#10;import org.junit.Test;&#13;&#10;&#13;&#10;import csse376_puerto_rico.PlayerRoles;&#13;&#10;&#13;&#10;public class PlayerRolesTest {&#13;&#10;&#13;&#10;&#9;@Test&#13;&#10;&#9;public void basic_test() {&#13;&#10;&#13;&#10;&#9;&#9;PlayerRoles.values();&#13;&#10;&#9;}&#13;&#10;&#13;&#10;&#9;@Test&#13;&#10;&#9;public void captain_test() {&#13;&#10;&#13;&#10;&#9;&#9;assertEquals(&quot;Captain&quot;, PlayerRoles.Captain.toString());&#13;&#10;&#9;}&#13;&#10;&#13;&#10;&#9;@Test&#13;&#10;&#9;public void settler_test() {&#13;&#10;&#13;&#10;&#9;&#9;assertEquals(&quot;Settler&quot;, PlayerRoles.Settler.toString());&#13;&#10;&#9;}&#13;&#10;&#13;&#10;&#9;@Test&#13;&#10;&#9;public void builder_test() {&#13;&#10;&#13;&#10;&#9;&#9;assertEquals(&quot;Builder&quot;, PlayerRoles.Builder.toString());&#13;&#10;&#9;}&#13;&#10;&#13;&#10;&#9;@Test&#13;&#10;&#9;public void roles_test() {&#13;&#10;&#9;&#9;List&lt;String&gt; roles = new ArrayList&lt;String&gt;(Arrays.asList(&quot;Settler&quot;,&#13;&#10;&#9;&#9;&#9;&#9;&quot;Builder&quot;, &quot;Craftsman&quot;, &quot;Trader&quot;, &quot;Captain&quot;, &quot;Prospector&quot;,&#13;&#10;&#9;&#9;&#9;&#9;&quot;Mayor&quot;));&#13;&#10;&#9;&#9;PlayerRoles[] pRoles = PlayerRoles.values();&#13;&#10;&#9;&#9;for(int i = 0; i &lt; roles.size(); i++){&#13;&#10;&#9;&#9;&#9;String role = roles.get(i);&#13;&#10;&#9;&#9;&#9;assertEquals(role, pRoles[i].toString());&#13;&#10;&#9;&#9;}&#13;&#10;&#9;}&#13;&#10;&#13;&#10;}&#13;&#10;" Filename="PlayerRolesTest.java" Intrnl_Id="2"/>
<SrcFile Content="package csse376_puerto_rico_test;&#13;&#10;&#13;&#10;import static org.junit.Assert.assertEquals;&#13;&#10;import static org.junit.Assert.assertNotNull;&#13;&#10;&#13;&#10;import javax.swing.ButtonGroup;&#13;&#10;import javax.swing.JFrame;&#13;&#10;&#13;&#10;import org.junit.Test;&#13;&#10;&#13;&#10;import csse376_puerto_rico.GameBoardGUI;&#13;&#10;&#13;&#10;/**&#13;&#10; * TODO Put here a description of what this class does.&#13;&#10; *&#13;&#10; * @author songm.&#13;&#10; *         Created Apr 2, 2015.&#13;&#10; */&#13;&#10;public class GameBoardTest {&#13;&#10;&#9;&#13;&#10;&#9;@Test&#13;&#10;&#9;public void addListOfPlayers_Test3() {&#13;&#10;&#9;&#9;GameBoardGUI gb = new GameBoardGUI(new JFrame(), new ButtonGroup());&#13;&#10;&#9;&#9;assertEquals(3, gb.addPlayers(3).size());&#13;&#10;&#9;}&#13;&#10;&#9;&#13;&#10;&#9;@Test&#13;&#10;&#9;public void addListOfPlayers_Test4() {&#13;&#10;&#9;&#9;GameBoardGUI gb = new GameBoardGUI(new JFrame(), new ButtonGroup());&#13;&#10;&#9;&#9;assertEquals(4, gb.addPlayers(4).size());&#13;&#10;&#9;}&#13;&#10;&#9;&#13;&#10;&#9;@Test&#13;&#10;&#9;public void addListOfPlayers_Test5() {&#13;&#10;&#9;&#9;GameBoardGUI gb = new GameBoardGUI(new JFrame(), new ButtonGroup());&#13;&#10;&#9;&#9;assertEquals(5, gb.addPlayers(5).size());&#13;&#10;&#9;}&#13;&#10;&#9;&#13;&#10;&#9;@Test&#13;&#10;&#9;public void getListOfPlayers_NotNullTest() {&#13;&#10;&#9;&#9;GameBoardGUI gb = new GameBoardGUI(new JFrame(), new ButtonGroup());&#13;&#10;&#9;&#9;assertNotNull(gb.getPlayers());&#13;&#10;&#9;}&#13;&#10;&#9;&#13;&#10;&#13;&#10;}&#13;&#10;" Filename="GameBoardTest.java" Intrnl_Id="3"/>
<SrcFile Content="package csse376_puerto_rico_test;&#13;&#10;&#13;&#10;import static org.junit.Assert.*;&#13;&#10;&#13;&#10;import java.util.List;&#13;&#10;&#13;&#10;import javax.swing.ButtonGroup;&#13;&#10;import javax.swing.JFrame;&#13;&#10;&#13;&#10;import org.junit.Test;&#13;&#10;&#13;&#10;import csse376_puerto_rico.GameBoardGUI;&#13;&#10;import csse376_puerto_rico.Player;&#13;&#10;&#13;&#10;/**&#13;&#10; * TODO Put here a description of what this class does.&#13;&#10; *&#13;&#10; * @author songm.&#13;&#10; *         Created Apr 16, 2015.&#13;&#10; */&#13;&#10;public class GameBoardGuiTest {&#13;&#10;&#13;&#10;&#9;@Test&#13;&#10;&#9;public void constructor_test() {&#13;&#10;&#9;&#9;GameBoardGUI g = new GameBoardGUI(new JFrame(), new ButtonGroup());&#13;&#10;&#9;}&#13;&#10;&#9;&#13;&#10;&#9;@Test&#13;&#10;&#9;public void first_player_test() {&#13;&#10;&#9;&#9;GameBoardGUI g = new GameBoardGUI(new JFrame(), new ButtonGroup());&#13;&#10;&#9;&#9;List&lt;Player&gt; players = g.addPlayers(3);&#13;&#10;&#9;&#9;Player p0 = players.get(0);&#13;&#10;&#9;&#9;&#13;&#10;&#9;&#9;assertEquals(p0.isGovernor(), true);&#13;&#10;&#9;}&#13;&#10;&#9;&#13;&#10;&#9;@Test&#13;&#10;&#9;public void player_text_format_test(){&#13;&#10;&#9;&#9;GameBoardGUI g = new GameBoardGUI(new JFrame(), new ButtonGroup());&#13;&#10;&#9;&#9;int playerNum = 0;&#13;&#10;&#9;&#9;String role = &quot;roleTest&quot;;&#13;&#10;&#9;&#9;int points = 1;&#13;&#10;&#9;&#9;String expected = String.format(&quot;Player %d \nRole: %s \nScore: %d \nBuilding: [] \nPlantation: &quot;, playerNum, role, points);&#13;&#10;&#9;&#9;assertEquals(expected, g.getPlayerText(playerNum, role, points, &quot;[]&quot;, &quot;&quot;, false));&#13;&#10;&#9;&#9;&#13;&#10;&#9;}&#13;&#10;&#9;@Test&#13;&#10;&#9;public void player_text_format_test_governor(){&#13;&#10;&#9;&#9;GameBoardGUI g = new GameBoardGUI(new JFrame(), new ButtonGroup());&#13;&#10;&#9;&#9;int playerNum = 0;&#13;&#10;&#9;&#9;String role = &quot;roleTest&quot;;&#13;&#10;&#9;&#9;int points = 1;&#13;&#10;&#9;&#9;String expected = String.format(&quot;Player %d \nRole: %s \nScore: %d \nBuilding: [] \nPlantation:  \nGovernor&quot;, playerNum, role, points);&#13;&#10;&#9;&#9;&#13;&#10;&#9;&#9;assertEquals(expected, g.getPlayerText(playerNum, role, points, &quot;[]&quot;,&quot;&quot;, true));&#13;&#10;&#9;&#9;&#13;&#10;&#9;}&#13;&#10;&#9;&#13;&#10;&#9;@Test&#13;&#10;&#9;public void other_player_isNot_governor(){&#13;&#10;&#9;&#9;GameBoardGUI g = new GameBoardGUI(new JFrame(), new ButtonGroup());&#13;&#10;&#9;&#9;List&lt;Player&gt; players = g.addPlayers(3);&#13;&#10;&#9;&#9;Player p0 = players.get(1);&#13;&#10;&#9;&#9;&#13;&#10;&#9;&#9;assertEquals(p0.isGovernor(), false);&#13;&#10;&#9;}&#13;&#10;&#9;&#13;&#10;&#9;@Test&#13;&#10;&#9;public void addPlayerCard_test5() {&#13;&#10;&#9;&#9;GameBoardGUI g = new GameBoardGUI(new JFrame(), new ButtonGroup());&#13;&#10;&#9;&#9;assertEquals(5, g.addPlayerCards(5).size());&#13;&#10;&#9;}&#13;&#10;&#9;&#13;&#10;&#9;@Test&#13;&#10;&#9;public void addPlayerCard_test10() {&#13;&#10;&#9;&#9;GameBoardGUI g = new GameBoardGUI(new JFrame(), new ButtonGroup());&#13;&#10;&#9;&#9;assertEquals(10, g.addPlayerCards(10).size());&#13;&#10;&#9;}&#13;&#10;&#13;&#10;}&#13;&#10;" Filename="GameBoardGuiTest.java" Intrnl_Id="4"/>
<SrcFile Content="package csse376_puerto_rico_test;&#13;&#10;&#13;&#10;import static org.junit.Assert.*;&#13;&#10;&#13;&#10;import org.junit.Test;&#13;&#10;&#13;&#10;import csse376_puerto_rico.Buildings;&#13;&#10;import csse376_puerto_rico.Buildings.Building;&#13;&#10;&#13;&#10;/**&#13;&#10; * TODO Put here a description of what this class does.&#13;&#10; *&#13;&#10; * @author songm.&#13;&#10; *         Created Apr 22, 2015.&#13;&#10; */&#13;&#10;public class BuildingsTest {&#13;&#10;&#13;&#10;&#9;@Test&#13;&#10;&#9;public void basic_test() {&#13;&#10;&#9;&#9;Buildings b = new Buildings();&#13;&#10;&#9;}&#13;&#10;&#9;&#13;&#10;&#9;@Test&#13;&#10;&#9;public void getBuildings_test() {&#13;&#10;&#9;&#9;Buildings b = new Buildings();&#13;&#10;&#9;&#9;assertNotNull(b.getBuildings());&#13;&#10;&#9;&#9;&#13;&#10;&#9;}&#13;&#10;&#9;&#13;&#10;&#9;@Test public void getBuildingFieldsTest(){&#13;&#10;&#9;&#9;Buildings b = new Buildings();&#13;&#10;&#9;&#9;Building bs = b.getBuildings().get(0);&#13;&#10;&#9;&#9;assertNotNull(bs.cost);&#13;&#10;&#9;&#9;assertNotNull(bs.points);&#13;&#10;&#9;&#9;assertNotNull(bs.numberOfJobs);&#13;&#10;&#9;&#9;assertNotNull(bs.numberOfWorkers);&#13;&#10;&#9;&#9;&#13;&#10;&#9;}&#13;&#10;&#13;&#10;&#13;&#10;}&#13;&#10;" Filename="BuildingsTest.java" Intrnl_Id="5"/>
<SrcFile Content="package csse376_puerto_rico_test;&#13;&#10;&#13;&#10;import org.junit.runners.Suite;&#13;&#10;import org.junit.runner.RunWith;&#13;&#10;&#13;&#10;@RunWith(Suite.class)&#13;&#10;@Suite.SuiteClasses({ BuildingsTest.class, GameBoardGuiTest.class,&#13;&#10;&#9;&#9;GameBoardTest.class, PlayerRolesTest.class, PlayerTest.class })&#13;&#10;public class AllTests {&#13;&#10;&#9;public static void main(String args[]) {&#13;&#10;&#9;&#9;org.junit.runner.JUnitCore.main(&quot;csse376_puerto_rico_test.AllTests&quot;);&#13;&#10;&#9;}&#13;&#10;}&#13;&#10;" Filename="AllTests.java" Intrnl_Id="6"/>
<SrcFile Content="package csse376_puerto_rico;&#10;&#10;import java.awt.Color;&#10;&#10;import javax.swing.ButtonGroup;&#10;import javax.swing.JButton;&#10;import javax.swing.JFrame;&#10;import javax.swing.JPanel;&#10;import javax.swing.JRadioButton;&#10;&#10;public class StartUpGameBoardGUI {&#10;&#10;&#9;private JFrame mainframe;&#10;&#10;&#9;public StartUpGameBoardGUI(JFrame frame) {&#10;&#9;&#9;this.mainframe = frame;&#10;&#9;&#9;this.mainframe.getContentPane().removeAll();&#10;&#9;&#9;this.mainframe.getContentPane().revalidate();&#10;&#9;&#9;this.mainframe.setBackground(Color.BLACK);&#10;&#9;&#9;this.mainframe.setTitle(&quot;Choose Players&quot;);&#10;&#10;&#9;&#9;JPanel mainPanel = new JPanel();&#10;&#9;&#9;&#10;&#9;&#9;ButtonGroup group = new ButtonGroup();&#10;&#9;&#9;JRadioButton rb3 = new JRadioButton(&quot;3&quot;, true);&#10;&#9;&#9;JRadioButton rb4 = new JRadioButton(&quot;4&quot;, false);&#10;&#9;&#9;JRadioButton rb5 = new JRadioButton(&quot;5&quot;, false);&#10;&#9;&#9;group.add(rb3);&#10;&#9;&#9;group.add(rb4);&#10;&#9;&#9;group.add(rb5);&#10;&#9;&#9;&#10;&#9;&#9;JButton startButton = new JButton(&quot;Start&quot;);&#10;&#9;&#9;startButton.addActionListener(new ButtonHandler(this.mainframe, group));&#10;&#9;&#9;&#10;&#9;&#9;mainPanel.add(rb3);&#10;&#9;&#9;mainPanel.add(rb4);&#10;&#9;&#9;mainPanel.add(rb5);&#10;&#9;&#9;mainPanel.add(startButton);&#10;&#9;&#9;&#10;&#9;&#9;this.mainframe.add(mainPanel);&#10;&#9;}&#10;&#10;}&#10;" Filename="StartUpGameBoardGUI.java" Intrnl_Id="7"/>
<SrcFile Content="package csse376_puerto_rico;&#13;&#10;&#13;&#10;import java.util.ArrayList;&#13;&#10;import java.util.List;&#13;&#10;&#13;&#10;/**&#13;&#10; * List of roles&#13;&#10; *&#13;&#10; * @author songm. Created Apr 22, 2015.&#13;&#10; */&#13;&#10;public enum PlayerRoles {&#13;&#10;&#9;Settler, Builder, Craftsman, Trader, Captain, Prospector, Mayor;&#13;&#10;&#13;&#10;&#9;private PlayerRoles() {&#13;&#10;&#9;&#9;// null constructor&#13;&#10;&#9;}&#13;&#10;&#13;&#10;&#9;public static List&lt;String&gt; getValues() {&#13;&#10;&#9;&#9;List&lt;String&gt; rtn = new ArrayList&lt;String&gt;();&#13;&#10;&#13;&#10;&#9;&#9;for (PlayerRoles v : PlayerRoles.values()) {&#13;&#10;&#9;&#9;&#9;rtn.add(v.toString());&#13;&#10;&#9;&#9;}&#13;&#10;&#13;&#10;&#9;&#9;return rtn;&#13;&#10;&#9;}&#13;&#10;}&#13;&#10;" Filename="PlayerRoles.java" Intrnl_Id="8"/>
<SrcFile Content="package csse376_puerto_rico;&#13;&#10;&#13;&#10;import java.util.ArrayList;&#13;&#10;import java.util.Arrays;&#13;&#10;import java.util.HashMap;&#13;&#10;import java.util.List;&#13;&#10;&#13;&#10;import javax.swing.JTextArea;&#13;&#10;&#13;&#10;public class Player {&#13;&#10;&#13;&#10;&#9;private String role;&#13;&#10;&#9;private JTextArea hud;&#13;&#10;&#9;public boolean isTurn;&#13;&#10;&#9;public boolean isGovernor;&#13;&#10;&#9;private int points = 0;&#13;&#10;&#9;private ArrayList&lt;String&gt; buildings = new ArrayList&lt;String&gt;();&#13;&#10;&#9;class Good {&#13;&#10;&#9;&#9;public static final String COFFEE = &quot;Coffee&quot;;&#13;&#10;&#9;&#9;public static final String TOBACCO = &quot;Tobacco&quot;;&#13;&#10;&#9;&#9;public static final String CORN = &quot;Corn&quot;;&#13;&#10;&#9;&#9;public static final String SUGAR = &quot;Sugar&quot;;&#13;&#10;&#9;&#9;public static final String INDIGO = &quot;Indigo&quot;;&#13;&#10;&#9;}&#13;&#10;&#13;&#10;&#9;private HashMap&lt;String, Integer&gt; goods = new HashMap&lt;String, Integer&gt;();&#13;&#10;&#9;private static List&lt;String&gt; roles = PlayerRoles.getValues();&#13;&#10;&#13;&#10;&#9;// For Testing purposes, null player&#13;&#10;&#9;public Player() {&#13;&#10;&#9;&#9;this.role = &quot;&quot;;&#13;&#10;&#9;&#9;this.isGovernor = false;&#13;&#10;&#9;&#9;this.hud = new JTextArea();&#13;&#10;&#9;&#9;for (String s : this.getAllGoods()) {&#13;&#10;&#9;&#9;&#9;this.goods.put(s, 0);&#13;&#10;&#9;&#9;}&#13;&#10;&#9;}&#13;&#10;&#13;&#10;&#9;public Player(String role) {&#13;&#10;&#9;&#9;this.role = role;&#13;&#10;&#9;&#9;this.isGovernor = false;&#13;&#10;&#9;&#9;this.isTurn = false;&#13;&#10;&#9;&#9;this.hud = null;&#13;&#10;&#9;&#9;for (String s : this.getAllGoods()) {&#13;&#10;&#9;&#9;&#9;this.goods.put(s, 0);&#13;&#10;&#9;&#9;}&#13;&#10;&#9;}&#13;&#10;&#13;&#10;&#9;public String getRole() {&#13;&#10;&#9;&#9;return this.role;&#13;&#10;&#9;}&#13;&#10;&#13;&#10;&#9;public static List&lt;String&gt; getRoles() {&#13;&#10;&#13;&#10;&#9;&#9;return roles;&#13;&#10;&#9;}&#13;&#10;&#13;&#10;&#9;public int getPoints() {&#13;&#10;&#9;&#9;return points;&#13;&#10;&#9;}&#13;&#10;&#13;&#10;&#9;public JTextArea getHUD() {&#13;&#10;&#9;&#9;return this.hud;&#13;&#10;&#9;}&#13;&#10;&#13;&#10;&#9;public void setHUD(JTextArea hud) {&#13;&#10;&#9;&#9;this.hud = hud;&#13;&#10;&#9;}&#13;&#10;&#13;&#10;&#9;public boolean isGovernor() {&#13;&#10;&#9;&#9;return isGovernor;&#13;&#10;&#9;}&#13;&#10;&#13;&#10;&#9;// Test method&#13;&#10;&#9;public void setPoints(int points) {&#13;&#10;&#9;&#9;// This method is strictly for setting points&#13;&#10;&#9;&#9;this.points = points;&#13;&#10;&#9;}&#13;&#10;&#13;&#10;&#9;public void setRole(String string) {&#13;&#10;&#9;&#9;this.role = string;&#13;&#10;&#9;}&#13;&#10;&#13;&#10;&#9;public void addBuilding(String building) {&#13;&#10;&#9;&#9;buildings.add(building);&#13;&#10;&#9;}&#13;&#10;&#13;&#10;&#9;public ArrayList&lt;String&gt; getBuildings() {&#13;&#10;&#9;&#9;return buildings;&#13;&#10;&#9;}&#13;&#10;&#13;&#10;&#9;public List&lt;String&gt; getGoods() {&#13;&#10;&#9;&#9;//&#13;&#10;&#9;&#9;List&lt;String&gt; rtn = new ArrayList&lt;String&gt;();&#13;&#10;&#9;&#9;String coffee = &quot;Coffee: &quot; + Integer.toString((getNumberOfGood(&quot;Coffee&quot;)));&#13;&#10;&#9;&#9;String tobacco = &quot;Tobacco: &quot; + Integer.toString((getNumberOfGood(&quot;Tobacco&quot;)));&#13;&#10;&#9;&#9;String corn = &quot;Corn: &quot; + Integer.toString((getNumberOfGood(&quot;Corn&quot;)));&#13;&#10;&#9;&#9;String sugar = &quot;Sugar: &quot; + Integer.toString((getNumberOfGood(&quot;Sugar&quot;)));&#13;&#10;&#9;&#9;String indigo = &quot;Indigo: &quot; + Integer.toString((getNumberOfGood(&quot;Indigo&quot;)));&#13;&#10;&#9;&#9;rtn.addAll(Arrays.asList(coffee, corn, tobacco,&#13;&#10;&#9;&#9;&#9;&#9;sugar, indigo));&#13;&#10;&#9;&#9;return rtn;&#13;&#10;&#9;}&#13;&#10;&#13;&#10;&#9;public int getNumberOfGood(String good) {&#13;&#10;&#9;&#9;//added case where there were no goods&#13;&#10;&#9;&#9;if(this.goods.get(good) == null)&#13;&#10;&#9;&#9;{&#13;&#10;&#9;&#9;&#9;return 0;&#13;&#10;&#9;&#9;}&#13;&#10;&#9;&#9;return this.goods.get(good);&#13;&#10;&#13;&#10;&#9;}&#13;&#10;&#9;&#13;&#10;&#9;public List&lt;String&gt; getAllGoods()&#13;&#10;&#9;{&#13;&#10;&#9;&#9;&#9;List&lt;String&gt; rtn = new ArrayList&lt;String&gt;();&#13;&#10;&#9;&#9;&#9;rtn.addAll(Arrays.asList(Good.COFFEE, Good.CORN, Good.INDIGO,&#13;&#10;&#9;&#9;&#9;&#9;&#9;Good.SUGAR, Good.TOBACCO));&#13;&#10;&#9;&#9;&#9;return rtn;&#9;&#13;&#10;&#9;}&#13;&#10;&#13;&#10;&#9;public void addGood(String good, int number) {&#13;&#10;&#9;&#9;// adds the number to the original&#13;&#10;&#9;&#9;this.goods.put(good, this.goods.get(good) + number);&#13;&#10;&#9;}&#13;&#10;&#9;&#13;&#10;}&#13;&#10;" Filename="Player.java" Intrnl_Id="9"/>
<SrcFile Content="package csse376_puerto_rico;&#13;&#10;&#13;&#10;import java.awt.event.ActionEvent;&#13;&#10;import java.awt.event.ActionListener;&#13;&#10;import java.util.ArrayList;&#13;&#10;import java.util.List;&#13;&#10;&#13;&#10;import javax.swing.JButton;&#13;&#10;&#13;&#10;public class NextMoveButton extends JButton &#13;&#10;{&#13;&#10;&#9;private List&lt;Player&gt; players;&#13;&#10;&#9;public NextMoveButton()&#13;&#10;&#9;{&#13;&#10;&#9;&#9;players = GameBoardGUI.players;&#13;&#10;&#9;&#9;final ArrayList&lt;Integer&gt; count = new ArrayList&lt;Integer&gt;();&#13;&#10;&#9;&#9;final Integer zero = 0;&#13;&#10;&#9;&#9;count.add(zero);&#13;&#10;&#9;&#9;this.addActionListener(new ActionListener() {&#13;&#10;&#9;&#9;&#9;&#13;&#10;&#9;&#9;&#9;@Override&#13;&#10;&#9;&#9;&#9;public void actionPerformed(ActionEvent e) {&#13;&#10;&#9;&#9;&#9;&#9;Integer newCount = count.get(0);&#13;&#10;&#9;&#9;&#9;&#9;newCount = newCount +1;&#13;&#10;&#9;&#9;&#9;&#9;count.remove(0);&#13;&#10;&#9;&#9;&#9;&#9;count.add(newCount);&#13;&#10;&#9;&#9;&#9;&#9;if(newCount &gt; 0 &amp;&amp; newCount % players.size() ==0)&#13;&#10;&#9;&#9;&#9;&#9;{&#13;&#10;&#9;&#9;&#9;&#9;&#9;Integer finalCount = newCount/players.size();&#13;&#10;&#9;&#9;&#9;&#9;&#9;setText(&quot;Turn &quot; +finalCount.toString());&#13;&#10;&#9;&#9;&#9;&#9;}&#13;&#10;&#9;&#9;&#9;&#9;&#13;&#10;&#9;&#9;&#9;&#9;makeMove();&#13;&#10;&#9;&#9;&#9;}&#13;&#10;&#9;&#9;});&#13;&#10;&#9;}&#13;&#10;&#9;public void makeMove()&#13;&#10;&#9;{&#13;&#10;&#9;&#9;//once you find the first true isTurn value, &#13;&#10;&#9;&#9;//you should set it off to mark that player's turn has ended&#13;&#10;&#9;&#9;//then you mark the next player's turn has started by turning its isTurn value as true&#13;&#10;&#9;&#9;//once these changes are made, this new players list replaces the mainboard's player's list&#13;&#10;&#9;&#9;for(int i=0;i&lt;players.size();i++)&#13;&#10;&#9;&#9;{&#13;&#10;&#9;&#9;&#9;if(players.get(i).isTurn)&#13;&#10;&#9;&#9;&#9;{&#13;&#10;&#9;&#9;&#9;&#9;players.get(i).isTurn = false;&#13;&#10;&#9;&#9;&#9;&#9;if(i == players.size()-1)&#13;&#10;&#9;&#9;&#9;&#9;{&#13;&#10;&#9;&#9;&#9;&#9;&#9;players.get(0).isTurn = true;&#13;&#10;&#9;&#9;&#9;&#9;}&#13;&#10;&#9;&#9;&#9;&#9;else&#13;&#10;&#9;&#9;&#9;&#9;{&#13;&#10;&#9;&#9;&#9;&#9;&#9;players.get(i+1).isTurn = true;&#13;&#10;&#9;&#9;&#9;&#9;}&#13;&#10;&#9;&#9;&#9;&#9;break;&#13;&#10;&#9;&#9;&#9;}&#13;&#10;&#9;&#9;}&#13;&#10;&#9;&#9;GameBoardGUI.players = players;&#13;&#10;&#9;}&#13;&#10;}&#13;&#10;&#13;&#10;&#9;&#13;&#10;&#13;&#10;" Filename="NextMoveButton.java" Intrnl_Id="10"/>
<SrcFile Content="package csse376_puerto_rico;&#13;&#10;&#13;&#10;import java.awt.BorderLayout;&#13;&#10;import java.awt.Image;&#13;&#10;&#13;&#10;import javax.swing.ImageIcon;&#13;&#10;import javax.swing.JButton;&#13;&#10;import javax.swing.JFrame;&#13;&#10;import javax.swing.JLabel;&#13;&#10;import javax.swing.JPanel;&#13;&#10;&#13;&#10;import net.miginfocom.swing.MigLayout;&#13;&#10;&#13;&#10;public class MenuGUI {&#13;&#10;&#9;/**&#13;&#10;     * Mainframe.&#13;&#10;     */&#13;&#10;     JFrame mainframe = new JFrame();&#13;&#10;     &#13;&#10;     /**&#13;&#10;     * Constructs the Menu.&#13;&#10;     * &#13;&#10;     */&#13;&#10;     public MenuGUI() {&#13;&#10;           this.mainframe.setTitle(&quot;Puerto Rico&quot;);&#13;&#10;           this.mainframe.setSize(1366, 800);&#13;&#10;           this.mainframe.setVisible(true);&#13;&#10;           this.mainframe.setDefaultCloseOperation(JFrame.EXIT_ON_CLOSE);&#13;&#10;           this.mainframe.setResizable(false);&#13;&#10;//           MigLayout layout = new MigLayout();&#13;&#10;//   &#9;&#9;   this.mainframe.setLayout(layout);&#13;&#10;           &#13;&#10;           JPanel imgPanel = new JPanel();&#13;&#10;           JPanel buttonPanel = new JPanel();&#13;&#10;           &#13;&#10;           String imageLoc = &quot;puerto-ricosmall.jpg&quot;;&#13;&#10;           ImageIcon imageIcon = new ImageIcon(imageLoc);&#13;&#10;           &#13;&#10;           imgPanel.add(new JLabel(imageIcon));&#13;&#10;           &#13;&#10;           JButton newGame = new JButton(&quot;New Game&quot;);&#13;&#10;           newGame.addActionListener(new ButtonHandler(mainframe, null));&#13;&#10;           JButton quit = new JButton(&quot;Quit&quot;);&#13;&#10;           &#13;&#10;           buttonPanel.add(newGame);&#13;&#10;           buttonPanel.add(quit);&#13;&#10;           &#13;&#10;           this.mainframe.add(imgPanel, BorderLayout.NORTH);&#13;&#10;           this.mainframe.add(buttonPanel, BorderLayout.SOUTH);&#13;&#10;     }&#13;&#10;&#13;&#10;}&#13;&#10;" Filename="MenuGUI.java" Intrnl_Id="11"/>
<SrcFile Content="package csse376_puerto_rico;&#10;&#10;public class Main {&#10;&#9;/**&#10;&#9; * @param args&#10;&#9; * &#10;&#9; * &#10;&#9; */&#10;&#9;public static void main(String[] args) {&#10;&#9;&#9;new MenuGUI();&#10;&#9;}&#10;}&#10;" Filename="Main.java" Intrnl_Id="12"/>
<SrcFile Content="package csse376_puerto_rico;&#13;&#10;&#13;&#10;import java.awt.event.ActionEvent;&#13;&#10;import java.awt.event.ActionListener;&#13;&#10;import java.util.ArrayList;&#13;&#10;import java.util.List;&#13;&#10;&#13;&#10;import javax.swing.JButton;&#13;&#10;&#13;&#10;public class GoodsButton extends JButton &#13;&#10;{&#13;&#10;&#9;private List&lt;Player&gt; players;&#13;&#10;&#9;private String goodsName;&#13;&#10;&#9;public GoodsButton(String good)&#13;&#10;&#9;{&#13;&#10;&#9;&#9;goodsName = good;&#13;&#10;&#9;&#9;setText(goodsName);&#13;&#10;&#9;&#9;players = GameBoardGUI.players;&#13;&#10;&#9;&#9;this.addActionListener(new ActionListener() {&#13;&#10;&#9;&#9;&#9;&#13;&#10;&#9;&#9;&#9;@Override&#13;&#10;&#9;&#9;&#9;public void actionPerformed(ActionEvent e) &#13;&#10;&#9;&#9;&#9;{&#13;&#10;&#9;&#9;&#9;&#13;&#10;&#9;&#9;&#9;&#9;&#9;for(int i=0;i&lt;players.size();i++)&#13;&#10;&#9;&#9;&#9;&#9;&#9;{&#13;&#10;&#9;&#9;&#9;&#9;&#9;&#9;int playerNumber = i+1;&#13;&#10;&#9;&#9;&#9;&#9;&#9;&#9;System.out.println( &quot;Player &quot;+playerNumber+&quot;: &quot;+ players.get(i).getGoods());&#13;&#10;&#9;&#9;&#9;&#9;&#9;&#9;players.get(i).addGood(goodsName, 1);&#13;&#10;&#9;&#9;&#9;&#9;&#9;&#9;&#13;&#10;&#9;&#9;&#9;&#9;&#9;}&#13;&#10;&#9;&#9;&#9;}&#13;&#10;&#9;&#9;});&#13;&#10;&#9;&#9;GameBoardGUI.players = players;&#13;&#10;&#9;}&#13;&#10;}&#13;&#10;" Filename="GoodsButton.java" Intrnl_Id="13"/>
<SrcFile Content="package csse376_puerto_rico;&#13;&#10;&#13;&#10;import java.awt.Color;&#13;&#10;import java.util.ArrayList;&#13;&#10;import java.util.Enumeration;&#13;&#10;import java.util.List;&#13;&#10;&#13;&#10;import javax.swing.AbstractButton;&#13;&#10;import javax.swing.ButtonGroup;&#13;&#10;import javax.swing.JButton;&#13;&#10;import javax.swing.JFrame;&#13;&#10;import javax.swing.JOptionPane;&#13;&#10;import javax.swing.JPanel;&#13;&#10;import javax.swing.JTextArea;&#13;&#10;&#13;&#10;import net.miginfocom.swing.MigLayout;&#13;&#10;&#13;&#10;public class GameBoardGUI {&#13;&#10;&#13;&#10;&#9;private JFrame mainframe;&#13;&#10;&#9;public static List&lt;Player&gt; players;&#13;&#10;&#9;public static ArrayList&lt;JPanel&gt; playerCards;&#13;&#10;&#9;private ButtonGroup bGroup;&#13;&#10;&#9;private static int turnCount;&#13;&#10;&#13;&#10;&#9;public GameBoardGUI(JFrame frame, ButtonGroup group) {&#13;&#10;&#9;&#9;this.players = new ArrayList&lt;Player&gt;();&#13;&#10;&#9;&#9;this.mainframe = frame;&#13;&#10;&#9;&#9;this.bGroup = group;&#13;&#10;&#9;&#9;NextMoveButton nextMove = new NextMoveButton();&#13;&#10;&#9;&#9;nextMove.setText(&quot;Turn &quot;+turnCount);&#13;&#10;&#9;&#9;GoodsButton CoffeeButton = new GoodsButton(&quot;Coffee&quot;);&#13;&#10;&#9;&#9;GoodsButton CornButton = new GoodsButton(&quot;Corn&quot;);&#13;&#10;&#9;&#9;GoodsButton TobaccoButton = new GoodsButton(&quot;Tobacco&quot;);&#13;&#10;&#9;&#9;GoodsButton IndigoButton = new GoodsButton(&quot;Indigo&quot;);&#13;&#10;&#9;&#9;GoodsButton SugarButton = new GoodsButton(&quot;Sugar&quot;);&#13;&#10;&#9;&#9;this.mainframe.getContentPane().removeAll();&#13;&#10;&#9;&#9;this.mainframe.getContentPane().revalidate();&#13;&#10;&#9;&#9;this.mainframe.setBackground(Color.GREEN);&#13;&#10;&#9;&#9;this.mainframe.setTitle(&quot;Puerto Rico&quot;);&#13;&#10;&#9;&#9;this.mainframe.add(nextMove);&#13;&#10;&#9;&#9;this.mainframe.add(CoffeeButton);&#13;&#10;&#9;&#9;this.mainframe.add(CornButton);&#13;&#10;&#9;&#9;this.mainframe.add(TobaccoButton);&#13;&#10;&#9;&#9;this.mainframe.add(SugarButton);&#13;&#10;&#9;&#9;this.mainframe.add(IndigoButton);&#13;&#10;&#9;&#9;MigLayout layout = new MigLayout();&#13;&#10;&#9;&#9;this.mainframe.setLayout(layout);&#13;&#10;&#13;&#10;&#9;&#9;String temp = &quot;0&quot;;&#13;&#10;&#9;&#9;for (Enumeration&lt;AbstractButton&gt; buttons = this.bGroup.getElements(); buttons&#13;&#10;&#9;&#9;&#9;&#9;.hasMoreElements();) {&#13;&#10;&#9;&#9;&#9;AbstractButton button = buttons.nextElement();&#13;&#10;&#9;&#9;&#9;if (button.isSelected()) {&#13;&#10;&#9;&#9;&#9;&#9;temp = button.getText();&#13;&#10;&#9;&#9;&#9;}&#13;&#10;&#9;&#9;}&#13;&#10;&#9;&#9;int numberPlayers = Integer.parseInt(temp);&#13;&#10;&#9;&#9;this.addPlayers(numberPlayers);&#13;&#10;&#9;}&#13;&#10;&#13;&#10;&#9;/**&#13;&#10;&#9; * This method allows us to add the space on the game board for buildings and goods to&#13;&#10;&#9; * be placed. It also gives a list of these &quot;cards&quot; so they can be accessed later.&#13;&#10;&#9; * &#13;&#10;&#9; * @param numberPlayers&#13;&#10;&#9; * @return an arrayList of the buildingSpaces that are JPanels&#13;&#10;&#9; */&#13;&#10;&#9;public ArrayList&lt;JPanel&gt; addPlayerCards(int numberPlayers) {&#13;&#10;&#9;&#9;ArrayList&lt;JPanel&gt; playerSpaces = new ArrayList&lt;JPanel&gt;();&#13;&#10;&#9;&#9;for(int i = 0; i &lt; numberPlayers; i++){&#13;&#10;&#9;&#9;&#9;JPanel buildingSpace = new JPanel();&#13;&#10;&#9;&#9;&#9;MigLayout layout = new MigLayout();&#13;&#10;&#9;&#9;&#9;buildingSpace.setLayout(layout);&#13;&#10;&#9;&#9;&#9;buildingSpace.setBackground(Color.BLACK);&#13;&#10;&#9;&#9;&#9;playerSpaces.add(buildingSpace);&#13;&#10;&#9;&#9;&#9;this.mainframe.add(buildingSpace, &quot;cell &quot;+i+&quot; 2, w 165!, h 200!&quot;);&#13;&#10;&#9;&#9;}&#13;&#10;&#9;&#9;this.playerCards = playerSpaces;&#13;&#10;&#9;&#9;return playerSpaces;&#13;&#10;&#9;}&#13;&#10;&#13;&#10;&#9;public List&lt;Player&gt; addPlayers(int numberOfPlayers) {&#13;&#10;&#9;&#9;this.addPlayerCards(numberOfPlayers);&#13;&#10;&#9;&#9;for (int i = 0; i &lt; numberOfPlayers; i++) {&#13;&#10;&#9;&#9;&#9;Player p = new Player();&#13;&#10;&#9;&#9;&#9;if (i == 0) {&#13;&#10;&#9;&#9;&#9;&#9;p.isGovernor = true;&#13;&#10;&#9;&#9;&#9;}&#13;&#10;&#9;&#9;&#9;JTextArea jta = new JTextArea(&quot;Player &quot; + (i + 1) + &quot;\nRole: &quot;&#13;&#10;&#9;&#9;&#9;&#9;&#9;+ &quot;\nScore: &quot; + p.getPoints() + &quot;\nBuildings:&quot; + p.getBuildings() + &quot;\nPlantations:&quot;);&#13;&#10;&#9;&#9;&#9;jta.setRows(5);&#13;&#10;&#9;&#9;&#9;jta.setColumns(15);&#13;&#10;&#9;&#9;&#9;p.setHUD(jta);&#13;&#10;&#9;&#9;&#9;this.players.add(p);&#13;&#10;&#9;&#9;&#9;this.mainframe.add(jta, &quot;cell &quot;+i+&quot; 1&quot;);&#13;&#10;&#13;&#10;&#9;&#9;}&#13;&#10;&#9;&#9;updateRoles();&#13;&#10;&#13;&#10;&#9;&#9;return this.players;&#13;&#10;&#9;}&#13;&#10;&#13;&#10;&#9;public List&lt;Player&gt; getPlayers() {&#13;&#10;&#9;&#9;return this.players;&#13;&#10;&#9;}&#13;&#10;&#9;&#13;&#10;&#9;public static int getTurnCount()&#13;&#10;&#9;{&#13;&#10;&#9;&#9;return turnCount;&#13;&#10;&#9;}&#13;&#10;&#13;&#10;&#9;public String getPlayerText(int playerNum, String role, int points, &#13;&#10;&#9;&#9;&#9;String building, String plantation, boolean isGovernor) {&#13;&#10;&#9;&#9;String rtn = null;&#13;&#10;&#9;&#9;if (isGovernor) {&#13;&#10;&#9;&#9;&#9;rtn = String.format(&quot;Player %d \nRole: %s \nScore: %d \nBuilding: %s \nPlantation: %s \nGovernor&quot;,&#13;&#10;&#9;&#9;&#9;&#9;&#9;playerNum, role, points, building, plantation);&#13;&#10;&#13;&#10;&#9;&#9;} else {&#13;&#10;&#9;&#9;&#9;rtn = String.format(&quot;Player %d \nRole: %s \nScore: %d \nBuilding: %s \nPlantation: %s&quot;, playerNum,&#13;&#10;&#9;&#9;&#9;&#9;&#9;role, points, building, plantation);&#13;&#10;&#13;&#10;&#9;&#9;}&#13;&#10;&#9;&#9;return rtn;&#13;&#10;&#9;}&#13;&#10;&#13;&#10;&#9;public void updateRoles() {&#13;&#10;&#9;&#9;for (int i = 0; i &lt; this.players.size(); i++) {&#13;&#10;&#9;&#9;&#9;Player player = this.players.get(i);&#13;&#10;&#9;&#9;&#9;Object[] options = Player.getRoles().toArray();&#13;&#10;&#9;&#9;&#9;int n = JOptionPane.showOptionDialog(this.mainframe,&#13;&#10;&#9;&#9;&#9;&#9;&#9;&quot;Choose your role!&quot;, &quot;Player &quot; + (i + 1),&#13;&#10;&#9;&#9;&#9;&#9;&#9;JOptionPane.YES_NO_CANCEL_OPTION,&#13;&#10;&#9;&#9;&#9;&#9;&#9;JOptionPane.QUESTION_MESSAGE, null, options,&#13;&#10;&#9;&#9;&#9;&#9;&#9;options[options.length - 1]);&#13;&#10;&#9;&#9;&#9;//in this block of code I had to convert the lists of buildings,plantations into Strings&#13;&#10;&#9;&#9;&#9;StringBuilder buildingList = new StringBuilder();&#13;&#10;&#9;&#9;&#9;StringBuilder plantationList = new StringBuilder();&#13;&#10;&#9;&#9;&#9;for (String s : player.getBuildings())&#13;&#10;&#9;&#9;&#9;{&#13;&#10;&#9;&#9;&#9;&#9;buildingList.append(s + &quot;, &quot;);&#13;&#10;&#9;&#9;&#9;}&#13;&#10;&#9;&#9;&#9;for (String s : player.getGoods())&#13;&#10;&#9;&#9;&#9;{&#13;&#10;&#9;&#9;&#9;&#9;plantationList.append(s + &quot;, &quot;);&#13;&#10;&#9;&#9;&#9;}&#13;&#10;&#9;&#9;&#9;String role = (String) options[n];&#13;&#10;&#9;&#9;&#9;int points = player.getPoints();&#13;&#10;&#9;&#9;&#9;player.getHUD().setText(&#13;&#10;&#9;&#9;&#9;&#9;&#9;getPlayerText(i + 1, role, points, buildingList.toString(), plantationList.toString(), player.isGovernor));&#13;&#10;&#9;&#9;}&#13;&#10;&#9;}&#13;&#10;}&#13;&#10;" Filename="GameBoardGUI.java" Intrnl_Id="14"/>
<SrcFile Content="package csse376_puerto_rico;&#13;&#10;&#13;&#10;import java.awt.event.ActionEvent;&#13;&#10;import java.awt.event.ActionListener;&#13;&#10;&#13;&#10;import javax.swing.ButtonGroup;&#13;&#10;import javax.swing.JFrame;&#13;&#10;&#13;&#10;public class ButtonHandler implements ActionListener {&#13;&#10;&#9;&#13;&#10;&#9;private JFrame mainframe;&#13;&#10;&#9;private ButtonGroup bGroup;&#13;&#10;&#13;&#10;&#9;public ButtonHandler(JFrame frame, ButtonGroup group) {&#13;&#10;&#9;&#9;this.mainframe = frame;&#13;&#10;&#9;&#9;this.bGroup = group;&#13;&#10;&#9;}&#13;&#10;&#13;&#10;&#9;@Override&#13;&#10;&#9;public void actionPerformed(ActionEvent ae) {&#13;&#10;&#9;&#9;String action = ae.getActionCommand();&#13;&#10;&#9;&#9;if(action.equals(&quot;Quit&quot;)){&#13;&#10;&#9;&#9;&#9;System.exit(0);&#13;&#10;&#9;&#9;}else if(action.equals(&quot;New Game&quot;)){&#13;&#10;&#9;&#9;&#9;new StartUpGameBoardGUI(this.mainframe);&#13;&#10;&#9;&#9;}else if(action.equals(&quot;Start&quot;)){&#13;&#10;&#9;&#9;&#9;new GameBoardGUI(this.mainframe, this.bGroup);&#13;&#10;&#9;&#9;}else if(action.equals(&quot;Add Points&quot;)){&#13;&#10;&#9;&#9;&#9;&#13;&#10;&#9;&#9;}&#13;&#10;&#9;}&#13;&#10;&#13;&#10;}&#13;&#10;" Filename="ButtonHandler.java" Intrnl_Id="15"/>
<SrcFile Content="package csse376_puerto_rico;&#13;&#10;&#13;&#10;import java.util.ArrayList;&#13;&#10;import java.util.Arrays;&#13;&#10;import java.util.List;&#13;&#10;&#13;&#10;public class Buildings {&#13;&#10;&#13;&#10;&#9;private ArrayList&lt;Building&gt; buildings;&#13;&#10;&#13;&#10;&#9;public Buildings() {&#13;&#10;&#9;&#9;buildings = new ArrayList&lt;Building&gt;();&#13;&#10;&#13;&#10;&#9;&#9;List&lt;String&gt; buildingNames = Arrays.asList(&quot;Small Indigo Plant&quot;,&#13;&#10;&#9;&#9;&#9;&#9;&quot;Small Sugar Mill&quot;, &quot;Small Market&quot;, &quot;Hacienda&quot;,&#13;&#10;&#9;&#9;&#9;&#9;&quot;ConstructionHut&quot;, &quot;Small Warehouse&quot;, &quot;Indigo Plant&quot;,&#13;&#10;&#9;&#9;&#9;&#9;&quot;Surgar Mill&quot;, &quot;Hospice&quot;); // TODO: add more&#13;&#10;&#13;&#10;&#9;&#9;for (String name : buildingNames) {&#13;&#10;&#9;&#9;&#9;buildings.add(new Building(name));&#13;&#10;&#9;&#9;}&#13;&#10;&#13;&#10;&#9;}&#13;&#10;&#13;&#10;&#9;public ArrayList&lt;Building&gt; getBuildings() {&#13;&#10;&#13;&#10;&#9;&#9;return buildings;&#13;&#10;&#9;}&#13;&#10;&#13;&#10;&#9;public class Building {&#13;&#10;&#13;&#10;&#9;&#9;public String name;&#13;&#10;&#9;&#9;public int cost;&#13;&#10;&#9;&#9;public int points;&#13;&#10;&#9;&#9;public int numberOfJobs;&#13;&#10;&#9;&#9;public int numberOfWorkers;&#13;&#10;&#13;&#10;&#9;&#9;public Building(String name) {&#13;&#10;&#9;&#9;&#9;this.name = name;&#13;&#10;&#9;&#9;&#9;switch (name) {&#13;&#10;&#9;&#9;&#9;case &quot;Small Indigo Plant&quot;:&#13;&#10;&#9;&#9;&#9;&#9;cost = 1;&#13;&#10;&#9;&#9;&#9;&#9;points = 1;&#13;&#10;&#9;&#9;&#9;&#9;numberOfJobs = 1;&#13;&#10;&#9;&#9;&#9;&#9;numberOfWorkers = 0;&#13;&#10;&#9;&#9;&#9;&#9;break;&#13;&#10;&#13;&#10;&#9;&#9;&#9;// TODO: Add all cases for all buildings&#13;&#10;&#9;&#9;&#9;default:&#13;&#10;&#9;&#9;&#9;&#9;cost = 0;&#13;&#10;&#9;&#9;&#9;&#9;points = 0;&#13;&#10;&#9;&#9;&#9;&#9;numberOfJobs = 0;&#13;&#10;&#9;&#9;&#9;&#9;numberOfWorkers = 0;&#13;&#10;&#9;&#9;&#9;}&#13;&#10;&#9;&#9;}&#13;&#10;&#9;}&#13;&#10;}&#13;&#10;" Filename="Buildings.java" Intrnl_Id="16"/>
</SrcFileList>
<CritList>
<CritListEntry Name="org.codecover.model.utils.criteria.LoopCoverage" PluginName="org.codecover"/>
<CritListEntry Name="org.codecover.model.utils.criteria.BranchCoverage" PluginName="org.codecover"/>
<CritListEntry Name="org.codecover.model.utils.criteria.ConditionCoverage" PluginName="org.codecover"/>
<CritListEntry Name="org.codecover.model.utils.criteria.SynchronizedStatementCoverage" PluginName="org.codecover"/>
<CritListEntry Name="org.codecover.model.utils.criteria.QMOCoverage" PluginName="org.codecover"/>
<CritListEntry Name="org.codecover.model.utils.criteria.StatementCoverage" PluginName="org.codecover"/>
</CritList>
<BoolOpList>
<BoolOp Arity="2" Intrnl_Id="17" Name="conditional and (&amp;&amp;)">
<BoolAssgnmntBoolMapList>
<MapEntry BoolAssgnmnt="10" Value="false"/>
<MapEntry BoolAssgnmnt="02" Value="false"/>
<MapEntry BoolAssgnmnt="11" Value="true"/>
</BoolAssgnmntBoolMapList>
</BoolOp>
</BoolOpList>
<HierarchyLvlTypeList>
<HierarchyLvlType EnglishName="enumeration" IntrnlName="enum" Intrnl_Id="18"/>
<HierarchyLvlType EnglishName="package" IntrnlName="package" Intrnl_Id="19"/>
<HierarchyLvlType EnglishName="class" IntrnlName="class" Intrnl_Id="20"/>
<HierarchyLvlType EnglishName="method" IntrnlName="method" Intrnl_Id="21"/>
<HierarchyLvlType EnglishName="default package" IntrnlName="default package" Intrnl_Id="22"/>
<HierarchyLvlType EnglishName="anonymous class" IntrnlName="class" Intrnl_Id="23"/>
</HierarchyLvlTypeList>
<MASTRoot>
<HierarchyLvl HierarchyLvlId="363" HierarchyLvlTypeId="22" Intrnl_Id="24" Name="default package">
<Header/>
<LocList/>
<HierarchyLvl HierarchyLvlId="361" HierarchyLvlTypeId="19" Intrnl_Id="25" Name="csse376_puerto_rico_test">
<Header/>
<LocList/>
<HierarchyLvl HierarchyLvlId="283" HierarchyLvlTypeId="20" Intrnl_Id="26" Name="PlayerTest">
<Header>
<Loc EndOffset="275" SrcFileId="1" StartOffset="252"/>
</Header>
<LocList>
<Loc EndOffset="4974" SrcFileId="1" StartOffset="252"/>
</LocList>
<HierarchyLvl HierarchyLvlId="254" HierarchyLvlTypeId="21" Intrnl_Id="27" Name="test_playersRoleAsTrader">
<Header>
<Loc EndOffset="328" SrcFileId="1" StartOffset="282"/>
</Header>
<LocList>
<Loc EndOffset="420" SrcFileId="1" StartOffset="282"/>
</LocList>
<StmntSeq Intrnl_Id="28">
<LocList>
<Loc EndOffset="371" SrcFileId="1" StartOffset="334"/>
<Loc EndOffset="416" SrcFileId="1" StartOffset="375"/>
</LocList>
<BasicStmnt CovItemId="S1" CovItemPrefix="csse376_puerto_rico_test.PlayerTest.java" Intrnl_Id="29">
<LocList>
<Loc EndOffset="371" SrcFileId="1" StartOffset="334"/>
</LocList>
</BasicStmnt>
<BasicStmnt CovItemId="S2" CovItemPrefix="csse376_puerto_rico_test.PlayerTest.java" Intrnl_Id="30">
<LocList>
<Loc EndOffset="416" SrcFileId="1" StartOffset="375"/>
</LocList>
</BasicStmnt>
</StmntSeq>
</HierarchyLvl>
<HierarchyLvl HierarchyLvlId="255" HierarchyLvlTypeId="21" Intrnl_Id="31" Name="test_playersRoleAsBuilder">
<Header>
<Loc EndOffset="472" SrcFileId="1" StartOffset="425"/>
</Header>
<LocList>
<Loc EndOffset="566" SrcFileId="1" StartOffset="425"/>
</LocList>
<StmntSeq Intrnl_Id="32">
<LocList>
<Loc EndOffset="516" SrcFileId="1" StartOffset="478"/>
<Loc EndOffset="562" SrcFileId="1" StartOffset="520"/>
</LocList>
<BasicStmnt CovItemId="S3" CovItemPrefix="csse376_puerto_rico_test.PlayerTest.java" Intrnl_Id="33">
<LocList>
<Loc EndOffset="516" SrcFileId="1" StartOffset="478"/>
</LocList>
</BasicStmnt>
<BasicStmnt CovItemId="S4" CovItemPrefix="csse376_puerto_rico_test.PlayerTest.java" Intrnl_Id="34">
<LocList>
<Loc EndOffset="562" SrcFileId="1" StartOffset="520"/>
</LocList>
</BasicStmnt>
</StmntSeq>
</HierarchyLvl>
<HierarchyLvl HierarchyLvlId="256" HierarchyLvlTypeId="21" Intrnl_Id="35" Name="test_playersRoleAsCaptain">
<Header>
<Loc EndOffset="619" SrcFileId="1" StartOffset="572"/>
</Header>
<LocList>
<Loc EndOffset="713" SrcFileId="1" StartOffset="572"/>
</LocList>
<StmntSeq Intrnl_Id="36">
<LocList>
<Loc EndOffset="663" SrcFileId="1" StartOffset="625"/>
<Loc EndOffset="709" SrcFileId="1" StartOffset="667"/>
</LocList>
<BasicStmnt CovItemId="S5" CovItemPrefix="csse376_puerto_rico_test.PlayerTest.java" Intrnl_Id="37">
<LocList>
<Loc EndOffset="663" SrcFileId="1" StartOffset="625"/>
</LocList>
</BasicStmnt>
<BasicStmnt CovItemId="S6" CovItemPrefix="csse376_puerto_rico_test.PlayerTest.java" Intrnl_Id="38">
<LocList>
<Loc EndOffset="709" SrcFileId="1" StartOffset="667"/>
</LocList>
</BasicStmnt>
</StmntSeq>
</HierarchyLvl>
<HierarchyLvl HierarchyLvlId="257" HierarchyLvlTypeId="21" Intrnl_Id="39" Name="test_playersRoleAsSettler">
<Header>
<Loc EndOffset="766" SrcFileId="1" StartOffset="719"/>
</Header>
<LocList>
<Loc EndOffset="860" SrcFileId="1" StartOffset="719"/>
</LocList>
<StmntSeq Intrnl_Id="40">
<LocList>
<Loc EndOffset="810" SrcFileId="1" StartOffset="772"/>
<Loc EndOffset="856" SrcFileId="1" StartOffset="814"/>
</LocList>
<BasicStmnt CovItemId="S7" CovItemPrefix="csse376_puerto_rico_test.PlayerTest.java" Intrnl_Id="41">
<LocList>
<Loc EndOffset="810" SrcFileId="1" StartOffset="772"/>
</LocList>
</BasicStmnt>
<BasicStmnt CovItemId="S8" CovItemPrefix="csse376_puerto_rico_test.PlayerTest.java" Intrnl_Id="42">
<LocList>
<Loc EndOffset="856" SrcFileId="1" StartOffset="814"/>
</LocList>
</BasicStmnt>
</StmntSeq>
</HierarchyLvl>
<HierarchyLvl HierarchyLvlId="258" HierarchyLvlTypeId="21" Intrnl_Id="43" Name="test_playersRoleAsCraftsman">
<Header>
<Loc EndOffset="915" SrcFileId="1" StartOffset="866"/>
</Header>
<LocList>
<Loc EndOffset="1013" SrcFileId="1" StartOffset="866"/>
</LocList>
<StmntSeq Intrnl_Id="44">
<LocList>
<Loc EndOffset="961" SrcFileId="1" StartOffset="921"/>
<Loc EndOffset="1009" SrcFileId="1" StartOffset="965"/>
</LocList>
<BasicStmnt CovItemId="S9" CovItemPrefix="csse376_puerto_rico_test.PlayerTest.java" Intrnl_Id="45">
<LocList>
<Loc EndOffset="961" SrcFileId="1" StartOffset="921"/>
</LocList>
</BasicStmnt>
<BasicStmnt CovItemId="S10" CovItemPrefix="csse376_puerto_rico_test.PlayerTest.java" Intrnl_Id="46">
<LocList>
<Loc EndOffset="1009" SrcFileId="1" StartOffset="965"/>
</LocList>
</BasicStmnt>
</StmntSeq>
</HierarchyLvl>
<HierarchyLvl HierarchyLvlId="259" HierarchyLvlTypeId="21" Intrnl_Id="47" Name="test_playersRoleAsProspector">
<Header>
<Loc EndOffset="1069" SrcFileId="1" StartOffset="1019"/>
</Header>
<LocList>
<Loc EndOffset="1169" SrcFileId="1" StartOffset="1019"/>
</LocList>
<StmntSeq Intrnl_Id="48">
<LocList>
<Loc EndOffset="1116" SrcFileId="1" StartOffset="1075"/>
<Loc EndOffset="1165" SrcFileId="1" StartOffset="1120"/>
</LocList>
<BasicStmnt CovItemId="S11" CovItemPrefix="csse376_puerto_rico_test.PlayerTest.java" Intrnl_Id="49">
<LocList>
<Loc EndOffset="1116" SrcFileId="1" StartOffset="1075"/>
</LocList>
</BasicStmnt>
<BasicStmnt CovItemId="S12" CovItemPrefix="csse376_puerto_rico_test.PlayerTest.java" Intrnl_Id="50">
<LocList>
<Loc EndOffset="1165" SrcFileId="1" StartOffset="1120"/>
</LocList>
</BasicStmnt>
</StmntSeq>
</HierarchyLvl>
<HierarchyLvl HierarchyLvlId="260" HierarchyLvlTypeId="21" Intrnl_Id="51" Name="test_playersRoleAsMayor">
<Header>
<Loc EndOffset="1220" SrcFileId="1" StartOffset="1175"/>
</Header>
<LocList>
<Loc EndOffset="1310" SrcFileId="1" StartOffset="1175"/>
</LocList>
<StmntSeq Intrnl_Id="52">
<LocList>
<Loc EndOffset="1262" SrcFileId="1" StartOffset="1226"/>
<Loc EndOffset="1306" SrcFileId="1" StartOffset="1266"/>
</LocList>
<BasicStmnt CovItemId="S13" CovItemPrefix="csse376_puerto_rico_test.PlayerTest.java" Intrnl_Id="53">
<LocList>
<Loc EndOffset="1262" SrcFileId="1" StartOffset="1226"/>
</LocList>
</BasicStmnt>
<BasicStmnt CovItemId="S14" CovItemPrefix="csse376_puerto_rico_test.PlayerTest.java" Intrnl_Id="54">
<LocList>
<Loc EndOffset="1306" SrcFileId="1" StartOffset="1266"/>
</LocList>
</BasicStmnt>
</StmntSeq>
</HierarchyLvl>
<HierarchyLvl HierarchyLvlId="261" HierarchyLvlTypeId="21" Intrnl_Id="55" Name="test_getRolesList">
<Header>
<Loc EndOffset="1354" SrcFileId="1" StartOffset="1315"/>
</Header>
<LocList>
<Loc EndOffset="1631" SrcFileId="1" StartOffset="1315"/>
</LocList>
<StmntSeq Intrnl_Id="56">
<LocList>
<Loc EndOffset="1405" SrcFileId="1" StartOffset="1360"/>
<Loc EndOffset="1430" SrcFileId="1" StartOffset="1409"/>
<Loc EndOffset="1455" SrcFileId="1" StartOffset="1434"/>
<Loc EndOffset="1482" SrcFileId="1" StartOffset="1459"/>
<Loc EndOffset="1506" SrcFileId="1" StartOffset="1486"/>
<Loc EndOffset="1531" SrcFileId="1" StartOffset="1510"/>
<Loc EndOffset="1559" SrcFileId="1" StartOffset="1535"/>
<Loc EndOffset="1582" SrcFileId="1" StartOffset="1563"/>
<Loc EndOffset="1627" SrcFileId="1" StartOffset="1588"/>
</LocList>
<BasicStmnt CovItemId="S15" CovItemPrefix="csse376_puerto_rico_test.PlayerTest.java" Intrnl_Id="57">
<LocList>
<Loc EndOffset="1405" SrcFileId="1" StartOffset="1360"/>
</LocList>
</BasicStmnt>
<BasicStmnt CovItemId="S16" CovItemPrefix="csse376_puerto_rico_test.PlayerTest.java" Intrnl_Id="58">
<LocList>
<Loc EndOffset="1430" SrcFileId="1" StartOffset="1409"/>
</LocList>
</BasicStmnt>
<BasicStmnt CovItemId="S17" CovItemPrefix="csse376_puerto_rico_test.PlayerTest.java" Intrnl_Id="59">
<LocList>
<Loc EndOffset="1455" SrcFileId="1" StartOffset="1434"/>
</LocList>
</BasicStmnt>
<BasicStmnt CovItemId="S18" CovItemPrefix="csse376_puerto_rico_test.PlayerTest.java" Intrnl_Id="60">
<LocList>
<Loc EndOffset="1482" SrcFileId="1" StartOffset="1459"/>
</LocList>
</BasicStmnt>
<BasicStmnt CovItemId="S19" CovItemPrefix="csse376_puerto_rico_test.PlayerTest.java" Intrnl_Id="61">
<LocList>
<Loc EndOffset="1506" SrcFileId="1" StartOffset="1486"/>
</LocList>
</BasicStmnt>
<BasicStmnt CovItemId="S20" CovItemPrefix="csse376_puerto_rico_test.PlayerTest.java" Intrnl_Id="62">
<LocList>
<Loc EndOffset="1531" SrcFileId="1" StartOffset="1510"/>
</LocList>
</BasicStmnt>
<BasicStmnt CovItemId="S21" CovItemPrefix="csse376_puerto_rico_test.PlayerTest.java" Intrnl_Id="63">
<LocList>
<Loc EndOffset="1559" SrcFileId="1" StartOffset="1535"/>
</LocList>
</BasicStmnt>
<BasicStmnt CovItemId="S22" CovItemPrefix="csse376_puerto_rico_test.PlayerTest.java" Intrnl_Id="64">
<LocList>
<Loc EndOffset="1582" SrcFileId="1" StartOffset="1563"/>
</LocList>
</BasicStmnt>
<BasicStmnt CovItemId="S23" CovItemPrefix="csse376_puerto_rico_test.PlayerTest.java" Intrnl_Id="65">
<LocList>
<Loc EndOffset="1627" SrcFileId="1" StartOffset="1588"/>
</LocList>
</BasicStmnt>
</StmntSeq>
</HierarchyLvl>
<HierarchyLvl HierarchyLvlId="262" HierarchyLvlTypeId="21" Intrnl_Id="66" Name="test_getPlayerTurn1">
<Header>
<Loc EndOffset="1678" SrcFileId="1" StartOffset="1637"/>
</Header>
<LocList>
<Loc EndOffset="1794" SrcFileId="1" StartOffset="1637"/>
</LocList>
<StmntSeq Intrnl_Id="67">
<LocList>
<Loc EndOffset="1747" SrcFileId="1" StartOffset="1718"/>
<Loc EndOffset="1786" SrcFileId="1" StartOffset="1751"/>
</LocList>
<BasicStmnt CovItemId="S24" CovItemPrefix="csse376_puerto_rico_test.PlayerTest.java" Intrnl_Id="68">
<LocList>
<Loc EndOffset="1747" SrcFileId="1" StartOffset="1718"/>
</LocList>
</BasicStmnt>
<BasicStmnt CovItemId="S25" CovItemPrefix="csse376_puerto_rico_test.PlayerTest.java" Intrnl_Id="69">
<LocList>
<Loc EndOffset="1786" SrcFileId="1" StartOffset="1751"/>
</LocList>
</BasicStmnt>
</StmntSeq>
</HierarchyLvl>
<HierarchyLvl HierarchyLvlId="263" HierarchyLvlTypeId="21" Intrnl_Id="70" Name="test_getPlayerTurn2">
<Header>
<Loc EndOffset="1841" SrcFileId="1" StartOffset="1800"/>
</Header>
<LocList>
<Loc EndOffset="1981" SrcFileId="1" StartOffset="1800"/>
</LocList>
<StmntSeq Intrnl_Id="71">
<LocList>
<Loc EndOffset="1934" SrcFileId="1" StartOffset="1881"/>
<Loc EndOffset="1973" SrcFileId="1" StartOffset="1938"/>
</LocList>
<BasicStmnt CovItemId="S26" CovItemPrefix="csse376_puerto_rico_test.PlayerTest.java" Intrnl_Id="72">
<LocList>
<Loc EndOffset="1934" SrcFileId="1" StartOffset="1881"/>
</LocList>
</BasicStmnt>
<BasicStmnt CovItemId="S27" CovItemPrefix="csse376_puerto_rico_test.PlayerTest.java" Intrnl_Id="73">
<LocList>
<Loc EndOffset="1973" SrcFileId="1" StartOffset="1938"/>
</LocList>
</BasicStmnt>
</StmntSeq>
</HierarchyLvl>
<HierarchyLvl HierarchyLvlId="264" HierarchyLvlTypeId="21" Intrnl_Id="74" Name="test_getPlayersPoints1">
<Header>
<Loc EndOffset="2031" SrcFileId="1" StartOffset="1987"/>
</Header>
<LocList>
<Loc EndOffset="2113" SrcFileId="1" StartOffset="1987"/>
</LocList>
<StmntSeq Intrnl_Id="75">
<LocList>
<Loc EndOffset="2069" SrcFileId="1" StartOffset="2040"/>
<Loc EndOffset="2109" SrcFileId="1" StartOffset="2073"/>
</LocList>
<BasicStmnt CovItemId="S28" CovItemPrefix="csse376_puerto_rico_test.PlayerTest.java" Intrnl_Id="76">
<LocList>
<Loc EndOffset="2069" SrcFileId="1" StartOffset="2040"/>
</LocList>
</BasicStmnt>
<BasicStmnt CovItemId="S29" CovItemPrefix="csse376_puerto_rico_test.PlayerTest.java" Intrnl_Id="77">
<LocList>
<Loc EndOffset="2109" SrcFileId="1" StartOffset="2073"/>
</LocList>
</BasicStmnt>
</StmntSeq>
</HierarchyLvl>
<HierarchyLvl HierarchyLvlId="265" HierarchyLvlTypeId="21" Intrnl_Id="78" Name="test_getPlayersPoints2">
<Header>
<Loc EndOffset="2163" SrcFileId="1" StartOffset="2119"/>
</Header>
<LocList>
<Loc EndOffset="2269" SrcFileId="1" StartOffset="2119"/>
</LocList>
<StmntSeq Intrnl_Id="79">
<LocList>
<Loc EndOffset="2225" SrcFileId="1" StartOffset="2172"/>
<Loc EndOffset="2265" SrcFileId="1" StartOffset="2229"/>
</LocList>
<BasicStmnt CovItemId="S30" CovItemPrefix="csse376_puerto_rico_test.PlayerTest.java" Intrnl_Id="80">
<LocList>
<Loc EndOffset="2225" SrcFileId="1" StartOffset="2172"/>
</LocList>
</BasicStmnt>
<BasicStmnt CovItemId="S31" CovItemPrefix="csse376_puerto_rico_test.PlayerTest.java" Intrnl_Id="81">
<LocList>
<Loc EndOffset="2265" SrcFileId="1" StartOffset="2229"/>
</LocList>
</BasicStmnt>
</StmntSeq>
</HierarchyLvl>
<HierarchyLvl HierarchyLvlId="266" HierarchyLvlTypeId="21" Intrnl_Id="82" Name="test_checkGovorner1">
<Header>
<Loc EndOffset="2316" SrcFileId="1" StartOffset="2275"/>
</Header>
<LocList>
<Loc EndOffset="2403" SrcFileId="1" StartOffset="2275"/>
</LocList>
<StmntSeq Intrnl_Id="83">
<LocList>
<Loc EndOffset="2354" SrcFileId="1" StartOffset="2325"/>
<Loc EndOffset="2399" SrcFileId="1" StartOffset="2358"/>
</LocList>
<BasicStmnt CovItemId="S32" CovItemPrefix="csse376_puerto_rico_test.PlayerTest.java" Intrnl_Id="84">
<LocList>
<Loc EndOffset="2354" SrcFileId="1" StartOffset="2325"/>
</LocList>
</BasicStmnt>
<BasicStmnt CovItemId="S33" CovItemPrefix="csse376_puerto_rico_test.PlayerTest.java" Intrnl_Id="85">
<LocList>
<Loc EndOffset="2399" SrcFileId="1" StartOffset="2358"/>
</LocList>
</BasicStmnt>
</StmntSeq>
</HierarchyLvl>
<HierarchyLvl HierarchyLvlId="267" HierarchyLvlTypeId="21" Intrnl_Id="86" Name="test_checkGovernor2">
<Header>
<Loc EndOffset="2450" SrcFileId="1" StartOffset="2409"/>
</Header>
<LocList>
<Loc EndOffset="2561" SrcFileId="1" StartOffset="2409"/>
</LocList>
<StmntSeq Intrnl_Id="87">
<LocList>
<Loc EndOffset="2512" SrcFileId="1" StartOffset="2459"/>
<Loc EndOffset="2557" SrcFileId="1" StartOffset="2516"/>
</LocList>
<BasicStmnt CovItemId="S34" CovItemPrefix="csse376_puerto_rico_test.PlayerTest.java" Intrnl_Id="88">
<LocList>
<Loc EndOffset="2512" SrcFileId="1" StartOffset="2459"/>
</LocList>
</BasicStmnt>
<BasicStmnt CovItemId="S35" CovItemPrefix="csse376_puerto_rico_test.PlayerTest.java" Intrnl_Id="89">
<LocList>
<Loc EndOffset="2557" SrcFileId="1" StartOffset="2516"/>
</LocList>
</BasicStmnt>
</StmntSeq>
</HierarchyLvl>
<HierarchyLvl HierarchyLvlId="268" HierarchyLvlTypeId="21" Intrnl_Id="90" Name="test_setPlayerRole">
<Header>
<Loc EndOffset="2607" SrcFileId="1" StartOffset="2567"/>
</Header>
<LocList>
<Loc EndOffset="2736" SrcFileId="1" StartOffset="2567"/>
</LocList>
<StmntSeq Intrnl_Id="91">
<LocList>
<Loc EndOffset="2641" SrcFileId="1" StartOffset="2612"/>
<Loc EndOffset="2686" SrcFileId="1" StartOffset="2645"/>
<Loc EndOffset="2732" SrcFileId="1" StartOffset="2690"/>
</LocList>
<BasicStmnt CovItemId="S36" CovItemPrefix="csse376_puerto_rico_test.PlayerTest.java" Intrnl_Id="92">
<LocList>
<Loc EndOffset="2641" SrcFileId="1" StartOffset="2612"/>
</LocList>
</BasicStmnt>
<BasicStmnt CovItemId="S37" CovItemPrefix="csse376_puerto_rico_test.PlayerTest.java" Intrnl_Id="93">
<LocList>
<Loc EndOffset="2686" SrcFileId="1" StartOffset="2645"/>
</LocList>
</BasicStmnt>
<BasicStmnt CovItemId="S38" CovItemPrefix="csse376_puerto_rico_test.PlayerTest.java" Intrnl_Id="94">
<LocList>
<Loc EndOffset="2732" SrcFileId="1" StartOffset="2690"/>
</LocList>
</BasicStmnt>
</StmntSeq>
</HierarchyLvl>
<HierarchyLvl HierarchyLvlId="269" HierarchyLvlTypeId="21" Intrnl_Id="95" Name="test_getHUDisNotNull">
<Header>
<Loc EndOffset="2784" SrcFileId="1" StartOffset="2742"/>
</Header>
<LocList>
<Loc EndOffset="2864" SrcFileId="1" StartOffset="2742"/>
</LocList>
<StmntSeq Intrnl_Id="96">
<LocList>
<Loc EndOffset="2818" SrcFileId="1" StartOffset="2789"/>
<Loc EndOffset="2860" SrcFileId="1" StartOffset="2822"/>
</LocList>
<BasicStmnt CovItemId="S39" CovItemPrefix="csse376_puerto_rico_test.PlayerTest.java" Intrnl_Id="97">
<LocList>
<Loc EndOffset="2818" SrcFileId="1" StartOffset="2789"/>
</LocList>
</BasicStmnt>
<BasicStmnt CovItemId="S40" CovItemPrefix="csse376_puerto_rico_test.PlayerTest.java" Intrnl_Id="98">
<LocList>
<Loc EndOffset="2860" SrcFileId="1" StartOffset="2822"/>
</LocList>
</BasicStmnt>
</StmntSeq>
</HierarchyLvl>
<HierarchyLvl HierarchyLvlId="270" HierarchyLvlTypeId="21" Intrnl_Id="99" Name="test_setHUD">
<Header>
<Loc EndOffset="2903" SrcFileId="1" StartOffset="2870"/>
</Header>
<LocList>
<Loc EndOffset="3051" SrcFileId="1" StartOffset="2870"/>
</LocList>
<StmntSeq Intrnl_Id="100">
<LocList>
<Loc EndOffset="2937" SrcFileId="1" StartOffset="2908"/>
<Loc EndOffset="2977" SrcFileId="1" StartOffset="2941"/>
<Loc EndOffset="3004" SrcFileId="1" StartOffset="2981"/>
<Loc EndOffset="3047" SrcFileId="1" StartOffset="3008"/>
</LocList>
<BasicStmnt CovItemId="S41" CovItemPrefix="csse376_puerto_rico_test.PlayerTest.java" Intrnl_Id="101">
<LocList>
<Loc EndOffset="2937" SrcFileId="1" StartOffset="2908"/>
</LocList>
</BasicStmnt>
<BasicStmnt CovItemId="S42" CovItemPrefix="csse376_puerto_rico_test.PlayerTest.java" Intrnl_Id="102">
<LocList>
<Loc EndOffset="2977" SrcFileId="1" StartOffset="2941"/>
</LocList>
</BasicStmnt>
<BasicStmnt CovItemId="S43" CovItemPrefix="csse376_puerto_rico_test.PlayerTest.java" Intrnl_Id="103">
<LocList>
<Loc EndOffset="3004" SrcFileId="1" StartOffset="2981"/>
</LocList>
</BasicStmnt>
<BasicStmnt CovItemId="S44" CovItemPrefix="csse376_puerto_rico_test.PlayerTest.java" Intrnl_Id="104">
<LocList>
<Loc EndOffset="3047" SrcFileId="1" StartOffset="3008"/>
</LocList>
</BasicStmnt>
</StmntSeq>
</HierarchyLvl>
<HierarchyLvl HierarchyLvlId="271" HierarchyLvlTypeId="21" Intrnl_Id="105" Name="test_getBuildings">
<Header>
<Loc EndOffset="3096" SrcFileId="1" StartOffset="3057"/>
</Header>
<LocList>
<Loc EndOffset="3210" SrcFileId="1" StartOffset="3057"/>
</LocList>
<StmntSeq Intrnl_Id="106">
<LocList>
<Loc EndOffset="3130" SrcFileId="1" StartOffset="3101"/>
<Loc EndOffset="3165" SrcFileId="1" StartOffset="3134"/>
<Loc EndOffset="3206" SrcFileId="1" StartOffset="3169"/>
</LocList>
<BasicStmnt CovItemId="S45" CovItemPrefix="csse376_puerto_rico_test.PlayerTest.java" Intrnl_Id="107">
<LocList>
<Loc EndOffset="3130" SrcFileId="1" StartOffset="3101"/>
</LocList>
</BasicStmnt>
<BasicStmnt CovItemId="S46" CovItemPrefix="csse376_puerto_rico_test.PlayerTest.java" Intrnl_Id="108">
<LocList>
<Loc EndOffset="3165" SrcFileId="1" StartOffset="3134"/>
</LocList>
</BasicStmnt>
<BasicStmnt CovItemId="S47" CovItemPrefix="csse376_puerto_rico_test.PlayerTest.java" Intrnl_Id="109">
<LocList>
<Loc EndOffset="3206" SrcFileId="1" StartOffset="3169"/>
</LocList>
</BasicStmnt>
</StmntSeq>
</HierarchyLvl>
<HierarchyLvl HierarchyLvlId="272" HierarchyLvlTypeId="21" Intrnl_Id="110" Name="test_getPlayerGoods">
<Header>
<Loc EndOffset="3258" SrcFileId="1" StartOffset="3216"/>
</Header>
<LocList>
<Loc EndOffset="3333" SrcFileId="1" StartOffset="3216"/>
</LocList>
<StmntSeq Intrnl_Id="111">
<LocList>
<Loc EndOffset="3292" SrcFileId="1" StartOffset="3263"/>
<Loc EndOffset="3329" SrcFileId="1" StartOffset="3296"/>
</LocList>
<BasicStmnt CovItemId="S48" CovItemPrefix="csse376_puerto_rico_test.PlayerTest.java" Intrnl_Id="112">
<LocList>
<Loc EndOffset="3292" SrcFileId="1" StartOffset="3263"/>
</LocList>
</BasicStmnt>
<BasicStmnt CovItemId="S49" CovItemPrefix="csse376_puerto_rico_test.PlayerTest.java" Intrnl_Id="113">
<LocList>
<Loc EndOffset="3329" SrcFileId="1" StartOffset="3296"/>
</LocList>
</BasicStmnt>
</StmntSeq>
</HierarchyLvl>
<HierarchyLvl HierarchyLvlId="273" HierarchyLvlTypeId="21" Intrnl_Id="114" Name="add_1Tobacco">
<Header>
<Loc EndOffset="3373" SrcFileId="1" StartOffset="3339"/>
</Header>
<LocList>
<Loc EndOffset="3499" SrcFileId="1" StartOffset="3339"/>
</LocList>
<StmntSeq Intrnl_Id="115">
<LocList>
<Loc EndOffset="3407" SrcFileId="1" StartOffset="3378"/>
<Loc EndOffset="3440" SrcFileId="1" StartOffset="3411"/>
<Loc EndOffset="3495" SrcFileId="1" StartOffset="3444"/>
</LocList>
<BasicStmnt CovItemId="S50" CovItemPrefix="csse376_puerto_rico_test.PlayerTest.java" Intrnl_Id="116">
<LocList>
<Loc EndOffset="3407" SrcFileId="1" StartOffset="3378"/>
</LocList>
</BasicStmnt>
<BasicStmnt CovItemId="S51" CovItemPrefix="csse376_puerto_rico_test.PlayerTest.java" Intrnl_Id="117">
<LocList>
<Loc EndOffset="3440" SrcFileId="1" StartOffset="3411"/>
</LocList>
</BasicStmnt>
<BasicStmnt CovItemId="S52" CovItemPrefix="csse376_puerto_rico_test.PlayerTest.java" Intrnl_Id="118">
<LocList>
<Loc EndOffset="3495" SrcFileId="1" StartOffset="3444"/>
</LocList>
</BasicStmnt>
</StmntSeq>
</HierarchyLvl>
<HierarchyLvl HierarchyLvlId="274" HierarchyLvlTypeId="21" Intrnl_Id="119" Name="add_MultipleTobaccos">
<Header>
<Loc EndOffset="3547" SrcFileId="1" StartOffset="3505"/>
</Header>
<LocList>
<Loc EndOffset="3673" SrcFileId="1" StartOffset="3505"/>
</LocList>
<StmntSeq Intrnl_Id="120">
<LocList>
<Loc EndOffset="3581" SrcFileId="1" StartOffset="3552"/>
<Loc EndOffset="3614" SrcFileId="1" StartOffset="3585"/>
<Loc EndOffset="3669" SrcFileId="1" StartOffset="3618"/>
</LocList>
<BasicStmnt CovItemId="S53" CovItemPrefix="csse376_puerto_rico_test.PlayerTest.java" Intrnl_Id="121">
<LocList>
<Loc EndOffset="3581" SrcFileId="1" StartOffset="3552"/>
</LocList>
</BasicStmnt>
<BasicStmnt CovItemId="S54" CovItemPrefix="csse376_puerto_rico_test.PlayerTest.java" Intrnl_Id="122">
<LocList>
<Loc EndOffset="3614" SrcFileId="1" StartOffset="3585"/>
</LocList>
</BasicStmnt>
<BasicStmnt CovItemId="S55" CovItemPrefix="csse376_puerto_rico_test.PlayerTest.java" Intrnl_Id="123">
<LocList>
<Loc EndOffset="3669" SrcFileId="1" StartOffset="3618"/>
</LocList>
</BasicStmnt>
</StmntSeq>
</HierarchyLvl>
<HierarchyLvl HierarchyLvlId="275" HierarchyLvlTypeId="21" Intrnl_Id="124" Name="add_1Corn">
<Header>
<Loc EndOffset="3710" SrcFileId="1" StartOffset="3679"/>
</Header>
<LocList>
<Loc EndOffset="3830" SrcFileId="1" StartOffset="3679"/>
</LocList>
<StmntSeq Intrnl_Id="125">
<LocList>
<Loc EndOffset="3744" SrcFileId="1" StartOffset="3715"/>
<Loc EndOffset="3774" SrcFileId="1" StartOffset="3748"/>
<Loc EndOffset="3826" SrcFileId="1" StartOffset="3778"/>
</LocList>
<BasicStmnt CovItemId="S56" CovItemPrefix="csse376_puerto_rico_test.PlayerTest.java" Intrnl_Id="126">
<LocList>
<Loc EndOffset="3744" SrcFileId="1" StartOffset="3715"/>
</LocList>
</BasicStmnt>
<BasicStmnt CovItemId="S57" CovItemPrefix="csse376_puerto_rico_test.PlayerTest.java" Intrnl_Id="127">
<LocList>
<Loc EndOffset="3774" SrcFileId="1" StartOffset="3748"/>
</LocList>
</BasicStmnt>
<BasicStmnt CovItemId="S58" CovItemPrefix="csse376_puerto_rico_test.PlayerTest.java" Intrnl_Id="128">
<LocList>
<Loc EndOffset="3826" SrcFileId="1" StartOffset="3778"/>
</LocList>
</BasicStmnt>
</StmntSeq>
</HierarchyLvl>
<HierarchyLvl HierarchyLvlId="276" HierarchyLvlTypeId="21" Intrnl_Id="129" Name="add_MultipleCorn">
<Header>
<Loc EndOffset="3874" SrcFileId="1" StartOffset="3836"/>
</Header>
<LocList>
<Loc EndOffset="3994" SrcFileId="1" StartOffset="3836"/>
</LocList>
<StmntSeq Intrnl_Id="130">
<LocList>
<Loc EndOffset="3908" SrcFileId="1" StartOffset="3879"/>
<Loc EndOffset="3938" SrcFileId="1" StartOffset="3912"/>
<Loc EndOffset="3990" SrcFileId="1" StartOffset="3942"/>
</LocList>
<BasicStmnt CovItemId="S59" CovItemPrefix="csse376_puerto_rico_test.PlayerTest.java" Intrnl_Id="131">
<LocList>
<Loc EndOffset="3908" SrcFileId="1" StartOffset="3879"/>
</LocList>
</BasicStmnt>
<BasicStmnt CovItemId="S60" CovItemPrefix="csse376_puerto_rico_test.PlayerTest.java" Intrnl_Id="132">
<LocList>
<Loc EndOffset="3938" SrcFileId="1" StartOffset="3912"/>
</LocList>
</BasicStmnt>
<BasicStmnt CovItemId="S61" CovItemPrefix="csse376_puerto_rico_test.PlayerTest.java" Intrnl_Id="133">
<LocList>
<Loc EndOffset="3990" SrcFileId="1" StartOffset="3942"/>
</LocList>
</BasicStmnt>
</StmntSeq>
</HierarchyLvl>
<HierarchyLvl HierarchyLvlId="277" HierarchyLvlTypeId="21" Intrnl_Id="134" Name="add_1Sugar">
<Header>
<Loc EndOffset="4032" SrcFileId="1" StartOffset="4000"/>
</Header>
<LocList>
<Loc EndOffset="4154" SrcFileId="1" StartOffset="4000"/>
</LocList>
<StmntSeq Intrnl_Id="135">
<LocList>
<Loc EndOffset="4066" SrcFileId="1" StartOffset="4037"/>
<Loc EndOffset="4097" SrcFileId="1" StartOffset="4070"/>
<Loc EndOffset="4150" SrcFileId="1" StartOffset="4101"/>
</LocList>
<BasicStmnt CovItemId="S62" CovItemPrefix="csse376_puerto_rico_test.PlayerTest.java" Intrnl_Id="136">
<LocList>
<Loc EndOffset="4066" SrcFileId="1" StartOffset="4037"/>
</LocList>
</BasicStmnt>
<BasicStmnt CovItemId="S63" CovItemPrefix="csse376_puerto_rico_test.PlayerTest.java" Intrnl_Id="137">
<LocList>
<Loc EndOffset="4097" SrcFileId="1" StartOffset="4070"/>
</LocList>
</BasicStmnt>
<BasicStmnt CovItemId="S64" CovItemPrefix="csse376_puerto_rico_test.PlayerTest.java" Intrnl_Id="138">
<LocList>
<Loc EndOffset="4150" SrcFileId="1" StartOffset="4101"/>
</LocList>
</BasicStmnt>
</StmntSeq>
</HierarchyLvl>
<HierarchyLvl HierarchyLvlId="278" HierarchyLvlTypeId="21" Intrnl_Id="139" Name="add_MultipleSugar">
<Header>
<Loc EndOffset="4199" SrcFileId="1" StartOffset="4160"/>
</Header>
<LocList>
<Loc EndOffset="4321" SrcFileId="1" StartOffset="4160"/>
</LocList>
<StmntSeq Intrnl_Id="140">
<LocList>
<Loc EndOffset="4233" SrcFileId="1" StartOffset="4204"/>
<Loc EndOffset="4264" SrcFileId="1" StartOffset="4237"/>
<Loc EndOffset="4317" SrcFileId="1" StartOffset="4268"/>
</LocList>
<BasicStmnt CovItemId="S65" CovItemPrefix="csse376_puerto_rico_test.PlayerTest.java" Intrnl_Id="141">
<LocList>
<Loc EndOffset="4233" SrcFileId="1" StartOffset="4204"/>
</LocList>
</BasicStmnt>
<BasicStmnt CovItemId="S66" CovItemPrefix="csse376_puerto_rico_test.PlayerTest.java" Intrnl_Id="142">
<LocList>
<Loc EndOffset="4264" SrcFileId="1" StartOffset="4237"/>
</LocList>
</BasicStmnt>
<BasicStmnt CovItemId="S67" CovItemPrefix="csse376_puerto_rico_test.PlayerTest.java" Intrnl_Id="143">
<LocList>
<Loc EndOffset="4317" SrcFileId="1" StartOffset="4268"/>
</LocList>
</BasicStmnt>
</StmntSeq>
</HierarchyLvl>
<HierarchyLvl HierarchyLvlId="279" HierarchyLvlTypeId="21" Intrnl_Id="144" Name="add_1Coffee">
<Header>
<Loc EndOffset="4360" SrcFileId="1" StartOffset="4327"/>
</Header>
<LocList>
<Loc EndOffset="4484" SrcFileId="1" StartOffset="4327"/>
</LocList>
<StmntSeq Intrnl_Id="145">
<LocList>
<Loc EndOffset="4394" SrcFileId="1" StartOffset="4365"/>
<Loc EndOffset="4426" SrcFileId="1" StartOffset="4398"/>
<Loc EndOffset="4480" SrcFileId="1" StartOffset="4430"/>
</LocList>
<BasicStmnt CovItemId="S68" CovItemPrefix="csse376_puerto_rico_test.PlayerTest.java" Intrnl_Id="146">
<LocList>
<Loc EndOffset="4394" SrcFileId="1" StartOffset="4365"/>
</LocList>
</BasicStmnt>
<BasicStmnt CovItemId="S69" CovItemPrefix="csse376_puerto_rico_test.PlayerTest.java" Intrnl_Id="147">
<LocList>
<Loc EndOffset="4426" SrcFileId="1" StartOffset="4398"/>
</LocList>
</BasicStmnt>
<BasicStmnt CovItemId="S70" CovItemPrefix="csse376_puerto_rico_test.PlayerTest.java" Intrnl_Id="148">
<LocList>
<Loc EndOffset="4480" SrcFileId="1" StartOffset="4430"/>
</LocList>
</BasicStmnt>
</StmntSeq>
</HierarchyLvl>
<HierarchyLvl HierarchyLvlId="280" HierarchyLvlTypeId="21" Intrnl_Id="149" Name="add_MultipleCoffee">
<Header>
<Loc EndOffset="4530" SrcFileId="1" StartOffset="4490"/>
</Header>
<LocList>
<Loc EndOffset="4654" SrcFileId="1" StartOffset="4490"/>
</LocList>
<StmntSeq Intrnl_Id="150">
<LocList>
<Loc EndOffset="4564" SrcFileId="1" StartOffset="4535"/>
<Loc EndOffset="4596" SrcFileId="1" StartOffset="4568"/>
<Loc EndOffset="4650" SrcFileId="1" StartOffset="4600"/>
</LocList>
<BasicStmnt CovItemId="S71" CovItemPrefix="csse376_puerto_rico_test.PlayerTest.java" Intrnl_Id="151">
<LocList>
<Loc EndOffset="4564" SrcFileId="1" StartOffset="4535"/>
</LocList>
</BasicStmnt>
<BasicStmnt CovItemId="S72" CovItemPrefix="csse376_puerto_rico_test.PlayerTest.java" Intrnl_Id="152">
<LocList>
<Loc EndOffset="4596" SrcFileId="1" StartOffset="4568"/>
</LocList>
</BasicStmnt>
<BasicStmnt CovItemId="S73" CovItemPrefix="csse376_puerto_rico_test.PlayerTest.java" Intrnl_Id="153">
<LocList>
<Loc EndOffset="4650" SrcFileId="1" StartOffset="4600"/>
</LocList>
</BasicStmnt>
</StmntSeq>
</HierarchyLvl>
<HierarchyLvl HierarchyLvlId="281" HierarchyLvlTypeId="21" Intrnl_Id="154" Name="add_1Indigo">
<Header>
<Loc EndOffset="4685" SrcFileId="1" StartOffset="4660"/>
</Header>
<LocList>
<Loc EndOffset="4809" SrcFileId="1" StartOffset="4660"/>
</LocList>
<StmntSeq Intrnl_Id="155">
<LocList>
<Loc EndOffset="4719" SrcFileId="1" StartOffset="4690"/>
<Loc EndOffset="4751" SrcFileId="1" StartOffset="4723"/>
<Loc EndOffset="4805" SrcFileId="1" StartOffset="4755"/>
</LocList>
<BasicStmnt CovItemId="S74" CovItemPrefix="csse376_puerto_rico_test.PlayerTest.java" Intrnl_Id="156">
<LocList>
<Loc EndOffset="4719" SrcFileId="1" StartOffset="4690"/>
</LocList>
</BasicStmnt>
<BasicStmnt CovItemId="S75" CovItemPrefix="csse376_puerto_rico_test.PlayerTest.java" Intrnl_Id="157">
<LocList>
<Loc EndOffset="4751" SrcFileId="1" StartOffset="4723"/>
</LocList>
</BasicStmnt>
<BasicStmnt CovItemId="S76" CovItemPrefix="csse376_puerto_rico_test.PlayerTest.java" Intrnl_Id="158">
<LocList>
<Loc EndOffset="4805" SrcFileId="1" StartOffset="4755"/>
</LocList>
</BasicStmnt>
</StmntSeq>
</HierarchyLvl>
<HierarchyLvl HierarchyLvlId="282" HierarchyLvlTypeId="21" Intrnl_Id="159" Name="add_MultipleIndigo">
<Header>
<Loc EndOffset="4847" SrcFileId="1" StartOffset="4815"/>
</Header>
<LocList>
<Loc EndOffset="4971" SrcFileId="1" StartOffset="4815"/>
</LocList>
<StmntSeq Intrnl_Id="160">
<LocList>
<Loc EndOffset="4881" SrcFileId="1" StartOffset="4852"/>
<Loc EndOffset="4913" SrcFileId="1" StartOffset="4885"/>
<Loc EndOffset="4967" SrcFileId="1" StartOffset="4917"/>
</LocList>
<BasicStmnt CovItemId="S77" CovItemPrefix="csse376_puerto_rico_test.PlayerTest.java" Intrnl_Id="161">
<LocList>
<Loc EndOffset="4881" SrcFileId="1" StartOffset="4852"/>
</LocList>
</BasicStmnt>
<BasicStmnt CovItemId="S78" CovItemPrefix="csse376_puerto_rico_test.PlayerTest.java" Intrnl_Id="162">
<LocList>
<Loc EndOffset="4913" SrcFileId="1" StartOffset="4885"/>
</LocList>
</BasicStmnt>
<BasicStmnt CovItemId="S79" CovItemPrefix="csse376_puerto_rico_test.PlayerTest.java" Intrnl_Id="163">
<LocList>
<Loc EndOffset="4967" SrcFileId="1" StartOffset="4917"/>
</LocList>
</BasicStmnt>
</StmntSeq>
</HierarchyLvl>
</HierarchyLvl>
<HierarchyLvl HierarchyLvlId="289" HierarchyLvlTypeId="20" Intrnl_Id="164" Name="PlayerRolesTest">
<Header>
<Loc EndOffset="263" SrcFileId="2" StartOffset="235"/>
</Header>
<LocList>
<Loc EndOffset="1028" SrcFileId="2" StartOffset="235"/>
</LocList>
<HierarchyLvl HierarchyLvlId="284" HierarchyLvlTypeId="21" Intrnl_Id="165" Name="basic_test">
<Header>
<Loc EndOffset="302" SrcFileId="2" StartOffset="270"/>
</Header>
<LocList>
<Loc EndOffset="335" SrcFileId="2" StartOffset="270"/>
</LocList>
<StmntSeq Intrnl_Id="166">
<LocList>
<Loc EndOffset="331" SrcFileId="2" StartOffset="310"/>
</LocList>
<BasicStmnt CovItemId="S1" CovItemPrefix="csse376_puerto_rico_test.PlayerRolesTest.java" Intrnl_Id="167">
<LocList>
<Loc EndOffset="331" SrcFileId="2" StartOffset="310"/>
</LocList>
</BasicStmnt>
</StmntSeq>
</HierarchyLvl>
<HierarchyLvl HierarchyLvlId="285" HierarchyLvlTypeId="21" Intrnl_Id="168" Name="captain_test">
<Header>
<Loc EndOffset="374" SrcFileId="2" StartOffset="340"/>
</Header>
<LocList>
<Loc EndOffset="442" SrcFileId="2" StartOffset="340"/>
</LocList>
<StmntSeq Intrnl_Id="169">
<LocList>
<Loc EndOffset="438" SrcFileId="2" StartOffset="382"/>
</LocList>
<BasicStmnt CovItemId="S2" CovItemPrefix="csse376_puerto_rico_test.PlayerRolesTest.java" Intrnl_Id="170">
<LocList>
<Loc EndOffset="438" SrcFileId="2" StartOffset="382"/>
</LocList>
</BasicStmnt>
</StmntSeq>
</HierarchyLvl>
<HierarchyLvl HierarchyLvlId="286" HierarchyLvlTypeId="21" Intrnl_Id="171" Name="settler_test">
<Header>
<Loc EndOffset="481" SrcFileId="2" StartOffset="447"/>
</Header>
<LocList>
<Loc EndOffset="549" SrcFileId="2" StartOffset="447"/>
</LocList>
<StmntSeq Intrnl_Id="172">
<LocList>
<Loc EndOffset="545" SrcFileId="2" StartOffset="489"/>
</LocList>
<BasicStmnt CovItemId="S3" CovItemPrefix="csse376_puerto_rico_test.PlayerRolesTest.java" Intrnl_Id="173">
<LocList>
<Loc EndOffset="545" SrcFileId="2" StartOffset="489"/>
</LocList>
</BasicStmnt>
</StmntSeq>
</HierarchyLvl>
<HierarchyLvl HierarchyLvlId="287" HierarchyLvlTypeId="21" Intrnl_Id="174" Name="builder_test">
<Header>
<Loc EndOffset="588" SrcFileId="2" StartOffset="554"/>
</Header>
<LocList>
<Loc EndOffset="656" SrcFileId="2" StartOffset="554"/>
</LocList>
<StmntSeq Intrnl_Id="175">
<LocList>
<Loc EndOffset="652" SrcFileId="2" StartOffset="596"/>
</LocList>
<BasicStmnt CovItemId="S4" CovItemPrefix="csse376_puerto_rico_test.PlayerRolesTest.java" Intrnl_Id="176">
<LocList>
<Loc EndOffset="652" SrcFileId="2" StartOffset="596"/>
</LocList>
</BasicStmnt>
</StmntSeq>
</HierarchyLvl>
<HierarchyLvl HierarchyLvlId="288" HierarchyLvlTypeId="21" Intrnl_Id="177" Name="roles_test">
<Header>
<Loc EndOffset="693" SrcFileId="2" StartOffset="661"/>
</Header>
<LocList>
<Loc EndOffset="1023" SrcFileId="2" StartOffset="661"/>
</LocList>
<StmntSeq Intrnl_Id="178">
<LocList>
<Loc EndOffset="846" SrcFileId="2" StartOffset="699"/>
<Loc EndOffset="894" SrcFileId="2" StartOffset="850"/>
<Loc EndOffset="1019" SrcFileId="2" StartOffset="898"/>
</LocList>
<BasicStmnt CovItemId="S5" CovItemPrefix="csse376_puerto_rico_test.PlayerRolesTest.java" Intrnl_Id="179">
<LocList>
<Loc EndOffset="846" SrcFileId="2" StartOffset="699"/>
</LocList>
</BasicStmnt>
<BasicStmnt CovItemId="S6" CovItemPrefix="csse376_puerto_rico_test.PlayerRolesTest.java" Intrnl_Id="180">
<LocList>
<Loc EndOffset="894" SrcFileId="2" StartOffset="850"/>
</LocList>
</BasicStmnt>
<LoopStmnt CovItemId="S7" CovItemPrefix="csse376_puerto_rico_test.PlayerRolesTest.java" Intrnl_Id="181" MltplExecId="L1-2" MltplExecPrefix="csse376_puerto_rico_test.PlayerRolesTest.java" NvrExecId="L1-0" NvrExecPrefix="csse376_puerto_rico_test.PlayerRolesTest.java" OnceExecutedId="L1-1" OnceExecutedPrefix="csse376_puerto_rico_test.PlayerRolesTest.java" OptBodyExec="true">
<StmntSeq Intrnl_Id="182">
<LocList>
<Loc EndOffset="968" SrcFileId="2" StartOffset="941"/>
<Loc EndOffset="1014" SrcFileId="2" StartOffset="973"/>
</LocList>
<BasicStmnt CovItemId="S8" CovItemPrefix="csse376_puerto_rico_test.PlayerRolesTest.java" Intrnl_Id="183">
<LocList>
<Loc EndOffset="968" SrcFileId="2" StartOffset="941"/>
</LocList>
</BasicStmnt>
<BasicStmnt CovItemId="S9" CovItemPrefix="csse376_puerto_rico_test.PlayerRolesTest.java" Intrnl_Id="184">
<LocList>
<Loc EndOffset="1014" SrcFileId="2" StartOffset="973"/>
</LocList>
</BasicStmnt>
</StmntSeq>
<Keyword EndOffset="901" SrcFileId="2" StartOffset="898"/>
<LocList>
<Loc EndOffset="1019" SrcFileId="2" StartOffset="898"/>
</LocList>
<RootTerm CovItemId="C1" CovItemPrefix="csse376_puerto_rico_test.PlayerRolesTest.java" Intrnl_Id="185">
<BasicBoolTerm Intrnl_Id="186">
<LocList>
<Loc EndOffset="929" SrcFileId="2" StartOffset="913"/>
</LocList>
</BasicBoolTerm>
</RootTerm>
</LoopStmnt>
</StmntSeq>
</HierarchyLvl>
</HierarchyLvl>
<HierarchyLvl HierarchyLvlId="294" HierarchyLvlTypeId="20" Intrnl_Id="187" Name="GameBoardTest">
<Header>
<Loc EndOffset="414" SrcFileId="3" StartOffset="388"/>
</Header>
<LocList>
<Loc EndOffset="1112" SrcFileId="3" StartOffset="388"/>
</LocList>
<HierarchyLvl HierarchyLvlId="290" HierarchyLvlTypeId="21" Intrnl_Id="188" Name="addListOfPlayers_Test3">
<Header>
<Loc EndOffset="466" SrcFileId="3" StartOffset="422"/>
</Header>
<LocList>
<Loc EndOffset="589" SrcFileId="3" StartOffset="422"/>
</LocList>
<StmntSeq Intrnl_Id="189">
<LocList>
<Loc EndOffset="540" SrcFileId="3" StartOffset="472"/>
<Loc EndOffset="585" SrcFileId="3" StartOffset="544"/>
</LocList>
<BasicStmnt CovItemId="S1" CovItemPrefix="csse376_puerto_rico_test.GameBoardTest.java" Intrnl_Id="190">
<LocList>
<Loc EndOffset="540" SrcFileId="3" StartOffset="472"/>
</LocList>
</BasicStmnt>
<BasicStmnt CovItemId="S2" CovItemPrefix="csse376_puerto_rico_test.GameBoardTest.java" Intrnl_Id="191">
<LocList>
<Loc EndOffset="585" SrcFileId="3" StartOffset="544"/>
</LocList>
</BasicStmnt>
</StmntSeq>
</HierarchyLvl>
<HierarchyLvl HierarchyLvlId="291" HierarchyLvlTypeId="21" Intrnl_Id="192" Name="addListOfPlayers_Test4">
<Header>
<Loc EndOffset="639" SrcFileId="3" StartOffset="595"/>
</Header>
<LocList>
<Loc EndOffset="762" SrcFileId="3" StartOffset="595"/>
</LocList>
<StmntSeq Intrnl_Id="193">
<LocList>
<Loc EndOffset="713" SrcFileId="3" StartOffset="645"/>
<Loc EndOffset="758" SrcFileId="3" StartOffset="717"/>
</LocList>
<BasicStmnt CovItemId="S3" CovItemPrefix="csse376_puerto_rico_test.GameBoardTest.java" Intrnl_Id="194">
<LocList>
<Loc EndOffset="713" SrcFileId="3" StartOffset="645"/>
</LocList>
</BasicStmnt>
<BasicStmnt CovItemId="S4" CovItemPrefix="csse376_puerto_rico_test.GameBoardTest.java" Intrnl_Id="195">
<LocList>
<Loc EndOffset="758" SrcFileId="3" StartOffset="717"/>
</LocList>
</BasicStmnt>
</StmntSeq>
</HierarchyLvl>
<HierarchyLvl HierarchyLvlId="292" HierarchyLvlTypeId="21" Intrnl_Id="196" Name="addListOfPlayers_Test5">
<Header>
<Loc EndOffset="812" SrcFileId="3" StartOffset="768"/>
</Header>
<LocList>
<Loc EndOffset="935" SrcFileId="3" StartOffset="768"/>
</LocList>
<StmntSeq Intrnl_Id="197">
<LocList>
<Loc EndOffset="886" SrcFileId="3" StartOffset="818"/>
<Loc EndOffset="931" SrcFileId="3" StartOffset="890"/>
</LocList>
<BasicStmnt CovItemId="S5" CovItemPrefix="csse376_puerto_rico_test.GameBoardTest.java" Intrnl_Id="198">
<LocList>
<Loc EndOffset="886" SrcFileId="3" StartOffset="818"/>
</LocList>
</BasicStmnt>
<BasicStmnt CovItemId="S6" CovItemPrefix="csse376_puerto_rico_test.GameBoardTest.java" Intrnl_Id="199">
<LocList>
<Loc EndOffset="931" SrcFileId="3" StartOffset="890"/>
</LocList>
</BasicStmnt>
</StmntSeq>
</HierarchyLvl>
<HierarchyLvl HierarchyLvlId="293" HierarchyLvlTypeId="21" Intrnl_Id="200" Name="getListOfPlayers_NotNullTest">
<Header>
<Loc EndOffset="991" SrcFileId="3" StartOffset="941"/>
</Header>
<LocList>
<Loc EndOffset="1104" SrcFileId="3" StartOffset="941"/>
</LocList>
<StmntSeq Intrnl_Id="201">
<LocList>
<Loc EndOffset="1065" SrcFileId="3" StartOffset="997"/>
<Loc EndOffset="1100" SrcFileId="3" StartOffset="1069"/>
</LocList>
<BasicStmnt CovItemId="S7" CovItemPrefix="csse376_puerto_rico_test.GameBoardTest.java" Intrnl_Id="202">
<LocList>
<Loc EndOffset="1065" SrcFileId="3" StartOffset="997"/>
</LocList>
</BasicStmnt>
<BasicStmnt CovItemId="S8" CovItemPrefix="csse376_puerto_rico_test.GameBoardTest.java" Intrnl_Id="203">
<LocList>
<Loc EndOffset="1100" SrcFileId="3" StartOffset="1069"/>
</LocList>
</BasicStmnt>
</StmntSeq>
</HierarchyLvl>
</HierarchyLvl>
<HierarchyLvl HierarchyLvlId="302" HierarchyLvlTypeId="20" Intrnl_Id="204" Name="GameBoardGuiTest">
<Header>
<Loc EndOffset="422" SrcFileId="4" StartOffset="393"/>
</Header>
<LocList>
<Loc EndOffset="2233" SrcFileId="4" StartOffset="393"/>
</LocList>
<HierarchyLvl HierarchyLvlId="295" HierarchyLvlTypeId="21" Intrnl_Id="205" Name="constructor_test">
<Header>
<Loc EndOffset="467" SrcFileId="4" StartOffset="429"/>
</Header>
<LocList>
<Loc EndOffset="544" SrcFileId="4" StartOffset="429"/>
</LocList>
<StmntSeq Intrnl_Id="206">
<LocList>
<Loc EndOffset="540" SrcFileId="4" StartOffset="473"/>
</LocList>
<BasicStmnt CovItemId="S1" CovItemPrefix="csse376_puerto_rico_test.GameBoardGuiTest.java" Intrnl_Id="207">
<LocList>
<Loc EndOffset="540" SrcFileId="4" StartOffset="473"/>
</LocList>
</BasicStmnt>
</StmntSeq>
</HierarchyLvl>
<HierarchyLvl HierarchyLvlId="296" HierarchyLvlTypeId="21" Intrnl_Id="208" Name="first_player_test">
<Header>
<Loc EndOffset="589" SrcFileId="4" StartOffset="550"/>
</Header>
<LocList>
<Loc EndOffset="784" SrcFileId="4" StartOffset="550"/>
</LocList>
<StmntSeq Intrnl_Id="209">
<LocList>
<Loc EndOffset="662" SrcFileId="4" StartOffset="595"/>
<Loc EndOffset="705" SrcFileId="4" StartOffset="666"/>
<Loc EndOffset="736" SrcFileId="4" StartOffset="709"/>
<Loc EndOffset="780" SrcFileId="4" StartOffset="744"/>
</LocList>
<BasicStmnt CovItemId="S2" CovItemPrefix="csse376_puerto_rico_test.GameBoardGuiTest.java" Intrnl_Id="210">
<LocList>
<Loc EndOffset="662" SrcFileId="4" StartOffset="595"/>
</LocList>
</BasicStmnt>
<BasicStmnt CovItemId="S3" CovItemPrefix="csse376_puerto_rico_test.GameBoardGuiTest.java" Intrnl_Id="211">
<LocList>
<Loc EndOffset="705" SrcFileId="4" StartOffset="666"/>
</LocList>
</BasicStmnt>
<BasicStmnt CovItemId="S4" CovItemPrefix="csse376_puerto_rico_test.GameBoardGuiTest.java" Intrnl_Id="212">
<LocList>
<Loc EndOffset="736" SrcFileId="4" StartOffset="709"/>
</LocList>
</BasicStmnt>
<BasicStmnt CovItemId="S5" CovItemPrefix="csse376_puerto_rico_test.GameBoardGuiTest.java" Intrnl_Id="213">
<LocList>
<Loc EndOffset="780" SrcFileId="4" StartOffset="744"/>
</LocList>
</BasicStmnt>
</StmntSeq>
</HierarchyLvl>
<HierarchyLvl HierarchyLvlId="297" HierarchyLvlTypeId="21" Intrnl_Id="214" Name="player_text_format_test">
<Header>
<Loc EndOffset="835" SrcFileId="4" StartOffset="790"/>
</Header>
<LocList>
<Loc EndOffset="1198" SrcFileId="4" StartOffset="790"/>
</LocList>
<StmntSeq Intrnl_Id="215">
<LocList>
<Loc EndOffset="907" SrcFileId="4" StartOffset="840"/>
<Loc EndOffset="929" SrcFileId="4" StartOffset="911"/>
<Loc EndOffset="958" SrcFileId="4" StartOffset="933"/>
<Loc EndOffset="977" SrcFileId="4" StartOffset="962"/>
<Loc EndOffset="1104" SrcFileId="4" StartOffset="981"/>
<Loc EndOffset="1190" SrcFileId="4" StartOffset="1108"/>
</LocList>
<BasicStmnt CovItemId="S6" CovItemPrefix="csse376_puerto_rico_test.GameBoardGuiTest.java" Intrnl_Id="216">
<LocList>
<Loc EndOffset="907" SrcFileId="4" StartOffset="840"/>
</LocList>
</BasicStmnt>
<BasicStmnt CovItemId="S7" CovItemPrefix="csse376_puerto_rico_test.GameBoardGuiTest.java" Intrnl_Id="217">
<LocList>
<Loc EndOffset="929" SrcFileId="4" StartOffset="911"/>
</LocList>
</BasicStmnt>
<BasicStmnt CovItemId="S8" CovItemPrefix="csse376_puerto_rico_test.GameBoardGuiTest.java" Intrnl_Id="218">
<LocList>
<Loc EndOffset="958" SrcFileId="4" StartOffset="933"/>
</LocList>
</BasicStmnt>
<BasicStmnt CovItemId="S9" CovItemPrefix="csse376_puerto_rico_test.GameBoardGuiTest.java" Intrnl_Id="219">
<LocList>
<Loc EndOffset="977" SrcFileId="4" StartOffset="962"/>
</LocList>
</BasicStmnt>
<BasicStmnt CovItemId="S10" CovItemPrefix="csse376_puerto_rico_test.GameBoardGuiTest.java" Intrnl_Id="220">
<LocList>
<Loc EndOffset="1104" SrcFileId="4" StartOffset="981"/>
</LocList>
</BasicStmnt>
<BasicStmnt CovItemId="S11" CovItemPrefix="csse376_puerto_rico_test.GameBoardGuiTest.java" Intrnl_Id="221">
<LocList>
<Loc EndOffset="1190" SrcFileId="4" StartOffset="1108"/>
</LocList>
</BasicStmnt>
</StmntSeq>
</HierarchyLvl>
<HierarchyLvl HierarchyLvlId="298" HierarchyLvlTypeId="21" Intrnl_Id="222" Name="player_text_format_test_governor">
<Header>
<Loc EndOffset="1255" SrcFileId="4" StartOffset="1201"/>
</Header>
<LocList>
<Loc EndOffset="1631" SrcFileId="4" StartOffset="1201"/>
</LocList>
<StmntSeq Intrnl_Id="223">
<LocList>
<Loc EndOffset="1327" SrcFileId="4" StartOffset="1260"/>
<Loc EndOffset="1349" SrcFileId="4" StartOffset="1331"/>
<Loc EndOffset="1378" SrcFileId="4" StartOffset="1353"/>
<Loc EndOffset="1397" SrcFileId="4" StartOffset="1382"/>
<Loc EndOffset="1535" SrcFileId="4" StartOffset="1401"/>
<Loc EndOffset="1623" SrcFileId="4" StartOffset="1543"/>
</LocList>
<BasicStmnt CovItemId="S12" CovItemPrefix="csse376_puerto_rico_test.GameBoardGuiTest.java" Intrnl_Id="224">
<LocList>
<Loc EndOffset="1327" SrcFileId="4" StartOffset="1260"/>
</LocList>
</BasicStmnt>
<BasicStmnt CovItemId="S13" CovItemPrefix="csse376_puerto_rico_test.GameBoardGuiTest.java" Intrnl_Id="225">
<LocList>
<Loc EndOffset="1349" SrcFileId="4" StartOffset="1331"/>
</LocList>
</BasicStmnt>
<BasicStmnt CovItemId="S14" CovItemPrefix="csse376_puerto_rico_test.GameBoardGuiTest.java" Intrnl_Id="226">
<LocList>
<Loc EndOffset="1378" SrcFileId="4" StartOffset="1353"/>
</LocList>
</BasicStmnt>
<BasicStmnt CovItemId="S15" CovItemPrefix="csse376_puerto_rico_test.GameBoardGuiTest.java" Intrnl_Id="227">
<LocList>
<Loc EndOffset="1397" SrcFileId="4" StartOffset="1382"/>
</LocList>
</BasicStmnt>
<BasicStmnt CovItemId="S16" CovItemPrefix="csse376_puerto_rico_test.GameBoardGuiTest.java" Intrnl_Id="228">
<LocList>
<Loc EndOffset="1535" SrcFileId="4" StartOffset="1401"/>
</LocList>
</BasicStmnt>
<BasicStmnt CovItemId="S17" CovItemPrefix="csse376_puerto_rico_test.GameBoardGuiTest.java" Intrnl_Id="229">
<LocList>
<Loc EndOffset="1623" SrcFileId="4" StartOffset="1543"/>
</LocList>
</BasicStmnt>
</StmntSeq>
</HierarchyLvl>
<HierarchyLvl HierarchyLvlId="299" HierarchyLvlTypeId="21" Intrnl_Id="230" Name="other_player_isNot_governor">
<Header>
<Loc EndOffset="1686" SrcFileId="4" StartOffset="1637"/>
</Header>
<LocList>
<Loc EndOffset="1881" SrcFileId="4" StartOffset="1637"/>
</LocList>
<StmntSeq Intrnl_Id="231">
<LocList>
<Loc EndOffset="1758" SrcFileId="4" StartOffset="1691"/>
<Loc EndOffset="1801" SrcFileId="4" StartOffset="1762"/>
<Loc EndOffset="1832" SrcFileId="4" StartOffset="1805"/>
<Loc EndOffset="1877" SrcFileId="4" StartOffset="1840"/>
</LocList>
<BasicStmnt CovItemId="S18" CovItemPrefix="csse376_puerto_rico_test.GameBoardGuiTest.java" Intrnl_Id="232">
<LocList>
<Loc EndOffset="1758" SrcFileId="4" StartOffset="1691"/>
</LocList>
</BasicStmnt>
<BasicStmnt CovItemId="S19" CovItemPrefix="csse376_puerto_rico_test.GameBoardGuiTest.java" Intrnl_Id="233">
<LocList>
<Loc EndOffset="1801" SrcFileId="4" StartOffset="1762"/>
</LocList>
</BasicStmnt>
<BasicStmnt CovItemId="S20" CovItemPrefix="csse376_puerto_rico_test.GameBoardGuiTest.java" Intrnl_Id="234">
<LocList>
<Loc EndOffset="1832" SrcFileId="4" StartOffset="1805"/>
</LocList>
</BasicStmnt>
<BasicStmnt CovItemId="S21" CovItemPrefix="csse376_puerto_rico_test.GameBoardGuiTest.java" Intrnl_Id="235">
<LocList>
<Loc EndOffset="1877" SrcFileId="4" StartOffset="1840"/>
</LocList>
</BasicStmnt>
</StmntSeq>
</HierarchyLvl>
<HierarchyLvl HierarchyLvlId="300" HierarchyLvlTypeId="21" Intrnl_Id="236" Name="addPlayerCard_test5">
<Header>
<Loc EndOffset="1928" SrcFileId="4" StartOffset="1887"/>
</Header>
<LocList>
<Loc EndOffset="2053" SrcFileId="4" StartOffset="1887"/>
</LocList>
<StmntSeq Intrnl_Id="237">
<LocList>
<Loc EndOffset="2001" SrcFileId="4" StartOffset="1934"/>
<Loc EndOffset="2049" SrcFileId="4" StartOffset="2005"/>
</LocList>
<BasicStmnt CovItemId="S22" CovItemPrefix="csse376_puerto_rico_test.GameBoardGuiTest.java" Intrnl_Id="238">
<LocList>
<Loc EndOffset="2001" SrcFileId="4" StartOffset="1934"/>
</LocList>
</BasicStmnt>
<BasicStmnt CovItemId="S23" CovItemPrefix="csse376_puerto_rico_test.GameBoardGuiTest.java" Intrnl_Id="239">
<LocList>
<Loc EndOffset="2049" SrcFileId="4" StartOffset="2005"/>
</LocList>
</BasicStmnt>
</StmntSeq>
</HierarchyLvl>
<HierarchyLvl HierarchyLvlId="301" HierarchyLvlTypeId="21" Intrnl_Id="240" Name="addPlayerCard_test10">
<Header>
<Loc EndOffset="2101" SrcFileId="4" StartOffset="2059"/>
</Header>
<LocList>
<Loc EndOffset="2228" SrcFileId="4" StartOffset="2059"/>
</LocList>
<StmntSeq Intrnl_Id="241">
<LocList>
<Loc EndOffset="2174" SrcFileId="4" StartOffset="2107"/>
<Loc EndOffset="2224" SrcFileId="4" StartOffset="2178"/>
</LocList>
<BasicStmnt CovItemId="S24" CovItemPrefix="csse376_puerto_rico_test.GameBoardGuiTest.java" Intrnl_Id="242">
<LocList>
<Loc EndOffset="2174" SrcFileId="4" StartOffset="2107"/>
</LocList>
</BasicStmnt>
<BasicStmnt CovItemId="S25" CovItemPrefix="csse376_puerto_rico_test.GameBoardGuiTest.java" Intrnl_Id="243">
<LocList>
<Loc EndOffset="2224" SrcFileId="4" StartOffset="2178"/>
</LocList>
</BasicStmnt>
</StmntSeq>
</HierarchyLvl>
</HierarchyLvl>
<HierarchyLvl HierarchyLvlId="306" HierarchyLvlTypeId="20" Intrnl_Id="244" Name="BuildingsTest">
<Header>
<Loc EndOffset="339" SrcFileId="5" StartOffset="313"/>
</Header>
<LocList>
<Loc EndOffset="811" SrcFileId="5" StartOffset="313"/>
</LocList>
<HierarchyLvl HierarchyLvlId="303" HierarchyLvlTypeId="21" Intrnl_Id="245" Name="basic_test">
<Header>
<Loc EndOffset="378" SrcFileId="5" StartOffset="346"/>
</Header>
<LocList>
<Loc EndOffset="418" SrcFileId="5" StartOffset="346"/>
</LocList>
<StmntSeq Intrnl_Id="246">
<LocList>
<Loc EndOffset="414" SrcFileId="5" StartOffset="384"/>
</LocList>
<BasicStmnt CovItemId="S1" CovItemPrefix="csse376_puerto_rico_test.BuildingsTest.java" Intrnl_Id="247">
<LocList>
<Loc EndOffset="414" SrcFileId="5" StartOffset="384"/>
</LocList>
</BasicStmnt>
</StmntSeq>
</HierarchyLvl>
<HierarchyLvl HierarchyLvlId="304" HierarchyLvlTypeId="21" Intrnl_Id="248" Name="getBuildings_test">
<Header>
<Loc EndOffset="463" SrcFileId="5" StartOffset="424"/>
</Header>
<LocList>
<Loc EndOffset="543" SrcFileId="5" StartOffset="424"/>
</LocList>
<StmntSeq Intrnl_Id="249">
<LocList>
<Loc EndOffset="499" SrcFileId="5" StartOffset="469"/>
<Loc EndOffset="535" SrcFileId="5" StartOffset="503"/>
</LocList>
<BasicStmnt CovItemId="S2" CovItemPrefix="csse376_puerto_rico_test.BuildingsTest.java" Intrnl_Id="250">
<LocList>
<Loc EndOffset="499" SrcFileId="5" StartOffset="469"/>
</LocList>
</BasicStmnt>
<BasicStmnt CovItemId="S3" CovItemPrefix="csse376_puerto_rico_test.BuildingsTest.java" Intrnl_Id="251">
<LocList>
<Loc EndOffset="535" SrcFileId="5" StartOffset="503"/>
</LocList>
</BasicStmnt>
</StmntSeq>
</HierarchyLvl>
<HierarchyLvl HierarchyLvlId="305" HierarchyLvlTypeId="21" Intrnl_Id="252" Name="getBuildingFieldsTest">
<Header>
<Loc EndOffset="590" SrcFileId="5" StartOffset="549"/>
</Header>
<LocList>
<Loc EndOffset="804" SrcFileId="5" StartOffset="549"/>
</LocList>
<StmntSeq Intrnl_Id="253">
<LocList>
<Loc EndOffset="625" SrcFileId="5" StartOffset="595"/>
<Loc EndOffset="667" SrcFileId="5" StartOffset="629"/>
<Loc EndOffset="694" SrcFileId="5" StartOffset="671"/>
<Loc EndOffset="723" SrcFileId="5" StartOffset="698"/>
<Loc EndOffset="758" SrcFileId="5" StartOffset="727"/>
<Loc EndOffset="796" SrcFileId="5" StartOffset="762"/>
</LocList>
<BasicStmnt CovItemId="S4" CovItemPrefix="csse376_puerto_rico_test.BuildingsTest.java" Intrnl_Id="254">
<LocList>
<Loc EndOffset="625" SrcFileId="5" StartOffset="595"/>
</LocList>
</BasicStmnt>
<BasicStmnt CovItemId="S5" CovItemPrefix="csse376_puerto_rico_test.BuildingsTest.java" Intrnl_Id="255">
<LocList>
<Loc EndOffset="667" SrcFileId="5" StartOffset="629"/>
</LocList>
</BasicStmnt>
<BasicStmnt CovItemId="S6" CovItemPrefix="csse376_puerto_rico_test.BuildingsTest.java" Intrnl_Id="256">
<LocList>
<Loc EndOffset="694" SrcFileId="5" StartOffset="671"/>
</LocList>
</BasicStmnt>
<BasicStmnt CovItemId="S7" CovItemPrefix="csse376_puerto_rico_test.BuildingsTest.java" Intrnl_Id="257">
<LocList>
<Loc EndOffset="723" SrcFileId="5" StartOffset="698"/>
</LocList>
</BasicStmnt>
<BasicStmnt CovItemId="S8" CovItemPrefix="csse376_puerto_rico_test.BuildingsTest.java" Intrnl_Id="258">
<LocList>
<Loc EndOffset="758" SrcFileId="5" StartOffset="727"/>
</LocList>
</BasicStmnt>
<BasicStmnt CovItemId="S9" CovItemPrefix="csse376_puerto_rico_test.BuildingsTest.java" Intrnl_Id="259">
<LocList>
<Loc EndOffset="796" SrcFileId="5" StartOffset="762"/>
</LocList>
</BasicStmnt>
</StmntSeq>
</HierarchyLvl>
</HierarchyLvl>
<HierarchyLvl HierarchyLvlId="308" HierarchyLvlTypeId="20" Intrnl_Id="260" Name="AllTests">
<Header>
<Loc EndOffset="285" SrcFileId="6" StartOffset="106"/>
</Header>
<LocList>
<Loc EndOffset="410" SrcFileId="6" StartOffset="106"/>
</LocList>
<HierarchyLvl HierarchyLvlId="307" HierarchyLvlTypeId="21" Intrnl_Id="261" Name="main">
<Header>
<Loc EndOffset="328" SrcFileId="6" StartOffset="290"/>
</Header>
<LocList>
<Loc EndOffset="407" SrcFileId="6" StartOffset="290"/>
</LocList>
<StmntSeq Intrnl_Id="262">
<LocList>
<Loc EndOffset="403" SrcFileId="6" StartOffset="334"/>
</LocList>
<BasicStmnt CovItemId="S1" CovItemPrefix="csse376_puerto_rico_test.AllTests.java" Intrnl_Id="263">
<LocList>
<Loc EndOffset="403" SrcFileId="6" StartOffset="334"/>
</LocList>
</BasicStmnt>
</StmntSeq>
</HierarchyLvl>
</HierarchyLvl>
</HierarchyLvl>
<HierarchyLvl HierarchyLvlId="362" HierarchyLvlTypeId="19" Intrnl_Id="264" Name="csse376_puerto_rico">
<Header/>
<LocList/>
<HierarchyLvl HierarchyLvlId="310" HierarchyLvlTypeId="20" Intrnl_Id="265" Name="StartUpGameBoardGUI">
<Header>
<Loc EndOffset="234" SrcFileId="7" StartOffset="202"/>
</Header>
<LocList>
<Loc EndOffset="1071" SrcFileId="7" StartOffset="202"/>
</LocList>
<HierarchyLvl HierarchyLvlId="309" HierarchyLvlTypeId="21" Intrnl_Id="266" Name="StartUpGameBoardGUI">
<Header>
<Loc EndOffset="307" SrcFileId="7" StartOffset="267"/>
</Header>
<LocList>
<Loc EndOffset="1068" SrcFileId="7" StartOffset="267"/>
</LocList>
<StmntSeq Intrnl_Id="267">
<LocList>
<Loc EndOffset="335" SrcFileId="7" StartOffset="312"/>
<Loc EndOffset="382" SrcFileId="7" StartOffset="338"/>
<Loc EndOffset="430" SrcFileId="7" StartOffset="385"/>
<Loc EndOffset="475" SrcFileId="7" StartOffset="433"/>
<Loc EndOffset="520" SrcFileId="7" StartOffset="478"/>
<Loc EndOffset="556" SrcFileId="7" StartOffset="524"/>
<Loc EndOffset="600" SrcFileId="7" StartOffset="562"/>
<Loc EndOffset="650" SrcFileId="7" StartOffset="603"/>
<Loc EndOffset="701" SrcFileId="7" StartOffset="653"/>
<Loc EndOffset="752" SrcFileId="7" StartOffset="704"/>
<Loc EndOffset="770" SrcFileId="7" StartOffset="755"/>
<Loc EndOffset="788" SrcFileId="7" StartOffset="773"/>
<Loc EndOffset="806" SrcFileId="7" StartOffset="791"/>
<Loc EndOffset="855" SrcFileId="7" StartOffset="812"/>
<Loc EndOffset="930" SrcFileId="7" StartOffset="858"/>
<Loc EndOffset="955" SrcFileId="7" StartOffset="936"/>
<Loc EndOffset="977" SrcFileId="7" StartOffset="958"/>
<Loc EndOffset="999" SrcFileId="7" StartOffset="980"/>
<Loc EndOffset="1029" SrcFileId="7" StartOffset="1002"/>
<Loc EndOffset="1065" SrcFileId="7" StartOffset="1035"/>
</LocList>
<BasicStmnt CovItemId="S1" CovItemPrefix="csse376_puerto_rico.StartUpGameBoardGUI.java" Intrnl_Id="268">
<LocList>
<Loc EndOffset="335" SrcFileId="7" StartOffset="312"/>
</LocList>
</BasicStmnt>
<BasicStmnt CovItemId="S2" CovItemPrefix="csse376_puerto_rico.StartUpGameBoardGUI.java" Intrnl_Id="269">
<LocList>
<Loc EndOffset="382" SrcFileId="7" StartOffset="338"/>
</LocList>
</BasicStmnt>
<BasicStmnt CovItemId="S3" CovItemPrefix="csse376_puerto_rico.StartUpGameBoardGUI.java" Intrnl_Id="270">
<LocList>
<Loc EndOffset="430" SrcFileId="7" StartOffset="385"/>
</LocList>
</BasicStmnt>
<BasicStmnt CovItemId="S4" CovItemPrefix="csse376_puerto_rico.StartUpGameBoardGUI.java" Intrnl_Id="271">
<LocList>
<Loc EndOffset="475" SrcFileId="7" StartOffset="433"/>
</LocList>
</BasicStmnt>
<BasicStmnt CovItemId="S5" CovItemPrefix="csse376_puerto_rico.StartUpGameBoardGUI.java" Intrnl_Id="272">
<LocList>
<Loc EndOffset="520" SrcFileId="7" StartOffset="478"/>
</LocList>
</BasicStmnt>
<BasicStmnt CovItemId="S6" CovItemPrefix="csse376_puerto_rico.StartUpGameBoardGUI.java" Intrnl_Id="273">
<LocList>
<Loc EndOffset="556" SrcFileId="7" StartOffset="524"/>
</LocList>
</BasicStmnt>
<BasicStmnt CovItemId="S7" CovItemPrefix="csse376_puerto_rico.StartUpGameBoardGUI.java" Intrnl_Id="274">
<LocList>
<Loc EndOffset="600" SrcFileId="7" StartOffset="562"/>
</LocList>
</BasicStmnt>
<BasicStmnt CovItemId="S8" CovItemPrefix="csse376_puerto_rico.StartUpGameBoardGUI.java" Intrnl_Id="275">
<LocList>
<Loc EndOffset="650" SrcFileId="7" StartOffset="603"/>
</LocList>
</BasicStmnt>
<BasicStmnt CovItemId="S9" CovItemPrefix="csse376_puerto_rico.StartUpGameBoardGUI.java" Intrnl_Id="276">
<LocList>
<Loc EndOffset="701" SrcFileId="7" StartOffset="653"/>
</LocList>
</BasicStmnt>
<BasicStmnt CovItemId="S10" CovItemPrefix="csse376_puerto_rico.StartUpGameBoardGUI.java" Intrnl_Id="277">
<LocList>
<Loc EndOffset="752" SrcFileId="7" StartOffset="704"/>
</LocList>
</BasicStmnt>
<BasicStmnt CovItemId="S11" CovItemPrefix="csse376_puerto_rico.StartUpGameBoardGUI.java" Intrnl_Id="278">
<LocList>
<Loc EndOffset="770" SrcFileId="7" StartOffset="755"/>
</LocList>
</BasicStmnt>
<BasicStmnt CovItemId="S12" CovItemPrefix="csse376_puerto_rico.StartUpGameBoardGUI.java" Intrnl_Id="279">
<LocList>
<Loc EndOffset="788" SrcFileId="7" StartOffset="773"/>
</LocList>
</BasicStmnt>
<BasicStmnt CovItemId="S13" CovItemPrefix="csse376_puerto_rico.StartUpGameBoardGUI.java" Intrnl_Id="280">
<LocList>
<Loc EndOffset="806" SrcFileId="7" StartOffset="791"/>
</LocList>
</BasicStmnt>
<BasicStmnt CovItemId="S14" CovItemPrefix="csse376_puerto_rico.StartUpGameBoardGUI.java" Intrnl_Id="281">
<LocList>
<Loc EndOffset="855" SrcFileId="7" StartOffset="812"/>
</LocList>
</BasicStmnt>
<BasicStmnt CovItemId="S15" CovItemPrefix="csse376_puerto_rico.StartUpGameBoardGUI.java" Intrnl_Id="282">
<LocList>
<Loc EndOffset="930" SrcFileId="7" StartOffset="858"/>
</LocList>
</BasicStmnt>
<BasicStmnt CovItemId="S16" CovItemPrefix="csse376_puerto_rico.StartUpGameBoardGUI.java" Intrnl_Id="283">
<LocList>
<Loc EndOffset="955" SrcFileId="7" StartOffset="936"/>
</LocList>
</BasicStmnt>
<BasicStmnt CovItemId="S17" CovItemPrefix="csse376_puerto_rico.StartUpGameBoardGUI.java" Intrnl_Id="284">
<LocList>
<Loc EndOffset="977" SrcFileId="7" StartOffset="958"/>
</LocList>
</BasicStmnt>
<BasicStmnt CovItemId="S18" CovItemPrefix="csse376_puerto_rico.StartUpGameBoardGUI.java" Intrnl_Id="285">
<LocList>
<Loc EndOffset="999" SrcFileId="7" StartOffset="980"/>
</LocList>
</BasicStmnt>
<BasicStmnt CovItemId="S19" CovItemPrefix="csse376_puerto_rico.StartUpGameBoardGUI.java" Intrnl_Id="286">
<LocList>
<Loc EndOffset="1029" SrcFileId="7" StartOffset="1002"/>
</LocList>
</BasicStmnt>
<BasicStmnt CovItemId="S20" CovItemPrefix="csse376_puerto_rico.StartUpGameBoardGUI.java" Intrnl_Id="287">
<LocList>
<Loc EndOffset="1065" SrcFileId="7" StartOffset="1035"/>
</LocList>
</BasicStmnt>
</StmntSeq>
</HierarchyLvl>
</HierarchyLvl>
<HierarchyLvl HierarchyLvlId="313" HierarchyLvlTypeId="18" Intrnl_Id="288" Name="PlayerRoles">
<Header>
<Loc EndOffset="183" SrcFileId="8" StartOffset="160"/>
</Header>
<LocList>
<Loc EndOffset="505" SrcFileId="8" StartOffset="160"/>
</LocList>
<HierarchyLvl HierarchyLvlId="311" HierarchyLvlTypeId="21" Intrnl_Id="289" Name="PlayerRoles">
<Header>
<Loc EndOffset="278" SrcFileId="8" StartOffset="257"/>
</Header>
<LocList>
<Loc EndOffset="307" SrcFileId="8" StartOffset="257"/>
</LocList>
</HierarchyLvl>
<HierarchyLvl HierarchyLvlId="312" HierarchyLvlTypeId="21" Intrnl_Id="290" Name="getValues">
<Header>
<Loc EndOffset="350" SrcFileId="8" StartOffset="312"/>
</Header>
<LocList>
<Loc EndOffset="502" SrcFileId="8" StartOffset="312"/>
</LocList>
<StmntSeq Intrnl_Id="291">
<LocList>
<Loc EndOffset="399" SrcFileId="8" StartOffset="356"/>
<Loc EndOffset="481" SrcFileId="8" StartOffset="405"/>
<Loc EndOffset="498" SrcFileId="8" StartOffset="487"/>
</LocList>
<BasicStmnt CovItemId="S1" CovItemPrefix="csse376_puerto_rico.PlayerRoles.java" Intrnl_Id="292">
<LocList>
<Loc EndOffset="399" SrcFileId="8" StartOffset="356"/>
</LocList>
</BasicStmnt>
<LoopStmnt CovItemId="S2" CovItemPrefix="csse376_puerto_rico.PlayerRoles.java" Intrnl_Id="293" MltplExecId="L1-2" MltplExecPrefix="csse376_puerto_rico.PlayerRoles.java" NvrExecId="L1-0" NvrExecPrefix="csse376_puerto_rico.PlayerRoles.java" OnceExecutedId="L1-1" OnceExecutedPrefix="csse376_puerto_rico.PlayerRoles.java" OptBodyExec="true">
<StmntSeq Intrnl_Id="294">
<LocList>
<Loc EndOffset="476" SrcFileId="8" StartOffset="454"/>
</LocList>
<BasicStmnt CovItemId="S3" CovItemPrefix="csse376_puerto_rico.PlayerRoles.java" Intrnl_Id="295">
<LocList>
<Loc EndOffset="476" SrcFileId="8" StartOffset="454"/>
</LocList>
</BasicStmnt>
</StmntSeq>
<Keyword EndOffset="408" SrcFileId="8" StartOffset="405"/>
<LocList>
<Loc EndOffset="481" SrcFileId="8" StartOffset="405"/>
</LocList>
</LoopStmnt>
<BasicStmnt CovItemId="S4" CovItemPrefix="csse376_puerto_rico.PlayerRoles.java" Intrnl_Id="296">
<LocList>
<Loc EndOffset="498" SrcFileId="8" StartOffset="487"/>
</LocList>
</BasicStmnt>
</StmntSeq>
</HierarchyLvl>
</HierarchyLvl>
<HierarchyLvl HierarchyLvlId="331" HierarchyLvlTypeId="20" Intrnl_Id="297" Name="Player">
<Header>
<Loc EndOffset="192" SrcFileId="9" StartOffset="173"/>
</Header>
<LocList>
<Loc EndOffset="392" SrcFileId="9" StartOffset="173"/>
<Loc EndOffset="3035" SrcFileId="9" StartOffset="649"/>
</LocList>
<StmntSeq Intrnl_Id="298">
<LocList>
<Loc EndOffset="324" SrcFileId="9" StartOffset="301"/>
<Loc EndOffset="389" SrcFileId="9" StartOffset="327"/>
<Loc EndOffset="726" SrcFileId="9" StartOffset="654"/>
<Loc EndOffset="789" SrcFileId="9" StartOffset="729"/>
</LocList>
<BasicStmnt CovItemId="S1" CovItemPrefix="csse376_puerto_rico.Player.java" Intrnl_Id="299">
<LocList>
<Loc EndOffset="324" SrcFileId="9" StartOffset="301"/>
</LocList>
</BasicStmnt>
<BasicStmnt CovItemId="S2" CovItemPrefix="csse376_puerto_rico.Player.java" Intrnl_Id="300">
<LocList>
<Loc EndOffset="389" SrcFileId="9" StartOffset="327"/>
</LocList>
</BasicStmnt>
<BasicStmnt CovItemId="S3" CovItemPrefix="csse376_puerto_rico.Player.java" Intrnl_Id="301">
<LocList>
<Loc EndOffset="726" SrcFileId="9" StartOffset="654"/>
</LocList>
</BasicStmnt>
<BasicStmnt CovItemId="S4" CovItemPrefix="csse376_puerto_rico.Player.java" Intrnl_Id="302">
<LocList>
<Loc EndOffset="789" SrcFileId="9" StartOffset="729"/>
</LocList>
</BasicStmnt>
</StmntSeq>
<HierarchyLvl HierarchyLvlId="314" HierarchyLvlTypeId="20" Intrnl_Id="303" Name="Good">
<Header>
<Loc EndOffset="402" SrcFileId="9" StartOffset="392"/>
</Header>
<LocList>
<Loc EndOffset="649" SrcFileId="9" StartOffset="392"/>
</LocList>
</HierarchyLvl>
<HierarchyLvl HierarchyLvlId="315" HierarchyLvlTypeId="21" Intrnl_Id="304" Name="Player">
<Header>
<Loc EndOffset="848" SrcFileId="9" StartOffset="833"/>
</Header>
<LocList>
<Loc EndOffset="1004" SrcFileId="9" StartOffset="833"/>
</LocList>
<StmntSeq Intrnl_Id="305">
<LocList>
<Loc EndOffset="869" SrcFileId="9" StartOffset="854"/>
<Loc EndOffset="897" SrcFileId="9" StartOffset="873"/>
<Loc EndOffset="928" SrcFileId="9" StartOffset="901"/>
<Loc EndOffset="1000" SrcFileId="9" StartOffset="932"/>
</LocList>
<BasicStmnt CovItemId="S5" CovItemPrefix="csse376_puerto_rico.Player.java" Intrnl_Id="306">
<LocList>
<Loc EndOffset="869" SrcFileId="9" StartOffset="854"/>
</LocList>
</BasicStmnt>
<BasicStmnt CovItemId="S6" CovItemPrefix="csse376_puerto_rico.Player.java" Intrnl_Id="307">
<LocList>
<Loc EndOffset="897" SrcFileId="9" StartOffset="873"/>
</LocList>
</BasicStmnt>
<BasicStmnt CovItemId="S7" CovItemPrefix="csse376_puerto_rico.Player.java" Intrnl_Id="308">
<LocList>
<Loc EndOffset="928" SrcFileId="9" StartOffset="901"/>
</LocList>
</BasicStmnt>
<LoopStmnt CovItemId="S8" CovItemPrefix="csse376_puerto_rico.Player.java" Intrnl_Id="309" MltplExecId="L1-2" MltplExecPrefix="csse376_puerto_rico.Player.java" NvrExecId="L1-0" NvrExecPrefix="csse376_puerto_rico.Player.java" OnceExecutedId="L1-1" OnceExecutedPrefix="csse376_puerto_rico.Player.java" OptBodyExec="true">
<StmntSeq Intrnl_Id="310">
<LocList>
<Loc EndOffset="995" SrcFileId="9" StartOffset="974"/>
</LocList>
<BasicStmnt CovItemId="S9" CovItemPrefix="csse376_puerto_rico.Player.java" Intrnl_Id="311">
<LocList>
<Loc EndOffset="995" SrcFileId="9" StartOffset="974"/>
</LocList>
</BasicStmnt>
</StmntSeq>
<Keyword EndOffset="935" SrcFileId="9" StartOffset="932"/>
<LocList>
<Loc EndOffset="1000" SrcFileId="9" StartOffset="932"/>
</LocList>
</LoopStmnt>
</StmntSeq>
</HierarchyLvl>
<HierarchyLvl HierarchyLvlId="316" HierarchyLvlTypeId="21" Intrnl_Id="312" Name="Player">
<Header>
<Loc EndOffset="1035" SrcFileId="9" StartOffset="1009"/>
</Header>
<LocList>
<Loc EndOffset="1206" SrcFileId="9" StartOffset="1009"/>
</LocList>
<StmntSeq Intrnl_Id="313">
<LocList>
<Loc EndOffset="1058" SrcFileId="9" StartOffset="1041"/>
<Loc EndOffset="1086" SrcFileId="9" StartOffset="1062"/>
<Loc EndOffset="1110" SrcFileId="9" StartOffset="1090"/>
<Loc EndOffset="1130" SrcFileId="9" StartOffset="1114"/>
<Loc EndOffset="1202" SrcFileId="9" StartOffset="1134"/>
</LocList>
<BasicStmnt CovItemId="S10" CovItemPrefix="csse376_puerto_rico.Player.java" Intrnl_Id="314">
<LocList>
<Loc EndOffset="1058" SrcFileId="9" StartOffset="1041"/>
</LocList>
</BasicStmnt>
<BasicStmnt CovItemId="S11" CovItemPrefix="csse376_puerto_rico.Player.java" Intrnl_Id="315">
<LocList>
<Loc EndOffset="1086" SrcFileId="9" StartOffset="1062"/>
</LocList>
</BasicStmnt>
<BasicStmnt CovItemId="S12" CovItemPrefix="csse376_puerto_rico.Player.java" Intrnl_Id="316">
<LocList>
<Loc EndOffset="1110" SrcFileId="9" StartOffset="1090"/>
</LocList>
</BasicStmnt>
<BasicStmnt CovItemId="S13" CovItemPrefix="csse376_puerto_rico.Player.java" Intrnl_Id="317">
<LocList>
<Loc EndOffset="1130" SrcFileId="9" StartOffset="1114"/>
</LocList>
</BasicStmnt>
<LoopStmnt CovItemId="S14" CovItemPrefix="csse376_puerto_rico.Player.java" Intrnl_Id="318" MltplExecId="L2-2" MltplExecPrefix="csse376_puerto_rico.Player.java" NvrExecId="L2-0" NvrExecPrefix="csse376_puerto_rico.Player.java" OnceExecutedId="L2-1" OnceExecutedPrefix="csse376_puerto_rico.Player.java" OptBodyExec="true">
<StmntSeq Intrnl_Id="319">
<LocList>
<Loc EndOffset="1197" SrcFileId="9" StartOffset="1176"/>
</LocList>
<BasicStmnt CovItemId="S15" CovItemPrefix="csse376_puerto_rico.Player.java" Intrnl_Id="320">
<LocList>
<Loc EndOffset="1197" SrcFileId="9" StartOffset="1176"/>
</LocList>
</BasicStmnt>
</StmntSeq>
<Keyword EndOffset="1137" SrcFileId="9" StartOffset="1134"/>
<LocList>
<Loc EndOffset="1202" SrcFileId="9" StartOffset="1134"/>
</LocList>
</LoopStmnt>
</StmntSeq>
</HierarchyLvl>
<HierarchyLvl HierarchyLvlId="317" HierarchyLvlTypeId="21" Intrnl_Id="321" Name="getRole">
<Header>
<Loc EndOffset="1234" SrcFileId="9" StartOffset="1211"/>
</Header>
<LocList>
<Loc EndOffset="1261" SrcFileId="9" StartOffset="1211"/>
</LocList>
<StmntSeq Intrnl_Id="322">
<LocList>
<Loc EndOffset="1257" SrcFileId="9" StartOffset="1240"/>
</LocList>
<BasicStmnt CovItemId="S16" CovItemPrefix="csse376_puerto_rico.Player.java" Intrnl_Id="323">
<LocList>
<Loc EndOffset="1257" SrcFileId="9" StartOffset="1240"/>
</LocList>
</BasicStmnt>
</StmntSeq>
</HierarchyLvl>
<HierarchyLvl HierarchyLvlId="318" HierarchyLvlTypeId="21" Intrnl_Id="324" Name="getRoles">
<Header>
<Loc EndOffset="1303" SrcFileId="9" StartOffset="1266"/>
</Header>
<LocList>
<Loc EndOffset="1328" SrcFileId="9" StartOffset="1266"/>
</LocList>
<StmntSeq Intrnl_Id="325">
<LocList>
<Loc EndOffset="1324" SrcFileId="9" StartOffset="1311"/>
</LocList>
<BasicStmnt CovItemId="S17" CovItemPrefix="csse376_puerto_rico.Player.java" Intrnl_Id="326">
<LocList>
<Loc EndOffset="1324" SrcFileId="9" StartOffset="1311"/>
</LocList>
</BasicStmnt>
</StmntSeq>
</HierarchyLvl>
<HierarchyLvl HierarchyLvlId="319" HierarchyLvlTypeId="21" Intrnl_Id="327" Name="getPoints">
<Header>
<Loc EndOffset="1355" SrcFileId="9" StartOffset="1333"/>
</Header>
<LocList>
<Loc EndOffset="1379" SrcFileId="9" StartOffset="1333"/>
</LocList>
<StmntSeq Intrnl_Id="328">
<LocList>
<Loc EndOffset="1375" SrcFileId="9" StartOffset="1361"/>
</LocList>
<BasicStmnt CovItemId="S18" CovItemPrefix="csse376_puerto_rico.Player.java" Intrnl_Id="329">
<LocList>
<Loc EndOffset="1375" SrcFileId="9" StartOffset="1361"/>
</LocList>
</BasicStmnt>
</StmntSeq>
</HierarchyLvl>
<HierarchyLvl HierarchyLvlId="320" HierarchyLvlTypeId="21" Intrnl_Id="330" Name="getHUD">
<Header>
<Loc EndOffset="1409" SrcFileId="9" StartOffset="1384"/>
</Header>
<LocList>
<Loc EndOffset="1435" SrcFileId="9" StartOffset="1384"/>
</LocList>
<StmntSeq Intrnl_Id="331">
<LocList>
<Loc EndOffset="1431" SrcFileId="9" StartOffset="1415"/>
</LocList>
<BasicStmnt CovItemId="S19" CovItemPrefix="csse376_puerto_rico.Player.java" Intrnl_Id="332">
<LocList>
<Loc EndOffset="1431" SrcFileId="9" StartOffset="1415"/>
</LocList>
</BasicStmnt>
</StmntSeq>
</HierarchyLvl>
<HierarchyLvl HierarchyLvlId="321" HierarchyLvlTypeId="21" Intrnl_Id="333" Name="setHUD">
<Header>
<Loc EndOffset="1473" SrcFileId="9" StartOffset="1440"/>
</Header>
<LocList>
<Loc EndOffset="1498" SrcFileId="9" StartOffset="1440"/>
</LocList>
<StmntSeq Intrnl_Id="334">
<LocList>
<Loc EndOffset="1494" SrcFileId="9" StartOffset="1479"/>
</LocList>
<BasicStmnt CovItemId="S20" CovItemPrefix="csse376_puerto_rico.Player.java" Intrnl_Id="335">
<LocList>
<Loc EndOffset="1494" SrcFileId="9" StartOffset="1479"/>
</LocList>
</BasicStmnt>
</StmntSeq>
</HierarchyLvl>
<HierarchyLvl HierarchyLvlId="322" HierarchyLvlTypeId="21" Intrnl_Id="336" Name="isGovernor">
<Header>
<Loc EndOffset="1530" SrcFileId="9" StartOffset="1503"/>
</Header>
<LocList>
<Loc EndOffset="1558" SrcFileId="9" StartOffset="1503"/>
</LocList>
<StmntSeq Intrnl_Id="337">
<LocList>
<Loc EndOffset="1554" SrcFileId="9" StartOffset="1536"/>
</LocList>
<BasicStmnt CovItemId="S21" CovItemPrefix="csse376_puerto_rico.Player.java" Intrnl_Id="338">
<LocList>
<Loc EndOffset="1554" SrcFileId="9" StartOffset="1536"/>
</LocList>
</BasicStmnt>
</StmntSeq>
</HierarchyLvl>
<HierarchyLvl HierarchyLvlId="323" HierarchyLvlTypeId="21" Intrnl_Id="339" Name="setPoints">
<Header>
<Loc EndOffset="1613" SrcFileId="9" StartOffset="1580"/>
</Header>
<LocList>
<Loc EndOffset="1693" SrcFileId="9" StartOffset="1580"/>
</LocList>
<StmntSeq Intrnl_Id="340">
<LocList>
<Loc EndOffset="1689" SrcFileId="9" StartOffset="1668"/>
</LocList>
<BasicStmnt CovItemId="S22" CovItemPrefix="csse376_puerto_rico.Player.java" Intrnl_Id="341">
<LocList>
<Loc EndOffset="1689" SrcFileId="9" StartOffset="1668"/>
</LocList>
</BasicStmnt>
</StmntSeq>
</HierarchyLvl>
<HierarchyLvl HierarchyLvlId="324" HierarchyLvlTypeId="21" Intrnl_Id="342" Name="setRole">
<Header>
<Loc EndOffset="1732" SrcFileId="9" StartOffset="1698"/>
</Header>
<LocList>
<Loc EndOffset="1761" SrcFileId="9" StartOffset="1698"/>
</LocList>
<StmntSeq Intrnl_Id="343">
<LocList>
<Loc EndOffset="1757" SrcFileId="9" StartOffset="1738"/>
</LocList>
<BasicStmnt CovItemId="S23" CovItemPrefix="csse376_puerto_rico.Player.java" Intrnl_Id="344">
<LocList>
<Loc EndOffset="1757" SrcFileId="9" StartOffset="1738"/>
</LocList>
</BasicStmnt>
</StmntSeq>
</HierarchyLvl>
<HierarchyLvl HierarchyLvlId="325" HierarchyLvlTypeId="21" Intrnl_Id="345" Name="addBuilding">
<Header>
<Loc EndOffset="1806" SrcFileId="9" StartOffset="1766"/>
</Header>
<LocList>
<Loc EndOffset="1840" SrcFileId="9" StartOffset="1766"/>
</LocList>
<StmntSeq Intrnl_Id="346">
<LocList>
<Loc EndOffset="1836" SrcFileId="9" StartOffset="1812"/>
</LocList>
<BasicStmnt CovItemId="S24" CovItemPrefix="csse376_puerto_rico.Player.java" Intrnl_Id="347">
<LocList>
<Loc EndOffset="1836" SrcFileId="9" StartOffset="1812"/>
</LocList>
</BasicStmnt>
</StmntSeq>
</HierarchyLvl>
<HierarchyLvl HierarchyLvlId="326" HierarchyLvlTypeId="21" Intrnl_Id="348" Name="getBuildings">
<Header>
<Loc EndOffset="1884" SrcFileId="9" StartOffset="1845"/>
</Header>
<LocList>
<Loc EndOffset="1911" SrcFileId="9" StartOffset="1845"/>
</LocList>
<StmntSeq Intrnl_Id="349">
<LocList>
<Loc EndOffset="1907" SrcFileId="9" StartOffset="1890"/>
</LocList>
<BasicStmnt CovItemId="S25" CovItemPrefix="csse376_puerto_rico.Player.java" Intrnl_Id="350">
<LocList>
<Loc EndOffset="1907" SrcFileId="9" StartOffset="1890"/>
</LocList>
</BasicStmnt>
</StmntSeq>
</HierarchyLvl>
<HierarchyLvl HierarchyLvlId="327" HierarchyLvlTypeId="21" Intrnl_Id="351" Name="getGoods">
<Header>
<Loc EndOffset="1946" SrcFileId="9" StartOffset="1916"/>
</Header>
<LocList>
<Loc EndOffset="2482" SrcFileId="9" StartOffset="1916"/>
</LocList>
<StmntSeq Intrnl_Id="352">
<LocList>
<Loc EndOffset="2001" SrcFileId="9" StartOffset="1958"/>
<Loc EndOffset="2080" SrcFileId="9" StartOffset="2005"/>
<Loc EndOffset="2162" SrcFileId="9" StartOffset="2084"/>
<Loc EndOffset="2235" SrcFileId="9" StartOffset="2166"/>
<Loc EndOffset="2311" SrcFileId="9" StartOffset="2239"/>
<Loc EndOffset="2390" SrcFileId="9" StartOffset="2315"/>
<Loc EndOffset="2463" SrcFileId="9" StartOffset="2394"/>
<Loc EndOffset="2478" SrcFileId="9" StartOffset="2467"/>
</LocList>
<BasicStmnt CovItemId="S26" CovItemPrefix="csse376_puerto_rico.Player.java" Intrnl_Id="353">
<LocList>
<Loc EndOffset="2001" SrcFileId="9" StartOffset="1958"/>
</LocList>
</BasicStmnt>
<BasicStmnt CovItemId="S27" CovItemPrefix="csse376_puerto_rico.Player.java" Intrnl_Id="354">
<LocList>
<Loc EndOffset="2080" SrcFileId="9" StartOffset="2005"/>
</LocList>
</BasicStmnt>
<BasicStmnt CovItemId="S28" CovItemPrefix="csse376_puerto_rico.Player.java" Intrnl_Id="355">
<LocList>
<Loc EndOffset="2162" SrcFileId="9" StartOffset="2084"/>
</LocList>
</BasicStmnt>
<BasicStmnt CovItemId="S29" CovItemPrefix="csse376_puerto_rico.Player.java" Intrnl_Id="356">
<LocList>
<Loc EndOffset="2235" SrcFileId="9" StartOffset="2166"/>
</LocList>
</BasicStmnt>
<BasicStmnt CovItemId="S30" CovItemPrefix="csse376_puerto_rico.Player.java" Intrnl_Id="357">
<LocList>
<Loc EndOffset="2311" SrcFileId="9" StartOffset="2239"/>
</LocList>
</BasicStmnt>
<BasicStmnt CovItemId="S31" CovItemPrefix="csse376_puerto_rico.Player.java" Intrnl_Id="358">
<LocList>
<Loc EndOffset="2390" SrcFileId="9" StartOffset="2315"/>
</LocList>
</BasicStmnt>
<BasicStmnt CovItemId="S32" CovItemPrefix="csse376_puerto_rico.Player.java" Intrnl_Id="359">
<LocList>
<Loc EndOffset="2463" SrcFileId="9" StartOffset="2394"/>
</LocList>
</BasicStmnt>
<BasicStmnt CovItemId="S33" CovItemPrefix="csse376_puerto_rico.Player.java" Intrnl_Id="360">
<LocList>
<Loc EndOffset="2478" SrcFileId="9" StartOffset="2467"/>
</LocList>
</BasicStmnt>
</StmntSeq>
</HierarchyLvl>
<HierarchyLvl HierarchyLvlId="328" HierarchyLvlTypeId="21" Intrnl_Id="361" Name="getNumberOfGood">
<Header>
<Loc EndOffset="2526" SrcFileId="9" StartOffset="2487"/>
</Header>
<LocList>
<Loc EndOffset="2668" SrcFileId="9" StartOffset="2487"/>
</LocList>
<StmntSeq Intrnl_Id="362">
<LocList>
<Loc EndOffset="2630" SrcFileId="9" StartOffset="2574"/>
<Loc EndOffset="2662" SrcFileId="9" StartOffset="2634"/>
</LocList>
<CondStmnt CovItemId="S34" CovItemPrefix="csse376_puerto_rico.Player.java" Intrnl_Id="363">
<Branch CovItemId="B1" CovItemPrefix="csse376_puerto_rico.Player.java" Implct="false" Intrnl_Id="364">
<Cond/>
<LocList>
<Loc EndOffset="2630" SrcFileId="9" StartOffset="2610"/>
</LocList>
<StmntSeq Intrnl_Id="365">
<LocList>
<Loc EndOffset="2625" SrcFileId="9" StartOffset="2616"/>
</LocList>
<BasicStmnt CovItemId="S35" CovItemPrefix="csse376_puerto_rico.Player.java" Intrnl_Id="366">
<LocList>
<Loc EndOffset="2625" SrcFileId="9" StartOffset="2616"/>
</LocList>
</BasicStmnt>
</StmntSeq>
</Branch>
<Branch CovItemId="B2" CovItemPrefix="csse376_puerto_rico.Player.java" Implct="true" Intrnl_Id="367">
<Cond/>
<LocList/>
<StmntSeq Intrnl_Id="368">
<LocList/>
</StmntSeq>
</Branch>
<Keyword EndOffset="2576" SrcFileId="9" StartOffset="2574"/>
<LocList>
<Loc EndOffset="2630" SrcFileId="9" StartOffset="2574"/>
</LocList>
<RootTerm CovItemId="C1" CovItemPrefix="csse376_puerto_rico.Player.java" Intrnl_Id="369">
<BasicBoolTerm Intrnl_Id="370">
<LocList>
<Loc EndOffset="2605" SrcFileId="9" StartOffset="2577"/>
</LocList>
</BasicBoolTerm>
</RootTerm>
</CondStmnt>
<BasicStmnt CovItemId="S36" CovItemPrefix="csse376_puerto_rico.Player.java" Intrnl_Id="371">
<LocList>
<Loc EndOffset="2662" SrcFileId="9" StartOffset="2634"/>
</LocList>
</BasicStmnt>
</StmntSeq>
</HierarchyLvl>
<HierarchyLvl HierarchyLvlId="329" HierarchyLvlTypeId="21" Intrnl_Id="372" Name="getAllGoods">
<Header>
<Loc EndOffset="2707" SrcFileId="9" StartOffset="2674"/>
</Header>
<LocList>
<Loc EndOffset="2880" SrcFileId="9" StartOffset="2674"/>
</LocList>
<StmntSeq Intrnl_Id="373">
<LocList>
<Loc EndOffset="2759" SrcFileId="9" StartOffset="2716"/>
<Loc EndOffset="2859" SrcFileId="9" StartOffset="2764"/>
<Loc EndOffset="2875" SrcFileId="9" StartOffset="2864"/>
</LocList>
<BasicStmnt CovItemId="S37" CovItemPrefix="csse376_puerto_rico.Player.java" Intrnl_Id="374">
<LocList>
<Loc EndOffset="2759" SrcFileId="9" StartOffset="2716"/>
</LocList>
</BasicStmnt>
<BasicStmnt CovItemId="S38" CovItemPrefix="csse376_puerto_rico.Player.java" Intrnl_Id="375">
<LocList>
<Loc EndOffset="2859" SrcFileId="9" StartOffset="2764"/>
</LocList>
</BasicStmnt>
<BasicStmnt CovItemId="S39" CovItemPrefix="csse376_puerto_rico.Player.java" Intrnl_Id="376">
<LocList>
<Loc EndOffset="2875" SrcFileId="9" StartOffset="2864"/>
</LocList>
</BasicStmnt>
</StmntSeq>
</HierarchyLvl>
<HierarchyLvl HierarchyLvlId="330" HierarchyLvlTypeId="21" Intrnl_Id="377" Name="addGood">
<Header>
<Loc EndOffset="2929" SrcFileId="9" StartOffset="2885"/>
</Header>
<LocList>
<Loc EndOffset="3029" SrcFileId="9" StartOffset="2885"/>
</LocList>
<StmntSeq Intrnl_Id="378">
<LocList>
<Loc EndOffset="3025" SrcFileId="9" StartOffset="2973"/>
</LocList>
<BasicStmnt CovItemId="S40" CovItemPrefix="csse376_puerto_rico.Player.java" Intrnl_Id="379">
<LocList>
<Loc EndOffset="3025" SrcFileId="9" StartOffset="2973"/>
</LocList>
</BasicStmnt>
</StmntSeq>
</HierarchyLvl>
</HierarchyLvl>
<HierarchyLvl HierarchyLvlId="336" HierarchyLvlTypeId="20" Intrnl_Id="380" Name="NextMoveButton">
<Header>
<Loc EndOffset="236" SrcFileId="10" StartOffset="193"/>
</Header>
<LocList>
<Loc EndOffset="1535" SrcFileId="10" StartOffset="193"/>
</LocList>
<HierarchyLvl HierarchyLvlId="334" HierarchyLvlTypeId="21" Intrnl_Id="381" Name="NextMoveButton">
<Header>
<Loc EndOffset="298" SrcFileId="10" StartOffset="275"/>
</Header>
<LocList>
<Loc EndOffset="886" SrcFileId="10" StartOffset="275"/>
</LocList>
<StmntSeq Intrnl_Id="382">
<LocList>
<Loc EndOffset="337" SrcFileId="10" StartOffset="306"/>
<Loc EndOffset="399" SrcFileId="10" StartOffset="341"/>
<Loc EndOffset="426" SrcFileId="10" StartOffset="403"/>
<Loc EndOffset="446" SrcFileId="10" StartOffset="430"/>
<Loc EndOffset="473" SrcFileId="10" StartOffset="450"/>
<Loc EndOffset="882" SrcFileId="10" StartOffset="880"/>
</LocList>
<BasicStmnt CovItemId="S1" CovItemPrefix="csse376_puerto_rico.NextMoveButton.java" Intrnl_Id="383">
<LocList>
<Loc EndOffset="337" SrcFileId="10" StartOffset="306"/>
</LocList>
</BasicStmnt>
<BasicStmnt CovItemId="S2" CovItemPrefix="csse376_puerto_rico.NextMoveButton.java" Intrnl_Id="384">
<LocList>
<Loc EndOffset="399" SrcFileId="10" StartOffset="341"/>
</LocList>
</BasicStmnt>
<BasicStmnt CovItemId="S3" CovItemPrefix="csse376_puerto_rico.NextMoveButton.java" Intrnl_Id="385">
<LocList>
<Loc EndOffset="426" SrcFileId="10" StartOffset="403"/>
</LocList>
</BasicStmnt>
<BasicStmnt CovItemId="S4" CovItemPrefix="csse376_puerto_rico.NextMoveButton.java" Intrnl_Id="386">
<LocList>
<Loc EndOffset="446" SrcFileId="10" StartOffset="430"/>
</LocList>
</BasicStmnt>
<BasicStmnt CovItemId="S5" CovItemPrefix="csse376_puerto_rico.NextMoveButton.java" Intrnl_Id="387">
<LocList>
<Loc EndOffset="473" SrcFileId="10" StartOffset="450"/>
<Loc EndOffset="882" SrcFileId="10" StartOffset="880"/>
</LocList>
</BasicStmnt>
</StmntSeq>
<HierarchyLvl HierarchyLvlId="333" HierarchyLvlTypeId="23" Intrnl_Id="388" Name="ActionListener">
<Header>
<Loc EndOffset="493" SrcFileId="10" StartOffset="477"/>
</Header>
<LocList>
<Loc EndOffset="880" SrcFileId="10" StartOffset="473"/>
</LocList>
<HierarchyLvl HierarchyLvlId="332" HierarchyLvlTypeId="21" Intrnl_Id="389" Name="actionPerformed">
<Header>
<Loc EndOffset="561" SrcFileId="10" StartOffset="505"/>
</Header>
<LocList>
<Loc EndOffset="875" SrcFileId="10" StartOffset="505"/>
</LocList>
<StmntSeq Intrnl_Id="390">
<LocList>
<Loc EndOffset="601" SrcFileId="10" StartOffset="569"/>
<Loc EndOffset="630" SrcFileId="10" StartOffset="607"/>
<Loc EndOffset="652" SrcFileId="10" StartOffset="636"/>
<Loc EndOffset="678" SrcFileId="10" StartOffset="658"/>
<Loc EndOffset="846" SrcFileId="10" StartOffset="684"/>
<Loc EndOffset="869" SrcFileId="10" StartOffset="858"/>
</LocList>
<BasicStmnt CovItemId="S6" CovItemPrefix="csse376_puerto_rico.NextMoveButton.java" Intrnl_Id="391">
<LocList>
<Loc EndOffset="601" SrcFileId="10" StartOffset="569"/>
</LocList>
</BasicStmnt>
<BasicStmnt CovItemId="S7" CovItemPrefix="csse376_puerto_rico.NextMoveButton.java" Intrnl_Id="392">
<LocList>
<Loc EndOffset="630" SrcFileId="10" StartOffset="607"/>
</LocList>
</BasicStmnt>
<BasicStmnt CovItemId="S8" CovItemPrefix="csse376_puerto_rico.NextMoveButton.java" Intrnl_Id="393">
<LocList>
<Loc EndOffset="652" SrcFileId="10" StartOffset="636"/>
</LocList>
</BasicStmnt>
<BasicStmnt CovItemId="S9" CovItemPrefix="csse376_puerto_rico.NextMoveButton.java" Intrnl_Id="394">
<LocList>
<Loc EndOffset="678" SrcFileId="10" StartOffset="658"/>
</LocList>
</BasicStmnt>
<CondStmnt CovItemId="S10" CovItemPrefix="csse376_puerto_rico.NextMoveButton.java" Intrnl_Id="395">
<Branch CovItemId="B1" CovItemPrefix="csse376_puerto_rico.NextMoveButton.java" Implct="false" Intrnl_Id="396">
<Cond/>
<LocList>
<Loc EndOffset="846" SrcFileId="10" StartOffset="739"/>
</LocList>
<StmntSeq Intrnl_Id="397">
<LocList>
<Loc EndOffset="792" SrcFileId="10" StartOffset="747"/>
<Loc EndOffset="839" SrcFileId="10" StartOffset="799"/>
</LocList>
<BasicStmnt CovItemId="S11" CovItemPrefix="csse376_puerto_rico.NextMoveButton.java" Intrnl_Id="398">
<LocList>
<Loc EndOffset="792" SrcFileId="10" StartOffset="747"/>
</LocList>
</BasicStmnt>
<BasicStmnt CovItemId="S12" CovItemPrefix="csse376_puerto_rico.NextMoveButton.java" Intrnl_Id="399">
<LocList>
<Loc EndOffset="839" SrcFileId="10" StartOffset="799"/>
</LocList>
</BasicStmnt>
</StmntSeq>
</Branch>
<Branch CovItemId="B2" CovItemPrefix="csse376_puerto_rico.NextMoveButton.java" Implct="true" Intrnl_Id="400">
<Cond/>
<LocList/>
<StmntSeq Intrnl_Id="401">
<LocList/>
</StmntSeq>
</Branch>
<Keyword EndOffset="686" SrcFileId="10" StartOffset="684"/>
<LocList>
<Loc EndOffset="846" SrcFileId="10" StartOffset="684"/>
</LocList>
<RootTerm CovItemId="C1" CovItemPrefix="csse376_puerto_rico.NextMoveButton.java" Intrnl_Id="402">
<OpTerm BooleanOpId="17" Intrnl_Id="403">
<BasicBoolTerm Intrnl_Id="404">
<LocList>
<Loc EndOffset="699" SrcFileId="10" StartOffset="687"/>
</LocList>
</BasicBoolTerm>
<BasicBoolTerm Intrnl_Id="405">
<LocList>
<Loc EndOffset="732" SrcFileId="10" StartOffset="703"/>
</LocList>
</BasicBoolTerm>
<LocList>
<Loc EndOffset="702" SrcFileId="10" StartOffset="700"/>
</LocList>
</OpTerm>
</RootTerm>
</CondStmnt>
<BasicStmnt CovItemId="S13" CovItemPrefix="csse376_puerto_rico.NextMoveButton.java" Intrnl_Id="406">
<LocList>
<Loc EndOffset="869" SrcFileId="10" StartOffset="858"/>
</LocList>
</BasicStmnt>
</StmntSeq>
</HierarchyLvl>
</HierarchyLvl>
</HierarchyLvl>
<HierarchyLvl HierarchyLvlId="335" HierarchyLvlTypeId="21" Intrnl_Id="407" Name="makeMove">
<Header>
<Loc EndOffset="911" SrcFileId="10" StartOffset="889"/>
</Header>
<LocList>
<Loc EndOffset="1532" SrcFileId="10" StartOffset="889"/>
</LocList>
<StmntSeq Intrnl_Id="408">
<LocList>
<Loc EndOffset="1493" SrcFileId="10" StartOffset="1217"/>
<Loc EndOffset="1528" SrcFileId="10" StartOffset="1497"/>
</LocList>
<LoopStmnt CovItemId="S14" CovItemPrefix="csse376_puerto_rico.NextMoveButton.java" Intrnl_Id="409" MltplExecId="L1-2" MltplExecPrefix="csse376_puerto_rico.NextMoveButton.java" NvrExecId="L1-0" NvrExecPrefix="csse376_puerto_rico.NextMoveButton.java" OnceExecutedId="L1-1" OnceExecutedPrefix="csse376_puerto_rico.NextMoveButton.java" OptBodyExec="true">
<StmntSeq Intrnl_Id="410">
<LocList>
<Loc EndOffset="1488" SrcFileId="10" StartOffset="1260"/>
</LocList>
<CondStmnt CovItemId="S15" CovItemPrefix="csse376_puerto_rico.NextMoveButton.java" Intrnl_Id="411">
<Branch CovItemId="B3" CovItemPrefix="csse376_puerto_rico.NextMoveButton.java" Implct="false" Intrnl_Id="412">
<Cond/>
<LocList>
<Loc EndOffset="1488" SrcFileId="10" StartOffset="1290"/>
</LocList>
<StmntSeq Intrnl_Id="413">
<LocList>
<Loc EndOffset="1327" SrcFileId="10" StartOffset="1297"/>
<Loc EndOffset="1470" SrcFileId="10" StartOffset="1333"/>
<Loc EndOffset="1482" SrcFileId="10" StartOffset="1476"/>
</LocList>
<BasicStmnt CovItemId="S16" CovItemPrefix="csse376_puerto_rico.NextMoveButton.java" Intrnl_Id="414">
<LocList>
<Loc EndOffset="1327" SrcFileId="10" StartOffset="1297"/>
</LocList>
</BasicStmnt>
<CondStmnt CovItemId="S17" CovItemPrefix="csse376_puerto_rico.NextMoveButton.java" Intrnl_Id="415">
<Branch CovItemId="B5" CovItemPrefix="csse376_puerto_rico.NextMoveButton.java" Implct="false" Intrnl_Id="416">
<Cond/>
<LocList>
<Loc EndOffset="1408" SrcFileId="10" StartOffset="1364"/>
</LocList>
<StmntSeq Intrnl_Id="417">
<LocList>
<Loc EndOffset="1401" SrcFileId="10" StartOffset="1372"/>
</LocList>
<BasicStmnt CovItemId="S18" CovItemPrefix="csse376_puerto_rico.NextMoveButton.java" Intrnl_Id="418">
<LocList>
<Loc EndOffset="1401" SrcFileId="10" StartOffset="1372"/>
</LocList>
</BasicStmnt>
</StmntSeq>
</Branch>
<Branch CovItemId="B6" CovItemPrefix="csse376_puerto_rico.NextMoveButton.java" Implct="false" Intrnl_Id="419">
<Cond>
<Loc EndOffset="1418" SrcFileId="10" StartOffset="1414"/>
</Cond>
<LocList>
<Loc EndOffset="1470" SrcFileId="10" StartOffset="1424"/>
</LocList>
<StmntSeq Intrnl_Id="420">
<LocList>
<Loc EndOffset="1463" SrcFileId="10" StartOffset="1432"/>
</LocList>
<BasicStmnt CovItemId="S19" CovItemPrefix="csse376_puerto_rico.NextMoveButton.java" Intrnl_Id="421">
<LocList>
<Loc EndOffset="1463" SrcFileId="10" StartOffset="1432"/>
</LocList>
</BasicStmnt>
</StmntSeq>
</Branch>
<Keyword EndOffset="1335" SrcFileId="10" StartOffset="1333"/>
<LocList>
<Loc EndOffset="1470" SrcFileId="10" StartOffset="1333"/>
</LocList>
<RootTerm CovItemId="C4" CovItemPrefix="csse376_puerto_rico.NextMoveButton.java" Intrnl_Id="422">
<BasicBoolTerm Intrnl_Id="423">
<LocList>
<Loc EndOffset="1357" SrcFileId="10" StartOffset="1336"/>
</LocList>
</BasicBoolTerm>
</RootTerm>
</CondStmnt>
<BasicStmnt CovItemId="S20" CovItemPrefix="csse376_puerto_rico.NextMoveButton.java" Intrnl_Id="424">
<LocList>
<Loc EndOffset="1482" SrcFileId="10" StartOffset="1476"/>
</LocList>
</BasicStmnt>
</StmntSeq>
</Branch>
<Branch CovItemId="B4" CovItemPrefix="csse376_puerto_rico.NextMoveButton.java" Implct="true" Intrnl_Id="425">
<Cond/>
<LocList/>
<StmntSeq Intrnl_Id="426">
<LocList/>
</StmntSeq>
</Branch>
<Keyword EndOffset="1262" SrcFileId="10" StartOffset="1260"/>
<LocList>
<Loc EndOffset="1488" SrcFileId="10" StartOffset="1260"/>
</LocList>
<RootTerm CovItemId="C3" CovItemPrefix="csse376_puerto_rico.NextMoveButton.java" Intrnl_Id="427">
<BasicBoolTerm Intrnl_Id="428">
<LocList>
<Loc EndOffset="1284" SrcFileId="10" StartOffset="1263"/>
</LocList>
</BasicBoolTerm>
</RootTerm>
</CondStmnt>
</StmntSeq>
<Keyword EndOffset="1220" SrcFileId="10" StartOffset="1217"/>
<LocList>
<Loc EndOffset="1493" SrcFileId="10" StartOffset="1217"/>
</LocList>
<RootTerm CovItemId="C2" CovItemPrefix="csse376_puerto_rico.NextMoveButton.java" Intrnl_Id="429">
<BasicBoolTerm Intrnl_Id="430">
<LocList>
<Loc EndOffset="1245" SrcFileId="10" StartOffset="1229"/>
</LocList>
</BasicBoolTerm>
</RootTerm>
</LoopStmnt>
<BasicStmnt CovItemId="S21" CovItemPrefix="csse376_puerto_rico.NextMoveButton.java" Intrnl_Id="431">
<LocList>
<Loc EndOffset="1528" SrcFileId="10" StartOffset="1497"/>
</LocList>
</BasicStmnt>
</StmntSeq>
</HierarchyLvl>
</HierarchyLvl>
<HierarchyLvl HierarchyLvlId="338" HierarchyLvlTypeId="20" Intrnl_Id="432" Name="MenuGUI">
<Header>
<Loc EndOffset="297" SrcFileId="11" StartOffset="277"/>
</Header>
<LocList>
<Loc EndOffset="1545" SrcFileId="11" StartOffset="277"/>
</LocList>
<StmntSeq Intrnl_Id="433">
<LocList>
<Loc EndOffset="372" SrcFileId="11" StartOffset="340"/>
</LocList>
<BasicStmnt CovItemId="S1" CovItemPrefix="csse376_puerto_rico.MenuGUI.java" Intrnl_Id="434">
<LocList>
<Loc EndOffset="372" SrcFileId="11" StartOffset="340"/>
</LocList>
</BasicStmnt>
</StmntSeq>
<HierarchyLvl HierarchyLvlId="337" HierarchyLvlTypeId="21" Intrnl_Id="435" Name="MenuGUI">
<Header>
<Loc EndOffset="459" SrcFileId="11" StartOffset="443"/>
</Header>
<LocList>
<Loc EndOffset="1540" SrcFileId="11" StartOffset="443"/>
</LocList>
<StmntSeq Intrnl_Id="436">
<LocList>
<Loc EndOffset="513" SrcFileId="11" StartOffset="474"/>
<Loc EndOffset="560" SrcFileId="11" StartOffset="526"/>
<Loc EndOffset="605" SrcFileId="11" StartOffset="573"/>
<Loc EndOffset="680" SrcFileId="11" StartOffset="618"/>
<Loc EndOffset="728" SrcFileId="11" StartOffset="693"/>
<Loc EndOffset="880" SrcFileId="11" StartOffset="849"/>
<Loc EndOffset="927" SrcFileId="11" StartOffset="893"/>
<Loc EndOffset="994" SrcFileId="11" StartOffset="953"/>
<Loc EndOffset="1053" SrcFileId="11" StartOffset="1007"/>
<Loc EndOffset="1115" SrcFileId="11" StartOffset="1079"/>
<Loc EndOffset="1183" SrcFileId="11" StartOffset="1141"/>
<Loc EndOffset="1258" SrcFileId="11" StartOffset="1196"/>
<Loc EndOffset="1306" SrcFileId="11" StartOffset="1271"/>
<Loc EndOffset="1357" SrcFileId="11" StartOffset="1332"/>
<Loc EndOffset="1392" SrcFileId="11" StartOffset="1370"/>
<Loc EndOffset="1467" SrcFileId="11" StartOffset="1418"/>
<Loc EndOffset="1532" SrcFileId="11" StartOffset="1480"/>
</LocList>
<BasicStmnt CovItemId="S2" CovItemPrefix="csse376_puerto_rico.MenuGUI.java" Intrnl_Id="437">
<LocList>
<Loc EndOffset="513" SrcFileId="11" StartOffset="474"/>
</LocList>
</BasicStmnt>
<BasicStmnt CovItemId="S3" CovItemPrefix="csse376_puerto_rico.MenuGUI.java" Intrnl_Id="438">
<LocList>
<Loc EndOffset="560" SrcFileId="11" StartOffset="526"/>
</LocList>
</BasicStmnt>
<BasicStmnt CovItemId="S4" CovItemPrefix="csse376_puerto_rico.MenuGUI.java" Intrnl_Id="439">
<LocList>
<Loc EndOffset="605" SrcFileId="11" StartOffset="573"/>
</LocList>
</BasicStmnt>
<BasicStmnt CovItemId="S5" CovItemPrefix="csse376_puerto_rico.MenuGUI.java" Intrnl_Id="440">
<LocList>
<Loc EndOffset="680" SrcFileId="11" StartOffset="618"/>
</LocList>
</BasicStmnt>
<BasicStmnt CovItemId="S6" CovItemPrefix="csse376_puerto_rico.MenuGUI.java" Intrnl_Id="441">
<LocList>
<Loc EndOffset="728" SrcFileId="11" StartOffset="693"/>
</LocList>
</BasicStmnt>
<BasicStmnt CovItemId="S7" CovItemPrefix="csse376_puerto_rico.MenuGUI.java" Intrnl_Id="442">
<LocList>
<Loc EndOffset="880" SrcFileId="11" StartOffset="849"/>
</LocList>
</BasicStmnt>
<BasicStmnt CovItemId="S8" CovItemPrefix="csse376_puerto_rico.MenuGUI.java" Intrnl_Id="443">
<LocList>
<Loc EndOffset="927" SrcFileId="11" StartOffset="893"/>
</LocList>
</BasicStmnt>
<BasicStmnt CovItemId="S9" CovItemPrefix="csse376_puerto_rico.MenuGUI.java" Intrnl_Id="444">
<LocList>
<Loc EndOffset="994" SrcFileId="11" StartOffset="953"/>
</LocList>
</BasicStmnt>
<BasicStmnt CovItemId="S10" CovItemPrefix="csse376_puerto_rico.MenuGUI.java" Intrnl_Id="445">
<LocList>
<Loc EndOffset="1053" SrcFileId="11" StartOffset="1007"/>
</LocList>
</BasicStmnt>
<BasicStmnt CovItemId="S11" CovItemPrefix="csse376_puerto_rico.MenuGUI.java" Intrnl_Id="446">
<LocList>
<Loc EndOffset="1115" SrcFileId="11" StartOffset="1079"/>
</LocList>
</BasicStmnt>
<BasicStmnt CovItemId="S12" CovItemPrefix="csse376_puerto_rico.MenuGUI.java" Intrnl_Id="447">
<LocList>
<Loc EndOffset="1183" SrcFileId="11" StartOffset="1141"/>
</LocList>
</BasicStmnt>
<BasicStmnt CovItemId="S13" CovItemPrefix="csse376_puerto_rico.MenuGUI.java" Intrnl_Id="448">
<LocList>
<Loc EndOffset="1258" SrcFileId="11" StartOffset="1196"/>
</LocList>
</BasicStmnt>
<BasicStmnt CovItemId="S14" CovItemPrefix="csse376_puerto_rico.MenuGUI.java" Intrnl_Id="449">
<LocList>
<Loc EndOffset="1306" SrcFileId="11" StartOffset="1271"/>
</LocList>
</BasicStmnt>
<BasicStmnt CovItemId="S15" CovItemPrefix="csse376_puerto_rico.MenuGUI.java" Intrnl_Id="450">
<LocList>
<Loc EndOffset="1357" SrcFileId="11" StartOffset="1332"/>
</LocList>
</BasicStmnt>
<BasicStmnt CovItemId="S16" CovItemPrefix="csse376_puerto_rico.MenuGUI.java" Intrnl_Id="451">
<LocList>
<Loc EndOffset="1392" SrcFileId="11" StartOffset="1370"/>
</LocList>
</BasicStmnt>
<BasicStmnt CovItemId="S17" CovItemPrefix="csse376_puerto_rico.MenuGUI.java" Intrnl_Id="452">
<LocList>
<Loc EndOffset="1467" SrcFileId="11" StartOffset="1418"/>
</LocList>
</BasicStmnt>
<BasicStmnt CovItemId="S18" CovItemPrefix="csse376_puerto_rico.MenuGUI.java" Intrnl_Id="453">
<LocList>
<Loc EndOffset="1532" SrcFileId="11" StartOffset="1480"/>
</LocList>
</BasicStmnt>
</StmntSeq>
</HierarchyLvl>
</HierarchyLvl>
<HierarchyLvl HierarchyLvlId="340" HierarchyLvlTypeId="20" Intrnl_Id="454" Name="Main">
<Header>
<Loc EndOffset="47" SrcFileId="12" StartOffset="30"/>
</Header>
<LocList>
<Loc EndOffset="149" SrcFileId="12" StartOffset="30"/>
</LocList>
<HierarchyLvl HierarchyLvlId="339" HierarchyLvlTypeId="21" Intrnl_Id="455" Name="main">
<Header>
<Loc EndOffset="125" SrcFileId="12" StartOffset="87"/>
</Header>
<LocList>
<Loc EndOffset="147" SrcFileId="12" StartOffset="87"/>
</LocList>
<StmntSeq Intrnl_Id="456">
<LocList>
<Loc EndOffset="144" SrcFileId="12" StartOffset="130"/>
</LocList>
<BasicStmnt CovItemId="S1" CovItemPrefix="csse376_puerto_rico.Main.java" Intrnl_Id="457">
<LocList>
<Loc EndOffset="144" SrcFileId="12" StartOffset="130"/>
</LocList>
</BasicStmnt>
</StmntSeq>
</HierarchyLvl>
</HierarchyLvl>
<HierarchyLvl HierarchyLvlId="344" HierarchyLvlTypeId="20" Intrnl_Id="458" Name="GoodsButton">
<Header>
<Loc EndOffset="233" SrcFileId="13" StartOffset="193"/>
</Header>
<LocList>
<Loc EndOffset="820" SrcFileId="13" StartOffset="193"/>
</LocList>
<HierarchyLvl HierarchyLvlId="343" HierarchyLvlTypeId="21" Intrnl_Id="459" Name="GoodsButton">
<Header>
<Loc EndOffset="331" SrcFileId="13" StartOffset="300"/>
</Header>
<LocList>
<Loc EndOffset="817" SrcFileId="13" StartOffset="300"/>
</LocList>
<StmntSeq Intrnl_Id="460">
<LocList>
<Loc EndOffset="356" SrcFileId="13" StartOffset="339"/>
<Loc EndOffset="379" SrcFileId="13" StartOffset="360"/>
<Loc EndOffset="414" SrcFileId="13" StartOffset="383"/>
<Loc EndOffset="441" SrcFileId="13" StartOffset="418"/>
<Loc EndOffset="778" SrcFileId="13" StartOffset="776"/>
<Loc EndOffset="813" SrcFileId="13" StartOffset="782"/>
</LocList>
<BasicStmnt CovItemId="S1" CovItemPrefix="csse376_puerto_rico.GoodsButton.java" Intrnl_Id="461">
<LocList>
<Loc EndOffset="356" SrcFileId="13" StartOffset="339"/>
</LocList>
</BasicStmnt>
<BasicStmnt CovItemId="S2" CovItemPrefix="csse376_puerto_rico.GoodsButton.java" Intrnl_Id="462">
<LocList>
<Loc EndOffset="379" SrcFileId="13" StartOffset="360"/>
</LocList>
</BasicStmnt>
<BasicStmnt CovItemId="S3" CovItemPrefix="csse376_puerto_rico.GoodsButton.java" Intrnl_Id="463">
<LocList>
<Loc EndOffset="414" SrcFileId="13" StartOffset="383"/>
</LocList>
</BasicStmnt>
<BasicStmnt CovItemId="S4" CovItemPrefix="csse376_puerto_rico.GoodsButton.java" Intrnl_Id="464">
<LocList>
<Loc EndOffset="441" SrcFileId="13" StartOffset="418"/>
<Loc EndOffset="778" SrcFileId="13" StartOffset="776"/>
</LocList>
</BasicStmnt>
<BasicStmnt CovItemId="S9" CovItemPrefix="csse376_puerto_rico.GoodsButton.java" Intrnl_Id="465">
<LocList>
<Loc EndOffset="813" SrcFileId="13" StartOffset="782"/>
</LocList>
</BasicStmnt>
</StmntSeq>
<HierarchyLvl HierarchyLvlId="342" HierarchyLvlTypeId="23" Intrnl_Id="466" Name="ActionListener">
<Header>
<Loc EndOffset="461" SrcFileId="13" StartOffset="445"/>
</Header>
<LocList>
<Loc EndOffset="776" SrcFileId="13" StartOffset="441"/>
</LocList>
<HierarchyLvl HierarchyLvlId="341" HierarchyLvlTypeId="21" Intrnl_Id="467" Name="actionPerformed">
<Header>
<Loc EndOffset="529" SrcFileId="13" StartOffset="473"/>
</Header>
<LocList>
<Loc EndOffset="771" SrcFileId="13" StartOffset="473"/>
</LocList>
<StmntSeq Intrnl_Id="468">
<LocList>
<Loc EndOffset="765" SrcFileId="13" StartOffset="548"/>
</LocList>
<LoopStmnt CovItemId="S5" CovItemPrefix="csse376_puerto_rico.GoodsButton.java" Intrnl_Id="469" MltplExecId="L1-2" MltplExecPrefix="csse376_puerto_rico.GoodsButton.java" NvrExecId="L1-0" NvrExecPrefix="csse376_puerto_rico.GoodsButton.java" OnceExecutedId="L1-1" OnceExecutedPrefix="csse376_puerto_rico.GoodsButton.java" OptBodyExec="true">
<StmntSeq Intrnl_Id="470">
<LocList>
<Loc EndOffset="620" SrcFileId="13" StartOffset="597"/>
<Loc EndOffset="704" SrcFileId="13" StartOffset="628"/>
<Loc EndOffset="749" SrcFileId="13" StartOffset="712"/>
</LocList>
<BasicStmnt CovItemId="S6" CovItemPrefix="csse376_puerto_rico.GoodsButton.java" Intrnl_Id="471">
<LocList>
<Loc EndOffset="620" SrcFileId="13" StartOffset="597"/>
</LocList>
</BasicStmnt>
<BasicStmnt CovItemId="S7" CovItemPrefix="csse376_puerto_rico.GoodsButton.java" Intrnl_Id="472">
<LocList>
<Loc EndOffset="704" SrcFileId="13" StartOffset="628"/>
</LocList>
</BasicStmnt>
<BasicStmnt CovItemId="S8" CovItemPrefix="csse376_puerto_rico.GoodsButton.java" Intrnl_Id="473">
<LocList>
<Loc EndOffset="749" SrcFileId="13" StartOffset="712"/>
</LocList>
</BasicStmnt>
</StmntSeq>
<Keyword EndOffset="551" SrcFileId="13" StartOffset="548"/>
<LocList>
<Loc EndOffset="765" SrcFileId="13" StartOffset="548"/>
</LocList>
<RootTerm CovItemId="C1" CovItemPrefix="csse376_puerto_rico.GoodsButton.java" Intrnl_Id="474">
<BasicBoolTerm Intrnl_Id="475">
<LocList>
<Loc EndOffset="576" SrcFileId="13" StartOffset="560"/>
</LocList>
</BasicBoolTerm>
</RootTerm>
</LoopStmnt>
</StmntSeq>
</HierarchyLvl>
</HierarchyLvl>
</HierarchyLvl>
</HierarchyLvl>
<HierarchyLvl HierarchyLvlId="352" HierarchyLvlTypeId="20" Intrnl_Id="476" Name="GameBoardGUI">
<Header>
<Loc EndOffset="429" SrcFileId="14" StartOffset="404"/>
</Header>
<LocList>
<Loc EndOffset="4996" SrcFileId="14" StartOffset="404"/>
</LocList>
<HierarchyLvl HierarchyLvlId="345" HierarchyLvlTypeId="21" Intrnl_Id="477" Name="GameBoardGUI">
<Header>
<Loc EndOffset="665" SrcFileId="14" StartOffset="613"/>
</Header>
<LocList>
<Loc EndOffset="1953" SrcFileId="14" StartOffset="613"/>
</LocList>
<StmntSeq Intrnl_Id="478">
<LocList>
<Loc EndOffset="710" SrcFileId="14" StartOffset="671"/>
<Loc EndOffset="737" SrcFileId="14" StartOffset="714"/>
<Loc EndOffset="761" SrcFileId="14" StartOffset="741"/>
<Loc EndOffset="812" SrcFileId="14" StartOffset="765"/>
<Loc EndOffset="852" SrcFileId="14" StartOffset="816"/>
<Loc EndOffset="909" SrcFileId="14" StartOffset="856"/>
<Loc EndOffset="962" SrcFileId="14" StartOffset="913"/>
<Loc EndOffset="1021" SrcFileId="14" StartOffset="966"/>
<Loc EndOffset="1078" SrcFileId="14" StartOffset="1025"/>
<Loc EndOffset="1133" SrcFileId="14" StartOffset="1082"/>
<Loc EndOffset="1181" SrcFileId="14" StartOffset="1137"/>
<Loc EndOffset="1230" SrcFileId="14" StartOffset="1185"/>
<Loc EndOffset="1276" SrcFileId="14" StartOffset="1234"/>
<Loc EndOffset="1319" SrcFileId="14" StartOffset="1280"/>
<Loc EndOffset="1352" SrcFileId="14" StartOffset="1323"/>
<Loc EndOffset="1389" SrcFileId="14" StartOffset="1356"/>
<Loc EndOffset="1424" SrcFileId="14" StartOffset="1393"/>
<Loc EndOffset="1462" SrcFileId="14" StartOffset="1428"/>
<Loc EndOffset="1498" SrcFileId="14" StartOffset="1466"/>
<Loc EndOffset="1535" SrcFileId="14" StartOffset="1502"/>
<Loc EndOffset="1574" SrcFileId="14" StartOffset="1539"/>
<Loc EndOffset="1611" SrcFileId="14" StartOffset="1578"/>
<Loc EndOffset="1635" SrcFileId="14" StartOffset="1617"/>
<Loc EndOffset="1867" SrcFileId="14" StartOffset="1639"/>
<Loc EndOffset="1914" SrcFileId="14" StartOffset="1871"/>
<Loc EndOffset="1949" SrcFileId="14" StartOffset="1918"/>
</LocList>
<BasicStmnt CovItemId="S1" CovItemPrefix="csse376_puerto_rico.GameBoardGUI.java" Intrnl_Id="479">
<LocList>
<Loc EndOffset="710" SrcFileId="14" StartOffset="671"/>
</LocList>
</BasicStmnt>
<BasicStmnt CovItemId="S2" CovItemPrefix="csse376_puerto_rico.GameBoardGUI.java" Intrnl_Id="480">
<LocList>
<Loc EndOffset="737" SrcFileId="14" StartOffset="714"/>
</LocList>
</BasicStmnt>
<BasicStmnt CovItemId="S3" CovItemPrefix="csse376_puerto_rico.GameBoardGUI.java" Intrnl_Id="481">
<LocList>
<Loc EndOffset="761" SrcFileId="14" StartOffset="741"/>
</LocList>
</BasicStmnt>
<BasicStmnt CovItemId="S4" CovItemPrefix="csse376_puerto_rico.GameBoardGUI.java" Intrnl_Id="482">
<LocList>
<Loc EndOffset="812" SrcFileId="14" StartOffset="765"/>
</LocList>
</BasicStmnt>
<BasicStmnt CovItemId="S5" CovItemPrefix="csse376_puerto_rico.GameBoardGUI.java" Intrnl_Id="483">
<LocList>
<Loc EndOffset="852" SrcFileId="14" StartOffset="816"/>
</LocList>
</BasicStmnt>
<BasicStmnt CovItemId="S6" CovItemPrefix="csse376_puerto_rico.GameBoardGUI.java" Intrnl_Id="484">
<LocList>
<Loc EndOffset="909" SrcFileId="14" StartOffset="856"/>
</LocList>
</BasicStmnt>
<BasicStmnt CovItemId="S7" CovItemPrefix="csse376_puerto_rico.GameBoardGUI.java" Intrnl_Id="485">
<LocList>
<Loc EndOffset="962" SrcFileId="14" StartOffset="913"/>
</LocList>
</BasicStmnt>
<BasicStmnt CovItemId="S8" CovItemPrefix="csse376_puerto_rico.GameBoardGUI.java" Intrnl_Id="486">
<LocList>
<Loc EndOffset="1021" SrcFileId="14" StartOffset="966"/>
</LocList>
</BasicStmnt>
<BasicStmnt CovItemId="S9" CovItemPrefix="csse376_puerto_rico.GameBoardGUI.java" Intrnl_Id="487">
<LocList>
<Loc EndOffset="1078" SrcFileId="14" StartOffset="1025"/>
</LocList>
</BasicStmnt>
<BasicStmnt CovItemId="S10" CovItemPrefix="csse376_puerto_rico.GameBoardGUI.java" Intrnl_Id="488">
<LocList>
<Loc EndOffset="1133" SrcFileId="14" StartOffset="1082"/>
</LocList>
</BasicStmnt>
<BasicStmnt CovItemId="S11" CovItemPrefix="csse376_puerto_rico.GameBoardGUI.java" Intrnl_Id="489">
<LocList>
<Loc EndOffset="1181" SrcFileId="14" StartOffset="1137"/>
</LocList>
</BasicStmnt>
<BasicStmnt CovItemId="S12" CovItemPrefix="csse376_puerto_rico.GameBoardGUI.java" Intrnl_Id="490">
<LocList>
<Loc EndOffset="1230" SrcFileId="14" StartOffset="1185"/>
</LocList>
</BasicStmnt>
<BasicStmnt CovItemId="S13" CovItemPrefix="csse376_puerto_rico.GameBoardGUI.java" Intrnl_Id="491">
<LocList>
<Loc EndOffset="1276" SrcFileId="14" StartOffset="1234"/>
</LocList>
</BasicStmnt>
<BasicStmnt CovItemId="S14" CovItemPrefix="csse376_puerto_rico.GameBoardGUI.java" Intrnl_Id="492">
<LocList>
<Loc EndOffset="1319" SrcFileId="14" StartOffset="1280"/>
</LocList>
</BasicStmnt>
<BasicStmnt CovItemId="S15" CovItemPrefix="csse376_puerto_rico.GameBoardGUI.java" Intrnl_Id="493">
<LocList>
<Loc EndOffset="1352" SrcFileId="14" StartOffset="1323"/>
</LocList>
</BasicStmnt>
<BasicStmnt CovItemId="S16" CovItemPrefix="csse376_puerto_rico.GameBoardGUI.java" Intrnl_Id="494">
<LocList>
<Loc EndOffset="1389" SrcFileId="14" StartOffset="1356"/>
</LocList>
</BasicStmnt>
<BasicStmnt CovItemId="S17" CovItemPrefix="csse376_puerto_rico.GameBoardGUI.java" Intrnl_Id="495">
<LocList>
<Loc EndOffset="1424" SrcFileId="14" StartOffset="1393"/>
</LocList>
</BasicStmnt>
<BasicStmnt CovItemId="S18" CovItemPrefix="csse376_puerto_rico.GameBoardGUI.java" Intrnl_Id="496">
<LocList>
<Loc EndOffset="1462" SrcFileId="14" StartOffset="1428"/>
</LocList>
</BasicStmnt>
<BasicStmnt CovItemId="S19" CovItemPrefix="csse376_puerto_rico.GameBoardGUI.java" Intrnl_Id="497">
<LocList>
<Loc EndOffset="1498" SrcFileId="14" StartOffset="1466"/>
</LocList>
</BasicStmnt>
<BasicStmnt CovItemId="S20" CovItemPrefix="csse376_puerto_rico.GameBoardGUI.java" Intrnl_Id="498">
<LocList>
<Loc EndOffset="1535" SrcFileId="14" StartOffset="1502"/>
</LocList>
</BasicStmnt>
<BasicStmnt CovItemId="S21" CovItemPrefix="csse376_puerto_rico.GameBoardGUI.java" Intrnl_Id="499">
<LocList>
<Loc EndOffset="1574" SrcFileId="14" StartOffset="1539"/>
</LocList>
</BasicStmnt>
<BasicStmnt CovItemId="S22" CovItemPrefix="csse376_puerto_rico.GameBoardGUI.java" Intrnl_Id="500">
<LocList>
<Loc EndOffset="1611" SrcFileId="14" StartOffset="1578"/>
</LocList>
</BasicStmnt>
<BasicStmnt CovItemId="S23" CovItemPrefix="csse376_puerto_rico.GameBoardGUI.java" Intrnl_Id="501">
<LocList>
<Loc EndOffset="1635" SrcFileId="14" StartOffset="1617"/>
</LocList>
</BasicStmnt>
<LoopStmnt CovItemId="S24" CovItemPrefix="csse376_puerto_rico.GameBoardGUI.java" Intrnl_Id="502" MltplExecId="L1-2" MltplExecPrefix="csse376_puerto_rico.GameBoardGUI.java" NvrExecId="L1-0" NvrExecPrefix="csse376_puerto_rico.GameBoardGUI.java" OnceExecutedId="L1-1" OnceExecutedPrefix="csse376_puerto_rico.GameBoardGUI.java" OptBodyExec="true">
<StmntSeq Intrnl_Id="503">
<LocList>
<Loc EndOffset="1795" SrcFileId="14" StartOffset="1749"/>
<Loc EndOffset="1862" SrcFileId="14" StartOffset="1800"/>
</LocList>
<BasicStmnt CovItemId="S25" CovItemPrefix="csse376_puerto_rico.GameBoardGUI.java" Intrnl_Id="504">
<LocList>
<Loc EndOffset="1795" SrcFileId="14" StartOffset="1749"/>
</LocList>
</BasicStmnt>
<CondStmnt CovItemId="S26" CovItemPrefix="csse376_puerto_rico.GameBoardGUI.java" Intrnl_Id="505">
<Branch CovItemId="B1" CovItemPrefix="csse376_puerto_rico.GameBoardGUI.java" Implct="false" Intrnl_Id="506">
<Cond/>
<LocList>
<Loc EndOffset="1862" SrcFileId="14" StartOffset="1825"/>
</LocList>
<StmntSeq Intrnl_Id="507">
<LocList>
<Loc EndOffset="1856" SrcFileId="14" StartOffset="1832"/>
</LocList>
<BasicStmnt CovItemId="S27" CovItemPrefix="csse376_puerto_rico.GameBoardGUI.java" Intrnl_Id="508">
<LocList>
<Loc EndOffset="1856" SrcFileId="14" StartOffset="1832"/>
</LocList>
</BasicStmnt>
</StmntSeq>
</Branch>
<Branch CovItemId="B2" CovItemPrefix="csse376_puerto_rico.GameBoardGUI.java" Implct="true" Intrnl_Id="509">
<Cond/>
<LocList/>
<StmntSeq Intrnl_Id="510">
<LocList/>
</StmntSeq>
</Branch>
<Keyword EndOffset="1802" SrcFileId="14" StartOffset="1800"/>
<LocList>
<Loc EndOffset="1862" SrcFileId="14" StartOffset="1800"/>
</LocList>
<RootTerm CovItemId="C2" CovItemPrefix="csse376_puerto_rico.GameBoardGUI.java" Intrnl_Id="511">
<BasicBoolTerm Intrnl_Id="512">
<LocList>
<Loc EndOffset="1823" SrcFileId="14" StartOffset="1804"/>
</LocList>
</BasicBoolTerm>
</RootTerm>
</CondStmnt>
</StmntSeq>
<Keyword EndOffset="1642" SrcFileId="14" StartOffset="1639"/>
<LocList>
<Loc EndOffset="1867" SrcFileId="14" StartOffset="1639"/>
</LocList>
<RootTerm CovItemId="C1" CovItemPrefix="csse376_puerto_rico.GameBoardGUI.java" Intrnl_Id="513">
<BasicBoolTerm Intrnl_Id="514">
<LocList>
<Loc EndOffset="1740" SrcFileId="14" StartOffset="1709"/>
</LocList>
</BasicBoolTerm>
</RootTerm>
</LoopStmnt>
<BasicStmnt CovItemId="S28" CovItemPrefix="csse376_puerto_rico.GameBoardGUI.java" Intrnl_Id="515">
<LocList>
<Loc EndOffset="1914" SrcFileId="14" StartOffset="1871"/>
</LocList>
</BasicStmnt>
<BasicStmnt CovItemId="S29" CovItemPrefix="csse376_puerto_rico.GameBoardGUI.java" Intrnl_Id="516">
<LocList>
<Loc EndOffset="1949" SrcFileId="14" StartOffset="1918"/>
</LocList>
</BasicStmnt>
</StmntSeq>
</HierarchyLvl>
<HierarchyLvl HierarchyLvlId="346" HierarchyLvlTypeId="21" Intrnl_Id="517" Name="addPlayerCards">
<Header>
<Loc EndOffset="2299" SrcFileId="14" StartOffset="2241"/>
</Header>
<LocList>
<Loc EndOffset="2746" SrcFileId="14" StartOffset="2241"/>
</LocList>
<StmntSeq Intrnl_Id="518">
<LocList>
<Loc EndOffset="2362" SrcFileId="14" StartOffset="2305"/>
<Loc EndOffset="2682" SrcFileId="14" StartOffset="2366"/>
<Loc EndOffset="2718" SrcFileId="14" StartOffset="2686"/>
<Loc EndOffset="2742" SrcFileId="14" StartOffset="2722"/>
</LocList>
<BasicStmnt CovItemId="S30" CovItemPrefix="csse376_puerto_rico.GameBoardGUI.java" Intrnl_Id="519">
<LocList>
<Loc EndOffset="2362" SrcFileId="14" StartOffset="2305"/>
</LocList>
</BasicStmnt>
<LoopStmnt CovItemId="S31" CovItemPrefix="csse376_puerto_rico.GameBoardGUI.java" Intrnl_Id="520" MltplExecId="L2-2" MltplExecPrefix="csse376_puerto_rico.GameBoardGUI.java" NvrExecId="L2-0" NvrExecPrefix="csse376_puerto_rico.GameBoardGUI.java" OnceExecutedId="L2-1" OnceExecutedPrefix="csse376_puerto_rico.GameBoardGUI.java" OptBodyExec="true">
<StmntSeq Intrnl_Id="521">
<LocList>
<Loc EndOffset="2446" SrcFileId="14" StartOffset="2410"/>
<Loc EndOffset="2486" SrcFileId="14" StartOffset="2451"/>
<Loc EndOffset="2523" SrcFileId="14" StartOffset="2491"/>
<Loc EndOffset="2569" SrcFileId="14" StartOffset="2528"/>
<Loc EndOffset="2606" SrcFileId="14" StartOffset="2574"/>
<Loc EndOffset="2677" SrcFileId="14" StartOffset="2611"/>
</LocList>
<BasicStmnt CovItemId="S32" CovItemPrefix="csse376_puerto_rico.GameBoardGUI.java" Intrnl_Id="522">
<LocList>
<Loc EndOffset="2446" SrcFileId="14" StartOffset="2410"/>
</LocList>
</BasicStmnt>
<BasicStmnt CovItemId="S33" CovItemPrefix="csse376_puerto_rico.GameBoardGUI.java" Intrnl_Id="523">
<LocList>
<Loc EndOffset="2486" SrcFileId="14" StartOffset="2451"/>
</LocList>
</BasicStmnt>
<BasicStmnt CovItemId="S34" CovItemPrefix="csse376_puerto_rico.GameBoardGUI.java" Intrnl_Id="524">
<LocList>
<Loc EndOffset="2523" SrcFileId="14" StartOffset="2491"/>
</LocList>
</BasicStmnt>
<BasicStmnt CovItemId="S35" CovItemPrefix="csse376_puerto_rico.GameBoardGUI.java" Intrnl_Id="525">
<LocList>
<Loc EndOffset="2569" SrcFileId="14" StartOffset="2528"/>
</LocList>
</BasicStmnt>
<BasicStmnt CovItemId="S36" CovItemPrefix="csse376_puerto_rico.GameBoardGUI.java" Intrnl_Id="526">
<LocList>
<Loc EndOffset="2606" SrcFileId="14" StartOffset="2574"/>
</LocList>
</BasicStmnt>
<BasicStmnt CovItemId="S37" CovItemPrefix="csse376_puerto_rico.GameBoardGUI.java" Intrnl_Id="527">
<LocList>
<Loc EndOffset="2677" SrcFileId="14" StartOffset="2611"/>
</LocList>
</BasicStmnt>
</StmntSeq>
<Keyword EndOffset="2369" SrcFileId="14" StartOffset="2366"/>
<LocList>
<Loc EndOffset="2682" SrcFileId="14" StartOffset="2366"/>
</LocList>
<RootTerm CovItemId="C3" CovItemPrefix="csse376_puerto_rico.GameBoardGUI.java" Intrnl_Id="528">
<BasicBoolTerm Intrnl_Id="529">
<LocList>
<Loc EndOffset="2398" SrcFileId="14" StartOffset="2381"/>
</LocList>
</BasicBoolTerm>
</RootTerm>
</LoopStmnt>
<BasicStmnt CovItemId="S38" CovItemPrefix="csse376_puerto_rico.GameBoardGUI.java" Intrnl_Id="530">
<LocList>
<Loc EndOffset="2718" SrcFileId="14" StartOffset="2686"/>
</LocList>
</BasicStmnt>
<BasicStmnt CovItemId="S39" CovItemPrefix="csse376_puerto_rico.GameBoardGUI.java" Intrnl_Id="531">
<LocList>
<Loc EndOffset="2742" SrcFileId="14" StartOffset="2722"/>
</LocList>
</BasicStmnt>
</StmntSeq>
</HierarchyLvl>
<HierarchyLvl HierarchyLvlId="347" HierarchyLvlTypeId="21" Intrnl_Id="532" Name="addPlayers">
<Header>
<Loc EndOffset="2802" SrcFileId="14" StartOffset="2751"/>
</Header>
<LocList>
<Loc EndOffset="3319" SrcFileId="14" StartOffset="2751"/>
</LocList>
<StmntSeq Intrnl_Id="533">
<LocList>
<Loc EndOffset="2845" SrcFileId="14" StartOffset="2808"/>
<Loc EndOffset="3271" SrcFileId="14" StartOffset="2849"/>
<Loc EndOffset="3289" SrcFileId="14" StartOffset="3275"/>
<Loc EndOffset="3315" SrcFileId="14" StartOffset="3295"/>
</LocList>
<BasicStmnt CovItemId="S40" CovItemPrefix="csse376_puerto_rico.GameBoardGUI.java" Intrnl_Id="534">
<LocList>
<Loc EndOffset="2845" SrcFileId="14" StartOffset="2808"/>
</LocList>
</BasicStmnt>
<LoopStmnt CovItemId="S41" CovItemPrefix="csse376_puerto_rico.GameBoardGUI.java" Intrnl_Id="535" MltplExecId="L3-2" MltplExecPrefix="csse376_puerto_rico.GameBoardGUI.java" NvrExecId="L3-0" NvrExecPrefix="csse376_puerto_rico.GameBoardGUI.java" OnceExecutedId="L3-1" OnceExecutedPrefix="csse376_puerto_rico.GameBoardGUI.java" OptBodyExec="true">
<StmntSeq Intrnl_Id="536">
<LocList>
<Loc EndOffset="2921" SrcFileId="14" StartOffset="2897"/>
<Loc EndOffset="2971" SrcFileId="14" StartOffset="2926"/>
<Loc EndOffset="3131" SrcFileId="14" StartOffset="2976"/>
<Loc EndOffset="3151" SrcFileId="14" StartOffset="3136"/>
<Loc EndOffset="3175" SrcFileId="14" StartOffset="3156"/>
<Loc EndOffset="3194" SrcFileId="14" StartOffset="3180"/>
<Loc EndOffset="3219" SrcFileId="14" StartOffset="3199"/>
<Loc EndOffset="3264" SrcFileId="14" StartOffset="3224"/>
</LocList>
<BasicStmnt CovItemId="S42" CovItemPrefix="csse376_puerto_rico.GameBoardGUI.java" Intrnl_Id="537">
<LocList>
<Loc EndOffset="2921" SrcFileId="14" StartOffset="2897"/>
</LocList>
</BasicStmnt>
<CondStmnt CovItemId="S43" CovItemPrefix="csse376_puerto_rico.GameBoardGUI.java" Intrnl_Id="538">
<Branch CovItemId="B3" CovItemPrefix="csse376_puerto_rico.GameBoardGUI.java" Implct="false" Intrnl_Id="539">
<Cond/>
<LocList>
<Loc EndOffset="2971" SrcFileId="14" StartOffset="2938"/>
</LocList>
<StmntSeq Intrnl_Id="540">
<LocList>
<Loc EndOffset="2965" SrcFileId="14" StartOffset="2945"/>
</LocList>
<BasicStmnt CovItemId="S44" CovItemPrefix="csse376_puerto_rico.GameBoardGUI.java" Intrnl_Id="541">
<LocList>
<Loc EndOffset="2965" SrcFileId="14" StartOffset="2945"/>
</LocList>
</BasicStmnt>
</StmntSeq>
</Branch>
<Branch CovItemId="B4" CovItemPrefix="csse376_puerto_rico.GameBoardGUI.java" Implct="true" Intrnl_Id="542">
<Cond/>
<LocList/>
<StmntSeq Intrnl_Id="543">
<LocList/>
</StmntSeq>
</Branch>
<Keyword EndOffset="2928" SrcFileId="14" StartOffset="2926"/>
<LocList>
<Loc EndOffset="2971" SrcFileId="14" StartOffset="2926"/>
</LocList>
<RootTerm CovItemId="C5" CovItemPrefix="csse376_puerto_rico.GameBoardGUI.java" Intrnl_Id="544">
<BasicBoolTerm Intrnl_Id="545">
<LocList>
<Loc EndOffset="2936" SrcFileId="14" StartOffset="2930"/>
</LocList>
</BasicBoolTerm>
</RootTerm>
</CondStmnt>
<BasicStmnt CovItemId="S45" CovItemPrefix="csse376_puerto_rico.GameBoardGUI.java" Intrnl_Id="546">
<LocList>
<Loc EndOffset="3131" SrcFileId="14" StartOffset="2976"/>
</LocList>
</BasicStmnt>
<BasicStmnt CovItemId="S46" CovItemPrefix="csse376_puerto_rico.GameBoardGUI.java" Intrnl_Id="547">
<LocList>
<Loc EndOffset="3151" SrcFileId="14" StartOffset="3136"/>
</LocList>
</BasicStmnt>
<BasicStmnt CovItemId="S47" CovItemPrefix="csse376_puerto_rico.GameBoardGUI.java" Intrnl_Id="548">
<LocList>
<Loc EndOffset="3175" SrcFileId="14" StartOffset="3156"/>
</LocList>
</BasicStmnt>
<BasicStmnt CovItemId="S48" CovItemPrefix="csse376_puerto_rico.GameBoardGUI.java" Intrnl_Id="549">
<LocList>
<Loc EndOffset="3194" SrcFileId="14" StartOffset="3180"/>
</LocList>
</BasicStmnt>
<BasicStmnt CovItemId="S49" CovItemPrefix="csse376_puerto_rico.GameBoardGUI.java" Intrnl_Id="550">
<LocList>
<Loc EndOffset="3219" SrcFileId="14" StartOffset="3199"/>
</LocList>
</BasicStmnt>
<BasicStmnt CovItemId="S50" CovItemPrefix="csse376_puerto_rico.GameBoardGUI.java" Intrnl_Id="551">
<LocList>
<Loc EndOffset="3264" SrcFileId="14" StartOffset="3224"/>
</LocList>
</BasicStmnt>
</StmntSeq>
<Keyword EndOffset="2852" SrcFileId="14" StartOffset="2849"/>
<LocList>
<Loc EndOffset="3271" SrcFileId="14" StartOffset="2849"/>
</LocList>
<RootTerm CovItemId="C4" CovItemPrefix="csse376_puerto_rico.GameBoardGUI.java" Intrnl_Id="552">
<BasicBoolTerm Intrnl_Id="553">
<LocList>
<Loc EndOffset="2884" SrcFileId="14" StartOffset="2865"/>
</LocList>
</BasicBoolTerm>
</RootTerm>
</LoopStmnt>
<BasicStmnt CovItemId="S51" CovItemPrefix="csse376_puerto_rico.GameBoardGUI.java" Intrnl_Id="554">
<LocList>
<Loc EndOffset="3289" SrcFileId="14" StartOffset="3275"/>
</LocList>
</BasicStmnt>
<BasicStmnt CovItemId="S52" CovItemPrefix="csse376_puerto_rico.GameBoardGUI.java" Intrnl_Id="555">
<LocList>
<Loc EndOffset="3315" SrcFileId="14" StartOffset="3295"/>
</LocList>
</BasicStmnt>
</StmntSeq>
</HierarchyLvl>
<HierarchyLvl HierarchyLvlId="348" HierarchyLvlTypeId="21" Intrnl_Id="556" Name="getPlayers">
<Header>
<Loc EndOffset="3356" SrcFileId="14" StartOffset="3324"/>
</Header>
<LocList>
<Loc EndOffset="3386" SrcFileId="14" StartOffset="3324"/>
</LocList>
<StmntSeq Intrnl_Id="557">
<LocList>
<Loc EndOffset="3382" SrcFileId="14" StartOffset="3362"/>
</LocList>
<BasicStmnt CovItemId="S53" CovItemPrefix="csse376_puerto_rico.GameBoardGUI.java" Intrnl_Id="558">
<LocList>
<Loc EndOffset="3382" SrcFileId="14" StartOffset="3362"/>
</LocList>
</BasicStmnt>
</StmntSeq>
</HierarchyLvl>
<HierarchyLvl HierarchyLvlId="349" HierarchyLvlTypeId="21" Intrnl_Id="559" Name="getTurnCount">
<Header>
<Loc EndOffset="3424" SrcFileId="14" StartOffset="3392"/>
</Header>
<LocList>
<Loc EndOffset="3453" SrcFileId="14" StartOffset="3392"/>
</LocList>
<StmntSeq Intrnl_Id="560">
<LocList>
<Loc EndOffset="3449" SrcFileId="14" StartOffset="3432"/>
</LocList>
<BasicStmnt CovItemId="S54" CovItemPrefix="csse376_puerto_rico.GameBoardGUI.java" Intrnl_Id="561">
<LocList>
<Loc EndOffset="3449" SrcFileId="14" StartOffset="3432"/>
</LocList>
</BasicStmnt>
</StmntSeq>
</HierarchyLvl>
<HierarchyLvl HierarchyLvlId="350" HierarchyLvlTypeId="21" Intrnl_Id="562" Name="getPlayerText">
<Header>
<Loc EndOffset="3586" SrcFileId="14" StartOffset="3458"/>
</Header>
<LocList>
<Loc EndOffset="3974" SrcFileId="14" StartOffset="3458"/>
</LocList>
<StmntSeq Intrnl_Id="563">
<LocList>
<Loc EndOffset="3610" SrcFileId="14" StartOffset="3592"/>
<Loc EndOffset="3955" SrcFileId="14" StartOffset="3614"/>
<Loc EndOffset="3970" SrcFileId="14" StartOffset="3959"/>
</LocList>
<BasicStmnt CovItemId="S55" CovItemPrefix="csse376_puerto_rico.GameBoardGUI.java" Intrnl_Id="564">
<LocList>
<Loc EndOffset="3610" SrcFileId="14" StartOffset="3592"/>
</LocList>
</BasicStmnt>
<CondStmnt CovItemId="S56" CovItemPrefix="csse376_puerto_rico.GameBoardGUI.java" Intrnl_Id="565">
<Branch CovItemId="B5" CovItemPrefix="csse376_puerto_rico.GameBoardGUI.java" Implct="false" Intrnl_Id="566">
<Cond/>
<LocList>
<Loc EndOffset="3795" SrcFileId="14" StartOffset="3630"/>
</LocList>
<StmntSeq Intrnl_Id="567">
<LocList>
<Loc EndOffset="3788" SrcFileId="14" StartOffset="3636"/>
</LocList>
<BasicStmnt CovItemId="S57" CovItemPrefix="csse376_puerto_rico.GameBoardGUI.java" Intrnl_Id="568">
<LocList>
<Loc EndOffset="3788" SrcFileId="14" StartOffset="3636"/>
</LocList>
</BasicStmnt>
</StmntSeq>
</Branch>
<Branch CovItemId="B6" CovItemPrefix="csse376_puerto_rico.GameBoardGUI.java" Implct="false" Intrnl_Id="569">
<Cond>
<Loc EndOffset="3800" SrcFileId="14" StartOffset="3796"/>
</Cond>
<LocList>
<Loc EndOffset="3955" SrcFileId="14" StartOffset="3801"/>
</LocList>
<StmntSeq Intrnl_Id="570">
<LocList>
<Loc EndOffset="3948" SrcFileId="14" StartOffset="3807"/>
</LocList>
<BasicStmnt CovItemId="S58" CovItemPrefix="csse376_puerto_rico.GameBoardGUI.java" Intrnl_Id="571">
<LocList>
<Loc EndOffset="3948" SrcFileId="14" StartOffset="3807"/>
</LocList>
</BasicStmnt>
</StmntSeq>
</Branch>
<Keyword EndOffset="3616" SrcFileId="14" StartOffset="3614"/>
<LocList>
<Loc EndOffset="3955" SrcFileId="14" StartOffset="3614"/>
</LocList>
<RootTerm CovItemId="C6" CovItemPrefix="csse376_puerto_rico.GameBoardGUI.java" Intrnl_Id="572">
<BasicBoolTerm Intrnl_Id="573">
<LocList>
<Loc EndOffset="3628" SrcFileId="14" StartOffset="3618"/>
</LocList>
</BasicBoolTerm>
</RootTerm>
</CondStmnt>
<BasicStmnt CovItemId="S59" CovItemPrefix="csse376_puerto_rico.GameBoardGUI.java" Intrnl_Id="574">
<LocList>
<Loc EndOffset="3970" SrcFileId="14" StartOffset="3959"/>
</LocList>
</BasicStmnt>
</StmntSeq>
</HierarchyLvl>
<HierarchyLvl HierarchyLvlId="351" HierarchyLvlTypeId="21" Intrnl_Id="575" Name="updateRoles">
<Header>
<Loc EndOffset="4004" SrcFileId="14" StartOffset="3979"/>
</Header>
<LocList>
<Loc EndOffset="4993" SrcFileId="14" StartOffset="3979"/>
</LocList>
<StmntSeq Intrnl_Id="576">
<LocList>
<Loc EndOffset="4989" SrcFileId="14" StartOffset="4010"/>
</LocList>
<LoopStmnt CovItemId="S60" CovItemPrefix="csse376_puerto_rico.GameBoardGUI.java" Intrnl_Id="577" MltplExecId="L4-2" MltplExecPrefix="csse376_puerto_rico.GameBoardGUI.java" NvrExecId="L4-0" NvrExecPrefix="csse376_puerto_rico.GameBoardGUI.java" OnceExecutedId="L4-1" OnceExecutedPrefix="csse376_puerto_rico.GameBoardGUI.java" OptBodyExec="true">
<StmntSeq Intrnl_Id="578">
<LocList>
<Loc EndOffset="4098" SrcFileId="14" StartOffset="4062"/>
<Loc EndOffset="4150" SrcFileId="14" StartOffset="4103"/>
<Loc EndOffset="4382" SrcFileId="14" StartOffset="4155"/>
<Loc EndOffset="4529" SrcFileId="14" StartOffset="4480"/>
<Loc EndOffset="4585" SrcFileId="14" StartOffset="4534"/>
<Loc EndOffset="4676" SrcFileId="14" StartOffset="4590"/>
<Loc EndOffset="4765" SrcFileId="14" StartOffset="4681"/>
<Loc EndOffset="4804" SrcFileId="14" StartOffset="4770"/>
<Loc EndOffset="4841" SrcFileId="14" StartOffset="4809"/>
<Loc EndOffset="4984" SrcFileId="14" StartOffset="4846"/>
</LocList>
<BasicStmnt CovItemId="S61" CovItemPrefix="csse376_puerto_rico.GameBoardGUI.java" Intrnl_Id="579">
<LocList>
<Loc EndOffset="4098" SrcFileId="14" StartOffset="4062"/>
</LocList>
</BasicStmnt>
<BasicStmnt CovItemId="S62" CovItemPrefix="csse376_puerto_rico.GameBoardGUI.java" Intrnl_Id="580">
<LocList>
<Loc EndOffset="4150" SrcFileId="14" StartOffset="4103"/>
</LocList>
</BasicStmnt>
<BasicStmnt CovItemId="S63" CovItemPrefix="csse376_puerto_rico.GameBoardGUI.java" Intrnl_Id="581">
<LocList>
<Loc EndOffset="4382" SrcFileId="14" StartOffset="4155"/>
</LocList>
</BasicStmnt>
<BasicStmnt CovItemId="S64" CovItemPrefix="csse376_puerto_rico.GameBoardGUI.java" Intrnl_Id="582">
<LocList>
<Loc EndOffset="4529" SrcFileId="14" StartOffset="4480"/>
</LocList>
</BasicStmnt>
<BasicStmnt CovItemId="S65" CovItemPrefix="csse376_puerto_rico.GameBoardGUI.java" Intrnl_Id="583">
<LocList>
<Loc EndOffset="4585" SrcFileId="14" StartOffset="4534"/>
</LocList>
</BasicStmnt>
<LoopStmnt CovItemId="S66" CovItemPrefix="csse376_puerto_rico.GameBoardGUI.java" Intrnl_Id="584" MltplExecId="L5-2" MltplExecPrefix="csse376_puerto_rico.GameBoardGUI.java" NvrExecId="L5-0" NvrExecPrefix="csse376_puerto_rico.GameBoardGUI.java" OnceExecutedId="L5-1" OnceExecutedPrefix="csse376_puerto_rico.GameBoardGUI.java" OptBodyExec="true">
<StmntSeq Intrnl_Id="585">
<LocList>
<Loc EndOffset="4670" SrcFileId="14" StartOffset="4640"/>
</LocList>
<BasicStmnt CovItemId="S67" CovItemPrefix="csse376_puerto_rico.GameBoardGUI.java" Intrnl_Id="586">
<LocList>
<Loc EndOffset="4670" SrcFileId="14" StartOffset="4640"/>
</LocList>
</BasicStmnt>
</StmntSeq>
<Keyword EndOffset="4593" SrcFileId="14" StartOffset="4590"/>
<LocList>
<Loc EndOffset="4676" SrcFileId="14" StartOffset="4590"/>
</LocList>
</LoopStmnt>
<LoopStmnt CovItemId="S68" CovItemPrefix="csse376_puerto_rico.GameBoardGUI.java" Intrnl_Id="587" MltplExecId="L6-2" MltplExecPrefix="csse376_puerto_rico.GameBoardGUI.java" NvrExecId="L6-0" NvrExecPrefix="csse376_puerto_rico.GameBoardGUI.java" OnceExecutedId="L6-1" OnceExecutedPrefix="csse376_puerto_rico.GameBoardGUI.java" OptBodyExec="true">
<StmntSeq Intrnl_Id="588">
<LocList>
<Loc EndOffset="4759" SrcFileId="14" StartOffset="4727"/>
</LocList>
<BasicStmnt CovItemId="S69" CovItemPrefix="csse376_puerto_rico.GameBoardGUI.java" Intrnl_Id="589">
<LocList>
<Loc EndOffset="4759" SrcFileId="14" StartOffset="4727"/>
</LocList>
</BasicStmnt>
</StmntSeq>
<Keyword EndOffset="4684" SrcFileId="14" StartOffset="4681"/>
<LocList>
<Loc EndOffset="4765" SrcFileId="14" StartOffset="4681"/>
</LocList>
</LoopStmnt>
<BasicStmnt CovItemId="S70" CovItemPrefix="csse376_puerto_rico.GameBoardGUI.java" Intrnl_Id="590">
<LocList>
<Loc EndOffset="4804" SrcFileId="14" StartOffset="4770"/>
</LocList>
</BasicStmnt>
<BasicStmnt CovItemId="S71" CovItemPrefix="csse376_puerto_rico.GameBoardGUI.java" Intrnl_Id="591">
<LocList>
<Loc EndOffset="4841" SrcFileId="14" StartOffset="4809"/>
</LocList>
</BasicStmnt>
<BasicStmnt CovItemId="S72" CovItemPrefix="csse376_puerto_rico.GameBoardGUI.java" Intrnl_Id="592">
<LocList>
<Loc EndOffset="4984" SrcFileId="14" StartOffset="4846"/>
</LocList>
</BasicStmnt>
</StmntSeq>
<Keyword EndOffset="4013" SrcFileId="14" StartOffset="4010"/>
<LocList>
<Loc EndOffset="4989" SrcFileId="14" StartOffset="4010"/>
</LocList>
<RootTerm CovItemId="C7" CovItemPrefix="csse376_puerto_rico.GameBoardGUI.java" Intrnl_Id="593">
<BasicBoolTerm Intrnl_Id="594">
<LocList>
<Loc EndOffset="4049" SrcFileId="14" StartOffset="4026"/>
</LocList>
</BasicBoolTerm>
</RootTerm>
</LoopStmnt>
</StmntSeq>
</HierarchyLvl>
</HierarchyLvl>
<HierarchyLvl HierarchyLvlId="355" HierarchyLvlTypeId="20" Intrnl_Id="595" Name="ButtonHandler">
<Header>
<Loc EndOffset="224" SrcFileId="15" StartOffset="172"/>
</Header>
<LocList>
<Loc EndOffset="790" SrcFileId="15" StartOffset="172"/>
</LocList>
<HierarchyLvl HierarchyLvlId="353" HierarchyLvlTypeId="21" Intrnl_Id="596" Name="ButtonHandler">
<Header>
<Loc EndOffset="345" SrcFileId="15" StartOffset="292"/>
</Header>
<LocList>
<Loc EndOffset="402" SrcFileId="15" StartOffset="292"/>
</LocList>
<StmntSeq Intrnl_Id="597">
<LocList>
<Loc EndOffset="374" SrcFileId="15" StartOffset="351"/>
<Loc EndOffset="398" SrcFileId="15" StartOffset="378"/>
</LocList>
<BasicStmnt CovItemId="S1" CovItemPrefix="csse376_puerto_rico.ButtonHandler.java" Intrnl_Id="598">
<LocList>
<Loc EndOffset="374" SrcFileId="15" StartOffset="351"/>
</LocList>
</BasicStmnt>
<BasicStmnt CovItemId="S2" CovItemPrefix="csse376_puerto_rico.ButtonHandler.java" Intrnl_Id="599">
<LocList>
<Loc EndOffset="398" SrcFileId="15" StartOffset="378"/>
</LocList>
</BasicStmnt>
</StmntSeq>
</HierarchyLvl>
<HierarchyLvl HierarchyLvlId="354" HierarchyLvlTypeId="21" Intrnl_Id="600" Name="actionPerformed">
<Header>
<Loc EndOffset="462" SrcFileId="15" StartOffset="407"/>
</Header>
<LocList>
<Loc EndOffset="785" SrcFileId="15" StartOffset="407"/>
</LocList>
<StmntSeq Intrnl_Id="601">
<LocList>
<Loc EndOffset="506" SrcFileId="15" StartOffset="468"/>
<Loc EndOffset="781" SrcFileId="15" StartOffset="510"/>
</LocList>
<BasicStmnt CovItemId="S3" CovItemPrefix="csse376_puerto_rico.ButtonHandler.java" Intrnl_Id="602">
<LocList>
<Loc EndOffset="506" SrcFileId="15" StartOffset="468"/>
</LocList>
</BasicStmnt>
<CondStmnt CovItemId="S4" CovItemPrefix="csse376_puerto_rico.ButtonHandler.java" Intrnl_Id="603">
<Branch CovItemId="B1" CovItemPrefix="csse376_puerto_rico.ButtonHandler.java" Implct="false" Intrnl_Id="604">
<Cond/>
<LocList>
<Loc EndOffset="561" SrcFileId="15" StartOffset="535"/>
</LocList>
<StmntSeq Intrnl_Id="605">
<LocList>
<Loc EndOffset="556" SrcFileId="15" StartOffset="541"/>
</LocList>
<BasicStmnt CovItemId="S5" CovItemPrefix="csse376_puerto_rico.ButtonHandler.java" Intrnl_Id="606">
<LocList>
<Loc EndOffset="556" SrcFileId="15" StartOffset="541"/>
</LocList>
</BasicStmnt>
</StmntSeq>
</Branch>
<Branch CovItemId="B2" CovItemPrefix="csse376_puerto_rico.ButtonHandler.java" Implct="false" Intrnl_Id="607">
<Cond>
<Loc EndOffset="565" SrcFileId="15" StartOffset="561"/>
</Cond>
<LocList>
<Loc EndOffset="781" SrcFileId="15" StartOffset="566"/>
</LocList>
<StmntSeq Intrnl_Id="608">
<LocList>
<Loc EndOffset="781" SrcFileId="15" StartOffset="566"/>
</LocList>
<CondStmnt CovItemId="S6" CovItemPrefix="csse376_puerto_rico.ButtonHandler.java" Intrnl_Id="609">
<Branch CovItemId="B3" CovItemPrefix="csse376_puerto_rico.ButtonHandler.java" Implct="false" Intrnl_Id="610">
<Cond/>
<LocList>
<Loc EndOffset="646" SrcFileId="15" StartOffset="595"/>
</LocList>
<StmntSeq Intrnl_Id="611">
<LocList>
<Loc EndOffset="641" SrcFileId="15" StartOffset="601"/>
</LocList>
<BasicStmnt CovItemId="S7" CovItemPrefix="csse376_puerto_rico.ButtonHandler.java" Intrnl_Id="612">
<LocList>
<Loc EndOffset="641" SrcFileId="15" StartOffset="601"/>
</LocList>
</BasicStmnt>
</StmntSeq>
</Branch>
<Branch CovItemId="B4" CovItemPrefix="csse376_puerto_rico.ButtonHandler.java" Implct="false" Intrnl_Id="613">
<Cond>
<Loc EndOffset="650" SrcFileId="15" StartOffset="646"/>
</Cond>
<LocList>
<Loc EndOffset="781" SrcFileId="15" StartOffset="651"/>
</LocList>
<StmntSeq Intrnl_Id="614">
<LocList>
<Loc EndOffset="781" SrcFileId="15" StartOffset="651"/>
</LocList>
<CondStmnt CovItemId="S8" CovItemPrefix="csse376_puerto_rico.ButtonHandler.java" Intrnl_Id="615">
<Branch CovItemId="B5" CovItemPrefix="csse376_puerto_rico.ButtonHandler.java" Implct="false" Intrnl_Id="616">
<Cond/>
<LocList>
<Loc EndOffset="734" SrcFileId="15" StartOffset="677"/>
</LocList>
<StmntSeq Intrnl_Id="617">
<LocList>
<Loc EndOffset="729" SrcFileId="15" StartOffset="683"/>
</LocList>
<BasicStmnt CovItemId="S9" CovItemPrefix="csse376_puerto_rico.ButtonHandler.java" Intrnl_Id="618">
<LocList>
<Loc EndOffset="729" SrcFileId="15" StartOffset="683"/>
</LocList>
</BasicStmnt>
</StmntSeq>
</Branch>
<Branch CovItemId="B6" CovItemPrefix="csse376_puerto_rico.ButtonHandler.java" Implct="false" Intrnl_Id="619">
<Cond>
<Loc EndOffset="738" SrcFileId="15" StartOffset="734"/>
</Cond>
<LocList>
<Loc EndOffset="781" SrcFileId="15" StartOffset="739"/>
</LocList>
<StmntSeq Intrnl_Id="620">
<LocList>
<Loc EndOffset="781" SrcFileId="15" StartOffset="739"/>
</LocList>
<CondStmnt CovItemId="S10" CovItemPrefix="csse376_puerto_rico.ButtonHandler.java" Intrnl_Id="621">
<Branch CovItemId="B7" CovItemPrefix="csse376_puerto_rico.ButtonHandler.java" Implct="false" Intrnl_Id="622">
<Cond/>
<LocList>
<Loc EndOffset="781" SrcFileId="15" StartOffset="770"/>
</LocList>
<StmntSeq Intrnl_Id="623">
<LocList/>
</StmntSeq>
</Branch>
<Branch CovItemId="B8" CovItemPrefix="csse376_puerto_rico.ButtonHandler.java" Implct="true" Intrnl_Id="624">
<Cond/>
<LocList/>
<StmntSeq Intrnl_Id="625">
<LocList/>
</StmntSeq>
</Branch>
<Keyword EndOffset="741" SrcFileId="15" StartOffset="739"/>
<LocList>
<Loc EndOffset="781" SrcFileId="15" StartOffset="739"/>
</LocList>
<RootTerm CovItemId="C4" CovItemPrefix="csse376_puerto_rico.ButtonHandler.java" Intrnl_Id="626">
<BasicBoolTerm Intrnl_Id="627">
<LocList>
<Loc EndOffset="769" SrcFileId="15" StartOffset="742"/>
</LocList>
</BasicBoolTerm>
</RootTerm>
</CondStmnt>
</StmntSeq>
</Branch>
<Keyword EndOffset="653" SrcFileId="15" StartOffset="651"/>
<LocList>
<Loc EndOffset="781" SrcFileId="15" StartOffset="651"/>
</LocList>
<RootTerm CovItemId="C3" CovItemPrefix="csse376_puerto_rico.ButtonHandler.java" Intrnl_Id="628">
<BasicBoolTerm Intrnl_Id="629">
<LocList>
<Loc EndOffset="676" SrcFileId="15" StartOffset="654"/>
</LocList>
</BasicBoolTerm>
</RootTerm>
</CondStmnt>
</StmntSeq>
</Branch>
<Keyword EndOffset="568" SrcFileId="15" StartOffset="566"/>
<LocList>
<Loc EndOffset="781" SrcFileId="15" StartOffset="566"/>
</LocList>
<RootTerm CovItemId="C2" CovItemPrefix="csse376_puerto_rico.ButtonHandler.java" Intrnl_Id="630">
<BasicBoolTerm Intrnl_Id="631">
<LocList>
<Loc EndOffset="594" SrcFileId="15" StartOffset="569"/>
</LocList>
</BasicBoolTerm>
</RootTerm>
</CondStmnt>
</StmntSeq>
</Branch>
<Keyword EndOffset="512" SrcFileId="15" StartOffset="510"/>
<LocList>
<Loc EndOffset="781" SrcFileId="15" StartOffset="510"/>
</LocList>
<RootTerm CovItemId="C1" CovItemPrefix="csse376_puerto_rico.ButtonHandler.java" Intrnl_Id="632">
<BasicBoolTerm Intrnl_Id="633">
<LocList>
<Loc EndOffset="534" SrcFileId="15" StartOffset="513"/>
</LocList>
</BasicBoolTerm>
</RootTerm>
</CondStmnt>
</StmntSeq>
</HierarchyLvl>
</HierarchyLvl>
<HierarchyLvl HierarchyLvlId="360" HierarchyLvlTypeId="20" Intrnl_Id="634" Name="Buildings">
<Header>
<Loc EndOffset="135" SrcFileId="16" StartOffset="113"/>
</Header>
<LocList>
<Loc EndOffset="650" SrcFileId="16" StartOffset="113"/>
<Loc EndOffset="1160" SrcFileId="16" StartOffset="1157"/>
</LocList>
<HierarchyLvl HierarchyLvlId="356" HierarchyLvlTypeId="21" Intrnl_Id="635" Name="Buildings">
<Header>
<Loc EndOffset="203" SrcFileId="16" StartOffset="185"/>
</Header>
<LocList>
<Loc EndOffset="570" SrcFileId="16" StartOffset="185"/>
</LocList>
<StmntSeq Intrnl_Id="636">
<LocList>
<Loc EndOffset="247" SrcFileId="16" StartOffset="209"/>
<Loc EndOffset="461" SrcFileId="16" StartOffset="253"/>
<Loc EndOffset="564" SrcFileId="16" StartOffset="485"/>
</LocList>
<BasicStmnt CovItemId="S1" CovItemPrefix="csse376_puerto_rico.Buildings.java" Intrnl_Id="637">
<LocList>
<Loc EndOffset="247" SrcFileId="16" StartOffset="209"/>
</LocList>
</BasicStmnt>
<BasicStmnt CovItemId="S2" CovItemPrefix="csse376_puerto_rico.Buildings.java" Intrnl_Id="638">
<LocList>
<Loc EndOffset="461" SrcFileId="16" StartOffset="253"/>
</LocList>
</BasicStmnt>
<LoopStmnt CovItemId="S3" CovItemPrefix="csse376_puerto_rico.Buildings.java" Intrnl_Id="639" MltplExecId="L1-2" MltplExecPrefix="csse376_puerto_rico.Buildings.java" NvrExecId="L1-0" NvrExecPrefix="csse376_puerto_rico.Buildings.java" OnceExecutedId="L1-1" OnceExecutedPrefix="csse376_puerto_rico.Buildings.java" OptBodyExec="true">
<StmntSeq Intrnl_Id="640">
<LocList>
<Loc EndOffset="559" SrcFileId="16" StartOffset="525"/>
</LocList>
<BasicStmnt CovItemId="S4" CovItemPrefix="csse376_puerto_rico.Buildings.java" Intrnl_Id="641">
<LocList>
<Loc EndOffset="559" SrcFileId="16" StartOffset="525"/>
</LocList>
</BasicStmnt>
</StmntSeq>
<Keyword EndOffset="488" SrcFileId="16" StartOffset="485"/>
<LocList>
<Loc EndOffset="564" SrcFileId="16" StartOffset="485"/>
</LocList>
</LoopStmnt>
</StmntSeq>
</HierarchyLvl>
<HierarchyLvl HierarchyLvlId="357" HierarchyLvlTypeId="21" Intrnl_Id="642" Name="getBuildings">
<Header>
<Loc EndOffset="616" SrcFileId="16" StartOffset="575"/>
</Header>
<LocList>
<Loc EndOffset="645" SrcFileId="16" StartOffset="575"/>
</LocList>
<StmntSeq Intrnl_Id="643">
<LocList>
<Loc EndOffset="641" SrcFileId="16" StartOffset="624"/>
</LocList>
<BasicStmnt CovItemId="S5" CovItemPrefix="csse376_puerto_rico.Buildings.java" Intrnl_Id="644">
<LocList>
<Loc EndOffset="641" SrcFileId="16" StartOffset="624"/>
</LocList>
</BasicStmnt>
</StmntSeq>
</HierarchyLvl>
<HierarchyLvl HierarchyLvlId="359" HierarchyLvlTypeId="20" Intrnl_Id="645" Name="Building">
<Header>
<Loc EndOffset="671" SrcFileId="16" StartOffset="650"/>
</Header>
<LocList>
<Loc EndOffset="1157" SrcFileId="16" StartOffset="650"/>
</LocList>
<HierarchyLvl HierarchyLvlId="358" HierarchyLvlTypeId="21" Intrnl_Id="646" Name="Building">
<Header>
<Loc EndOffset="833" SrcFileId="16" StartOffset="805"/>
</Header>
<LocList>
<Loc EndOffset="1153" SrcFileId="16" StartOffset="805"/>
</LocList>
<StmntSeq Intrnl_Id="647">
<LocList>
<Loc EndOffset="857" SrcFileId="16" StartOffset="840"/>
<Loc EndOffset="1148" SrcFileId="16" StartOffset="862"/>
</LocList>
<BasicStmnt CovItemId="S6" CovItemPrefix="csse376_puerto_rico.Buildings.java" Intrnl_Id="648">
<LocList>
<Loc EndOffset="857" SrcFileId="16" StartOffset="840"/>
</LocList>
</BasicStmnt>
<CondStmnt CovItemId="S7" CovItemPrefix="csse376_puerto_rico.Buildings.java" Intrnl_Id="649">
<Branch CovItemId="B1" CovItemPrefix="csse376_puerto_rico.Buildings.java" Implct="false" Intrnl_Id="650">
<Cond>
<Loc EndOffset="907" SrcFileId="16" StartOffset="882"/>
</Cond>
<LocList>
<Loc EndOffset="1001" SrcFileId="16" StartOffset="914"/>
</LocList>
<StmntSeq Intrnl_Id="651">
<LocList>
<Loc EndOffset="923" SrcFileId="16" StartOffset="914"/>
<Loc EndOffset="940" SrcFileId="16" StartOffset="929"/>
<Loc EndOffset="963" SrcFileId="16" StartOffset="946"/>
<Loc EndOffset="989" SrcFileId="16" StartOffset="969"/>
<Loc EndOffset="1001" SrcFileId="16" StartOffset="995"/>
</LocList>
<BasicStmnt CovItemId="S8" CovItemPrefix="csse376_puerto_rico.Buildings.java" Intrnl_Id="652">
<LocList>
<Loc EndOffset="923" SrcFileId="16" StartOffset="914"/>
</LocList>
</BasicStmnt>
<BasicStmnt CovItemId="S9" CovItemPrefix="csse376_puerto_rico.Buildings.java" Intrnl_Id="653">
<LocList>
<Loc EndOffset="940" SrcFileId="16" StartOffset="929"/>
</LocList>
</BasicStmnt>
<BasicStmnt CovItemId="S10" CovItemPrefix="csse376_puerto_rico.Buildings.java" Intrnl_Id="654">
<LocList>
<Loc EndOffset="963" SrcFileId="16" StartOffset="946"/>
</LocList>
</BasicStmnt>
<BasicStmnt CovItemId="S11" CovItemPrefix="csse376_puerto_rico.Buildings.java" Intrnl_Id="655">
<LocList>
<Loc EndOffset="989" SrcFileId="16" StartOffset="969"/>
</LocList>
</BasicStmnt>
<BasicStmnt CovItemId="S12" CovItemPrefix="csse376_puerto_rico.Buildings.java" Intrnl_Id="656">
<LocList>
<Loc EndOffset="1001" SrcFileId="16" StartOffset="995"/>
</LocList>
</BasicStmnt>
</StmntSeq>
</Branch>
<Branch CovItemId="B2" CovItemPrefix="csse376_puerto_rico.Buildings.java" Implct="false" Intrnl_Id="657">
<Cond>
<Loc EndOffset="1060" SrcFileId="16" StartOffset="1053"/>
</Cond>
<LocList>
<Loc EndOffset="1142" SrcFileId="16" StartOffset="1067"/>
</LocList>
<StmntSeq Intrnl_Id="658">
<LocList>
<Loc EndOffset="1076" SrcFileId="16" StartOffset="1067"/>
<Loc EndOffset="1093" SrcFileId="16" StartOffset="1082"/>
<Loc EndOffset="1116" SrcFileId="16" StartOffset="1099"/>
<Loc EndOffset="1142" SrcFileId="16" StartOffset="1122"/>
</LocList>
<BasicStmnt CovItemId="S13" CovItemPrefix="csse376_puerto_rico.Buildings.java" Intrnl_Id="659">
<LocList>
<Loc EndOffset="1076" SrcFileId="16" StartOffset="1067"/>
</LocList>
</BasicStmnt>
<BasicStmnt CovItemId="S14" CovItemPrefix="csse376_puerto_rico.Buildings.java" Intrnl_Id="660">
<LocList>
<Loc EndOffset="1093" SrcFileId="16" StartOffset="1082"/>
</LocList>
</BasicStmnt>
<BasicStmnt CovItemId="S15" CovItemPrefix="csse376_puerto_rico.Buildings.java" Intrnl_Id="661">
<LocList>
<Loc EndOffset="1116" SrcFileId="16" StartOffset="1099"/>
</LocList>
</BasicStmnt>
<BasicStmnt CovItemId="S16" CovItemPrefix="csse376_puerto_rico.Buildings.java" Intrnl_Id="662">
<LocList>
<Loc EndOffset="1142" SrcFileId="16" StartOffset="1122"/>
</LocList>
</BasicStmnt>
</StmntSeq>
</Branch>
<Keyword EndOffset="868" SrcFileId="16" StartOffset="862"/>
<LocList>
<Loc EndOffset="1148" SrcFileId="16" StartOffset="862"/>
</LocList>
</CondStmnt>
</StmntSeq>
</HierarchyLvl>
</HierarchyLvl>
</HierarchyLvl>
</HierarchyLvl>
</HierarchyLvl>
</MASTRoot>
</TestSessionContainer>
