<?xml version="1.0" encoding="UTF-8"?><TestSessionContainer xmlns="http://www.codecover.org/xml/testsession-container" Date="1431693410179" TestSessionContainerId="d80c77cd-8656-4301-a4cf-7a1725dcfb56" version="1.0">
<SrcFileList>
<SrcFile Content="package csse376_puerto_rico;&#10;&#10;import java.awt.Color;&#10;&#10;import javax.swing.ButtonGroup;&#10;import javax.swing.JButton;&#10;import javax.swing.JFrame;&#10;import javax.swing.JPanel;&#10;import javax.swing.JRadioButton;&#10;&#10;public class StartUpGameBoardGUI {&#10;&#10;&#9;private JFrame mainframe;&#10;&#10;&#9;public StartUpGameBoardGUI(JFrame frame) {&#10;&#9;&#9;this.mainframe = frame;&#10;&#9;&#9;this.mainframe.getContentPane().removeAll();&#10;&#9;&#9;this.mainframe.getContentPane().revalidate();&#10;&#9;&#9;this.mainframe.setBackground(Color.BLACK);&#10;&#9;&#9;this.mainframe.setTitle(&quot;Choose Players&quot;);&#10;&#10;&#9;&#9;JPanel mainPanel = new JPanel();&#10;&#9;&#9;&#10;&#9;&#9;ButtonGroup group = new ButtonGroup();&#10;&#9;&#9;JRadioButton rb3 = new JRadioButton(&quot;3&quot;, true);&#10;&#9;&#9;JRadioButton rb4 = new JRadioButton(&quot;4&quot;, false);&#10;&#9;&#9;JRadioButton rb5 = new JRadioButton(&quot;5&quot;, false);&#10;&#9;&#9;group.add(rb3);&#10;&#9;&#9;group.add(rb4);&#10;&#9;&#9;group.add(rb5);&#10;&#9;&#9;&#10;&#9;&#9;JButton startButton = new JButton(&quot;Start&quot;);&#10;&#9;&#9;startButton.addActionListener(new ButtonHandler(this.mainframe, group));&#10;&#9;&#9;&#10;&#9;&#9;mainPanel.add(rb3);&#10;&#9;&#9;mainPanel.add(rb4);&#10;&#9;&#9;mainPanel.add(rb5);&#10;&#9;&#9;mainPanel.add(startButton);&#10;&#9;&#9;&#10;&#9;&#9;this.mainframe.add(mainPanel);&#10;&#9;}&#10;&#10;}&#10;" Filename="StartUpGameBoardGUI.java" Intrnl_Id="1"/>
<SrcFile Content="package csse376_puerto_rico;&#13;&#10;&#13;&#10;import java.util.ArrayList;&#13;&#10;import java.util.List;&#13;&#10;&#13;&#10;/**&#13;&#10; * List of roles&#13;&#10; *&#13;&#10; * @author songm. Created Apr 22, 2015.&#13;&#10; */&#13;&#10;public class PlayerRoles {&#13;&#10;&#9;public static final String Settler = &quot;Settler&quot;;&#13;&#10;&#9;public static final String Builder = &quot;Builder&quot;;&#13;&#10;&#9;public static final String Craftsman = &quot;Craftsman&quot;;&#13;&#10;&#9;public static final String Trader = &quot;Trader&quot;;&#13;&#10;&#9;public static final String Captain = &quot;Captain&quot;;&#13;&#10;&#9;public static final String Prospector = &quot;Prospector&quot;;&#13;&#10;&#9;public static final String Mayor = &quot;Mayor&quot;;&#13;&#10;&#13;&#10;&#9;private PlayerRoles() {&#13;&#10;&#9;&#9;// null constructor&#13;&#10;&#9;}&#13;&#10;&#13;&#10;&#9;public static List&lt;String&gt; getValues() {&#13;&#10;&#9;&#9;List&lt;String&gt; rtn = new ArrayList&lt;String&gt;();&#13;&#10;&#13;&#10;&#9;&#9;rtn.add(Settler);&#13;&#10;&#9;&#9;rtn.add(Builder);&#13;&#10;&#9;&#9;rtn.add(Craftsman);&#13;&#10;&#9;&#9;rtn.add(Trader);&#13;&#10;&#9;&#9;rtn.add(Captain);&#13;&#10;&#9;&#9;rtn.add(Prospector);&#13;&#10;&#9;&#9;rtn.add(Mayor);&#13;&#10;&#13;&#10;&#9;&#9;return rtn;&#13;&#10;&#9;}&#13;&#10;}&#13;&#10;" Filename="PlayerRoles.java" Intrnl_Id="2"/>
<SrcFile Content="package csse376_puerto_rico;&#13;&#10;&#13;&#10;import java.util.ArrayList;&#13;&#10;import java.util.Arrays;&#13;&#10;import java.util.HashMap;&#13;&#10;import java.util.List;&#13;&#10;&#13;&#10;import javax.swing.JTextArea;&#13;&#10;&#13;&#10;import csse376_puerto_rico.Buildings.Building;&#13;&#10;&#13;&#10;public class Player {&#13;&#10;&#13;&#10;&#9;private int pNum;&#13;&#10;&#9;private int doubloons;&#13;&#10;&#9;private String role;&#13;&#10;&#9;private JTextArea hud;&#13;&#10;&#9;public boolean isTurn;&#13;&#10;&#9;public boolean isGovernor;&#13;&#10;&#9;private int points = 0;&#13;&#10;&#13;&#10;&#9;private ArrayList&lt;Building&gt; buildings = new ArrayList&lt;Building&gt;();&#13;&#10;&#13;&#10;&#9;public static class Good {&#13;&#10;&#9;&#9;public static final String COFFEE = &quot;Coffee&quot;;&#13;&#10;&#9;&#9;public static final String TOBACCO = &quot;Tobacco&quot;;&#13;&#10;&#9;&#9;public static final String CORN = &quot;Corn&quot;;&#13;&#10;&#9;&#9;public static final String SUGAR = &quot;Sugar&quot;;&#13;&#10;&#9;&#9;public static final String INDIGO = &quot;Indigo&quot;;&#13;&#10;&#9;}&#13;&#10;&#13;&#10;&#9;public static class Plantation {&#13;&#10;&#9;&#9;public String good;&#13;&#10;&#9;&#9;public boolean hasWorker;&#13;&#10;&#13;&#10;&#9;&#9;public Plantation(String good, boolean hasWorker) {&#13;&#10;&#9;&#9;&#9;this.good = good;&#13;&#10;&#9;&#9;&#9;this.hasWorker = hasWorker;&#13;&#10;&#9;&#9;}&#13;&#10;&#9;}&#13;&#10;&#13;&#10;&#9;private ArrayList&lt;Plantation&gt; plantations = new ArrayList&lt;Plantation&gt;();&#13;&#10;&#9;private HashMap&lt;String, Integer&gt; goods = new HashMap&lt;String, Integer&gt;();&#13;&#10;&#9;private static List&lt;String&gt; roles = PlayerRoles.getValues();&#13;&#10;&#13;&#10;&#9;// For Testing purposes, null player&#13;&#10;&#9;public Player() {&#13;&#10;&#9;&#9;this.doubloons = 0;&#13;&#10;&#9;&#9;this.pNum = 0;&#13;&#10;&#9;&#9;this.role = &quot;&quot;;&#13;&#10;&#9;&#9;this.isGovernor = false;&#13;&#10;&#9;&#9;this.hud = new JTextArea();&#13;&#10;&#9;&#9;for (String s : this.getAllGoods()) {&#13;&#10;&#9;&#9;&#9;this.goods.put(s, 0);&#13;&#10;&#9;&#9;}&#13;&#10;&#9;}&#13;&#10;&#13;&#10;&#9;public Player(String role) {&#13;&#10;&#9;&#9;this.role = role;&#13;&#10;&#9;&#9;this.doubloons = 0;&#13;&#10;&#9;&#9;this.isGovernor = false;&#13;&#10;&#9;&#9;this.isTurn = false;&#13;&#10;&#9;&#9;this.hud = null;&#13;&#10;&#9;&#9;for (String s : this.getAllGoods()) {&#13;&#10;&#9;&#9;&#9;this.goods.put(s, 0);&#13;&#10;&#9;&#9;}&#13;&#10;&#9;}&#13;&#10;&#13;&#10;&#9;public void setPlayerNum(int i) {&#13;&#10;&#9;&#9;this.pNum = i;&#13;&#10;&#13;&#10;&#9;}&#13;&#10;&#13;&#10;&#9;public int getPlayerNum() {&#13;&#10;&#9;&#9;return this.pNum;&#13;&#10;&#9;}&#13;&#10;&#13;&#10;&#9;public String getRole() {&#13;&#10;&#9;&#9;return this.role;&#13;&#10;&#9;}&#13;&#10;&#13;&#10;&#9;public static List&lt;String&gt; getRoles() {&#13;&#10;&#13;&#10;&#9;&#9;return roles;&#13;&#10;&#9;}&#13;&#10;&#13;&#10;&#9;public int getPoints() {&#13;&#10;&#9;&#9;return points;&#13;&#10;&#9;}&#13;&#10;&#13;&#10;&#9;public JTextArea getHUD() {&#13;&#10;&#9;&#9;return this.hud;&#13;&#10;&#9;}&#13;&#10;&#13;&#10;&#9;public void setHUD(JTextArea hud) {&#13;&#10;&#9;&#9;this.hud = hud;&#13;&#10;&#9;}&#13;&#10;&#13;&#10;&#9;public boolean isGovernor() {&#13;&#10;&#9;&#9;return isGovernor;&#13;&#10;&#9;}&#13;&#10;&#13;&#10;&#9;public void addPoints(int addition) {&#13;&#10;&#9;&#9;this.points = this.points + addition;&#13;&#10;&#9;}&#13;&#10;&#13;&#10;&#9;// Test method&#13;&#10;&#9;public void setPoints(int points) {&#13;&#10;&#9;&#9;// This method is strictly for setting points&#13;&#10;&#9;&#9;this.points = points;&#13;&#10;&#9;}&#13;&#10;&#13;&#10;&#9;public void setRole(String string) {&#13;&#10;&#9;&#9;this.role = string;&#13;&#10;&#9;}&#13;&#10;&#13;&#10;&#9;public void addBuilding(Building building) {&#13;&#10;&#9;&#9;buildings.add(building);&#13;&#10;&#9;}&#13;&#10;&#13;&#10;&#9;public ArrayList&lt;String&gt; getBuildingsStringList() {&#13;&#10;&#9;&#9;ArrayList&lt;String&gt; rtn = new ArrayList&lt;String&gt;();&#13;&#10;&#9;&#9;for (Building b : this.buildings) {&#13;&#10;&#9;&#9;&#9;rtn.add(b.name);&#13;&#10;&#9;&#9;}&#13;&#10;&#9;&#9;return rtn;&#13;&#10;&#9;}&#13;&#10;&#13;&#10;&#9;public ArrayList&lt;Building&gt; getBuildings() {&#13;&#10;&#9;&#9;return this.buildings;&#13;&#10;&#9;}&#13;&#10;&#13;&#10;&#9;public List&lt;String&gt; getGoods() {&#13;&#10;&#9;&#9;//&#13;&#10;&#9;&#9;List&lt;String&gt; rtn = new ArrayList&lt;String&gt;();&#13;&#10;&#9;&#9;String coffee = &quot;Coffee: &quot;&#13;&#10;&#9;&#9;&#9;&#9;+ Integer.toString((getNumberOfGood(&quot;Coffee&quot;)));&#13;&#10;&#9;&#9;String tobacco = &quot;Tobacco: &quot;&#13;&#10;&#9;&#9;&#9;&#9;+ Integer.toString((getNumberOfGood(&quot;Tobacco&quot;)));&#13;&#10;&#9;&#9;String corn = &quot;Corn: &quot; + Integer.toString((getNumberOfGood(&quot;Corn&quot;)));&#13;&#10;&#9;&#9;String sugar = &quot;Sugar: &quot; + Integer.toString((getNumberOfGood(&quot;Sugar&quot;)));&#13;&#10;&#9;&#9;String indigo = &quot;Indigo: &quot;&#13;&#10;&#9;&#9;&#9;&#9;+ Integer.toString((getNumberOfGood(&quot;Indigo&quot;)));&#13;&#10;&#9;&#9;rtn.addAll(Arrays.asList(coffee, corn, tobacco, sugar, indigo));&#13;&#10;&#9;&#9;return rtn;&#13;&#10;&#9;}&#13;&#10;&#13;&#10;&#9;public int getNumberOfGood(String good) {&#13;&#10;&#9;&#9;// added case where there were no goods&#13;&#10;&#9;&#9;if (this.goods.get(good) == null) {&#13;&#10;&#9;&#9;&#9;return 0;&#13;&#10;&#9;&#9;}&#13;&#10;&#9;&#9;return this.goods.get(good);&#13;&#10;&#13;&#10;&#9;}&#13;&#10;&#13;&#10;&#9;public List&lt;String&gt; getAllGoods() {&#13;&#10;&#9;&#9;List&lt;String&gt; rtn = new ArrayList&lt;String&gt;();&#13;&#10;&#9;&#9;rtn.addAll(Arrays.asList(Good.COFFEE, Good.CORN, Good.INDIGO,&#13;&#10;&#9;&#9;&#9;&#9;Good.SUGAR, Good.TOBACCO));&#13;&#10;&#9;&#9;return rtn;&#13;&#10;&#9;}&#13;&#10;&#13;&#10;&#9;public void addGood(String good, int number) {&#13;&#10;&#9;&#9;// adds the number to the original&#13;&#10;&#9;&#9;this.goods.put(good, this.goods.get(good) + number);&#13;&#10;&#9;}&#13;&#10;&#13;&#10;&#9;@Override&#13;&#10;&#9;public String toString() {&#13;&#10;&#9;&#9;String rtn = &quot;&quot;;&#13;&#10;&#9;&#9;String buildingList = &quot;&quot;;&#13;&#10;&#9;&#9;String goodsList = this.getGoods().toString();&#13;&#10;&#9;&#9;String plantationList = &quot;&quot;;&#13;&#10;&#9;&#9;for (int i = 0; i &lt; this.buildings.size(); i++) {&#13;&#10;&#9;&#9;&#9;buildingList = buildingList + &quot; &quot; + this.buildings.get(i).name;&#13;&#10;&#9;&#9;}&#13;&#10;&#9;&#9;for (int i = 0; i &lt; this.plantations.size(); i++) {&#13;&#10;&#9;&#9;&#9;plantationList += this.plantations.get(i).good;&#13;&#10;&#9;&#9;}&#13;&#10;&#9;&#9;if (isGovernor) {&#13;&#10;&#9;&#9;&#9;rtn = String&#13;&#10;&#9;&#9;&#9;&#9;&#9;.format(&quot;Player %d \nRole: %s \nScore: %d \nBuilding: %s \nPlantation: %s \nGoods: %s \nGovernor&quot;,&#13;&#10;&#9;&#9;&#9;&#9;&#9;&#9;&#9;pNum, role, points, buildingList, plantationList,&#13;&#10;&#9;&#9;&#9;&#9;&#9;&#9;&#9;goodsList);&#13;&#10;&#9;&#9;} else {&#13;&#10;&#9;&#9;&#9;rtn = String&#13;&#10;&#9;&#9;&#9;&#9;&#9;.format(&quot;Player %d \nRole: %s \nScore: %d \nBuilding: %s \nPlantation: %s \nGoods: %s&quot;,&#13;&#10;&#9;&#9;&#9;&#9;&#9;&#9;&#9;pNum, role, points, buildingList, plantationList,&#13;&#10;&#9;&#9;&#9;&#9;&#9;&#9;&#9;goodsList);&#13;&#10;&#9;&#9;}&#13;&#10;&#9;&#9;return rtn;&#13;&#10;&#9;}&#13;&#10;&#13;&#10;&#9;public void updatePlayerInfo() {&#13;&#10;&#9;&#9;this.hud.setText(this.toString());&#13;&#10;&#9;}&#13;&#10;&#13;&#10;&#9;public ArrayList&lt;Plantation&gt; getPlantations() {&#13;&#10;&#9;&#9;return this.plantations;&#13;&#10;&#9;}&#13;&#10;&#9;public void addPlantations(Plantation add) {&#13;&#10;&#9;&#9;this.plantations.add(add);&#13;&#10;&#9;}&#13;&#10;&#9;public ArrayList&lt;String&gt; getPlantationsStringList() {&#13;&#10;&#9;&#9;ArrayList&lt;String&gt; rtn = new ArrayList&lt;String&gt;();&#13;&#10;&#9;&#9;for (Plantation p : this.plantations) {&#13;&#10;&#9;&#9;&#9;rtn.add(p.good);&#13;&#10;&#9;&#9;}&#13;&#10;&#9;&#9;return rtn;&#13;&#10;&#9;}&#13;&#10;&#13;&#10;&#9;// Only used by the Craftsman: checks if the plantation has a worker and&#13;&#10;&#9;// adds one&#13;&#10;&#9;// to the respective good count&#13;&#10;&#9;public void checkPlantation() {&#13;&#10;&#9;&#9;for (Plantation p : this.plantations) {&#13;&#10;&#9;&#9;&#9;if (p.hasWorker) {&#13;&#10;&#9;&#9;&#9;&#9;// Building condition here&#13;&#10;&#9;&#9;&#9;&#9;this.addGood(p.good, 1);&#13;&#10;&#9;&#9;&#9;}&#13;&#10;&#9;&#9;}&#13;&#10;&#9;}&#13;&#10;&#9;&#13;&#10;&#9;public int getDoubloons()&#13;&#10;&#9;{&#13;&#10;&#9;&#9;return this.doubloons;&#13;&#10;&#9;}&#13;&#10;&#9;&#13;&#10;&#9;public void setDoubloons(int add)&#13;&#10;&#9;{&#13;&#10;&#9;&#9;this.doubloons = add;&#13;&#10;&#9;}&#13;&#10;&#13;&#10;}&#13;&#10;" Filename="Player.java" Intrnl_Id="3"/>
<SrcFile Content="package csse376_puerto_rico;&#13;&#10;&#13;&#10;import java.awt.event.ActionEvent;&#13;&#10;import java.awt.event.ActionListener;&#13;&#10;import java.util.ArrayList;&#13;&#10;import java.util.List;&#13;&#10;&#13;&#10;import javax.swing.JButton;&#13;&#10;&#13;&#10;public class NextMoveButton extends JButton &#13;&#10;{&#13;&#10;&#9;private List&lt;Player&gt; players;&#13;&#10;&#9;public NextMoveButton()&#13;&#10;&#9;{&#13;&#10;&#9;&#9;players = GameBoardGUI.players;&#13;&#10;&#9;&#9;final ArrayList&lt;Integer&gt; count = new ArrayList&lt;Integer&gt;();&#13;&#10;&#9;&#9;final Integer zero = 0;&#13;&#10;&#9;&#9;count.add(zero);&#13;&#10;&#9;&#9;this.addActionListener(new ActionListener() {&#13;&#10;&#9;&#9;&#9;&#13;&#10;&#9;&#9;&#9;@Override&#13;&#10;&#9;&#9;&#9;public void actionPerformed(ActionEvent e) {&#13;&#10;&#9;&#9;&#9;&#9;Integer newCount = count.get(0);&#13;&#10;&#9;&#9;&#9;&#9;newCount = newCount +1;&#13;&#10;&#9;&#9;&#9;&#9;count.remove(0);&#13;&#10;&#9;&#9;&#9;&#9;count.add(newCount);&#13;&#10;&#9;&#9;&#9;&#9;if(newCount &gt; 0 &amp;&amp; newCount % players.size() ==0)&#13;&#10;&#9;&#9;&#9;&#9;{&#13;&#10;&#9;&#9;&#9;&#9;&#9;Integer finalCount = newCount/players.size();&#13;&#10;&#9;&#9;&#9;&#9;&#9;setText(&quot;Turn &quot; +finalCount.toString());&#13;&#10;&#9;&#9;&#9;&#9;}&#13;&#10;&#9;&#9;&#9;&#9;&#13;&#10;&#9;&#9;&#9;&#9;makeMove();&#13;&#10;&#9;&#9;&#9;}&#13;&#10;&#9;&#9;});&#13;&#10;&#9;}&#13;&#10;&#9;public void makeMove()&#13;&#10;&#9;{&#13;&#10;&#9;&#9;//once you find the first true isTurn value, &#13;&#10;&#9;&#9;//you should set it off to mark that player's turn has ended&#13;&#10;&#9;&#9;//then you mark the next player's turn has started by turning its isTurn value as true&#13;&#10;&#9;&#9;//once these changes are made, this new players list replaces the mainboard's player's list&#13;&#10;&#9;&#9;for(int i=0;i&lt;players.size();i++)&#13;&#10;&#9;&#9;{&#13;&#10;&#9;&#9;&#9;if(players.get(i).isTurn)&#13;&#10;&#9;&#9;&#9;{&#13;&#10;&#9;&#9;&#9;&#9;players.get(i).isTurn = false;&#13;&#10;&#9;&#9;&#9;&#9;if(i == players.size()-1)&#13;&#10;&#9;&#9;&#9;&#9;{&#13;&#10;&#9;&#9;&#9;&#9;&#9;players.get(0).isTurn = true;&#13;&#10;&#9;&#9;&#9;&#9;}&#13;&#10;&#9;&#9;&#9;&#9;else&#13;&#10;&#9;&#9;&#9;&#9;{&#13;&#10;&#9;&#9;&#9;&#9;&#9;players.get(i+1).isTurn = true;&#13;&#10;&#9;&#9;&#9;&#9;}&#13;&#10;&#9;&#9;&#9;&#9;break;&#13;&#10;&#9;&#9;&#9;}&#13;&#10;&#9;&#9;}&#13;&#10;&#9;&#9;GameBoardGUI.players = players;&#13;&#10;&#9;}&#13;&#10;}&#13;&#10;&#13;&#10;&#9;&#13;&#10;&#13;&#10;" Filename="NextMoveButton.java" Intrnl_Id="4"/>
<SrcFile Content="package csse376_puerto_rico;&#13;&#10;&#13;&#10;import java.awt.BorderLayout;&#13;&#10;import java.awt.Image;&#13;&#10;&#13;&#10;import javax.swing.ImageIcon;&#13;&#10;import javax.swing.JButton;&#13;&#10;import javax.swing.JFrame;&#13;&#10;import javax.swing.JLabel;&#13;&#10;import javax.swing.JPanel;&#13;&#10;&#13;&#10;import net.miginfocom.swing.MigLayout;&#13;&#10;&#13;&#10;public class MenuGUI {&#13;&#10;&#9;/**&#13;&#10;     * Mainframe.&#13;&#10;     */&#13;&#10;     JFrame mainframe = new JFrame();&#13;&#10;     &#13;&#10;     /**&#13;&#10;     * Constructs the Menu.&#13;&#10;     * &#13;&#10;     */&#13;&#10;     public MenuGUI() {&#13;&#10;           this.mainframe.setTitle(&quot;Puerto Rico&quot;);&#13;&#10;           this.mainframe.setSize(1366, 800);&#13;&#10;           this.mainframe.setVisible(true);&#13;&#10;           this.mainframe.setDefaultCloseOperation(JFrame.EXIT_ON_CLOSE);&#13;&#10;//           this.mainframe.setResizable(false);&#13;&#10;//           MigLayout layout = new MigLayout();&#13;&#10;//   &#9;&#9;   this.mainframe.setLayout(layout);&#13;&#10;           &#13;&#10;           JPanel imgPanel = new JPanel();&#13;&#10;           JPanel buttonPanel = new JPanel();&#13;&#10;           &#13;&#10;           String imageLoc = &quot;puerto-ricosmall.jpg&quot;;&#13;&#10;           ImageIcon imageIcon = new ImageIcon(imageLoc);&#13;&#10;           &#13;&#10;           imgPanel.add(new JLabel(imageIcon));&#13;&#10;           &#13;&#10;           JButton newGame = new JButton(&quot;New Game&quot;);&#13;&#10;           newGame.addActionListener(new ButtonHandler(mainframe, null));&#13;&#10;           JButton quit = new JButton(&quot;Quit&quot;);&#13;&#10;           &#13;&#10;           buttonPanel.add(newGame);&#13;&#10;           buttonPanel.add(quit);&#13;&#10;           &#13;&#10;           this.mainframe.add(imgPanel, BorderLayout.NORTH);&#13;&#10;           this.mainframe.add(buttonPanel, BorderLayout.SOUTH);&#13;&#10;     }&#13;&#10;&#13;&#10;}&#13;&#10;" Filename="MenuGUI.java" Intrnl_Id="5"/>
<SrcFile Content="package csse376_puerto_rico;&#10;&#10;public class Main {&#10;&#9;/**&#10;&#9; * @param args&#10;&#9; * &#10;&#9; * &#10;&#9; */&#10;&#9;public static void main(String[] args) {&#10;&#9;&#9;new MenuGUI();&#10;&#9;}&#10;}&#10;" Filename="Main.java" Intrnl_Id="6"/>
<SrcFile Content="package csse376_puerto_rico;&#13;&#10;&#13;&#10;import java.awt.event.ActionEvent;&#13;&#10;import java.awt.event.ActionListener;&#13;&#10;import java.util.ArrayList;&#13;&#10;import java.util.List;&#13;&#10;&#13;&#10;import javax.swing.JButton;&#13;&#10;import javax.swing.JTextArea;&#13;&#10;&#13;&#10;public class GoodsButton extends JButton &#13;&#10;{&#13;&#10;&#9;private List&lt;Player&gt; players;&#13;&#10;&#9;private String goodsName;&#13;&#10;&#9;private JTextArea msgBar;&#13;&#10;&#9;private GameBoardGUI gbGUI;&#13;&#10;&#9;public GoodsButton(String good, GameBoardGUI gbg)&#13;&#10;&#9;{&#13;&#10;&#9;&#9;gbGUI = gbg;&#13;&#10;&#9;&#9;goodsName = good;&#13;&#10;&#9;&#9;setText(goodsName);&#13;&#10;&#9;&#9;players = gbg.players;&#13;&#10;&#9;&#9;msgBar = gbg.msgBar;&#13;&#10;&#9;&#9;this.addActionListener(new ActionListener() {&#13;&#10;&#9;&#9;&#9;&#13;&#10;&#9;&#9;&#9;@Override&#13;&#10;&#9;&#9;&#9;public void actionPerformed(ActionEvent e) &#13;&#10;&#9;&#9;&#9;{&#13;&#10;&#9;&#9;&#9;&#13;&#10;&#9;&#9;&#9;&#9;&#9;for(int i=0;i&lt;players.size();i++)&#13;&#10;&#9;&#9;&#9;&#9;&#9;{&#13;&#10;&#9;&#9;&#9;&#9;&#9;&#9;int playerNumber = i+1;&#13;&#10;&#9;&#9;&#9;&#9;&#9;&#9;System.out.println( &quot;Player &quot;+playerNumber+&quot;: &quot;+ players.get(i).getGoods());&#13;&#10;&#9;&#9;&#9;&#9;&#9;&#9;players.get(i).addGood(goodsName, 1);&#13;&#10;&#9;&#9;&#9;&#9;&#9;&#9;gbGUI.updateMsgBar(&quot;You pressed a button&quot;);&#13;&#10;&#9;&#9;&#9;&#9;&#9;}&#13;&#10;&#9;&#9;&#9;}&#13;&#10;&#9;&#9;});&#13;&#10;&#9;&#9;&#13;&#10;&#9;&#9;GameBoardGUI.players = players;&#13;&#10;&#9;}&#13;&#10;}&#13;&#10;" Filename="GoodsButton.java" Intrnl_Id="7"/>
<SrcFile Content="package csse376_puerto_rico;&#13;&#10;&#13;&#10;import java.util.ArrayList;&#13;&#10;import java.util.HashMap;&#13;&#10;import java.util.List;&#13;&#10;&#13;&#10;import csse376_puerto_rico.Buildings.Building;&#13;&#10;import csse376_puerto_rico.Player.Good;&#13;&#10;import csse376_puerto_rico.Player.Plantation;&#13;&#10;&#13;&#10;public class GameState {&#13;&#10;&#13;&#10;&#9;private HashMap&lt;String, Integer&gt; goods = new HashMap&lt;String, Integer&gt;();&#13;&#10;&#9;public int colonistsTotal;&#13;&#10;&#9;public int colonistsOnBoard;&#13;&#10;&#9;public int cargoship4 = 0;&#13;&#10;&#9;public String cargoship4Good;&#13;&#10;&#9;public int cargoship5 = 0;&#13;&#10;&#9;public String cargoship5Good;&#13;&#10;&#9;public int cargoship6 = 0;&#13;&#10;&#9;public String cargoship6Good;&#13;&#10;&#9;public boolean isGameEndState = false;&#13;&#10;&#9;public int doubloons;&#13;&#10;&#9;private int numOfPlayers;&#13;&#10;&#9;private List&lt;Player&gt; players;&#13;&#10;&#9;public int victoryPoints;&#13;&#10;&#13;&#10;&#9;public static final int ERROR = -99;&#13;&#10;&#13;&#10;&#9;public GameState() {&#13;&#10;&#13;&#10;&#9;&#9;// for testing purposes&#13;&#10;&#9;&#9;// goods&#13;&#10;&#9;&#9;goods.put(Player.Good.COFFEE, 0);&#13;&#10;&#9;&#9;goods.put(Player.Good.CORN, 0);&#13;&#10;&#9;&#9;goods.put(Player.Good.INDIGO, 0);&#13;&#10;&#9;&#9;goods.put(Player.Good.SUGAR, 0);&#13;&#10;&#9;&#9;goods.put(Player.Good.TOBACCO, 0);&#13;&#10;&#13;&#10;&#9;&#9;// colonists&#13;&#10;&#13;&#10;&#9;&#9;colonistsTotal = 0;&#13;&#10;&#9;&#9;colonistsOnBoard = 0;&#13;&#10;&#9;&#9;// ships&#13;&#10;&#13;&#10;&#9;&#9;// doubloons&#13;&#10;&#9;&#9;doubloons = 0;&#13;&#10;&#13;&#10;&#9;&#9;victoryPoints = 50;&#13;&#10;&#9;}&#13;&#10;&#13;&#10;&#9;public GameState(List&lt;Player&gt; players) {&#13;&#10;&#13;&#10;&#9;&#9;// game start state - Min&#13;&#10;&#13;&#10;&#9;&#9;for (Player p : players) {&#13;&#10;&#9;&#9;&#9;p.setDoubloons(players.size() - 1);&#13;&#10;&#9;&#9;}&#13;&#10;&#13;&#10;&#9;&#9;// goods&#13;&#10;&#9;&#9;goods.put(Player.Good.COFFEE, 9);&#13;&#10;&#9;&#9;goods.put(Player.Good.CORN, 10);&#13;&#10;&#9;&#9;goods.put(Player.Good.INDIGO, 11);&#13;&#10;&#9;&#9;goods.put(Player.Good.SUGAR, 11);&#13;&#10;&#9;&#9;goods.put(Player.Good.TOBACCO, 9);&#13;&#10;&#13;&#10;&#9;&#9;// colonists. victory points and plantations&#13;&#10;&#9;&#9;this.players = players;&#13;&#10;&#9;&#9;numOfPlayers = players.size();&#13;&#10;&#9;&#9;colonistsOnBoard = numOfPlayers;&#13;&#10;&#13;&#10;&#9;&#9;this.players.get(0).addPlantations(new Plantation(Good.INDIGO, false));&#13;&#10;&#9;&#9;this.players.get(1).addPlantations(new Plantation(Good.INDIGO, false));&#13;&#10;&#13;&#10;&#9;&#9;if (numOfPlayers == 3) {&#13;&#10;&#9;&#9;&#9;colonistsTotal = 55;&#13;&#10;&#9;&#9;&#9;victoryPoints = 75;&#13;&#10;&#9;&#9;&#9;this.players.get(2)&#13;&#10;&#9;&#9;&#9;&#9;&#9;.addPlantations(new Plantation(Good.CORN, false));&#13;&#10;&#9;&#9;} else if (numOfPlayers == 4) {&#13;&#10;&#9;&#9;&#9;colonistsTotal = 75;&#13;&#10;&#9;&#9;&#9;victoryPoints = 100;&#13;&#10;&#9;&#9;&#9;this.players.get(2)&#13;&#10;&#9;&#9;&#9;&#9;&#9;.addPlantations(new Plantation(Good.CORN, false));&#13;&#10;&#9;&#9;&#9;this.players.get(3)&#13;&#10;&#9;&#9;&#9;&#9;&#9;.addPlantations(new Plantation(Good.CORN, false));&#13;&#10;&#13;&#10;&#9;&#9;} else if (numOfPlayers == 5) {&#13;&#10;&#9;&#9;&#9;colonistsTotal = 95;&#13;&#10;&#9;&#9;&#9;victoryPoints = 122;&#13;&#10;&#9;&#9;&#9;this.players.get(2).addPlantations(&#13;&#10;&#9;&#9;&#9;&#9;&#9;new Plantation(Good.INDIGO, false));&#13;&#10;&#9;&#9;&#9;this.players.get(3)&#13;&#10;&#9;&#9;&#9;&#9;&#9;.addPlantations(new Plantation(Good.CORN, false));&#13;&#10;&#9;&#9;&#9;this.players.get(4)&#13;&#10;&#9;&#9;&#9;&#9;&#9;.addPlantations(new Plantation(Good.CORN, false));&#13;&#10;&#9;&#9;}&#13;&#10;&#9;&#9;// ships&#13;&#10;&#13;&#10;&#9;&#9;// doubloons&#13;&#10;&#9;&#9;doubloons = 54;&#13;&#10;&#13;&#10;&#9;}&#13;&#10;&#13;&#10;&#9;public int getGood(String good) {&#13;&#10;&#13;&#10;&#9;&#9;return goods.get(good);&#13;&#10;&#9;}&#13;&#10;&#13;&#10;&#9;public void addGood(String good) {&#13;&#10;&#13;&#10;&#9;&#9;goods.put(good, goods.get(good) + 1);&#13;&#10;&#9;}&#13;&#10;&#13;&#10;&#9;public int getColonistsOnBoard() {&#13;&#10;&#9;&#9;//&#13;&#10;&#9;&#9;return colonistsOnBoard;&#13;&#10;&#9;}&#13;&#10;&#13;&#10;&#9;public int getColonistsTotal() {&#13;&#10;&#9;&#9;//&#13;&#10;&#9;&#9;return colonistsTotal;&#13;&#10;&#9;}&#13;&#10;&#13;&#10;&#9;public void addColonistsToBoard() {&#13;&#10;&#9;&#9;/**&#13;&#10;&#9;&#9; * For each empty circle on the buildings on the player boards of all&#13;&#10;&#9;&#9; * players (empty circles on plantations and quarries do not count!),&#13;&#10;&#9;&#9; * the mayor takes one colonist from the colonist supply and places it&#13;&#10;&#9;&#9; * on the colonist ship. However, as a minimum, the mayor should always&#13;&#10;&#9;&#9; * place at least as many colonists on the ship as there are players in&#13;&#10;&#9;&#9; * the game.&#13;&#10;&#9;&#9; */&#13;&#10;&#9;&#9;int temp = 0;&#13;&#10;&#9;&#9;for (Player player : players) {&#13;&#10;&#9;&#9;&#9;for (Building b : player.getBuildings()) {&#13;&#10;&#9;&#9;&#9;&#9;temp += b.numberOfJobs - b.numberOfWorkers;&#13;&#10;&#9;&#9;&#9;}&#13;&#10;&#9;&#9;&#9;for (Plantation p : player.getPlantations()) {&#13;&#10;&#9;&#9;&#9;&#9;if (!p.hasWorker) {&#13;&#10;&#9;&#9;&#9;&#9;&#9;temp += 1;&#13;&#10;&#9;&#9;&#9;&#9;}&#13;&#10;&#9;&#9;&#9;}&#13;&#10;&#9;&#9;}&#13;&#10;&#9;&#9;if (temp &lt; numOfPlayers) {&#13;&#10;&#9;&#9;&#9;colonistsOnBoard = numOfPlayers;&#13;&#10;&#9;&#9;} else {&#13;&#10;&#9;&#9;&#9;colonistsOnBoard = temp;&#13;&#10;&#9;&#9;}&#13;&#10;&#9;}&#13;&#10;&#13;&#10;&#9;/**&#13;&#10;&#9; * &#13;&#10;&#9; * returns leftover, if 99 then that means it is an error or wrong good on&#13;&#10;&#9; * cargo&#13;&#10;&#9; * &#13;&#10;&#9; * @param shipNum&#13;&#10;&#9; * @param goodNum&#13;&#10;&#9; * @param good&#13;&#10;&#9; * @return int&#13;&#10;&#9; *&#13;&#10;&#9; */&#13;&#10;&#9;public int addGoodToCargoShip(int shipNum, int goodNum, String good) {&#13;&#10;&#9;&#9;int leftover = 0;&#13;&#10;&#9;&#9;switch (shipNum) {&#13;&#10;&#9;&#9;case 4:&#13;&#10;&#9;&#9;&#9;if (cargoship4 == 0&#13;&#10;&#9;&#9;&#9;&#9;&#9;|| (cargoship4 &lt; 4 &amp;&amp; cargoship4Good.equals(good))) {&#13;&#10;&#9;&#9;&#9;&#9;leftover = cargoship4 + goodNum - 4;&#13;&#10;&#9;&#9;&#9;} else {&#13;&#10;&#9;&#9;&#9;&#9;leftover = ERROR;&#13;&#10;&#9;&#9;&#9;}&#13;&#10;&#9;&#9;&#9;break;&#13;&#10;&#9;&#9;case 5:&#13;&#10;&#9;&#9;&#9;if (cargoship5 == 0&#13;&#10;&#9;&#9;&#9;&#9;&#9;|| (cargoship5 &lt; 5 &amp;&amp; cargoship5Good.equals(good))) {&#13;&#10;&#9;&#9;&#9;&#9;leftover = cargoship4 + goodNum - 5;&#13;&#10;&#9;&#9;&#9;} else {&#13;&#10;&#9;&#9;&#9;&#9;leftover = ERROR;&#13;&#10;&#9;&#9;&#9;}&#13;&#10;&#9;&#9;&#9;break;&#13;&#10;&#9;&#9;case 6:&#13;&#10;&#9;&#9;&#9;if (cargoship6 == 0&#13;&#10;&#9;&#9;&#9;&#9;&#9;|| (cargoship6 &lt; 6 &amp;&amp; cargoship6Good.equals(good))) {&#13;&#10;&#9;&#9;&#9;&#9;leftover = cargoship6 + goodNum - 6;&#13;&#10;&#9;&#9;&#9;} else {&#13;&#10;&#9;&#9;&#9;&#9;leftover = ERROR;&#13;&#10;&#9;&#9;&#9;}&#13;&#10;&#9;&#9;&#9;break;&#13;&#10;&#9;&#9;default:&#13;&#10;&#9;&#9;&#9;break;&#13;&#10;&#9;&#9;}&#13;&#10;&#9;&#9;return leftover;&#13;&#10;&#9;}&#13;&#10;&#13;&#10;&#9;public boolean isGameEndState() {&#13;&#10;&#13;&#10;&#9;&#9;return isGameEndState;&#13;&#10;&#9;}&#13;&#10;&#13;&#10;&#9;public Player getWinner() {&#13;&#10;&#9;&#9;Player max = this.players.get(0);&#13;&#10;&#9;&#9;for (Player p : this.players) {&#13;&#10;&#9;&#9;&#9;if (max.getPoints() &lt;= p.getPoints()) {&#13;&#10;&#9;&#9;&#9;&#9;max = p;&#13;&#10;&#9;&#9;&#9;}&#13;&#10;&#9;&#9;}&#13;&#10;&#13;&#10;&#9;&#9;return max;&#13;&#10;&#9;}&#13;&#10;&#13;&#10;&#9;public void updateAtEndOfTurn() {&#13;&#10;&#9;&#9;addColonistsToBoard();&#13;&#10;&#13;&#10;&#9;&#9;// Must ship these&#13;&#10;&#9;&#9;if (cargoship4 == 4) {&#13;&#10;&#9;&#9;&#9;cargoship4 = 0;&#13;&#10;&#9;&#9;}&#13;&#10;&#9;&#9;if (cargoship5 == 5) {&#13;&#10;&#9;&#9;&#9;cargoship5 = 0;&#13;&#10;&#9;&#9;}&#13;&#10;&#9;&#9;if (cargoship6 == 6) {&#13;&#10;&#9;&#9;&#9;cargoship6 = 0;&#13;&#10;&#9;&#9;}&#13;&#10;&#9;}&#13;&#10;&#13;&#10;}&#13;&#10;" Filename="GameState.java" Intrnl_Id="8"/>
<SrcFile Content="package csse376_puerto_rico;&#13;&#10;&#13;&#10;import java.awt.Color;&#13;&#10;import java.util.ArrayList;&#13;&#10;import java.util.Enumeration;&#13;&#10;import java.util.List;&#13;&#10;&#13;&#10;import javax.swing.AbstractButton;&#13;&#10;import javax.swing.ButtonGroup;&#13;&#10;import javax.swing.JFrame;&#13;&#10;import javax.swing.JOptionPane;&#13;&#10;import javax.swing.JTextArea;&#13;&#10;&#13;&#10;import net.miginfocom.swing.MigLayout;&#13;&#10;import csse376_puerto_rico.Buildings.Building;&#13;&#10;import csse376_puerto_rico.Player.Plantation;&#13;&#10;&#13;&#10;public class GameBoardGUI {&#13;&#10;&#13;&#10;&#9;private JFrame mainframe;&#13;&#10;&#9;public static List&lt;Player&gt; players;&#13;&#10;&#9;public static JTextArea msgBar;&#13;&#10;&#9;public static JTextArea gameStateInfo;&#13;&#10;&#9;// public static ArrayList&lt;JPanel&gt; playerCards;&#13;&#10;&#9;private ButtonGroup bGroup;&#13;&#10;&#9;private static int turnCount;&#13;&#10;&#9;private GameState gameState;&#13;&#10;&#13;&#10;&#9;public GameBoardGUI() {&#13;&#10;&#9;&#9;// For testing purposes.&#13;&#10;&#9;&#9;this.msgBar = new JTextArea();&#13;&#10;&#9;&#9;this.gameStateInfo = new JTextArea();&#13;&#10;&#9;&#9;this.players = new ArrayList&lt;Player&gt;();&#13;&#10;&#9;&#9;this.mainframe = new JFrame();&#13;&#10;&#9;&#9;this.gameState = new GameState();&#13;&#10;&#9;}&#13;&#10;&#13;&#10;&#9;public GameBoardGUI(JFrame frame, ButtonGroup group) {&#13;&#10;&#9;&#9;this.players = new ArrayList&lt;Player&gt;();&#13;&#10;&#9;&#9;this.mainframe = frame;&#13;&#10;&#9;&#9;this.mainframe.setTitle(&quot;Puerto Rico&quot;);&#13;&#10;&#9;&#9;this.mainframe.getContentPane().removeAll();&#13;&#10;&#9;&#9;this.mainframe.getContentPane().revalidate();&#13;&#10;&#9;&#9;this.mainframe.setBackground(Color.GREEN);&#13;&#10;&#9;&#9;MigLayout layout = new MigLayout();&#13;&#10;&#9;&#9;this.mainframe.setLayout(layout);&#13;&#10;&#9;&#9;this.bGroup = group;&#13;&#10;&#9;&#9;this.msgBar = new JTextArea();&#13;&#10;&#9;&#9;this.gameStateInfo = new JTextArea();&#13;&#10;&#13;&#10;&#9;&#9;String temp = &quot;0&quot;;&#13;&#10;&#9;&#9;for (Enumeration&lt;AbstractButton&gt; buttons = this.bGroup.getElements(); buttons&#13;&#10;&#9;&#9;&#9;&#9;.hasMoreElements();) {&#13;&#10;&#9;&#9;&#9;AbstractButton button = buttons.nextElement();&#13;&#10;&#9;&#9;&#9;if (button.isSelected()) {&#13;&#10;&#9;&#9;&#9;&#9;temp = button.getText();&#13;&#10;&#9;&#9;&#9;}&#13;&#10;&#9;&#9;}&#13;&#10;&#9;&#9;int numberPlayers = Integer.parseInt(temp);&#13;&#10;&#13;&#10;&#9;&#9;this.addPlayers(numberPlayers);&#13;&#10;&#9;}&#13;&#10;&#13;&#10;&#9;private void displayGameState() {&#13;&#10;&#9;&#9;int coffee = this.gameState.getGood(Player.Good.COFFEE);&#13;&#10;&#9;&#9;int corn = this.gameState.getGood(Player.Good.CORN);&#13;&#10;&#9;&#9;int indigo = this.gameState.getGood(Player.Good.INDIGO);&#13;&#10;&#9;&#9;int sugar = this.gameState.getGood(Player.Good.SUGAR);&#13;&#10;&#9;&#9;int tobacco = this.gameState.getGood(Player.Good.TOBACCO);&#13;&#10;&#9;&#9;int colonists = this.gameState.getColonistsOnBoard();&#13;&#10;&#13;&#10;&#9;&#9;String parsedInfo = &quot;Coffe: &quot; + coffee + &quot;    Corn: &quot; + corn&#13;&#10;&#9;&#9;&#9;&#9;+ &quot;    Indigo: &quot; + indigo + &quot;\nSugar: &quot; + sugar&#13;&#10;&#9;&#9;&#9;&#9;+ &quot;        Tobacco: &quot; + tobacco + &quot;\nColonists: &quot; + colonists&#13;&#10;&#9;&#9;&#9;&#9;+ &quot;\n&quot; + &quot;\nCargo Ship: &quot; + (4 - this.gameState.cargoship4)&#13;&#10;&#9;&#9;&#9;&#9;+ &quot; spots for &quot; + this.gameState.cargoship4Good&#13;&#10;&#9;&#9;&#9;&#9;+ &quot;    Cargo Ship: &quot; + (5 - this.gameState.cargoship5)&#13;&#10;&#9;&#9;&#9;&#9;+ &quot; spots for &quot; + this.gameState.cargoship5Good&#13;&#10;&#9;&#9;&#9;&#9;+ &quot;    Cargo Ship: &quot; + (6 - this.gameState.cargoship6)&#13;&#10;&#9;&#9;&#9;&#9;+ &quot; spots for &quot; + this.gameState.cargoship6Good;&#13;&#10;&#9;&#9;gameStateInfo.setColumns(20);&#13;&#10;&#9;&#9;gameStateInfo.setRows(7);&#13;&#10;&#9;&#9;gameStateInfo.setText(parsedInfo);&#13;&#10;&#9;&#9;this.mainframe.add(gameStateInfo, &quot;cell 0 5, span 5&quot;);&#13;&#10;&#9;}&#13;&#10;&#13;&#10;&#9;private void updateGameStateDisplay() {&#13;&#10;&#9;&#9;int coffee = this.gameState.getGood(Player.Good.COFFEE);&#13;&#10;&#9;&#9;int corn = this.gameState.getGood(Player.Good.CORN);&#13;&#10;&#9;&#9;int indigo = this.gameState.getGood(Player.Good.INDIGO);&#13;&#10;&#9;&#9;int sugar = this.gameState.getGood(Player.Good.SUGAR);&#13;&#10;&#9;&#9;int tobacco = this.gameState.getGood(Player.Good.TOBACCO);&#13;&#10;&#9;&#9;int colonists = this.gameState.getColonistsOnBoard();&#13;&#10;&#13;&#10;&#9;&#9;String parsedInfo = &quot;Coffe: &quot; + coffee + &quot;    Corn: &quot; + corn&#13;&#10;&#9;&#9;&#9;&#9;+ &quot;    Indigo: &quot; + indigo + &quot;\nSugar: &quot; + sugar&#13;&#10;&#9;&#9;&#9;&#9;+ &quot;        Tobacco: &quot; + tobacco + &quot;\nColonists: &quot; + colonists&#13;&#10;&#9;&#9;&#9;&#9;+ &quot;\n&quot; + &quot;\nCargo Ship: &quot; + (4 - this.gameState.cargoship4)&#13;&#10;&#9;&#9;&#9;&#9;+ &quot; spots for &quot; + this.gameState.cargoship4Good&#13;&#10;&#9;&#9;&#9;&#9;+ &quot;    Cargo Ship: &quot; + (5 - this.gameState.cargoship5)&#13;&#10;&#9;&#9;&#9;&#9;+ &quot; spots for &quot; + this.gameState.cargoship5Good&#13;&#10;&#9;&#9;&#9;&#9;+ &quot;    Cargo Ship: &quot; + (6 - this.gameState.cargoship6)&#13;&#10;&#9;&#9;&#9;&#9;+ &quot; spots for &quot; + this.gameState.cargoship6Good;&#13;&#10;&#13;&#10;&#9;&#9;gameStateInfo.setText(parsedInfo);&#13;&#10;&#9;}&#13;&#10;&#13;&#10;&#9;private void displayMessageBar() {&#13;&#10;&#9;&#9;msgBar.setColumns(90);&#13;&#10;&#9;&#9;this.mainframe.add(msgBar, &quot;cell 0 0, span &quot; + this.players.size());&#13;&#10;&#9;}&#13;&#10;&#13;&#10;&#9;public List&lt;Player&gt; addPlayers(int numberOfPlayers) {&#13;&#10;&#9;&#9;// this.addPlayerCards(numberOfPlayers);&#13;&#10;&#9;&#9;for (int i = 0; i &lt; numberOfPlayers; i++) {&#13;&#10;&#9;&#9;&#9;Player p = new Player();&#13;&#10;&#9;&#9;&#9;if (i == 0) {&#13;&#10;&#9;&#9;&#9;&#9;p.isGovernor = true;&#13;&#10;&#9;&#9;&#9;}&#13;&#10;&#9;&#9;&#9;p.setPlayerNum(i);&#13;&#10;&#9;&#9;&#9;JTextArea jta = new JTextArea(&quot;Player &quot; + i + &quot;\nRole: &quot;&#13;&#10;&#9;&#9;&#9;&#9;&#9;+ &quot;\nScore: &quot; + p.getPoints() + &quot;\nBuildings:&quot;&#13;&#10;&#9;&#9;&#9;&#9;&#9;+ p.getBuildingsStringList() + &quot;\nPlantations:\n&quot;);&#13;&#10;&#9;&#9;&#9;jta.setRows(15);&#13;&#10;&#9;&#9;&#9;jta.setColumns(15);&#13;&#10;&#9;&#9;&#9;p.setHUD(jta);&#13;&#10;&#9;&#9;&#9;this.players.add(p);&#13;&#10;&#9;&#9;&#9;this.mainframe.add(jta, &quot;cell &quot; + i + &quot; 1&quot;);&#13;&#10;&#13;&#10;&#9;&#9;}&#13;&#10;&#9;&#9;this.gameState = new GameState(this.players);&#13;&#10;&#13;&#10;&#9;&#9;displayGameState();&#13;&#10;&#9;&#9;displayMessageBar();&#13;&#10;&#9;&#9;updateRoles();&#13;&#10;&#13;&#10;&#9;&#9;return this.players;&#13;&#10;&#9;}&#13;&#10;&#13;&#10;&#9;public List&lt;Player&gt; getPlayers() {&#13;&#10;&#9;&#9;return this.players;&#13;&#10;&#9;}&#13;&#10;&#13;&#10;&#9;public static int getTurnCount() {&#13;&#10;&#9;&#9;return turnCount;&#13;&#10;&#9;}&#13;&#10;&#13;&#10;&#9;// Will be deleted&#13;&#10;&#9;@Deprecated&#13;&#10;&#9;public String getPlayerText(int playerNum, String role, int points,&#13;&#10;&#9;&#9;&#9;String buildingList, String plantationList, boolean isGovernor) {&#13;&#10;&#9;&#9;String rtn = null;&#13;&#10;&#9;&#9;if (isGovernor) {&#13;&#10;&#9;&#9;&#9;rtn = String&#13;&#10;&#9;&#9;&#9;&#9;&#9;.format(&quot;Player %d \nRole: %s \nScore: %d \nBuilding: %s \nPlantation: %s \nGovernor&quot;,&#13;&#10;&#9;&#9;&#9;&#9;&#9;&#9;&#9;playerNum, role, points, buildingList,&#13;&#10;&#9;&#9;&#9;&#9;&#9;&#9;&#9;plantationList);&#13;&#10;&#13;&#10;&#9;&#9;} else {&#13;&#10;&#9;&#9;&#9;rtn = String&#13;&#10;&#9;&#9;&#9;&#9;&#9;.format(&quot;Player %d \nRole: %s \nScore: %d \nBuilding: %s \nPlantation: %s&quot;,&#13;&#10;&#9;&#9;&#9;&#9;&#9;&#9;&#9;playerNum, role, points, buildingList,&#13;&#10;&#9;&#9;&#9;&#9;&#9;&#9;&#9;plantationList);&#13;&#10;&#13;&#10;&#9;&#9;}&#13;&#10;&#9;&#9;return rtn;&#13;&#10;&#9;}&#13;&#10;&#13;&#10;&#9;public void updateRoles() {&#13;&#10;&#13;&#10;&#9;&#9;Object[] options = Player.getRoles().toArray();&#13;&#10;&#9;&#9;while (!checkEndGame()) {&#13;&#10;&#9;&#9;&#9;options = Player.getRoles().toArray();&#13;&#10;&#9;&#9;&#9;for (int i = 0; i &lt; this.players.size(); i++) {&#13;&#10;&#9;&#9;&#9;&#9;Player player = this.players.get(i);&#13;&#10;&#9;&#9;&#9;&#9;// DONE: Min, make player not able to choose role already chosen&#13;&#10;&#9;&#9;&#9;&#9;// for this turn.&#13;&#10;&#9;&#9;&#9;&#9;int n = JOptionPane.showOptionDialog(this.mainframe,&#13;&#10;&#9;&#9;&#9;&#9;&#9;&#9;&quot;Choose your role!&quot;, &quot;Player &quot; + i,&#13;&#10;&#9;&#9;&#9;&#9;&#9;&#9;JOptionPane.YES_NO_CANCEL_OPTION,&#13;&#10;&#9;&#9;&#9;&#9;&#9;&#9;JOptionPane.QUESTION_MESSAGE, null, options,&#13;&#10;&#9;&#9;&#9;&#9;&#9;&#9;options[options.length - 1]);&#13;&#10;&#9;&#9;&#9;&#9;// in this block of code I had to convert the lists of&#13;&#10;&#9;&#9;&#9;&#9;// buildings,plantations into Strings&#13;&#10;&#13;&#10;&#9;&#9;&#9;&#9;// TODO: move the building, plantation string builder to&#13;&#10;&#9;&#9;&#9;&#9;// getPlayerText method.&#13;&#10;&#9;&#9;&#9;&#9;// kurian&#13;&#10;&#13;&#10;&#9;&#9;&#9;&#9;String role = (String) options[n];&#13;&#10;&#9;&#9;&#9;&#9;player.setRole(role);&#13;&#10;&#9;&#9;&#9;&#9;// Every start of the role each player gets an extra doubloon.&#13;&#10;&#9;&#9;&#9;&#9;player.setDoubloons(player.getDoubloons() + 1);&#13;&#10;&#9;&#9;&#9;&#9;gameState.doubloons--;&#13;&#10;&#9;&#9;&#9;&#9;player.updatePlayerInfo();&#13;&#10;&#13;&#10;&#9;&#9;&#9;&#9;playRole(i);&#13;&#10;&#13;&#10;&#9;&#9;&#9;&#9;// update&#13;&#10;&#9;&#9;&#9;&#9;this.gameState.updateAtEndOfTurn();&#13;&#10;&#13;&#10;&#9;&#9;&#9;&#9;// removing selected&#13;&#10;&#9;&#9;&#9;&#9;List&lt;Object&gt; temp = new ArrayList&lt;Object&gt;();&#13;&#10;&#9;&#9;&#9;&#9;for (int j = 0; j &lt; options.length; j++) {&#13;&#10;&#9;&#9;&#9;&#9;&#9;if (j != n) {&#13;&#10;&#9;&#9;&#9;&#9;&#9;&#9;temp.add(options[j]);&#13;&#10;&#9;&#9;&#9;&#9;&#9;}&#13;&#10;&#9;&#9;&#9;&#9;}&#13;&#10;&#9;&#9;&#9;&#9;options = temp.toArray();&#13;&#10;&#9;&#9;&#9;}&#13;&#10;&#13;&#10;&#9;&#9;}&#13;&#10;&#13;&#10;&#9;}&#13;&#10;&#13;&#10;&#9;public boolean checkEndGame() {&#13;&#10;&#9;&#9;// checks the end of the game, default to true for testing, otherwise&#13;&#10;&#9;&#9;// false&#13;&#10;&#9;&#9;return gameState.isGameEndState();&#13;&#10;&#9;}&#13;&#10;&#13;&#10;&#9;public void updateMsgBar(String msg) {&#13;&#10;&#9;&#9;this.msgBar.setText(msg);&#13;&#10;&#9;}&#13;&#10;&#13;&#10;&#9;public void playRole(int roleNum) {&#13;&#10;&#9;&#9;//&#13;&#10;&#9;&#9;Player player = players.get(roleNum);&#13;&#10;&#9;&#9;String role = player.getRole();&#13;&#10;&#13;&#10;&#9;&#9;if (role.equals(PlayerRoles.Mayor)) {&#13;&#10;&#13;&#10;&#9;&#9;&#9;for (int i = 0; i &lt; players.size(); i++) {&#13;&#10;&#9;&#9;&#9;&#9;// TODO: player goes to next person, it should not start with&#13;&#10;&#13;&#10;&#9;&#9;&#9;&#9;player = players.get(roleNum);&#13;&#10;&#13;&#10;&#9;&#9;&#9;&#9;Object[] options = { &quot;Building&quot;, &quot;Plantation&quot;, &quot;Do Nothing&quot; };&#13;&#10;&#9;&#9;&#9;&#9;boolean selected = false;&#13;&#10;&#9;&#9;&#9;&#9;while (!selected) {&#13;&#10;&#9;&#9;&#9;&#9;&#9;int n = JOptionPane&#13;&#10;&#9;&#9;&#9;&#9;&#9;&#9;&#9;.showOptionDialog(&#13;&#10;&#9;&#9;&#9;&#9;&#9;&#9;&#9;&#9;&#9;this.mainframe,&#13;&#10;&#9;&#9;&#9;&#9;&#9;&#9;&#9;&#9;&#9;&quot;Give the colonosists a job! \nChoose a structure.&quot;,&#13;&#10;&#9;&#9;&#9;&#9;&#9;&#9;&#9;&#9;&#9;&quot;Player &quot; + roleNum,&#13;&#10;&#9;&#9;&#9;&#9;&#9;&#9;&#9;&#9;&#9;JOptionPane.YES_NO_CANCEL_OPTION,&#13;&#10;&#9;&#9;&#9;&#9;&#9;&#9;&#9;&#9;&#9;JOptionPane.QUESTION_MESSAGE, null,&#13;&#10;&#9;&#9;&#9;&#9;&#9;&#9;&#9;&#9;&#9;options, options[options.length - 1]);&#13;&#10;&#9;&#9;&#9;&#9;&#9;if (n == 0) {&#13;&#10;&#9;&#9;&#9;&#9;&#9;&#9;ArrayList&lt;String&gt; pBuildingsNames = (ArrayList&lt;String&gt;) player&#13;&#10;&#9;&#9;&#9;&#9;&#9;&#9;&#9;&#9;.getBuildingsStringList().clone();&#13;&#10;&#9;&#9;&#9;&#9;&#9;&#9;pBuildingsNames.add(&quot;Go Back&quot;);&#13;&#10;&#9;&#9;&#9;&#9;&#9;&#9;Object[] temp = pBuildingsNames.toArray();&#13;&#10;&#13;&#10;&#9;&#9;&#9;&#9;&#9;&#9;int buildingNum = JOptionPane&#13;&#10;&#9;&#9;&#9;&#9;&#9;&#9;&#9;&#9;.showOptionDialog(&#13;&#10;&#9;&#9;&#9;&#9;&#9;&#9;&#9;&#9;&#9;&#9;this.mainframe,&#13;&#10;&#9;&#9;&#9;&#9;&#9;&#9;&#9;&#9;&#9;&#9;&quot;Give the colonosists a job! \nChoose a building&quot;,&#13;&#10;&#9;&#9;&#9;&#9;&#9;&#9;&#9;&#9;&#9;&#9;&quot;Player &quot; + (roleNum),&#13;&#10;&#9;&#9;&#9;&#9;&#9;&#9;&#9;&#9;&#9;&#9;JOptionPane.YES_NO_CANCEL_OPTION,&#13;&#10;&#9;&#9;&#9;&#9;&#9;&#9;&#9;&#9;&#9;&#9;JOptionPane.QUESTION_MESSAGE, null,&#13;&#10;&#9;&#9;&#9;&#9;&#9;&#9;&#9;&#9;&#9;&#9;temp, null);&#13;&#10;&#9;&#9;&#9;&#9;&#9;&#9;if (buildingNum != temp.length - 1) {&#13;&#10;&#9;&#9;&#9;&#9;&#9;&#9;&#9;// TODO: need a check on this, adding workers.&#13;&#10;&#9;&#9;&#9;&#9;&#9;&#9;&#9;Building playerB = player.getBuildings().get(&#13;&#10;&#9;&#9;&#9;&#9;&#9;&#9;&#9;&#9;&#9;buildingNum);&#13;&#10;&#9;&#9;&#9;&#9;&#9;&#9;&#9;if (playerB.numberOfJobs &gt; playerB.numberOfWorkers) {&#13;&#10;&#9;&#9;&#9;&#9;&#9;&#9;&#9;&#9;player.getBuildings().get(buildingNum).numberOfWorkers++;&#13;&#10;&#9;&#9;&#9;&#9;&#9;&#9;&#9;&#9;selected = true;&#13;&#10;&#9;&#9;&#9;&#9;&#9;&#9;&#9;} else {&#13;&#10;&#9;&#9;&#9;&#9;&#9;&#9;&#9;&#9;updateMsgBar(&quot;Building &quot; + playerB.name&#13;&#10;&#9;&#9;&#9;&#9;&#9;&#9;&#9;&#9;&#9;&#9;+ &quot; is already full of workers.&quot;);&#13;&#10;&#9;&#9;&#9;&#9;&#9;&#9;&#9;}&#13;&#10;&#9;&#9;&#9;&#9;&#9;&#9;} else {&#13;&#10;&#9;&#9;&#9;&#9;&#9;&#9;&#9;updateMsgBar(&quot;Player &quot; + i + &quot; has no buildings&quot;);&#13;&#10;&#9;&#9;&#9;&#9;&#9;&#9;&#9;selected = false;&#13;&#10;&#9;&#9;&#9;&#9;&#9;&#9;}&#13;&#10;&#13;&#10;&#9;&#9;&#9;&#9;&#9;} else if (n == 1) {&#13;&#10;&#9;&#9;&#9;&#9;&#9;&#9;ArrayList&lt;String&gt; pPlantations = (ArrayList&lt;String&gt;) player&#13;&#10;&#9;&#9;&#9;&#9;&#9;&#9;&#9;&#9;.getPlantationsStringList().clone();&#13;&#10;&#9;&#9;&#9;&#9;&#9;&#9;pPlantations.add(&quot;Go Back&quot;);&#13;&#10;&#9;&#9;&#9;&#9;&#9;&#9;Object[] temp = pPlantations.toArray();&#13;&#10;&#13;&#10;&#9;&#9;&#9;&#9;&#9;&#9;int plantationNum = JOptionPane&#13;&#10;&#9;&#9;&#9;&#9;&#9;&#9;&#9;&#9;.showOptionDialog(&#13;&#10;&#9;&#9;&#9;&#9;&#9;&#9;&#9;&#9;&#9;&#9;this.mainframe,&#13;&#10;&#9;&#9;&#9;&#9;&#9;&#9;&#9;&#9;&#9;&#9;&quot;Give the colonosists a job! \nChoose a plantation&quot;,&#13;&#10;&#9;&#9;&#9;&#9;&#9;&#9;&#9;&#9;&#9;&#9;&quot;Player &quot; + (roleNum),&#13;&#10;&#9;&#9;&#9;&#9;&#9;&#9;&#9;&#9;&#9;&#9;JOptionPane.YES_NO_CANCEL_OPTION,&#13;&#10;&#9;&#9;&#9;&#9;&#9;&#9;&#9;&#9;&#9;&#9;JOptionPane.QUESTION_MESSAGE, null,&#13;&#10;&#9;&#9;&#9;&#9;&#9;&#9;&#9;&#9;&#9;&#9;temp, null);&#13;&#10;&#9;&#9;&#9;&#9;&#9;&#9;if (plantationNum != temp.length - 1) {&#13;&#10;&#9;&#9;&#9;&#9;&#9;&#9;&#9;selected = true;&#13;&#10;&#9;&#9;&#9;&#9;&#9;&#9;} else {&#13;&#10;&#9;&#9;&#9;&#9;&#9;&#9;&#9;// updateMsgBar(&quot;You have no plantions&quot;);&#13;&#10;&#9;&#9;&#9;&#9;&#9;&#9;&#9;selected = false;&#13;&#10;&#9;&#9;&#9;&#9;&#9;&#9;}&#13;&#10;&#9;&#9;&#9;&#9;&#9;} else {&#13;&#10;&#9;&#9;&#9;&#9;&#9;&#9;// Do nothing&#13;&#10;&#9;&#9;&#9;&#9;&#9;&#9;selected = true;&#13;&#10;&#9;&#9;&#9;&#9;&#9;}&#13;&#10;&#9;&#9;&#9;&#9;&#9;player.updatePlayerInfo();&#13;&#10;&#9;&#9;&#9;&#9;}&#13;&#10;&#9;&#9;&#9;&#9;roleNum = (roleNum + 1) % players.size();&#13;&#10;&#13;&#10;&#9;&#9;&#9;}&#13;&#10;&#9;&#9;} else if (role.equals(PlayerRoles.Builder)) {&#13;&#10;&#9;&#9;&#9;Buildings b = new Buildings();&#13;&#10;&#9;&#9;&#9;ArrayList&lt;String&gt; bNames = b.getBuildingNames();&#13;&#10;&#9;&#9;&#9;bNames.add(&quot;Nothing&quot;);&#13;&#10;&#9;&#9;&#9;Object[] options = bNames.toArray();&#13;&#10;&#9;&#9;&#9;// TODO: add condition that builder gets discount,&#13;&#10;&#9;&#9;&#9;for (int i = 0; i &lt; players.size(); i++) {&#13;&#10;&#13;&#10;&#9;&#9;&#9;&#9;player = players.get(roleNum);&#13;&#10;&#9;&#9;&#9;&#9;System.out.println(roleNum);&#13;&#10;&#9;&#9;&#9;&#9;// player = player.next at the end&#13;&#10;&#9;&#9;&#9;&#9;int n = JOptionPane.showOptionDialog(this.mainframe,&#13;&#10;&#9;&#9;&#9;&#9;&#9;&#9;&quot;Choose a building to build!&quot;, &quot;Player &quot; + (roleNum),&#13;&#10;&#9;&#9;&#9;&#9;&#9;&#9;JOptionPane.YES_NO_CANCEL_OPTION,&#13;&#10;&#9;&#9;&#9;&#9;&#9;&#9;JOptionPane.QUESTION_MESSAGE, null, options,&#13;&#10;&#9;&#9;&#9;&#9;&#9;&#9;options[options.length - 1]);&#13;&#10;&#9;&#9;&#9;&#9;if (n != bNames.size() - 1) {&#13;&#10;&#9;&#9;&#9;&#9;&#9;player.addBuilding(new Building(bNames.get(n)));&#13;&#10;&#9;&#9;&#9;&#9;}&#13;&#10;&#9;&#9;&#9;&#9;player.updatePlayerInfo();&#13;&#10;&#9;&#9;&#9;&#9;roleNum = (roleNum + 1) % players.size();&#13;&#10;&#13;&#10;&#9;&#9;&#9;}&#13;&#10;&#9;&#9;} else if (role.equals(PlayerRoles.Settler)) {&#13;&#10;&#9;&#9;&#9;// DONE: kurian&#13;&#10;&#9;&#9;&#9;List&lt;String&gt; gNames = player.getAllGoods();&#13;&#10;&#9;&#9;&#9;gNames.add(&quot;Quarry&quot;);&#13;&#10;&#9;&#9;&#9;Object[] options = gNames.toArray();&#13;&#10;&#9;&#9;&#9;for (int i = 0; i &lt; players.size(); i++) {&#13;&#10;&#13;&#10;&#9;&#9;&#9;&#9;player = players.get(roleNum);&#13;&#10;&#9;&#9;&#9;&#9;// player = player.next at the end&#13;&#10;&#9;&#9;&#9;&#9;int n = JOptionPane.showOptionDialog(this.mainframe,&#13;&#10;&#9;&#9;&#9;&#9;&#9;&#9;&quot;Choose a Good to harvest!&quot;, &quot;Player &quot; + (roleNum),&#13;&#10;&#9;&#9;&#9;&#9;&#9;&#9;JOptionPane.YES_NO_CANCEL_OPTION,&#13;&#10;&#9;&#9;&#9;&#9;&#9;&#9;JOptionPane.QUESTION_MESSAGE, null, options,&#13;&#10;&#9;&#9;&#9;&#9;&#9;&#9;options[options.length - 1]);&#13;&#10;&#9;&#9;&#9;&#9;System.out.println(gNames.get(n));&#13;&#10;&#9;&#9;&#9;&#9;if (n != gNames.size() - 1 &amp;&amp; gNames.get(n) != &quot;Quarry&quot;) {&#13;&#10;&#9;&#9;&#9;&#9;&#9;player.getPlantations().add(&#13;&#10;&#9;&#9;&#9;&#9;&#9;&#9;&#9;new Plantation(gNames.get(n), false));&#13;&#10;&#9;&#9;&#9;&#9;}&#13;&#10;&#9;&#9;&#9;&#9;player.updatePlayerInfo();&#13;&#10;&#9;&#9;&#9;&#9;roleNum = (roleNum + 1) % players.size();&#13;&#10;&#9;&#9;&#9;}&#13;&#10;&#9;&#9;} else if (role.equals(PlayerRoles.Craftsman)) {&#13;&#10;&#9;&#9;&#9;// DONE: kurian&#13;&#10;&#9;&#9;&#9;for (int i = 0; i &lt; players.size(); i++) {&#13;&#10;&#13;&#10;&#9;&#9;&#9;&#9;player = players.get(roleNum);&#13;&#10;&#9;&#9;&#9;&#9;player.checkPlantation();&#13;&#10;&#9;&#9;&#9;&#9;player.updatePlayerInfo();&#13;&#10;&#9;&#9;&#9;&#9;roleNum = (roleNum + 1) % players.size();&#13;&#10;&#13;&#10;&#9;&#9;&#9;}&#13;&#10;&#9;&#9;} else if (role.equals(PlayerRoles.Trader)) {&#13;&#10;&#9;&#9;&#9;// TODO: Min&#13;&#10;&#9;&#9;&#9;for (int i = 0; i &lt; players.size(); i++) {&#13;&#10;&#13;&#10;&#9;&#9;&#9;&#9;player = players.get(roleNum);&#13;&#10;&#9;&#9;&#9;&#9;// TODO:&#13;&#10;&#9;&#9;&#9;&#9;player.updatePlayerInfo();&#13;&#10;&#9;&#9;&#9;&#9;roleNum = (roleNum + 1) % players.size();&#13;&#10;&#13;&#10;&#9;&#9;&#9;}&#13;&#10;&#9;&#9;} else if (role.equals(PlayerRoles.Captain)) {&#13;&#10;&#13;&#10;&#9;&#9;&#9;for (int i = 0; i &lt; players.size(); i++) {&#13;&#10;&#9;&#9;&#9;&#9;// TODO:&#13;&#10;&#9;&#9;&#9;&#9;player = players.get(roleNum);&#13;&#10;&#9;&#9;&#9;&#9;Object[] goodOptions = player.getAllGoods().toArray();&#13;&#10;&#13;&#10;&#9;&#9;&#9;&#9;int good = JOptionPane.showOptionDialog(this.mainframe,&#13;&#10;&#9;&#9;&#9;&#9;&#9;&#9;&quot;Choose a good to ship!&quot;, &quot;Player &quot; + (roleNum),&#13;&#10;&#9;&#9;&#9;&#9;&#9;&#9;JOptionPane.YES_NO_CANCEL_OPTION,&#13;&#10;&#9;&#9;&#9;&#9;&#9;&#9;JOptionPane.QUESTION_MESSAGE, null, goodOptions,&#13;&#10;&#9;&#9;&#9;&#9;&#9;&#9;goodOptions[goodOptions.length - 1]);&#13;&#10;&#13;&#10;&#9;&#9;&#9;&#9;Object[] shipOptions = new Object[3];&#13;&#10;&#9;&#9;&#9;&#9;shipOptions[0] = 4;&#13;&#10;&#9;&#9;&#9;&#9;shipOptions[1] = 5;&#13;&#10;&#9;&#9;&#9;&#9;shipOptions[2] = 6;&#13;&#10;&#9;&#9;&#9;&#9;int ship = JOptionPane.showOptionDialog(this.mainframe,&#13;&#10;&#9;&#9;&#9;&#9;&#9;&#9;&quot;Choose a cargo ship to put good!&quot;, &quot;Player &quot;&#13;&#10;&#9;&#9;&#9;&#9;&#9;&#9;&#9;&#9;+ (roleNum), JOptionPane.YES_NO_CANCEL_OPTION,&#13;&#10;&#9;&#9;&#9;&#9;&#9;&#9;JOptionPane.QUESTION_MESSAGE, null, shipOptions,&#13;&#10;&#9;&#9;&#9;&#9;&#9;&#9;shipOptions[shipOptions.length - 1]);&#13;&#10;&#13;&#10;&#9;&#9;&#9;&#9;if (ship == 0) {&#13;&#10;&#9;&#9;&#9;&#9;&#9;this.gameState.cargoship4Good = (String) goodOptions[good];&#13;&#10;&#9;&#9;&#9;&#9;&#9;this.gameState.cargoship4++;&#13;&#10;&#9;&#9;&#9;&#9;} else if (ship == 1) {&#13;&#10;&#9;&#9;&#9;&#9;&#9;this.gameState.cargoship5Good = (String) goodOptions[good];&#13;&#10;&#9;&#9;&#9;&#9;&#9;this.gameState.cargoship5++;&#13;&#10;&#9;&#9;&#9;&#9;} else if (ship == 2) {&#13;&#10;&#9;&#9;&#9;&#9;&#9;this.gameState.cargoship6Good = (String) goodOptions[good];&#13;&#10;&#9;&#9;&#9;&#9;&#9;this.gameState.cargoship6++;&#13;&#10;&#9;&#9;&#9;&#9;}&#13;&#10;&#13;&#10;&#9;&#9;&#9;&#9;updateGameStateDisplay();&#13;&#10;&#9;&#9;&#9;&#9;player.updatePlayerInfo();&#13;&#10;&#9;&#9;&#9;&#9;roleNum = (roleNum + 1) % players.size();&#13;&#10;&#13;&#10;&#9;&#9;&#9;}&#13;&#10;&#9;&#9;} else if (role.equals(PlayerRoles.Prospector)) {&#13;&#10;&#9;&#9;&#9;// :do nothing&#13;&#10;&#9;&#9;&#9;for (int i = 0; i &lt; players.size(); i++) {&#13;&#10;&#13;&#10;&#9;&#9;&#9;&#9;player = players.get(roleNum);&#13;&#10;&#9;&#9;&#9;&#9;// :&#13;&#10;&#9;&#9;&#9;&#9;player.updatePlayerInfo();&#13;&#10;&#9;&#9;&#9;&#9;roleNum = (roleNum + 1) % players.size();&#13;&#10;&#13;&#10;&#9;&#9;&#9;}&#13;&#10;&#9;&#9;}&#13;&#10;&#13;&#10;&#9;}&#13;&#10;&#13;&#10;}&#13;&#10;" Filename="GameBoardGUI.java" Intrnl_Id="9"/>
<SrcFile Content="package csse376_puerto_rico;&#13;&#10;&#13;&#10;import java.awt.event.ActionEvent;&#13;&#10;import java.awt.event.ActionListener;&#13;&#10;&#13;&#10;import javax.swing.ButtonGroup;&#13;&#10;import javax.swing.JFrame;&#13;&#10;&#13;&#10;public class ButtonHandler implements ActionListener {&#13;&#10;&#9;&#13;&#10;&#9;private JFrame mainframe;&#13;&#10;&#9;private ButtonGroup bGroup;&#13;&#10;&#13;&#10;&#9;public ButtonHandler(JFrame frame, ButtonGroup group) {&#13;&#10;&#9;&#9;this.mainframe = frame;&#13;&#10;&#9;&#9;this.bGroup = group;&#13;&#10;&#9;}&#13;&#10;&#13;&#10;&#9;@Override&#13;&#10;&#9;public void actionPerformed(ActionEvent ae) {&#13;&#10;&#9;&#9;String action = ae.getActionCommand();&#13;&#10;&#9;&#9;if(action.equals(&quot;Quit&quot;)){&#13;&#10;&#9;&#9;&#9;System.exit(0);&#13;&#10;&#9;&#9;}else if(action.equals(&quot;New Game&quot;)){&#13;&#10;&#9;&#9;&#9;new StartUpGameBoardGUI(this.mainframe);&#13;&#10;&#9;&#9;}else if(action.equals(&quot;Start&quot;)){&#13;&#10;&#9;&#9;&#9;new GameBoardGUI(this.mainframe, this.bGroup);&#13;&#10;&#9;&#9;}else if(action.equals(&quot;Add Points&quot;)){&#13;&#10;&#9;&#9;&#9;&#13;&#10;&#9;&#9;}&#13;&#10;&#9;}&#13;&#10;&#13;&#10;}&#13;&#10;" Filename="ButtonHandler.java" Intrnl_Id="10"/>
<SrcFile Content="package csse376_puerto_rico;&#13;&#10;&#13;&#10;import java.util.ArrayList;&#13;&#10;import java.util.Arrays;&#13;&#10;import java.util.List;&#13;&#10;&#13;&#10;public class Buildings {&#13;&#10;&#13;&#10;&#9;private ArrayList&lt;Building&gt; buildings;&#13;&#10;&#9;private ArrayList&lt;String&gt; buildingNames = new ArrayList&lt;String&gt;(Arrays.asList(&quot;Small Indigo Plant&quot;,&#13;&#10;&#9;&#9;&#9;&quot;Small Sugar Mill&quot;, &quot;Small Market&quot;, &quot;Hacienda&quot;, &quot;ConstructionHut&quot;,&#13;&#10;&#9;&#9;&#9;&quot;Small Warehouse&quot;, &quot;Indigo Plant&quot;, &quot;Surgar Mill&quot;, &quot;Hospice&quot;));&#13;&#10;&#13;&#10;&#9;public Buildings() {&#13;&#10;&#9;&#9;buildings = new ArrayList&lt;Building&gt;();&#13;&#10;&#9;&#9;// TODO:&#13;&#10;&#9;&#9;// add&#13;&#10;&#9;&#9;// more&#13;&#10;&#13;&#10;&#9;&#9;for (String name : buildingNames) {&#13;&#10;&#9;&#9;&#9;buildings.add(new Building(name));&#13;&#10;&#9;&#9;}&#13;&#10;&#13;&#10;&#9;}&#13;&#10;&#13;&#10;&#9;public ArrayList&lt;Building&gt; getBuildings() {&#13;&#10;&#13;&#10;&#9;&#9;return buildings;&#13;&#10;&#9;}&#13;&#10;&#13;&#10;&#9;public ArrayList&lt;String&gt; getBuildingNames() {&#13;&#10;&#9;&#9;return buildingNames;&#13;&#10;&#9;}&#13;&#10;&#13;&#10;&#9;public static class Building {&#13;&#10;&#13;&#10;&#9;&#9;public String name;&#13;&#10;&#9;&#9;public int cost;&#13;&#10;&#9;&#9;public int points;&#13;&#10;&#9;&#9;public int numberOfJobs;&#13;&#10;&#9;&#9;public int numberOfWorkers;&#13;&#10;&#13;&#10;&#9;&#9;public Building(String name) {&#13;&#10;&#9;&#9;&#9;this.name = name;&#13;&#10;&#9;&#9;&#9;switch (name) {&#13;&#10;&#9;&#9;&#9;case &quot;Small Indigo Plant&quot;:&#13;&#10;&#9;&#9;&#9;&#9;cost = 1;&#13;&#10;&#9;&#9;&#9;&#9;points = 1;&#13;&#10;&#9;&#9;&#9;&#9;numberOfJobs = 1;&#13;&#10;&#9;&#9;&#9;&#9;numberOfWorkers = 0;&#13;&#10;&#9;&#9;&#9;&#9;break;&#13;&#10;&#13;&#10;&#9;&#9;&#9;// TODO: Add all cases for all buildings&#13;&#10;&#9;&#9;&#9;default:&#13;&#10;&#9;&#9;&#9;&#9;cost = 0;&#13;&#10;&#9;&#9;&#9;&#9;points = 0;&#13;&#10;&#9;&#9;&#9;&#9;numberOfJobs = 0;&#13;&#10;&#9;&#9;&#9;&#9;numberOfWorkers = 0;&#13;&#10;&#9;&#9;&#9;}&#13;&#10;&#9;&#9;}&#13;&#10;&#9;}&#13;&#10;}&#13;&#10;" Filename="Buildings.java" Intrnl_Id="11"/>
</SrcFileList>
<CritList>
<CritListEntry Name="org.codecover.model.utils.criteria.LoopCoverage" PluginName="org.codecover"/>
<CritListEntry Name="org.codecover.model.utils.criteria.BranchCoverage" PluginName="org.codecover"/>
<CritListEntry Name="org.codecover.model.utils.criteria.ConditionCoverage" PluginName="org.codecover"/>
<CritListEntry Name="org.codecover.model.utils.criteria.SynchronizedStatementCoverage" PluginName="org.codecover"/>
<CritListEntry Name="org.codecover.model.utils.criteria.QMOCoverage" PluginName="org.codecover"/>
<CritListEntry Name="org.codecover.model.utils.criteria.StatementCoverage" PluginName="org.codecover"/>
</CritList>
<BoolOpList>
<BoolOp Arity="1" Intrnl_Id="12" Name="not (!)">
<BoolAssgnmntBoolMapList>
<MapEntry BoolAssgnmnt="0" Value="true"/>
<MapEntry BoolAssgnmnt="1" Value="false"/>
</BoolAssgnmntBoolMapList>
</BoolOp>
<BoolOp Arity="2" Intrnl_Id="13" Name="conditional and (&amp;&amp;)">
<BoolAssgnmntBoolMapList>
<MapEntry BoolAssgnmnt="10" Value="false"/>
<MapEntry BoolAssgnmnt="02" Value="false"/>
<MapEntry BoolAssgnmnt="11" Value="true"/>
</BoolAssgnmntBoolMapList>
</BoolOp>
<BoolOp Arity="2" Intrnl_Id="14" Name="conditional or (||)">
<BoolAssgnmntBoolMapList>
<MapEntry BoolAssgnmnt="01" Value="true"/>
<MapEntry BoolAssgnmnt="00" Value="false"/>
<MapEntry BoolAssgnmnt="12" Value="true"/>
</BoolAssgnmntBoolMapList>
</BoolOp>
</BoolOpList>
<HierarchyLvlTypeList>
<HierarchyLvlType EnglishName="package" IntrnlName="package" Intrnl_Id="15"/>
<HierarchyLvlType EnglishName="class" IntrnlName="class" Intrnl_Id="16"/>
<HierarchyLvlType EnglishName="method" IntrnlName="method" Intrnl_Id="17"/>
<HierarchyLvlType EnglishName="default package" IntrnlName="default package" Intrnl_Id="18"/>
<HierarchyLvlType EnglishName="anonymous class" IntrnlName="class" Intrnl_Id="19"/>
</HierarchyLvlTypeList>
<MASTRoot>
<HierarchyLvl HierarchyLvlId="1112" HierarchyLvlTypeId="18" Intrnl_Id="20" Name="default package">
<Header/>
<LocList/>
<HierarchyLvl HierarchyLvlId="1111" HierarchyLvlTypeId="15" Intrnl_Id="21" Name="csse376_puerto_rico">
<Header/>
<LocList/>
<HierarchyLvl HierarchyLvlId="1027" HierarchyLvlTypeId="16" Intrnl_Id="22" Name="StartUpGameBoardGUI">
<Header>
<Loc EndOffset="234" SrcFileId="1" StartOffset="202"/>
</Header>
<LocList>
<Loc EndOffset="1071" SrcFileId="1" StartOffset="202"/>
</LocList>
<HierarchyLvl HierarchyLvlId="1026" HierarchyLvlTypeId="17" Intrnl_Id="23" Name="StartUpGameBoardGUI">
<Header>
<Loc EndOffset="307" SrcFileId="1" StartOffset="267"/>
</Header>
<LocList>
<Loc EndOffset="1068" SrcFileId="1" StartOffset="267"/>
</LocList>
<StmntSeq Intrnl_Id="24">
<LocList>
<Loc EndOffset="335" SrcFileId="1" StartOffset="312"/>
<Loc EndOffset="382" SrcFileId="1" StartOffset="338"/>
<Loc EndOffset="430" SrcFileId="1" StartOffset="385"/>
<Loc EndOffset="475" SrcFileId="1" StartOffset="433"/>
<Loc EndOffset="520" SrcFileId="1" StartOffset="478"/>
<Loc EndOffset="556" SrcFileId="1" StartOffset="524"/>
<Loc EndOffset="600" SrcFileId="1" StartOffset="562"/>
<Loc EndOffset="650" SrcFileId="1" StartOffset="603"/>
<Loc EndOffset="701" SrcFileId="1" StartOffset="653"/>
<Loc EndOffset="752" SrcFileId="1" StartOffset="704"/>
<Loc EndOffset="770" SrcFileId="1" StartOffset="755"/>
<Loc EndOffset="788" SrcFileId="1" StartOffset="773"/>
<Loc EndOffset="806" SrcFileId="1" StartOffset="791"/>
<Loc EndOffset="855" SrcFileId="1" StartOffset="812"/>
<Loc EndOffset="930" SrcFileId="1" StartOffset="858"/>
<Loc EndOffset="955" SrcFileId="1" StartOffset="936"/>
<Loc EndOffset="977" SrcFileId="1" StartOffset="958"/>
<Loc EndOffset="999" SrcFileId="1" StartOffset="980"/>
<Loc EndOffset="1029" SrcFileId="1" StartOffset="1002"/>
<Loc EndOffset="1065" SrcFileId="1" StartOffset="1035"/>
</LocList>
<BasicStmnt CovItemId="S1" CovItemPrefix="csse376_puerto_rico.StartUpGameBoardGUI.java" Intrnl_Id="25">
<LocList>
<Loc EndOffset="335" SrcFileId="1" StartOffset="312"/>
</LocList>
</BasicStmnt>
<BasicStmnt CovItemId="S2" CovItemPrefix="csse376_puerto_rico.StartUpGameBoardGUI.java" Intrnl_Id="26">
<LocList>
<Loc EndOffset="382" SrcFileId="1" StartOffset="338"/>
</LocList>
</BasicStmnt>
<BasicStmnt CovItemId="S3" CovItemPrefix="csse376_puerto_rico.StartUpGameBoardGUI.java" Intrnl_Id="27">
<LocList>
<Loc EndOffset="430" SrcFileId="1" StartOffset="385"/>
</LocList>
</BasicStmnt>
<BasicStmnt CovItemId="S4" CovItemPrefix="csse376_puerto_rico.StartUpGameBoardGUI.java" Intrnl_Id="28">
<LocList>
<Loc EndOffset="475" SrcFileId="1" StartOffset="433"/>
</LocList>
</BasicStmnt>
<BasicStmnt CovItemId="S5" CovItemPrefix="csse376_puerto_rico.StartUpGameBoardGUI.java" Intrnl_Id="29">
<LocList>
<Loc EndOffset="520" SrcFileId="1" StartOffset="478"/>
</LocList>
</BasicStmnt>
<BasicStmnt CovItemId="S6" CovItemPrefix="csse376_puerto_rico.StartUpGameBoardGUI.java" Intrnl_Id="30">
<LocList>
<Loc EndOffset="556" SrcFileId="1" StartOffset="524"/>
</LocList>
</BasicStmnt>
<BasicStmnt CovItemId="S7" CovItemPrefix="csse376_puerto_rico.StartUpGameBoardGUI.java" Intrnl_Id="31">
<LocList>
<Loc EndOffset="600" SrcFileId="1" StartOffset="562"/>
</LocList>
</BasicStmnt>
<BasicStmnt CovItemId="S8" CovItemPrefix="csse376_puerto_rico.StartUpGameBoardGUI.java" Intrnl_Id="32">
<LocList>
<Loc EndOffset="650" SrcFileId="1" StartOffset="603"/>
</LocList>
</BasicStmnt>
<BasicStmnt CovItemId="S9" CovItemPrefix="csse376_puerto_rico.StartUpGameBoardGUI.java" Intrnl_Id="33">
<LocList>
<Loc EndOffset="701" SrcFileId="1" StartOffset="653"/>
</LocList>
</BasicStmnt>
<BasicStmnt CovItemId="S10" CovItemPrefix="csse376_puerto_rico.StartUpGameBoardGUI.java" Intrnl_Id="34">
<LocList>
<Loc EndOffset="752" SrcFileId="1" StartOffset="704"/>
</LocList>
</BasicStmnt>
<BasicStmnt CovItemId="S11" CovItemPrefix="csse376_puerto_rico.StartUpGameBoardGUI.java" Intrnl_Id="35">
<LocList>
<Loc EndOffset="770" SrcFileId="1" StartOffset="755"/>
</LocList>
</BasicStmnt>
<BasicStmnt CovItemId="S12" CovItemPrefix="csse376_puerto_rico.StartUpGameBoardGUI.java" Intrnl_Id="36">
<LocList>
<Loc EndOffset="788" SrcFileId="1" StartOffset="773"/>
</LocList>
</BasicStmnt>
<BasicStmnt CovItemId="S13" CovItemPrefix="csse376_puerto_rico.StartUpGameBoardGUI.java" Intrnl_Id="37">
<LocList>
<Loc EndOffset="806" SrcFileId="1" StartOffset="791"/>
</LocList>
</BasicStmnt>
<BasicStmnt CovItemId="S14" CovItemPrefix="csse376_puerto_rico.StartUpGameBoardGUI.java" Intrnl_Id="38">
<LocList>
<Loc EndOffset="855" SrcFileId="1" StartOffset="812"/>
</LocList>
</BasicStmnt>
<BasicStmnt CovItemId="S15" CovItemPrefix="csse376_puerto_rico.StartUpGameBoardGUI.java" Intrnl_Id="39">
<LocList>
<Loc EndOffset="930" SrcFileId="1" StartOffset="858"/>
</LocList>
</BasicStmnt>
<BasicStmnt CovItemId="S16" CovItemPrefix="csse376_puerto_rico.StartUpGameBoardGUI.java" Intrnl_Id="40">
<LocList>
<Loc EndOffset="955" SrcFileId="1" StartOffset="936"/>
</LocList>
</BasicStmnt>
<BasicStmnt CovItemId="S17" CovItemPrefix="csse376_puerto_rico.StartUpGameBoardGUI.java" Intrnl_Id="41">
<LocList>
<Loc EndOffset="977" SrcFileId="1" StartOffset="958"/>
</LocList>
</BasicStmnt>
<BasicStmnt CovItemId="S18" CovItemPrefix="csse376_puerto_rico.StartUpGameBoardGUI.java" Intrnl_Id="42">
<LocList>
<Loc EndOffset="999" SrcFileId="1" StartOffset="980"/>
</LocList>
</BasicStmnt>
<BasicStmnt CovItemId="S19" CovItemPrefix="csse376_puerto_rico.StartUpGameBoardGUI.java" Intrnl_Id="43">
<LocList>
<Loc EndOffset="1029" SrcFileId="1" StartOffset="1002"/>
</LocList>
</BasicStmnt>
<BasicStmnt CovItemId="S20" CovItemPrefix="csse376_puerto_rico.StartUpGameBoardGUI.java" Intrnl_Id="44">
<LocList>
<Loc EndOffset="1065" SrcFileId="1" StartOffset="1035"/>
</LocList>
</BasicStmnt>
</StmntSeq>
</HierarchyLvl>
</HierarchyLvl>
<HierarchyLvl HierarchyLvlId="1030" HierarchyLvlTypeId="16" Intrnl_Id="45" Name="PlayerRoles">
<Header>
<Loc EndOffset="184" SrcFileId="2" StartOffset="160"/>
</Header>
<LocList>
<Loc EndOffset="862" SrcFileId="2" StartOffset="160"/>
</LocList>
<StmntSeq Intrnl_Id="46">
<LocList>
<Loc EndOffset="236" SrcFileId="2" StartOffset="189"/>
<Loc EndOffset="286" SrcFileId="2" StartOffset="239"/>
<Loc EndOffset="340" SrcFileId="2" StartOffset="289"/>
<Loc EndOffset="388" SrcFileId="2" StartOffset="343"/>
<Loc EndOffset="438" SrcFileId="2" StartOffset="391"/>
<Loc EndOffset="494" SrcFileId="2" StartOffset="441"/>
<Loc EndOffset="540" SrcFileId="2" StartOffset="497"/>
</LocList>
<BasicStmnt CovItemId="S1" CovItemPrefix="csse376_puerto_rico.PlayerRoles.java" Intrnl_Id="47">
<LocList>
<Loc EndOffset="236" SrcFileId="2" StartOffset="189"/>
</LocList>
</BasicStmnt>
<BasicStmnt CovItemId="S2" CovItemPrefix="csse376_puerto_rico.PlayerRoles.java" Intrnl_Id="48">
<LocList>
<Loc EndOffset="286" SrcFileId="2" StartOffset="239"/>
</LocList>
</BasicStmnt>
<BasicStmnt CovItemId="S3" CovItemPrefix="csse376_puerto_rico.PlayerRoles.java" Intrnl_Id="49">
<LocList>
<Loc EndOffset="340" SrcFileId="2" StartOffset="289"/>
</LocList>
</BasicStmnt>
<BasicStmnt CovItemId="S4" CovItemPrefix="csse376_puerto_rico.PlayerRoles.java" Intrnl_Id="50">
<LocList>
<Loc EndOffset="388" SrcFileId="2" StartOffset="343"/>
</LocList>
</BasicStmnt>
<BasicStmnt CovItemId="S5" CovItemPrefix="csse376_puerto_rico.PlayerRoles.java" Intrnl_Id="51">
<LocList>
<Loc EndOffset="438" SrcFileId="2" StartOffset="391"/>
</LocList>
</BasicStmnt>
<BasicStmnt CovItemId="S6" CovItemPrefix="csse376_puerto_rico.PlayerRoles.java" Intrnl_Id="52">
<LocList>
<Loc EndOffset="494" SrcFileId="2" StartOffset="441"/>
</LocList>
</BasicStmnt>
<BasicStmnt CovItemId="S7" CovItemPrefix="csse376_puerto_rico.PlayerRoles.java" Intrnl_Id="53">
<LocList>
<Loc EndOffset="540" SrcFileId="2" StartOffset="497"/>
</LocList>
</BasicStmnt>
</StmntSeq>
<HierarchyLvl HierarchyLvlId="1028" HierarchyLvlTypeId="17" Intrnl_Id="54" Name="PlayerRoles">
<Header>
<Loc EndOffset="566" SrcFileId="2" StartOffset="545"/>
</Header>
<LocList>
<Loc EndOffset="595" SrcFileId="2" StartOffset="545"/>
</LocList>
</HierarchyLvl>
<HierarchyLvl HierarchyLvlId="1029" HierarchyLvlTypeId="17" Intrnl_Id="55" Name="getValues">
<Header>
<Loc EndOffset="638" SrcFileId="2" StartOffset="600"/>
</Header>
<LocList>
<Loc EndOffset="859" SrcFileId="2" StartOffset="600"/>
</LocList>
<StmntSeq Intrnl_Id="56">
<LocList>
<Loc EndOffset="687" SrcFileId="2" StartOffset="644"/>
<Loc EndOffset="710" SrcFileId="2" StartOffset="693"/>
<Loc EndOffset="731" SrcFileId="2" StartOffset="714"/>
<Loc EndOffset="754" SrcFileId="2" StartOffset="735"/>
<Loc EndOffset="774" SrcFileId="2" StartOffset="758"/>
<Loc EndOffset="795" SrcFileId="2" StartOffset="778"/>
<Loc EndOffset="819" SrcFileId="2" StartOffset="799"/>
<Loc EndOffset="838" SrcFileId="2" StartOffset="823"/>
<Loc EndOffset="855" SrcFileId="2" StartOffset="844"/>
</LocList>
<BasicStmnt CovItemId="S8" CovItemPrefix="csse376_puerto_rico.PlayerRoles.java" Intrnl_Id="57">
<LocList>
<Loc EndOffset="687" SrcFileId="2" StartOffset="644"/>
</LocList>
</BasicStmnt>
<BasicStmnt CovItemId="S9" CovItemPrefix="csse376_puerto_rico.PlayerRoles.java" Intrnl_Id="58">
<LocList>
<Loc EndOffset="710" SrcFileId="2" StartOffset="693"/>
</LocList>
</BasicStmnt>
<BasicStmnt CovItemId="S10" CovItemPrefix="csse376_puerto_rico.PlayerRoles.java" Intrnl_Id="59">
<LocList>
<Loc EndOffset="731" SrcFileId="2" StartOffset="714"/>
</LocList>
</BasicStmnt>
<BasicStmnt CovItemId="S11" CovItemPrefix="csse376_puerto_rico.PlayerRoles.java" Intrnl_Id="60">
<LocList>
<Loc EndOffset="754" SrcFileId="2" StartOffset="735"/>
</LocList>
</BasicStmnt>
<BasicStmnt CovItemId="S12" CovItemPrefix="csse376_puerto_rico.PlayerRoles.java" Intrnl_Id="61">
<LocList>
<Loc EndOffset="774" SrcFileId="2" StartOffset="758"/>
</LocList>
</BasicStmnt>
<BasicStmnt CovItemId="S13" CovItemPrefix="csse376_puerto_rico.PlayerRoles.java" Intrnl_Id="62">
<LocList>
<Loc EndOffset="795" SrcFileId="2" StartOffset="778"/>
</LocList>
</BasicStmnt>
<BasicStmnt CovItemId="S14" CovItemPrefix="csse376_puerto_rico.PlayerRoles.java" Intrnl_Id="63">
<LocList>
<Loc EndOffset="819" SrcFileId="2" StartOffset="799"/>
</LocList>
</BasicStmnt>
<BasicStmnt CovItemId="S15" CovItemPrefix="csse376_puerto_rico.PlayerRoles.java" Intrnl_Id="64">
<LocList>
<Loc EndOffset="838" SrcFileId="2" StartOffset="823"/>
</LocList>
</BasicStmnt>
<BasicStmnt CovItemId="S16" CovItemPrefix="csse376_puerto_rico.PlayerRoles.java" Intrnl_Id="65">
<LocList>
<Loc EndOffset="855" SrcFileId="2" StartOffset="844"/>
</LocList>
</BasicStmnt>
</StmntSeq>
</HierarchyLvl>
</HierarchyLvl>
<HierarchyLvl HierarchyLvlId="1062" HierarchyLvlTypeId="16" Intrnl_Id="66" Name="Player">
<Header>
<Loc EndOffset="242" SrcFileId="3" StartOffset="223"/>
</Header>
<LocList>
<Loc EndOffset="495" SrcFileId="3" StartOffset="223"/>
<Loc EndOffset="771" SrcFileId="3" StartOffset="766"/>
<Loc EndOffset="5643" SrcFileId="3" StartOffset="975"/>
</LocList>
<StmntSeq Intrnl_Id="67">
<LocList>
<Loc EndOffset="419" SrcFileId="3" StartOffset="396"/>
<Loc EndOffset="490" SrcFileId="3" StartOffset="424"/>
<Loc EndOffset="1052" SrcFileId="3" StartOffset="980"/>
<Loc EndOffset="1127" SrcFileId="3" StartOffset="1055"/>
<Loc EndOffset="1190" SrcFileId="3" StartOffset="1130"/>
</LocList>
<BasicStmnt CovItemId="S1" CovItemPrefix="csse376_puerto_rico.Player.java" Intrnl_Id="68">
<LocList>
<Loc EndOffset="419" SrcFileId="3" StartOffset="396"/>
</LocList>
</BasicStmnt>
<BasicStmnt CovItemId="S2" CovItemPrefix="csse376_puerto_rico.Player.java" Intrnl_Id="69">
<LocList>
<Loc EndOffset="490" SrcFileId="3" StartOffset="424"/>
</LocList>
</BasicStmnt>
<BasicStmnt CovItemId="S5" CovItemPrefix="csse376_puerto_rico.Player.java" Intrnl_Id="70">
<LocList>
<Loc EndOffset="1052" SrcFileId="3" StartOffset="980"/>
</LocList>
</BasicStmnt>
<BasicStmnt CovItemId="S6" CovItemPrefix="csse376_puerto_rico.Player.java" Intrnl_Id="71">
<LocList>
<Loc EndOffset="1127" SrcFileId="3" StartOffset="1055"/>
</LocList>
</BasicStmnt>
<BasicStmnt CovItemId="S7" CovItemPrefix="csse376_puerto_rico.Player.java" Intrnl_Id="72">
<LocList>
<Loc EndOffset="1190" SrcFileId="3" StartOffset="1130"/>
</LocList>
</BasicStmnt>
</StmntSeq>
<HierarchyLvl HierarchyLvlId="1031" HierarchyLvlTypeId="16" Intrnl_Id="73" Name="Good">
<Header>
<Loc EndOffset="519" SrcFileId="3" StartOffset="495"/>
</Header>
<LocList>
<Loc EndOffset="766" SrcFileId="3" StartOffset="495"/>
</LocList>
</HierarchyLvl>
<HierarchyLvl HierarchyLvlId="1033" HierarchyLvlTypeId="16" Intrnl_Id="74" Name="Plantation">
<Header>
<Loc EndOffset="801" SrcFileId="3" StartOffset="771"/>
</Header>
<LocList>
<Loc EndOffset="975" SrcFileId="3" StartOffset="771"/>
</LocList>
<HierarchyLvl HierarchyLvlId="1032" HierarchyLvlTypeId="17" Intrnl_Id="75" Name="Plantation">
<Header>
<Loc EndOffset="910" SrcFileId="3" StartOffset="861"/>
</Header>
<LocList>
<Loc EndOffset="971" SrcFileId="3" StartOffset="861"/>
</LocList>
<StmntSeq Intrnl_Id="76">
<LocList>
<Loc EndOffset="934" SrcFileId="3" StartOffset="917"/>
<Loc EndOffset="966" SrcFileId="3" StartOffset="939"/>
</LocList>
<BasicStmnt CovItemId="S3" CovItemPrefix="csse376_puerto_rico.Player.java" Intrnl_Id="77">
<LocList>
<Loc EndOffset="934" SrcFileId="3" StartOffset="917"/>
</LocList>
</BasicStmnt>
<BasicStmnt CovItemId="S4" CovItemPrefix="csse376_puerto_rico.Player.java" Intrnl_Id="78">
<LocList>
<Loc EndOffset="966" SrcFileId="3" StartOffset="939"/>
</LocList>
</BasicStmnt>
</StmntSeq>
</HierarchyLvl>
</HierarchyLvl>
<HierarchyLvl HierarchyLvlId="1034" HierarchyLvlTypeId="17" Intrnl_Id="79" Name="Player">
<Header>
<Loc EndOffset="1249" SrcFileId="3" StartOffset="1234"/>
</Header>
<LocList>
<Loc EndOffset="1446" SrcFileId="3" StartOffset="1234"/>
</LocList>
<StmntSeq Intrnl_Id="80">
<LocList>
<Loc EndOffset="1274" SrcFileId="3" StartOffset="1255"/>
<Loc EndOffset="1292" SrcFileId="3" StartOffset="1278"/>
<Loc EndOffset="1311" SrcFileId="3" StartOffset="1296"/>
<Loc EndOffset="1339" SrcFileId="3" StartOffset="1315"/>
<Loc EndOffset="1370" SrcFileId="3" StartOffset="1343"/>
<Loc EndOffset="1442" SrcFileId="3" StartOffset="1374"/>
</LocList>
<BasicStmnt CovItemId="S8" CovItemPrefix="csse376_puerto_rico.Player.java" Intrnl_Id="81">
<LocList>
<Loc EndOffset="1274" SrcFileId="3" StartOffset="1255"/>
</LocList>
</BasicStmnt>
<BasicStmnt CovItemId="S9" CovItemPrefix="csse376_puerto_rico.Player.java" Intrnl_Id="82">
<LocList>
<Loc EndOffset="1292" SrcFileId="3" StartOffset="1278"/>
</LocList>
</BasicStmnt>
<BasicStmnt CovItemId="S10" CovItemPrefix="csse376_puerto_rico.Player.java" Intrnl_Id="83">
<LocList>
<Loc EndOffset="1311" SrcFileId="3" StartOffset="1296"/>
</LocList>
</BasicStmnt>
<BasicStmnt CovItemId="S11" CovItemPrefix="csse376_puerto_rico.Player.java" Intrnl_Id="84">
<LocList>
<Loc EndOffset="1339" SrcFileId="3" StartOffset="1315"/>
</LocList>
</BasicStmnt>
<BasicStmnt CovItemId="S12" CovItemPrefix="csse376_puerto_rico.Player.java" Intrnl_Id="85">
<LocList>
<Loc EndOffset="1370" SrcFileId="3" StartOffset="1343"/>
</LocList>
</BasicStmnt>
<LoopStmnt CovItemId="S13" CovItemPrefix="csse376_puerto_rico.Player.java" Intrnl_Id="86" MltplExecId="L1-2" MltplExecPrefix="csse376_puerto_rico.Player.java" NvrExecId="L1-0" NvrExecPrefix="csse376_puerto_rico.Player.java" OnceExecutedId="L1-1" OnceExecutedPrefix="csse376_puerto_rico.Player.java" OptBodyExec="true">
<StmntSeq Intrnl_Id="87">
<LocList>
<Loc EndOffset="1437" SrcFileId="3" StartOffset="1416"/>
</LocList>
<BasicStmnt CovItemId="S14" CovItemPrefix="csse376_puerto_rico.Player.java" Intrnl_Id="88">
<LocList>
<Loc EndOffset="1437" SrcFileId="3" StartOffset="1416"/>
</LocList>
</BasicStmnt>
</StmntSeq>
<Keyword EndOffset="1377" SrcFileId="3" StartOffset="1374"/>
<LocList>
<Loc EndOffset="1442" SrcFileId="3" StartOffset="1374"/>
</LocList>
</LoopStmnt>
</StmntSeq>
</HierarchyLvl>
<HierarchyLvl HierarchyLvlId="1035" HierarchyLvlTypeId="17" Intrnl_Id="89" Name="Player">
<Header>
<Loc EndOffset="1477" SrcFileId="3" StartOffset="1451"/>
</Header>
<LocList>
<Loc EndOffset="1671" SrcFileId="3" StartOffset="1451"/>
</LocList>
<StmntSeq Intrnl_Id="90">
<LocList>
<Loc EndOffset="1500" SrcFileId="3" StartOffset="1483"/>
<Loc EndOffset="1523" SrcFileId="3" StartOffset="1504"/>
<Loc EndOffset="1551" SrcFileId="3" StartOffset="1527"/>
<Loc EndOffset="1575" SrcFileId="3" StartOffset="1555"/>
<Loc EndOffset="1595" SrcFileId="3" StartOffset="1579"/>
<Loc EndOffset="1667" SrcFileId="3" StartOffset="1599"/>
</LocList>
<BasicStmnt CovItemId="S15" CovItemPrefix="csse376_puerto_rico.Player.java" Intrnl_Id="91">
<LocList>
<Loc EndOffset="1500" SrcFileId="3" StartOffset="1483"/>
</LocList>
</BasicStmnt>
<BasicStmnt CovItemId="S16" CovItemPrefix="csse376_puerto_rico.Player.java" Intrnl_Id="92">
<LocList>
<Loc EndOffset="1523" SrcFileId="3" StartOffset="1504"/>
</LocList>
</BasicStmnt>
<BasicStmnt CovItemId="S17" CovItemPrefix="csse376_puerto_rico.Player.java" Intrnl_Id="93">
<LocList>
<Loc EndOffset="1551" SrcFileId="3" StartOffset="1527"/>
</LocList>
</BasicStmnt>
<BasicStmnt CovItemId="S18" CovItemPrefix="csse376_puerto_rico.Player.java" Intrnl_Id="94">
<LocList>
<Loc EndOffset="1575" SrcFileId="3" StartOffset="1555"/>
</LocList>
</BasicStmnt>
<BasicStmnt CovItemId="S19" CovItemPrefix="csse376_puerto_rico.Player.java" Intrnl_Id="95">
<LocList>
<Loc EndOffset="1595" SrcFileId="3" StartOffset="1579"/>
</LocList>
</BasicStmnt>
<LoopStmnt CovItemId="S20" CovItemPrefix="csse376_puerto_rico.Player.java" Intrnl_Id="96" MltplExecId="L2-2" MltplExecPrefix="csse376_puerto_rico.Player.java" NvrExecId="L2-0" NvrExecPrefix="csse376_puerto_rico.Player.java" OnceExecutedId="L2-1" OnceExecutedPrefix="csse376_puerto_rico.Player.java" OptBodyExec="true">
<StmntSeq Intrnl_Id="97">
<LocList>
<Loc EndOffset="1662" SrcFileId="3" StartOffset="1641"/>
</LocList>
<BasicStmnt CovItemId="S21" CovItemPrefix="csse376_puerto_rico.Player.java" Intrnl_Id="98">
<LocList>
<Loc EndOffset="1662" SrcFileId="3" StartOffset="1641"/>
</LocList>
</BasicStmnt>
</StmntSeq>
<Keyword EndOffset="1602" SrcFileId="3" StartOffset="1599"/>
<LocList>
<Loc EndOffset="1667" SrcFileId="3" StartOffset="1599"/>
</LocList>
</LoopStmnt>
</StmntSeq>
</HierarchyLvl>
<HierarchyLvl HierarchyLvlId="1036" HierarchyLvlTypeId="17" Intrnl_Id="99" Name="setPlayerNum">
<Header>
<Loc EndOffset="1707" SrcFileId="3" StartOffset="1676"/>
</Header>
<LocList>
<Loc EndOffset="1733" SrcFileId="3" StartOffset="1676"/>
</LocList>
<StmntSeq Intrnl_Id="100">
<LocList>
<Loc EndOffset="1727" SrcFileId="3" StartOffset="1713"/>
</LocList>
<BasicStmnt CovItemId="S22" CovItemPrefix="csse376_puerto_rico.Player.java" Intrnl_Id="101">
<LocList>
<Loc EndOffset="1727" SrcFileId="3" StartOffset="1713"/>
</LocList>
</BasicStmnt>
</StmntSeq>
</HierarchyLvl>
<HierarchyLvl HierarchyLvlId="1037" HierarchyLvlTypeId="17" Intrnl_Id="102" Name="getPlayerNum">
<Header>
<Loc EndOffset="1763" SrcFileId="3" StartOffset="1738"/>
</Header>
<LocList>
<Loc EndOffset="1790" SrcFileId="3" StartOffset="1738"/>
</LocList>
<StmntSeq Intrnl_Id="103">
<LocList>
<Loc EndOffset="1786" SrcFileId="3" StartOffset="1769"/>
</LocList>
<BasicStmnt CovItemId="S23" CovItemPrefix="csse376_puerto_rico.Player.java" Intrnl_Id="104">
<LocList>
<Loc EndOffset="1786" SrcFileId="3" StartOffset="1769"/>
</LocList>
</BasicStmnt>
</StmntSeq>
</HierarchyLvl>
<HierarchyLvl HierarchyLvlId="1038" HierarchyLvlTypeId="17" Intrnl_Id="105" Name="getRole">
<Header>
<Loc EndOffset="1818" SrcFileId="3" StartOffset="1795"/>
</Header>
<LocList>
<Loc EndOffset="1845" SrcFileId="3" StartOffset="1795"/>
</LocList>
<StmntSeq Intrnl_Id="106">
<LocList>
<Loc EndOffset="1841" SrcFileId="3" StartOffset="1824"/>
</LocList>
<BasicStmnt CovItemId="S24" CovItemPrefix="csse376_puerto_rico.Player.java" Intrnl_Id="107">
<LocList>
<Loc EndOffset="1841" SrcFileId="3" StartOffset="1824"/>
</LocList>
</BasicStmnt>
</StmntSeq>
</HierarchyLvl>
<HierarchyLvl HierarchyLvlId="1039" HierarchyLvlTypeId="17" Intrnl_Id="108" Name="getRoles">
<Header>
<Loc EndOffset="1887" SrcFileId="3" StartOffset="1850"/>
</Header>
<LocList>
<Loc EndOffset="1912" SrcFileId="3" StartOffset="1850"/>
</LocList>
<StmntSeq Intrnl_Id="109">
<LocList>
<Loc EndOffset="1908" SrcFileId="3" StartOffset="1895"/>
</LocList>
<BasicStmnt CovItemId="S25" CovItemPrefix="csse376_puerto_rico.Player.java" Intrnl_Id="110">
<LocList>
<Loc EndOffset="1908" SrcFileId="3" StartOffset="1895"/>
</LocList>
</BasicStmnt>
</StmntSeq>
</HierarchyLvl>
<HierarchyLvl HierarchyLvlId="1040" HierarchyLvlTypeId="17" Intrnl_Id="111" Name="getPoints">
<Header>
<Loc EndOffset="1939" SrcFileId="3" StartOffset="1917"/>
</Header>
<LocList>
<Loc EndOffset="1963" SrcFileId="3" StartOffset="1917"/>
</LocList>
<StmntSeq Intrnl_Id="112">
<LocList>
<Loc EndOffset="1959" SrcFileId="3" StartOffset="1945"/>
</LocList>
<BasicStmnt CovItemId="S26" CovItemPrefix="csse376_puerto_rico.Player.java" Intrnl_Id="113">
<LocList>
<Loc EndOffset="1959" SrcFileId="3" StartOffset="1945"/>
</LocList>
</BasicStmnt>
</StmntSeq>
</HierarchyLvl>
<HierarchyLvl HierarchyLvlId="1041" HierarchyLvlTypeId="17" Intrnl_Id="114" Name="getHUD">
<Header>
<Loc EndOffset="1993" SrcFileId="3" StartOffset="1968"/>
</Header>
<LocList>
<Loc EndOffset="2019" SrcFileId="3" StartOffset="1968"/>
</LocList>
<StmntSeq Intrnl_Id="115">
<LocList>
<Loc EndOffset="2015" SrcFileId="3" StartOffset="1999"/>
</LocList>
<BasicStmnt CovItemId="S27" CovItemPrefix="csse376_puerto_rico.Player.java" Intrnl_Id="116">
<LocList>
<Loc EndOffset="2015" SrcFileId="3" StartOffset="1999"/>
</LocList>
</BasicStmnt>
</StmntSeq>
</HierarchyLvl>
<HierarchyLvl HierarchyLvlId="1042" HierarchyLvlTypeId="17" Intrnl_Id="117" Name="setHUD">
<Header>
<Loc EndOffset="2057" SrcFileId="3" StartOffset="2024"/>
</Header>
<LocList>
<Loc EndOffset="2082" SrcFileId="3" StartOffset="2024"/>
</LocList>
<StmntSeq Intrnl_Id="118">
<LocList>
<Loc EndOffset="2078" SrcFileId="3" StartOffset="2063"/>
</LocList>
<BasicStmnt CovItemId="S28" CovItemPrefix="csse376_puerto_rico.Player.java" Intrnl_Id="119">
<LocList>
<Loc EndOffset="2078" SrcFileId="3" StartOffset="2063"/>
</LocList>
</BasicStmnt>
</StmntSeq>
</HierarchyLvl>
<HierarchyLvl HierarchyLvlId="1043" HierarchyLvlTypeId="17" Intrnl_Id="120" Name="isGovernor">
<Header>
<Loc EndOffset="2114" SrcFileId="3" StartOffset="2087"/>
</Header>
<LocList>
<Loc EndOffset="2142" SrcFileId="3" StartOffset="2087"/>
</LocList>
<StmntSeq Intrnl_Id="121">
<LocList>
<Loc EndOffset="2138" SrcFileId="3" StartOffset="2120"/>
</LocList>
<BasicStmnt CovItemId="S29" CovItemPrefix="csse376_puerto_rico.Player.java" Intrnl_Id="122">
<LocList>
<Loc EndOffset="2138" SrcFileId="3" StartOffset="2120"/>
</LocList>
</BasicStmnt>
</StmntSeq>
</HierarchyLvl>
<HierarchyLvl HierarchyLvlId="1044" HierarchyLvlTypeId="17" Intrnl_Id="123" Name="addPoints">
<Header>
<Loc EndOffset="2182" SrcFileId="3" StartOffset="2147"/>
</Header>
<LocList>
<Loc EndOffset="2229" SrcFileId="3" StartOffset="2147"/>
</LocList>
<StmntSeq Intrnl_Id="124">
<LocList>
<Loc EndOffset="2225" SrcFileId="3" StartOffset="2188"/>
</LocList>
<BasicStmnt CovItemId="S30" CovItemPrefix="csse376_puerto_rico.Player.java" Intrnl_Id="125">
<LocList>
<Loc EndOffset="2225" SrcFileId="3" StartOffset="2188"/>
</LocList>
</BasicStmnt>
</StmntSeq>
</HierarchyLvl>
<HierarchyLvl HierarchyLvlId="1045" HierarchyLvlTypeId="17" Intrnl_Id="126" Name="setPoints">
<Header>
<Loc EndOffset="2284" SrcFileId="3" StartOffset="2251"/>
</Header>
<LocList>
<Loc EndOffset="2364" SrcFileId="3" StartOffset="2251"/>
</LocList>
<StmntSeq Intrnl_Id="127">
<LocList>
<Loc EndOffset="2360" SrcFileId="3" StartOffset="2339"/>
</LocList>
<BasicStmnt CovItemId="S31" CovItemPrefix="csse376_puerto_rico.Player.java" Intrnl_Id="128">
<LocList>
<Loc EndOffset="2360" SrcFileId="3" StartOffset="2339"/>
</LocList>
</BasicStmnt>
</StmntSeq>
</HierarchyLvl>
<HierarchyLvl HierarchyLvlId="1046" HierarchyLvlTypeId="17" Intrnl_Id="129" Name="setRole">
<Header>
<Loc EndOffset="2403" SrcFileId="3" StartOffset="2369"/>
</Header>
<LocList>
<Loc EndOffset="2432" SrcFileId="3" StartOffset="2369"/>
</LocList>
<StmntSeq Intrnl_Id="130">
<LocList>
<Loc EndOffset="2428" SrcFileId="3" StartOffset="2409"/>
</LocList>
<BasicStmnt CovItemId="S32" CovItemPrefix="csse376_puerto_rico.Player.java" Intrnl_Id="131">
<LocList>
<Loc EndOffset="2428" SrcFileId="3" StartOffset="2409"/>
</LocList>
</BasicStmnt>
</StmntSeq>
</HierarchyLvl>
<HierarchyLvl HierarchyLvlId="1047" HierarchyLvlTypeId="17" Intrnl_Id="132" Name="addBuilding">
<Header>
<Loc EndOffset="2479" SrcFileId="3" StartOffset="2437"/>
</Header>
<LocList>
<Loc EndOffset="2513" SrcFileId="3" StartOffset="2437"/>
</LocList>
<StmntSeq Intrnl_Id="133">
<LocList>
<Loc EndOffset="2509" SrcFileId="3" StartOffset="2485"/>
</LocList>
<BasicStmnt CovItemId="S33" CovItemPrefix="csse376_puerto_rico.Player.java" Intrnl_Id="134">
<LocList>
<Loc EndOffset="2509" SrcFileId="3" StartOffset="2485"/>
</LocList>
</BasicStmnt>
</StmntSeq>
</HierarchyLvl>
<HierarchyLvl HierarchyLvlId="1048" HierarchyLvlTypeId="17" Intrnl_Id="135" Name="getBuildingsStringList">
<Header>
<Loc EndOffset="2567" SrcFileId="3" StartOffset="2518"/>
</Header>
<LocList>
<Loc EndOffset="2705" SrcFileId="3" StartOffset="2518"/>
</LocList>
<StmntSeq Intrnl_Id="136">
<LocList>
<Loc EndOffset="2621" SrcFileId="3" StartOffset="2573"/>
<Loc EndOffset="2686" SrcFileId="3" StartOffset="2625"/>
<Loc EndOffset="2701" SrcFileId="3" StartOffset="2690"/>
</LocList>
<BasicStmnt CovItemId="S34" CovItemPrefix="csse376_puerto_rico.Player.java" Intrnl_Id="137">
<LocList>
<Loc EndOffset="2621" SrcFileId="3" StartOffset="2573"/>
</LocList>
</BasicStmnt>
<LoopStmnt CovItemId="S35" CovItemPrefix="csse376_puerto_rico.Player.java" Intrnl_Id="138" MltplExecId="L3-2" MltplExecPrefix="csse376_puerto_rico.Player.java" NvrExecId="L3-0" NvrExecPrefix="csse376_puerto_rico.Player.java" OnceExecutedId="L3-1" OnceExecutedPrefix="csse376_puerto_rico.Player.java" OptBodyExec="true">
<StmntSeq Intrnl_Id="139">
<LocList>
<Loc EndOffset="2681" SrcFileId="3" StartOffset="2665"/>
</LocList>
<BasicStmnt CovItemId="S36" CovItemPrefix="csse376_puerto_rico.Player.java" Intrnl_Id="140">
<LocList>
<Loc EndOffset="2681" SrcFileId="3" StartOffset="2665"/>
</LocList>
</BasicStmnt>
</StmntSeq>
<Keyword EndOffset="2628" SrcFileId="3" StartOffset="2625"/>
<LocList>
<Loc EndOffset="2686" SrcFileId="3" StartOffset="2625"/>
</LocList>
</LoopStmnt>
<BasicStmnt CovItemId="S37" CovItemPrefix="csse376_puerto_rico.Player.java" Intrnl_Id="141">
<LocList>
<Loc EndOffset="2701" SrcFileId="3" StartOffset="2690"/>
</LocList>
</BasicStmnt>
</StmntSeq>
</HierarchyLvl>
<HierarchyLvl HierarchyLvlId="1049" HierarchyLvlTypeId="17" Intrnl_Id="142" Name="getBuildings">
<Header>
<Loc EndOffset="2751" SrcFileId="3" StartOffset="2710"/>
</Header>
<LocList>
<Loc EndOffset="2783" SrcFileId="3" StartOffset="2710"/>
</LocList>
<StmntSeq Intrnl_Id="143">
<LocList>
<Loc EndOffset="2779" SrcFileId="3" StartOffset="2757"/>
</LocList>
<BasicStmnt CovItemId="S38" CovItemPrefix="csse376_puerto_rico.Player.java" Intrnl_Id="144">
<LocList>
<Loc EndOffset="2779" SrcFileId="3" StartOffset="2757"/>
</LocList>
</BasicStmnt>
</StmntSeq>
</HierarchyLvl>
<HierarchyLvl HierarchyLvlId="1050" HierarchyLvlTypeId="17" Intrnl_Id="145" Name="getGoods">
<Header>
<Loc EndOffset="2818" SrcFileId="3" StartOffset="2788"/>
</Header>
<LocList>
<Loc EndOffset="3364" SrcFileId="3" StartOffset="2788"/>
</LocList>
<StmntSeq Intrnl_Id="146">
<LocList>
<Loc EndOffset="2873" SrcFileId="3" StartOffset="2830"/>
<Loc EndOffset="2957" SrcFileId="3" StartOffset="2877"/>
<Loc EndOffset="3044" SrcFileId="3" StartOffset="2961"/>
<Loc EndOffset="3117" SrcFileId="3" StartOffset="3048"/>
<Loc EndOffset="3193" SrcFileId="3" StartOffset="3121"/>
<Loc EndOffset="3277" SrcFileId="3" StartOffset="3197"/>
<Loc EndOffset="3345" SrcFileId="3" StartOffset="3281"/>
<Loc EndOffset="3360" SrcFileId="3" StartOffset="3349"/>
</LocList>
<BasicStmnt CovItemId="S39" CovItemPrefix="csse376_puerto_rico.Player.java" Intrnl_Id="147">
<LocList>
<Loc EndOffset="2873" SrcFileId="3" StartOffset="2830"/>
</LocList>
</BasicStmnt>
<BasicStmnt CovItemId="S40" CovItemPrefix="csse376_puerto_rico.Player.java" Intrnl_Id="148">
<LocList>
<Loc EndOffset="2957" SrcFileId="3" StartOffset="2877"/>
</LocList>
</BasicStmnt>
<BasicStmnt CovItemId="S41" CovItemPrefix="csse376_puerto_rico.Player.java" Intrnl_Id="149">
<LocList>
<Loc EndOffset="3044" SrcFileId="3" StartOffset="2961"/>
</LocList>
</BasicStmnt>
<BasicStmnt CovItemId="S42" CovItemPrefix="csse376_puerto_rico.Player.java" Intrnl_Id="150">
<LocList>
<Loc EndOffset="3117" SrcFileId="3" StartOffset="3048"/>
</LocList>
</BasicStmnt>
<BasicStmnt CovItemId="S43" CovItemPrefix="csse376_puerto_rico.Player.java" Intrnl_Id="151">
<LocList>
<Loc EndOffset="3193" SrcFileId="3" StartOffset="3121"/>
</LocList>
</BasicStmnt>
<BasicStmnt CovItemId="S44" CovItemPrefix="csse376_puerto_rico.Player.java" Intrnl_Id="152">
<LocList>
<Loc EndOffset="3277" SrcFileId="3" StartOffset="3197"/>
</LocList>
</BasicStmnt>
<BasicStmnt CovItemId="S45" CovItemPrefix="csse376_puerto_rico.Player.java" Intrnl_Id="153">
<LocList>
<Loc EndOffset="3345" SrcFileId="3" StartOffset="3281"/>
</LocList>
</BasicStmnt>
<BasicStmnt CovItemId="S46" CovItemPrefix="csse376_puerto_rico.Player.java" Intrnl_Id="154">
<LocList>
<Loc EndOffset="3360" SrcFileId="3" StartOffset="3349"/>
</LocList>
</BasicStmnt>
</StmntSeq>
</HierarchyLvl>
<HierarchyLvl HierarchyLvlId="1051" HierarchyLvlTypeId="17" Intrnl_Id="155" Name="getNumberOfGood">
<Header>
<Loc EndOffset="3408" SrcFileId="3" StartOffset="3369"/>
</Header>
<LocList>
<Loc EndOffset="3549" SrcFileId="3" StartOffset="3369"/>
</LocList>
<StmntSeq Intrnl_Id="156">
<LocList>
<Loc EndOffset="3511" SrcFileId="3" StartOffset="3457"/>
<Loc EndOffset="3543" SrcFileId="3" StartOffset="3515"/>
</LocList>
<CondStmnt CovItemId="S47" CovItemPrefix="csse376_puerto_rico.Player.java" Intrnl_Id="157">
<Branch CovItemId="B1" CovItemPrefix="csse376_puerto_rico.Player.java" Implct="false" Intrnl_Id="158">
<Cond/>
<LocList>
<Loc EndOffset="3511" SrcFileId="3" StartOffset="3491"/>
</LocList>
<StmntSeq Intrnl_Id="159">
<LocList>
<Loc EndOffset="3506" SrcFileId="3" StartOffset="3497"/>
</LocList>
<BasicStmnt CovItemId="S48" CovItemPrefix="csse376_puerto_rico.Player.java" Intrnl_Id="160">
<LocList>
<Loc EndOffset="3506" SrcFileId="3" StartOffset="3497"/>
</LocList>
</BasicStmnt>
</StmntSeq>
</Branch>
<Branch CovItemId="B2" CovItemPrefix="csse376_puerto_rico.Player.java" Implct="true" Intrnl_Id="161">
<Cond/>
<LocList/>
<StmntSeq Intrnl_Id="162">
<LocList/>
</StmntSeq>
</Branch>
<Keyword EndOffset="3459" SrcFileId="3" StartOffset="3457"/>
<LocList>
<Loc EndOffset="3511" SrcFileId="3" StartOffset="3457"/>
</LocList>
<RootTerm CovItemId="C1" CovItemPrefix="csse376_puerto_rico.Player.java" Intrnl_Id="163">
<BasicBoolTerm Intrnl_Id="164">
<LocList>
<Loc EndOffset="3489" SrcFileId="3" StartOffset="3461"/>
</LocList>
</BasicBoolTerm>
</RootTerm>
</CondStmnt>
<BasicStmnt CovItemId="S49" CovItemPrefix="csse376_puerto_rico.Player.java" Intrnl_Id="165">
<LocList>
<Loc EndOffset="3543" SrcFileId="3" StartOffset="3515"/>
</LocList>
</BasicStmnt>
</StmntSeq>
</HierarchyLvl>
<HierarchyLvl HierarchyLvlId="1052" HierarchyLvlTypeId="17" Intrnl_Id="166" Name="getAllGoods">
<Header>
<Loc EndOffset="3587" SrcFileId="3" StartOffset="3554"/>
</Header>
<LocList>
<Loc EndOffset="3753" SrcFileId="3" StartOffset="3554"/>
</LocList>
<StmntSeq Intrnl_Id="167">
<LocList>
<Loc EndOffset="3636" SrcFileId="3" StartOffset="3593"/>
<Loc EndOffset="3734" SrcFileId="3" StartOffset="3640"/>
<Loc EndOffset="3749" SrcFileId="3" StartOffset="3738"/>
</LocList>
<BasicStmnt CovItemId="S50" CovItemPrefix="csse376_puerto_rico.Player.java" Intrnl_Id="168">
<LocList>
<Loc EndOffset="3636" SrcFileId="3" StartOffset="3593"/>
</LocList>
</BasicStmnt>
<BasicStmnt CovItemId="S51" CovItemPrefix="csse376_puerto_rico.Player.java" Intrnl_Id="169">
<LocList>
<Loc EndOffset="3734" SrcFileId="3" StartOffset="3640"/>
</LocList>
</BasicStmnt>
<BasicStmnt CovItemId="S52" CovItemPrefix="csse376_puerto_rico.Player.java" Intrnl_Id="170">
<LocList>
<Loc EndOffset="3749" SrcFileId="3" StartOffset="3738"/>
</LocList>
</BasicStmnt>
</StmntSeq>
</HierarchyLvl>
<HierarchyLvl HierarchyLvlId="1053" HierarchyLvlTypeId="17" Intrnl_Id="171" Name="addGood">
<Header>
<Loc EndOffset="3802" SrcFileId="3" StartOffset="3758"/>
</Header>
<LocList>
<Loc EndOffset="3902" SrcFileId="3" StartOffset="3758"/>
</LocList>
<StmntSeq Intrnl_Id="172">
<LocList>
<Loc EndOffset="3898" SrcFileId="3" StartOffset="3846"/>
</LocList>
<BasicStmnt CovItemId="S53" CovItemPrefix="csse376_puerto_rico.Player.java" Intrnl_Id="173">
<LocList>
<Loc EndOffset="3898" SrcFileId="3" StartOffset="3846"/>
</LocList>
</BasicStmnt>
</StmntSeq>
</HierarchyLvl>
<HierarchyLvl HierarchyLvlId="1054" HierarchyLvlTypeId="17" Intrnl_Id="174" Name="toString">
<Header>
<Loc EndOffset="3943" SrcFileId="3" StartOffset="3907"/>
</Header>
<LocList>
<Loc EndOffset="4759" SrcFileId="3" StartOffset="3907"/>
</LocList>
<StmntSeq Intrnl_Id="175">
<LocList>
<Loc EndOffset="3965" SrcFileId="3" StartOffset="3949"/>
<Loc EndOffset="3994" SrcFileId="3" StartOffset="3969"/>
<Loc EndOffset="4044" SrcFileId="3" StartOffset="3998"/>
<Loc EndOffset="4075" SrcFileId="3" StartOffset="4048"/>
<Loc EndOffset="4201" SrcFileId="3" StartOffset="4079"/>
<Loc EndOffset="4313" SrcFileId="3" StartOffset="4205"/>
<Loc EndOffset="4740" SrcFileId="3" StartOffset="4317"/>
<Loc EndOffset="4755" SrcFileId="3" StartOffset="4744"/>
</LocList>
<BasicStmnt CovItemId="S54" CovItemPrefix="csse376_puerto_rico.Player.java" Intrnl_Id="176">
<LocList>
<Loc EndOffset="3965" SrcFileId="3" StartOffset="3949"/>
</LocList>
</BasicStmnt>
<BasicStmnt CovItemId="S55" CovItemPrefix="csse376_puerto_rico.Player.java" Intrnl_Id="177">
<LocList>
<Loc EndOffset="3994" SrcFileId="3" StartOffset="3969"/>
</LocList>
</BasicStmnt>
<BasicStmnt CovItemId="S56" CovItemPrefix="csse376_puerto_rico.Player.java" Intrnl_Id="178">
<LocList>
<Loc EndOffset="4044" SrcFileId="3" StartOffset="3998"/>
</LocList>
</BasicStmnt>
<BasicStmnt CovItemId="S57" CovItemPrefix="csse376_puerto_rico.Player.java" Intrnl_Id="179">
<LocList>
<Loc EndOffset="4075" SrcFileId="3" StartOffset="4048"/>
</LocList>
</BasicStmnt>
<LoopStmnt CovItemId="S58" CovItemPrefix="csse376_puerto_rico.Player.java" Intrnl_Id="180" MltplExecId="L4-2" MltplExecPrefix="csse376_puerto_rico.Player.java" NvrExecId="L4-0" NvrExecPrefix="csse376_puerto_rico.Player.java" OnceExecutedId="L4-1" OnceExecutedPrefix="csse376_puerto_rico.Player.java" OptBodyExec="true">
<StmntSeq Intrnl_Id="181">
<LocList>
<Loc EndOffset="4196" SrcFileId="3" StartOffset="4133"/>
</LocList>
<BasicStmnt CovItemId="S59" CovItemPrefix="csse376_puerto_rico.Player.java" Intrnl_Id="182">
<LocList>
<Loc EndOffset="4196" SrcFileId="3" StartOffset="4133"/>
</LocList>
</BasicStmnt>
</StmntSeq>
<Keyword EndOffset="4082" SrcFileId="3" StartOffset="4079"/>
<LocList>
<Loc EndOffset="4201" SrcFileId="3" StartOffset="4079"/>
</LocList>
<RootTerm CovItemId="C2" CovItemPrefix="csse376_puerto_rico.Player.java" Intrnl_Id="183">
<BasicBoolTerm Intrnl_Id="184">
<LocList>
<Loc EndOffset="4120" SrcFileId="3" StartOffset="4095"/>
</LocList>
</BasicBoolTerm>
</RootTerm>
</LoopStmnt>
<LoopStmnt CovItemId="S60" CovItemPrefix="csse376_puerto_rico.Player.java" Intrnl_Id="185" MltplExecId="L5-2" MltplExecPrefix="csse376_puerto_rico.Player.java" NvrExecId="L5-0" NvrExecPrefix="csse376_puerto_rico.Player.java" OnceExecutedId="L5-1" OnceExecutedPrefix="csse376_puerto_rico.Player.java" OptBodyExec="true">
<StmntSeq Intrnl_Id="186">
<LocList>
<Loc EndOffset="4308" SrcFileId="3" StartOffset="4261"/>
</LocList>
<BasicStmnt CovItemId="S61" CovItemPrefix="csse376_puerto_rico.Player.java" Intrnl_Id="187">
<LocList>
<Loc EndOffset="4308" SrcFileId="3" StartOffset="4261"/>
</LocList>
</BasicStmnt>
</StmntSeq>
<Keyword EndOffset="4208" SrcFileId="3" StartOffset="4205"/>
<LocList>
<Loc EndOffset="4313" SrcFileId="3" StartOffset="4205"/>
</LocList>
<RootTerm CovItemId="C3" CovItemPrefix="csse376_puerto_rico.Player.java" Intrnl_Id="188">
<BasicBoolTerm Intrnl_Id="189">
<LocList>
<Loc EndOffset="4248" SrcFileId="3" StartOffset="4221"/>
</LocList>
</BasicBoolTerm>
</RootTerm>
</LoopStmnt>
<CondStmnt CovItemId="S62" CovItemPrefix="csse376_puerto_rico.Player.java" Intrnl_Id="190">
<Branch CovItemId="B3" CovItemPrefix="csse376_puerto_rico.Player.java" Implct="false" Intrnl_Id="191">
<Cond/>
<LocList>
<Loc EndOffset="4539" SrcFileId="3" StartOffset="4333"/>
</LocList>
<StmntSeq Intrnl_Id="192">
<LocList>
<Loc EndOffset="4534" SrcFileId="3" StartOffset="4339"/>
</LocList>
<BasicStmnt CovItemId="S63" CovItemPrefix="csse376_puerto_rico.Player.java" Intrnl_Id="193">
<LocList>
<Loc EndOffset="4534" SrcFileId="3" StartOffset="4339"/>
</LocList>
</BasicStmnt>
</StmntSeq>
</Branch>
<Branch CovItemId="B4" CovItemPrefix="csse376_puerto_rico.Player.java" Implct="false" Intrnl_Id="194">
<Cond>
<Loc EndOffset="4544" SrcFileId="3" StartOffset="4540"/>
</Cond>
<LocList>
<Loc EndOffset="4740" SrcFileId="3" StartOffset="4545"/>
</LocList>
<StmntSeq Intrnl_Id="195">
<LocList>
<Loc EndOffset="4735" SrcFileId="3" StartOffset="4551"/>
</LocList>
<BasicStmnt CovItemId="S64" CovItemPrefix="csse376_puerto_rico.Player.java" Intrnl_Id="196">
<LocList>
<Loc EndOffset="4735" SrcFileId="3" StartOffset="4551"/>
</LocList>
</BasicStmnt>
</StmntSeq>
</Branch>
<Keyword EndOffset="4319" SrcFileId="3" StartOffset="4317"/>
<LocList>
<Loc EndOffset="4740" SrcFileId="3" StartOffset="4317"/>
</LocList>
<RootTerm CovItemId="C4" CovItemPrefix="csse376_puerto_rico.Player.java" Intrnl_Id="197">
<BasicBoolTerm Intrnl_Id="198">
<LocList>
<Loc EndOffset="4331" SrcFileId="3" StartOffset="4321"/>
</LocList>
</BasicBoolTerm>
</RootTerm>
</CondStmnt>
<BasicStmnt CovItemId="S65" CovItemPrefix="csse376_puerto_rico.Player.java" Intrnl_Id="199">
<LocList>
<Loc EndOffset="4755" SrcFileId="3" StartOffset="4744"/>
</LocList>
</BasicStmnt>
</StmntSeq>
</HierarchyLvl>
<HierarchyLvl HierarchyLvlId="1055" HierarchyLvlTypeId="17" Intrnl_Id="200" Name="updatePlayerInfo">
<Header>
<Loc EndOffset="4794" SrcFileId="3" StartOffset="4764"/>
</Header>
<LocList>
<Loc EndOffset="4838" SrcFileId="3" StartOffset="4764"/>
</LocList>
<StmntSeq Intrnl_Id="201">
<LocList>
<Loc EndOffset="4834" SrcFileId="3" StartOffset="4800"/>
</LocList>
<BasicStmnt CovItemId="S66" CovItemPrefix="csse376_puerto_rico.Player.java" Intrnl_Id="202">
<LocList>
<Loc EndOffset="4834" SrcFileId="3" StartOffset="4800"/>
</LocList>
</BasicStmnt>
</StmntSeq>
</HierarchyLvl>
<HierarchyLvl HierarchyLvlId="1056" HierarchyLvlTypeId="17" Intrnl_Id="203" Name="getPlantations">
<Header>
<Loc EndOffset="4888" SrcFileId="3" StartOffset="4843"/>
</Header>
<LocList>
<Loc EndOffset="4922" SrcFileId="3" StartOffset="4843"/>
</LocList>
<StmntSeq Intrnl_Id="204">
<LocList>
<Loc EndOffset="4918" SrcFileId="3" StartOffset="4894"/>
</LocList>
<BasicStmnt CovItemId="S67" CovItemPrefix="csse376_puerto_rico.Player.java" Intrnl_Id="205">
<LocList>
<Loc EndOffset="4918" SrcFileId="3" StartOffset="4894"/>
</LocList>
</BasicStmnt>
</StmntSeq>
</HierarchyLvl>
<HierarchyLvl HierarchyLvlId="1057" HierarchyLvlTypeId="17" Intrnl_Id="206" Name="addPlantations">
<Header>
<Loc EndOffset="4967" SrcFileId="3" StartOffset="4925"/>
</Header>
<LocList>
<Loc EndOffset="5003" SrcFileId="3" StartOffset="4925"/>
</LocList>
<StmntSeq Intrnl_Id="207">
<LocList>
<Loc EndOffset="4999" SrcFileId="3" StartOffset="4973"/>
</LocList>
<BasicStmnt CovItemId="S68" CovItemPrefix="csse376_puerto_rico.Player.java" Intrnl_Id="208">
<LocList>
<Loc EndOffset="4999" SrcFileId="3" StartOffset="4973"/>
</LocList>
</BasicStmnt>
</StmntSeq>
</HierarchyLvl>
<HierarchyLvl HierarchyLvlId="1058" HierarchyLvlTypeId="17" Intrnl_Id="209" Name="getPlantationsStringList">
<Header>
<Loc EndOffset="5057" SrcFileId="3" StartOffset="5006"/>
</Header>
<LocList>
<Loc EndOffset="5199" SrcFileId="3" StartOffset="5006"/>
</LocList>
<StmntSeq Intrnl_Id="210">
<LocList>
<Loc EndOffset="5111" SrcFileId="3" StartOffset="5063"/>
<Loc EndOffset="5180" SrcFileId="3" StartOffset="5115"/>
<Loc EndOffset="5195" SrcFileId="3" StartOffset="5184"/>
</LocList>
<BasicStmnt CovItemId="S69" CovItemPrefix="csse376_puerto_rico.Player.java" Intrnl_Id="211">
<LocList>
<Loc EndOffset="5111" SrcFileId="3" StartOffset="5063"/>
</LocList>
</BasicStmnt>
<LoopStmnt CovItemId="S70" CovItemPrefix="csse376_puerto_rico.Player.java" Intrnl_Id="212" MltplExecId="L6-2" MltplExecPrefix="csse376_puerto_rico.Player.java" NvrExecId="L6-0" NvrExecPrefix="csse376_puerto_rico.Player.java" OnceExecutedId="L6-1" OnceExecutedPrefix="csse376_puerto_rico.Player.java" OptBodyExec="true">
<StmntSeq Intrnl_Id="213">
<LocList>
<Loc EndOffset="5175" SrcFileId="3" StartOffset="5159"/>
</LocList>
<BasicStmnt CovItemId="S71" CovItemPrefix="csse376_puerto_rico.Player.java" Intrnl_Id="214">
<LocList>
<Loc EndOffset="5175" SrcFileId="3" StartOffset="5159"/>
</LocList>
</BasicStmnt>
</StmntSeq>
<Keyword EndOffset="5118" SrcFileId="3" StartOffset="5115"/>
<LocList>
<Loc EndOffset="5180" SrcFileId="3" StartOffset="5115"/>
</LocList>
</LoopStmnt>
<BasicStmnt CovItemId="S72" CovItemPrefix="csse376_puerto_rico.Player.java" Intrnl_Id="215">
<LocList>
<Loc EndOffset="5195" SrcFileId="3" StartOffset="5184"/>
</LocList>
</BasicStmnt>
</StmntSeq>
</HierarchyLvl>
<HierarchyLvl HierarchyLvlId="1059" HierarchyLvlTypeId="17" Intrnl_Id="216" Name="checkPlantation">
<Header>
<Loc EndOffset="5356" SrcFileId="3" StartOffset="5327"/>
</Header>
<LocList>
<Loc EndOffset="5501" SrcFileId="3" StartOffset="5327"/>
</LocList>
<StmntSeq Intrnl_Id="217">
<LocList>
<Loc EndOffset="5497" SrcFileId="3" StartOffset="5362"/>
</LocList>
<LoopStmnt CovItemId="S73" CovItemPrefix="csse376_puerto_rico.Player.java" Intrnl_Id="218" MltplExecId="L7-2" MltplExecPrefix="csse376_puerto_rico.Player.java" NvrExecId="L7-0" NvrExecPrefix="csse376_puerto_rico.Player.java" OnceExecutedId="L7-1" OnceExecutedPrefix="csse376_puerto_rico.Player.java" OptBodyExec="true">
<StmntSeq Intrnl_Id="219">
<LocList>
<Loc EndOffset="5492" SrcFileId="3" StartOffset="5406"/>
</LocList>
<CondStmnt CovItemId="S74" CovItemPrefix="csse376_puerto_rico.Player.java" Intrnl_Id="220">
<Branch CovItemId="B5" CovItemPrefix="csse376_puerto_rico.Player.java" Implct="false" Intrnl_Id="221">
<Cond/>
<LocList>
<Loc EndOffset="5492" SrcFileId="3" StartOffset="5423"/>
</LocList>
<StmntSeq Intrnl_Id="222">
<LocList>
<Loc EndOffset="5486" SrcFileId="3" StartOffset="5462"/>
</LocList>
<BasicStmnt CovItemId="S75" CovItemPrefix="csse376_puerto_rico.Player.java" Intrnl_Id="223">
<LocList>
<Loc EndOffset="5486" SrcFileId="3" StartOffset="5462"/>
</LocList>
</BasicStmnt>
</StmntSeq>
</Branch>
<Branch CovItemId="B6" CovItemPrefix="csse376_puerto_rico.Player.java" Implct="true" Intrnl_Id="224">
<Cond/>
<LocList/>
<StmntSeq Intrnl_Id="225">
<LocList/>
</StmntSeq>
</Branch>
<Keyword EndOffset="5408" SrcFileId="3" StartOffset="5406"/>
<LocList>
<Loc EndOffset="5492" SrcFileId="3" StartOffset="5406"/>
</LocList>
<RootTerm CovItemId="C5" CovItemPrefix="csse376_puerto_rico.Player.java" Intrnl_Id="226">
<BasicBoolTerm Intrnl_Id="227">
<LocList>
<Loc EndOffset="5421" SrcFileId="3" StartOffset="5410"/>
</LocList>
</BasicBoolTerm>
</RootTerm>
</CondStmnt>
</StmntSeq>
<Keyword EndOffset="5365" SrcFileId="3" StartOffset="5362"/>
<LocList>
<Loc EndOffset="5497" SrcFileId="3" StartOffset="5362"/>
</LocList>
</LoopStmnt>
</StmntSeq>
</HierarchyLvl>
<HierarchyLvl HierarchyLvlId="1060" HierarchyLvlTypeId="17" Intrnl_Id="228" Name="getDoubloons">
<Header>
<Loc EndOffset="5532" SrcFileId="3" StartOffset="5507"/>
</Header>
<LocList>
<Loc EndOffset="5566" SrcFileId="3" StartOffset="5507"/>
</LocList>
<StmntSeq Intrnl_Id="229">
<LocList>
<Loc EndOffset="5562" SrcFileId="3" StartOffset="5540"/>
</LocList>
<BasicStmnt CovItemId="S76" CovItemPrefix="csse376_puerto_rico.Player.java" Intrnl_Id="230">
<LocList>
<Loc EndOffset="5562" SrcFileId="3" StartOffset="5540"/>
</LocList>
</BasicStmnt>
</StmntSeq>
</HierarchyLvl>
<HierarchyLvl HierarchyLvlId="1061" HierarchyLvlTypeId="17" Intrnl_Id="231" Name="setDoubloons">
<Header>
<Loc EndOffset="5605" SrcFileId="3" StartOffset="5572"/>
</Header>
<LocList>
<Loc EndOffset="5638" SrcFileId="3" StartOffset="5572"/>
</LocList>
<StmntSeq Intrnl_Id="232">
<LocList>
<Loc EndOffset="5634" SrcFileId="3" StartOffset="5613"/>
</LocList>
<BasicStmnt CovItemId="S77" CovItemPrefix="csse376_puerto_rico.Player.java" Intrnl_Id="233">
<LocList>
<Loc EndOffset="5634" SrcFileId="3" StartOffset="5613"/>
</LocList>
</BasicStmnt>
</StmntSeq>
</HierarchyLvl>
</HierarchyLvl>
<HierarchyLvl HierarchyLvlId="1067" HierarchyLvlTypeId="16" Intrnl_Id="234" Name="NextMoveButton">
<Header>
<Loc EndOffset="236" SrcFileId="4" StartOffset="193"/>
</Header>
<LocList>
<Loc EndOffset="1535" SrcFileId="4" StartOffset="193"/>
</LocList>
<HierarchyLvl HierarchyLvlId="1065" HierarchyLvlTypeId="17" Intrnl_Id="235" Name="NextMoveButton">
<Header>
<Loc EndOffset="298" SrcFileId="4" StartOffset="275"/>
</Header>
<LocList>
<Loc EndOffset="886" SrcFileId="4" StartOffset="275"/>
</LocList>
<StmntSeq Intrnl_Id="236">
<LocList>
<Loc EndOffset="337" SrcFileId="4" StartOffset="306"/>
<Loc EndOffset="399" SrcFileId="4" StartOffset="341"/>
<Loc EndOffset="426" SrcFileId="4" StartOffset="403"/>
<Loc EndOffset="446" SrcFileId="4" StartOffset="430"/>
<Loc EndOffset="473" SrcFileId="4" StartOffset="450"/>
<Loc EndOffset="882" SrcFileId="4" StartOffset="880"/>
</LocList>
<BasicStmnt CovItemId="S1" CovItemPrefix="csse376_puerto_rico.NextMoveButton.java" Intrnl_Id="237">
<LocList>
<Loc EndOffset="337" SrcFileId="4" StartOffset="306"/>
</LocList>
</BasicStmnt>
<BasicStmnt CovItemId="S2" CovItemPrefix="csse376_puerto_rico.NextMoveButton.java" Intrnl_Id="238">
<LocList>
<Loc EndOffset="399" SrcFileId="4" StartOffset="341"/>
</LocList>
</BasicStmnt>
<BasicStmnt CovItemId="S3" CovItemPrefix="csse376_puerto_rico.NextMoveButton.java" Intrnl_Id="239">
<LocList>
<Loc EndOffset="426" SrcFileId="4" StartOffset="403"/>
</LocList>
</BasicStmnt>
<BasicStmnt CovItemId="S4" CovItemPrefix="csse376_puerto_rico.NextMoveButton.java" Intrnl_Id="240">
<LocList>
<Loc EndOffset="446" SrcFileId="4" StartOffset="430"/>
</LocList>
</BasicStmnt>
<BasicStmnt CovItemId="S5" CovItemPrefix="csse376_puerto_rico.NextMoveButton.java" Intrnl_Id="241">
<LocList>
<Loc EndOffset="473" SrcFileId="4" StartOffset="450"/>
<Loc EndOffset="882" SrcFileId="4" StartOffset="880"/>
</LocList>
</BasicStmnt>
</StmntSeq>
<HierarchyLvl HierarchyLvlId="1064" HierarchyLvlTypeId="19" Intrnl_Id="242" Name="ActionListener">
<Header>
<Loc EndOffset="493" SrcFileId="4" StartOffset="477"/>
</Header>
<LocList>
<Loc EndOffset="880" SrcFileId="4" StartOffset="473"/>
</LocList>
<HierarchyLvl HierarchyLvlId="1063" HierarchyLvlTypeId="17" Intrnl_Id="243" Name="actionPerformed">
<Header>
<Loc EndOffset="561" SrcFileId="4" StartOffset="505"/>
</Header>
<LocList>
<Loc EndOffset="875" SrcFileId="4" StartOffset="505"/>
</LocList>
<StmntSeq Intrnl_Id="244">
<LocList>
<Loc EndOffset="601" SrcFileId="4" StartOffset="569"/>
<Loc EndOffset="630" SrcFileId="4" StartOffset="607"/>
<Loc EndOffset="652" SrcFileId="4" StartOffset="636"/>
<Loc EndOffset="678" SrcFileId="4" StartOffset="658"/>
<Loc EndOffset="846" SrcFileId="4" StartOffset="684"/>
<Loc EndOffset="869" SrcFileId="4" StartOffset="858"/>
</LocList>
<BasicStmnt CovItemId="S6" CovItemPrefix="csse376_puerto_rico.NextMoveButton.java" Intrnl_Id="245">
<LocList>
<Loc EndOffset="601" SrcFileId="4" StartOffset="569"/>
</LocList>
</BasicStmnt>
<BasicStmnt CovItemId="S7" CovItemPrefix="csse376_puerto_rico.NextMoveButton.java" Intrnl_Id="246">
<LocList>
<Loc EndOffset="630" SrcFileId="4" StartOffset="607"/>
</LocList>
</BasicStmnt>
<BasicStmnt CovItemId="S8" CovItemPrefix="csse376_puerto_rico.NextMoveButton.java" Intrnl_Id="247">
<LocList>
<Loc EndOffset="652" SrcFileId="4" StartOffset="636"/>
</LocList>
</BasicStmnt>
<BasicStmnt CovItemId="S9" CovItemPrefix="csse376_puerto_rico.NextMoveButton.java" Intrnl_Id="248">
<LocList>
<Loc EndOffset="678" SrcFileId="4" StartOffset="658"/>
</LocList>
</BasicStmnt>
<CondStmnt CovItemId="S10" CovItemPrefix="csse376_puerto_rico.NextMoveButton.java" Intrnl_Id="249">
<Branch CovItemId="B1" CovItemPrefix="csse376_puerto_rico.NextMoveButton.java" Implct="false" Intrnl_Id="250">
<Cond/>
<LocList>
<Loc EndOffset="846" SrcFileId="4" StartOffset="739"/>
</LocList>
<StmntSeq Intrnl_Id="251">
<LocList>
<Loc EndOffset="792" SrcFileId="4" StartOffset="747"/>
<Loc EndOffset="839" SrcFileId="4" StartOffset="799"/>
</LocList>
<BasicStmnt CovItemId="S11" CovItemPrefix="csse376_puerto_rico.NextMoveButton.java" Intrnl_Id="252">
<LocList>
<Loc EndOffset="792" SrcFileId="4" StartOffset="747"/>
</LocList>
</BasicStmnt>
<BasicStmnt CovItemId="S12" CovItemPrefix="csse376_puerto_rico.NextMoveButton.java" Intrnl_Id="253">
<LocList>
<Loc EndOffset="839" SrcFileId="4" StartOffset="799"/>
</LocList>
</BasicStmnt>
</StmntSeq>
</Branch>
<Branch CovItemId="B2" CovItemPrefix="csse376_puerto_rico.NextMoveButton.java" Implct="true" Intrnl_Id="254">
<Cond/>
<LocList/>
<StmntSeq Intrnl_Id="255">
<LocList/>
</StmntSeq>
</Branch>
<Keyword EndOffset="686" SrcFileId="4" StartOffset="684"/>
<LocList>
<Loc EndOffset="846" SrcFileId="4" StartOffset="684"/>
</LocList>
<RootTerm CovItemId="C1" CovItemPrefix="csse376_puerto_rico.NextMoveButton.java" Intrnl_Id="256">
<OpTerm BooleanOpId="13" Intrnl_Id="257">
<BasicBoolTerm Intrnl_Id="258">
<LocList>
<Loc EndOffset="699" SrcFileId="4" StartOffset="687"/>
</LocList>
</BasicBoolTerm>
<BasicBoolTerm Intrnl_Id="259">
<LocList>
<Loc EndOffset="732" SrcFileId="4" StartOffset="703"/>
</LocList>
</BasicBoolTerm>
<LocList>
<Loc EndOffset="702" SrcFileId="4" StartOffset="700"/>
</LocList>
</OpTerm>
</RootTerm>
</CondStmnt>
<BasicStmnt CovItemId="S13" CovItemPrefix="csse376_puerto_rico.NextMoveButton.java" Intrnl_Id="260">
<LocList>
<Loc EndOffset="869" SrcFileId="4" StartOffset="858"/>
</LocList>
</BasicStmnt>
</StmntSeq>
</HierarchyLvl>
</HierarchyLvl>
</HierarchyLvl>
<HierarchyLvl HierarchyLvlId="1066" HierarchyLvlTypeId="17" Intrnl_Id="261" Name="makeMove">
<Header>
<Loc EndOffset="911" SrcFileId="4" StartOffset="889"/>
</Header>
<LocList>
<Loc EndOffset="1532" SrcFileId="4" StartOffset="889"/>
</LocList>
<StmntSeq Intrnl_Id="262">
<LocList>
<Loc EndOffset="1493" SrcFileId="4" StartOffset="1217"/>
<Loc EndOffset="1528" SrcFileId="4" StartOffset="1497"/>
</LocList>
<LoopStmnt CovItemId="S14" CovItemPrefix="csse376_puerto_rico.NextMoveButton.java" Intrnl_Id="263" MltplExecId="L1-2" MltplExecPrefix="csse376_puerto_rico.NextMoveButton.java" NvrExecId="L1-0" NvrExecPrefix="csse376_puerto_rico.NextMoveButton.java" OnceExecutedId="L1-1" OnceExecutedPrefix="csse376_puerto_rico.NextMoveButton.java" OptBodyExec="true">
<StmntSeq Intrnl_Id="264">
<LocList>
<Loc EndOffset="1488" SrcFileId="4" StartOffset="1260"/>
</LocList>
<CondStmnt CovItemId="S15" CovItemPrefix="csse376_puerto_rico.NextMoveButton.java" Intrnl_Id="265">
<Branch CovItemId="B3" CovItemPrefix="csse376_puerto_rico.NextMoveButton.java" Implct="false" Intrnl_Id="266">
<Cond/>
<LocList>
<Loc EndOffset="1488" SrcFileId="4" StartOffset="1290"/>
</LocList>
<StmntSeq Intrnl_Id="267">
<LocList>
<Loc EndOffset="1327" SrcFileId="4" StartOffset="1297"/>
<Loc EndOffset="1470" SrcFileId="4" StartOffset="1333"/>
<Loc EndOffset="1482" SrcFileId="4" StartOffset="1476"/>
</LocList>
<BasicStmnt CovItemId="S16" CovItemPrefix="csse376_puerto_rico.NextMoveButton.java" Intrnl_Id="268">
<LocList>
<Loc EndOffset="1327" SrcFileId="4" StartOffset="1297"/>
</LocList>
</BasicStmnt>
<CondStmnt CovItemId="S17" CovItemPrefix="csse376_puerto_rico.NextMoveButton.java" Intrnl_Id="269">
<Branch CovItemId="B5" CovItemPrefix="csse376_puerto_rico.NextMoveButton.java" Implct="false" Intrnl_Id="270">
<Cond/>
<LocList>
<Loc EndOffset="1408" SrcFileId="4" StartOffset="1364"/>
</LocList>
<StmntSeq Intrnl_Id="271">
<LocList>
<Loc EndOffset="1401" SrcFileId="4" StartOffset="1372"/>
</LocList>
<BasicStmnt CovItemId="S18" CovItemPrefix="csse376_puerto_rico.NextMoveButton.java" Intrnl_Id="272">
<LocList>
<Loc EndOffset="1401" SrcFileId="4" StartOffset="1372"/>
</LocList>
</BasicStmnt>
</StmntSeq>
</Branch>
<Branch CovItemId="B6" CovItemPrefix="csse376_puerto_rico.NextMoveButton.java" Implct="false" Intrnl_Id="273">
<Cond>
<Loc EndOffset="1418" SrcFileId="4" StartOffset="1414"/>
</Cond>
<LocList>
<Loc EndOffset="1470" SrcFileId="4" StartOffset="1424"/>
</LocList>
<StmntSeq Intrnl_Id="274">
<LocList>
<Loc EndOffset="1463" SrcFileId="4" StartOffset="1432"/>
</LocList>
<BasicStmnt CovItemId="S19" CovItemPrefix="csse376_puerto_rico.NextMoveButton.java" Intrnl_Id="275">
<LocList>
<Loc EndOffset="1463" SrcFileId="4" StartOffset="1432"/>
</LocList>
</BasicStmnt>
</StmntSeq>
</Branch>
<Keyword EndOffset="1335" SrcFileId="4" StartOffset="1333"/>
<LocList>
<Loc EndOffset="1470" SrcFileId="4" StartOffset="1333"/>
</LocList>
<RootTerm CovItemId="C4" CovItemPrefix="csse376_puerto_rico.NextMoveButton.java" Intrnl_Id="276">
<BasicBoolTerm Intrnl_Id="277">
<LocList>
<Loc EndOffset="1357" SrcFileId="4" StartOffset="1336"/>
</LocList>
</BasicBoolTerm>
</RootTerm>
</CondStmnt>
<BasicStmnt CovItemId="S20" CovItemPrefix="csse376_puerto_rico.NextMoveButton.java" Intrnl_Id="278">
<LocList>
<Loc EndOffset="1482" SrcFileId="4" StartOffset="1476"/>
</LocList>
</BasicStmnt>
</StmntSeq>
</Branch>
<Branch CovItemId="B4" CovItemPrefix="csse376_puerto_rico.NextMoveButton.java" Implct="true" Intrnl_Id="279">
<Cond/>
<LocList/>
<StmntSeq Intrnl_Id="280">
<LocList/>
</StmntSeq>
</Branch>
<Keyword EndOffset="1262" SrcFileId="4" StartOffset="1260"/>
<LocList>
<Loc EndOffset="1488" SrcFileId="4" StartOffset="1260"/>
</LocList>
<RootTerm CovItemId="C3" CovItemPrefix="csse376_puerto_rico.NextMoveButton.java" Intrnl_Id="281">
<BasicBoolTerm Intrnl_Id="282">
<LocList>
<Loc EndOffset="1284" SrcFileId="4" StartOffset="1263"/>
</LocList>
</BasicBoolTerm>
</RootTerm>
</CondStmnt>
</StmntSeq>
<Keyword EndOffset="1220" SrcFileId="4" StartOffset="1217"/>
<LocList>
<Loc EndOffset="1493" SrcFileId="4" StartOffset="1217"/>
</LocList>
<RootTerm CovItemId="C2" CovItemPrefix="csse376_puerto_rico.NextMoveButton.java" Intrnl_Id="283">
<BasicBoolTerm Intrnl_Id="284">
<LocList>
<Loc EndOffset="1245" SrcFileId="4" StartOffset="1229"/>
</LocList>
</BasicBoolTerm>
</RootTerm>
</LoopStmnt>
<BasicStmnt CovItemId="S21" CovItemPrefix="csse376_puerto_rico.NextMoveButton.java" Intrnl_Id="285">
<LocList>
<Loc EndOffset="1528" SrcFileId="4" StartOffset="1497"/>
</LocList>
</BasicStmnt>
</StmntSeq>
</HierarchyLvl>
</HierarchyLvl>
<HierarchyLvl HierarchyLvlId="1069" HierarchyLvlTypeId="16" Intrnl_Id="286" Name="MenuGUI">
<Header>
<Loc EndOffset="297" SrcFileId="5" StartOffset="277"/>
</Header>
<LocList>
<Loc EndOffset="1547" SrcFileId="5" StartOffset="277"/>
</LocList>
<StmntSeq Intrnl_Id="287">
<LocList>
<Loc EndOffset="372" SrcFileId="5" StartOffset="340"/>
</LocList>
<BasicStmnt CovItemId="S1" CovItemPrefix="csse376_puerto_rico.MenuGUI.java" Intrnl_Id="288">
<LocList>
<Loc EndOffset="372" SrcFileId="5" StartOffset="340"/>
</LocList>
</BasicStmnt>
</StmntSeq>
<HierarchyLvl HierarchyLvlId="1068" HierarchyLvlTypeId="17" Intrnl_Id="289" Name="MenuGUI">
<Header>
<Loc EndOffset="459" SrcFileId="5" StartOffset="443"/>
</Header>
<LocList>
<Loc EndOffset="1542" SrcFileId="5" StartOffset="443"/>
</LocList>
<StmntSeq Intrnl_Id="290">
<LocList>
<Loc EndOffset="513" SrcFileId="5" StartOffset="474"/>
<Loc EndOffset="560" SrcFileId="5" StartOffset="526"/>
<Loc EndOffset="605" SrcFileId="5" StartOffset="573"/>
<Loc EndOffset="680" SrcFileId="5" StartOffset="618"/>
<Loc EndOffset="882" SrcFileId="5" StartOffset="851"/>
<Loc EndOffset="929" SrcFileId="5" StartOffset="895"/>
<Loc EndOffset="996" SrcFileId="5" StartOffset="955"/>
<Loc EndOffset="1055" SrcFileId="5" StartOffset="1009"/>
<Loc EndOffset="1117" SrcFileId="5" StartOffset="1081"/>
<Loc EndOffset="1185" SrcFileId="5" StartOffset="1143"/>
<Loc EndOffset="1260" SrcFileId="5" StartOffset="1198"/>
<Loc EndOffset="1308" SrcFileId="5" StartOffset="1273"/>
<Loc EndOffset="1359" SrcFileId="5" StartOffset="1334"/>
<Loc EndOffset="1394" SrcFileId="5" StartOffset="1372"/>
<Loc EndOffset="1469" SrcFileId="5" StartOffset="1420"/>
<Loc EndOffset="1534" SrcFileId="5" StartOffset="1482"/>
</LocList>
<BasicStmnt CovItemId="S2" CovItemPrefix="csse376_puerto_rico.MenuGUI.java" Intrnl_Id="291">
<LocList>
<Loc EndOffset="513" SrcFileId="5" StartOffset="474"/>
</LocList>
</BasicStmnt>
<BasicStmnt CovItemId="S3" CovItemPrefix="csse376_puerto_rico.MenuGUI.java" Intrnl_Id="292">
<LocList>
<Loc EndOffset="560" SrcFileId="5" StartOffset="526"/>
</LocList>
</BasicStmnt>
<BasicStmnt CovItemId="S4" CovItemPrefix="csse376_puerto_rico.MenuGUI.java" Intrnl_Id="293">
<LocList>
<Loc EndOffset="605" SrcFileId="5" StartOffset="573"/>
</LocList>
</BasicStmnt>
<BasicStmnt CovItemId="S5" CovItemPrefix="csse376_puerto_rico.MenuGUI.java" Intrnl_Id="294">
<LocList>
<Loc EndOffset="680" SrcFileId="5" StartOffset="618"/>
</LocList>
</BasicStmnt>
<BasicStmnt CovItemId="S6" CovItemPrefix="csse376_puerto_rico.MenuGUI.java" Intrnl_Id="295">
<LocList>
<Loc EndOffset="882" SrcFileId="5" StartOffset="851"/>
</LocList>
</BasicStmnt>
<BasicStmnt CovItemId="S7" CovItemPrefix="csse376_puerto_rico.MenuGUI.java" Intrnl_Id="296">
<LocList>
<Loc EndOffset="929" SrcFileId="5" StartOffset="895"/>
</LocList>
</BasicStmnt>
<BasicStmnt CovItemId="S8" CovItemPrefix="csse376_puerto_rico.MenuGUI.java" Intrnl_Id="297">
<LocList>
<Loc EndOffset="996" SrcFileId="5" StartOffset="955"/>
</LocList>
</BasicStmnt>
<BasicStmnt CovItemId="S9" CovItemPrefix="csse376_puerto_rico.MenuGUI.java" Intrnl_Id="298">
<LocList>
<Loc EndOffset="1055" SrcFileId="5" StartOffset="1009"/>
</LocList>
</BasicStmnt>
<BasicStmnt CovItemId="S10" CovItemPrefix="csse376_puerto_rico.MenuGUI.java" Intrnl_Id="299">
<LocList>
<Loc EndOffset="1117" SrcFileId="5" StartOffset="1081"/>
</LocList>
</BasicStmnt>
<BasicStmnt CovItemId="S11" CovItemPrefix="csse376_puerto_rico.MenuGUI.java" Intrnl_Id="300">
<LocList>
<Loc EndOffset="1185" SrcFileId="5" StartOffset="1143"/>
</LocList>
</BasicStmnt>
<BasicStmnt CovItemId="S12" CovItemPrefix="csse376_puerto_rico.MenuGUI.java" Intrnl_Id="301">
<LocList>
<Loc EndOffset="1260" SrcFileId="5" StartOffset="1198"/>
</LocList>
</BasicStmnt>
<BasicStmnt CovItemId="S13" CovItemPrefix="csse376_puerto_rico.MenuGUI.java" Intrnl_Id="302">
<LocList>
<Loc EndOffset="1308" SrcFileId="5" StartOffset="1273"/>
</LocList>
</BasicStmnt>
<BasicStmnt CovItemId="S14" CovItemPrefix="csse376_puerto_rico.MenuGUI.java" Intrnl_Id="303">
<LocList>
<Loc EndOffset="1359" SrcFileId="5" StartOffset="1334"/>
</LocList>
</BasicStmnt>
<BasicStmnt CovItemId="S15" CovItemPrefix="csse376_puerto_rico.MenuGUI.java" Intrnl_Id="304">
<LocList>
<Loc EndOffset="1394" SrcFileId="5" StartOffset="1372"/>
</LocList>
</BasicStmnt>
<BasicStmnt CovItemId="S16" CovItemPrefix="csse376_puerto_rico.MenuGUI.java" Intrnl_Id="305">
<LocList>
<Loc EndOffset="1469" SrcFileId="5" StartOffset="1420"/>
</LocList>
</BasicStmnt>
<BasicStmnt CovItemId="S17" CovItemPrefix="csse376_puerto_rico.MenuGUI.java" Intrnl_Id="306">
<LocList>
<Loc EndOffset="1534" SrcFileId="5" StartOffset="1482"/>
</LocList>
</BasicStmnt>
</StmntSeq>
</HierarchyLvl>
</HierarchyLvl>
<HierarchyLvl HierarchyLvlId="1071" HierarchyLvlTypeId="16" Intrnl_Id="307" Name="Main">
<Header>
<Loc EndOffset="47" SrcFileId="6" StartOffset="30"/>
</Header>
<LocList>
<Loc EndOffset="149" SrcFileId="6" StartOffset="30"/>
</LocList>
<HierarchyLvl HierarchyLvlId="1070" HierarchyLvlTypeId="17" Intrnl_Id="308" Name="main">
<Header>
<Loc EndOffset="125" SrcFileId="6" StartOffset="87"/>
</Header>
<LocList>
<Loc EndOffset="147" SrcFileId="6" StartOffset="87"/>
</LocList>
<StmntSeq Intrnl_Id="309">
<LocList>
<Loc EndOffset="144" SrcFileId="6" StartOffset="130"/>
</LocList>
<BasicStmnt CovItemId="S1" CovItemPrefix="csse376_puerto_rico.Main.java" Intrnl_Id="310">
<LocList>
<Loc EndOffset="144" SrcFileId="6" StartOffset="130"/>
</LocList>
</BasicStmnt>
</StmntSeq>
</HierarchyLvl>
</HierarchyLvl>
<HierarchyLvl HierarchyLvlId="1075" HierarchyLvlTypeId="16" Intrnl_Id="311" Name="GoodsButton">
<Header>
<Loc EndOffset="264" SrcFileId="7" StartOffset="224"/>
</Header>
<LocList>
<Loc EndOffset="1005" SrcFileId="7" StartOffset="224"/>
</LocList>
<HierarchyLvl HierarchyLvlId="1074" HierarchyLvlTypeId="17" Intrnl_Id="312" Name="GoodsButton">
<Header>
<Loc EndOffset="438" SrcFileId="7" StartOffset="389"/>
</Header>
<LocList>
<Loc EndOffset="1002" SrcFileId="7" StartOffset="389"/>
</LocList>
<StmntSeq Intrnl_Id="313">
<LocList>
<Loc EndOffset="458" SrcFileId="7" StartOffset="446"/>
<Loc EndOffset="479" SrcFileId="7" StartOffset="462"/>
<Loc EndOffset="502" SrcFileId="7" StartOffset="483"/>
<Loc EndOffset="528" SrcFileId="7" StartOffset="506"/>
<Loc EndOffset="552" SrcFileId="7" StartOffset="532"/>
<Loc EndOffset="579" SrcFileId="7" StartOffset="556"/>
<Loc EndOffset="959" SrcFileId="7" StartOffset="957"/>
<Loc EndOffset="998" SrcFileId="7" StartOffset="967"/>
</LocList>
<BasicStmnt CovItemId="S1" CovItemPrefix="csse376_puerto_rico.GoodsButton.java" Intrnl_Id="314">
<LocList>
<Loc EndOffset="458" SrcFileId="7" StartOffset="446"/>
</LocList>
</BasicStmnt>
<BasicStmnt CovItemId="S2" CovItemPrefix="csse376_puerto_rico.GoodsButton.java" Intrnl_Id="315">
<LocList>
<Loc EndOffset="479" SrcFileId="7" StartOffset="462"/>
</LocList>
</BasicStmnt>
<BasicStmnt CovItemId="S3" CovItemPrefix="csse376_puerto_rico.GoodsButton.java" Intrnl_Id="316">
<LocList>
<Loc EndOffset="502" SrcFileId="7" StartOffset="483"/>
</LocList>
</BasicStmnt>
<BasicStmnt CovItemId="S4" CovItemPrefix="csse376_puerto_rico.GoodsButton.java" Intrnl_Id="317">
<LocList>
<Loc EndOffset="528" SrcFileId="7" StartOffset="506"/>
</LocList>
</BasicStmnt>
<BasicStmnt CovItemId="S5" CovItemPrefix="csse376_puerto_rico.GoodsButton.java" Intrnl_Id="318">
<LocList>
<Loc EndOffset="552" SrcFileId="7" StartOffset="532"/>
</LocList>
</BasicStmnt>
<BasicStmnt CovItemId="S6" CovItemPrefix="csse376_puerto_rico.GoodsButton.java" Intrnl_Id="319">
<LocList>
<Loc EndOffset="579" SrcFileId="7" StartOffset="556"/>
<Loc EndOffset="959" SrcFileId="7" StartOffset="957"/>
</LocList>
</BasicStmnt>
<BasicStmnt CovItemId="S12" CovItemPrefix="csse376_puerto_rico.GoodsButton.java" Intrnl_Id="320">
<LocList>
<Loc EndOffset="998" SrcFileId="7" StartOffset="967"/>
</LocList>
</BasicStmnt>
</StmntSeq>
<HierarchyLvl HierarchyLvlId="1073" HierarchyLvlTypeId="19" Intrnl_Id="321" Name="ActionListener">
<Header>
<Loc EndOffset="599" SrcFileId="7" StartOffset="583"/>
</Header>
<LocList>
<Loc EndOffset="957" SrcFileId="7" StartOffset="579"/>
</LocList>
<HierarchyLvl HierarchyLvlId="1072" HierarchyLvlTypeId="17" Intrnl_Id="322" Name="actionPerformed">
<Header>
<Loc EndOffset="667" SrcFileId="7" StartOffset="611"/>
</Header>
<LocList>
<Loc EndOffset="952" SrcFileId="7" StartOffset="611"/>
</LocList>
<StmntSeq Intrnl_Id="323">
<LocList>
<Loc EndOffset="946" SrcFileId="7" StartOffset="686"/>
</LocList>
<LoopStmnt CovItemId="S7" CovItemPrefix="csse376_puerto_rico.GoodsButton.java" Intrnl_Id="324" MltplExecId="L1-2" MltplExecPrefix="csse376_puerto_rico.GoodsButton.java" NvrExecId="L1-0" NvrExecPrefix="csse376_puerto_rico.GoodsButton.java" OnceExecutedId="L1-1" OnceExecutedPrefix="csse376_puerto_rico.GoodsButton.java" OptBodyExec="true">
<StmntSeq Intrnl_Id="325">
<LocList>
<Loc EndOffset="758" SrcFileId="7" StartOffset="735"/>
<Loc EndOffset="842" SrcFileId="7" StartOffset="766"/>
<Loc EndOffset="887" SrcFileId="7" StartOffset="850"/>
<Loc EndOffset="938" SrcFileId="7" StartOffset="895"/>
</LocList>
<BasicStmnt CovItemId="S8" CovItemPrefix="csse376_puerto_rico.GoodsButton.java" Intrnl_Id="326">
<LocList>
<Loc EndOffset="758" SrcFileId="7" StartOffset="735"/>
</LocList>
</BasicStmnt>
<BasicStmnt CovItemId="S9" CovItemPrefix="csse376_puerto_rico.GoodsButton.java" Intrnl_Id="327">
<LocList>
<Loc EndOffset="842" SrcFileId="7" StartOffset="766"/>
</LocList>
</BasicStmnt>
<BasicStmnt CovItemId="S10" CovItemPrefix="csse376_puerto_rico.GoodsButton.java" Intrnl_Id="328">
<LocList>
<Loc EndOffset="887" SrcFileId="7" StartOffset="850"/>
</LocList>
</BasicStmnt>
<BasicStmnt CovItemId="S11" CovItemPrefix="csse376_puerto_rico.GoodsButton.java" Intrnl_Id="329">
<LocList>
<Loc EndOffset="938" SrcFileId="7" StartOffset="895"/>
</LocList>
</BasicStmnt>
</StmntSeq>
<Keyword EndOffset="689" SrcFileId="7" StartOffset="686"/>
<LocList>
<Loc EndOffset="946" SrcFileId="7" StartOffset="686"/>
</LocList>
<RootTerm CovItemId="C1" CovItemPrefix="csse376_puerto_rico.GoodsButton.java" Intrnl_Id="330">
<BasicBoolTerm Intrnl_Id="331">
<LocList>
<Loc EndOffset="714" SrcFileId="7" StartOffset="698"/>
</LocList>
</BasicBoolTerm>
</RootTerm>
</LoopStmnt>
</StmntSeq>
</HierarchyLvl>
</HierarchyLvl>
</HierarchyLvl>
</HierarchyLvl>
<HierarchyLvl HierarchyLvlId="1087" HierarchyLvlTypeId="16" Intrnl_Id="332" Name="GameState">
<Header>
<Loc EndOffset="274" SrcFileId="8" StartOffset="252"/>
</Header>
<LocList>
<Loc EndOffset="5209" SrcFileId="8" StartOffset="252"/>
</LocList>
<StmntSeq Intrnl_Id="333">
<LocList>
<Loc EndOffset="353" SrcFileId="8" StartOffset="281"/>
<Loc EndOffset="442" SrcFileId="8" StartOffset="416"/>
<Loc EndOffset="503" SrcFileId="8" StartOffset="477"/>
<Loc EndOffset="564" SrcFileId="8" StartOffset="538"/>
<Loc EndOffset="637" SrcFileId="8" StartOffset="599"/>
<Loc EndOffset="790" SrcFileId="8" StartOffset="754"/>
</LocList>
<BasicStmnt CovItemId="S1" CovItemPrefix="csse376_puerto_rico.GameState.java" Intrnl_Id="334">
<LocList>
<Loc EndOffset="353" SrcFileId="8" StartOffset="281"/>
</LocList>
</BasicStmnt>
<BasicStmnt CovItemId="S2" CovItemPrefix="csse376_puerto_rico.GameState.java" Intrnl_Id="335">
<LocList>
<Loc EndOffset="442" SrcFileId="8" StartOffset="416"/>
</LocList>
</BasicStmnt>
<BasicStmnt CovItemId="S3" CovItemPrefix="csse376_puerto_rico.GameState.java" Intrnl_Id="336">
<LocList>
<Loc EndOffset="503" SrcFileId="8" StartOffset="477"/>
</LocList>
</BasicStmnt>
<BasicStmnt CovItemId="S4" CovItemPrefix="csse376_puerto_rico.GameState.java" Intrnl_Id="337">
<LocList>
<Loc EndOffset="564" SrcFileId="8" StartOffset="538"/>
</LocList>
</BasicStmnt>
<BasicStmnt CovItemId="S5" CovItemPrefix="csse376_puerto_rico.GameState.java" Intrnl_Id="338">
<LocList>
<Loc EndOffset="637" SrcFileId="8" StartOffset="599"/>
</LocList>
</BasicStmnt>
<BasicStmnt CovItemId="S6" CovItemPrefix="csse376_puerto_rico.GameState.java" Intrnl_Id="339">
<LocList>
<Loc EndOffset="790" SrcFileId="8" StartOffset="754"/>
</LocList>
</BasicStmnt>
</StmntSeq>
<HierarchyLvl HierarchyLvlId="1076" HierarchyLvlTypeId="17" Intrnl_Id="340" Name="GameState">
<Header>
<Loc EndOffset="813" SrcFileId="8" StartOffset="795"/>
</Header>
<LocList>
<Loc EndOffset="1184" SrcFileId="8" StartOffset="795"/>
</LocList>
<StmntSeq Intrnl_Id="341">
<LocList>
<Loc EndOffset="893" SrcFileId="8" StartOffset="860"/>
<Loc EndOffset="928" SrcFileId="8" StartOffset="897"/>
<Loc EndOffset="965" SrcFileId="8" StartOffset="932"/>
<Loc EndOffset="1001" SrcFileId="8" StartOffset="969"/>
<Loc EndOffset="1039" SrcFileId="8" StartOffset="1005"/>
<Loc EndOffset="1082" SrcFileId="8" StartOffset="1063"/>
<Loc EndOffset="1107" SrcFileId="8" StartOffset="1086"/>
<Loc EndOffset="1155" SrcFileId="8" StartOffset="1141"/>
<Loc EndOffset="1180" SrcFileId="8" StartOffset="1161"/>
</LocList>
<BasicStmnt CovItemId="S7" CovItemPrefix="csse376_puerto_rico.GameState.java" Intrnl_Id="342">
<LocList>
<Loc EndOffset="893" SrcFileId="8" StartOffset="860"/>
</LocList>
</BasicStmnt>
<BasicStmnt CovItemId="S8" CovItemPrefix="csse376_puerto_rico.GameState.java" Intrnl_Id="343">
<LocList>
<Loc EndOffset="928" SrcFileId="8" StartOffset="897"/>
</LocList>
</BasicStmnt>
<BasicStmnt CovItemId="S9" CovItemPrefix="csse376_puerto_rico.GameState.java" Intrnl_Id="344">
<LocList>
<Loc EndOffset="965" SrcFileId="8" StartOffset="932"/>
</LocList>
</BasicStmnt>
<BasicStmnt CovItemId="S10" CovItemPrefix="csse376_puerto_rico.GameState.java" Intrnl_Id="345">
<LocList>
<Loc EndOffset="1001" SrcFileId="8" StartOffset="969"/>
</LocList>
</BasicStmnt>
<BasicStmnt CovItemId="S11" CovItemPrefix="csse376_puerto_rico.GameState.java" Intrnl_Id="346">
<LocList>
<Loc EndOffset="1039" SrcFileId="8" StartOffset="1005"/>
</LocList>
</BasicStmnt>
<BasicStmnt CovItemId="S12" CovItemPrefix="csse376_puerto_rico.GameState.java" Intrnl_Id="347">
<LocList>
<Loc EndOffset="1082" SrcFileId="8" StartOffset="1063"/>
</LocList>
</BasicStmnt>
<BasicStmnt CovItemId="S13" CovItemPrefix="csse376_puerto_rico.GameState.java" Intrnl_Id="348">
<LocList>
<Loc EndOffset="1107" SrcFileId="8" StartOffset="1086"/>
</LocList>
</BasicStmnt>
<BasicStmnt CovItemId="S14" CovItemPrefix="csse376_puerto_rico.GameState.java" Intrnl_Id="349">
<LocList>
<Loc EndOffset="1155" SrcFileId="8" StartOffset="1141"/>
</LocList>
</BasicStmnt>
<BasicStmnt CovItemId="S15" CovItemPrefix="csse376_puerto_rico.GameState.java" Intrnl_Id="350">
<LocList>
<Loc EndOffset="1180" SrcFileId="8" StartOffset="1161"/>
</LocList>
</BasicStmnt>
</StmntSeq>
</HierarchyLvl>
<HierarchyLvl HierarchyLvlId="1077" HierarchyLvlTypeId="17" Intrnl_Id="351" Name="GameState">
<Header>
<Loc EndOffset="1227" SrcFileId="8" StartOffset="1189"/>
</Header>
<LocList>
<Loc EndOffset="2635" SrcFileId="8" StartOffset="1189"/>
</LocList>
<StmntSeq Intrnl_Id="352">
<LocList>
<Loc EndOffset="1337" SrcFileId="8" StartOffset="1266"/>
<Loc EndOffset="1388" SrcFileId="8" StartOffset="1355"/>
<Loc EndOffset="1424" SrcFileId="8" StartOffset="1392"/>
<Loc EndOffset="1462" SrcFileId="8" StartOffset="1428"/>
<Loc EndOffset="1499" SrcFileId="8" StartOffset="1466"/>
<Loc EndOffset="1537" SrcFileId="8" StartOffset="1503"/>
<Loc EndOffset="1614" SrcFileId="8" StartOffset="1591"/>
<Loc EndOffset="1648" SrcFileId="8" StartOffset="1618"/>
<Loc EndOffset="1684" SrcFileId="8" StartOffset="1652"/>
<Loc EndOffset="1761" SrcFileId="8" StartOffset="1690"/>
<Loc EndOffset="1836" SrcFileId="8" StartOffset="1765"/>
<Loc EndOffset="2580" SrcFileId="8" StartOffset="1842"/>
<Loc EndOffset="2629" SrcFileId="8" StartOffset="2614"/>
</LocList>
<LoopStmnt CovItemId="S16" CovItemPrefix="csse376_puerto_rico.GameState.java" Intrnl_Id="353" MltplExecId="L1-2" MltplExecPrefix="csse376_puerto_rico.GameState.java" NvrExecId="L1-0" NvrExecPrefix="csse376_puerto_rico.GameState.java" OnceExecutedId="L1-1" OnceExecutedPrefix="csse376_puerto_rico.GameState.java" OptBodyExec="true">
<StmntSeq Intrnl_Id="354">
<LocList>
<Loc EndOffset="1332" SrcFileId="8" StartOffset="1297"/>
</LocList>
<BasicStmnt CovItemId="S17" CovItemPrefix="csse376_puerto_rico.GameState.java" Intrnl_Id="355">
<LocList>
<Loc EndOffset="1332" SrcFileId="8" StartOffset="1297"/>
</LocList>
</BasicStmnt>
</StmntSeq>
<Keyword EndOffset="1269" SrcFileId="8" StartOffset="1266"/>
<LocList>
<Loc EndOffset="1337" SrcFileId="8" StartOffset="1266"/>
</LocList>
</LoopStmnt>
<BasicStmnt CovItemId="S18" CovItemPrefix="csse376_puerto_rico.GameState.java" Intrnl_Id="356">
<LocList>
<Loc EndOffset="1388" SrcFileId="8" StartOffset="1355"/>
</LocList>
</BasicStmnt>
<BasicStmnt CovItemId="S19" CovItemPrefix="csse376_puerto_rico.GameState.java" Intrnl_Id="357">
<LocList>
<Loc EndOffset="1424" SrcFileId="8" StartOffset="1392"/>
</LocList>
</BasicStmnt>
<BasicStmnt CovItemId="S20" CovItemPrefix="csse376_puerto_rico.GameState.java" Intrnl_Id="358">
<LocList>
<Loc EndOffset="1462" SrcFileId="8" StartOffset="1428"/>
</LocList>
</BasicStmnt>
<BasicStmnt CovItemId="S21" CovItemPrefix="csse376_puerto_rico.GameState.java" Intrnl_Id="359">
<LocList>
<Loc EndOffset="1499" SrcFileId="8" StartOffset="1466"/>
</LocList>
</BasicStmnt>
<BasicStmnt CovItemId="S22" CovItemPrefix="csse376_puerto_rico.GameState.java" Intrnl_Id="360">
<LocList>
<Loc EndOffset="1537" SrcFileId="8" StartOffset="1503"/>
</LocList>
</BasicStmnt>
<BasicStmnt CovItemId="S23" CovItemPrefix="csse376_puerto_rico.GameState.java" Intrnl_Id="361">
<LocList>
<Loc EndOffset="1614" SrcFileId="8" StartOffset="1591"/>
</LocList>
</BasicStmnt>
<BasicStmnt CovItemId="S24" CovItemPrefix="csse376_puerto_rico.GameState.java" Intrnl_Id="362">
<LocList>
<Loc EndOffset="1648" SrcFileId="8" StartOffset="1618"/>
</LocList>
</BasicStmnt>
<BasicStmnt CovItemId="S25" CovItemPrefix="csse376_puerto_rico.GameState.java" Intrnl_Id="363">
<LocList>
<Loc EndOffset="1684" SrcFileId="8" StartOffset="1652"/>
</LocList>
</BasicStmnt>
<BasicStmnt CovItemId="S26" CovItemPrefix="csse376_puerto_rico.GameState.java" Intrnl_Id="364">
<LocList>
<Loc EndOffset="1761" SrcFileId="8" StartOffset="1690"/>
</LocList>
</BasicStmnt>
<BasicStmnt CovItemId="S27" CovItemPrefix="csse376_puerto_rico.GameState.java" Intrnl_Id="365">
<LocList>
<Loc EndOffset="1836" SrcFileId="8" StartOffset="1765"/>
</LocList>
</BasicStmnt>
<CondStmnt CovItemId="S28" CovItemPrefix="csse376_puerto_rico.GameState.java" Intrnl_Id="366">
<Branch CovItemId="B1" CovItemPrefix="csse376_puerto_rico.GameState.java" Implct="false" Intrnl_Id="367">
<Cond/>
<LocList>
<Loc EndOffset="2001" SrcFileId="8" StartOffset="1865"/>
</LocList>
<StmntSeq Intrnl_Id="368">
<LocList>
<Loc EndOffset="1891" SrcFileId="8" StartOffset="1871"/>
<Loc EndOffset="1915" SrcFileId="8" StartOffset="1896"/>
<Loc EndOffset="1996" SrcFileId="8" StartOffset="1920"/>
</LocList>
<BasicStmnt CovItemId="S29" CovItemPrefix="csse376_puerto_rico.GameState.java" Intrnl_Id="369">
<LocList>
<Loc EndOffset="1891" SrcFileId="8" StartOffset="1871"/>
</LocList>
</BasicStmnt>
<BasicStmnt CovItemId="S30" CovItemPrefix="csse376_puerto_rico.GameState.java" Intrnl_Id="370">
<LocList>
<Loc EndOffset="1915" SrcFileId="8" StartOffset="1896"/>
</LocList>
</BasicStmnt>
<BasicStmnt CovItemId="S31" CovItemPrefix="csse376_puerto_rico.GameState.java" Intrnl_Id="371">
<LocList>
<Loc EndOffset="1996" SrcFileId="8" StartOffset="1920"/>
</LocList>
</BasicStmnt>
</StmntSeq>
</Branch>
<Branch CovItemId="B2" CovItemPrefix="csse376_puerto_rico.GameState.java" Implct="false" Intrnl_Id="372">
<Cond>
<Loc EndOffset="2006" SrcFileId="8" StartOffset="2002"/>
</Cond>
<LocList>
<Loc EndOffset="2580" SrcFileId="8" StartOffset="2007"/>
</LocList>
<StmntSeq Intrnl_Id="373">
<LocList>
<Loc EndOffset="2580" SrcFileId="8" StartOffset="2007"/>
</LocList>
<CondStmnt CovItemId="S32" CovItemPrefix="csse376_puerto_rico.GameState.java" Intrnl_Id="374">
<Branch CovItemId="B3" CovItemPrefix="csse376_puerto_rico.GameState.java" Implct="false" Intrnl_Id="375">
<Cond/>
<LocList>
<Loc EndOffset="2250" SrcFileId="8" StartOffset="2030"/>
</LocList>
<StmntSeq Intrnl_Id="376">
<LocList>
<Loc EndOffset="2056" SrcFileId="8" StartOffset="2036"/>
<Loc EndOffset="2081" SrcFileId="8" StartOffset="2061"/>
<Loc EndOffset="2162" SrcFileId="8" StartOffset="2086"/>
<Loc EndOffset="2243" SrcFileId="8" StartOffset="2167"/>
</LocList>
<BasicStmnt CovItemId="S33" CovItemPrefix="csse376_puerto_rico.GameState.java" Intrnl_Id="377">
<LocList>
<Loc EndOffset="2056" SrcFileId="8" StartOffset="2036"/>
</LocList>
</BasicStmnt>
<BasicStmnt CovItemId="S34" CovItemPrefix="csse376_puerto_rico.GameState.java" Intrnl_Id="378">
<LocList>
<Loc EndOffset="2081" SrcFileId="8" StartOffset="2061"/>
</LocList>
</BasicStmnt>
<BasicStmnt CovItemId="S35" CovItemPrefix="csse376_puerto_rico.GameState.java" Intrnl_Id="379">
<LocList>
<Loc EndOffset="2162" SrcFileId="8" StartOffset="2086"/>
</LocList>
</BasicStmnt>
<BasicStmnt CovItemId="S36" CovItemPrefix="csse376_puerto_rico.GameState.java" Intrnl_Id="380">
<LocList>
<Loc EndOffset="2243" SrcFileId="8" StartOffset="2167"/>
</LocList>
</BasicStmnt>
</StmntSeq>
</Branch>
<Branch CovItemId="B4" CovItemPrefix="csse376_puerto_rico.GameState.java" Implct="false" Intrnl_Id="381">
<Cond>
<Loc EndOffset="2255" SrcFileId="8" StartOffset="2251"/>
</Cond>
<LocList>
<Loc EndOffset="2580" SrcFileId="8" StartOffset="2256"/>
</LocList>
<StmntSeq Intrnl_Id="382">
<LocList>
<Loc EndOffset="2580" SrcFileId="8" StartOffset="2256"/>
</LocList>
<CondStmnt CovItemId="S37" CovItemPrefix="csse376_puerto_rico.GameState.java" Intrnl_Id="383">
<Branch CovItemId="B5" CovItemPrefix="csse376_puerto_rico.GameState.java" Implct="false" Intrnl_Id="384">
<Cond/>
<LocList>
<Loc EndOffset="2580" SrcFileId="8" StartOffset="2279"/>
</LocList>
<StmntSeq Intrnl_Id="385">
<LocList>
<Loc EndOffset="2305" SrcFileId="8" StartOffset="2285"/>
<Loc EndOffset="2330" SrcFileId="8" StartOffset="2310"/>
<Loc EndOffset="2413" SrcFileId="8" StartOffset="2335"/>
<Loc EndOffset="2494" SrcFileId="8" StartOffset="2418"/>
<Loc EndOffset="2575" SrcFileId="8" StartOffset="2499"/>
</LocList>
<BasicStmnt CovItemId="S38" CovItemPrefix="csse376_puerto_rico.GameState.java" Intrnl_Id="386">
<LocList>
<Loc EndOffset="2305" SrcFileId="8" StartOffset="2285"/>
</LocList>
</BasicStmnt>
<BasicStmnt CovItemId="S39" CovItemPrefix="csse376_puerto_rico.GameState.java" Intrnl_Id="387">
<LocList>
<Loc EndOffset="2330" SrcFileId="8" StartOffset="2310"/>
</LocList>
</BasicStmnt>
<BasicStmnt CovItemId="S40" CovItemPrefix="csse376_puerto_rico.GameState.java" Intrnl_Id="388">
<LocList>
<Loc EndOffset="2413" SrcFileId="8" StartOffset="2335"/>
</LocList>
</BasicStmnt>
<BasicStmnt CovItemId="S41" CovItemPrefix="csse376_puerto_rico.GameState.java" Intrnl_Id="389">
<LocList>
<Loc EndOffset="2494" SrcFileId="8" StartOffset="2418"/>
</LocList>
</BasicStmnt>
<BasicStmnt CovItemId="S42" CovItemPrefix="csse376_puerto_rico.GameState.java" Intrnl_Id="390">
<LocList>
<Loc EndOffset="2575" SrcFileId="8" StartOffset="2499"/>
</LocList>
</BasicStmnt>
</StmntSeq>
</Branch>
<Branch CovItemId="B6" CovItemPrefix="csse376_puerto_rico.GameState.java" Implct="true" Intrnl_Id="391">
<Cond/>
<LocList/>
<StmntSeq Intrnl_Id="392">
<LocList/>
</StmntSeq>
</Branch>
<Keyword EndOffset="2258" SrcFileId="8" StartOffset="2256"/>
<LocList>
<Loc EndOffset="2580" SrcFileId="8" StartOffset="2256"/>
</LocList>
<RootTerm CovItemId="C3" CovItemPrefix="csse376_puerto_rico.GameState.java" Intrnl_Id="393">
<BasicBoolTerm Intrnl_Id="394">
<LocList>
<Loc EndOffset="2277" SrcFileId="8" StartOffset="2260"/>
</LocList>
</BasicBoolTerm>
</RootTerm>
</CondStmnt>
</StmntSeq>
</Branch>
<Keyword EndOffset="2009" SrcFileId="8" StartOffset="2007"/>
<LocList>
<Loc EndOffset="2580" SrcFileId="8" StartOffset="2007"/>
</LocList>
<RootTerm CovItemId="C2" CovItemPrefix="csse376_puerto_rico.GameState.java" Intrnl_Id="395">
<BasicBoolTerm Intrnl_Id="396">
<LocList>
<Loc EndOffset="2028" SrcFileId="8" StartOffset="2011"/>
</LocList>
</BasicBoolTerm>
</RootTerm>
</CondStmnt>
</StmntSeq>
</Branch>
<Keyword EndOffset="1844" SrcFileId="8" StartOffset="1842"/>
<LocList>
<Loc EndOffset="2580" SrcFileId="8" StartOffset="1842"/>
</LocList>
<RootTerm CovItemId="C1" CovItemPrefix="csse376_puerto_rico.GameState.java" Intrnl_Id="397">
<BasicBoolTerm Intrnl_Id="398">
<LocList>
<Loc EndOffset="1863" SrcFileId="8" StartOffset="1846"/>
</LocList>
</BasicBoolTerm>
</RootTerm>
</CondStmnt>
<BasicStmnt CovItemId="S43" CovItemPrefix="csse376_puerto_rico.GameState.java" Intrnl_Id="399">
<LocList>
<Loc EndOffset="2629" SrcFileId="8" StartOffset="2614"/>
</LocList>
</BasicStmnt>
</StmntSeq>
</HierarchyLvl>
<HierarchyLvl HierarchyLvlId="1078" HierarchyLvlTypeId="17" Intrnl_Id="400" Name="getGood">
<Header>
<Loc EndOffset="2671" SrcFileId="8" StartOffset="2640"/>
</Header>
<LocList>
<Loc EndOffset="2706" SrcFileId="8" StartOffset="2640"/>
</LocList>
<StmntSeq Intrnl_Id="401">
<LocList>
<Loc EndOffset="2702" SrcFileId="8" StartOffset="2679"/>
</LocList>
<BasicStmnt CovItemId="S44" CovItemPrefix="csse376_puerto_rico.GameState.java" Intrnl_Id="402">
<LocList>
<Loc EndOffset="2702" SrcFileId="8" StartOffset="2679"/>
</LocList>
</BasicStmnt>
</StmntSeq>
</HierarchyLvl>
<HierarchyLvl HierarchyLvlId="1079" HierarchyLvlTypeId="17" Intrnl_Id="403" Name="addGood">
<Header>
<Loc EndOffset="2743" SrcFileId="8" StartOffset="2711"/>
</Header>
<LocList>
<Loc EndOffset="2792" SrcFileId="8" StartOffset="2711"/>
</LocList>
<StmntSeq Intrnl_Id="404">
<LocList>
<Loc EndOffset="2788" SrcFileId="8" StartOffset="2751"/>
</LocList>
<BasicStmnt CovItemId="S45" CovItemPrefix="csse376_puerto_rico.GameState.java" Intrnl_Id="405">
<LocList>
<Loc EndOffset="2788" SrcFileId="8" StartOffset="2751"/>
</LocList>
</BasicStmnt>
</StmntSeq>
</HierarchyLvl>
<HierarchyLvl HierarchyLvlId="1080" HierarchyLvlTypeId="17" Intrnl_Id="406" Name="getColonistsOnBoard">
<Header>
<Loc EndOffset="2829" SrcFileId="8" StartOffset="2797"/>
</Header>
<LocList>
<Loc EndOffset="2869" SrcFileId="8" StartOffset="2797"/>
</LocList>
<StmntSeq Intrnl_Id="407">
<LocList>
<Loc EndOffset="2865" SrcFileId="8" StartOffset="2841"/>
</LocList>
<BasicStmnt CovItemId="S46" CovItemPrefix="csse376_puerto_rico.GameState.java" Intrnl_Id="408">
<LocList>
<Loc EndOffset="2865" SrcFileId="8" StartOffset="2841"/>
</LocList>
</BasicStmnt>
</StmntSeq>
</HierarchyLvl>
<HierarchyLvl HierarchyLvlId="1081" HierarchyLvlTypeId="17" Intrnl_Id="409" Name="getColonistsTotal">
<Header>
<Loc EndOffset="2904" SrcFileId="8" StartOffset="2874"/>
</Header>
<LocList>
<Loc EndOffset="2942" SrcFileId="8" StartOffset="2874"/>
</LocList>
<StmntSeq Intrnl_Id="410">
<LocList>
<Loc EndOffset="2938" SrcFileId="8" StartOffset="2916"/>
</LocList>
<BasicStmnt CovItemId="S47" CovItemPrefix="csse376_puerto_rico.GameState.java" Intrnl_Id="411">
<LocList>
<Loc EndOffset="2938" SrcFileId="8" StartOffset="2916"/>
</LocList>
</BasicStmnt>
</StmntSeq>
</HierarchyLvl>
<HierarchyLvl HierarchyLvlId="1082" HierarchyLvlTypeId="17" Intrnl_Id="412" Name="addColonistsToBoard">
<Header>
<Loc EndOffset="2980" SrcFileId="8" StartOffset="2947"/>
</Header>
<LocList>
<Loc EndOffset="3764" SrcFileId="8" StartOffset="2947"/>
</LocList>
<StmntSeq Intrnl_Id="413">
<LocList>
<Loc EndOffset="3399" SrcFileId="8" StartOffset="3386"/>
<Loc EndOffset="3647" SrcFileId="8" StartOffset="3403"/>
<Loc EndOffset="3760" SrcFileId="8" StartOffset="3651"/>
</LocList>
<BasicStmnt CovItemId="S48" CovItemPrefix="csse376_puerto_rico.GameState.java" Intrnl_Id="414">
<LocList>
<Loc EndOffset="3399" SrcFileId="8" StartOffset="3386"/>
</LocList>
</BasicStmnt>
<LoopStmnt CovItemId="S49" CovItemPrefix="csse376_puerto_rico.GameState.java" Intrnl_Id="415" MltplExecId="L2-2" MltplExecPrefix="csse376_puerto_rico.GameState.java" NvrExecId="L2-0" NvrExecPrefix="csse376_puerto_rico.GameState.java" OnceExecutedId="L2-1" OnceExecutedPrefix="csse376_puerto_rico.GameState.java" OptBodyExec="true">
<StmntSeq Intrnl_Id="416">
<LocList>
<Loc EndOffset="3536" SrcFileId="8" StartOffset="3439"/>
<Loc EndOffset="3642" SrcFileId="8" StartOffset="3541"/>
</LocList>
<LoopStmnt CovItemId="S50" CovItemPrefix="csse376_puerto_rico.GameState.java" Intrnl_Id="417" MltplExecId="L3-2" MltplExecPrefix="csse376_puerto_rico.GameState.java" NvrExecId="L3-0" NvrExecPrefix="csse376_puerto_rico.GameState.java" OnceExecutedId="L3-1" OnceExecutedPrefix="csse376_puerto_rico.GameState.java" OptBodyExec="true">
<StmntSeq Intrnl_Id="418">
<LocList>
<Loc EndOffset="3530" SrcFileId="8" StartOffset="3487"/>
</LocList>
<BasicStmnt CovItemId="S51" CovItemPrefix="csse376_puerto_rico.GameState.java" Intrnl_Id="419">
<LocList>
<Loc EndOffset="3530" SrcFileId="8" StartOffset="3487"/>
</LocList>
</BasicStmnt>
</StmntSeq>
<Keyword EndOffset="3442" SrcFileId="8" StartOffset="3439"/>
<LocList>
<Loc EndOffset="3536" SrcFileId="8" StartOffset="3439"/>
</LocList>
</LoopStmnt>
<LoopStmnt CovItemId="S52" CovItemPrefix="csse376_puerto_rico.GameState.java" Intrnl_Id="420" MltplExecId="L4-2" MltplExecPrefix="csse376_puerto_rico.GameState.java" NvrExecId="L4-0" NvrExecPrefix="csse376_puerto_rico.GameState.java" OnceExecutedId="L4-1" OnceExecutedPrefix="csse376_puerto_rico.GameState.java" OptBodyExec="true">
<StmntSeq Intrnl_Id="421">
<LocList>
<Loc EndOffset="3636" SrcFileId="8" StartOffset="3593"/>
</LocList>
<CondStmnt CovItemId="S53" CovItemPrefix="csse376_puerto_rico.GameState.java" Intrnl_Id="422">
<Branch CovItemId="B7" CovItemPrefix="csse376_puerto_rico.GameState.java" Implct="false" Intrnl_Id="423">
<Cond/>
<LocList>
<Loc EndOffset="3636" SrcFileId="8" StartOffset="3611"/>
</LocList>
<StmntSeq Intrnl_Id="424">
<LocList>
<Loc EndOffset="3629" SrcFileId="8" StartOffset="3619"/>
</LocList>
<BasicStmnt CovItemId="S54" CovItemPrefix="csse376_puerto_rico.GameState.java" Intrnl_Id="425">
<LocList>
<Loc EndOffset="3629" SrcFileId="8" StartOffset="3619"/>
</LocList>
</BasicStmnt>
</StmntSeq>
</Branch>
<Branch CovItemId="B8" CovItemPrefix="csse376_puerto_rico.GameState.java" Implct="true" Intrnl_Id="426">
<Cond/>
<LocList/>
<StmntSeq Intrnl_Id="427">
<LocList/>
</StmntSeq>
</Branch>
<Keyword EndOffset="3595" SrcFileId="8" StartOffset="3593"/>
<LocList>
<Loc EndOffset="3636" SrcFileId="8" StartOffset="3593"/>
</LocList>
<RootTerm CovItemId="C4" CovItemPrefix="csse376_puerto_rico.GameState.java" Intrnl_Id="428">
<OpTerm BooleanOpId="12" Intrnl_Id="429">
<BasicBoolTerm Intrnl_Id="430">
<LocList>
<Loc EndOffset="3609" SrcFileId="8" StartOffset="3598"/>
</LocList>
</BasicBoolTerm>
<LocList>
<Loc EndOffset="3598" SrcFileId="8" StartOffset="3597"/>
</LocList>
</OpTerm>
</RootTerm>
</CondStmnt>
</StmntSeq>
<Keyword EndOffset="3544" SrcFileId="8" StartOffset="3541"/>
<LocList>
<Loc EndOffset="3642" SrcFileId="8" StartOffset="3541"/>
</LocList>
</LoopStmnt>
</StmntSeq>
<Keyword EndOffset="3406" SrcFileId="8" StartOffset="3403"/>
<LocList>
<Loc EndOffset="3647" SrcFileId="8" StartOffset="3403"/>
</LocList>
</LoopStmnt>
<CondStmnt CovItemId="S55" CovItemPrefix="csse376_puerto_rico.GameState.java" Intrnl_Id="431">
<Branch CovItemId="B9" CovItemPrefix="csse376_puerto_rico.GameState.java" Implct="false" Intrnl_Id="432">
<Cond/>
<LocList>
<Loc EndOffset="3719" SrcFileId="8" StartOffset="3676"/>
</LocList>
<StmntSeq Intrnl_Id="433">
<LocList>
<Loc EndOffset="3714" SrcFileId="8" StartOffset="3682"/>
</LocList>
<BasicStmnt CovItemId="S56" CovItemPrefix="csse376_puerto_rico.GameState.java" Intrnl_Id="434">
<LocList>
<Loc EndOffset="3714" SrcFileId="8" StartOffset="3682"/>
</LocList>
</BasicStmnt>
</StmntSeq>
</Branch>
<Branch CovItemId="B10" CovItemPrefix="csse376_puerto_rico.GameState.java" Implct="false" Intrnl_Id="435">
<Cond>
<Loc EndOffset="3724" SrcFileId="8" StartOffset="3720"/>
</Cond>
<LocList>
<Loc EndOffset="3760" SrcFileId="8" StartOffset="3725"/>
</LocList>
<StmntSeq Intrnl_Id="436">
<LocList>
<Loc EndOffset="3755" SrcFileId="8" StartOffset="3731"/>
</LocList>
<BasicStmnt CovItemId="S57" CovItemPrefix="csse376_puerto_rico.GameState.java" Intrnl_Id="437">
<LocList>
<Loc EndOffset="3755" SrcFileId="8" StartOffset="3731"/>
</LocList>
</BasicStmnt>
</StmntSeq>
</Branch>
<Keyword EndOffset="3653" SrcFileId="8" StartOffset="3651"/>
<LocList>
<Loc EndOffset="3760" SrcFileId="8" StartOffset="3651"/>
</LocList>
<RootTerm CovItemId="C5" CovItemPrefix="csse376_puerto_rico.GameState.java" Intrnl_Id="438">
<BasicBoolTerm Intrnl_Id="439">
<LocList>
<Loc EndOffset="3674" SrcFileId="8" StartOffset="3655"/>
</LocList>
</BasicBoolTerm>
</RootTerm>
</CondStmnt>
</StmntSeq>
</HierarchyLvl>
<HierarchyLvl HierarchyLvlId="1083" HierarchyLvlTypeId="17" Intrnl_Id="440" Name="addGoodToCargoShip">
<Header>
<Loc EndOffset="4028" SrcFileId="8" StartOffset="3960"/>
</Header>
<LocList>
<Loc EndOffset="4695" SrcFileId="8" StartOffset="3960"/>
</LocList>
<StmntSeq Intrnl_Id="441">
<LocList>
<Loc EndOffset="4051" SrcFileId="8" StartOffset="4034"/>
<Loc EndOffset="4671" SrcFileId="8" StartOffset="4055"/>
<Loc EndOffset="4691" SrcFileId="8" StartOffset="4675"/>
</LocList>
<BasicStmnt CovItemId="S58" CovItemPrefix="csse376_puerto_rico.GameState.java" Intrnl_Id="442">
<LocList>
<Loc EndOffset="4051" SrcFileId="8" StartOffset="4034"/>
</LocList>
</BasicStmnt>
<CondStmnt CovItemId="S59" CovItemPrefix="csse376_puerto_rico.GameState.java" Intrnl_Id="443">
<Branch CovItemId="B11" CovItemPrefix="csse376_puerto_rico.GameState.java" Implct="false" Intrnl_Id="444">
<Cond>
<Loc EndOffset="4083" SrcFileId="8" StartOffset="4077"/>
</Cond>
<LocList>
<Loc EndOffset="4263" SrcFileId="8" StartOffset="4089"/>
</LocList>
<StmntSeq Intrnl_Id="445">
<LocList>
<Loc EndOffset="4252" SrcFileId="8" StartOffset="4089"/>
<Loc EndOffset="4263" SrcFileId="8" StartOffset="4257"/>
</LocList>
<CondStmnt CovItemId="S60" CovItemPrefix="csse376_puerto_rico.GameState.java" Intrnl_Id="446">
<Branch CovItemId="B12" CovItemPrefix="csse376_puerto_rico.GameState.java" Implct="false" Intrnl_Id="447">
<Cond/>
<LocList>
<Loc EndOffset="4216" SrcFileId="8" StartOffset="4167"/>
</LocList>
<StmntSeq Intrnl_Id="448">
<LocList>
<Loc EndOffset="4210" SrcFileId="8" StartOffset="4174"/>
</LocList>
<BasicStmnt CovItemId="S61" CovItemPrefix="csse376_puerto_rico.GameState.java" Intrnl_Id="449">
<LocList>
<Loc EndOffset="4210" SrcFileId="8" StartOffset="4174"/>
</LocList>
</BasicStmnt>
</StmntSeq>
</Branch>
<Branch CovItemId="B13" CovItemPrefix="csse376_puerto_rico.GameState.java" Implct="false" Intrnl_Id="450">
<Cond>
<Loc EndOffset="4221" SrcFileId="8" StartOffset="4217"/>
</Cond>
<LocList>
<Loc EndOffset="4252" SrcFileId="8" StartOffset="4222"/>
</LocList>
<StmntSeq Intrnl_Id="451">
<LocList>
<Loc EndOffset="4246" SrcFileId="8" StartOffset="4229"/>
</LocList>
<BasicStmnt CovItemId="S62" CovItemPrefix="csse376_puerto_rico.GameState.java" Intrnl_Id="452">
<LocList>
<Loc EndOffset="4246" SrcFileId="8" StartOffset="4229"/>
</LocList>
</BasicStmnt>
</StmntSeq>
</Branch>
<Keyword EndOffset="4091" SrcFileId="8" StartOffset="4089"/>
<LocList>
<Loc EndOffset="4252" SrcFileId="8" StartOffset="4089"/>
</LocList>
<RootTerm CovItemId="C6" CovItemPrefix="csse376_puerto_rico.GameState.java" Intrnl_Id="453">
<OpTerm BooleanOpId="14" Intrnl_Id="454">
<BasicBoolTerm Intrnl_Id="455">
<LocList>
<Loc EndOffset="4108" SrcFileId="8" StartOffset="4093"/>
</LocList>
</BasicBoolTerm>
<OpTerm BooleanOpId="13" Intrnl_Id="456">
<BasicBoolTerm Intrnl_Id="457">
<LocList>
<Loc EndOffset="4133" SrcFileId="8" StartOffset="4119"/>
</LocList>
</BasicBoolTerm>
<BasicBoolTerm Intrnl_Id="458">
<LocList>
<Loc EndOffset="4164" SrcFileId="8" StartOffset="4137"/>
</LocList>
</BasicBoolTerm>
<LocList>
<Loc EndOffset="4136" SrcFileId="8" StartOffset="4134"/>
</LocList>
</OpTerm>
<LocList>
<Loc EndOffset="4117" SrcFileId="8" StartOffset="4115"/>
</LocList>
</OpTerm>
</RootTerm>
</CondStmnt>
<BasicStmnt CovItemId="S63" CovItemPrefix="csse376_puerto_rico.GameState.java" Intrnl_Id="459">
<LocList>
<Loc EndOffset="4263" SrcFileId="8" StartOffset="4257"/>
</LocList>
</BasicStmnt>
</StmntSeq>
</Branch>
<Branch CovItemId="B14" CovItemPrefix="csse376_puerto_rico.GameState.java" Implct="false" Intrnl_Id="460">
<Cond>
<Loc EndOffset="4273" SrcFileId="8" StartOffset="4267"/>
</Cond>
<LocList>
<Loc EndOffset="4453" SrcFileId="8" StartOffset="4279"/>
</LocList>
<StmntSeq Intrnl_Id="461">
<LocList>
<Loc EndOffset="4442" SrcFileId="8" StartOffset="4279"/>
<Loc EndOffset="4453" SrcFileId="8" StartOffset="4447"/>
</LocList>
<CondStmnt CovItemId="S64" CovItemPrefix="csse376_puerto_rico.GameState.java" Intrnl_Id="462">
<Branch CovItemId="B15" CovItemPrefix="csse376_puerto_rico.GameState.java" Implct="false" Intrnl_Id="463">
<Cond/>
<LocList>
<Loc EndOffset="4406" SrcFileId="8" StartOffset="4357"/>
</LocList>
<StmntSeq Intrnl_Id="464">
<LocList>
<Loc EndOffset="4400" SrcFileId="8" StartOffset="4364"/>
</LocList>
<BasicStmnt CovItemId="S65" CovItemPrefix="csse376_puerto_rico.GameState.java" Intrnl_Id="465">
<LocList>
<Loc EndOffset="4400" SrcFileId="8" StartOffset="4364"/>
</LocList>
</BasicStmnt>
</StmntSeq>
</Branch>
<Branch CovItemId="B16" CovItemPrefix="csse376_puerto_rico.GameState.java" Implct="false" Intrnl_Id="466">
<Cond>
<Loc EndOffset="4411" SrcFileId="8" StartOffset="4407"/>
</Cond>
<LocList>
<Loc EndOffset="4442" SrcFileId="8" StartOffset="4412"/>
</LocList>
<StmntSeq Intrnl_Id="467">
<LocList>
<Loc EndOffset="4436" SrcFileId="8" StartOffset="4419"/>
</LocList>
<BasicStmnt CovItemId="S66" CovItemPrefix="csse376_puerto_rico.GameState.java" Intrnl_Id="468">
<LocList>
<Loc EndOffset="4436" SrcFileId="8" StartOffset="4419"/>
</LocList>
</BasicStmnt>
</StmntSeq>
</Branch>
<Keyword EndOffset="4281" SrcFileId="8" StartOffset="4279"/>
<LocList>
<Loc EndOffset="4442" SrcFileId="8" StartOffset="4279"/>
</LocList>
<RootTerm CovItemId="C7" CovItemPrefix="csse376_puerto_rico.GameState.java" Intrnl_Id="469">
<OpTerm BooleanOpId="14" Intrnl_Id="470">
<BasicBoolTerm Intrnl_Id="471">
<LocList>
<Loc EndOffset="4298" SrcFileId="8" StartOffset="4283"/>
</LocList>
</BasicBoolTerm>
<OpTerm BooleanOpId="13" Intrnl_Id="472">
<BasicBoolTerm Intrnl_Id="473">
<LocList>
<Loc EndOffset="4323" SrcFileId="8" StartOffset="4309"/>
</LocList>
</BasicBoolTerm>
<BasicBoolTerm Intrnl_Id="474">
<LocList>
<Loc EndOffset="4354" SrcFileId="8" StartOffset="4327"/>
</LocList>
</BasicBoolTerm>
<LocList>
<Loc EndOffset="4326" SrcFileId="8" StartOffset="4324"/>
</LocList>
</OpTerm>
<LocList>
<Loc EndOffset="4307" SrcFileId="8" StartOffset="4305"/>
</LocList>
</OpTerm>
</RootTerm>
</CondStmnt>
<BasicStmnt CovItemId="S67" CovItemPrefix="csse376_puerto_rico.GameState.java" Intrnl_Id="475">
<LocList>
<Loc EndOffset="4453" SrcFileId="8" StartOffset="4447"/>
</LocList>
</BasicStmnt>
</StmntSeq>
</Branch>
<Branch CovItemId="B17" CovItemPrefix="csse376_puerto_rico.GameState.java" Implct="false" Intrnl_Id="476">
<Cond>
<Loc EndOffset="4463" SrcFileId="8" StartOffset="4457"/>
</Cond>
<LocList>
<Loc EndOffset="4643" SrcFileId="8" StartOffset="4469"/>
</LocList>
<StmntSeq Intrnl_Id="477">
<LocList>
<Loc EndOffset="4632" SrcFileId="8" StartOffset="4469"/>
<Loc EndOffset="4643" SrcFileId="8" StartOffset="4637"/>
</LocList>
<CondStmnt CovItemId="S68" CovItemPrefix="csse376_puerto_rico.GameState.java" Intrnl_Id="478">
<Branch CovItemId="B18" CovItemPrefix="csse376_puerto_rico.GameState.java" Implct="false" Intrnl_Id="479">
<Cond/>
<LocList>
<Loc EndOffset="4596" SrcFileId="8" StartOffset="4547"/>
</LocList>
<StmntSeq Intrnl_Id="480">
<LocList>
<Loc EndOffset="4590" SrcFileId="8" StartOffset="4554"/>
</LocList>
<BasicStmnt CovItemId="S69" CovItemPrefix="csse376_puerto_rico.GameState.java" Intrnl_Id="481">
<LocList>
<Loc EndOffset="4590" SrcFileId="8" StartOffset="4554"/>
</LocList>
</BasicStmnt>
</StmntSeq>
</Branch>
<Branch CovItemId="B19" CovItemPrefix="csse376_puerto_rico.GameState.java" Implct="false" Intrnl_Id="482">
<Cond>
<Loc EndOffset="4601" SrcFileId="8" StartOffset="4597"/>
</Cond>
<LocList>
<Loc EndOffset="4632" SrcFileId="8" StartOffset="4602"/>
</LocList>
<StmntSeq Intrnl_Id="483">
<LocList>
<Loc EndOffset="4626" SrcFileId="8" StartOffset="4609"/>
</LocList>
<BasicStmnt CovItemId="S70" CovItemPrefix="csse376_puerto_rico.GameState.java" Intrnl_Id="484">
<LocList>
<Loc EndOffset="4626" SrcFileId="8" StartOffset="4609"/>
</LocList>
</BasicStmnt>
</StmntSeq>
</Branch>
<Keyword EndOffset="4471" SrcFileId="8" StartOffset="4469"/>
<LocList>
<Loc EndOffset="4632" SrcFileId="8" StartOffset="4469"/>
</LocList>
<RootTerm CovItemId="C8" CovItemPrefix="csse376_puerto_rico.GameState.java" Intrnl_Id="485">
<OpTerm BooleanOpId="14" Intrnl_Id="486">
<BasicBoolTerm Intrnl_Id="487">
<LocList>
<Loc EndOffset="4488" SrcFileId="8" StartOffset="4473"/>
</LocList>
</BasicBoolTerm>
<OpTerm BooleanOpId="13" Intrnl_Id="488">
<BasicBoolTerm Intrnl_Id="489">
<LocList>
<Loc EndOffset="4513" SrcFileId="8" StartOffset="4499"/>
</LocList>
</BasicBoolTerm>
<BasicBoolTerm Intrnl_Id="490">
<LocList>
<Loc EndOffset="4544" SrcFileId="8" StartOffset="4517"/>
</LocList>
</BasicBoolTerm>
<LocList>
<Loc EndOffset="4516" SrcFileId="8" StartOffset="4514"/>
</LocList>
</OpTerm>
<LocList>
<Loc EndOffset="4497" SrcFileId="8" StartOffset="4495"/>
</LocList>
</OpTerm>
</RootTerm>
</CondStmnt>
<BasicStmnt CovItemId="S71" CovItemPrefix="csse376_puerto_rico.GameState.java" Intrnl_Id="491">
<LocList>
<Loc EndOffset="4643" SrcFileId="8" StartOffset="4637"/>
</LocList>
</BasicStmnt>
</StmntSeq>
</Branch>
<Branch CovItemId="B20" CovItemPrefix="csse376_puerto_rico.GameState.java" Implct="false" Intrnl_Id="492">
<Cond>
<Loc EndOffset="4654" SrcFileId="8" StartOffset="4647"/>
</Cond>
<LocList>
<Loc EndOffset="4666" SrcFileId="8" StartOffset="4660"/>
</LocList>
<StmntSeq Intrnl_Id="493">
<LocList>
<Loc EndOffset="4666" SrcFileId="8" StartOffset="4660"/>
</LocList>
<BasicStmnt CovItemId="S72" CovItemPrefix="csse376_puerto_rico.GameState.java" Intrnl_Id="494">
<LocList>
<Loc EndOffset="4666" SrcFileId="8" StartOffset="4660"/>
</LocList>
</BasicStmnt>
</StmntSeq>
</Branch>
<Keyword EndOffset="4061" SrcFileId="8" StartOffset="4055"/>
<LocList>
<Loc EndOffset="4671" SrcFileId="8" StartOffset="4055"/>
</LocList>
</CondStmnt>
<BasicStmnt CovItemId="S73" CovItemPrefix="csse376_puerto_rico.GameState.java" Intrnl_Id="495">
<LocList>
<Loc EndOffset="4691" SrcFileId="8" StartOffset="4675"/>
</LocList>
</BasicStmnt>
</StmntSeq>
</HierarchyLvl>
<HierarchyLvl HierarchyLvlId="1084" HierarchyLvlTypeId="17" Intrnl_Id="496" Name="isGameEndState">
<Header>
<Loc EndOffset="4731" SrcFileId="8" StartOffset="4700"/>
</Header>
<LocList>
<Loc EndOffset="4765" SrcFileId="8" StartOffset="4700"/>
</LocList>
<StmntSeq Intrnl_Id="497">
<LocList>
<Loc EndOffset="4761" SrcFileId="8" StartOffset="4739"/>
</LocList>
<BasicStmnt CovItemId="S74" CovItemPrefix="csse376_puerto_rico.GameState.java" Intrnl_Id="498">
<LocList>
<Loc EndOffset="4761" SrcFileId="8" StartOffset="4739"/>
</LocList>
</BasicStmnt>
</StmntSeq>
</HierarchyLvl>
<HierarchyLvl HierarchyLvlId="1085" HierarchyLvlTypeId="17" Intrnl_Id="499" Name="getWinner">
<Header>
<Loc EndOffset="4795" SrcFileId="8" StartOffset="4770"/>
</Header>
<LocList>
<Loc EndOffset="4959" SrcFileId="8" StartOffset="4770"/>
</LocList>
<StmntSeq Intrnl_Id="500">
<LocList>
<Loc EndOffset="4834" SrcFileId="8" StartOffset="4801"/>
<Loc EndOffset="4938" SrcFileId="8" StartOffset="4838"/>
<Loc EndOffset="4955" SrcFileId="8" StartOffset="4944"/>
</LocList>
<BasicStmnt CovItemId="S75" CovItemPrefix="csse376_puerto_rico.GameState.java" Intrnl_Id="501">
<LocList>
<Loc EndOffset="4834" SrcFileId="8" StartOffset="4801"/>
</LocList>
</BasicStmnt>
<LoopStmnt CovItemId="S76" CovItemPrefix="csse376_puerto_rico.GameState.java" Intrnl_Id="502" MltplExecId="L5-2" MltplExecPrefix="csse376_puerto_rico.GameState.java" NvrExecId="L5-0" NvrExecPrefix="csse376_puerto_rico.GameState.java" OnceExecutedId="L5-1" OnceExecutedPrefix="csse376_puerto_rico.GameState.java" OptBodyExec="true">
<StmntSeq Intrnl_Id="503">
<LocList>
<Loc EndOffset="4933" SrcFileId="8" StartOffset="4874"/>
</LocList>
<CondStmnt CovItemId="S77" CovItemPrefix="csse376_puerto_rico.GameState.java" Intrnl_Id="504">
<Branch CovItemId="B21" CovItemPrefix="csse376_puerto_rico.GameState.java" Implct="false" Intrnl_Id="505">
<Cond/>
<LocList>
<Loc EndOffset="4933" SrcFileId="8" StartOffset="4912"/>
</LocList>
<StmntSeq Intrnl_Id="506">
<LocList>
<Loc EndOffset="4927" SrcFileId="8" StartOffset="4919"/>
</LocList>
<BasicStmnt CovItemId="S78" CovItemPrefix="csse376_puerto_rico.GameState.java" Intrnl_Id="507">
<LocList>
<Loc EndOffset="4927" SrcFileId="8" StartOffset="4919"/>
</LocList>
</BasicStmnt>
</StmntSeq>
</Branch>
<Branch CovItemId="B22" CovItemPrefix="csse376_puerto_rico.GameState.java" Implct="true" Intrnl_Id="508">
<Cond/>
<LocList/>
<StmntSeq Intrnl_Id="509">
<LocList/>
</StmntSeq>
</Branch>
<Keyword EndOffset="4876" SrcFileId="8" StartOffset="4874"/>
<LocList>
<Loc EndOffset="4933" SrcFileId="8" StartOffset="4874"/>
</LocList>
<RootTerm CovItemId="C9" CovItemPrefix="csse376_puerto_rico.GameState.java" Intrnl_Id="510">
<BasicBoolTerm Intrnl_Id="511">
<LocList>
<Loc EndOffset="4910" SrcFileId="8" StartOffset="4878"/>
</LocList>
</BasicBoolTerm>
</RootTerm>
</CondStmnt>
</StmntSeq>
<Keyword EndOffset="4841" SrcFileId="8" StartOffset="4838"/>
<LocList>
<Loc EndOffset="4938" SrcFileId="8" StartOffset="4838"/>
</LocList>
</LoopStmnt>
<BasicStmnt CovItemId="S79" CovItemPrefix="csse376_puerto_rico.GameState.java" Intrnl_Id="512">
<LocList>
<Loc EndOffset="4955" SrcFileId="8" StartOffset="4944"/>
</LocList>
</BasicStmnt>
</StmntSeq>
</HierarchyLvl>
<HierarchyLvl HierarchyLvlId="1086" HierarchyLvlTypeId="17" Intrnl_Id="513" Name="updateAtEndOfTurn">
<Header>
<Loc EndOffset="4995" SrcFileId="8" StartOffset="4964"/>
</Header>
<LocList>
<Loc EndOffset="5204" SrcFileId="8" StartOffset="4964"/>
</LocList>
<StmntSeq Intrnl_Id="514">
<LocList>
<Loc EndOffset="5023" SrcFileId="8" StartOffset="5001"/>
<Loc EndOffset="5098" SrcFileId="8" StartOffset="5051"/>
<Loc EndOffset="5149" SrcFileId="8" StartOffset="5102"/>
<Loc EndOffset="5200" SrcFileId="8" StartOffset="5153"/>
</LocList>
<BasicStmnt CovItemId="S80" CovItemPrefix="csse376_puerto_rico.GameState.java" Intrnl_Id="515">
<LocList>
<Loc EndOffset="5023" SrcFileId="8" StartOffset="5001"/>
</LocList>
</BasicStmnt>
<CondStmnt CovItemId="S81" CovItemPrefix="csse376_puerto_rico.GameState.java" Intrnl_Id="516">
<Branch CovItemId="B23" CovItemPrefix="csse376_puerto_rico.GameState.java" Implct="false" Intrnl_Id="517">
<Cond/>
<LocList>
<Loc EndOffset="5098" SrcFileId="8" StartOffset="5072"/>
</LocList>
<StmntSeq Intrnl_Id="518">
<LocList>
<Loc EndOffset="5093" SrcFileId="8" StartOffset="5078"/>
</LocList>
<BasicStmnt CovItemId="S82" CovItemPrefix="csse376_puerto_rico.GameState.java" Intrnl_Id="519">
<LocList>
<Loc EndOffset="5093" SrcFileId="8" StartOffset="5078"/>
</LocList>
</BasicStmnt>
</StmntSeq>
</Branch>
<Branch CovItemId="B24" CovItemPrefix="csse376_puerto_rico.GameState.java" Implct="true" Intrnl_Id="520">
<Cond/>
<LocList/>
<StmntSeq Intrnl_Id="521">
<LocList/>
</StmntSeq>
</Branch>
<Keyword EndOffset="5053" SrcFileId="8" StartOffset="5051"/>
<LocList>
<Loc EndOffset="5098" SrcFileId="8" StartOffset="5051"/>
</LocList>
<RootTerm CovItemId="C10" CovItemPrefix="csse376_puerto_rico.GameState.java" Intrnl_Id="522">
<BasicBoolTerm Intrnl_Id="523">
<LocList>
<Loc EndOffset="5070" SrcFileId="8" StartOffset="5055"/>
</LocList>
</BasicBoolTerm>
</RootTerm>
</CondStmnt>
<CondStmnt CovItemId="S83" CovItemPrefix="csse376_puerto_rico.GameState.java" Intrnl_Id="524">
<Branch CovItemId="B25" CovItemPrefix="csse376_puerto_rico.GameState.java" Implct="false" Intrnl_Id="525">
<Cond/>
<LocList>
<Loc EndOffset="5149" SrcFileId="8" StartOffset="5123"/>
</LocList>
<StmntSeq Intrnl_Id="526">
<LocList>
<Loc EndOffset="5144" SrcFileId="8" StartOffset="5129"/>
</LocList>
<BasicStmnt CovItemId="S84" CovItemPrefix="csse376_puerto_rico.GameState.java" Intrnl_Id="527">
<LocList>
<Loc EndOffset="5144" SrcFileId="8" StartOffset="5129"/>
</LocList>
</BasicStmnt>
</StmntSeq>
</Branch>
<Branch CovItemId="B26" CovItemPrefix="csse376_puerto_rico.GameState.java" Implct="true" Intrnl_Id="528">
<Cond/>
<LocList/>
<StmntSeq Intrnl_Id="529">
<LocList/>
</StmntSeq>
</Branch>
<Keyword EndOffset="5104" SrcFileId="8" StartOffset="5102"/>
<LocList>
<Loc EndOffset="5149" SrcFileId="8" StartOffset="5102"/>
</LocList>
<RootTerm CovItemId="C11" CovItemPrefix="csse376_puerto_rico.GameState.java" Intrnl_Id="530">
<BasicBoolTerm Intrnl_Id="531">
<LocList>
<Loc EndOffset="5121" SrcFileId="8" StartOffset="5106"/>
</LocList>
</BasicBoolTerm>
</RootTerm>
</CondStmnt>
<CondStmnt CovItemId="S85" CovItemPrefix="csse376_puerto_rico.GameState.java" Intrnl_Id="532">
<Branch CovItemId="B27" CovItemPrefix="csse376_puerto_rico.GameState.java" Implct="false" Intrnl_Id="533">
<Cond/>
<LocList>
<Loc EndOffset="5200" SrcFileId="8" StartOffset="5174"/>
</LocList>
<StmntSeq Intrnl_Id="534">
<LocList>
<Loc EndOffset="5195" SrcFileId="8" StartOffset="5180"/>
</LocList>
<BasicStmnt CovItemId="S86" CovItemPrefix="csse376_puerto_rico.GameState.java" Intrnl_Id="535">
<LocList>
<Loc EndOffset="5195" SrcFileId="8" StartOffset="5180"/>
</LocList>
</BasicStmnt>
</StmntSeq>
</Branch>
<Branch CovItemId="B28" CovItemPrefix="csse376_puerto_rico.GameState.java" Implct="true" Intrnl_Id="536">
<Cond/>
<LocList/>
<StmntSeq Intrnl_Id="537">
<LocList/>
</StmntSeq>
</Branch>
<Keyword EndOffset="5155" SrcFileId="8" StartOffset="5153"/>
<LocList>
<Loc EndOffset="5200" SrcFileId="8" StartOffset="5153"/>
</LocList>
<RootTerm CovItemId="C12" CovItemPrefix="csse376_puerto_rico.GameState.java" Intrnl_Id="538">
<BasicBoolTerm Intrnl_Id="539">
<LocList>
<Loc EndOffset="5172" SrcFileId="8" StartOffset="5157"/>
</LocList>
</BasicBoolTerm>
</RootTerm>
</CondStmnt>
</StmntSeq>
</HierarchyLvl>
</HierarchyLvl>
<HierarchyLvl HierarchyLvlId="1101" HierarchyLvlTypeId="16" Intrnl_Id="540" Name="GameBoardGUI">
<Header>
<Loc EndOffset="467" SrcFileId="9" StartOffset="442"/>
</Header>
<LocList>
<Loc EndOffset="13667" SrcFileId="9" StartOffset="442"/>
</LocList>
<HierarchyLvl HierarchyLvlId="1088" HierarchyLvlTypeId="17" Intrnl_Id="541" Name="GameBoardGUI">
<Header>
<Loc EndOffset="781" SrcFileId="9" StartOffset="760"/>
</Header>
<LocList>
<Loc EndOffset="1004" SrcFileId="9" StartOffset="760"/>
</LocList>
<StmntSeq Intrnl_Id="542">
<LocList>
<Loc EndOffset="845" SrcFileId="9" StartOffset="815"/>
<Loc EndOffset="886" SrcFileId="9" StartOffset="849"/>
<Loc EndOffset="929" SrcFileId="9" StartOffset="890"/>
<Loc EndOffset="963" SrcFileId="9" StartOffset="933"/>
<Loc EndOffset="1000" SrcFileId="9" StartOffset="967"/>
</LocList>
<BasicStmnt CovItemId="S1" CovItemPrefix="csse376_puerto_rico.GameBoardGUI.java" Intrnl_Id="543">
<LocList>
<Loc EndOffset="845" SrcFileId="9" StartOffset="815"/>
</LocList>
</BasicStmnt>
<BasicStmnt CovItemId="S2" CovItemPrefix="csse376_puerto_rico.GameBoardGUI.java" Intrnl_Id="544">
<LocList>
<Loc EndOffset="886" SrcFileId="9" StartOffset="849"/>
</LocList>
</BasicStmnt>
<BasicStmnt CovItemId="S3" CovItemPrefix="csse376_puerto_rico.GameBoardGUI.java" Intrnl_Id="545">
<LocList>
<Loc EndOffset="929" SrcFileId="9" StartOffset="890"/>
</LocList>
</BasicStmnt>
<BasicStmnt CovItemId="S4" CovItemPrefix="csse376_puerto_rico.GameBoardGUI.java" Intrnl_Id="546">
<LocList>
<Loc EndOffset="963" SrcFileId="9" StartOffset="933"/>
</LocList>
</BasicStmnt>
<BasicStmnt CovItemId="S5" CovItemPrefix="csse376_puerto_rico.GameBoardGUI.java" Intrnl_Id="547">
<LocList>
<Loc EndOffset="1000" SrcFileId="9" StartOffset="967"/>
</LocList>
</BasicStmnt>
</StmntSeq>
</HierarchyLvl>
<HierarchyLvl HierarchyLvlId="1089" HierarchyLvlTypeId="17" Intrnl_Id="548" Name="GameBoardGUI">
<Header>
<Loc EndOffset="1061" SrcFileId="9" StartOffset="1009"/>
</Header>
<LocList>
<Loc EndOffset="1838" SrcFileId="9" StartOffset="1009"/>
</LocList>
<StmntSeq Intrnl_Id="549">
<LocList>
<Loc EndOffset="1106" SrcFileId="9" StartOffset="1067"/>
<Loc EndOffset="1133" SrcFileId="9" StartOffset="1110"/>
<Loc EndOffset="1176" SrcFileId="9" StartOffset="1137"/>
<Loc EndOffset="1224" SrcFileId="9" StartOffset="1180"/>
<Loc EndOffset="1273" SrcFileId="9" StartOffset="1228"/>
<Loc EndOffset="1319" SrcFileId="9" StartOffset="1277"/>
<Loc EndOffset="1358" SrcFileId="9" StartOffset="1323"/>
<Loc EndOffset="1395" SrcFileId="9" StartOffset="1362"/>
<Loc EndOffset="1419" SrcFileId="9" StartOffset="1399"/>
<Loc EndOffset="1453" SrcFileId="9" StartOffset="1423"/>
<Loc EndOffset="1494" SrcFileId="9" StartOffset="1457"/>
<Loc EndOffset="1518" SrcFileId="9" StartOffset="1500"/>
<Loc EndOffset="1750" SrcFileId="9" StartOffset="1522"/>
<Loc EndOffset="1797" SrcFileId="9" StartOffset="1754"/>
<Loc EndOffset="1834" SrcFileId="9" StartOffset="1803"/>
</LocList>
<BasicStmnt CovItemId="S6" CovItemPrefix="csse376_puerto_rico.GameBoardGUI.java" Intrnl_Id="550">
<LocList>
<Loc EndOffset="1106" SrcFileId="9" StartOffset="1067"/>
</LocList>
</BasicStmnt>
<BasicStmnt CovItemId="S7" CovItemPrefix="csse376_puerto_rico.GameBoardGUI.java" Intrnl_Id="551">
<LocList>
<Loc EndOffset="1133" SrcFileId="9" StartOffset="1110"/>
</LocList>
</BasicStmnt>
<BasicStmnt CovItemId="S8" CovItemPrefix="csse376_puerto_rico.GameBoardGUI.java" Intrnl_Id="552">
<LocList>
<Loc EndOffset="1176" SrcFileId="9" StartOffset="1137"/>
</LocList>
</BasicStmnt>
<BasicStmnt CovItemId="S9" CovItemPrefix="csse376_puerto_rico.GameBoardGUI.java" Intrnl_Id="553">
<LocList>
<Loc EndOffset="1224" SrcFileId="9" StartOffset="1180"/>
</LocList>
</BasicStmnt>
<BasicStmnt CovItemId="S10" CovItemPrefix="csse376_puerto_rico.GameBoardGUI.java" Intrnl_Id="554">
<LocList>
<Loc EndOffset="1273" SrcFileId="9" StartOffset="1228"/>
</LocList>
</BasicStmnt>
<BasicStmnt CovItemId="S11" CovItemPrefix="csse376_puerto_rico.GameBoardGUI.java" Intrnl_Id="555">
<LocList>
<Loc EndOffset="1319" SrcFileId="9" StartOffset="1277"/>
</LocList>
</BasicStmnt>
<BasicStmnt CovItemId="S12" CovItemPrefix="csse376_puerto_rico.GameBoardGUI.java" Intrnl_Id="556">
<LocList>
<Loc EndOffset="1358" SrcFileId="9" StartOffset="1323"/>
</LocList>
</BasicStmnt>
<BasicStmnt CovItemId="S13" CovItemPrefix="csse376_puerto_rico.GameBoardGUI.java" Intrnl_Id="557">
<LocList>
<Loc EndOffset="1395" SrcFileId="9" StartOffset="1362"/>
</LocList>
</BasicStmnt>
<BasicStmnt CovItemId="S14" CovItemPrefix="csse376_puerto_rico.GameBoardGUI.java" Intrnl_Id="558">
<LocList>
<Loc EndOffset="1419" SrcFileId="9" StartOffset="1399"/>
</LocList>
</BasicStmnt>
<BasicStmnt CovItemId="S15" CovItemPrefix="csse376_puerto_rico.GameBoardGUI.java" Intrnl_Id="559">
<LocList>
<Loc EndOffset="1453" SrcFileId="9" StartOffset="1423"/>
</LocList>
</BasicStmnt>
<BasicStmnt CovItemId="S16" CovItemPrefix="csse376_puerto_rico.GameBoardGUI.java" Intrnl_Id="560">
<LocList>
<Loc EndOffset="1494" SrcFileId="9" StartOffset="1457"/>
</LocList>
</BasicStmnt>
<BasicStmnt CovItemId="S17" CovItemPrefix="csse376_puerto_rico.GameBoardGUI.java" Intrnl_Id="561">
<LocList>
<Loc EndOffset="1518" SrcFileId="9" StartOffset="1500"/>
</LocList>
</BasicStmnt>
<LoopStmnt CovItemId="S18" CovItemPrefix="csse376_puerto_rico.GameBoardGUI.java" Intrnl_Id="562" MltplExecId="L1-2" MltplExecPrefix="csse376_puerto_rico.GameBoardGUI.java" NvrExecId="L1-0" NvrExecPrefix="csse376_puerto_rico.GameBoardGUI.java" OnceExecutedId="L1-1" OnceExecutedPrefix="csse376_puerto_rico.GameBoardGUI.java" OptBodyExec="true">
<StmntSeq Intrnl_Id="563">
<LocList>
<Loc EndOffset="1678" SrcFileId="9" StartOffset="1632"/>
<Loc EndOffset="1745" SrcFileId="9" StartOffset="1683"/>
</LocList>
<BasicStmnt CovItemId="S19" CovItemPrefix="csse376_puerto_rico.GameBoardGUI.java" Intrnl_Id="564">
<LocList>
<Loc EndOffset="1678" SrcFileId="9" StartOffset="1632"/>
</LocList>
</BasicStmnt>
<CondStmnt CovItemId="S20" CovItemPrefix="csse376_puerto_rico.GameBoardGUI.java" Intrnl_Id="565">
<Branch CovItemId="B1" CovItemPrefix="csse376_puerto_rico.GameBoardGUI.java" Implct="false" Intrnl_Id="566">
<Cond/>
<LocList>
<Loc EndOffset="1745" SrcFileId="9" StartOffset="1708"/>
</LocList>
<StmntSeq Intrnl_Id="567">
<LocList>
<Loc EndOffset="1739" SrcFileId="9" StartOffset="1715"/>
</LocList>
<BasicStmnt CovItemId="S21" CovItemPrefix="csse376_puerto_rico.GameBoardGUI.java" Intrnl_Id="568">
<LocList>
<Loc EndOffset="1739" SrcFileId="9" StartOffset="1715"/>
</LocList>
</BasicStmnt>
</StmntSeq>
</Branch>
<Branch CovItemId="B2" CovItemPrefix="csse376_puerto_rico.GameBoardGUI.java" Implct="true" Intrnl_Id="569">
<Cond/>
<LocList/>
<StmntSeq Intrnl_Id="570">
<LocList/>
</StmntSeq>
</Branch>
<Keyword EndOffset="1685" SrcFileId="9" StartOffset="1683"/>
<LocList>
<Loc EndOffset="1745" SrcFileId="9" StartOffset="1683"/>
</LocList>
<RootTerm CovItemId="C2" CovItemPrefix="csse376_puerto_rico.GameBoardGUI.java" Intrnl_Id="571">
<BasicBoolTerm Intrnl_Id="572">
<LocList>
<Loc EndOffset="1706" SrcFileId="9" StartOffset="1687"/>
</LocList>
</BasicBoolTerm>
</RootTerm>
</CondStmnt>
</StmntSeq>
<Keyword EndOffset="1525" SrcFileId="9" StartOffset="1522"/>
<LocList>
<Loc EndOffset="1750" SrcFileId="9" StartOffset="1522"/>
</LocList>
<RootTerm CovItemId="C1" CovItemPrefix="csse376_puerto_rico.GameBoardGUI.java" Intrnl_Id="573">
<BasicBoolTerm Intrnl_Id="574">
<LocList>
<Loc EndOffset="1623" SrcFileId="9" StartOffset="1592"/>
</LocList>
</BasicBoolTerm>
</RootTerm>
</LoopStmnt>
<BasicStmnt CovItemId="S22" CovItemPrefix="csse376_puerto_rico.GameBoardGUI.java" Intrnl_Id="575">
<LocList>
<Loc EndOffset="1797" SrcFileId="9" StartOffset="1754"/>
</LocList>
</BasicStmnt>
<BasicStmnt CovItemId="S23" CovItemPrefix="csse376_puerto_rico.GameBoardGUI.java" Intrnl_Id="576">
<LocList>
<Loc EndOffset="1834" SrcFileId="9" StartOffset="1803"/>
</LocList>
</BasicStmnt>
</StmntSeq>
</HierarchyLvl>
<HierarchyLvl HierarchyLvlId="1090" HierarchyLvlTypeId="17" Intrnl_Id="577" Name="displayGameState">
<Header>
<Loc EndOffset="1874" SrcFileId="9" StartOffset="1843"/>
</Header>
<LocList>
<Loc EndOffset="2922" SrcFileId="9" StartOffset="1843"/>
</LocList>
<StmntSeq Intrnl_Id="578">
<LocList>
<Loc EndOffset="1936" SrcFileId="9" StartOffset="1880"/>
<Loc EndOffset="1992" SrcFileId="9" StartOffset="1940"/>
<Loc EndOffset="2052" SrcFileId="9" StartOffset="1996"/>
<Loc EndOffset="2110" SrcFileId="9" StartOffset="2056"/>
<Loc EndOffset="2172" SrcFileId="9" StartOffset="2114"/>
<Loc EndOffset="2229" SrcFileId="9" StartOffset="2176"/>
<Loc EndOffset="2760" SrcFileId="9" StartOffset="2235"/>
<Loc EndOffset="2793" SrcFileId="9" StartOffset="2764"/>
<Loc EndOffset="2822" SrcFileId="9" StartOffset="2797"/>
<Loc EndOffset="2860" SrcFileId="9" StartOffset="2826"/>
<Loc EndOffset="2918" SrcFileId="9" StartOffset="2864"/>
</LocList>
<BasicStmnt CovItemId="S24" CovItemPrefix="csse376_puerto_rico.GameBoardGUI.java" Intrnl_Id="579">
<LocList>
<Loc EndOffset="1936" SrcFileId="9" StartOffset="1880"/>
</LocList>
</BasicStmnt>
<BasicStmnt CovItemId="S25" CovItemPrefix="csse376_puerto_rico.GameBoardGUI.java" Intrnl_Id="580">
<LocList>
<Loc EndOffset="1992" SrcFileId="9" StartOffset="1940"/>
</LocList>
</BasicStmnt>
<BasicStmnt CovItemId="S26" CovItemPrefix="csse376_puerto_rico.GameBoardGUI.java" Intrnl_Id="581">
<LocList>
<Loc EndOffset="2052" SrcFileId="9" StartOffset="1996"/>
</LocList>
</BasicStmnt>
<BasicStmnt CovItemId="S27" CovItemPrefix="csse376_puerto_rico.GameBoardGUI.java" Intrnl_Id="582">
<LocList>
<Loc EndOffset="2110" SrcFileId="9" StartOffset="2056"/>
</LocList>
</BasicStmnt>
<BasicStmnt CovItemId="S28" CovItemPrefix="csse376_puerto_rico.GameBoardGUI.java" Intrnl_Id="583">
<LocList>
<Loc EndOffset="2172" SrcFileId="9" StartOffset="2114"/>
</LocList>
</BasicStmnt>
<BasicStmnt CovItemId="S29" CovItemPrefix="csse376_puerto_rico.GameBoardGUI.java" Intrnl_Id="584">
<LocList>
<Loc EndOffset="2229" SrcFileId="9" StartOffset="2176"/>
</LocList>
</BasicStmnt>
<BasicStmnt CovItemId="S30" CovItemPrefix="csse376_puerto_rico.GameBoardGUI.java" Intrnl_Id="585">
<LocList>
<Loc EndOffset="2760" SrcFileId="9" StartOffset="2235"/>
</LocList>
</BasicStmnt>
<BasicStmnt CovItemId="S31" CovItemPrefix="csse376_puerto_rico.GameBoardGUI.java" Intrnl_Id="586">
<LocList>
<Loc EndOffset="2793" SrcFileId="9" StartOffset="2764"/>
</LocList>
</BasicStmnt>
<BasicStmnt CovItemId="S32" CovItemPrefix="csse376_puerto_rico.GameBoardGUI.java" Intrnl_Id="587">
<LocList>
<Loc EndOffset="2822" SrcFileId="9" StartOffset="2797"/>
</LocList>
</BasicStmnt>
<BasicStmnt CovItemId="S33" CovItemPrefix="csse376_puerto_rico.GameBoardGUI.java" Intrnl_Id="588">
<LocList>
<Loc EndOffset="2860" SrcFileId="9" StartOffset="2826"/>
</LocList>
</BasicStmnt>
<BasicStmnt CovItemId="S34" CovItemPrefix="csse376_puerto_rico.GameBoardGUI.java" Intrnl_Id="589">
<LocList>
<Loc EndOffset="2918" SrcFileId="9" StartOffset="2864"/>
</LocList>
</BasicStmnt>
</StmntSeq>
</HierarchyLvl>
<HierarchyLvl HierarchyLvlId="1091" HierarchyLvlTypeId="17" Intrnl_Id="590" Name="updateGameStateDisplay">
<Header>
<Loc EndOffset="2964" SrcFileId="9" StartOffset="2927"/>
</Header>
<LocList>
<Loc EndOffset="3894" SrcFileId="9" StartOffset="2927"/>
</LocList>
<StmntSeq Intrnl_Id="591">
<LocList>
<Loc EndOffset="3026" SrcFileId="9" StartOffset="2970"/>
<Loc EndOffset="3082" SrcFileId="9" StartOffset="3030"/>
<Loc EndOffset="3142" SrcFileId="9" StartOffset="3086"/>
<Loc EndOffset="3200" SrcFileId="9" StartOffset="3146"/>
<Loc EndOffset="3262" SrcFileId="9" StartOffset="3204"/>
<Loc EndOffset="3319" SrcFileId="9" StartOffset="3266"/>
<Loc EndOffset="3850" SrcFileId="9" StartOffset="3325"/>
<Loc EndOffset="3890" SrcFileId="9" StartOffset="3856"/>
</LocList>
<BasicStmnt CovItemId="S35" CovItemPrefix="csse376_puerto_rico.GameBoardGUI.java" Intrnl_Id="592">
<LocList>
<Loc EndOffset="3026" SrcFileId="9" StartOffset="2970"/>
</LocList>
</BasicStmnt>
<BasicStmnt CovItemId="S36" CovItemPrefix="csse376_puerto_rico.GameBoardGUI.java" Intrnl_Id="593">
<LocList>
<Loc EndOffset="3082" SrcFileId="9" StartOffset="3030"/>
</LocList>
</BasicStmnt>
<BasicStmnt CovItemId="S37" CovItemPrefix="csse376_puerto_rico.GameBoardGUI.java" Intrnl_Id="594">
<LocList>
<Loc EndOffset="3142" SrcFileId="9" StartOffset="3086"/>
</LocList>
</BasicStmnt>
<BasicStmnt CovItemId="S38" CovItemPrefix="csse376_puerto_rico.GameBoardGUI.java" Intrnl_Id="595">
<LocList>
<Loc EndOffset="3200" SrcFileId="9" StartOffset="3146"/>
</LocList>
</BasicStmnt>
<BasicStmnt CovItemId="S39" CovItemPrefix="csse376_puerto_rico.GameBoardGUI.java" Intrnl_Id="596">
<LocList>
<Loc EndOffset="3262" SrcFileId="9" StartOffset="3204"/>
</LocList>
</BasicStmnt>
<BasicStmnt CovItemId="S40" CovItemPrefix="csse376_puerto_rico.GameBoardGUI.java" Intrnl_Id="597">
<LocList>
<Loc EndOffset="3319" SrcFileId="9" StartOffset="3266"/>
</LocList>
</BasicStmnt>
<BasicStmnt CovItemId="S41" CovItemPrefix="csse376_puerto_rico.GameBoardGUI.java" Intrnl_Id="598">
<LocList>
<Loc EndOffset="3850" SrcFileId="9" StartOffset="3325"/>
</LocList>
</BasicStmnt>
<BasicStmnt CovItemId="S42" CovItemPrefix="csse376_puerto_rico.GameBoardGUI.java" Intrnl_Id="599">
<LocList>
<Loc EndOffset="3890" SrcFileId="9" StartOffset="3856"/>
</LocList>
</BasicStmnt>
</StmntSeq>
</HierarchyLvl>
<HierarchyLvl HierarchyLvlId="1092" HierarchyLvlTypeId="17" Intrnl_Id="600" Name="displayMessageBar">
<Header>
<Loc EndOffset="3931" SrcFileId="9" StartOffset="3899"/>
</Header>
<LocList>
<Loc EndOffset="4035" SrcFileId="9" StartOffset="3899"/>
</LocList>
<StmntSeq Intrnl_Id="601">
<LocList>
<Loc EndOffset="3959" SrcFileId="9" StartOffset="3937"/>
<Loc EndOffset="4031" SrcFileId="9" StartOffset="3963"/>
</LocList>
<BasicStmnt CovItemId="S43" CovItemPrefix="csse376_puerto_rico.GameBoardGUI.java" Intrnl_Id="602">
<LocList>
<Loc EndOffset="3959" SrcFileId="9" StartOffset="3937"/>
</LocList>
</BasicStmnt>
<BasicStmnt CovItemId="S44" CovItemPrefix="csse376_puerto_rico.GameBoardGUI.java" Intrnl_Id="603">
<LocList>
<Loc EndOffset="4031" SrcFileId="9" StartOffset="3963"/>
</LocList>
</BasicStmnt>
</StmntSeq>
</HierarchyLvl>
<HierarchyLvl HierarchyLvlId="1093" HierarchyLvlTypeId="17" Intrnl_Id="604" Name="addPlayers">
<Header>
<Loc EndOffset="4091" SrcFileId="9" StartOffset="4040"/>
</Header>
<LocList>
<Loc EndOffset="4749" SrcFileId="9" StartOffset="4040"/>
</LocList>
<StmntSeq Intrnl_Id="605">
<LocList>
<Loc EndOffset="4603" SrcFileId="9" StartOffset="4141"/>
<Loc EndOffset="4652" SrcFileId="9" StartOffset="4607"/>
<Loc EndOffset="4677" SrcFileId="9" StartOffset="4658"/>
<Loc EndOffset="4701" SrcFileId="9" StartOffset="4681"/>
<Loc EndOffset="4719" SrcFileId="9" StartOffset="4705"/>
<Loc EndOffset="4745" SrcFileId="9" StartOffset="4725"/>
</LocList>
<LoopStmnt CovItemId="S45" CovItemPrefix="csse376_puerto_rico.GameBoardGUI.java" Intrnl_Id="606" MltplExecId="L2-2" MltplExecPrefix="csse376_puerto_rico.GameBoardGUI.java" NvrExecId="L2-0" NvrExecPrefix="csse376_puerto_rico.GameBoardGUI.java" OnceExecutedId="L2-1" OnceExecutedPrefix="csse376_puerto_rico.GameBoardGUI.java" OptBodyExec="true">
<StmntSeq Intrnl_Id="607">
<LocList>
<Loc EndOffset="4213" SrcFileId="9" StartOffset="4189"/>
<Loc EndOffset="4263" SrcFileId="9" StartOffset="4218"/>
<Loc EndOffset="4286" SrcFileId="9" StartOffset="4268"/>
<Loc EndOffset="4458" SrcFileId="9" StartOffset="4291"/>
<Loc EndOffset="4479" SrcFileId="9" StartOffset="4463"/>
<Loc EndOffset="4503" SrcFileId="9" StartOffset="4484"/>
<Loc EndOffset="4522" SrcFileId="9" StartOffset="4508"/>
<Loc EndOffset="4547" SrcFileId="9" StartOffset="4527"/>
<Loc EndOffset="4596" SrcFileId="9" StartOffset="4552"/>
</LocList>
<BasicStmnt CovItemId="S46" CovItemPrefix="csse376_puerto_rico.GameBoardGUI.java" Intrnl_Id="608">
<LocList>
<Loc EndOffset="4213" SrcFileId="9" StartOffset="4189"/>
</LocList>
</BasicStmnt>
<CondStmnt CovItemId="S47" CovItemPrefix="csse376_puerto_rico.GameBoardGUI.java" Intrnl_Id="609">
<Branch CovItemId="B3" CovItemPrefix="csse376_puerto_rico.GameBoardGUI.java" Implct="false" Intrnl_Id="610">
<Cond/>
<LocList>
<Loc EndOffset="4263" SrcFileId="9" StartOffset="4230"/>
</LocList>
<StmntSeq Intrnl_Id="611">
<LocList>
<Loc EndOffset="4257" SrcFileId="9" StartOffset="4237"/>
</LocList>
<BasicStmnt CovItemId="S48" CovItemPrefix="csse376_puerto_rico.GameBoardGUI.java" Intrnl_Id="612">
<LocList>
<Loc EndOffset="4257" SrcFileId="9" StartOffset="4237"/>
</LocList>
</BasicStmnt>
</StmntSeq>
</Branch>
<Branch CovItemId="B4" CovItemPrefix="csse376_puerto_rico.GameBoardGUI.java" Implct="true" Intrnl_Id="613">
<Cond/>
<LocList/>
<StmntSeq Intrnl_Id="614">
<LocList/>
</StmntSeq>
</Branch>
<Keyword EndOffset="4220" SrcFileId="9" StartOffset="4218"/>
<LocList>
<Loc EndOffset="4263" SrcFileId="9" StartOffset="4218"/>
</LocList>
<RootTerm CovItemId="C4" CovItemPrefix="csse376_puerto_rico.GameBoardGUI.java" Intrnl_Id="615">
<BasicBoolTerm Intrnl_Id="616">
<LocList>
<Loc EndOffset="4228" SrcFileId="9" StartOffset="4222"/>
</LocList>
</BasicBoolTerm>
</RootTerm>
</CondStmnt>
<BasicStmnt CovItemId="S49" CovItemPrefix="csse376_puerto_rico.GameBoardGUI.java" Intrnl_Id="617">
<LocList>
<Loc EndOffset="4286" SrcFileId="9" StartOffset="4268"/>
</LocList>
</BasicStmnt>
<BasicStmnt CovItemId="S50" CovItemPrefix="csse376_puerto_rico.GameBoardGUI.java" Intrnl_Id="618">
<LocList>
<Loc EndOffset="4458" SrcFileId="9" StartOffset="4291"/>
</LocList>
</BasicStmnt>
<BasicStmnt CovItemId="S51" CovItemPrefix="csse376_puerto_rico.GameBoardGUI.java" Intrnl_Id="619">
<LocList>
<Loc EndOffset="4479" SrcFileId="9" StartOffset="4463"/>
</LocList>
</BasicStmnt>
<BasicStmnt CovItemId="S52" CovItemPrefix="csse376_puerto_rico.GameBoardGUI.java" Intrnl_Id="620">
<LocList>
<Loc EndOffset="4503" SrcFileId="9" StartOffset="4484"/>
</LocList>
</BasicStmnt>
<BasicStmnt CovItemId="S53" CovItemPrefix="csse376_puerto_rico.GameBoardGUI.java" Intrnl_Id="621">
<LocList>
<Loc EndOffset="4522" SrcFileId="9" StartOffset="4508"/>
</LocList>
</BasicStmnt>
<BasicStmnt CovItemId="S54" CovItemPrefix="csse376_puerto_rico.GameBoardGUI.java" Intrnl_Id="622">
<LocList>
<Loc EndOffset="4547" SrcFileId="9" StartOffset="4527"/>
</LocList>
</BasicStmnt>
<BasicStmnt CovItemId="S55" CovItemPrefix="csse376_puerto_rico.GameBoardGUI.java" Intrnl_Id="623">
<LocList>
<Loc EndOffset="4596" SrcFileId="9" StartOffset="4552"/>
</LocList>
</BasicStmnt>
</StmntSeq>
<Keyword EndOffset="4144" SrcFileId="9" StartOffset="4141"/>
<LocList>
<Loc EndOffset="4603" SrcFileId="9" StartOffset="4141"/>
</LocList>
<RootTerm CovItemId="C3" CovItemPrefix="csse376_puerto_rico.GameBoardGUI.java" Intrnl_Id="624">
<BasicBoolTerm Intrnl_Id="625">
<LocList>
<Loc EndOffset="4176" SrcFileId="9" StartOffset="4157"/>
</LocList>
</BasicBoolTerm>
</RootTerm>
</LoopStmnt>
<BasicStmnt CovItemId="S56" CovItemPrefix="csse376_puerto_rico.GameBoardGUI.java" Intrnl_Id="626">
<LocList>
<Loc EndOffset="4652" SrcFileId="9" StartOffset="4607"/>
</LocList>
</BasicStmnt>
<BasicStmnt CovItemId="S57" CovItemPrefix="csse376_puerto_rico.GameBoardGUI.java" Intrnl_Id="627">
<LocList>
<Loc EndOffset="4677" SrcFileId="9" StartOffset="4658"/>
</LocList>
</BasicStmnt>
<BasicStmnt CovItemId="S58" CovItemPrefix="csse376_puerto_rico.GameBoardGUI.java" Intrnl_Id="628">
<LocList>
<Loc EndOffset="4701" SrcFileId="9" StartOffset="4681"/>
</LocList>
</BasicStmnt>
<BasicStmnt CovItemId="S59" CovItemPrefix="csse376_puerto_rico.GameBoardGUI.java" Intrnl_Id="629">
<LocList>
<Loc EndOffset="4719" SrcFileId="9" StartOffset="4705"/>
</LocList>
</BasicStmnt>
<BasicStmnt CovItemId="S60" CovItemPrefix="csse376_puerto_rico.GameBoardGUI.java" Intrnl_Id="630">
<LocList>
<Loc EndOffset="4745" SrcFileId="9" StartOffset="4725"/>
</LocList>
</BasicStmnt>
</StmntSeq>
</HierarchyLvl>
<HierarchyLvl HierarchyLvlId="1094" HierarchyLvlTypeId="17" Intrnl_Id="631" Name="getPlayers">
<Header>
<Loc EndOffset="4786" SrcFileId="9" StartOffset="4754"/>
</Header>
<LocList>
<Loc EndOffset="4816" SrcFileId="9" StartOffset="4754"/>
</LocList>
<StmntSeq Intrnl_Id="632">
<LocList>
<Loc EndOffset="4812" SrcFileId="9" StartOffset="4792"/>
</LocList>
<BasicStmnt CovItemId="S61" CovItemPrefix="csse376_puerto_rico.GameBoardGUI.java" Intrnl_Id="633">
<LocList>
<Loc EndOffset="4812" SrcFileId="9" StartOffset="4792"/>
</LocList>
</BasicStmnt>
</StmntSeq>
</HierarchyLvl>
<HierarchyLvl HierarchyLvlId="1095" HierarchyLvlTypeId="17" Intrnl_Id="634" Name="getTurnCount">
<Header>
<Loc EndOffset="4853" SrcFileId="9" StartOffset="4821"/>
</Header>
<LocList>
<Loc EndOffset="4880" SrcFileId="9" StartOffset="4821"/>
</LocList>
<StmntSeq Intrnl_Id="635">
<LocList>
<Loc EndOffset="4876" SrcFileId="9" StartOffset="4859"/>
</LocList>
<BasicStmnt CovItemId="S62" CovItemPrefix="csse376_puerto_rico.GameBoardGUI.java" Intrnl_Id="636">
<LocList>
<Loc EndOffset="4876" SrcFileId="9" StartOffset="4859"/>
</LocList>
</BasicStmnt>
</StmntSeq>
</HierarchyLvl>
<HierarchyLvl HierarchyLvlId="1096" HierarchyLvlTypeId="17" Intrnl_Id="637" Name="getPlayerText">
<Header>
<Loc EndOffset="5055" SrcFileId="9" StartOffset="4906"/>
</Header>
<LocList>
<Loc EndOffset="5493" SrcFileId="9" StartOffset="4906"/>
</LocList>
<StmntSeq Intrnl_Id="638">
<LocList>
<Loc EndOffset="5079" SrcFileId="9" StartOffset="5061"/>
<Loc EndOffset="5474" SrcFileId="9" StartOffset="5083"/>
<Loc EndOffset="5489" SrcFileId="9" StartOffset="5478"/>
</LocList>
<BasicStmnt CovItemId="S63" CovItemPrefix="csse376_puerto_rico.GameBoardGUI.java" Intrnl_Id="639">
<LocList>
<Loc EndOffset="5079" SrcFileId="9" StartOffset="5061"/>
</LocList>
</BasicStmnt>
<CondStmnt CovItemId="S64" CovItemPrefix="csse376_puerto_rico.GameBoardGUI.java" Intrnl_Id="640">
<Branch CovItemId="B5" CovItemPrefix="csse376_puerto_rico.GameBoardGUI.java" Implct="false" Intrnl_Id="641">
<Cond/>
<LocList>
<Loc EndOffset="5289" SrcFileId="9" StartOffset="5099"/>
</LocList>
<StmntSeq Intrnl_Id="642">
<LocList>
<Loc EndOffset="5282" SrcFileId="9" StartOffset="5105"/>
</LocList>
<BasicStmnt CovItemId="S65" CovItemPrefix="csse376_puerto_rico.GameBoardGUI.java" Intrnl_Id="643">
<LocList>
<Loc EndOffset="5282" SrcFileId="9" StartOffset="5105"/>
</LocList>
</BasicStmnt>
</StmntSeq>
</Branch>
<Branch CovItemId="B6" CovItemPrefix="csse376_puerto_rico.GameBoardGUI.java" Implct="false" Intrnl_Id="644">
<Cond>
<Loc EndOffset="5294" SrcFileId="9" StartOffset="5290"/>
</Cond>
<LocList>
<Loc EndOffset="5474" SrcFileId="9" StartOffset="5295"/>
</LocList>
<StmntSeq Intrnl_Id="645">
<LocList>
<Loc EndOffset="5467" SrcFileId="9" StartOffset="5301"/>
</LocList>
<BasicStmnt CovItemId="S66" CovItemPrefix="csse376_puerto_rico.GameBoardGUI.java" Intrnl_Id="646">
<LocList>
<Loc EndOffset="5467" SrcFileId="9" StartOffset="5301"/>
</LocList>
</BasicStmnt>
</StmntSeq>
</Branch>
<Keyword EndOffset="5085" SrcFileId="9" StartOffset="5083"/>
<LocList>
<Loc EndOffset="5474" SrcFileId="9" StartOffset="5083"/>
</LocList>
<RootTerm CovItemId="C5" CovItemPrefix="csse376_puerto_rico.GameBoardGUI.java" Intrnl_Id="647">
<BasicBoolTerm Intrnl_Id="648">
<LocList>
<Loc EndOffset="5097" SrcFileId="9" StartOffset="5087"/>
</LocList>
</BasicBoolTerm>
</RootTerm>
</CondStmnt>
<BasicStmnt CovItemId="S67" CovItemPrefix="csse376_puerto_rico.GameBoardGUI.java" Intrnl_Id="649">
<LocList>
<Loc EndOffset="5489" SrcFileId="9" StartOffset="5478"/>
</LocList>
</BasicStmnt>
</StmntSeq>
</HierarchyLvl>
<HierarchyLvl HierarchyLvlId="1097" HierarchyLvlTypeId="17" Intrnl_Id="650" Name="updateRoles">
<Header>
<Loc EndOffset="5523" SrcFileId="9" StartOffset="5498"/>
</Header>
<LocList>
<Loc EndOffset="6848" SrcFileId="9" StartOffset="5498"/>
</LocList>
<StmntSeq Intrnl_Id="651">
<LocList>
<Loc EndOffset="5578" SrcFileId="9" StartOffset="5531"/>
<Loc EndOffset="6842" SrcFileId="9" StartOffset="5582"/>
</LocList>
<BasicStmnt CovItemId="S68" CovItemPrefix="csse376_puerto_rico.GameBoardGUI.java" Intrnl_Id="652">
<LocList>
<Loc EndOffset="5578" SrcFileId="9" StartOffset="5531"/>
</LocList>
</BasicStmnt>
<LoopStmnt CovItemId="S69" CovItemPrefix="csse376_puerto_rico.GameBoardGUI.java" Intrnl_Id="653" MltplExecId="L3-2" MltplExecPrefix="csse376_puerto_rico.GameBoardGUI.java" NvrExecId="L3-0" NvrExecPrefix="csse376_puerto_rico.GameBoardGUI.java" OnceExecutedId="L3-1" OnceExecutedPrefix="csse376_puerto_rico.GameBoardGUI.java" OptBodyExec="true">
<StmntSeq Intrnl_Id="654">
<LocList>
<Loc EndOffset="5650" SrcFileId="9" StartOffset="5612"/>
<Loc EndOffset="6835" SrcFileId="9" StartOffset="5655"/>
</LocList>
<BasicStmnt CovItemId="S70" CovItemPrefix="csse376_puerto_rico.GameBoardGUI.java" Intrnl_Id="655">
<LocList>
<Loc EndOffset="5650" SrcFileId="9" StartOffset="5612"/>
</LocList>
</BasicStmnt>
<LoopStmnt CovItemId="S71" CovItemPrefix="csse376_puerto_rico.GameBoardGUI.java" Intrnl_Id="656" MltplExecId="L4-2" MltplExecPrefix="csse376_puerto_rico.GameBoardGUI.java" NvrExecId="L4-0" NvrExecPrefix="csse376_puerto_rico.GameBoardGUI.java" OnceExecutedId="L4-1" OnceExecutedPrefix="csse376_puerto_rico.GameBoardGUI.java" OptBodyExec="true">
<StmntSeq Intrnl_Id="657">
<LocList>
<Loc EndOffset="5744" SrcFileId="9" StartOffset="5708"/>
<Loc EndOffset="6068" SrcFileId="9" StartOffset="5843"/>
<Loc EndOffset="6322" SrcFileId="9" StartOffset="6288"/>
<Loc EndOffset="6349" SrcFileId="9" StartOffset="6328"/>
<Loc EndOffset="6470" SrcFileId="9" StartOffset="6423"/>
<Loc EndOffset="6498" SrcFileId="9" StartOffset="6476"/>
<Loc EndOffset="6530" SrcFileId="9" StartOffset="6504"/>
<Loc EndOffset="6550" SrcFileId="9" StartOffset="6538"/>
<Loc EndOffset="6608" SrcFileId="9" StartOffset="6573"/>
<Loc EndOffset="6686" SrcFileId="9" StartOffset="6642"/>
<Loc EndOffset="6798" SrcFileId="9" StartOffset="6692"/>
<Loc EndOffset="6829" SrcFileId="9" StartOffset="6804"/>
</LocList>
<BasicStmnt CovItemId="S72" CovItemPrefix="csse376_puerto_rico.GameBoardGUI.java" Intrnl_Id="658">
<LocList>
<Loc EndOffset="5744" SrcFileId="9" StartOffset="5708"/>
</LocList>
</BasicStmnt>
<BasicStmnt CovItemId="S73" CovItemPrefix="csse376_puerto_rico.GameBoardGUI.java" Intrnl_Id="659">
<LocList>
<Loc EndOffset="6068" SrcFileId="9" StartOffset="5843"/>
</LocList>
</BasicStmnt>
<BasicStmnt CovItemId="S74" CovItemPrefix="csse376_puerto_rico.GameBoardGUI.java" Intrnl_Id="660">
<LocList>
<Loc EndOffset="6322" SrcFileId="9" StartOffset="6288"/>
</LocList>
</BasicStmnt>
<BasicStmnt CovItemId="S75" CovItemPrefix="csse376_puerto_rico.GameBoardGUI.java" Intrnl_Id="661">
<LocList>
<Loc EndOffset="6349" SrcFileId="9" StartOffset="6328"/>
</LocList>
</BasicStmnt>
<BasicStmnt CovItemId="S76" CovItemPrefix="csse376_puerto_rico.GameBoardGUI.java" Intrnl_Id="662">
<LocList>
<Loc EndOffset="6470" SrcFileId="9" StartOffset="6423"/>
</LocList>
</BasicStmnt>
<BasicStmnt CovItemId="S77" CovItemPrefix="csse376_puerto_rico.GameBoardGUI.java" Intrnl_Id="663">
<LocList>
<Loc EndOffset="6498" SrcFileId="9" StartOffset="6476"/>
</LocList>
</BasicStmnt>
<BasicStmnt CovItemId="S78" CovItemPrefix="csse376_puerto_rico.GameBoardGUI.java" Intrnl_Id="664">
<LocList>
<Loc EndOffset="6530" SrcFileId="9" StartOffset="6504"/>
</LocList>
</BasicStmnt>
<BasicStmnt CovItemId="S79" CovItemPrefix="csse376_puerto_rico.GameBoardGUI.java" Intrnl_Id="665">
<LocList>
<Loc EndOffset="6550" SrcFileId="9" StartOffset="6538"/>
</LocList>
</BasicStmnt>
<BasicStmnt CovItemId="S80" CovItemPrefix="csse376_puerto_rico.GameBoardGUI.java" Intrnl_Id="666">
<LocList>
<Loc EndOffset="6608" SrcFileId="9" StartOffset="6573"/>
</LocList>
</BasicStmnt>
<BasicStmnt CovItemId="S81" CovItemPrefix="csse376_puerto_rico.GameBoardGUI.java" Intrnl_Id="667">
<LocList>
<Loc EndOffset="6686" SrcFileId="9" StartOffset="6642"/>
</LocList>
</BasicStmnt>
<LoopStmnt CovItemId="S82" CovItemPrefix="csse376_puerto_rico.GameBoardGUI.java" Intrnl_Id="668" MltplExecId="L5-2" MltplExecPrefix="csse376_puerto_rico.GameBoardGUI.java" NvrExecId="L5-0" NvrExecPrefix="csse376_puerto_rico.GameBoardGUI.java" OnceExecutedId="L5-1" OnceExecutedPrefix="csse376_puerto_rico.GameBoardGUI.java" OptBodyExec="true">
<StmntSeq Intrnl_Id="669">
<LocList>
<Loc EndOffset="6791" SrcFileId="9" StartOffset="6741"/>
</LocList>
<CondStmnt CovItemId="S83" CovItemPrefix="csse376_puerto_rico.GameBoardGUI.java" Intrnl_Id="670">
<Branch CovItemId="B7" CovItemPrefix="csse376_puerto_rico.GameBoardGUI.java" Implct="false" Intrnl_Id="671">
<Cond/>
<LocList>
<Loc EndOffset="6791" SrcFileId="9" StartOffset="6753"/>
</LocList>
<StmntSeq Intrnl_Id="672">
<LocList>
<Loc EndOffset="6783" SrcFileId="9" StartOffset="6762"/>
</LocList>
<BasicStmnt CovItemId="S84" CovItemPrefix="csse376_puerto_rico.GameBoardGUI.java" Intrnl_Id="673">
<LocList>
<Loc EndOffset="6783" SrcFileId="9" StartOffset="6762"/>
</LocList>
</BasicStmnt>
</StmntSeq>
</Branch>
<Branch CovItemId="B8" CovItemPrefix="csse376_puerto_rico.GameBoardGUI.java" Implct="true" Intrnl_Id="674">
<Cond/>
<LocList/>
<StmntSeq Intrnl_Id="675">
<LocList/>
</StmntSeq>
</Branch>
<Keyword EndOffset="6743" SrcFileId="9" StartOffset="6741"/>
<LocList>
<Loc EndOffset="6791" SrcFileId="9" StartOffset="6741"/>
</LocList>
<RootTerm CovItemId="C9" CovItemPrefix="csse376_puerto_rico.GameBoardGUI.java" Intrnl_Id="676">
<BasicBoolTerm Intrnl_Id="677">
<LocList>
<Loc EndOffset="6751" SrcFileId="9" StartOffset="6745"/>
</LocList>
</BasicBoolTerm>
</RootTerm>
</CondStmnt>
</StmntSeq>
<Keyword EndOffset="6695" SrcFileId="9" StartOffset="6692"/>
<LocList>
<Loc EndOffset="6798" SrcFileId="9" StartOffset="6692"/>
</LocList>
<RootTerm CovItemId="C8" CovItemPrefix="csse376_puerto_rico.GameBoardGUI.java" Intrnl_Id="678">
<BasicBoolTerm Intrnl_Id="679">
<LocList>
<Loc EndOffset="6726" SrcFileId="9" StartOffset="6708"/>
</LocList>
</BasicBoolTerm>
</RootTerm>
</LoopStmnt>
<BasicStmnt CovItemId="S85" CovItemPrefix="csse376_puerto_rico.GameBoardGUI.java" Intrnl_Id="680">
<LocList>
<Loc EndOffset="6829" SrcFileId="9" StartOffset="6804"/>
</LocList>
</BasicStmnt>
</StmntSeq>
<Keyword EndOffset="5658" SrcFileId="9" StartOffset="5655"/>
<LocList>
<Loc EndOffset="6835" SrcFileId="9" StartOffset="5655"/>
</LocList>
<RootTerm CovItemId="C7" CovItemPrefix="csse376_puerto_rico.GameBoardGUI.java" Intrnl_Id="681">
<BasicBoolTerm Intrnl_Id="682">
<LocList>
<Loc EndOffset="5694" SrcFileId="9" StartOffset="5671"/>
</LocList>
</BasicBoolTerm>
</RootTerm>
</LoopStmnt>
</StmntSeq>
<Keyword EndOffset="5587" SrcFileId="9" StartOffset="5582"/>
<LocList>
<Loc EndOffset="6842" SrcFileId="9" StartOffset="5582"/>
</LocList>
<RootTerm CovItemId="C6" CovItemPrefix="csse376_puerto_rico.GameBoardGUI.java" Intrnl_Id="683">
<OpTerm BooleanOpId="12" Intrnl_Id="684">
<BasicBoolTerm Intrnl_Id="685">
<LocList>
<Loc EndOffset="5604" SrcFileId="9" StartOffset="5590"/>
</LocList>
</BasicBoolTerm>
<LocList>
<Loc EndOffset="5590" SrcFileId="9" StartOffset="5589"/>
</LocList>
</OpTerm>
</RootTerm>
</LoopStmnt>
</StmntSeq>
</HierarchyLvl>
<HierarchyLvl HierarchyLvlId="1098" HierarchyLvlTypeId="17" Intrnl_Id="686" Name="checkEndGame">
<Header>
<Loc EndOffset="6882" SrcFileId="9" StartOffset="6853"/>
</Header>
<LocList>
<Loc EndOffset="7011" SrcFileId="9" StartOffset="6853"/>
</LocList>
<StmntSeq Intrnl_Id="687">
<LocList>
<Loc EndOffset="7007" SrcFileId="9" StartOffset="6973"/>
</LocList>
<BasicStmnt CovItemId="S86" CovItemPrefix="csse376_puerto_rico.GameBoardGUI.java" Intrnl_Id="688">
<LocList>
<Loc EndOffset="7007" SrcFileId="9" StartOffset="6973"/>
</LocList>
</BasicStmnt>
</StmntSeq>
</HierarchyLvl>
<HierarchyLvl HierarchyLvlId="1099" HierarchyLvlTypeId="17" Intrnl_Id="689" Name="updateMsgBar">
<Header>
<Loc EndOffset="7052" SrcFileId="9" StartOffset="7016"/>
</Header>
<LocList>
<Loc EndOffset="7087" SrcFileId="9" StartOffset="7016"/>
</LocList>
<StmntSeq Intrnl_Id="690">
<LocList>
<Loc EndOffset="7083" SrcFileId="9" StartOffset="7058"/>
</LocList>
<BasicStmnt CovItemId="S87" CovItemPrefix="csse376_puerto_rico.GameBoardGUI.java" Intrnl_Id="691">
<LocList>
<Loc EndOffset="7083" SrcFileId="9" StartOffset="7058"/>
</LocList>
</BasicStmnt>
</StmntSeq>
</HierarchyLvl>
<HierarchyLvl HierarchyLvlId="1100" HierarchyLvlTypeId="17" Intrnl_Id="692" Name="playRole">
<Header>
<Loc EndOffset="7125" SrcFileId="9" StartOffset="7092"/>
</Header>
<LocList>
<Loc EndOffset="13662" SrcFileId="9" StartOffset="7092"/>
</LocList>
<StmntSeq Intrnl_Id="693">
<LocList>
<Loc EndOffset="7174" SrcFileId="9" StartOffset="7137"/>
<Loc EndOffset="7209" SrcFileId="9" StartOffset="7178"/>
<Loc EndOffset="13656" SrcFileId="9" StartOffset="7215"/>
</LocList>
<BasicStmnt CovItemId="S88" CovItemPrefix="csse376_puerto_rico.GameBoardGUI.java" Intrnl_Id="694">
<LocList>
<Loc EndOffset="7174" SrcFileId="9" StartOffset="7137"/>
</LocList>
</BasicStmnt>
<BasicStmnt CovItemId="S89" CovItemPrefix="csse376_puerto_rico.GameBoardGUI.java" Intrnl_Id="695">
<LocList>
<Loc EndOffset="7209" SrcFileId="9" StartOffset="7178"/>
</LocList>
</BasicStmnt>
<CondStmnt CovItemId="S90" CovItemPrefix="csse376_puerto_rico.GameBoardGUI.java" Intrnl_Id="696">
<Branch CovItemId="B9" CovItemPrefix="csse376_puerto_rico.GameBoardGUI.java" Implct="false" Intrnl_Id="697">
<Cond/>
<LocList>
<Loc EndOffset="9814" SrcFileId="9" StartOffset="7251"/>
</LocList>
<StmntSeq Intrnl_Id="698">
<LocList>
<Loc EndOffset="9809" SrcFileId="9" StartOffset="7259"/>
</LocList>
<LoopStmnt CovItemId="S91" CovItemPrefix="csse376_puerto_rico.GameBoardGUI.java" Intrnl_Id="699" MltplExecId="L6-2" MltplExecPrefix="csse376_puerto_rico.GameBoardGUI.java" NvrExecId="L6-0" NvrExecPrefix="csse376_puerto_rico.GameBoardGUI.java" OnceExecutedId="L6-1" OnceExecutedPrefix="csse376_puerto_rico.GameBoardGUI.java" OptBodyExec="true">
<StmntSeq Intrnl_Id="700">
<LocList>
<Loc EndOffset="7406" SrcFileId="9" StartOffset="7376"/>
<Loc EndOffset="7476" SrcFileId="9" StartOffset="7414"/>
<Loc EndOffset="7507" SrcFileId="9" StartOffset="7482"/>
<Loc EndOffset="9754" SrcFileId="9" StartOffset="7513"/>
<Loc EndOffset="9801" SrcFileId="9" StartOffset="9760"/>
</LocList>
<BasicStmnt CovItemId="S92" CovItemPrefix="csse376_puerto_rico.GameBoardGUI.java" Intrnl_Id="701">
<LocList>
<Loc EndOffset="7406" SrcFileId="9" StartOffset="7376"/>
</LocList>
</BasicStmnt>
<BasicStmnt CovItemId="S93" CovItemPrefix="csse376_puerto_rico.GameBoardGUI.java" Intrnl_Id="702">
<LocList>
<Loc EndOffset="7476" SrcFileId="9" StartOffset="7414"/>
</LocList>
</BasicStmnt>
<BasicStmnt CovItemId="S94" CovItemPrefix="csse376_puerto_rico.GameBoardGUI.java" Intrnl_Id="703">
<LocList>
<Loc EndOffset="7507" SrcFileId="9" StartOffset="7482"/>
</LocList>
</BasicStmnt>
<LoopStmnt CovItemId="S95" CovItemPrefix="csse376_puerto_rico.GameBoardGUI.java" Intrnl_Id="704" MltplExecId="L7-2" MltplExecPrefix="csse376_puerto_rico.GameBoardGUI.java" NvrExecId="L7-0" NvrExecPrefix="csse376_puerto_rico.GameBoardGUI.java" OnceExecutedId="L7-1" OnceExecutedPrefix="csse376_puerto_rico.GameBoardGUI.java" OptBodyExec="true">
<StmntSeq Intrnl_Id="705">
<LocList>
<Loc EndOffset="7844" SrcFileId="9" StartOffset="7539"/>
<Loc EndOffset="9714" SrcFileId="9" StartOffset="7851"/>
<Loc EndOffset="9747" SrcFileId="9" StartOffset="9721"/>
</LocList>
<BasicStmnt CovItemId="S96" CovItemPrefix="csse376_puerto_rico.GameBoardGUI.java" Intrnl_Id="706">
<LocList>
<Loc EndOffset="7844" SrcFileId="9" StartOffset="7539"/>
</LocList>
</BasicStmnt>
<CondStmnt CovItemId="S97" CovItemPrefix="csse376_puerto_rico.GameBoardGUI.java" Intrnl_Id="707">
<Branch CovItemId="B11" CovItemPrefix="csse376_puerto_rico.GameBoardGUI.java" Implct="false" Intrnl_Id="708">
<Cond/>
<LocList>
<Loc EndOffset="8948" SrcFileId="9" StartOffset="7863"/>
</LocList>
<StmntSeq Intrnl_Id="709">
<LocList>
<Loc EndOffset="7978" SrcFileId="9" StartOffset="7872"/>
<Loc EndOffset="8017" SrcFileId="9" StartOffset="7986"/>
<Loc EndOffset="8067" SrcFileId="9" StartOffset="8025"/>
<Loc EndOffset="8373" SrcFileId="9" StartOffset="8077"/>
<Loc EndOffset="8938" SrcFileId="9" StartOffset="8381"/>
</LocList>
<BasicStmnt CovItemId="S98" CovItemPrefix="csse376_puerto_rico.GameBoardGUI.java" Intrnl_Id="710">
<LocList>
<Loc EndOffset="7978" SrcFileId="9" StartOffset="7872"/>
</LocList>
</BasicStmnt>
<BasicStmnt CovItemId="S99" CovItemPrefix="csse376_puerto_rico.GameBoardGUI.java" Intrnl_Id="711">
<LocList>
<Loc EndOffset="8017" SrcFileId="9" StartOffset="7986"/>
</LocList>
</BasicStmnt>
<BasicStmnt CovItemId="S100" CovItemPrefix="csse376_puerto_rico.GameBoardGUI.java" Intrnl_Id="712">
<LocList>
<Loc EndOffset="8067" SrcFileId="9" StartOffset="8025"/>
</LocList>
</BasicStmnt>
<BasicStmnt CovItemId="S101" CovItemPrefix="csse376_puerto_rico.GameBoardGUI.java" Intrnl_Id="713">
<LocList>
<Loc EndOffset="8373" SrcFileId="9" StartOffset="8077"/>
</LocList>
</BasicStmnt>
<CondStmnt CovItemId="S102" CovItemPrefix="csse376_puerto_rico.GameBoardGUI.java" Intrnl_Id="714">
<Branch CovItemId="B13" CovItemPrefix="csse376_puerto_rico.GameBoardGUI.java" Implct="false" Intrnl_Id="715">
<Cond/>
<LocList>
<Loc EndOffset="8837" SrcFileId="9" StartOffset="8417"/>
</LocList>
<StmntSeq Intrnl_Id="716">
<LocList>
<Loc EndOffset="8551" SrcFileId="9" StartOffset="8482"/>
<Loc EndOffset="8828" SrcFileId="9" StartOffset="8560"/>
</LocList>
<BasicStmnt CovItemId="S103" CovItemPrefix="csse376_puerto_rico.GameBoardGUI.java" Intrnl_Id="717">
<LocList>
<Loc EndOffset="8551" SrcFileId="9" StartOffset="8482"/>
</LocList>
</BasicStmnt>
<CondStmnt CovItemId="S104" CovItemPrefix="csse376_puerto_rico.GameBoardGUI.java" Intrnl_Id="718">
<Branch CovItemId="B15" CovItemPrefix="csse376_puerto_rico.GameBoardGUI.java" Implct="false" Intrnl_Id="719">
<Cond/>
<LocList>
<Loc EndOffset="8716" SrcFileId="9" StartOffset="8612"/>
</LocList>
<StmntSeq Intrnl_Id="720">
<LocList>
<Loc EndOffset="8680" SrcFileId="9" StartOffset="8623"/>
<Loc EndOffset="8706" SrcFileId="9" StartOffset="8690"/>
</LocList>
<BasicStmnt CovItemId="S105" CovItemPrefix="csse376_puerto_rico.GameBoardGUI.java" Intrnl_Id="721">
<LocList>
<Loc EndOffset="8680" SrcFileId="9" StartOffset="8623"/>
</LocList>
</BasicStmnt>
<BasicStmnt CovItemId="S106" CovItemPrefix="csse376_puerto_rico.GameBoardGUI.java" Intrnl_Id="722">
<LocList>
<Loc EndOffset="8706" SrcFileId="9" StartOffset="8690"/>
</LocList>
</BasicStmnt>
</StmntSeq>
</Branch>
<Branch CovItemId="B16" CovItemPrefix="csse376_puerto_rico.GameBoardGUI.java" Implct="false" Intrnl_Id="723">
<Cond>
<Loc EndOffset="8721" SrcFileId="9" StartOffset="8717"/>
</Cond>
<LocList>
<Loc EndOffset="8828" SrcFileId="9" StartOffset="8722"/>
</LocList>
<StmntSeq Intrnl_Id="724">
<LocList>
<Loc EndOffset="8818" SrcFileId="9" StartOffset="8733"/>
</LocList>
<BasicStmnt CovItemId="S107" CovItemPrefix="csse376_puerto_rico.GameBoardGUI.java" Intrnl_Id="725">
<LocList>
<Loc EndOffset="8818" SrcFileId="9" StartOffset="8733"/>
</LocList>
</BasicStmnt>
</StmntSeq>
</Branch>
<Keyword EndOffset="8562" SrcFileId="9" StartOffset="8560"/>
<LocList>
<Loc EndOffset="8828" SrcFileId="9" StartOffset="8560"/>
</LocList>
<RootTerm CovItemId="C15" CovItemPrefix="csse376_puerto_rico.GameBoardGUI.java" Intrnl_Id="726">
<BasicBoolTerm Intrnl_Id="727">
<LocList>
<Loc EndOffset="8610" SrcFileId="9" StartOffset="8564"/>
</LocList>
</BasicBoolTerm>
</RootTerm>
</CondStmnt>
</StmntSeq>
</Branch>
<Branch CovItemId="B14" CovItemPrefix="csse376_puerto_rico.GameBoardGUI.java" Implct="false" Intrnl_Id="728">
<Cond>
<Loc EndOffset="8842" SrcFileId="9" StartOffset="8838"/>
</Cond>
<LocList>
<Loc EndOffset="8938" SrcFileId="9" StartOffset="8843"/>
</LocList>
<StmntSeq Intrnl_Id="729">
<LocList>
<Loc EndOffset="8903" SrcFileId="9" StartOffset="8853"/>
<Loc EndOffset="8929" SrcFileId="9" StartOffset="8912"/>
</LocList>
<BasicStmnt CovItemId="S108" CovItemPrefix="csse376_puerto_rico.GameBoardGUI.java" Intrnl_Id="730">
<LocList>
<Loc EndOffset="8903" SrcFileId="9" StartOffset="8853"/>
</LocList>
</BasicStmnt>
<BasicStmnt CovItemId="S109" CovItemPrefix="csse376_puerto_rico.GameBoardGUI.java" Intrnl_Id="731">
<LocList>
<Loc EndOffset="8929" SrcFileId="9" StartOffset="8912"/>
</LocList>
</BasicStmnt>
</StmntSeq>
</Branch>
<Keyword EndOffset="8383" SrcFileId="9" StartOffset="8381"/>
<LocList>
<Loc EndOffset="8938" SrcFileId="9" StartOffset="8381"/>
</LocList>
<RootTerm CovItemId="C14" CovItemPrefix="csse376_puerto_rico.GameBoardGUI.java" Intrnl_Id="732">
<BasicBoolTerm Intrnl_Id="733">
<LocList>
<Loc EndOffset="8415" SrcFileId="9" StartOffset="8385"/>
</LocList>
</BasicBoolTerm>
</RootTerm>
</CondStmnt>
</StmntSeq>
</Branch>
<Branch CovItemId="B12" CovItemPrefix="csse376_puerto_rico.GameBoardGUI.java" Implct="false" Intrnl_Id="734">
<Cond>
<Loc EndOffset="8953" SrcFileId="9" StartOffset="8949"/>
</Cond>
<LocList>
<Loc EndOffset="9714" SrcFileId="9" StartOffset="8954"/>
</LocList>
<StmntSeq Intrnl_Id="735">
<LocList>
<Loc EndOffset="9714" SrcFileId="9" StartOffset="8954"/>
</LocList>
<CondStmnt CovItemId="S110" CovItemPrefix="csse376_puerto_rico.GameBoardGUI.java" Intrnl_Id="736">
<Branch CovItemId="B17" CovItemPrefix="csse376_puerto_rico.GameBoardGUI.java" Implct="false" Intrnl_Id="737">
<Cond/>
<LocList>
<Loc EndOffset="9654" SrcFileId="9" StartOffset="8966"/>
</LocList>
<StmntSeq Intrnl_Id="738">
<LocList>
<Loc EndOffset="9080" SrcFileId="9" StartOffset="8975"/>
<Loc EndOffset="9116" SrcFileId="9" StartOffset="9088"/>
<Loc EndOffset="9163" SrcFileId="9" StartOffset="9124"/>
<Loc EndOffset="9473" SrcFileId="9" StartOffset="9173"/>
<Loc EndOffset="9646" SrcFileId="9" StartOffset="9481"/>
</LocList>
<BasicStmnt CovItemId="S111" CovItemPrefix="csse376_puerto_rico.GameBoardGUI.java" Intrnl_Id="739">
<LocList>
<Loc EndOffset="9080" SrcFileId="9" StartOffset="8975"/>
</LocList>
</BasicStmnt>
<BasicStmnt CovItemId="S112" CovItemPrefix="csse376_puerto_rico.GameBoardGUI.java" Intrnl_Id="740">
<LocList>
<Loc EndOffset="9116" SrcFileId="9" StartOffset="9088"/>
</LocList>
</BasicStmnt>
<BasicStmnt CovItemId="S113" CovItemPrefix="csse376_puerto_rico.GameBoardGUI.java" Intrnl_Id="741">
<LocList>
<Loc EndOffset="9163" SrcFileId="9" StartOffset="9124"/>
</LocList>
</BasicStmnt>
<BasicStmnt CovItemId="S114" CovItemPrefix="csse376_puerto_rico.GameBoardGUI.java" Intrnl_Id="742">
<LocList>
<Loc EndOffset="9473" SrcFileId="9" StartOffset="9173"/>
</LocList>
</BasicStmnt>
<CondStmnt CovItemId="S115" CovItemPrefix="csse376_puerto_rico.GameBoardGUI.java" Intrnl_Id="743">
<Branch CovItemId="B19" CovItemPrefix="csse376_puerto_rico.GameBoardGUI.java" Implct="false" Intrnl_Id="744">
<Cond/>
<LocList>
<Loc EndOffset="9554" SrcFileId="9" StartOffset="9519"/>
</LocList>
<StmntSeq Intrnl_Id="745">
<LocList>
<Loc EndOffset="9545" SrcFileId="9" StartOffset="9529"/>
</LocList>
<BasicStmnt CovItemId="S116" CovItemPrefix="csse376_puerto_rico.GameBoardGUI.java" Intrnl_Id="746">
<LocList>
<Loc EndOffset="9545" SrcFileId="9" StartOffset="9529"/>
</LocList>
</BasicStmnt>
</StmntSeq>
</Branch>
<Branch CovItemId="B20" CovItemPrefix="csse376_puerto_rico.GameBoardGUI.java" Implct="false" Intrnl_Id="747">
<Cond>
<Loc EndOffset="9559" SrcFileId="9" StartOffset="9555"/>
</Cond>
<LocList>
<Loc EndOffset="9646" SrcFileId="9" StartOffset="9560"/>
</LocList>
<StmntSeq Intrnl_Id="748">
<LocList>
<Loc EndOffset="9637" SrcFileId="9" StartOffset="9620"/>
</LocList>
<BasicStmnt CovItemId="S117" CovItemPrefix="csse376_puerto_rico.GameBoardGUI.java" Intrnl_Id="749">
<LocList>
<Loc EndOffset="9637" SrcFileId="9" StartOffset="9620"/>
</LocList>
</BasicStmnt>
</StmntSeq>
</Branch>
<Keyword EndOffset="9483" SrcFileId="9" StartOffset="9481"/>
<LocList>
<Loc EndOffset="9646" SrcFileId="9" StartOffset="9481"/>
</LocList>
<RootTerm CovItemId="C17" CovItemPrefix="csse376_puerto_rico.GameBoardGUI.java" Intrnl_Id="750">
<BasicBoolTerm Intrnl_Id="751">
<LocList>
<Loc EndOffset="9517" SrcFileId="9" StartOffset="9485"/>
</LocList>
</BasicBoolTerm>
</RootTerm>
</CondStmnt>
</StmntSeq>
</Branch>
<Branch CovItemId="B18" CovItemPrefix="csse376_puerto_rico.GameBoardGUI.java" Implct="false" Intrnl_Id="752">
<Cond>
<Loc EndOffset="9659" SrcFileId="9" StartOffset="9655"/>
</Cond>
<LocList>
<Loc EndOffset="9714" SrcFileId="9" StartOffset="9660"/>
</LocList>
<StmntSeq Intrnl_Id="753">
<LocList>
<Loc EndOffset="9706" SrcFileId="9" StartOffset="9690"/>
</LocList>
<BasicStmnt CovItemId="S118" CovItemPrefix="csse376_puerto_rico.GameBoardGUI.java" Intrnl_Id="754">
<LocList>
<Loc EndOffset="9706" SrcFileId="9" StartOffset="9690"/>
</LocList>
</BasicStmnt>
</StmntSeq>
</Branch>
<Keyword EndOffset="8956" SrcFileId="9" StartOffset="8954"/>
<LocList>
<Loc EndOffset="9714" SrcFileId="9" StartOffset="8954"/>
</LocList>
<RootTerm CovItemId="C16" CovItemPrefix="csse376_puerto_rico.GameBoardGUI.java" Intrnl_Id="755">
<BasicBoolTerm Intrnl_Id="756">
<LocList>
<Loc EndOffset="8964" SrcFileId="9" StartOffset="8958"/>
</LocList>
</BasicBoolTerm>
</RootTerm>
</CondStmnt>
</StmntSeq>
</Branch>
<Keyword EndOffset="7853" SrcFileId="9" StartOffset="7851"/>
<LocList>
<Loc EndOffset="9714" SrcFileId="9" StartOffset="7851"/>
</LocList>
<RootTerm CovItemId="C13" CovItemPrefix="csse376_puerto_rico.GameBoardGUI.java" Intrnl_Id="757">
<BasicBoolTerm Intrnl_Id="758">
<LocList>
<Loc EndOffset="7861" SrcFileId="9" StartOffset="7855"/>
</LocList>
</BasicBoolTerm>
</RootTerm>
</CondStmnt>
<BasicStmnt CovItemId="S119" CovItemPrefix="csse376_puerto_rico.GameBoardGUI.java" Intrnl_Id="759">
<LocList>
<Loc EndOffset="9747" SrcFileId="9" StartOffset="9721"/>
</LocList>
</BasicStmnt>
</StmntSeq>
<Keyword EndOffset="7518" SrcFileId="9" StartOffset="7513"/>
<LocList>
<Loc EndOffset="9754" SrcFileId="9" StartOffset="7513"/>
</LocList>
<RootTerm CovItemId="C12" CovItemPrefix="csse376_puerto_rico.GameBoardGUI.java" Intrnl_Id="760">
<OpTerm BooleanOpId="12" Intrnl_Id="761">
<BasicBoolTerm Intrnl_Id="762">
<LocList>
<Loc EndOffset="7529" SrcFileId="9" StartOffset="7521"/>
</LocList>
</BasicBoolTerm>
<LocList>
<Loc EndOffset="7521" SrcFileId="9" StartOffset="7520"/>
</LocList>
</OpTerm>
</RootTerm>
</LoopStmnt>
<BasicStmnt CovItemId="S120" CovItemPrefix="csse376_puerto_rico.GameBoardGUI.java" Intrnl_Id="763">
<LocList>
<Loc EndOffset="9801" SrcFileId="9" StartOffset="9760"/>
</LocList>
</BasicStmnt>
</StmntSeq>
<Keyword EndOffset="7262" SrcFileId="9" StartOffset="7259"/>
<LocList>
<Loc EndOffset="9809" SrcFileId="9" StartOffset="7259"/>
</LocList>
<RootTerm CovItemId="C11" CovItemPrefix="csse376_puerto_rico.GameBoardGUI.java" Intrnl_Id="764">
<BasicBoolTerm Intrnl_Id="765">
<LocList>
<Loc EndOffset="7293" SrcFileId="9" StartOffset="7275"/>
</LocList>
</BasicBoolTerm>
</RootTerm>
</LoopStmnt>
</StmntSeq>
</Branch>
<Branch CovItemId="B10" CovItemPrefix="csse376_puerto_rico.GameBoardGUI.java" Implct="false" Intrnl_Id="766">
<Cond>
<Loc EndOffset="9819" SrcFileId="9" StartOffset="9815"/>
</Cond>
<LocList>
<Loc EndOffset="13656" SrcFileId="9" StartOffset="9820"/>
</LocList>
<StmntSeq Intrnl_Id="767">
<LocList>
<Loc EndOffset="13656" SrcFileId="9" StartOffset="9820"/>
</LocList>
<CondStmnt CovItemId="S121" CovItemPrefix="csse376_puerto_rico.GameBoardGUI.java" Intrnl_Id="768">
<Branch CovItemId="B21" CovItemPrefix="csse376_puerto_rico.GameBoardGUI.java" Implct="false" Intrnl_Id="769">
<Cond/>
<LocList>
<Loc EndOffset="10667" SrcFileId="9" StartOffset="9858"/>
</LocList>
<StmntSeq Intrnl_Id="770">
<LocList>
<Loc EndOffset="9894" SrcFileId="9" StartOffset="9864"/>
<Loc EndOffset="9947" SrcFileId="9" StartOffset="9899"/>
<Loc EndOffset="9974" SrcFileId="9" StartOffset="9952"/>
<Loc EndOffset="10015" SrcFileId="9" StartOffset="9979"/>
<Loc EndOffset="10662" SrcFileId="9" StartOffset="10075"/>
</LocList>
<BasicStmnt CovItemId="S122" CovItemPrefix="csse376_puerto_rico.GameBoardGUI.java" Intrnl_Id="771">
<LocList>
<Loc EndOffset="9894" SrcFileId="9" StartOffset="9864"/>
</LocList>
</BasicStmnt>
<BasicStmnt CovItemId="S123" CovItemPrefix="csse376_puerto_rico.GameBoardGUI.java" Intrnl_Id="772">
<LocList>
<Loc EndOffset="9947" SrcFileId="9" StartOffset="9899"/>
</LocList>
</BasicStmnt>
<BasicStmnt CovItemId="S124" CovItemPrefix="csse376_puerto_rico.GameBoardGUI.java" Intrnl_Id="773">
<LocList>
<Loc EndOffset="9974" SrcFileId="9" StartOffset="9952"/>
</LocList>
</BasicStmnt>
<BasicStmnt CovItemId="S125" CovItemPrefix="csse376_puerto_rico.GameBoardGUI.java" Intrnl_Id="774">
<LocList>
<Loc EndOffset="10015" SrcFileId="9" StartOffset="9979"/>
</LocList>
</BasicStmnt>
<LoopStmnt CovItemId="S126" CovItemPrefix="csse376_puerto_rico.GameBoardGUI.java" Intrnl_Id="775" MltplExecId="L8-2" MltplExecPrefix="csse376_puerto_rico.GameBoardGUI.java" NvrExecId="L8-0" NvrExecPrefix="csse376_puerto_rico.GameBoardGUI.java" OnceExecutedId="L8-1" OnceExecutedPrefix="csse376_puerto_rico.GameBoardGUI.java" OptBodyExec="true">
<StmntSeq Intrnl_Id="776">
<LocList>
<Loc EndOffset="10155" SrcFileId="9" StartOffset="10125"/>
<Loc EndOffset="10189" SrcFileId="9" StartOffset="10161"/>
<Loc EndOffset="10478" SrcFileId="9" StartOffset="10235"/>
<Loc EndOffset="10575" SrcFileId="9" StartOffset="10484"/>
<Loc EndOffset="10607" SrcFileId="9" StartOffset="10581"/>
<Loc EndOffset="10654" SrcFileId="9" StartOffset="10613"/>
</LocList>
<BasicStmnt CovItemId="S127" CovItemPrefix="csse376_puerto_rico.GameBoardGUI.java" Intrnl_Id="777">
<LocList>
<Loc EndOffset="10155" SrcFileId="9" StartOffset="10125"/>
</LocList>
</BasicStmnt>
<BasicStmnt CovItemId="S128" CovItemPrefix="csse376_puerto_rico.GameBoardGUI.java" Intrnl_Id="778">
<LocList>
<Loc EndOffset="10189" SrcFileId="9" StartOffset="10161"/>
</LocList>
</BasicStmnt>
<BasicStmnt CovItemId="S129" CovItemPrefix="csse376_puerto_rico.GameBoardGUI.java" Intrnl_Id="779">
<LocList>
<Loc EndOffset="10478" SrcFileId="9" StartOffset="10235"/>
</LocList>
</BasicStmnt>
<CondStmnt CovItemId="S130" CovItemPrefix="csse376_puerto_rico.GameBoardGUI.java" Intrnl_Id="780">
<Branch CovItemId="B23" CovItemPrefix="csse376_puerto_rico.GameBoardGUI.java" Implct="false" Intrnl_Id="781">
<Cond/>
<LocList>
<Loc EndOffset="10575" SrcFileId="9" StartOffset="10512"/>
</LocList>
<StmntSeq Intrnl_Id="782">
<LocList>
<Loc EndOffset="10568" SrcFileId="9" StartOffset="10520"/>
</LocList>
<BasicStmnt CovItemId="S131" CovItemPrefix="csse376_puerto_rico.GameBoardGUI.java" Intrnl_Id="783">
<LocList>
<Loc EndOffset="10568" SrcFileId="9" StartOffset="10520"/>
</LocList>
</BasicStmnt>
</StmntSeq>
</Branch>
<Branch CovItemId="B24" CovItemPrefix="csse376_puerto_rico.GameBoardGUI.java" Implct="true" Intrnl_Id="784">
<Cond/>
<LocList/>
<StmntSeq Intrnl_Id="785">
<LocList/>
</StmntSeq>
</Branch>
<Keyword EndOffset="10486" SrcFileId="9" StartOffset="10484"/>
<LocList>
<Loc EndOffset="10575" SrcFileId="9" StartOffset="10484"/>
</LocList>
<RootTerm CovItemId="C20" CovItemPrefix="csse376_puerto_rico.GameBoardGUI.java" Intrnl_Id="786">
<BasicBoolTerm Intrnl_Id="787">
<LocList>
<Loc EndOffset="10510" SrcFileId="9" StartOffset="10488"/>
</LocList>
</BasicBoolTerm>
</RootTerm>
</CondStmnt>
<BasicStmnt CovItemId="S132" CovItemPrefix="csse376_puerto_rico.GameBoardGUI.java" Intrnl_Id="788">
<LocList>
<Loc EndOffset="10607" SrcFileId="9" StartOffset="10581"/>
</LocList>
</BasicStmnt>
<BasicStmnt CovItemId="S133" CovItemPrefix="csse376_puerto_rico.GameBoardGUI.java" Intrnl_Id="789">
<LocList>
<Loc EndOffset="10654" SrcFileId="9" StartOffset="10613"/>
</LocList>
</BasicStmnt>
</StmntSeq>
<Keyword EndOffset="10078" SrcFileId="9" StartOffset="10075"/>
<LocList>
<Loc EndOffset="10662" SrcFileId="9" StartOffset="10075"/>
</LocList>
<RootTerm CovItemId="C19" CovItemPrefix="csse376_puerto_rico.GameBoardGUI.java" Intrnl_Id="790">
<BasicBoolTerm Intrnl_Id="791">
<LocList>
<Loc EndOffset="10109" SrcFileId="9" StartOffset="10091"/>
</LocList>
</BasicBoolTerm>
</RootTerm>
</LoopStmnt>
</StmntSeq>
</Branch>
<Branch CovItemId="B22" CovItemPrefix="csse376_puerto_rico.GameBoardGUI.java" Implct="false" Intrnl_Id="792">
<Cond>
<Loc EndOffset="10672" SrcFileId="9" StartOffset="10668"/>
</Cond>
<LocList>
<Loc EndOffset="13656" SrcFileId="9" StartOffset="10673"/>
</LocList>
<StmntSeq Intrnl_Id="793">
<LocList>
<Loc EndOffset="13656" SrcFileId="9" StartOffset="10673"/>
</LocList>
<CondStmnt CovItemId="S134" CovItemPrefix="csse376_puerto_rico.GameBoardGUI.java" Intrnl_Id="794">
<Branch CovItemId="B25" CovItemPrefix="csse376_puerto_rico.GameBoardGUI.java" Implct="false" Intrnl_Id="795">
<Cond/>
<LocList>
<Loc EndOffset="11502" SrcFileId="9" StartOffset="10711"/>
</LocList>
<StmntSeq Intrnl_Id="796">
<LocList>
<Loc EndOffset="10780" SrcFileId="9" StartOffset="10737"/>
<Loc EndOffset="10806" SrcFileId="9" StartOffset="10785"/>
<Loc EndOffset="10847" SrcFileId="9" StartOffset="10811"/>
<Loc EndOffset="11497" SrcFileId="9" StartOffset="10852"/>
</LocList>
<BasicStmnt CovItemId="S135" CovItemPrefix="csse376_puerto_rico.GameBoardGUI.java" Intrnl_Id="797">
<LocList>
<Loc EndOffset="10780" SrcFileId="9" StartOffset="10737"/>
</LocList>
</BasicStmnt>
<BasicStmnt CovItemId="S136" CovItemPrefix="csse376_puerto_rico.GameBoardGUI.java" Intrnl_Id="798">
<LocList>
<Loc EndOffset="10806" SrcFileId="9" StartOffset="10785"/>
</LocList>
</BasicStmnt>
<BasicStmnt CovItemId="S137" CovItemPrefix="csse376_puerto_rico.GameBoardGUI.java" Intrnl_Id="799">
<LocList>
<Loc EndOffset="10847" SrcFileId="9" StartOffset="10811"/>
</LocList>
</BasicStmnt>
<LoopStmnt CovItemId="S138" CovItemPrefix="csse376_puerto_rico.GameBoardGUI.java" Intrnl_Id="800" MltplExecId="L9-2" MltplExecPrefix="csse376_puerto_rico.GameBoardGUI.java" NvrExecId="L9-0" NvrExecPrefix="csse376_puerto_rico.GameBoardGUI.java" OnceExecutedId="L9-1" OnceExecutedPrefix="csse376_puerto_rico.GameBoardGUI.java" OptBodyExec="true">
<StmntSeq Intrnl_Id="801">
<LocList>
<Loc EndOffset="10932" SrcFileId="9" StartOffset="10902"/>
<Loc EndOffset="11219" SrcFileId="9" StartOffset="10978"/>
<Loc EndOffset="11259" SrcFileId="9" StartOffset="11225"/>
<Loc EndOffset="11412" SrcFileId="9" StartOffset="11265"/>
<Loc EndOffset="11444" SrcFileId="9" StartOffset="11418"/>
<Loc EndOffset="11491" SrcFileId="9" StartOffset="11450"/>
</LocList>
<BasicStmnt CovItemId="S139" CovItemPrefix="csse376_puerto_rico.GameBoardGUI.java" Intrnl_Id="802">
<LocList>
<Loc EndOffset="10932" SrcFileId="9" StartOffset="10902"/>
</LocList>
</BasicStmnt>
<BasicStmnt CovItemId="S140" CovItemPrefix="csse376_puerto_rico.GameBoardGUI.java" Intrnl_Id="803">
<LocList>
<Loc EndOffset="11219" SrcFileId="9" StartOffset="10978"/>
</LocList>
</BasicStmnt>
<BasicStmnt CovItemId="S141" CovItemPrefix="csse376_puerto_rico.GameBoardGUI.java" Intrnl_Id="804">
<LocList>
<Loc EndOffset="11259" SrcFileId="9" StartOffset="11225"/>
</LocList>
</BasicStmnt>
<CondStmnt CovItemId="S142" CovItemPrefix="csse376_puerto_rico.GameBoardGUI.java" Intrnl_Id="805">
<Branch CovItemId="B27" CovItemPrefix="csse376_puerto_rico.GameBoardGUI.java" Implct="false" Intrnl_Id="806">
<Cond/>
<LocList>
<Loc EndOffset="11412" SrcFileId="9" StartOffset="11322"/>
</LocList>
<StmntSeq Intrnl_Id="807">
<LocList>
<Loc EndOffset="11405" SrcFileId="9" StartOffset="11330"/>
</LocList>
<BasicStmnt CovItemId="S143" CovItemPrefix="csse376_puerto_rico.GameBoardGUI.java" Intrnl_Id="808">
<LocList>
<Loc EndOffset="11405" SrcFileId="9" StartOffset="11330"/>
</LocList>
</BasicStmnt>
</StmntSeq>
</Branch>
<Branch CovItemId="B28" CovItemPrefix="csse376_puerto_rico.GameBoardGUI.java" Implct="true" Intrnl_Id="809">
<Cond/>
<LocList/>
<StmntSeq Intrnl_Id="810">
<LocList/>
</StmntSeq>
</Branch>
<Keyword EndOffset="11267" SrcFileId="9" StartOffset="11265"/>
<LocList>
<Loc EndOffset="11412" SrcFileId="9" StartOffset="11265"/>
</LocList>
<RootTerm CovItemId="C23" CovItemPrefix="csse376_puerto_rico.GameBoardGUI.java" Intrnl_Id="811">
<OpTerm BooleanOpId="13" Intrnl_Id="812">
<BasicBoolTerm Intrnl_Id="813">
<LocList>
<Loc EndOffset="11291" SrcFileId="9" StartOffset="11269"/>
</LocList>
</BasicBoolTerm>
<BasicBoolTerm Intrnl_Id="814">
<LocList>
<Loc EndOffset="11320" SrcFileId="9" StartOffset="11295"/>
</LocList>
</BasicBoolTerm>
<LocList>
<Loc EndOffset="11294" SrcFileId="9" StartOffset="11292"/>
</LocList>
</OpTerm>
</RootTerm>
</CondStmnt>
<BasicStmnt CovItemId="S144" CovItemPrefix="csse376_puerto_rico.GameBoardGUI.java" Intrnl_Id="815">
<LocList>
<Loc EndOffset="11444" SrcFileId="9" StartOffset="11418"/>
</LocList>
</BasicStmnt>
<BasicStmnt CovItemId="S145" CovItemPrefix="csse376_puerto_rico.GameBoardGUI.java" Intrnl_Id="816">
<LocList>
<Loc EndOffset="11491" SrcFileId="9" StartOffset="11450"/>
</LocList>
</BasicStmnt>
</StmntSeq>
<Keyword EndOffset="10855" SrcFileId="9" StartOffset="10852"/>
<LocList>
<Loc EndOffset="11497" SrcFileId="9" StartOffset="10852"/>
</LocList>
<RootTerm CovItemId="C22" CovItemPrefix="csse376_puerto_rico.GameBoardGUI.java" Intrnl_Id="817">
<BasicBoolTerm Intrnl_Id="818">
<LocList>
<Loc EndOffset="10886" SrcFileId="9" StartOffset="10868"/>
</LocList>
</BasicBoolTerm>
</RootTerm>
</LoopStmnt>
</StmntSeq>
</Branch>
<Branch CovItemId="B26" CovItemPrefix="csse376_puerto_rico.GameBoardGUI.java" Implct="false" Intrnl_Id="819">
<Cond>
<Loc EndOffset="11507" SrcFileId="9" StartOffset="11503"/>
</Cond>
<LocList>
<Loc EndOffset="13656" SrcFileId="9" StartOffset="11508"/>
</LocList>
<StmntSeq Intrnl_Id="820">
<LocList>
<Loc EndOffset="13656" SrcFileId="9" StartOffset="11508"/>
</LocList>
<CondStmnt CovItemId="S146" CovItemPrefix="csse376_puerto_rico.GameBoardGUI.java" Intrnl_Id="821">
<Branch CovItemId="B29" CovItemPrefix="csse376_puerto_rico.GameBoardGUI.java" Implct="false" Intrnl_Id="822">
<Cond/>
<LocList>
<Loc EndOffset="11777" SrcFileId="9" StartOffset="11548"/>
</LocList>
<StmntSeq Intrnl_Id="823">
<LocList>
<Loc EndOffset="11772" SrcFileId="9" StartOffset="11574"/>
</LocList>
<LoopStmnt CovItemId="S147" CovItemPrefix="csse376_puerto_rico.GameBoardGUI.java" Intrnl_Id="824" MltplExecId="L10-2" MltplExecPrefix="csse376_puerto_rico.GameBoardGUI.java" NvrExecId="L10-0" NvrExecPrefix="csse376_puerto_rico.GameBoardGUI.java" OnceExecutedId="L10-1" OnceExecutedPrefix="csse376_puerto_rico.GameBoardGUI.java" OptBodyExec="true">
<StmntSeq Intrnl_Id="825">
<LocList>
<Loc EndOffset="11654" SrcFileId="9" StartOffset="11624"/>
<Loc EndOffset="11685" SrcFileId="9" StartOffset="11660"/>
<Loc EndOffset="11717" SrcFileId="9" StartOffset="11691"/>
<Loc EndOffset="11764" SrcFileId="9" StartOffset="11723"/>
</LocList>
<BasicStmnt CovItemId="S148" CovItemPrefix="csse376_puerto_rico.GameBoardGUI.java" Intrnl_Id="826">
<LocList>
<Loc EndOffset="11654" SrcFileId="9" StartOffset="11624"/>
</LocList>
</BasicStmnt>
<BasicStmnt CovItemId="S149" CovItemPrefix="csse376_puerto_rico.GameBoardGUI.java" Intrnl_Id="827">
<LocList>
<Loc EndOffset="11685" SrcFileId="9" StartOffset="11660"/>
</LocList>
</BasicStmnt>
<BasicStmnt CovItemId="S150" CovItemPrefix="csse376_puerto_rico.GameBoardGUI.java" Intrnl_Id="828">
<LocList>
<Loc EndOffset="11717" SrcFileId="9" StartOffset="11691"/>
</LocList>
</BasicStmnt>
<BasicStmnt CovItemId="S151" CovItemPrefix="csse376_puerto_rico.GameBoardGUI.java" Intrnl_Id="829">
<LocList>
<Loc EndOffset="11764" SrcFileId="9" StartOffset="11723"/>
</LocList>
</BasicStmnt>
</StmntSeq>
<Keyword EndOffset="11577" SrcFileId="9" StartOffset="11574"/>
<LocList>
<Loc EndOffset="11772" SrcFileId="9" StartOffset="11574"/>
</LocList>
<RootTerm CovItemId="C25" CovItemPrefix="csse376_puerto_rico.GameBoardGUI.java" Intrnl_Id="830">
<BasicBoolTerm Intrnl_Id="831">
<LocList>
<Loc EndOffset="11608" SrcFileId="9" StartOffset="11590"/>
</LocList>
</BasicBoolTerm>
</RootTerm>
</LoopStmnt>
</StmntSeq>
</Branch>
<Branch CovItemId="B30" CovItemPrefix="csse376_puerto_rico.GameBoardGUI.java" Implct="false" Intrnl_Id="832">
<Cond>
<Loc EndOffset="11782" SrcFileId="9" StartOffset="11778"/>
</Cond>
<LocList>
<Loc EndOffset="13656" SrcFileId="9" StartOffset="11783"/>
</LocList>
<StmntSeq Intrnl_Id="833">
<LocList>
<Loc EndOffset="13656" SrcFileId="9" StartOffset="11783"/>
</LocList>
<CondStmnt CovItemId="S152" CovItemPrefix="csse376_puerto_rico.GameBoardGUI.java" Intrnl_Id="834">
<Branch CovItemId="B31" CovItemPrefix="csse376_puerto_rico.GameBoardGUI.java" Implct="false" Intrnl_Id="835">
<Cond/>
<LocList>
<Loc EndOffset="12029" SrcFileId="9" StartOffset="11820"/>
</LocList>
<StmntSeq Intrnl_Id="836">
<LocList>
<Loc EndOffset="12024" SrcFileId="9" StartOffset="11843"/>
</LocList>
<LoopStmnt CovItemId="S153" CovItemPrefix="csse376_puerto_rico.GameBoardGUI.java" Intrnl_Id="837" MltplExecId="L11-2" MltplExecPrefix="csse376_puerto_rico.GameBoardGUI.java" NvrExecId="L11-0" NvrExecPrefix="csse376_puerto_rico.GameBoardGUI.java" OnceExecutedId="L11-1" OnceExecutedPrefix="csse376_puerto_rico.GameBoardGUI.java" OptBodyExec="true">
<StmntSeq Intrnl_Id="838">
<LocList>
<Loc EndOffset="11923" SrcFileId="9" StartOffset="11893"/>
<Loc EndOffset="11969" SrcFileId="9" StartOffset="11943"/>
<Loc EndOffset="12016" SrcFileId="9" StartOffset="11975"/>
</LocList>
<BasicStmnt CovItemId="S154" CovItemPrefix="csse376_puerto_rico.GameBoardGUI.java" Intrnl_Id="839">
<LocList>
<Loc EndOffset="11923" SrcFileId="9" StartOffset="11893"/>
</LocList>
</BasicStmnt>
<BasicStmnt CovItemId="S155" CovItemPrefix="csse376_puerto_rico.GameBoardGUI.java" Intrnl_Id="840">
<LocList>
<Loc EndOffset="11969" SrcFileId="9" StartOffset="11943"/>
</LocList>
</BasicStmnt>
<BasicStmnt CovItemId="S156" CovItemPrefix="csse376_puerto_rico.GameBoardGUI.java" Intrnl_Id="841">
<LocList>
<Loc EndOffset="12016" SrcFileId="9" StartOffset="11975"/>
</LocList>
</BasicStmnt>
</StmntSeq>
<Keyword EndOffset="11846" SrcFileId="9" StartOffset="11843"/>
<LocList>
<Loc EndOffset="12024" SrcFileId="9" StartOffset="11843"/>
</LocList>
<RootTerm CovItemId="C27" CovItemPrefix="csse376_puerto_rico.GameBoardGUI.java" Intrnl_Id="842">
<BasicBoolTerm Intrnl_Id="843">
<LocList>
<Loc EndOffset="11877" SrcFileId="9" StartOffset="11859"/>
</LocList>
</BasicBoolTerm>
</RootTerm>
</LoopStmnt>
</StmntSeq>
</Branch>
<Branch CovItemId="B32" CovItemPrefix="csse376_puerto_rico.GameBoardGUI.java" Implct="false" Intrnl_Id="844">
<Cond>
<Loc EndOffset="12034" SrcFileId="9" StartOffset="12030"/>
</Cond>
<LocList>
<Loc EndOffset="13656" SrcFileId="9" StartOffset="12035"/>
</LocList>
<StmntSeq Intrnl_Id="845">
<LocList>
<Loc EndOffset="13656" SrcFileId="9" StartOffset="12035"/>
</LocList>
<CondStmnt CovItemId="S157" CovItemPrefix="csse376_puerto_rico.GameBoardGUI.java" Intrnl_Id="846">
<Branch CovItemId="B33" CovItemPrefix="csse376_puerto_rico.GameBoardGUI.java" Implct="false" Intrnl_Id="847">
<Cond/>
<LocList>
<Loc EndOffset="13402" SrcFileId="9" StartOffset="12073"/>
</LocList>
<StmntSeq Intrnl_Id="848">
<LocList>
<Loc EndOffset="13397" SrcFileId="9" StartOffset="12081"/>
</LocList>
<LoopStmnt CovItemId="S158" CovItemPrefix="csse376_puerto_rico.GameBoardGUI.java" Intrnl_Id="849" MltplExecId="L12-2" MltplExecPrefix="csse376_puerto_rico.GameBoardGUI.java" NvrExecId="L12-0" NvrExecPrefix="csse376_puerto_rico.GameBoardGUI.java" OnceExecutedId="L12-1" OnceExecutedPrefix="csse376_puerto_rico.GameBoardGUI.java" OptBodyExec="true">
<StmntSeq Intrnl_Id="850">
<LocList>
<Loc EndOffset="12173" SrcFileId="9" StartOffset="12143"/>
<Loc EndOffset="12233" SrcFileId="9" StartOffset="12179"/>
<Loc EndOffset="12494" SrcFileId="9" StartOffset="12241"/>
<Loc EndOffset="12539" SrcFileId="9" StartOffset="12502"/>
<Loc EndOffset="12564" SrcFileId="9" StartOffset="12545"/>
<Loc EndOffset="12589" SrcFileId="9" StartOffset="12570"/>
<Loc EndOffset="12614" SrcFileId="9" StartOffset="12595"/>
<Loc EndOffset="12885" SrcFileId="9" StartOffset="12620"/>
<Loc EndOffset="13277" SrcFileId="9" StartOffset="12893"/>
<Loc EndOffset="13310" SrcFileId="9" StartOffset="13285"/>
<Loc EndOffset="13342" SrcFileId="9" StartOffset="13316"/>
<Loc EndOffset="13389" SrcFileId="9" StartOffset="13348"/>
</LocList>
<BasicStmnt CovItemId="S159" CovItemPrefix="csse376_puerto_rico.GameBoardGUI.java" Intrnl_Id="851">
<LocList>
<Loc EndOffset="12173" SrcFileId="9" StartOffset="12143"/>
</LocList>
</BasicStmnt>
<BasicStmnt CovItemId="S160" CovItemPrefix="csse376_puerto_rico.GameBoardGUI.java" Intrnl_Id="852">
<LocList>
<Loc EndOffset="12233" SrcFileId="9" StartOffset="12179"/>
</LocList>
</BasicStmnt>
<BasicStmnt CovItemId="S161" CovItemPrefix="csse376_puerto_rico.GameBoardGUI.java" Intrnl_Id="853">
<LocList>
<Loc EndOffset="12494" SrcFileId="9" StartOffset="12241"/>
</LocList>
</BasicStmnt>
<BasicStmnt CovItemId="S162" CovItemPrefix="csse376_puerto_rico.GameBoardGUI.java" Intrnl_Id="854">
<LocList>
<Loc EndOffset="12539" SrcFileId="9" StartOffset="12502"/>
</LocList>
</BasicStmnt>
<BasicStmnt CovItemId="S163" CovItemPrefix="csse376_puerto_rico.GameBoardGUI.java" Intrnl_Id="855">
<LocList>
<Loc EndOffset="12564" SrcFileId="9" StartOffset="12545"/>
</LocList>
</BasicStmnt>
<BasicStmnt CovItemId="S164" CovItemPrefix="csse376_puerto_rico.GameBoardGUI.java" Intrnl_Id="856">
<LocList>
<Loc EndOffset="12589" SrcFileId="9" StartOffset="12570"/>
</LocList>
</BasicStmnt>
<BasicStmnt CovItemId="S165" CovItemPrefix="csse376_puerto_rico.GameBoardGUI.java" Intrnl_Id="857">
<LocList>
<Loc EndOffset="12614" SrcFileId="9" StartOffset="12595"/>
</LocList>
</BasicStmnt>
<BasicStmnt CovItemId="S166" CovItemPrefix="csse376_puerto_rico.GameBoardGUI.java" Intrnl_Id="858">
<LocList>
<Loc EndOffset="12885" SrcFileId="9" StartOffset="12620"/>
</LocList>
</BasicStmnt>
<CondStmnt CovItemId="S167" CovItemPrefix="csse376_puerto_rico.GameBoardGUI.java" Intrnl_Id="859">
<Branch CovItemId="B35" CovItemPrefix="csse376_puerto_rico.GameBoardGUI.java" Implct="false" Intrnl_Id="860">
<Cond/>
<LocList>
<Loc EndOffset="13017" SrcFileId="9" StartOffset="12908"/>
</LocList>
<StmntSeq Intrnl_Id="861">
<LocList>
<Loc EndOffset="12975" SrcFileId="9" StartOffset="12916"/>
<Loc EndOffset="13010" SrcFileId="9" StartOffset="12982"/>
</LocList>
<BasicStmnt CovItemId="S168" CovItemPrefix="csse376_puerto_rico.GameBoardGUI.java" Intrnl_Id="862">
<LocList>
<Loc EndOffset="12975" SrcFileId="9" StartOffset="12916"/>
</LocList>
</BasicStmnt>
<BasicStmnt CovItemId="S169" CovItemPrefix="csse376_puerto_rico.GameBoardGUI.java" Intrnl_Id="863">
<LocList>
<Loc EndOffset="13010" SrcFileId="9" StartOffset="12982"/>
</LocList>
</BasicStmnt>
</StmntSeq>
</Branch>
<Branch CovItemId="B36" CovItemPrefix="csse376_puerto_rico.GameBoardGUI.java" Implct="false" Intrnl_Id="864">
<Cond>
<Loc EndOffset="13022" SrcFileId="9" StartOffset="13018"/>
</Cond>
<LocList>
<Loc EndOffset="13277" SrcFileId="9" StartOffset="13023"/>
</LocList>
<StmntSeq Intrnl_Id="865">
<LocList>
<Loc EndOffset="13277" SrcFileId="9" StartOffset="13023"/>
</LocList>
<CondStmnt CovItemId="S170" CovItemPrefix="csse376_puerto_rico.GameBoardGUI.java" Intrnl_Id="866">
<Branch CovItemId="B37" CovItemPrefix="csse376_puerto_rico.GameBoardGUI.java" Implct="false" Intrnl_Id="867">
<Cond/>
<LocList>
<Loc EndOffset="13147" SrcFileId="9" StartOffset="13038"/>
</LocList>
<StmntSeq Intrnl_Id="868">
<LocList>
<Loc EndOffset="13105" SrcFileId="9" StartOffset="13046"/>
<Loc EndOffset="13140" SrcFileId="9" StartOffset="13112"/>
</LocList>
<BasicStmnt CovItemId="S171" CovItemPrefix="csse376_puerto_rico.GameBoardGUI.java" Intrnl_Id="869">
<LocList>
<Loc EndOffset="13105" SrcFileId="9" StartOffset="13046"/>
</LocList>
</BasicStmnt>
<BasicStmnt CovItemId="S172" CovItemPrefix="csse376_puerto_rico.GameBoardGUI.java" Intrnl_Id="870">
<LocList>
<Loc EndOffset="13140" SrcFileId="9" StartOffset="13112"/>
</LocList>
</BasicStmnt>
</StmntSeq>
</Branch>
<Branch CovItemId="B38" CovItemPrefix="csse376_puerto_rico.GameBoardGUI.java" Implct="false" Intrnl_Id="871">
<Cond>
<Loc EndOffset="13152" SrcFileId="9" StartOffset="13148"/>
</Cond>
<LocList>
<Loc EndOffset="13277" SrcFileId="9" StartOffset="13153"/>
</LocList>
<StmntSeq Intrnl_Id="872">
<LocList>
<Loc EndOffset="13277" SrcFileId="9" StartOffset="13153"/>
</LocList>
<CondStmnt CovItemId="S173" CovItemPrefix="csse376_puerto_rico.GameBoardGUI.java" Intrnl_Id="873">
<Branch CovItemId="B39" CovItemPrefix="csse376_puerto_rico.GameBoardGUI.java" Implct="false" Intrnl_Id="874">
<Cond/>
<LocList>
<Loc EndOffset="13277" SrcFileId="9" StartOffset="13168"/>
</LocList>
<StmntSeq Intrnl_Id="875">
<LocList>
<Loc EndOffset="13235" SrcFileId="9" StartOffset="13176"/>
<Loc EndOffset="13270" SrcFileId="9" StartOffset="13242"/>
</LocList>
<BasicStmnt CovItemId="S174" CovItemPrefix="csse376_puerto_rico.GameBoardGUI.java" Intrnl_Id="876">
<LocList>
<Loc EndOffset="13235" SrcFileId="9" StartOffset="13176"/>
</LocList>
</BasicStmnt>
<BasicStmnt CovItemId="S175" CovItemPrefix="csse376_puerto_rico.GameBoardGUI.java" Intrnl_Id="877">
<LocList>
<Loc EndOffset="13270" SrcFileId="9" StartOffset="13242"/>
</LocList>
</BasicStmnt>
</StmntSeq>
</Branch>
<Branch CovItemId="B40" CovItemPrefix="csse376_puerto_rico.GameBoardGUI.java" Implct="true" Intrnl_Id="878">
<Cond/>
<LocList/>
<StmntSeq Intrnl_Id="879">
<LocList/>
</StmntSeq>
</Branch>
<Keyword EndOffset="13155" SrcFileId="9" StartOffset="13153"/>
<LocList>
<Loc EndOffset="13277" SrcFileId="9" StartOffset="13153"/>
</LocList>
<RootTerm CovItemId="C32" CovItemPrefix="csse376_puerto_rico.GameBoardGUI.java" Intrnl_Id="880">
<BasicBoolTerm Intrnl_Id="881">
<LocList>
<Loc EndOffset="13166" SrcFileId="9" StartOffset="13157"/>
</LocList>
</BasicBoolTerm>
</RootTerm>
</CondStmnt>
</StmntSeq>
</Branch>
<Keyword EndOffset="13025" SrcFileId="9" StartOffset="13023"/>
<LocList>
<Loc EndOffset="13277" SrcFileId="9" StartOffset="13023"/>
</LocList>
<RootTerm CovItemId="C31" CovItemPrefix="csse376_puerto_rico.GameBoardGUI.java" Intrnl_Id="882">
<BasicBoolTerm Intrnl_Id="883">
<LocList>
<Loc EndOffset="13036" SrcFileId="9" StartOffset="13027"/>
</LocList>
</BasicBoolTerm>
</RootTerm>
</CondStmnt>
</StmntSeq>
</Branch>
<Keyword EndOffset="12895" SrcFileId="9" StartOffset="12893"/>
<LocList>
<Loc EndOffset="13277" SrcFileId="9" StartOffset="12893"/>
</LocList>
<RootTerm CovItemId="C30" CovItemPrefix="csse376_puerto_rico.GameBoardGUI.java" Intrnl_Id="884">
<BasicBoolTerm Intrnl_Id="885">
<LocList>
<Loc EndOffset="12906" SrcFileId="9" StartOffset="12897"/>
</LocList>
</BasicBoolTerm>
</RootTerm>
</CondStmnt>
<BasicStmnt CovItemId="S176" CovItemPrefix="csse376_puerto_rico.GameBoardGUI.java" Intrnl_Id="886">
<LocList>
<Loc EndOffset="13310" SrcFileId="9" StartOffset="13285"/>
</LocList>
</BasicStmnt>
<BasicStmnt CovItemId="S177" CovItemPrefix="csse376_puerto_rico.GameBoardGUI.java" Intrnl_Id="887">
<LocList>
<Loc EndOffset="13342" SrcFileId="9" StartOffset="13316"/>
</LocList>
</BasicStmnt>
<BasicStmnt CovItemId="S178" CovItemPrefix="csse376_puerto_rico.GameBoardGUI.java" Intrnl_Id="888">
<LocList>
<Loc EndOffset="13389" SrcFileId="9" StartOffset="13348"/>
</LocList>
</BasicStmnt>
</StmntSeq>
<Keyword EndOffset="12084" SrcFileId="9" StartOffset="12081"/>
<LocList>
<Loc EndOffset="13397" SrcFileId="9" StartOffset="12081"/>
</LocList>
<RootTerm CovItemId="C29" CovItemPrefix="csse376_puerto_rico.GameBoardGUI.java" Intrnl_Id="889">
<BasicBoolTerm Intrnl_Id="890">
<LocList>
<Loc EndOffset="12115" SrcFileId="9" StartOffset="12097"/>
</LocList>
</BasicBoolTerm>
</RootTerm>
</LoopStmnt>
</StmntSeq>
</Branch>
<Branch CovItemId="B34" CovItemPrefix="csse376_puerto_rico.GameBoardGUI.java" Implct="false" Intrnl_Id="891">
<Cond>
<Loc EndOffset="13407" SrcFileId="9" StartOffset="13403"/>
</Cond>
<LocList>
<Loc EndOffset="13656" SrcFileId="9" StartOffset="13408"/>
</LocList>
<StmntSeq Intrnl_Id="892">
<LocList>
<Loc EndOffset="13656" SrcFileId="9" StartOffset="13408"/>
</LocList>
<CondStmnt CovItemId="S179" CovItemPrefix="csse376_puerto_rico.GameBoardGUI.java" Intrnl_Id="893">
<Branch CovItemId="B41" CovItemPrefix="csse376_puerto_rico.GameBoardGUI.java" Implct="false" Intrnl_Id="894">
<Cond/>
<LocList>
<Loc EndOffset="13656" SrcFileId="9" StartOffset="13449"/>
</LocList>
<StmntSeq Intrnl_Id="895">
<LocList>
<Loc EndOffset="13651" SrcFileId="9" StartOffset="13474"/>
</LocList>
<LoopStmnt CovItemId="S180" CovItemPrefix="csse376_puerto_rico.GameBoardGUI.java" Intrnl_Id="896" MltplExecId="L13-2" MltplExecPrefix="csse376_puerto_rico.GameBoardGUI.java" NvrExecId="L13-0" NvrExecPrefix="csse376_puerto_rico.GameBoardGUI.java" OnceExecutedId="L13-1" OnceExecutedPrefix="csse376_puerto_rico.GameBoardGUI.java" OptBodyExec="true">
<StmntSeq Intrnl_Id="897">
<LocList>
<Loc EndOffset="13554" SrcFileId="9" StartOffset="13524"/>
<Loc EndOffset="13596" SrcFileId="9" StartOffset="13570"/>
<Loc EndOffset="13643" SrcFileId="9" StartOffset="13602"/>
</LocList>
<BasicStmnt CovItemId="S181" CovItemPrefix="csse376_puerto_rico.GameBoardGUI.java" Intrnl_Id="898">
<LocList>
<Loc EndOffset="13554" SrcFileId="9" StartOffset="13524"/>
</LocList>
</BasicStmnt>
<BasicStmnt CovItemId="S182" CovItemPrefix="csse376_puerto_rico.GameBoardGUI.java" Intrnl_Id="899">
<LocList>
<Loc EndOffset="13596" SrcFileId="9" StartOffset="13570"/>
</LocList>
</BasicStmnt>
<BasicStmnt CovItemId="S183" CovItemPrefix="csse376_puerto_rico.GameBoardGUI.java" Intrnl_Id="900">
<LocList>
<Loc EndOffset="13643" SrcFileId="9" StartOffset="13602"/>
</LocList>
</BasicStmnt>
</StmntSeq>
<Keyword EndOffset="13477" SrcFileId="9" StartOffset="13474"/>
<LocList>
<Loc EndOffset="13651" SrcFileId="9" StartOffset="13474"/>
</LocList>
<RootTerm CovItemId="C34" CovItemPrefix="csse376_puerto_rico.GameBoardGUI.java" Intrnl_Id="901">
<BasicBoolTerm Intrnl_Id="902">
<LocList>
<Loc EndOffset="13508" SrcFileId="9" StartOffset="13490"/>
</LocList>
</BasicBoolTerm>
</RootTerm>
</LoopStmnt>
</StmntSeq>
</Branch>
<Branch CovItemId="B42" CovItemPrefix="csse376_puerto_rico.GameBoardGUI.java" Implct="true" Intrnl_Id="903">
<Cond/>
<LocList/>
<StmntSeq Intrnl_Id="904">
<LocList/>
</StmntSeq>
</Branch>
<Keyword EndOffset="13410" SrcFileId="9" StartOffset="13408"/>
<LocList>
<Loc EndOffset="13656" SrcFileId="9" StartOffset="13408"/>
</LocList>
<RootTerm CovItemId="C33" CovItemPrefix="csse376_puerto_rico.GameBoardGUI.java" Intrnl_Id="905">
<BasicBoolTerm Intrnl_Id="906">
<LocList>
<Loc EndOffset="13447" SrcFileId="9" StartOffset="13412"/>
</LocList>
</BasicBoolTerm>
</RootTerm>
</CondStmnt>
</StmntSeq>
</Branch>
<Keyword EndOffset="12037" SrcFileId="9" StartOffset="12035"/>
<LocList>
<Loc EndOffset="13656" SrcFileId="9" StartOffset="12035"/>
</LocList>
<RootTerm CovItemId="C28" CovItemPrefix="csse376_puerto_rico.GameBoardGUI.java" Intrnl_Id="907">
<BasicBoolTerm Intrnl_Id="908">
<LocList>
<Loc EndOffset="12071" SrcFileId="9" StartOffset="12039"/>
</LocList>
</BasicBoolTerm>
</RootTerm>
</CondStmnt>
</StmntSeq>
</Branch>
<Keyword EndOffset="11785" SrcFileId="9" StartOffset="11783"/>
<LocList>
<Loc EndOffset="13656" SrcFileId="9" StartOffset="11783"/>
</LocList>
<RootTerm CovItemId="C26" CovItemPrefix="csse376_puerto_rico.GameBoardGUI.java" Intrnl_Id="909">
<BasicBoolTerm Intrnl_Id="910">
<LocList>
<Loc EndOffset="11818" SrcFileId="9" StartOffset="11787"/>
</LocList>
</BasicBoolTerm>
</RootTerm>
</CondStmnt>
</StmntSeq>
</Branch>
<Keyword EndOffset="11510" SrcFileId="9" StartOffset="11508"/>
<LocList>
<Loc EndOffset="13656" SrcFileId="9" StartOffset="11508"/>
</LocList>
<RootTerm CovItemId="C24" CovItemPrefix="csse376_puerto_rico.GameBoardGUI.java" Intrnl_Id="911">
<BasicBoolTerm Intrnl_Id="912">
<LocList>
<Loc EndOffset="11546" SrcFileId="9" StartOffset="11512"/>
</LocList>
</BasicBoolTerm>
</RootTerm>
</CondStmnt>
</StmntSeq>
</Branch>
<Keyword EndOffset="10675" SrcFileId="9" StartOffset="10673"/>
<LocList>
<Loc EndOffset="13656" SrcFileId="9" StartOffset="10673"/>
</LocList>
<RootTerm CovItemId="C21" CovItemPrefix="csse376_puerto_rico.GameBoardGUI.java" Intrnl_Id="913">
<BasicBoolTerm Intrnl_Id="914">
<LocList>
<Loc EndOffset="10709" SrcFileId="9" StartOffset="10677"/>
</LocList>
</BasicBoolTerm>
</RootTerm>
</CondStmnt>
</StmntSeq>
</Branch>
<Keyword EndOffset="9822" SrcFileId="9" StartOffset="9820"/>
<LocList>
<Loc EndOffset="13656" SrcFileId="9" StartOffset="9820"/>
</LocList>
<RootTerm CovItemId="C18" CovItemPrefix="csse376_puerto_rico.GameBoardGUI.java" Intrnl_Id="915">
<BasicBoolTerm Intrnl_Id="916">
<LocList>
<Loc EndOffset="9856" SrcFileId="9" StartOffset="9824"/>
</LocList>
</BasicBoolTerm>
</RootTerm>
</CondStmnt>
</StmntSeq>
</Branch>
<Keyword EndOffset="7217" SrcFileId="9" StartOffset="7215"/>
<LocList>
<Loc EndOffset="13656" SrcFileId="9" StartOffset="7215"/>
</LocList>
<RootTerm CovItemId="C10" CovItemPrefix="csse376_puerto_rico.GameBoardGUI.java" Intrnl_Id="917">
<BasicBoolTerm Intrnl_Id="918">
<LocList>
<Loc EndOffset="7249" SrcFileId="9" StartOffset="7219"/>
</LocList>
</BasicBoolTerm>
</RootTerm>
</CondStmnt>
</StmntSeq>
</HierarchyLvl>
</HierarchyLvl>
<HierarchyLvl HierarchyLvlId="1104" HierarchyLvlTypeId="16" Intrnl_Id="919" Name="ButtonHandler">
<Header>
<Loc EndOffset="224" SrcFileId="10" StartOffset="172"/>
</Header>
<LocList>
<Loc EndOffset="790" SrcFileId="10" StartOffset="172"/>
</LocList>
<HierarchyLvl HierarchyLvlId="1102" HierarchyLvlTypeId="17" Intrnl_Id="920" Name="ButtonHandler">
<Header>
<Loc EndOffset="345" SrcFileId="10" StartOffset="292"/>
</Header>
<LocList>
<Loc EndOffset="402" SrcFileId="10" StartOffset="292"/>
</LocList>
<StmntSeq Intrnl_Id="921">
<LocList>
<Loc EndOffset="374" SrcFileId="10" StartOffset="351"/>
<Loc EndOffset="398" SrcFileId="10" StartOffset="378"/>
</LocList>
<BasicStmnt CovItemId="S1" CovItemPrefix="csse376_puerto_rico.ButtonHandler.java" Intrnl_Id="922">
<LocList>
<Loc EndOffset="374" SrcFileId="10" StartOffset="351"/>
</LocList>
</BasicStmnt>
<BasicStmnt CovItemId="S2" CovItemPrefix="csse376_puerto_rico.ButtonHandler.java" Intrnl_Id="923">
<LocList>
<Loc EndOffset="398" SrcFileId="10" StartOffset="378"/>
</LocList>
</BasicStmnt>
</StmntSeq>
</HierarchyLvl>
<HierarchyLvl HierarchyLvlId="1103" HierarchyLvlTypeId="17" Intrnl_Id="924" Name="actionPerformed">
<Header>
<Loc EndOffset="462" SrcFileId="10" StartOffset="407"/>
</Header>
<LocList>
<Loc EndOffset="785" SrcFileId="10" StartOffset="407"/>
</LocList>
<StmntSeq Intrnl_Id="925">
<LocList>
<Loc EndOffset="506" SrcFileId="10" StartOffset="468"/>
<Loc EndOffset="781" SrcFileId="10" StartOffset="510"/>
</LocList>
<BasicStmnt CovItemId="S3" CovItemPrefix="csse376_puerto_rico.ButtonHandler.java" Intrnl_Id="926">
<LocList>
<Loc EndOffset="506" SrcFileId="10" StartOffset="468"/>
</LocList>
</BasicStmnt>
<CondStmnt CovItemId="S4" CovItemPrefix="csse376_puerto_rico.ButtonHandler.java" Intrnl_Id="927">
<Branch CovItemId="B1" CovItemPrefix="csse376_puerto_rico.ButtonHandler.java" Implct="false" Intrnl_Id="928">
<Cond/>
<LocList>
<Loc EndOffset="561" SrcFileId="10" StartOffset="535"/>
</LocList>
<StmntSeq Intrnl_Id="929">
<LocList>
<Loc EndOffset="556" SrcFileId="10" StartOffset="541"/>
</LocList>
<BasicStmnt CovItemId="S5" CovItemPrefix="csse376_puerto_rico.ButtonHandler.java" Intrnl_Id="930">
<LocList>
<Loc EndOffset="556" SrcFileId="10" StartOffset="541"/>
</LocList>
</BasicStmnt>
</StmntSeq>
</Branch>
<Branch CovItemId="B2" CovItemPrefix="csse376_puerto_rico.ButtonHandler.java" Implct="false" Intrnl_Id="931">
<Cond>
<Loc EndOffset="565" SrcFileId="10" StartOffset="561"/>
</Cond>
<LocList>
<Loc EndOffset="781" SrcFileId="10" StartOffset="566"/>
</LocList>
<StmntSeq Intrnl_Id="932">
<LocList>
<Loc EndOffset="781" SrcFileId="10" StartOffset="566"/>
</LocList>
<CondStmnt CovItemId="S6" CovItemPrefix="csse376_puerto_rico.ButtonHandler.java" Intrnl_Id="933">
<Branch CovItemId="B3" CovItemPrefix="csse376_puerto_rico.ButtonHandler.java" Implct="false" Intrnl_Id="934">
<Cond/>
<LocList>
<Loc EndOffset="646" SrcFileId="10" StartOffset="595"/>
</LocList>
<StmntSeq Intrnl_Id="935">
<LocList>
<Loc EndOffset="641" SrcFileId="10" StartOffset="601"/>
</LocList>
<BasicStmnt CovItemId="S7" CovItemPrefix="csse376_puerto_rico.ButtonHandler.java" Intrnl_Id="936">
<LocList>
<Loc EndOffset="641" SrcFileId="10" StartOffset="601"/>
</LocList>
</BasicStmnt>
</StmntSeq>
</Branch>
<Branch CovItemId="B4" CovItemPrefix="csse376_puerto_rico.ButtonHandler.java" Implct="false" Intrnl_Id="937">
<Cond>
<Loc EndOffset="650" SrcFileId="10" StartOffset="646"/>
</Cond>
<LocList>
<Loc EndOffset="781" SrcFileId="10" StartOffset="651"/>
</LocList>
<StmntSeq Intrnl_Id="938">
<LocList>
<Loc EndOffset="781" SrcFileId="10" StartOffset="651"/>
</LocList>
<CondStmnt CovItemId="S8" CovItemPrefix="csse376_puerto_rico.ButtonHandler.java" Intrnl_Id="939">
<Branch CovItemId="B5" CovItemPrefix="csse376_puerto_rico.ButtonHandler.java" Implct="false" Intrnl_Id="940">
<Cond/>
<LocList>
<Loc EndOffset="734" SrcFileId="10" StartOffset="677"/>
</LocList>
<StmntSeq Intrnl_Id="941">
<LocList>
<Loc EndOffset="729" SrcFileId="10" StartOffset="683"/>
</LocList>
<BasicStmnt CovItemId="S9" CovItemPrefix="csse376_puerto_rico.ButtonHandler.java" Intrnl_Id="942">
<LocList>
<Loc EndOffset="729" SrcFileId="10" StartOffset="683"/>
</LocList>
</BasicStmnt>
</StmntSeq>
</Branch>
<Branch CovItemId="B6" CovItemPrefix="csse376_puerto_rico.ButtonHandler.java" Implct="false" Intrnl_Id="943">
<Cond>
<Loc EndOffset="738" SrcFileId="10" StartOffset="734"/>
</Cond>
<LocList>
<Loc EndOffset="781" SrcFileId="10" StartOffset="739"/>
</LocList>
<StmntSeq Intrnl_Id="944">
<LocList>
<Loc EndOffset="781" SrcFileId="10" StartOffset="739"/>
</LocList>
<CondStmnt CovItemId="S10" CovItemPrefix="csse376_puerto_rico.ButtonHandler.java" Intrnl_Id="945">
<Branch CovItemId="B7" CovItemPrefix="csse376_puerto_rico.ButtonHandler.java" Implct="false" Intrnl_Id="946">
<Cond/>
<LocList>
<Loc EndOffset="781" SrcFileId="10" StartOffset="770"/>
</LocList>
<StmntSeq Intrnl_Id="947">
<LocList/>
</StmntSeq>
</Branch>
<Branch CovItemId="B8" CovItemPrefix="csse376_puerto_rico.ButtonHandler.java" Implct="true" Intrnl_Id="948">
<Cond/>
<LocList/>
<StmntSeq Intrnl_Id="949">
<LocList/>
</StmntSeq>
</Branch>
<Keyword EndOffset="741" SrcFileId="10" StartOffset="739"/>
<LocList>
<Loc EndOffset="781" SrcFileId="10" StartOffset="739"/>
</LocList>
<RootTerm CovItemId="C4" CovItemPrefix="csse376_puerto_rico.ButtonHandler.java" Intrnl_Id="950">
<BasicBoolTerm Intrnl_Id="951">
<LocList>
<Loc EndOffset="769" SrcFileId="10" StartOffset="742"/>
</LocList>
</BasicBoolTerm>
</RootTerm>
</CondStmnt>
</StmntSeq>
</Branch>
<Keyword EndOffset="653" SrcFileId="10" StartOffset="651"/>
<LocList>
<Loc EndOffset="781" SrcFileId="10" StartOffset="651"/>
</LocList>
<RootTerm CovItemId="C3" CovItemPrefix="csse376_puerto_rico.ButtonHandler.java" Intrnl_Id="952">
<BasicBoolTerm Intrnl_Id="953">
<LocList>
<Loc EndOffset="676" SrcFileId="10" StartOffset="654"/>
</LocList>
</BasicBoolTerm>
</RootTerm>
</CondStmnt>
</StmntSeq>
</Branch>
<Keyword EndOffset="568" SrcFileId="10" StartOffset="566"/>
<LocList>
<Loc EndOffset="781" SrcFileId="10" StartOffset="566"/>
</LocList>
<RootTerm CovItemId="C2" CovItemPrefix="csse376_puerto_rico.ButtonHandler.java" Intrnl_Id="954">
<BasicBoolTerm Intrnl_Id="955">
<LocList>
<Loc EndOffset="594" SrcFileId="10" StartOffset="569"/>
</LocList>
</BasicBoolTerm>
</RootTerm>
</CondStmnt>
</StmntSeq>
</Branch>
<Keyword EndOffset="512" SrcFileId="10" StartOffset="510"/>
<LocList>
<Loc EndOffset="781" SrcFileId="10" StartOffset="510"/>
</LocList>
<RootTerm CovItemId="C1" CovItemPrefix="csse376_puerto_rico.ButtonHandler.java" Intrnl_Id="956">
<BasicBoolTerm Intrnl_Id="957">
<LocList>
<Loc EndOffset="534" SrcFileId="10" StartOffset="513"/>
</LocList>
</BasicBoolTerm>
</RootTerm>
</CondStmnt>
</StmntSeq>
</HierarchyLvl>
</HierarchyLvl>
<HierarchyLvl HierarchyLvlId="1110" HierarchyLvlTypeId="16" Intrnl_Id="958" Name="Buildings">
<Header>
<Loc EndOffset="135" SrcFileId="11" StartOffset="113"/>
</Header>
<LocList>
<Loc EndOffset="770" SrcFileId="11" StartOffset="113"/>
<Loc EndOffset="1287" SrcFileId="11" StartOffset="1284"/>
</LocList>
<StmntSeq Intrnl_Id="959">
<LocList>
<Loc EndOffset="420" SrcFileId="11" StartOffset="183"/>
</LocList>
<BasicStmnt CovItemId="S1" CovItemPrefix="csse376_puerto_rico.Buildings.java" Intrnl_Id="960">
<LocList>
<Loc EndOffset="420" SrcFileId="11" StartOffset="183"/>
</LocList>
</BasicStmnt>
</StmntSeq>
<HierarchyLvl HierarchyLvlId="1105" HierarchyLvlTypeId="17" Intrnl_Id="961" Name="Buildings">
<Header>
<Loc EndOffset="443" SrcFileId="11" StartOffset="425"/>
</Header>
<LocList>
<Loc EndOffset="611" SrcFileId="11" StartOffset="425"/>
</LocList>
<StmntSeq Intrnl_Id="962">
<LocList>
<Loc EndOffset="487" SrcFileId="11" StartOffset="449"/>
<Loc EndOffset="605" SrcFileId="11" StartOffset="526"/>
</LocList>
<BasicStmnt CovItemId="S2" CovItemPrefix="csse376_puerto_rico.Buildings.java" Intrnl_Id="963">
<LocList>
<Loc EndOffset="487" SrcFileId="11" StartOffset="449"/>
</LocList>
</BasicStmnt>
<LoopStmnt CovItemId="S3" CovItemPrefix="csse376_puerto_rico.Buildings.java" Intrnl_Id="964" MltplExecId="L1-2" MltplExecPrefix="csse376_puerto_rico.Buildings.java" NvrExecId="L1-0" NvrExecPrefix="csse376_puerto_rico.Buildings.java" OnceExecutedId="L1-1" OnceExecutedPrefix="csse376_puerto_rico.Buildings.java" OptBodyExec="true">
<StmntSeq Intrnl_Id="965">
<LocList>
<Loc EndOffset="600" SrcFileId="11" StartOffset="566"/>
</LocList>
<BasicStmnt CovItemId="S4" CovItemPrefix="csse376_puerto_rico.Buildings.java" Intrnl_Id="966">
<LocList>
<Loc EndOffset="600" SrcFileId="11" StartOffset="566"/>
</LocList>
</BasicStmnt>
</StmntSeq>
<Keyword EndOffset="529" SrcFileId="11" StartOffset="526"/>
<LocList>
<Loc EndOffset="605" SrcFileId="11" StartOffset="526"/>
</LocList>
</LoopStmnt>
</StmntSeq>
</HierarchyLvl>
<HierarchyLvl HierarchyLvlId="1106" HierarchyLvlTypeId="17" Intrnl_Id="967" Name="getBuildings">
<Header>
<Loc EndOffset="657" SrcFileId="11" StartOffset="616"/>
</Header>
<LocList>
<Loc EndOffset="686" SrcFileId="11" StartOffset="616"/>
</LocList>
<StmntSeq Intrnl_Id="968">
<LocList>
<Loc EndOffset="682" SrcFileId="11" StartOffset="665"/>
</LocList>
<BasicStmnt CovItemId="S5" CovItemPrefix="csse376_puerto_rico.Buildings.java" Intrnl_Id="969">
<LocList>
<Loc EndOffset="682" SrcFileId="11" StartOffset="665"/>
</LocList>
</BasicStmnt>
</StmntSeq>
</HierarchyLvl>
<HierarchyLvl HierarchyLvlId="1107" HierarchyLvlTypeId="17" Intrnl_Id="970" Name="getBuildingNames">
<Header>
<Loc EndOffset="734" SrcFileId="11" StartOffset="691"/>
</Header>
<LocList>
<Loc EndOffset="765" SrcFileId="11" StartOffset="691"/>
</LocList>
<StmntSeq Intrnl_Id="971">
<LocList>
<Loc EndOffset="761" SrcFileId="11" StartOffset="740"/>
</LocList>
<BasicStmnt CovItemId="S6" CovItemPrefix="csse376_puerto_rico.Buildings.java" Intrnl_Id="972">
<LocList>
<Loc EndOffset="761" SrcFileId="11" StartOffset="740"/>
</LocList>
</BasicStmnt>
</StmntSeq>
</HierarchyLvl>
<HierarchyLvl HierarchyLvlId="1109" HierarchyLvlTypeId="16" Intrnl_Id="973" Name="Building">
<Header>
<Loc EndOffset="798" SrcFileId="11" StartOffset="770"/>
</Header>
<LocList>
<Loc EndOffset="1284" SrcFileId="11" StartOffset="770"/>
</LocList>
<HierarchyLvl HierarchyLvlId="1108" HierarchyLvlTypeId="17" Intrnl_Id="974" Name="Building">
<Header>
<Loc EndOffset="960" SrcFileId="11" StartOffset="932"/>
</Header>
<LocList>
<Loc EndOffset="1280" SrcFileId="11" StartOffset="932"/>
</LocList>
<StmntSeq Intrnl_Id="975">
<LocList>
<Loc EndOffset="984" SrcFileId="11" StartOffset="967"/>
<Loc EndOffset="1275" SrcFileId="11" StartOffset="989"/>
</LocList>
<BasicStmnt CovItemId="S7" CovItemPrefix="csse376_puerto_rico.Buildings.java" Intrnl_Id="976">
<LocList>
<Loc EndOffset="984" SrcFileId="11" StartOffset="967"/>
</LocList>
</BasicStmnt>
<CondStmnt CovItemId="S8" CovItemPrefix="csse376_puerto_rico.Buildings.java" Intrnl_Id="977">
<Branch CovItemId="B1" CovItemPrefix="csse376_puerto_rico.Buildings.java" Implct="false" Intrnl_Id="978">
<Cond>
<Loc EndOffset="1034" SrcFileId="11" StartOffset="1009"/>
</Cond>
<LocList>
<Loc EndOffset="1128" SrcFileId="11" StartOffset="1041"/>
</LocList>
<StmntSeq Intrnl_Id="979">
<LocList>
<Loc EndOffset="1050" SrcFileId="11" StartOffset="1041"/>
<Loc EndOffset="1067" SrcFileId="11" StartOffset="1056"/>
<Loc EndOffset="1090" SrcFileId="11" StartOffset="1073"/>
<Loc EndOffset="1116" SrcFileId="11" StartOffset="1096"/>
<Loc EndOffset="1128" SrcFileId="11" StartOffset="1122"/>
</LocList>
<BasicStmnt CovItemId="S9" CovItemPrefix="csse376_puerto_rico.Buildings.java" Intrnl_Id="980">
<LocList>
<Loc EndOffset="1050" SrcFileId="11" StartOffset="1041"/>
</LocList>
</BasicStmnt>
<BasicStmnt CovItemId="S10" CovItemPrefix="csse376_puerto_rico.Buildings.java" Intrnl_Id="981">
<LocList>
<Loc EndOffset="1067" SrcFileId="11" StartOffset="1056"/>
</LocList>
</BasicStmnt>
<BasicStmnt CovItemId="S11" CovItemPrefix="csse376_puerto_rico.Buildings.java" Intrnl_Id="982">
<LocList>
<Loc EndOffset="1090" SrcFileId="11" StartOffset="1073"/>
</LocList>
</BasicStmnt>
<BasicStmnt CovItemId="S12" CovItemPrefix="csse376_puerto_rico.Buildings.java" Intrnl_Id="983">
<LocList>
<Loc EndOffset="1116" SrcFileId="11" StartOffset="1096"/>
</LocList>
</BasicStmnt>
<BasicStmnt CovItemId="S13" CovItemPrefix="csse376_puerto_rico.Buildings.java" Intrnl_Id="984">
<LocList>
<Loc EndOffset="1128" SrcFileId="11" StartOffset="1122"/>
</LocList>
</BasicStmnt>
</StmntSeq>
</Branch>
<Branch CovItemId="B2" CovItemPrefix="csse376_puerto_rico.Buildings.java" Implct="false" Intrnl_Id="985">
<Cond>
<Loc EndOffset="1187" SrcFileId="11" StartOffset="1180"/>
</Cond>
<LocList>
<Loc EndOffset="1269" SrcFileId="11" StartOffset="1194"/>
</LocList>
<StmntSeq Intrnl_Id="986">
<LocList>
<Loc EndOffset="1203" SrcFileId="11" StartOffset="1194"/>
<Loc EndOffset="1220" SrcFileId="11" StartOffset="1209"/>
<Loc EndOffset="1243" SrcFileId="11" StartOffset="1226"/>
<Loc EndOffset="1269" SrcFileId="11" StartOffset="1249"/>
</LocList>
<BasicStmnt CovItemId="S14" CovItemPrefix="csse376_puerto_rico.Buildings.java" Intrnl_Id="987">
<LocList>
<Loc EndOffset="1203" SrcFileId="11" StartOffset="1194"/>
</LocList>
</BasicStmnt>
<BasicStmnt CovItemId="S15" CovItemPrefix="csse376_puerto_rico.Buildings.java" Intrnl_Id="988">
<LocList>
<Loc EndOffset="1220" SrcFileId="11" StartOffset="1209"/>
</LocList>
</BasicStmnt>
<BasicStmnt CovItemId="S16" CovItemPrefix="csse376_puerto_rico.Buildings.java" Intrnl_Id="989">
<LocList>
<Loc EndOffset="1243" SrcFileId="11" StartOffset="1226"/>
</LocList>
</BasicStmnt>
<BasicStmnt CovItemId="S17" CovItemPrefix="csse376_puerto_rico.Buildings.java" Intrnl_Id="990">
<LocList>
<Loc EndOffset="1269" SrcFileId="11" StartOffset="1249"/>
</LocList>
</BasicStmnt>
</StmntSeq>
</Branch>
<Keyword EndOffset="995" SrcFileId="11" StartOffset="989"/>
<LocList>
<Loc EndOffset="1275" SrcFileId="11" StartOffset="989"/>
</LocList>
</CondStmnt>
</StmntSeq>
</HierarchyLvl>
</HierarchyLvl>
</HierarchyLvl>
</HierarchyLvl>
</HierarchyLvl>
</MASTRoot>
</TestSessionContainer>
