<?xml version="1.0" encoding="UTF-8"?><TestSessionContainer xmlns="http://www.codecover.org/xml/testsession-container" Date="1431704506520" TestSessionContainerId="ca7f3f8d-b527-4459-a8b7-b6e4555e2b51" version="1.0">
<SrcFileList>
<SrcFile Content="package csse376_puerto_rico;&#10;&#10;import java.awt.Color;&#10;&#10;import javax.swing.ButtonGroup;&#10;import javax.swing.JButton;&#10;import javax.swing.JFrame;&#10;import javax.swing.JPanel;&#10;import javax.swing.JRadioButton;&#10;&#10;public class StartUpGameBoardGUI {&#10;&#10;&#9;private JFrame mainframe;&#10;&#10;&#9;public StartUpGameBoardGUI(JFrame frame) {&#10;&#9;&#9;this.mainframe = frame;&#10;&#9;&#9;this.mainframe.getContentPane().removeAll();&#10;&#9;&#9;this.mainframe.getContentPane().revalidate();&#10;&#9;&#9;this.mainframe.setBackground(Color.BLACK);&#10;&#9;&#9;this.mainframe.setTitle(&quot;Choose Players&quot;);&#10;&#10;&#9;&#9;JPanel mainPanel = new JPanel();&#10;&#9;&#9;&#10;&#9;&#9;ButtonGroup group = new ButtonGroup();&#10;&#9;&#9;JRadioButton rb3 = new JRadioButton(&quot;3&quot;, true);&#10;&#9;&#9;JRadioButton rb4 = new JRadioButton(&quot;4&quot;, false);&#10;&#9;&#9;JRadioButton rb5 = new JRadioButton(&quot;5&quot;, false);&#10;&#9;&#9;group.add(rb3);&#10;&#9;&#9;group.add(rb4);&#10;&#9;&#9;group.add(rb5);&#10;&#9;&#9;&#10;&#9;&#9;JButton startButton = new JButton(&quot;Start&quot;);&#10;&#9;&#9;startButton.addActionListener(new ButtonHandler(this.mainframe, group));&#10;&#9;&#9;&#10;&#9;&#9;mainPanel.add(rb3);&#10;&#9;&#9;mainPanel.add(rb4);&#10;&#9;&#9;mainPanel.add(rb5);&#10;&#9;&#9;mainPanel.add(startButton);&#10;&#9;&#9;&#10;&#9;&#9;this.mainframe.add(mainPanel);&#10;&#9;}&#10;&#10;}&#10;" Filename="StartUpGameBoardGUI.java" Intrnl_Id="1"/>
<SrcFile Content="package csse376_puerto_rico;&#13;&#10;&#13;&#10;import java.util.ArrayList;&#13;&#10;import java.util.List;&#13;&#10;&#13;&#10;/**&#13;&#10; * List of roles&#13;&#10; *&#13;&#10; * @author songm. Created Apr 22, 2015.&#13;&#10; */&#13;&#10;public class PlayerRoles {&#13;&#10;&#9;public static final String Settler = &quot;Settler&quot;;&#13;&#10;&#9;public static final String Builder = &quot;Builder&quot;;&#13;&#10;&#9;public static final String Craftsman = &quot;Craftsman&quot;;&#13;&#10;&#9;public static final String Trader = &quot;Trader&quot;;&#13;&#10;&#9;public static final String Captain = &quot;Captain&quot;;&#13;&#10;&#9;public static final String Prospector = &quot;Prospector&quot;;&#13;&#10;&#9;public static final String Mayor = &quot;Mayor&quot;;&#13;&#10;&#13;&#10;&#9;private PlayerRoles() {&#13;&#10;&#9;&#9;// null constructor&#13;&#10;&#9;}&#13;&#10;&#13;&#10;&#9;public static List&lt;String&gt; getValues() {&#13;&#10;&#9;&#9;List&lt;String&gt; rtn = new ArrayList&lt;String&gt;();&#13;&#10;&#13;&#10;&#9;&#9;rtn.add(Settler);&#13;&#10;&#9;&#9;rtn.add(Builder);&#13;&#10;&#9;&#9;rtn.add(Craftsman);&#13;&#10;&#9;&#9;rtn.add(Trader);&#13;&#10;&#9;&#9;rtn.add(Captain);&#13;&#10;&#9;&#9;rtn.add(Prospector);&#13;&#10;&#9;&#9;rtn.add(Mayor);&#13;&#10;&#13;&#10;&#9;&#9;return rtn;&#13;&#10;&#9;}&#13;&#10;}&#13;&#10;" Filename="PlayerRoles.java" Intrnl_Id="2"/>
<SrcFile Content="package csse376_puerto_rico;&#13;&#10;&#13;&#10;import java.util.ArrayList;&#13;&#10;import java.util.Arrays;&#13;&#10;import java.util.HashMap;&#13;&#10;import java.util.List;&#13;&#10;&#13;&#10;import javax.swing.JTextArea;&#13;&#10;&#13;&#10;import csse376_puerto_rico.Buildings.Building;&#13;&#10;&#13;&#10;public class Player {&#13;&#10;&#13;&#10;&#9;private int pNum;&#13;&#10;&#9;private int doubloons;&#13;&#10;&#9;private String role;&#13;&#10;&#9;private JTextArea hud;&#13;&#10;&#9;public boolean isTurn;&#13;&#10;&#9;public boolean isGovernor;&#13;&#10;&#9;private int points = 0;&#13;&#10;&#13;&#10;&#9;private ArrayList&lt;Building&gt; buildings = new ArrayList&lt;Building&gt;();&#13;&#10;&#13;&#10;&#9;public static class Good {&#13;&#10;&#9;&#9;public static final String COFFEE = &quot;Coffee&quot;;&#13;&#10;&#9;&#9;public static final String TOBACCO = &quot;Tobacco&quot;;&#13;&#10;&#9;&#9;public static final String CORN = &quot;Corn&quot;;&#13;&#10;&#9;&#9;public static final String SUGAR = &quot;Sugar&quot;;&#13;&#10;&#9;&#9;public static final String INDIGO = &quot;Indigo&quot;;&#13;&#10;&#9;}&#13;&#10;&#13;&#10;&#9;public static class Plantation {&#13;&#10;&#9;&#9;public String good;&#13;&#10;&#9;&#9;public boolean hasWorker;&#13;&#10;&#13;&#10;&#9;&#9;public Plantation(String good, boolean hasWorker) {&#13;&#10;&#9;&#9;&#9;this.good = good;&#13;&#10;&#9;&#9;&#9;this.hasWorker = hasWorker;&#13;&#10;&#9;&#9;}&#13;&#10;&#9;}&#13;&#10;&#13;&#10;&#9;private ArrayList&lt;Plantation&gt; plantations = new ArrayList&lt;Plantation&gt;();&#13;&#10;&#9;private HashMap&lt;String, Integer&gt; goods = new HashMap&lt;String, Integer&gt;();&#13;&#10;&#9;private static List&lt;String&gt; roles = PlayerRoles.getValues();&#13;&#10;&#13;&#10;&#9;// For Testing purposes, null player&#13;&#10;&#9;public Player() {&#13;&#10;&#9;&#9;this.doubloons = 0;&#13;&#10;&#9;&#9;this.pNum = 0;&#13;&#10;&#9;&#9;this.role = &quot;&quot;;&#13;&#10;&#9;&#9;this.isGovernor = false;&#13;&#10;&#9;&#9;this.hud = new JTextArea();&#13;&#10;&#9;&#9;for (String s : this.getAllGoods()) {&#13;&#10;&#9;&#9;&#9;this.goods.put(s, 0);&#13;&#10;&#9;&#9;}&#13;&#10;&#9;}&#13;&#10;&#13;&#10;&#9;public Player(String role) {&#13;&#10;&#9;&#9;this.role = role;&#13;&#10;&#9;&#9;this.doubloons = 0;&#13;&#10;&#9;&#9;this.isGovernor = false;&#13;&#10;&#9;&#9;this.isTurn = false;&#13;&#10;&#9;&#9;this.hud = null;&#13;&#10;&#9;&#9;for (String s : this.getAllGoods()) {&#13;&#10;&#9;&#9;&#9;this.goods.put(s, 0);&#13;&#10;&#9;&#9;}&#13;&#10;&#9;}&#13;&#10;&#13;&#10;&#9;public void setPlayerNum(int i) {&#13;&#10;&#9;&#9;this.pNum = i;&#13;&#10;&#13;&#10;&#9;}&#13;&#10;&#13;&#10;&#9;public int getPlayerNum() {&#13;&#10;&#9;&#9;return this.pNum;&#13;&#10;&#9;}&#13;&#10;&#13;&#10;&#9;public String getRole() {&#13;&#10;&#9;&#9;return this.role;&#13;&#10;&#9;}&#13;&#10;&#13;&#10;&#9;public static List&lt;String&gt; getRoles() {&#13;&#10;&#13;&#10;&#9;&#9;return roles;&#13;&#10;&#9;}&#13;&#10;&#13;&#10;&#9;public int getPoints() {&#13;&#10;&#9;&#9;return points;&#13;&#10;&#9;}&#13;&#10;&#13;&#10;&#9;public JTextArea getHUD() {&#13;&#10;&#9;&#9;return this.hud;&#13;&#10;&#9;}&#13;&#10;&#13;&#10;&#9;public void setHUD(JTextArea hud) {&#13;&#10;&#9;&#9;this.hud = hud;&#13;&#10;&#9;}&#13;&#10;&#13;&#10;&#9;public boolean isGovernor() {&#13;&#10;&#9;&#9;return isGovernor;&#13;&#10;&#9;}&#13;&#10;&#13;&#10;&#9;public void addPoints(int addition) {&#13;&#10;&#9;&#9;this.points = this.points + addition;&#13;&#10;&#9;}&#13;&#10;&#13;&#10;&#9;// Test method&#13;&#10;&#9;public void setPoints(int points) {&#13;&#10;&#9;&#9;// This method is strictly for setting points&#13;&#10;&#9;&#9;this.points = points;&#13;&#10;&#9;}&#13;&#10;&#13;&#10;&#9;public void setRole(String string) {&#13;&#10;&#9;&#9;this.role = string;&#13;&#10;&#9;}&#13;&#10;&#13;&#10;&#9;public void addBuilding(Building building) {&#13;&#10;&#9;&#9;buildings.add(building);&#13;&#10;&#9;}&#13;&#10;&#13;&#10;&#9;public ArrayList&lt;String&gt; getBuildingsStringList() {&#13;&#10;&#9;&#9;ArrayList&lt;String&gt; rtn = new ArrayList&lt;String&gt;();&#13;&#10;&#9;&#9;for (Building b : this.buildings) {&#13;&#10;&#9;&#9;&#9;rtn.add(b.name);&#13;&#10;&#9;&#9;}&#13;&#10;&#9;&#9;return rtn;&#13;&#10;&#9;}&#13;&#10;&#13;&#10;&#9;public ArrayList&lt;Building&gt; getBuildings() {&#13;&#10;&#9;&#9;return this.buildings;&#13;&#10;&#9;}&#13;&#10;&#13;&#10;&#9;public List&lt;String&gt; getGoods() {&#13;&#10;&#9;&#9;//&#13;&#10;&#9;&#9;List&lt;String&gt; rtn = new ArrayList&lt;String&gt;();&#13;&#10;&#9;&#9;String coffee = &quot;Coffee: &quot;&#13;&#10;&#9;&#9;&#9;&#9;+ Integer.toString((getNumberOfGood(&quot;Coffee&quot;)));&#13;&#10;&#9;&#9;String tobacco = &quot;Tobacco: &quot;&#13;&#10;&#9;&#9;&#9;&#9;+ Integer.toString((getNumberOfGood(&quot;Tobacco&quot;)));&#13;&#10;&#9;&#9;String corn = &quot;Corn: &quot; + Integer.toString((getNumberOfGood(&quot;Corn&quot;)));&#13;&#10;&#9;&#9;String sugar = &quot;Sugar: &quot; + Integer.toString((getNumberOfGood(&quot;Sugar&quot;)));&#13;&#10;&#9;&#9;String indigo = &quot;Indigo: &quot;&#13;&#10;&#9;&#9;&#9;&#9;+ Integer.toString((getNumberOfGood(&quot;Indigo&quot;)));&#13;&#10;&#9;&#9;rtn.addAll(Arrays.asList(coffee, corn, tobacco, sugar, indigo));&#13;&#10;&#9;&#9;return rtn;&#13;&#10;&#9;}&#13;&#10;&#13;&#10;&#9;public int getNumberOfGood(String good) {&#13;&#10;&#9;&#9;// added case where there were no goods&#13;&#10;&#9;&#9;if (this.goods.get(good) == null) {&#13;&#10;&#9;&#9;&#9;return 0;&#13;&#10;&#9;&#9;}&#13;&#10;&#9;&#9;return this.goods.get(good);&#13;&#10;&#13;&#10;&#9;}&#13;&#10;&#13;&#10;&#9;public List&lt;String&gt; getAllGoods() {&#13;&#10;&#9;&#9;List&lt;String&gt; rtn = new ArrayList&lt;String&gt;();&#13;&#10;&#9;&#9;rtn.addAll(Arrays.asList(Good.COFFEE, Good.CORN, Good.INDIGO,&#13;&#10;&#9;&#9;&#9;&#9;Good.SUGAR, Good.TOBACCO));&#13;&#10;&#9;&#9;return rtn;&#13;&#10;&#9;}&#13;&#10;&#13;&#10;&#9;public void addGood(String good, int number) {&#13;&#10;&#9;&#9;// adds the number to the original&#13;&#10;&#9;&#9;this.goods.put(good, this.goods.get(good) + number);&#13;&#10;&#9;}&#13;&#10;&#13;&#10;&#9;@Override&#13;&#10;&#9;public String toString() {&#13;&#10;&#9;&#9;String rtn = &quot;&quot;;&#13;&#10;&#9;&#9;String buildingList = &quot;&quot;;&#13;&#10;&#9;&#9;String goodsList = this.getGoods().toString();&#13;&#10;&#9;&#9;String plantationList = &quot;&quot;;&#13;&#10;&#9;&#9;for (int i = 0; i &lt; this.buildings.size(); i++) {&#13;&#10;&#9;&#9;&#9;buildingList = buildingList + &quot; &quot; + this.buildings.get(i).name;&#13;&#10;&#9;&#9;}&#13;&#10;&#9;&#9;for (int i = 0; i &lt; this.plantations.size(); i++) {&#13;&#10;&#9;&#9;&#9;plantationList = plantationList + &quot; &quot; + this.plantations.get(i).good ;&#13;&#10;&#9;&#9;}&#13;&#10;&#9;&#9;if (isGovernor) {&#13;&#10;&#9;&#9;&#9;rtn = String&#13;&#10;&#9;&#9;&#9;&#9;&#9;.format(&quot;Player %d \nRole: %s \nScore: %d \nDoubloons: %d \nBuilding: %s \nPlantation: %s \nGoods: %s \nGovernor&quot;,&#13;&#10;&#9;&#9;&#9;&#9;&#9;&#9;&#9;pNum, role, points, doubloons, buildingList, plantationList,&#13;&#10;&#9;&#9;&#9;&#9;&#9;&#9;&#9;goodsList);&#13;&#10;&#9;&#9;} else {&#13;&#10;&#9;&#9;&#9;rtn = String&#13;&#10;&#9;&#9;&#9;&#9;&#9;.format(&quot;Player %d \nRole: %s \nScore: %d \nDoubloons: %d \nBuilding: %s \nPlantation: %s \nGoods: %s&quot;,&#13;&#10;&#9;&#9;&#9;&#9;&#9;&#9;&#9;pNum, role, points, doubloons, buildingList, plantationList,&#13;&#10;&#9;&#9;&#9;&#9;&#9;&#9;&#9;goodsList);&#13;&#10;&#9;&#9;}&#13;&#10;&#9;&#9;return rtn;&#13;&#10;&#9;}&#13;&#10;&#13;&#10;&#9;public void updatePlayerInfo() {&#13;&#10;&#9;&#9;this.hud.setText(this.toString());&#13;&#10;&#9;}&#13;&#10;&#13;&#10;&#9;public ArrayList&lt;Plantation&gt; getPlantations() {&#13;&#10;&#9;&#9;return this.plantations;&#13;&#10;&#9;}&#13;&#10;&#9;public void addPlantations(Plantation add) {&#13;&#10;&#9;&#9;this.plantations.add(add);&#13;&#10;&#9;}&#13;&#10;&#9;public ArrayList&lt;String&gt; getPlantationsStringList() {&#13;&#10;&#9;&#9;ArrayList&lt;String&gt; rtn = new ArrayList&lt;String&gt;();&#13;&#10;&#9;&#9;for (Plantation p : this.plantations) {&#13;&#10;&#9;&#9;&#9;rtn.add(p.good);&#13;&#10;&#9;&#9;}&#13;&#10;&#9;&#9;return rtn;&#13;&#10;&#9;}&#13;&#10;&#13;&#10;&#9;// Only used by the Craftsman: checks if the plantation has a worker and&#13;&#10;&#9;// adds one&#13;&#10;&#9;// to the respective good count&#13;&#10;&#9;public void checkPlantation() {&#13;&#10;&#9;&#9;for (Plantation p : this.plantations) {&#13;&#10;&#9;&#9;&#9;if (p.hasWorker) {&#13;&#10;&#9;&#9;&#9;&#9;// Building condition here&#13;&#10;&#9;&#9;&#9;&#9;this.addGood(p.good, 1);&#13;&#10;&#9;&#9;&#9;}&#13;&#10;&#9;&#9;}&#13;&#10;&#9;}&#13;&#10;&#9;&#13;&#10;&#9;public int getDoubloons()&#13;&#10;&#9;{&#13;&#10;&#9;&#9;return this.doubloons;&#13;&#10;&#9;}&#13;&#10;&#9;&#13;&#10;&#9;public void setDoubloons(int add)&#13;&#10;&#9;{&#13;&#10;&#9;&#9;this.doubloons = add;&#13;&#10;&#9;}&#13;&#10;&#13;&#10;}&#13;&#10;" Filename="Player.java" Intrnl_Id="3"/>
<SrcFile Content="package csse376_puerto_rico;&#13;&#10;&#13;&#10;import java.awt.event.ActionEvent;&#13;&#10;import java.awt.event.ActionListener;&#13;&#10;import java.util.ArrayList;&#13;&#10;import java.util.List;&#13;&#10;&#13;&#10;import javax.swing.JButton;&#13;&#10;&#13;&#10;public class NextMoveButton extends JButton &#13;&#10;{&#13;&#10;&#9;private List&lt;Player&gt; players;&#13;&#10;&#9;public NextMoveButton()&#13;&#10;&#9;{&#13;&#10;&#9;&#9;players = GameBoardGUI.players;&#13;&#10;&#9;&#9;final ArrayList&lt;Integer&gt; count = new ArrayList&lt;Integer&gt;();&#13;&#10;&#9;&#9;final Integer zero = 0;&#13;&#10;&#9;&#9;count.add(zero);&#13;&#10;&#9;&#9;this.addActionListener(new ActionListener() {&#13;&#10;&#9;&#9;&#9;&#13;&#10;&#9;&#9;&#9;@Override&#13;&#10;&#9;&#9;&#9;public void actionPerformed(ActionEvent e) {&#13;&#10;&#9;&#9;&#9;&#9;Integer newCount = count.get(0);&#13;&#10;&#9;&#9;&#9;&#9;newCount = newCount +1;&#13;&#10;&#9;&#9;&#9;&#9;count.remove(0);&#13;&#10;&#9;&#9;&#9;&#9;count.add(newCount);&#13;&#10;&#9;&#9;&#9;&#9;if(newCount &gt; 0 &amp;&amp; newCount % players.size() ==0)&#13;&#10;&#9;&#9;&#9;&#9;{&#13;&#10;&#9;&#9;&#9;&#9;&#9;Integer finalCount = newCount/players.size();&#13;&#10;&#9;&#9;&#9;&#9;&#9;setText(&quot;Turn &quot; +finalCount.toString());&#13;&#10;&#9;&#9;&#9;&#9;}&#13;&#10;&#9;&#9;&#9;&#9;&#13;&#10;&#9;&#9;&#9;&#9;makeMove();&#13;&#10;&#9;&#9;&#9;}&#13;&#10;&#9;&#9;});&#13;&#10;&#9;}&#13;&#10;&#9;public void makeMove()&#13;&#10;&#9;{&#13;&#10;&#9;&#9;//once you find the first true isTurn value, &#13;&#10;&#9;&#9;//you should set it off to mark that player's turn has ended&#13;&#10;&#9;&#9;//then you mark the next player's turn has started by turning its isTurn value as true&#13;&#10;&#9;&#9;//once these changes are made, this new players list replaces the mainboard's player's list&#13;&#10;&#9;&#9;for(int i=0;i&lt;players.size();i++)&#13;&#10;&#9;&#9;{&#13;&#10;&#9;&#9;&#9;if(players.get(i).isTurn)&#13;&#10;&#9;&#9;&#9;{&#13;&#10;&#9;&#9;&#9;&#9;players.get(i).isTurn = false;&#13;&#10;&#9;&#9;&#9;&#9;if(i == players.size()-1)&#13;&#10;&#9;&#9;&#9;&#9;{&#13;&#10;&#9;&#9;&#9;&#9;&#9;players.get(0).isTurn = true;&#13;&#10;&#9;&#9;&#9;&#9;}&#13;&#10;&#9;&#9;&#9;&#9;else&#13;&#10;&#9;&#9;&#9;&#9;{&#13;&#10;&#9;&#9;&#9;&#9;&#9;players.get(i+1).isTurn = true;&#13;&#10;&#9;&#9;&#9;&#9;}&#13;&#10;&#9;&#9;&#9;&#9;break;&#13;&#10;&#9;&#9;&#9;}&#13;&#10;&#9;&#9;}&#13;&#10;&#9;&#9;GameBoardGUI.players = players;&#13;&#10;&#9;}&#13;&#10;}&#13;&#10;&#13;&#10;&#9;&#13;&#10;&#13;&#10;" Filename="NextMoveButton.java" Intrnl_Id="4"/>
<SrcFile Content="package csse376_puerto_rico;&#13;&#10;&#13;&#10;import java.awt.BorderLayout;&#13;&#10;import java.awt.Image;&#13;&#10;&#13;&#10;import javax.swing.ImageIcon;&#13;&#10;import javax.swing.JButton;&#13;&#10;import javax.swing.JFrame;&#13;&#10;import javax.swing.JLabel;&#13;&#10;import javax.swing.JPanel;&#13;&#10;&#13;&#10;import net.miginfocom.swing.MigLayout;&#13;&#10;&#13;&#10;public class MenuGUI {&#13;&#10;&#9;/**&#13;&#10;     * Mainframe.&#13;&#10;     */&#13;&#10;     JFrame mainframe = new JFrame();&#13;&#10;     &#13;&#10;     /**&#13;&#10;     * Constructs the Menu.&#13;&#10;     * &#13;&#10;     */&#13;&#10;     public MenuGUI() {&#13;&#10;           this.mainframe.setTitle(&quot;Puerto Rico&quot;);&#13;&#10;           this.mainframe.setSize(1366, 800);&#13;&#10;           this.mainframe.setVisible(true);&#13;&#10;           this.mainframe.setDefaultCloseOperation(JFrame.EXIT_ON_CLOSE);&#13;&#10;//           this.mainframe.setResizable(false);&#13;&#10;//           MigLayout layout = new MigLayout();&#13;&#10;//   &#9;&#9;   this.mainframe.setLayout(layout);&#13;&#10;           &#13;&#10;           JPanel imgPanel = new JPanel();&#13;&#10;           JPanel buttonPanel = new JPanel();&#13;&#10;           &#13;&#10;           String imageLoc = &quot;puerto-ricosmall.jpg&quot;;&#13;&#10;           ImageIcon imageIcon = new ImageIcon(imageLoc);&#13;&#10;           &#13;&#10;           imgPanel.add(new JLabel(imageIcon));&#13;&#10;           &#13;&#10;           JButton newGame = new JButton(&quot;New Game&quot;);&#13;&#10;           newGame.addActionListener(new ButtonHandler(mainframe, null));&#13;&#10;           JButton quit = new JButton(&quot;Quit&quot;);&#13;&#10;           &#13;&#10;           buttonPanel.add(newGame);&#13;&#10;           buttonPanel.add(quit);&#13;&#10;           &#13;&#10;           this.mainframe.add(imgPanel, BorderLayout.NORTH);&#13;&#10;           this.mainframe.add(buttonPanel, BorderLayout.SOUTH);&#13;&#10;     }&#13;&#10;&#13;&#10;}&#13;&#10;" Filename="MenuGUI.java" Intrnl_Id="5"/>
<SrcFile Content="package csse376_puerto_rico;&#10;&#10;public class Main {&#10;&#9;/**&#10;&#9; * @param args&#10;&#9; * &#10;&#9; * &#10;&#9; */&#10;&#9;public static void main(String[] args) {&#10;&#9;&#9;new MenuGUI();&#10;&#9;}&#10;}&#10;" Filename="Main.java" Intrnl_Id="6"/>
<SrcFile Content="package csse376_puerto_rico;&#13;&#10;&#13;&#10;import java.awt.event.ActionEvent;&#13;&#10;import java.awt.event.ActionListener;&#13;&#10;import java.util.ArrayList;&#13;&#10;import java.util.List;&#13;&#10;&#13;&#10;import javax.swing.JButton;&#13;&#10;import javax.swing.JTextArea;&#13;&#10;&#13;&#10;public class GoodsButton extends JButton &#13;&#10;{&#13;&#10;&#9;private List&lt;Player&gt; players;&#13;&#10;&#9;private String goodsName;&#13;&#10;&#9;private JTextArea msgBar;&#13;&#10;&#9;private GameBoardGUI gbGUI;&#13;&#10;&#9;public GoodsButton(String good, GameBoardGUI gbg)&#13;&#10;&#9;{&#13;&#10;&#9;&#9;gbGUI = gbg;&#13;&#10;&#9;&#9;goodsName = good;&#13;&#10;&#9;&#9;setText(goodsName);&#13;&#10;&#9;&#9;players = gbg.players;&#13;&#10;&#9;&#9;msgBar = gbg.msgBar;&#13;&#10;&#9;&#9;this.addActionListener(new ActionListener() {&#13;&#10;&#9;&#9;&#9;&#13;&#10;&#9;&#9;&#9;@Override&#13;&#10;&#9;&#9;&#9;public void actionPerformed(ActionEvent e) &#13;&#10;&#9;&#9;&#9;{&#13;&#10;&#9;&#9;&#9;&#13;&#10;&#9;&#9;&#9;&#9;&#9;for(int i=0;i&lt;players.size();i++)&#13;&#10;&#9;&#9;&#9;&#9;&#9;{&#13;&#10;&#9;&#9;&#9;&#9;&#9;&#9;int playerNumber = i+1;&#13;&#10;&#9;&#9;&#9;&#9;&#9;&#9;System.out.println( &quot;Player &quot;+playerNumber+&quot;: &quot;+ players.get(i).getGoods());&#13;&#10;&#9;&#9;&#9;&#9;&#9;&#9;players.get(i).addGood(goodsName, 1);&#13;&#10;&#9;&#9;&#9;&#9;&#9;&#9;gbGUI.updateMsgBar(&quot;You pressed a button&quot;);&#13;&#10;&#9;&#9;&#9;&#9;&#9;}&#13;&#10;&#9;&#9;&#9;}&#13;&#10;&#9;&#9;});&#13;&#10;&#9;&#9;&#13;&#10;&#9;&#9;GameBoardGUI.players = players;&#13;&#10;&#9;}&#13;&#10;}&#13;&#10;" Filename="GoodsButton.java" Intrnl_Id="7"/>
<SrcFile Content="package csse376_puerto_rico;&#13;&#10;&#13;&#10;import java.util.ArrayList;&#13;&#10;import java.util.HashMap;&#13;&#10;import java.util.List;&#13;&#10;&#13;&#10;import csse376_puerto_rico.Buildings.Building;&#13;&#10;import csse376_puerto_rico.Player.Good;&#13;&#10;import csse376_puerto_rico.Player.Plantation;&#13;&#10;&#13;&#10;public class GameState {&#13;&#10;&#13;&#10;&#9;private HashMap&lt;String, Integer&gt; goods = new HashMap&lt;String, Integer&gt;();&#13;&#10;&#9;public int colonistsTotal;&#13;&#10;&#9;public int colonistsOnBoard;&#13;&#10;&#9;public int cargoship4 = 0;&#13;&#10;&#9;public String cargoship4Good;&#13;&#10;&#9;public int cargoship5 = 0;&#13;&#10;&#9;public String cargoship5Good;&#13;&#10;&#9;public int cargoship6 = 0;&#13;&#10;&#9;public String cargoship6Good;&#13;&#10;&#9;public boolean isGameEndState = false;&#13;&#10;&#9;public int doubloons;&#13;&#10;&#9;private int numOfPlayers;&#13;&#10;&#9;private List&lt;Player&gt; players;&#13;&#10;&#9;public int victoryPoints;&#13;&#10;&#9;public static ArrayList&lt;String&gt; rolesToAdd;&#13;&#10;&#9;public static ArrayList&lt;String&gt; addDoubloonToRole;&#13;&#10;&#13;&#10;&#9;public static final int ERROR = -99;&#13;&#10;&#13;&#10;&#9;public GameState() {&#13;&#10;&#13;&#10;&#9;&#9;// for testing purposes&#13;&#10;&#9;&#9;// goods&#13;&#10;&#9;&#9;goods.put(Player.Good.COFFEE, 0);&#13;&#10;&#9;&#9;goods.put(Player.Good.CORN, 0);&#13;&#10;&#9;&#9;goods.put(Player.Good.INDIGO, 0);&#13;&#10;&#9;&#9;goods.put(Player.Good.SUGAR, 0);&#13;&#10;&#9;&#9;goods.put(Player.Good.TOBACCO, 0);&#13;&#10;&#13;&#10;&#9;&#9;// colonists&#13;&#10;&#13;&#10;&#9;&#9;colonistsTotal = 0;&#13;&#10;&#9;&#9;colonistsOnBoard = 0;&#13;&#10;&#9;&#9;// ships&#13;&#10;&#13;&#10;&#9;&#9;// doubloons&#13;&#10;&#9;&#9;doubloons = 0;&#13;&#10;&#9;&#9;rolesToAdd = new ArrayList&lt;String&gt;();&#13;&#10;&#9;&#9;addDoubloonToRole = new ArrayList&lt;String&gt;();&#13;&#10;&#9;&#9;victoryPoints = 50;&#13;&#10;&#9;}&#13;&#10;&#13;&#10;&#9;public GameState(List&lt;Player&gt; players) {&#13;&#10;&#13;&#10;&#9;&#9;// game start state - Min&#13;&#10;&#13;&#10;&#9;&#9;for (Player p : players) {&#13;&#10;&#9;&#9;&#9;p.setDoubloons(players.size() - 1);&#13;&#10;&#9;&#9;}&#13;&#10;&#13;&#10;&#9;&#9;// goods&#13;&#10;&#9;&#9;goods.put(Player.Good.COFFEE, 9);&#13;&#10;&#9;&#9;goods.put(Player.Good.CORN, 10);&#13;&#10;&#9;&#9;goods.put(Player.Good.INDIGO, 11);&#13;&#10;&#9;&#9;goods.put(Player.Good.SUGAR, 11);&#13;&#10;&#9;&#9;goods.put(Player.Good.TOBACCO, 9);&#13;&#10;&#13;&#10;&#9;&#9;// colonists. victory points and plantations&#13;&#10;&#9;&#9;this.players = players;&#13;&#10;&#9;&#9;numOfPlayers = players.size();&#13;&#10;&#9;&#9;colonistsOnBoard = numOfPlayers;&#13;&#10;&#13;&#10;&#9;&#9;this.players.get(0).addPlantations(new Plantation(Good.INDIGO, false));&#13;&#10;&#9;&#9;this.players.get(1).addPlantations(new Plantation(Good.INDIGO, false));&#13;&#10;&#13;&#10;&#9;&#9;if (numOfPlayers == 3) {&#13;&#10;&#9;&#9;&#9;colonistsTotal = 55;&#13;&#10;&#9;&#9;&#9;victoryPoints = 75;&#13;&#10;&#9;&#9;&#9;this.players.get(2)&#13;&#10;&#9;&#9;&#9;&#9;&#9;.addPlantations(new Plantation(Good.CORN, false));&#13;&#10;&#9;&#9;} else if (numOfPlayers == 4) {&#13;&#10;&#9;&#9;&#9;colonistsTotal = 75;&#13;&#10;&#9;&#9;&#9;victoryPoints = 100;&#13;&#10;&#9;&#9;&#9;this.players.get(2)&#13;&#10;&#9;&#9;&#9;&#9;&#9;.addPlantations(new Plantation(Good.CORN, false));&#13;&#10;&#9;&#9;&#9;this.players.get(3)&#13;&#10;&#9;&#9;&#9;&#9;&#9;.addPlantations(new Plantation(Good.CORN, false));&#13;&#10;&#13;&#10;&#9;&#9;} else if (numOfPlayers == 5) {&#13;&#10;&#9;&#9;&#9;colonistsTotal = 95;&#13;&#10;&#9;&#9;&#9;victoryPoints = 122;&#13;&#10;&#9;&#9;&#9;this.players.get(2).addPlantations(&#13;&#10;&#9;&#9;&#9;&#9;&#9;new Plantation(Good.INDIGO, false));&#13;&#10;&#9;&#9;&#9;this.players.get(3)&#13;&#10;&#9;&#9;&#9;&#9;&#9;.addPlantations(new Plantation(Good.CORN, false));&#13;&#10;&#9;&#9;&#9;this.players.get(4)&#13;&#10;&#9;&#9;&#9;&#9;&#9;.addPlantations(new Plantation(Good.CORN, false));&#13;&#10;&#9;&#9;}&#13;&#10;&#9;&#9;// ships&#13;&#10;&#13;&#10;&#9;&#9;// doubloons&#13;&#10;&#9;&#9;doubloons = 54;&#13;&#10;&#9;&#9;rolesToAdd = new ArrayList&lt;String&gt;();&#13;&#10;&#9;&#9;addDoubloonToRole = new ArrayList&lt;String&gt;();&#13;&#10;&#13;&#10;&#9;}&#13;&#10;&#13;&#10;&#9;public int getGood(String good) {&#13;&#10;&#13;&#10;&#9;&#9;return goods.get(good);&#13;&#10;&#9;}&#13;&#10;&#13;&#10;&#9;public void addGood(String good) {&#13;&#10;&#13;&#10;&#9;&#9;goods.put(good, goods.get(good) + 1);&#13;&#10;&#9;}&#13;&#10;&#13;&#10;&#9;public int getColonistsOnBoard() {&#13;&#10;&#9;&#9;//&#13;&#10;&#9;&#9;return colonistsOnBoard;&#13;&#10;&#9;}&#13;&#10;&#13;&#10;&#9;public int getColonistsTotal() {&#13;&#10;&#9;&#9;//&#13;&#10;&#9;&#9;return colonistsTotal;&#13;&#10;&#9;}&#13;&#10;&#9;&#13;&#10;&#9;public void addRolesToList(String toAdd)&#13;&#10;&#9;{&#13;&#10;&#9;&#9;rolesToAdd.add(toAdd);&#13;&#10;&#9;&#9;if(rolesToAdd.size() == 3)&#13;&#10;&#9;&#9;{&#13;&#10;&#9;&#9;&#9;List&lt;String&gt; totalRoles = Player.getRoles();&#13;&#10;&#9;&#9;&#9;for(int i=0; i&lt;rolesToAdd.size();i++)&#13;&#10;&#9;&#9;&#9;{&#13;&#10;&#9;&#9;&#9;&#9;totalRoles.remove(rolesToAdd.get(i));&#13;&#10;&#9;&#9;&#9;}&#13;&#10;&#9;&#9;&#9;addDoubloonToRole = rolesToAdd;&#13;&#10;&#9;&#9;&#9;rolesToAdd = new ArrayList&lt;String&gt;();&#13;&#10;&#9;&#9;}&#13;&#10;&#9;}&#13;&#10;&#9;&#13;&#10;&#9;public void addDoubloon(Player player, String role)&#13;&#10;&#9;{&#13;&#10;&#9;&#9;if(addDoubloonToRole.contains(role) &amp;&amp; addDoubloonToRole.size() &gt; 0)&#13;&#10;&#9;&#9;{&#13;&#10;&#9;&#9;&#9;player.setDoubloons(player.getDoubloons() + 1);&#13;&#10;&#9;&#9;&#9;addDoubloonToRole.remove(role);&#13;&#10;&#9;&#9;}&#13;&#10;&#9;}&#13;&#10;&#13;&#10;&#13;&#10;&#9;public void addColonistsToBoard() {&#13;&#10;&#9;&#9;/**&#13;&#10;&#9;&#9; * For each empty circle on the buildings on the player boards of all&#13;&#10;&#9;&#9; * players (empty circles on plantations and quarries do not count!),&#13;&#10;&#9;&#9; * the mayor takes one colonist from the colonist supply and places it&#13;&#10;&#9;&#9; * on the colonist ship. However, as a minimum, the mayor should always&#13;&#10;&#9;&#9; * place at least as many colonists on the ship as there are players in&#13;&#10;&#9;&#9; * the game.&#13;&#10;&#9;&#9; */&#13;&#10;&#9;&#9;int temp = 0;&#13;&#10;&#9;&#9;for (Player player : players) {&#13;&#10;&#9;&#9;&#9;for (Building b : player.getBuildings()) {&#13;&#10;&#9;&#9;&#9;&#9;temp += b.numberOfJobs - b.numberOfWorkers;&#13;&#10;&#9;&#9;&#9;}&#13;&#10;&#9;&#9;&#9;for (Plantation p : player.getPlantations()) {&#13;&#10;&#9;&#9;&#9;&#9;if (!p.hasWorker) {&#13;&#10;&#9;&#9;&#9;&#9;&#9;temp += 1;&#13;&#10;&#9;&#9;&#9;&#9;}&#13;&#10;&#9;&#9;&#9;}&#13;&#10;&#9;&#9;}&#13;&#10;&#9;&#9;if (temp &lt; numOfPlayers) {&#13;&#10;&#9;&#9;&#9;colonistsOnBoard = numOfPlayers;&#13;&#10;&#9;&#9;} else {&#13;&#10;&#9;&#9;&#9;colonistsOnBoard = temp;&#13;&#10;&#9;&#9;}&#13;&#10;&#9;}&#13;&#10;&#13;&#10;&#9;/**&#13;&#10;&#9; * &#13;&#10;&#9; * returns leftover, if 99 then that means it is an error or wrong good on&#13;&#10;&#9; * cargo&#13;&#10;&#9; * &#13;&#10;&#9; * @param shipNum&#13;&#10;&#9; * @param goodNum&#13;&#10;&#9; * @param good&#13;&#10;&#9; * @return int&#13;&#10;&#9; *&#13;&#10;&#9; */&#13;&#10;&#9;public int addGoodToCargoShip(int shipNum, int goodNum, String good) {&#13;&#10;&#9;&#9;int leftover = 0;&#13;&#10;&#9;&#9;switch (shipNum) {&#13;&#10;&#9;&#9;case 4:&#13;&#10;&#9;&#9;&#9;if (cargoship4 == 0&#13;&#10;&#9;&#9;&#9;&#9;&#9;|| (cargoship4 &lt; 4 &amp;&amp; cargoship4Good.equals(good))) {&#13;&#10;&#9;&#9;&#9;&#9;leftover = cargoship4 + goodNum - 4;&#13;&#10;&#9;&#9;&#9;} else {&#13;&#10;&#9;&#9;&#9;&#9;leftover = ERROR;&#13;&#10;&#9;&#9;&#9;}&#13;&#10;&#9;&#9;&#9;break;&#13;&#10;&#9;&#9;case 5:&#13;&#10;&#9;&#9;&#9;if (cargoship5 == 0&#13;&#10;&#9;&#9;&#9;&#9;&#9;|| (cargoship5 &lt; 5 &amp;&amp; cargoship5Good.equals(good))) {&#13;&#10;&#9;&#9;&#9;&#9;leftover = cargoship4 + goodNum - 5;&#13;&#10;&#9;&#9;&#9;} else {&#13;&#10;&#9;&#9;&#9;&#9;leftover = ERROR;&#13;&#10;&#9;&#9;&#9;}&#13;&#10;&#9;&#9;&#9;break;&#13;&#10;&#9;&#9;case 6:&#13;&#10;&#9;&#9;&#9;if (cargoship6 == 0&#13;&#10;&#9;&#9;&#9;&#9;&#9;|| (cargoship6 &lt; 6 &amp;&amp; cargoship6Good.equals(good))) {&#13;&#10;&#9;&#9;&#9;&#9;leftover = cargoship6 + goodNum - 6;&#13;&#10;&#9;&#9;&#9;} else {&#13;&#10;&#9;&#9;&#9;&#9;leftover = ERROR;&#13;&#10;&#9;&#9;&#9;}&#13;&#10;&#9;&#9;&#9;break;&#13;&#10;&#9;&#9;default:&#13;&#10;&#9;&#9;&#9;break;&#13;&#10;&#9;&#9;}&#13;&#10;&#9;&#9;return leftover;&#13;&#10;&#9;}&#13;&#10;&#13;&#10;&#9;public boolean isGameEndState() {&#13;&#10;&#13;&#10;&#9;&#9;return isGameEndState;&#13;&#10;&#9;}&#13;&#10;&#13;&#10;&#9;public Player getWinner() {&#13;&#10;&#9;&#9;Player max = this.players.get(0);&#13;&#10;&#9;&#9;for (Player p : this.players) {&#13;&#10;&#9;&#9;&#9;if (max.getPoints() &lt;= p.getPoints()) {&#13;&#10;&#9;&#9;&#9;&#9;max = p;&#13;&#10;&#9;&#9;&#9;}&#13;&#10;&#9;&#9;}&#13;&#10;&#13;&#10;&#9;&#9;return max;&#13;&#10;&#9;}&#13;&#10;&#13;&#10;&#9;public void updateAtEndOfTurn() {&#13;&#10;&#9;&#9;addColonistsToBoard();&#13;&#10;&#13;&#10;&#9;&#9;// Must ship these&#13;&#10;&#9;&#9;if (cargoship4 == 4) {&#13;&#10;&#9;&#9;&#9;cargoship4 = 0;&#13;&#10;&#9;&#9;}&#13;&#10;&#9;&#9;if (cargoship5 == 5) {&#13;&#10;&#9;&#9;&#9;cargoship5 = 0;&#13;&#10;&#9;&#9;}&#13;&#10;&#9;&#9;if (cargoship6 == 6) {&#13;&#10;&#9;&#9;&#9;cargoship6 = 0;&#13;&#10;&#9;&#9;}&#13;&#10;&#9;}&#13;&#10;&#13;&#10;}&#13;&#10;" Filename="GameState.java" Intrnl_Id="8"/>
<SrcFile Content="package csse376_puerto_rico;&#13;&#10;&#13;&#10;import java.awt.Color;&#13;&#10;import java.util.ArrayList;&#13;&#10;import java.util.Enumeration;&#13;&#10;import java.util.List;&#13;&#10;&#13;&#10;import javax.swing.AbstractButton;&#13;&#10;import javax.swing.ButtonGroup;&#13;&#10;import javax.swing.JFrame;&#13;&#10;import javax.swing.JOptionPane;&#13;&#10;import javax.swing.JTextArea;&#13;&#10;&#13;&#10;import net.miginfocom.swing.MigLayout;&#13;&#10;import csse376_puerto_rico.Buildings.Building;&#13;&#10;import csse376_puerto_rico.Player.Good;&#13;&#10;import csse376_puerto_rico.Player.Plantation;&#13;&#10;&#13;&#10;public class GameBoardGUI {&#13;&#10;&#13;&#10;&#9;private JFrame mainframe;&#13;&#10;&#9;public static List&lt;Player&gt; players;&#13;&#10;&#9;public static JTextArea msgBar;&#13;&#10;&#9;public static JTextArea gameStateInfo;&#13;&#10;&#9;// public static ArrayList&lt;JPanel&gt; playerCards;&#13;&#10;&#9;private ButtonGroup bGroup;&#13;&#10;&#9;private static int turnCount;&#13;&#10;&#9;private GameState gameState;&#13;&#10;&#13;&#10;&#9;public GameBoardGUI() {&#13;&#10;&#9;&#9;// For testing purposes.&#13;&#10;&#9;&#9;this.msgBar = new JTextArea();&#13;&#10;&#9;&#9;this.gameStateInfo = new JTextArea();&#13;&#10;&#9;&#9;this.players = new ArrayList&lt;Player&gt;();&#13;&#10;&#9;&#9;this.mainframe = new JFrame();&#13;&#10;&#9;&#9;this.gameState = new GameState();&#13;&#10;&#9;}&#13;&#10;&#13;&#10;&#9;public GameBoardGUI(JFrame frame, ButtonGroup group) {&#13;&#10;&#9;&#9;this.players = new ArrayList&lt;Player&gt;();&#13;&#10;&#9;&#9;this.mainframe = frame;&#13;&#10;&#9;&#9;this.mainframe.setTitle(&quot;Puerto Rico&quot;);&#13;&#10;&#9;&#9;this.mainframe.getContentPane().removeAll();&#13;&#10;&#9;&#9;this.mainframe.getContentPane().revalidate();&#13;&#10;&#9;&#9;this.mainframe.setBackground(Color.GREEN);&#13;&#10;&#9;&#9;MigLayout layout = new MigLayout();&#13;&#10;&#9;&#9;this.mainframe.setLayout(layout);&#13;&#10;&#9;&#9;this.bGroup = group;&#13;&#10;&#9;&#9;this.msgBar = new JTextArea();&#13;&#10;&#9;&#9;this.gameStateInfo = new JTextArea();&#13;&#10;&#13;&#10;&#9;&#9;String temp = &quot;0&quot;;&#13;&#10;&#9;&#9;for (Enumeration&lt;AbstractButton&gt; buttons = this.bGroup.getElements(); buttons&#13;&#10;&#9;&#9;&#9;&#9;.hasMoreElements();) {&#13;&#10;&#9;&#9;&#9;AbstractButton button = buttons.nextElement();&#13;&#10;&#9;&#9;&#9;if (button.isSelected()) {&#13;&#10;&#9;&#9;&#9;&#9;temp = button.getText();&#13;&#10;&#9;&#9;&#9;}&#13;&#10;&#9;&#9;}&#13;&#10;&#9;&#9;int numberPlayers = Integer.parseInt(temp);&#13;&#10;&#13;&#10;&#9;&#9;this.addPlayers(numberPlayers);&#13;&#10;&#9;}&#13;&#10;&#13;&#10;&#9;private void displayGameState() {&#13;&#10;&#9;&#9;int coffee = this.gameState.getGood(Player.Good.COFFEE);&#13;&#10;&#9;&#9;int corn = this.gameState.getGood(Player.Good.CORN);&#13;&#10;&#9;&#9;int indigo = this.gameState.getGood(Player.Good.INDIGO);&#13;&#10;&#9;&#9;int sugar = this.gameState.getGood(Player.Good.SUGAR);&#13;&#10;&#9;&#9;int tobacco = this.gameState.getGood(Player.Good.TOBACCO);&#13;&#10;&#9;&#9;int colonists = this.gameState.getColonistsOnBoard();&#13;&#10;&#13;&#10;&#9;&#9;String parsedInfo = &quot;Coffe: &quot; + coffee + &quot;    Corn: &quot; + corn&#13;&#10;&#9;&#9;&#9;&#9;+ &quot;    Indigo: &quot; + indigo + &quot;\nSugar: &quot; + sugar&#13;&#10;&#9;&#9;&#9;&#9;+ &quot;        Tobacco: &quot; + tobacco + &quot;\nColonists: &quot; + colonists&#13;&#10;&#9;&#9;&#9;&#9;+ &quot;\n&quot; + &quot;\nCargo Ship: &quot; + (4 - this.gameState.cargoship4)&#13;&#10;&#9;&#9;&#9;&#9;+ &quot; spots for &quot; + this.gameState.cargoship4Good&#13;&#10;&#9;&#9;&#9;&#9;+ &quot;    Cargo Ship: &quot; + (5 - this.gameState.cargoship5)&#13;&#10;&#9;&#9;&#9;&#9;+ &quot; spots for &quot; + this.gameState.cargoship5Good&#13;&#10;&#9;&#9;&#9;&#9;+ &quot;    Cargo Ship: &quot; + (6 - this.gameState.cargoship6)&#13;&#10;&#9;&#9;&#9;&#9;+ &quot; spots for &quot; + this.gameState.cargoship6Good;&#13;&#10;&#9;&#9;gameStateInfo.setColumns(20);&#13;&#10;&#9;&#9;gameStateInfo.setRows(7);&#13;&#10;&#9;&#9;gameStateInfo.setText(parsedInfo);&#13;&#10;&#9;&#9;this.mainframe.add(gameStateInfo, &quot;cell 0 5, span 5&quot;);&#13;&#10;&#9;}&#13;&#10;&#13;&#10;&#9;private void updateGameStateDisplay() {&#13;&#10;&#9;&#9;int coffee = this.gameState.getGood(Player.Good.COFFEE);&#13;&#10;&#9;&#9;int corn = this.gameState.getGood(Player.Good.CORN);&#13;&#10;&#9;&#9;int indigo = this.gameState.getGood(Player.Good.INDIGO);&#13;&#10;&#9;&#9;int sugar = this.gameState.getGood(Player.Good.SUGAR);&#13;&#10;&#9;&#9;int tobacco = this.gameState.getGood(Player.Good.TOBACCO);&#13;&#10;&#9;&#9;int colonists = this.gameState.getColonistsOnBoard();&#13;&#10;&#13;&#10;&#9;&#9;String parsedInfo = &quot;Coffe: &quot; + coffee + &quot;    Corn: &quot; + corn&#13;&#10;&#9;&#9;&#9;&#9;+ &quot;    Indigo: &quot; + indigo + &quot;\nSugar: &quot; + sugar&#13;&#10;&#9;&#9;&#9;&#9;+ &quot;        Tobacco: &quot; + tobacco + &quot;\nColonists: &quot; + colonists&#13;&#10;&#9;&#9;&#9;&#9;+ &quot;\n&quot; + &quot;\nCargo Ship: &quot; + (4 - this.gameState.cargoship4)&#13;&#10;&#9;&#9;&#9;&#9;+ &quot; spots for &quot; + this.gameState.cargoship4Good&#13;&#10;&#9;&#9;&#9;&#9;+ &quot;    Cargo Ship: &quot; + (5 - this.gameState.cargoship5)&#13;&#10;&#9;&#9;&#9;&#9;+ &quot; spots for &quot; + this.gameState.cargoship5Good&#13;&#10;&#9;&#9;&#9;&#9;+ &quot;    Cargo Ship: &quot; + (6 - this.gameState.cargoship6)&#13;&#10;&#9;&#9;&#9;&#9;+ &quot; spots for &quot; + this.gameState.cargoship6Good;&#13;&#10;&#13;&#10;&#9;&#9;gameStateInfo.setText(parsedInfo);&#13;&#10;&#9;}&#13;&#10;&#13;&#10;&#9;private void displayMessageBar() {&#13;&#10;&#9;&#9;msgBar.setColumns(90);&#13;&#10;&#9;&#9;this.mainframe.add(msgBar, &quot;cell 0 0, span &quot; + this.players.size());&#13;&#10;&#9;}&#13;&#10;&#13;&#10;&#9;public List&lt;Player&gt; addPlayers(int numberOfPlayers) {&#13;&#10;&#9;&#9;// this.addPlayerCards(numberOfPlayers);&#13;&#10;&#9;&#9;for (int i = 0; i &lt; numberOfPlayers; i++) {&#13;&#10;&#9;&#9;&#9;Player p = new Player();&#13;&#10;&#9;&#9;&#9;if (i == 0) {&#13;&#10;&#9;&#9;&#9;&#9;p.isGovernor = true;&#13;&#10;&#9;&#9;&#9;}&#13;&#10;&#9;&#9;&#9;p.setPlayerNum(i);&#13;&#10;&#9;&#9;&#9;JTextArea jta = new JTextArea(&quot;Player &quot; + i + &quot;\nRole: &quot;&#13;&#10;&#9;&#9;&#9;&#9;&#9;+ &quot;\nScore: &quot; + p.getPoints() + &quot;\nBuildings:&quot;&#13;&#10;&#9;&#9;&#9;&#9;&#9;+ p.getBuildingsStringList() + &quot;\nPlantations:\n&quot;);&#13;&#10;&#9;&#9;&#9;jta.setRows(15);&#13;&#10;&#9;&#9;&#9;jta.setColumns(15);&#13;&#10;&#9;&#9;&#9;p.setHUD(jta);&#13;&#10;&#9;&#9;&#9;this.players.add(p);&#13;&#10;&#9;&#9;&#9;this.mainframe.add(jta, &quot;cell &quot; + i + &quot; 1&quot;);&#13;&#10;&#13;&#10;&#9;&#9;}&#13;&#10;&#9;&#9;this.gameState = new GameState(this.players);&#13;&#10;&#13;&#10;&#9;&#9;displayGameState();&#13;&#10;&#9;&#9;displayMessageBar();&#13;&#10;&#9;&#9;updateRoles();&#13;&#10;&#13;&#10;&#9;&#9;return this.players;&#13;&#10;&#9;}&#13;&#10;&#13;&#10;&#9;public List&lt;Player&gt; getPlayers() {&#13;&#10;&#9;&#9;return this.players;&#13;&#10;&#9;}&#13;&#10;&#13;&#10;&#9;public static int getTurnCount() {&#13;&#10;&#9;&#9;return turnCount;&#13;&#10;&#9;}&#13;&#10;&#13;&#10;&#9;// Will be deleted&#13;&#10;&#9;@Deprecated&#13;&#10;&#9;public String getPlayerText(int playerNum, String role, int points,&#13;&#10;&#9;&#9;&#9;String buildingList, String plantationList, boolean isGovernor) {&#13;&#10;&#9;&#9;String rtn = null;&#13;&#10;&#9;&#9;if (isGovernor) {&#13;&#10;&#9;&#9;&#9;rtn = String&#13;&#10;&#9;&#9;&#9;&#9;&#9;.format(&quot;Player %d \nRole: %s \nScore: %d \nBuilding: %s \nPlantation: %s \nGovernor&quot;,&#13;&#10;&#9;&#9;&#9;&#9;&#9;&#9;&#9;playerNum, role, points, buildingList,&#13;&#10;&#9;&#9;&#9;&#9;&#9;&#9;&#9;plantationList);&#13;&#10;&#13;&#10;&#9;&#9;} else {&#13;&#10;&#9;&#9;&#9;rtn = String&#13;&#10;&#9;&#9;&#9;&#9;&#9;.format(&quot;Player %d \nRole: %s \nScore: %d \nBuilding: %s \nPlantation: %s&quot;,&#13;&#10;&#9;&#9;&#9;&#9;&#9;&#9;&#9;playerNum, role, points, buildingList,&#13;&#10;&#9;&#9;&#9;&#9;&#9;&#9;&#9;plantationList);&#13;&#10;&#13;&#10;&#9;&#9;}&#13;&#10;&#9;&#9;return rtn;&#13;&#10;&#9;}&#13;&#10;&#13;&#10;&#9;public void updateRoles() {&#13;&#10;&#13;&#10;&#9;&#9;Object[] options = Player.getRoles().toArray();&#13;&#10;&#9;&#9;while (!checkEndGame()) {&#13;&#10;&#9;&#9;&#9;options = Player.getRoles().toArray();&#13;&#10;&#9;&#9;&#9;for (int i = 0; i &lt; this.players.size(); i++) {&#13;&#10;&#9;&#9;&#9;&#9;Player player = this.players.get(i);&#13;&#10;&#9;&#9;&#9;&#9;// DONE: Min, make player not able to choose role already chosen&#13;&#10;&#9;&#9;&#9;&#9;// for this turn.&#13;&#10;&#9;&#9;&#9;&#9;int n = JOptionPane.showOptionDialog(this.mainframe,&#13;&#10;&#9;&#9;&#9;&#9;&#9;&#9;&quot;Choose your role!&quot;, &quot;Player &quot; + i,&#13;&#10;&#9;&#9;&#9;&#9;&#9;&#9;JOptionPane.YES_NO_CANCEL_OPTION,&#13;&#10;&#9;&#9;&#9;&#9;&#9;&#9;JOptionPane.QUESTION_MESSAGE, null, options,&#13;&#10;&#9;&#9;&#9;&#9;&#9;&#9;options[options.length - 1]);&#13;&#10;&#9;&#9;&#9;&#9;// in this block of code I had to convert the lists of&#13;&#10;&#9;&#9;&#9;&#9;// buildings,plantations into Strings&#13;&#10;&#13;&#10;&#9;&#9;&#9;&#9;String role = (String) options[n];&#13;&#10;&#9;&#9;&#9;&#9;player.setRole(role);&#13;&#10;&#9;&#9;&#9;&#9;// Every start of the role each player gets an extra doubloon.&#13;&#10;&#9;&#9;&#9;&#9;player.setDoubloons(player.getDoubloons() + 1);&#13;&#10;&#9;&#9;&#9;&#9;gameState.doubloons--;&#13;&#10;&#9;&#9;&#9;&#9;player.updatePlayerInfo();&#13;&#10;&#13;&#10;&#9;&#9;&#9;&#9;playRole(i);&#13;&#10;&#13;&#10;&#9;&#9;&#9;&#9;// update&#13;&#10;&#9;&#9;&#9;&#9;this.gameState.updateAtEndOfTurn();&#13;&#10;&#13;&#10;&#9;&#9;&#9;&#9;// removing selected&#13;&#10;&#9;&#9;&#9;&#9;List&lt;Object&gt; temp = new ArrayList&lt;Object&gt;();&#13;&#10;&#9;&#9;&#9;&#9;for (int j = 0; j &lt; options.length; j++) {&#13;&#10;&#9;&#9;&#9;&#9;&#9;if (j != n) {&#13;&#10;&#9;&#9;&#9;&#9;&#9;&#9;temp.add(options[j]);&#13;&#10;&#9;&#9;&#9;&#9;&#9;}&#13;&#10;&#9;&#9;&#9;&#9;}&#13;&#10;&#9;&#9;&#9;&#9;options = temp.toArray();&#13;&#10;&#9;&#9;&#9;}&#13;&#10;&#13;&#10;&#9;&#9;}&#13;&#10;&#9;&#9;updateMsgBar(&quot;Winner is Player : &quot;&#13;&#10;&#9;&#9;&#9;&#9;+ this.gameState.getWinner().getPlayerNum());&#13;&#10;&#13;&#10;&#9;}&#13;&#10;&#13;&#10;&#9;public boolean checkEndGame() {&#13;&#10;&#9;&#9;// checks the end of the game, default to true for testing, otherwise&#13;&#10;&#9;&#9;// false&#13;&#10;&#9;&#9;return gameState.isGameEndState();&#13;&#10;&#9;}&#13;&#10;&#13;&#10;&#9;public void updateMsgBar(String msg) {&#13;&#10;&#9;&#9;this.msgBar.setText(msg);&#13;&#10;&#9;}&#13;&#10;&#13;&#10;&#9;public void playRole(int roleNum) {&#13;&#10;&#9;&#9;//&#13;&#10;&#9;&#9;Player player = players.get(roleNum);&#13;&#10;&#9;&#9;String role = player.getRole();&#13;&#10;&#13;&#10;&#9;&#9;if (role.equals(PlayerRoles.Mayor)) {&#13;&#10;&#13;&#10;&#9;&#9;&#9;for (int i = 0; i &lt; players.size(); i++) {&#13;&#10;&#9;&#9;&#9;&#9;// TODO: player goes to next person, it should not start with&#13;&#10;&#13;&#10;&#9;&#9;&#9;&#9;player = players.get(roleNum);&#13;&#10;&#13;&#10;&#9;&#9;&#9;&#9;Object[] options = { &quot;Building&quot;, &quot;Plantation&quot;, &quot;Do Nothing&quot; };&#13;&#10;&#9;&#9;&#9;&#9;boolean selected = false;&#13;&#10;&#9;&#9;&#9;&#9;while (!selected) {&#13;&#10;&#9;&#9;&#9;&#9;&#9;int n = JOptionPane&#13;&#10;&#9;&#9;&#9;&#9;&#9;&#9;&#9;.showOptionDialog(&#13;&#10;&#9;&#9;&#9;&#9;&#9;&#9;&#9;&#9;&#9;this.mainframe,&#13;&#10;&#9;&#9;&#9;&#9;&#9;&#9;&#9;&#9;&#9;&quot;Give the colonosists a job! \nChoose a structure.&quot;,&#13;&#10;&#9;&#9;&#9;&#9;&#9;&#9;&#9;&#9;&#9;&quot;Player &quot; + roleNum,&#13;&#10;&#9;&#9;&#9;&#9;&#9;&#9;&#9;&#9;&#9;JOptionPane.YES_NO_CANCEL_OPTION,&#13;&#10;&#9;&#9;&#9;&#9;&#9;&#9;&#9;&#9;&#9;JOptionPane.QUESTION_MESSAGE, null,&#13;&#10;&#9;&#9;&#9;&#9;&#9;&#9;&#9;&#9;&#9;options, options[options.length - 1]);&#13;&#10;&#9;&#9;&#9;&#9;&#9;if (n == 0) {&#13;&#10;&#9;&#9;&#9;&#9;&#9;&#9;ArrayList&lt;String&gt; pBuildingsNames = (ArrayList&lt;String&gt;) player&#13;&#10;&#9;&#9;&#9;&#9;&#9;&#9;&#9;&#9;.getBuildingsStringList().clone();&#13;&#10;&#9;&#9;&#9;&#9;&#9;&#9;pBuildingsNames.add(&quot;Go Back&quot;);&#13;&#10;&#9;&#9;&#9;&#9;&#9;&#9;Object[] temp = pBuildingsNames.toArray();&#13;&#10;&#13;&#10;&#9;&#9;&#9;&#9;&#9;&#9;int buildingNum = JOptionPane&#13;&#10;&#9;&#9;&#9;&#9;&#9;&#9;&#9;&#9;.showOptionDialog(&#13;&#10;&#9;&#9;&#9;&#9;&#9;&#9;&#9;&#9;&#9;&#9;this.mainframe,&#13;&#10;&#9;&#9;&#9;&#9;&#9;&#9;&#9;&#9;&#9;&#9;&quot;Give the colonosists a job! \nChoose a building&quot;,&#13;&#10;&#9;&#9;&#9;&#9;&#9;&#9;&#9;&#9;&#9;&#9;&quot;Player &quot; + (roleNum),&#13;&#10;&#9;&#9;&#9;&#9;&#9;&#9;&#9;&#9;&#9;&#9;JOptionPane.YES_NO_CANCEL_OPTION,&#13;&#10;&#9;&#9;&#9;&#9;&#9;&#9;&#9;&#9;&#9;&#9;JOptionPane.QUESTION_MESSAGE, null,&#13;&#10;&#9;&#9;&#9;&#9;&#9;&#9;&#9;&#9;&#9;&#9;temp, null);&#13;&#10;&#9;&#9;&#9;&#9;&#9;&#9;if (buildingNum != temp.length - 1) {&#13;&#10;&#9;&#9;&#9;&#9;&#9;&#9;&#9;Building playerB = player.getBuildings().get(&#13;&#10;&#9;&#9;&#9;&#9;&#9;&#9;&#9;&#9;&#9;buildingNum);&#13;&#10;&#9;&#9;&#9;&#9;&#9;&#9;&#9;if (playerB.numberOfJobs &gt; playerB.numberOfWorkers) {&#13;&#10;&#9;&#9;&#9;&#9;&#9;&#9;&#9;&#9;player.getBuildings().get(buildingNum).numberOfWorkers++;&#13;&#10;&#9;&#9;&#9;&#9;&#9;&#9;&#9;&#9;selected = true;&#13;&#10;&#9;&#9;&#9;&#9;&#9;&#9;&#9;&#9;updateMsgBar(&quot;Player &quot; + i&#13;&#10;&#9;&#9;&#9;&#9;&#9;&#9;&#9;&#9;&#9;&#9;+ &quot; added worker to building &quot;&#13;&#10;&#9;&#9;&#9;&#9;&#9;&#9;&#9;&#9;&#9;&#9;+ playerB.name);&#13;&#10;&#9;&#9;&#9;&#9;&#9;&#9;&#9;} else {&#13;&#10;&#9;&#9;&#9;&#9;&#9;&#9;&#9;&#9;updateMsgBar(&quot;Building &quot; + playerB.name&#13;&#10;&#9;&#9;&#9;&#9;&#9;&#9;&#9;&#9;&#9;&#9;+ &quot; is already full of workers.&quot;);&#13;&#10;&#9;&#9;&#9;&#9;&#9;&#9;&#9;}&#13;&#10;&#9;&#9;&#9;&#9;&#9;&#9;} else {&#13;&#10;&#9;&#9;&#9;&#9;&#9;&#9;&#9;updateMsgBar(&quot;Player &quot; + i + &quot; has no buildings&quot;);&#13;&#10;&#9;&#9;&#9;&#9;&#9;&#9;&#9;selected = false;&#13;&#10;&#9;&#9;&#9;&#9;&#9;&#9;}&#13;&#10;&#13;&#10;&#9;&#9;&#9;&#9;&#9;} else if (n == 1) {&#13;&#10;&#9;&#9;&#9;&#9;&#9;&#9;ArrayList&lt;String&gt; pPlantations = (ArrayList&lt;String&gt;) player&#13;&#10;&#9;&#9;&#9;&#9;&#9;&#9;&#9;&#9;.getPlantationsStringList().clone();&#13;&#10;&#9;&#9;&#9;&#9;&#9;&#9;pPlantations.add(&quot;Go Back&quot;);&#13;&#10;&#9;&#9;&#9;&#9;&#9;&#9;Object[] temp = pPlantations.toArray();&#13;&#10;&#13;&#10;&#9;&#9;&#9;&#9;&#9;&#9;int plantationNum = JOptionPane&#13;&#10;&#9;&#9;&#9;&#9;&#9;&#9;&#9;&#9;.showOptionDialog(&#13;&#10;&#9;&#9;&#9;&#9;&#9;&#9;&#9;&#9;&#9;&#9;this.mainframe,&#13;&#10;&#9;&#9;&#9;&#9;&#9;&#9;&#9;&#9;&#9;&#9;&quot;Give the colonosists a job! \nChoose a plantation&quot;,&#13;&#10;&#9;&#9;&#9;&#9;&#9;&#9;&#9;&#9;&#9;&#9;&quot;Player &quot; + (roleNum),&#13;&#10;&#9;&#9;&#9;&#9;&#9;&#9;&#9;&#9;&#9;&#9;JOptionPane.YES_NO_CANCEL_OPTION,&#13;&#10;&#9;&#9;&#9;&#9;&#9;&#9;&#9;&#9;&#9;&#9;JOptionPane.QUESTION_MESSAGE, null,&#13;&#10;&#9;&#9;&#9;&#9;&#9;&#9;&#9;&#9;&#9;&#9;temp, null);&#13;&#10;&#9;&#9;&#9;&#9;&#9;&#9;if (plantationNum != temp.length - 1) {&#13;&#10;&#9;&#9;&#9;&#9;&#9;&#9;&#9;Plantation pPlantation = player.getPlantations()&#13;&#10;&#9;&#9;&#9;&#9;&#9;&#9;&#9;&#9;&#9;.get(plantationNum);&#13;&#10;&#9;&#9;&#9;&#9;&#9;&#9;&#9;if (pPlantation.hasWorker) {&#13;&#10;&#9;&#9;&#9;&#9;&#9;&#9;&#9;&#9;updateMsgBar(&quot;Plantation already has a worker.&quot;);&#13;&#10;&#9;&#9;&#9;&#9;&#9;&#9;&#9;} else {&#13;&#10;&#9;&#9;&#9;&#9;&#9;&#9;&#9;&#9;pPlantation.hasWorker = true;&#13;&#10;&#9;&#9;&#9;&#9;&#9;&#9;&#9;&#9;selected = true;&#13;&#10;&#9;&#9;&#9;&#9;&#9;&#9;&#9;&#9;updateMsgBar(&quot;Player &quot; + i&#13;&#10;&#9;&#9;&#9;&#9;&#9;&#9;&#9;&#9;&#9;&#9;+ &quot; added worker to plantation&quot;);&#13;&#10;&#9;&#9;&#9;&#9;&#9;&#9;&#9;}&#13;&#10;&#9;&#9;&#9;&#9;&#9;&#9;} else {&#13;&#10;&#9;&#9;&#9;&#9;&#9;&#9;&#9;updateMsgBar(&quot;Player &quot; + i + &quot; has no plantions&quot;);&#13;&#10;&#9;&#9;&#9;&#9;&#9;&#9;&#9;selected = false;&#13;&#10;&#9;&#9;&#9;&#9;&#9;&#9;}&#13;&#10;&#9;&#9;&#9;&#9;&#9;} else {&#13;&#10;&#9;&#9;&#9;&#9;&#9;&#9;// Do nothing&#13;&#10;&#9;&#9;&#9;&#9;&#9;&#9;selected = true;&#13;&#10;&#9;&#9;&#9;&#9;&#9;}&#13;&#10;&#9;&#9;&#9;&#9;&#9;//Adds +1 to the player's doubloons if the role was not used in previous 3 turns&#13;&#10;&#9;&#9;&#9;&#9;&#9;this.gameState.addRolesToList(PlayerRoles.Mayor);&#13;&#10;&#9;&#9;&#9;&#9;&#9;this.gameState.addDoubloon(player, PlayerRoles.Mayor);&#13;&#10;&#9;&#9;&#9;&#9;&#9;player.updatePlayerInfo();&#13;&#10;&#9;&#9;&#9;&#9;}&#13;&#10;&#9;&#9;&#9;&#9;roleNum = (roleNum + 1) % players.size();&#13;&#10;&#13;&#10;&#9;&#9;&#9;}&#13;&#10;&#9;&#9;} else if (role.equals(PlayerRoles.Builder)) {&#13;&#10;&#9;&#9;&#9;player.setDoubloons(player.getDoubloons() + 1);&#13;&#10;&#9;&#9;&#9;Buildings b = new Buildings();&#13;&#10;&#13;&#10;&#9;&#9;&#9;for (int i = 0; i &lt; players.size(); i++) {&#13;&#10;&#9;&#9;&#9;&#9;player = players.get(roleNum);&#13;&#10;&#9;&#9;&#9;&#9;System.out.println(roleNum);&#13;&#10;&#13;&#10;&#9;&#9;&#9;&#9;ArrayList&lt;Building&gt; bs = b.getBuildings();&#13;&#10;&#9;&#9;&#9;&#9;ArrayList&lt;String&gt; bNames = new ArrayList&lt;String&gt;();&#13;&#10;&#9;&#9;&#9;&#9;for (Building building : bs) {&#13;&#10;&#9;&#9;&#9;&#9;&#9;if (building.cost &lt;= player.getDoubloons()) {&#13;&#10;&#9;&#9;&#9;&#9;&#9;&#9;bNames.add(building.name);&#13;&#10;&#9;&#9;&#9;&#9;&#9;}&#13;&#10;&#9;&#9;&#9;&#9;}&#13;&#10;&#9;&#9;&#9;&#9;bNames.add(&quot;Nothing&quot;);&#13;&#10;&#9;&#9;&#9;&#9;Object[] options = bNames.toArray();&#13;&#10;&#13;&#10;&#9;&#9;&#9;&#9;// player = player.next at the end&#13;&#10;&#9;&#9;&#9;&#9;int n = JOptionPane.showOptionDialog(this.mainframe,&#13;&#10;&#9;&#9;&#9;&#9;&#9;&#9;&quot;Choose a building to build!&quot;, &quot;Player &quot; + (roleNum),&#13;&#10;&#9;&#9;&#9;&#9;&#9;&#9;JOptionPane.YES_NO_CANCEL_OPTION,&#13;&#10;&#9;&#9;&#9;&#9;&#9;&#9;JOptionPane.QUESTION_MESSAGE, null, options,&#13;&#10;&#9;&#9;&#9;&#9;&#9;&#9;options[options.length - 1]);&#13;&#10;&#9;&#9;&#9;&#9;if (n != bNames.size() - 1) {&#13;&#10;&#9;&#9;&#9;&#9;&#9;player.addBuilding(new Building(bNames.get(n)));&#13;&#10;&#9;&#9;&#9;&#9;&#9;if (player.getBuildings().size() &gt;= 12) {&#13;&#10;&#9;&#9;&#9;&#9;&#9;&#9;this.gameState.isGameEndState = true;&#13;&#10;&#9;&#9;&#9;&#9;&#9;}&#13;&#10;&#9;&#9;&#9;&#9;}&#13;&#10;&#9;&#9;&#9;&#9;//Adds +1 to the player's doubloons if the role was not used in previous 3 turns&#13;&#10;&#9;&#9;&#9;&#9;this.gameState.addRolesToList(PlayerRoles.Builder);&#13;&#10;&#9;&#9;&#9;&#9;this.gameState.addDoubloon(player, PlayerRoles.Builder);&#13;&#10;&#9;&#9;&#9;&#9;player.updatePlayerInfo();&#13;&#10;&#9;&#9;&#9;&#9;roleNum = (roleNum + 1) % players.size();&#13;&#10;&#13;&#10;&#9;&#9;&#9;}&#13;&#10;&#9;&#9;} else if (role.equals(PlayerRoles.Settler)) {&#13;&#10;&#9;&#9;&#9;// DONE: kurian&#13;&#10;&#9;&#9;&#9;List&lt;String&gt; gNames = player.getAllGoods();&#13;&#10;&#9;&#9;&#9;gNames.add(&quot;Nothing&quot;);&#13;&#10;&#9;&#9;&#9;Object[] options = gNames.toArray();&#13;&#10;&#9;&#9;&#9;// Settler picks one more plantation&#13;&#10;&#9;&#9;&#9;for (int i = 0; i &lt;= players.size(); i++) {&#13;&#10;&#13;&#10;&#9;&#9;&#9;&#9;player = players.get(roleNum);&#13;&#10;&#9;&#9;&#9;&#9;// player = player.next at the end&#13;&#10;&#9;&#9;&#9;&#9;int n = JOptionPane.showOptionDialog(this.mainframe,&#13;&#10;&#9;&#9;&#9;&#9;&#9;&#9;&quot;Choose a Good to harvest!&quot;, &quot;Player &quot; + (roleNum),&#13;&#10;&#9;&#9;&#9;&#9;&#9;&#9;JOptionPane.YES_NO_CANCEL_OPTION,&#13;&#10;&#9;&#9;&#9;&#9;&#9;&#9;JOptionPane.QUESTION_MESSAGE, null, options,&#13;&#10;&#9;&#9;&#9;&#9;&#9;&#9;options[options.length - 1]);&#13;&#10;&#9;&#9;&#9;&#9;System.out.println(gNames.get(n));&#13;&#10;&#9;&#9;&#9;&#9;if (n != gNames.size() - 1) {&#13;&#10;&#9;&#9;&#9;&#9;&#9;player.getPlantations().add(&#13;&#10;&#9;&#9;&#9;&#9;&#9;&#9;&#9;new Plantation(gNames.get(n), false));&#13;&#10;&#9;&#9;&#9;&#9;}&#13;&#10;&#9;&#9;&#9;&#9;//Adds +1 to the player's doubloons if the role was not used in previous 3 turns&#13;&#10;&#9;&#9;&#9;&#9;this.gameState.addRolesToList(PlayerRoles.Settler);&#13;&#10;&#9;&#9;&#9;&#9;this.gameState.addDoubloon(player, PlayerRoles.Settler);&#13;&#10;&#9;&#9;&#9;&#9;player.updatePlayerInfo();&#13;&#10;&#9;&#9;&#9;&#9;roleNum = (roleNum + 1) % players.size();&#13;&#10;&#9;&#9;&#9;}&#13;&#10;&#9;&#9;} else if (role.equals(PlayerRoles.Craftsman)) {&#13;&#10;&#9;&#9;&#9;// DONE: kurian&#13;&#10;&#9;&#9;&#9;for (int i = 0; i &lt; players.size(); i++) {&#13;&#10;&#13;&#10;&#9;&#9;&#9;&#9;player = players.get(roleNum);&#13;&#10;&#9;&#9;&#9;&#9;player.checkPlantation();&#13;&#10;&#9;&#9;&#9;&#9;//Adds +1 to the player's doubloons if the role was not used in previous 3 turns&#13;&#10;&#9;&#9;&#9;&#9;this.gameState.addRolesToList(PlayerRoles.Craftsman);&#13;&#10;&#9;&#9;&#9;&#9;this.gameState.addDoubloon(player, PlayerRoles.Craftsman);&#13;&#10;&#9;&#9;&#9;&#9;player.updatePlayerInfo();&#13;&#10;&#9;&#9;&#9;&#9;roleNum = (roleNum + 1) % players.size();&#13;&#10;&#13;&#10;&#9;&#9;&#9;}&#13;&#10;&#9;&#9;} else if (role.equals(PlayerRoles.Trader)) {&#13;&#10;&#9;&#9;&#9;// &#13;&#10;&#9;&#9;&#9;for (int i = 0; i &lt; players.size(); i++) {&#13;&#10;&#13;&#10;&#9;&#9;&#9;&#9;player = players.get(roleNum);&#13;&#10;&#9;&#9;&#9;&#9;// TODO:&#13;&#10;&#9;&#9;&#9;&#9;&#13;&#10;&#9;&#9;&#9;&#9;ArrayList&lt;String&gt; goodList = new ArrayList&lt;String&gt;();&#13;&#10;&#9;&#9;&#9;&#9;for (String s : player.getAllGoods()){&#13;&#10;&#9;&#9;&#9;&#9;&#9;int n = player.getNumberOfGood(s);&#13;&#10;&#9;&#9;&#9;&#9;&#9;if(n&gt;0){&#13;&#10;&#9;&#9;&#9;&#9;&#9;&#9;goodList.add(s);&#13;&#10;&#9;&#9;&#9;&#9;&#9;}&#13;&#10;&#9;&#9;&#9;&#9;}&#13;&#10;&#9;&#9;&#9;&#9;goodList.add(&quot;Nothing&quot;);&#13;&#10;&#9;&#9;&#9;&#9;Object[] options = goodList.toArray();&#13;&#10;&#9;&#9;&#9;&#9;&#13;&#10;&#9;&#9;&#9;&#9;int n = JOptionPane.showOptionDialog(this.mainframe,&#13;&#10;&#9;&#9;&#9;&#9;&#9;&#9;&quot;Choose a Good to trade!&quot;, &quot;Player &quot; + (roleNum),&#13;&#10;&#9;&#9;&#9;&#9;&#9;&#9;JOptionPane.YES_NO_CANCEL_OPTION,&#13;&#10;&#9;&#9;&#9;&#9;&#9;&#9;JOptionPane.QUESTION_MESSAGE, null, options,&#13;&#10;&#9;&#9;&#9;&#9;&#9;&#9;options[options.length - 1]);&#13;&#10;&#9;&#9;&#9;&#9;if(n!=goodList.size()-1){&#13;&#10;&#9;&#9;&#9;&#9;&#9;if(goodList.get(n).equals(Good.COFFEE)){&#13;&#10;&#9;&#9;&#9;&#9;&#9;&#9;&#13;&#10;&#9;&#9;&#9;&#9;&#9;}else if(goodList.get(n).equals(Good.CORN)){&#13;&#10;&#9;&#9;&#9;&#9;&#9;&#9;&#13;&#10;&#9;&#9;&#9;&#9;&#9;}else if(goodList.get(n).equals(Good.INDIGO)){&#13;&#10;&#9;&#9;&#9;&#9;&#9;&#9;&#13;&#10;&#9;&#9;&#9;&#9;&#9;}else if(goodList.get(n).equals(Good.SUGAR)){&#13;&#10;&#9;&#9;&#9;&#9;&#9;&#9;&#13;&#10;&#9;&#9;&#9;&#9;&#9;}else if(goodList.get(n).equals(Good.TOBACCO)){&#13;&#10;&#9;&#9;&#9;&#9;&#9;&#9;&#13;&#10;&#9;&#9;&#9;&#9;&#9;}&#13;&#10;&#9;&#9;&#9;&#9;}&#13;&#10;&#9;&#9;&#9;&#9;//Adds +1 to the player's doubloons if the role was not used in previous 3 turns&#13;&#10;&#9;&#9;&#9;&#9;this.gameState.addRolesToList(PlayerRoles.Trader);&#13;&#10;&#9;&#9;&#9;&#9;this.gameState.addDoubloon(player, PlayerRoles.Trader);&#13;&#10;&#9;&#9;&#9;&#9;player.updatePlayerInfo();&#13;&#10;&#9;&#9;&#9;&#9;roleNum = (roleNum + 1) % players.size();&#13;&#10;&#13;&#10;&#9;&#9;&#9;}&#13;&#10;&#9;&#9;} else if (role.equals(PlayerRoles.Captain)) {&#13;&#10;&#13;&#10;&#9;&#9;&#9;for (int i = 0; i &lt; players.size(); i++) {&#13;&#10;&#9;&#9;&#9;&#9;// TODO:&#13;&#10;&#9;&#9;&#9;&#9;player = players.get(roleNum);&#13;&#10;&#9;&#9;&#9;&#9;Object[] goodOptions = player.getAllGoods().toArray();&#13;&#10;&#13;&#10;&#9;&#9;&#9;&#9;int good = JOptionPane.showOptionDialog(this.mainframe,&#13;&#10;&#9;&#9;&#9;&#9;&#9;&#9;&quot;Choose a good to ship!&quot;, &quot;Player &quot; + (roleNum),&#13;&#10;&#9;&#9;&#9;&#9;&#9;&#9;JOptionPane.YES_NO_CANCEL_OPTION,&#13;&#10;&#9;&#9;&#9;&#9;&#9;&#9;JOptionPane.QUESTION_MESSAGE, null, goodOptions,&#13;&#10;&#9;&#9;&#9;&#9;&#9;&#9;goodOptions[goodOptions.length - 1]);&#13;&#10;&#13;&#10;&#9;&#9;&#9;&#9;Object[] shipOptions = new Object[3];&#13;&#10;&#9;&#9;&#9;&#9;shipOptions[0] = 4;&#13;&#10;&#9;&#9;&#9;&#9;shipOptions[1] = 5;&#13;&#10;&#9;&#9;&#9;&#9;shipOptions[2] = 6;&#13;&#10;&#9;&#9;&#9;&#9;int ship = JOptionPane.showOptionDialog(this.mainframe,&#13;&#10;&#9;&#9;&#9;&#9;&#9;&#9;&quot;Choose a cargo ship to put good!&quot;, &quot;Player &quot;&#13;&#10;&#9;&#9;&#9;&#9;&#9;&#9;&#9;&#9;+ (roleNum), JOptionPane.YES_NO_CANCEL_OPTION,&#13;&#10;&#9;&#9;&#9;&#9;&#9;&#9;JOptionPane.QUESTION_MESSAGE, null, shipOptions,&#13;&#10;&#9;&#9;&#9;&#9;&#9;&#9;shipOptions[shipOptions.length - 1]);&#13;&#10;&#13;&#10;&#9;&#9;&#9;&#9;if (ship == 0) {&#13;&#10;&#9;&#9;&#9;&#9;&#9;this.gameState.cargoship4Good = (String) goodOptions[good];&#13;&#10;&#9;&#9;&#9;&#9;&#9;this.gameState.cargoship4++;&#13;&#10;&#9;&#9;&#9;&#9;} else if (ship == 1) {&#13;&#10;&#9;&#9;&#9;&#9;&#9;this.gameState.cargoship5Good = (String) goodOptions[good];&#13;&#10;&#9;&#9;&#9;&#9;&#9;this.gameState.cargoship5++;&#13;&#10;&#9;&#9;&#9;&#9;} else if (ship == 2) {&#13;&#10;&#9;&#9;&#9;&#9;&#9;this.gameState.cargoship6Good = (String) goodOptions[good];&#13;&#10;&#9;&#9;&#9;&#9;&#9;this.gameState.cargoship6++;&#13;&#10;&#9;&#9;&#9;&#9;}&#13;&#10;&#13;&#10;&#9;&#9;&#9;&#9;updateGameStateDisplay();&#13;&#10;&#9;&#9;&#9;&#9;//Adds +1 to the player's doubloons if the role was not used in previous 3 turns&#13;&#10;&#9;&#9;&#9;&#9;this.gameState.addRolesToList(PlayerRoles.Captain);&#13;&#10;&#9;&#9;&#9;&#9;this.gameState.addDoubloon(player, PlayerRoles.Captain);&#13;&#10;&#9;&#9;&#9;&#9;player.updatePlayerInfo();&#13;&#10;&#9;&#9;&#9;&#9;roleNum = (roleNum + 1) % players.size();&#13;&#10;&#13;&#10;&#9;&#9;&#9;}&#13;&#10;&#9;&#9;} else if (role.equals(PlayerRoles.Prospector)) {&#13;&#10;&#9;&#9;&#9;// :do nothing&#13;&#10;&#9;&#9;&#9;for (int i = 0; i &lt; players.size(); i++) {&#13;&#10;&#13;&#10;&#9;&#9;&#9;&#9;player = players.get(roleNum);&#13;&#10;&#9;&#9;&#9;&#9;// :&#13;&#10;&#9;&#9;&#9;&#9;//Adds +1 to the player's doubloons if the role was not used in previous 3 turns&#13;&#10;&#9;&#9;&#9;&#9;this.gameState.addRolesToList(PlayerRoles.Prospector);&#13;&#10;&#9;&#9;&#9;&#9;this.gameState.addDoubloon(player, PlayerRoles.Prospector);&#13;&#10;&#9;&#9;&#9;&#9;player.updatePlayerInfo();&#13;&#10;&#9;&#9;&#9;&#9;roleNum = (roleNum + 1) % players.size();&#13;&#10;&#13;&#10;&#9;&#9;&#9;}&#13;&#10;&#9;&#9;}&#13;&#10;&#13;&#10;&#9;}&#13;&#10;&#13;&#10;}&#13;&#10;" Filename="GameBoardGUI.java" Intrnl_Id="9"/>
<SrcFile Content="package csse376_puerto_rico;&#13;&#10;&#13;&#10;import java.awt.event.ActionEvent;&#13;&#10;import java.awt.event.ActionListener;&#13;&#10;&#13;&#10;import javax.swing.ButtonGroup;&#13;&#10;import javax.swing.JFrame;&#13;&#10;&#13;&#10;public class ButtonHandler implements ActionListener {&#13;&#10;&#9;&#13;&#10;&#9;private JFrame mainframe;&#13;&#10;&#9;private ButtonGroup bGroup;&#13;&#10;&#13;&#10;&#9;public ButtonHandler(JFrame frame, ButtonGroup group) {&#13;&#10;&#9;&#9;this.mainframe = frame;&#13;&#10;&#9;&#9;this.bGroup = group;&#13;&#10;&#9;}&#13;&#10;&#13;&#10;&#9;@Override&#13;&#10;&#9;public void actionPerformed(ActionEvent ae) {&#13;&#10;&#9;&#9;String action = ae.getActionCommand();&#13;&#10;&#9;&#9;if(action.equals(&quot;Quit&quot;)){&#13;&#10;&#9;&#9;&#9;System.exit(0);&#13;&#10;&#9;&#9;}else if(action.equals(&quot;New Game&quot;)){&#13;&#10;&#9;&#9;&#9;new StartUpGameBoardGUI(this.mainframe);&#13;&#10;&#9;&#9;}else if(action.equals(&quot;Start&quot;)){&#13;&#10;&#9;&#9;&#9;new GameBoardGUI(this.mainframe, this.bGroup);&#13;&#10;&#9;&#9;}else if(action.equals(&quot;Add Points&quot;)){&#13;&#10;&#9;&#9;&#9;&#13;&#10;&#9;&#9;}&#13;&#10;&#9;}&#13;&#10;&#13;&#10;}&#13;&#10;" Filename="ButtonHandler.java" Intrnl_Id="10"/>
<SrcFile Content="package csse376_puerto_rico;&#13;&#10;&#13;&#10;import java.util.ArrayList;&#13;&#10;import java.util.Arrays;&#13;&#10;import java.util.List;&#13;&#10;&#13;&#10;public class Buildings {&#13;&#10;&#13;&#10;&#9;private ArrayList&lt;Building&gt; buildings;&#13;&#10;&#9;private ArrayList&lt;String&gt; buildingNames = new ArrayList&lt;String&gt;(Arrays.asList(&quot;Small Indigo Plant&quot;,&#13;&#10;&#9;&#9;&#9;&quot;Small Sugar Mill&quot;, &quot;Small Market&quot;, &quot;Hacienda&quot;, &quot;ConstructionHut&quot;,&#13;&#10;&#9;&#9;&#9;&quot;Small Warehouse&quot;, &quot;Indigo Plant&quot;, &quot;Surgar Mill&quot;, &quot;Hospice&quot;));&#13;&#10;&#13;&#10;&#9;public Buildings() {&#13;&#10;&#9;&#9;buildings = new ArrayList&lt;Building&gt;();&#13;&#10;&#9;&#9;// TODO:&#13;&#10;&#9;&#9;// add&#13;&#10;&#9;&#9;// more&#13;&#10;&#13;&#10;&#9;&#9;for (String name : buildingNames) {&#13;&#10;&#9;&#9;&#9;buildings.add(new Building(name));&#13;&#10;&#9;&#9;}&#13;&#10;&#13;&#10;&#9;}&#13;&#10;&#13;&#10;&#9;public ArrayList&lt;Building&gt; getBuildings() {&#13;&#10;&#13;&#10;&#9;&#9;return buildings;&#13;&#10;&#9;}&#13;&#10;&#13;&#10;&#9;public ArrayList&lt;String&gt; getBuildingNames() {&#13;&#10;&#9;&#9;return buildingNames;&#13;&#10;&#9;}&#13;&#10;&#13;&#10;&#9;public static class Building {&#13;&#10;&#13;&#10;&#9;&#9;public String name;&#13;&#10;&#9;&#9;public int cost;&#13;&#10;&#9;&#9;public int points;&#13;&#10;&#9;&#9;public int numberOfJobs;&#13;&#10;&#9;&#9;public int numberOfWorkers;&#13;&#10;&#13;&#10;&#9;&#9;public Building(String name) {&#13;&#10;&#9;&#9;&#9;this.name = name;&#13;&#10;&#9;&#9;&#9;switch (name) {&#13;&#10;&#9;&#9;&#9;case &quot;Small Indigo Plant&quot;:&#13;&#10;&#9;&#9;&#9;&#9;cost = 1;&#13;&#10;&#9;&#9;&#9;&#9;points = 1;&#13;&#10;&#9;&#9;&#9;&#9;numberOfJobs = 1;&#13;&#10;&#9;&#9;&#9;&#9;numberOfWorkers = 0;&#13;&#10;&#9;&#9;&#9;&#9;break;&#13;&#10;&#13;&#10;&#9;&#9;&#9;// TODO: Add all cases for all buildings&#13;&#10;&#9;&#9;&#9;default:&#13;&#10;&#9;&#9;&#9;&#9;cost = 0;&#13;&#10;&#9;&#9;&#9;&#9;points = 0;&#13;&#10;&#9;&#9;&#9;&#9;numberOfJobs = 0;&#13;&#10;&#9;&#9;&#9;&#9;numberOfWorkers = 0;&#13;&#10;&#9;&#9;&#9;}&#13;&#10;&#9;&#9;}&#13;&#10;&#9;}&#13;&#10;}&#13;&#10;" Filename="Buildings.java" Intrnl_Id="11"/>
</SrcFileList>
<CritList>
<CritListEntry Name="org.codecover.model.utils.criteria.LoopCoverage" PluginName="org.codecover"/>
<CritListEntry Name="org.codecover.model.utils.criteria.BranchCoverage" PluginName="org.codecover"/>
<CritListEntry Name="org.codecover.model.utils.criteria.ConditionCoverage" PluginName="org.codecover"/>
<CritListEntry Name="org.codecover.model.utils.criteria.SynchronizedStatementCoverage" PluginName="org.codecover"/>
<CritListEntry Name="org.codecover.model.utils.criteria.QMOCoverage" PluginName="org.codecover"/>
<CritListEntry Name="org.codecover.model.utils.criteria.StatementCoverage" PluginName="org.codecover"/>
</CritList>
<BoolOpList>
<BoolOp Arity="1" Intrnl_Id="12" Name="not (!)">
<BoolAssgnmntBoolMapList>
<MapEntry BoolAssgnmnt="0" Value="true"/>
<MapEntry BoolAssgnmnt="1" Value="false"/>
</BoolAssgnmntBoolMapList>
</BoolOp>
<BoolOp Arity="2" Intrnl_Id="13" Name="conditional and (&amp;&amp;)">
<BoolAssgnmntBoolMapList>
<MapEntry BoolAssgnmnt="10" Value="false"/>
<MapEntry BoolAssgnmnt="02" Value="false"/>
<MapEntry BoolAssgnmnt="11" Value="true"/>
</BoolAssgnmntBoolMapList>
</BoolOp>
<BoolOp Arity="2" Intrnl_Id="14" Name="conditional or (||)">
<BoolAssgnmntBoolMapList>
<MapEntry BoolAssgnmnt="01" Value="true"/>
<MapEntry BoolAssgnmnt="00" Value="false"/>
<MapEntry BoolAssgnmnt="12" Value="true"/>
</BoolAssgnmntBoolMapList>
</BoolOp>
</BoolOpList>
<HierarchyLvlTypeList>
<HierarchyLvlType EnglishName="package" IntrnlName="package" Intrnl_Id="15"/>
<HierarchyLvlType EnglishName="class" IntrnlName="class" Intrnl_Id="16"/>
<HierarchyLvlType EnglishName="method" IntrnlName="method" Intrnl_Id="17"/>
<HierarchyLvlType EnglishName="default package" IntrnlName="default package" Intrnl_Id="18"/>
<HierarchyLvlType EnglishName="anonymous class" IntrnlName="class" Intrnl_Id="19"/>
</HierarchyLvlTypeList>
<MASTRoot>
<HierarchyLvl HierarchyLvlId="2483" HierarchyLvlTypeId="18" Intrnl_Id="20" Name="default package">
<Header/>
<LocList/>
<HierarchyLvl HierarchyLvlId="2482" HierarchyLvlTypeId="15" Intrnl_Id="21" Name="csse376_puerto_rico">
<Header/>
<LocList/>
<HierarchyLvl HierarchyLvlId="2396" HierarchyLvlTypeId="16" Intrnl_Id="22" Name="StartUpGameBoardGUI">
<Header>
<Loc EndOffset="234" SrcFileId="1" StartOffset="202"/>
</Header>
<LocList>
<Loc EndOffset="1071" SrcFileId="1" StartOffset="202"/>
</LocList>
<HierarchyLvl HierarchyLvlId="2395" HierarchyLvlTypeId="17" Intrnl_Id="23" Name="StartUpGameBoardGUI">
<Header>
<Loc EndOffset="307" SrcFileId="1" StartOffset="267"/>
</Header>
<LocList>
<Loc EndOffset="1068" SrcFileId="1" StartOffset="267"/>
</LocList>
<StmntSeq Intrnl_Id="24">
<LocList>
<Loc EndOffset="335" SrcFileId="1" StartOffset="312"/>
<Loc EndOffset="382" SrcFileId="1" StartOffset="338"/>
<Loc EndOffset="430" SrcFileId="1" StartOffset="385"/>
<Loc EndOffset="475" SrcFileId="1" StartOffset="433"/>
<Loc EndOffset="520" SrcFileId="1" StartOffset="478"/>
<Loc EndOffset="556" SrcFileId="1" StartOffset="524"/>
<Loc EndOffset="600" SrcFileId="1" StartOffset="562"/>
<Loc EndOffset="650" SrcFileId="1" StartOffset="603"/>
<Loc EndOffset="701" SrcFileId="1" StartOffset="653"/>
<Loc EndOffset="752" SrcFileId="1" StartOffset="704"/>
<Loc EndOffset="770" SrcFileId="1" StartOffset="755"/>
<Loc EndOffset="788" SrcFileId="1" StartOffset="773"/>
<Loc EndOffset="806" SrcFileId="1" StartOffset="791"/>
<Loc EndOffset="855" SrcFileId="1" StartOffset="812"/>
<Loc EndOffset="930" SrcFileId="1" StartOffset="858"/>
<Loc EndOffset="955" SrcFileId="1" StartOffset="936"/>
<Loc EndOffset="977" SrcFileId="1" StartOffset="958"/>
<Loc EndOffset="999" SrcFileId="1" StartOffset="980"/>
<Loc EndOffset="1029" SrcFileId="1" StartOffset="1002"/>
<Loc EndOffset="1065" SrcFileId="1" StartOffset="1035"/>
</LocList>
<BasicStmnt CovItemId="S1" CovItemPrefix="csse376_puerto_rico.StartUpGameBoardGUI.java" Intrnl_Id="25">
<LocList>
<Loc EndOffset="335" SrcFileId="1" StartOffset="312"/>
</LocList>
</BasicStmnt>
<BasicStmnt CovItemId="S2" CovItemPrefix="csse376_puerto_rico.StartUpGameBoardGUI.java" Intrnl_Id="26">
<LocList>
<Loc EndOffset="382" SrcFileId="1" StartOffset="338"/>
</LocList>
</BasicStmnt>
<BasicStmnt CovItemId="S3" CovItemPrefix="csse376_puerto_rico.StartUpGameBoardGUI.java" Intrnl_Id="27">
<LocList>
<Loc EndOffset="430" SrcFileId="1" StartOffset="385"/>
</LocList>
</BasicStmnt>
<BasicStmnt CovItemId="S4" CovItemPrefix="csse376_puerto_rico.StartUpGameBoardGUI.java" Intrnl_Id="28">
<LocList>
<Loc EndOffset="475" SrcFileId="1" StartOffset="433"/>
</LocList>
</BasicStmnt>
<BasicStmnt CovItemId="S5" CovItemPrefix="csse376_puerto_rico.StartUpGameBoardGUI.java" Intrnl_Id="29">
<LocList>
<Loc EndOffset="520" SrcFileId="1" StartOffset="478"/>
</LocList>
</BasicStmnt>
<BasicStmnt CovItemId="S6" CovItemPrefix="csse376_puerto_rico.StartUpGameBoardGUI.java" Intrnl_Id="30">
<LocList>
<Loc EndOffset="556" SrcFileId="1" StartOffset="524"/>
</LocList>
</BasicStmnt>
<BasicStmnt CovItemId="S7" CovItemPrefix="csse376_puerto_rico.StartUpGameBoardGUI.java" Intrnl_Id="31">
<LocList>
<Loc EndOffset="600" SrcFileId="1" StartOffset="562"/>
</LocList>
</BasicStmnt>
<BasicStmnt CovItemId="S8" CovItemPrefix="csse376_puerto_rico.StartUpGameBoardGUI.java" Intrnl_Id="32">
<LocList>
<Loc EndOffset="650" SrcFileId="1" StartOffset="603"/>
</LocList>
</BasicStmnt>
<BasicStmnt CovItemId="S9" CovItemPrefix="csse376_puerto_rico.StartUpGameBoardGUI.java" Intrnl_Id="33">
<LocList>
<Loc EndOffset="701" SrcFileId="1" StartOffset="653"/>
</LocList>
</BasicStmnt>
<BasicStmnt CovItemId="S10" CovItemPrefix="csse376_puerto_rico.StartUpGameBoardGUI.java" Intrnl_Id="34">
<LocList>
<Loc EndOffset="752" SrcFileId="1" StartOffset="704"/>
</LocList>
</BasicStmnt>
<BasicStmnt CovItemId="S11" CovItemPrefix="csse376_puerto_rico.StartUpGameBoardGUI.java" Intrnl_Id="35">
<LocList>
<Loc EndOffset="770" SrcFileId="1" StartOffset="755"/>
</LocList>
</BasicStmnt>
<BasicStmnt CovItemId="S12" CovItemPrefix="csse376_puerto_rico.StartUpGameBoardGUI.java" Intrnl_Id="36">
<LocList>
<Loc EndOffset="788" SrcFileId="1" StartOffset="773"/>
</LocList>
</BasicStmnt>
<BasicStmnt CovItemId="S13" CovItemPrefix="csse376_puerto_rico.StartUpGameBoardGUI.java" Intrnl_Id="37">
<LocList>
<Loc EndOffset="806" SrcFileId="1" StartOffset="791"/>
</LocList>
</BasicStmnt>
<BasicStmnt CovItemId="S14" CovItemPrefix="csse376_puerto_rico.StartUpGameBoardGUI.java" Intrnl_Id="38">
<LocList>
<Loc EndOffset="855" SrcFileId="1" StartOffset="812"/>
</LocList>
</BasicStmnt>
<BasicStmnt CovItemId="S15" CovItemPrefix="csse376_puerto_rico.StartUpGameBoardGUI.java" Intrnl_Id="39">
<LocList>
<Loc EndOffset="930" SrcFileId="1" StartOffset="858"/>
</LocList>
</BasicStmnt>
<BasicStmnt CovItemId="S16" CovItemPrefix="csse376_puerto_rico.StartUpGameBoardGUI.java" Intrnl_Id="40">
<LocList>
<Loc EndOffset="955" SrcFileId="1" StartOffset="936"/>
</LocList>
</BasicStmnt>
<BasicStmnt CovItemId="S17" CovItemPrefix="csse376_puerto_rico.StartUpGameBoardGUI.java" Intrnl_Id="41">
<LocList>
<Loc EndOffset="977" SrcFileId="1" StartOffset="958"/>
</LocList>
</BasicStmnt>
<BasicStmnt CovItemId="S18" CovItemPrefix="csse376_puerto_rico.StartUpGameBoardGUI.java" Intrnl_Id="42">
<LocList>
<Loc EndOffset="999" SrcFileId="1" StartOffset="980"/>
</LocList>
</BasicStmnt>
<BasicStmnt CovItemId="S19" CovItemPrefix="csse376_puerto_rico.StartUpGameBoardGUI.java" Intrnl_Id="43">
<LocList>
<Loc EndOffset="1029" SrcFileId="1" StartOffset="1002"/>
</LocList>
</BasicStmnt>
<BasicStmnt CovItemId="S20" CovItemPrefix="csse376_puerto_rico.StartUpGameBoardGUI.java" Intrnl_Id="44">
<LocList>
<Loc EndOffset="1065" SrcFileId="1" StartOffset="1035"/>
</LocList>
</BasicStmnt>
</StmntSeq>
</HierarchyLvl>
</HierarchyLvl>
<HierarchyLvl HierarchyLvlId="2399" HierarchyLvlTypeId="16" Intrnl_Id="45" Name="PlayerRoles">
<Header>
<Loc EndOffset="184" SrcFileId="2" StartOffset="160"/>
</Header>
<LocList>
<Loc EndOffset="862" SrcFileId="2" StartOffset="160"/>
</LocList>
<StmntSeq Intrnl_Id="46">
<LocList>
<Loc EndOffset="236" SrcFileId="2" StartOffset="189"/>
<Loc EndOffset="286" SrcFileId="2" StartOffset="239"/>
<Loc EndOffset="340" SrcFileId="2" StartOffset="289"/>
<Loc EndOffset="388" SrcFileId="2" StartOffset="343"/>
<Loc EndOffset="438" SrcFileId="2" StartOffset="391"/>
<Loc EndOffset="494" SrcFileId="2" StartOffset="441"/>
<Loc EndOffset="540" SrcFileId="2" StartOffset="497"/>
</LocList>
<BasicStmnt CovItemId="S1" CovItemPrefix="csse376_puerto_rico.PlayerRoles.java" Intrnl_Id="47">
<LocList>
<Loc EndOffset="236" SrcFileId="2" StartOffset="189"/>
</LocList>
</BasicStmnt>
<BasicStmnt CovItemId="S2" CovItemPrefix="csse376_puerto_rico.PlayerRoles.java" Intrnl_Id="48">
<LocList>
<Loc EndOffset="286" SrcFileId="2" StartOffset="239"/>
</LocList>
</BasicStmnt>
<BasicStmnt CovItemId="S3" CovItemPrefix="csse376_puerto_rico.PlayerRoles.java" Intrnl_Id="49">
<LocList>
<Loc EndOffset="340" SrcFileId="2" StartOffset="289"/>
</LocList>
</BasicStmnt>
<BasicStmnt CovItemId="S4" CovItemPrefix="csse376_puerto_rico.PlayerRoles.java" Intrnl_Id="50">
<LocList>
<Loc EndOffset="388" SrcFileId="2" StartOffset="343"/>
</LocList>
</BasicStmnt>
<BasicStmnt CovItemId="S5" CovItemPrefix="csse376_puerto_rico.PlayerRoles.java" Intrnl_Id="51">
<LocList>
<Loc EndOffset="438" SrcFileId="2" StartOffset="391"/>
</LocList>
</BasicStmnt>
<BasicStmnt CovItemId="S6" CovItemPrefix="csse376_puerto_rico.PlayerRoles.java" Intrnl_Id="52">
<LocList>
<Loc EndOffset="494" SrcFileId="2" StartOffset="441"/>
</LocList>
</BasicStmnt>
<BasicStmnt CovItemId="S7" CovItemPrefix="csse376_puerto_rico.PlayerRoles.java" Intrnl_Id="53">
<LocList>
<Loc EndOffset="540" SrcFileId="2" StartOffset="497"/>
</LocList>
</BasicStmnt>
</StmntSeq>
<HierarchyLvl HierarchyLvlId="2397" HierarchyLvlTypeId="17" Intrnl_Id="54" Name="PlayerRoles">
<Header>
<Loc EndOffset="566" SrcFileId="2" StartOffset="545"/>
</Header>
<LocList>
<Loc EndOffset="595" SrcFileId="2" StartOffset="545"/>
</LocList>
</HierarchyLvl>
<HierarchyLvl HierarchyLvlId="2398" HierarchyLvlTypeId="17" Intrnl_Id="55" Name="getValues">
<Header>
<Loc EndOffset="638" SrcFileId="2" StartOffset="600"/>
</Header>
<LocList>
<Loc EndOffset="859" SrcFileId="2" StartOffset="600"/>
</LocList>
<StmntSeq Intrnl_Id="56">
<LocList>
<Loc EndOffset="687" SrcFileId="2" StartOffset="644"/>
<Loc EndOffset="710" SrcFileId="2" StartOffset="693"/>
<Loc EndOffset="731" SrcFileId="2" StartOffset="714"/>
<Loc EndOffset="754" SrcFileId="2" StartOffset="735"/>
<Loc EndOffset="774" SrcFileId="2" StartOffset="758"/>
<Loc EndOffset="795" SrcFileId="2" StartOffset="778"/>
<Loc EndOffset="819" SrcFileId="2" StartOffset="799"/>
<Loc EndOffset="838" SrcFileId="2" StartOffset="823"/>
<Loc EndOffset="855" SrcFileId="2" StartOffset="844"/>
</LocList>
<BasicStmnt CovItemId="S8" CovItemPrefix="csse376_puerto_rico.PlayerRoles.java" Intrnl_Id="57">
<LocList>
<Loc EndOffset="687" SrcFileId="2" StartOffset="644"/>
</LocList>
</BasicStmnt>
<BasicStmnt CovItemId="S9" CovItemPrefix="csse376_puerto_rico.PlayerRoles.java" Intrnl_Id="58">
<LocList>
<Loc EndOffset="710" SrcFileId="2" StartOffset="693"/>
</LocList>
</BasicStmnt>
<BasicStmnt CovItemId="S10" CovItemPrefix="csse376_puerto_rico.PlayerRoles.java" Intrnl_Id="59">
<LocList>
<Loc EndOffset="731" SrcFileId="2" StartOffset="714"/>
</LocList>
</BasicStmnt>
<BasicStmnt CovItemId="S11" CovItemPrefix="csse376_puerto_rico.PlayerRoles.java" Intrnl_Id="60">
<LocList>
<Loc EndOffset="754" SrcFileId="2" StartOffset="735"/>
</LocList>
</BasicStmnt>
<BasicStmnt CovItemId="S12" CovItemPrefix="csse376_puerto_rico.PlayerRoles.java" Intrnl_Id="61">
<LocList>
<Loc EndOffset="774" SrcFileId="2" StartOffset="758"/>
</LocList>
</BasicStmnt>
<BasicStmnt CovItemId="S13" CovItemPrefix="csse376_puerto_rico.PlayerRoles.java" Intrnl_Id="62">
<LocList>
<Loc EndOffset="795" SrcFileId="2" StartOffset="778"/>
</LocList>
</BasicStmnt>
<BasicStmnt CovItemId="S14" CovItemPrefix="csse376_puerto_rico.PlayerRoles.java" Intrnl_Id="63">
<LocList>
<Loc EndOffset="819" SrcFileId="2" StartOffset="799"/>
</LocList>
</BasicStmnt>
<BasicStmnt CovItemId="S15" CovItemPrefix="csse376_puerto_rico.PlayerRoles.java" Intrnl_Id="64">
<LocList>
<Loc EndOffset="838" SrcFileId="2" StartOffset="823"/>
</LocList>
</BasicStmnt>
<BasicStmnt CovItemId="S16" CovItemPrefix="csse376_puerto_rico.PlayerRoles.java" Intrnl_Id="65">
<LocList>
<Loc EndOffset="855" SrcFileId="2" StartOffset="844"/>
</LocList>
</BasicStmnt>
</StmntSeq>
</HierarchyLvl>
</HierarchyLvl>
<HierarchyLvl HierarchyLvlId="2431" HierarchyLvlTypeId="16" Intrnl_Id="66" Name="Player">
<Header>
<Loc EndOffset="242" SrcFileId="3" StartOffset="223"/>
</Header>
<LocList>
<Loc EndOffset="495" SrcFileId="3" StartOffset="223"/>
<Loc EndOffset="771" SrcFileId="3" StartOffset="766"/>
<Loc EndOffset="5720" SrcFileId="3" StartOffset="975"/>
</LocList>
<StmntSeq Intrnl_Id="67">
<LocList>
<Loc EndOffset="419" SrcFileId="3" StartOffset="396"/>
<Loc EndOffset="490" SrcFileId="3" StartOffset="424"/>
<Loc EndOffset="1052" SrcFileId="3" StartOffset="980"/>
<Loc EndOffset="1127" SrcFileId="3" StartOffset="1055"/>
<Loc EndOffset="1190" SrcFileId="3" StartOffset="1130"/>
</LocList>
<BasicStmnt CovItemId="S1" CovItemPrefix="csse376_puerto_rico.Player.java" Intrnl_Id="68">
<LocList>
<Loc EndOffset="419" SrcFileId="3" StartOffset="396"/>
</LocList>
</BasicStmnt>
<BasicStmnt CovItemId="S2" CovItemPrefix="csse376_puerto_rico.Player.java" Intrnl_Id="69">
<LocList>
<Loc EndOffset="490" SrcFileId="3" StartOffset="424"/>
</LocList>
</BasicStmnt>
<BasicStmnt CovItemId="S5" CovItemPrefix="csse376_puerto_rico.Player.java" Intrnl_Id="70">
<LocList>
<Loc EndOffset="1052" SrcFileId="3" StartOffset="980"/>
</LocList>
</BasicStmnt>
<BasicStmnt CovItemId="S6" CovItemPrefix="csse376_puerto_rico.Player.java" Intrnl_Id="71">
<LocList>
<Loc EndOffset="1127" SrcFileId="3" StartOffset="1055"/>
</LocList>
</BasicStmnt>
<BasicStmnt CovItemId="S7" CovItemPrefix="csse376_puerto_rico.Player.java" Intrnl_Id="72">
<LocList>
<Loc EndOffset="1190" SrcFileId="3" StartOffset="1130"/>
</LocList>
</BasicStmnt>
</StmntSeq>
<HierarchyLvl HierarchyLvlId="2400" HierarchyLvlTypeId="16" Intrnl_Id="73" Name="Good">
<Header>
<Loc EndOffset="519" SrcFileId="3" StartOffset="495"/>
</Header>
<LocList>
<Loc EndOffset="766" SrcFileId="3" StartOffset="495"/>
</LocList>
</HierarchyLvl>
<HierarchyLvl HierarchyLvlId="2402" HierarchyLvlTypeId="16" Intrnl_Id="74" Name="Plantation">
<Header>
<Loc EndOffset="801" SrcFileId="3" StartOffset="771"/>
</Header>
<LocList>
<Loc EndOffset="975" SrcFileId="3" StartOffset="771"/>
</LocList>
<HierarchyLvl HierarchyLvlId="2401" HierarchyLvlTypeId="17" Intrnl_Id="75" Name="Plantation">
<Header>
<Loc EndOffset="910" SrcFileId="3" StartOffset="861"/>
</Header>
<LocList>
<Loc EndOffset="971" SrcFileId="3" StartOffset="861"/>
</LocList>
<StmntSeq Intrnl_Id="76">
<LocList>
<Loc EndOffset="934" SrcFileId="3" StartOffset="917"/>
<Loc EndOffset="966" SrcFileId="3" StartOffset="939"/>
</LocList>
<BasicStmnt CovItemId="S3" CovItemPrefix="csse376_puerto_rico.Player.java" Intrnl_Id="77">
<LocList>
<Loc EndOffset="934" SrcFileId="3" StartOffset="917"/>
</LocList>
</BasicStmnt>
<BasicStmnt CovItemId="S4" CovItemPrefix="csse376_puerto_rico.Player.java" Intrnl_Id="78">
<LocList>
<Loc EndOffset="966" SrcFileId="3" StartOffset="939"/>
</LocList>
</BasicStmnt>
</StmntSeq>
</HierarchyLvl>
</HierarchyLvl>
<HierarchyLvl HierarchyLvlId="2403" HierarchyLvlTypeId="17" Intrnl_Id="79" Name="Player">
<Header>
<Loc EndOffset="1249" SrcFileId="3" StartOffset="1234"/>
</Header>
<LocList>
<Loc EndOffset="1446" SrcFileId="3" StartOffset="1234"/>
</LocList>
<StmntSeq Intrnl_Id="80">
<LocList>
<Loc EndOffset="1274" SrcFileId="3" StartOffset="1255"/>
<Loc EndOffset="1292" SrcFileId="3" StartOffset="1278"/>
<Loc EndOffset="1311" SrcFileId="3" StartOffset="1296"/>
<Loc EndOffset="1339" SrcFileId="3" StartOffset="1315"/>
<Loc EndOffset="1370" SrcFileId="3" StartOffset="1343"/>
<Loc EndOffset="1442" SrcFileId="3" StartOffset="1374"/>
</LocList>
<BasicStmnt CovItemId="S8" CovItemPrefix="csse376_puerto_rico.Player.java" Intrnl_Id="81">
<LocList>
<Loc EndOffset="1274" SrcFileId="3" StartOffset="1255"/>
</LocList>
</BasicStmnt>
<BasicStmnt CovItemId="S9" CovItemPrefix="csse376_puerto_rico.Player.java" Intrnl_Id="82">
<LocList>
<Loc EndOffset="1292" SrcFileId="3" StartOffset="1278"/>
</LocList>
</BasicStmnt>
<BasicStmnt CovItemId="S10" CovItemPrefix="csse376_puerto_rico.Player.java" Intrnl_Id="83">
<LocList>
<Loc EndOffset="1311" SrcFileId="3" StartOffset="1296"/>
</LocList>
</BasicStmnt>
<BasicStmnt CovItemId="S11" CovItemPrefix="csse376_puerto_rico.Player.java" Intrnl_Id="84">
<LocList>
<Loc EndOffset="1339" SrcFileId="3" StartOffset="1315"/>
</LocList>
</BasicStmnt>
<BasicStmnt CovItemId="S12" CovItemPrefix="csse376_puerto_rico.Player.java" Intrnl_Id="85">
<LocList>
<Loc EndOffset="1370" SrcFileId="3" StartOffset="1343"/>
</LocList>
</BasicStmnt>
<LoopStmnt CovItemId="S13" CovItemPrefix="csse376_puerto_rico.Player.java" Intrnl_Id="86" MltplExecId="L1-2" MltplExecPrefix="csse376_puerto_rico.Player.java" NvrExecId="L1-0" NvrExecPrefix="csse376_puerto_rico.Player.java" OnceExecutedId="L1-1" OnceExecutedPrefix="csse376_puerto_rico.Player.java" OptBodyExec="true">
<StmntSeq Intrnl_Id="87">
<LocList>
<Loc EndOffset="1437" SrcFileId="3" StartOffset="1416"/>
</LocList>
<BasicStmnt CovItemId="S14" CovItemPrefix="csse376_puerto_rico.Player.java" Intrnl_Id="88">
<LocList>
<Loc EndOffset="1437" SrcFileId="3" StartOffset="1416"/>
</LocList>
</BasicStmnt>
</StmntSeq>
<Keyword EndOffset="1377" SrcFileId="3" StartOffset="1374"/>
<LocList>
<Loc EndOffset="1442" SrcFileId="3" StartOffset="1374"/>
</LocList>
</LoopStmnt>
</StmntSeq>
</HierarchyLvl>
<HierarchyLvl HierarchyLvlId="2404" HierarchyLvlTypeId="17" Intrnl_Id="89" Name="Player">
<Header>
<Loc EndOffset="1477" SrcFileId="3" StartOffset="1451"/>
</Header>
<LocList>
<Loc EndOffset="1671" SrcFileId="3" StartOffset="1451"/>
</LocList>
<StmntSeq Intrnl_Id="90">
<LocList>
<Loc EndOffset="1500" SrcFileId="3" StartOffset="1483"/>
<Loc EndOffset="1523" SrcFileId="3" StartOffset="1504"/>
<Loc EndOffset="1551" SrcFileId="3" StartOffset="1527"/>
<Loc EndOffset="1575" SrcFileId="3" StartOffset="1555"/>
<Loc EndOffset="1595" SrcFileId="3" StartOffset="1579"/>
<Loc EndOffset="1667" SrcFileId="3" StartOffset="1599"/>
</LocList>
<BasicStmnt CovItemId="S15" CovItemPrefix="csse376_puerto_rico.Player.java" Intrnl_Id="91">
<LocList>
<Loc EndOffset="1500" SrcFileId="3" StartOffset="1483"/>
</LocList>
</BasicStmnt>
<BasicStmnt CovItemId="S16" CovItemPrefix="csse376_puerto_rico.Player.java" Intrnl_Id="92">
<LocList>
<Loc EndOffset="1523" SrcFileId="3" StartOffset="1504"/>
</LocList>
</BasicStmnt>
<BasicStmnt CovItemId="S17" CovItemPrefix="csse376_puerto_rico.Player.java" Intrnl_Id="93">
<LocList>
<Loc EndOffset="1551" SrcFileId="3" StartOffset="1527"/>
</LocList>
</BasicStmnt>
<BasicStmnt CovItemId="S18" CovItemPrefix="csse376_puerto_rico.Player.java" Intrnl_Id="94">
<LocList>
<Loc EndOffset="1575" SrcFileId="3" StartOffset="1555"/>
</LocList>
</BasicStmnt>
<BasicStmnt CovItemId="S19" CovItemPrefix="csse376_puerto_rico.Player.java" Intrnl_Id="95">
<LocList>
<Loc EndOffset="1595" SrcFileId="3" StartOffset="1579"/>
</LocList>
</BasicStmnt>
<LoopStmnt CovItemId="S20" CovItemPrefix="csse376_puerto_rico.Player.java" Intrnl_Id="96" MltplExecId="L2-2" MltplExecPrefix="csse376_puerto_rico.Player.java" NvrExecId="L2-0" NvrExecPrefix="csse376_puerto_rico.Player.java" OnceExecutedId="L2-1" OnceExecutedPrefix="csse376_puerto_rico.Player.java" OptBodyExec="true">
<StmntSeq Intrnl_Id="97">
<LocList>
<Loc EndOffset="1662" SrcFileId="3" StartOffset="1641"/>
</LocList>
<BasicStmnt CovItemId="S21" CovItemPrefix="csse376_puerto_rico.Player.java" Intrnl_Id="98">
<LocList>
<Loc EndOffset="1662" SrcFileId="3" StartOffset="1641"/>
</LocList>
</BasicStmnt>
</StmntSeq>
<Keyword EndOffset="1602" SrcFileId="3" StartOffset="1599"/>
<LocList>
<Loc EndOffset="1667" SrcFileId="3" StartOffset="1599"/>
</LocList>
</LoopStmnt>
</StmntSeq>
</HierarchyLvl>
<HierarchyLvl HierarchyLvlId="2405" HierarchyLvlTypeId="17" Intrnl_Id="99" Name="setPlayerNum">
<Header>
<Loc EndOffset="1707" SrcFileId="3" StartOffset="1676"/>
</Header>
<LocList>
<Loc EndOffset="1733" SrcFileId="3" StartOffset="1676"/>
</LocList>
<StmntSeq Intrnl_Id="100">
<LocList>
<Loc EndOffset="1727" SrcFileId="3" StartOffset="1713"/>
</LocList>
<BasicStmnt CovItemId="S22" CovItemPrefix="csse376_puerto_rico.Player.java" Intrnl_Id="101">
<LocList>
<Loc EndOffset="1727" SrcFileId="3" StartOffset="1713"/>
</LocList>
</BasicStmnt>
</StmntSeq>
</HierarchyLvl>
<HierarchyLvl HierarchyLvlId="2406" HierarchyLvlTypeId="17" Intrnl_Id="102" Name="getPlayerNum">
<Header>
<Loc EndOffset="1763" SrcFileId="3" StartOffset="1738"/>
</Header>
<LocList>
<Loc EndOffset="1790" SrcFileId="3" StartOffset="1738"/>
</LocList>
<StmntSeq Intrnl_Id="103">
<LocList>
<Loc EndOffset="1786" SrcFileId="3" StartOffset="1769"/>
</LocList>
<BasicStmnt CovItemId="S23" CovItemPrefix="csse376_puerto_rico.Player.java" Intrnl_Id="104">
<LocList>
<Loc EndOffset="1786" SrcFileId="3" StartOffset="1769"/>
</LocList>
</BasicStmnt>
</StmntSeq>
</HierarchyLvl>
<HierarchyLvl HierarchyLvlId="2407" HierarchyLvlTypeId="17" Intrnl_Id="105" Name="getRole">
<Header>
<Loc EndOffset="1818" SrcFileId="3" StartOffset="1795"/>
</Header>
<LocList>
<Loc EndOffset="1845" SrcFileId="3" StartOffset="1795"/>
</LocList>
<StmntSeq Intrnl_Id="106">
<LocList>
<Loc EndOffset="1841" SrcFileId="3" StartOffset="1824"/>
</LocList>
<BasicStmnt CovItemId="S24" CovItemPrefix="csse376_puerto_rico.Player.java" Intrnl_Id="107">
<LocList>
<Loc EndOffset="1841" SrcFileId="3" StartOffset="1824"/>
</LocList>
</BasicStmnt>
</StmntSeq>
</HierarchyLvl>
<HierarchyLvl HierarchyLvlId="2408" HierarchyLvlTypeId="17" Intrnl_Id="108" Name="getRoles">
<Header>
<Loc EndOffset="1887" SrcFileId="3" StartOffset="1850"/>
</Header>
<LocList>
<Loc EndOffset="1912" SrcFileId="3" StartOffset="1850"/>
</LocList>
<StmntSeq Intrnl_Id="109">
<LocList>
<Loc EndOffset="1908" SrcFileId="3" StartOffset="1895"/>
</LocList>
<BasicStmnt CovItemId="S25" CovItemPrefix="csse376_puerto_rico.Player.java" Intrnl_Id="110">
<LocList>
<Loc EndOffset="1908" SrcFileId="3" StartOffset="1895"/>
</LocList>
</BasicStmnt>
</StmntSeq>
</HierarchyLvl>
<HierarchyLvl HierarchyLvlId="2409" HierarchyLvlTypeId="17" Intrnl_Id="111" Name="getPoints">
<Header>
<Loc EndOffset="1939" SrcFileId="3" StartOffset="1917"/>
</Header>
<LocList>
<Loc EndOffset="1963" SrcFileId="3" StartOffset="1917"/>
</LocList>
<StmntSeq Intrnl_Id="112">
<LocList>
<Loc EndOffset="1959" SrcFileId="3" StartOffset="1945"/>
</LocList>
<BasicStmnt CovItemId="S26" CovItemPrefix="csse376_puerto_rico.Player.java" Intrnl_Id="113">
<LocList>
<Loc EndOffset="1959" SrcFileId="3" StartOffset="1945"/>
</LocList>
</BasicStmnt>
</StmntSeq>
</HierarchyLvl>
<HierarchyLvl HierarchyLvlId="2410" HierarchyLvlTypeId="17" Intrnl_Id="114" Name="getHUD">
<Header>
<Loc EndOffset="1993" SrcFileId="3" StartOffset="1968"/>
</Header>
<LocList>
<Loc EndOffset="2019" SrcFileId="3" StartOffset="1968"/>
</LocList>
<StmntSeq Intrnl_Id="115">
<LocList>
<Loc EndOffset="2015" SrcFileId="3" StartOffset="1999"/>
</LocList>
<BasicStmnt CovItemId="S27" CovItemPrefix="csse376_puerto_rico.Player.java" Intrnl_Id="116">
<LocList>
<Loc EndOffset="2015" SrcFileId="3" StartOffset="1999"/>
</LocList>
</BasicStmnt>
</StmntSeq>
</HierarchyLvl>
<HierarchyLvl HierarchyLvlId="2411" HierarchyLvlTypeId="17" Intrnl_Id="117" Name="setHUD">
<Header>
<Loc EndOffset="2057" SrcFileId="3" StartOffset="2024"/>
</Header>
<LocList>
<Loc EndOffset="2082" SrcFileId="3" StartOffset="2024"/>
</LocList>
<StmntSeq Intrnl_Id="118">
<LocList>
<Loc EndOffset="2078" SrcFileId="3" StartOffset="2063"/>
</LocList>
<BasicStmnt CovItemId="S28" CovItemPrefix="csse376_puerto_rico.Player.java" Intrnl_Id="119">
<LocList>
<Loc EndOffset="2078" SrcFileId="3" StartOffset="2063"/>
</LocList>
</BasicStmnt>
</StmntSeq>
</HierarchyLvl>
<HierarchyLvl HierarchyLvlId="2412" HierarchyLvlTypeId="17" Intrnl_Id="120" Name="isGovernor">
<Header>
<Loc EndOffset="2114" SrcFileId="3" StartOffset="2087"/>
</Header>
<LocList>
<Loc EndOffset="2142" SrcFileId="3" StartOffset="2087"/>
</LocList>
<StmntSeq Intrnl_Id="121">
<LocList>
<Loc EndOffset="2138" SrcFileId="3" StartOffset="2120"/>
</LocList>
<BasicStmnt CovItemId="S29" CovItemPrefix="csse376_puerto_rico.Player.java" Intrnl_Id="122">
<LocList>
<Loc EndOffset="2138" SrcFileId="3" StartOffset="2120"/>
</LocList>
</BasicStmnt>
</StmntSeq>
</HierarchyLvl>
<HierarchyLvl HierarchyLvlId="2413" HierarchyLvlTypeId="17" Intrnl_Id="123" Name="addPoints">
<Header>
<Loc EndOffset="2182" SrcFileId="3" StartOffset="2147"/>
</Header>
<LocList>
<Loc EndOffset="2229" SrcFileId="3" StartOffset="2147"/>
</LocList>
<StmntSeq Intrnl_Id="124">
<LocList>
<Loc EndOffset="2225" SrcFileId="3" StartOffset="2188"/>
</LocList>
<BasicStmnt CovItemId="S30" CovItemPrefix="csse376_puerto_rico.Player.java" Intrnl_Id="125">
<LocList>
<Loc EndOffset="2225" SrcFileId="3" StartOffset="2188"/>
</LocList>
</BasicStmnt>
</StmntSeq>
</HierarchyLvl>
<HierarchyLvl HierarchyLvlId="2414" HierarchyLvlTypeId="17" Intrnl_Id="126" Name="setPoints">
<Header>
<Loc EndOffset="2284" SrcFileId="3" StartOffset="2251"/>
</Header>
<LocList>
<Loc EndOffset="2364" SrcFileId="3" StartOffset="2251"/>
</LocList>
<StmntSeq Intrnl_Id="127">
<LocList>
<Loc EndOffset="2360" SrcFileId="3" StartOffset="2339"/>
</LocList>
<BasicStmnt CovItemId="S31" CovItemPrefix="csse376_puerto_rico.Player.java" Intrnl_Id="128">
<LocList>
<Loc EndOffset="2360" SrcFileId="3" StartOffset="2339"/>
</LocList>
</BasicStmnt>
</StmntSeq>
</HierarchyLvl>
<HierarchyLvl HierarchyLvlId="2415" HierarchyLvlTypeId="17" Intrnl_Id="129" Name="setRole">
<Header>
<Loc EndOffset="2403" SrcFileId="3" StartOffset="2369"/>
</Header>
<LocList>
<Loc EndOffset="2432" SrcFileId="3" StartOffset="2369"/>
</LocList>
<StmntSeq Intrnl_Id="130">
<LocList>
<Loc EndOffset="2428" SrcFileId="3" StartOffset="2409"/>
</LocList>
<BasicStmnt CovItemId="S32" CovItemPrefix="csse376_puerto_rico.Player.java" Intrnl_Id="131">
<LocList>
<Loc EndOffset="2428" SrcFileId="3" StartOffset="2409"/>
</LocList>
</BasicStmnt>
</StmntSeq>
</HierarchyLvl>
<HierarchyLvl HierarchyLvlId="2416" HierarchyLvlTypeId="17" Intrnl_Id="132" Name="addBuilding">
<Header>
<Loc EndOffset="2479" SrcFileId="3" StartOffset="2437"/>
</Header>
<LocList>
<Loc EndOffset="2513" SrcFileId="3" StartOffset="2437"/>
</LocList>
<StmntSeq Intrnl_Id="133">
<LocList>
<Loc EndOffset="2509" SrcFileId="3" StartOffset="2485"/>
</LocList>
<BasicStmnt CovItemId="S33" CovItemPrefix="csse376_puerto_rico.Player.java" Intrnl_Id="134">
<LocList>
<Loc EndOffset="2509" SrcFileId="3" StartOffset="2485"/>
</LocList>
</BasicStmnt>
</StmntSeq>
</HierarchyLvl>
<HierarchyLvl HierarchyLvlId="2417" HierarchyLvlTypeId="17" Intrnl_Id="135" Name="getBuildingsStringList">
<Header>
<Loc EndOffset="2567" SrcFileId="3" StartOffset="2518"/>
</Header>
<LocList>
<Loc EndOffset="2705" SrcFileId="3" StartOffset="2518"/>
</LocList>
<StmntSeq Intrnl_Id="136">
<LocList>
<Loc EndOffset="2621" SrcFileId="3" StartOffset="2573"/>
<Loc EndOffset="2686" SrcFileId="3" StartOffset="2625"/>
<Loc EndOffset="2701" SrcFileId="3" StartOffset="2690"/>
</LocList>
<BasicStmnt CovItemId="S34" CovItemPrefix="csse376_puerto_rico.Player.java" Intrnl_Id="137">
<LocList>
<Loc EndOffset="2621" SrcFileId="3" StartOffset="2573"/>
</LocList>
</BasicStmnt>
<LoopStmnt CovItemId="S35" CovItemPrefix="csse376_puerto_rico.Player.java" Intrnl_Id="138" MltplExecId="L3-2" MltplExecPrefix="csse376_puerto_rico.Player.java" NvrExecId="L3-0" NvrExecPrefix="csse376_puerto_rico.Player.java" OnceExecutedId="L3-1" OnceExecutedPrefix="csse376_puerto_rico.Player.java" OptBodyExec="true">
<StmntSeq Intrnl_Id="139">
<LocList>
<Loc EndOffset="2681" SrcFileId="3" StartOffset="2665"/>
</LocList>
<BasicStmnt CovItemId="S36" CovItemPrefix="csse376_puerto_rico.Player.java" Intrnl_Id="140">
<LocList>
<Loc EndOffset="2681" SrcFileId="3" StartOffset="2665"/>
</LocList>
</BasicStmnt>
</StmntSeq>
<Keyword EndOffset="2628" SrcFileId="3" StartOffset="2625"/>
<LocList>
<Loc EndOffset="2686" SrcFileId="3" StartOffset="2625"/>
</LocList>
</LoopStmnt>
<BasicStmnt CovItemId="S37" CovItemPrefix="csse376_puerto_rico.Player.java" Intrnl_Id="141">
<LocList>
<Loc EndOffset="2701" SrcFileId="3" StartOffset="2690"/>
</LocList>
</BasicStmnt>
</StmntSeq>
</HierarchyLvl>
<HierarchyLvl HierarchyLvlId="2418" HierarchyLvlTypeId="17" Intrnl_Id="142" Name="getBuildings">
<Header>
<Loc EndOffset="2751" SrcFileId="3" StartOffset="2710"/>
</Header>
<LocList>
<Loc EndOffset="2783" SrcFileId="3" StartOffset="2710"/>
</LocList>
<StmntSeq Intrnl_Id="143">
<LocList>
<Loc EndOffset="2779" SrcFileId="3" StartOffset="2757"/>
</LocList>
<BasicStmnt CovItemId="S38" CovItemPrefix="csse376_puerto_rico.Player.java" Intrnl_Id="144">
<LocList>
<Loc EndOffset="2779" SrcFileId="3" StartOffset="2757"/>
</LocList>
</BasicStmnt>
</StmntSeq>
</HierarchyLvl>
<HierarchyLvl HierarchyLvlId="2419" HierarchyLvlTypeId="17" Intrnl_Id="145" Name="getGoods">
<Header>
<Loc EndOffset="2818" SrcFileId="3" StartOffset="2788"/>
</Header>
<LocList>
<Loc EndOffset="3364" SrcFileId="3" StartOffset="2788"/>
</LocList>
<StmntSeq Intrnl_Id="146">
<LocList>
<Loc EndOffset="2873" SrcFileId="3" StartOffset="2830"/>
<Loc EndOffset="2957" SrcFileId="3" StartOffset="2877"/>
<Loc EndOffset="3044" SrcFileId="3" StartOffset="2961"/>
<Loc EndOffset="3117" SrcFileId="3" StartOffset="3048"/>
<Loc EndOffset="3193" SrcFileId="3" StartOffset="3121"/>
<Loc EndOffset="3277" SrcFileId="3" StartOffset="3197"/>
<Loc EndOffset="3345" SrcFileId="3" StartOffset="3281"/>
<Loc EndOffset="3360" SrcFileId="3" StartOffset="3349"/>
</LocList>
<BasicStmnt CovItemId="S39" CovItemPrefix="csse376_puerto_rico.Player.java" Intrnl_Id="147">
<LocList>
<Loc EndOffset="2873" SrcFileId="3" StartOffset="2830"/>
</LocList>
</BasicStmnt>
<BasicStmnt CovItemId="S40" CovItemPrefix="csse376_puerto_rico.Player.java" Intrnl_Id="148">
<LocList>
<Loc EndOffset="2957" SrcFileId="3" StartOffset="2877"/>
</LocList>
</BasicStmnt>
<BasicStmnt CovItemId="S41" CovItemPrefix="csse376_puerto_rico.Player.java" Intrnl_Id="149">
<LocList>
<Loc EndOffset="3044" SrcFileId="3" StartOffset="2961"/>
</LocList>
</BasicStmnt>
<BasicStmnt CovItemId="S42" CovItemPrefix="csse376_puerto_rico.Player.java" Intrnl_Id="150">
<LocList>
<Loc EndOffset="3117" SrcFileId="3" StartOffset="3048"/>
</LocList>
</BasicStmnt>
<BasicStmnt CovItemId="S43" CovItemPrefix="csse376_puerto_rico.Player.java" Intrnl_Id="151">
<LocList>
<Loc EndOffset="3193" SrcFileId="3" StartOffset="3121"/>
</LocList>
</BasicStmnt>
<BasicStmnt CovItemId="S44" CovItemPrefix="csse376_puerto_rico.Player.java" Intrnl_Id="152">
<LocList>
<Loc EndOffset="3277" SrcFileId="3" StartOffset="3197"/>
</LocList>
</BasicStmnt>
<BasicStmnt CovItemId="S45" CovItemPrefix="csse376_puerto_rico.Player.java" Intrnl_Id="153">
<LocList>
<Loc EndOffset="3345" SrcFileId="3" StartOffset="3281"/>
</LocList>
</BasicStmnt>
<BasicStmnt CovItemId="S46" CovItemPrefix="csse376_puerto_rico.Player.java" Intrnl_Id="154">
<LocList>
<Loc EndOffset="3360" SrcFileId="3" StartOffset="3349"/>
</LocList>
</BasicStmnt>
</StmntSeq>
</HierarchyLvl>
<HierarchyLvl HierarchyLvlId="2420" HierarchyLvlTypeId="17" Intrnl_Id="155" Name="getNumberOfGood">
<Header>
<Loc EndOffset="3408" SrcFileId="3" StartOffset="3369"/>
</Header>
<LocList>
<Loc EndOffset="3549" SrcFileId="3" StartOffset="3369"/>
</LocList>
<StmntSeq Intrnl_Id="156">
<LocList>
<Loc EndOffset="3511" SrcFileId="3" StartOffset="3457"/>
<Loc EndOffset="3543" SrcFileId="3" StartOffset="3515"/>
</LocList>
<CondStmnt CovItemId="S47" CovItemPrefix="csse376_puerto_rico.Player.java" Intrnl_Id="157">
<Branch CovItemId="B1" CovItemPrefix="csse376_puerto_rico.Player.java" Implct="false" Intrnl_Id="158">
<Cond/>
<LocList>
<Loc EndOffset="3511" SrcFileId="3" StartOffset="3491"/>
</LocList>
<StmntSeq Intrnl_Id="159">
<LocList>
<Loc EndOffset="3506" SrcFileId="3" StartOffset="3497"/>
</LocList>
<BasicStmnt CovItemId="S48" CovItemPrefix="csse376_puerto_rico.Player.java" Intrnl_Id="160">
<LocList>
<Loc EndOffset="3506" SrcFileId="3" StartOffset="3497"/>
</LocList>
</BasicStmnt>
</StmntSeq>
</Branch>
<Branch CovItemId="B2" CovItemPrefix="csse376_puerto_rico.Player.java" Implct="true" Intrnl_Id="161">
<Cond/>
<LocList/>
<StmntSeq Intrnl_Id="162">
<LocList/>
</StmntSeq>
</Branch>
<Keyword EndOffset="3459" SrcFileId="3" StartOffset="3457"/>
<LocList>
<Loc EndOffset="3511" SrcFileId="3" StartOffset="3457"/>
</LocList>
<RootTerm CovItemId="C1" CovItemPrefix="csse376_puerto_rico.Player.java" Intrnl_Id="163">
<BasicBoolTerm Intrnl_Id="164">
<LocList>
<Loc EndOffset="3489" SrcFileId="3" StartOffset="3461"/>
</LocList>
</BasicBoolTerm>
</RootTerm>
</CondStmnt>
<BasicStmnt CovItemId="S49" CovItemPrefix="csse376_puerto_rico.Player.java" Intrnl_Id="165">
<LocList>
<Loc EndOffset="3543" SrcFileId="3" StartOffset="3515"/>
</LocList>
</BasicStmnt>
</StmntSeq>
</HierarchyLvl>
<HierarchyLvl HierarchyLvlId="2421" HierarchyLvlTypeId="17" Intrnl_Id="166" Name="getAllGoods">
<Header>
<Loc EndOffset="3587" SrcFileId="3" StartOffset="3554"/>
</Header>
<LocList>
<Loc EndOffset="3753" SrcFileId="3" StartOffset="3554"/>
</LocList>
<StmntSeq Intrnl_Id="167">
<LocList>
<Loc EndOffset="3636" SrcFileId="3" StartOffset="3593"/>
<Loc EndOffset="3734" SrcFileId="3" StartOffset="3640"/>
<Loc EndOffset="3749" SrcFileId="3" StartOffset="3738"/>
</LocList>
<BasicStmnt CovItemId="S50" CovItemPrefix="csse376_puerto_rico.Player.java" Intrnl_Id="168">
<LocList>
<Loc EndOffset="3636" SrcFileId="3" StartOffset="3593"/>
</LocList>
</BasicStmnt>
<BasicStmnt CovItemId="S51" CovItemPrefix="csse376_puerto_rico.Player.java" Intrnl_Id="169">
<LocList>
<Loc EndOffset="3734" SrcFileId="3" StartOffset="3640"/>
</LocList>
</BasicStmnt>
<BasicStmnt CovItemId="S52" CovItemPrefix="csse376_puerto_rico.Player.java" Intrnl_Id="170">
<LocList>
<Loc EndOffset="3749" SrcFileId="3" StartOffset="3738"/>
</LocList>
</BasicStmnt>
</StmntSeq>
</HierarchyLvl>
<HierarchyLvl HierarchyLvlId="2422" HierarchyLvlTypeId="17" Intrnl_Id="171" Name="addGood">
<Header>
<Loc EndOffset="3802" SrcFileId="3" StartOffset="3758"/>
</Header>
<LocList>
<Loc EndOffset="3902" SrcFileId="3" StartOffset="3758"/>
</LocList>
<StmntSeq Intrnl_Id="172">
<LocList>
<Loc EndOffset="3898" SrcFileId="3" StartOffset="3846"/>
</LocList>
<BasicStmnt CovItemId="S53" CovItemPrefix="csse376_puerto_rico.Player.java" Intrnl_Id="173">
<LocList>
<Loc EndOffset="3898" SrcFileId="3" StartOffset="3846"/>
</LocList>
</BasicStmnt>
</StmntSeq>
</HierarchyLvl>
<HierarchyLvl HierarchyLvlId="2423" HierarchyLvlTypeId="17" Intrnl_Id="174" Name="toString">
<Header>
<Loc EndOffset="3943" SrcFileId="3" StartOffset="3907"/>
</Header>
<LocList>
<Loc EndOffset="4836" SrcFileId="3" StartOffset="3907"/>
</LocList>
<StmntSeq Intrnl_Id="175">
<LocList>
<Loc EndOffset="3965" SrcFileId="3" StartOffset="3949"/>
<Loc EndOffset="3994" SrcFileId="3" StartOffset="3969"/>
<Loc EndOffset="4044" SrcFileId="3" StartOffset="3998"/>
<Loc EndOffset="4075" SrcFileId="3" StartOffset="4048"/>
<Loc EndOffset="4201" SrcFileId="3" StartOffset="4079"/>
<Loc EndOffset="4336" SrcFileId="3" StartOffset="4205"/>
<Loc EndOffset="4817" SrcFileId="3" StartOffset="4340"/>
<Loc EndOffset="4832" SrcFileId="3" StartOffset="4821"/>
</LocList>
<BasicStmnt CovItemId="S54" CovItemPrefix="csse376_puerto_rico.Player.java" Intrnl_Id="176">
<LocList>
<Loc EndOffset="3965" SrcFileId="3" StartOffset="3949"/>
</LocList>
</BasicStmnt>
<BasicStmnt CovItemId="S55" CovItemPrefix="csse376_puerto_rico.Player.java" Intrnl_Id="177">
<LocList>
<Loc EndOffset="3994" SrcFileId="3" StartOffset="3969"/>
</LocList>
</BasicStmnt>
<BasicStmnt CovItemId="S56" CovItemPrefix="csse376_puerto_rico.Player.java" Intrnl_Id="178">
<LocList>
<Loc EndOffset="4044" SrcFileId="3" StartOffset="3998"/>
</LocList>
</BasicStmnt>
<BasicStmnt CovItemId="S57" CovItemPrefix="csse376_puerto_rico.Player.java" Intrnl_Id="179">
<LocList>
<Loc EndOffset="4075" SrcFileId="3" StartOffset="4048"/>
</LocList>
</BasicStmnt>
<LoopStmnt CovItemId="S58" CovItemPrefix="csse376_puerto_rico.Player.java" Intrnl_Id="180" MltplExecId="L4-2" MltplExecPrefix="csse376_puerto_rico.Player.java" NvrExecId="L4-0" NvrExecPrefix="csse376_puerto_rico.Player.java" OnceExecutedId="L4-1" OnceExecutedPrefix="csse376_puerto_rico.Player.java" OptBodyExec="true">
<StmntSeq Intrnl_Id="181">
<LocList>
<Loc EndOffset="4196" SrcFileId="3" StartOffset="4133"/>
</LocList>
<BasicStmnt CovItemId="S59" CovItemPrefix="csse376_puerto_rico.Player.java" Intrnl_Id="182">
<LocList>
<Loc EndOffset="4196" SrcFileId="3" StartOffset="4133"/>
</LocList>
</BasicStmnt>
</StmntSeq>
<Keyword EndOffset="4082" SrcFileId="3" StartOffset="4079"/>
<LocList>
<Loc EndOffset="4201" SrcFileId="3" StartOffset="4079"/>
</LocList>
<RootTerm CovItemId="C2" CovItemPrefix="csse376_puerto_rico.Player.java" Intrnl_Id="183">
<BasicBoolTerm Intrnl_Id="184">
<LocList>
<Loc EndOffset="4120" SrcFileId="3" StartOffset="4095"/>
</LocList>
</BasicBoolTerm>
</RootTerm>
</LoopStmnt>
<LoopStmnt CovItemId="S60" CovItemPrefix="csse376_puerto_rico.Player.java" Intrnl_Id="185" MltplExecId="L5-2" MltplExecPrefix="csse376_puerto_rico.Player.java" NvrExecId="L5-0" NvrExecPrefix="csse376_puerto_rico.Player.java" OnceExecutedId="L5-1" OnceExecutedPrefix="csse376_puerto_rico.Player.java" OptBodyExec="true">
<StmntSeq Intrnl_Id="186">
<LocList>
<Loc EndOffset="4331" SrcFileId="3" StartOffset="4261"/>
</LocList>
<BasicStmnt CovItemId="S61" CovItemPrefix="csse376_puerto_rico.Player.java" Intrnl_Id="187">
<LocList>
<Loc EndOffset="4331" SrcFileId="3" StartOffset="4261"/>
</LocList>
</BasicStmnt>
</StmntSeq>
<Keyword EndOffset="4208" SrcFileId="3" StartOffset="4205"/>
<LocList>
<Loc EndOffset="4336" SrcFileId="3" StartOffset="4205"/>
</LocList>
<RootTerm CovItemId="C3" CovItemPrefix="csse376_puerto_rico.Player.java" Intrnl_Id="188">
<BasicBoolTerm Intrnl_Id="189">
<LocList>
<Loc EndOffset="4248" SrcFileId="3" StartOffset="4221"/>
</LocList>
</BasicBoolTerm>
</RootTerm>
</LoopStmnt>
<CondStmnt CovItemId="S62" CovItemPrefix="csse376_puerto_rico.Player.java" Intrnl_Id="190">
<Branch CovItemId="B3" CovItemPrefix="csse376_puerto_rico.Player.java" Implct="false" Intrnl_Id="191">
<Cond/>
<LocList>
<Loc EndOffset="4589" SrcFileId="3" StartOffset="4356"/>
</LocList>
<StmntSeq Intrnl_Id="192">
<LocList>
<Loc EndOffset="4584" SrcFileId="3" StartOffset="4362"/>
</LocList>
<BasicStmnt CovItemId="S63" CovItemPrefix="csse376_puerto_rico.Player.java" Intrnl_Id="193">
<LocList>
<Loc EndOffset="4584" SrcFileId="3" StartOffset="4362"/>
</LocList>
</BasicStmnt>
</StmntSeq>
</Branch>
<Branch CovItemId="B4" CovItemPrefix="csse376_puerto_rico.Player.java" Implct="false" Intrnl_Id="194">
<Cond>
<Loc EndOffset="4594" SrcFileId="3" StartOffset="4590"/>
</Cond>
<LocList>
<Loc EndOffset="4817" SrcFileId="3" StartOffset="4595"/>
</LocList>
<StmntSeq Intrnl_Id="195">
<LocList>
<Loc EndOffset="4812" SrcFileId="3" StartOffset="4601"/>
</LocList>
<BasicStmnt CovItemId="S64" CovItemPrefix="csse376_puerto_rico.Player.java" Intrnl_Id="196">
<LocList>
<Loc EndOffset="4812" SrcFileId="3" StartOffset="4601"/>
</LocList>
</BasicStmnt>
</StmntSeq>
</Branch>
<Keyword EndOffset="4342" SrcFileId="3" StartOffset="4340"/>
<LocList>
<Loc EndOffset="4817" SrcFileId="3" StartOffset="4340"/>
</LocList>
<RootTerm CovItemId="C4" CovItemPrefix="csse376_puerto_rico.Player.java" Intrnl_Id="197">
<BasicBoolTerm Intrnl_Id="198">
<LocList>
<Loc EndOffset="4354" SrcFileId="3" StartOffset="4344"/>
</LocList>
</BasicBoolTerm>
</RootTerm>
</CondStmnt>
<BasicStmnt CovItemId="S65" CovItemPrefix="csse376_puerto_rico.Player.java" Intrnl_Id="199">
<LocList>
<Loc EndOffset="4832" SrcFileId="3" StartOffset="4821"/>
</LocList>
</BasicStmnt>
</StmntSeq>
</HierarchyLvl>
<HierarchyLvl HierarchyLvlId="2424" HierarchyLvlTypeId="17" Intrnl_Id="200" Name="updatePlayerInfo">
<Header>
<Loc EndOffset="4871" SrcFileId="3" StartOffset="4841"/>
</Header>
<LocList>
<Loc EndOffset="4915" SrcFileId="3" StartOffset="4841"/>
</LocList>
<StmntSeq Intrnl_Id="201">
<LocList>
<Loc EndOffset="4911" SrcFileId="3" StartOffset="4877"/>
</LocList>
<BasicStmnt CovItemId="S66" CovItemPrefix="csse376_puerto_rico.Player.java" Intrnl_Id="202">
<LocList>
<Loc EndOffset="4911" SrcFileId="3" StartOffset="4877"/>
</LocList>
</BasicStmnt>
</StmntSeq>
</HierarchyLvl>
<HierarchyLvl HierarchyLvlId="2425" HierarchyLvlTypeId="17" Intrnl_Id="203" Name="getPlantations">
<Header>
<Loc EndOffset="4965" SrcFileId="3" StartOffset="4920"/>
</Header>
<LocList>
<Loc EndOffset="4999" SrcFileId="3" StartOffset="4920"/>
</LocList>
<StmntSeq Intrnl_Id="204">
<LocList>
<Loc EndOffset="4995" SrcFileId="3" StartOffset="4971"/>
</LocList>
<BasicStmnt CovItemId="S67" CovItemPrefix="csse376_puerto_rico.Player.java" Intrnl_Id="205">
<LocList>
<Loc EndOffset="4995" SrcFileId="3" StartOffset="4971"/>
</LocList>
</BasicStmnt>
</StmntSeq>
</HierarchyLvl>
<HierarchyLvl HierarchyLvlId="2426" HierarchyLvlTypeId="17" Intrnl_Id="206" Name="addPlantations">
<Header>
<Loc EndOffset="5044" SrcFileId="3" StartOffset="5002"/>
</Header>
<LocList>
<Loc EndOffset="5080" SrcFileId="3" StartOffset="5002"/>
</LocList>
<StmntSeq Intrnl_Id="207">
<LocList>
<Loc EndOffset="5076" SrcFileId="3" StartOffset="5050"/>
</LocList>
<BasicStmnt CovItemId="S68" CovItemPrefix="csse376_puerto_rico.Player.java" Intrnl_Id="208">
<LocList>
<Loc EndOffset="5076" SrcFileId="3" StartOffset="5050"/>
</LocList>
</BasicStmnt>
</StmntSeq>
</HierarchyLvl>
<HierarchyLvl HierarchyLvlId="2427" HierarchyLvlTypeId="17" Intrnl_Id="209" Name="getPlantationsStringList">
<Header>
<Loc EndOffset="5134" SrcFileId="3" StartOffset="5083"/>
</Header>
<LocList>
<Loc EndOffset="5276" SrcFileId="3" StartOffset="5083"/>
</LocList>
<StmntSeq Intrnl_Id="210">
<LocList>
<Loc EndOffset="5188" SrcFileId="3" StartOffset="5140"/>
<Loc EndOffset="5257" SrcFileId="3" StartOffset="5192"/>
<Loc EndOffset="5272" SrcFileId="3" StartOffset="5261"/>
</LocList>
<BasicStmnt CovItemId="S69" CovItemPrefix="csse376_puerto_rico.Player.java" Intrnl_Id="211">
<LocList>
<Loc EndOffset="5188" SrcFileId="3" StartOffset="5140"/>
</LocList>
</BasicStmnt>
<LoopStmnt CovItemId="S70" CovItemPrefix="csse376_puerto_rico.Player.java" Intrnl_Id="212" MltplExecId="L6-2" MltplExecPrefix="csse376_puerto_rico.Player.java" NvrExecId="L6-0" NvrExecPrefix="csse376_puerto_rico.Player.java" OnceExecutedId="L6-1" OnceExecutedPrefix="csse376_puerto_rico.Player.java" OptBodyExec="true">
<StmntSeq Intrnl_Id="213">
<LocList>
<Loc EndOffset="5252" SrcFileId="3" StartOffset="5236"/>
</LocList>
<BasicStmnt CovItemId="S71" CovItemPrefix="csse376_puerto_rico.Player.java" Intrnl_Id="214">
<LocList>
<Loc EndOffset="5252" SrcFileId="3" StartOffset="5236"/>
</LocList>
</BasicStmnt>
</StmntSeq>
<Keyword EndOffset="5195" SrcFileId="3" StartOffset="5192"/>
<LocList>
<Loc EndOffset="5257" SrcFileId="3" StartOffset="5192"/>
</LocList>
</LoopStmnt>
<BasicStmnt CovItemId="S72" CovItemPrefix="csse376_puerto_rico.Player.java" Intrnl_Id="215">
<LocList>
<Loc EndOffset="5272" SrcFileId="3" StartOffset="5261"/>
</LocList>
</BasicStmnt>
</StmntSeq>
</HierarchyLvl>
<HierarchyLvl HierarchyLvlId="2428" HierarchyLvlTypeId="17" Intrnl_Id="216" Name="checkPlantation">
<Header>
<Loc EndOffset="5433" SrcFileId="3" StartOffset="5404"/>
</Header>
<LocList>
<Loc EndOffset="5578" SrcFileId="3" StartOffset="5404"/>
</LocList>
<StmntSeq Intrnl_Id="217">
<LocList>
<Loc EndOffset="5574" SrcFileId="3" StartOffset="5439"/>
</LocList>
<LoopStmnt CovItemId="S73" CovItemPrefix="csse376_puerto_rico.Player.java" Intrnl_Id="218" MltplExecId="L7-2" MltplExecPrefix="csse376_puerto_rico.Player.java" NvrExecId="L7-0" NvrExecPrefix="csse376_puerto_rico.Player.java" OnceExecutedId="L7-1" OnceExecutedPrefix="csse376_puerto_rico.Player.java" OptBodyExec="true">
<StmntSeq Intrnl_Id="219">
<LocList>
<Loc EndOffset="5569" SrcFileId="3" StartOffset="5483"/>
</LocList>
<CondStmnt CovItemId="S74" CovItemPrefix="csse376_puerto_rico.Player.java" Intrnl_Id="220">
<Branch CovItemId="B5" CovItemPrefix="csse376_puerto_rico.Player.java" Implct="false" Intrnl_Id="221">
<Cond/>
<LocList>
<Loc EndOffset="5569" SrcFileId="3" StartOffset="5500"/>
</LocList>
<StmntSeq Intrnl_Id="222">
<LocList>
<Loc EndOffset="5563" SrcFileId="3" StartOffset="5539"/>
</LocList>
<BasicStmnt CovItemId="S75" CovItemPrefix="csse376_puerto_rico.Player.java" Intrnl_Id="223">
<LocList>
<Loc EndOffset="5563" SrcFileId="3" StartOffset="5539"/>
</LocList>
</BasicStmnt>
</StmntSeq>
</Branch>
<Branch CovItemId="B6" CovItemPrefix="csse376_puerto_rico.Player.java" Implct="true" Intrnl_Id="224">
<Cond/>
<LocList/>
<StmntSeq Intrnl_Id="225">
<LocList/>
</StmntSeq>
</Branch>
<Keyword EndOffset="5485" SrcFileId="3" StartOffset="5483"/>
<LocList>
<Loc EndOffset="5569" SrcFileId="3" StartOffset="5483"/>
</LocList>
<RootTerm CovItemId="C5" CovItemPrefix="csse376_puerto_rico.Player.java" Intrnl_Id="226">
<BasicBoolTerm Intrnl_Id="227">
<LocList>
<Loc EndOffset="5498" SrcFileId="3" StartOffset="5487"/>
</LocList>
</BasicBoolTerm>
</RootTerm>
</CondStmnt>
</StmntSeq>
<Keyword EndOffset="5442" SrcFileId="3" StartOffset="5439"/>
<LocList>
<Loc EndOffset="5574" SrcFileId="3" StartOffset="5439"/>
</LocList>
</LoopStmnt>
</StmntSeq>
</HierarchyLvl>
<HierarchyLvl HierarchyLvlId="2429" HierarchyLvlTypeId="17" Intrnl_Id="228" Name="getDoubloons">
<Header>
<Loc EndOffset="5609" SrcFileId="3" StartOffset="5584"/>
</Header>
<LocList>
<Loc EndOffset="5643" SrcFileId="3" StartOffset="5584"/>
</LocList>
<StmntSeq Intrnl_Id="229">
<LocList>
<Loc EndOffset="5639" SrcFileId="3" StartOffset="5617"/>
</LocList>
<BasicStmnt CovItemId="S76" CovItemPrefix="csse376_puerto_rico.Player.java" Intrnl_Id="230">
<LocList>
<Loc EndOffset="5639" SrcFileId="3" StartOffset="5617"/>
</LocList>
</BasicStmnt>
</StmntSeq>
</HierarchyLvl>
<HierarchyLvl HierarchyLvlId="2430" HierarchyLvlTypeId="17" Intrnl_Id="231" Name="setDoubloons">
<Header>
<Loc EndOffset="5682" SrcFileId="3" StartOffset="5649"/>
</Header>
<LocList>
<Loc EndOffset="5715" SrcFileId="3" StartOffset="5649"/>
</LocList>
<StmntSeq Intrnl_Id="232">
<LocList>
<Loc EndOffset="5711" SrcFileId="3" StartOffset="5690"/>
</LocList>
<BasicStmnt CovItemId="S77" CovItemPrefix="csse376_puerto_rico.Player.java" Intrnl_Id="233">
<LocList>
<Loc EndOffset="5711" SrcFileId="3" StartOffset="5690"/>
</LocList>
</BasicStmnt>
</StmntSeq>
</HierarchyLvl>
</HierarchyLvl>
<HierarchyLvl HierarchyLvlId="2436" HierarchyLvlTypeId="16" Intrnl_Id="234" Name="NextMoveButton">
<Header>
<Loc EndOffset="236" SrcFileId="4" StartOffset="193"/>
</Header>
<LocList>
<Loc EndOffset="1535" SrcFileId="4" StartOffset="193"/>
</LocList>
<HierarchyLvl HierarchyLvlId="2434" HierarchyLvlTypeId="17" Intrnl_Id="235" Name="NextMoveButton">
<Header>
<Loc EndOffset="298" SrcFileId="4" StartOffset="275"/>
</Header>
<LocList>
<Loc EndOffset="886" SrcFileId="4" StartOffset="275"/>
</LocList>
<StmntSeq Intrnl_Id="236">
<LocList>
<Loc EndOffset="337" SrcFileId="4" StartOffset="306"/>
<Loc EndOffset="399" SrcFileId="4" StartOffset="341"/>
<Loc EndOffset="426" SrcFileId="4" StartOffset="403"/>
<Loc EndOffset="446" SrcFileId="4" StartOffset="430"/>
<Loc EndOffset="473" SrcFileId="4" StartOffset="450"/>
<Loc EndOffset="882" SrcFileId="4" StartOffset="880"/>
</LocList>
<BasicStmnt CovItemId="S1" CovItemPrefix="csse376_puerto_rico.NextMoveButton.java" Intrnl_Id="237">
<LocList>
<Loc EndOffset="337" SrcFileId="4" StartOffset="306"/>
</LocList>
</BasicStmnt>
<BasicStmnt CovItemId="S2" CovItemPrefix="csse376_puerto_rico.NextMoveButton.java" Intrnl_Id="238">
<LocList>
<Loc EndOffset="399" SrcFileId="4" StartOffset="341"/>
</LocList>
</BasicStmnt>
<BasicStmnt CovItemId="S3" CovItemPrefix="csse376_puerto_rico.NextMoveButton.java" Intrnl_Id="239">
<LocList>
<Loc EndOffset="426" SrcFileId="4" StartOffset="403"/>
</LocList>
</BasicStmnt>
<BasicStmnt CovItemId="S4" CovItemPrefix="csse376_puerto_rico.NextMoveButton.java" Intrnl_Id="240">
<LocList>
<Loc EndOffset="446" SrcFileId="4" StartOffset="430"/>
</LocList>
</BasicStmnt>
<BasicStmnt CovItemId="S5" CovItemPrefix="csse376_puerto_rico.NextMoveButton.java" Intrnl_Id="241">
<LocList>
<Loc EndOffset="473" SrcFileId="4" StartOffset="450"/>
<Loc EndOffset="882" SrcFileId="4" StartOffset="880"/>
</LocList>
</BasicStmnt>
</StmntSeq>
<HierarchyLvl HierarchyLvlId="2433" HierarchyLvlTypeId="19" Intrnl_Id="242" Name="ActionListener">
<Header>
<Loc EndOffset="493" SrcFileId="4" StartOffset="477"/>
</Header>
<LocList>
<Loc EndOffset="880" SrcFileId="4" StartOffset="473"/>
</LocList>
<HierarchyLvl HierarchyLvlId="2432" HierarchyLvlTypeId="17" Intrnl_Id="243" Name="actionPerformed">
<Header>
<Loc EndOffset="561" SrcFileId="4" StartOffset="505"/>
</Header>
<LocList>
<Loc EndOffset="875" SrcFileId="4" StartOffset="505"/>
</LocList>
<StmntSeq Intrnl_Id="244">
<LocList>
<Loc EndOffset="601" SrcFileId="4" StartOffset="569"/>
<Loc EndOffset="630" SrcFileId="4" StartOffset="607"/>
<Loc EndOffset="652" SrcFileId="4" StartOffset="636"/>
<Loc EndOffset="678" SrcFileId="4" StartOffset="658"/>
<Loc EndOffset="846" SrcFileId="4" StartOffset="684"/>
<Loc EndOffset="869" SrcFileId="4" StartOffset="858"/>
</LocList>
<BasicStmnt CovItemId="S6" CovItemPrefix="csse376_puerto_rico.NextMoveButton.java" Intrnl_Id="245">
<LocList>
<Loc EndOffset="601" SrcFileId="4" StartOffset="569"/>
</LocList>
</BasicStmnt>
<BasicStmnt CovItemId="S7" CovItemPrefix="csse376_puerto_rico.NextMoveButton.java" Intrnl_Id="246">
<LocList>
<Loc EndOffset="630" SrcFileId="4" StartOffset="607"/>
</LocList>
</BasicStmnt>
<BasicStmnt CovItemId="S8" CovItemPrefix="csse376_puerto_rico.NextMoveButton.java" Intrnl_Id="247">
<LocList>
<Loc EndOffset="652" SrcFileId="4" StartOffset="636"/>
</LocList>
</BasicStmnt>
<BasicStmnt CovItemId="S9" CovItemPrefix="csse376_puerto_rico.NextMoveButton.java" Intrnl_Id="248">
<LocList>
<Loc EndOffset="678" SrcFileId="4" StartOffset="658"/>
</LocList>
</BasicStmnt>
<CondStmnt CovItemId="S10" CovItemPrefix="csse376_puerto_rico.NextMoveButton.java" Intrnl_Id="249">
<Branch CovItemId="B1" CovItemPrefix="csse376_puerto_rico.NextMoveButton.java" Implct="false" Intrnl_Id="250">
<Cond/>
<LocList>
<Loc EndOffset="846" SrcFileId="4" StartOffset="739"/>
</LocList>
<StmntSeq Intrnl_Id="251">
<LocList>
<Loc EndOffset="792" SrcFileId="4" StartOffset="747"/>
<Loc EndOffset="839" SrcFileId="4" StartOffset="799"/>
</LocList>
<BasicStmnt CovItemId="S11" CovItemPrefix="csse376_puerto_rico.NextMoveButton.java" Intrnl_Id="252">
<LocList>
<Loc EndOffset="792" SrcFileId="4" StartOffset="747"/>
</LocList>
</BasicStmnt>
<BasicStmnt CovItemId="S12" CovItemPrefix="csse376_puerto_rico.NextMoveButton.java" Intrnl_Id="253">
<LocList>
<Loc EndOffset="839" SrcFileId="4" StartOffset="799"/>
</LocList>
</BasicStmnt>
</StmntSeq>
</Branch>
<Branch CovItemId="B2" CovItemPrefix="csse376_puerto_rico.NextMoveButton.java" Implct="true" Intrnl_Id="254">
<Cond/>
<LocList/>
<StmntSeq Intrnl_Id="255">
<LocList/>
</StmntSeq>
</Branch>
<Keyword EndOffset="686" SrcFileId="4" StartOffset="684"/>
<LocList>
<Loc EndOffset="846" SrcFileId="4" StartOffset="684"/>
</LocList>
<RootTerm CovItemId="C1" CovItemPrefix="csse376_puerto_rico.NextMoveButton.java" Intrnl_Id="256">
<OpTerm BooleanOpId="13" Intrnl_Id="257">
<BasicBoolTerm Intrnl_Id="258">
<LocList>
<Loc EndOffset="699" SrcFileId="4" StartOffset="687"/>
</LocList>
</BasicBoolTerm>
<BasicBoolTerm Intrnl_Id="259">
<LocList>
<Loc EndOffset="732" SrcFileId="4" StartOffset="703"/>
</LocList>
</BasicBoolTerm>
<LocList>
<Loc EndOffset="702" SrcFileId="4" StartOffset="700"/>
</LocList>
</OpTerm>
</RootTerm>
</CondStmnt>
<BasicStmnt CovItemId="S13" CovItemPrefix="csse376_puerto_rico.NextMoveButton.java" Intrnl_Id="260">
<LocList>
<Loc EndOffset="869" SrcFileId="4" StartOffset="858"/>
</LocList>
</BasicStmnt>
</StmntSeq>
</HierarchyLvl>
</HierarchyLvl>
</HierarchyLvl>
<HierarchyLvl HierarchyLvlId="2435" HierarchyLvlTypeId="17" Intrnl_Id="261" Name="makeMove">
<Header>
<Loc EndOffset="911" SrcFileId="4" StartOffset="889"/>
</Header>
<LocList>
<Loc EndOffset="1532" SrcFileId="4" StartOffset="889"/>
</LocList>
<StmntSeq Intrnl_Id="262">
<LocList>
<Loc EndOffset="1493" SrcFileId="4" StartOffset="1217"/>
<Loc EndOffset="1528" SrcFileId="4" StartOffset="1497"/>
</LocList>
<LoopStmnt CovItemId="S14" CovItemPrefix="csse376_puerto_rico.NextMoveButton.java" Intrnl_Id="263" MltplExecId="L1-2" MltplExecPrefix="csse376_puerto_rico.NextMoveButton.java" NvrExecId="L1-0" NvrExecPrefix="csse376_puerto_rico.NextMoveButton.java" OnceExecutedId="L1-1" OnceExecutedPrefix="csse376_puerto_rico.NextMoveButton.java" OptBodyExec="true">
<StmntSeq Intrnl_Id="264">
<LocList>
<Loc EndOffset="1488" SrcFileId="4" StartOffset="1260"/>
</LocList>
<CondStmnt CovItemId="S15" CovItemPrefix="csse376_puerto_rico.NextMoveButton.java" Intrnl_Id="265">
<Branch CovItemId="B3" CovItemPrefix="csse376_puerto_rico.NextMoveButton.java" Implct="false" Intrnl_Id="266">
<Cond/>
<LocList>
<Loc EndOffset="1488" SrcFileId="4" StartOffset="1290"/>
</LocList>
<StmntSeq Intrnl_Id="267">
<LocList>
<Loc EndOffset="1327" SrcFileId="4" StartOffset="1297"/>
<Loc EndOffset="1470" SrcFileId="4" StartOffset="1333"/>
<Loc EndOffset="1482" SrcFileId="4" StartOffset="1476"/>
</LocList>
<BasicStmnt CovItemId="S16" CovItemPrefix="csse376_puerto_rico.NextMoveButton.java" Intrnl_Id="268">
<LocList>
<Loc EndOffset="1327" SrcFileId="4" StartOffset="1297"/>
</LocList>
</BasicStmnt>
<CondStmnt CovItemId="S17" CovItemPrefix="csse376_puerto_rico.NextMoveButton.java" Intrnl_Id="269">
<Branch CovItemId="B5" CovItemPrefix="csse376_puerto_rico.NextMoveButton.java" Implct="false" Intrnl_Id="270">
<Cond/>
<LocList>
<Loc EndOffset="1408" SrcFileId="4" StartOffset="1364"/>
</LocList>
<StmntSeq Intrnl_Id="271">
<LocList>
<Loc EndOffset="1401" SrcFileId="4" StartOffset="1372"/>
</LocList>
<BasicStmnt CovItemId="S18" CovItemPrefix="csse376_puerto_rico.NextMoveButton.java" Intrnl_Id="272">
<LocList>
<Loc EndOffset="1401" SrcFileId="4" StartOffset="1372"/>
</LocList>
</BasicStmnt>
</StmntSeq>
</Branch>
<Branch CovItemId="B6" CovItemPrefix="csse376_puerto_rico.NextMoveButton.java" Implct="false" Intrnl_Id="273">
<Cond>
<Loc EndOffset="1418" SrcFileId="4" StartOffset="1414"/>
</Cond>
<LocList>
<Loc EndOffset="1470" SrcFileId="4" StartOffset="1424"/>
</LocList>
<StmntSeq Intrnl_Id="274">
<LocList>
<Loc EndOffset="1463" SrcFileId="4" StartOffset="1432"/>
</LocList>
<BasicStmnt CovItemId="S19" CovItemPrefix="csse376_puerto_rico.NextMoveButton.java" Intrnl_Id="275">
<LocList>
<Loc EndOffset="1463" SrcFileId="4" StartOffset="1432"/>
</LocList>
</BasicStmnt>
</StmntSeq>
</Branch>
<Keyword EndOffset="1335" SrcFileId="4" StartOffset="1333"/>
<LocList>
<Loc EndOffset="1470" SrcFileId="4" StartOffset="1333"/>
</LocList>
<RootTerm CovItemId="C4" CovItemPrefix="csse376_puerto_rico.NextMoveButton.java" Intrnl_Id="276">
<BasicBoolTerm Intrnl_Id="277">
<LocList>
<Loc EndOffset="1357" SrcFileId="4" StartOffset="1336"/>
</LocList>
</BasicBoolTerm>
</RootTerm>
</CondStmnt>
<BasicStmnt CovItemId="S20" CovItemPrefix="csse376_puerto_rico.NextMoveButton.java" Intrnl_Id="278">
<LocList>
<Loc EndOffset="1482" SrcFileId="4" StartOffset="1476"/>
</LocList>
</BasicStmnt>
</StmntSeq>
</Branch>
<Branch CovItemId="B4" CovItemPrefix="csse376_puerto_rico.NextMoveButton.java" Implct="true" Intrnl_Id="279">
<Cond/>
<LocList/>
<StmntSeq Intrnl_Id="280">
<LocList/>
</StmntSeq>
</Branch>
<Keyword EndOffset="1262" SrcFileId="4" StartOffset="1260"/>
<LocList>
<Loc EndOffset="1488" SrcFileId="4" StartOffset="1260"/>
</LocList>
<RootTerm CovItemId="C3" CovItemPrefix="csse376_puerto_rico.NextMoveButton.java" Intrnl_Id="281">
<BasicBoolTerm Intrnl_Id="282">
<LocList>
<Loc EndOffset="1284" SrcFileId="4" StartOffset="1263"/>
</LocList>
</BasicBoolTerm>
</RootTerm>
</CondStmnt>
</StmntSeq>
<Keyword EndOffset="1220" SrcFileId="4" StartOffset="1217"/>
<LocList>
<Loc EndOffset="1493" SrcFileId="4" StartOffset="1217"/>
</LocList>
<RootTerm CovItemId="C2" CovItemPrefix="csse376_puerto_rico.NextMoveButton.java" Intrnl_Id="283">
<BasicBoolTerm Intrnl_Id="284">
<LocList>
<Loc EndOffset="1245" SrcFileId="4" StartOffset="1229"/>
</LocList>
</BasicBoolTerm>
</RootTerm>
</LoopStmnt>
<BasicStmnt CovItemId="S21" CovItemPrefix="csse376_puerto_rico.NextMoveButton.java" Intrnl_Id="285">
<LocList>
<Loc EndOffset="1528" SrcFileId="4" StartOffset="1497"/>
</LocList>
</BasicStmnt>
</StmntSeq>
</HierarchyLvl>
</HierarchyLvl>
<HierarchyLvl HierarchyLvlId="2438" HierarchyLvlTypeId="16" Intrnl_Id="286" Name="MenuGUI">
<Header>
<Loc EndOffset="297" SrcFileId="5" StartOffset="277"/>
</Header>
<LocList>
<Loc EndOffset="1547" SrcFileId="5" StartOffset="277"/>
</LocList>
<StmntSeq Intrnl_Id="287">
<LocList>
<Loc EndOffset="372" SrcFileId="5" StartOffset="340"/>
</LocList>
<BasicStmnt CovItemId="S1" CovItemPrefix="csse376_puerto_rico.MenuGUI.java" Intrnl_Id="288">
<LocList>
<Loc EndOffset="372" SrcFileId="5" StartOffset="340"/>
</LocList>
</BasicStmnt>
</StmntSeq>
<HierarchyLvl HierarchyLvlId="2437" HierarchyLvlTypeId="17" Intrnl_Id="289" Name="MenuGUI">
<Header>
<Loc EndOffset="459" SrcFileId="5" StartOffset="443"/>
</Header>
<LocList>
<Loc EndOffset="1542" SrcFileId="5" StartOffset="443"/>
</LocList>
<StmntSeq Intrnl_Id="290">
<LocList>
<Loc EndOffset="513" SrcFileId="5" StartOffset="474"/>
<Loc EndOffset="560" SrcFileId="5" StartOffset="526"/>
<Loc EndOffset="605" SrcFileId="5" StartOffset="573"/>
<Loc EndOffset="680" SrcFileId="5" StartOffset="618"/>
<Loc EndOffset="882" SrcFileId="5" StartOffset="851"/>
<Loc EndOffset="929" SrcFileId="5" StartOffset="895"/>
<Loc EndOffset="996" SrcFileId="5" StartOffset="955"/>
<Loc EndOffset="1055" SrcFileId="5" StartOffset="1009"/>
<Loc EndOffset="1117" SrcFileId="5" StartOffset="1081"/>
<Loc EndOffset="1185" SrcFileId="5" StartOffset="1143"/>
<Loc EndOffset="1260" SrcFileId="5" StartOffset="1198"/>
<Loc EndOffset="1308" SrcFileId="5" StartOffset="1273"/>
<Loc EndOffset="1359" SrcFileId="5" StartOffset="1334"/>
<Loc EndOffset="1394" SrcFileId="5" StartOffset="1372"/>
<Loc EndOffset="1469" SrcFileId="5" StartOffset="1420"/>
<Loc EndOffset="1534" SrcFileId="5" StartOffset="1482"/>
</LocList>
<BasicStmnt CovItemId="S2" CovItemPrefix="csse376_puerto_rico.MenuGUI.java" Intrnl_Id="291">
<LocList>
<Loc EndOffset="513" SrcFileId="5" StartOffset="474"/>
</LocList>
</BasicStmnt>
<BasicStmnt CovItemId="S3" CovItemPrefix="csse376_puerto_rico.MenuGUI.java" Intrnl_Id="292">
<LocList>
<Loc EndOffset="560" SrcFileId="5" StartOffset="526"/>
</LocList>
</BasicStmnt>
<BasicStmnt CovItemId="S4" CovItemPrefix="csse376_puerto_rico.MenuGUI.java" Intrnl_Id="293">
<LocList>
<Loc EndOffset="605" SrcFileId="5" StartOffset="573"/>
</LocList>
</BasicStmnt>
<BasicStmnt CovItemId="S5" CovItemPrefix="csse376_puerto_rico.MenuGUI.java" Intrnl_Id="294">
<LocList>
<Loc EndOffset="680" SrcFileId="5" StartOffset="618"/>
</LocList>
</BasicStmnt>
<BasicStmnt CovItemId="S6" CovItemPrefix="csse376_puerto_rico.MenuGUI.java" Intrnl_Id="295">
<LocList>
<Loc EndOffset="882" SrcFileId="5" StartOffset="851"/>
</LocList>
</BasicStmnt>
<BasicStmnt CovItemId="S7" CovItemPrefix="csse376_puerto_rico.MenuGUI.java" Intrnl_Id="296">
<LocList>
<Loc EndOffset="929" SrcFileId="5" StartOffset="895"/>
</LocList>
</BasicStmnt>
<BasicStmnt CovItemId="S8" CovItemPrefix="csse376_puerto_rico.MenuGUI.java" Intrnl_Id="297">
<LocList>
<Loc EndOffset="996" SrcFileId="5" StartOffset="955"/>
</LocList>
</BasicStmnt>
<BasicStmnt CovItemId="S9" CovItemPrefix="csse376_puerto_rico.MenuGUI.java" Intrnl_Id="298">
<LocList>
<Loc EndOffset="1055" SrcFileId="5" StartOffset="1009"/>
</LocList>
</BasicStmnt>
<BasicStmnt CovItemId="S10" CovItemPrefix="csse376_puerto_rico.MenuGUI.java" Intrnl_Id="299">
<LocList>
<Loc EndOffset="1117" SrcFileId="5" StartOffset="1081"/>
</LocList>
</BasicStmnt>
<BasicStmnt CovItemId="S11" CovItemPrefix="csse376_puerto_rico.MenuGUI.java" Intrnl_Id="300">
<LocList>
<Loc EndOffset="1185" SrcFileId="5" StartOffset="1143"/>
</LocList>
</BasicStmnt>
<BasicStmnt CovItemId="S12" CovItemPrefix="csse376_puerto_rico.MenuGUI.java" Intrnl_Id="301">
<LocList>
<Loc EndOffset="1260" SrcFileId="5" StartOffset="1198"/>
</LocList>
</BasicStmnt>
<BasicStmnt CovItemId="S13" CovItemPrefix="csse376_puerto_rico.MenuGUI.java" Intrnl_Id="302">
<LocList>
<Loc EndOffset="1308" SrcFileId="5" StartOffset="1273"/>
</LocList>
</BasicStmnt>
<BasicStmnt CovItemId="S14" CovItemPrefix="csse376_puerto_rico.MenuGUI.java" Intrnl_Id="303">
<LocList>
<Loc EndOffset="1359" SrcFileId="5" StartOffset="1334"/>
</LocList>
</BasicStmnt>
<BasicStmnt CovItemId="S15" CovItemPrefix="csse376_puerto_rico.MenuGUI.java" Intrnl_Id="304">
<LocList>
<Loc EndOffset="1394" SrcFileId="5" StartOffset="1372"/>
</LocList>
</BasicStmnt>
<BasicStmnt CovItemId="S16" CovItemPrefix="csse376_puerto_rico.MenuGUI.java" Intrnl_Id="305">
<LocList>
<Loc EndOffset="1469" SrcFileId="5" StartOffset="1420"/>
</LocList>
</BasicStmnt>
<BasicStmnt CovItemId="S17" CovItemPrefix="csse376_puerto_rico.MenuGUI.java" Intrnl_Id="306">
<LocList>
<Loc EndOffset="1534" SrcFileId="5" StartOffset="1482"/>
</LocList>
</BasicStmnt>
</StmntSeq>
</HierarchyLvl>
</HierarchyLvl>
<HierarchyLvl HierarchyLvlId="2440" HierarchyLvlTypeId="16" Intrnl_Id="307" Name="Main">
<Header>
<Loc EndOffset="47" SrcFileId="6" StartOffset="30"/>
</Header>
<LocList>
<Loc EndOffset="149" SrcFileId="6" StartOffset="30"/>
</LocList>
<HierarchyLvl HierarchyLvlId="2439" HierarchyLvlTypeId="17" Intrnl_Id="308" Name="main">
<Header>
<Loc EndOffset="125" SrcFileId="6" StartOffset="87"/>
</Header>
<LocList>
<Loc EndOffset="147" SrcFileId="6" StartOffset="87"/>
</LocList>
<StmntSeq Intrnl_Id="309">
<LocList>
<Loc EndOffset="144" SrcFileId="6" StartOffset="130"/>
</LocList>
<BasicStmnt CovItemId="S1" CovItemPrefix="csse376_puerto_rico.Main.java" Intrnl_Id="310">
<LocList>
<Loc EndOffset="144" SrcFileId="6" StartOffset="130"/>
</LocList>
</BasicStmnt>
</StmntSeq>
</HierarchyLvl>
</HierarchyLvl>
<HierarchyLvl HierarchyLvlId="2444" HierarchyLvlTypeId="16" Intrnl_Id="311" Name="GoodsButton">
<Header>
<Loc EndOffset="264" SrcFileId="7" StartOffset="224"/>
</Header>
<LocList>
<Loc EndOffset="1005" SrcFileId="7" StartOffset="224"/>
</LocList>
<HierarchyLvl HierarchyLvlId="2443" HierarchyLvlTypeId="17" Intrnl_Id="312" Name="GoodsButton">
<Header>
<Loc EndOffset="438" SrcFileId="7" StartOffset="389"/>
</Header>
<LocList>
<Loc EndOffset="1002" SrcFileId="7" StartOffset="389"/>
</LocList>
<StmntSeq Intrnl_Id="313">
<LocList>
<Loc EndOffset="458" SrcFileId="7" StartOffset="446"/>
<Loc EndOffset="479" SrcFileId="7" StartOffset="462"/>
<Loc EndOffset="502" SrcFileId="7" StartOffset="483"/>
<Loc EndOffset="528" SrcFileId="7" StartOffset="506"/>
<Loc EndOffset="552" SrcFileId="7" StartOffset="532"/>
<Loc EndOffset="579" SrcFileId="7" StartOffset="556"/>
<Loc EndOffset="959" SrcFileId="7" StartOffset="957"/>
<Loc EndOffset="998" SrcFileId="7" StartOffset="967"/>
</LocList>
<BasicStmnt CovItemId="S1" CovItemPrefix="csse376_puerto_rico.GoodsButton.java" Intrnl_Id="314">
<LocList>
<Loc EndOffset="458" SrcFileId="7" StartOffset="446"/>
</LocList>
</BasicStmnt>
<BasicStmnt CovItemId="S2" CovItemPrefix="csse376_puerto_rico.GoodsButton.java" Intrnl_Id="315">
<LocList>
<Loc EndOffset="479" SrcFileId="7" StartOffset="462"/>
</LocList>
</BasicStmnt>
<BasicStmnt CovItemId="S3" CovItemPrefix="csse376_puerto_rico.GoodsButton.java" Intrnl_Id="316">
<LocList>
<Loc EndOffset="502" SrcFileId="7" StartOffset="483"/>
</LocList>
</BasicStmnt>
<BasicStmnt CovItemId="S4" CovItemPrefix="csse376_puerto_rico.GoodsButton.java" Intrnl_Id="317">
<LocList>
<Loc EndOffset="528" SrcFileId="7" StartOffset="506"/>
</LocList>
</BasicStmnt>
<BasicStmnt CovItemId="S5" CovItemPrefix="csse376_puerto_rico.GoodsButton.java" Intrnl_Id="318">
<LocList>
<Loc EndOffset="552" SrcFileId="7" StartOffset="532"/>
</LocList>
</BasicStmnt>
<BasicStmnt CovItemId="S6" CovItemPrefix="csse376_puerto_rico.GoodsButton.java" Intrnl_Id="319">
<LocList>
<Loc EndOffset="579" SrcFileId="7" StartOffset="556"/>
<Loc EndOffset="959" SrcFileId="7" StartOffset="957"/>
</LocList>
</BasicStmnt>
<BasicStmnt CovItemId="S12" CovItemPrefix="csse376_puerto_rico.GoodsButton.java" Intrnl_Id="320">
<LocList>
<Loc EndOffset="998" SrcFileId="7" StartOffset="967"/>
</LocList>
</BasicStmnt>
</StmntSeq>
<HierarchyLvl HierarchyLvlId="2442" HierarchyLvlTypeId="19" Intrnl_Id="321" Name="ActionListener">
<Header>
<Loc EndOffset="599" SrcFileId="7" StartOffset="583"/>
</Header>
<LocList>
<Loc EndOffset="957" SrcFileId="7" StartOffset="579"/>
</LocList>
<HierarchyLvl HierarchyLvlId="2441" HierarchyLvlTypeId="17" Intrnl_Id="322" Name="actionPerformed">
<Header>
<Loc EndOffset="667" SrcFileId="7" StartOffset="611"/>
</Header>
<LocList>
<Loc EndOffset="952" SrcFileId="7" StartOffset="611"/>
</LocList>
<StmntSeq Intrnl_Id="323">
<LocList>
<Loc EndOffset="946" SrcFileId="7" StartOffset="686"/>
</LocList>
<LoopStmnt CovItemId="S7" CovItemPrefix="csse376_puerto_rico.GoodsButton.java" Intrnl_Id="324" MltplExecId="L1-2" MltplExecPrefix="csse376_puerto_rico.GoodsButton.java" NvrExecId="L1-0" NvrExecPrefix="csse376_puerto_rico.GoodsButton.java" OnceExecutedId="L1-1" OnceExecutedPrefix="csse376_puerto_rico.GoodsButton.java" OptBodyExec="true">
<StmntSeq Intrnl_Id="325">
<LocList>
<Loc EndOffset="758" SrcFileId="7" StartOffset="735"/>
<Loc EndOffset="842" SrcFileId="7" StartOffset="766"/>
<Loc EndOffset="887" SrcFileId="7" StartOffset="850"/>
<Loc EndOffset="938" SrcFileId="7" StartOffset="895"/>
</LocList>
<BasicStmnt CovItemId="S8" CovItemPrefix="csse376_puerto_rico.GoodsButton.java" Intrnl_Id="326">
<LocList>
<Loc EndOffset="758" SrcFileId="7" StartOffset="735"/>
</LocList>
</BasicStmnt>
<BasicStmnt CovItemId="S9" CovItemPrefix="csse376_puerto_rico.GoodsButton.java" Intrnl_Id="327">
<LocList>
<Loc EndOffset="842" SrcFileId="7" StartOffset="766"/>
</LocList>
</BasicStmnt>
<BasicStmnt CovItemId="S10" CovItemPrefix="csse376_puerto_rico.GoodsButton.java" Intrnl_Id="328">
<LocList>
<Loc EndOffset="887" SrcFileId="7" StartOffset="850"/>
</LocList>
</BasicStmnt>
<BasicStmnt CovItemId="S11" CovItemPrefix="csse376_puerto_rico.GoodsButton.java" Intrnl_Id="329">
<LocList>
<Loc EndOffset="938" SrcFileId="7" StartOffset="895"/>
</LocList>
</BasicStmnt>
</StmntSeq>
<Keyword EndOffset="689" SrcFileId="7" StartOffset="686"/>
<LocList>
<Loc EndOffset="946" SrcFileId="7" StartOffset="686"/>
</LocList>
<RootTerm CovItemId="C1" CovItemPrefix="csse376_puerto_rico.GoodsButton.java" Intrnl_Id="330">
<BasicBoolTerm Intrnl_Id="331">
<LocList>
<Loc EndOffset="714" SrcFileId="7" StartOffset="698"/>
</LocList>
</BasicBoolTerm>
</RootTerm>
</LoopStmnt>
</StmntSeq>
</HierarchyLvl>
</HierarchyLvl>
</HierarchyLvl>
</HierarchyLvl>
<HierarchyLvl HierarchyLvlId="2458" HierarchyLvlTypeId="16" Intrnl_Id="332" Name="GameState">
<Header>
<Loc EndOffset="274" SrcFileId="8" StartOffset="252"/>
</Header>
<LocList>
<Loc EndOffset="6065" SrcFileId="8" StartOffset="252"/>
</LocList>
<StmntSeq Intrnl_Id="333">
<LocList>
<Loc EndOffset="353" SrcFileId="8" StartOffset="281"/>
<Loc EndOffset="442" SrcFileId="8" StartOffset="416"/>
<Loc EndOffset="503" SrcFileId="8" StartOffset="477"/>
<Loc EndOffset="564" SrcFileId="8" StartOffset="538"/>
<Loc EndOffset="637" SrcFileId="8" StartOffset="599"/>
<Loc EndOffset="889" SrcFileId="8" StartOffset="853"/>
</LocList>
<BasicStmnt CovItemId="S1" CovItemPrefix="csse376_puerto_rico.GameState.java" Intrnl_Id="334">
<LocList>
<Loc EndOffset="353" SrcFileId="8" StartOffset="281"/>
</LocList>
</BasicStmnt>
<BasicStmnt CovItemId="S2" CovItemPrefix="csse376_puerto_rico.GameState.java" Intrnl_Id="335">
<LocList>
<Loc EndOffset="442" SrcFileId="8" StartOffset="416"/>
</LocList>
</BasicStmnt>
<BasicStmnt CovItemId="S3" CovItemPrefix="csse376_puerto_rico.GameState.java" Intrnl_Id="336">
<LocList>
<Loc EndOffset="503" SrcFileId="8" StartOffset="477"/>
</LocList>
</BasicStmnt>
<BasicStmnt CovItemId="S4" CovItemPrefix="csse376_puerto_rico.GameState.java" Intrnl_Id="337">
<LocList>
<Loc EndOffset="564" SrcFileId="8" StartOffset="538"/>
</LocList>
</BasicStmnt>
<BasicStmnt CovItemId="S5" CovItemPrefix="csse376_puerto_rico.GameState.java" Intrnl_Id="338">
<LocList>
<Loc EndOffset="637" SrcFileId="8" StartOffset="599"/>
</LocList>
</BasicStmnt>
<BasicStmnt CovItemId="S6" CovItemPrefix="csse376_puerto_rico.GameState.java" Intrnl_Id="339">
<LocList>
<Loc EndOffset="889" SrcFileId="8" StartOffset="853"/>
</LocList>
</BasicStmnt>
</StmntSeq>
<HierarchyLvl HierarchyLvlId="2445" HierarchyLvlTypeId="17" Intrnl_Id="340" Name="GameState">
<Header>
<Loc EndOffset="912" SrcFileId="8" StartOffset="894"/>
</Header>
<LocList>
<Loc EndOffset="1370" SrcFileId="8" StartOffset="894"/>
</LocList>
<StmntSeq Intrnl_Id="341">
<LocList>
<Loc EndOffset="992" SrcFileId="8" StartOffset="959"/>
<Loc EndOffset="1027" SrcFileId="8" StartOffset="996"/>
<Loc EndOffset="1064" SrcFileId="8" StartOffset="1031"/>
<Loc EndOffset="1100" SrcFileId="8" StartOffset="1068"/>
<Loc EndOffset="1138" SrcFileId="8" StartOffset="1104"/>
<Loc EndOffset="1181" SrcFileId="8" StartOffset="1162"/>
<Loc EndOffset="1206" SrcFileId="8" StartOffset="1185"/>
<Loc EndOffset="1254" SrcFileId="8" StartOffset="1240"/>
<Loc EndOffset="1295" SrcFileId="8" StartOffset="1258"/>
<Loc EndOffset="1343" SrcFileId="8" StartOffset="1299"/>
<Loc EndOffset="1366" SrcFileId="8" StartOffset="1347"/>
</LocList>
<BasicStmnt CovItemId="S7" CovItemPrefix="csse376_puerto_rico.GameState.java" Intrnl_Id="342">
<LocList>
<Loc EndOffset="992" SrcFileId="8" StartOffset="959"/>
</LocList>
</BasicStmnt>
<BasicStmnt CovItemId="S8" CovItemPrefix="csse376_puerto_rico.GameState.java" Intrnl_Id="343">
<LocList>
<Loc EndOffset="1027" SrcFileId="8" StartOffset="996"/>
</LocList>
</BasicStmnt>
<BasicStmnt CovItemId="S9" CovItemPrefix="csse376_puerto_rico.GameState.java" Intrnl_Id="344">
<LocList>
<Loc EndOffset="1064" SrcFileId="8" StartOffset="1031"/>
</LocList>
</BasicStmnt>
<BasicStmnt CovItemId="S10" CovItemPrefix="csse376_puerto_rico.GameState.java" Intrnl_Id="345">
<LocList>
<Loc EndOffset="1100" SrcFileId="8" StartOffset="1068"/>
</LocList>
</BasicStmnt>
<BasicStmnt CovItemId="S11" CovItemPrefix="csse376_puerto_rico.GameState.java" Intrnl_Id="346">
<LocList>
<Loc EndOffset="1138" SrcFileId="8" StartOffset="1104"/>
</LocList>
</BasicStmnt>
<BasicStmnt CovItemId="S12" CovItemPrefix="csse376_puerto_rico.GameState.java" Intrnl_Id="347">
<LocList>
<Loc EndOffset="1181" SrcFileId="8" StartOffset="1162"/>
</LocList>
</BasicStmnt>
<BasicStmnt CovItemId="S13" CovItemPrefix="csse376_puerto_rico.GameState.java" Intrnl_Id="348">
<LocList>
<Loc EndOffset="1206" SrcFileId="8" StartOffset="1185"/>
</LocList>
</BasicStmnt>
<BasicStmnt CovItemId="S14" CovItemPrefix="csse376_puerto_rico.GameState.java" Intrnl_Id="349">
<LocList>
<Loc EndOffset="1254" SrcFileId="8" StartOffset="1240"/>
</LocList>
</BasicStmnt>
<BasicStmnt CovItemId="S15" CovItemPrefix="csse376_puerto_rico.GameState.java" Intrnl_Id="350">
<LocList>
<Loc EndOffset="1295" SrcFileId="8" StartOffset="1258"/>
</LocList>
</BasicStmnt>
<BasicStmnt CovItemId="S16" CovItemPrefix="csse376_puerto_rico.GameState.java" Intrnl_Id="351">
<LocList>
<Loc EndOffset="1343" SrcFileId="8" StartOffset="1299"/>
</LocList>
</BasicStmnt>
<BasicStmnt CovItemId="S17" CovItemPrefix="csse376_puerto_rico.GameState.java" Intrnl_Id="352">
<LocList>
<Loc EndOffset="1366" SrcFileId="8" StartOffset="1347"/>
</LocList>
</BasicStmnt>
</StmntSeq>
</HierarchyLvl>
<HierarchyLvl HierarchyLvlId="2446" HierarchyLvlTypeId="17" Intrnl_Id="353" Name="GameState">
<Header>
<Loc EndOffset="1413" SrcFileId="8" StartOffset="1375"/>
</Header>
<LocList>
<Loc EndOffset="2910" SrcFileId="8" StartOffset="1375"/>
</LocList>
<StmntSeq Intrnl_Id="354">
<LocList>
<Loc EndOffset="1523" SrcFileId="8" StartOffset="1452"/>
<Loc EndOffset="1574" SrcFileId="8" StartOffset="1541"/>
<Loc EndOffset="1610" SrcFileId="8" StartOffset="1578"/>
<Loc EndOffset="1648" SrcFileId="8" StartOffset="1614"/>
<Loc EndOffset="1685" SrcFileId="8" StartOffset="1652"/>
<Loc EndOffset="1723" SrcFileId="8" StartOffset="1689"/>
<Loc EndOffset="1800" SrcFileId="8" StartOffset="1777"/>
<Loc EndOffset="1834" SrcFileId="8" StartOffset="1804"/>
<Loc EndOffset="1870" SrcFileId="8" StartOffset="1838"/>
<Loc EndOffset="1947" SrcFileId="8" StartOffset="1876"/>
<Loc EndOffset="2022" SrcFileId="8" StartOffset="1951"/>
<Loc EndOffset="2766" SrcFileId="8" StartOffset="2028"/>
<Loc EndOffset="2815" SrcFileId="8" StartOffset="2800"/>
<Loc EndOffset="2856" SrcFileId="8" StartOffset="2819"/>
<Loc EndOffset="2904" SrcFileId="8" StartOffset="2860"/>
</LocList>
<LoopStmnt CovItemId="S18" CovItemPrefix="csse376_puerto_rico.GameState.java" Intrnl_Id="355" MltplExecId="L1-2" MltplExecPrefix="csse376_puerto_rico.GameState.java" NvrExecId="L1-0" NvrExecPrefix="csse376_puerto_rico.GameState.java" OnceExecutedId="L1-1" OnceExecutedPrefix="csse376_puerto_rico.GameState.java" OptBodyExec="true">
<StmntSeq Intrnl_Id="356">
<LocList>
<Loc EndOffset="1518" SrcFileId="8" StartOffset="1483"/>
</LocList>
<BasicStmnt CovItemId="S19" CovItemPrefix="csse376_puerto_rico.GameState.java" Intrnl_Id="357">
<LocList>
<Loc EndOffset="1518" SrcFileId="8" StartOffset="1483"/>
</LocList>
</BasicStmnt>
</StmntSeq>
<Keyword EndOffset="1455" SrcFileId="8" StartOffset="1452"/>
<LocList>
<Loc EndOffset="1523" SrcFileId="8" StartOffset="1452"/>
</LocList>
</LoopStmnt>
<BasicStmnt CovItemId="S20" CovItemPrefix="csse376_puerto_rico.GameState.java" Intrnl_Id="358">
<LocList>
<Loc EndOffset="1574" SrcFileId="8" StartOffset="1541"/>
</LocList>
</BasicStmnt>
<BasicStmnt CovItemId="S21" CovItemPrefix="csse376_puerto_rico.GameState.java" Intrnl_Id="359">
<LocList>
<Loc EndOffset="1610" SrcFileId="8" StartOffset="1578"/>
</LocList>
</BasicStmnt>
<BasicStmnt CovItemId="S22" CovItemPrefix="csse376_puerto_rico.GameState.java" Intrnl_Id="360">
<LocList>
<Loc EndOffset="1648" SrcFileId="8" StartOffset="1614"/>
</LocList>
</BasicStmnt>
<BasicStmnt CovItemId="S23" CovItemPrefix="csse376_puerto_rico.GameState.java" Intrnl_Id="361">
<LocList>
<Loc EndOffset="1685" SrcFileId="8" StartOffset="1652"/>
</LocList>
</BasicStmnt>
<BasicStmnt CovItemId="S24" CovItemPrefix="csse376_puerto_rico.GameState.java" Intrnl_Id="362">
<LocList>
<Loc EndOffset="1723" SrcFileId="8" StartOffset="1689"/>
</LocList>
</BasicStmnt>
<BasicStmnt CovItemId="S25" CovItemPrefix="csse376_puerto_rico.GameState.java" Intrnl_Id="363">
<LocList>
<Loc EndOffset="1800" SrcFileId="8" StartOffset="1777"/>
</LocList>
</BasicStmnt>
<BasicStmnt CovItemId="S26" CovItemPrefix="csse376_puerto_rico.GameState.java" Intrnl_Id="364">
<LocList>
<Loc EndOffset="1834" SrcFileId="8" StartOffset="1804"/>
</LocList>
</BasicStmnt>
<BasicStmnt CovItemId="S27" CovItemPrefix="csse376_puerto_rico.GameState.java" Intrnl_Id="365">
<LocList>
<Loc EndOffset="1870" SrcFileId="8" StartOffset="1838"/>
</LocList>
</BasicStmnt>
<BasicStmnt CovItemId="S28" CovItemPrefix="csse376_puerto_rico.GameState.java" Intrnl_Id="366">
<LocList>
<Loc EndOffset="1947" SrcFileId="8" StartOffset="1876"/>
</LocList>
</BasicStmnt>
<BasicStmnt CovItemId="S29" CovItemPrefix="csse376_puerto_rico.GameState.java" Intrnl_Id="367">
<LocList>
<Loc EndOffset="2022" SrcFileId="8" StartOffset="1951"/>
</LocList>
</BasicStmnt>
<CondStmnt CovItemId="S30" CovItemPrefix="csse376_puerto_rico.GameState.java" Intrnl_Id="368">
<Branch CovItemId="B1" CovItemPrefix="csse376_puerto_rico.GameState.java" Implct="false" Intrnl_Id="369">
<Cond/>
<LocList>
<Loc EndOffset="2187" SrcFileId="8" StartOffset="2051"/>
</LocList>
<StmntSeq Intrnl_Id="370">
<LocList>
<Loc EndOffset="2077" SrcFileId="8" StartOffset="2057"/>
<Loc EndOffset="2101" SrcFileId="8" StartOffset="2082"/>
<Loc EndOffset="2182" SrcFileId="8" StartOffset="2106"/>
</LocList>
<BasicStmnt CovItemId="S31" CovItemPrefix="csse376_puerto_rico.GameState.java" Intrnl_Id="371">
<LocList>
<Loc EndOffset="2077" SrcFileId="8" StartOffset="2057"/>
</LocList>
</BasicStmnt>
<BasicStmnt CovItemId="S32" CovItemPrefix="csse376_puerto_rico.GameState.java" Intrnl_Id="372">
<LocList>
<Loc EndOffset="2101" SrcFileId="8" StartOffset="2082"/>
</LocList>
</BasicStmnt>
<BasicStmnt CovItemId="S33" CovItemPrefix="csse376_puerto_rico.GameState.java" Intrnl_Id="373">
<LocList>
<Loc EndOffset="2182" SrcFileId="8" StartOffset="2106"/>
</LocList>
</BasicStmnt>
</StmntSeq>
</Branch>
<Branch CovItemId="B2" CovItemPrefix="csse376_puerto_rico.GameState.java" Implct="false" Intrnl_Id="374">
<Cond>
<Loc EndOffset="2192" SrcFileId="8" StartOffset="2188"/>
</Cond>
<LocList>
<Loc EndOffset="2766" SrcFileId="8" StartOffset="2193"/>
</LocList>
<StmntSeq Intrnl_Id="375">
<LocList>
<Loc EndOffset="2766" SrcFileId="8" StartOffset="2193"/>
</LocList>
<CondStmnt CovItemId="S34" CovItemPrefix="csse376_puerto_rico.GameState.java" Intrnl_Id="376">
<Branch CovItemId="B3" CovItemPrefix="csse376_puerto_rico.GameState.java" Implct="false" Intrnl_Id="377">
<Cond/>
<LocList>
<Loc EndOffset="2436" SrcFileId="8" StartOffset="2216"/>
</LocList>
<StmntSeq Intrnl_Id="378">
<LocList>
<Loc EndOffset="2242" SrcFileId="8" StartOffset="2222"/>
<Loc EndOffset="2267" SrcFileId="8" StartOffset="2247"/>
<Loc EndOffset="2348" SrcFileId="8" StartOffset="2272"/>
<Loc EndOffset="2429" SrcFileId="8" StartOffset="2353"/>
</LocList>
<BasicStmnt CovItemId="S35" CovItemPrefix="csse376_puerto_rico.GameState.java" Intrnl_Id="379">
<LocList>
<Loc EndOffset="2242" SrcFileId="8" StartOffset="2222"/>
</LocList>
</BasicStmnt>
<BasicStmnt CovItemId="S36" CovItemPrefix="csse376_puerto_rico.GameState.java" Intrnl_Id="380">
<LocList>
<Loc EndOffset="2267" SrcFileId="8" StartOffset="2247"/>
</LocList>
</BasicStmnt>
<BasicStmnt CovItemId="S37" CovItemPrefix="csse376_puerto_rico.GameState.java" Intrnl_Id="381">
<LocList>
<Loc EndOffset="2348" SrcFileId="8" StartOffset="2272"/>
</LocList>
</BasicStmnt>
<BasicStmnt CovItemId="S38" CovItemPrefix="csse376_puerto_rico.GameState.java" Intrnl_Id="382">
<LocList>
<Loc EndOffset="2429" SrcFileId="8" StartOffset="2353"/>
</LocList>
</BasicStmnt>
</StmntSeq>
</Branch>
<Branch CovItemId="B4" CovItemPrefix="csse376_puerto_rico.GameState.java" Implct="false" Intrnl_Id="383">
<Cond>
<Loc EndOffset="2441" SrcFileId="8" StartOffset="2437"/>
</Cond>
<LocList>
<Loc EndOffset="2766" SrcFileId="8" StartOffset="2442"/>
</LocList>
<StmntSeq Intrnl_Id="384">
<LocList>
<Loc EndOffset="2766" SrcFileId="8" StartOffset="2442"/>
</LocList>
<CondStmnt CovItemId="S39" CovItemPrefix="csse376_puerto_rico.GameState.java" Intrnl_Id="385">
<Branch CovItemId="B5" CovItemPrefix="csse376_puerto_rico.GameState.java" Implct="false" Intrnl_Id="386">
<Cond/>
<LocList>
<Loc EndOffset="2766" SrcFileId="8" StartOffset="2465"/>
</LocList>
<StmntSeq Intrnl_Id="387">
<LocList>
<Loc EndOffset="2491" SrcFileId="8" StartOffset="2471"/>
<Loc EndOffset="2516" SrcFileId="8" StartOffset="2496"/>
<Loc EndOffset="2599" SrcFileId="8" StartOffset="2521"/>
<Loc EndOffset="2680" SrcFileId="8" StartOffset="2604"/>
<Loc EndOffset="2761" SrcFileId="8" StartOffset="2685"/>
</LocList>
<BasicStmnt CovItemId="S40" CovItemPrefix="csse376_puerto_rico.GameState.java" Intrnl_Id="388">
<LocList>
<Loc EndOffset="2491" SrcFileId="8" StartOffset="2471"/>
</LocList>
</BasicStmnt>
<BasicStmnt CovItemId="S41" CovItemPrefix="csse376_puerto_rico.GameState.java" Intrnl_Id="389">
<LocList>
<Loc EndOffset="2516" SrcFileId="8" StartOffset="2496"/>
</LocList>
</BasicStmnt>
<BasicStmnt CovItemId="S42" CovItemPrefix="csse376_puerto_rico.GameState.java" Intrnl_Id="390">
<LocList>
<Loc EndOffset="2599" SrcFileId="8" StartOffset="2521"/>
</LocList>
</BasicStmnt>
<BasicStmnt CovItemId="S43" CovItemPrefix="csse376_puerto_rico.GameState.java" Intrnl_Id="391">
<LocList>
<Loc EndOffset="2680" SrcFileId="8" StartOffset="2604"/>
</LocList>
</BasicStmnt>
<BasicStmnt CovItemId="S44" CovItemPrefix="csse376_puerto_rico.GameState.java" Intrnl_Id="392">
<LocList>
<Loc EndOffset="2761" SrcFileId="8" StartOffset="2685"/>
</LocList>
</BasicStmnt>
</StmntSeq>
</Branch>
<Branch CovItemId="B6" CovItemPrefix="csse376_puerto_rico.GameState.java" Implct="true" Intrnl_Id="393">
<Cond/>
<LocList/>
<StmntSeq Intrnl_Id="394">
<LocList/>
</StmntSeq>
</Branch>
<Keyword EndOffset="2444" SrcFileId="8" StartOffset="2442"/>
<LocList>
<Loc EndOffset="2766" SrcFileId="8" StartOffset="2442"/>
</LocList>
<RootTerm CovItemId="C3" CovItemPrefix="csse376_puerto_rico.GameState.java" Intrnl_Id="395">
<BasicBoolTerm Intrnl_Id="396">
<LocList>
<Loc EndOffset="2463" SrcFileId="8" StartOffset="2446"/>
</LocList>
</BasicBoolTerm>
</RootTerm>
</CondStmnt>
</StmntSeq>
</Branch>
<Keyword EndOffset="2195" SrcFileId="8" StartOffset="2193"/>
<LocList>
<Loc EndOffset="2766" SrcFileId="8" StartOffset="2193"/>
</LocList>
<RootTerm CovItemId="C2" CovItemPrefix="csse376_puerto_rico.GameState.java" Intrnl_Id="397">
<BasicBoolTerm Intrnl_Id="398">
<LocList>
<Loc EndOffset="2214" SrcFileId="8" StartOffset="2197"/>
</LocList>
</BasicBoolTerm>
</RootTerm>
</CondStmnt>
</StmntSeq>
</Branch>
<Keyword EndOffset="2030" SrcFileId="8" StartOffset="2028"/>
<LocList>
<Loc EndOffset="2766" SrcFileId="8" StartOffset="2028"/>
</LocList>
<RootTerm CovItemId="C1" CovItemPrefix="csse376_puerto_rico.GameState.java" Intrnl_Id="399">
<BasicBoolTerm Intrnl_Id="400">
<LocList>
<Loc EndOffset="2049" SrcFileId="8" StartOffset="2032"/>
</LocList>
</BasicBoolTerm>
</RootTerm>
</CondStmnt>
<BasicStmnt CovItemId="S45" CovItemPrefix="csse376_puerto_rico.GameState.java" Intrnl_Id="401">
<LocList>
<Loc EndOffset="2815" SrcFileId="8" StartOffset="2800"/>
</LocList>
</BasicStmnt>
<BasicStmnt CovItemId="S46" CovItemPrefix="csse376_puerto_rico.GameState.java" Intrnl_Id="402">
<LocList>
<Loc EndOffset="2856" SrcFileId="8" StartOffset="2819"/>
</LocList>
</BasicStmnt>
<BasicStmnt CovItemId="S47" CovItemPrefix="csse376_puerto_rico.GameState.java" Intrnl_Id="403">
<LocList>
<Loc EndOffset="2904" SrcFileId="8" StartOffset="2860"/>
</LocList>
</BasicStmnt>
</StmntSeq>
</HierarchyLvl>
<HierarchyLvl HierarchyLvlId="2447" HierarchyLvlTypeId="17" Intrnl_Id="404" Name="getGood">
<Header>
<Loc EndOffset="2946" SrcFileId="8" StartOffset="2915"/>
</Header>
<LocList>
<Loc EndOffset="2981" SrcFileId="8" StartOffset="2915"/>
</LocList>
<StmntSeq Intrnl_Id="405">
<LocList>
<Loc EndOffset="2977" SrcFileId="8" StartOffset="2954"/>
</LocList>
<BasicStmnt CovItemId="S48" CovItemPrefix="csse376_puerto_rico.GameState.java" Intrnl_Id="406">
<LocList>
<Loc EndOffset="2977" SrcFileId="8" StartOffset="2954"/>
</LocList>
</BasicStmnt>
</StmntSeq>
</HierarchyLvl>
<HierarchyLvl HierarchyLvlId="2448" HierarchyLvlTypeId="17" Intrnl_Id="407" Name="addGood">
<Header>
<Loc EndOffset="3018" SrcFileId="8" StartOffset="2986"/>
</Header>
<LocList>
<Loc EndOffset="3067" SrcFileId="8" StartOffset="2986"/>
</LocList>
<StmntSeq Intrnl_Id="408">
<LocList>
<Loc EndOffset="3063" SrcFileId="8" StartOffset="3026"/>
</LocList>
<BasicStmnt CovItemId="S49" CovItemPrefix="csse376_puerto_rico.GameState.java" Intrnl_Id="409">
<LocList>
<Loc EndOffset="3063" SrcFileId="8" StartOffset="3026"/>
</LocList>
</BasicStmnt>
</StmntSeq>
</HierarchyLvl>
<HierarchyLvl HierarchyLvlId="2449" HierarchyLvlTypeId="17" Intrnl_Id="410" Name="getColonistsOnBoard">
<Header>
<Loc EndOffset="3104" SrcFileId="8" StartOffset="3072"/>
</Header>
<LocList>
<Loc EndOffset="3144" SrcFileId="8" StartOffset="3072"/>
</LocList>
<StmntSeq Intrnl_Id="411">
<LocList>
<Loc EndOffset="3140" SrcFileId="8" StartOffset="3116"/>
</LocList>
<BasicStmnt CovItemId="S50" CovItemPrefix="csse376_puerto_rico.GameState.java" Intrnl_Id="412">
<LocList>
<Loc EndOffset="3140" SrcFileId="8" StartOffset="3116"/>
</LocList>
</BasicStmnt>
</StmntSeq>
</HierarchyLvl>
<HierarchyLvl HierarchyLvlId="2450" HierarchyLvlTypeId="17" Intrnl_Id="413" Name="getColonistsTotal">
<Header>
<Loc EndOffset="3179" SrcFileId="8" StartOffset="3149"/>
</Header>
<LocList>
<Loc EndOffset="3217" SrcFileId="8" StartOffset="3149"/>
</LocList>
<StmntSeq Intrnl_Id="414">
<LocList>
<Loc EndOffset="3213" SrcFileId="8" StartOffset="3191"/>
</LocList>
<BasicStmnt CovItemId="S51" CovItemPrefix="csse376_puerto_rico.GameState.java" Intrnl_Id="415">
<LocList>
<Loc EndOffset="3213" SrcFileId="8" StartOffset="3191"/>
</LocList>
</BasicStmnt>
</StmntSeq>
</HierarchyLvl>
<HierarchyLvl HierarchyLvlId="2451" HierarchyLvlTypeId="17" Intrnl_Id="416" Name="addRolesToList">
<Header>
<Loc EndOffset="3263" SrcFileId="8" StartOffset="3223"/>
</Header>
<LocList>
<Loc EndOffset="3561" SrcFileId="8" StartOffset="3223"/>
</LocList>
<StmntSeq Intrnl_Id="417">
<LocList>
<Loc EndOffset="3293" SrcFileId="8" StartOffset="3271"/>
<Loc EndOffset="3557" SrcFileId="8" StartOffset="3297"/>
</LocList>
<BasicStmnt CovItemId="S52" CovItemPrefix="csse376_puerto_rico.GameState.java" Intrnl_Id="418">
<LocList>
<Loc EndOffset="3293" SrcFileId="8" StartOffset="3271"/>
</LocList>
</BasicStmnt>
<CondStmnt CovItemId="S53" CovItemPrefix="csse376_puerto_rico.GameState.java" Intrnl_Id="419">
<Branch CovItemId="B7" CovItemPrefix="csse376_puerto_rico.GameState.java" Implct="false" Intrnl_Id="420">
<Cond/>
<LocList>
<Loc EndOffset="3557" SrcFileId="8" StartOffset="3327"/>
</LocList>
<StmntSeq Intrnl_Id="421">
<LocList>
<Loc EndOffset="3377" SrcFileId="8" StartOffset="3333"/>
<Loc EndOffset="3474" SrcFileId="8" StartOffset="3382"/>
<Loc EndOffset="3510" SrcFileId="8" StartOffset="3479"/>
<Loc EndOffset="3552" SrcFileId="8" StartOffset="3515"/>
</LocList>
<BasicStmnt CovItemId="S54" CovItemPrefix="csse376_puerto_rico.GameState.java" Intrnl_Id="422">
<LocList>
<Loc EndOffset="3377" SrcFileId="8" StartOffset="3333"/>
</LocList>
</BasicStmnt>
<LoopStmnt CovItemId="S55" CovItemPrefix="csse376_puerto_rico.GameState.java" Intrnl_Id="423" MltplExecId="L2-2" MltplExecPrefix="csse376_puerto_rico.GameState.java" NvrExecId="L2-0" NvrExecPrefix="csse376_puerto_rico.GameState.java" OnceExecutedId="L2-1" OnceExecutedPrefix="csse376_puerto_rico.GameState.java" OptBodyExec="true">
<StmntSeq Intrnl_Id="424">
<LocList>
<Loc EndOffset="3468" SrcFileId="8" StartOffset="3431"/>
</LocList>
<BasicStmnt CovItemId="S56" CovItemPrefix="csse376_puerto_rico.GameState.java" Intrnl_Id="425">
<LocList>
<Loc EndOffset="3468" SrcFileId="8" StartOffset="3431"/>
</LocList>
</BasicStmnt>
</StmntSeq>
<Keyword EndOffset="3385" SrcFileId="8" StartOffset="3382"/>
<LocList>
<Loc EndOffset="3474" SrcFileId="8" StartOffset="3382"/>
</LocList>
<RootTerm CovItemId="C5" CovItemPrefix="csse376_puerto_rico.GameState.java" Intrnl_Id="426">
<BasicBoolTerm Intrnl_Id="427">
<LocList>
<Loc EndOffset="3414" SrcFileId="8" StartOffset="3395"/>
</LocList>
</BasicBoolTerm>
</RootTerm>
</LoopStmnt>
<BasicStmnt CovItemId="S57" CovItemPrefix="csse376_puerto_rico.GameState.java" Intrnl_Id="428">
<LocList>
<Loc EndOffset="3510" SrcFileId="8" StartOffset="3479"/>
</LocList>
</BasicStmnt>
<BasicStmnt CovItemId="S58" CovItemPrefix="csse376_puerto_rico.GameState.java" Intrnl_Id="429">
<LocList>
<Loc EndOffset="3552" SrcFileId="8" StartOffset="3515"/>
</LocList>
</BasicStmnt>
</StmntSeq>
</Branch>
<Branch CovItemId="B8" CovItemPrefix="csse376_puerto_rico.GameState.java" Implct="true" Intrnl_Id="430">
<Cond/>
<LocList/>
<StmntSeq Intrnl_Id="431">
<LocList/>
</StmntSeq>
</Branch>
<Keyword EndOffset="3299" SrcFileId="8" StartOffset="3297"/>
<LocList>
<Loc EndOffset="3557" SrcFileId="8" StartOffset="3297"/>
</LocList>
<RootTerm CovItemId="C4" CovItemPrefix="csse376_puerto_rico.GameState.java" Intrnl_Id="432">
<BasicBoolTerm Intrnl_Id="433">
<LocList>
<Loc EndOffset="3322" SrcFileId="8" StartOffset="3300"/>
</LocList>
</BasicBoolTerm>
</RootTerm>
</CondStmnt>
</StmntSeq>
</HierarchyLvl>
<HierarchyLvl HierarchyLvlId="2452" HierarchyLvlTypeId="17" Intrnl_Id="434" Name="addDoubloon">
<Header>
<Loc EndOffset="3618" SrcFileId="8" StartOffset="3567"/>
</Header>
<LocList>
<Loc EndOffset="3796" SrcFileId="8" StartOffset="3567"/>
</LocList>
<StmntSeq Intrnl_Id="435">
<LocList>
<Loc EndOffset="3792" SrcFileId="8" StartOffset="3626"/>
</LocList>
<CondStmnt CovItemId="S59" CovItemPrefix="csse376_puerto_rico.GameState.java" Intrnl_Id="436">
<Branch CovItemId="B9" CovItemPrefix="csse376_puerto_rico.GameState.java" Implct="false" Intrnl_Id="437">
<Cond/>
<LocList>
<Loc EndOffset="3792" SrcFileId="8" StartOffset="3698"/>
</LocList>
<StmntSeq Intrnl_Id="438">
<LocList>
<Loc EndOffset="3751" SrcFileId="8" StartOffset="3704"/>
<Loc EndOffset="3787" SrcFileId="8" StartOffset="3756"/>
</LocList>
<BasicStmnt CovItemId="S60" CovItemPrefix="csse376_puerto_rico.GameState.java" Intrnl_Id="439">
<LocList>
<Loc EndOffset="3751" SrcFileId="8" StartOffset="3704"/>
</LocList>
</BasicStmnt>
<BasicStmnt CovItemId="S61" CovItemPrefix="csse376_puerto_rico.GameState.java" Intrnl_Id="440">
<LocList>
<Loc EndOffset="3787" SrcFileId="8" StartOffset="3756"/>
</LocList>
</BasicStmnt>
</StmntSeq>
</Branch>
<Branch CovItemId="B10" CovItemPrefix="csse376_puerto_rico.GameState.java" Implct="true" Intrnl_Id="441">
<Cond/>
<LocList/>
<StmntSeq Intrnl_Id="442">
<LocList/>
</StmntSeq>
</Branch>
<Keyword EndOffset="3628" SrcFileId="8" StartOffset="3626"/>
<LocList>
<Loc EndOffset="3792" SrcFileId="8" StartOffset="3626"/>
</LocList>
<RootTerm CovItemId="C6" CovItemPrefix="csse376_puerto_rico.GameState.java" Intrnl_Id="443">
<OpTerm BooleanOpId="13" Intrnl_Id="444">
<BasicBoolTerm Intrnl_Id="445">
<LocList>
<Loc EndOffset="3661" SrcFileId="8" StartOffset="3629"/>
</LocList>
</BasicBoolTerm>
<BasicBoolTerm Intrnl_Id="446">
<LocList>
<Loc EndOffset="3693" SrcFileId="8" StartOffset="3665"/>
</LocList>
</BasicBoolTerm>
<LocList>
<Loc EndOffset="3664" SrcFileId="8" StartOffset="3662"/>
</LocList>
</OpTerm>
</RootTerm>
</CondStmnt>
</StmntSeq>
</HierarchyLvl>
<HierarchyLvl HierarchyLvlId="2453" HierarchyLvlTypeId="17" Intrnl_Id="447" Name="addColonistsToBoard">
<Header>
<Loc EndOffset="3836" SrcFileId="8" StartOffset="3803"/>
</Header>
<LocList>
<Loc EndOffset="4620" SrcFileId="8" StartOffset="3803"/>
</LocList>
<StmntSeq Intrnl_Id="448">
<LocList>
<Loc EndOffset="4255" SrcFileId="8" StartOffset="4242"/>
<Loc EndOffset="4503" SrcFileId="8" StartOffset="4259"/>
<Loc EndOffset="4616" SrcFileId="8" StartOffset="4507"/>
</LocList>
<BasicStmnt CovItemId="S62" CovItemPrefix="csse376_puerto_rico.GameState.java" Intrnl_Id="449">
<LocList>
<Loc EndOffset="4255" SrcFileId="8" StartOffset="4242"/>
</LocList>
</BasicStmnt>
<LoopStmnt CovItemId="S63" CovItemPrefix="csse376_puerto_rico.GameState.java" Intrnl_Id="450" MltplExecId="L3-2" MltplExecPrefix="csse376_puerto_rico.GameState.java" NvrExecId="L3-0" NvrExecPrefix="csse376_puerto_rico.GameState.java" OnceExecutedId="L3-1" OnceExecutedPrefix="csse376_puerto_rico.GameState.java" OptBodyExec="true">
<StmntSeq Intrnl_Id="451">
<LocList>
<Loc EndOffset="4392" SrcFileId="8" StartOffset="4295"/>
<Loc EndOffset="4498" SrcFileId="8" StartOffset="4397"/>
</LocList>
<LoopStmnt CovItemId="S64" CovItemPrefix="csse376_puerto_rico.GameState.java" Intrnl_Id="452" MltplExecId="L4-2" MltplExecPrefix="csse376_puerto_rico.GameState.java" NvrExecId="L4-0" NvrExecPrefix="csse376_puerto_rico.GameState.java" OnceExecutedId="L4-1" OnceExecutedPrefix="csse376_puerto_rico.GameState.java" OptBodyExec="true">
<StmntSeq Intrnl_Id="453">
<LocList>
<Loc EndOffset="4386" SrcFileId="8" StartOffset="4343"/>
</LocList>
<BasicStmnt CovItemId="S65" CovItemPrefix="csse376_puerto_rico.GameState.java" Intrnl_Id="454">
<LocList>
<Loc EndOffset="4386" SrcFileId="8" StartOffset="4343"/>
</LocList>
</BasicStmnt>
</StmntSeq>
<Keyword EndOffset="4298" SrcFileId="8" StartOffset="4295"/>
<LocList>
<Loc EndOffset="4392" SrcFileId="8" StartOffset="4295"/>
</LocList>
</LoopStmnt>
<LoopStmnt CovItemId="S66" CovItemPrefix="csse376_puerto_rico.GameState.java" Intrnl_Id="455" MltplExecId="L5-2" MltplExecPrefix="csse376_puerto_rico.GameState.java" NvrExecId="L5-0" NvrExecPrefix="csse376_puerto_rico.GameState.java" OnceExecutedId="L5-1" OnceExecutedPrefix="csse376_puerto_rico.GameState.java" OptBodyExec="true">
<StmntSeq Intrnl_Id="456">
<LocList>
<Loc EndOffset="4492" SrcFileId="8" StartOffset="4449"/>
</LocList>
<CondStmnt CovItemId="S67" CovItemPrefix="csse376_puerto_rico.GameState.java" Intrnl_Id="457">
<Branch CovItemId="B11" CovItemPrefix="csse376_puerto_rico.GameState.java" Implct="false" Intrnl_Id="458">
<Cond/>
<LocList>
<Loc EndOffset="4492" SrcFileId="8" StartOffset="4467"/>
</LocList>
<StmntSeq Intrnl_Id="459">
<LocList>
<Loc EndOffset="4485" SrcFileId="8" StartOffset="4475"/>
</LocList>
<BasicStmnt CovItemId="S68" CovItemPrefix="csse376_puerto_rico.GameState.java" Intrnl_Id="460">
<LocList>
<Loc EndOffset="4485" SrcFileId="8" StartOffset="4475"/>
</LocList>
</BasicStmnt>
</StmntSeq>
</Branch>
<Branch CovItemId="B12" CovItemPrefix="csse376_puerto_rico.GameState.java" Implct="true" Intrnl_Id="461">
<Cond/>
<LocList/>
<StmntSeq Intrnl_Id="462">
<LocList/>
</StmntSeq>
</Branch>
<Keyword EndOffset="4451" SrcFileId="8" StartOffset="4449"/>
<LocList>
<Loc EndOffset="4492" SrcFileId="8" StartOffset="4449"/>
</LocList>
<RootTerm CovItemId="C7" CovItemPrefix="csse376_puerto_rico.GameState.java" Intrnl_Id="463">
<OpTerm BooleanOpId="12" Intrnl_Id="464">
<BasicBoolTerm Intrnl_Id="465">
<LocList>
<Loc EndOffset="4465" SrcFileId="8" StartOffset="4454"/>
</LocList>
</BasicBoolTerm>
<LocList>
<Loc EndOffset="4454" SrcFileId="8" StartOffset="4453"/>
</LocList>
</OpTerm>
</RootTerm>
</CondStmnt>
</StmntSeq>
<Keyword EndOffset="4400" SrcFileId="8" StartOffset="4397"/>
<LocList>
<Loc EndOffset="4498" SrcFileId="8" StartOffset="4397"/>
</LocList>
</LoopStmnt>
</StmntSeq>
<Keyword EndOffset="4262" SrcFileId="8" StartOffset="4259"/>
<LocList>
<Loc EndOffset="4503" SrcFileId="8" StartOffset="4259"/>
</LocList>
</LoopStmnt>
<CondStmnt CovItemId="S69" CovItemPrefix="csse376_puerto_rico.GameState.java" Intrnl_Id="466">
<Branch CovItemId="B13" CovItemPrefix="csse376_puerto_rico.GameState.java" Implct="false" Intrnl_Id="467">
<Cond/>
<LocList>
<Loc EndOffset="4575" SrcFileId="8" StartOffset="4532"/>
</LocList>
<StmntSeq Intrnl_Id="468">
<LocList>
<Loc EndOffset="4570" SrcFileId="8" StartOffset="4538"/>
</LocList>
<BasicStmnt CovItemId="S70" CovItemPrefix="csse376_puerto_rico.GameState.java" Intrnl_Id="469">
<LocList>
<Loc EndOffset="4570" SrcFileId="8" StartOffset="4538"/>
</LocList>
</BasicStmnt>
</StmntSeq>
</Branch>
<Branch CovItemId="B14" CovItemPrefix="csse376_puerto_rico.GameState.java" Implct="false" Intrnl_Id="470">
<Cond>
<Loc EndOffset="4580" SrcFileId="8" StartOffset="4576"/>
</Cond>
<LocList>
<Loc EndOffset="4616" SrcFileId="8" StartOffset="4581"/>
</LocList>
<StmntSeq Intrnl_Id="471">
<LocList>
<Loc EndOffset="4611" SrcFileId="8" StartOffset="4587"/>
</LocList>
<BasicStmnt CovItemId="S71" CovItemPrefix="csse376_puerto_rico.GameState.java" Intrnl_Id="472">
<LocList>
<Loc EndOffset="4611" SrcFileId="8" StartOffset="4587"/>
</LocList>
</BasicStmnt>
</StmntSeq>
</Branch>
<Keyword EndOffset="4509" SrcFileId="8" StartOffset="4507"/>
<LocList>
<Loc EndOffset="4616" SrcFileId="8" StartOffset="4507"/>
</LocList>
<RootTerm CovItemId="C8" CovItemPrefix="csse376_puerto_rico.GameState.java" Intrnl_Id="473">
<BasicBoolTerm Intrnl_Id="474">
<LocList>
<Loc EndOffset="4530" SrcFileId="8" StartOffset="4511"/>
</LocList>
</BasicBoolTerm>
</RootTerm>
</CondStmnt>
</StmntSeq>
</HierarchyLvl>
<HierarchyLvl HierarchyLvlId="2454" HierarchyLvlTypeId="17" Intrnl_Id="475" Name="addGoodToCargoShip">
<Header>
<Loc EndOffset="4884" SrcFileId="8" StartOffset="4816"/>
</Header>
<LocList>
<Loc EndOffset="5551" SrcFileId="8" StartOffset="4816"/>
</LocList>
<StmntSeq Intrnl_Id="476">
<LocList>
<Loc EndOffset="4907" SrcFileId="8" StartOffset="4890"/>
<Loc EndOffset="5527" SrcFileId="8" StartOffset="4911"/>
<Loc EndOffset="5547" SrcFileId="8" StartOffset="5531"/>
</LocList>
<BasicStmnt CovItemId="S72" CovItemPrefix="csse376_puerto_rico.GameState.java" Intrnl_Id="477">
<LocList>
<Loc EndOffset="4907" SrcFileId="8" StartOffset="4890"/>
</LocList>
</BasicStmnt>
<CondStmnt CovItemId="S73" CovItemPrefix="csse376_puerto_rico.GameState.java" Intrnl_Id="478">
<Branch CovItemId="B15" CovItemPrefix="csse376_puerto_rico.GameState.java" Implct="false" Intrnl_Id="479">
<Cond>
<Loc EndOffset="4939" SrcFileId="8" StartOffset="4933"/>
</Cond>
<LocList>
<Loc EndOffset="5119" SrcFileId="8" StartOffset="4945"/>
</LocList>
<StmntSeq Intrnl_Id="480">
<LocList>
<Loc EndOffset="5108" SrcFileId="8" StartOffset="4945"/>
<Loc EndOffset="5119" SrcFileId="8" StartOffset="5113"/>
</LocList>
<CondStmnt CovItemId="S74" CovItemPrefix="csse376_puerto_rico.GameState.java" Intrnl_Id="481">
<Branch CovItemId="B16" CovItemPrefix="csse376_puerto_rico.GameState.java" Implct="false" Intrnl_Id="482">
<Cond/>
<LocList>
<Loc EndOffset="5072" SrcFileId="8" StartOffset="5023"/>
</LocList>
<StmntSeq Intrnl_Id="483">
<LocList>
<Loc EndOffset="5066" SrcFileId="8" StartOffset="5030"/>
</LocList>
<BasicStmnt CovItemId="S75" CovItemPrefix="csse376_puerto_rico.GameState.java" Intrnl_Id="484">
<LocList>
<Loc EndOffset="5066" SrcFileId="8" StartOffset="5030"/>
</LocList>
</BasicStmnt>
</StmntSeq>
</Branch>
<Branch CovItemId="B17" CovItemPrefix="csse376_puerto_rico.GameState.java" Implct="false" Intrnl_Id="485">
<Cond>
<Loc EndOffset="5077" SrcFileId="8" StartOffset="5073"/>
</Cond>
<LocList>
<Loc EndOffset="5108" SrcFileId="8" StartOffset="5078"/>
</LocList>
<StmntSeq Intrnl_Id="486">
<LocList>
<Loc EndOffset="5102" SrcFileId="8" StartOffset="5085"/>
</LocList>
<BasicStmnt CovItemId="S76" CovItemPrefix="csse376_puerto_rico.GameState.java" Intrnl_Id="487">
<LocList>
<Loc EndOffset="5102" SrcFileId="8" StartOffset="5085"/>
</LocList>
</BasicStmnt>
</StmntSeq>
</Branch>
<Keyword EndOffset="4947" SrcFileId="8" StartOffset="4945"/>
<LocList>
<Loc EndOffset="5108" SrcFileId="8" StartOffset="4945"/>
</LocList>
<RootTerm CovItemId="C9" CovItemPrefix="csse376_puerto_rico.GameState.java" Intrnl_Id="488">
<OpTerm BooleanOpId="14" Intrnl_Id="489">
<BasicBoolTerm Intrnl_Id="490">
<LocList>
<Loc EndOffset="4964" SrcFileId="8" StartOffset="4949"/>
</LocList>
</BasicBoolTerm>
<OpTerm BooleanOpId="13" Intrnl_Id="491">
<BasicBoolTerm Intrnl_Id="492">
<LocList>
<Loc EndOffset="4989" SrcFileId="8" StartOffset="4975"/>
</LocList>
</BasicBoolTerm>
<BasicBoolTerm Intrnl_Id="493">
<LocList>
<Loc EndOffset="5020" SrcFileId="8" StartOffset="4993"/>
</LocList>
</BasicBoolTerm>
<LocList>
<Loc EndOffset="4992" SrcFileId="8" StartOffset="4990"/>
</LocList>
</OpTerm>
<LocList>
<Loc EndOffset="4973" SrcFileId="8" StartOffset="4971"/>
</LocList>
</OpTerm>
</RootTerm>
</CondStmnt>
<BasicStmnt CovItemId="S77" CovItemPrefix="csse376_puerto_rico.GameState.java" Intrnl_Id="494">
<LocList>
<Loc EndOffset="5119" SrcFileId="8" StartOffset="5113"/>
</LocList>
</BasicStmnt>
</StmntSeq>
</Branch>
<Branch CovItemId="B18" CovItemPrefix="csse376_puerto_rico.GameState.java" Implct="false" Intrnl_Id="495">
<Cond>
<Loc EndOffset="5129" SrcFileId="8" StartOffset="5123"/>
</Cond>
<LocList>
<Loc EndOffset="5309" SrcFileId="8" StartOffset="5135"/>
</LocList>
<StmntSeq Intrnl_Id="496">
<LocList>
<Loc EndOffset="5298" SrcFileId="8" StartOffset="5135"/>
<Loc EndOffset="5309" SrcFileId="8" StartOffset="5303"/>
</LocList>
<CondStmnt CovItemId="S78" CovItemPrefix="csse376_puerto_rico.GameState.java" Intrnl_Id="497">
<Branch CovItemId="B19" CovItemPrefix="csse376_puerto_rico.GameState.java" Implct="false" Intrnl_Id="498">
<Cond/>
<LocList>
<Loc EndOffset="5262" SrcFileId="8" StartOffset="5213"/>
</LocList>
<StmntSeq Intrnl_Id="499">
<LocList>
<Loc EndOffset="5256" SrcFileId="8" StartOffset="5220"/>
</LocList>
<BasicStmnt CovItemId="S79" CovItemPrefix="csse376_puerto_rico.GameState.java" Intrnl_Id="500">
<LocList>
<Loc EndOffset="5256" SrcFileId="8" StartOffset="5220"/>
</LocList>
</BasicStmnt>
</StmntSeq>
</Branch>
<Branch CovItemId="B20" CovItemPrefix="csse376_puerto_rico.GameState.java" Implct="false" Intrnl_Id="501">
<Cond>
<Loc EndOffset="5267" SrcFileId="8" StartOffset="5263"/>
</Cond>
<LocList>
<Loc EndOffset="5298" SrcFileId="8" StartOffset="5268"/>
</LocList>
<StmntSeq Intrnl_Id="502">
<LocList>
<Loc EndOffset="5292" SrcFileId="8" StartOffset="5275"/>
</LocList>
<BasicStmnt CovItemId="S80" CovItemPrefix="csse376_puerto_rico.GameState.java" Intrnl_Id="503">
<LocList>
<Loc EndOffset="5292" SrcFileId="8" StartOffset="5275"/>
</LocList>
</BasicStmnt>
</StmntSeq>
</Branch>
<Keyword EndOffset="5137" SrcFileId="8" StartOffset="5135"/>
<LocList>
<Loc EndOffset="5298" SrcFileId="8" StartOffset="5135"/>
</LocList>
<RootTerm CovItemId="C10" CovItemPrefix="csse376_puerto_rico.GameState.java" Intrnl_Id="504">
<OpTerm BooleanOpId="14" Intrnl_Id="505">
<BasicBoolTerm Intrnl_Id="506">
<LocList>
<Loc EndOffset="5154" SrcFileId="8" StartOffset="5139"/>
</LocList>
</BasicBoolTerm>
<OpTerm BooleanOpId="13" Intrnl_Id="507">
<BasicBoolTerm Intrnl_Id="508">
<LocList>
<Loc EndOffset="5179" SrcFileId="8" StartOffset="5165"/>
</LocList>
</BasicBoolTerm>
<BasicBoolTerm Intrnl_Id="509">
<LocList>
<Loc EndOffset="5210" SrcFileId="8" StartOffset="5183"/>
</LocList>
</BasicBoolTerm>
<LocList>
<Loc EndOffset="5182" SrcFileId="8" StartOffset="5180"/>
</LocList>
</OpTerm>
<LocList>
<Loc EndOffset="5163" SrcFileId="8" StartOffset="5161"/>
</LocList>
</OpTerm>
</RootTerm>
</CondStmnt>
<BasicStmnt CovItemId="S81" CovItemPrefix="csse376_puerto_rico.GameState.java" Intrnl_Id="510">
<LocList>
<Loc EndOffset="5309" SrcFileId="8" StartOffset="5303"/>
</LocList>
</BasicStmnt>
</StmntSeq>
</Branch>
<Branch CovItemId="B21" CovItemPrefix="csse376_puerto_rico.GameState.java" Implct="false" Intrnl_Id="511">
<Cond>
<Loc EndOffset="5319" SrcFileId="8" StartOffset="5313"/>
</Cond>
<LocList>
<Loc EndOffset="5499" SrcFileId="8" StartOffset="5325"/>
</LocList>
<StmntSeq Intrnl_Id="512">
<LocList>
<Loc EndOffset="5488" SrcFileId="8" StartOffset="5325"/>
<Loc EndOffset="5499" SrcFileId="8" StartOffset="5493"/>
</LocList>
<CondStmnt CovItemId="S82" CovItemPrefix="csse376_puerto_rico.GameState.java" Intrnl_Id="513">
<Branch CovItemId="B22" CovItemPrefix="csse376_puerto_rico.GameState.java" Implct="false" Intrnl_Id="514">
<Cond/>
<LocList>
<Loc EndOffset="5452" SrcFileId="8" StartOffset="5403"/>
</LocList>
<StmntSeq Intrnl_Id="515">
<LocList>
<Loc EndOffset="5446" SrcFileId="8" StartOffset="5410"/>
</LocList>
<BasicStmnt CovItemId="S83" CovItemPrefix="csse376_puerto_rico.GameState.java" Intrnl_Id="516">
<LocList>
<Loc EndOffset="5446" SrcFileId="8" StartOffset="5410"/>
</LocList>
</BasicStmnt>
</StmntSeq>
</Branch>
<Branch CovItemId="B23" CovItemPrefix="csse376_puerto_rico.GameState.java" Implct="false" Intrnl_Id="517">
<Cond>
<Loc EndOffset="5457" SrcFileId="8" StartOffset="5453"/>
</Cond>
<LocList>
<Loc EndOffset="5488" SrcFileId="8" StartOffset="5458"/>
</LocList>
<StmntSeq Intrnl_Id="518">
<LocList>
<Loc EndOffset="5482" SrcFileId="8" StartOffset="5465"/>
</LocList>
<BasicStmnt CovItemId="S84" CovItemPrefix="csse376_puerto_rico.GameState.java" Intrnl_Id="519">
<LocList>
<Loc EndOffset="5482" SrcFileId="8" StartOffset="5465"/>
</LocList>
</BasicStmnt>
</StmntSeq>
</Branch>
<Keyword EndOffset="5327" SrcFileId="8" StartOffset="5325"/>
<LocList>
<Loc EndOffset="5488" SrcFileId="8" StartOffset="5325"/>
</LocList>
<RootTerm CovItemId="C11" CovItemPrefix="csse376_puerto_rico.GameState.java" Intrnl_Id="520">
<OpTerm BooleanOpId="14" Intrnl_Id="521">
<BasicBoolTerm Intrnl_Id="522">
<LocList>
<Loc EndOffset="5344" SrcFileId="8" StartOffset="5329"/>
</LocList>
</BasicBoolTerm>
<OpTerm BooleanOpId="13" Intrnl_Id="523">
<BasicBoolTerm Intrnl_Id="524">
<LocList>
<Loc EndOffset="5369" SrcFileId="8" StartOffset="5355"/>
</LocList>
</BasicBoolTerm>
<BasicBoolTerm Intrnl_Id="525">
<LocList>
<Loc EndOffset="5400" SrcFileId="8" StartOffset="5373"/>
</LocList>
</BasicBoolTerm>
<LocList>
<Loc EndOffset="5372" SrcFileId="8" StartOffset="5370"/>
</LocList>
</OpTerm>
<LocList>
<Loc EndOffset="5353" SrcFileId="8" StartOffset="5351"/>
</LocList>
</OpTerm>
</RootTerm>
</CondStmnt>
<BasicStmnt CovItemId="S85" CovItemPrefix="csse376_puerto_rico.GameState.java" Intrnl_Id="526">
<LocList>
<Loc EndOffset="5499" SrcFileId="8" StartOffset="5493"/>
</LocList>
</BasicStmnt>
</StmntSeq>
</Branch>
<Branch CovItemId="B24" CovItemPrefix="csse376_puerto_rico.GameState.java" Implct="false" Intrnl_Id="527">
<Cond>
<Loc EndOffset="5510" SrcFileId="8" StartOffset="5503"/>
</Cond>
<LocList>
<Loc EndOffset="5522" SrcFileId="8" StartOffset="5516"/>
</LocList>
<StmntSeq Intrnl_Id="528">
<LocList>
<Loc EndOffset="5522" SrcFileId="8" StartOffset="5516"/>
</LocList>
<BasicStmnt CovItemId="S86" CovItemPrefix="csse376_puerto_rico.GameState.java" Intrnl_Id="529">
<LocList>
<Loc EndOffset="5522" SrcFileId="8" StartOffset="5516"/>
</LocList>
</BasicStmnt>
</StmntSeq>
</Branch>
<Keyword EndOffset="4917" SrcFileId="8" StartOffset="4911"/>
<LocList>
<Loc EndOffset="5527" SrcFileId="8" StartOffset="4911"/>
</LocList>
</CondStmnt>
<BasicStmnt CovItemId="S87" CovItemPrefix="csse376_puerto_rico.GameState.java" Intrnl_Id="530">
<LocList>
<Loc EndOffset="5547" SrcFileId="8" StartOffset="5531"/>
</LocList>
</BasicStmnt>
</StmntSeq>
</HierarchyLvl>
<HierarchyLvl HierarchyLvlId="2455" HierarchyLvlTypeId="17" Intrnl_Id="531" Name="isGameEndState">
<Header>
<Loc EndOffset="5587" SrcFileId="8" StartOffset="5556"/>
</Header>
<LocList>
<Loc EndOffset="5621" SrcFileId="8" StartOffset="5556"/>
</LocList>
<StmntSeq Intrnl_Id="532">
<LocList>
<Loc EndOffset="5617" SrcFileId="8" StartOffset="5595"/>
</LocList>
<BasicStmnt CovItemId="S88" CovItemPrefix="csse376_puerto_rico.GameState.java" Intrnl_Id="533">
<LocList>
<Loc EndOffset="5617" SrcFileId="8" StartOffset="5595"/>
</LocList>
</BasicStmnt>
</StmntSeq>
</HierarchyLvl>
<HierarchyLvl HierarchyLvlId="2456" HierarchyLvlTypeId="17" Intrnl_Id="534" Name="getWinner">
<Header>
<Loc EndOffset="5651" SrcFileId="8" StartOffset="5626"/>
</Header>
<LocList>
<Loc EndOffset="5815" SrcFileId="8" StartOffset="5626"/>
</LocList>
<StmntSeq Intrnl_Id="535">
<LocList>
<Loc EndOffset="5690" SrcFileId="8" StartOffset="5657"/>
<Loc EndOffset="5794" SrcFileId="8" StartOffset="5694"/>
<Loc EndOffset="5811" SrcFileId="8" StartOffset="5800"/>
</LocList>
<BasicStmnt CovItemId="S89" CovItemPrefix="csse376_puerto_rico.GameState.java" Intrnl_Id="536">
<LocList>
<Loc EndOffset="5690" SrcFileId="8" StartOffset="5657"/>
</LocList>
</BasicStmnt>
<LoopStmnt CovItemId="S90" CovItemPrefix="csse376_puerto_rico.GameState.java" Intrnl_Id="537" MltplExecId="L6-2" MltplExecPrefix="csse376_puerto_rico.GameState.java" NvrExecId="L6-0" NvrExecPrefix="csse376_puerto_rico.GameState.java" OnceExecutedId="L6-1" OnceExecutedPrefix="csse376_puerto_rico.GameState.java" OptBodyExec="true">
<StmntSeq Intrnl_Id="538">
<LocList>
<Loc EndOffset="5789" SrcFileId="8" StartOffset="5730"/>
</LocList>
<CondStmnt CovItemId="S91" CovItemPrefix="csse376_puerto_rico.GameState.java" Intrnl_Id="539">
<Branch CovItemId="B25" CovItemPrefix="csse376_puerto_rico.GameState.java" Implct="false" Intrnl_Id="540">
<Cond/>
<LocList>
<Loc EndOffset="5789" SrcFileId="8" StartOffset="5768"/>
</LocList>
<StmntSeq Intrnl_Id="541">
<LocList>
<Loc EndOffset="5783" SrcFileId="8" StartOffset="5775"/>
</LocList>
<BasicStmnt CovItemId="S92" CovItemPrefix="csse376_puerto_rico.GameState.java" Intrnl_Id="542">
<LocList>
<Loc EndOffset="5783" SrcFileId="8" StartOffset="5775"/>
</LocList>
</BasicStmnt>
</StmntSeq>
</Branch>
<Branch CovItemId="B26" CovItemPrefix="csse376_puerto_rico.GameState.java" Implct="true" Intrnl_Id="543">
<Cond/>
<LocList/>
<StmntSeq Intrnl_Id="544">
<LocList/>
</StmntSeq>
</Branch>
<Keyword EndOffset="5732" SrcFileId="8" StartOffset="5730"/>
<LocList>
<Loc EndOffset="5789" SrcFileId="8" StartOffset="5730"/>
</LocList>
<RootTerm CovItemId="C12" CovItemPrefix="csse376_puerto_rico.GameState.java" Intrnl_Id="545">
<BasicBoolTerm Intrnl_Id="546">
<LocList>
<Loc EndOffset="5766" SrcFileId="8" StartOffset="5734"/>
</LocList>
</BasicBoolTerm>
</RootTerm>
</CondStmnt>
</StmntSeq>
<Keyword EndOffset="5697" SrcFileId="8" StartOffset="5694"/>
<LocList>
<Loc EndOffset="5794" SrcFileId="8" StartOffset="5694"/>
</LocList>
</LoopStmnt>
<BasicStmnt CovItemId="S93" CovItemPrefix="csse376_puerto_rico.GameState.java" Intrnl_Id="547">
<LocList>
<Loc EndOffset="5811" SrcFileId="8" StartOffset="5800"/>
</LocList>
</BasicStmnt>
</StmntSeq>
</HierarchyLvl>
<HierarchyLvl HierarchyLvlId="2457" HierarchyLvlTypeId="17" Intrnl_Id="548" Name="updateAtEndOfTurn">
<Header>
<Loc EndOffset="5851" SrcFileId="8" StartOffset="5820"/>
</Header>
<LocList>
<Loc EndOffset="6060" SrcFileId="8" StartOffset="5820"/>
</LocList>
<StmntSeq Intrnl_Id="549">
<LocList>
<Loc EndOffset="5879" SrcFileId="8" StartOffset="5857"/>
<Loc EndOffset="5954" SrcFileId="8" StartOffset="5907"/>
<Loc EndOffset="6005" SrcFileId="8" StartOffset="5958"/>
<Loc EndOffset="6056" SrcFileId="8" StartOffset="6009"/>
</LocList>
<BasicStmnt CovItemId="S94" CovItemPrefix="csse376_puerto_rico.GameState.java" Intrnl_Id="550">
<LocList>
<Loc EndOffset="5879" SrcFileId="8" StartOffset="5857"/>
</LocList>
</BasicStmnt>
<CondStmnt CovItemId="S95" CovItemPrefix="csse376_puerto_rico.GameState.java" Intrnl_Id="551">
<Branch CovItemId="B27" CovItemPrefix="csse376_puerto_rico.GameState.java" Implct="false" Intrnl_Id="552">
<Cond/>
<LocList>
<Loc EndOffset="5954" SrcFileId="8" StartOffset="5928"/>
</LocList>
<StmntSeq Intrnl_Id="553">
<LocList>
<Loc EndOffset="5949" SrcFileId="8" StartOffset="5934"/>
</LocList>
<BasicStmnt CovItemId="S96" CovItemPrefix="csse376_puerto_rico.GameState.java" Intrnl_Id="554">
<LocList>
<Loc EndOffset="5949" SrcFileId="8" StartOffset="5934"/>
</LocList>
</BasicStmnt>
</StmntSeq>
</Branch>
<Branch CovItemId="B28" CovItemPrefix="csse376_puerto_rico.GameState.java" Implct="true" Intrnl_Id="555">
<Cond/>
<LocList/>
<StmntSeq Intrnl_Id="556">
<LocList/>
</StmntSeq>
</Branch>
<Keyword EndOffset="5909" SrcFileId="8" StartOffset="5907"/>
<LocList>
<Loc EndOffset="5954" SrcFileId="8" StartOffset="5907"/>
</LocList>
<RootTerm CovItemId="C13" CovItemPrefix="csse376_puerto_rico.GameState.java" Intrnl_Id="557">
<BasicBoolTerm Intrnl_Id="558">
<LocList>
<Loc EndOffset="5926" SrcFileId="8" StartOffset="5911"/>
</LocList>
</BasicBoolTerm>
</RootTerm>
</CondStmnt>
<CondStmnt CovItemId="S97" CovItemPrefix="csse376_puerto_rico.GameState.java" Intrnl_Id="559">
<Branch CovItemId="B29" CovItemPrefix="csse376_puerto_rico.GameState.java" Implct="false" Intrnl_Id="560">
<Cond/>
<LocList>
<Loc EndOffset="6005" SrcFileId="8" StartOffset="5979"/>
</LocList>
<StmntSeq Intrnl_Id="561">
<LocList>
<Loc EndOffset="6000" SrcFileId="8" StartOffset="5985"/>
</LocList>
<BasicStmnt CovItemId="S98" CovItemPrefix="csse376_puerto_rico.GameState.java" Intrnl_Id="562">
<LocList>
<Loc EndOffset="6000" SrcFileId="8" StartOffset="5985"/>
</LocList>
</BasicStmnt>
</StmntSeq>
</Branch>
<Branch CovItemId="B30" CovItemPrefix="csse376_puerto_rico.GameState.java" Implct="true" Intrnl_Id="563">
<Cond/>
<LocList/>
<StmntSeq Intrnl_Id="564">
<LocList/>
</StmntSeq>
</Branch>
<Keyword EndOffset="5960" SrcFileId="8" StartOffset="5958"/>
<LocList>
<Loc EndOffset="6005" SrcFileId="8" StartOffset="5958"/>
</LocList>
<RootTerm CovItemId="C14" CovItemPrefix="csse376_puerto_rico.GameState.java" Intrnl_Id="565">
<BasicBoolTerm Intrnl_Id="566">
<LocList>
<Loc EndOffset="5977" SrcFileId="8" StartOffset="5962"/>
</LocList>
</BasicBoolTerm>
</RootTerm>
</CondStmnt>
<CondStmnt CovItemId="S99" CovItemPrefix="csse376_puerto_rico.GameState.java" Intrnl_Id="567">
<Branch CovItemId="B31" CovItemPrefix="csse376_puerto_rico.GameState.java" Implct="false" Intrnl_Id="568">
<Cond/>
<LocList>
<Loc EndOffset="6056" SrcFileId="8" StartOffset="6030"/>
</LocList>
<StmntSeq Intrnl_Id="569">
<LocList>
<Loc EndOffset="6051" SrcFileId="8" StartOffset="6036"/>
</LocList>
<BasicStmnt CovItemId="S100" CovItemPrefix="csse376_puerto_rico.GameState.java" Intrnl_Id="570">
<LocList>
<Loc EndOffset="6051" SrcFileId="8" StartOffset="6036"/>
</LocList>
</BasicStmnt>
</StmntSeq>
</Branch>
<Branch CovItemId="B32" CovItemPrefix="csse376_puerto_rico.GameState.java" Implct="true" Intrnl_Id="571">
<Cond/>
<LocList/>
<StmntSeq Intrnl_Id="572">
<LocList/>
</StmntSeq>
</Branch>
<Keyword EndOffset="6011" SrcFileId="8" StartOffset="6009"/>
<LocList>
<Loc EndOffset="6056" SrcFileId="8" StartOffset="6009"/>
</LocList>
<RootTerm CovItemId="C15" CovItemPrefix="csse376_puerto_rico.GameState.java" Intrnl_Id="573">
<BasicBoolTerm Intrnl_Id="574">
<LocList>
<Loc EndOffset="6028" SrcFileId="8" StartOffset="6013"/>
</LocList>
</BasicBoolTerm>
</RootTerm>
</CondStmnt>
</StmntSeq>
</HierarchyLvl>
</HierarchyLvl>
<HierarchyLvl HierarchyLvlId="2472" HierarchyLvlTypeId="16" Intrnl_Id="575" Name="GameBoardGUI">
<Header>
<Loc EndOffset="508" SrcFileId="9" StartOffset="483"/>
</Header>
<LocList>
<Loc EndOffset="16692" SrcFileId="9" StartOffset="483"/>
</LocList>
<HierarchyLvl HierarchyLvlId="2459" HierarchyLvlTypeId="17" Intrnl_Id="576" Name="GameBoardGUI">
<Header>
<Loc EndOffset="822" SrcFileId="9" StartOffset="801"/>
</Header>
<LocList>
<Loc EndOffset="1045" SrcFileId="9" StartOffset="801"/>
</LocList>
<StmntSeq Intrnl_Id="577">
<LocList>
<Loc EndOffset="886" SrcFileId="9" StartOffset="856"/>
<Loc EndOffset="927" SrcFileId="9" StartOffset="890"/>
<Loc EndOffset="970" SrcFileId="9" StartOffset="931"/>
<Loc EndOffset="1004" SrcFileId="9" StartOffset="974"/>
<Loc EndOffset="1041" SrcFileId="9" StartOffset="1008"/>
</LocList>
<BasicStmnt CovItemId="S1" CovItemPrefix="csse376_puerto_rico.GameBoardGUI.java" Intrnl_Id="578">
<LocList>
<Loc EndOffset="886" SrcFileId="9" StartOffset="856"/>
</LocList>
</BasicStmnt>
<BasicStmnt CovItemId="S2" CovItemPrefix="csse376_puerto_rico.GameBoardGUI.java" Intrnl_Id="579">
<LocList>
<Loc EndOffset="927" SrcFileId="9" StartOffset="890"/>
</LocList>
</BasicStmnt>
<BasicStmnt CovItemId="S3" CovItemPrefix="csse376_puerto_rico.GameBoardGUI.java" Intrnl_Id="580">
<LocList>
<Loc EndOffset="970" SrcFileId="9" StartOffset="931"/>
</LocList>
</BasicStmnt>
<BasicStmnt CovItemId="S4" CovItemPrefix="csse376_puerto_rico.GameBoardGUI.java" Intrnl_Id="581">
<LocList>
<Loc EndOffset="1004" SrcFileId="9" StartOffset="974"/>
</LocList>
</BasicStmnt>
<BasicStmnt CovItemId="S5" CovItemPrefix="csse376_puerto_rico.GameBoardGUI.java" Intrnl_Id="582">
<LocList>
<Loc EndOffset="1041" SrcFileId="9" StartOffset="1008"/>
</LocList>
</BasicStmnt>
</StmntSeq>
</HierarchyLvl>
<HierarchyLvl HierarchyLvlId="2460" HierarchyLvlTypeId="17" Intrnl_Id="583" Name="GameBoardGUI">
<Header>
<Loc EndOffset="1102" SrcFileId="9" StartOffset="1050"/>
</Header>
<LocList>
<Loc EndOffset="1879" SrcFileId="9" StartOffset="1050"/>
</LocList>
<StmntSeq Intrnl_Id="584">
<LocList>
<Loc EndOffset="1147" SrcFileId="9" StartOffset="1108"/>
<Loc EndOffset="1174" SrcFileId="9" StartOffset="1151"/>
<Loc EndOffset="1217" SrcFileId="9" StartOffset="1178"/>
<Loc EndOffset="1265" SrcFileId="9" StartOffset="1221"/>
<Loc EndOffset="1314" SrcFileId="9" StartOffset="1269"/>
<Loc EndOffset="1360" SrcFileId="9" StartOffset="1318"/>
<Loc EndOffset="1399" SrcFileId="9" StartOffset="1364"/>
<Loc EndOffset="1436" SrcFileId="9" StartOffset="1403"/>
<Loc EndOffset="1460" SrcFileId="9" StartOffset="1440"/>
<Loc EndOffset="1494" SrcFileId="9" StartOffset="1464"/>
<Loc EndOffset="1535" SrcFileId="9" StartOffset="1498"/>
<Loc EndOffset="1559" SrcFileId="9" StartOffset="1541"/>
<Loc EndOffset="1791" SrcFileId="9" StartOffset="1563"/>
<Loc EndOffset="1838" SrcFileId="9" StartOffset="1795"/>
<Loc EndOffset="1875" SrcFileId="9" StartOffset="1844"/>
</LocList>
<BasicStmnt CovItemId="S6" CovItemPrefix="csse376_puerto_rico.GameBoardGUI.java" Intrnl_Id="585">
<LocList>
<Loc EndOffset="1147" SrcFileId="9" StartOffset="1108"/>
</LocList>
</BasicStmnt>
<BasicStmnt CovItemId="S7" CovItemPrefix="csse376_puerto_rico.GameBoardGUI.java" Intrnl_Id="586">
<LocList>
<Loc EndOffset="1174" SrcFileId="9" StartOffset="1151"/>
</LocList>
</BasicStmnt>
<BasicStmnt CovItemId="S8" CovItemPrefix="csse376_puerto_rico.GameBoardGUI.java" Intrnl_Id="587">
<LocList>
<Loc EndOffset="1217" SrcFileId="9" StartOffset="1178"/>
</LocList>
</BasicStmnt>
<BasicStmnt CovItemId="S9" CovItemPrefix="csse376_puerto_rico.GameBoardGUI.java" Intrnl_Id="588">
<LocList>
<Loc EndOffset="1265" SrcFileId="9" StartOffset="1221"/>
</LocList>
</BasicStmnt>
<BasicStmnt CovItemId="S10" CovItemPrefix="csse376_puerto_rico.GameBoardGUI.java" Intrnl_Id="589">
<LocList>
<Loc EndOffset="1314" SrcFileId="9" StartOffset="1269"/>
</LocList>
</BasicStmnt>
<BasicStmnt CovItemId="S11" CovItemPrefix="csse376_puerto_rico.GameBoardGUI.java" Intrnl_Id="590">
<LocList>
<Loc EndOffset="1360" SrcFileId="9" StartOffset="1318"/>
</LocList>
</BasicStmnt>
<BasicStmnt CovItemId="S12" CovItemPrefix="csse376_puerto_rico.GameBoardGUI.java" Intrnl_Id="591">
<LocList>
<Loc EndOffset="1399" SrcFileId="9" StartOffset="1364"/>
</LocList>
</BasicStmnt>
<BasicStmnt CovItemId="S13" CovItemPrefix="csse376_puerto_rico.GameBoardGUI.java" Intrnl_Id="592">
<LocList>
<Loc EndOffset="1436" SrcFileId="9" StartOffset="1403"/>
</LocList>
</BasicStmnt>
<BasicStmnt CovItemId="S14" CovItemPrefix="csse376_puerto_rico.GameBoardGUI.java" Intrnl_Id="593">
<LocList>
<Loc EndOffset="1460" SrcFileId="9" StartOffset="1440"/>
</LocList>
</BasicStmnt>
<BasicStmnt CovItemId="S15" CovItemPrefix="csse376_puerto_rico.GameBoardGUI.java" Intrnl_Id="594">
<LocList>
<Loc EndOffset="1494" SrcFileId="9" StartOffset="1464"/>
</LocList>
</BasicStmnt>
<BasicStmnt CovItemId="S16" CovItemPrefix="csse376_puerto_rico.GameBoardGUI.java" Intrnl_Id="595">
<LocList>
<Loc EndOffset="1535" SrcFileId="9" StartOffset="1498"/>
</LocList>
</BasicStmnt>
<BasicStmnt CovItemId="S17" CovItemPrefix="csse376_puerto_rico.GameBoardGUI.java" Intrnl_Id="596">
<LocList>
<Loc EndOffset="1559" SrcFileId="9" StartOffset="1541"/>
</LocList>
</BasicStmnt>
<LoopStmnt CovItemId="S18" CovItemPrefix="csse376_puerto_rico.GameBoardGUI.java" Intrnl_Id="597" MltplExecId="L1-2" MltplExecPrefix="csse376_puerto_rico.GameBoardGUI.java" NvrExecId="L1-0" NvrExecPrefix="csse376_puerto_rico.GameBoardGUI.java" OnceExecutedId="L1-1" OnceExecutedPrefix="csse376_puerto_rico.GameBoardGUI.java" OptBodyExec="true">
<StmntSeq Intrnl_Id="598">
<LocList>
<Loc EndOffset="1719" SrcFileId="9" StartOffset="1673"/>
<Loc EndOffset="1786" SrcFileId="9" StartOffset="1724"/>
</LocList>
<BasicStmnt CovItemId="S19" CovItemPrefix="csse376_puerto_rico.GameBoardGUI.java" Intrnl_Id="599">
<LocList>
<Loc EndOffset="1719" SrcFileId="9" StartOffset="1673"/>
</LocList>
</BasicStmnt>
<CondStmnt CovItemId="S20" CovItemPrefix="csse376_puerto_rico.GameBoardGUI.java" Intrnl_Id="600">
<Branch CovItemId="B1" CovItemPrefix="csse376_puerto_rico.GameBoardGUI.java" Implct="false" Intrnl_Id="601">
<Cond/>
<LocList>
<Loc EndOffset="1786" SrcFileId="9" StartOffset="1749"/>
</LocList>
<StmntSeq Intrnl_Id="602">
<LocList>
<Loc EndOffset="1780" SrcFileId="9" StartOffset="1756"/>
</LocList>
<BasicStmnt CovItemId="S21" CovItemPrefix="csse376_puerto_rico.GameBoardGUI.java" Intrnl_Id="603">
<LocList>
<Loc EndOffset="1780" SrcFileId="9" StartOffset="1756"/>
</LocList>
</BasicStmnt>
</StmntSeq>
</Branch>
<Branch CovItemId="B2" CovItemPrefix="csse376_puerto_rico.GameBoardGUI.java" Implct="true" Intrnl_Id="604">
<Cond/>
<LocList/>
<StmntSeq Intrnl_Id="605">
<LocList/>
</StmntSeq>
</Branch>
<Keyword EndOffset="1726" SrcFileId="9" StartOffset="1724"/>
<LocList>
<Loc EndOffset="1786" SrcFileId="9" StartOffset="1724"/>
</LocList>
<RootTerm CovItemId="C2" CovItemPrefix="csse376_puerto_rico.GameBoardGUI.java" Intrnl_Id="606">
<BasicBoolTerm Intrnl_Id="607">
<LocList>
<Loc EndOffset="1747" SrcFileId="9" StartOffset="1728"/>
</LocList>
</BasicBoolTerm>
</RootTerm>
</CondStmnt>
</StmntSeq>
<Keyword EndOffset="1566" SrcFileId="9" StartOffset="1563"/>
<LocList>
<Loc EndOffset="1791" SrcFileId="9" StartOffset="1563"/>
</LocList>
<RootTerm CovItemId="C1" CovItemPrefix="csse376_puerto_rico.GameBoardGUI.java" Intrnl_Id="608">
<BasicBoolTerm Intrnl_Id="609">
<LocList>
<Loc EndOffset="1664" SrcFileId="9" StartOffset="1633"/>
</LocList>
</BasicBoolTerm>
</RootTerm>
</LoopStmnt>
<BasicStmnt CovItemId="S22" CovItemPrefix="csse376_puerto_rico.GameBoardGUI.java" Intrnl_Id="610">
<LocList>
<Loc EndOffset="1838" SrcFileId="9" StartOffset="1795"/>
</LocList>
</BasicStmnt>
<BasicStmnt CovItemId="S23" CovItemPrefix="csse376_puerto_rico.GameBoardGUI.java" Intrnl_Id="611">
<LocList>
<Loc EndOffset="1875" SrcFileId="9" StartOffset="1844"/>
</LocList>
</BasicStmnt>
</StmntSeq>
</HierarchyLvl>
<HierarchyLvl HierarchyLvlId="2461" HierarchyLvlTypeId="17" Intrnl_Id="612" Name="displayGameState">
<Header>
<Loc EndOffset="1915" SrcFileId="9" StartOffset="1884"/>
</Header>
<LocList>
<Loc EndOffset="2963" SrcFileId="9" StartOffset="1884"/>
</LocList>
<StmntSeq Intrnl_Id="613">
<LocList>
<Loc EndOffset="1977" SrcFileId="9" StartOffset="1921"/>
<Loc EndOffset="2033" SrcFileId="9" StartOffset="1981"/>
<Loc EndOffset="2093" SrcFileId="9" StartOffset="2037"/>
<Loc EndOffset="2151" SrcFileId="9" StartOffset="2097"/>
<Loc EndOffset="2213" SrcFileId="9" StartOffset="2155"/>
<Loc EndOffset="2270" SrcFileId="9" StartOffset="2217"/>
<Loc EndOffset="2801" SrcFileId="9" StartOffset="2276"/>
<Loc EndOffset="2834" SrcFileId="9" StartOffset="2805"/>
<Loc EndOffset="2863" SrcFileId="9" StartOffset="2838"/>
<Loc EndOffset="2901" SrcFileId="9" StartOffset="2867"/>
<Loc EndOffset="2959" SrcFileId="9" StartOffset="2905"/>
</LocList>
<BasicStmnt CovItemId="S24" CovItemPrefix="csse376_puerto_rico.GameBoardGUI.java" Intrnl_Id="614">
<LocList>
<Loc EndOffset="1977" SrcFileId="9" StartOffset="1921"/>
</LocList>
</BasicStmnt>
<BasicStmnt CovItemId="S25" CovItemPrefix="csse376_puerto_rico.GameBoardGUI.java" Intrnl_Id="615">
<LocList>
<Loc EndOffset="2033" SrcFileId="9" StartOffset="1981"/>
</LocList>
</BasicStmnt>
<BasicStmnt CovItemId="S26" CovItemPrefix="csse376_puerto_rico.GameBoardGUI.java" Intrnl_Id="616">
<LocList>
<Loc EndOffset="2093" SrcFileId="9" StartOffset="2037"/>
</LocList>
</BasicStmnt>
<BasicStmnt CovItemId="S27" CovItemPrefix="csse376_puerto_rico.GameBoardGUI.java" Intrnl_Id="617">
<LocList>
<Loc EndOffset="2151" SrcFileId="9" StartOffset="2097"/>
</LocList>
</BasicStmnt>
<BasicStmnt CovItemId="S28" CovItemPrefix="csse376_puerto_rico.GameBoardGUI.java" Intrnl_Id="618">
<LocList>
<Loc EndOffset="2213" SrcFileId="9" StartOffset="2155"/>
</LocList>
</BasicStmnt>
<BasicStmnt CovItemId="S29" CovItemPrefix="csse376_puerto_rico.GameBoardGUI.java" Intrnl_Id="619">
<LocList>
<Loc EndOffset="2270" SrcFileId="9" StartOffset="2217"/>
</LocList>
</BasicStmnt>
<BasicStmnt CovItemId="S30" CovItemPrefix="csse376_puerto_rico.GameBoardGUI.java" Intrnl_Id="620">
<LocList>
<Loc EndOffset="2801" SrcFileId="9" StartOffset="2276"/>
</LocList>
</BasicStmnt>
<BasicStmnt CovItemId="S31" CovItemPrefix="csse376_puerto_rico.GameBoardGUI.java" Intrnl_Id="621">
<LocList>
<Loc EndOffset="2834" SrcFileId="9" StartOffset="2805"/>
</LocList>
</BasicStmnt>
<BasicStmnt CovItemId="S32" CovItemPrefix="csse376_puerto_rico.GameBoardGUI.java" Intrnl_Id="622">
<LocList>
<Loc EndOffset="2863" SrcFileId="9" StartOffset="2838"/>
</LocList>
</BasicStmnt>
<BasicStmnt CovItemId="S33" CovItemPrefix="csse376_puerto_rico.GameBoardGUI.java" Intrnl_Id="623">
<LocList>
<Loc EndOffset="2901" SrcFileId="9" StartOffset="2867"/>
</LocList>
</BasicStmnt>
<BasicStmnt CovItemId="S34" CovItemPrefix="csse376_puerto_rico.GameBoardGUI.java" Intrnl_Id="624">
<LocList>
<Loc EndOffset="2959" SrcFileId="9" StartOffset="2905"/>
</LocList>
</BasicStmnt>
</StmntSeq>
</HierarchyLvl>
<HierarchyLvl HierarchyLvlId="2462" HierarchyLvlTypeId="17" Intrnl_Id="625" Name="updateGameStateDisplay">
<Header>
<Loc EndOffset="3005" SrcFileId="9" StartOffset="2968"/>
</Header>
<LocList>
<Loc EndOffset="3935" SrcFileId="9" StartOffset="2968"/>
</LocList>
<StmntSeq Intrnl_Id="626">
<LocList>
<Loc EndOffset="3067" SrcFileId="9" StartOffset="3011"/>
<Loc EndOffset="3123" SrcFileId="9" StartOffset="3071"/>
<Loc EndOffset="3183" SrcFileId="9" StartOffset="3127"/>
<Loc EndOffset="3241" SrcFileId="9" StartOffset="3187"/>
<Loc EndOffset="3303" SrcFileId="9" StartOffset="3245"/>
<Loc EndOffset="3360" SrcFileId="9" StartOffset="3307"/>
<Loc EndOffset="3891" SrcFileId="9" StartOffset="3366"/>
<Loc EndOffset="3931" SrcFileId="9" StartOffset="3897"/>
</LocList>
<BasicStmnt CovItemId="S35" CovItemPrefix="csse376_puerto_rico.GameBoardGUI.java" Intrnl_Id="627">
<LocList>
<Loc EndOffset="3067" SrcFileId="9" StartOffset="3011"/>
</LocList>
</BasicStmnt>
<BasicStmnt CovItemId="S36" CovItemPrefix="csse376_puerto_rico.GameBoardGUI.java" Intrnl_Id="628">
<LocList>
<Loc EndOffset="3123" SrcFileId="9" StartOffset="3071"/>
</LocList>
</BasicStmnt>
<BasicStmnt CovItemId="S37" CovItemPrefix="csse376_puerto_rico.GameBoardGUI.java" Intrnl_Id="629">
<LocList>
<Loc EndOffset="3183" SrcFileId="9" StartOffset="3127"/>
</LocList>
</BasicStmnt>
<BasicStmnt CovItemId="S38" CovItemPrefix="csse376_puerto_rico.GameBoardGUI.java" Intrnl_Id="630">
<LocList>
<Loc EndOffset="3241" SrcFileId="9" StartOffset="3187"/>
</LocList>
</BasicStmnt>
<BasicStmnt CovItemId="S39" CovItemPrefix="csse376_puerto_rico.GameBoardGUI.java" Intrnl_Id="631">
<LocList>
<Loc EndOffset="3303" SrcFileId="9" StartOffset="3245"/>
</LocList>
</BasicStmnt>
<BasicStmnt CovItemId="S40" CovItemPrefix="csse376_puerto_rico.GameBoardGUI.java" Intrnl_Id="632">
<LocList>
<Loc EndOffset="3360" SrcFileId="9" StartOffset="3307"/>
</LocList>
</BasicStmnt>
<BasicStmnt CovItemId="S41" CovItemPrefix="csse376_puerto_rico.GameBoardGUI.java" Intrnl_Id="633">
<LocList>
<Loc EndOffset="3891" SrcFileId="9" StartOffset="3366"/>
</LocList>
</BasicStmnt>
<BasicStmnt CovItemId="S42" CovItemPrefix="csse376_puerto_rico.GameBoardGUI.java" Intrnl_Id="634">
<LocList>
<Loc EndOffset="3931" SrcFileId="9" StartOffset="3897"/>
</LocList>
</BasicStmnt>
</StmntSeq>
</HierarchyLvl>
<HierarchyLvl HierarchyLvlId="2463" HierarchyLvlTypeId="17" Intrnl_Id="635" Name="displayMessageBar">
<Header>
<Loc EndOffset="3972" SrcFileId="9" StartOffset="3940"/>
</Header>
<LocList>
<Loc EndOffset="4076" SrcFileId="9" StartOffset="3940"/>
</LocList>
<StmntSeq Intrnl_Id="636">
<LocList>
<Loc EndOffset="4000" SrcFileId="9" StartOffset="3978"/>
<Loc EndOffset="4072" SrcFileId="9" StartOffset="4004"/>
</LocList>
<BasicStmnt CovItemId="S43" CovItemPrefix="csse376_puerto_rico.GameBoardGUI.java" Intrnl_Id="637">
<LocList>
<Loc EndOffset="4000" SrcFileId="9" StartOffset="3978"/>
</LocList>
</BasicStmnt>
<BasicStmnt CovItemId="S44" CovItemPrefix="csse376_puerto_rico.GameBoardGUI.java" Intrnl_Id="638">
<LocList>
<Loc EndOffset="4072" SrcFileId="9" StartOffset="4004"/>
</LocList>
</BasicStmnt>
</StmntSeq>
</HierarchyLvl>
<HierarchyLvl HierarchyLvlId="2464" HierarchyLvlTypeId="17" Intrnl_Id="639" Name="addPlayers">
<Header>
<Loc EndOffset="4132" SrcFileId="9" StartOffset="4081"/>
</Header>
<LocList>
<Loc EndOffset="4790" SrcFileId="9" StartOffset="4081"/>
</LocList>
<StmntSeq Intrnl_Id="640">
<LocList>
<Loc EndOffset="4644" SrcFileId="9" StartOffset="4182"/>
<Loc EndOffset="4693" SrcFileId="9" StartOffset="4648"/>
<Loc EndOffset="4718" SrcFileId="9" StartOffset="4699"/>
<Loc EndOffset="4742" SrcFileId="9" StartOffset="4722"/>
<Loc EndOffset="4760" SrcFileId="9" StartOffset="4746"/>
<Loc EndOffset="4786" SrcFileId="9" StartOffset="4766"/>
</LocList>
<LoopStmnt CovItemId="S45" CovItemPrefix="csse376_puerto_rico.GameBoardGUI.java" Intrnl_Id="641" MltplExecId="L2-2" MltplExecPrefix="csse376_puerto_rico.GameBoardGUI.java" NvrExecId="L2-0" NvrExecPrefix="csse376_puerto_rico.GameBoardGUI.java" OnceExecutedId="L2-1" OnceExecutedPrefix="csse376_puerto_rico.GameBoardGUI.java" OptBodyExec="true">
<StmntSeq Intrnl_Id="642">
<LocList>
<Loc EndOffset="4254" SrcFileId="9" StartOffset="4230"/>
<Loc EndOffset="4304" SrcFileId="9" StartOffset="4259"/>
<Loc EndOffset="4327" SrcFileId="9" StartOffset="4309"/>
<Loc EndOffset="4499" SrcFileId="9" StartOffset="4332"/>
<Loc EndOffset="4520" SrcFileId="9" StartOffset="4504"/>
<Loc EndOffset="4544" SrcFileId="9" StartOffset="4525"/>
<Loc EndOffset="4563" SrcFileId="9" StartOffset="4549"/>
<Loc EndOffset="4588" SrcFileId="9" StartOffset="4568"/>
<Loc EndOffset="4637" SrcFileId="9" StartOffset="4593"/>
</LocList>
<BasicStmnt CovItemId="S46" CovItemPrefix="csse376_puerto_rico.GameBoardGUI.java" Intrnl_Id="643">
<LocList>
<Loc EndOffset="4254" SrcFileId="9" StartOffset="4230"/>
</LocList>
</BasicStmnt>
<CondStmnt CovItemId="S47" CovItemPrefix="csse376_puerto_rico.GameBoardGUI.java" Intrnl_Id="644">
<Branch CovItemId="B3" CovItemPrefix="csse376_puerto_rico.GameBoardGUI.java" Implct="false" Intrnl_Id="645">
<Cond/>
<LocList>
<Loc EndOffset="4304" SrcFileId="9" StartOffset="4271"/>
</LocList>
<StmntSeq Intrnl_Id="646">
<LocList>
<Loc EndOffset="4298" SrcFileId="9" StartOffset="4278"/>
</LocList>
<BasicStmnt CovItemId="S48" CovItemPrefix="csse376_puerto_rico.GameBoardGUI.java" Intrnl_Id="647">
<LocList>
<Loc EndOffset="4298" SrcFileId="9" StartOffset="4278"/>
</LocList>
</BasicStmnt>
</StmntSeq>
</Branch>
<Branch CovItemId="B4" CovItemPrefix="csse376_puerto_rico.GameBoardGUI.java" Implct="true" Intrnl_Id="648">
<Cond/>
<LocList/>
<StmntSeq Intrnl_Id="649">
<LocList/>
</StmntSeq>
</Branch>
<Keyword EndOffset="4261" SrcFileId="9" StartOffset="4259"/>
<LocList>
<Loc EndOffset="4304" SrcFileId="9" StartOffset="4259"/>
</LocList>
<RootTerm CovItemId="C4" CovItemPrefix="csse376_puerto_rico.GameBoardGUI.java" Intrnl_Id="650">
<BasicBoolTerm Intrnl_Id="651">
<LocList>
<Loc EndOffset="4269" SrcFileId="9" StartOffset="4263"/>
</LocList>
</BasicBoolTerm>
</RootTerm>
</CondStmnt>
<BasicStmnt CovItemId="S49" CovItemPrefix="csse376_puerto_rico.GameBoardGUI.java" Intrnl_Id="652">
<LocList>
<Loc EndOffset="4327" SrcFileId="9" StartOffset="4309"/>
</LocList>
</BasicStmnt>
<BasicStmnt CovItemId="S50" CovItemPrefix="csse376_puerto_rico.GameBoardGUI.java" Intrnl_Id="653">
<LocList>
<Loc EndOffset="4499" SrcFileId="9" StartOffset="4332"/>
</LocList>
</BasicStmnt>
<BasicStmnt CovItemId="S51" CovItemPrefix="csse376_puerto_rico.GameBoardGUI.java" Intrnl_Id="654">
<LocList>
<Loc EndOffset="4520" SrcFileId="9" StartOffset="4504"/>
</LocList>
</BasicStmnt>
<BasicStmnt CovItemId="S52" CovItemPrefix="csse376_puerto_rico.GameBoardGUI.java" Intrnl_Id="655">
<LocList>
<Loc EndOffset="4544" SrcFileId="9" StartOffset="4525"/>
</LocList>
</BasicStmnt>
<BasicStmnt CovItemId="S53" CovItemPrefix="csse376_puerto_rico.GameBoardGUI.java" Intrnl_Id="656">
<LocList>
<Loc EndOffset="4563" SrcFileId="9" StartOffset="4549"/>
</LocList>
</BasicStmnt>
<BasicStmnt CovItemId="S54" CovItemPrefix="csse376_puerto_rico.GameBoardGUI.java" Intrnl_Id="657">
<LocList>
<Loc EndOffset="4588" SrcFileId="9" StartOffset="4568"/>
</LocList>
</BasicStmnt>
<BasicStmnt CovItemId="S55" CovItemPrefix="csse376_puerto_rico.GameBoardGUI.java" Intrnl_Id="658">
<LocList>
<Loc EndOffset="4637" SrcFileId="9" StartOffset="4593"/>
</LocList>
</BasicStmnt>
</StmntSeq>
<Keyword EndOffset="4185" SrcFileId="9" StartOffset="4182"/>
<LocList>
<Loc EndOffset="4644" SrcFileId="9" StartOffset="4182"/>
</LocList>
<RootTerm CovItemId="C3" CovItemPrefix="csse376_puerto_rico.GameBoardGUI.java" Intrnl_Id="659">
<BasicBoolTerm Intrnl_Id="660">
<LocList>
<Loc EndOffset="4217" SrcFileId="9" StartOffset="4198"/>
</LocList>
</BasicBoolTerm>
</RootTerm>
</LoopStmnt>
<BasicStmnt CovItemId="S56" CovItemPrefix="csse376_puerto_rico.GameBoardGUI.java" Intrnl_Id="661">
<LocList>
<Loc EndOffset="4693" SrcFileId="9" StartOffset="4648"/>
</LocList>
</BasicStmnt>
<BasicStmnt CovItemId="S57" CovItemPrefix="csse376_puerto_rico.GameBoardGUI.java" Intrnl_Id="662">
<LocList>
<Loc EndOffset="4718" SrcFileId="9" StartOffset="4699"/>
</LocList>
</BasicStmnt>
<BasicStmnt CovItemId="S58" CovItemPrefix="csse376_puerto_rico.GameBoardGUI.java" Intrnl_Id="663">
<LocList>
<Loc EndOffset="4742" SrcFileId="9" StartOffset="4722"/>
</LocList>
</BasicStmnt>
<BasicStmnt CovItemId="S59" CovItemPrefix="csse376_puerto_rico.GameBoardGUI.java" Intrnl_Id="664">
<LocList>
<Loc EndOffset="4760" SrcFileId="9" StartOffset="4746"/>
</LocList>
</BasicStmnt>
<BasicStmnt CovItemId="S60" CovItemPrefix="csse376_puerto_rico.GameBoardGUI.java" Intrnl_Id="665">
<LocList>
<Loc EndOffset="4786" SrcFileId="9" StartOffset="4766"/>
</LocList>
</BasicStmnt>
</StmntSeq>
</HierarchyLvl>
<HierarchyLvl HierarchyLvlId="2465" HierarchyLvlTypeId="17" Intrnl_Id="666" Name="getPlayers">
<Header>
<Loc EndOffset="4827" SrcFileId="9" StartOffset="4795"/>
</Header>
<LocList>
<Loc EndOffset="4857" SrcFileId="9" StartOffset="4795"/>
</LocList>
<StmntSeq Intrnl_Id="667">
<LocList>
<Loc EndOffset="4853" SrcFileId="9" StartOffset="4833"/>
</LocList>
<BasicStmnt CovItemId="S61" CovItemPrefix="csse376_puerto_rico.GameBoardGUI.java" Intrnl_Id="668">
<LocList>
<Loc EndOffset="4853" SrcFileId="9" StartOffset="4833"/>
</LocList>
</BasicStmnt>
</StmntSeq>
</HierarchyLvl>
<HierarchyLvl HierarchyLvlId="2466" HierarchyLvlTypeId="17" Intrnl_Id="669" Name="getTurnCount">
<Header>
<Loc EndOffset="4894" SrcFileId="9" StartOffset="4862"/>
</Header>
<LocList>
<Loc EndOffset="4921" SrcFileId="9" StartOffset="4862"/>
</LocList>
<StmntSeq Intrnl_Id="670">
<LocList>
<Loc EndOffset="4917" SrcFileId="9" StartOffset="4900"/>
</LocList>
<BasicStmnt CovItemId="S62" CovItemPrefix="csse376_puerto_rico.GameBoardGUI.java" Intrnl_Id="671">
<LocList>
<Loc EndOffset="4917" SrcFileId="9" StartOffset="4900"/>
</LocList>
</BasicStmnt>
</StmntSeq>
</HierarchyLvl>
<HierarchyLvl HierarchyLvlId="2467" HierarchyLvlTypeId="17" Intrnl_Id="672" Name="getPlayerText">
<Header>
<Loc EndOffset="5096" SrcFileId="9" StartOffset="4947"/>
</Header>
<LocList>
<Loc EndOffset="5534" SrcFileId="9" StartOffset="4947"/>
</LocList>
<StmntSeq Intrnl_Id="673">
<LocList>
<Loc EndOffset="5120" SrcFileId="9" StartOffset="5102"/>
<Loc EndOffset="5515" SrcFileId="9" StartOffset="5124"/>
<Loc EndOffset="5530" SrcFileId="9" StartOffset="5519"/>
</LocList>
<BasicStmnt CovItemId="S63" CovItemPrefix="csse376_puerto_rico.GameBoardGUI.java" Intrnl_Id="674">
<LocList>
<Loc EndOffset="5120" SrcFileId="9" StartOffset="5102"/>
</LocList>
</BasicStmnt>
<CondStmnt CovItemId="S64" CovItemPrefix="csse376_puerto_rico.GameBoardGUI.java" Intrnl_Id="675">
<Branch CovItemId="B5" CovItemPrefix="csse376_puerto_rico.GameBoardGUI.java" Implct="false" Intrnl_Id="676">
<Cond/>
<LocList>
<Loc EndOffset="5330" SrcFileId="9" StartOffset="5140"/>
</LocList>
<StmntSeq Intrnl_Id="677">
<LocList>
<Loc EndOffset="5323" SrcFileId="9" StartOffset="5146"/>
</LocList>
<BasicStmnt CovItemId="S65" CovItemPrefix="csse376_puerto_rico.GameBoardGUI.java" Intrnl_Id="678">
<LocList>
<Loc EndOffset="5323" SrcFileId="9" StartOffset="5146"/>
</LocList>
</BasicStmnt>
</StmntSeq>
</Branch>
<Branch CovItemId="B6" CovItemPrefix="csse376_puerto_rico.GameBoardGUI.java" Implct="false" Intrnl_Id="679">
<Cond>
<Loc EndOffset="5335" SrcFileId="9" StartOffset="5331"/>
</Cond>
<LocList>
<Loc EndOffset="5515" SrcFileId="9" StartOffset="5336"/>
</LocList>
<StmntSeq Intrnl_Id="680">
<LocList>
<Loc EndOffset="5508" SrcFileId="9" StartOffset="5342"/>
</LocList>
<BasicStmnt CovItemId="S66" CovItemPrefix="csse376_puerto_rico.GameBoardGUI.java" Intrnl_Id="681">
<LocList>
<Loc EndOffset="5508" SrcFileId="9" StartOffset="5342"/>
</LocList>
</BasicStmnt>
</StmntSeq>
</Branch>
<Keyword EndOffset="5126" SrcFileId="9" StartOffset="5124"/>
<LocList>
<Loc EndOffset="5515" SrcFileId="9" StartOffset="5124"/>
</LocList>
<RootTerm CovItemId="C5" CovItemPrefix="csse376_puerto_rico.GameBoardGUI.java" Intrnl_Id="682">
<BasicBoolTerm Intrnl_Id="683">
<LocList>
<Loc EndOffset="5138" SrcFileId="9" StartOffset="5128"/>
</LocList>
</BasicBoolTerm>
</RootTerm>
</CondStmnt>
<BasicStmnt CovItemId="S67" CovItemPrefix="csse376_puerto_rico.GameBoardGUI.java" Intrnl_Id="684">
<LocList>
<Loc EndOffset="5530" SrcFileId="9" StartOffset="5519"/>
</LocList>
</BasicStmnt>
</StmntSeq>
</HierarchyLvl>
<HierarchyLvl HierarchyLvlId="2468" HierarchyLvlTypeId="17" Intrnl_Id="685" Name="updateRoles">
<Header>
<Loc EndOffset="5564" SrcFileId="9" StartOffset="5539"/>
</Header>
<LocList>
<Loc EndOffset="6869" SrcFileId="9" StartOffset="5539"/>
</LocList>
<StmntSeq Intrnl_Id="686">
<LocList>
<Loc EndOffset="5619" SrcFileId="9" StartOffset="5572"/>
<Loc EndOffset="6774" SrcFileId="9" StartOffset="5623"/>
<Loc EndOffset="6863" SrcFileId="9" StartOffset="6778"/>
</LocList>
<BasicStmnt CovItemId="S68" CovItemPrefix="csse376_puerto_rico.GameBoardGUI.java" Intrnl_Id="687">
<LocList>
<Loc EndOffset="5619" SrcFileId="9" StartOffset="5572"/>
</LocList>
</BasicStmnt>
<LoopStmnt CovItemId="S69" CovItemPrefix="csse376_puerto_rico.GameBoardGUI.java" Intrnl_Id="688" MltplExecId="L3-2" MltplExecPrefix="csse376_puerto_rico.GameBoardGUI.java" NvrExecId="L3-0" NvrExecPrefix="csse376_puerto_rico.GameBoardGUI.java" OnceExecutedId="L3-1" OnceExecutedPrefix="csse376_puerto_rico.GameBoardGUI.java" OptBodyExec="true">
<StmntSeq Intrnl_Id="689">
<LocList>
<Loc EndOffset="5691" SrcFileId="9" StartOffset="5653"/>
<Loc EndOffset="6767" SrcFileId="9" StartOffset="5696"/>
</LocList>
<BasicStmnt CovItemId="S70" CovItemPrefix="csse376_puerto_rico.GameBoardGUI.java" Intrnl_Id="690">
<LocList>
<Loc EndOffset="5691" SrcFileId="9" StartOffset="5653"/>
</LocList>
</BasicStmnt>
<LoopStmnt CovItemId="S71" CovItemPrefix="csse376_puerto_rico.GameBoardGUI.java" Intrnl_Id="691" MltplExecId="L4-2" MltplExecPrefix="csse376_puerto_rico.GameBoardGUI.java" NvrExecId="L4-0" NvrExecPrefix="csse376_puerto_rico.GameBoardGUI.java" OnceExecutedId="L4-1" OnceExecutedPrefix="csse376_puerto_rico.GameBoardGUI.java" OptBodyExec="true">
<StmntSeq Intrnl_Id="692">
<LocList>
<Loc EndOffset="5785" SrcFileId="9" StartOffset="5749"/>
<Loc EndOffset="6109" SrcFileId="9" StartOffset="5884"/>
<Loc EndOffset="6254" SrcFileId="9" StartOffset="6220"/>
<Loc EndOffset="6281" SrcFileId="9" StartOffset="6260"/>
<Loc EndOffset="6402" SrcFileId="9" StartOffset="6355"/>
<Loc EndOffset="6430" SrcFileId="9" StartOffset="6408"/>
<Loc EndOffset="6462" SrcFileId="9" StartOffset="6436"/>
<Loc EndOffset="6482" SrcFileId="9" StartOffset="6470"/>
<Loc EndOffset="6540" SrcFileId="9" StartOffset="6505"/>
<Loc EndOffset="6618" SrcFileId="9" StartOffset="6574"/>
<Loc EndOffset="6730" SrcFileId="9" StartOffset="6624"/>
<Loc EndOffset="6761" SrcFileId="9" StartOffset="6736"/>
</LocList>
<BasicStmnt CovItemId="S72" CovItemPrefix="csse376_puerto_rico.GameBoardGUI.java" Intrnl_Id="693">
<LocList>
<Loc EndOffset="5785" SrcFileId="9" StartOffset="5749"/>
</LocList>
</BasicStmnt>
<BasicStmnt CovItemId="S73" CovItemPrefix="csse376_puerto_rico.GameBoardGUI.java" Intrnl_Id="694">
<LocList>
<Loc EndOffset="6109" SrcFileId="9" StartOffset="5884"/>
</LocList>
</BasicStmnt>
<BasicStmnt CovItemId="S74" CovItemPrefix="csse376_puerto_rico.GameBoardGUI.java" Intrnl_Id="695">
<LocList>
<Loc EndOffset="6254" SrcFileId="9" StartOffset="6220"/>
</LocList>
</BasicStmnt>
<BasicStmnt CovItemId="S75" CovItemPrefix="csse376_puerto_rico.GameBoardGUI.java" Intrnl_Id="696">
<LocList>
<Loc EndOffset="6281" SrcFileId="9" StartOffset="6260"/>
</LocList>
</BasicStmnt>
<BasicStmnt CovItemId="S76" CovItemPrefix="csse376_puerto_rico.GameBoardGUI.java" Intrnl_Id="697">
<LocList>
<Loc EndOffset="6402" SrcFileId="9" StartOffset="6355"/>
</LocList>
</BasicStmnt>
<BasicStmnt CovItemId="S77" CovItemPrefix="csse376_puerto_rico.GameBoardGUI.java" Intrnl_Id="698">
<LocList>
<Loc EndOffset="6430" SrcFileId="9" StartOffset="6408"/>
</LocList>
</BasicStmnt>
<BasicStmnt CovItemId="S78" CovItemPrefix="csse376_puerto_rico.GameBoardGUI.java" Intrnl_Id="699">
<LocList>
<Loc EndOffset="6462" SrcFileId="9" StartOffset="6436"/>
</LocList>
</BasicStmnt>
<BasicStmnt CovItemId="S79" CovItemPrefix="csse376_puerto_rico.GameBoardGUI.java" Intrnl_Id="700">
<LocList>
<Loc EndOffset="6482" SrcFileId="9" StartOffset="6470"/>
</LocList>
</BasicStmnt>
<BasicStmnt CovItemId="S80" CovItemPrefix="csse376_puerto_rico.GameBoardGUI.java" Intrnl_Id="701">
<LocList>
<Loc EndOffset="6540" SrcFileId="9" StartOffset="6505"/>
</LocList>
</BasicStmnt>
<BasicStmnt CovItemId="S81" CovItemPrefix="csse376_puerto_rico.GameBoardGUI.java" Intrnl_Id="702">
<LocList>
<Loc EndOffset="6618" SrcFileId="9" StartOffset="6574"/>
</LocList>
</BasicStmnt>
<LoopStmnt CovItemId="S82" CovItemPrefix="csse376_puerto_rico.GameBoardGUI.java" Intrnl_Id="703" MltplExecId="L5-2" MltplExecPrefix="csse376_puerto_rico.GameBoardGUI.java" NvrExecId="L5-0" NvrExecPrefix="csse376_puerto_rico.GameBoardGUI.java" OnceExecutedId="L5-1" OnceExecutedPrefix="csse376_puerto_rico.GameBoardGUI.java" OptBodyExec="true">
<StmntSeq Intrnl_Id="704">
<LocList>
<Loc EndOffset="6723" SrcFileId="9" StartOffset="6673"/>
</LocList>
<CondStmnt CovItemId="S83" CovItemPrefix="csse376_puerto_rico.GameBoardGUI.java" Intrnl_Id="705">
<Branch CovItemId="B7" CovItemPrefix="csse376_puerto_rico.GameBoardGUI.java" Implct="false" Intrnl_Id="706">
<Cond/>
<LocList>
<Loc EndOffset="6723" SrcFileId="9" StartOffset="6685"/>
</LocList>
<StmntSeq Intrnl_Id="707">
<LocList>
<Loc EndOffset="6715" SrcFileId="9" StartOffset="6694"/>
</LocList>
<BasicStmnt CovItemId="S84" CovItemPrefix="csse376_puerto_rico.GameBoardGUI.java" Intrnl_Id="708">
<LocList>
<Loc EndOffset="6715" SrcFileId="9" StartOffset="6694"/>
</LocList>
</BasicStmnt>
</StmntSeq>
</Branch>
<Branch CovItemId="B8" CovItemPrefix="csse376_puerto_rico.GameBoardGUI.java" Implct="true" Intrnl_Id="709">
<Cond/>
<LocList/>
<StmntSeq Intrnl_Id="710">
<LocList/>
</StmntSeq>
</Branch>
<Keyword EndOffset="6675" SrcFileId="9" StartOffset="6673"/>
<LocList>
<Loc EndOffset="6723" SrcFileId="9" StartOffset="6673"/>
</LocList>
<RootTerm CovItemId="C9" CovItemPrefix="csse376_puerto_rico.GameBoardGUI.java" Intrnl_Id="711">
<BasicBoolTerm Intrnl_Id="712">
<LocList>
<Loc EndOffset="6683" SrcFileId="9" StartOffset="6677"/>
</LocList>
</BasicBoolTerm>
</RootTerm>
</CondStmnt>
</StmntSeq>
<Keyword EndOffset="6627" SrcFileId="9" StartOffset="6624"/>
<LocList>
<Loc EndOffset="6730" SrcFileId="9" StartOffset="6624"/>
</LocList>
<RootTerm CovItemId="C8" CovItemPrefix="csse376_puerto_rico.GameBoardGUI.java" Intrnl_Id="713">
<BasicBoolTerm Intrnl_Id="714">
<LocList>
<Loc EndOffset="6658" SrcFileId="9" StartOffset="6640"/>
</LocList>
</BasicBoolTerm>
</RootTerm>
</LoopStmnt>
<BasicStmnt CovItemId="S85" CovItemPrefix="csse376_puerto_rico.GameBoardGUI.java" Intrnl_Id="715">
<LocList>
<Loc EndOffset="6761" SrcFileId="9" StartOffset="6736"/>
</LocList>
</BasicStmnt>
</StmntSeq>
<Keyword EndOffset="5699" SrcFileId="9" StartOffset="5696"/>
<LocList>
<Loc EndOffset="6767" SrcFileId="9" StartOffset="5696"/>
</LocList>
<RootTerm CovItemId="C7" CovItemPrefix="csse376_puerto_rico.GameBoardGUI.java" Intrnl_Id="716">
<BasicBoolTerm Intrnl_Id="717">
<LocList>
<Loc EndOffset="5735" SrcFileId="9" StartOffset="5712"/>
</LocList>
</BasicBoolTerm>
</RootTerm>
</LoopStmnt>
</StmntSeq>
<Keyword EndOffset="5628" SrcFileId="9" StartOffset="5623"/>
<LocList>
<Loc EndOffset="6774" SrcFileId="9" StartOffset="5623"/>
</LocList>
<RootTerm CovItemId="C6" CovItemPrefix="csse376_puerto_rico.GameBoardGUI.java" Intrnl_Id="718">
<OpTerm BooleanOpId="12" Intrnl_Id="719">
<BasicBoolTerm Intrnl_Id="720">
<LocList>
<Loc EndOffset="5645" SrcFileId="9" StartOffset="5631"/>
</LocList>
</BasicBoolTerm>
<LocList>
<Loc EndOffset="5631" SrcFileId="9" StartOffset="5630"/>
</LocList>
</OpTerm>
</RootTerm>
</LoopStmnt>
<BasicStmnt CovItemId="S86" CovItemPrefix="csse376_puerto_rico.GameBoardGUI.java" Intrnl_Id="721">
<LocList>
<Loc EndOffset="6863" SrcFileId="9" StartOffset="6778"/>
</LocList>
</BasicStmnt>
</StmntSeq>
</HierarchyLvl>
<HierarchyLvl HierarchyLvlId="2469" HierarchyLvlTypeId="17" Intrnl_Id="722" Name="checkEndGame">
<Header>
<Loc EndOffset="6903" SrcFileId="9" StartOffset="6874"/>
</Header>
<LocList>
<Loc EndOffset="7032" SrcFileId="9" StartOffset="6874"/>
</LocList>
<StmntSeq Intrnl_Id="723">
<LocList>
<Loc EndOffset="7028" SrcFileId="9" StartOffset="6994"/>
</LocList>
<BasicStmnt CovItemId="S87" CovItemPrefix="csse376_puerto_rico.GameBoardGUI.java" Intrnl_Id="724">
<LocList>
<Loc EndOffset="7028" SrcFileId="9" StartOffset="6994"/>
</LocList>
</BasicStmnt>
</StmntSeq>
</HierarchyLvl>
<HierarchyLvl HierarchyLvlId="2470" HierarchyLvlTypeId="17" Intrnl_Id="725" Name="updateMsgBar">
<Header>
<Loc EndOffset="7073" SrcFileId="9" StartOffset="7037"/>
</Header>
<LocList>
<Loc EndOffset="7108" SrcFileId="9" StartOffset="7037"/>
</LocList>
<StmntSeq Intrnl_Id="726">
<LocList>
<Loc EndOffset="7104" SrcFileId="9" StartOffset="7079"/>
</LocList>
<BasicStmnt CovItemId="S88" CovItemPrefix="csse376_puerto_rico.GameBoardGUI.java" Intrnl_Id="727">
<LocList>
<Loc EndOffset="7104" SrcFileId="9" StartOffset="7079"/>
</LocList>
</BasicStmnt>
</StmntSeq>
</HierarchyLvl>
<HierarchyLvl HierarchyLvlId="2471" HierarchyLvlTypeId="17" Intrnl_Id="728" Name="playRole">
<Header>
<Loc EndOffset="7146" SrcFileId="9" StartOffset="7113"/>
</Header>
<LocList>
<Loc EndOffset="16687" SrcFileId="9" StartOffset="7113"/>
</LocList>
<StmntSeq Intrnl_Id="729">
<LocList>
<Loc EndOffset="7195" SrcFileId="9" StartOffset="7158"/>
<Loc EndOffset="7230" SrcFileId="9" StartOffset="7199"/>
<Loc EndOffset="16681" SrcFileId="9" StartOffset="7236"/>
</LocList>
<BasicStmnt CovItemId="S89" CovItemPrefix="csse376_puerto_rico.GameBoardGUI.java" Intrnl_Id="730">
<LocList>
<Loc EndOffset="7195" SrcFileId="9" StartOffset="7158"/>
</LocList>
</BasicStmnt>
<BasicStmnt CovItemId="S90" CovItemPrefix="csse376_puerto_rico.GameBoardGUI.java" Intrnl_Id="731">
<LocList>
<Loc EndOffset="7230" SrcFileId="9" StartOffset="7199"/>
</LocList>
</BasicStmnt>
<CondStmnt CovItemId="S91" CovItemPrefix="csse376_puerto_rico.GameBoardGUI.java" Intrnl_Id="732">
<Branch CovItemId="B9" CovItemPrefix="csse376_puerto_rico.GameBoardGUI.java" Implct="false" Intrnl_Id="733">
<Cond/>
<LocList>
<Loc EndOffset="10431" SrcFileId="9" StartOffset="7272"/>
</LocList>
<StmntSeq Intrnl_Id="734">
<LocList>
<Loc EndOffset="10426" SrcFileId="9" StartOffset="7280"/>
</LocList>
<LoopStmnt CovItemId="S92" CovItemPrefix="csse376_puerto_rico.GameBoardGUI.java" Intrnl_Id="735" MltplExecId="L6-2" MltplExecPrefix="csse376_puerto_rico.GameBoardGUI.java" NvrExecId="L6-0" NvrExecPrefix="csse376_puerto_rico.GameBoardGUI.java" OnceExecutedId="L6-1" OnceExecutedPrefix="csse376_puerto_rico.GameBoardGUI.java" OptBodyExec="true">
<StmntSeq Intrnl_Id="736">
<LocList>
<Loc EndOffset="7427" SrcFileId="9" StartOffset="7397"/>
<Loc EndOffset="7497" SrcFileId="9" StartOffset="7435"/>
<Loc EndOffset="7528" SrcFileId="9" StartOffset="7503"/>
<Loc EndOffset="10371" SrcFileId="9" StartOffset="7534"/>
<Loc EndOffset="10418" SrcFileId="9" StartOffset="10377"/>
</LocList>
<BasicStmnt CovItemId="S93" CovItemPrefix="csse376_puerto_rico.GameBoardGUI.java" Intrnl_Id="737">
<LocList>
<Loc EndOffset="7427" SrcFileId="9" StartOffset="7397"/>
</LocList>
</BasicStmnt>
<BasicStmnt CovItemId="S94" CovItemPrefix="csse376_puerto_rico.GameBoardGUI.java" Intrnl_Id="738">
<LocList>
<Loc EndOffset="7497" SrcFileId="9" StartOffset="7435"/>
</LocList>
</BasicStmnt>
<BasicStmnt CovItemId="S95" CovItemPrefix="csse376_puerto_rico.GameBoardGUI.java" Intrnl_Id="739">
<LocList>
<Loc EndOffset="7528" SrcFileId="9" StartOffset="7503"/>
</LocList>
</BasicStmnt>
<LoopStmnt CovItemId="S96" CovItemPrefix="csse376_puerto_rico.GameBoardGUI.java" Intrnl_Id="740" MltplExecId="L7-2" MltplExecPrefix="csse376_puerto_rico.GameBoardGUI.java" NvrExecId="L7-0" NvrExecPrefix="csse376_puerto_rico.GameBoardGUI.java" OnceExecutedId="L7-1" OnceExecutedPrefix="csse376_puerto_rico.GameBoardGUI.java" OptBodyExec="true">
<StmntSeq Intrnl_Id="741">
<LocList>
<Loc EndOffset="7865" SrcFileId="9" StartOffset="7560"/>
<Loc EndOffset="10127" SrcFileId="9" StartOffset="7872"/>
<Loc EndOffset="10270" SrcFileId="9" StartOffset="10221"/>
<Loc EndOffset="10331" SrcFileId="9" StartOffset="10277"/>
<Loc EndOffset="10364" SrcFileId="9" StartOffset="10338"/>
</LocList>
<BasicStmnt CovItemId="S97" CovItemPrefix="csse376_puerto_rico.GameBoardGUI.java" Intrnl_Id="742">
<LocList>
<Loc EndOffset="7865" SrcFileId="9" StartOffset="7560"/>
</LocList>
</BasicStmnt>
<CondStmnt CovItemId="S98" CovItemPrefix="csse376_puerto_rico.GameBoardGUI.java" Intrnl_Id="743">
<Branch CovItemId="B11" CovItemPrefix="csse376_puerto_rico.GameBoardGUI.java" Implct="false" Intrnl_Id="744">
<Cond/>
<LocList>
<Loc EndOffset="9020" SrcFileId="9" StartOffset="7884"/>
</LocList>
<StmntSeq Intrnl_Id="745">
<LocList>
<Loc EndOffset="7999" SrcFileId="9" StartOffset="7893"/>
<Loc EndOffset="8038" SrcFileId="9" StartOffset="8007"/>
<Loc EndOffset="8088" SrcFileId="9" StartOffset="8046"/>
<Loc EndOffset="8394" SrcFileId="9" StartOffset="8098"/>
<Loc EndOffset="9010" SrcFileId="9" StartOffset="8402"/>
</LocList>
<BasicStmnt CovItemId="S99" CovItemPrefix="csse376_puerto_rico.GameBoardGUI.java" Intrnl_Id="746">
<LocList>
<Loc EndOffset="7999" SrcFileId="9" StartOffset="7893"/>
</LocList>
</BasicStmnt>
<BasicStmnt CovItemId="S100" CovItemPrefix="csse376_puerto_rico.GameBoardGUI.java" Intrnl_Id="747">
<LocList>
<Loc EndOffset="8038" SrcFileId="9" StartOffset="8007"/>
</LocList>
</BasicStmnt>
<BasicStmnt CovItemId="S101" CovItemPrefix="csse376_puerto_rico.GameBoardGUI.java" Intrnl_Id="748">
<LocList>
<Loc EndOffset="8088" SrcFileId="9" StartOffset="8046"/>
</LocList>
</BasicStmnt>
<BasicStmnt CovItemId="S102" CovItemPrefix="csse376_puerto_rico.GameBoardGUI.java" Intrnl_Id="749">
<LocList>
<Loc EndOffset="8394" SrcFileId="9" StartOffset="8098"/>
</LocList>
</BasicStmnt>
<CondStmnt CovItemId="S103" CovItemPrefix="csse376_puerto_rico.GameBoardGUI.java" Intrnl_Id="750">
<Branch CovItemId="B13" CovItemPrefix="csse376_puerto_rico.GameBoardGUI.java" Implct="false" Intrnl_Id="751">
<Cond/>
<LocList>
<Loc EndOffset="8909" SrcFileId="9" StartOffset="8438"/>
</LocList>
<StmntSeq Intrnl_Id="752">
<LocList>
<Loc EndOffset="8517" SrcFileId="9" StartOffset="8448"/>
<Loc EndOffset="8900" SrcFileId="9" StartOffset="8526"/>
</LocList>
<BasicStmnt CovItemId="S104" CovItemPrefix="csse376_puerto_rico.GameBoardGUI.java" Intrnl_Id="753">
<LocList>
<Loc EndOffset="8517" SrcFileId="9" StartOffset="8448"/>
</LocList>
</BasicStmnt>
<CondStmnt CovItemId="S105" CovItemPrefix="csse376_puerto_rico.GameBoardGUI.java" Intrnl_Id="754">
<Branch CovItemId="B15" CovItemPrefix="csse376_puerto_rico.GameBoardGUI.java" Implct="false" Intrnl_Id="755">
<Cond/>
<LocList>
<Loc EndOffset="8788" SrcFileId="9" StartOffset="8578"/>
</LocList>
<StmntSeq Intrnl_Id="756">
<LocList>
<Loc EndOffset="8646" SrcFileId="9" StartOffset="8589"/>
<Loc EndOffset="8672" SrcFileId="9" StartOffset="8656"/>
<Loc EndOffset="8778" SrcFileId="9" StartOffset="8682"/>
</LocList>
<BasicStmnt CovItemId="S106" CovItemPrefix="csse376_puerto_rico.GameBoardGUI.java" Intrnl_Id="757">
<LocList>
<Loc EndOffset="8646" SrcFileId="9" StartOffset="8589"/>
</LocList>
</BasicStmnt>
<BasicStmnt CovItemId="S107" CovItemPrefix="csse376_puerto_rico.GameBoardGUI.java" Intrnl_Id="758">
<LocList>
<Loc EndOffset="8672" SrcFileId="9" StartOffset="8656"/>
</LocList>
</BasicStmnt>
<BasicStmnt CovItemId="S108" CovItemPrefix="csse376_puerto_rico.GameBoardGUI.java" Intrnl_Id="759">
<LocList>
<Loc EndOffset="8778" SrcFileId="9" StartOffset="8682"/>
</LocList>
</BasicStmnt>
</StmntSeq>
</Branch>
<Branch CovItemId="B16" CovItemPrefix="csse376_puerto_rico.GameBoardGUI.java" Implct="false" Intrnl_Id="760">
<Cond>
<Loc EndOffset="8793" SrcFileId="9" StartOffset="8789"/>
</Cond>
<LocList>
<Loc EndOffset="8900" SrcFileId="9" StartOffset="8794"/>
</LocList>
<StmntSeq Intrnl_Id="761">
<LocList>
<Loc EndOffset="8890" SrcFileId="9" StartOffset="8805"/>
</LocList>
<BasicStmnt CovItemId="S109" CovItemPrefix="csse376_puerto_rico.GameBoardGUI.java" Intrnl_Id="762">
<LocList>
<Loc EndOffset="8890" SrcFileId="9" StartOffset="8805"/>
</LocList>
</BasicStmnt>
</StmntSeq>
</Branch>
<Keyword EndOffset="8528" SrcFileId="9" StartOffset="8526"/>
<LocList>
<Loc EndOffset="8900" SrcFileId="9" StartOffset="8526"/>
</LocList>
<RootTerm CovItemId="C15" CovItemPrefix="csse376_puerto_rico.GameBoardGUI.java" Intrnl_Id="763">
<BasicBoolTerm Intrnl_Id="764">
<LocList>
<Loc EndOffset="8576" SrcFileId="9" StartOffset="8530"/>
</LocList>
</BasicBoolTerm>
</RootTerm>
</CondStmnt>
</StmntSeq>
</Branch>
<Branch CovItemId="B14" CovItemPrefix="csse376_puerto_rico.GameBoardGUI.java" Implct="false" Intrnl_Id="765">
<Cond>
<Loc EndOffset="8914" SrcFileId="9" StartOffset="8910"/>
</Cond>
<LocList>
<Loc EndOffset="9010" SrcFileId="9" StartOffset="8915"/>
</LocList>
<StmntSeq Intrnl_Id="766">
<LocList>
<Loc EndOffset="8975" SrcFileId="9" StartOffset="8925"/>
<Loc EndOffset="9001" SrcFileId="9" StartOffset="8984"/>
</LocList>
<BasicStmnt CovItemId="S110" CovItemPrefix="csse376_puerto_rico.GameBoardGUI.java" Intrnl_Id="767">
<LocList>
<Loc EndOffset="8975" SrcFileId="9" StartOffset="8925"/>
</LocList>
</BasicStmnt>
<BasicStmnt CovItemId="S111" CovItemPrefix="csse376_puerto_rico.GameBoardGUI.java" Intrnl_Id="768">
<LocList>
<Loc EndOffset="9001" SrcFileId="9" StartOffset="8984"/>
</LocList>
</BasicStmnt>
</StmntSeq>
</Branch>
<Keyword EndOffset="8404" SrcFileId="9" StartOffset="8402"/>
<LocList>
<Loc EndOffset="9010" SrcFileId="9" StartOffset="8402"/>
</LocList>
<RootTerm CovItemId="C14" CovItemPrefix="csse376_puerto_rico.GameBoardGUI.java" Intrnl_Id="769">
<BasicBoolTerm Intrnl_Id="770">
<LocList>
<Loc EndOffset="8436" SrcFileId="9" StartOffset="8406"/>
</LocList>
</BasicBoolTerm>
</RootTerm>
</CondStmnt>
</StmntSeq>
</Branch>
<Branch CovItemId="B12" CovItemPrefix="csse376_puerto_rico.GameBoardGUI.java" Implct="false" Intrnl_Id="771">
<Cond>
<Loc EndOffset="9025" SrcFileId="9" StartOffset="9021"/>
</Cond>
<LocList>
<Loc EndOffset="10127" SrcFileId="9" StartOffset="9026"/>
</LocList>
<StmntSeq Intrnl_Id="772">
<LocList>
<Loc EndOffset="10127" SrcFileId="9" StartOffset="9026"/>
</LocList>
<CondStmnt CovItemId="S112" CovItemPrefix="csse376_puerto_rico.GameBoardGUI.java" Intrnl_Id="773">
<Branch CovItemId="B17" CovItemPrefix="csse376_puerto_rico.GameBoardGUI.java" Implct="false" Intrnl_Id="774">
<Cond/>
<LocList>
<Loc EndOffset="10067" SrcFileId="9" StartOffset="9038"/>
</LocList>
<StmntSeq Intrnl_Id="775">
<LocList>
<Loc EndOffset="9152" SrcFileId="9" StartOffset="9047"/>
<Loc EndOffset="9188" SrcFileId="9" StartOffset="9160"/>
<Loc EndOffset="9235" SrcFileId="9" StartOffset="9196"/>
<Loc EndOffset="9545" SrcFileId="9" StartOffset="9245"/>
<Loc EndOffset="10059" SrcFileId="9" StartOffset="9553"/>
</LocList>
<BasicStmnt CovItemId="S113" CovItemPrefix="csse376_puerto_rico.GameBoardGUI.java" Intrnl_Id="776">
<LocList>
<Loc EndOffset="9152" SrcFileId="9" StartOffset="9047"/>
</LocList>
</BasicStmnt>
<BasicStmnt CovItemId="S114" CovItemPrefix="csse376_puerto_rico.GameBoardGUI.java" Intrnl_Id="777">
<LocList>
<Loc EndOffset="9188" SrcFileId="9" StartOffset="9160"/>
</LocList>
</BasicStmnt>
<BasicStmnt CovItemId="S115" CovItemPrefix="csse376_puerto_rico.GameBoardGUI.java" Intrnl_Id="778">
<LocList>
<Loc EndOffset="9235" SrcFileId="9" StartOffset="9196"/>
</LocList>
</BasicStmnt>
<BasicStmnt CovItemId="S116" CovItemPrefix="csse376_puerto_rico.GameBoardGUI.java" Intrnl_Id="779">
<LocList>
<Loc EndOffset="9545" SrcFileId="9" StartOffset="9245"/>
</LocList>
</BasicStmnt>
<CondStmnt CovItemId="S117" CovItemPrefix="csse376_puerto_rico.GameBoardGUI.java" Intrnl_Id="780">
<Branch CovItemId="B19" CovItemPrefix="csse376_puerto_rico.GameBoardGUI.java" Implct="false" Intrnl_Id="781">
<Cond/>
<LocList>
<Loc EndOffset="9958" SrcFileId="9" StartOffset="9591"/>
</LocList>
<StmntSeq Intrnl_Id="782">
<LocList>
<Loc EndOffset="9680" SrcFileId="9" StartOffset="9601"/>
<Loc EndOffset="9949" SrcFileId="9" StartOffset="9689"/>
</LocList>
<BasicStmnt CovItemId="S118" CovItemPrefix="csse376_puerto_rico.GameBoardGUI.java" Intrnl_Id="783">
<LocList>
<Loc EndOffset="9680" SrcFileId="9" StartOffset="9601"/>
</LocList>
</BasicStmnt>
<CondStmnt CovItemId="S119" CovItemPrefix="csse376_puerto_rico.GameBoardGUI.java" Intrnl_Id="784">
<Branch CovItemId="B21" CovItemPrefix="csse376_puerto_rico.GameBoardGUI.java" Implct="false" Intrnl_Id="785">
<Cond/>
<LocList>
<Loc EndOffset="9786" SrcFileId="9" StartOffset="9716"/>
</LocList>
<StmntSeq Intrnl_Id="786">
<LocList>
<Loc EndOffset="9776" SrcFileId="9" StartOffset="9727"/>
</LocList>
<BasicStmnt CovItemId="S120" CovItemPrefix="csse376_puerto_rico.GameBoardGUI.java" Intrnl_Id="787">
<LocList>
<Loc EndOffset="9776" SrcFileId="9" StartOffset="9727"/>
</LocList>
</BasicStmnt>
</StmntSeq>
</Branch>
<Branch CovItemId="B22" CovItemPrefix="csse376_puerto_rico.GameBoardGUI.java" Implct="false" Intrnl_Id="788">
<Cond>
<Loc EndOffset="9791" SrcFileId="9" StartOffset="9787"/>
</Cond>
<LocList>
<Loc EndOffset="9949" SrcFileId="9" StartOffset="9792"/>
</LocList>
<StmntSeq Intrnl_Id="789">
<LocList>
<Loc EndOffset="9832" SrcFileId="9" StartOffset="9803"/>
<Loc EndOffset="9858" SrcFileId="9" StartOffset="9842"/>
<Loc EndOffset="9939" SrcFileId="9" StartOffset="9868"/>
</LocList>
<BasicStmnt CovItemId="S121" CovItemPrefix="csse376_puerto_rico.GameBoardGUI.java" Intrnl_Id="790">
<LocList>
<Loc EndOffset="9832" SrcFileId="9" StartOffset="9803"/>
</LocList>
</BasicStmnt>
<BasicStmnt CovItemId="S122" CovItemPrefix="csse376_puerto_rico.GameBoardGUI.java" Intrnl_Id="791">
<LocList>
<Loc EndOffset="9858" SrcFileId="9" StartOffset="9842"/>
</LocList>
</BasicStmnt>
<BasicStmnt CovItemId="S123" CovItemPrefix="csse376_puerto_rico.GameBoardGUI.java" Intrnl_Id="792">
<LocList>
<Loc EndOffset="9939" SrcFileId="9" StartOffset="9868"/>
</LocList>
</BasicStmnt>
</StmntSeq>
</Branch>
<Keyword EndOffset="9691" SrcFileId="9" StartOffset="9689"/>
<LocList>
<Loc EndOffset="9949" SrcFileId="9" StartOffset="9689"/>
</LocList>
<RootTerm CovItemId="C18" CovItemPrefix="csse376_puerto_rico.GameBoardGUI.java" Intrnl_Id="793">
<BasicBoolTerm Intrnl_Id="794">
<LocList>
<Loc EndOffset="9714" SrcFileId="9" StartOffset="9693"/>
</LocList>
</BasicBoolTerm>
</RootTerm>
</CondStmnt>
</StmntSeq>
</Branch>
<Branch CovItemId="B20" CovItemPrefix="csse376_puerto_rico.GameBoardGUI.java" Implct="false" Intrnl_Id="795">
<Cond>
<Loc EndOffset="9963" SrcFileId="9" StartOffset="9959"/>
</Cond>
<LocList>
<Loc EndOffset="10059" SrcFileId="9" StartOffset="9964"/>
</LocList>
<StmntSeq Intrnl_Id="796">
<LocList>
<Loc EndOffset="10024" SrcFileId="9" StartOffset="9974"/>
<Loc EndOffset="10050" SrcFileId="9" StartOffset="10033"/>
</LocList>
<BasicStmnt CovItemId="S124" CovItemPrefix="csse376_puerto_rico.GameBoardGUI.java" Intrnl_Id="797">
<LocList>
<Loc EndOffset="10024" SrcFileId="9" StartOffset="9974"/>
</LocList>
</BasicStmnt>
<BasicStmnt CovItemId="S125" CovItemPrefix="csse376_puerto_rico.GameBoardGUI.java" Intrnl_Id="798">
<LocList>
<Loc EndOffset="10050" SrcFileId="9" StartOffset="10033"/>
</LocList>
</BasicStmnt>
</StmntSeq>
</Branch>
<Keyword EndOffset="9555" SrcFileId="9" StartOffset="9553"/>
<LocList>
<Loc EndOffset="10059" SrcFileId="9" StartOffset="9553"/>
</LocList>
<RootTerm CovItemId="C17" CovItemPrefix="csse376_puerto_rico.GameBoardGUI.java" Intrnl_Id="799">
<BasicBoolTerm Intrnl_Id="800">
<LocList>
<Loc EndOffset="9589" SrcFileId="9" StartOffset="9557"/>
</LocList>
</BasicBoolTerm>
</RootTerm>
</CondStmnt>
</StmntSeq>
</Branch>
<Branch CovItemId="B18" CovItemPrefix="csse376_puerto_rico.GameBoardGUI.java" Implct="false" Intrnl_Id="801">
<Cond>
<Loc EndOffset="10072" SrcFileId="9" StartOffset="10068"/>
</Cond>
<LocList>
<Loc EndOffset="10127" SrcFileId="9" StartOffset="10073"/>
</LocList>
<StmntSeq Intrnl_Id="802">
<LocList>
<Loc EndOffset="10119" SrcFileId="9" StartOffset="10103"/>
</LocList>
<BasicStmnt CovItemId="S126" CovItemPrefix="csse376_puerto_rico.GameBoardGUI.java" Intrnl_Id="803">
<LocList>
<Loc EndOffset="10119" SrcFileId="9" StartOffset="10103"/>
</LocList>
</BasicStmnt>
</StmntSeq>
</Branch>
<Keyword EndOffset="9028" SrcFileId="9" StartOffset="9026"/>
<LocList>
<Loc EndOffset="10127" SrcFileId="9" StartOffset="9026"/>
</LocList>
<RootTerm CovItemId="C16" CovItemPrefix="csse376_puerto_rico.GameBoardGUI.java" Intrnl_Id="804">
<BasicBoolTerm Intrnl_Id="805">
<LocList>
<Loc EndOffset="9036" SrcFileId="9" StartOffset="9030"/>
</LocList>
</BasicBoolTerm>
</RootTerm>
</CondStmnt>
</StmntSeq>
</Branch>
<Keyword EndOffset="7874" SrcFileId="9" StartOffset="7872"/>
<LocList>
<Loc EndOffset="10127" SrcFileId="9" StartOffset="7872"/>
</LocList>
<RootTerm CovItemId="C13" CovItemPrefix="csse376_puerto_rico.GameBoardGUI.java" Intrnl_Id="806">
<BasicBoolTerm Intrnl_Id="807">
<LocList>
<Loc EndOffset="7882" SrcFileId="9" StartOffset="7876"/>
</LocList>
</BasicBoolTerm>
</RootTerm>
</CondStmnt>
<BasicStmnt CovItemId="S127" CovItemPrefix="csse376_puerto_rico.GameBoardGUI.java" Intrnl_Id="808">
<LocList>
<Loc EndOffset="10270" SrcFileId="9" StartOffset="10221"/>
</LocList>
</BasicStmnt>
<BasicStmnt CovItemId="S128" CovItemPrefix="csse376_puerto_rico.GameBoardGUI.java" Intrnl_Id="809">
<LocList>
<Loc EndOffset="10331" SrcFileId="9" StartOffset="10277"/>
</LocList>
</BasicStmnt>
<BasicStmnt CovItemId="S129" CovItemPrefix="csse376_puerto_rico.GameBoardGUI.java" Intrnl_Id="810">
<LocList>
<Loc EndOffset="10364" SrcFileId="9" StartOffset="10338"/>
</LocList>
</BasicStmnt>
</StmntSeq>
<Keyword EndOffset="7539" SrcFileId="9" StartOffset="7534"/>
<LocList>
<Loc EndOffset="10371" SrcFileId="9" StartOffset="7534"/>
</LocList>
<RootTerm CovItemId="C12" CovItemPrefix="csse376_puerto_rico.GameBoardGUI.java" Intrnl_Id="811">
<OpTerm BooleanOpId="12" Intrnl_Id="812">
<BasicBoolTerm Intrnl_Id="813">
<LocList>
<Loc EndOffset="7550" SrcFileId="9" StartOffset="7542"/>
</LocList>
</BasicBoolTerm>
<LocList>
<Loc EndOffset="7542" SrcFileId="9" StartOffset="7541"/>
</LocList>
</OpTerm>
</RootTerm>
</LoopStmnt>
<BasicStmnt CovItemId="S130" CovItemPrefix="csse376_puerto_rico.GameBoardGUI.java" Intrnl_Id="814">
<LocList>
<Loc EndOffset="10418" SrcFileId="9" StartOffset="10377"/>
</LocList>
</BasicStmnt>
</StmntSeq>
<Keyword EndOffset="7283" SrcFileId="9" StartOffset="7280"/>
<LocList>
<Loc EndOffset="10426" SrcFileId="9" StartOffset="7280"/>
</LocList>
<RootTerm CovItemId="C11" CovItemPrefix="csse376_puerto_rico.GameBoardGUI.java" Intrnl_Id="815">
<BasicBoolTerm Intrnl_Id="816">
<LocList>
<Loc EndOffset="7314" SrcFileId="9" StartOffset="7296"/>
</LocList>
</BasicBoolTerm>
</RootTerm>
</LoopStmnt>
</StmntSeq>
</Branch>
<Branch CovItemId="B10" CovItemPrefix="csse376_puerto_rico.GameBoardGUI.java" Implct="false" Intrnl_Id="817">
<Cond>
<Loc EndOffset="10436" SrcFileId="9" StartOffset="10432"/>
</Cond>
<LocList>
<Loc EndOffset="16681" SrcFileId="9" StartOffset="10437"/>
</LocList>
<StmntSeq Intrnl_Id="818">
<LocList>
<Loc EndOffset="16681" SrcFileId="9" StartOffset="10437"/>
</LocList>
<CondStmnt CovItemId="S131" CovItemPrefix="csse376_puerto_rico.GameBoardGUI.java" Intrnl_Id="819">
<Branch CovItemId="B23" CovItemPrefix="csse376_puerto_rico.GameBoardGUI.java" Implct="false" Intrnl_Id="820">
<Cond/>
<LocList>
<Loc EndOffset="11782" SrcFileId="9" StartOffset="10475"/>
</LocList>
<StmntSeq Intrnl_Id="821">
<LocList>
<Loc EndOffset="10528" SrcFileId="9" StartOffset="10481"/>
<Loc EndOffset="10563" SrcFileId="9" StartOffset="10533"/>
<Loc EndOffset="11777" SrcFileId="9" StartOffset="10570"/>
</LocList>
<BasicStmnt CovItemId="S132" CovItemPrefix="csse376_puerto_rico.GameBoardGUI.java" Intrnl_Id="822">
<LocList>
<Loc EndOffset="10528" SrcFileId="9" StartOffset="10481"/>
</LocList>
</BasicStmnt>
<BasicStmnt CovItemId="S133" CovItemPrefix="csse376_puerto_rico.GameBoardGUI.java" Intrnl_Id="823">
<LocList>
<Loc EndOffset="10563" SrcFileId="9" StartOffset="10533"/>
</LocList>
</BasicStmnt>
<LoopStmnt CovItemId="S134" CovItemPrefix="csse376_puerto_rico.GameBoardGUI.java" Intrnl_Id="824" MltplExecId="L8-2" MltplExecPrefix="csse376_puerto_rico.GameBoardGUI.java" NvrExecId="L8-0" NvrExecPrefix="csse376_puerto_rico.GameBoardGUI.java" OnceExecutedId="L8-1" OnceExecutedPrefix="csse376_puerto_rico.GameBoardGUI.java" OptBodyExec="true">
<StmntSeq Intrnl_Id="825">
<LocList>
<Loc EndOffset="10648" SrcFileId="9" StartOffset="10618"/>
<Loc EndOffset="10682" SrcFileId="9" StartOffset="10654"/>
<Loc EndOffset="10732" SrcFileId="9" StartOffset="10690"/>
<Loc EndOffset="10789" SrcFileId="9" StartOffset="10738"/>
<Loc EndOffset="10926" SrcFileId="9" StartOffset="10795"/>
<Loc EndOffset="10954" SrcFileId="9" StartOffset="10932"/>
<Loc EndOffset="10996" SrcFileId="9" StartOffset="10960"/>
<Loc EndOffset="11287" SrcFileId="9" StartOffset="11044"/>
<Loc EndOffset="11485" SrcFileId="9" StartOffset="11293"/>
<Loc EndOffset="11628" SrcFileId="9" StartOffset="11577"/>
<Loc EndOffset="11690" SrcFileId="9" StartOffset="11634"/>
<Loc EndOffset="11722" SrcFileId="9" StartOffset="11696"/>
<Loc EndOffset="11769" SrcFileId="9" StartOffset="11728"/>
</LocList>
<BasicStmnt CovItemId="S135" CovItemPrefix="csse376_puerto_rico.GameBoardGUI.java" Intrnl_Id="826">
<LocList>
<Loc EndOffset="10648" SrcFileId="9" StartOffset="10618"/>
</LocList>
</BasicStmnt>
<BasicStmnt CovItemId="S136" CovItemPrefix="csse376_puerto_rico.GameBoardGUI.java" Intrnl_Id="827">
<LocList>
<Loc EndOffset="10682" SrcFileId="9" StartOffset="10654"/>
</LocList>
</BasicStmnt>
<BasicStmnt CovItemId="S137" CovItemPrefix="csse376_puerto_rico.GameBoardGUI.java" Intrnl_Id="828">
<LocList>
<Loc EndOffset="10732" SrcFileId="9" StartOffset="10690"/>
</LocList>
</BasicStmnt>
<BasicStmnt CovItemId="S138" CovItemPrefix="csse376_puerto_rico.GameBoardGUI.java" Intrnl_Id="829">
<LocList>
<Loc EndOffset="10789" SrcFileId="9" StartOffset="10738"/>
</LocList>
</BasicStmnt>
<LoopStmnt CovItemId="S139" CovItemPrefix="csse376_puerto_rico.GameBoardGUI.java" Intrnl_Id="830" MltplExecId="L9-2" MltplExecPrefix="csse376_puerto_rico.GameBoardGUI.java" NvrExecId="L9-0" NvrExecPrefix="csse376_puerto_rico.GameBoardGUI.java" OnceExecutedId="L9-1" OnceExecutedPrefix="csse376_puerto_rico.GameBoardGUI.java" OptBodyExec="true">
<StmntSeq Intrnl_Id="831">
<LocList>
<Loc EndOffset="10919" SrcFileId="9" StartOffset="10832"/>
</LocList>
<CondStmnt CovItemId="S140" CovItemPrefix="csse376_puerto_rico.GameBoardGUI.java" Intrnl_Id="832">
<Branch CovItemId="B25" CovItemPrefix="csse376_puerto_rico.GameBoardGUI.java" Implct="false" Intrnl_Id="833">
<Cond/>
<LocList>
<Loc EndOffset="10919" SrcFileId="9" StartOffset="10876"/>
</LocList>
<StmntSeq Intrnl_Id="834">
<LocList>
<Loc EndOffset="10911" SrcFileId="9" StartOffset="10885"/>
</LocList>
<BasicStmnt CovItemId="S141" CovItemPrefix="csse376_puerto_rico.GameBoardGUI.java" Intrnl_Id="835">
<LocList>
<Loc EndOffset="10911" SrcFileId="9" StartOffset="10885"/>
</LocList>
</BasicStmnt>
</StmntSeq>
</Branch>
<Branch CovItemId="B26" CovItemPrefix="csse376_puerto_rico.GameBoardGUI.java" Implct="true" Intrnl_Id="836">
<Cond/>
<LocList/>
<StmntSeq Intrnl_Id="837">
<LocList/>
</StmntSeq>
</Branch>
<Keyword EndOffset="10834" SrcFileId="9" StartOffset="10832"/>
<LocList>
<Loc EndOffset="10919" SrcFileId="9" StartOffset="10832"/>
</LocList>
<RootTerm CovItemId="C21" CovItemPrefix="csse376_puerto_rico.GameBoardGUI.java" Intrnl_Id="838">
<BasicBoolTerm Intrnl_Id="839">
<LocList>
<Loc EndOffset="10874" SrcFileId="9" StartOffset="10836"/>
</LocList>
</BasicBoolTerm>
</RootTerm>
</CondStmnt>
</StmntSeq>
<Keyword EndOffset="10798" SrcFileId="9" StartOffset="10795"/>
<LocList>
<Loc EndOffset="10926" SrcFileId="9" StartOffset="10795"/>
</LocList>
</LoopStmnt>
<BasicStmnt CovItemId="S142" CovItemPrefix="csse376_puerto_rico.GameBoardGUI.java" Intrnl_Id="840">
<LocList>
<Loc EndOffset="10954" SrcFileId="9" StartOffset="10932"/>
</LocList>
</BasicStmnt>
<BasicStmnt CovItemId="S143" CovItemPrefix="csse376_puerto_rico.GameBoardGUI.java" Intrnl_Id="841">
<LocList>
<Loc EndOffset="10996" SrcFileId="9" StartOffset="10960"/>
</LocList>
</BasicStmnt>
<BasicStmnt CovItemId="S144" CovItemPrefix="csse376_puerto_rico.GameBoardGUI.java" Intrnl_Id="842">
<LocList>
<Loc EndOffset="11287" SrcFileId="9" StartOffset="11044"/>
</LocList>
</BasicStmnt>
<CondStmnt CovItemId="S145" CovItemPrefix="csse376_puerto_rico.GameBoardGUI.java" Intrnl_Id="843">
<Branch CovItemId="B27" CovItemPrefix="csse376_puerto_rico.GameBoardGUI.java" Implct="false" Intrnl_Id="844">
<Cond/>
<LocList>
<Loc EndOffset="11485" SrcFileId="9" StartOffset="11321"/>
</LocList>
<StmntSeq Intrnl_Id="845">
<LocList>
<Loc EndOffset="11377" SrcFileId="9" StartOffset="11329"/>
<Loc EndOffset="11478" SrcFileId="9" StartOffset="11384"/>
</LocList>
<BasicStmnt CovItemId="S146" CovItemPrefix="csse376_puerto_rico.GameBoardGUI.java" Intrnl_Id="846">
<LocList>
<Loc EndOffset="11377" SrcFileId="9" StartOffset="11329"/>
</LocList>
</BasicStmnt>
<CondStmnt CovItemId="S147" CovItemPrefix="csse376_puerto_rico.GameBoardGUI.java" Intrnl_Id="847">
<Branch CovItemId="B29" CovItemPrefix="csse376_puerto_rico.GameBoardGUI.java" Implct="false" Intrnl_Id="848">
<Cond/>
<LocList>
<Loc EndOffset="11478" SrcFileId="9" StartOffset="11424"/>
</LocList>
<StmntSeq Intrnl_Id="849">
<LocList>
<Loc EndOffset="11470" SrcFileId="9" StartOffset="11433"/>
</LocList>
<BasicStmnt CovItemId="S148" CovItemPrefix="csse376_puerto_rico.GameBoardGUI.java" Intrnl_Id="850">
<LocList>
<Loc EndOffset="11470" SrcFileId="9" StartOffset="11433"/>
</LocList>
</BasicStmnt>
</StmntSeq>
</Branch>
<Branch CovItemId="B30" CovItemPrefix="csse376_puerto_rico.GameBoardGUI.java" Implct="true" Intrnl_Id="851">
<Cond/>
<LocList/>
<StmntSeq Intrnl_Id="852">
<LocList/>
</StmntSeq>
</Branch>
<Keyword EndOffset="11386" SrcFileId="9" StartOffset="11384"/>
<LocList>
<Loc EndOffset="11478" SrcFileId="9" StartOffset="11384"/>
</LocList>
<RootTerm CovItemId="C23" CovItemPrefix="csse376_puerto_rico.GameBoardGUI.java" Intrnl_Id="853">
<BasicBoolTerm Intrnl_Id="854">
<LocList>
<Loc EndOffset="11422" SrcFileId="9" StartOffset="11388"/>
</LocList>
</BasicBoolTerm>
</RootTerm>
</CondStmnt>
</StmntSeq>
</Branch>
<Branch CovItemId="B28" CovItemPrefix="csse376_puerto_rico.GameBoardGUI.java" Implct="true" Intrnl_Id="855">
<Cond/>
<LocList/>
<StmntSeq Intrnl_Id="856">
<LocList/>
</StmntSeq>
</Branch>
<Keyword EndOffset="11295" SrcFileId="9" StartOffset="11293"/>
<LocList>
<Loc EndOffset="11485" SrcFileId="9" StartOffset="11293"/>
</LocList>
<RootTerm CovItemId="C22" CovItemPrefix="csse376_puerto_rico.GameBoardGUI.java" Intrnl_Id="857">
<BasicBoolTerm Intrnl_Id="858">
<LocList>
<Loc EndOffset="11319" SrcFileId="9" StartOffset="11297"/>
</LocList>
</BasicBoolTerm>
</RootTerm>
</CondStmnt>
<BasicStmnt CovItemId="S149" CovItemPrefix="csse376_puerto_rico.GameBoardGUI.java" Intrnl_Id="859">
<LocList>
<Loc EndOffset="11628" SrcFileId="9" StartOffset="11577"/>
</LocList>
</BasicStmnt>
<BasicStmnt CovItemId="S150" CovItemPrefix="csse376_puerto_rico.GameBoardGUI.java" Intrnl_Id="860">
<LocList>
<Loc EndOffset="11690" SrcFileId="9" StartOffset="11634"/>
</LocList>
</BasicStmnt>
<BasicStmnt CovItemId="S151" CovItemPrefix="csse376_puerto_rico.GameBoardGUI.java" Intrnl_Id="861">
<LocList>
<Loc EndOffset="11722" SrcFileId="9" StartOffset="11696"/>
</LocList>
</BasicStmnt>
<BasicStmnt CovItemId="S152" CovItemPrefix="csse376_puerto_rico.GameBoardGUI.java" Intrnl_Id="862">
<LocList>
<Loc EndOffset="11769" SrcFileId="9" StartOffset="11728"/>
</LocList>
</BasicStmnt>
</StmntSeq>
<Keyword EndOffset="10573" SrcFileId="9" StartOffset="10570"/>
<LocList>
<Loc EndOffset="11777" SrcFileId="9" StartOffset="10570"/>
</LocList>
<RootTerm CovItemId="C20" CovItemPrefix="csse376_puerto_rico.GameBoardGUI.java" Intrnl_Id="863">
<BasicBoolTerm Intrnl_Id="864">
<LocList>
<Loc EndOffset="10604" SrcFileId="9" StartOffset="10586"/>
</LocList>
</BasicBoolTerm>
</RootTerm>
</LoopStmnt>
</StmntSeq>
</Branch>
<Branch CovItemId="B24" CovItemPrefix="csse376_puerto_rico.GameBoardGUI.java" Implct="false" Intrnl_Id="865">
<Cond>
<Loc EndOffset="11787" SrcFileId="9" StartOffset="11783"/>
</Cond>
<LocList>
<Loc EndOffset="16681" SrcFileId="9" StartOffset="11788"/>
</LocList>
<StmntSeq Intrnl_Id="866">
<LocList>
<Loc EndOffset="16681" SrcFileId="9" StartOffset="11788"/>
</LocList>
<CondStmnt CovItemId="S153" CovItemPrefix="csse376_puerto_rico.GameBoardGUI.java" Intrnl_Id="867">
<Branch CovItemId="B31" CovItemPrefix="csse376_puerto_rico.GameBoardGUI.java" Implct="false" Intrnl_Id="868">
<Cond/>
<LocList>
<Loc EndOffset="12836" SrcFileId="9" StartOffset="11826"/>
</LocList>
<StmntSeq Intrnl_Id="869">
<LocList>
<Loc EndOffset="11895" SrcFileId="9" StartOffset="11852"/>
<Loc EndOffset="11922" SrcFileId="9" StartOffset="11900"/>
<Loc EndOffset="11963" SrcFileId="9" StartOffset="11927"/>
<Loc EndOffset="12831" SrcFileId="9" StartOffset="12009"/>
</LocList>
<BasicStmnt CovItemId="S154" CovItemPrefix="csse376_puerto_rico.GameBoardGUI.java" Intrnl_Id="870">
<LocList>
<Loc EndOffset="11895" SrcFileId="9" StartOffset="11852"/>
</LocList>
</BasicStmnt>
<BasicStmnt CovItemId="S155" CovItemPrefix="csse376_puerto_rico.GameBoardGUI.java" Intrnl_Id="871">
<LocList>
<Loc EndOffset="11922" SrcFileId="9" StartOffset="11900"/>
</LocList>
</BasicStmnt>
<BasicStmnt CovItemId="S156" CovItemPrefix="csse376_puerto_rico.GameBoardGUI.java" Intrnl_Id="872">
<LocList>
<Loc EndOffset="11963" SrcFileId="9" StartOffset="11927"/>
</LocList>
</BasicStmnt>
<LoopStmnt CovItemId="S157" CovItemPrefix="csse376_puerto_rico.GameBoardGUI.java" Intrnl_Id="873" MltplExecId="L10-2" MltplExecPrefix="csse376_puerto_rico.GameBoardGUI.java" NvrExecId="L10-0" NvrExecPrefix="csse376_puerto_rico.GameBoardGUI.java" OnceExecutedId="L10-1" OnceExecutedPrefix="csse376_puerto_rico.GameBoardGUI.java" OptBodyExec="true">
<StmntSeq Intrnl_Id="874">
<LocList>
<Loc EndOffset="12090" SrcFileId="9" StartOffset="12060"/>
<Loc EndOffset="12377" SrcFileId="9" StartOffset="12136"/>
<Loc EndOffset="12417" SrcFileId="9" StartOffset="12383"/>
<Loc EndOffset="12541" SrcFileId="9" StartOffset="12423"/>
<Loc EndOffset="12684" SrcFileId="9" StartOffset="12633"/>
<Loc EndOffset="12746" SrcFileId="9" StartOffset="12690"/>
<Loc EndOffset="12778" SrcFileId="9" StartOffset="12752"/>
<Loc EndOffset="12825" SrcFileId="9" StartOffset="12784"/>
</LocList>
<BasicStmnt CovItemId="S158" CovItemPrefix="csse376_puerto_rico.GameBoardGUI.java" Intrnl_Id="875">
<LocList>
<Loc EndOffset="12090" SrcFileId="9" StartOffset="12060"/>
</LocList>
</BasicStmnt>
<BasicStmnt CovItemId="S159" CovItemPrefix="csse376_puerto_rico.GameBoardGUI.java" Intrnl_Id="876">
<LocList>
<Loc EndOffset="12377" SrcFileId="9" StartOffset="12136"/>
</LocList>
</BasicStmnt>
<BasicStmnt CovItemId="S160" CovItemPrefix="csse376_puerto_rico.GameBoardGUI.java" Intrnl_Id="877">
<LocList>
<Loc EndOffset="12417" SrcFileId="9" StartOffset="12383"/>
</LocList>
</BasicStmnt>
<CondStmnt CovItemId="S161" CovItemPrefix="csse376_puerto_rico.GameBoardGUI.java" Intrnl_Id="878">
<Branch CovItemId="B33" CovItemPrefix="csse376_puerto_rico.GameBoardGUI.java" Implct="false" Intrnl_Id="879">
<Cond/>
<LocList>
<Loc EndOffset="12541" SrcFileId="9" StartOffset="12451"/>
</LocList>
<StmntSeq Intrnl_Id="880">
<LocList>
<Loc EndOffset="12534" SrcFileId="9" StartOffset="12459"/>
</LocList>
<BasicStmnt CovItemId="S162" CovItemPrefix="csse376_puerto_rico.GameBoardGUI.java" Intrnl_Id="881">
<LocList>
<Loc EndOffset="12534" SrcFileId="9" StartOffset="12459"/>
</LocList>
</BasicStmnt>
</StmntSeq>
</Branch>
<Branch CovItemId="B34" CovItemPrefix="csse376_puerto_rico.GameBoardGUI.java" Implct="true" Intrnl_Id="882">
<Cond/>
<LocList/>
<StmntSeq Intrnl_Id="883">
<LocList/>
</StmntSeq>
</Branch>
<Keyword EndOffset="12425" SrcFileId="9" StartOffset="12423"/>
<LocList>
<Loc EndOffset="12541" SrcFileId="9" StartOffset="12423"/>
</LocList>
<RootTerm CovItemId="C26" CovItemPrefix="csse376_puerto_rico.GameBoardGUI.java" Intrnl_Id="884">
<BasicBoolTerm Intrnl_Id="885">
<LocList>
<Loc EndOffset="12449" SrcFileId="9" StartOffset="12427"/>
</LocList>
</BasicBoolTerm>
</RootTerm>
</CondStmnt>
<BasicStmnt CovItemId="S163" CovItemPrefix="csse376_puerto_rico.GameBoardGUI.java" Intrnl_Id="886">
<LocList>
<Loc EndOffset="12684" SrcFileId="9" StartOffset="12633"/>
</LocList>
</BasicStmnt>
<BasicStmnt CovItemId="S164" CovItemPrefix="csse376_puerto_rico.GameBoardGUI.java" Intrnl_Id="887">
<LocList>
<Loc EndOffset="12746" SrcFileId="9" StartOffset="12690"/>
</LocList>
</BasicStmnt>
<BasicStmnt CovItemId="S165" CovItemPrefix="csse376_puerto_rico.GameBoardGUI.java" Intrnl_Id="888">
<LocList>
<Loc EndOffset="12778" SrcFileId="9" StartOffset="12752"/>
</LocList>
</BasicStmnt>
<BasicStmnt CovItemId="S166" CovItemPrefix="csse376_puerto_rico.GameBoardGUI.java" Intrnl_Id="889">
<LocList>
<Loc EndOffset="12825" SrcFileId="9" StartOffset="12784"/>
</LocList>
</BasicStmnt>
</StmntSeq>
<Keyword EndOffset="12012" SrcFileId="9" StartOffset="12009"/>
<LocList>
<Loc EndOffset="12831" SrcFileId="9" StartOffset="12009"/>
</LocList>
<RootTerm CovItemId="C25" CovItemPrefix="csse376_puerto_rico.GameBoardGUI.java" Intrnl_Id="890">
<BasicBoolTerm Intrnl_Id="891">
<LocList>
<Loc EndOffset="12044" SrcFileId="9" StartOffset="12025"/>
</LocList>
</BasicBoolTerm>
</RootTerm>
</LoopStmnt>
</StmntSeq>
</Branch>
<Branch CovItemId="B32" CovItemPrefix="csse376_puerto_rico.GameBoardGUI.java" Implct="false" Intrnl_Id="892">
<Cond>
<Loc EndOffset="12841" SrcFileId="9" StartOffset="12837"/>
</Cond>
<LocList>
<Loc EndOffset="16681" SrcFileId="9" StartOffset="12842"/>
</LocList>
<StmntSeq Intrnl_Id="893">
<LocList>
<Loc EndOffset="16681" SrcFileId="9" StartOffset="12842"/>
</LocList>
<CondStmnt CovItemId="S167" CovItemPrefix="csse376_puerto_rico.GameBoardGUI.java" Intrnl_Id="894">
<Branch CovItemId="B35" CovItemPrefix="csse376_puerto_rico.GameBoardGUI.java" Implct="false" Intrnl_Id="895">
<Cond/>
<LocList>
<Loc EndOffset="13320" SrcFileId="9" StartOffset="12882"/>
</LocList>
<StmntSeq Intrnl_Id="896">
<LocList>
<Loc EndOffset="13315" SrcFileId="9" StartOffset="12908"/>
</LocList>
<LoopStmnt CovItemId="S168" CovItemPrefix="csse376_puerto_rico.GameBoardGUI.java" Intrnl_Id="897" MltplExecId="L11-2" MltplExecPrefix="csse376_puerto_rico.GameBoardGUI.java" NvrExecId="L11-0" NvrExecPrefix="csse376_puerto_rico.GameBoardGUI.java" OnceExecutedId="L11-1" OnceExecutedPrefix="csse376_puerto_rico.GameBoardGUI.java" OptBodyExec="true">
<StmntSeq Intrnl_Id="898">
<LocList>
<Loc EndOffset="12988" SrcFileId="9" StartOffset="12958"/>
<Loc EndOffset="13019" SrcFileId="9" StartOffset="12994"/>
<Loc EndOffset="13164" SrcFileId="9" StartOffset="13111"/>
<Loc EndOffset="13228" SrcFileId="9" StartOffset="13170"/>
<Loc EndOffset="13260" SrcFileId="9" StartOffset="13234"/>
<Loc EndOffset="13307" SrcFileId="9" StartOffset="13266"/>
</LocList>
<BasicStmnt CovItemId="S169" CovItemPrefix="csse376_puerto_rico.GameBoardGUI.java" Intrnl_Id="899">
<LocList>
<Loc EndOffset="12988" SrcFileId="9" StartOffset="12958"/>
</LocList>
</BasicStmnt>
<BasicStmnt CovItemId="S170" CovItemPrefix="csse376_puerto_rico.GameBoardGUI.java" Intrnl_Id="900">
<LocList>
<Loc EndOffset="13019" SrcFileId="9" StartOffset="12994"/>
</LocList>
</BasicStmnt>
<BasicStmnt CovItemId="S171" CovItemPrefix="csse376_puerto_rico.GameBoardGUI.java" Intrnl_Id="901">
<LocList>
<Loc EndOffset="13164" SrcFileId="9" StartOffset="13111"/>
</LocList>
</BasicStmnt>
<BasicStmnt CovItemId="S172" CovItemPrefix="csse376_puerto_rico.GameBoardGUI.java" Intrnl_Id="902">
<LocList>
<Loc EndOffset="13228" SrcFileId="9" StartOffset="13170"/>
</LocList>
</BasicStmnt>
<BasicStmnt CovItemId="S173" CovItemPrefix="csse376_puerto_rico.GameBoardGUI.java" Intrnl_Id="903">
<LocList>
<Loc EndOffset="13260" SrcFileId="9" StartOffset="13234"/>
</LocList>
</BasicStmnt>
<BasicStmnt CovItemId="S174" CovItemPrefix="csse376_puerto_rico.GameBoardGUI.java" Intrnl_Id="904">
<LocList>
<Loc EndOffset="13307" SrcFileId="9" StartOffset="13266"/>
</LocList>
</BasicStmnt>
</StmntSeq>
<Keyword EndOffset="12911" SrcFileId="9" StartOffset="12908"/>
<LocList>
<Loc EndOffset="13315" SrcFileId="9" StartOffset="12908"/>
</LocList>
<RootTerm CovItemId="C28" CovItemPrefix="csse376_puerto_rico.GameBoardGUI.java" Intrnl_Id="905">
<BasicBoolTerm Intrnl_Id="906">
<LocList>
<Loc EndOffset="12942" SrcFileId="9" StartOffset="12924"/>
</LocList>
</BasicBoolTerm>
</RootTerm>
</LoopStmnt>
</StmntSeq>
</Branch>
<Branch CovItemId="B36" CovItemPrefix="csse376_puerto_rico.GameBoardGUI.java" Implct="false" Intrnl_Id="907">
<Cond>
<Loc EndOffset="13325" SrcFileId="9" StartOffset="13321"/>
</Cond>
<LocList>
<Loc EndOffset="16681" SrcFileId="9" StartOffset="13326"/>
</LocList>
<StmntSeq Intrnl_Id="908">
<LocList>
<Loc EndOffset="16681" SrcFileId="9" StartOffset="13326"/>
</LocList>
<CondStmnt CovItemId="S175" CovItemPrefix="csse376_puerto_rico.GameBoardGUI.java" Intrnl_Id="909">
<Branch CovItemId="B37" CovItemPrefix="csse376_puerto_rico.GameBoardGUI.java" Implct="false" Intrnl_Id="910">
<Cond/>
<LocList>
<Loc EndOffset="14638" SrcFileId="9" StartOffset="13363"/>
</LocList>
<StmntSeq Intrnl_Id="911">
<LocList>
<Loc EndOffset="14633" SrcFileId="9" StartOffset="13377"/>
</LocList>
<LoopStmnt CovItemId="S176" CovItemPrefix="csse376_puerto_rico.GameBoardGUI.java" Intrnl_Id="912" MltplExecId="L12-2" MltplExecPrefix="csse376_puerto_rico.GameBoardGUI.java" NvrExecId="L12-0" NvrExecPrefix="csse376_puerto_rico.GameBoardGUI.java" OnceExecutedId="L12-1" OnceExecutedPrefix="csse376_puerto_rico.GameBoardGUI.java" OptBodyExec="true">
<StmntSeq Intrnl_Id="913">
<LocList>
<Loc EndOffset="13457" SrcFileId="9" StartOffset="13427"/>
<Loc EndOffset="13536" SrcFileId="9" StartOffset="13483"/>
<Loc EndOffset="13675" SrcFileId="9" StartOffset="13542"/>
<Loc EndOffset="13705" SrcFileId="9" StartOffset="13681"/>
<Loc EndOffset="13749" SrcFileId="9" StartOffset="13711"/>
<Loc EndOffset="14000" SrcFileId="9" StartOffset="13761"/>
<Loc EndOffset="14343" SrcFileId="9" StartOffset="14006"/>
<Loc EndOffset="14485" SrcFileId="9" StartOffset="14435"/>
<Loc EndOffset="14546" SrcFileId="9" StartOffset="14491"/>
<Loc EndOffset="14578" SrcFileId="9" StartOffset="14552"/>
<Loc EndOffset="14625" SrcFileId="9" StartOffset="14584"/>
</LocList>
<BasicStmnt CovItemId="S177" CovItemPrefix="csse376_puerto_rico.GameBoardGUI.java" Intrnl_Id="914">
<LocList>
<Loc EndOffset="13457" SrcFileId="9" StartOffset="13427"/>
</LocList>
</BasicStmnt>
<BasicStmnt CovItemId="S178" CovItemPrefix="csse376_puerto_rico.GameBoardGUI.java" Intrnl_Id="915">
<LocList>
<Loc EndOffset="13536" SrcFileId="9" StartOffset="13483"/>
</LocList>
</BasicStmnt>
<LoopStmnt CovItemId="S179" CovItemPrefix="csse376_puerto_rico.GameBoardGUI.java" Intrnl_Id="916" MltplExecId="L13-2" MltplExecPrefix="csse376_puerto_rico.GameBoardGUI.java" NvrExecId="L13-0" NvrExecPrefix="csse376_puerto_rico.GameBoardGUI.java" OnceExecutedId="L13-1" OnceExecutedPrefix="csse376_puerto_rico.GameBoardGUI.java" OptBodyExec="true">
<StmntSeq Intrnl_Id="917">
<LocList>
<Loc EndOffset="13621" SrcFileId="9" StartOffset="13587"/>
<Loc EndOffset="13668" SrcFileId="9" StartOffset="13628"/>
</LocList>
<BasicStmnt CovItemId="S180" CovItemPrefix="csse376_puerto_rico.GameBoardGUI.java" Intrnl_Id="918">
<LocList>
<Loc EndOffset="13621" SrcFileId="9" StartOffset="13587"/>
</LocList>
</BasicStmnt>
<CondStmnt CovItemId="S181" CovItemPrefix="csse376_puerto_rico.GameBoardGUI.java" Intrnl_Id="919">
<Branch CovItemId="B39" CovItemPrefix="csse376_puerto_rico.GameBoardGUI.java" Implct="false" Intrnl_Id="920">
<Cond/>
<LocList>
<Loc EndOffset="13668" SrcFileId="9" StartOffset="13635"/>
</LocList>
<StmntSeq Intrnl_Id="921">
<LocList>
<Loc EndOffset="13660" SrcFileId="9" StartOffset="13644"/>
</LocList>
<BasicStmnt CovItemId="S182" CovItemPrefix="csse376_puerto_rico.GameBoardGUI.java" Intrnl_Id="922">
<LocList>
<Loc EndOffset="13660" SrcFileId="9" StartOffset="13644"/>
</LocList>
</BasicStmnt>
</StmntSeq>
</Branch>
<Branch CovItemId="B40" CovItemPrefix="csse376_puerto_rico.GameBoardGUI.java" Implct="true" Intrnl_Id="923">
<Cond/>
<LocList/>
<StmntSeq Intrnl_Id="924">
<LocList/>
</StmntSeq>
</Branch>
<Keyword EndOffset="13630" SrcFileId="9" StartOffset="13628"/>
<LocList>
<Loc EndOffset="13668" SrcFileId="9" StartOffset="13628"/>
</LocList>
<RootTerm CovItemId="C31" CovItemPrefix="csse376_puerto_rico.GameBoardGUI.java" Intrnl_Id="925">
<BasicBoolTerm Intrnl_Id="926">
<LocList>
<Loc EndOffset="13634" SrcFileId="9" StartOffset="13631"/>
</LocList>
</BasicBoolTerm>
</RootTerm>
</CondStmnt>
</StmntSeq>
<Keyword EndOffset="13545" SrcFileId="9" StartOffset="13542"/>
<LocList>
<Loc EndOffset="13675" SrcFileId="9" StartOffset="13542"/>
</LocList>
</LoopStmnt>
<BasicStmnt CovItemId="S183" CovItemPrefix="csse376_puerto_rico.GameBoardGUI.java" Intrnl_Id="927">
<LocList>
<Loc EndOffset="13705" SrcFileId="9" StartOffset="13681"/>
</LocList>
</BasicStmnt>
<BasicStmnt CovItemId="S184" CovItemPrefix="csse376_puerto_rico.GameBoardGUI.java" Intrnl_Id="928">
<LocList>
<Loc EndOffset="13749" SrcFileId="9" StartOffset="13711"/>
</LocList>
</BasicStmnt>
<BasicStmnt CovItemId="S185" CovItemPrefix="csse376_puerto_rico.GameBoardGUI.java" Intrnl_Id="929">
<LocList>
<Loc EndOffset="14000" SrcFileId="9" StartOffset="13761"/>
</LocList>
</BasicStmnt>
<CondStmnt CovItemId="S186" CovItemPrefix="csse376_puerto_rico.GameBoardGUI.java" Intrnl_Id="930">
<Branch CovItemId="B41" CovItemPrefix="csse376_puerto_rico.GameBoardGUI.java" Implct="false" Intrnl_Id="931">
<Cond/>
<LocList>
<Loc EndOffset="14343" SrcFileId="9" StartOffset="14030"/>
</LocList>
<StmntSeq Intrnl_Id="932">
<LocList>
<Loc EndOffset="14336" SrcFileId="9" StartOffset="14038"/>
</LocList>
<CondStmnt CovItemId="S187" CovItemPrefix="csse376_puerto_rico.GameBoardGUI.java" Intrnl_Id="933">
<Branch CovItemId="B43" CovItemPrefix="csse376_puerto_rico.GameBoardGUI.java" Implct="false" Intrnl_Id="934">
<Cond/>
<LocList>
<Loc EndOffset="14094" SrcFileId="9" StartOffset="14077"/>
</LocList>
<StmntSeq Intrnl_Id="935">
<LocList/>
</StmntSeq>
</Branch>
<Branch CovItemId="B44" CovItemPrefix="csse376_puerto_rico.GameBoardGUI.java" Implct="false" Intrnl_Id="936">
<Cond>
<Loc EndOffset="14098" SrcFileId="9" StartOffset="14094"/>
</Cond>
<LocList>
<Loc EndOffset="14336" SrcFileId="9" StartOffset="14099"/>
</LocList>
<StmntSeq Intrnl_Id="937">
<LocList>
<Loc EndOffset="14336" SrcFileId="9" StartOffset="14099"/>
</LocList>
<CondStmnt CovItemId="S188" CovItemPrefix="csse376_puerto_rico.GameBoardGUI.java" Intrnl_Id="938">
<Branch CovItemId="B45" CovItemPrefix="csse376_puerto_rico.GameBoardGUI.java" Implct="false" Intrnl_Id="939">
<Cond/>
<LocList>
<Loc EndOffset="14153" SrcFileId="9" StartOffset="14136"/>
</LocList>
<StmntSeq Intrnl_Id="940">
<LocList/>
</StmntSeq>
</Branch>
<Branch CovItemId="B46" CovItemPrefix="csse376_puerto_rico.GameBoardGUI.java" Implct="false" Intrnl_Id="941">
<Cond>
<Loc EndOffset="14157" SrcFileId="9" StartOffset="14153"/>
</Cond>
<LocList>
<Loc EndOffset="14336" SrcFileId="9" StartOffset="14158"/>
</LocList>
<StmntSeq Intrnl_Id="942">
<LocList>
<Loc EndOffset="14336" SrcFileId="9" StartOffset="14158"/>
</LocList>
<CondStmnt CovItemId="S189" CovItemPrefix="csse376_puerto_rico.GameBoardGUI.java" Intrnl_Id="943">
<Branch CovItemId="B47" CovItemPrefix="csse376_puerto_rico.GameBoardGUI.java" Implct="false" Intrnl_Id="944">
<Cond/>
<LocList>
<Loc EndOffset="14214" SrcFileId="9" StartOffset="14197"/>
</LocList>
<StmntSeq Intrnl_Id="945">
<LocList/>
</StmntSeq>
</Branch>
<Branch CovItemId="B48" CovItemPrefix="csse376_puerto_rico.GameBoardGUI.java" Implct="false" Intrnl_Id="946">
<Cond>
<Loc EndOffset="14218" SrcFileId="9" StartOffset="14214"/>
</Cond>
<LocList>
<Loc EndOffset="14336" SrcFileId="9" StartOffset="14219"/>
</LocList>
<StmntSeq Intrnl_Id="947">
<LocList>
<Loc EndOffset="14336" SrcFileId="9" StartOffset="14219"/>
</LocList>
<CondStmnt CovItemId="S190" CovItemPrefix="csse376_puerto_rico.GameBoardGUI.java" Intrnl_Id="948">
<Branch CovItemId="B49" CovItemPrefix="csse376_puerto_rico.GameBoardGUI.java" Implct="false" Intrnl_Id="949">
<Cond/>
<LocList>
<Loc EndOffset="14274" SrcFileId="9" StartOffset="14257"/>
</LocList>
<StmntSeq Intrnl_Id="950">
<LocList/>
</StmntSeq>
</Branch>
<Branch CovItemId="B50" CovItemPrefix="csse376_puerto_rico.GameBoardGUI.java" Implct="false" Intrnl_Id="951">
<Cond>
<Loc EndOffset="14278" SrcFileId="9" StartOffset="14274"/>
</Cond>
<LocList>
<Loc EndOffset="14336" SrcFileId="9" StartOffset="14279"/>
</LocList>
<StmntSeq Intrnl_Id="952">
<LocList>
<Loc EndOffset="14336" SrcFileId="9" StartOffset="14279"/>
</LocList>
<CondStmnt CovItemId="S191" CovItemPrefix="csse376_puerto_rico.GameBoardGUI.java" Intrnl_Id="953">
<Branch CovItemId="B51" CovItemPrefix="csse376_puerto_rico.GameBoardGUI.java" Implct="false" Intrnl_Id="954">
<Cond/>
<LocList>
<Loc EndOffset="14336" SrcFileId="9" StartOffset="14319"/>
</LocList>
<StmntSeq Intrnl_Id="955">
<LocList/>
</StmntSeq>
</Branch>
<Branch CovItemId="B52" CovItemPrefix="csse376_puerto_rico.GameBoardGUI.java" Implct="true" Intrnl_Id="956">
<Cond/>
<LocList/>
<StmntSeq Intrnl_Id="957">
<LocList/>
</StmntSeq>
</Branch>
<Keyword EndOffset="14281" SrcFileId="9" StartOffset="14279"/>
<LocList>
<Loc EndOffset="14336" SrcFileId="9" StartOffset="14279"/>
</LocList>
<RootTerm CovItemId="C37" CovItemPrefix="csse376_puerto_rico.GameBoardGUI.java" Intrnl_Id="958">
<BasicBoolTerm Intrnl_Id="959">
<LocList>
<Loc EndOffset="14318" SrcFileId="9" StartOffset="14282"/>
</LocList>
</BasicBoolTerm>
</RootTerm>
</CondStmnt>
</StmntSeq>
</Branch>
<Keyword EndOffset="14221" SrcFileId="9" StartOffset="14219"/>
<LocList>
<Loc EndOffset="14336" SrcFileId="9" StartOffset="14219"/>
</LocList>
<RootTerm CovItemId="C36" CovItemPrefix="csse376_puerto_rico.GameBoardGUI.java" Intrnl_Id="960">
<BasicBoolTerm Intrnl_Id="961">
<LocList>
<Loc EndOffset="14256" SrcFileId="9" StartOffset="14222"/>
</LocList>
</BasicBoolTerm>
</RootTerm>
</CondStmnt>
</StmntSeq>
</Branch>
<Keyword EndOffset="14160" SrcFileId="9" StartOffset="14158"/>
<LocList>
<Loc EndOffset="14336" SrcFileId="9" StartOffset="14158"/>
</LocList>
<RootTerm CovItemId="C35" CovItemPrefix="csse376_puerto_rico.GameBoardGUI.java" Intrnl_Id="962">
<BasicBoolTerm Intrnl_Id="963">
<LocList>
<Loc EndOffset="14196" SrcFileId="9" StartOffset="14161"/>
</LocList>
</BasicBoolTerm>
</RootTerm>
</CondStmnt>
</StmntSeq>
</Branch>
<Keyword EndOffset="14101" SrcFileId="9" StartOffset="14099"/>
<LocList>
<Loc EndOffset="14336" SrcFileId="9" StartOffset="14099"/>
</LocList>
<RootTerm CovItemId="C34" CovItemPrefix="csse376_puerto_rico.GameBoardGUI.java" Intrnl_Id="964">
<BasicBoolTerm Intrnl_Id="965">
<LocList>
<Loc EndOffset="14135" SrcFileId="9" StartOffset="14102"/>
</LocList>
</BasicBoolTerm>
</RootTerm>
</CondStmnt>
</StmntSeq>
</Branch>
<Keyword EndOffset="14040" SrcFileId="9" StartOffset="14038"/>
<LocList>
<Loc EndOffset="14336" SrcFileId="9" StartOffset="14038"/>
</LocList>
<RootTerm CovItemId="C33" CovItemPrefix="csse376_puerto_rico.GameBoardGUI.java" Intrnl_Id="966">
<BasicBoolTerm Intrnl_Id="967">
<LocList>
<Loc EndOffset="14076" SrcFileId="9" StartOffset="14041"/>
</LocList>
</BasicBoolTerm>
</RootTerm>
</CondStmnt>
</StmntSeq>
</Branch>
<Branch CovItemId="B42" CovItemPrefix="csse376_puerto_rico.GameBoardGUI.java" Implct="true" Intrnl_Id="968">
<Cond/>
<LocList/>
<StmntSeq Intrnl_Id="969">
<LocList/>
</StmntSeq>
</Branch>
<Keyword EndOffset="14008" SrcFileId="9" StartOffset="14006"/>
<LocList>
<Loc EndOffset="14343" SrcFileId="9" StartOffset="14006"/>
</LocList>
<RootTerm CovItemId="C32" CovItemPrefix="csse376_puerto_rico.GameBoardGUI.java" Intrnl_Id="970">
<BasicBoolTerm Intrnl_Id="971">
<LocList>
<Loc EndOffset="14029" SrcFileId="9" StartOffset="14009"/>
</LocList>
</BasicBoolTerm>
</RootTerm>
</CondStmnt>
<BasicStmnt CovItemId="S192" CovItemPrefix="csse376_puerto_rico.GameBoardGUI.java" Intrnl_Id="972">
<LocList>
<Loc EndOffset="14485" SrcFileId="9" StartOffset="14435"/>
</LocList>
</BasicStmnt>
<BasicStmnt CovItemId="S193" CovItemPrefix="csse376_puerto_rico.GameBoardGUI.java" Intrnl_Id="973">
<LocList>
<Loc EndOffset="14546" SrcFileId="9" StartOffset="14491"/>
</LocList>
</BasicStmnt>
<BasicStmnt CovItemId="S194" CovItemPrefix="csse376_puerto_rico.GameBoardGUI.java" Intrnl_Id="974">
<LocList>
<Loc EndOffset="14578" SrcFileId="9" StartOffset="14552"/>
</LocList>
</BasicStmnt>
<BasicStmnt CovItemId="S195" CovItemPrefix="csse376_puerto_rico.GameBoardGUI.java" Intrnl_Id="975">
<LocList>
<Loc EndOffset="14625" SrcFileId="9" StartOffset="14584"/>
</LocList>
</BasicStmnt>
</StmntSeq>
<Keyword EndOffset="13380" SrcFileId="9" StartOffset="13377"/>
<LocList>
<Loc EndOffset="14633" SrcFileId="9" StartOffset="13377"/>
</LocList>
<RootTerm CovItemId="C30" CovItemPrefix="csse376_puerto_rico.GameBoardGUI.java" Intrnl_Id="976">
<BasicBoolTerm Intrnl_Id="977">
<LocList>
<Loc EndOffset="13411" SrcFileId="9" StartOffset="13393"/>
</LocList>
</BasicBoolTerm>
</RootTerm>
</LoopStmnt>
</StmntSeq>
</Branch>
<Branch CovItemId="B38" CovItemPrefix="csse376_puerto_rico.GameBoardGUI.java" Implct="false" Intrnl_Id="978">
<Cond>
<Loc EndOffset="14643" SrcFileId="9" StartOffset="14639"/>
</Cond>
<LocList>
<Loc EndOffset="16681" SrcFileId="9" StartOffset="14644"/>
</LocList>
<StmntSeq Intrnl_Id="979">
<LocList>
<Loc EndOffset="16681" SrcFileId="9" StartOffset="14644"/>
</LocList>
<CondStmnt CovItemId="S196" CovItemPrefix="csse376_puerto_rico.GameBoardGUI.java" Intrnl_Id="980">
<Branch CovItemId="B53" CovItemPrefix="csse376_puerto_rico.GameBoardGUI.java" Implct="false" Intrnl_Id="981">
<Cond/>
<LocList>
<Loc EndOffset="16216" SrcFileId="9" StartOffset="14682"/>
</LocList>
<StmntSeq Intrnl_Id="982">
<LocList>
<Loc EndOffset="16211" SrcFileId="9" StartOffset="14690"/>
</LocList>
<LoopStmnt CovItemId="S197" CovItemPrefix="csse376_puerto_rico.GameBoardGUI.java" Intrnl_Id="983" MltplExecId="L14-2" MltplExecPrefix="csse376_puerto_rico.GameBoardGUI.java" NvrExecId="L14-0" NvrExecPrefix="csse376_puerto_rico.GameBoardGUI.java" OnceExecutedId="L14-1" OnceExecutedPrefix="csse376_puerto_rico.GameBoardGUI.java" OptBodyExec="true">
<StmntSeq Intrnl_Id="984">
<LocList>
<Loc EndOffset="14782" SrcFileId="9" StartOffset="14752"/>
<Loc EndOffset="14842" SrcFileId="9" StartOffset="14788"/>
<Loc EndOffset="15103" SrcFileId="9" StartOffset="14850"/>
<Loc EndOffset="15148" SrcFileId="9" StartOffset="15111"/>
<Loc EndOffset="15173" SrcFileId="9" StartOffset="15154"/>
<Loc EndOffset="15198" SrcFileId="9" StartOffset="15179"/>
<Loc EndOffset="15223" SrcFileId="9" StartOffset="15204"/>
<Loc EndOffset="15494" SrcFileId="9" StartOffset="15229"/>
<Loc EndOffset="15886" SrcFileId="9" StartOffset="15502"/>
<Loc EndOffset="15919" SrcFileId="9" StartOffset="15894"/>
<Loc EndOffset="16062" SrcFileId="9" StartOffset="16011"/>
<Loc EndOffset="16124" SrcFileId="9" StartOffset="16068"/>
<Loc EndOffset="16156" SrcFileId="9" StartOffset="16130"/>
<Loc EndOffset="16203" SrcFileId="9" StartOffset="16162"/>
</LocList>
<BasicStmnt CovItemId="S198" CovItemPrefix="csse376_puerto_rico.GameBoardGUI.java" Intrnl_Id="985">
<LocList>
<Loc EndOffset="14782" SrcFileId="9" StartOffset="14752"/>
</LocList>
</BasicStmnt>
<BasicStmnt CovItemId="S199" CovItemPrefix="csse376_puerto_rico.GameBoardGUI.java" Intrnl_Id="986">
<LocList>
<Loc EndOffset="14842" SrcFileId="9" StartOffset="14788"/>
</LocList>
</BasicStmnt>
<BasicStmnt CovItemId="S200" CovItemPrefix="csse376_puerto_rico.GameBoardGUI.java" Intrnl_Id="987">
<LocList>
<Loc EndOffset="15103" SrcFileId="9" StartOffset="14850"/>
</LocList>
</BasicStmnt>
<BasicStmnt CovItemId="S201" CovItemPrefix="csse376_puerto_rico.GameBoardGUI.java" Intrnl_Id="988">
<LocList>
<Loc EndOffset="15148" SrcFileId="9" StartOffset="15111"/>
</LocList>
</BasicStmnt>
<BasicStmnt CovItemId="S202" CovItemPrefix="csse376_puerto_rico.GameBoardGUI.java" Intrnl_Id="989">
<LocList>
<Loc EndOffset="15173" SrcFileId="9" StartOffset="15154"/>
</LocList>
</BasicStmnt>
<BasicStmnt CovItemId="S203" CovItemPrefix="csse376_puerto_rico.GameBoardGUI.java" Intrnl_Id="990">
<LocList>
<Loc EndOffset="15198" SrcFileId="9" StartOffset="15179"/>
</LocList>
</BasicStmnt>
<BasicStmnt CovItemId="S204" CovItemPrefix="csse376_puerto_rico.GameBoardGUI.java" Intrnl_Id="991">
<LocList>
<Loc EndOffset="15223" SrcFileId="9" StartOffset="15204"/>
</LocList>
</BasicStmnt>
<BasicStmnt CovItemId="S205" CovItemPrefix="csse376_puerto_rico.GameBoardGUI.java" Intrnl_Id="992">
<LocList>
<Loc EndOffset="15494" SrcFileId="9" StartOffset="15229"/>
</LocList>
</BasicStmnt>
<CondStmnt CovItemId="S206" CovItemPrefix="csse376_puerto_rico.GameBoardGUI.java" Intrnl_Id="993">
<Branch CovItemId="B55" CovItemPrefix="csse376_puerto_rico.GameBoardGUI.java" Implct="false" Intrnl_Id="994">
<Cond/>
<LocList>
<Loc EndOffset="15626" SrcFileId="9" StartOffset="15517"/>
</LocList>
<StmntSeq Intrnl_Id="995">
<LocList>
<Loc EndOffset="15584" SrcFileId="9" StartOffset="15525"/>
<Loc EndOffset="15619" SrcFileId="9" StartOffset="15591"/>
</LocList>
<BasicStmnt CovItemId="S207" CovItemPrefix="csse376_puerto_rico.GameBoardGUI.java" Intrnl_Id="996">
<LocList>
<Loc EndOffset="15584" SrcFileId="9" StartOffset="15525"/>
</LocList>
</BasicStmnt>
<BasicStmnt CovItemId="S208" CovItemPrefix="csse376_puerto_rico.GameBoardGUI.java" Intrnl_Id="997">
<LocList>
<Loc EndOffset="15619" SrcFileId="9" StartOffset="15591"/>
</LocList>
</BasicStmnt>
</StmntSeq>
</Branch>
<Branch CovItemId="B56" CovItemPrefix="csse376_puerto_rico.GameBoardGUI.java" Implct="false" Intrnl_Id="998">
<Cond>
<Loc EndOffset="15631" SrcFileId="9" StartOffset="15627"/>
</Cond>
<LocList>
<Loc EndOffset="15886" SrcFileId="9" StartOffset="15632"/>
</LocList>
<StmntSeq Intrnl_Id="999">
<LocList>
<Loc EndOffset="15886" SrcFileId="9" StartOffset="15632"/>
</LocList>
<CondStmnt CovItemId="S209" CovItemPrefix="csse376_puerto_rico.GameBoardGUI.java" Intrnl_Id="1000">
<Branch CovItemId="B57" CovItemPrefix="csse376_puerto_rico.GameBoardGUI.java" Implct="false" Intrnl_Id="1001">
<Cond/>
<LocList>
<Loc EndOffset="15756" SrcFileId="9" StartOffset="15647"/>
</LocList>
<StmntSeq Intrnl_Id="1002">
<LocList>
<Loc EndOffset="15714" SrcFileId="9" StartOffset="15655"/>
<Loc EndOffset="15749" SrcFileId="9" StartOffset="15721"/>
</LocList>
<BasicStmnt CovItemId="S210" CovItemPrefix="csse376_puerto_rico.GameBoardGUI.java" Intrnl_Id="1003">
<LocList>
<Loc EndOffset="15714" SrcFileId="9" StartOffset="15655"/>
</LocList>
</BasicStmnt>
<BasicStmnt CovItemId="S211" CovItemPrefix="csse376_puerto_rico.GameBoardGUI.java" Intrnl_Id="1004">
<LocList>
<Loc EndOffset="15749" SrcFileId="9" StartOffset="15721"/>
</LocList>
</BasicStmnt>
</StmntSeq>
</Branch>
<Branch CovItemId="B58" CovItemPrefix="csse376_puerto_rico.GameBoardGUI.java" Implct="false" Intrnl_Id="1005">
<Cond>
<Loc EndOffset="15761" SrcFileId="9" StartOffset="15757"/>
</Cond>
<LocList>
<Loc EndOffset="15886" SrcFileId="9" StartOffset="15762"/>
</LocList>
<StmntSeq Intrnl_Id="1006">
<LocList>
<Loc EndOffset="15886" SrcFileId="9" StartOffset="15762"/>
</LocList>
<CondStmnt CovItemId="S212" CovItemPrefix="csse376_puerto_rico.GameBoardGUI.java" Intrnl_Id="1007">
<Branch CovItemId="B59" CovItemPrefix="csse376_puerto_rico.GameBoardGUI.java" Implct="false" Intrnl_Id="1008">
<Cond/>
<LocList>
<Loc EndOffset="15886" SrcFileId="9" StartOffset="15777"/>
</LocList>
<StmntSeq Intrnl_Id="1009">
<LocList>
<Loc EndOffset="15844" SrcFileId="9" StartOffset="15785"/>
<Loc EndOffset="15879" SrcFileId="9" StartOffset="15851"/>
</LocList>
<BasicStmnt CovItemId="S213" CovItemPrefix="csse376_puerto_rico.GameBoardGUI.java" Intrnl_Id="1010">
<LocList>
<Loc EndOffset="15844" SrcFileId="9" StartOffset="15785"/>
</LocList>
</BasicStmnt>
<BasicStmnt CovItemId="S214" CovItemPrefix="csse376_puerto_rico.GameBoardGUI.java" Intrnl_Id="1011">
<LocList>
<Loc EndOffset="15879" SrcFileId="9" StartOffset="15851"/>
</LocList>
</BasicStmnt>
</StmntSeq>
</Branch>
<Branch CovItemId="B60" CovItemPrefix="csse376_puerto_rico.GameBoardGUI.java" Implct="true" Intrnl_Id="1012">
<Cond/>
<LocList/>
<StmntSeq Intrnl_Id="1013">
<LocList/>
</StmntSeq>
</Branch>
<Keyword EndOffset="15764" SrcFileId="9" StartOffset="15762"/>
<LocList>
<Loc EndOffset="15886" SrcFileId="9" StartOffset="15762"/>
</LocList>
<RootTerm CovItemId="C42" CovItemPrefix="csse376_puerto_rico.GameBoardGUI.java" Intrnl_Id="1014">
<BasicBoolTerm Intrnl_Id="1015">
<LocList>
<Loc EndOffset="15775" SrcFileId="9" StartOffset="15766"/>
</LocList>
</BasicBoolTerm>
</RootTerm>
</CondStmnt>
</StmntSeq>
</Branch>
<Keyword EndOffset="15634" SrcFileId="9" StartOffset="15632"/>
<LocList>
<Loc EndOffset="15886" SrcFileId="9" StartOffset="15632"/>
</LocList>
<RootTerm CovItemId="C41" CovItemPrefix="csse376_puerto_rico.GameBoardGUI.java" Intrnl_Id="1016">
<BasicBoolTerm Intrnl_Id="1017">
<LocList>
<Loc EndOffset="15645" SrcFileId="9" StartOffset="15636"/>
</LocList>
</BasicBoolTerm>
</RootTerm>
</CondStmnt>
</StmntSeq>
</Branch>
<Keyword EndOffset="15504" SrcFileId="9" StartOffset="15502"/>
<LocList>
<Loc EndOffset="15886" SrcFileId="9" StartOffset="15502"/>
</LocList>
<RootTerm CovItemId="C40" CovItemPrefix="csse376_puerto_rico.GameBoardGUI.java" Intrnl_Id="1018">
<BasicBoolTerm Intrnl_Id="1019">
<LocList>
<Loc EndOffset="15515" SrcFileId="9" StartOffset="15506"/>
</LocList>
</BasicBoolTerm>
</RootTerm>
</CondStmnt>
<BasicStmnt CovItemId="S215" CovItemPrefix="csse376_puerto_rico.GameBoardGUI.java" Intrnl_Id="1020">
<LocList>
<Loc EndOffset="15919" SrcFileId="9" StartOffset="15894"/>
</LocList>
</BasicStmnt>
<BasicStmnt CovItemId="S216" CovItemPrefix="csse376_puerto_rico.GameBoardGUI.java" Intrnl_Id="1021">
<LocList>
<Loc EndOffset="16062" SrcFileId="9" StartOffset="16011"/>
</LocList>
</BasicStmnt>
<BasicStmnt CovItemId="S217" CovItemPrefix="csse376_puerto_rico.GameBoardGUI.java" Intrnl_Id="1022">
<LocList>
<Loc EndOffset="16124" SrcFileId="9" StartOffset="16068"/>
</LocList>
</BasicStmnt>
<BasicStmnt CovItemId="S218" CovItemPrefix="csse376_puerto_rico.GameBoardGUI.java" Intrnl_Id="1023">
<LocList>
<Loc EndOffset="16156" SrcFileId="9" StartOffset="16130"/>
</LocList>
</BasicStmnt>
<BasicStmnt CovItemId="S219" CovItemPrefix="csse376_puerto_rico.GameBoardGUI.java" Intrnl_Id="1024">
<LocList>
<Loc EndOffset="16203" SrcFileId="9" StartOffset="16162"/>
</LocList>
</BasicStmnt>
</StmntSeq>
<Keyword EndOffset="14693" SrcFileId="9" StartOffset="14690"/>
<LocList>
<Loc EndOffset="16211" SrcFileId="9" StartOffset="14690"/>
</LocList>
<RootTerm CovItemId="C39" CovItemPrefix="csse376_puerto_rico.GameBoardGUI.java" Intrnl_Id="1025">
<BasicBoolTerm Intrnl_Id="1026">
<LocList>
<Loc EndOffset="14724" SrcFileId="9" StartOffset="14706"/>
</LocList>
</BasicBoolTerm>
</RootTerm>
</LoopStmnt>
</StmntSeq>
</Branch>
<Branch CovItemId="B54" CovItemPrefix="csse376_puerto_rico.GameBoardGUI.java" Implct="false" Intrnl_Id="1027">
<Cond>
<Loc EndOffset="16221" SrcFileId="9" StartOffset="16217"/>
</Cond>
<LocList>
<Loc EndOffset="16681" SrcFileId="9" StartOffset="16222"/>
</LocList>
<StmntSeq Intrnl_Id="1028">
<LocList>
<Loc EndOffset="16681" SrcFileId="9" StartOffset="16222"/>
</LocList>
<CondStmnt CovItemId="S220" CovItemPrefix="csse376_puerto_rico.GameBoardGUI.java" Intrnl_Id="1029">
<Branch CovItemId="B61" CovItemPrefix="csse376_puerto_rico.GameBoardGUI.java" Implct="false" Intrnl_Id="1030">
<Cond/>
<LocList>
<Loc EndOffset="16681" SrcFileId="9" StartOffset="16263"/>
</LocList>
<StmntSeq Intrnl_Id="1031">
<LocList>
<Loc EndOffset="16676" SrcFileId="9" StartOffset="16288"/>
</LocList>
<LoopStmnt CovItemId="S221" CovItemPrefix="csse376_puerto_rico.GameBoardGUI.java" Intrnl_Id="1032" MltplExecId="L15-2" MltplExecPrefix="csse376_puerto_rico.GameBoardGUI.java" NvrExecId="L15-0" NvrExecPrefix="csse376_puerto_rico.GameBoardGUI.java" OnceExecutedId="L15-1" OnceExecutedPrefix="csse376_puerto_rico.GameBoardGUI.java" OptBodyExec="true">
<StmntSeq Intrnl_Id="1033">
<LocList>
<Loc EndOffset="16368" SrcFileId="9" StartOffset="16338"/>
<Loc EndOffset="16524" SrcFileId="9" StartOffset="16470"/>
<Loc EndOffset="16589" SrcFileId="9" StartOffset="16530"/>
<Loc EndOffset="16621" SrcFileId="9" StartOffset="16595"/>
<Loc EndOffset="16668" SrcFileId="9" StartOffset="16627"/>
</LocList>
<BasicStmnt CovItemId="S222" CovItemPrefix="csse376_puerto_rico.GameBoardGUI.java" Intrnl_Id="1034">
<LocList>
<Loc EndOffset="16368" SrcFileId="9" StartOffset="16338"/>
</LocList>
</BasicStmnt>
<BasicStmnt CovItemId="S223" CovItemPrefix="csse376_puerto_rico.GameBoardGUI.java" Intrnl_Id="1035">
<LocList>
<Loc EndOffset="16524" SrcFileId="9" StartOffset="16470"/>
</LocList>
</BasicStmnt>
<BasicStmnt CovItemId="S224" CovItemPrefix="csse376_puerto_rico.GameBoardGUI.java" Intrnl_Id="1036">
<LocList>
<Loc EndOffset="16589" SrcFileId="9" StartOffset="16530"/>
</LocList>
</BasicStmnt>
<BasicStmnt CovItemId="S225" CovItemPrefix="csse376_puerto_rico.GameBoardGUI.java" Intrnl_Id="1037">
<LocList>
<Loc EndOffset="16621" SrcFileId="9" StartOffset="16595"/>
</LocList>
</BasicStmnt>
<BasicStmnt CovItemId="S226" CovItemPrefix="csse376_puerto_rico.GameBoardGUI.java" Intrnl_Id="1038">
<LocList>
<Loc EndOffset="16668" SrcFileId="9" StartOffset="16627"/>
</LocList>
</BasicStmnt>
</StmntSeq>
<Keyword EndOffset="16291" SrcFileId="9" StartOffset="16288"/>
<LocList>
<Loc EndOffset="16676" SrcFileId="9" StartOffset="16288"/>
</LocList>
<RootTerm CovItemId="C44" CovItemPrefix="csse376_puerto_rico.GameBoardGUI.java" Intrnl_Id="1039">
<BasicBoolTerm Intrnl_Id="1040">
<LocList>
<Loc EndOffset="16322" SrcFileId="9" StartOffset="16304"/>
</LocList>
</BasicBoolTerm>
</RootTerm>
</LoopStmnt>
</StmntSeq>
</Branch>
<Branch CovItemId="B62" CovItemPrefix="csse376_puerto_rico.GameBoardGUI.java" Implct="true" Intrnl_Id="1041">
<Cond/>
<LocList/>
<StmntSeq Intrnl_Id="1042">
<LocList/>
</StmntSeq>
</Branch>
<Keyword EndOffset="16224" SrcFileId="9" StartOffset="16222"/>
<LocList>
<Loc EndOffset="16681" SrcFileId="9" StartOffset="16222"/>
</LocList>
<RootTerm CovItemId="C43" CovItemPrefix="csse376_puerto_rico.GameBoardGUI.java" Intrnl_Id="1043">
<BasicBoolTerm Intrnl_Id="1044">
<LocList>
<Loc EndOffset="16261" SrcFileId="9" StartOffset="16226"/>
</LocList>
</BasicBoolTerm>
</RootTerm>
</CondStmnt>
</StmntSeq>
</Branch>
<Keyword EndOffset="14646" SrcFileId="9" StartOffset="14644"/>
<LocList>
<Loc EndOffset="16681" SrcFileId="9" StartOffset="14644"/>
</LocList>
<RootTerm CovItemId="C38" CovItemPrefix="csse376_puerto_rico.GameBoardGUI.java" Intrnl_Id="1045">
<BasicBoolTerm Intrnl_Id="1046">
<LocList>
<Loc EndOffset="14680" SrcFileId="9" StartOffset="14648"/>
</LocList>
</BasicBoolTerm>
</RootTerm>
</CondStmnt>
</StmntSeq>
</Branch>
<Keyword EndOffset="13328" SrcFileId="9" StartOffset="13326"/>
<LocList>
<Loc EndOffset="16681" SrcFileId="9" StartOffset="13326"/>
</LocList>
<RootTerm CovItemId="C29" CovItemPrefix="csse376_puerto_rico.GameBoardGUI.java" Intrnl_Id="1047">
<BasicBoolTerm Intrnl_Id="1048">
<LocList>
<Loc EndOffset="13361" SrcFileId="9" StartOffset="13330"/>
</LocList>
</BasicBoolTerm>
</RootTerm>
</CondStmnt>
</StmntSeq>
</Branch>
<Keyword EndOffset="12844" SrcFileId="9" StartOffset="12842"/>
<LocList>
<Loc EndOffset="16681" SrcFileId="9" StartOffset="12842"/>
</LocList>
<RootTerm CovItemId="C27" CovItemPrefix="csse376_puerto_rico.GameBoardGUI.java" Intrnl_Id="1049">
<BasicBoolTerm Intrnl_Id="1050">
<LocList>
<Loc EndOffset="12880" SrcFileId="9" StartOffset="12846"/>
</LocList>
</BasicBoolTerm>
</RootTerm>
</CondStmnt>
</StmntSeq>
</Branch>
<Keyword EndOffset="11790" SrcFileId="9" StartOffset="11788"/>
<LocList>
<Loc EndOffset="16681" SrcFileId="9" StartOffset="11788"/>
</LocList>
<RootTerm CovItemId="C24" CovItemPrefix="csse376_puerto_rico.GameBoardGUI.java" Intrnl_Id="1051">
<BasicBoolTerm Intrnl_Id="1052">
<LocList>
<Loc EndOffset="11824" SrcFileId="9" StartOffset="11792"/>
</LocList>
</BasicBoolTerm>
</RootTerm>
</CondStmnt>
</StmntSeq>
</Branch>
<Keyword EndOffset="10439" SrcFileId="9" StartOffset="10437"/>
<LocList>
<Loc EndOffset="16681" SrcFileId="9" StartOffset="10437"/>
</LocList>
<RootTerm CovItemId="C19" CovItemPrefix="csse376_puerto_rico.GameBoardGUI.java" Intrnl_Id="1053">
<BasicBoolTerm Intrnl_Id="1054">
<LocList>
<Loc EndOffset="10473" SrcFileId="9" StartOffset="10441"/>
</LocList>
</BasicBoolTerm>
</RootTerm>
</CondStmnt>
</StmntSeq>
</Branch>
<Keyword EndOffset="7238" SrcFileId="9" StartOffset="7236"/>
<LocList>
<Loc EndOffset="16681" SrcFileId="9" StartOffset="7236"/>
</LocList>
<RootTerm CovItemId="C10" CovItemPrefix="csse376_puerto_rico.GameBoardGUI.java" Intrnl_Id="1055">
<BasicBoolTerm Intrnl_Id="1056">
<LocList>
<Loc EndOffset="7270" SrcFileId="9" StartOffset="7240"/>
</LocList>
</BasicBoolTerm>
</RootTerm>
</CondStmnt>
</StmntSeq>
</HierarchyLvl>
</HierarchyLvl>
<HierarchyLvl HierarchyLvlId="2475" HierarchyLvlTypeId="16" Intrnl_Id="1057" Name="ButtonHandler">
<Header>
<Loc EndOffset="224" SrcFileId="10" StartOffset="172"/>
</Header>
<LocList>
<Loc EndOffset="790" SrcFileId="10" StartOffset="172"/>
</LocList>
<HierarchyLvl HierarchyLvlId="2473" HierarchyLvlTypeId="17" Intrnl_Id="1058" Name="ButtonHandler">
<Header>
<Loc EndOffset="345" SrcFileId="10" StartOffset="292"/>
</Header>
<LocList>
<Loc EndOffset="402" SrcFileId="10" StartOffset="292"/>
</LocList>
<StmntSeq Intrnl_Id="1059">
<LocList>
<Loc EndOffset="374" SrcFileId="10" StartOffset="351"/>
<Loc EndOffset="398" SrcFileId="10" StartOffset="378"/>
</LocList>
<BasicStmnt CovItemId="S1" CovItemPrefix="csse376_puerto_rico.ButtonHandler.java" Intrnl_Id="1060">
<LocList>
<Loc EndOffset="374" SrcFileId="10" StartOffset="351"/>
</LocList>
</BasicStmnt>
<BasicStmnt CovItemId="S2" CovItemPrefix="csse376_puerto_rico.ButtonHandler.java" Intrnl_Id="1061">
<LocList>
<Loc EndOffset="398" SrcFileId="10" StartOffset="378"/>
</LocList>
</BasicStmnt>
</StmntSeq>
</HierarchyLvl>
<HierarchyLvl HierarchyLvlId="2474" HierarchyLvlTypeId="17" Intrnl_Id="1062" Name="actionPerformed">
<Header>
<Loc EndOffset="462" SrcFileId="10" StartOffset="407"/>
</Header>
<LocList>
<Loc EndOffset="785" SrcFileId="10" StartOffset="407"/>
</LocList>
<StmntSeq Intrnl_Id="1063">
<LocList>
<Loc EndOffset="506" SrcFileId="10" StartOffset="468"/>
<Loc EndOffset="781" SrcFileId="10" StartOffset="510"/>
</LocList>
<BasicStmnt CovItemId="S3" CovItemPrefix="csse376_puerto_rico.ButtonHandler.java" Intrnl_Id="1064">
<LocList>
<Loc EndOffset="506" SrcFileId="10" StartOffset="468"/>
</LocList>
</BasicStmnt>
<CondStmnt CovItemId="S4" CovItemPrefix="csse376_puerto_rico.ButtonHandler.java" Intrnl_Id="1065">
<Branch CovItemId="B1" CovItemPrefix="csse376_puerto_rico.ButtonHandler.java" Implct="false" Intrnl_Id="1066">
<Cond/>
<LocList>
<Loc EndOffset="561" SrcFileId="10" StartOffset="535"/>
</LocList>
<StmntSeq Intrnl_Id="1067">
<LocList>
<Loc EndOffset="556" SrcFileId="10" StartOffset="541"/>
</LocList>
<BasicStmnt CovItemId="S5" CovItemPrefix="csse376_puerto_rico.ButtonHandler.java" Intrnl_Id="1068">
<LocList>
<Loc EndOffset="556" SrcFileId="10" StartOffset="541"/>
</LocList>
</BasicStmnt>
</StmntSeq>
</Branch>
<Branch CovItemId="B2" CovItemPrefix="csse376_puerto_rico.ButtonHandler.java" Implct="false" Intrnl_Id="1069">
<Cond>
<Loc EndOffset="565" SrcFileId="10" StartOffset="561"/>
</Cond>
<LocList>
<Loc EndOffset="781" SrcFileId="10" StartOffset="566"/>
</LocList>
<StmntSeq Intrnl_Id="1070">
<LocList>
<Loc EndOffset="781" SrcFileId="10" StartOffset="566"/>
</LocList>
<CondStmnt CovItemId="S6" CovItemPrefix="csse376_puerto_rico.ButtonHandler.java" Intrnl_Id="1071">
<Branch CovItemId="B3" CovItemPrefix="csse376_puerto_rico.ButtonHandler.java" Implct="false" Intrnl_Id="1072">
<Cond/>
<LocList>
<Loc EndOffset="646" SrcFileId="10" StartOffset="595"/>
</LocList>
<StmntSeq Intrnl_Id="1073">
<LocList>
<Loc EndOffset="641" SrcFileId="10" StartOffset="601"/>
</LocList>
<BasicStmnt CovItemId="S7" CovItemPrefix="csse376_puerto_rico.ButtonHandler.java" Intrnl_Id="1074">
<LocList>
<Loc EndOffset="641" SrcFileId="10" StartOffset="601"/>
</LocList>
</BasicStmnt>
</StmntSeq>
</Branch>
<Branch CovItemId="B4" CovItemPrefix="csse376_puerto_rico.ButtonHandler.java" Implct="false" Intrnl_Id="1075">
<Cond>
<Loc EndOffset="650" SrcFileId="10" StartOffset="646"/>
</Cond>
<LocList>
<Loc EndOffset="781" SrcFileId="10" StartOffset="651"/>
</LocList>
<StmntSeq Intrnl_Id="1076">
<LocList>
<Loc EndOffset="781" SrcFileId="10" StartOffset="651"/>
</LocList>
<CondStmnt CovItemId="S8" CovItemPrefix="csse376_puerto_rico.ButtonHandler.java" Intrnl_Id="1077">
<Branch CovItemId="B5" CovItemPrefix="csse376_puerto_rico.ButtonHandler.java" Implct="false" Intrnl_Id="1078">
<Cond/>
<LocList>
<Loc EndOffset="734" SrcFileId="10" StartOffset="677"/>
</LocList>
<StmntSeq Intrnl_Id="1079">
<LocList>
<Loc EndOffset="729" SrcFileId="10" StartOffset="683"/>
</LocList>
<BasicStmnt CovItemId="S9" CovItemPrefix="csse376_puerto_rico.ButtonHandler.java" Intrnl_Id="1080">
<LocList>
<Loc EndOffset="729" SrcFileId="10" StartOffset="683"/>
</LocList>
</BasicStmnt>
</StmntSeq>
</Branch>
<Branch CovItemId="B6" CovItemPrefix="csse376_puerto_rico.ButtonHandler.java" Implct="false" Intrnl_Id="1081">
<Cond>
<Loc EndOffset="738" SrcFileId="10" StartOffset="734"/>
</Cond>
<LocList>
<Loc EndOffset="781" SrcFileId="10" StartOffset="739"/>
</LocList>
<StmntSeq Intrnl_Id="1082">
<LocList>
<Loc EndOffset="781" SrcFileId="10" StartOffset="739"/>
</LocList>
<CondStmnt CovItemId="S10" CovItemPrefix="csse376_puerto_rico.ButtonHandler.java" Intrnl_Id="1083">
<Branch CovItemId="B7" CovItemPrefix="csse376_puerto_rico.ButtonHandler.java" Implct="false" Intrnl_Id="1084">
<Cond/>
<LocList>
<Loc EndOffset="781" SrcFileId="10" StartOffset="770"/>
</LocList>
<StmntSeq Intrnl_Id="1085">
<LocList/>
</StmntSeq>
</Branch>
<Branch CovItemId="B8" CovItemPrefix="csse376_puerto_rico.ButtonHandler.java" Implct="true" Intrnl_Id="1086">
<Cond/>
<LocList/>
<StmntSeq Intrnl_Id="1087">
<LocList/>
</StmntSeq>
</Branch>
<Keyword EndOffset="741" SrcFileId="10" StartOffset="739"/>
<LocList>
<Loc EndOffset="781" SrcFileId="10" StartOffset="739"/>
</LocList>
<RootTerm CovItemId="C4" CovItemPrefix="csse376_puerto_rico.ButtonHandler.java" Intrnl_Id="1088">
<BasicBoolTerm Intrnl_Id="1089">
<LocList>
<Loc EndOffset="769" SrcFileId="10" StartOffset="742"/>
</LocList>
</BasicBoolTerm>
</RootTerm>
</CondStmnt>
</StmntSeq>
</Branch>
<Keyword EndOffset="653" SrcFileId="10" StartOffset="651"/>
<LocList>
<Loc EndOffset="781" SrcFileId="10" StartOffset="651"/>
</LocList>
<RootTerm CovItemId="C3" CovItemPrefix="csse376_puerto_rico.ButtonHandler.java" Intrnl_Id="1090">
<BasicBoolTerm Intrnl_Id="1091">
<LocList>
<Loc EndOffset="676" SrcFileId="10" StartOffset="654"/>
</LocList>
</BasicBoolTerm>
</RootTerm>
</CondStmnt>
</StmntSeq>
</Branch>
<Keyword EndOffset="568" SrcFileId="10" StartOffset="566"/>
<LocList>
<Loc EndOffset="781" SrcFileId="10" StartOffset="566"/>
</LocList>
<RootTerm CovItemId="C2" CovItemPrefix="csse376_puerto_rico.ButtonHandler.java" Intrnl_Id="1092">
<BasicBoolTerm Intrnl_Id="1093">
<LocList>
<Loc EndOffset="594" SrcFileId="10" StartOffset="569"/>
</LocList>
</BasicBoolTerm>
</RootTerm>
</CondStmnt>
</StmntSeq>
</Branch>
<Keyword EndOffset="512" SrcFileId="10" StartOffset="510"/>
<LocList>
<Loc EndOffset="781" SrcFileId="10" StartOffset="510"/>
</LocList>
<RootTerm CovItemId="C1" CovItemPrefix="csse376_puerto_rico.ButtonHandler.java" Intrnl_Id="1094">
<BasicBoolTerm Intrnl_Id="1095">
<LocList>
<Loc EndOffset="534" SrcFileId="10" StartOffset="513"/>
</LocList>
</BasicBoolTerm>
</RootTerm>
</CondStmnt>
</StmntSeq>
</HierarchyLvl>
</HierarchyLvl>
<HierarchyLvl HierarchyLvlId="2481" HierarchyLvlTypeId="16" Intrnl_Id="1096" Name="Buildings">
<Header>
<Loc EndOffset="135" SrcFileId="11" StartOffset="113"/>
</Header>
<LocList>
<Loc EndOffset="770" SrcFileId="11" StartOffset="113"/>
<Loc EndOffset="1287" SrcFileId="11" StartOffset="1284"/>
</LocList>
<StmntSeq Intrnl_Id="1097">
<LocList>
<Loc EndOffset="420" SrcFileId="11" StartOffset="183"/>
</LocList>
<BasicStmnt CovItemId="S1" CovItemPrefix="csse376_puerto_rico.Buildings.java" Intrnl_Id="1098">
<LocList>
<Loc EndOffset="420" SrcFileId="11" StartOffset="183"/>
</LocList>
</BasicStmnt>
</StmntSeq>
<HierarchyLvl HierarchyLvlId="2476" HierarchyLvlTypeId="17" Intrnl_Id="1099" Name="Buildings">
<Header>
<Loc EndOffset="443" SrcFileId="11" StartOffset="425"/>
</Header>
<LocList>
<Loc EndOffset="611" SrcFileId="11" StartOffset="425"/>
</LocList>
<StmntSeq Intrnl_Id="1100">
<LocList>
<Loc EndOffset="487" SrcFileId="11" StartOffset="449"/>
<Loc EndOffset="605" SrcFileId="11" StartOffset="526"/>
</LocList>
<BasicStmnt CovItemId="S2" CovItemPrefix="csse376_puerto_rico.Buildings.java" Intrnl_Id="1101">
<LocList>
<Loc EndOffset="487" SrcFileId="11" StartOffset="449"/>
</LocList>
</BasicStmnt>
<LoopStmnt CovItemId="S3" CovItemPrefix="csse376_puerto_rico.Buildings.java" Intrnl_Id="1102" MltplExecId="L1-2" MltplExecPrefix="csse376_puerto_rico.Buildings.java" NvrExecId="L1-0" NvrExecPrefix="csse376_puerto_rico.Buildings.java" OnceExecutedId="L1-1" OnceExecutedPrefix="csse376_puerto_rico.Buildings.java" OptBodyExec="true">
<StmntSeq Intrnl_Id="1103">
<LocList>
<Loc EndOffset="600" SrcFileId="11" StartOffset="566"/>
</LocList>
<BasicStmnt CovItemId="S4" CovItemPrefix="csse376_puerto_rico.Buildings.java" Intrnl_Id="1104">
<LocList>
<Loc EndOffset="600" SrcFileId="11" StartOffset="566"/>
</LocList>
</BasicStmnt>
</StmntSeq>
<Keyword EndOffset="529" SrcFileId="11" StartOffset="526"/>
<LocList>
<Loc EndOffset="605" SrcFileId="11" StartOffset="526"/>
</LocList>
</LoopStmnt>
</StmntSeq>
</HierarchyLvl>
<HierarchyLvl HierarchyLvlId="2477" HierarchyLvlTypeId="17" Intrnl_Id="1105" Name="getBuildings">
<Header>
<Loc EndOffset="657" SrcFileId="11" StartOffset="616"/>
</Header>
<LocList>
<Loc EndOffset="686" SrcFileId="11" StartOffset="616"/>
</LocList>
<StmntSeq Intrnl_Id="1106">
<LocList>
<Loc EndOffset="682" SrcFileId="11" StartOffset="665"/>
</LocList>
<BasicStmnt CovItemId="S5" CovItemPrefix="csse376_puerto_rico.Buildings.java" Intrnl_Id="1107">
<LocList>
<Loc EndOffset="682" SrcFileId="11" StartOffset="665"/>
</LocList>
</BasicStmnt>
</StmntSeq>
</HierarchyLvl>
<HierarchyLvl HierarchyLvlId="2478" HierarchyLvlTypeId="17" Intrnl_Id="1108" Name="getBuildingNames">
<Header>
<Loc EndOffset="734" SrcFileId="11" StartOffset="691"/>
</Header>
<LocList>
<Loc EndOffset="765" SrcFileId="11" StartOffset="691"/>
</LocList>
<StmntSeq Intrnl_Id="1109">
<LocList>
<Loc EndOffset="761" SrcFileId="11" StartOffset="740"/>
</LocList>
<BasicStmnt CovItemId="S6" CovItemPrefix="csse376_puerto_rico.Buildings.java" Intrnl_Id="1110">
<LocList>
<Loc EndOffset="761" SrcFileId="11" StartOffset="740"/>
</LocList>
</BasicStmnt>
</StmntSeq>
</HierarchyLvl>
<HierarchyLvl HierarchyLvlId="2480" HierarchyLvlTypeId="16" Intrnl_Id="1111" Name="Building">
<Header>
<Loc EndOffset="798" SrcFileId="11" StartOffset="770"/>
</Header>
<LocList>
<Loc EndOffset="1284" SrcFileId="11" StartOffset="770"/>
</LocList>
<HierarchyLvl HierarchyLvlId="2479" HierarchyLvlTypeId="17" Intrnl_Id="1112" Name="Building">
<Header>
<Loc EndOffset="960" SrcFileId="11" StartOffset="932"/>
</Header>
<LocList>
<Loc EndOffset="1280" SrcFileId="11" StartOffset="932"/>
</LocList>
<StmntSeq Intrnl_Id="1113">
<LocList>
<Loc EndOffset="984" SrcFileId="11" StartOffset="967"/>
<Loc EndOffset="1275" SrcFileId="11" StartOffset="989"/>
</LocList>
<BasicStmnt CovItemId="S7" CovItemPrefix="csse376_puerto_rico.Buildings.java" Intrnl_Id="1114">
<LocList>
<Loc EndOffset="984" SrcFileId="11" StartOffset="967"/>
</LocList>
</BasicStmnt>
<CondStmnt CovItemId="S8" CovItemPrefix="csse376_puerto_rico.Buildings.java" Intrnl_Id="1115">
<Branch CovItemId="B1" CovItemPrefix="csse376_puerto_rico.Buildings.java" Implct="false" Intrnl_Id="1116">
<Cond>
<Loc EndOffset="1034" SrcFileId="11" StartOffset="1009"/>
</Cond>
<LocList>
<Loc EndOffset="1128" SrcFileId="11" StartOffset="1041"/>
</LocList>
<StmntSeq Intrnl_Id="1117">
<LocList>
<Loc EndOffset="1050" SrcFileId="11" StartOffset="1041"/>
<Loc EndOffset="1067" SrcFileId="11" StartOffset="1056"/>
<Loc EndOffset="1090" SrcFileId="11" StartOffset="1073"/>
<Loc EndOffset="1116" SrcFileId="11" StartOffset="1096"/>
<Loc EndOffset="1128" SrcFileId="11" StartOffset="1122"/>
</LocList>
<BasicStmnt CovItemId="S9" CovItemPrefix="csse376_puerto_rico.Buildings.java" Intrnl_Id="1118">
<LocList>
<Loc EndOffset="1050" SrcFileId="11" StartOffset="1041"/>
</LocList>
</BasicStmnt>
<BasicStmnt CovItemId="S10" CovItemPrefix="csse376_puerto_rico.Buildings.java" Intrnl_Id="1119">
<LocList>
<Loc EndOffset="1067" SrcFileId="11" StartOffset="1056"/>
</LocList>
</BasicStmnt>
<BasicStmnt CovItemId="S11" CovItemPrefix="csse376_puerto_rico.Buildings.java" Intrnl_Id="1120">
<LocList>
<Loc EndOffset="1090" SrcFileId="11" StartOffset="1073"/>
</LocList>
</BasicStmnt>
<BasicStmnt CovItemId="S12" CovItemPrefix="csse376_puerto_rico.Buildings.java" Intrnl_Id="1121">
<LocList>
<Loc EndOffset="1116" SrcFileId="11" StartOffset="1096"/>
</LocList>
</BasicStmnt>
<BasicStmnt CovItemId="S13" CovItemPrefix="csse376_puerto_rico.Buildings.java" Intrnl_Id="1122">
<LocList>
<Loc EndOffset="1128" SrcFileId="11" StartOffset="1122"/>
</LocList>
</BasicStmnt>
</StmntSeq>
</Branch>
<Branch CovItemId="B2" CovItemPrefix="csse376_puerto_rico.Buildings.java" Implct="false" Intrnl_Id="1123">
<Cond>
<Loc EndOffset="1187" SrcFileId="11" StartOffset="1180"/>
</Cond>
<LocList>
<Loc EndOffset="1269" SrcFileId="11" StartOffset="1194"/>
</LocList>
<StmntSeq Intrnl_Id="1124">
<LocList>
<Loc EndOffset="1203" SrcFileId="11" StartOffset="1194"/>
<Loc EndOffset="1220" SrcFileId="11" StartOffset="1209"/>
<Loc EndOffset="1243" SrcFileId="11" StartOffset="1226"/>
<Loc EndOffset="1269" SrcFileId="11" StartOffset="1249"/>
</LocList>
<BasicStmnt CovItemId="S14" CovItemPrefix="csse376_puerto_rico.Buildings.java" Intrnl_Id="1125">
<LocList>
<Loc EndOffset="1203" SrcFileId="11" StartOffset="1194"/>
</LocList>
</BasicStmnt>
<BasicStmnt CovItemId="S15" CovItemPrefix="csse376_puerto_rico.Buildings.java" Intrnl_Id="1126">
<LocList>
<Loc EndOffset="1220" SrcFileId="11" StartOffset="1209"/>
</LocList>
</BasicStmnt>
<BasicStmnt CovItemId="S16" CovItemPrefix="csse376_puerto_rico.Buildings.java" Intrnl_Id="1127">
<LocList>
<Loc EndOffset="1243" SrcFileId="11" StartOffset="1226"/>
</LocList>
</BasicStmnt>
<BasicStmnt CovItemId="S17" CovItemPrefix="csse376_puerto_rico.Buildings.java" Intrnl_Id="1128">
<LocList>
<Loc EndOffset="1269" SrcFileId="11" StartOffset="1249"/>
</LocList>
</BasicStmnt>
</StmntSeq>
</Branch>
<Keyword EndOffset="995" SrcFileId="11" StartOffset="989"/>
<LocList>
<Loc EndOffset="1275" SrcFileId="11" StartOffset="989"/>
</LocList>
</CondStmnt>
</StmntSeq>
</HierarchyLvl>
</HierarchyLvl>
</HierarchyLvl>
</HierarchyLvl>
</HierarchyLvl>
</MASTRoot>
</TestSessionContainer>
