<?xml version="1.0" encoding="UTF-8"?><TestSessionContainer xmlns="http://www.codecover.org/xml/testsession-container" Date="1432260955449" TestSessionContainerId="a529d905-80cc-411b-86e2-dd4f667cb2cb" version="1.0">
<SrcFileList>
<SrcFile Content="package csse376_puerto_rico;&#10;&#10;import java.awt.Color;&#10;&#10;import javax.swing.ButtonGroup;&#10;import javax.swing.JButton;&#10;import javax.swing.JFrame;&#10;import javax.swing.JPanel;&#10;import javax.swing.JRadioButton;&#10;&#10;public class StartUpGameBoardGUI {&#10;&#10;&#9;private JFrame mainframe;&#10;&#10;&#9;public StartUpGameBoardGUI(JFrame frame) {&#10;&#9;&#9;this.mainframe = frame;&#10;&#9;&#9;this.mainframe.getContentPane().removeAll();&#10;&#9;&#9;this.mainframe.getContentPane().revalidate();&#10;&#9;&#9;this.mainframe.setBackground(Color.BLACK);&#10;&#9;&#9;this.mainframe.setTitle(&quot;Choose Players&quot;);&#10;&#10;&#9;&#9;JPanel mainPanel = new JPanel();&#10;&#9;&#9;&#10;&#9;&#9;ButtonGroup group = new ButtonGroup();&#10;&#9;&#9;JRadioButton rb3 = new JRadioButton(&quot;3&quot;, true);&#10;&#9;&#9;JRadioButton rb4 = new JRadioButton(&quot;4&quot;, false);&#10;&#9;&#9;JRadioButton rb5 = new JRadioButton(&quot;5&quot;, false);&#10;&#9;&#9;group.add(rb3);&#10;&#9;&#9;group.add(rb4);&#10;&#9;&#9;group.add(rb5);&#10;&#9;&#9;&#10;&#9;&#9;JButton startButton = new JButton(&quot;Start&quot;);&#10;&#9;&#9;startButton.addActionListener(new ButtonHandler(this.mainframe, group));&#10;&#9;&#9;&#10;&#9;&#9;mainPanel.add(rb3);&#10;&#9;&#9;mainPanel.add(rb4);&#10;&#9;&#9;mainPanel.add(rb5);&#10;&#9;&#9;mainPanel.add(startButton);&#10;&#9;&#9;&#10;&#9;&#9;this.mainframe.add(mainPanel);&#10;&#9;}&#10;&#10;}&#10;" Filename="StartUpGameBoardGUI.java" Intrnl_Id="1"/>
<SrcFile Content="package csse376_puerto_rico;&#13;&#10;&#13;&#10;import java.util.ArrayList;&#13;&#10;import java.util.List;&#13;&#10;&#13;&#10;/**&#13;&#10; * List of roles&#13;&#10; *&#13;&#10; * @author songm. Created Apr 22, 2015.&#13;&#10; */&#13;&#10;public class PlayerRoles {&#13;&#10;&#9;public static final String Settler = &quot;Settler&quot;;&#13;&#10;&#9;public static final String Builder = &quot;Builder&quot;;&#13;&#10;&#9;public static final String Craftsman = &quot;Craftsman&quot;;&#13;&#10;&#9;public static final String Trader = &quot;Trader&quot;;&#13;&#10;&#9;public static final String Captain = &quot;Captain&quot;;&#13;&#10;&#9;public static final String Prospector = &quot;Prospector&quot;;&#13;&#10;&#9;public static final String Mayor = &quot;Mayor&quot;;&#13;&#10;&#13;&#10;&#9;private PlayerRoles() {&#13;&#10;&#9;&#9;// null constructor&#13;&#10;&#9;}&#13;&#10;&#13;&#10;&#9;public static List&lt;String&gt; getValues() {&#13;&#10;&#9;&#9;List&lt;String&gt; rtn = new ArrayList&lt;String&gt;();&#13;&#10;&#13;&#10;&#9;&#9;rtn.add(Settler);&#13;&#10;&#9;&#9;rtn.add(Builder);&#13;&#10;&#9;&#9;rtn.add(Craftsman);&#13;&#10;&#9;&#9;rtn.add(Trader);&#13;&#10;&#9;&#9;rtn.add(Captain);&#13;&#10;&#9;&#9;rtn.add(Prospector);&#13;&#10;&#9;&#9;rtn.add(Mayor);&#13;&#10;&#13;&#10;&#9;&#9;return rtn;&#13;&#10;&#9;}&#13;&#10;}&#13;&#10;" Filename="PlayerRoles.java" Intrnl_Id="2"/>
<SrcFile Content="package csse376_puerto_rico;&#13;&#10;&#13;&#10;import java.util.ArrayList;&#13;&#10;import java.util.Arrays;&#13;&#10;import java.util.HashMap;&#13;&#10;import java.util.List;&#13;&#10;&#13;&#10;import javax.swing.JTextArea;&#13;&#10;&#13;&#10;public class Player {&#13;&#10;&#13;&#10;&#9;private int pNum;&#13;&#10;&#9;private int doubloons;&#13;&#10;&#9;private String role;&#13;&#10;&#9;private JTextArea hud;&#13;&#10;&#9;public boolean isTurn;&#13;&#10;&#9;public boolean isGovernor;&#13;&#10;&#9;private int points = 0;&#13;&#10;&#13;&#10;&#9;private ArrayList&lt;Building&gt; buildings = new ArrayList&lt;Building&gt;();&#13;&#10;&#13;&#10;&#9;public static class Good {&#13;&#10;&#9;&#9;public static final String COFFEE = &quot;Coffee&quot;;&#13;&#10;&#9;&#9;public static final String TOBACCO = &quot;Tobacco&quot;;&#13;&#10;&#9;&#9;public static final String CORN = &quot;Corn&quot;;&#13;&#10;&#9;&#9;public static final String SUGAR = &quot;Sugar&quot;;&#13;&#10;&#9;&#9;public static final String INDIGO = &quot;Indigo&quot;;&#13;&#10;&#9;}&#13;&#10;&#13;&#10;&#9;public static class Plantation {&#13;&#10;&#9;&#9;public String good;&#13;&#10;&#9;&#9;public boolean hasWorker;&#13;&#10;&#13;&#10;&#9;&#9;public Plantation(String good, boolean hasWorker) {&#13;&#10;&#9;&#9;&#9;this.good = good;&#13;&#10;&#9;&#9;&#9;this.hasWorker = hasWorker;&#13;&#10;&#9;&#9;}&#13;&#10;&#9;}&#13;&#10;&#13;&#10;&#9;private ArrayList&lt;Plantation&gt; plantations = new ArrayList&lt;Plantation&gt;();&#13;&#10;&#9;private HashMap&lt;String, Integer&gt; goods = new HashMap&lt;String, Integer&gt;();&#13;&#10;&#9;private static List&lt;String&gt; roles = PlayerRoles.getValues();&#13;&#10;&#13;&#10;&#9;// For Testing purposes, null player&#13;&#10;&#9;public Player() {&#13;&#10;&#9;&#9;this.doubloons = 0;&#13;&#10;&#9;&#9;this.pNum = 0;&#13;&#10;&#9;&#9;this.role = &quot;&quot;;&#13;&#10;&#9;&#9;this.isGovernor = false;&#13;&#10;&#9;&#9;this.hud = new JTextArea();&#13;&#10;&#9;&#9;for (String s : this.getAllGoods()) {&#13;&#10;&#9;&#9;&#9;this.goods.put(s, 0);&#13;&#10;&#9;&#9;}&#13;&#10;&#9;}&#13;&#10;&#13;&#10;&#9;public Player(String role) {&#13;&#10;&#9;&#9;this.role = role;&#13;&#10;&#9;&#9;this.doubloons = 0;&#13;&#10;&#9;&#9;this.isGovernor = false;&#13;&#10;&#9;&#9;this.isTurn = false;&#13;&#10;&#9;&#9;this.hud = null;&#13;&#10;&#9;&#9;for (String s : this.getAllGoods()) {&#13;&#10;&#9;&#9;&#9;this.goods.put(s, 0);&#13;&#10;&#9;&#9;}&#13;&#10;&#9;}&#13;&#10;&#13;&#10;&#9;public void setPlayerNum(int i) {&#13;&#10;&#9;&#9;this.pNum = i;&#13;&#10;&#13;&#10;&#9;}&#13;&#10;&#13;&#10;&#9;public int getPlayerNum() {&#13;&#10;&#9;&#9;return this.pNum;&#13;&#10;&#9;}&#13;&#10;&#13;&#10;&#9;public String getRole() {&#13;&#10;&#9;&#9;return this.role;&#13;&#10;&#9;}&#13;&#10;&#13;&#10;&#9;public static List&lt;String&gt; getRoles() {&#13;&#10;&#13;&#10;&#9;&#9;return roles;&#13;&#10;&#9;}&#13;&#10;&#13;&#10;&#9;public int getPoints() {&#13;&#10;&#9;&#9;return points;&#13;&#10;&#9;}&#13;&#10;&#13;&#10;&#9;public JTextArea getHUD() {&#13;&#10;&#9;&#9;return this.hud;&#13;&#10;&#9;}&#13;&#10;&#13;&#10;&#9;public void setHUD(JTextArea hud) {&#13;&#10;&#9;&#9;this.hud = hud;&#13;&#10;&#9;}&#13;&#10;&#13;&#10;&#9;public boolean isGovernor() {&#13;&#10;&#9;&#9;return isGovernor;&#13;&#10;&#9;}&#13;&#10;&#13;&#10;&#9;public void addPoints(int addition) {&#13;&#10;&#9;&#9;this.points = this.points + addition;&#13;&#10;&#9;}&#13;&#10;&#13;&#10;&#9;// Test method&#13;&#10;&#9;public void setPoints(int points) {&#13;&#10;&#9;&#9;// This method is strictly for setting points&#13;&#10;&#9;&#9;this.points = points;&#13;&#10;&#9;}&#13;&#10;&#13;&#10;&#9;public void setRole(String string) {&#13;&#10;&#9;&#9;this.role = string;&#13;&#10;&#9;}&#13;&#10;&#13;&#10;&#9;public void addBuilding(Building building) {&#13;&#10;&#9;&#9;buildings.add(building);&#13;&#10;&#9;}&#13;&#10;&#9;&#13;&#10;&#9;public boolean ownsBuilding(String building){&#13;&#10;&#9;&#9;return getBuildingsStringList().contains(building);&#13;&#10;&#9;}&#13;&#10;&#9;&#13;&#10;&#9;public boolean ownsOccupiedBuilding(String building){&#13;&#10;&#9;&#9;return getOccupiedBuildingsStringList().contains(building);&#13;&#10;&#9;}&#13;&#10;&#13;&#10;&#9;public ArrayList&lt;String&gt; getBuildingsStringList() {&#13;&#10;&#9;&#9;ArrayList&lt;String&gt; rtn = new ArrayList&lt;String&gt;();&#13;&#10;&#9;&#9;for (Building b : this.buildings) {&#13;&#10;&#9;&#9;&#9;rtn.add(b.name);&#13;&#10;&#9;&#9;}&#13;&#10;&#9;&#9;return rtn;&#13;&#10;&#9;}&#13;&#10;&#13;&#10;&#9;public ArrayList&lt;Building&gt; getBuildings() {&#13;&#10;&#9;&#9;return this.buildings;&#13;&#10;&#9;}&#13;&#10;&#9;&#13;&#10;&#9;public Building getBuilding(String building){&#13;&#10;&#9;&#9;if(this.getBuildingsStringList().contains(building)){&#13;&#10;&#9;&#9;&#9;for(Building b : this.buildings){&#13;&#10;&#9;&#9;&#9;&#9;if(b.name == building){&#13;&#10;&#9;&#9;&#9;&#9;&#9;return b;&#13;&#10;&#9;&#9;&#9;&#9;}&#13;&#10;&#9;&#9;&#9;}&#13;&#10;&#9;&#9;}&#13;&#10;&#9;&#9;return null;&#13;&#10;&#9;}&#13;&#10;&#9;&#13;&#10;&#9;public ArrayList&lt;Building&gt; getOccupiedBuildings(){&#13;&#10;&#9;&#9;ArrayList&lt;Building&gt; occupiedList = new ArrayList&lt;Building&gt;();&#13;&#10;&#9;&#9;for(Building b: this.buildings){&#13;&#10;&#9;&#9;&#9;if((b.numberOfJobs - b.numberOfWorkers) == 0){&#13;&#10;&#9;&#9;&#9;&#9;occupiedList.add(b);&#13;&#10;&#9;&#9;&#9;}&#13;&#10;&#9;&#9;}&#13;&#10;&#9;&#9;return occupiedList;&#13;&#10;&#9;}&#13;&#10;&#9;&#13;&#10;&#9;public ArrayList&lt;String&gt; getOccupiedBuildingsStringList() {&#13;&#10;&#9;&#9;ArrayList&lt;String&gt; rtn = new ArrayList&lt;String&gt;();&#13;&#10;&#9;&#9;for (Building b : this.getOccupiedBuildings()) {&#13;&#10;&#9;&#9;&#9;rtn.add(b.name);&#13;&#10;&#9;&#9;}&#13;&#10;&#9;&#9;return rtn;&#13;&#10;&#9;}&#13;&#10;&#13;&#10;&#9;public List&lt;String&gt; getGoods() {&#13;&#10;&#9;&#9;//&#13;&#10;&#9;&#9;List&lt;String&gt; rtn = new ArrayList&lt;String&gt;();&#13;&#10;&#9;&#9;String coffee = &quot;Coffee: &quot;&#13;&#10;&#9;&#9;&#9;&#9;+ Integer.toString((getNumberOfGood(&quot;Coffee&quot;)));&#13;&#10;&#9;&#9;String tobacco = &quot;Tobacco: &quot;&#13;&#10;&#9;&#9;&#9;&#9;+ Integer.toString((getNumberOfGood(&quot;Tobacco&quot;)));&#13;&#10;&#9;&#9;String corn = &quot;Corn: &quot; + Integer.toString((getNumberOfGood(&quot;Corn&quot;)));&#13;&#10;&#9;&#9;String sugar = &quot;Sugar: &quot; + Integer.toString((getNumberOfGood(&quot;Sugar&quot;)));&#13;&#10;&#9;&#9;String indigo = &quot;Indigo: &quot;&#13;&#10;&#9;&#9;&#9;&#9;+ Integer.toString((getNumberOfGood(&quot;Indigo&quot;)));&#13;&#10;&#9;&#9;rtn.addAll(Arrays.asList(coffee, corn, tobacco, sugar, indigo));&#13;&#10;&#9;&#9;return rtn;&#13;&#10;&#9;}&#13;&#10;&#13;&#10;&#9;public int getNumberOfGood(String good) {&#13;&#10;&#9;&#9;// added case where there were no goods&#13;&#10;&#9;&#9;if (this.goods.get(good) == null) {&#13;&#10;&#9;&#9;&#9;return 0;&#13;&#10;&#9;&#9;}&#13;&#10;&#9;&#9;return this.goods.get(good);&#13;&#10;&#13;&#10;&#9;}&#13;&#10;&#13;&#10;&#9;public List&lt;String&gt; getAllGoods() {&#13;&#10;&#9;&#9;List&lt;String&gt; rtn = new ArrayList&lt;String&gt;();&#13;&#10;&#9;&#9;rtn.addAll(Arrays.asList(Good.COFFEE, Good.CORN, Good.INDIGO,&#13;&#10;&#9;&#9;&#9;&#9;Good.SUGAR, Good.TOBACCO));&#13;&#10;&#9;&#9;return rtn;&#13;&#10;&#9;}&#13;&#10;&#13;&#10;&#9;public void addGood(String good, int number) {&#13;&#10;&#9;&#9;// adds the number to the original&#13;&#10;&#9;&#9;this.goods.put(good, this.goods.get(good) + number);&#13;&#10;&#9;}&#13;&#10;&#13;&#10;&#9;@Override&#13;&#10;&#9;public String toString() {&#13;&#10;&#9;&#9;String rtn = &quot;&quot;;&#13;&#10;&#9;&#9;String buildingList = &quot;&quot;;&#13;&#10;&#9;&#9;String goodsList = this.getGoods().toString();&#13;&#10;&#9;&#9;String plantationList = &quot;&quot;;&#13;&#10;&#9;&#9;for (int i = 0; i &lt; this.buildings.size(); i++) {&#13;&#10;&#9;&#9;&#9;buildingList = buildingList + &quot; &quot; + this.buildings.get(i).name;&#13;&#10;&#9;&#9;}&#13;&#10;&#9;&#9;for (int i = 0; i &lt; this.plantations.size(); i++) {&#13;&#10;&#9;&#9;&#9;plantationList = plantationList + &quot; &quot;&#13;&#10;&#9;&#9;&#9;&#9;&#9;+ this.plantations.get(i).good;&#13;&#10;&#9;&#9;}&#13;&#10;&#9;&#9;if (isGovernor) {&#13;&#10;&#9;&#9;&#9;rtn = String&#13;&#10;&#9;&#9;&#9;&#9;&#9;.format(&quot;Player %d \nRole: %s \nScore: %d \nDoubloons: %d \nBuilding: %s \nPlantation: %s \nGoods: %s \nGovernor&quot;,&#13;&#10;&#9;&#9;&#9;&#9;&#9;&#9;&#9;pNum, role, points, doubloons, buildingList,&#13;&#10;&#9;&#9;&#9;&#9;&#9;&#9;&#9;plantationList, goodsList);&#13;&#10;&#9;&#9;} else {&#13;&#10;&#9;&#9;&#9;rtn = String&#13;&#10;&#9;&#9;&#9;&#9;&#9;.format(&quot;Player %d \nRole: %s \nScore: %d \nDoubloons: %d \nBuilding: %s \nPlantation: %s \nGoods: %s&quot;,&#13;&#10;&#9;&#9;&#9;&#9;&#9;&#9;&#9;pNum, role, points, doubloons, buildingList,&#13;&#10;&#9;&#9;&#9;&#9;&#9;&#9;&#9;plantationList, goodsList);&#13;&#10;&#9;&#9;}&#13;&#10;&#9;&#9;return rtn;&#13;&#10;&#9;}&#13;&#10;&#13;&#10;&#9;public void updatePlayerInfo() {&#13;&#10;&#9;&#9;this.hud.setText(this.toString());&#13;&#10;&#9;}&#13;&#10;&#13;&#10;&#9;public ArrayList&lt;Plantation&gt; getPlantations() {&#13;&#10;&#9;&#9;return this.plantations;&#13;&#10;&#9;}&#13;&#10;&#13;&#10;&#9;public void addPlantations(Plantation add) {&#13;&#10;&#9;&#9;this.plantations.add(add);&#13;&#10;&#9;}&#13;&#10;&#13;&#10;&#9;public ArrayList&lt;String&gt; getPlantationsStringList() {&#13;&#10;&#9;&#9;ArrayList&lt;String&gt; rtn = new ArrayList&lt;String&gt;();&#13;&#10;&#9;&#9;for (Plantation p : this.plantations) {&#13;&#10;&#9;&#9;&#9;rtn.add(p.good);&#13;&#10;&#9;&#9;}&#13;&#10;&#9;&#9;return rtn;&#13;&#10;&#9;}&#13;&#10;&#13;&#10;&#9;// Only used by the Craftsman: checks if the plantation has a worker and&#13;&#10;&#9;// adds one&#13;&#10;&#9;// to the respective good count&#13;&#10;&#9;public void checkPlantation() {&#13;&#10;&#9;&#9;for (Plantation p : this.plantations) {&#13;&#10;&#9;&#9;&#9;if (p.hasWorker) {&#13;&#10;&#9;&#9;&#9;&#9;// Building condition here&#13;&#10;&#9;&#9;&#9;&#9;this.addGood(p.good, 1);&#13;&#10;&#9;&#9;&#9;}&#13;&#10;&#9;&#9;}&#13;&#10;&#9;}&#13;&#10;&#13;&#10;&#9;public int getDoubloons() {&#13;&#10;&#9;&#9;return this.doubloons;&#13;&#10;&#9;}&#13;&#10;&#13;&#10;&#9;public void setDoubloons(int add) {&#13;&#10;&#9;&#9;this.doubloons = add;&#13;&#10;&#9;}&#13;&#10;&#13;&#10;&#9;public void sellGood(String s, int i) {&#13;&#10;&#9;&#9;this.goods.put(s, this.goods.get(s) - i);&#13;&#10;&#13;&#10;&#9;}&#13;&#10;&#13;&#10;}&#13;&#10;" Filename="Player.java" Intrnl_Id="3"/>
<SrcFile Content="package csse376_puerto_rico;&#13;&#10;&#13;&#10;import java.awt.BorderLayout;&#13;&#10;import java.awt.Image;&#13;&#10;&#13;&#10;import javax.swing.ImageIcon;&#13;&#10;import javax.swing.JButton;&#13;&#10;import javax.swing.JFrame;&#13;&#10;import javax.swing.JLabel;&#13;&#10;import javax.swing.JPanel;&#13;&#10;&#13;&#10;import net.miginfocom.swing.MigLayout;&#13;&#10;&#13;&#10;public class MenuGUI {&#13;&#10;&#9;/**&#13;&#10;     * Mainframe.&#13;&#10;     */&#13;&#10;     JFrame mainframe = new JFrame();&#13;&#10;     &#13;&#10;     /**&#13;&#10;     * Constructs the Menu.&#13;&#10;     * &#13;&#10;     */&#13;&#10;     public MenuGUI() {&#13;&#10;           this.mainframe.setTitle(&quot;Puerto Rico&quot;);&#13;&#10;           this.mainframe.setSize(1366, 800);&#13;&#10;           this.mainframe.setVisible(true);&#13;&#10;           this.mainframe.setDefaultCloseOperation(JFrame.EXIT_ON_CLOSE);&#13;&#10;//           this.mainframe.setResizable(false);&#13;&#10;//           MigLayout layout = new MigLayout();&#13;&#10;//   &#9;&#9;   this.mainframe.setLayout(layout);&#13;&#10;           &#13;&#10;           JPanel imgPanel = new JPanel();&#13;&#10;           JPanel buttonPanel = new JPanel();&#13;&#10;           &#13;&#10;           String imageLoc = &quot;puerto-ricosmall.jpg&quot;;&#13;&#10;           ImageIcon imageIcon = new ImageIcon(imageLoc);&#13;&#10;           &#13;&#10;           imgPanel.add(new JLabel(imageIcon));&#13;&#10;           &#13;&#10;           JButton newGame = new JButton(&quot;New Game&quot;);&#13;&#10;           newGame.addActionListener(new ButtonHandler(mainframe, null));&#13;&#10;           JButton quit = new JButton(&quot;Quit&quot;);&#13;&#10;           &#13;&#10;           buttonPanel.add(newGame);&#13;&#10;           buttonPanel.add(quit);&#13;&#10;           &#13;&#10;           this.mainframe.add(imgPanel, BorderLayout.NORTH);&#13;&#10;           this.mainframe.add(buttonPanel, BorderLayout.SOUTH);&#13;&#10;     }&#13;&#10;&#13;&#10;}&#13;&#10;" Filename="MenuGUI.java" Intrnl_Id="4"/>
<SrcFile Content="package csse376_puerto_rico;&#10;&#10;public class Main {&#10;&#9;/**&#10;&#9; * @param args&#10;&#9; * &#10;&#9; * &#10;&#9; */&#10;&#9;public static void main(String[] args) {&#10;&#9;&#9;new MenuGUI();&#10;&#9;}&#10;}&#10;" Filename="Main.java" Intrnl_Id="5"/>
<SrcFile Content="package csse376_puerto_rico;&#13;&#10;&#13;&#10;import java.util.ArrayList;&#13;&#10;import java.util.HashMap;&#13;&#10;import java.util.List;&#13;&#10;&#13;&#10;import csse376_puerto_rico.Player.Good;&#13;&#10;import csse376_puerto_rico.Player.Plantation;&#13;&#10;&#13;&#10;public class GameState {&#13;&#10;&#13;&#10;&#9;private HashMap&lt;String, Integer&gt; goods = new HashMap&lt;String, Integer&gt;();&#13;&#10;&#9;public int colonistsTotal;&#13;&#10;&#9;public int colonistsOnBoard;&#13;&#10;&#9;public int cargoship4 = 0;&#13;&#10;&#9;public String cargoship4Good = &quot;&quot;;&#13;&#10;&#9;public int cargoship5 = 0;&#13;&#10;&#9;public String cargoship5Good = &quot;&quot;;&#13;&#10;&#9;public int cargoship6 = 0;&#13;&#10;&#9;public String cargoship6Good = &quot;&quot;;&#13;&#10;&#9;public boolean isGameEndState = false;&#13;&#10;&#9;public int doubloons;&#13;&#10;&#9;private int numOfPlayers;&#13;&#10;&#9;private List&lt;Player&gt; players;&#13;&#10;&#9;public int victoryPoints;&#13;&#10;&#9;public static ArrayList&lt;String&gt; rolesToAdd;&#13;&#10;&#9;public static ArrayList&lt;String&gt; addDoubloonToRole;&#13;&#10;&#13;&#10;&#9;public static final int ERROR = -99;&#13;&#10;&#13;&#10;&#9;public GameState(List&lt;Player&gt; players) {&#13;&#10;&#13;&#10;&#9;&#9;// game start state - Min&#13;&#10;&#13;&#10;&#9;&#9;for (Player p : players) {&#13;&#10;&#9;&#9;&#9;p.setDoubloons(players.size() - 1);&#13;&#10;&#9;&#9;}&#13;&#10;&#13;&#10;&#9;&#9;// goods&#13;&#10;&#9;&#9;goods.put(Player.Good.COFFEE, 9);&#13;&#10;&#9;&#9;goods.put(Player.Good.CORN, 10);&#13;&#10;&#9;&#9;goods.put(Player.Good.INDIGO, 11);&#13;&#10;&#9;&#9;goods.put(Player.Good.SUGAR, 11);&#13;&#10;&#9;&#9;goods.put(Player.Good.TOBACCO, 9);&#13;&#10;&#13;&#10;&#9;&#9;// colonists. victory points and plantations&#13;&#10;&#9;&#9;this.players = players;&#13;&#10;&#9;&#9;numOfPlayers = players.size();&#13;&#10;&#9;&#9;colonistsOnBoard = numOfPlayers;&#13;&#10;&#13;&#10;&#9;&#9;this.players.get(0).addPlantations(new Plantation(Good.INDIGO, false));&#13;&#10;&#9;&#9;this.players.get(1).addPlantations(new Plantation(Good.INDIGO, false));&#13;&#10;&#13;&#10;&#9;&#9;if (numOfPlayers == 3) {&#13;&#10;&#9;&#9;&#9;// FIXME: replace the bottom comment with the one after to make the&#13;&#10;&#9;&#9;&#9;// test&#13;&#10;&#9;&#9;&#9;// colonistsTotal = 55;&#13;&#10;&#9;&#9;&#9;colonistsTotal = 10;&#13;&#10;&#9;&#9;&#9;victoryPoints = 75;&#13;&#10;&#9;&#9;&#9;this.players.get(2)&#13;&#10;&#9;&#9;&#9;&#9;&#9;.addPlantations(new Plantation(Good.CORN, false));&#13;&#10;&#9;&#9;} else if (numOfPlayers == 4) {&#13;&#10;&#9;&#9;&#9;colonistsTotal = 75;&#13;&#10;&#9;&#9;&#9;victoryPoints = 100;&#13;&#10;&#9;&#9;&#9;this.players.get(2)&#13;&#10;&#9;&#9;&#9;&#9;&#9;.addPlantations(new Plantation(Good.CORN, false));&#13;&#10;&#9;&#9;&#9;this.players.get(3)&#13;&#10;&#9;&#9;&#9;&#9;&#9;.addPlantations(new Plantation(Good.CORN, false));&#13;&#10;&#13;&#10;&#9;&#9;} else if (numOfPlayers == 5) {&#13;&#10;&#9;&#9;&#9;colonistsTotal = 95;&#13;&#10;&#9;&#9;&#9;victoryPoints = 122;&#13;&#10;&#9;&#9;&#9;this.players.get(2).addPlantations(&#13;&#10;&#9;&#9;&#9;&#9;&#9;new Plantation(Good.INDIGO, false));&#13;&#10;&#9;&#9;&#9;this.players.get(3)&#13;&#10;&#9;&#9;&#9;&#9;&#9;.addPlantations(new Plantation(Good.CORN, false));&#13;&#10;&#9;&#9;&#9;this.players.get(4)&#13;&#10;&#9;&#9;&#9;&#9;&#9;.addPlantations(new Plantation(Good.CORN, false));&#13;&#10;&#9;&#9;}&#13;&#10;&#9;&#9;// ships&#13;&#10;&#13;&#10;&#9;&#9;// doubloons&#13;&#10;&#9;&#9;doubloons = 54;&#13;&#10;&#9;&#9;rolesToAdd = new ArrayList&lt;String&gt;();&#13;&#10;&#9;&#9;addDoubloonToRole = new ArrayList&lt;String&gt;();&#13;&#10;&#13;&#10;&#9;}&#13;&#10;&#13;&#10;&#9;public int getGood(String good) {&#13;&#10;&#13;&#10;&#9;&#9;return goods.get(good);&#13;&#10;&#9;}&#13;&#10;&#13;&#10;&#9;public void addGood(String good) {&#13;&#10;&#13;&#10;&#9;&#9;goods.put(good, goods.get(good) + 1);&#13;&#10;&#9;}&#13;&#10;&#13;&#10;&#9;public int getColonistsOnBoard() {&#13;&#10;&#9;&#9;//&#13;&#10;&#9;&#9;return colonistsOnBoard;&#13;&#10;&#9;}&#13;&#10;&#13;&#10;&#9;public int getColonistsTotal() {&#13;&#10;&#9;&#9;//&#13;&#10;&#9;&#9;return colonistsTotal;&#13;&#10;&#9;}&#13;&#10;&#13;&#10;&#9;public void addColonistsToBoard() {&#13;&#10;&#9;&#9;/**&#13;&#10;&#9;&#9; * For each empty circle on the buildings on the player boards of all&#13;&#10;&#9;&#9; * players (empty circles on plantations and quarries do not count!),&#13;&#10;&#9;&#9; * the mayor takes one colonist from the colonist supply and places it&#13;&#10;&#9;&#9; * on the colonist ship. However, as a minimum, the mayor should always&#13;&#10;&#9;&#9; * place at least as many colonists on the ship as there are players in&#13;&#10;&#9;&#9; * the game.&#13;&#10;&#9;&#9; */&#13;&#10;&#9;&#9;int temp = 0;&#13;&#10;&#9;&#9;for (Player player : players) {&#13;&#10;&#9;&#9;&#9;for (Building b : player.getBuildings()) {&#13;&#10;&#9;&#9;&#9;&#9;temp += b.numberOfJobs - b.numberOfWorkers;&#13;&#10;&#9;&#9;&#9;}&#13;&#10;&#9;&#9;&#9;for (Plantation p : player.getPlantations()) {&#13;&#10;&#9;&#9;&#9;&#9;if (!p.hasWorker) {&#13;&#10;&#9;&#9;&#9;&#9;&#9;temp += 1;&#13;&#10;&#9;&#9;&#9;&#9;}&#13;&#10;&#9;&#9;&#9;}&#13;&#10;&#9;&#9;}&#13;&#10;&#9;&#9;if (temp &lt; numOfPlayers) {&#13;&#10;&#9;&#9;&#9;colonistsOnBoard = numOfPlayers;&#13;&#10;&#9;&#9;} else {&#13;&#10;&#9;&#9;&#9;colonistsOnBoard = temp;&#13;&#10;&#9;&#9;}&#13;&#10;&#9;}&#13;&#10;&#13;&#10;&#9;/**&#13;&#10;&#9; * &#13;&#10;&#9; * returns leftover, if 99 then that means it is an error or wrong good on&#13;&#10;&#9; * cargo&#13;&#10;&#9; * &#13;&#10;&#9; * @param shipNum&#13;&#10;&#9; * @param goodNum&#13;&#10;&#9; * @param good&#13;&#10;&#9; * @return int&#13;&#10;&#9; *&#13;&#10;&#9; */&#13;&#10;&#9;public int addGoodToCargoShip(int shipNum, int goodNum, String good) {&#13;&#10;&#9;&#9;int leftover = 0;&#13;&#10;&#9;&#9;if (shipNum == 4) {&#13;&#10;&#9;&#9;&#9;System.out.println(&quot;ship4&quot;);&#13;&#10;&#9;&#9;&#9;if (cargoship4 == 0&#13;&#10;&#9;&#9;&#9;&#9;&#9;|| (cargoship4 &lt; 4 &amp;&amp; cargoship4Good.equals(good))) {&#13;&#10;&#9;&#9;&#9;&#9;leftover = cargoship4 + goodNum - 4;&#13;&#10;&#9;&#9;&#9;&#9;if (goodNum != 0)&#13;&#10;&#9;&#9;&#9;&#9;&#9;cargoship4Good = good;&#13;&#10;&#13;&#10;&#9;&#9;&#9;&#9;if (leftover &gt; 0) {&#13;&#10;&#9;&#9;&#9;&#9;&#9;cargoship4 = 4;&#13;&#10;&#9;&#9;&#9;&#9;} else {&#13;&#10;&#9;&#9;&#9;&#9;&#9;cargoship4 += goodNum;&#13;&#10;&#9;&#9;&#9;&#9;&#9;leftover = 0;&#13;&#10;&#9;&#9;&#9;&#9;}&#13;&#10;&#13;&#10;&#9;&#9;&#9;} else {&#13;&#10;&#9;&#9;&#9;&#9;leftover = ERROR;&#13;&#10;&#9;&#9;&#9;}&#13;&#10;&#9;&#9;} else if (shipNum == 5) {&#13;&#10;&#9;&#9;&#9;System.out.println(&quot;ship5&quot;);&#13;&#10;&#9;&#9;&#9;if (cargoship5 == 0&#13;&#10;&#9;&#9;&#9;&#9;&#9;|| (cargoship5 &lt; 5 &amp;&amp; cargoship5Good.equals(good))) {&#13;&#10;&#9;&#9;&#9;&#9;leftover = cargoship5 + goodNum - 5;&#13;&#10;&#9;&#9;&#9;&#9;if (goodNum != 0)&#13;&#10;&#9;&#9;&#9;&#9;&#9;cargoship5Good = good;&#13;&#10;&#9;&#9;&#9;&#9;if (leftover &gt; 0) {&#13;&#10;&#9;&#9;&#9;&#9;&#9;cargoship5 = 5;&#13;&#10;&#9;&#9;&#9;&#9;} else {&#13;&#10;&#9;&#9;&#9;&#9;&#9;cargoship5 += goodNum;&#13;&#10;&#9;&#9;&#9;&#9;&#9;leftover = 0;&#13;&#10;&#9;&#9;&#9;&#9;}&#13;&#10;&#9;&#9;&#9;} else {&#13;&#10;&#9;&#9;&#9;&#9;leftover = ERROR;&#13;&#10;&#9;&#9;&#9;}&#13;&#10;&#13;&#10;&#9;&#9;} else if (shipNum == 6) {&#13;&#10;&#9;&#9;&#9;System.out.println(&quot;ship6&quot;);&#13;&#10;&#9;&#9;&#9;if (cargoship6 == 0&#13;&#10;&#9;&#9;&#9;&#9;&#9;|| (cargoship6 &lt; 6 &amp;&amp; cargoship6Good.equals(good))) {&#13;&#10;&#9;&#9;&#9;&#9;leftover = cargoship6 + goodNum - 6;&#13;&#10;&#9;&#9;&#9;&#9;if (goodNum != 0)&#13;&#10;&#9;&#9;&#9;&#9;&#9;cargoship6Good = good;&#13;&#10;&#9;&#9;&#9;&#9;if (leftover &gt; 0) {&#13;&#10;&#9;&#9;&#9;&#9;&#9;cargoship6 = 6;&#13;&#10;&#9;&#9;&#9;&#9;} else {&#13;&#10;&#9;&#9;&#9;&#9;&#9;cargoship6 += goodNum;&#13;&#10;&#9;&#9;&#9;&#9;&#9;leftover = 0;&#13;&#10;&#9;&#9;&#9;&#9;}&#13;&#10;&#9;&#9;&#9;} else {&#13;&#10;&#9;&#9;&#9;&#9;leftover = ERROR;&#13;&#10;&#9;&#9;&#9;}&#13;&#10;&#9;&#9;}&#13;&#10;&#9;&#9;return leftover;&#13;&#10;&#9;}&#13;&#10;&#13;&#10;&#9;public boolean isAbleToAddGood() {&#13;&#10;&#13;&#10;&#9;&#9;for (Player p : players) {&#13;&#10;&#9;&#9;&#9;if (isAbleToAddGood(p)) {&#13;&#10;&#9;&#9;&#9;&#9;return true;&#13;&#10;&#9;&#9;&#9;}&#13;&#10;&#9;&#9;}&#13;&#10;&#9;&#9;return false;&#13;&#10;&#9;}&#13;&#10;&#13;&#10;&#9;public boolean isAbleToAddGood(Player p) {&#13;&#10;&#9;&#9;List&lt;String&gt; goodStringList = p.getAllGoods();&#13;&#10;&#9;&#9;for (String good : goodStringList) {&#13;&#10;&#13;&#10;&#9;&#9;&#9;if (p.getNumberOfGood(good) &gt; 0) {&#13;&#10;&#9;&#9;&#9;&#9;for (int i = 4; i &lt;= 6; i++) {&#13;&#10;&#9;&#9;&#9;&#9;&#9;int e = addGoodToCargoShip(i, 0, good);&#13;&#10;&#9;&#9;&#9;&#9;&#9;if (e != ERROR) {&#13;&#10;&#9;&#9;&#9;&#9;&#9;&#9;return true;&#13;&#10;&#13;&#10;&#9;&#9;&#9;&#9;&#9;}&#13;&#10;&#9;&#9;&#9;&#9;}&#13;&#10;&#9;&#9;&#9;}&#13;&#10;&#9;&#9;}&#13;&#10;&#9;&#9;return false;&#13;&#10;&#9;}&#13;&#10;&#13;&#10;&#9;public boolean isGameEndState() {&#13;&#10;&#13;&#10;&#9;&#9;return isGameEndState;&#13;&#10;&#9;}&#13;&#10;&#13;&#10;&#9;public Player getWinner() {&#13;&#10;&#9;&#9;Player max = this.players.get(0);&#13;&#10;&#9;&#9;for (Player p : this.players) {&#13;&#10;&#9;&#9;&#9;if (max.getPoints() &lt;= p.getPoints()) {&#13;&#10;&#9;&#9;&#9;&#9;max = p;&#13;&#10;&#9;&#9;&#9;}&#13;&#10;&#9;&#9;}&#13;&#10;&#13;&#10;&#9;&#9;return max;&#13;&#10;&#9;}&#13;&#10;&#13;&#10;&#9;public void updateAtEndOfTurn() {&#13;&#10;&#9;&#9;addColonistsToBoard();&#13;&#10;&#13;&#10;&#9;&#9;// Must ship these&#13;&#10;&#9;&#9;if (cargoship4 == 4) {&#13;&#10;&#9;&#9;&#9;cargoship4 = 0;&#13;&#10;&#9;&#9;&#9;cargoship4Good = &quot;&quot;;&#13;&#10;&#9;&#9;}&#13;&#10;&#9;&#9;if (cargoship5 == 5) {&#13;&#10;&#9;&#9;&#9;cargoship5 = 0;&#13;&#10;&#9;&#9;&#9;cargoship5Good = &quot;&quot;;&#13;&#10;&#9;&#9;}&#13;&#10;&#9;&#9;if (cargoship6 == 6) {&#13;&#10;&#9;&#9;&#9;cargoship6 = 0;&#13;&#10;&#9;&#9;&#9;cargoship6Good = &quot;&quot;;&#13;&#10;&#9;&#9;}&#13;&#10;&#9;}&#13;&#10;&#13;&#10;}&#13;&#10;" Filename="GameState.java" Intrnl_Id="6"/>
<SrcFile Content="package csse376_puerto_rico;&#13;&#10;&#13;&#10;import java.awt.Color;&#13;&#10;import java.util.ArrayList;&#13;&#10;import java.util.Enumeration;&#13;&#10;import java.util.List;&#13;&#10;&#13;&#10;import javax.swing.AbstractButton;&#13;&#10;import javax.swing.ButtonGroup;&#13;&#10;import javax.swing.JFrame;&#13;&#10;import javax.swing.JOptionPane;&#13;&#10;import javax.swing.JTextArea;&#13;&#10;&#13;&#10;import net.miginfocom.swing.MigLayout;&#13;&#10;import csse376_puerto_rico.Player.Good;&#13;&#10;import csse376_puerto_rico.Player.Plantation;&#13;&#10;&#13;&#10;public class GameBoardGUI {&#13;&#10;&#13;&#10;&#9;private JFrame mainframe;&#13;&#10;&#9;public static List&lt;Player&gt; players;&#13;&#10;&#9;public static JTextArea msgBar;&#13;&#10;&#9;public static JTextArea gameStateInfo;&#13;&#10;&#9;// public static ArrayList&lt;JPanel&gt; playerCards;&#13;&#10;&#9;private ButtonGroup bGroup;&#13;&#10;&#9;private static int turnCount;&#13;&#10;&#9;private GameState gameState;&#13;&#10;&#13;&#10;&#9;public GameBoardGUI() {&#13;&#10;&#9;&#9;// For testing purposes.&#13;&#10;&#9;&#9;this.msgBar = new JTextArea();&#13;&#10;&#9;&#9;this.gameStateInfo = new JTextArea();&#13;&#10;&#9;&#9;this.players = new ArrayList&lt;Player&gt;();&#13;&#10;&#9;&#9;this.mainframe = new JFrame();&#13;&#10;&#9;&#9;players.add(new Player());&#13;&#10;&#9;&#9;players.add(new Player());&#13;&#10;&#9;&#9;players.add(new Player());&#13;&#10;&#9;&#9;this.gameState = new GameState(players);&#13;&#10;&#9;}&#13;&#10;&#13;&#10;&#9;public GameBoardGUI(JFrame frame, ButtonGroup group) {&#13;&#10;&#9;&#9;this.players = new ArrayList&lt;Player&gt;();&#13;&#10;&#9;&#9;this.mainframe = frame;&#13;&#10;&#9;&#9;this.mainframe.setTitle(&quot;Puerto Rico&quot;);&#13;&#10;&#9;&#9;this.mainframe.getContentPane().removeAll();&#13;&#10;&#9;&#9;this.mainframe.getContentPane().revalidate();&#13;&#10;&#9;&#9;this.mainframe.setBackground(Color.GREEN);&#13;&#10;&#9;&#9;MigLayout layout = new MigLayout();&#13;&#10;&#9;&#9;this.mainframe.setLayout(layout);&#13;&#10;&#9;&#9;this.bGroup = group;&#13;&#10;&#9;&#9;this.msgBar = new JTextArea();&#13;&#10;&#9;&#9;this.gameStateInfo = new JTextArea();&#13;&#10;&#13;&#10;&#9;&#9;String temp = &quot;3&quot;;&#13;&#10;&#9;&#9;for (Enumeration&lt;AbstractButton&gt; buttons = this.bGroup.getElements(); buttons&#13;&#10;&#9;&#9;&#9;&#9;.hasMoreElements();) {&#13;&#10;&#9;&#9;&#9;AbstractButton button = buttons.nextElement();&#13;&#10;&#9;&#9;&#9;if (button.isSelected()) {&#13;&#10;&#9;&#9;&#9;&#9;temp = button.getText();&#13;&#10;&#9;&#9;&#9;}&#13;&#10;&#9;&#9;}&#13;&#10;&#9;&#9;int numberPlayers = Integer.parseInt(temp);&#13;&#10;&#13;&#10;&#9;&#9;this.addPlayers(numberPlayers);&#13;&#10;&#9;}&#13;&#10;&#13;&#10;&#9;private void displayGameState() {&#13;&#10;&#9;&#9;int coffee = this.gameState.getGood(Player.Good.COFFEE);&#13;&#10;&#9;&#9;int corn = this.gameState.getGood(Player.Good.CORN);&#13;&#10;&#9;&#9;int indigo = this.gameState.getGood(Player.Good.INDIGO);&#13;&#10;&#9;&#9;int sugar = this.gameState.getGood(Player.Good.SUGAR);&#13;&#10;&#9;&#9;int tobacco = this.gameState.getGood(Player.Good.TOBACCO);&#13;&#10;&#9;&#9;int colonists = this.gameState.getColonistsOnBoard();&#13;&#10;&#9;&#9;int colonistsTotal = this.gameState.getColonistsTotal();&#13;&#10;&#9;&#9;int points = this.gameState.victoryPoints;&#13;&#10;&#13;&#10;&#9;&#9;String parsedInfo = &quot;Coffe: &quot; + coffee + &quot;    Corn: &quot; + corn&#13;&#10;&#9;&#9;&#9;&#9;+ &quot;    Indigo: &quot; + indigo + &quot;\nSugar: &quot; + sugar&#13;&#10;&#9;&#9;&#9;&#9;+ &quot;        Tobacco: &quot; + tobacco + &quot;\nColonists On Board: &quot;&#13;&#10;&#9;&#9;&#9;&#9;+ colonists + &quot;\nColonists Total: &quot; + colonistsTotal&#13;&#10;&#9;&#9;&#9;&#9;+ &quot;\nVictory Points: &quot; + points + &quot;\n&quot; + &quot;\nCargo Ship: &quot;&#13;&#10;&#9;&#9;&#9;&#9;+ (4 - this.gameState.cargoship4) + &quot; spots for &quot;&#13;&#10;&#9;&#9;&#9;&#9;+ this.gameState.cargoship4Good + &quot;    Cargo Ship: &quot;&#13;&#10;&#9;&#9;&#9;&#9;+ (5 - this.gameState.cargoship5) + &quot; spots for &quot;&#13;&#10;&#9;&#9;&#9;&#9;+ this.gameState.cargoship5Good + &quot;    Cargo Ship: &quot;&#13;&#10;&#9;&#9;&#9;&#9;+ (6 - this.gameState.cargoship6) + &quot; spots for &quot;&#13;&#10;&#9;&#9;&#9;&#9;+ this.gameState.cargoship6Good;&#13;&#10;&#9;&#9;gameStateInfo.setColumns(20);&#13;&#10;&#9;&#9;gameStateInfo.setRows(7);&#13;&#10;&#9;&#9;gameStateInfo.setText(parsedInfo);&#13;&#10;&#9;&#9;this.mainframe.add(gameStateInfo, &quot;cell 0 5, span 5&quot;);&#13;&#10;&#9;}&#13;&#10;&#13;&#10;&#9;private void updateGameStateDisplay() {&#13;&#10;&#9;&#9;int coffee = this.gameState.getGood(Player.Good.COFFEE);&#13;&#10;&#9;&#9;int corn = this.gameState.getGood(Player.Good.CORN);&#13;&#10;&#9;&#9;int indigo = this.gameState.getGood(Player.Good.INDIGO);&#13;&#10;&#9;&#9;int sugar = this.gameState.getGood(Player.Good.SUGAR);&#13;&#10;&#9;&#9;int tobacco = this.gameState.getGood(Player.Good.TOBACCO);&#13;&#10;&#9;&#9;int colonists = this.gameState.getColonistsOnBoard();&#13;&#10;&#9;&#9;int colonistsTotal = this.gameState.getColonistsTotal();&#13;&#10;&#9;&#9;int points = this.gameState.victoryPoints;&#13;&#10;&#13;&#10;&#9;&#9;String parsedInfo = &quot;Coffe: &quot; + coffee + &quot;    Corn: &quot; + corn&#13;&#10;&#9;&#9;&#9;&#9;+ &quot;    Indigo: &quot; + indigo + &quot;\nSugar: &quot; + sugar&#13;&#10;&#9;&#9;&#9;&#9;+ &quot;        Tobacco: &quot; + tobacco + &quot;\nColonists: &quot; + colonists&#13;&#10;&#9;&#9;&#9;&#9;+ &quot;\nColonists Total: &quot; + colonistsTotal + &quot;\nVictory Points: &quot;&#13;&#10;&#9;&#9;&#9;&#9;+ points + &quot;\n&quot; + &quot;\nCargo Ship: &quot;&#13;&#10;&#9;&#9;&#9;&#9;+ (4 - this.gameState.cargoship4) + &quot; spots for &quot;&#13;&#10;&#9;&#9;&#9;&#9;+ this.gameState.cargoship4Good + &quot;    Cargo Ship: &quot;&#13;&#10;&#9;&#9;&#9;&#9;+ (5 - this.gameState.cargoship5) + &quot; spots for &quot;&#13;&#10;&#9;&#9;&#9;&#9;+ this.gameState.cargoship5Good + &quot;    Cargo Ship: &quot;&#13;&#10;&#9;&#9;&#9;&#9;+ (6 - this.gameState.cargoship6) + &quot; spots for &quot;&#13;&#10;&#9;&#9;&#9;&#9;+ this.gameState.cargoship6Good;&#13;&#10;&#13;&#10;&#9;&#9;gameStateInfo.setText(parsedInfo);&#13;&#10;&#9;}&#13;&#10;&#13;&#10;&#9;private void displayMessageBar() {&#13;&#10;&#9;&#9;msgBar.setColumns(90);&#13;&#10;&#9;&#9;this.mainframe.add(msgBar, &quot;cell 0 0, span &quot; + this.players.size());&#13;&#10;&#9;}&#13;&#10;&#13;&#10;&#9;public List&lt;Player&gt; addPlayers(int numberOfPlayers) {&#13;&#10;&#9;&#9;// this.addPlayerCards(numberOfPlayers);&#13;&#10;&#9;&#9;for (int i = 0; i &lt; numberOfPlayers; i++) {&#13;&#10;&#9;&#9;&#9;Player p = new Player();&#13;&#10;&#9;&#9;&#9;if (i == 0) {&#13;&#10;&#9;&#9;&#9;&#9;p.isGovernor = true;&#13;&#10;&#9;&#9;&#9;}&#13;&#10;&#9;&#9;&#9;p.setPlayerNum(i);&#13;&#10;&#9;&#9;&#9;JTextArea jta = new JTextArea(&quot;Player &quot; + i + &quot;\nRole: &quot;&#13;&#10;&#9;&#9;&#9;&#9;&#9;+ &quot;\nScore: &quot; + p.getPoints() + &quot;\nBuildings:&quot;&#13;&#10;&#9;&#9;&#9;&#9;&#9;+ p.getBuildingsStringList() + &quot;\nPlantations:\n&quot;);&#13;&#10;&#9;&#9;&#9;jta.setRows(15);&#13;&#10;&#9;&#9;&#9;jta.setColumns(15);&#13;&#10;&#9;&#9;&#9;p.setHUD(jta);&#13;&#10;&#9;&#9;&#9;this.players.add(p);&#13;&#10;&#9;&#9;&#9;this.mainframe.add(jta, &quot;cell &quot; + i + &quot; 1&quot;);&#13;&#10;&#9;&#9;&#9;p.updatePlayerInfo();&#13;&#10;&#13;&#10;&#9;&#9;}&#13;&#10;&#9;&#9;this.gameState = new GameState(this.players);&#13;&#10;&#13;&#10;&#9;&#9;displayGameState();&#13;&#10;&#9;&#9;displayMessageBar();&#13;&#10;&#9;&#9;updateRoles();&#13;&#10;&#13;&#10;&#9;&#9;return this.players;&#13;&#10;&#9;}&#13;&#10;&#13;&#10;&#9;public List&lt;Player&gt; getPlayers() {&#13;&#10;&#9;&#9;return this.players;&#13;&#10;&#9;}&#13;&#10;&#13;&#10;&#9;public static int getTurnCount() {&#13;&#10;&#9;&#9;return turnCount;&#13;&#10;&#9;}&#13;&#10;&#13;&#10;&#9;public void updateRoles() {&#13;&#10;&#13;&#10;&#9;&#9;Object[] options = Player.getRoles().toArray();&#13;&#10;&#9;&#9;while (!checkEndGame()) {&#13;&#10;&#9;&#9;&#9;options = Player.getRoles().toArray();&#13;&#10;&#9;&#9;&#9;for (int i = 0; i &lt; this.players.size(); i++) {&#13;&#10;&#9;&#9;&#9;&#9;Player player = this.players.get(i);&#13;&#10;&#9;&#9;&#9;&#9;// DONE: Min, make player not able to choose role already chosen&#13;&#10;&#9;&#9;&#9;&#9;// for this turn.&#13;&#10;&#9;&#9;&#9;&#9;int n = JOptionPane.showOptionDialog(this.mainframe,&#13;&#10;&#9;&#9;&#9;&#9;&#9;&#9;&quot;Choose your role!&quot;, &quot;Player &quot; + i,&#13;&#10;&#9;&#9;&#9;&#9;&#9;&#9;JOptionPane.YES_NO_CANCEL_OPTION,&#13;&#10;&#9;&#9;&#9;&#9;&#9;&#9;JOptionPane.QUESTION_MESSAGE, null, options,&#13;&#10;&#9;&#9;&#9;&#9;&#9;&#9;options[options.length - 1]);&#13;&#10;&#9;&#9;&#9;&#9;// in this block of code I had to convert the lists of&#13;&#10;&#9;&#9;&#9;&#9;// buildings,plantations into Strings&#13;&#10;&#13;&#10;&#9;&#9;&#9;&#9;String role = (String) options[n];&#13;&#10;&#13;&#10;&#9;&#9;&#9;&#9;// Every start of the role each player gets an extra doubloon.&#13;&#10;&#9;&#9;&#9;&#9;player.setDoubloons(player.getDoubloons() + 1);&#13;&#10;&#9;&#9;&#9;&#9;gameState.doubloons--;&#13;&#10;&#13;&#10;&#9;&#9;&#9;&#9;player.setRole(role);&#13;&#10;&#13;&#10;&#9;&#9;&#9;&#9;player.updatePlayerInfo();&#13;&#10;&#13;&#10;&#9;&#9;&#9;&#9;playRole(i);&#13;&#10;&#13;&#10;&#9;&#9;&#9;&#9;// update&#13;&#10;&#9;&#9;&#9;&#9;this.gameState.updateAtEndOfTurn();&#13;&#10;&#13;&#10;&#9;&#9;&#9;&#9;// removing selected&#13;&#10;&#9;&#9;&#9;&#9;List&lt;Object&gt; temp = new ArrayList&lt;Object&gt;();&#13;&#10;&#9;&#9;&#9;&#9;for (int j = 0; j &lt; options.length; j++) {&#13;&#10;&#9;&#9;&#9;&#9;&#9;if (j != n) {&#13;&#10;&#9;&#9;&#9;&#9;&#9;&#9;temp.add(options[j]);&#13;&#10;&#9;&#9;&#9;&#9;&#9;}&#13;&#10;&#9;&#9;&#9;&#9;}&#13;&#10;&#9;&#9;&#9;&#9;options = temp.toArray();&#13;&#10;&#9;&#9;&#9;}&#13;&#10;&#13;&#10;&#9;&#9;}&#13;&#10;&#9;&#9;updateMsgBar(&quot;Winner is Player : &quot;&#13;&#10;&#9;&#9;&#9;&#9;+ this.gameState.getWinner().getPlayerNum());&#13;&#10;&#13;&#10;&#9;}&#13;&#10;&#13;&#10;&#9;public boolean checkEndGame() {&#13;&#10;&#9;&#9;// checks the end of the game, default to true for testing, otherwise&#13;&#10;&#9;&#9;// false&#13;&#10;&#9;&#9;return gameState.isGameEndState();&#13;&#10;&#9;}&#13;&#10;&#13;&#10;&#9;public void updateMsgBar(String msg) {&#13;&#10;&#9;&#9;this.msgBar.setText(msg);&#13;&#10;&#9;}&#13;&#10;&#13;&#10;&#9;public void playRole(int roleNum) {&#13;&#10;&#9;&#9;//&#13;&#10;&#9;&#9;Player player = players.get(roleNum);&#13;&#10;&#9;&#9;String role = player.getRole();&#13;&#10;&#13;&#10;&#9;&#9;if (role.equals(PlayerRoles.Mayor)) {&#13;&#10;&#9;&#9;&#9;int colonists = gameState.getColonistsOnBoard();&#13;&#10;&#9;&#9;&#9;gameState.colonistsTotal = gameState.colonistsTotal - colonists;&#13;&#10;&#13;&#10;&#9;&#9;&#9;while (colonists &gt; 0) {&#13;&#10;&#13;&#10;&#9;&#9;&#9;&#9;player = players.get(roleNum);&#13;&#10;&#13;&#10;&#9;&#9;&#9;&#9;Object[] options = { &quot;Building&quot;, &quot;Plantation&quot;, &quot;Do Nothing&quot; };&#13;&#10;&#9;&#9;&#9;&#9;boolean selected = false;&#13;&#10;&#9;&#9;&#9;&#9;while (!selected) {&#13;&#10;&#9;&#9;&#9;&#9;&#9;int n = JOptionPane&#13;&#10;&#9;&#9;&#9;&#9;&#9;&#9;&#9;.showOptionDialog(&#13;&#10;&#9;&#9;&#9;&#9;&#9;&#9;&#9;&#9;&#9;this.mainframe,&#13;&#10;&#9;&#9;&#9;&#9;&#9;&#9;&#9;&#9;&#9;&quot;Give the colonosists a job! \nChoose a structure.&quot;,&#13;&#10;&#9;&#9;&#9;&#9;&#9;&#9;&#9;&#9;&#9;&quot;Player &quot; + roleNum,&#13;&#10;&#9;&#9;&#9;&#9;&#9;&#9;&#9;&#9;&#9;JOptionPane.YES_NO_CANCEL_OPTION,&#13;&#10;&#9;&#9;&#9;&#9;&#9;&#9;&#9;&#9;&#9;JOptionPane.QUESTION_MESSAGE, null,&#13;&#10;&#9;&#9;&#9;&#9;&#9;&#9;&#9;&#9;&#9;options, options[options.length - 1]);&#13;&#10;&#9;&#9;&#9;&#9;&#9;if (n == 0) {&#13;&#10;&#9;&#9;&#9;&#9;&#9;&#9;ArrayList&lt;String&gt; pBuildingsNames = (ArrayList&lt;String&gt;) player&#13;&#10;&#9;&#9;&#9;&#9;&#9;&#9;&#9;&#9;.getBuildingsStringList().clone();&#13;&#10;&#9;&#9;&#9;&#9;&#9;&#9;pBuildingsNames.add(&quot;Go Back&quot;);&#13;&#10;&#9;&#9;&#9;&#9;&#9;&#9;Object[] temp = pBuildingsNames.toArray();&#13;&#10;&#13;&#10;&#9;&#9;&#9;&#9;&#9;&#9;int buildingNum = JOptionPane&#13;&#10;&#9;&#9;&#9;&#9;&#9;&#9;&#9;&#9;.showOptionDialog(&#13;&#10;&#9;&#9;&#9;&#9;&#9;&#9;&#9;&#9;&#9;&#9;this.mainframe,&#13;&#10;&#9;&#9;&#9;&#9;&#9;&#9;&#9;&#9;&#9;&#9;&quot;Give the colonosists a job! \nChoose a building&quot;,&#13;&#10;&#9;&#9;&#9;&#9;&#9;&#9;&#9;&#9;&#9;&#9;&quot;Player &quot; + (roleNum),&#13;&#10;&#9;&#9;&#9;&#9;&#9;&#9;&#9;&#9;&#9;&#9;JOptionPane.YES_NO_CANCEL_OPTION,&#13;&#10;&#9;&#9;&#9;&#9;&#9;&#9;&#9;&#9;&#9;&#9;JOptionPane.QUESTION_MESSAGE, null,&#13;&#10;&#9;&#9;&#9;&#9;&#9;&#9;&#9;&#9;&#9;&#9;temp, null);&#13;&#10;&#9;&#9;&#9;&#9;&#9;&#9;if (buildingNum != temp.length - 1) {&#13;&#10;&#9;&#9;&#9;&#9;&#9;&#9;&#9;Building playerB = player.getBuildings().get(&#13;&#10;&#9;&#9;&#9;&#9;&#9;&#9;&#9;&#9;&#9;buildingNum);&#13;&#10;&#9;&#9;&#9;&#9;&#9;&#9;&#9;if (playerB.numberOfJobs &gt; playerB.numberOfWorkers) {&#13;&#10;&#9;&#9;&#9;&#9;&#9;&#9;&#9;&#9;player.getBuildings().get(buildingNum).numberOfWorkers++;&#13;&#10;&#9;&#9;&#9;&#9;&#9;&#9;&#9;&#9;selected = true;&#13;&#10;&#9;&#9;&#9;&#9;&#9;&#9;&#9;&#9;updateMsgBar(&quot;Player &quot; + roleNum&#13;&#10;&#9;&#9;&#9;&#9;&#9;&#9;&#9;&#9;&#9;&#9;+ &quot; added worker to building &quot;&#13;&#10;&#9;&#9;&#9;&#9;&#9;&#9;&#9;&#9;&#9;&#9;+ playerB.name);&#13;&#10;&#9;&#9;&#9;&#9;&#9;&#9;&#9;} else {&#13;&#10;&#9;&#9;&#9;&#9;&#9;&#9;&#9;&#9;updateMsgBar(&quot;Building &quot; + playerB.name&#13;&#10;&#9;&#9;&#9;&#9;&#9;&#9;&#9;&#9;&#9;&#9;+ &quot; is already full of workers.&quot;);&#13;&#10;&#9;&#9;&#9;&#9;&#9;&#9;&#9;}&#13;&#10;&#9;&#9;&#9;&#9;&#9;&#9;} else {&#13;&#10;&#13;&#10;&#9;&#9;&#9;&#9;&#9;&#9;&#9;updateMsgBar(&quot;Player &quot; + roleNum&#13;&#10;&#9;&#9;&#9;&#9;&#9;&#9;&#9;&#9;&#9;+ &quot; has no buildings&quot;);&#13;&#10;&#9;&#9;&#9;&#9;&#9;&#9;&#9;selected = false;&#13;&#10;&#9;&#9;&#9;&#9;&#9;&#9;}&#13;&#10;&#13;&#10;&#9;&#9;&#9;&#9;&#9;} else if (n == 1) {&#13;&#10;&#9;&#9;&#9;&#9;&#9;&#9;ArrayList&lt;String&gt; pPlantations = (ArrayList&lt;String&gt;) player&#13;&#10;&#9;&#9;&#9;&#9;&#9;&#9;&#9;&#9;.getPlantationsStringList().clone();&#13;&#10;&#9;&#9;&#9;&#9;&#9;&#9;pPlantations.add(&quot;Go Back&quot;);&#13;&#10;&#9;&#9;&#9;&#9;&#9;&#9;Object[] temp = pPlantations.toArray();&#13;&#10;&#13;&#10;&#9;&#9;&#9;&#9;&#9;&#9;int plantationNum = JOptionPane&#13;&#10;&#9;&#9;&#9;&#9;&#9;&#9;&#9;&#9;.showOptionDialog(&#13;&#10;&#9;&#9;&#9;&#9;&#9;&#9;&#9;&#9;&#9;&#9;this.mainframe,&#13;&#10;&#9;&#9;&#9;&#9;&#9;&#9;&#9;&#9;&#9;&#9;&quot;Give the colonosists a job! \nChoose a plantation&quot;,&#13;&#10;&#9;&#9;&#9;&#9;&#9;&#9;&#9;&#9;&#9;&#9;&quot;Player &quot; + (roleNum),&#13;&#10;&#9;&#9;&#9;&#9;&#9;&#9;&#9;&#9;&#9;&#9;JOptionPane.YES_NO_CANCEL_OPTION,&#13;&#10;&#9;&#9;&#9;&#9;&#9;&#9;&#9;&#9;&#9;&#9;JOptionPane.QUESTION_MESSAGE, null,&#13;&#10;&#9;&#9;&#9;&#9;&#9;&#9;&#9;&#9;&#9;&#9;temp, null);&#13;&#10;&#9;&#9;&#9;&#9;&#9;&#9;if (plantationNum != temp.length - 1) {&#13;&#10;&#9;&#9;&#9;&#9;&#9;&#9;&#9;Plantation pPlantation = player.getPlantations()&#13;&#10;&#9;&#9;&#9;&#9;&#9;&#9;&#9;&#9;&#9;.get(plantationNum);&#13;&#10;&#9;&#9;&#9;&#9;&#9;&#9;&#9;if (pPlantation.hasWorker) {&#13;&#10;&#9;&#9;&#9;&#9;&#9;&#9;&#9;&#9;updateMsgBar(&quot;Plantation already has a worker.&quot;);&#13;&#10;&#9;&#9;&#9;&#9;&#9;&#9;&#9;} else {&#13;&#10;&#9;&#9;&#9;&#9;&#9;&#9;&#9;&#9;pPlantation.hasWorker = true;&#13;&#10;&#9;&#9;&#9;&#9;&#9;&#9;&#9;&#9;selected = true;&#13;&#10;&#9;&#9;&#9;&#9;&#9;&#9;&#9;&#9;updateMsgBar(&quot;Player &quot; + roleNum&#13;&#10;&#9;&#9;&#9;&#9;&#9;&#9;&#9;&#9;&#9;&#9;+ &quot; added worker to plantation&quot;);&#13;&#10;&#9;&#9;&#9;&#9;&#9;&#9;&#9;}&#13;&#10;&#9;&#9;&#9;&#9;&#9;&#9;} else {&#13;&#10;&#13;&#10;&#9;&#9;&#9;&#9;&#9;&#9;&#9;updateMsgBar(&quot;Player &quot; + roleNum&#13;&#10;&#9;&#9;&#9;&#9;&#9;&#9;&#9;&#9;&#9;+ &quot; has no plantions&quot;);&#13;&#10;&#9;&#9;&#9;&#9;&#9;&#9;&#9;selected = false;&#13;&#10;&#9;&#9;&#9;&#9;&#9;&#9;}&#13;&#10;&#9;&#9;&#9;&#9;&#9;} else {&#13;&#10;&#9;&#9;&#9;&#9;&#9;&#9;// Do nothing&#13;&#10;&#9;&#9;&#9;&#9;&#9;&#9;selected = true;&#13;&#10;&#9;&#9;&#9;&#9;&#9;}&#13;&#10;&#13;&#10;&#9;&#9;&#9;&#9;&#9;player.updatePlayerInfo();&#13;&#10;&#9;&#9;&#9;&#9;}&#13;&#10;&#9;&#9;&#9;&#9;roleNum = (roleNum + 1) % players.size();&#13;&#10;&#9;&#9;&#9;&#9;colonists--;&#13;&#10;&#13;&#10;&#9;&#9;&#9;}&#13;&#10;&#9;&#9;} else if (role.equals(PlayerRoles.Builder)) {&#13;&#10;&#9;&#9;&#9;player.setDoubloons(player.getDoubloons() + 1);&#13;&#10;&#9;&#9;&#9;Buildings b = new Buildings();&#13;&#10;&#13;&#10;&#9;&#9;&#9;for (int i = 0; i &lt; players.size(); i++) {&#13;&#10;&#9;&#9;&#9;&#9;player = players.get(roleNum);&#13;&#10;&#9;&#9;&#9;&#9;System.out.println(roleNum);&#13;&#10;&#13;&#10;&#9;&#9;&#9;&#9;ArrayList&lt;Building&gt; bs = b.getBuildings();&#13;&#10;&#9;&#9;&#9;&#9;ArrayList&lt;String&gt; bNames = new ArrayList&lt;String&gt;();&#13;&#10;&#9;&#9;&#9;&#9;for (Building building : bs) {&#13;&#10;&#9;&#9;&#9;&#9;&#9;if (building.cost &lt;= player.getDoubloons()) {&#13;&#10;&#9;&#9;&#9;&#9;&#9;&#9;bNames.add(building.name);&#13;&#10;&#9;&#9;&#9;&#9;&#9;}&#13;&#10;&#9;&#9;&#9;&#9;}&#13;&#10;&#9;&#9;&#9;&#9;bNames.add(&quot;Nothing&quot;);&#13;&#10;&#9;&#9;&#9;&#9;Object[] options = bNames.toArray();&#13;&#10;&#13;&#10;&#9;&#9;&#9;&#9;// player = player.next at the end&#13;&#10;&#9;&#9;&#9;&#9;int n = JOptionPane.showOptionDialog(this.mainframe,&#13;&#10;&#9;&#9;&#9;&#9;&#9;&#9;&quot;Choose a building to build!&quot;, &quot;Player &quot; + (roleNum),&#13;&#10;&#9;&#9;&#9;&#9;&#9;&#9;JOptionPane.YES_NO_CANCEL_OPTION,&#13;&#10;&#9;&#9;&#9;&#9;&#9;&#9;JOptionPane.QUESTION_MESSAGE, null, options,&#13;&#10;&#9;&#9;&#9;&#9;&#9;&#9;options[options.length - 1]);&#13;&#10;&#9;&#9;&#9;&#9;if (n != bNames.size() - 1) {&#13;&#10;&#9;&#9;&#9;&#9;&#9;Building selectedB = new Building(bNames.get(n));&#13;&#10;&#9;&#9;&#9;&#9;&#9;player.addBuilding(selectedB);&#13;&#10;&#9;&#9;&#9;&#9;&#9;if (player.ownsOccupiedBuilding(&quot;University&quot;)) {&#13;&#10;&#9;&#9;&#9;&#9;&#9;&#9;player.getBuilding(&quot;University&quot;).numberOfWorkers++;&#13;&#10;&#9;&#9;&#9;&#9;&#9;&#9;this.gameState.colonistsTotal--;&#13;&#10;&#9;&#9;&#9;&#9;&#9;}&#13;&#10;&#9;&#9;&#9;&#9;&#9;if (player.getBuildings().size() &gt;= 12) {&#13;&#10;&#9;&#9;&#9;&#9;&#9;&#9;this.gameState.isGameEndState = true;&#13;&#10;&#9;&#9;&#9;&#9;&#9;}&#13;&#10;&#9;&#9;&#9;&#9;&#9;player.setDoubloons(player.getDoubloons() - selectedB.cost);&#13;&#10;&#9;&#9;&#9;&#9;}&#13;&#10;&#9;&#9;&#9;&#9;// Adds +1 to the player's doubloons if the role was not used in&#13;&#10;&#9;&#9;&#9;&#9;// previous 3 turns&#13;&#10;&#9;&#9;&#9;&#9;player.updatePlayerInfo();&#13;&#10;&#9;&#9;&#9;&#9;roleNum = (roleNum + 1) % players.size();&#13;&#10;&#13;&#10;&#9;&#9;&#9;}&#13;&#10;&#9;&#9;} else if (role.equals(PlayerRoles.Settler)) {&#13;&#10;&#9;&#9;&#9;// DONE: kurian&#13;&#10;&#9;&#9;&#9;List&lt;String&gt; plantationNames = player.getAllGoods();&#13;&#10;&#9;&#9;&#9;plantationNames.add(&quot;Nothing&quot;);&#13;&#10;&#9;&#9;&#9;Object[] options = plantationNames.toArray();&#13;&#10;&#9;&#9;&#9;// Settler picks one more plantation&#13;&#10;&#9;&#9;&#9;for (int i = 0; i &lt;= players.size(); i++) {&#13;&#10;&#13;&#10;&#9;&#9;&#9;&#9;player = players.get(roleNum);&#13;&#10;&#13;&#10;&#9;&#9;&#9;&#9;if (player.ownsOccupiedBuilding(&quot;Construction Hut&quot;)) {&#13;&#10;&#9;&#9;&#9;&#9;&#9;// give option to place quarry, but if chooses quarry, you&#13;&#10;&#9;&#9;&#9;&#9;&#9;// can't get plantation&#13;&#10;&#9;&#9;&#9;&#9;}&#13;&#10;&#13;&#10;&#9;&#9;&#9;&#9;if (player.ownsOccupiedBuilding(&quot;Hacienda&quot;)) {&#13;&#10;&#9;&#9;&#9;&#9;&#9;// give option to add another plantion here!!&#13;&#10;&#9;&#9;&#9;&#9;}&#13;&#10;&#9;&#9;&#9;&#9;// player = player.next at the end&#13;&#10;&#9;&#9;&#9;&#9;int n = JOptionPane.showOptionDialog(this.mainframe,&#13;&#10;&#9;&#9;&#9;&#9;&#9;&#9;&quot;Choose a Good to harvest!&quot;, &quot;Player &quot; + (roleNum),&#13;&#10;&#9;&#9;&#9;&#9;&#9;&#9;JOptionPane.YES_NO_CANCEL_OPTION,&#13;&#10;&#9;&#9;&#9;&#9;&#9;&#9;JOptionPane.QUESTION_MESSAGE, null, options,&#13;&#10;&#9;&#9;&#9;&#9;&#9;&#9;options[options.length - 1]);&#13;&#10;&#9;&#9;&#9;&#9;System.out.println(plantationNames.get(n));&#13;&#10;&#9;&#9;&#9;&#9;if (n != plantationNames.size() - 1) {&#13;&#10;&#9;&#9;&#9;&#9;&#9;player.addPlantations(new Plantation(&#13;&#10;&#9;&#9;&#9;&#9;&#9;&#9;&#9;plantationNames.get(n), false));&#13;&#10;&#9;&#9;&#9;&#9;&#9;updateMsgBar(&quot;Player &quot; + roleNum + &quot; added plantation&quot;&#13;&#10;&#9;&#9;&#9;&#9;&#9;&#9;&#9;+ plantationNames.get(n));&#13;&#10;&#9;&#9;&#9;&#9;}&#13;&#10;&#9;&#9;&#9;&#9;if (player.ownsOccupiedBuilding(&quot;Hospice&quot;)) {&#13;&#10;&#9;&#9;&#9;&#9;&#9;// give option to take colonist form supply and put it here&#13;&#10;&#9;&#9;&#9;&#9;&#9;Object[] yesNo = { &quot;Yes&quot;, &quot;No&quot; };&#13;&#10;&#9;&#9;&#9;&#9;&#9;int answ = JOptionPane&#13;&#10;&#9;&#9;&#9;&#9;&#9;&#9;&#9;.showOptionDialog(&#13;&#10;&#9;&#9;&#9;&#9;&#9;&#9;&#9;&#9;&#9;this.mainframe,&#13;&#10;&#9;&#9;&#9;&#9;&#9;&#9;&#9;&#9;&#9;&quot;Would you like to place a colonist at your Hospice?&quot;,&#13;&#10;&#9;&#9;&#9;&#9;&#9;&#9;&#9;&#9;&#9;&quot;Player &quot; + (roleNum),&#13;&#10;&#9;&#9;&#9;&#9;&#9;&#9;&#9;&#9;&#9;JOptionPane.YES_NO_CANCEL_OPTION,&#13;&#10;&#9;&#9;&#9;&#9;&#9;&#9;&#9;&#9;&#9;JOptionPane.QUESTION_MESSAGE, null, yesNo,&#13;&#10;&#9;&#9;&#9;&#9;&#9;&#9;&#9;&#9;&#9;yesNo[yesNo.length - 1]);&#13;&#10;&#9;&#9;&#9;&#9;&#9;if (answ == 1) {&#13;&#10;&#9;&#9;&#9;&#9;&#9;&#9;player.getBuilding(&quot;Hospice&quot;).numberOfWorkers++;&#13;&#10;&#9;&#9;&#9;&#9;&#9;&#9;this.gameState.colonistsTotal--;&#13;&#10;&#9;&#9;&#9;&#9;&#9;}&#13;&#10;&#13;&#10;&#9;&#9;&#9;&#9;}&#13;&#10;&#9;&#9;&#9;&#9;// Adds +1 to the player's doubloons if the role was not used in&#13;&#10;&#9;&#9;&#9;&#9;// previous 3 turns&#13;&#10;&#9;&#9;&#9;&#9;player.updatePlayerInfo();&#13;&#10;&#9;&#9;&#9;&#9;roleNum = (roleNum + 1) % players.size();&#13;&#10;&#9;&#9;&#9;}&#13;&#10;&#9;&#9;} else if (role.equals(PlayerRoles.Craftsman)) {&#13;&#10;&#9;&#9;&#9;// DONE: kurian&#13;&#10;&#9;&#9;&#9;for (int i = 0; i &lt; players.size(); i++) {&#13;&#10;&#13;&#10;&#9;&#9;&#9;&#9;player = players.get(roleNum);&#13;&#10;&#9;&#9;&#9;&#9;player.checkPlantation();&#13;&#10;&#13;&#10;&#9;&#9;&#9;&#9;// factory addition&#13;&#10;&#9;&#9;&#9;&#9;if (player.ownsOccupiedBuilding(&quot;Factory&quot;)) {&#13;&#10;&#9;&#9;&#9;&#9;&#9;if (player.getPlantations().size() == 2) {&#13;&#10;&#9;&#9;&#9;&#9;&#9;&#9;player.setDoubloons(player.getDoubloons() + 1);&#13;&#10;&#9;&#9;&#9;&#9;&#9;} else if (player.getPlantations().size() == 3) {&#13;&#10;&#9;&#9;&#9;&#9;&#9;&#9;player.setDoubloons(player.getDoubloons() + 2);&#13;&#10;&#9;&#9;&#9;&#9;&#9;} else if (player.getPlantations().size() == 4) {&#13;&#10;&#9;&#9;&#9;&#9;&#9;&#9;player.setDoubloons(player.getDoubloons() + 3);&#13;&#10;&#9;&#9;&#9;&#9;&#9;} else if (player.getPlantations().size() == 5) {&#13;&#10;&#9;&#9;&#9;&#9;&#9;&#9;player.setDoubloons(player.getDoubloons() + 5);&#13;&#10;&#9;&#9;&#9;&#9;&#9;}&#13;&#10;&#9;&#9;&#9;&#9;}&#13;&#10;&#13;&#10;&#9;&#9;&#9;&#9;player.updatePlayerInfo();&#13;&#10;&#9;&#9;&#9;&#9;roleNum = (roleNum + 1) % players.size();&#13;&#10;&#13;&#10;&#9;&#9;&#9;}&#13;&#10;&#13;&#10;&#9;&#9;} else if (role.equals(PlayerRoles.Trader)) {&#13;&#10;&#9;&#9;&#9;//&#13;&#10;&#9;&#9;&#9;for (int i = 0; i &lt; players.size(); i++) {&#13;&#10;&#13;&#10;&#9;&#9;&#9;&#9;player = players.get(roleNum);&#13;&#10;&#13;&#10;&#9;&#9;&#9;&#9;// small market additions&#13;&#10;&#9;&#9;&#9;&#9;if (player.ownsOccupiedBuilding(&quot;Small Market&quot;)) {&#13;&#10;&#9;&#9;&#9;&#9;&#9;player.setDoubloons(player.getDoubloons() + 1);&#13;&#10;&#9;&#9;&#9;&#9;}&#13;&#10;&#13;&#10;&#9;&#9;&#9;&#9;// large market additions&#13;&#10;&#9;&#9;&#9;&#9;if (player.ownsOccupiedBuilding(&quot;Large Market&quot;)) {&#13;&#10;&#9;&#9;&#9;&#9;&#9;player.setDoubloons(player.getDoubloons() + 2);&#13;&#10;&#9;&#9;&#9;&#9;}&#13;&#10;&#13;&#10;&#9;&#9;&#9;&#9;if (player.ownsOccupiedBuilding(&quot;Office&quot;)) {&#13;&#10;&#9;&#9;&#9;&#9;&#9;// player can sell same kind of good to the trading house??&#13;&#10;&#9;&#9;&#9;&#9;}&#13;&#10;&#9;&#9;&#9;&#9;ArrayList&lt;String&gt; goodList = new ArrayList&lt;String&gt;();&#13;&#10;&#9;&#9;&#9;&#9;for (String s : player.getAllGoods()) {&#13;&#10;&#9;&#9;&#9;&#9;&#9;int n = player.getNumberOfGood(s);&#13;&#10;&#9;&#9;&#9;&#9;&#9;if (n &gt; 0) {&#13;&#10;&#9;&#9;&#9;&#9;&#9;&#9;goodList.add(s);&#13;&#10;&#9;&#9;&#9;&#9;&#9;}&#13;&#10;&#9;&#9;&#9;&#9;}&#13;&#10;&#9;&#9;&#9;&#9;goodList.add(&quot;Nothing&quot;);&#13;&#10;&#9;&#9;&#9;&#9;Object[] options = goodList.toArray();&#13;&#10;&#13;&#10;&#9;&#9;&#9;&#9;int n = JOptionPane.showOptionDialog(this.mainframe,&#13;&#10;&#9;&#9;&#9;&#9;&#9;&#9;&quot;Choose a Good to trade!&quot;, &quot;Player &quot; + (roleNum),&#13;&#10;&#9;&#9;&#9;&#9;&#9;&#9;JOptionPane.YES_NO_CANCEL_OPTION,&#13;&#10;&#9;&#9;&#9;&#9;&#9;&#9;JOptionPane.QUESTION_MESSAGE, null, options,&#13;&#10;&#9;&#9;&#9;&#9;&#9;&#9;options[options.length - 1]);&#13;&#10;&#9;&#9;&#9;&#9;if (n != goodList.size() - 1) {&#13;&#10;&#9;&#9;&#9;&#9;&#9;if (goodList.get(n).equals(Good.COFFEE)) {&#13;&#10;&#9;&#9;&#9;&#9;&#9;&#9;player.setDoubloons(player.getDoubloons() + 4);&#13;&#10;&#9;&#9;&#9;&#9;&#9;&#9;player.sellGood(Good.COFFEE, 1);&#13;&#10;&#9;&#9;&#9;&#9;&#9;} else if (goodList.get(n).equals(Good.CORN)) {&#13;&#10;&#9;&#9;&#9;&#9;&#9;&#9;player.sellGood(Good.CORN, 1);&#13;&#10;&#9;&#9;&#9;&#9;&#9;} else if (goodList.get(n).equals(Good.INDIGO)) {&#13;&#10;&#9;&#9;&#9;&#9;&#9;&#9;player.setDoubloons(player.getDoubloons() + 1);&#13;&#10;&#9;&#9;&#9;&#9;&#9;&#9;player.sellGood(Good.INDIGO, 1);&#13;&#10;&#9;&#9;&#9;&#9;&#9;} else if (goodList.get(n).equals(Good.SUGAR)) {&#13;&#10;&#9;&#9;&#9;&#9;&#9;&#9;player.setDoubloons(player.getDoubloons() + 2);&#13;&#10;&#9;&#9;&#9;&#9;&#9;&#9;player.sellGood(Good.SUGAR, 1);&#13;&#10;&#9;&#9;&#9;&#9;&#9;} else if (goodList.get(n).equals(Good.TOBACCO)) {&#13;&#10;&#9;&#9;&#9;&#9;&#9;&#9;player.setDoubloons(player.getDoubloons() + 3);&#13;&#10;&#9;&#9;&#9;&#9;&#9;&#9;player.sellGood(Good.TOBACCO, 1);&#13;&#10;&#9;&#9;&#9;&#9;&#9;}&#13;&#10;&#9;&#9;&#9;&#9;}&#13;&#10;&#9;&#9;&#9;&#9;// Adds +1 to the player's doubloons if the role was not used in&#13;&#10;&#9;&#9;&#9;&#9;// previous 3 turns&#13;&#10;&#9;&#9;&#9;&#9;player.updatePlayerInfo();&#13;&#10;&#9;&#9;&#9;&#9;roleNum = (roleNum + 1) % players.size();&#13;&#10;&#13;&#10;&#9;&#9;&#9;}&#13;&#10;&#9;&#9;} else if (role.equals(PlayerRoles.Captain)) {&#13;&#10;&#13;&#10;&#9;&#9;&#9;while (gameState.isAbleToAddGood()) {&#13;&#10;&#9;&#9;&#9;&#9;player = players.get(roleNum);&#13;&#10;&#9;&#9;&#9;&#9;if (gameState.isAbleToAddGood(player)) {&#13;&#10;&#9;&#9;&#9;&#9;&#9;ArrayList&lt;String&gt; goodList = new ArrayList&lt;String&gt;();&#13;&#10;&#9;&#9;&#9;&#9;&#9;for (String s : player.getAllGoods()) {&#13;&#10;&#9;&#9;&#9;&#9;&#9;&#9;int n = player.getNumberOfGood(s);&#13;&#10;&#9;&#9;&#9;&#9;&#9;&#9;if (n &gt; 0) {&#13;&#10;&#9;&#9;&#9;&#9;&#9;&#9;&#9;goodList.add(s);&#13;&#10;&#9;&#9;&#9;&#9;&#9;&#9;}&#13;&#10;&#9;&#9;&#9;&#9;&#9;}&#13;&#10;&#9;&#9;&#9;&#9;&#9;boolean selected = false;&#13;&#10;&#13;&#10;&#9;&#9;&#9;&#9;&#9;Object[] options = goodList.toArray();&#13;&#10;&#9;&#9;&#9;&#9;&#9;while (!selected) {&#13;&#10;&#9;&#9;&#9;&#9;&#9;&#9;int good = JOptionPane.showOptionDialog(this.mainframe,&#13;&#10;&#9;&#9;&#9;&#9;&#9;&#9;&#9;&#9;&quot;Choose a good to ship!&quot;,&#13;&#10;&#9;&#9;&#9;&#9;&#9;&#9;&#9;&#9;&quot;Player &quot; + (roleNum),&#13;&#10;&#9;&#9;&#9;&#9;&#9;&#9;&#9;&#9;JOptionPane.YES_NO_CANCEL_OPTION,&#13;&#10;&#9;&#9;&#9;&#9;&#9;&#9;&#9;&#9;JOptionPane.QUESTION_MESSAGE, null, options,&#13;&#10;&#9;&#9;&#9;&#9;&#9;&#9;&#9;&#9;options[options.length - 1]);&#13;&#10;&#13;&#10;&#9;&#9;&#9;&#9;&#9;&#9;Object[] shipOptions = new Object[3];&#13;&#10;&#9;&#9;&#9;&#9;&#9;&#9;shipOptions[0] = 4;&#13;&#10;&#9;&#9;&#9;&#9;&#9;&#9;shipOptions[1] = 5;&#13;&#10;&#9;&#9;&#9;&#9;&#9;&#9;shipOptions[2] = 6;&#13;&#10;&#13;&#10;&#9;&#9;&#9;&#9;&#9;&#9;System.out.println(&quot;selecting ship&quot;);&#13;&#10;&#9;&#9;&#9;&#9;&#9;&#9;int ship = JOptionPane.showOptionDialog(this.mainframe,&#13;&#10;&#9;&#9;&#9;&#9;&#9;&#9;&#9;&#9;&quot;Choose a cargo ship to put good!&quot;, &quot;Player &quot;&#13;&#10;&#9;&#9;&#9;&#9;&#9;&#9;&#9;&#9;&#9;&#9;+ (roleNum),&#13;&#10;&#9;&#9;&#9;&#9;&#9;&#9;&#9;&#9;JOptionPane.YES_NO_CANCEL_OPTION,&#13;&#10;&#9;&#9;&#9;&#9;&#9;&#9;&#9;&#9;JOptionPane.QUESTION_MESSAGE, null,&#13;&#10;&#9;&#9;&#9;&#9;&#9;&#9;&#9;&#9;shipOptions,&#13;&#10;&#9;&#9;&#9;&#9;&#9;&#9;&#9;&#9;shipOptions[shipOptions.length - 1]);&#13;&#10;&#9;&#9;&#9;&#9;&#9;&#9;String goodString = (String) options[good];&#13;&#10;&#9;&#9;&#9;&#9;&#9;&#9;int goodCount = player.getNumberOfGood(goodString);&#13;&#10;&#13;&#10;&#9;&#9;&#9;&#9;&#9;&#9;int leftOver = this.gameState.addGoodToCargoShip(&#13;&#10;&#9;&#9;&#9;&#9;&#9;&#9;&#9;&#9;(int) shipOptions[ship], goodCount, goodString);&#13;&#10;&#9;&#9;&#9;&#9;&#9;&#9;if (leftOver != -99) {&#13;&#10;&#9;&#9;&#9;&#9;&#9;&#9;&#9;player.addGood(goodString, leftOver);&#13;&#10;&#9;&#9;&#9;&#9;&#9;&#9;&#9;player.sellGood(goodString, goodCount - leftOver);&#13;&#10;&#9;&#9;&#9;&#9;&#9;&#9;&#9;player.addPoints(goodCount - leftOver);&#13;&#10;&#9;&#9;&#9;&#9;&#9;&#9;&#9;gameState.victoryPoints = gameState.victoryPoints&#13;&#10;&#9;&#9;&#9;&#9;&#9;&#9;&#9;&#9;&#9;- (goodCount - leftOver);&#13;&#10;&#9;&#9;&#9;&#9;&#9;&#9;&#9;if (player.ownsOccupiedBuilding(&quot;Harbor&quot;)) {&#13;&#10;&#9;&#9;&#9;&#9;&#9;&#9;&#9;&#9;player.addPoints(1);&#13;&#10;&#9;&#9;&#9;&#9;&#9;&#9;&#9;&#9;gameState.victoryPoints--;&#13;&#10;&#9;&#9;&#9;&#9;&#9;&#9;&#9;}&#13;&#10;&#9;&#9;&#9;&#9;&#9;&#9;&#9;selected = true;&#13;&#10;&#9;&#9;&#9;&#9;&#9;&#9;} else {&#13;&#10;&#9;&#9;&#9;&#9;&#9;&#9;&#9;updateMsgBar(&quot;The ship you selected is invalid. Choose a different ship!&quot;);&#13;&#10;&#9;&#9;&#9;&#9;&#9;&#9;}&#13;&#10;&#9;&#9;&#9;&#9;&#9;}&#13;&#10;&#9;&#9;&#9;&#9;}&#13;&#10;&#13;&#10;&#9;&#9;&#9;&#9;updateGameStateDisplay();&#13;&#10;&#13;&#10;&#9;&#9;&#9;&#9;player.updatePlayerInfo();&#13;&#10;&#9;&#9;&#9;&#9;roleNum = (roleNum + 1) % players.size();&#13;&#10;&#13;&#10;&#9;&#9;&#9;}&#13;&#10;&#9;&#9;&#9;if (gameState.victoryPoints &lt;= 0) {&#13;&#10;&#9;&#9;&#9;&#9;gameState.isGameEndState = true;&#13;&#10;&#9;&#9;&#9;}&#13;&#10;&#9;&#9;&#9;// warehouse stuff&#13;&#10;&#9;&#9;&#9;for (int j = 0; j &lt; players.size(); j++) {&#13;&#10;&#9;&#9;&#9;&#9;player = players.get(roleNum);&#13;&#10;&#13;&#10;&#9;&#9;&#9;&#9;ArrayList&lt;String&gt; goodList = new ArrayList&lt;String&gt;();&#13;&#10;&#9;&#9;&#9;&#9;for (String s : player.getAllGoods()) {&#13;&#10;&#9;&#9;&#9;&#9;&#9;int n = player.getNumberOfGood(s);&#13;&#10;&#9;&#9;&#9;&#9;&#9;if (n &gt; 0) {&#13;&#10;&#9;&#9;&#9;&#9;&#9;&#9;goodList.add(s);&#13;&#10;&#9;&#9;&#9;&#9;&#9;}&#13;&#10;&#9;&#9;&#9;&#9;}&#13;&#10;&#9;&#9;&#9;&#9;goodList.add(&quot;Nothing&quot;);&#13;&#10;&#9;&#9;&#9;&#9;Object[] options = goodList.toArray();&#13;&#10;&#13;&#10;&#9;&#9;&#9;&#9;ArrayList&lt;String&gt; storeGood = new ArrayList&lt;String&gt;();&#13;&#10;&#9;&#9;&#9;&#9;int good = JOptionPane.showOptionDialog(this.mainframe,&#13;&#10;&#9;&#9;&#9;&#9;&#9;&#9;&quot;Choose a good to store!&quot;, &quot;Player &quot; + (roleNum),&#13;&#10;&#9;&#9;&#9;&#9;&#9;&#9;JOptionPane.YES_NO_CANCEL_OPTION,&#13;&#10;&#9;&#9;&#9;&#9;&#9;&#9;JOptionPane.QUESTION_MESSAGE, null, options,&#13;&#10;&#9;&#9;&#9;&#9;&#9;&#9;options[options.length - 1]);&#13;&#10;&#13;&#10;&#9;&#9;&#9;&#9;if (good != options.length - 1) {&#13;&#10;&#9;&#9;&#9;&#9;&#9;String goodString = (String) options[good];&#13;&#10;&#9;&#9;&#9;&#9;&#9;storeGood.add(goodString);&#13;&#10;&#9;&#9;&#9;&#9;&#9;player.sellGood(goodString, 1);&#13;&#10;&#9;&#9;&#9;&#9;}&#13;&#10;&#13;&#10;&#9;&#9;&#9;&#9;if (player.ownsOccupiedBuilding(&quot;Large Warehouse&quot;)) {&#13;&#10;&#9;&#9;&#9;&#9;&#9;goodList = new ArrayList&lt;String&gt;();&#13;&#10;&#9;&#9;&#9;&#9;&#9;for (String s : player.getAllGoods()) {&#13;&#10;&#9;&#9;&#9;&#9;&#9;&#9;int n = player.getNumberOfGood(s);&#13;&#10;&#9;&#9;&#9;&#9;&#9;&#9;if (n &gt; 0) {&#13;&#10;&#9;&#9;&#9;&#9;&#9;&#9;&#9;goodList.add(s);&#13;&#10;&#9;&#9;&#9;&#9;&#9;&#9;}&#13;&#10;&#9;&#9;&#9;&#9;&#9;}&#13;&#10;&#9;&#9;&#9;&#9;&#9;goodList.add(&quot;Nothing&quot;);&#13;&#10;&#9;&#9;&#9;&#9;&#9;options = goodList.toArray();&#13;&#10;&#9;&#9;&#9;&#9;&#9;int firstGood = JOptionPane.showOptionDialog(&#13;&#10;&#9;&#9;&#9;&#9;&#9;&#9;&#9;this.mainframe, &quot;Choose a good to store!&quot;,&#13;&#10;&#9;&#9;&#9;&#9;&#9;&#9;&#9;&quot;Player &quot; + (roleNum),&#13;&#10;&#9;&#9;&#9;&#9;&#9;&#9;&#9;JOptionPane.YES_NO_CANCEL_OPTION,&#13;&#10;&#9;&#9;&#9;&#9;&#9;&#9;&#9;JOptionPane.QUESTION_MESSAGE, null, options,&#13;&#10;&#9;&#9;&#9;&#9;&#9;&#9;&#9;options[options.length - 1]);&#13;&#10;&#9;&#9;&#9;&#9;&#9;if (firstGood != options.length - 1) {&#13;&#10;&#9;&#9;&#9;&#9;&#9;&#9;String goodString = (String) options[firstGood];&#13;&#10;&#9;&#9;&#9;&#9;&#9;&#9;storeGood.add(goodString);&#13;&#10;&#9;&#9;&#9;&#9;&#9;&#9;player.sellGood(goodString, 1);&#13;&#10;&#9;&#9;&#9;&#9;&#9;&#9;player.getBuilding(&quot;Large Warehouse&quot;).storedGood = options[firstGood]&#13;&#10;&#9;&#9;&#9;&#9;&#9;&#9;&#9;&#9;.toString();&#13;&#10;&#9;&#9;&#9;&#9;&#9;&#9;player.getBuilding(&quot;Large Warehouse&quot;).amountOfStoredGood++;&#13;&#10;&#9;&#9;&#9;&#9;&#9;}&#13;&#10;&#9;&#9;&#9;&#9;&#9;goodList = new ArrayList&lt;String&gt;();&#13;&#10;&#9;&#9;&#9;&#9;&#9;for (String s : player.getAllGoods()) {&#13;&#10;&#9;&#9;&#9;&#9;&#9;&#9;int n = player.getNumberOfGood(s);&#13;&#10;&#9;&#9;&#9;&#9;&#9;&#9;if (n &gt; 0) {&#13;&#10;&#9;&#9;&#9;&#9;&#9;&#9;&#9;goodList.add(s);&#13;&#10;&#9;&#9;&#9;&#9;&#9;&#9;}&#13;&#10;&#9;&#9;&#9;&#9;&#9;}&#13;&#10;&#9;&#9;&#9;&#9;&#9;goodList.add(&quot;Nothing&quot;);&#13;&#10;&#9;&#9;&#9;&#9;&#9;options = goodList.toArray();&#13;&#10;&#9;&#9;&#9;&#9;&#9;int secondGood = JOptionPane.showOptionDialog(&#13;&#10;&#9;&#9;&#9;&#9;&#9;&#9;&#9;this.mainframe, &quot;Choose a good to store!&quot;,&#13;&#10;&#9;&#9;&#9;&#9;&#9;&#9;&#9;&quot;Player &quot; + (roleNum),&#13;&#10;&#9;&#9;&#9;&#9;&#9;&#9;&#9;JOptionPane.YES_NO_CANCEL_OPTION,&#13;&#10;&#9;&#9;&#9;&#9;&#9;&#9;&#9;JOptionPane.QUESTION_MESSAGE, null, options,&#13;&#10;&#9;&#9;&#9;&#9;&#9;&#9;&#9;options[options.length - 1]);&#13;&#10;&#13;&#10;&#9;&#9;&#9;&#9;&#9;if (secondGood != options.length - 1) {&#13;&#10;&#9;&#9;&#9;&#9;&#9;&#9;String goodString = (String) options[secondGood];&#13;&#10;&#9;&#9;&#9;&#9;&#9;&#9;storeGood.add(goodString);&#13;&#10;&#9;&#9;&#9;&#9;&#9;&#9;player.sellGood(goodString, 1);&#13;&#10;&#9;&#9;&#9;&#9;&#9;&#9;player.getBuilding(&quot;Large Warehouse&quot;).storedGood = options[secondGood]&#13;&#10;&#9;&#9;&#9;&#9;&#9;&#9;&#9;&#9;.toString();&#13;&#10;&#9;&#9;&#9;&#9;&#9;&#9;player.getBuilding(&quot;Large Warehouse&quot;).amountOfStoredGood++;&#13;&#10;&#9;&#9;&#9;&#9;&#9;}&#13;&#10;&#9;&#9;&#9;&#9;}&#13;&#10;&#9;&#9;&#9;&#9;if (player.ownsOccupiedBuilding(&quot;Small Warehouse&quot;)) {&#13;&#10;&#9;&#9;&#9;&#9;&#9;goodList = new ArrayList&lt;String&gt;();&#13;&#10;&#9;&#9;&#9;&#9;&#9;for (String s : player.getAllGoods()) {&#13;&#10;&#9;&#9;&#9;&#9;&#9;&#9;int n = player.getNumberOfGood(s);&#13;&#10;&#9;&#9;&#9;&#9;&#9;&#9;if (n &gt; 0) {&#13;&#10;&#9;&#9;&#9;&#9;&#9;&#9;&#9;goodList.add(s);&#13;&#10;&#9;&#9;&#9;&#9;&#9;&#9;}&#13;&#10;&#9;&#9;&#9;&#9;&#9;}&#13;&#10;&#9;&#9;&#9;&#9;&#9;goodList.add(&quot;Nothing&quot;);&#13;&#10;&#9;&#9;&#9;&#9;&#9;options = goodList.toArray();&#13;&#10;&#9;&#9;&#9;&#9;&#9;int g = JOptionPane.showOptionDialog(this.mainframe,&#13;&#10;&#9;&#9;&#9;&#9;&#9;&#9;&#9;&quot;Choose a good to store!&quot;, &quot;Player &quot; + (roleNum),&#13;&#10;&#9;&#9;&#9;&#9;&#9;&#9;&#9;JOptionPane.YES_NO_CANCEL_OPTION,&#13;&#10;&#9;&#9;&#9;&#9;&#9;&#9;&#9;JOptionPane.QUESTION_MESSAGE, null, options,&#13;&#10;&#9;&#9;&#9;&#9;&#9;&#9;&#9;options[options.length - 1]);&#13;&#10;&#9;&#9;&#9;&#9;&#9;if (g != options.length - 1) {&#13;&#10;&#9;&#9;&#9;&#9;&#9;&#9;String goodString = (String) options[g];&#13;&#10;&#9;&#9;&#9;&#9;&#9;&#9;storeGood.add(goodString);&#13;&#10;&#9;&#9;&#9;&#9;&#9;&#9;player.sellGood(goodString, 1);&#13;&#10;&#9;&#9;&#9;&#9;&#9;&#9;player.getBuilding(&quot;Small Warehouse&quot;).storedGood = options[g]&#13;&#10;&#9;&#9;&#9;&#9;&#9;&#9;&#9;&#9;.toString();&#13;&#10;&#9;&#9;&#9;&#9;&#9;&#9;player.getBuilding(&quot;Small Warehouse&quot;).amountOfStoredGood++;&#13;&#10;&#9;&#9;&#9;&#9;&#9;}&#13;&#10;&#9;&#9;&#9;&#9;}&#13;&#10;&#13;&#10;&#9;&#9;&#9;&#9;for (String s : storeGood) {&#13;&#10;&#9;&#9;&#9;&#9;&#9;player.addGood(s, 1);&#13;&#10;&#9;&#9;&#9;&#9;}&#13;&#10;&#13;&#10;&#9;&#9;&#9;&#9;updateGameStateDisplay();&#13;&#10;&#9;&#9;&#9;&#9;player.updatePlayerInfo();&#13;&#10;&#9;&#9;&#9;&#9;roleNum = (roleNum + 1) % players.size();&#13;&#10;&#9;&#9;&#9;}&#13;&#10;&#13;&#10;&#9;&#9;} else if (role.equals(PlayerRoles.Prospector)) {&#13;&#10;&#9;&#9;&#9;// :do nothing&#13;&#10;&#9;&#9;&#9;player.setDoubloons(player.getDoubloons() + 1);&#13;&#10;&#9;&#9;}&#13;&#10;&#9;&#9;gameState.updateAtEndOfTurn();&#13;&#10;&#9;&#9;updateGameStateDisplay();&#13;&#10;&#13;&#10;&#9;}&#13;&#10;&#13;&#10;}&#13;&#10;" Filename="GameBoardGUI.java" Intrnl_Id="7"/>
<SrcFile Content="package csse376_puerto_rico;&#13;&#10;&#13;&#10;import java.awt.event.ActionEvent;&#13;&#10;import java.awt.event.ActionListener;&#13;&#10;&#13;&#10;import javax.swing.ButtonGroup;&#13;&#10;import javax.swing.JFrame;&#13;&#10;&#13;&#10;public class ButtonHandler implements ActionListener {&#13;&#10;&#9;&#13;&#10;&#9;private JFrame mainframe;&#13;&#10;&#9;private ButtonGroup bGroup;&#13;&#10;&#13;&#10;&#9;public ButtonHandler(JFrame frame, ButtonGroup group) {&#13;&#10;&#9;&#9;this.mainframe = frame;&#13;&#10;&#9;&#9;this.bGroup = group;&#13;&#10;&#9;}&#13;&#10;&#13;&#10;&#9;@Override&#13;&#10;&#9;public void actionPerformed(ActionEvent ae) {&#13;&#10;&#9;&#9;String action = ae.getActionCommand();&#13;&#10;&#9;&#9;if(action.equals(&quot;Quit&quot;)){&#13;&#10;&#9;&#9;&#9;System.exit(0);&#13;&#10;&#9;&#9;}else if(action.equals(&quot;New Game&quot;)){&#13;&#10;&#9;&#9;&#9;new StartUpGameBoardGUI(this.mainframe);&#13;&#10;&#9;&#9;}else if(action.equals(&quot;Start&quot;)){&#13;&#10;&#9;&#9;&#9;new GameBoardGUI(this.mainframe, this.bGroup);&#13;&#10;&#9;&#9;}else if(action.equals(&quot;Add Points&quot;)){&#13;&#10;&#9;&#9;&#9;&#13;&#10;&#9;&#9;}&#13;&#10;&#9;}&#13;&#10;&#13;&#10;}&#13;&#10;" Filename="ButtonHandler.java" Intrnl_Id="8"/>
<SrcFile Content="package csse376_puerto_rico;&#13;&#10;&#13;&#10;import java.util.ArrayList;&#13;&#10;import java.util.Arrays;&#13;&#10;import java.util.List;&#13;&#10;&#13;&#10;public class Buildings {&#13;&#10;&#13;&#10;&#9;private ArrayList&lt;Building&gt; buildings;&#13;&#10;&#9;private ArrayList&lt;String&gt; buildingNames = new ArrayList&lt;String&gt;(Arrays.asList(&quot;Small Indigo Plant&quot;,&#13;&#10;&#9;&#9;&#9;&quot;Small Sugar Mill&quot;, &quot;Small Market&quot;, &quot;Hacienda&quot;, &quot;Construction Hut&quot;,&#13;&#10;&#9;&#9;&#9;&quot;Small Warehouse&quot;, &quot;Indigo Plant&quot;, &quot;Sugar Mill&quot;, &quot;Hospice&quot;, &quot;Office&quot;,&#13;&#10;&#9;&#9;&#9;&quot;Large Market&quot;, &quot;Large Warehouse&quot;, &quot;Tobacco Storage&quot;, &quot;Coffee Roaster&quot;,&#13;&#10;&#9;&#9;&#9;&quot;Factory&quot;, &quot;University&quot;, &quot;Harbor&quot;, &quot;Wharf&quot;));&#13;&#10;&#13;&#10;&#9;public Buildings() {&#13;&#10;&#9;&#9;buildings = new ArrayList&lt;Building&gt;();&#13;&#10;&#13;&#10;&#9;&#9;for (String name : buildingNames) {&#13;&#10;&#9;&#9;&#9;buildings.add(new Building(name));&#13;&#10;&#9;&#9;}&#13;&#10;&#13;&#10;&#9;}&#13;&#10;&#13;&#10;&#9;public ArrayList&lt;Building&gt; getBuildings() {&#13;&#10;&#13;&#10;&#9;&#9;return buildings;&#13;&#10;&#9;}&#13;&#10;&#13;&#10;&#9;public ArrayList&lt;String&gt; getBuildingNames() {&#13;&#10;&#9;&#9;return buildingNames;&#13;&#10;&#9;}&#13;&#10;&#13;&#10;&#13;&#10;}&#13;&#10;" Filename="Buildings.java" Intrnl_Id="9"/>
<SrcFile Content="package csse376_puerto_rico;&#13;&#10;&#13;&#10;&#13;&#10;public class Building {&#13;&#10;&#13;&#10;&#9;public String name;&#13;&#10;&#9;public int cost;&#13;&#10;&#9;public int points;&#13;&#10;&#9;public int numberOfJobs;&#13;&#10;&#9;public int numberOfWorkers;&#13;&#10;&#13;&#10;&#9;public String storedGood;&#13;&#10;&#9;public int amountOfStoredGood;&#13;&#10;&#13;&#10;&#9;public Building(String name) {&#13;&#10;&#9;&#9;this.name = name;&#13;&#10;&#9;&#9;switch (name) {&#13;&#10;&#9;&#9;case &quot;Small Indigo Plant&quot;:&#13;&#10;&#9;&#9;&#9;cost = 1;&#13;&#10;&#9;&#9;&#9;points = 1;&#13;&#10;&#9;&#9;&#9;numberOfJobs = 1;&#13;&#10;&#9;&#9;&#9;numberOfWorkers = 0;&#13;&#10;&#9;&#9;&#9;break;&#13;&#10;&#13;&#10;&#9;&#9;case &quot;Small Sugar Mill&quot;:&#13;&#10;&#9;&#9;&#9;cost = 2;&#13;&#10;&#9;&#9;&#9;points = 1;&#13;&#10;&#9;&#9;&#9;numberOfJobs = 1;&#13;&#10;&#9;&#9;&#9;numberOfWorkers = 0;&#13;&#10;&#9;&#9;&#9;break;&#13;&#10;&#13;&#10;&#9;&#9;case &quot;Small Market&quot;:&#13;&#10;&#9;&#9;&#9;// plus doubloon with sale in trader phase&#13;&#10;&#9;&#9;&#9;cost = 1;&#13;&#10;&#9;&#9;&#9;points = 1;&#13;&#10;&#9;&#9;&#9;numberOfJobs = 1;&#13;&#10;&#9;&#9;&#9;numberOfWorkers = 0;&#13;&#10;&#9;&#9;&#9;break;&#13;&#10;&#13;&#10;&#9;&#9;case &quot;Hacienda&quot;:&#13;&#10;&#9;&#9;&#9;// plus plantation from supply in settler phase&#13;&#10;&#9;&#9;&#9;cost = 2;&#13;&#10;&#9;&#9;&#9;points = 1;&#13;&#10;&#9;&#9;&#9;numberOfJobs = 1;&#13;&#10;&#9;&#9;&#9;numberOfWorkers = 0;&#13;&#10;&#9;&#9;&#9;break;&#13;&#10;&#13;&#10;&#9;&#9;case &quot;Construction Hut&quot;:&#13;&#10;&#9;&#9;&#9;// quarry instead of plantation in settler phase&#13;&#10;&#9;&#9;&#9;cost = 2;&#13;&#10;&#9;&#9;&#9;points = 1;&#13;&#10;&#9;&#9;&#9;numberOfJobs = 1;&#13;&#10;&#9;&#9;&#9;numberOfWorkers = 0;&#13;&#10;&#9;&#9;&#9;break;&#13;&#10;&#13;&#10;&#9;&#9;case &quot;Small Warehouse&quot;:&#13;&#10;&#9;&#9;&#9;// store 1 kind of good in captain phase&#13;&#10;&#9;&#9;&#9;cost = 3;&#13;&#10;&#9;&#9;&#9;points = 1;&#13;&#10;&#9;&#9;&#9;numberOfJobs = 1;&#13;&#10;&#9;&#9;&#9;numberOfWorkers = 0;&#13;&#10;&#9;&#9;&#9;storedGood = &quot;&quot;;&#13;&#10;&#9;&#9;&#9;amountOfStoredGood = 0;&#13;&#10;&#9;&#9;&#9;break;&#13;&#10;&#13;&#10;&#9;&#9;case &quot;Indigo Plant&quot;:&#13;&#10;&#9;&#9;&#9;cost = 3;&#13;&#10;&#9;&#9;&#9;points = 2;&#13;&#10;&#9;&#9;&#9;numberOfJobs = 3;&#13;&#10;&#9;&#9;&#9;numberOfWorkers = 0;&#13;&#10;&#9;&#9;&#9;break;&#13;&#10;&#13;&#10;&#9;&#9;case &quot;Sugar Mill&quot;:&#13;&#10;&#9;&#9;&#9;cost = 4;&#13;&#10;&#9;&#9;&#9;points = 2;&#13;&#10;&#9;&#9;&#9;numberOfJobs = 3;&#13;&#10;&#9;&#9;&#9;numberOfWorkers = 0;&#13;&#10;&#9;&#9;&#9;break;&#13;&#10;&#13;&#10;&#9;&#9;case &quot;Hospice&quot;:&#13;&#10;&#9;&#9;&#9;// plus colonist for settling in settler phase&#13;&#10;&#9;&#9;&#9;cost = 4;&#13;&#10;&#9;&#9;&#9;points = 2;&#13;&#10;&#9;&#9;&#9;numberOfJobs = 1;&#13;&#10;&#9;&#9;&#9;numberOfWorkers = 0;&#13;&#10;&#9;&#9;&#9;break;&#13;&#10;&#13;&#10;&#9;&#9;case &quot;Office&quot;:&#13;&#10;&#9;&#9;&#9;// sell same kind of goods in trader phase&#13;&#10;&#9;&#9;&#9;cost = 5;&#13;&#10;&#9;&#9;&#9;points = 2;&#13;&#10;&#9;&#9;&#9;numberOfJobs = 1;&#13;&#10;&#9;&#9;&#9;numberOfWorkers = 0;&#13;&#10;&#9;&#9;&#9;break;&#13;&#10;&#13;&#10;&#9;&#9;case &quot;Large Market&quot;:&#13;&#10;&#9;&#9;&#9;// plus 2 doubloons with sale in trader phase&#13;&#10;&#9;&#9;&#9;cost = 5;&#13;&#10;&#9;&#9;&#9;points = 2;&#13;&#10;&#9;&#9;&#9;numberOfJobs = 1;&#13;&#10;&#9;&#9;&#9;numberOfWorkers = 0;&#13;&#10;&#9;&#9;&#9;break;&#13;&#10;&#13;&#10;&#9;&#9;case &quot;Large Warehouse&quot;:&#13;&#10;&#9;&#9;&#9;// stores 2 kinds of goods in captain phase&#13;&#10;&#9;&#9;&#9;cost = 6;&#13;&#10;&#9;&#9;&#9;points = 2;&#13;&#10;&#9;&#9;&#9;numberOfJobs = 1;&#13;&#10;&#9;&#9;&#9;numberOfWorkers = 0;&#13;&#10;&#9;&#9;&#9;storedGood = &quot;&quot;;&#13;&#10;&#9;&#9;&#9;amountOfStoredGood = 0;&#13;&#10;&#9;&#9;&#9;break;&#13;&#10;&#13;&#10;&#9;&#9;case &quot;Tobacco Storage&quot;:&#13;&#10;&#9;&#9;&#9;cost = 5;&#13;&#10;&#9;&#9;&#9;points = 3;&#13;&#10;&#9;&#9;&#9;numberOfJobs = 3;&#13;&#10;&#9;&#9;&#9;numberOfWorkers = 0;&#13;&#10;&#9;&#9;&#9;break;&#13;&#10;&#13;&#10;&#9;&#9;case &quot;Coffee Roaster&quot;:&#13;&#10;&#9;&#9;&#9;cost = 6;&#13;&#10;&#9;&#9;&#9;points = 3;&#13;&#10;&#9;&#9;&#9;numberOfJobs = 2;&#13;&#10;&#9;&#9;&#9;numberOfWorkers = 0;&#13;&#10;&#9;&#9;&#9;break;&#13;&#10;&#13;&#10;&#9;&#9;case &quot;Factory&quot;:&#13;&#10;&#9;&#9;&#9;// plus 0/1/2/3/5 doubloons with production in craftsman phase&#13;&#10;&#9;&#9;&#9;cost = 7;&#13;&#10;&#9;&#9;&#9;points = 3;&#13;&#10;&#9;&#9;&#9;numberOfJobs = 1;&#13;&#10;&#9;&#9;&#9;numberOfWorkers = 0;&#13;&#10;&#9;&#9;&#9;break;&#13;&#10;&#13;&#10;&#9;&#9;case &quot;University&quot;:&#13;&#10;&#9;&#9;&#9;// plus colonist for building in builder phase&#13;&#10;&#9;&#9;&#9;cost = 8;&#13;&#10;&#9;&#9;&#9;points = 3;&#13;&#10;&#9;&#9;&#9;numberOfJobs = 1;&#13;&#10;&#9;&#9;&#9;numberOfWorkers = 0;&#13;&#10;&#9;&#9;&#9;break;&#13;&#10;&#13;&#10;&#9;&#9;case &quot;Harbor&quot;:&#13;&#10;&#9;&#9;&#9;// plus victory point per delivery in captain phase&#13;&#10;&#9;&#9;&#9;cost = 8;&#13;&#10;&#9;&#9;&#9;points = 3;&#13;&#10;&#9;&#9;&#9;numberOfJobs = 1;&#13;&#10;&#9;&#9;&#9;numberOfWorkers = 0;&#13;&#10;&#9;&#9;&#9;break;&#13;&#10;&#13;&#10;&#9;&#9;case &quot;Wharf&quot;:&#13;&#10;&#9;&#9;&#9;// your own ship in captain phase&#13;&#10;&#9;&#9;&#9;cost = 9;&#13;&#10;&#9;&#9;&#9;points = 3;&#13;&#10;&#9;&#9;&#9;numberOfJobs = 1;&#13;&#10;&#9;&#9;&#9;numberOfWorkers = 0;&#13;&#10;&#9;&#9;&#9;break;&#13;&#10;&#13;&#10;&#9;&#9;default:&#13;&#10;&#9;&#9;&#9;cost = 0;&#13;&#10;&#9;&#9;&#9;points = 0;&#13;&#10;&#9;&#9;&#9;numberOfJobs = 0;&#13;&#10;&#9;&#9;&#9;numberOfWorkers = 0;&#13;&#10;&#9;&#9;}&#13;&#10;&#13;&#10;&#9;}&#13;&#10;&#13;&#10;&#9;public boolean isOccupied() {&#13;&#10;&#9;&#9;return ((this.numberOfJobs - this.numberOfWorkers) == 0);&#13;&#10;&#9;}&#13;&#10;}" Filename="Building.java" Intrnl_Id="10"/>
</SrcFileList>
<CritList>
<CritListEntry Name="org.codecover.model.utils.criteria.LoopCoverage" PluginName="org.codecover"/>
<CritListEntry Name="org.codecover.model.utils.criteria.BranchCoverage" PluginName="org.codecover"/>
<CritListEntry Name="org.codecover.model.utils.criteria.ConditionCoverage" PluginName="org.codecover"/>
<CritListEntry Name="org.codecover.model.utils.criteria.SynchronizedStatementCoverage" PluginName="org.codecover"/>
<CritListEntry Name="org.codecover.model.utils.criteria.QMOCoverage" PluginName="org.codecover"/>
<CritListEntry Name="org.codecover.model.utils.criteria.StatementCoverage" PluginName="org.codecover"/>
</CritList>
<BoolOpList>
<BoolOp Arity="1" Intrnl_Id="11" Name="not (!)">
<BoolAssgnmntBoolMapList>
<MapEntry BoolAssgnmnt="0" Value="true"/>
<MapEntry BoolAssgnmnt="1" Value="false"/>
</BoolAssgnmntBoolMapList>
</BoolOp>
<BoolOp Arity="2" Intrnl_Id="12" Name="conditional and (&amp;&amp;)">
<BoolAssgnmntBoolMapList>
<MapEntry BoolAssgnmnt="10" Value="false"/>
<MapEntry BoolAssgnmnt="02" Value="false"/>
<MapEntry BoolAssgnmnt="11" Value="true"/>
</BoolAssgnmntBoolMapList>
</BoolOp>
<BoolOp Arity="2" Intrnl_Id="13" Name="conditional or (||)">
<BoolAssgnmntBoolMapList>
<MapEntry BoolAssgnmnt="01" Value="true"/>
<MapEntry BoolAssgnmnt="00" Value="false"/>
<MapEntry BoolAssgnmnt="12" Value="true"/>
</BoolAssgnmntBoolMapList>
</BoolOp>
</BoolOpList>
<HierarchyLvlTypeList>
<HierarchyLvlType EnglishName="package" IntrnlName="package" Intrnl_Id="14"/>
<HierarchyLvlType EnglishName="class" IntrnlName="class" Intrnl_Id="15"/>
<HierarchyLvlType EnglishName="method" IntrnlName="method" Intrnl_Id="16"/>
<HierarchyLvlType EnglishName="default package" IntrnlName="default package" Intrnl_Id="17"/>
</HierarchyLvlTypeList>
<MASTRoot>
<HierarchyLvl HierarchyLvlId="7330" HierarchyLvlTypeId="17" Intrnl_Id="18" Name="default package">
<Header/>
<LocList/>
<HierarchyLvl HierarchyLvlId="7329" HierarchyLvlTypeId="14" Intrnl_Id="19" Name="csse376_puerto_rico">
<Header/>
<LocList/>
<HierarchyLvl HierarchyLvlId="7247" HierarchyLvlTypeId="15" Intrnl_Id="20" Name="StartUpGameBoardGUI">
<Header>
<Loc EndOffset="234" SrcFileId="1" StartOffset="202"/>
</Header>
<LocList>
<Loc EndOffset="1071" SrcFileId="1" StartOffset="202"/>
</LocList>
<HierarchyLvl HierarchyLvlId="7246" HierarchyLvlTypeId="16" Intrnl_Id="21" Name="StartUpGameBoardGUI">
<Header>
<Loc EndOffset="307" SrcFileId="1" StartOffset="267"/>
</Header>
<LocList>
<Loc EndOffset="1068" SrcFileId="1" StartOffset="267"/>
</LocList>
<StmntSeq Intrnl_Id="22">
<LocList>
<Loc EndOffset="335" SrcFileId="1" StartOffset="312"/>
<Loc EndOffset="382" SrcFileId="1" StartOffset="338"/>
<Loc EndOffset="430" SrcFileId="1" StartOffset="385"/>
<Loc EndOffset="475" SrcFileId="1" StartOffset="433"/>
<Loc EndOffset="520" SrcFileId="1" StartOffset="478"/>
<Loc EndOffset="556" SrcFileId="1" StartOffset="524"/>
<Loc EndOffset="600" SrcFileId="1" StartOffset="562"/>
<Loc EndOffset="650" SrcFileId="1" StartOffset="603"/>
<Loc EndOffset="701" SrcFileId="1" StartOffset="653"/>
<Loc EndOffset="752" SrcFileId="1" StartOffset="704"/>
<Loc EndOffset="770" SrcFileId="1" StartOffset="755"/>
<Loc EndOffset="788" SrcFileId="1" StartOffset="773"/>
<Loc EndOffset="806" SrcFileId="1" StartOffset="791"/>
<Loc EndOffset="855" SrcFileId="1" StartOffset="812"/>
<Loc EndOffset="930" SrcFileId="1" StartOffset="858"/>
<Loc EndOffset="955" SrcFileId="1" StartOffset="936"/>
<Loc EndOffset="977" SrcFileId="1" StartOffset="958"/>
<Loc EndOffset="999" SrcFileId="1" StartOffset="980"/>
<Loc EndOffset="1029" SrcFileId="1" StartOffset="1002"/>
<Loc EndOffset="1065" SrcFileId="1" StartOffset="1035"/>
</LocList>
<BasicStmnt CovItemId="S1" CovItemPrefix="csse376_puerto_rico.StartUpGameBoardGUI.java" Intrnl_Id="23">
<LocList>
<Loc EndOffset="335" SrcFileId="1" StartOffset="312"/>
</LocList>
</BasicStmnt>
<BasicStmnt CovItemId="S2" CovItemPrefix="csse376_puerto_rico.StartUpGameBoardGUI.java" Intrnl_Id="24">
<LocList>
<Loc EndOffset="382" SrcFileId="1" StartOffset="338"/>
</LocList>
</BasicStmnt>
<BasicStmnt CovItemId="S3" CovItemPrefix="csse376_puerto_rico.StartUpGameBoardGUI.java" Intrnl_Id="25">
<LocList>
<Loc EndOffset="430" SrcFileId="1" StartOffset="385"/>
</LocList>
</BasicStmnt>
<BasicStmnt CovItemId="S4" CovItemPrefix="csse376_puerto_rico.StartUpGameBoardGUI.java" Intrnl_Id="26">
<LocList>
<Loc EndOffset="475" SrcFileId="1" StartOffset="433"/>
</LocList>
</BasicStmnt>
<BasicStmnt CovItemId="S5" CovItemPrefix="csse376_puerto_rico.StartUpGameBoardGUI.java" Intrnl_Id="27">
<LocList>
<Loc EndOffset="520" SrcFileId="1" StartOffset="478"/>
</LocList>
</BasicStmnt>
<BasicStmnt CovItemId="S6" CovItemPrefix="csse376_puerto_rico.StartUpGameBoardGUI.java" Intrnl_Id="28">
<LocList>
<Loc EndOffset="556" SrcFileId="1" StartOffset="524"/>
</LocList>
</BasicStmnt>
<BasicStmnt CovItemId="S7" CovItemPrefix="csse376_puerto_rico.StartUpGameBoardGUI.java" Intrnl_Id="29">
<LocList>
<Loc EndOffset="600" SrcFileId="1" StartOffset="562"/>
</LocList>
</BasicStmnt>
<BasicStmnt CovItemId="S8" CovItemPrefix="csse376_puerto_rico.StartUpGameBoardGUI.java" Intrnl_Id="30">
<LocList>
<Loc EndOffset="650" SrcFileId="1" StartOffset="603"/>
</LocList>
</BasicStmnt>
<BasicStmnt CovItemId="S9" CovItemPrefix="csse376_puerto_rico.StartUpGameBoardGUI.java" Intrnl_Id="31">
<LocList>
<Loc EndOffset="701" SrcFileId="1" StartOffset="653"/>
</LocList>
</BasicStmnt>
<BasicStmnt CovItemId="S10" CovItemPrefix="csse376_puerto_rico.StartUpGameBoardGUI.java" Intrnl_Id="32">
<LocList>
<Loc EndOffset="752" SrcFileId="1" StartOffset="704"/>
</LocList>
</BasicStmnt>
<BasicStmnt CovItemId="S11" CovItemPrefix="csse376_puerto_rico.StartUpGameBoardGUI.java" Intrnl_Id="33">
<LocList>
<Loc EndOffset="770" SrcFileId="1" StartOffset="755"/>
</LocList>
</BasicStmnt>
<BasicStmnt CovItemId="S12" CovItemPrefix="csse376_puerto_rico.StartUpGameBoardGUI.java" Intrnl_Id="34">
<LocList>
<Loc EndOffset="788" SrcFileId="1" StartOffset="773"/>
</LocList>
</BasicStmnt>
<BasicStmnt CovItemId="S13" CovItemPrefix="csse376_puerto_rico.StartUpGameBoardGUI.java" Intrnl_Id="35">
<LocList>
<Loc EndOffset="806" SrcFileId="1" StartOffset="791"/>
</LocList>
</BasicStmnt>
<BasicStmnt CovItemId="S14" CovItemPrefix="csse376_puerto_rico.StartUpGameBoardGUI.java" Intrnl_Id="36">
<LocList>
<Loc EndOffset="855" SrcFileId="1" StartOffset="812"/>
</LocList>
</BasicStmnt>
<BasicStmnt CovItemId="S15" CovItemPrefix="csse376_puerto_rico.StartUpGameBoardGUI.java" Intrnl_Id="37">
<LocList>
<Loc EndOffset="930" SrcFileId="1" StartOffset="858"/>
</LocList>
</BasicStmnt>
<BasicStmnt CovItemId="S16" CovItemPrefix="csse376_puerto_rico.StartUpGameBoardGUI.java" Intrnl_Id="38">
<LocList>
<Loc EndOffset="955" SrcFileId="1" StartOffset="936"/>
</LocList>
</BasicStmnt>
<BasicStmnt CovItemId="S17" CovItemPrefix="csse376_puerto_rico.StartUpGameBoardGUI.java" Intrnl_Id="39">
<LocList>
<Loc EndOffset="977" SrcFileId="1" StartOffset="958"/>
</LocList>
</BasicStmnt>
<BasicStmnt CovItemId="S18" CovItemPrefix="csse376_puerto_rico.StartUpGameBoardGUI.java" Intrnl_Id="40">
<LocList>
<Loc EndOffset="999" SrcFileId="1" StartOffset="980"/>
</LocList>
</BasicStmnt>
<BasicStmnt CovItemId="S19" CovItemPrefix="csse376_puerto_rico.StartUpGameBoardGUI.java" Intrnl_Id="41">
<LocList>
<Loc EndOffset="1029" SrcFileId="1" StartOffset="1002"/>
</LocList>
</BasicStmnt>
<BasicStmnt CovItemId="S20" CovItemPrefix="csse376_puerto_rico.StartUpGameBoardGUI.java" Intrnl_Id="42">
<LocList>
<Loc EndOffset="1065" SrcFileId="1" StartOffset="1035"/>
</LocList>
</BasicStmnt>
</StmntSeq>
</HierarchyLvl>
</HierarchyLvl>
<HierarchyLvl HierarchyLvlId="7250" HierarchyLvlTypeId="15" Intrnl_Id="43" Name="PlayerRoles">
<Header>
<Loc EndOffset="184" SrcFileId="2" StartOffset="160"/>
</Header>
<LocList>
<Loc EndOffset="862" SrcFileId="2" StartOffset="160"/>
</LocList>
<StmntSeq Intrnl_Id="44">
<LocList>
<Loc EndOffset="236" SrcFileId="2" StartOffset="189"/>
<Loc EndOffset="286" SrcFileId="2" StartOffset="239"/>
<Loc EndOffset="340" SrcFileId="2" StartOffset="289"/>
<Loc EndOffset="388" SrcFileId="2" StartOffset="343"/>
<Loc EndOffset="438" SrcFileId="2" StartOffset="391"/>
<Loc EndOffset="494" SrcFileId="2" StartOffset="441"/>
<Loc EndOffset="540" SrcFileId="2" StartOffset="497"/>
</LocList>
<BasicStmnt CovItemId="S1" CovItemPrefix="csse376_puerto_rico.PlayerRoles.java" Intrnl_Id="45">
<LocList>
<Loc EndOffset="236" SrcFileId="2" StartOffset="189"/>
</LocList>
</BasicStmnt>
<BasicStmnt CovItemId="S2" CovItemPrefix="csse376_puerto_rico.PlayerRoles.java" Intrnl_Id="46">
<LocList>
<Loc EndOffset="286" SrcFileId="2" StartOffset="239"/>
</LocList>
</BasicStmnt>
<BasicStmnt CovItemId="S3" CovItemPrefix="csse376_puerto_rico.PlayerRoles.java" Intrnl_Id="47">
<LocList>
<Loc EndOffset="340" SrcFileId="2" StartOffset="289"/>
</LocList>
</BasicStmnt>
<BasicStmnt CovItemId="S4" CovItemPrefix="csse376_puerto_rico.PlayerRoles.java" Intrnl_Id="48">
<LocList>
<Loc EndOffset="388" SrcFileId="2" StartOffset="343"/>
</LocList>
</BasicStmnt>
<BasicStmnt CovItemId="S5" CovItemPrefix="csse376_puerto_rico.PlayerRoles.java" Intrnl_Id="49">
<LocList>
<Loc EndOffset="438" SrcFileId="2" StartOffset="391"/>
</LocList>
</BasicStmnt>
<BasicStmnt CovItemId="S6" CovItemPrefix="csse376_puerto_rico.PlayerRoles.java" Intrnl_Id="50">
<LocList>
<Loc EndOffset="494" SrcFileId="2" StartOffset="441"/>
</LocList>
</BasicStmnt>
<BasicStmnt CovItemId="S7" CovItemPrefix="csse376_puerto_rico.PlayerRoles.java" Intrnl_Id="51">
<LocList>
<Loc EndOffset="540" SrcFileId="2" StartOffset="497"/>
</LocList>
</BasicStmnt>
</StmntSeq>
<HierarchyLvl HierarchyLvlId="7248" HierarchyLvlTypeId="16" Intrnl_Id="52" Name="PlayerRoles">
<Header>
<Loc EndOffset="566" SrcFileId="2" StartOffset="545"/>
</Header>
<LocList>
<Loc EndOffset="595" SrcFileId="2" StartOffset="545"/>
</LocList>
</HierarchyLvl>
<HierarchyLvl HierarchyLvlId="7249" HierarchyLvlTypeId="16" Intrnl_Id="53" Name="getValues">
<Header>
<Loc EndOffset="638" SrcFileId="2" StartOffset="600"/>
</Header>
<LocList>
<Loc EndOffset="859" SrcFileId="2" StartOffset="600"/>
</LocList>
<StmntSeq Intrnl_Id="54">
<LocList>
<Loc EndOffset="687" SrcFileId="2" StartOffset="644"/>
<Loc EndOffset="710" SrcFileId="2" StartOffset="693"/>
<Loc EndOffset="731" SrcFileId="2" StartOffset="714"/>
<Loc EndOffset="754" SrcFileId="2" StartOffset="735"/>
<Loc EndOffset="774" SrcFileId="2" StartOffset="758"/>
<Loc EndOffset="795" SrcFileId="2" StartOffset="778"/>
<Loc EndOffset="819" SrcFileId="2" StartOffset="799"/>
<Loc EndOffset="838" SrcFileId="2" StartOffset="823"/>
<Loc EndOffset="855" SrcFileId="2" StartOffset="844"/>
</LocList>
<BasicStmnt CovItemId="S8" CovItemPrefix="csse376_puerto_rico.PlayerRoles.java" Intrnl_Id="55">
<LocList>
<Loc EndOffset="687" SrcFileId="2" StartOffset="644"/>
</LocList>
</BasicStmnt>
<BasicStmnt CovItemId="S9" CovItemPrefix="csse376_puerto_rico.PlayerRoles.java" Intrnl_Id="56">
<LocList>
<Loc EndOffset="710" SrcFileId="2" StartOffset="693"/>
</LocList>
</BasicStmnt>
<BasicStmnt CovItemId="S10" CovItemPrefix="csse376_puerto_rico.PlayerRoles.java" Intrnl_Id="57">
<LocList>
<Loc EndOffset="731" SrcFileId="2" StartOffset="714"/>
</LocList>
</BasicStmnt>
<BasicStmnt CovItemId="S11" CovItemPrefix="csse376_puerto_rico.PlayerRoles.java" Intrnl_Id="58">
<LocList>
<Loc EndOffset="754" SrcFileId="2" StartOffset="735"/>
</LocList>
</BasicStmnt>
<BasicStmnt CovItemId="S12" CovItemPrefix="csse376_puerto_rico.PlayerRoles.java" Intrnl_Id="59">
<LocList>
<Loc EndOffset="774" SrcFileId="2" StartOffset="758"/>
</LocList>
</BasicStmnt>
<BasicStmnt CovItemId="S13" CovItemPrefix="csse376_puerto_rico.PlayerRoles.java" Intrnl_Id="60">
<LocList>
<Loc EndOffset="795" SrcFileId="2" StartOffset="778"/>
</LocList>
</BasicStmnt>
<BasicStmnt CovItemId="S14" CovItemPrefix="csse376_puerto_rico.PlayerRoles.java" Intrnl_Id="61">
<LocList>
<Loc EndOffset="819" SrcFileId="2" StartOffset="799"/>
</LocList>
</BasicStmnt>
<BasicStmnt CovItemId="S15" CovItemPrefix="csse376_puerto_rico.PlayerRoles.java" Intrnl_Id="62">
<LocList>
<Loc EndOffset="838" SrcFileId="2" StartOffset="823"/>
</LocList>
</BasicStmnt>
<BasicStmnt CovItemId="S16" CovItemPrefix="csse376_puerto_rico.PlayerRoles.java" Intrnl_Id="63">
<LocList>
<Loc EndOffset="855" SrcFileId="2" StartOffset="844"/>
</LocList>
</BasicStmnt>
</StmntSeq>
</HierarchyLvl>
</HierarchyLvl>
<HierarchyLvl HierarchyLvlId="7288" HierarchyLvlTypeId="15" Intrnl_Id="64" Name="Player">
<Header>
<Loc EndOffset="192" SrcFileId="3" StartOffset="173"/>
</Header>
<LocList>
<Loc EndOffset="445" SrcFileId="3" StartOffset="173"/>
<Loc EndOffset="721" SrcFileId="3" StartOffset="716"/>
<Loc EndOffset="6720" SrcFileId="3" StartOffset="925"/>
</LocList>
<StmntSeq Intrnl_Id="65">
<LocList>
<Loc EndOffset="369" SrcFileId="3" StartOffset="346"/>
<Loc EndOffset="440" SrcFileId="3" StartOffset="374"/>
<Loc EndOffset="1002" SrcFileId="3" StartOffset="930"/>
<Loc EndOffset="1077" SrcFileId="3" StartOffset="1005"/>
<Loc EndOffset="1140" SrcFileId="3" StartOffset="1080"/>
</LocList>
<BasicStmnt CovItemId="S1" CovItemPrefix="csse376_puerto_rico.Player.java" Intrnl_Id="66">
<LocList>
<Loc EndOffset="369" SrcFileId="3" StartOffset="346"/>
</LocList>
</BasicStmnt>
<BasicStmnt CovItemId="S2" CovItemPrefix="csse376_puerto_rico.Player.java" Intrnl_Id="67">
<LocList>
<Loc EndOffset="440" SrcFileId="3" StartOffset="374"/>
</LocList>
</BasicStmnt>
<BasicStmnt CovItemId="S5" CovItemPrefix="csse376_puerto_rico.Player.java" Intrnl_Id="68">
<LocList>
<Loc EndOffset="1002" SrcFileId="3" StartOffset="930"/>
</LocList>
</BasicStmnt>
<BasicStmnt CovItemId="S6" CovItemPrefix="csse376_puerto_rico.Player.java" Intrnl_Id="69">
<LocList>
<Loc EndOffset="1077" SrcFileId="3" StartOffset="1005"/>
</LocList>
</BasicStmnt>
<BasicStmnt CovItemId="S7" CovItemPrefix="csse376_puerto_rico.Player.java" Intrnl_Id="70">
<LocList>
<Loc EndOffset="1140" SrcFileId="3" StartOffset="1080"/>
</LocList>
</BasicStmnt>
</StmntSeq>
<HierarchyLvl HierarchyLvlId="7251" HierarchyLvlTypeId="15" Intrnl_Id="71" Name="Good">
<Header>
<Loc EndOffset="469" SrcFileId="3" StartOffset="445"/>
</Header>
<LocList>
<Loc EndOffset="716" SrcFileId="3" StartOffset="445"/>
</LocList>
</HierarchyLvl>
<HierarchyLvl HierarchyLvlId="7253" HierarchyLvlTypeId="15" Intrnl_Id="72" Name="Plantation">
<Header>
<Loc EndOffset="751" SrcFileId="3" StartOffset="721"/>
</Header>
<LocList>
<Loc EndOffset="925" SrcFileId="3" StartOffset="721"/>
</LocList>
<HierarchyLvl HierarchyLvlId="7252" HierarchyLvlTypeId="16" Intrnl_Id="73" Name="Plantation">
<Header>
<Loc EndOffset="860" SrcFileId="3" StartOffset="811"/>
</Header>
<LocList>
<Loc EndOffset="921" SrcFileId="3" StartOffset="811"/>
</LocList>
<StmntSeq Intrnl_Id="74">
<LocList>
<Loc EndOffset="884" SrcFileId="3" StartOffset="867"/>
<Loc EndOffset="916" SrcFileId="3" StartOffset="889"/>
</LocList>
<BasicStmnt CovItemId="S3" CovItemPrefix="csse376_puerto_rico.Player.java" Intrnl_Id="75">
<LocList>
<Loc EndOffset="884" SrcFileId="3" StartOffset="867"/>
</LocList>
</BasicStmnt>
<BasicStmnt CovItemId="S4" CovItemPrefix="csse376_puerto_rico.Player.java" Intrnl_Id="76">
<LocList>
<Loc EndOffset="916" SrcFileId="3" StartOffset="889"/>
</LocList>
</BasicStmnt>
</StmntSeq>
</HierarchyLvl>
</HierarchyLvl>
<HierarchyLvl HierarchyLvlId="7254" HierarchyLvlTypeId="16" Intrnl_Id="77" Name="Player">
<Header>
<Loc EndOffset="1199" SrcFileId="3" StartOffset="1184"/>
</Header>
<LocList>
<Loc EndOffset="1396" SrcFileId="3" StartOffset="1184"/>
</LocList>
<StmntSeq Intrnl_Id="78">
<LocList>
<Loc EndOffset="1224" SrcFileId="3" StartOffset="1205"/>
<Loc EndOffset="1242" SrcFileId="3" StartOffset="1228"/>
<Loc EndOffset="1261" SrcFileId="3" StartOffset="1246"/>
<Loc EndOffset="1289" SrcFileId="3" StartOffset="1265"/>
<Loc EndOffset="1320" SrcFileId="3" StartOffset="1293"/>
<Loc EndOffset="1392" SrcFileId="3" StartOffset="1324"/>
</LocList>
<BasicStmnt CovItemId="S8" CovItemPrefix="csse376_puerto_rico.Player.java" Intrnl_Id="79">
<LocList>
<Loc EndOffset="1224" SrcFileId="3" StartOffset="1205"/>
</LocList>
</BasicStmnt>
<BasicStmnt CovItemId="S9" CovItemPrefix="csse376_puerto_rico.Player.java" Intrnl_Id="80">
<LocList>
<Loc EndOffset="1242" SrcFileId="3" StartOffset="1228"/>
</LocList>
</BasicStmnt>
<BasicStmnt CovItemId="S10" CovItemPrefix="csse376_puerto_rico.Player.java" Intrnl_Id="81">
<LocList>
<Loc EndOffset="1261" SrcFileId="3" StartOffset="1246"/>
</LocList>
</BasicStmnt>
<BasicStmnt CovItemId="S11" CovItemPrefix="csse376_puerto_rico.Player.java" Intrnl_Id="82">
<LocList>
<Loc EndOffset="1289" SrcFileId="3" StartOffset="1265"/>
</LocList>
</BasicStmnt>
<BasicStmnt CovItemId="S12" CovItemPrefix="csse376_puerto_rico.Player.java" Intrnl_Id="83">
<LocList>
<Loc EndOffset="1320" SrcFileId="3" StartOffset="1293"/>
</LocList>
</BasicStmnt>
<LoopStmnt CovItemId="S13" CovItemPrefix="csse376_puerto_rico.Player.java" Intrnl_Id="84" MltplExecId="L1-2" MltplExecPrefix="csse376_puerto_rico.Player.java" NvrExecId="L1-0" NvrExecPrefix="csse376_puerto_rico.Player.java" OnceExecutedId="L1-1" OnceExecutedPrefix="csse376_puerto_rico.Player.java" OptBodyExec="true">
<StmntSeq Intrnl_Id="85">
<LocList>
<Loc EndOffset="1387" SrcFileId="3" StartOffset="1366"/>
</LocList>
<BasicStmnt CovItemId="S14" CovItemPrefix="csse376_puerto_rico.Player.java" Intrnl_Id="86">
<LocList>
<Loc EndOffset="1387" SrcFileId="3" StartOffset="1366"/>
</LocList>
</BasicStmnt>
</StmntSeq>
<Keyword EndOffset="1327" SrcFileId="3" StartOffset="1324"/>
<LocList>
<Loc EndOffset="1392" SrcFileId="3" StartOffset="1324"/>
</LocList>
</LoopStmnt>
</StmntSeq>
</HierarchyLvl>
<HierarchyLvl HierarchyLvlId="7255" HierarchyLvlTypeId="16" Intrnl_Id="87" Name="Player">
<Header>
<Loc EndOffset="1427" SrcFileId="3" StartOffset="1401"/>
</Header>
<LocList>
<Loc EndOffset="1621" SrcFileId="3" StartOffset="1401"/>
</LocList>
<StmntSeq Intrnl_Id="88">
<LocList>
<Loc EndOffset="1450" SrcFileId="3" StartOffset="1433"/>
<Loc EndOffset="1473" SrcFileId="3" StartOffset="1454"/>
<Loc EndOffset="1501" SrcFileId="3" StartOffset="1477"/>
<Loc EndOffset="1525" SrcFileId="3" StartOffset="1505"/>
<Loc EndOffset="1545" SrcFileId="3" StartOffset="1529"/>
<Loc EndOffset="1617" SrcFileId="3" StartOffset="1549"/>
</LocList>
<BasicStmnt CovItemId="S15" CovItemPrefix="csse376_puerto_rico.Player.java" Intrnl_Id="89">
<LocList>
<Loc EndOffset="1450" SrcFileId="3" StartOffset="1433"/>
</LocList>
</BasicStmnt>
<BasicStmnt CovItemId="S16" CovItemPrefix="csse376_puerto_rico.Player.java" Intrnl_Id="90">
<LocList>
<Loc EndOffset="1473" SrcFileId="3" StartOffset="1454"/>
</LocList>
</BasicStmnt>
<BasicStmnt CovItemId="S17" CovItemPrefix="csse376_puerto_rico.Player.java" Intrnl_Id="91">
<LocList>
<Loc EndOffset="1501" SrcFileId="3" StartOffset="1477"/>
</LocList>
</BasicStmnt>
<BasicStmnt CovItemId="S18" CovItemPrefix="csse376_puerto_rico.Player.java" Intrnl_Id="92">
<LocList>
<Loc EndOffset="1525" SrcFileId="3" StartOffset="1505"/>
</LocList>
</BasicStmnt>
<BasicStmnt CovItemId="S19" CovItemPrefix="csse376_puerto_rico.Player.java" Intrnl_Id="93">
<LocList>
<Loc EndOffset="1545" SrcFileId="3" StartOffset="1529"/>
</LocList>
</BasicStmnt>
<LoopStmnt CovItemId="S20" CovItemPrefix="csse376_puerto_rico.Player.java" Intrnl_Id="94" MltplExecId="L2-2" MltplExecPrefix="csse376_puerto_rico.Player.java" NvrExecId="L2-0" NvrExecPrefix="csse376_puerto_rico.Player.java" OnceExecutedId="L2-1" OnceExecutedPrefix="csse376_puerto_rico.Player.java" OptBodyExec="true">
<StmntSeq Intrnl_Id="95">
<LocList>
<Loc EndOffset="1612" SrcFileId="3" StartOffset="1591"/>
</LocList>
<BasicStmnt CovItemId="S21" CovItemPrefix="csse376_puerto_rico.Player.java" Intrnl_Id="96">
<LocList>
<Loc EndOffset="1612" SrcFileId="3" StartOffset="1591"/>
</LocList>
</BasicStmnt>
</StmntSeq>
<Keyword EndOffset="1552" SrcFileId="3" StartOffset="1549"/>
<LocList>
<Loc EndOffset="1617" SrcFileId="3" StartOffset="1549"/>
</LocList>
</LoopStmnt>
</StmntSeq>
</HierarchyLvl>
<HierarchyLvl HierarchyLvlId="7256" HierarchyLvlTypeId="16" Intrnl_Id="97" Name="setPlayerNum">
<Header>
<Loc EndOffset="1657" SrcFileId="3" StartOffset="1626"/>
</Header>
<LocList>
<Loc EndOffset="1683" SrcFileId="3" StartOffset="1626"/>
</LocList>
<StmntSeq Intrnl_Id="98">
<LocList>
<Loc EndOffset="1677" SrcFileId="3" StartOffset="1663"/>
</LocList>
<BasicStmnt CovItemId="S22" CovItemPrefix="csse376_puerto_rico.Player.java" Intrnl_Id="99">
<LocList>
<Loc EndOffset="1677" SrcFileId="3" StartOffset="1663"/>
</LocList>
</BasicStmnt>
</StmntSeq>
</HierarchyLvl>
<HierarchyLvl HierarchyLvlId="7257" HierarchyLvlTypeId="16" Intrnl_Id="100" Name="getPlayerNum">
<Header>
<Loc EndOffset="1713" SrcFileId="3" StartOffset="1688"/>
</Header>
<LocList>
<Loc EndOffset="1740" SrcFileId="3" StartOffset="1688"/>
</LocList>
<StmntSeq Intrnl_Id="101">
<LocList>
<Loc EndOffset="1736" SrcFileId="3" StartOffset="1719"/>
</LocList>
<BasicStmnt CovItemId="S23" CovItemPrefix="csse376_puerto_rico.Player.java" Intrnl_Id="102">
<LocList>
<Loc EndOffset="1736" SrcFileId="3" StartOffset="1719"/>
</LocList>
</BasicStmnt>
</StmntSeq>
</HierarchyLvl>
<HierarchyLvl HierarchyLvlId="7258" HierarchyLvlTypeId="16" Intrnl_Id="103" Name="getRole">
<Header>
<Loc EndOffset="1768" SrcFileId="3" StartOffset="1745"/>
</Header>
<LocList>
<Loc EndOffset="1795" SrcFileId="3" StartOffset="1745"/>
</LocList>
<StmntSeq Intrnl_Id="104">
<LocList>
<Loc EndOffset="1791" SrcFileId="3" StartOffset="1774"/>
</LocList>
<BasicStmnt CovItemId="S24" CovItemPrefix="csse376_puerto_rico.Player.java" Intrnl_Id="105">
<LocList>
<Loc EndOffset="1791" SrcFileId="3" StartOffset="1774"/>
</LocList>
</BasicStmnt>
</StmntSeq>
</HierarchyLvl>
<HierarchyLvl HierarchyLvlId="7259" HierarchyLvlTypeId="16" Intrnl_Id="106" Name="getRoles">
<Header>
<Loc EndOffset="1837" SrcFileId="3" StartOffset="1800"/>
</Header>
<LocList>
<Loc EndOffset="1862" SrcFileId="3" StartOffset="1800"/>
</LocList>
<StmntSeq Intrnl_Id="107">
<LocList>
<Loc EndOffset="1858" SrcFileId="3" StartOffset="1845"/>
</LocList>
<BasicStmnt CovItemId="S25" CovItemPrefix="csse376_puerto_rico.Player.java" Intrnl_Id="108">
<LocList>
<Loc EndOffset="1858" SrcFileId="3" StartOffset="1845"/>
</LocList>
</BasicStmnt>
</StmntSeq>
</HierarchyLvl>
<HierarchyLvl HierarchyLvlId="7260" HierarchyLvlTypeId="16" Intrnl_Id="109" Name="getPoints">
<Header>
<Loc EndOffset="1889" SrcFileId="3" StartOffset="1867"/>
</Header>
<LocList>
<Loc EndOffset="1913" SrcFileId="3" StartOffset="1867"/>
</LocList>
<StmntSeq Intrnl_Id="110">
<LocList>
<Loc EndOffset="1909" SrcFileId="3" StartOffset="1895"/>
</LocList>
<BasicStmnt CovItemId="S26" CovItemPrefix="csse376_puerto_rico.Player.java" Intrnl_Id="111">
<LocList>
<Loc EndOffset="1909" SrcFileId="3" StartOffset="1895"/>
</LocList>
</BasicStmnt>
</StmntSeq>
</HierarchyLvl>
<HierarchyLvl HierarchyLvlId="7261" HierarchyLvlTypeId="16" Intrnl_Id="112" Name="getHUD">
<Header>
<Loc EndOffset="1943" SrcFileId="3" StartOffset="1918"/>
</Header>
<LocList>
<Loc EndOffset="1969" SrcFileId="3" StartOffset="1918"/>
</LocList>
<StmntSeq Intrnl_Id="113">
<LocList>
<Loc EndOffset="1965" SrcFileId="3" StartOffset="1949"/>
</LocList>
<BasicStmnt CovItemId="S27" CovItemPrefix="csse376_puerto_rico.Player.java" Intrnl_Id="114">
<LocList>
<Loc EndOffset="1965" SrcFileId="3" StartOffset="1949"/>
</LocList>
</BasicStmnt>
</StmntSeq>
</HierarchyLvl>
<HierarchyLvl HierarchyLvlId="7262" HierarchyLvlTypeId="16" Intrnl_Id="115" Name="setHUD">
<Header>
<Loc EndOffset="2007" SrcFileId="3" StartOffset="1974"/>
</Header>
<LocList>
<Loc EndOffset="2032" SrcFileId="3" StartOffset="1974"/>
</LocList>
<StmntSeq Intrnl_Id="116">
<LocList>
<Loc EndOffset="2028" SrcFileId="3" StartOffset="2013"/>
</LocList>
<BasicStmnt CovItemId="S28" CovItemPrefix="csse376_puerto_rico.Player.java" Intrnl_Id="117">
<LocList>
<Loc EndOffset="2028" SrcFileId="3" StartOffset="2013"/>
</LocList>
</BasicStmnt>
</StmntSeq>
</HierarchyLvl>
<HierarchyLvl HierarchyLvlId="7263" HierarchyLvlTypeId="16" Intrnl_Id="118" Name="isGovernor">
<Header>
<Loc EndOffset="2064" SrcFileId="3" StartOffset="2037"/>
</Header>
<LocList>
<Loc EndOffset="2092" SrcFileId="3" StartOffset="2037"/>
</LocList>
<StmntSeq Intrnl_Id="119">
<LocList>
<Loc EndOffset="2088" SrcFileId="3" StartOffset="2070"/>
</LocList>
<BasicStmnt CovItemId="S29" CovItemPrefix="csse376_puerto_rico.Player.java" Intrnl_Id="120">
<LocList>
<Loc EndOffset="2088" SrcFileId="3" StartOffset="2070"/>
</LocList>
</BasicStmnt>
</StmntSeq>
</HierarchyLvl>
<HierarchyLvl HierarchyLvlId="7264" HierarchyLvlTypeId="16" Intrnl_Id="121" Name="addPoints">
<Header>
<Loc EndOffset="2132" SrcFileId="3" StartOffset="2097"/>
</Header>
<LocList>
<Loc EndOffset="2179" SrcFileId="3" StartOffset="2097"/>
</LocList>
<StmntSeq Intrnl_Id="122">
<LocList>
<Loc EndOffset="2175" SrcFileId="3" StartOffset="2138"/>
</LocList>
<BasicStmnt CovItemId="S30" CovItemPrefix="csse376_puerto_rico.Player.java" Intrnl_Id="123">
<LocList>
<Loc EndOffset="2175" SrcFileId="3" StartOffset="2138"/>
</LocList>
</BasicStmnt>
</StmntSeq>
</HierarchyLvl>
<HierarchyLvl HierarchyLvlId="7265" HierarchyLvlTypeId="16" Intrnl_Id="124" Name="setPoints">
<Header>
<Loc EndOffset="2234" SrcFileId="3" StartOffset="2201"/>
</Header>
<LocList>
<Loc EndOffset="2314" SrcFileId="3" StartOffset="2201"/>
</LocList>
<StmntSeq Intrnl_Id="125">
<LocList>
<Loc EndOffset="2310" SrcFileId="3" StartOffset="2289"/>
</LocList>
<BasicStmnt CovItemId="S31" CovItemPrefix="csse376_puerto_rico.Player.java" Intrnl_Id="126">
<LocList>
<Loc EndOffset="2310" SrcFileId="3" StartOffset="2289"/>
</LocList>
</BasicStmnt>
</StmntSeq>
</HierarchyLvl>
<HierarchyLvl HierarchyLvlId="7266" HierarchyLvlTypeId="16" Intrnl_Id="127" Name="setRole">
<Header>
<Loc EndOffset="2353" SrcFileId="3" StartOffset="2319"/>
</Header>
<LocList>
<Loc EndOffset="2382" SrcFileId="3" StartOffset="2319"/>
</LocList>
<StmntSeq Intrnl_Id="128">
<LocList>
<Loc EndOffset="2378" SrcFileId="3" StartOffset="2359"/>
</LocList>
<BasicStmnt CovItemId="S32" CovItemPrefix="csse376_puerto_rico.Player.java" Intrnl_Id="129">
<LocList>
<Loc EndOffset="2378" SrcFileId="3" StartOffset="2359"/>
</LocList>
</BasicStmnt>
</StmntSeq>
</HierarchyLvl>
<HierarchyLvl HierarchyLvlId="7267" HierarchyLvlTypeId="16" Intrnl_Id="130" Name="addBuilding">
<Header>
<Loc EndOffset="2429" SrcFileId="3" StartOffset="2387"/>
</Header>
<LocList>
<Loc EndOffset="2463" SrcFileId="3" StartOffset="2387"/>
</LocList>
<StmntSeq Intrnl_Id="131">
<LocList>
<Loc EndOffset="2459" SrcFileId="3" StartOffset="2435"/>
</LocList>
<BasicStmnt CovItemId="S33" CovItemPrefix="csse376_puerto_rico.Player.java" Intrnl_Id="132">
<LocList>
<Loc EndOffset="2459" SrcFileId="3" StartOffset="2435"/>
</LocList>
</BasicStmnt>
</StmntSeq>
</HierarchyLvl>
<HierarchyLvl HierarchyLvlId="7268" HierarchyLvlTypeId="16" Intrnl_Id="133" Name="ownsBuilding">
<Header>
<Loc EndOffset="2513" SrcFileId="3" StartOffset="2469"/>
</Header>
<LocList>
<Loc EndOffset="2573" SrcFileId="3" StartOffset="2469"/>
</LocList>
<StmntSeq Intrnl_Id="134">
<LocList>
<Loc EndOffset="2569" SrcFileId="3" StartOffset="2518"/>
</LocList>
<BasicStmnt CovItemId="S34" CovItemPrefix="csse376_puerto_rico.Player.java" Intrnl_Id="135">
<LocList>
<Loc EndOffset="2569" SrcFileId="3" StartOffset="2518"/>
</LocList>
</BasicStmnt>
</StmntSeq>
</HierarchyLvl>
<HierarchyLvl HierarchyLvlId="7269" HierarchyLvlTypeId="16" Intrnl_Id="136" Name="ownsOccupiedBuilding">
<Header>
<Loc EndOffset="2631" SrcFileId="3" StartOffset="2579"/>
</Header>
<LocList>
<Loc EndOffset="2699" SrcFileId="3" StartOffset="2579"/>
</LocList>
<StmntSeq Intrnl_Id="137">
<LocList>
<Loc EndOffset="2695" SrcFileId="3" StartOffset="2636"/>
</LocList>
<BasicStmnt CovItemId="S35" CovItemPrefix="csse376_puerto_rico.Player.java" Intrnl_Id="138">
<LocList>
<Loc EndOffset="2695" SrcFileId="3" StartOffset="2636"/>
</LocList>
</BasicStmnt>
</StmntSeq>
</HierarchyLvl>
<HierarchyLvl HierarchyLvlId="7270" HierarchyLvlTypeId="16" Intrnl_Id="139" Name="getBuildingsStringList">
<Header>
<Loc EndOffset="2753" SrcFileId="3" StartOffset="2704"/>
</Header>
<LocList>
<Loc EndOffset="2891" SrcFileId="3" StartOffset="2704"/>
</LocList>
<StmntSeq Intrnl_Id="140">
<LocList>
<Loc EndOffset="2807" SrcFileId="3" StartOffset="2759"/>
<Loc EndOffset="2872" SrcFileId="3" StartOffset="2811"/>
<Loc EndOffset="2887" SrcFileId="3" StartOffset="2876"/>
</LocList>
<BasicStmnt CovItemId="S36" CovItemPrefix="csse376_puerto_rico.Player.java" Intrnl_Id="141">
<LocList>
<Loc EndOffset="2807" SrcFileId="3" StartOffset="2759"/>
</LocList>
</BasicStmnt>
<LoopStmnt CovItemId="S37" CovItemPrefix="csse376_puerto_rico.Player.java" Intrnl_Id="142" MltplExecId="L3-2" MltplExecPrefix="csse376_puerto_rico.Player.java" NvrExecId="L3-0" NvrExecPrefix="csse376_puerto_rico.Player.java" OnceExecutedId="L3-1" OnceExecutedPrefix="csse376_puerto_rico.Player.java" OptBodyExec="true">
<StmntSeq Intrnl_Id="143">
<LocList>
<Loc EndOffset="2867" SrcFileId="3" StartOffset="2851"/>
</LocList>
<BasicStmnt CovItemId="S38" CovItemPrefix="csse376_puerto_rico.Player.java" Intrnl_Id="144">
<LocList>
<Loc EndOffset="2867" SrcFileId="3" StartOffset="2851"/>
</LocList>
</BasicStmnt>
</StmntSeq>
<Keyword EndOffset="2814" SrcFileId="3" StartOffset="2811"/>
<LocList>
<Loc EndOffset="2872" SrcFileId="3" StartOffset="2811"/>
</LocList>
</LoopStmnt>
<BasicStmnt CovItemId="S39" CovItemPrefix="csse376_puerto_rico.Player.java" Intrnl_Id="145">
<LocList>
<Loc EndOffset="2887" SrcFileId="3" StartOffset="2876"/>
</LocList>
</BasicStmnt>
</StmntSeq>
</HierarchyLvl>
<HierarchyLvl HierarchyLvlId="7271" HierarchyLvlTypeId="16" Intrnl_Id="146" Name="getBuildings">
<Header>
<Loc EndOffset="2937" SrcFileId="3" StartOffset="2896"/>
</Header>
<LocList>
<Loc EndOffset="2969" SrcFileId="3" StartOffset="2896"/>
</LocList>
<StmntSeq Intrnl_Id="147">
<LocList>
<Loc EndOffset="2965" SrcFileId="3" StartOffset="2943"/>
</LocList>
<BasicStmnt CovItemId="S40" CovItemPrefix="csse376_puerto_rico.Player.java" Intrnl_Id="148">
<LocList>
<Loc EndOffset="2965" SrcFileId="3" StartOffset="2943"/>
</LocList>
</BasicStmnt>
</StmntSeq>
</HierarchyLvl>
<HierarchyLvl HierarchyLvlId="7272" HierarchyLvlTypeId="16" Intrnl_Id="149" Name="getBuilding">
<Header>
<Loc EndOffset="3019" SrcFileId="3" StartOffset="2975"/>
</Header>
<LocList>
<Loc EndOffset="3198" SrcFileId="3" StartOffset="2975"/>
</LocList>
<StmntSeq Intrnl_Id="150">
<LocList>
<Loc EndOffset="3178" SrcFileId="3" StartOffset="3024"/>
<Loc EndOffset="3194" SrcFileId="3" StartOffset="3182"/>
</LocList>
<CondStmnt CovItemId="S41" CovItemPrefix="csse376_puerto_rico.Player.java" Intrnl_Id="151">
<Branch CovItemId="B1" CovItemPrefix="csse376_puerto_rico.Player.java" Implct="false" Intrnl_Id="152">
<Cond/>
<LocList>
<Loc EndOffset="3178" SrcFileId="3" StartOffset="3076"/>
</LocList>
<StmntSeq Intrnl_Id="153">
<LocList>
<Loc EndOffset="3173" SrcFileId="3" StartOffset="3082"/>
</LocList>
<LoopStmnt CovItemId="S42" CovItemPrefix="csse376_puerto_rico.Player.java" Intrnl_Id="154" MltplExecId="L4-2" MltplExecPrefix="csse376_puerto_rico.Player.java" NvrExecId="L4-0" NvrExecPrefix="csse376_puerto_rico.Player.java" OnceExecutedId="L4-1" OnceExecutedPrefix="csse376_puerto_rico.Player.java" OptBodyExec="true">
<StmntSeq Intrnl_Id="155">
<LocList>
<Loc EndOffset="3167" SrcFileId="3" StartOffset="3121"/>
</LocList>
<CondStmnt CovItemId="S43" CovItemPrefix="csse376_puerto_rico.Player.java" Intrnl_Id="156">
<Branch CovItemId="B3" CovItemPrefix="csse376_puerto_rico.Player.java" Implct="false" Intrnl_Id="157">
<Cond/>
<LocList>
<Loc EndOffset="3167" SrcFileId="3" StartOffset="3143"/>
</LocList>
<StmntSeq Intrnl_Id="158">
<LocList>
<Loc EndOffset="3160" SrcFileId="3" StartOffset="3151"/>
</LocList>
<BasicStmnt CovItemId="S44" CovItemPrefix="csse376_puerto_rico.Player.java" Intrnl_Id="159">
<LocList>
<Loc EndOffset="3160" SrcFileId="3" StartOffset="3151"/>
</LocList>
</BasicStmnt>
</StmntSeq>
</Branch>
<Branch CovItemId="B4" CovItemPrefix="csse376_puerto_rico.Player.java" Implct="true" Intrnl_Id="160">
<Cond/>
<LocList/>
<StmntSeq Intrnl_Id="161">
<LocList/>
</StmntSeq>
</Branch>
<Keyword EndOffset="3123" SrcFileId="3" StartOffset="3121"/>
<LocList>
<Loc EndOffset="3167" SrcFileId="3" StartOffset="3121"/>
</LocList>
<RootTerm CovItemId="C2" CovItemPrefix="csse376_puerto_rico.Player.java" Intrnl_Id="162">
<BasicBoolTerm Intrnl_Id="163">
<LocList>
<Loc EndOffset="3142" SrcFileId="3" StartOffset="3124"/>
</LocList>
</BasicBoolTerm>
</RootTerm>
</CondStmnt>
</StmntSeq>
<Keyword EndOffset="3085" SrcFileId="3" StartOffset="3082"/>
<LocList>
<Loc EndOffset="3173" SrcFileId="3" StartOffset="3082"/>
</LocList>
</LoopStmnt>
</StmntSeq>
</Branch>
<Branch CovItemId="B2" CovItemPrefix="csse376_puerto_rico.Player.java" Implct="true" Intrnl_Id="164">
<Cond/>
<LocList/>
<StmntSeq Intrnl_Id="165">
<LocList/>
</StmntSeq>
</Branch>
<Keyword EndOffset="3026" SrcFileId="3" StartOffset="3024"/>
<LocList>
<Loc EndOffset="3178" SrcFileId="3" StartOffset="3024"/>
</LocList>
<RootTerm CovItemId="C1" CovItemPrefix="csse376_puerto_rico.Player.java" Intrnl_Id="166">
<BasicBoolTerm Intrnl_Id="167">
<LocList>
<Loc EndOffset="3075" SrcFileId="3" StartOffset="3027"/>
</LocList>
</BasicBoolTerm>
</RootTerm>
</CondStmnt>
<BasicStmnt CovItemId="S45" CovItemPrefix="csse376_puerto_rico.Player.java" Intrnl_Id="168">
<LocList>
<Loc EndOffset="3194" SrcFileId="3" StartOffset="3182"/>
</LocList>
</BasicStmnt>
</StmntSeq>
</HierarchyLvl>
<HierarchyLvl HierarchyLvlId="7273" HierarchyLvlTypeId="16" Intrnl_Id="169" Name="getOccupiedBuildings">
<Header>
<Loc EndOffset="3253" SrcFileId="3" StartOffset="3204"/>
</Header>
<LocList>
<Loc EndOffset="3471" SrcFileId="3" StartOffset="3204"/>
</LocList>
<StmntSeq Intrnl_Id="170">
<LocList>
<Loc EndOffset="3319" SrcFileId="3" StartOffset="3258"/>
<Loc EndOffset="3443" SrcFileId="3" StartOffset="3323"/>
<Loc EndOffset="3467" SrcFileId="3" StartOffset="3447"/>
</LocList>
<BasicStmnt CovItemId="S46" CovItemPrefix="csse376_puerto_rico.Player.java" Intrnl_Id="171">
<LocList>
<Loc EndOffset="3319" SrcFileId="3" StartOffset="3258"/>
</LocList>
</BasicStmnt>
<LoopStmnt CovItemId="S47" CovItemPrefix="csse376_puerto_rico.Player.java" Intrnl_Id="172" MltplExecId="L5-2" MltplExecPrefix="csse376_puerto_rico.Player.java" NvrExecId="L5-0" NvrExecPrefix="csse376_puerto_rico.Player.java" OnceExecutedId="L5-1" OnceExecutedPrefix="csse376_puerto_rico.Player.java" OptBodyExec="true">
<StmntSeq Intrnl_Id="173">
<LocList>
<Loc EndOffset="3438" SrcFileId="3" StartOffset="3360"/>
</LocList>
<CondStmnt CovItemId="S48" CovItemPrefix="csse376_puerto_rico.Player.java" Intrnl_Id="174">
<Branch CovItemId="B5" CovItemPrefix="csse376_puerto_rico.Player.java" Implct="false" Intrnl_Id="175">
<Cond/>
<LocList>
<Loc EndOffset="3438" SrcFileId="3" StartOffset="3405"/>
</LocList>
<StmntSeq Intrnl_Id="176">
<LocList>
<Loc EndOffset="3432" SrcFileId="3" StartOffset="3412"/>
</LocList>
<BasicStmnt CovItemId="S49" CovItemPrefix="csse376_puerto_rico.Player.java" Intrnl_Id="177">
<LocList>
<Loc EndOffset="3432" SrcFileId="3" StartOffset="3412"/>
</LocList>
</BasicStmnt>
</StmntSeq>
</Branch>
<Branch CovItemId="B6" CovItemPrefix="csse376_puerto_rico.Player.java" Implct="true" Intrnl_Id="178">
<Cond/>
<LocList/>
<StmntSeq Intrnl_Id="179">
<LocList/>
</StmntSeq>
</Branch>
<Keyword EndOffset="3362" SrcFileId="3" StartOffset="3360"/>
<LocList>
<Loc EndOffset="3438" SrcFileId="3" StartOffset="3360"/>
</LocList>
<RootTerm CovItemId="C3" CovItemPrefix="csse376_puerto_rico.Player.java" Intrnl_Id="180">
<BasicBoolTerm Intrnl_Id="181">
<LocList>
<Loc EndOffset="3404" SrcFileId="3" StartOffset="3363"/>
</LocList>
</BasicBoolTerm>
</RootTerm>
</CondStmnt>
</StmntSeq>
<Keyword EndOffset="3326" SrcFileId="3" StartOffset="3323"/>
<LocList>
<Loc EndOffset="3443" SrcFileId="3" StartOffset="3323"/>
</LocList>
</LoopStmnt>
<BasicStmnt CovItemId="S50" CovItemPrefix="csse376_puerto_rico.Player.java" Intrnl_Id="182">
<LocList>
<Loc EndOffset="3467" SrcFileId="3" StartOffset="3447"/>
</LocList>
</BasicStmnt>
</StmntSeq>
</HierarchyLvl>
<HierarchyLvl HierarchyLvlId="7274" HierarchyLvlTypeId="16" Intrnl_Id="183" Name="getOccupiedBuildingsStringList">
<Header>
<Loc EndOffset="3534" SrcFileId="3" StartOffset="3477"/>
</Header>
<LocList>
<Loc EndOffset="3685" SrcFileId="3" StartOffset="3477"/>
</LocList>
<StmntSeq Intrnl_Id="184">
<LocList>
<Loc EndOffset="3588" SrcFileId="3" StartOffset="3540"/>
<Loc EndOffset="3666" SrcFileId="3" StartOffset="3592"/>
<Loc EndOffset="3681" SrcFileId="3" StartOffset="3670"/>
</LocList>
<BasicStmnt CovItemId="S51" CovItemPrefix="csse376_puerto_rico.Player.java" Intrnl_Id="185">
<LocList>
<Loc EndOffset="3588" SrcFileId="3" StartOffset="3540"/>
</LocList>
</BasicStmnt>
<LoopStmnt CovItemId="S52" CovItemPrefix="csse376_puerto_rico.Player.java" Intrnl_Id="186" MltplExecId="L6-2" MltplExecPrefix="csse376_puerto_rico.Player.java" NvrExecId="L6-0" NvrExecPrefix="csse376_puerto_rico.Player.java" OnceExecutedId="L6-1" OnceExecutedPrefix="csse376_puerto_rico.Player.java" OptBodyExec="true">
<StmntSeq Intrnl_Id="187">
<LocList>
<Loc EndOffset="3661" SrcFileId="3" StartOffset="3645"/>
</LocList>
<BasicStmnt CovItemId="S53" CovItemPrefix="csse376_puerto_rico.Player.java" Intrnl_Id="188">
<LocList>
<Loc EndOffset="3661" SrcFileId="3" StartOffset="3645"/>
</LocList>
</BasicStmnt>
</StmntSeq>
<Keyword EndOffset="3595" SrcFileId="3" StartOffset="3592"/>
<LocList>
<Loc EndOffset="3666" SrcFileId="3" StartOffset="3592"/>
</LocList>
</LoopStmnt>
<BasicStmnt CovItemId="S54" CovItemPrefix="csse376_puerto_rico.Player.java" Intrnl_Id="189">
<LocList>
<Loc EndOffset="3681" SrcFileId="3" StartOffset="3670"/>
</LocList>
</BasicStmnt>
</StmntSeq>
</HierarchyLvl>
<HierarchyLvl HierarchyLvlId="7275" HierarchyLvlTypeId="16" Intrnl_Id="190" Name="getGoods">
<Header>
<Loc EndOffset="3720" SrcFileId="3" StartOffset="3690"/>
</Header>
<LocList>
<Loc EndOffset="4266" SrcFileId="3" StartOffset="3690"/>
</LocList>
<StmntSeq Intrnl_Id="191">
<LocList>
<Loc EndOffset="3775" SrcFileId="3" StartOffset="3732"/>
<Loc EndOffset="3859" SrcFileId="3" StartOffset="3779"/>
<Loc EndOffset="3946" SrcFileId="3" StartOffset="3863"/>
<Loc EndOffset="4019" SrcFileId="3" StartOffset="3950"/>
<Loc EndOffset="4095" SrcFileId="3" StartOffset="4023"/>
<Loc EndOffset="4179" SrcFileId="3" StartOffset="4099"/>
<Loc EndOffset="4247" SrcFileId="3" StartOffset="4183"/>
<Loc EndOffset="4262" SrcFileId="3" StartOffset="4251"/>
</LocList>
<BasicStmnt CovItemId="S55" CovItemPrefix="csse376_puerto_rico.Player.java" Intrnl_Id="192">
<LocList>
<Loc EndOffset="3775" SrcFileId="3" StartOffset="3732"/>
</LocList>
</BasicStmnt>
<BasicStmnt CovItemId="S56" CovItemPrefix="csse376_puerto_rico.Player.java" Intrnl_Id="193">
<LocList>
<Loc EndOffset="3859" SrcFileId="3" StartOffset="3779"/>
</LocList>
</BasicStmnt>
<BasicStmnt CovItemId="S57" CovItemPrefix="csse376_puerto_rico.Player.java" Intrnl_Id="194">
<LocList>
<Loc EndOffset="3946" SrcFileId="3" StartOffset="3863"/>
</LocList>
</BasicStmnt>
<BasicStmnt CovItemId="S58" CovItemPrefix="csse376_puerto_rico.Player.java" Intrnl_Id="195">
<LocList>
<Loc EndOffset="4019" SrcFileId="3" StartOffset="3950"/>
</LocList>
</BasicStmnt>
<BasicStmnt CovItemId="S59" CovItemPrefix="csse376_puerto_rico.Player.java" Intrnl_Id="196">
<LocList>
<Loc EndOffset="4095" SrcFileId="3" StartOffset="4023"/>
</LocList>
</BasicStmnt>
<BasicStmnt CovItemId="S60" CovItemPrefix="csse376_puerto_rico.Player.java" Intrnl_Id="197">
<LocList>
<Loc EndOffset="4179" SrcFileId="3" StartOffset="4099"/>
</LocList>
</BasicStmnt>
<BasicStmnt CovItemId="S61" CovItemPrefix="csse376_puerto_rico.Player.java" Intrnl_Id="198">
<LocList>
<Loc EndOffset="4247" SrcFileId="3" StartOffset="4183"/>
</LocList>
</BasicStmnt>
<BasicStmnt CovItemId="S62" CovItemPrefix="csse376_puerto_rico.Player.java" Intrnl_Id="199">
<LocList>
<Loc EndOffset="4262" SrcFileId="3" StartOffset="4251"/>
</LocList>
</BasicStmnt>
</StmntSeq>
</HierarchyLvl>
<HierarchyLvl HierarchyLvlId="7276" HierarchyLvlTypeId="16" Intrnl_Id="200" Name="getNumberOfGood">
<Header>
<Loc EndOffset="4310" SrcFileId="3" StartOffset="4271"/>
</Header>
<LocList>
<Loc EndOffset="4451" SrcFileId="3" StartOffset="4271"/>
</LocList>
<StmntSeq Intrnl_Id="201">
<LocList>
<Loc EndOffset="4413" SrcFileId="3" StartOffset="4359"/>
<Loc EndOffset="4445" SrcFileId="3" StartOffset="4417"/>
</LocList>
<CondStmnt CovItemId="S63" CovItemPrefix="csse376_puerto_rico.Player.java" Intrnl_Id="202">
<Branch CovItemId="B7" CovItemPrefix="csse376_puerto_rico.Player.java" Implct="false" Intrnl_Id="203">
<Cond/>
<LocList>
<Loc EndOffset="4413" SrcFileId="3" StartOffset="4393"/>
</LocList>
<StmntSeq Intrnl_Id="204">
<LocList>
<Loc EndOffset="4408" SrcFileId="3" StartOffset="4399"/>
</LocList>
<BasicStmnt CovItemId="S64" CovItemPrefix="csse376_puerto_rico.Player.java" Intrnl_Id="205">
<LocList>
<Loc EndOffset="4408" SrcFileId="3" StartOffset="4399"/>
</LocList>
</BasicStmnt>
</StmntSeq>
</Branch>
<Branch CovItemId="B8" CovItemPrefix="csse376_puerto_rico.Player.java" Implct="true" Intrnl_Id="206">
<Cond/>
<LocList/>
<StmntSeq Intrnl_Id="207">
<LocList/>
</StmntSeq>
</Branch>
<Keyword EndOffset="4361" SrcFileId="3" StartOffset="4359"/>
<LocList>
<Loc EndOffset="4413" SrcFileId="3" StartOffset="4359"/>
</LocList>
<RootTerm CovItemId="C4" CovItemPrefix="csse376_puerto_rico.Player.java" Intrnl_Id="208">
<BasicBoolTerm Intrnl_Id="209">
<LocList>
<Loc EndOffset="4391" SrcFileId="3" StartOffset="4363"/>
</LocList>
</BasicBoolTerm>
</RootTerm>
</CondStmnt>
<BasicStmnt CovItemId="S65" CovItemPrefix="csse376_puerto_rico.Player.java" Intrnl_Id="210">
<LocList>
<Loc EndOffset="4445" SrcFileId="3" StartOffset="4417"/>
</LocList>
</BasicStmnt>
</StmntSeq>
</HierarchyLvl>
<HierarchyLvl HierarchyLvlId="7277" HierarchyLvlTypeId="16" Intrnl_Id="211" Name="getAllGoods">
<Header>
<Loc EndOffset="4489" SrcFileId="3" StartOffset="4456"/>
</Header>
<LocList>
<Loc EndOffset="4655" SrcFileId="3" StartOffset="4456"/>
</LocList>
<StmntSeq Intrnl_Id="212">
<LocList>
<Loc EndOffset="4538" SrcFileId="3" StartOffset="4495"/>
<Loc EndOffset="4636" SrcFileId="3" StartOffset="4542"/>
<Loc EndOffset="4651" SrcFileId="3" StartOffset="4640"/>
</LocList>
<BasicStmnt CovItemId="S66" CovItemPrefix="csse376_puerto_rico.Player.java" Intrnl_Id="213">
<LocList>
<Loc EndOffset="4538" SrcFileId="3" StartOffset="4495"/>
</LocList>
</BasicStmnt>
<BasicStmnt CovItemId="S67" CovItemPrefix="csse376_puerto_rico.Player.java" Intrnl_Id="214">
<LocList>
<Loc EndOffset="4636" SrcFileId="3" StartOffset="4542"/>
</LocList>
</BasicStmnt>
<BasicStmnt CovItemId="S68" CovItemPrefix="csse376_puerto_rico.Player.java" Intrnl_Id="215">
<LocList>
<Loc EndOffset="4651" SrcFileId="3" StartOffset="4640"/>
</LocList>
</BasicStmnt>
</StmntSeq>
</HierarchyLvl>
<HierarchyLvl HierarchyLvlId="7278" HierarchyLvlTypeId="16" Intrnl_Id="216" Name="addGood">
<Header>
<Loc EndOffset="4704" SrcFileId="3" StartOffset="4660"/>
</Header>
<LocList>
<Loc EndOffset="4804" SrcFileId="3" StartOffset="4660"/>
</LocList>
<StmntSeq Intrnl_Id="217">
<LocList>
<Loc EndOffset="4800" SrcFileId="3" StartOffset="4748"/>
</LocList>
<BasicStmnt CovItemId="S69" CovItemPrefix="csse376_puerto_rico.Player.java" Intrnl_Id="218">
<LocList>
<Loc EndOffset="4800" SrcFileId="3" StartOffset="4748"/>
</LocList>
</BasicStmnt>
</StmntSeq>
</HierarchyLvl>
<HierarchyLvl HierarchyLvlId="7279" HierarchyLvlTypeId="16" Intrnl_Id="219" Name="toString">
<Header>
<Loc EndOffset="4845" SrcFileId="3" StartOffset="4809"/>
</Header>
<LocList>
<Loc EndOffset="5743" SrcFileId="3" StartOffset="4809"/>
</LocList>
<StmntSeq Intrnl_Id="220">
<LocList>
<Loc EndOffset="4867" SrcFileId="3" StartOffset="4851"/>
<Loc EndOffset="4896" SrcFileId="3" StartOffset="4871"/>
<Loc EndOffset="4946" SrcFileId="3" StartOffset="4900"/>
<Loc EndOffset="4977" SrcFileId="3" StartOffset="4950"/>
<Loc EndOffset="5103" SrcFileId="3" StartOffset="4981"/>
<Loc EndOffset="5243" SrcFileId="3" StartOffset="5107"/>
<Loc EndOffset="5724" SrcFileId="3" StartOffset="5247"/>
<Loc EndOffset="5739" SrcFileId="3" StartOffset="5728"/>
</LocList>
<BasicStmnt CovItemId="S70" CovItemPrefix="csse376_puerto_rico.Player.java" Intrnl_Id="221">
<LocList>
<Loc EndOffset="4867" SrcFileId="3" StartOffset="4851"/>
</LocList>
</BasicStmnt>
<BasicStmnt CovItemId="S71" CovItemPrefix="csse376_puerto_rico.Player.java" Intrnl_Id="222">
<LocList>
<Loc EndOffset="4896" SrcFileId="3" StartOffset="4871"/>
</LocList>
</BasicStmnt>
<BasicStmnt CovItemId="S72" CovItemPrefix="csse376_puerto_rico.Player.java" Intrnl_Id="223">
<LocList>
<Loc EndOffset="4946" SrcFileId="3" StartOffset="4900"/>
</LocList>
</BasicStmnt>
<BasicStmnt CovItemId="S73" CovItemPrefix="csse376_puerto_rico.Player.java" Intrnl_Id="224">
<LocList>
<Loc EndOffset="4977" SrcFileId="3" StartOffset="4950"/>
</LocList>
</BasicStmnt>
<LoopStmnt CovItemId="S74" CovItemPrefix="csse376_puerto_rico.Player.java" Intrnl_Id="225" MltplExecId="L7-2" MltplExecPrefix="csse376_puerto_rico.Player.java" NvrExecId="L7-0" NvrExecPrefix="csse376_puerto_rico.Player.java" OnceExecutedId="L7-1" OnceExecutedPrefix="csse376_puerto_rico.Player.java" OptBodyExec="true">
<StmntSeq Intrnl_Id="226">
<LocList>
<Loc EndOffset="5098" SrcFileId="3" StartOffset="5035"/>
</LocList>
<BasicStmnt CovItemId="S75" CovItemPrefix="csse376_puerto_rico.Player.java" Intrnl_Id="227">
<LocList>
<Loc EndOffset="5098" SrcFileId="3" StartOffset="5035"/>
</LocList>
</BasicStmnt>
</StmntSeq>
<Keyword EndOffset="4984" SrcFileId="3" StartOffset="4981"/>
<LocList>
<Loc EndOffset="5103" SrcFileId="3" StartOffset="4981"/>
</LocList>
<RootTerm CovItemId="C5" CovItemPrefix="csse376_puerto_rico.Player.java" Intrnl_Id="228">
<BasicBoolTerm Intrnl_Id="229">
<LocList>
<Loc EndOffset="5022" SrcFileId="3" StartOffset="4997"/>
</LocList>
</BasicBoolTerm>
</RootTerm>
</LoopStmnt>
<LoopStmnt CovItemId="S76" CovItemPrefix="csse376_puerto_rico.Player.java" Intrnl_Id="230" MltplExecId="L8-2" MltplExecPrefix="csse376_puerto_rico.Player.java" NvrExecId="L8-0" NvrExecPrefix="csse376_puerto_rico.Player.java" OnceExecutedId="L8-1" OnceExecutedPrefix="csse376_puerto_rico.Player.java" OptBodyExec="true">
<StmntSeq Intrnl_Id="231">
<LocList>
<Loc EndOffset="5238" SrcFileId="3" StartOffset="5163"/>
</LocList>
<BasicStmnt CovItemId="S77" CovItemPrefix="csse376_puerto_rico.Player.java" Intrnl_Id="232">
<LocList>
<Loc EndOffset="5238" SrcFileId="3" StartOffset="5163"/>
</LocList>
</BasicStmnt>
</StmntSeq>
<Keyword EndOffset="5110" SrcFileId="3" StartOffset="5107"/>
<LocList>
<Loc EndOffset="5243" SrcFileId="3" StartOffset="5107"/>
</LocList>
<RootTerm CovItemId="C6" CovItemPrefix="csse376_puerto_rico.Player.java" Intrnl_Id="233">
<BasicBoolTerm Intrnl_Id="234">
<LocList>
<Loc EndOffset="5150" SrcFileId="3" StartOffset="5123"/>
</LocList>
</BasicBoolTerm>
</RootTerm>
</LoopStmnt>
<CondStmnt CovItemId="S78" CovItemPrefix="csse376_puerto_rico.Player.java" Intrnl_Id="235">
<Branch CovItemId="B9" CovItemPrefix="csse376_puerto_rico.Player.java" Implct="false" Intrnl_Id="236">
<Cond/>
<LocList>
<Loc EndOffset="5496" SrcFileId="3" StartOffset="5263"/>
</LocList>
<StmntSeq Intrnl_Id="237">
<LocList>
<Loc EndOffset="5491" SrcFileId="3" StartOffset="5269"/>
</LocList>
<BasicStmnt CovItemId="S79" CovItemPrefix="csse376_puerto_rico.Player.java" Intrnl_Id="238">
<LocList>
<Loc EndOffset="5491" SrcFileId="3" StartOffset="5269"/>
</LocList>
</BasicStmnt>
</StmntSeq>
</Branch>
<Branch CovItemId="B10" CovItemPrefix="csse376_puerto_rico.Player.java" Implct="false" Intrnl_Id="239">
<Cond>
<Loc EndOffset="5501" SrcFileId="3" StartOffset="5497"/>
</Cond>
<LocList>
<Loc EndOffset="5724" SrcFileId="3" StartOffset="5502"/>
</LocList>
<StmntSeq Intrnl_Id="240">
<LocList>
<Loc EndOffset="5719" SrcFileId="3" StartOffset="5508"/>
</LocList>
<BasicStmnt CovItemId="S80" CovItemPrefix="csse376_puerto_rico.Player.java" Intrnl_Id="241">
<LocList>
<Loc EndOffset="5719" SrcFileId="3" StartOffset="5508"/>
</LocList>
</BasicStmnt>
</StmntSeq>
</Branch>
<Keyword EndOffset="5249" SrcFileId="3" StartOffset="5247"/>
<LocList>
<Loc EndOffset="5724" SrcFileId="3" StartOffset="5247"/>
</LocList>
<RootTerm CovItemId="C7" CovItemPrefix="csse376_puerto_rico.Player.java" Intrnl_Id="242">
<BasicBoolTerm Intrnl_Id="243">
<LocList>
<Loc EndOffset="5261" SrcFileId="3" StartOffset="5251"/>
</LocList>
</BasicBoolTerm>
</RootTerm>
</CondStmnt>
<BasicStmnt CovItemId="S81" CovItemPrefix="csse376_puerto_rico.Player.java" Intrnl_Id="244">
<LocList>
<Loc EndOffset="5739" SrcFileId="3" StartOffset="5728"/>
</LocList>
</BasicStmnt>
</StmntSeq>
</HierarchyLvl>
<HierarchyLvl HierarchyLvlId="7280" HierarchyLvlTypeId="16" Intrnl_Id="245" Name="updatePlayerInfo">
<Header>
<Loc EndOffset="5778" SrcFileId="3" StartOffset="5748"/>
</Header>
<LocList>
<Loc EndOffset="5822" SrcFileId="3" StartOffset="5748"/>
</LocList>
<StmntSeq Intrnl_Id="246">
<LocList>
<Loc EndOffset="5818" SrcFileId="3" StartOffset="5784"/>
</LocList>
<BasicStmnt CovItemId="S82" CovItemPrefix="csse376_puerto_rico.Player.java" Intrnl_Id="247">
<LocList>
<Loc EndOffset="5818" SrcFileId="3" StartOffset="5784"/>
</LocList>
</BasicStmnt>
</StmntSeq>
</HierarchyLvl>
<HierarchyLvl HierarchyLvlId="7281" HierarchyLvlTypeId="16" Intrnl_Id="248" Name="getPlantations">
<Header>
<Loc EndOffset="5872" SrcFileId="3" StartOffset="5827"/>
</Header>
<LocList>
<Loc EndOffset="5906" SrcFileId="3" StartOffset="5827"/>
</LocList>
<StmntSeq Intrnl_Id="249">
<LocList>
<Loc EndOffset="5902" SrcFileId="3" StartOffset="5878"/>
</LocList>
<BasicStmnt CovItemId="S83" CovItemPrefix="csse376_puerto_rico.Player.java" Intrnl_Id="250">
<LocList>
<Loc EndOffset="5902" SrcFileId="3" StartOffset="5878"/>
</LocList>
</BasicStmnt>
</StmntSeq>
</HierarchyLvl>
<HierarchyLvl HierarchyLvlId="7282" HierarchyLvlTypeId="16" Intrnl_Id="251" Name="addPlantations">
<Header>
<Loc EndOffset="5953" SrcFileId="3" StartOffset="5911"/>
</Header>
<LocList>
<Loc EndOffset="5989" SrcFileId="3" StartOffset="5911"/>
</LocList>
<StmntSeq Intrnl_Id="252">
<LocList>
<Loc EndOffset="5985" SrcFileId="3" StartOffset="5959"/>
</LocList>
<BasicStmnt CovItemId="S84" CovItemPrefix="csse376_puerto_rico.Player.java" Intrnl_Id="253">
<LocList>
<Loc EndOffset="5985" SrcFileId="3" StartOffset="5959"/>
</LocList>
</BasicStmnt>
</StmntSeq>
</HierarchyLvl>
<HierarchyLvl HierarchyLvlId="7283" HierarchyLvlTypeId="16" Intrnl_Id="254" Name="getPlantationsStringList">
<Header>
<Loc EndOffset="6045" SrcFileId="3" StartOffset="5994"/>
</Header>
<LocList>
<Loc EndOffset="6187" SrcFileId="3" StartOffset="5994"/>
</LocList>
<StmntSeq Intrnl_Id="255">
<LocList>
<Loc EndOffset="6099" SrcFileId="3" StartOffset="6051"/>
<Loc EndOffset="6168" SrcFileId="3" StartOffset="6103"/>
<Loc EndOffset="6183" SrcFileId="3" StartOffset="6172"/>
</LocList>
<BasicStmnt CovItemId="S85" CovItemPrefix="csse376_puerto_rico.Player.java" Intrnl_Id="256">
<LocList>
<Loc EndOffset="6099" SrcFileId="3" StartOffset="6051"/>
</LocList>
</BasicStmnt>
<LoopStmnt CovItemId="S86" CovItemPrefix="csse376_puerto_rico.Player.java" Intrnl_Id="257" MltplExecId="L9-2" MltplExecPrefix="csse376_puerto_rico.Player.java" NvrExecId="L9-0" NvrExecPrefix="csse376_puerto_rico.Player.java" OnceExecutedId="L9-1" OnceExecutedPrefix="csse376_puerto_rico.Player.java" OptBodyExec="true">
<StmntSeq Intrnl_Id="258">
<LocList>
<Loc EndOffset="6163" SrcFileId="3" StartOffset="6147"/>
</LocList>
<BasicStmnt CovItemId="S87" CovItemPrefix="csse376_puerto_rico.Player.java" Intrnl_Id="259">
<LocList>
<Loc EndOffset="6163" SrcFileId="3" StartOffset="6147"/>
</LocList>
</BasicStmnt>
</StmntSeq>
<Keyword EndOffset="6106" SrcFileId="3" StartOffset="6103"/>
<LocList>
<Loc EndOffset="6168" SrcFileId="3" StartOffset="6103"/>
</LocList>
</LoopStmnt>
<BasicStmnt CovItemId="S88" CovItemPrefix="csse376_puerto_rico.Player.java" Intrnl_Id="260">
<LocList>
<Loc EndOffset="6183" SrcFileId="3" StartOffset="6172"/>
</LocList>
</BasicStmnt>
</StmntSeq>
</HierarchyLvl>
<HierarchyLvl HierarchyLvlId="7284" HierarchyLvlTypeId="16" Intrnl_Id="261" Name="checkPlantation">
<Header>
<Loc EndOffset="6344" SrcFileId="3" StartOffset="6315"/>
</Header>
<LocList>
<Loc EndOffset="6489" SrcFileId="3" StartOffset="6315"/>
</LocList>
<StmntSeq Intrnl_Id="262">
<LocList>
<Loc EndOffset="6485" SrcFileId="3" StartOffset="6350"/>
</LocList>
<LoopStmnt CovItemId="S89" CovItemPrefix="csse376_puerto_rico.Player.java" Intrnl_Id="263" MltplExecId="L10-2" MltplExecPrefix="csse376_puerto_rico.Player.java" NvrExecId="L10-0" NvrExecPrefix="csse376_puerto_rico.Player.java" OnceExecutedId="L10-1" OnceExecutedPrefix="csse376_puerto_rico.Player.java" OptBodyExec="true">
<StmntSeq Intrnl_Id="264">
<LocList>
<Loc EndOffset="6480" SrcFileId="3" StartOffset="6394"/>
</LocList>
<CondStmnt CovItemId="S90" CovItemPrefix="csse376_puerto_rico.Player.java" Intrnl_Id="265">
<Branch CovItemId="B11" CovItemPrefix="csse376_puerto_rico.Player.java" Implct="false" Intrnl_Id="266">
<Cond/>
<LocList>
<Loc EndOffset="6480" SrcFileId="3" StartOffset="6411"/>
</LocList>
<StmntSeq Intrnl_Id="267">
<LocList>
<Loc EndOffset="6474" SrcFileId="3" StartOffset="6450"/>
</LocList>
<BasicStmnt CovItemId="S91" CovItemPrefix="csse376_puerto_rico.Player.java" Intrnl_Id="268">
<LocList>
<Loc EndOffset="6474" SrcFileId="3" StartOffset="6450"/>
</LocList>
</BasicStmnt>
</StmntSeq>
</Branch>
<Branch CovItemId="B12" CovItemPrefix="csse376_puerto_rico.Player.java" Implct="true" Intrnl_Id="269">
<Cond/>
<LocList/>
<StmntSeq Intrnl_Id="270">
<LocList/>
</StmntSeq>
</Branch>
<Keyword EndOffset="6396" SrcFileId="3" StartOffset="6394"/>
<LocList>
<Loc EndOffset="6480" SrcFileId="3" StartOffset="6394"/>
</LocList>
<RootTerm CovItemId="C8" CovItemPrefix="csse376_puerto_rico.Player.java" Intrnl_Id="271">
<BasicBoolTerm Intrnl_Id="272">
<LocList>
<Loc EndOffset="6409" SrcFileId="3" StartOffset="6398"/>
</LocList>
</BasicBoolTerm>
</RootTerm>
</CondStmnt>
</StmntSeq>
<Keyword EndOffset="6353" SrcFileId="3" StartOffset="6350"/>
<LocList>
<Loc EndOffset="6485" SrcFileId="3" StartOffset="6350"/>
</LocList>
</LoopStmnt>
</StmntSeq>
</HierarchyLvl>
<HierarchyLvl HierarchyLvlId="7285" HierarchyLvlTypeId="16" Intrnl_Id="273" Name="getDoubloons">
<Header>
<Loc EndOffset="6519" SrcFileId="3" StartOffset="6494"/>
</Header>
<LocList>
<Loc EndOffset="6551" SrcFileId="3" StartOffset="6494"/>
</LocList>
<StmntSeq Intrnl_Id="274">
<LocList>
<Loc EndOffset="6547" SrcFileId="3" StartOffset="6525"/>
</LocList>
<BasicStmnt CovItemId="S92" CovItemPrefix="csse376_puerto_rico.Player.java" Intrnl_Id="275">
<LocList>
<Loc EndOffset="6547" SrcFileId="3" StartOffset="6525"/>
</LocList>
</BasicStmnt>
</StmntSeq>
</HierarchyLvl>
<HierarchyLvl HierarchyLvlId="7286" HierarchyLvlTypeId="16" Intrnl_Id="276" Name="setDoubloons">
<Header>
<Loc EndOffset="6589" SrcFileId="3" StartOffset="6556"/>
</Header>
<LocList>
<Loc EndOffset="6620" SrcFileId="3" StartOffset="6556"/>
</LocList>
<StmntSeq Intrnl_Id="277">
<LocList>
<Loc EndOffset="6616" SrcFileId="3" StartOffset="6595"/>
</LocList>
<BasicStmnt CovItemId="S93" CovItemPrefix="csse376_puerto_rico.Player.java" Intrnl_Id="278">
<LocList>
<Loc EndOffset="6616" SrcFileId="3" StartOffset="6595"/>
</LocList>
</BasicStmnt>
</StmntSeq>
</HierarchyLvl>
<HierarchyLvl HierarchyLvlId="7287" HierarchyLvlTypeId="16" Intrnl_Id="279" Name="sellGood">
<Header>
<Loc EndOffset="6662" SrcFileId="3" StartOffset="6625"/>
</Header>
<LocList>
<Loc EndOffset="6715" SrcFileId="3" StartOffset="6625"/>
</LocList>
<StmntSeq Intrnl_Id="280">
<LocList>
<Loc EndOffset="6709" SrcFileId="3" StartOffset="6668"/>
</LocList>
<BasicStmnt CovItemId="S94" CovItemPrefix="csse376_puerto_rico.Player.java" Intrnl_Id="281">
<LocList>
<Loc EndOffset="6709" SrcFileId="3" StartOffset="6668"/>
</LocList>
</BasicStmnt>
</StmntSeq>
</HierarchyLvl>
</HierarchyLvl>
<HierarchyLvl HierarchyLvlId="7290" HierarchyLvlTypeId="15" Intrnl_Id="282" Name="MenuGUI">
<Header>
<Loc EndOffset="297" SrcFileId="4" StartOffset="277"/>
</Header>
<LocList>
<Loc EndOffset="1547" SrcFileId="4" StartOffset="277"/>
</LocList>
<StmntSeq Intrnl_Id="283">
<LocList>
<Loc EndOffset="372" SrcFileId="4" StartOffset="340"/>
</LocList>
<BasicStmnt CovItemId="S1" CovItemPrefix="csse376_puerto_rico.MenuGUI.java" Intrnl_Id="284">
<LocList>
<Loc EndOffset="372" SrcFileId="4" StartOffset="340"/>
</LocList>
</BasicStmnt>
</StmntSeq>
<HierarchyLvl HierarchyLvlId="7289" HierarchyLvlTypeId="16" Intrnl_Id="285" Name="MenuGUI">
<Header>
<Loc EndOffset="459" SrcFileId="4" StartOffset="443"/>
</Header>
<LocList>
<Loc EndOffset="1542" SrcFileId="4" StartOffset="443"/>
</LocList>
<StmntSeq Intrnl_Id="286">
<LocList>
<Loc EndOffset="513" SrcFileId="4" StartOffset="474"/>
<Loc EndOffset="560" SrcFileId="4" StartOffset="526"/>
<Loc EndOffset="605" SrcFileId="4" StartOffset="573"/>
<Loc EndOffset="680" SrcFileId="4" StartOffset="618"/>
<Loc EndOffset="882" SrcFileId="4" StartOffset="851"/>
<Loc EndOffset="929" SrcFileId="4" StartOffset="895"/>
<Loc EndOffset="996" SrcFileId="4" StartOffset="955"/>
<Loc EndOffset="1055" SrcFileId="4" StartOffset="1009"/>
<Loc EndOffset="1117" SrcFileId="4" StartOffset="1081"/>
<Loc EndOffset="1185" SrcFileId="4" StartOffset="1143"/>
<Loc EndOffset="1260" SrcFileId="4" StartOffset="1198"/>
<Loc EndOffset="1308" SrcFileId="4" StartOffset="1273"/>
<Loc EndOffset="1359" SrcFileId="4" StartOffset="1334"/>
<Loc EndOffset="1394" SrcFileId="4" StartOffset="1372"/>
<Loc EndOffset="1469" SrcFileId="4" StartOffset="1420"/>
<Loc EndOffset="1534" SrcFileId="4" StartOffset="1482"/>
</LocList>
<BasicStmnt CovItemId="S2" CovItemPrefix="csse376_puerto_rico.MenuGUI.java" Intrnl_Id="287">
<LocList>
<Loc EndOffset="513" SrcFileId="4" StartOffset="474"/>
</LocList>
</BasicStmnt>
<BasicStmnt CovItemId="S3" CovItemPrefix="csse376_puerto_rico.MenuGUI.java" Intrnl_Id="288">
<LocList>
<Loc EndOffset="560" SrcFileId="4" StartOffset="526"/>
</LocList>
</BasicStmnt>
<BasicStmnt CovItemId="S4" CovItemPrefix="csse376_puerto_rico.MenuGUI.java" Intrnl_Id="289">
<LocList>
<Loc EndOffset="605" SrcFileId="4" StartOffset="573"/>
</LocList>
</BasicStmnt>
<BasicStmnt CovItemId="S5" CovItemPrefix="csse376_puerto_rico.MenuGUI.java" Intrnl_Id="290">
<LocList>
<Loc EndOffset="680" SrcFileId="4" StartOffset="618"/>
</LocList>
</BasicStmnt>
<BasicStmnt CovItemId="S6" CovItemPrefix="csse376_puerto_rico.MenuGUI.java" Intrnl_Id="291">
<LocList>
<Loc EndOffset="882" SrcFileId="4" StartOffset="851"/>
</LocList>
</BasicStmnt>
<BasicStmnt CovItemId="S7" CovItemPrefix="csse376_puerto_rico.MenuGUI.java" Intrnl_Id="292">
<LocList>
<Loc EndOffset="929" SrcFileId="4" StartOffset="895"/>
</LocList>
</BasicStmnt>
<BasicStmnt CovItemId="S8" CovItemPrefix="csse376_puerto_rico.MenuGUI.java" Intrnl_Id="293">
<LocList>
<Loc EndOffset="996" SrcFileId="4" StartOffset="955"/>
</LocList>
</BasicStmnt>
<BasicStmnt CovItemId="S9" CovItemPrefix="csse376_puerto_rico.MenuGUI.java" Intrnl_Id="294">
<LocList>
<Loc EndOffset="1055" SrcFileId="4" StartOffset="1009"/>
</LocList>
</BasicStmnt>
<BasicStmnt CovItemId="S10" CovItemPrefix="csse376_puerto_rico.MenuGUI.java" Intrnl_Id="295">
<LocList>
<Loc EndOffset="1117" SrcFileId="4" StartOffset="1081"/>
</LocList>
</BasicStmnt>
<BasicStmnt CovItemId="S11" CovItemPrefix="csse376_puerto_rico.MenuGUI.java" Intrnl_Id="296">
<LocList>
<Loc EndOffset="1185" SrcFileId="4" StartOffset="1143"/>
</LocList>
</BasicStmnt>
<BasicStmnt CovItemId="S12" CovItemPrefix="csse376_puerto_rico.MenuGUI.java" Intrnl_Id="297">
<LocList>
<Loc EndOffset="1260" SrcFileId="4" StartOffset="1198"/>
</LocList>
</BasicStmnt>
<BasicStmnt CovItemId="S13" CovItemPrefix="csse376_puerto_rico.MenuGUI.java" Intrnl_Id="298">
<LocList>
<Loc EndOffset="1308" SrcFileId="4" StartOffset="1273"/>
</LocList>
</BasicStmnt>
<BasicStmnt CovItemId="S14" CovItemPrefix="csse376_puerto_rico.MenuGUI.java" Intrnl_Id="299">
<LocList>
<Loc EndOffset="1359" SrcFileId="4" StartOffset="1334"/>
</LocList>
</BasicStmnt>
<BasicStmnt CovItemId="S15" CovItemPrefix="csse376_puerto_rico.MenuGUI.java" Intrnl_Id="300">
<LocList>
<Loc EndOffset="1394" SrcFileId="4" StartOffset="1372"/>
</LocList>
</BasicStmnt>
<BasicStmnt CovItemId="S16" CovItemPrefix="csse376_puerto_rico.MenuGUI.java" Intrnl_Id="301">
<LocList>
<Loc EndOffset="1469" SrcFileId="4" StartOffset="1420"/>
</LocList>
</BasicStmnt>
<BasicStmnt CovItemId="S17" CovItemPrefix="csse376_puerto_rico.MenuGUI.java" Intrnl_Id="302">
<LocList>
<Loc EndOffset="1534" SrcFileId="4" StartOffset="1482"/>
</LocList>
</BasicStmnt>
</StmntSeq>
</HierarchyLvl>
</HierarchyLvl>
<HierarchyLvl HierarchyLvlId="7292" HierarchyLvlTypeId="15" Intrnl_Id="303" Name="Main">
<Header>
<Loc EndOffset="47" SrcFileId="5" StartOffset="30"/>
</Header>
<LocList>
<Loc EndOffset="149" SrcFileId="5" StartOffset="30"/>
</LocList>
<HierarchyLvl HierarchyLvlId="7291" HierarchyLvlTypeId="16" Intrnl_Id="304" Name="main">
<Header>
<Loc EndOffset="125" SrcFileId="5" StartOffset="87"/>
</Header>
<LocList>
<Loc EndOffset="147" SrcFileId="5" StartOffset="87"/>
</LocList>
<StmntSeq Intrnl_Id="305">
<LocList>
<Loc EndOffset="144" SrcFileId="5" StartOffset="130"/>
</LocList>
<BasicStmnt CovItemId="S1" CovItemPrefix="csse376_puerto_rico.Main.java" Intrnl_Id="306">
<LocList>
<Loc EndOffset="144" SrcFileId="5" StartOffset="130"/>
</LocList>
</BasicStmnt>
</StmntSeq>
</HierarchyLvl>
</HierarchyLvl>
<HierarchyLvl HierarchyLvlId="7305" HierarchyLvlTypeId="15" Intrnl_Id="307" Name="GameState">
<Header>
<Loc EndOffset="226" SrcFileId="6" StartOffset="204"/>
</Header>
<LocList>
<Loc EndOffset="6245" SrcFileId="6" StartOffset="204"/>
</LocList>
<StmntSeq Intrnl_Id="308">
<LocList>
<Loc EndOffset="305" SrcFileId="6" StartOffset="233"/>
<Loc EndOffset="394" SrcFileId="6" StartOffset="368"/>
<Loc EndOffset="431" SrcFileId="6" StartOffset="397"/>
<Loc EndOffset="460" SrcFileId="6" StartOffset="434"/>
<Loc EndOffset="497" SrcFileId="6" StartOffset="463"/>
<Loc EndOffset="526" SrcFileId="6" StartOffset="500"/>
<Loc EndOffset="563" SrcFileId="6" StartOffset="529"/>
<Loc EndOffset="604" SrcFileId="6" StartOffset="566"/>
<Loc EndOffset="856" SrcFileId="6" StartOffset="820"/>
</LocList>
<BasicStmnt CovItemId="S1" CovItemPrefix="csse376_puerto_rico.GameState.java" Intrnl_Id="309">
<LocList>
<Loc EndOffset="305" SrcFileId="6" StartOffset="233"/>
</LocList>
</BasicStmnt>
<BasicStmnt CovItemId="S2" CovItemPrefix="csse376_puerto_rico.GameState.java" Intrnl_Id="310">
<LocList>
<Loc EndOffset="394" SrcFileId="6" StartOffset="368"/>
</LocList>
</BasicStmnt>
<BasicStmnt CovItemId="S3" CovItemPrefix="csse376_puerto_rico.GameState.java" Intrnl_Id="311">
<LocList>
<Loc EndOffset="431" SrcFileId="6" StartOffset="397"/>
</LocList>
</BasicStmnt>
<BasicStmnt CovItemId="S4" CovItemPrefix="csse376_puerto_rico.GameState.java" Intrnl_Id="312">
<LocList>
<Loc EndOffset="460" SrcFileId="6" StartOffset="434"/>
</LocList>
</BasicStmnt>
<BasicStmnt CovItemId="S5" CovItemPrefix="csse376_puerto_rico.GameState.java" Intrnl_Id="313">
<LocList>
<Loc EndOffset="497" SrcFileId="6" StartOffset="463"/>
</LocList>
</BasicStmnt>
<BasicStmnt CovItemId="S6" CovItemPrefix="csse376_puerto_rico.GameState.java" Intrnl_Id="314">
<LocList>
<Loc EndOffset="526" SrcFileId="6" StartOffset="500"/>
</LocList>
</BasicStmnt>
<BasicStmnt CovItemId="S7" CovItemPrefix="csse376_puerto_rico.GameState.java" Intrnl_Id="315">
<LocList>
<Loc EndOffset="563" SrcFileId="6" StartOffset="529"/>
</LocList>
</BasicStmnt>
<BasicStmnt CovItemId="S8" CovItemPrefix="csse376_puerto_rico.GameState.java" Intrnl_Id="316">
<LocList>
<Loc EndOffset="604" SrcFileId="6" StartOffset="566"/>
</LocList>
</BasicStmnt>
<BasicStmnt CovItemId="S9" CovItemPrefix="csse376_puerto_rico.GameState.java" Intrnl_Id="317">
<LocList>
<Loc EndOffset="856" SrcFileId="6" StartOffset="820"/>
</LocList>
</BasicStmnt>
</StmntSeq>
<HierarchyLvl HierarchyLvlId="7293" HierarchyLvlTypeId="16" Intrnl_Id="318" Name="GameState">
<Header>
<Loc EndOffset="899" SrcFileId="6" StartOffset="861"/>
</Header>
<LocList>
<Loc EndOffset="2508" SrcFileId="6" StartOffset="861"/>
</LocList>
<StmntSeq Intrnl_Id="319">
<LocList>
<Loc EndOffset="1009" SrcFileId="6" StartOffset="938"/>
<Loc EndOffset="1060" SrcFileId="6" StartOffset="1027"/>
<Loc EndOffset="1096" SrcFileId="6" StartOffset="1064"/>
<Loc EndOffset="1134" SrcFileId="6" StartOffset="1100"/>
<Loc EndOffset="1171" SrcFileId="6" StartOffset="1138"/>
<Loc EndOffset="1209" SrcFileId="6" StartOffset="1175"/>
<Loc EndOffset="1286" SrcFileId="6" StartOffset="1263"/>
<Loc EndOffset="1320" SrcFileId="6" StartOffset="1290"/>
<Loc EndOffset="1356" SrcFileId="6" StartOffset="1324"/>
<Loc EndOffset="1433" SrcFileId="6" StartOffset="1362"/>
<Loc EndOffset="1508" SrcFileId="6" StartOffset="1437"/>
<Loc EndOffset="2364" SrcFileId="6" StartOffset="1514"/>
<Loc EndOffset="2413" SrcFileId="6" StartOffset="2398"/>
<Loc EndOffset="2454" SrcFileId="6" StartOffset="2417"/>
<Loc EndOffset="2502" SrcFileId="6" StartOffset="2458"/>
</LocList>
<LoopStmnt CovItemId="S10" CovItemPrefix="csse376_puerto_rico.GameState.java" Intrnl_Id="320" MltplExecId="L1-2" MltplExecPrefix="csse376_puerto_rico.GameState.java" NvrExecId="L1-0" NvrExecPrefix="csse376_puerto_rico.GameState.java" OnceExecutedId="L1-1" OnceExecutedPrefix="csse376_puerto_rico.GameState.java" OptBodyExec="true">
<StmntSeq Intrnl_Id="321">
<LocList>
<Loc EndOffset="1004" SrcFileId="6" StartOffset="969"/>
</LocList>
<BasicStmnt CovItemId="S11" CovItemPrefix="csse376_puerto_rico.GameState.java" Intrnl_Id="322">
<LocList>
<Loc EndOffset="1004" SrcFileId="6" StartOffset="969"/>
</LocList>
</BasicStmnt>
</StmntSeq>
<Keyword EndOffset="941" SrcFileId="6" StartOffset="938"/>
<LocList>
<Loc EndOffset="1009" SrcFileId="6" StartOffset="938"/>
</LocList>
</LoopStmnt>
<BasicStmnt CovItemId="S12" CovItemPrefix="csse376_puerto_rico.GameState.java" Intrnl_Id="323">
<LocList>
<Loc EndOffset="1060" SrcFileId="6" StartOffset="1027"/>
</LocList>
</BasicStmnt>
<BasicStmnt CovItemId="S13" CovItemPrefix="csse376_puerto_rico.GameState.java" Intrnl_Id="324">
<LocList>
<Loc EndOffset="1096" SrcFileId="6" StartOffset="1064"/>
</LocList>
</BasicStmnt>
<BasicStmnt CovItemId="S14" CovItemPrefix="csse376_puerto_rico.GameState.java" Intrnl_Id="325">
<LocList>
<Loc EndOffset="1134" SrcFileId="6" StartOffset="1100"/>
</LocList>
</BasicStmnt>
<BasicStmnt CovItemId="S15" CovItemPrefix="csse376_puerto_rico.GameState.java" Intrnl_Id="326">
<LocList>
<Loc EndOffset="1171" SrcFileId="6" StartOffset="1138"/>
</LocList>
</BasicStmnt>
<BasicStmnt CovItemId="S16" CovItemPrefix="csse376_puerto_rico.GameState.java" Intrnl_Id="327">
<LocList>
<Loc EndOffset="1209" SrcFileId="6" StartOffset="1175"/>
</LocList>
</BasicStmnt>
<BasicStmnt CovItemId="S17" CovItemPrefix="csse376_puerto_rico.GameState.java" Intrnl_Id="328">
<LocList>
<Loc EndOffset="1286" SrcFileId="6" StartOffset="1263"/>
</LocList>
</BasicStmnt>
<BasicStmnt CovItemId="S18" CovItemPrefix="csse376_puerto_rico.GameState.java" Intrnl_Id="329">
<LocList>
<Loc EndOffset="1320" SrcFileId="6" StartOffset="1290"/>
</LocList>
</BasicStmnt>
<BasicStmnt CovItemId="S19" CovItemPrefix="csse376_puerto_rico.GameState.java" Intrnl_Id="330">
<LocList>
<Loc EndOffset="1356" SrcFileId="6" StartOffset="1324"/>
</LocList>
</BasicStmnt>
<BasicStmnt CovItemId="S20" CovItemPrefix="csse376_puerto_rico.GameState.java" Intrnl_Id="331">
<LocList>
<Loc EndOffset="1433" SrcFileId="6" StartOffset="1362"/>
</LocList>
</BasicStmnt>
<BasicStmnt CovItemId="S21" CovItemPrefix="csse376_puerto_rico.GameState.java" Intrnl_Id="332">
<LocList>
<Loc EndOffset="1508" SrcFileId="6" StartOffset="1437"/>
</LocList>
</BasicStmnt>
<CondStmnt CovItemId="S22" CovItemPrefix="csse376_puerto_rico.GameState.java" Intrnl_Id="333">
<Branch CovItemId="B1" CovItemPrefix="csse376_puerto_rico.GameState.java" Implct="false" Intrnl_Id="334">
<Cond/>
<LocList>
<Loc EndOffset="1785" SrcFileId="6" StartOffset="1537"/>
</LocList>
<StmntSeq Intrnl_Id="335">
<LocList>
<Loc EndOffset="1675" SrcFileId="6" StartOffset="1655"/>
<Loc EndOffset="1699" SrcFileId="6" StartOffset="1680"/>
<Loc EndOffset="1780" SrcFileId="6" StartOffset="1704"/>
</LocList>
<BasicStmnt CovItemId="S23" CovItemPrefix="csse376_puerto_rico.GameState.java" Intrnl_Id="336">
<LocList>
<Loc EndOffset="1675" SrcFileId="6" StartOffset="1655"/>
</LocList>
</BasicStmnt>
<BasicStmnt CovItemId="S24" CovItemPrefix="csse376_puerto_rico.GameState.java" Intrnl_Id="337">
<LocList>
<Loc EndOffset="1699" SrcFileId="6" StartOffset="1680"/>
</LocList>
</BasicStmnt>
<BasicStmnt CovItemId="S25" CovItemPrefix="csse376_puerto_rico.GameState.java" Intrnl_Id="338">
<LocList>
<Loc EndOffset="1780" SrcFileId="6" StartOffset="1704"/>
</LocList>
</BasicStmnt>
</StmntSeq>
</Branch>
<Branch CovItemId="B2" CovItemPrefix="csse376_puerto_rico.GameState.java" Implct="false" Intrnl_Id="339">
<Cond>
<Loc EndOffset="1790" SrcFileId="6" StartOffset="1786"/>
</Cond>
<LocList>
<Loc EndOffset="2364" SrcFileId="6" StartOffset="1791"/>
</LocList>
<StmntSeq Intrnl_Id="340">
<LocList>
<Loc EndOffset="2364" SrcFileId="6" StartOffset="1791"/>
</LocList>
<CondStmnt CovItemId="S26" CovItemPrefix="csse376_puerto_rico.GameState.java" Intrnl_Id="341">
<Branch CovItemId="B3" CovItemPrefix="csse376_puerto_rico.GameState.java" Implct="false" Intrnl_Id="342">
<Cond/>
<LocList>
<Loc EndOffset="2034" SrcFileId="6" StartOffset="1814"/>
</LocList>
<StmntSeq Intrnl_Id="343">
<LocList>
<Loc EndOffset="1840" SrcFileId="6" StartOffset="1820"/>
<Loc EndOffset="1865" SrcFileId="6" StartOffset="1845"/>
<Loc EndOffset="1946" SrcFileId="6" StartOffset="1870"/>
<Loc EndOffset="2027" SrcFileId="6" StartOffset="1951"/>
</LocList>
<BasicStmnt CovItemId="S27" CovItemPrefix="csse376_puerto_rico.GameState.java" Intrnl_Id="344">
<LocList>
<Loc EndOffset="1840" SrcFileId="6" StartOffset="1820"/>
</LocList>
</BasicStmnt>
<BasicStmnt CovItemId="S28" CovItemPrefix="csse376_puerto_rico.GameState.java" Intrnl_Id="345">
<LocList>
<Loc EndOffset="1865" SrcFileId="6" StartOffset="1845"/>
</LocList>
</BasicStmnt>
<BasicStmnt CovItemId="S29" CovItemPrefix="csse376_puerto_rico.GameState.java" Intrnl_Id="346">
<LocList>
<Loc EndOffset="1946" SrcFileId="6" StartOffset="1870"/>
</LocList>
</BasicStmnt>
<BasicStmnt CovItemId="S30" CovItemPrefix="csse376_puerto_rico.GameState.java" Intrnl_Id="347">
<LocList>
<Loc EndOffset="2027" SrcFileId="6" StartOffset="1951"/>
</LocList>
</BasicStmnt>
</StmntSeq>
</Branch>
<Branch CovItemId="B4" CovItemPrefix="csse376_puerto_rico.GameState.java" Implct="false" Intrnl_Id="348">
<Cond>
<Loc EndOffset="2039" SrcFileId="6" StartOffset="2035"/>
</Cond>
<LocList>
<Loc EndOffset="2364" SrcFileId="6" StartOffset="2040"/>
</LocList>
<StmntSeq Intrnl_Id="349">
<LocList>
<Loc EndOffset="2364" SrcFileId="6" StartOffset="2040"/>
</LocList>
<CondStmnt CovItemId="S31" CovItemPrefix="csse376_puerto_rico.GameState.java" Intrnl_Id="350">
<Branch CovItemId="B5" CovItemPrefix="csse376_puerto_rico.GameState.java" Implct="false" Intrnl_Id="351">
<Cond/>
<LocList>
<Loc EndOffset="2364" SrcFileId="6" StartOffset="2063"/>
</LocList>
<StmntSeq Intrnl_Id="352">
<LocList>
<Loc EndOffset="2089" SrcFileId="6" StartOffset="2069"/>
<Loc EndOffset="2114" SrcFileId="6" StartOffset="2094"/>
<Loc EndOffset="2197" SrcFileId="6" StartOffset="2119"/>
<Loc EndOffset="2278" SrcFileId="6" StartOffset="2202"/>
<Loc EndOffset="2359" SrcFileId="6" StartOffset="2283"/>
</LocList>
<BasicStmnt CovItemId="S32" CovItemPrefix="csse376_puerto_rico.GameState.java" Intrnl_Id="353">
<LocList>
<Loc EndOffset="2089" SrcFileId="6" StartOffset="2069"/>
</LocList>
</BasicStmnt>
<BasicStmnt CovItemId="S33" CovItemPrefix="csse376_puerto_rico.GameState.java" Intrnl_Id="354">
<LocList>
<Loc EndOffset="2114" SrcFileId="6" StartOffset="2094"/>
</LocList>
</BasicStmnt>
<BasicStmnt CovItemId="S34" CovItemPrefix="csse376_puerto_rico.GameState.java" Intrnl_Id="355">
<LocList>
<Loc EndOffset="2197" SrcFileId="6" StartOffset="2119"/>
</LocList>
</BasicStmnt>
<BasicStmnt CovItemId="S35" CovItemPrefix="csse376_puerto_rico.GameState.java" Intrnl_Id="356">
<LocList>
<Loc EndOffset="2278" SrcFileId="6" StartOffset="2202"/>
</LocList>
</BasicStmnt>
<BasicStmnt CovItemId="S36" CovItemPrefix="csse376_puerto_rico.GameState.java" Intrnl_Id="357">
<LocList>
<Loc EndOffset="2359" SrcFileId="6" StartOffset="2283"/>
</LocList>
</BasicStmnt>
</StmntSeq>
</Branch>
<Branch CovItemId="B6" CovItemPrefix="csse376_puerto_rico.GameState.java" Implct="true" Intrnl_Id="358">
<Cond/>
<LocList/>
<StmntSeq Intrnl_Id="359">
<LocList/>
</StmntSeq>
</Branch>
<Keyword EndOffset="2042" SrcFileId="6" StartOffset="2040"/>
<LocList>
<Loc EndOffset="2364" SrcFileId="6" StartOffset="2040"/>
</LocList>
<RootTerm CovItemId="C3" CovItemPrefix="csse376_puerto_rico.GameState.java" Intrnl_Id="360">
<BasicBoolTerm Intrnl_Id="361">
<LocList>
<Loc EndOffset="2061" SrcFileId="6" StartOffset="2044"/>
</LocList>
</BasicBoolTerm>
</RootTerm>
</CondStmnt>
</StmntSeq>
</Branch>
<Keyword EndOffset="1793" SrcFileId="6" StartOffset="1791"/>
<LocList>
<Loc EndOffset="2364" SrcFileId="6" StartOffset="1791"/>
</LocList>
<RootTerm CovItemId="C2" CovItemPrefix="csse376_puerto_rico.GameState.java" Intrnl_Id="362">
<BasicBoolTerm Intrnl_Id="363">
<LocList>
<Loc EndOffset="1812" SrcFileId="6" StartOffset="1795"/>
</LocList>
</BasicBoolTerm>
</RootTerm>
</CondStmnt>
</StmntSeq>
</Branch>
<Keyword EndOffset="1516" SrcFileId="6" StartOffset="1514"/>
<LocList>
<Loc EndOffset="2364" SrcFileId="6" StartOffset="1514"/>
</LocList>
<RootTerm CovItemId="C1" CovItemPrefix="csse376_puerto_rico.GameState.java" Intrnl_Id="364">
<BasicBoolTerm Intrnl_Id="365">
<LocList>
<Loc EndOffset="1535" SrcFileId="6" StartOffset="1518"/>
</LocList>
</BasicBoolTerm>
</RootTerm>
</CondStmnt>
<BasicStmnt CovItemId="S37" CovItemPrefix="csse376_puerto_rico.GameState.java" Intrnl_Id="366">
<LocList>
<Loc EndOffset="2413" SrcFileId="6" StartOffset="2398"/>
</LocList>
</BasicStmnt>
<BasicStmnt CovItemId="S38" CovItemPrefix="csse376_puerto_rico.GameState.java" Intrnl_Id="367">
<LocList>
<Loc EndOffset="2454" SrcFileId="6" StartOffset="2417"/>
</LocList>
</BasicStmnt>
<BasicStmnt CovItemId="S39" CovItemPrefix="csse376_puerto_rico.GameState.java" Intrnl_Id="368">
<LocList>
<Loc EndOffset="2502" SrcFileId="6" StartOffset="2458"/>
</LocList>
</BasicStmnt>
</StmntSeq>
</HierarchyLvl>
<HierarchyLvl HierarchyLvlId="7294" HierarchyLvlTypeId="16" Intrnl_Id="369" Name="getGood">
<Header>
<Loc EndOffset="2544" SrcFileId="6" StartOffset="2513"/>
</Header>
<LocList>
<Loc EndOffset="2579" SrcFileId="6" StartOffset="2513"/>
</LocList>
<StmntSeq Intrnl_Id="370">
<LocList>
<Loc EndOffset="2575" SrcFileId="6" StartOffset="2552"/>
</LocList>
<BasicStmnt CovItemId="S40" CovItemPrefix="csse376_puerto_rico.GameState.java" Intrnl_Id="371">
<LocList>
<Loc EndOffset="2575" SrcFileId="6" StartOffset="2552"/>
</LocList>
</BasicStmnt>
</StmntSeq>
</HierarchyLvl>
<HierarchyLvl HierarchyLvlId="7295" HierarchyLvlTypeId="16" Intrnl_Id="372" Name="addGood">
<Header>
<Loc EndOffset="2616" SrcFileId="6" StartOffset="2584"/>
</Header>
<LocList>
<Loc EndOffset="2665" SrcFileId="6" StartOffset="2584"/>
</LocList>
<StmntSeq Intrnl_Id="373">
<LocList>
<Loc EndOffset="2661" SrcFileId="6" StartOffset="2624"/>
</LocList>
<BasicStmnt CovItemId="S41" CovItemPrefix="csse376_puerto_rico.GameState.java" Intrnl_Id="374">
<LocList>
<Loc EndOffset="2661" SrcFileId="6" StartOffset="2624"/>
</LocList>
</BasicStmnt>
</StmntSeq>
</HierarchyLvl>
<HierarchyLvl HierarchyLvlId="7296" HierarchyLvlTypeId="16" Intrnl_Id="375" Name="getColonistsOnBoard">
<Header>
<Loc EndOffset="2702" SrcFileId="6" StartOffset="2670"/>
</Header>
<LocList>
<Loc EndOffset="2742" SrcFileId="6" StartOffset="2670"/>
</LocList>
<StmntSeq Intrnl_Id="376">
<LocList>
<Loc EndOffset="2738" SrcFileId="6" StartOffset="2714"/>
</LocList>
<BasicStmnt CovItemId="S42" CovItemPrefix="csse376_puerto_rico.GameState.java" Intrnl_Id="377">
<LocList>
<Loc EndOffset="2738" SrcFileId="6" StartOffset="2714"/>
</LocList>
</BasicStmnt>
</StmntSeq>
</HierarchyLvl>
<HierarchyLvl HierarchyLvlId="7297" HierarchyLvlTypeId="16" Intrnl_Id="378" Name="getColonistsTotal">
<Header>
<Loc EndOffset="2777" SrcFileId="6" StartOffset="2747"/>
</Header>
<LocList>
<Loc EndOffset="2815" SrcFileId="6" StartOffset="2747"/>
</LocList>
<StmntSeq Intrnl_Id="379">
<LocList>
<Loc EndOffset="2811" SrcFileId="6" StartOffset="2789"/>
</LocList>
<BasicStmnt CovItemId="S43" CovItemPrefix="csse376_puerto_rico.GameState.java" Intrnl_Id="380">
<LocList>
<Loc EndOffset="2811" SrcFileId="6" StartOffset="2789"/>
</LocList>
</BasicStmnt>
</StmntSeq>
</HierarchyLvl>
<HierarchyLvl HierarchyLvlId="7298" HierarchyLvlTypeId="16" Intrnl_Id="381" Name="addColonistsToBoard">
<Header>
<Loc EndOffset="2853" SrcFileId="6" StartOffset="2820"/>
</Header>
<LocList>
<Loc EndOffset="3637" SrcFileId="6" StartOffset="2820"/>
</LocList>
<StmntSeq Intrnl_Id="382">
<LocList>
<Loc EndOffset="3272" SrcFileId="6" StartOffset="3259"/>
<Loc EndOffset="3520" SrcFileId="6" StartOffset="3276"/>
<Loc EndOffset="3633" SrcFileId="6" StartOffset="3524"/>
</LocList>
<BasicStmnt CovItemId="S44" CovItemPrefix="csse376_puerto_rico.GameState.java" Intrnl_Id="383">
<LocList>
<Loc EndOffset="3272" SrcFileId="6" StartOffset="3259"/>
</LocList>
</BasicStmnt>
<LoopStmnt CovItemId="S45" CovItemPrefix="csse376_puerto_rico.GameState.java" Intrnl_Id="384" MltplExecId="L2-2" MltplExecPrefix="csse376_puerto_rico.GameState.java" NvrExecId="L2-0" NvrExecPrefix="csse376_puerto_rico.GameState.java" OnceExecutedId="L2-1" OnceExecutedPrefix="csse376_puerto_rico.GameState.java" OptBodyExec="true">
<StmntSeq Intrnl_Id="385">
<LocList>
<Loc EndOffset="3409" SrcFileId="6" StartOffset="3312"/>
<Loc EndOffset="3515" SrcFileId="6" StartOffset="3414"/>
</LocList>
<LoopStmnt CovItemId="S46" CovItemPrefix="csse376_puerto_rico.GameState.java" Intrnl_Id="386" MltplExecId="L3-2" MltplExecPrefix="csse376_puerto_rico.GameState.java" NvrExecId="L3-0" NvrExecPrefix="csse376_puerto_rico.GameState.java" OnceExecutedId="L3-1" OnceExecutedPrefix="csse376_puerto_rico.GameState.java" OptBodyExec="true">
<StmntSeq Intrnl_Id="387">
<LocList>
<Loc EndOffset="3403" SrcFileId="6" StartOffset="3360"/>
</LocList>
<BasicStmnt CovItemId="S47" CovItemPrefix="csse376_puerto_rico.GameState.java" Intrnl_Id="388">
<LocList>
<Loc EndOffset="3403" SrcFileId="6" StartOffset="3360"/>
</LocList>
</BasicStmnt>
</StmntSeq>
<Keyword EndOffset="3315" SrcFileId="6" StartOffset="3312"/>
<LocList>
<Loc EndOffset="3409" SrcFileId="6" StartOffset="3312"/>
</LocList>
</LoopStmnt>
<LoopStmnt CovItemId="S48" CovItemPrefix="csse376_puerto_rico.GameState.java" Intrnl_Id="389" MltplExecId="L4-2" MltplExecPrefix="csse376_puerto_rico.GameState.java" NvrExecId="L4-0" NvrExecPrefix="csse376_puerto_rico.GameState.java" OnceExecutedId="L4-1" OnceExecutedPrefix="csse376_puerto_rico.GameState.java" OptBodyExec="true">
<StmntSeq Intrnl_Id="390">
<LocList>
<Loc EndOffset="3509" SrcFileId="6" StartOffset="3466"/>
</LocList>
<CondStmnt CovItemId="S49" CovItemPrefix="csse376_puerto_rico.GameState.java" Intrnl_Id="391">
<Branch CovItemId="B7" CovItemPrefix="csse376_puerto_rico.GameState.java" Implct="false" Intrnl_Id="392">
<Cond/>
<LocList>
<Loc EndOffset="3509" SrcFileId="6" StartOffset="3484"/>
</LocList>
<StmntSeq Intrnl_Id="393">
<LocList>
<Loc EndOffset="3502" SrcFileId="6" StartOffset="3492"/>
</LocList>
<BasicStmnt CovItemId="S50" CovItemPrefix="csse376_puerto_rico.GameState.java" Intrnl_Id="394">
<LocList>
<Loc EndOffset="3502" SrcFileId="6" StartOffset="3492"/>
</LocList>
</BasicStmnt>
</StmntSeq>
</Branch>
<Branch CovItemId="B8" CovItemPrefix="csse376_puerto_rico.GameState.java" Implct="true" Intrnl_Id="395">
<Cond/>
<LocList/>
<StmntSeq Intrnl_Id="396">
<LocList/>
</StmntSeq>
</Branch>
<Keyword EndOffset="3468" SrcFileId="6" StartOffset="3466"/>
<LocList>
<Loc EndOffset="3509" SrcFileId="6" StartOffset="3466"/>
</LocList>
<RootTerm CovItemId="C4" CovItemPrefix="csse376_puerto_rico.GameState.java" Intrnl_Id="397">
<OpTerm BooleanOpId="11" Intrnl_Id="398">
<BasicBoolTerm Intrnl_Id="399">
<LocList>
<Loc EndOffset="3482" SrcFileId="6" StartOffset="3471"/>
</LocList>
</BasicBoolTerm>
<LocList>
<Loc EndOffset="3471" SrcFileId="6" StartOffset="3470"/>
</LocList>
</OpTerm>
</RootTerm>
</CondStmnt>
</StmntSeq>
<Keyword EndOffset="3417" SrcFileId="6" StartOffset="3414"/>
<LocList>
<Loc EndOffset="3515" SrcFileId="6" StartOffset="3414"/>
</LocList>
</LoopStmnt>
</StmntSeq>
<Keyword EndOffset="3279" SrcFileId="6" StartOffset="3276"/>
<LocList>
<Loc EndOffset="3520" SrcFileId="6" StartOffset="3276"/>
</LocList>
</LoopStmnt>
<CondStmnt CovItemId="S51" CovItemPrefix="csse376_puerto_rico.GameState.java" Intrnl_Id="400">
<Branch CovItemId="B9" CovItemPrefix="csse376_puerto_rico.GameState.java" Implct="false" Intrnl_Id="401">
<Cond/>
<LocList>
<Loc EndOffset="3592" SrcFileId="6" StartOffset="3549"/>
</LocList>
<StmntSeq Intrnl_Id="402">
<LocList>
<Loc EndOffset="3587" SrcFileId="6" StartOffset="3555"/>
</LocList>
<BasicStmnt CovItemId="S52" CovItemPrefix="csse376_puerto_rico.GameState.java" Intrnl_Id="403">
<LocList>
<Loc EndOffset="3587" SrcFileId="6" StartOffset="3555"/>
</LocList>
</BasicStmnt>
</StmntSeq>
</Branch>
<Branch CovItemId="B10" CovItemPrefix="csse376_puerto_rico.GameState.java" Implct="false" Intrnl_Id="404">
<Cond>
<Loc EndOffset="3597" SrcFileId="6" StartOffset="3593"/>
</Cond>
<LocList>
<Loc EndOffset="3633" SrcFileId="6" StartOffset="3598"/>
</LocList>
<StmntSeq Intrnl_Id="405">
<LocList>
<Loc EndOffset="3628" SrcFileId="6" StartOffset="3604"/>
</LocList>
<BasicStmnt CovItemId="S53" CovItemPrefix="csse376_puerto_rico.GameState.java" Intrnl_Id="406">
<LocList>
<Loc EndOffset="3628" SrcFileId="6" StartOffset="3604"/>
</LocList>
</BasicStmnt>
</StmntSeq>
</Branch>
<Keyword EndOffset="3526" SrcFileId="6" StartOffset="3524"/>
<LocList>
<Loc EndOffset="3633" SrcFileId="6" StartOffset="3524"/>
</LocList>
<RootTerm CovItemId="C5" CovItemPrefix="csse376_puerto_rico.GameState.java" Intrnl_Id="407">
<BasicBoolTerm Intrnl_Id="408">
<LocList>
<Loc EndOffset="3547" SrcFileId="6" StartOffset="3528"/>
</LocList>
</BasicBoolTerm>
</RootTerm>
</CondStmnt>
</StmntSeq>
</HierarchyLvl>
<HierarchyLvl HierarchyLvlId="7299" HierarchyLvlTypeId="16" Intrnl_Id="409" Name="addGoodToCargoShip">
<Header>
<Loc EndOffset="3901" SrcFileId="6" StartOffset="3833"/>
</Header>
<LocList>
<Loc EndOffset="5152" SrcFileId="6" StartOffset="3833"/>
</LocList>
<StmntSeq Intrnl_Id="410">
<LocList>
<Loc EndOffset="3924" SrcFileId="6" StartOffset="3907"/>
<Loc EndOffset="5128" SrcFileId="6" StartOffset="3928"/>
<Loc EndOffset="5148" SrcFileId="6" StartOffset="5132"/>
</LocList>
<BasicStmnt CovItemId="S54" CovItemPrefix="csse376_puerto_rico.GameState.java" Intrnl_Id="411">
<LocList>
<Loc EndOffset="3924" SrcFileId="6" StartOffset="3907"/>
</LocList>
</BasicStmnt>
<CondStmnt CovItemId="S55" CovItemPrefix="csse376_puerto_rico.GameState.java" Intrnl_Id="412">
<Branch CovItemId="B11" CovItemPrefix="csse376_puerto_rico.GameState.java" Implct="false" Intrnl_Id="413">
<Cond/>
<LocList>
<Loc EndOffset="4326" SrcFileId="6" StartOffset="3946"/>
</LocList>
<StmntSeq Intrnl_Id="414">
<LocList>
<Loc EndOffset="3980" SrcFileId="6" StartOffset="3952"/>
<Loc EndOffset="4321" SrcFileId="6" StartOffset="3985"/>
</LocList>
<BasicStmnt CovItemId="S56" CovItemPrefix="csse376_puerto_rico.GameState.java" Intrnl_Id="415">
<LocList>
<Loc EndOffset="3980" SrcFileId="6" StartOffset="3952"/>
</LocList>
</BasicStmnt>
<CondStmnt CovItemId="S57" CovItemPrefix="csse376_puerto_rico.GameState.java" Intrnl_Id="416">
<Branch CovItemId="B13" CovItemPrefix="csse376_puerto_rico.GameState.java" Implct="false" Intrnl_Id="417">
<Cond/>
<LocList>
<Loc EndOffset="4285" SrcFileId="6" StartOffset="4063"/>
</LocList>
<StmntSeq Intrnl_Id="418">
<LocList>
<Loc EndOffset="4106" SrcFileId="6" StartOffset="4070"/>
<Loc EndOffset="4158" SrcFileId="6" StartOffset="4112"/>
<Loc EndOffset="4277" SrcFileId="6" StartOffset="4166"/>
</LocList>
<BasicStmnt CovItemId="S58" CovItemPrefix="csse376_puerto_rico.GameState.java" Intrnl_Id="419">
<LocList>
<Loc EndOffset="4106" SrcFileId="6" StartOffset="4070"/>
</LocList>
</BasicStmnt>
<CondStmnt CovItemId="S59" CovItemPrefix="csse376_puerto_rico.GameState.java" Intrnl_Id="420">
<Branch CovItemId="B15" CovItemPrefix="csse376_puerto_rico.GameState.java" Implct="false" Intrnl_Id="421">
<Cond/>
<LocList>
<Loc EndOffset="4158" SrcFileId="6" StartOffset="4136"/>
</LocList>
<StmntSeq Intrnl_Id="422">
<LocList>
<Loc EndOffset="4158" SrcFileId="6" StartOffset="4136"/>
</LocList>
<BasicStmnt CovItemId="S60" CovItemPrefix="csse376_puerto_rico.GameState.java" Intrnl_Id="423">
<LocList>
<Loc EndOffset="4158" SrcFileId="6" StartOffset="4136"/>
</LocList>
</BasicStmnt>
</StmntSeq>
</Branch>
<Branch CovItemId="B16" CovItemPrefix="csse376_puerto_rico.GameState.java" Implct="true" Intrnl_Id="424">
<Cond/>
<LocList/>
<StmntSeq Intrnl_Id="425">
<LocList/>
</StmntSeq>
</Branch>
<Keyword EndOffset="4114" SrcFileId="6" StartOffset="4112"/>
<LocList>
<Loc EndOffset="4158" SrcFileId="6" StartOffset="4112"/>
</LocList>
<RootTerm CovItemId="C8" CovItemPrefix="csse376_puerto_rico.GameState.java" Intrnl_Id="426">
<BasicBoolTerm Intrnl_Id="427">
<LocList>
<Loc EndOffset="4128" SrcFileId="6" StartOffset="4116"/>
</LocList>
</BasicBoolTerm>
</RootTerm>
</CondStmnt>
<CondStmnt CovItemId="S61" CovItemPrefix="csse376_puerto_rico.GameState.java" Intrnl_Id="428">
<Branch CovItemId="B17" CovItemPrefix="csse376_puerto_rico.GameState.java" Implct="false" Intrnl_Id="429">
<Cond/>
<LocList>
<Loc EndOffset="4214" SrcFileId="6" StartOffset="4184"/>
</LocList>
<StmntSeq Intrnl_Id="430">
<LocList>
<Loc EndOffset="4207" SrcFileId="6" StartOffset="4192"/>
</LocList>
<BasicStmnt CovItemId="S62" CovItemPrefix="csse376_puerto_rico.GameState.java" Intrnl_Id="431">
<LocList>
<Loc EndOffset="4207" SrcFileId="6" StartOffset="4192"/>
</LocList>
</BasicStmnt>
</StmntSeq>
</Branch>
<Branch CovItemId="B18" CovItemPrefix="csse376_puerto_rico.GameState.java" Implct="false" Intrnl_Id="432">
<Cond>
<Loc EndOffset="4219" SrcFileId="6" StartOffset="4215"/>
</Cond>
<LocList>
<Loc EndOffset="4277" SrcFileId="6" StartOffset="4220"/>
</LocList>
<StmntSeq Intrnl_Id="433">
<LocList>
<Loc EndOffset="4250" SrcFileId="6" StartOffset="4228"/>
<Loc EndOffset="4270" SrcFileId="6" StartOffset="4257"/>
</LocList>
<BasicStmnt CovItemId="S63" CovItemPrefix="csse376_puerto_rico.GameState.java" Intrnl_Id="434">
<LocList>
<Loc EndOffset="4250" SrcFileId="6" StartOffset="4228"/>
</LocList>
</BasicStmnt>
<BasicStmnt CovItemId="S64" CovItemPrefix="csse376_puerto_rico.GameState.java" Intrnl_Id="435">
<LocList>
<Loc EndOffset="4270" SrcFileId="6" StartOffset="4257"/>
</LocList>
</BasicStmnt>
</StmntSeq>
</Branch>
<Keyword EndOffset="4168" SrcFileId="6" StartOffset="4166"/>
<LocList>
<Loc EndOffset="4277" SrcFileId="6" StartOffset="4166"/>
</LocList>
<RootTerm CovItemId="C9" CovItemPrefix="csse376_puerto_rico.GameState.java" Intrnl_Id="436">
<BasicBoolTerm Intrnl_Id="437">
<LocList>
<Loc EndOffset="4182" SrcFileId="6" StartOffset="4170"/>
</LocList>
</BasicBoolTerm>
</RootTerm>
</CondStmnt>
</StmntSeq>
</Branch>
<Branch CovItemId="B14" CovItemPrefix="csse376_puerto_rico.GameState.java" Implct="false" Intrnl_Id="438">
<Cond>
<Loc EndOffset="4290" SrcFileId="6" StartOffset="4286"/>
</Cond>
<LocList>
<Loc EndOffset="4321" SrcFileId="6" StartOffset="4291"/>
</LocList>
<StmntSeq Intrnl_Id="439">
<LocList>
<Loc EndOffset="4315" SrcFileId="6" StartOffset="4298"/>
</LocList>
<BasicStmnt CovItemId="S65" CovItemPrefix="csse376_puerto_rico.GameState.java" Intrnl_Id="440">
<LocList>
<Loc EndOffset="4315" SrcFileId="6" StartOffset="4298"/>
</LocList>
</BasicStmnt>
</StmntSeq>
</Branch>
<Keyword EndOffset="3987" SrcFileId="6" StartOffset="3985"/>
<LocList>
<Loc EndOffset="4321" SrcFileId="6" StartOffset="3985"/>
</LocList>
<RootTerm CovItemId="C7" CovItemPrefix="csse376_puerto_rico.GameState.java" Intrnl_Id="441">
<OpTerm BooleanOpId="13" Intrnl_Id="442">
<BasicBoolTerm Intrnl_Id="443">
<LocList>
<Loc EndOffset="4004" SrcFileId="6" StartOffset="3989"/>
</LocList>
</BasicBoolTerm>
<OpTerm BooleanOpId="12" Intrnl_Id="444">
<BasicBoolTerm Intrnl_Id="445">
<LocList>
<Loc EndOffset="4029" SrcFileId="6" StartOffset="4015"/>
</LocList>
</BasicBoolTerm>
<BasicBoolTerm Intrnl_Id="446">
<LocList>
<Loc EndOffset="4060" SrcFileId="6" StartOffset="4033"/>
</LocList>
</BasicBoolTerm>
<LocList>
<Loc EndOffset="4032" SrcFileId="6" StartOffset="4030"/>
</LocList>
</OpTerm>
<LocList>
<Loc EndOffset="4013" SrcFileId="6" StartOffset="4011"/>
</LocList>
</OpTerm>
</RootTerm>
</CondStmnt>
</StmntSeq>
</Branch>
<Branch CovItemId="B12" CovItemPrefix="csse376_puerto_rico.GameState.java" Implct="false" Intrnl_Id="447">
<Cond>
<Loc EndOffset="4331" SrcFileId="6" StartOffset="4327"/>
</Cond>
<LocList>
<Loc EndOffset="5128" SrcFileId="6" StartOffset="4332"/>
</LocList>
<StmntSeq Intrnl_Id="448">
<LocList>
<Loc EndOffset="5128" SrcFileId="6" StartOffset="4332"/>
</LocList>
<CondStmnt CovItemId="S66" CovItemPrefix="csse376_puerto_rico.GameState.java" Intrnl_Id="449">
<Branch CovItemId="B19" CovItemPrefix="csse376_puerto_rico.GameState.java" Implct="false" Intrnl_Id="450">
<Cond/>
<LocList>
<Loc EndOffset="4728" SrcFileId="6" StartOffset="4350"/>
</LocList>
<StmntSeq Intrnl_Id="451">
<LocList>
<Loc EndOffset="4384" SrcFileId="6" StartOffset="4356"/>
<Loc EndOffset="4721" SrcFileId="6" StartOffset="4389"/>
</LocList>
<BasicStmnt CovItemId="S67" CovItemPrefix="csse376_puerto_rico.GameState.java" Intrnl_Id="452">
<LocList>
<Loc EndOffset="4384" SrcFileId="6" StartOffset="4356"/>
</LocList>
</BasicStmnt>
<CondStmnt CovItemId="S68" CovItemPrefix="csse376_puerto_rico.GameState.java" Intrnl_Id="453">
<Branch CovItemId="B21" CovItemPrefix="csse376_puerto_rico.GameState.java" Implct="false" Intrnl_Id="454">
<Cond/>
<LocList>
<Loc EndOffset="4685" SrcFileId="6" StartOffset="4467"/>
</LocList>
<StmntSeq Intrnl_Id="455">
<LocList>
<Loc EndOffset="4510" SrcFileId="6" StartOffset="4474"/>
<Loc EndOffset="4562" SrcFileId="6" StartOffset="4516"/>
<Loc EndOffset="4679" SrcFileId="6" StartOffset="4568"/>
</LocList>
<BasicStmnt CovItemId="S69" CovItemPrefix="csse376_puerto_rico.GameState.java" Intrnl_Id="456">
<LocList>
<Loc EndOffset="4510" SrcFileId="6" StartOffset="4474"/>
</LocList>
</BasicStmnt>
<CondStmnt CovItemId="S70" CovItemPrefix="csse376_puerto_rico.GameState.java" Intrnl_Id="457">
<Branch CovItemId="B23" CovItemPrefix="csse376_puerto_rico.GameState.java" Implct="false" Intrnl_Id="458">
<Cond/>
<LocList>
<Loc EndOffset="4562" SrcFileId="6" StartOffset="4540"/>
</LocList>
<StmntSeq Intrnl_Id="459">
<LocList>
<Loc EndOffset="4562" SrcFileId="6" StartOffset="4540"/>
</LocList>
<BasicStmnt CovItemId="S71" CovItemPrefix="csse376_puerto_rico.GameState.java" Intrnl_Id="460">
<LocList>
<Loc EndOffset="4562" SrcFileId="6" StartOffset="4540"/>
</LocList>
</BasicStmnt>
</StmntSeq>
</Branch>
<Branch CovItemId="B24" CovItemPrefix="csse376_puerto_rico.GameState.java" Implct="true" Intrnl_Id="461">
<Cond/>
<LocList/>
<StmntSeq Intrnl_Id="462">
<LocList/>
</StmntSeq>
</Branch>
<Keyword EndOffset="4518" SrcFileId="6" StartOffset="4516"/>
<LocList>
<Loc EndOffset="4562" SrcFileId="6" StartOffset="4516"/>
</LocList>
<RootTerm CovItemId="C12" CovItemPrefix="csse376_puerto_rico.GameState.java" Intrnl_Id="463">
<BasicBoolTerm Intrnl_Id="464">
<LocList>
<Loc EndOffset="4532" SrcFileId="6" StartOffset="4520"/>
</LocList>
</BasicBoolTerm>
</RootTerm>
</CondStmnt>
<CondStmnt CovItemId="S72" CovItemPrefix="csse376_puerto_rico.GameState.java" Intrnl_Id="465">
<Branch CovItemId="B25" CovItemPrefix="csse376_puerto_rico.GameState.java" Implct="false" Intrnl_Id="466">
<Cond/>
<LocList>
<Loc EndOffset="4616" SrcFileId="6" StartOffset="4586"/>
</LocList>
<StmntSeq Intrnl_Id="467">
<LocList>
<Loc EndOffset="4609" SrcFileId="6" StartOffset="4594"/>
</LocList>
<BasicStmnt CovItemId="S73" CovItemPrefix="csse376_puerto_rico.GameState.java" Intrnl_Id="468">
<LocList>
<Loc EndOffset="4609" SrcFileId="6" StartOffset="4594"/>
</LocList>
</BasicStmnt>
</StmntSeq>
</Branch>
<Branch CovItemId="B26" CovItemPrefix="csse376_puerto_rico.GameState.java" Implct="false" Intrnl_Id="469">
<Cond>
<Loc EndOffset="4621" SrcFileId="6" StartOffset="4617"/>
</Cond>
<LocList>
<Loc EndOffset="4679" SrcFileId="6" StartOffset="4622"/>
</LocList>
<StmntSeq Intrnl_Id="470">
<LocList>
<Loc EndOffset="4652" SrcFileId="6" StartOffset="4630"/>
<Loc EndOffset="4672" SrcFileId="6" StartOffset="4659"/>
</LocList>
<BasicStmnt CovItemId="S74" CovItemPrefix="csse376_puerto_rico.GameState.java" Intrnl_Id="471">
<LocList>
<Loc EndOffset="4652" SrcFileId="6" StartOffset="4630"/>
</LocList>
</BasicStmnt>
<BasicStmnt CovItemId="S75" CovItemPrefix="csse376_puerto_rico.GameState.java" Intrnl_Id="472">
<LocList>
<Loc EndOffset="4672" SrcFileId="6" StartOffset="4659"/>
</LocList>
</BasicStmnt>
</StmntSeq>
</Branch>
<Keyword EndOffset="4570" SrcFileId="6" StartOffset="4568"/>
<LocList>
<Loc EndOffset="4679" SrcFileId="6" StartOffset="4568"/>
</LocList>
<RootTerm CovItemId="C13" CovItemPrefix="csse376_puerto_rico.GameState.java" Intrnl_Id="473">
<BasicBoolTerm Intrnl_Id="474">
<LocList>
<Loc EndOffset="4584" SrcFileId="6" StartOffset="4572"/>
</LocList>
</BasicBoolTerm>
</RootTerm>
</CondStmnt>
</StmntSeq>
</Branch>
<Branch CovItemId="B22" CovItemPrefix="csse376_puerto_rico.GameState.java" Implct="false" Intrnl_Id="475">
<Cond>
<Loc EndOffset="4690" SrcFileId="6" StartOffset="4686"/>
</Cond>
<LocList>
<Loc EndOffset="4721" SrcFileId="6" StartOffset="4691"/>
</LocList>
<StmntSeq Intrnl_Id="476">
<LocList>
<Loc EndOffset="4715" SrcFileId="6" StartOffset="4698"/>
</LocList>
<BasicStmnt CovItemId="S76" CovItemPrefix="csse376_puerto_rico.GameState.java" Intrnl_Id="477">
<LocList>
<Loc EndOffset="4715" SrcFileId="6" StartOffset="4698"/>
</LocList>
</BasicStmnt>
</StmntSeq>
</Branch>
<Keyword EndOffset="4391" SrcFileId="6" StartOffset="4389"/>
<LocList>
<Loc EndOffset="4721" SrcFileId="6" StartOffset="4389"/>
</LocList>
<RootTerm CovItemId="C11" CovItemPrefix="csse376_puerto_rico.GameState.java" Intrnl_Id="478">
<OpTerm BooleanOpId="13" Intrnl_Id="479">
<BasicBoolTerm Intrnl_Id="480">
<LocList>
<Loc EndOffset="4408" SrcFileId="6" StartOffset="4393"/>
</LocList>
</BasicBoolTerm>
<OpTerm BooleanOpId="12" Intrnl_Id="481">
<BasicBoolTerm Intrnl_Id="482">
<LocList>
<Loc EndOffset="4433" SrcFileId="6" StartOffset="4419"/>
</LocList>
</BasicBoolTerm>
<BasicBoolTerm Intrnl_Id="483">
<LocList>
<Loc EndOffset="4464" SrcFileId="6" StartOffset="4437"/>
</LocList>
</BasicBoolTerm>
<LocList>
<Loc EndOffset="4436" SrcFileId="6" StartOffset="4434"/>
</LocList>
</OpTerm>
<LocList>
<Loc EndOffset="4417" SrcFileId="6" StartOffset="4415"/>
</LocList>
</OpTerm>
</RootTerm>
</CondStmnt>
</StmntSeq>
</Branch>
<Branch CovItemId="B20" CovItemPrefix="csse376_puerto_rico.GameState.java" Implct="false" Intrnl_Id="484">
<Cond>
<Loc EndOffset="4733" SrcFileId="6" StartOffset="4729"/>
</Cond>
<LocList>
<Loc EndOffset="5128" SrcFileId="6" StartOffset="4734"/>
</LocList>
<StmntSeq Intrnl_Id="485">
<LocList>
<Loc EndOffset="5128" SrcFileId="6" StartOffset="4734"/>
</LocList>
<CondStmnt CovItemId="S77" CovItemPrefix="csse376_puerto_rico.GameState.java" Intrnl_Id="486">
<Branch CovItemId="B27" CovItemPrefix="csse376_puerto_rico.GameState.java" Implct="false" Intrnl_Id="487">
<Cond/>
<LocList>
<Loc EndOffset="5128" SrcFileId="6" StartOffset="4752"/>
</LocList>
<StmntSeq Intrnl_Id="488">
<LocList>
<Loc EndOffset="4786" SrcFileId="6" StartOffset="4758"/>
<Loc EndOffset="5123" SrcFileId="6" StartOffset="4791"/>
</LocList>
<BasicStmnt CovItemId="S78" CovItemPrefix="csse376_puerto_rico.GameState.java" Intrnl_Id="489">
<LocList>
<Loc EndOffset="4786" SrcFileId="6" StartOffset="4758"/>
</LocList>
</BasicStmnt>
<CondStmnt CovItemId="S79" CovItemPrefix="csse376_puerto_rico.GameState.java" Intrnl_Id="490">
<Branch CovItemId="B29" CovItemPrefix="csse376_puerto_rico.GameState.java" Implct="false" Intrnl_Id="491">
<Cond/>
<LocList>
<Loc EndOffset="5087" SrcFileId="6" StartOffset="4869"/>
</LocList>
<StmntSeq Intrnl_Id="492">
<LocList>
<Loc EndOffset="4912" SrcFileId="6" StartOffset="4876"/>
<Loc EndOffset="4964" SrcFileId="6" StartOffset="4918"/>
<Loc EndOffset="5081" SrcFileId="6" StartOffset="4970"/>
</LocList>
<BasicStmnt CovItemId="S80" CovItemPrefix="csse376_puerto_rico.GameState.java" Intrnl_Id="493">
<LocList>
<Loc EndOffset="4912" SrcFileId="6" StartOffset="4876"/>
</LocList>
</BasicStmnt>
<CondStmnt CovItemId="S81" CovItemPrefix="csse376_puerto_rico.GameState.java" Intrnl_Id="494">
<Branch CovItemId="B31" CovItemPrefix="csse376_puerto_rico.GameState.java" Implct="false" Intrnl_Id="495">
<Cond/>
<LocList>
<Loc EndOffset="4964" SrcFileId="6" StartOffset="4942"/>
</LocList>
<StmntSeq Intrnl_Id="496">
<LocList>
<Loc EndOffset="4964" SrcFileId="6" StartOffset="4942"/>
</LocList>
<BasicStmnt CovItemId="S82" CovItemPrefix="csse376_puerto_rico.GameState.java" Intrnl_Id="497">
<LocList>
<Loc EndOffset="4964" SrcFileId="6" StartOffset="4942"/>
</LocList>
</BasicStmnt>
</StmntSeq>
</Branch>
<Branch CovItemId="B32" CovItemPrefix="csse376_puerto_rico.GameState.java" Implct="true" Intrnl_Id="498">
<Cond/>
<LocList/>
<StmntSeq Intrnl_Id="499">
<LocList/>
</StmntSeq>
</Branch>
<Keyword EndOffset="4920" SrcFileId="6" StartOffset="4918"/>
<LocList>
<Loc EndOffset="4964" SrcFileId="6" StartOffset="4918"/>
</LocList>
<RootTerm CovItemId="C16" CovItemPrefix="csse376_puerto_rico.GameState.java" Intrnl_Id="500">
<BasicBoolTerm Intrnl_Id="501">
<LocList>
<Loc EndOffset="4934" SrcFileId="6" StartOffset="4922"/>
</LocList>
</BasicBoolTerm>
</RootTerm>
</CondStmnt>
<CondStmnt CovItemId="S83" CovItemPrefix="csse376_puerto_rico.GameState.java" Intrnl_Id="502">
<Branch CovItemId="B33" CovItemPrefix="csse376_puerto_rico.GameState.java" Implct="false" Intrnl_Id="503">
<Cond/>
<LocList>
<Loc EndOffset="5018" SrcFileId="6" StartOffset="4988"/>
</LocList>
<StmntSeq Intrnl_Id="504">
<LocList>
<Loc EndOffset="5011" SrcFileId="6" StartOffset="4996"/>
</LocList>
<BasicStmnt CovItemId="S84" CovItemPrefix="csse376_puerto_rico.GameState.java" Intrnl_Id="505">
<LocList>
<Loc EndOffset="5011" SrcFileId="6" StartOffset="4996"/>
</LocList>
</BasicStmnt>
</StmntSeq>
</Branch>
<Branch CovItemId="B34" CovItemPrefix="csse376_puerto_rico.GameState.java" Implct="false" Intrnl_Id="506">
<Cond>
<Loc EndOffset="5023" SrcFileId="6" StartOffset="5019"/>
</Cond>
<LocList>
<Loc EndOffset="5081" SrcFileId="6" StartOffset="5024"/>
</LocList>
<StmntSeq Intrnl_Id="507">
<LocList>
<Loc EndOffset="5054" SrcFileId="6" StartOffset="5032"/>
<Loc EndOffset="5074" SrcFileId="6" StartOffset="5061"/>
</LocList>
<BasicStmnt CovItemId="S85" CovItemPrefix="csse376_puerto_rico.GameState.java" Intrnl_Id="508">
<LocList>
<Loc EndOffset="5054" SrcFileId="6" StartOffset="5032"/>
</LocList>
</BasicStmnt>
<BasicStmnt CovItemId="S86" CovItemPrefix="csse376_puerto_rico.GameState.java" Intrnl_Id="509">
<LocList>
<Loc EndOffset="5074" SrcFileId="6" StartOffset="5061"/>
</LocList>
</BasicStmnt>
</StmntSeq>
</Branch>
<Keyword EndOffset="4972" SrcFileId="6" StartOffset="4970"/>
<LocList>
<Loc EndOffset="5081" SrcFileId="6" StartOffset="4970"/>
</LocList>
<RootTerm CovItemId="C17" CovItemPrefix="csse376_puerto_rico.GameState.java" Intrnl_Id="510">
<BasicBoolTerm Intrnl_Id="511">
<LocList>
<Loc EndOffset="4986" SrcFileId="6" StartOffset="4974"/>
</LocList>
</BasicBoolTerm>
</RootTerm>
</CondStmnt>
</StmntSeq>
</Branch>
<Branch CovItemId="B30" CovItemPrefix="csse376_puerto_rico.GameState.java" Implct="false" Intrnl_Id="512">
<Cond>
<Loc EndOffset="5092" SrcFileId="6" StartOffset="5088"/>
</Cond>
<LocList>
<Loc EndOffset="5123" SrcFileId="6" StartOffset="5093"/>
</LocList>
<StmntSeq Intrnl_Id="513">
<LocList>
<Loc EndOffset="5117" SrcFileId="6" StartOffset="5100"/>
</LocList>
<BasicStmnt CovItemId="S87" CovItemPrefix="csse376_puerto_rico.GameState.java" Intrnl_Id="514">
<LocList>
<Loc EndOffset="5117" SrcFileId="6" StartOffset="5100"/>
</LocList>
</BasicStmnt>
</StmntSeq>
</Branch>
<Keyword EndOffset="4793" SrcFileId="6" StartOffset="4791"/>
<LocList>
<Loc EndOffset="5123" SrcFileId="6" StartOffset="4791"/>
</LocList>
<RootTerm CovItemId="C15" CovItemPrefix="csse376_puerto_rico.GameState.java" Intrnl_Id="515">
<OpTerm BooleanOpId="13" Intrnl_Id="516">
<BasicBoolTerm Intrnl_Id="517">
<LocList>
<Loc EndOffset="4810" SrcFileId="6" StartOffset="4795"/>
</LocList>
</BasicBoolTerm>
<OpTerm BooleanOpId="12" Intrnl_Id="518">
<BasicBoolTerm Intrnl_Id="519">
<LocList>
<Loc EndOffset="4835" SrcFileId="6" StartOffset="4821"/>
</LocList>
</BasicBoolTerm>
<BasicBoolTerm Intrnl_Id="520">
<LocList>
<Loc EndOffset="4866" SrcFileId="6" StartOffset="4839"/>
</LocList>
</BasicBoolTerm>
<LocList>
<Loc EndOffset="4838" SrcFileId="6" StartOffset="4836"/>
</LocList>
</OpTerm>
<LocList>
<Loc EndOffset="4819" SrcFileId="6" StartOffset="4817"/>
</LocList>
</OpTerm>
</RootTerm>
</CondStmnt>
</StmntSeq>
</Branch>
<Branch CovItemId="B28" CovItemPrefix="csse376_puerto_rico.GameState.java" Implct="true" Intrnl_Id="521">
<Cond/>
<LocList/>
<StmntSeq Intrnl_Id="522">
<LocList/>
</StmntSeq>
</Branch>
<Keyword EndOffset="4736" SrcFileId="6" StartOffset="4734"/>
<LocList>
<Loc EndOffset="5128" SrcFileId="6" StartOffset="4734"/>
</LocList>
<RootTerm CovItemId="C14" CovItemPrefix="csse376_puerto_rico.GameState.java" Intrnl_Id="523">
<BasicBoolTerm Intrnl_Id="524">
<LocList>
<Loc EndOffset="4750" SrcFileId="6" StartOffset="4738"/>
</LocList>
</BasicBoolTerm>
</RootTerm>
</CondStmnt>
</StmntSeq>
</Branch>
<Keyword EndOffset="4334" SrcFileId="6" StartOffset="4332"/>
<LocList>
<Loc EndOffset="5128" SrcFileId="6" StartOffset="4332"/>
</LocList>
<RootTerm CovItemId="C10" CovItemPrefix="csse376_puerto_rico.GameState.java" Intrnl_Id="525">
<BasicBoolTerm Intrnl_Id="526">
<LocList>
<Loc EndOffset="4348" SrcFileId="6" StartOffset="4336"/>
</LocList>
</BasicBoolTerm>
</RootTerm>
</CondStmnt>
</StmntSeq>
</Branch>
<Keyword EndOffset="3930" SrcFileId="6" StartOffset="3928"/>
<LocList>
<Loc EndOffset="5128" SrcFileId="6" StartOffset="3928"/>
</LocList>
<RootTerm CovItemId="C6" CovItemPrefix="csse376_puerto_rico.GameState.java" Intrnl_Id="527">
<BasicBoolTerm Intrnl_Id="528">
<LocList>
<Loc EndOffset="3944" SrcFileId="6" StartOffset="3932"/>
</LocList>
</BasicBoolTerm>
</RootTerm>
</CondStmnt>
<BasicStmnt CovItemId="S88" CovItemPrefix="csse376_puerto_rico.GameState.java" Intrnl_Id="529">
<LocList>
<Loc EndOffset="5148" SrcFileId="6" StartOffset="5132"/>
</LocList>
</BasicStmnt>
</StmntSeq>
</HierarchyLvl>
<HierarchyLvl HierarchyLvlId="7300" HierarchyLvlTypeId="16" Intrnl_Id="530" Name="isAbleToAddGood">
<Header>
<Loc EndOffset="5189" SrcFileId="6" StartOffset="5157"/>
</Header>
<LocList>
<Loc EndOffset="5303" SrcFileId="6" StartOffset="5157"/>
</LocList>
<StmntSeq Intrnl_Id="531">
<LocList>
<Loc EndOffset="5282" SrcFileId="6" StartOffset="5197"/>
<Loc EndOffset="5299" SrcFileId="6" StartOffset="5286"/>
</LocList>
<LoopStmnt CovItemId="S89" CovItemPrefix="csse376_puerto_rico.GameState.java" Intrnl_Id="532" MltplExecId="L5-2" MltplExecPrefix="csse376_puerto_rico.GameState.java" NvrExecId="L5-0" NvrExecPrefix="csse376_puerto_rico.GameState.java" OnceExecutedId="L5-1" OnceExecutedPrefix="csse376_puerto_rico.GameState.java" OptBodyExec="true">
<StmntSeq Intrnl_Id="533">
<LocList>
<Loc EndOffset="5277" SrcFileId="6" StartOffset="5228"/>
</LocList>
<CondStmnt CovItemId="S90" CovItemPrefix="csse376_puerto_rico.GameState.java" Intrnl_Id="534">
<Branch CovItemId="B35" CovItemPrefix="csse376_puerto_rico.GameState.java" Implct="false" Intrnl_Id="535">
<Cond/>
<LocList>
<Loc EndOffset="5277" SrcFileId="6" StartOffset="5252"/>
</LocList>
<StmntSeq Intrnl_Id="536">
<LocList>
<Loc EndOffset="5271" SrcFileId="6" StartOffset="5259"/>
</LocList>
<BasicStmnt CovItemId="S91" CovItemPrefix="csse376_puerto_rico.GameState.java" Intrnl_Id="537">
<LocList>
<Loc EndOffset="5271" SrcFileId="6" StartOffset="5259"/>
</LocList>
</BasicStmnt>
</StmntSeq>
</Branch>
<Branch CovItemId="B36" CovItemPrefix="csse376_puerto_rico.GameState.java" Implct="true" Intrnl_Id="538">
<Cond/>
<LocList/>
<StmntSeq Intrnl_Id="539">
<LocList/>
</StmntSeq>
</Branch>
<Keyword EndOffset="5230" SrcFileId="6" StartOffset="5228"/>
<LocList>
<Loc EndOffset="5277" SrcFileId="6" StartOffset="5228"/>
</LocList>
<RootTerm CovItemId="C18" CovItemPrefix="csse376_puerto_rico.GameState.java" Intrnl_Id="540">
<BasicBoolTerm Intrnl_Id="541">
<LocList>
<Loc EndOffset="5250" SrcFileId="6" StartOffset="5232"/>
</LocList>
</BasicBoolTerm>
</RootTerm>
</CondStmnt>
</StmntSeq>
<Keyword EndOffset="5200" SrcFileId="6" StartOffset="5197"/>
<LocList>
<Loc EndOffset="5282" SrcFileId="6" StartOffset="5197"/>
</LocList>
</LoopStmnt>
<BasicStmnt CovItemId="S92" CovItemPrefix="csse376_puerto_rico.GameState.java" Intrnl_Id="542">
<LocList>
<Loc EndOffset="5299" SrcFileId="6" StartOffset="5286"/>
</LocList>
</BasicStmnt>
</StmntSeq>
</HierarchyLvl>
<HierarchyLvl HierarchyLvlId="7301" HierarchyLvlTypeId="16" Intrnl_Id="543" Name="isAbleToAddGood">
<Header>
<Loc EndOffset="5348" SrcFileId="6" StartOffset="5308"/>
</Header>
<LocList>
<Loc EndOffset="5656" SrcFileId="6" StartOffset="5308"/>
</LocList>
<StmntSeq Intrnl_Id="544">
<LocList>
<Loc EndOffset="5400" SrcFileId="6" StartOffset="5354"/>
<Loc EndOffset="5635" SrcFileId="6" StartOffset="5404"/>
<Loc EndOffset="5652" SrcFileId="6" StartOffset="5639"/>
</LocList>
<BasicStmnt CovItemId="S93" CovItemPrefix="csse376_puerto_rico.GameState.java" Intrnl_Id="545">
<LocList>
<Loc EndOffset="5400" SrcFileId="6" StartOffset="5354"/>
</LocList>
</BasicStmnt>
<LoopStmnt CovItemId="S94" CovItemPrefix="csse376_puerto_rico.GameState.java" Intrnl_Id="546" MltplExecId="L6-2" MltplExecPrefix="csse376_puerto_rico.GameState.java" NvrExecId="L6-0" NvrExecPrefix="csse376_puerto_rico.GameState.java" OnceExecutedId="L6-1" OnceExecutedPrefix="csse376_puerto_rico.GameState.java" OptBodyExec="true">
<StmntSeq Intrnl_Id="547">
<LocList>
<Loc EndOffset="5630" SrcFileId="6" StartOffset="5447"/>
</LocList>
<CondStmnt CovItemId="S95" CovItemPrefix="csse376_puerto_rico.GameState.java" Intrnl_Id="548">
<Branch CovItemId="B37" CovItemPrefix="csse376_puerto_rico.GameState.java" Implct="false" Intrnl_Id="549">
<Cond/>
<LocList>
<Loc EndOffset="5630" SrcFileId="6" StartOffset="5480"/>
</LocList>
<StmntSeq Intrnl_Id="550">
<LocList>
<Loc EndOffset="5624" SrcFileId="6" StartOffset="5487"/>
</LocList>
<LoopStmnt CovItemId="S96" CovItemPrefix="csse376_puerto_rico.GameState.java" Intrnl_Id="551" MltplExecId="L7-2" MltplExecPrefix="csse376_puerto_rico.GameState.java" NvrExecId="L7-0" NvrExecPrefix="csse376_puerto_rico.GameState.java" OnceExecutedId="L7-1" OnceExecutedPrefix="csse376_puerto_rico.GameState.java" OptBodyExec="true">
<StmntSeq Intrnl_Id="552">
<LocList>
<Loc EndOffset="5563" SrcFileId="6" StartOffset="5524"/>
<Loc EndOffset="5617" SrcFileId="6" StartOffset="5570"/>
</LocList>
<BasicStmnt CovItemId="S97" CovItemPrefix="csse376_puerto_rico.GameState.java" Intrnl_Id="553">
<LocList>
<Loc EndOffset="5563" SrcFileId="6" StartOffset="5524"/>
</LocList>
</BasicStmnt>
<CondStmnt CovItemId="S98" CovItemPrefix="csse376_puerto_rico.GameState.java" Intrnl_Id="554">
<Branch CovItemId="B39" CovItemPrefix="csse376_puerto_rico.GameState.java" Implct="false" Intrnl_Id="555">
<Cond/>
<LocList>
<Loc EndOffset="5617" SrcFileId="6" StartOffset="5586"/>
</LocList>
<StmntSeq Intrnl_Id="556">
<LocList>
<Loc EndOffset="5607" SrcFileId="6" StartOffset="5595"/>
</LocList>
<BasicStmnt CovItemId="S99" CovItemPrefix="csse376_puerto_rico.GameState.java" Intrnl_Id="557">
<LocList>
<Loc EndOffset="5607" SrcFileId="6" StartOffset="5595"/>
</LocList>
</BasicStmnt>
</StmntSeq>
</Branch>
<Branch CovItemId="B40" CovItemPrefix="csse376_puerto_rico.GameState.java" Implct="true" Intrnl_Id="558">
<Cond/>
<LocList/>
<StmntSeq Intrnl_Id="559">
<LocList/>
</StmntSeq>
</Branch>
<Keyword EndOffset="5572" SrcFileId="6" StartOffset="5570"/>
<LocList>
<Loc EndOffset="5617" SrcFileId="6" StartOffset="5570"/>
</LocList>
<RootTerm CovItemId="C21" CovItemPrefix="csse376_puerto_rico.GameState.java" Intrnl_Id="560">
<BasicBoolTerm Intrnl_Id="561">
<LocList>
<Loc EndOffset="5584" SrcFileId="6" StartOffset="5574"/>
</LocList>
</BasicBoolTerm>
</RootTerm>
</CondStmnt>
</StmntSeq>
<Keyword EndOffset="5490" SrcFileId="6" StartOffset="5487"/>
<LocList>
<Loc EndOffset="5624" SrcFileId="6" StartOffset="5487"/>
</LocList>
<RootTerm CovItemId="C20" CovItemPrefix="csse376_puerto_rico.GameState.java" Intrnl_Id="562">
<BasicBoolTerm Intrnl_Id="563">
<LocList>
<Loc EndOffset="5509" SrcFileId="6" StartOffset="5503"/>
</LocList>
</BasicBoolTerm>
</RootTerm>
</LoopStmnt>
</StmntSeq>
</Branch>
<Branch CovItemId="B38" CovItemPrefix="csse376_puerto_rico.GameState.java" Implct="true" Intrnl_Id="564">
<Cond/>
<LocList/>
<StmntSeq Intrnl_Id="565">
<LocList/>
</StmntSeq>
</Branch>
<Keyword EndOffset="5449" SrcFileId="6" StartOffset="5447"/>
<LocList>
<Loc EndOffset="5630" SrcFileId="6" StartOffset="5447"/>
</LocList>
<RootTerm CovItemId="C19" CovItemPrefix="csse376_puerto_rico.GameState.java" Intrnl_Id="566">
<BasicBoolTerm Intrnl_Id="567">
<LocList>
<Loc EndOffset="5478" SrcFileId="6" StartOffset="5451"/>
</LocList>
</BasicBoolTerm>
</RootTerm>
</CondStmnt>
</StmntSeq>
<Keyword EndOffset="5407" SrcFileId="6" StartOffset="5404"/>
<LocList>
<Loc EndOffset="5635" SrcFileId="6" StartOffset="5404"/>
</LocList>
</LoopStmnt>
<BasicStmnt CovItemId="S100" CovItemPrefix="csse376_puerto_rico.GameState.java" Intrnl_Id="568">
<LocList>
<Loc EndOffset="5652" SrcFileId="6" StartOffset="5639"/>
</LocList>
</BasicStmnt>
</StmntSeq>
</HierarchyLvl>
<HierarchyLvl HierarchyLvlId="7302" HierarchyLvlTypeId="16" Intrnl_Id="569" Name="isGameEndState">
<Header>
<Loc EndOffset="5692" SrcFileId="6" StartOffset="5661"/>
</Header>
<LocList>
<Loc EndOffset="5726" SrcFileId="6" StartOffset="5661"/>
</LocList>
<StmntSeq Intrnl_Id="570">
<LocList>
<Loc EndOffset="5722" SrcFileId="6" StartOffset="5700"/>
</LocList>
<BasicStmnt CovItemId="S101" CovItemPrefix="csse376_puerto_rico.GameState.java" Intrnl_Id="571">
<LocList>
<Loc EndOffset="5722" SrcFileId="6" StartOffset="5700"/>
</LocList>
</BasicStmnt>
</StmntSeq>
</HierarchyLvl>
<HierarchyLvl HierarchyLvlId="7303" HierarchyLvlTypeId="16" Intrnl_Id="572" Name="getWinner">
<Header>
<Loc EndOffset="5756" SrcFileId="6" StartOffset="5731"/>
</Header>
<LocList>
<Loc EndOffset="5920" SrcFileId="6" StartOffset="5731"/>
</LocList>
<StmntSeq Intrnl_Id="573">
<LocList>
<Loc EndOffset="5795" SrcFileId="6" StartOffset="5762"/>
<Loc EndOffset="5899" SrcFileId="6" StartOffset="5799"/>
<Loc EndOffset="5916" SrcFileId="6" StartOffset="5905"/>
</LocList>
<BasicStmnt CovItemId="S102" CovItemPrefix="csse376_puerto_rico.GameState.java" Intrnl_Id="574">
<LocList>
<Loc EndOffset="5795" SrcFileId="6" StartOffset="5762"/>
</LocList>
</BasicStmnt>
<LoopStmnt CovItemId="S103" CovItemPrefix="csse376_puerto_rico.GameState.java" Intrnl_Id="575" MltplExecId="L8-2" MltplExecPrefix="csse376_puerto_rico.GameState.java" NvrExecId="L8-0" NvrExecPrefix="csse376_puerto_rico.GameState.java" OnceExecutedId="L8-1" OnceExecutedPrefix="csse376_puerto_rico.GameState.java" OptBodyExec="true">
<StmntSeq Intrnl_Id="576">
<LocList>
<Loc EndOffset="5894" SrcFileId="6" StartOffset="5835"/>
</LocList>
<CondStmnt CovItemId="S104" CovItemPrefix="csse376_puerto_rico.GameState.java" Intrnl_Id="577">
<Branch CovItemId="B41" CovItemPrefix="csse376_puerto_rico.GameState.java" Implct="false" Intrnl_Id="578">
<Cond/>
<LocList>
<Loc EndOffset="5894" SrcFileId="6" StartOffset="5873"/>
</LocList>
<StmntSeq Intrnl_Id="579">
<LocList>
<Loc EndOffset="5888" SrcFileId="6" StartOffset="5880"/>
</LocList>
<BasicStmnt CovItemId="S105" CovItemPrefix="csse376_puerto_rico.GameState.java" Intrnl_Id="580">
<LocList>
<Loc EndOffset="5888" SrcFileId="6" StartOffset="5880"/>
</LocList>
</BasicStmnt>
</StmntSeq>
</Branch>
<Branch CovItemId="B42" CovItemPrefix="csse376_puerto_rico.GameState.java" Implct="true" Intrnl_Id="581">
<Cond/>
<LocList/>
<StmntSeq Intrnl_Id="582">
<LocList/>
</StmntSeq>
</Branch>
<Keyword EndOffset="5837" SrcFileId="6" StartOffset="5835"/>
<LocList>
<Loc EndOffset="5894" SrcFileId="6" StartOffset="5835"/>
</LocList>
<RootTerm CovItemId="C22" CovItemPrefix="csse376_puerto_rico.GameState.java" Intrnl_Id="583">
<BasicBoolTerm Intrnl_Id="584">
<LocList>
<Loc EndOffset="5871" SrcFileId="6" StartOffset="5839"/>
</LocList>
</BasicBoolTerm>
</RootTerm>
</CondStmnt>
</StmntSeq>
<Keyword EndOffset="5802" SrcFileId="6" StartOffset="5799"/>
<LocList>
<Loc EndOffset="5899" SrcFileId="6" StartOffset="5799"/>
</LocList>
</LoopStmnt>
<BasicStmnt CovItemId="S106" CovItemPrefix="csse376_puerto_rico.GameState.java" Intrnl_Id="585">
<LocList>
<Loc EndOffset="5916" SrcFileId="6" StartOffset="5905"/>
</LocList>
</BasicStmnt>
</StmntSeq>
</HierarchyLvl>
<HierarchyLvl HierarchyLvlId="7304" HierarchyLvlTypeId="16" Intrnl_Id="586" Name="updateAtEndOfTurn">
<Header>
<Loc EndOffset="5956" SrcFileId="6" StartOffset="5925"/>
</Header>
<LocList>
<Loc EndOffset="6240" SrcFileId="6" StartOffset="5925"/>
</LocList>
<StmntSeq Intrnl_Id="587">
<LocList>
<Loc EndOffset="5984" SrcFileId="6" StartOffset="5962"/>
<Loc EndOffset="6084" SrcFileId="6" StartOffset="6012"/>
<Loc EndOffset="6160" SrcFileId="6" StartOffset="6088"/>
<Loc EndOffset="6236" SrcFileId="6" StartOffset="6164"/>
</LocList>
<BasicStmnt CovItemId="S107" CovItemPrefix="csse376_puerto_rico.GameState.java" Intrnl_Id="588">
<LocList>
<Loc EndOffset="5984" SrcFileId="6" StartOffset="5962"/>
</LocList>
</BasicStmnt>
<CondStmnt CovItemId="S108" CovItemPrefix="csse376_puerto_rico.GameState.java" Intrnl_Id="589">
<Branch CovItemId="B43" CovItemPrefix="csse376_puerto_rico.GameState.java" Implct="false" Intrnl_Id="590">
<Cond/>
<LocList>
<Loc EndOffset="6084" SrcFileId="6" StartOffset="6033"/>
</LocList>
<StmntSeq Intrnl_Id="591">
<LocList>
<Loc EndOffset="6054" SrcFileId="6" StartOffset="6039"/>
<Loc EndOffset="6079" SrcFileId="6" StartOffset="6059"/>
</LocList>
<BasicStmnt CovItemId="S109" CovItemPrefix="csse376_puerto_rico.GameState.java" Intrnl_Id="592">
<LocList>
<Loc EndOffset="6054" SrcFileId="6" StartOffset="6039"/>
</LocList>
</BasicStmnt>
<BasicStmnt CovItemId="S110" CovItemPrefix="csse376_puerto_rico.GameState.java" Intrnl_Id="593">
<LocList>
<Loc EndOffset="6079" SrcFileId="6" StartOffset="6059"/>
</LocList>
</BasicStmnt>
</StmntSeq>
</Branch>
<Branch CovItemId="B44" CovItemPrefix="csse376_puerto_rico.GameState.java" Implct="true" Intrnl_Id="594">
<Cond/>
<LocList/>
<StmntSeq Intrnl_Id="595">
<LocList/>
</StmntSeq>
</Branch>
<Keyword EndOffset="6014" SrcFileId="6" StartOffset="6012"/>
<LocList>
<Loc EndOffset="6084" SrcFileId="6" StartOffset="6012"/>
</LocList>
<RootTerm CovItemId="C23" CovItemPrefix="csse376_puerto_rico.GameState.java" Intrnl_Id="596">
<BasicBoolTerm Intrnl_Id="597">
<LocList>
<Loc EndOffset="6031" SrcFileId="6" StartOffset="6016"/>
</LocList>
</BasicBoolTerm>
</RootTerm>
</CondStmnt>
<CondStmnt CovItemId="S111" CovItemPrefix="csse376_puerto_rico.GameState.java" Intrnl_Id="598">
<Branch CovItemId="B45" CovItemPrefix="csse376_puerto_rico.GameState.java" Implct="false" Intrnl_Id="599">
<Cond/>
<LocList>
<Loc EndOffset="6160" SrcFileId="6" StartOffset="6109"/>
</LocList>
<StmntSeq Intrnl_Id="600">
<LocList>
<Loc EndOffset="6130" SrcFileId="6" StartOffset="6115"/>
<Loc EndOffset="6155" SrcFileId="6" StartOffset="6135"/>
</LocList>
<BasicStmnt CovItemId="S112" CovItemPrefix="csse376_puerto_rico.GameState.java" Intrnl_Id="601">
<LocList>
<Loc EndOffset="6130" SrcFileId="6" StartOffset="6115"/>
</LocList>
</BasicStmnt>
<BasicStmnt CovItemId="S113" CovItemPrefix="csse376_puerto_rico.GameState.java" Intrnl_Id="602">
<LocList>
<Loc EndOffset="6155" SrcFileId="6" StartOffset="6135"/>
</LocList>
</BasicStmnt>
</StmntSeq>
</Branch>
<Branch CovItemId="B46" CovItemPrefix="csse376_puerto_rico.GameState.java" Implct="true" Intrnl_Id="603">
<Cond/>
<LocList/>
<StmntSeq Intrnl_Id="604">
<LocList/>
</StmntSeq>
</Branch>
<Keyword EndOffset="6090" SrcFileId="6" StartOffset="6088"/>
<LocList>
<Loc EndOffset="6160" SrcFileId="6" StartOffset="6088"/>
</LocList>
<RootTerm CovItemId="C24" CovItemPrefix="csse376_puerto_rico.GameState.java" Intrnl_Id="605">
<BasicBoolTerm Intrnl_Id="606">
<LocList>
<Loc EndOffset="6107" SrcFileId="6" StartOffset="6092"/>
</LocList>
</BasicBoolTerm>
</RootTerm>
</CondStmnt>
<CondStmnt CovItemId="S114" CovItemPrefix="csse376_puerto_rico.GameState.java" Intrnl_Id="607">
<Branch CovItemId="B47" CovItemPrefix="csse376_puerto_rico.GameState.java" Implct="false" Intrnl_Id="608">
<Cond/>
<LocList>
<Loc EndOffset="6236" SrcFileId="6" StartOffset="6185"/>
</LocList>
<StmntSeq Intrnl_Id="609">
<LocList>
<Loc EndOffset="6206" SrcFileId="6" StartOffset="6191"/>
<Loc EndOffset="6231" SrcFileId="6" StartOffset="6211"/>
</LocList>
<BasicStmnt CovItemId="S115" CovItemPrefix="csse376_puerto_rico.GameState.java" Intrnl_Id="610">
<LocList>
<Loc EndOffset="6206" SrcFileId="6" StartOffset="6191"/>
</LocList>
</BasicStmnt>
<BasicStmnt CovItemId="S116" CovItemPrefix="csse376_puerto_rico.GameState.java" Intrnl_Id="611">
<LocList>
<Loc EndOffset="6231" SrcFileId="6" StartOffset="6211"/>
</LocList>
</BasicStmnt>
</StmntSeq>
</Branch>
<Branch CovItemId="B48" CovItemPrefix="csse376_puerto_rico.GameState.java" Implct="true" Intrnl_Id="612">
<Cond/>
<LocList/>
<StmntSeq Intrnl_Id="613">
<LocList/>
</StmntSeq>
</Branch>
<Keyword EndOffset="6166" SrcFileId="6" StartOffset="6164"/>
<LocList>
<Loc EndOffset="6236" SrcFileId="6" StartOffset="6164"/>
</LocList>
<RootTerm CovItemId="C25" CovItemPrefix="csse376_puerto_rico.GameState.java" Intrnl_Id="614">
<BasicBoolTerm Intrnl_Id="615">
<LocList>
<Loc EndOffset="6183" SrcFileId="6" StartOffset="6168"/>
</LocList>
</BasicBoolTerm>
</RootTerm>
</CondStmnt>
</StmntSeq>
</HierarchyLvl>
</HierarchyLvl>
<HierarchyLvl HierarchyLvlId="7318" HierarchyLvlTypeId="15" Intrnl_Id="616" Name="GameBoardGUI">
<Header>
<Loc EndOffset="460" SrcFileId="7" StartOffset="435"/>
</Header>
<LocList>
<Loc EndOffset="22680" SrcFileId="7" StartOffset="435"/>
</LocList>
<HierarchyLvl HierarchyLvlId="7306" HierarchyLvlTypeId="16" Intrnl_Id="617" Name="GameBoardGUI">
<Header>
<Loc EndOffset="774" SrcFileId="7" StartOffset="753"/>
</Header>
<LocList>
<Loc EndOffset="1094" SrcFileId="7" StartOffset="753"/>
</LocList>
<StmntSeq Intrnl_Id="618">
<LocList>
<Loc EndOffset="838" SrcFileId="7" StartOffset="808"/>
<Loc EndOffset="879" SrcFileId="7" StartOffset="842"/>
<Loc EndOffset="922" SrcFileId="7" StartOffset="883"/>
<Loc EndOffset="956" SrcFileId="7" StartOffset="926"/>
<Loc EndOffset="986" SrcFileId="7" StartOffset="960"/>
<Loc EndOffset="1016" SrcFileId="7" StartOffset="990"/>
<Loc EndOffset="1046" SrcFileId="7" StartOffset="1020"/>
<Loc EndOffset="1090" SrcFileId="7" StartOffset="1050"/>
</LocList>
<BasicStmnt CovItemId="S1" CovItemPrefix="csse376_puerto_rico.GameBoardGUI.java" Intrnl_Id="619">
<LocList>
<Loc EndOffset="838" SrcFileId="7" StartOffset="808"/>
</LocList>
</BasicStmnt>
<BasicStmnt CovItemId="S2" CovItemPrefix="csse376_puerto_rico.GameBoardGUI.java" Intrnl_Id="620">
<LocList>
<Loc EndOffset="879" SrcFileId="7" StartOffset="842"/>
</LocList>
</BasicStmnt>
<BasicStmnt CovItemId="S3" CovItemPrefix="csse376_puerto_rico.GameBoardGUI.java" Intrnl_Id="621">
<LocList>
<Loc EndOffset="922" SrcFileId="7" StartOffset="883"/>
</LocList>
</BasicStmnt>
<BasicStmnt CovItemId="S4" CovItemPrefix="csse376_puerto_rico.GameBoardGUI.java" Intrnl_Id="622">
<LocList>
<Loc EndOffset="956" SrcFileId="7" StartOffset="926"/>
</LocList>
</BasicStmnt>
<BasicStmnt CovItemId="S5" CovItemPrefix="csse376_puerto_rico.GameBoardGUI.java" Intrnl_Id="623">
<LocList>
<Loc EndOffset="986" SrcFileId="7" StartOffset="960"/>
</LocList>
</BasicStmnt>
<BasicStmnt CovItemId="S6" CovItemPrefix="csse376_puerto_rico.GameBoardGUI.java" Intrnl_Id="624">
<LocList>
<Loc EndOffset="1016" SrcFileId="7" StartOffset="990"/>
</LocList>
</BasicStmnt>
<BasicStmnt CovItemId="S7" CovItemPrefix="csse376_puerto_rico.GameBoardGUI.java" Intrnl_Id="625">
<LocList>
<Loc EndOffset="1046" SrcFileId="7" StartOffset="1020"/>
</LocList>
</BasicStmnt>
<BasicStmnt CovItemId="S8" CovItemPrefix="csse376_puerto_rico.GameBoardGUI.java" Intrnl_Id="626">
<LocList>
<Loc EndOffset="1090" SrcFileId="7" StartOffset="1050"/>
</LocList>
</BasicStmnt>
</StmntSeq>
</HierarchyLvl>
<HierarchyLvl HierarchyLvlId="7307" HierarchyLvlTypeId="16" Intrnl_Id="627" Name="GameBoardGUI">
<Header>
<Loc EndOffset="1151" SrcFileId="7" StartOffset="1099"/>
</Header>
<LocList>
<Loc EndOffset="1928" SrcFileId="7" StartOffset="1099"/>
</LocList>
<StmntSeq Intrnl_Id="628">
<LocList>
<Loc EndOffset="1196" SrcFileId="7" StartOffset="1157"/>
<Loc EndOffset="1223" SrcFileId="7" StartOffset="1200"/>
<Loc EndOffset="1266" SrcFileId="7" StartOffset="1227"/>
<Loc EndOffset="1314" SrcFileId="7" StartOffset="1270"/>
<Loc EndOffset="1363" SrcFileId="7" StartOffset="1318"/>
<Loc EndOffset="1409" SrcFileId="7" StartOffset="1367"/>
<Loc EndOffset="1448" SrcFileId="7" StartOffset="1413"/>
<Loc EndOffset="1485" SrcFileId="7" StartOffset="1452"/>
<Loc EndOffset="1509" SrcFileId="7" StartOffset="1489"/>
<Loc EndOffset="1543" SrcFileId="7" StartOffset="1513"/>
<Loc EndOffset="1584" SrcFileId="7" StartOffset="1547"/>
<Loc EndOffset="1608" SrcFileId="7" StartOffset="1590"/>
<Loc EndOffset="1840" SrcFileId="7" StartOffset="1612"/>
<Loc EndOffset="1887" SrcFileId="7" StartOffset="1844"/>
<Loc EndOffset="1924" SrcFileId="7" StartOffset="1893"/>
</LocList>
<BasicStmnt CovItemId="S9" CovItemPrefix="csse376_puerto_rico.GameBoardGUI.java" Intrnl_Id="629">
<LocList>
<Loc EndOffset="1196" SrcFileId="7" StartOffset="1157"/>
</LocList>
</BasicStmnt>
<BasicStmnt CovItemId="S10" CovItemPrefix="csse376_puerto_rico.GameBoardGUI.java" Intrnl_Id="630">
<LocList>
<Loc EndOffset="1223" SrcFileId="7" StartOffset="1200"/>
</LocList>
</BasicStmnt>
<BasicStmnt CovItemId="S11" CovItemPrefix="csse376_puerto_rico.GameBoardGUI.java" Intrnl_Id="631">
<LocList>
<Loc EndOffset="1266" SrcFileId="7" StartOffset="1227"/>
</LocList>
</BasicStmnt>
<BasicStmnt CovItemId="S12" CovItemPrefix="csse376_puerto_rico.GameBoardGUI.java" Intrnl_Id="632">
<LocList>
<Loc EndOffset="1314" SrcFileId="7" StartOffset="1270"/>
</LocList>
</BasicStmnt>
<BasicStmnt CovItemId="S13" CovItemPrefix="csse376_puerto_rico.GameBoardGUI.java" Intrnl_Id="633">
<LocList>
<Loc EndOffset="1363" SrcFileId="7" StartOffset="1318"/>
</LocList>
</BasicStmnt>
<BasicStmnt CovItemId="S14" CovItemPrefix="csse376_puerto_rico.GameBoardGUI.java" Intrnl_Id="634">
<LocList>
<Loc EndOffset="1409" SrcFileId="7" StartOffset="1367"/>
</LocList>
</BasicStmnt>
<BasicStmnt CovItemId="S15" CovItemPrefix="csse376_puerto_rico.GameBoardGUI.java" Intrnl_Id="635">
<LocList>
<Loc EndOffset="1448" SrcFileId="7" StartOffset="1413"/>
</LocList>
</BasicStmnt>
<BasicStmnt CovItemId="S16" CovItemPrefix="csse376_puerto_rico.GameBoardGUI.java" Intrnl_Id="636">
<LocList>
<Loc EndOffset="1485" SrcFileId="7" StartOffset="1452"/>
</LocList>
</BasicStmnt>
<BasicStmnt CovItemId="S17" CovItemPrefix="csse376_puerto_rico.GameBoardGUI.java" Intrnl_Id="637">
<LocList>
<Loc EndOffset="1509" SrcFileId="7" StartOffset="1489"/>
</LocList>
</BasicStmnt>
<BasicStmnt CovItemId="S18" CovItemPrefix="csse376_puerto_rico.GameBoardGUI.java" Intrnl_Id="638">
<LocList>
<Loc EndOffset="1543" SrcFileId="7" StartOffset="1513"/>
</LocList>
</BasicStmnt>
<BasicStmnt CovItemId="S19" CovItemPrefix="csse376_puerto_rico.GameBoardGUI.java" Intrnl_Id="639">
<LocList>
<Loc EndOffset="1584" SrcFileId="7" StartOffset="1547"/>
</LocList>
</BasicStmnt>
<BasicStmnt CovItemId="S20" CovItemPrefix="csse376_puerto_rico.GameBoardGUI.java" Intrnl_Id="640">
<LocList>
<Loc EndOffset="1608" SrcFileId="7" StartOffset="1590"/>
</LocList>
</BasicStmnt>
<LoopStmnt CovItemId="S21" CovItemPrefix="csse376_puerto_rico.GameBoardGUI.java" Intrnl_Id="641" MltplExecId="L1-2" MltplExecPrefix="csse376_puerto_rico.GameBoardGUI.java" NvrExecId="L1-0" NvrExecPrefix="csse376_puerto_rico.GameBoardGUI.java" OnceExecutedId="L1-1" OnceExecutedPrefix="csse376_puerto_rico.GameBoardGUI.java" OptBodyExec="true">
<StmntSeq Intrnl_Id="642">
<LocList>
<Loc EndOffset="1768" SrcFileId="7" StartOffset="1722"/>
<Loc EndOffset="1835" SrcFileId="7" StartOffset="1773"/>
</LocList>
<BasicStmnt CovItemId="S22" CovItemPrefix="csse376_puerto_rico.GameBoardGUI.java" Intrnl_Id="643">
<LocList>
<Loc EndOffset="1768" SrcFileId="7" StartOffset="1722"/>
</LocList>
</BasicStmnt>
<CondStmnt CovItemId="S23" CovItemPrefix="csse376_puerto_rico.GameBoardGUI.java" Intrnl_Id="644">
<Branch CovItemId="B1" CovItemPrefix="csse376_puerto_rico.GameBoardGUI.java" Implct="false" Intrnl_Id="645">
<Cond/>
<LocList>
<Loc EndOffset="1835" SrcFileId="7" StartOffset="1798"/>
</LocList>
<StmntSeq Intrnl_Id="646">
<LocList>
<Loc EndOffset="1829" SrcFileId="7" StartOffset="1805"/>
</LocList>
<BasicStmnt CovItemId="S24" CovItemPrefix="csse376_puerto_rico.GameBoardGUI.java" Intrnl_Id="647">
<LocList>
<Loc EndOffset="1829" SrcFileId="7" StartOffset="1805"/>
</LocList>
</BasicStmnt>
</StmntSeq>
</Branch>
<Branch CovItemId="B2" CovItemPrefix="csse376_puerto_rico.GameBoardGUI.java" Implct="true" Intrnl_Id="648">
<Cond/>
<LocList/>
<StmntSeq Intrnl_Id="649">
<LocList/>
</StmntSeq>
</Branch>
<Keyword EndOffset="1775" SrcFileId="7" StartOffset="1773"/>
<LocList>
<Loc EndOffset="1835" SrcFileId="7" StartOffset="1773"/>
</LocList>
<RootTerm CovItemId="C2" CovItemPrefix="csse376_puerto_rico.GameBoardGUI.java" Intrnl_Id="650">
<BasicBoolTerm Intrnl_Id="651">
<LocList>
<Loc EndOffset="1796" SrcFileId="7" StartOffset="1777"/>
</LocList>
</BasicBoolTerm>
</RootTerm>
</CondStmnt>
</StmntSeq>
<Keyword EndOffset="1615" SrcFileId="7" StartOffset="1612"/>
<LocList>
<Loc EndOffset="1840" SrcFileId="7" StartOffset="1612"/>
</LocList>
<RootTerm CovItemId="C1" CovItemPrefix="csse376_puerto_rico.GameBoardGUI.java" Intrnl_Id="652">
<BasicBoolTerm Intrnl_Id="653">
<LocList>
<Loc EndOffset="1713" SrcFileId="7" StartOffset="1682"/>
</LocList>
</BasicBoolTerm>
</RootTerm>
</LoopStmnt>
<BasicStmnt CovItemId="S25" CovItemPrefix="csse376_puerto_rico.GameBoardGUI.java" Intrnl_Id="654">
<LocList>
<Loc EndOffset="1887" SrcFileId="7" StartOffset="1844"/>
</LocList>
</BasicStmnt>
<BasicStmnt CovItemId="S26" CovItemPrefix="csse376_puerto_rico.GameBoardGUI.java" Intrnl_Id="655">
<LocList>
<Loc EndOffset="1924" SrcFileId="7" StartOffset="1893"/>
</LocList>
</BasicStmnt>
</StmntSeq>
</HierarchyLvl>
<HierarchyLvl HierarchyLvlId="7308" HierarchyLvlTypeId="16" Intrnl_Id="656" Name="displayGameState">
<Header>
<Loc EndOffset="1964" SrcFileId="7" StartOffset="1933"/>
</Header>
<LocList>
<Loc EndOffset="3210" SrcFileId="7" StartOffset="1933"/>
</LocList>
<StmntSeq Intrnl_Id="657">
<LocList>
<Loc EndOffset="2026" SrcFileId="7" StartOffset="1970"/>
<Loc EndOffset="2082" SrcFileId="7" StartOffset="2030"/>
<Loc EndOffset="2142" SrcFileId="7" StartOffset="2086"/>
<Loc EndOffset="2200" SrcFileId="7" StartOffset="2146"/>
<Loc EndOffset="2262" SrcFileId="7" StartOffset="2204"/>
<Loc EndOffset="2319" SrcFileId="7" StartOffset="2266"/>
<Loc EndOffset="2379" SrcFileId="7" StartOffset="2323"/>
<Loc EndOffset="2425" SrcFileId="7" StartOffset="2383"/>
<Loc EndOffset="3048" SrcFileId="7" StartOffset="2431"/>
<Loc EndOffset="3081" SrcFileId="7" StartOffset="3052"/>
<Loc EndOffset="3110" SrcFileId="7" StartOffset="3085"/>
<Loc EndOffset="3148" SrcFileId="7" StartOffset="3114"/>
<Loc EndOffset="3206" SrcFileId="7" StartOffset="3152"/>
</LocList>
<BasicStmnt CovItemId="S27" CovItemPrefix="csse376_puerto_rico.GameBoardGUI.java" Intrnl_Id="658">
<LocList>
<Loc EndOffset="2026" SrcFileId="7" StartOffset="1970"/>
</LocList>
</BasicStmnt>
<BasicStmnt CovItemId="S28" CovItemPrefix="csse376_puerto_rico.GameBoardGUI.java" Intrnl_Id="659">
<LocList>
<Loc EndOffset="2082" SrcFileId="7" StartOffset="2030"/>
</LocList>
</BasicStmnt>
<BasicStmnt CovItemId="S29" CovItemPrefix="csse376_puerto_rico.GameBoardGUI.java" Intrnl_Id="660">
<LocList>
<Loc EndOffset="2142" SrcFileId="7" StartOffset="2086"/>
</LocList>
</BasicStmnt>
<BasicStmnt CovItemId="S30" CovItemPrefix="csse376_puerto_rico.GameBoardGUI.java" Intrnl_Id="661">
<LocList>
<Loc EndOffset="2200" SrcFileId="7" StartOffset="2146"/>
</LocList>
</BasicStmnt>
<BasicStmnt CovItemId="S31" CovItemPrefix="csse376_puerto_rico.GameBoardGUI.java" Intrnl_Id="662">
<LocList>
<Loc EndOffset="2262" SrcFileId="7" StartOffset="2204"/>
</LocList>
</BasicStmnt>
<BasicStmnt CovItemId="S32" CovItemPrefix="csse376_puerto_rico.GameBoardGUI.java" Intrnl_Id="663">
<LocList>
<Loc EndOffset="2319" SrcFileId="7" StartOffset="2266"/>
</LocList>
</BasicStmnt>
<BasicStmnt CovItemId="S33" CovItemPrefix="csse376_puerto_rico.GameBoardGUI.java" Intrnl_Id="664">
<LocList>
<Loc EndOffset="2379" SrcFileId="7" StartOffset="2323"/>
</LocList>
</BasicStmnt>
<BasicStmnt CovItemId="S34" CovItemPrefix="csse376_puerto_rico.GameBoardGUI.java" Intrnl_Id="665">
<LocList>
<Loc EndOffset="2425" SrcFileId="7" StartOffset="2383"/>
</LocList>
</BasicStmnt>
<BasicStmnt CovItemId="S35" CovItemPrefix="csse376_puerto_rico.GameBoardGUI.java" Intrnl_Id="666">
<LocList>
<Loc EndOffset="3048" SrcFileId="7" StartOffset="2431"/>
</LocList>
</BasicStmnt>
<BasicStmnt CovItemId="S36" CovItemPrefix="csse376_puerto_rico.GameBoardGUI.java" Intrnl_Id="667">
<LocList>
<Loc EndOffset="3081" SrcFileId="7" StartOffset="3052"/>
</LocList>
</BasicStmnt>
<BasicStmnt CovItemId="S37" CovItemPrefix="csse376_puerto_rico.GameBoardGUI.java" Intrnl_Id="668">
<LocList>
<Loc EndOffset="3110" SrcFileId="7" StartOffset="3085"/>
</LocList>
</BasicStmnt>
<BasicStmnt CovItemId="S38" CovItemPrefix="csse376_puerto_rico.GameBoardGUI.java" Intrnl_Id="669">
<LocList>
<Loc EndOffset="3148" SrcFileId="7" StartOffset="3114"/>
</LocList>
</BasicStmnt>
<BasicStmnt CovItemId="S39" CovItemPrefix="csse376_puerto_rico.GameBoardGUI.java" Intrnl_Id="670">
<LocList>
<Loc EndOffset="3206" SrcFileId="7" StartOffset="3152"/>
</LocList>
</BasicStmnt>
</StmntSeq>
</HierarchyLvl>
<HierarchyLvl HierarchyLvlId="7309" HierarchyLvlTypeId="16" Intrnl_Id="671" Name="updateGameStateDisplay">
<Header>
<Loc EndOffset="3252" SrcFileId="7" StartOffset="3215"/>
</Header>
<LocList>
<Loc EndOffset="4371" SrcFileId="7" StartOffset="3215"/>
</LocList>
<StmntSeq Intrnl_Id="672">
<LocList>
<Loc EndOffset="3314" SrcFileId="7" StartOffset="3258"/>
<Loc EndOffset="3370" SrcFileId="7" StartOffset="3318"/>
<Loc EndOffset="3430" SrcFileId="7" StartOffset="3374"/>
<Loc EndOffset="3488" SrcFileId="7" StartOffset="3434"/>
<Loc EndOffset="3550" SrcFileId="7" StartOffset="3492"/>
<Loc EndOffset="3607" SrcFileId="7" StartOffset="3554"/>
<Loc EndOffset="3667" SrcFileId="7" StartOffset="3611"/>
<Loc EndOffset="3713" SrcFileId="7" StartOffset="3671"/>
<Loc EndOffset="4327" SrcFileId="7" StartOffset="3719"/>
<Loc EndOffset="4367" SrcFileId="7" StartOffset="4333"/>
</LocList>
<BasicStmnt CovItemId="S40" CovItemPrefix="csse376_puerto_rico.GameBoardGUI.java" Intrnl_Id="673">
<LocList>
<Loc EndOffset="3314" SrcFileId="7" StartOffset="3258"/>
</LocList>
</BasicStmnt>
<BasicStmnt CovItemId="S41" CovItemPrefix="csse376_puerto_rico.GameBoardGUI.java" Intrnl_Id="674">
<LocList>
<Loc EndOffset="3370" SrcFileId="7" StartOffset="3318"/>
</LocList>
</BasicStmnt>
<BasicStmnt CovItemId="S42" CovItemPrefix="csse376_puerto_rico.GameBoardGUI.java" Intrnl_Id="675">
<LocList>
<Loc EndOffset="3430" SrcFileId="7" StartOffset="3374"/>
</LocList>
</BasicStmnt>
<BasicStmnt CovItemId="S43" CovItemPrefix="csse376_puerto_rico.GameBoardGUI.java" Intrnl_Id="676">
<LocList>
<Loc EndOffset="3488" SrcFileId="7" StartOffset="3434"/>
</LocList>
</BasicStmnt>
<BasicStmnt CovItemId="S44" CovItemPrefix="csse376_puerto_rico.GameBoardGUI.java" Intrnl_Id="677">
<LocList>
<Loc EndOffset="3550" SrcFileId="7" StartOffset="3492"/>
</LocList>
</BasicStmnt>
<BasicStmnt CovItemId="S45" CovItemPrefix="csse376_puerto_rico.GameBoardGUI.java" Intrnl_Id="678">
<LocList>
<Loc EndOffset="3607" SrcFileId="7" StartOffset="3554"/>
</LocList>
</BasicStmnt>
<BasicStmnt CovItemId="S46" CovItemPrefix="csse376_puerto_rico.GameBoardGUI.java" Intrnl_Id="679">
<LocList>
<Loc EndOffset="3667" SrcFileId="7" StartOffset="3611"/>
</LocList>
</BasicStmnt>
<BasicStmnt CovItemId="S47" CovItemPrefix="csse376_puerto_rico.GameBoardGUI.java" Intrnl_Id="680">
<LocList>
<Loc EndOffset="3713" SrcFileId="7" StartOffset="3671"/>
</LocList>
</BasicStmnt>
<BasicStmnt CovItemId="S48" CovItemPrefix="csse376_puerto_rico.GameBoardGUI.java" Intrnl_Id="681">
<LocList>
<Loc EndOffset="4327" SrcFileId="7" StartOffset="3719"/>
</LocList>
</BasicStmnt>
<BasicStmnt CovItemId="S49" CovItemPrefix="csse376_puerto_rico.GameBoardGUI.java" Intrnl_Id="682">
<LocList>
<Loc EndOffset="4367" SrcFileId="7" StartOffset="4333"/>
</LocList>
</BasicStmnt>
</StmntSeq>
</HierarchyLvl>
<HierarchyLvl HierarchyLvlId="7310" HierarchyLvlTypeId="16" Intrnl_Id="683" Name="displayMessageBar">
<Header>
<Loc EndOffset="4408" SrcFileId="7" StartOffset="4376"/>
</Header>
<LocList>
<Loc EndOffset="4512" SrcFileId="7" StartOffset="4376"/>
</LocList>
<StmntSeq Intrnl_Id="684">
<LocList>
<Loc EndOffset="4436" SrcFileId="7" StartOffset="4414"/>
<Loc EndOffset="4508" SrcFileId="7" StartOffset="4440"/>
</LocList>
<BasicStmnt CovItemId="S50" CovItemPrefix="csse376_puerto_rico.GameBoardGUI.java" Intrnl_Id="685">
<LocList>
<Loc EndOffset="4436" SrcFileId="7" StartOffset="4414"/>
</LocList>
</BasicStmnt>
<BasicStmnt CovItemId="S51" CovItemPrefix="csse376_puerto_rico.GameBoardGUI.java" Intrnl_Id="686">
<LocList>
<Loc EndOffset="4508" SrcFileId="7" StartOffset="4440"/>
</LocList>
</BasicStmnt>
</StmntSeq>
</HierarchyLvl>
<HierarchyLvl HierarchyLvlId="7311" HierarchyLvlTypeId="16" Intrnl_Id="687" Name="addPlayers">
<Header>
<Loc EndOffset="4568" SrcFileId="7" StartOffset="4517"/>
</Header>
<LocList>
<Loc EndOffset="5252" SrcFileId="7" StartOffset="4517"/>
</LocList>
<StmntSeq Intrnl_Id="688">
<LocList>
<Loc EndOffset="5106" SrcFileId="7" StartOffset="4618"/>
<Loc EndOffset="5155" SrcFileId="7" StartOffset="5110"/>
<Loc EndOffset="5180" SrcFileId="7" StartOffset="5161"/>
<Loc EndOffset="5204" SrcFileId="7" StartOffset="5184"/>
<Loc EndOffset="5222" SrcFileId="7" StartOffset="5208"/>
<Loc EndOffset="5248" SrcFileId="7" StartOffset="5228"/>
</LocList>
<LoopStmnt CovItemId="S52" CovItemPrefix="csse376_puerto_rico.GameBoardGUI.java" Intrnl_Id="689" MltplExecId="L2-2" MltplExecPrefix="csse376_puerto_rico.GameBoardGUI.java" NvrExecId="L2-0" NvrExecPrefix="csse376_puerto_rico.GameBoardGUI.java" OnceExecutedId="L2-1" OnceExecutedPrefix="csse376_puerto_rico.GameBoardGUI.java" OptBodyExec="true">
<StmntSeq Intrnl_Id="690">
<LocList>
<Loc EndOffset="4690" SrcFileId="7" StartOffset="4666"/>
<Loc EndOffset="4740" SrcFileId="7" StartOffset="4695"/>
<Loc EndOffset="4763" SrcFileId="7" StartOffset="4745"/>
<Loc EndOffset="4935" SrcFileId="7" StartOffset="4768"/>
<Loc EndOffset="4956" SrcFileId="7" StartOffset="4940"/>
<Loc EndOffset="4980" SrcFileId="7" StartOffset="4961"/>
<Loc EndOffset="4999" SrcFileId="7" StartOffset="4985"/>
<Loc EndOffset="5024" SrcFileId="7" StartOffset="5004"/>
<Loc EndOffset="5073" SrcFileId="7" StartOffset="5029"/>
<Loc EndOffset="5099" SrcFileId="7" StartOffset="5078"/>
</LocList>
<BasicStmnt CovItemId="S53" CovItemPrefix="csse376_puerto_rico.GameBoardGUI.java" Intrnl_Id="691">
<LocList>
<Loc EndOffset="4690" SrcFileId="7" StartOffset="4666"/>
</LocList>
</BasicStmnt>
<CondStmnt CovItemId="S54" CovItemPrefix="csse376_puerto_rico.GameBoardGUI.java" Intrnl_Id="692">
<Branch CovItemId="B3" CovItemPrefix="csse376_puerto_rico.GameBoardGUI.java" Implct="false" Intrnl_Id="693">
<Cond/>
<LocList>
<Loc EndOffset="4740" SrcFileId="7" StartOffset="4707"/>
</LocList>
<StmntSeq Intrnl_Id="694">
<LocList>
<Loc EndOffset="4734" SrcFileId="7" StartOffset="4714"/>
</LocList>
<BasicStmnt CovItemId="S55" CovItemPrefix="csse376_puerto_rico.GameBoardGUI.java" Intrnl_Id="695">
<LocList>
<Loc EndOffset="4734" SrcFileId="7" StartOffset="4714"/>
</LocList>
</BasicStmnt>
</StmntSeq>
</Branch>
<Branch CovItemId="B4" CovItemPrefix="csse376_puerto_rico.GameBoardGUI.java" Implct="true" Intrnl_Id="696">
<Cond/>
<LocList/>
<StmntSeq Intrnl_Id="697">
<LocList/>
</StmntSeq>
</Branch>
<Keyword EndOffset="4697" SrcFileId="7" StartOffset="4695"/>
<LocList>
<Loc EndOffset="4740" SrcFileId="7" StartOffset="4695"/>
</LocList>
<RootTerm CovItemId="C4" CovItemPrefix="csse376_puerto_rico.GameBoardGUI.java" Intrnl_Id="698">
<BasicBoolTerm Intrnl_Id="699">
<LocList>
<Loc EndOffset="4705" SrcFileId="7" StartOffset="4699"/>
</LocList>
</BasicBoolTerm>
</RootTerm>
</CondStmnt>
<BasicStmnt CovItemId="S56" CovItemPrefix="csse376_puerto_rico.GameBoardGUI.java" Intrnl_Id="700">
<LocList>
<Loc EndOffset="4763" SrcFileId="7" StartOffset="4745"/>
</LocList>
</BasicStmnt>
<BasicStmnt CovItemId="S57" CovItemPrefix="csse376_puerto_rico.GameBoardGUI.java" Intrnl_Id="701">
<LocList>
<Loc EndOffset="4935" SrcFileId="7" StartOffset="4768"/>
</LocList>
</BasicStmnt>
<BasicStmnt CovItemId="S58" CovItemPrefix="csse376_puerto_rico.GameBoardGUI.java" Intrnl_Id="702">
<LocList>
<Loc EndOffset="4956" SrcFileId="7" StartOffset="4940"/>
</LocList>
</BasicStmnt>
<BasicStmnt CovItemId="S59" CovItemPrefix="csse376_puerto_rico.GameBoardGUI.java" Intrnl_Id="703">
<LocList>
<Loc EndOffset="4980" SrcFileId="7" StartOffset="4961"/>
</LocList>
</BasicStmnt>
<BasicStmnt CovItemId="S60" CovItemPrefix="csse376_puerto_rico.GameBoardGUI.java" Intrnl_Id="704">
<LocList>
<Loc EndOffset="4999" SrcFileId="7" StartOffset="4985"/>
</LocList>
</BasicStmnt>
<BasicStmnt CovItemId="S61" CovItemPrefix="csse376_puerto_rico.GameBoardGUI.java" Intrnl_Id="705">
<LocList>
<Loc EndOffset="5024" SrcFileId="7" StartOffset="5004"/>
</LocList>
</BasicStmnt>
<BasicStmnt CovItemId="S62" CovItemPrefix="csse376_puerto_rico.GameBoardGUI.java" Intrnl_Id="706">
<LocList>
<Loc EndOffset="5073" SrcFileId="7" StartOffset="5029"/>
</LocList>
</BasicStmnt>
<BasicStmnt CovItemId="S63" CovItemPrefix="csse376_puerto_rico.GameBoardGUI.java" Intrnl_Id="707">
<LocList>
<Loc EndOffset="5099" SrcFileId="7" StartOffset="5078"/>
</LocList>
</BasicStmnt>
</StmntSeq>
<Keyword EndOffset="4621" SrcFileId="7" StartOffset="4618"/>
<LocList>
<Loc EndOffset="5106" SrcFileId="7" StartOffset="4618"/>
</LocList>
<RootTerm CovItemId="C3" CovItemPrefix="csse376_puerto_rico.GameBoardGUI.java" Intrnl_Id="708">
<BasicBoolTerm Intrnl_Id="709">
<LocList>
<Loc EndOffset="4653" SrcFileId="7" StartOffset="4634"/>
</LocList>
</BasicBoolTerm>
</RootTerm>
</LoopStmnt>
<BasicStmnt CovItemId="S64" CovItemPrefix="csse376_puerto_rico.GameBoardGUI.java" Intrnl_Id="710">
<LocList>
<Loc EndOffset="5155" SrcFileId="7" StartOffset="5110"/>
</LocList>
</BasicStmnt>
<BasicStmnt CovItemId="S65" CovItemPrefix="csse376_puerto_rico.GameBoardGUI.java" Intrnl_Id="711">
<LocList>
<Loc EndOffset="5180" SrcFileId="7" StartOffset="5161"/>
</LocList>
</BasicStmnt>
<BasicStmnt CovItemId="S66" CovItemPrefix="csse376_puerto_rico.GameBoardGUI.java" Intrnl_Id="712">
<LocList>
<Loc EndOffset="5204" SrcFileId="7" StartOffset="5184"/>
</LocList>
</BasicStmnt>
<BasicStmnt CovItemId="S67" CovItemPrefix="csse376_puerto_rico.GameBoardGUI.java" Intrnl_Id="713">
<LocList>
<Loc EndOffset="5222" SrcFileId="7" StartOffset="5208"/>
</LocList>
</BasicStmnt>
<BasicStmnt CovItemId="S68" CovItemPrefix="csse376_puerto_rico.GameBoardGUI.java" Intrnl_Id="714">
<LocList>
<Loc EndOffset="5248" SrcFileId="7" StartOffset="5228"/>
</LocList>
</BasicStmnt>
</StmntSeq>
</HierarchyLvl>
<HierarchyLvl HierarchyLvlId="7312" HierarchyLvlTypeId="16" Intrnl_Id="715" Name="getPlayers">
<Header>
<Loc EndOffset="5289" SrcFileId="7" StartOffset="5257"/>
</Header>
<LocList>
<Loc EndOffset="5319" SrcFileId="7" StartOffset="5257"/>
</LocList>
<StmntSeq Intrnl_Id="716">
<LocList>
<Loc EndOffset="5315" SrcFileId="7" StartOffset="5295"/>
</LocList>
<BasicStmnt CovItemId="S69" CovItemPrefix="csse376_puerto_rico.GameBoardGUI.java" Intrnl_Id="717">
<LocList>
<Loc EndOffset="5315" SrcFileId="7" StartOffset="5295"/>
</LocList>
</BasicStmnt>
</StmntSeq>
</HierarchyLvl>
<HierarchyLvl HierarchyLvlId="7313" HierarchyLvlTypeId="16" Intrnl_Id="718" Name="getTurnCount">
<Header>
<Loc EndOffset="5356" SrcFileId="7" StartOffset="5324"/>
</Header>
<LocList>
<Loc EndOffset="5383" SrcFileId="7" StartOffset="5324"/>
</LocList>
<StmntSeq Intrnl_Id="719">
<LocList>
<Loc EndOffset="5379" SrcFileId="7" StartOffset="5362"/>
</LocList>
<BasicStmnt CovItemId="S70" CovItemPrefix="csse376_puerto_rico.GameBoardGUI.java" Intrnl_Id="720">
<LocList>
<Loc EndOffset="5379" SrcFileId="7" StartOffset="5362"/>
</LocList>
</BasicStmnt>
</StmntSeq>
</HierarchyLvl>
<HierarchyLvl HierarchyLvlId="7314" HierarchyLvlTypeId="16" Intrnl_Id="721" Name="updateRoles">
<Header>
<Loc EndOffset="5413" SrcFileId="7" StartOffset="5388"/>
</Header>
<LocList>
<Loc EndOffset="6724" SrcFileId="7" StartOffset="5388"/>
</LocList>
<StmntSeq Intrnl_Id="722">
<LocList>
<Loc EndOffset="5468" SrcFileId="7" StartOffset="5421"/>
<Loc EndOffset="6629" SrcFileId="7" StartOffset="5472"/>
<Loc EndOffset="6718" SrcFileId="7" StartOffset="6633"/>
</LocList>
<BasicStmnt CovItemId="S71" CovItemPrefix="csse376_puerto_rico.GameBoardGUI.java" Intrnl_Id="723">
<LocList>
<Loc EndOffset="5468" SrcFileId="7" StartOffset="5421"/>
</LocList>
</BasicStmnt>
<LoopStmnt CovItemId="S72" CovItemPrefix="csse376_puerto_rico.GameBoardGUI.java" Intrnl_Id="724" MltplExecId="L3-2" MltplExecPrefix="csse376_puerto_rico.GameBoardGUI.java" NvrExecId="L3-0" NvrExecPrefix="csse376_puerto_rico.GameBoardGUI.java" OnceExecutedId="L3-1" OnceExecutedPrefix="csse376_puerto_rico.GameBoardGUI.java" OptBodyExec="true">
<StmntSeq Intrnl_Id="725">
<LocList>
<Loc EndOffset="5540" SrcFileId="7" StartOffset="5502"/>
<Loc EndOffset="6622" SrcFileId="7" StartOffset="5545"/>
</LocList>
<BasicStmnt CovItemId="S73" CovItemPrefix="csse376_puerto_rico.GameBoardGUI.java" Intrnl_Id="726">
<LocList>
<Loc EndOffset="5540" SrcFileId="7" StartOffset="5502"/>
</LocList>
</BasicStmnt>
<LoopStmnt CovItemId="S74" CovItemPrefix="csse376_puerto_rico.GameBoardGUI.java" Intrnl_Id="727" MltplExecId="L4-2" MltplExecPrefix="csse376_puerto_rico.GameBoardGUI.java" NvrExecId="L4-0" NvrExecPrefix="csse376_puerto_rico.GameBoardGUI.java" OnceExecutedId="L4-1" OnceExecutedPrefix="csse376_puerto_rico.GameBoardGUI.java" OptBodyExec="true">
<StmntSeq Intrnl_Id="728">
<LocList>
<Loc EndOffset="5634" SrcFileId="7" StartOffset="5598"/>
<Loc EndOffset="5958" SrcFileId="7" StartOffset="5733"/>
<Loc EndOffset="6103" SrcFileId="7" StartOffset="6069"/>
<Loc EndOffset="6226" SrcFileId="7" StartOffset="6179"/>
<Loc EndOffset="6254" SrcFileId="7" StartOffset="6232"/>
<Loc EndOffset="6283" SrcFileId="7" StartOffset="6262"/>
<Loc EndOffset="6317" SrcFileId="7" StartOffset="6291"/>
<Loc EndOffset="6337" SrcFileId="7" StartOffset="6325"/>
<Loc EndOffset="6395" SrcFileId="7" StartOffset="6360"/>
<Loc EndOffset="6473" SrcFileId="7" StartOffset="6429"/>
<Loc EndOffset="6585" SrcFileId="7" StartOffset="6479"/>
<Loc EndOffset="6616" SrcFileId="7" StartOffset="6591"/>
</LocList>
<BasicStmnt CovItemId="S75" CovItemPrefix="csse376_puerto_rico.GameBoardGUI.java" Intrnl_Id="729">
<LocList>
<Loc EndOffset="5634" SrcFileId="7" StartOffset="5598"/>
</LocList>
</BasicStmnt>
<BasicStmnt CovItemId="S76" CovItemPrefix="csse376_puerto_rico.GameBoardGUI.java" Intrnl_Id="730">
<LocList>
<Loc EndOffset="5958" SrcFileId="7" StartOffset="5733"/>
</LocList>
</BasicStmnt>
<BasicStmnt CovItemId="S77" CovItemPrefix="csse376_puerto_rico.GameBoardGUI.java" Intrnl_Id="731">
<LocList>
<Loc EndOffset="6103" SrcFileId="7" StartOffset="6069"/>
</LocList>
</BasicStmnt>
<BasicStmnt CovItemId="S78" CovItemPrefix="csse376_puerto_rico.GameBoardGUI.java" Intrnl_Id="732">
<LocList>
<Loc EndOffset="6226" SrcFileId="7" StartOffset="6179"/>
</LocList>
</BasicStmnt>
<BasicStmnt CovItemId="S79" CovItemPrefix="csse376_puerto_rico.GameBoardGUI.java" Intrnl_Id="733">
<LocList>
<Loc EndOffset="6254" SrcFileId="7" StartOffset="6232"/>
</LocList>
</BasicStmnt>
<BasicStmnt CovItemId="S80" CovItemPrefix="csse376_puerto_rico.GameBoardGUI.java" Intrnl_Id="734">
<LocList>
<Loc EndOffset="6283" SrcFileId="7" StartOffset="6262"/>
</LocList>
</BasicStmnt>
<BasicStmnt CovItemId="S81" CovItemPrefix="csse376_puerto_rico.GameBoardGUI.java" Intrnl_Id="735">
<LocList>
<Loc EndOffset="6317" SrcFileId="7" StartOffset="6291"/>
</LocList>
</BasicStmnt>
<BasicStmnt CovItemId="S82" CovItemPrefix="csse376_puerto_rico.GameBoardGUI.java" Intrnl_Id="736">
<LocList>
<Loc EndOffset="6337" SrcFileId="7" StartOffset="6325"/>
</LocList>
</BasicStmnt>
<BasicStmnt CovItemId="S83" CovItemPrefix="csse376_puerto_rico.GameBoardGUI.java" Intrnl_Id="737">
<LocList>
<Loc EndOffset="6395" SrcFileId="7" StartOffset="6360"/>
</LocList>
</BasicStmnt>
<BasicStmnt CovItemId="S84" CovItemPrefix="csse376_puerto_rico.GameBoardGUI.java" Intrnl_Id="738">
<LocList>
<Loc EndOffset="6473" SrcFileId="7" StartOffset="6429"/>
</LocList>
</BasicStmnt>
<LoopStmnt CovItemId="S85" CovItemPrefix="csse376_puerto_rico.GameBoardGUI.java" Intrnl_Id="739" MltplExecId="L5-2" MltplExecPrefix="csse376_puerto_rico.GameBoardGUI.java" NvrExecId="L5-0" NvrExecPrefix="csse376_puerto_rico.GameBoardGUI.java" OnceExecutedId="L5-1" OnceExecutedPrefix="csse376_puerto_rico.GameBoardGUI.java" OptBodyExec="true">
<StmntSeq Intrnl_Id="740">
<LocList>
<Loc EndOffset="6578" SrcFileId="7" StartOffset="6528"/>
</LocList>
<CondStmnt CovItemId="S86" CovItemPrefix="csse376_puerto_rico.GameBoardGUI.java" Intrnl_Id="741">
<Branch CovItemId="B5" CovItemPrefix="csse376_puerto_rico.GameBoardGUI.java" Implct="false" Intrnl_Id="742">
<Cond/>
<LocList>
<Loc EndOffset="6578" SrcFileId="7" StartOffset="6540"/>
</LocList>
<StmntSeq Intrnl_Id="743">
<LocList>
<Loc EndOffset="6570" SrcFileId="7" StartOffset="6549"/>
</LocList>
<BasicStmnt CovItemId="S87" CovItemPrefix="csse376_puerto_rico.GameBoardGUI.java" Intrnl_Id="744">
<LocList>
<Loc EndOffset="6570" SrcFileId="7" StartOffset="6549"/>
</LocList>
</BasicStmnt>
</StmntSeq>
</Branch>
<Branch CovItemId="B6" CovItemPrefix="csse376_puerto_rico.GameBoardGUI.java" Implct="true" Intrnl_Id="745">
<Cond/>
<LocList/>
<StmntSeq Intrnl_Id="746">
<LocList/>
</StmntSeq>
</Branch>
<Keyword EndOffset="6530" SrcFileId="7" StartOffset="6528"/>
<LocList>
<Loc EndOffset="6578" SrcFileId="7" StartOffset="6528"/>
</LocList>
<RootTerm CovItemId="C8" CovItemPrefix="csse376_puerto_rico.GameBoardGUI.java" Intrnl_Id="747">
<BasicBoolTerm Intrnl_Id="748">
<LocList>
<Loc EndOffset="6538" SrcFileId="7" StartOffset="6532"/>
</LocList>
</BasicBoolTerm>
</RootTerm>
</CondStmnt>
</StmntSeq>
<Keyword EndOffset="6482" SrcFileId="7" StartOffset="6479"/>
<LocList>
<Loc EndOffset="6585" SrcFileId="7" StartOffset="6479"/>
</LocList>
<RootTerm CovItemId="C7" CovItemPrefix="csse376_puerto_rico.GameBoardGUI.java" Intrnl_Id="749">
<BasicBoolTerm Intrnl_Id="750">
<LocList>
<Loc EndOffset="6513" SrcFileId="7" StartOffset="6495"/>
</LocList>
</BasicBoolTerm>
</RootTerm>
</LoopStmnt>
<BasicStmnt CovItemId="S88" CovItemPrefix="csse376_puerto_rico.GameBoardGUI.java" Intrnl_Id="751">
<LocList>
<Loc EndOffset="6616" SrcFileId="7" StartOffset="6591"/>
</LocList>
</BasicStmnt>
</StmntSeq>
<Keyword EndOffset="5548" SrcFileId="7" StartOffset="5545"/>
<LocList>
<Loc EndOffset="6622" SrcFileId="7" StartOffset="5545"/>
</LocList>
<RootTerm CovItemId="C6" CovItemPrefix="csse376_puerto_rico.GameBoardGUI.java" Intrnl_Id="752">
<BasicBoolTerm Intrnl_Id="753">
<LocList>
<Loc EndOffset="5584" SrcFileId="7" StartOffset="5561"/>
</LocList>
</BasicBoolTerm>
</RootTerm>
</LoopStmnt>
</StmntSeq>
<Keyword EndOffset="5477" SrcFileId="7" StartOffset="5472"/>
<LocList>
<Loc EndOffset="6629" SrcFileId="7" StartOffset="5472"/>
</LocList>
<RootTerm CovItemId="C5" CovItemPrefix="csse376_puerto_rico.GameBoardGUI.java" Intrnl_Id="754">
<OpTerm BooleanOpId="11" Intrnl_Id="755">
<BasicBoolTerm Intrnl_Id="756">
<LocList>
<Loc EndOffset="5494" SrcFileId="7" StartOffset="5480"/>
</LocList>
</BasicBoolTerm>
<LocList>
<Loc EndOffset="5480" SrcFileId="7" StartOffset="5479"/>
</LocList>
</OpTerm>
</RootTerm>
</LoopStmnt>
<BasicStmnt CovItemId="S89" CovItemPrefix="csse376_puerto_rico.GameBoardGUI.java" Intrnl_Id="757">
<LocList>
<Loc EndOffset="6718" SrcFileId="7" StartOffset="6633"/>
</LocList>
</BasicStmnt>
</StmntSeq>
</HierarchyLvl>
<HierarchyLvl HierarchyLvlId="7315" HierarchyLvlTypeId="16" Intrnl_Id="758" Name="checkEndGame">
<Header>
<Loc EndOffset="6758" SrcFileId="7" StartOffset="6729"/>
</Header>
<LocList>
<Loc EndOffset="6887" SrcFileId="7" StartOffset="6729"/>
</LocList>
<StmntSeq Intrnl_Id="759">
<LocList>
<Loc EndOffset="6883" SrcFileId="7" StartOffset="6849"/>
</LocList>
<BasicStmnt CovItemId="S90" CovItemPrefix="csse376_puerto_rico.GameBoardGUI.java" Intrnl_Id="760">
<LocList>
<Loc EndOffset="6883" SrcFileId="7" StartOffset="6849"/>
</LocList>
</BasicStmnt>
</StmntSeq>
</HierarchyLvl>
<HierarchyLvl HierarchyLvlId="7316" HierarchyLvlTypeId="16" Intrnl_Id="761" Name="updateMsgBar">
<Header>
<Loc EndOffset="6928" SrcFileId="7" StartOffset="6892"/>
</Header>
<LocList>
<Loc EndOffset="6963" SrcFileId="7" StartOffset="6892"/>
</LocList>
<StmntSeq Intrnl_Id="762">
<LocList>
<Loc EndOffset="6959" SrcFileId="7" StartOffset="6934"/>
</LocList>
<BasicStmnt CovItemId="S91" CovItemPrefix="csse376_puerto_rico.GameBoardGUI.java" Intrnl_Id="763">
<LocList>
<Loc EndOffset="6959" SrcFileId="7" StartOffset="6934"/>
</LocList>
</BasicStmnt>
</StmntSeq>
</HierarchyLvl>
<HierarchyLvl HierarchyLvlId="7317" HierarchyLvlTypeId="16" Intrnl_Id="764" Name="playRole">
<Header>
<Loc EndOffset="7001" SrcFileId="7" StartOffset="6968"/>
</Header>
<LocList>
<Loc EndOffset="22675" SrcFileId="7" StartOffset="6968"/>
</LocList>
<StmntSeq Intrnl_Id="765">
<LocList>
<Loc EndOffset="7050" SrcFileId="7" StartOffset="7013"/>
<Loc EndOffset="7085" SrcFileId="7" StartOffset="7054"/>
<Loc EndOffset="22606" SrcFileId="7" StartOffset="7091"/>
<Loc EndOffset="22640" SrcFileId="7" StartOffset="22610"/>
<Loc EndOffset="22669" SrcFileId="7" StartOffset="22644"/>
</LocList>
<BasicStmnt CovItemId="S92" CovItemPrefix="csse376_puerto_rico.GameBoardGUI.java" Intrnl_Id="766">
<LocList>
<Loc EndOffset="7050" SrcFileId="7" StartOffset="7013"/>
</LocList>
</BasicStmnt>
<BasicStmnt CovItemId="S93" CovItemPrefix="csse376_puerto_rico.GameBoardGUI.java" Intrnl_Id="767">
<LocList>
<Loc EndOffset="7085" SrcFileId="7" StartOffset="7054"/>
</LocList>
</BasicStmnt>
<CondStmnt CovItemId="S94" CovItemPrefix="csse376_puerto_rico.GameBoardGUI.java" Intrnl_Id="768">
<Branch CovItemId="B7" CovItemPrefix="csse376_puerto_rico.GameBoardGUI.java" Implct="false" Intrnl_Id="769">
<Cond/>
<LocList>
<Loc EndOffset="10186" SrcFileId="7" StartOffset="7127"/>
</LocList>
<StmntSeq Intrnl_Id="770">
<LocList>
<Loc EndOffset="7181" SrcFileId="7" StartOffset="7133"/>
<Loc EndOffset="7250" SrcFileId="7" StartOffset="7186"/>
<Loc EndOffset="10181" SrcFileId="7" StartOffset="7257"/>
</LocList>
<BasicStmnt CovItemId="S95" CovItemPrefix="csse376_puerto_rico.GameBoardGUI.java" Intrnl_Id="771">
<LocList>
<Loc EndOffset="7181" SrcFileId="7" StartOffset="7133"/>
</LocList>
</BasicStmnt>
<BasicStmnt CovItemId="S96" CovItemPrefix="csse376_puerto_rico.GameBoardGUI.java" Intrnl_Id="772">
<LocList>
<Loc EndOffset="7250" SrcFileId="7" StartOffset="7186"/>
</LocList>
</BasicStmnt>
<LoopStmnt CovItemId="S97" CovItemPrefix="csse376_puerto_rico.GameBoardGUI.java" Intrnl_Id="773" MltplExecId="L6-2" MltplExecPrefix="csse376_puerto_rico.GameBoardGUI.java" NvrExecId="L6-0" NvrExecPrefix="csse376_puerto_rico.GameBoardGUI.java" OnceExecutedId="L6-1" OnceExecutedPrefix="csse376_puerto_rico.GameBoardGUI.java" OptBodyExec="true">
<StmntSeq Intrnl_Id="774">
<LocList>
<Loc EndOffset="7318" SrcFileId="7" StartOffset="7288"/>
<Loc EndOffset="7388" SrcFileId="7" StartOffset="7326"/>
<Loc EndOffset="7419" SrcFileId="7" StartOffset="7394"/>
<Loc EndOffset="10108" SrcFileId="7" StartOffset="7425"/>
<Loc EndOffset="10155" SrcFileId="7" StartOffset="10114"/>
<Loc EndOffset="10173" SrcFileId="7" StartOffset="10161"/>
</LocList>
<BasicStmnt CovItemId="S98" CovItemPrefix="csse376_puerto_rico.GameBoardGUI.java" Intrnl_Id="775">
<LocList>
<Loc EndOffset="7318" SrcFileId="7" StartOffset="7288"/>
</LocList>
</BasicStmnt>
<BasicStmnt CovItemId="S99" CovItemPrefix="csse376_puerto_rico.GameBoardGUI.java" Intrnl_Id="776">
<LocList>
<Loc EndOffset="7388" SrcFileId="7" StartOffset="7326"/>
</LocList>
</BasicStmnt>
<BasicStmnt CovItemId="S100" CovItemPrefix="csse376_puerto_rico.GameBoardGUI.java" Intrnl_Id="777">
<LocList>
<Loc EndOffset="7419" SrcFileId="7" StartOffset="7394"/>
</LocList>
</BasicStmnt>
<LoopStmnt CovItemId="S101" CovItemPrefix="csse376_puerto_rico.GameBoardGUI.java" Intrnl_Id="778" MltplExecId="L7-2" MltplExecPrefix="csse376_puerto_rico.GameBoardGUI.java" NvrExecId="L7-0" NvrExecPrefix="csse376_puerto_rico.GameBoardGUI.java" OnceExecutedId="L7-1" OnceExecutedPrefix="csse376_puerto_rico.GameBoardGUI.java" OptBodyExec="true">
<StmntSeq Intrnl_Id="779">
<LocList>
<Loc EndOffset="7756" SrcFileId="7" StartOffset="7451"/>
<Loc EndOffset="10066" SrcFileId="7" StartOffset="7763"/>
<Loc EndOffset="10101" SrcFileId="7" StartOffset="10075"/>
</LocList>
<BasicStmnt CovItemId="S102" CovItemPrefix="csse376_puerto_rico.GameBoardGUI.java" Intrnl_Id="780">
<LocList>
<Loc EndOffset="7756" SrcFileId="7" StartOffset="7451"/>
</LocList>
</BasicStmnt>
<CondStmnt CovItemId="S103" CovItemPrefix="csse376_puerto_rico.GameBoardGUI.java" Intrnl_Id="781">
<Branch CovItemId="B9" CovItemPrefix="csse376_puerto_rico.GameBoardGUI.java" Implct="false" Intrnl_Id="782">
<Cond/>
<LocList>
<Loc EndOffset="8935" SrcFileId="7" StartOffset="7775"/>
</LocList>
<StmntSeq Intrnl_Id="783">
<LocList>
<Loc EndOffset="7890" SrcFileId="7" StartOffset="7784"/>
<Loc EndOffset="7929" SrcFileId="7" StartOffset="7898"/>
<Loc EndOffset="7979" SrcFileId="7" StartOffset="7937"/>
<Loc EndOffset="8285" SrcFileId="7" StartOffset="7989"/>
<Loc EndOffset="8925" SrcFileId="7" StartOffset="8293"/>
</LocList>
<BasicStmnt CovItemId="S104" CovItemPrefix="csse376_puerto_rico.GameBoardGUI.java" Intrnl_Id="784">
<LocList>
<Loc EndOffset="7890" SrcFileId="7" StartOffset="7784"/>
</LocList>
</BasicStmnt>
<BasicStmnt CovItemId="S105" CovItemPrefix="csse376_puerto_rico.GameBoardGUI.java" Intrnl_Id="785">
<LocList>
<Loc EndOffset="7929" SrcFileId="7" StartOffset="7898"/>
</LocList>
</BasicStmnt>
<BasicStmnt CovItemId="S106" CovItemPrefix="csse376_puerto_rico.GameBoardGUI.java" Intrnl_Id="786">
<LocList>
<Loc EndOffset="7979" SrcFileId="7" StartOffset="7937"/>
</LocList>
</BasicStmnt>
<BasicStmnt CovItemId="S107" CovItemPrefix="csse376_puerto_rico.GameBoardGUI.java" Intrnl_Id="787">
<LocList>
<Loc EndOffset="8285" SrcFileId="7" StartOffset="7989"/>
</LocList>
</BasicStmnt>
<CondStmnt CovItemId="S108" CovItemPrefix="csse376_puerto_rico.GameBoardGUI.java" Intrnl_Id="788">
<Branch CovItemId="B11" CovItemPrefix="csse376_puerto_rico.GameBoardGUI.java" Implct="false" Intrnl_Id="789">
<Cond/>
<LocList>
<Loc EndOffset="8806" SrcFileId="7" StartOffset="8329"/>
</LocList>
<StmntSeq Intrnl_Id="790">
<LocList>
<Loc EndOffset="8408" SrcFileId="7" StartOffset="8339"/>
<Loc EndOffset="8797" SrcFileId="7" StartOffset="8417"/>
</LocList>
<BasicStmnt CovItemId="S109" CovItemPrefix="csse376_puerto_rico.GameBoardGUI.java" Intrnl_Id="791">
<LocList>
<Loc EndOffset="8408" SrcFileId="7" StartOffset="8339"/>
</LocList>
</BasicStmnt>
<CondStmnt CovItemId="S110" CovItemPrefix="csse376_puerto_rico.GameBoardGUI.java" Intrnl_Id="792">
<Branch CovItemId="B13" CovItemPrefix="csse376_puerto_rico.GameBoardGUI.java" Implct="false" Intrnl_Id="793">
<Cond/>
<LocList>
<Loc EndOffset="8685" SrcFileId="7" StartOffset="8469"/>
</LocList>
<StmntSeq Intrnl_Id="794">
<LocList>
<Loc EndOffset="8537" SrcFileId="7" StartOffset="8480"/>
<Loc EndOffset="8563" SrcFileId="7" StartOffset="8547"/>
<Loc EndOffset="8675" SrcFileId="7" StartOffset="8573"/>
</LocList>
<BasicStmnt CovItemId="S111" CovItemPrefix="csse376_puerto_rico.GameBoardGUI.java" Intrnl_Id="795">
<LocList>
<Loc EndOffset="8537" SrcFileId="7" StartOffset="8480"/>
</LocList>
</BasicStmnt>
<BasicStmnt CovItemId="S112" CovItemPrefix="csse376_puerto_rico.GameBoardGUI.java" Intrnl_Id="796">
<LocList>
<Loc EndOffset="8563" SrcFileId="7" StartOffset="8547"/>
</LocList>
</BasicStmnt>
<BasicStmnt CovItemId="S113" CovItemPrefix="csse376_puerto_rico.GameBoardGUI.java" Intrnl_Id="797">
<LocList>
<Loc EndOffset="8675" SrcFileId="7" StartOffset="8573"/>
</LocList>
</BasicStmnt>
</StmntSeq>
</Branch>
<Branch CovItemId="B14" CovItemPrefix="csse376_puerto_rico.GameBoardGUI.java" Implct="false" Intrnl_Id="798">
<Cond>
<Loc EndOffset="8690" SrcFileId="7" StartOffset="8686"/>
</Cond>
<LocList>
<Loc EndOffset="8797" SrcFileId="7" StartOffset="8691"/>
</LocList>
<StmntSeq Intrnl_Id="799">
<LocList>
<Loc EndOffset="8787" SrcFileId="7" StartOffset="8702"/>
</LocList>
<BasicStmnt CovItemId="S114" CovItemPrefix="csse376_puerto_rico.GameBoardGUI.java" Intrnl_Id="800">
<LocList>
<Loc EndOffset="8787" SrcFileId="7" StartOffset="8702"/>
</LocList>
</BasicStmnt>
</StmntSeq>
</Branch>
<Keyword EndOffset="8419" SrcFileId="7" StartOffset="8417"/>
<LocList>
<Loc EndOffset="8797" SrcFileId="7" StartOffset="8417"/>
</LocList>
<RootTerm CovItemId="C14" CovItemPrefix="csse376_puerto_rico.GameBoardGUI.java" Intrnl_Id="801">
<BasicBoolTerm Intrnl_Id="802">
<LocList>
<Loc EndOffset="8467" SrcFileId="7" StartOffset="8421"/>
</LocList>
</BasicBoolTerm>
</RootTerm>
</CondStmnt>
</StmntSeq>
</Branch>
<Branch CovItemId="B12" CovItemPrefix="csse376_puerto_rico.GameBoardGUI.java" Implct="false" Intrnl_Id="803">
<Cond>
<Loc EndOffset="8811" SrcFileId="7" StartOffset="8807"/>
</Cond>
<LocList>
<Loc EndOffset="8925" SrcFileId="7" StartOffset="8812"/>
</LocList>
<StmntSeq Intrnl_Id="804">
<LocList>
<Loc EndOffset="8890" SrcFileId="7" StartOffset="8824"/>
<Loc EndOffset="8916" SrcFileId="7" StartOffset="8899"/>
</LocList>
<BasicStmnt CovItemId="S115" CovItemPrefix="csse376_puerto_rico.GameBoardGUI.java" Intrnl_Id="805">
<LocList>
<Loc EndOffset="8890" SrcFileId="7" StartOffset="8824"/>
</LocList>
</BasicStmnt>
<BasicStmnt CovItemId="S116" CovItemPrefix="csse376_puerto_rico.GameBoardGUI.java" Intrnl_Id="806">
<LocList>
<Loc EndOffset="8916" SrcFileId="7" StartOffset="8899"/>
</LocList>
</BasicStmnt>
</StmntSeq>
</Branch>
<Keyword EndOffset="8295" SrcFileId="7" StartOffset="8293"/>
<LocList>
<Loc EndOffset="8925" SrcFileId="7" StartOffset="8293"/>
</LocList>
<RootTerm CovItemId="C13" CovItemPrefix="csse376_puerto_rico.GameBoardGUI.java" Intrnl_Id="807">
<BasicBoolTerm Intrnl_Id="808">
<LocList>
<Loc EndOffset="8327" SrcFileId="7" StartOffset="8297"/>
</LocList>
</BasicBoolTerm>
</RootTerm>
</CondStmnt>
</StmntSeq>
</Branch>
<Branch CovItemId="B10" CovItemPrefix="csse376_puerto_rico.GameBoardGUI.java" Implct="false" Intrnl_Id="809">
<Cond>
<Loc EndOffset="8940" SrcFileId="7" StartOffset="8936"/>
</Cond>
<LocList>
<Loc EndOffset="10066" SrcFileId="7" StartOffset="8941"/>
</LocList>
<StmntSeq Intrnl_Id="810">
<LocList>
<Loc EndOffset="10066" SrcFileId="7" StartOffset="8941"/>
</LocList>
<CondStmnt CovItemId="S117" CovItemPrefix="csse376_puerto_rico.GameBoardGUI.java" Intrnl_Id="811">
<Branch CovItemId="B15" CovItemPrefix="csse376_puerto_rico.GameBoardGUI.java" Implct="false" Intrnl_Id="812">
<Cond/>
<LocList>
<Loc EndOffset="10006" SrcFileId="7" StartOffset="8953"/>
</LocList>
<StmntSeq Intrnl_Id="813">
<LocList>
<Loc EndOffset="9067" SrcFileId="7" StartOffset="8962"/>
<Loc EndOffset="9103" SrcFileId="7" StartOffset="9075"/>
<Loc EndOffset="9150" SrcFileId="7" StartOffset="9111"/>
<Loc EndOffset="9460" SrcFileId="7" StartOffset="9160"/>
<Loc EndOffset="9998" SrcFileId="7" StartOffset="9468"/>
</LocList>
<BasicStmnt CovItemId="S118" CovItemPrefix="csse376_puerto_rico.GameBoardGUI.java" Intrnl_Id="814">
<LocList>
<Loc EndOffset="9067" SrcFileId="7" StartOffset="8962"/>
</LocList>
</BasicStmnt>
<BasicStmnt CovItemId="S119" CovItemPrefix="csse376_puerto_rico.GameBoardGUI.java" Intrnl_Id="815">
<LocList>
<Loc EndOffset="9103" SrcFileId="7" StartOffset="9075"/>
</LocList>
</BasicStmnt>
<BasicStmnt CovItemId="S120" CovItemPrefix="csse376_puerto_rico.GameBoardGUI.java" Intrnl_Id="816">
<LocList>
<Loc EndOffset="9150" SrcFileId="7" StartOffset="9111"/>
</LocList>
</BasicStmnt>
<BasicStmnt CovItemId="S121" CovItemPrefix="csse376_puerto_rico.GameBoardGUI.java" Intrnl_Id="817">
<LocList>
<Loc EndOffset="9460" SrcFileId="7" StartOffset="9160"/>
</LocList>
</BasicStmnt>
<CondStmnt CovItemId="S122" CovItemPrefix="csse376_puerto_rico.GameBoardGUI.java" Intrnl_Id="818">
<Branch CovItemId="B17" CovItemPrefix="csse376_puerto_rico.GameBoardGUI.java" Implct="false" Intrnl_Id="819">
<Cond/>
<LocList>
<Loc EndOffset="9879" SrcFileId="7" StartOffset="9506"/>
</LocList>
<StmntSeq Intrnl_Id="820">
<LocList>
<Loc EndOffset="9595" SrcFileId="7" StartOffset="9516"/>
<Loc EndOffset="9870" SrcFileId="7" StartOffset="9604"/>
</LocList>
<BasicStmnt CovItemId="S123" CovItemPrefix="csse376_puerto_rico.GameBoardGUI.java" Intrnl_Id="821">
<LocList>
<Loc EndOffset="9595" SrcFileId="7" StartOffset="9516"/>
</LocList>
</BasicStmnt>
<CondStmnt CovItemId="S124" CovItemPrefix="csse376_puerto_rico.GameBoardGUI.java" Intrnl_Id="822">
<Branch CovItemId="B19" CovItemPrefix="csse376_puerto_rico.GameBoardGUI.java" Implct="false" Intrnl_Id="823">
<Cond/>
<LocList>
<Loc EndOffset="9701" SrcFileId="7" StartOffset="9631"/>
</LocList>
<StmntSeq Intrnl_Id="824">
<LocList>
<Loc EndOffset="9691" SrcFileId="7" StartOffset="9642"/>
</LocList>
<BasicStmnt CovItemId="S125" CovItemPrefix="csse376_puerto_rico.GameBoardGUI.java" Intrnl_Id="825">
<LocList>
<Loc EndOffset="9691" SrcFileId="7" StartOffset="9642"/>
</LocList>
</BasicStmnt>
</StmntSeq>
</Branch>
<Branch CovItemId="B20" CovItemPrefix="csse376_puerto_rico.GameBoardGUI.java" Implct="false" Intrnl_Id="826">
<Cond>
<Loc EndOffset="9706" SrcFileId="7" StartOffset="9702"/>
</Cond>
<LocList>
<Loc EndOffset="9870" SrcFileId="7" StartOffset="9707"/>
</LocList>
<StmntSeq Intrnl_Id="827">
<LocList>
<Loc EndOffset="9747" SrcFileId="7" StartOffset="9718"/>
<Loc EndOffset="9773" SrcFileId="7" StartOffset="9757"/>
<Loc EndOffset="9860" SrcFileId="7" StartOffset="9783"/>
</LocList>
<BasicStmnt CovItemId="S126" CovItemPrefix="csse376_puerto_rico.GameBoardGUI.java" Intrnl_Id="828">
<LocList>
<Loc EndOffset="9747" SrcFileId="7" StartOffset="9718"/>
</LocList>
</BasicStmnt>
<BasicStmnt CovItemId="S127" CovItemPrefix="csse376_puerto_rico.GameBoardGUI.java" Intrnl_Id="829">
<LocList>
<Loc EndOffset="9773" SrcFileId="7" StartOffset="9757"/>
</LocList>
</BasicStmnt>
<BasicStmnt CovItemId="S128" CovItemPrefix="csse376_puerto_rico.GameBoardGUI.java" Intrnl_Id="830">
<LocList>
<Loc EndOffset="9860" SrcFileId="7" StartOffset="9783"/>
</LocList>
</BasicStmnt>
</StmntSeq>
</Branch>
<Keyword EndOffset="9606" SrcFileId="7" StartOffset="9604"/>
<LocList>
<Loc EndOffset="9870" SrcFileId="7" StartOffset="9604"/>
</LocList>
<RootTerm CovItemId="C17" CovItemPrefix="csse376_puerto_rico.GameBoardGUI.java" Intrnl_Id="831">
<BasicBoolTerm Intrnl_Id="832">
<LocList>
<Loc EndOffset="9629" SrcFileId="7" StartOffset="9608"/>
</LocList>
</BasicBoolTerm>
</RootTerm>
</CondStmnt>
</StmntSeq>
</Branch>
<Branch CovItemId="B18" CovItemPrefix="csse376_puerto_rico.GameBoardGUI.java" Implct="false" Intrnl_Id="833">
<Cond>
<Loc EndOffset="9884" SrcFileId="7" StartOffset="9880"/>
</Cond>
<LocList>
<Loc EndOffset="9998" SrcFileId="7" StartOffset="9885"/>
</LocList>
<StmntSeq Intrnl_Id="834">
<LocList>
<Loc EndOffset="9963" SrcFileId="7" StartOffset="9897"/>
<Loc EndOffset="9989" SrcFileId="7" StartOffset="9972"/>
</LocList>
<BasicStmnt CovItemId="S129" CovItemPrefix="csse376_puerto_rico.GameBoardGUI.java" Intrnl_Id="835">
<LocList>
<Loc EndOffset="9963" SrcFileId="7" StartOffset="9897"/>
</LocList>
</BasicStmnt>
<BasicStmnt CovItemId="S130" CovItemPrefix="csse376_puerto_rico.GameBoardGUI.java" Intrnl_Id="836">
<LocList>
<Loc EndOffset="9989" SrcFileId="7" StartOffset="9972"/>
</LocList>
</BasicStmnt>
</StmntSeq>
</Branch>
<Keyword EndOffset="9470" SrcFileId="7" StartOffset="9468"/>
<LocList>
<Loc EndOffset="9998" SrcFileId="7" StartOffset="9468"/>
</LocList>
<RootTerm CovItemId="C16" CovItemPrefix="csse376_puerto_rico.GameBoardGUI.java" Intrnl_Id="837">
<BasicBoolTerm Intrnl_Id="838">
<LocList>
<Loc EndOffset="9504" SrcFileId="7" StartOffset="9472"/>
</LocList>
</BasicBoolTerm>
</RootTerm>
</CondStmnt>
</StmntSeq>
</Branch>
<Branch CovItemId="B16" CovItemPrefix="csse376_puerto_rico.GameBoardGUI.java" Implct="false" Intrnl_Id="839">
<Cond>
<Loc EndOffset="10011" SrcFileId="7" StartOffset="10007"/>
</Cond>
<LocList>
<Loc EndOffset="10066" SrcFileId="7" StartOffset="10012"/>
</LocList>
<StmntSeq Intrnl_Id="840">
<LocList>
<Loc EndOffset="10058" SrcFileId="7" StartOffset="10042"/>
</LocList>
<BasicStmnt CovItemId="S131" CovItemPrefix="csse376_puerto_rico.GameBoardGUI.java" Intrnl_Id="841">
<LocList>
<Loc EndOffset="10058" SrcFileId="7" StartOffset="10042"/>
</LocList>
</BasicStmnt>
</StmntSeq>
</Branch>
<Keyword EndOffset="8943" SrcFileId="7" StartOffset="8941"/>
<LocList>
<Loc EndOffset="10066" SrcFileId="7" StartOffset="8941"/>
</LocList>
<RootTerm CovItemId="C15" CovItemPrefix="csse376_puerto_rico.GameBoardGUI.java" Intrnl_Id="842">
<BasicBoolTerm Intrnl_Id="843">
<LocList>
<Loc EndOffset="8951" SrcFileId="7" StartOffset="8945"/>
</LocList>
</BasicBoolTerm>
</RootTerm>
</CondStmnt>
</StmntSeq>
</Branch>
<Keyword EndOffset="7765" SrcFileId="7" StartOffset="7763"/>
<LocList>
<Loc EndOffset="10066" SrcFileId="7" StartOffset="7763"/>
</LocList>
<RootTerm CovItemId="C12" CovItemPrefix="csse376_puerto_rico.GameBoardGUI.java" Intrnl_Id="844">
<BasicBoolTerm Intrnl_Id="845">
<LocList>
<Loc EndOffset="7773" SrcFileId="7" StartOffset="7767"/>
</LocList>
</BasicBoolTerm>
</RootTerm>
</CondStmnt>
<BasicStmnt CovItemId="S132" CovItemPrefix="csse376_puerto_rico.GameBoardGUI.java" Intrnl_Id="846">
<LocList>
<Loc EndOffset="10101" SrcFileId="7" StartOffset="10075"/>
</LocList>
</BasicStmnt>
</StmntSeq>
<Keyword EndOffset="7430" SrcFileId="7" StartOffset="7425"/>
<LocList>
<Loc EndOffset="10108" SrcFileId="7" StartOffset="7425"/>
</LocList>
<RootTerm CovItemId="C11" CovItemPrefix="csse376_puerto_rico.GameBoardGUI.java" Intrnl_Id="847">
<OpTerm BooleanOpId="11" Intrnl_Id="848">
<BasicBoolTerm Intrnl_Id="849">
<LocList>
<Loc EndOffset="7441" SrcFileId="7" StartOffset="7433"/>
</LocList>
</BasicBoolTerm>
<LocList>
<Loc EndOffset="7433" SrcFileId="7" StartOffset="7432"/>
</LocList>
</OpTerm>
</RootTerm>
</LoopStmnt>
<BasicStmnt CovItemId="S133" CovItemPrefix="csse376_puerto_rico.GameBoardGUI.java" Intrnl_Id="850">
<LocList>
<Loc EndOffset="10155" SrcFileId="7" StartOffset="10114"/>
</LocList>
</BasicStmnt>
<BasicStmnt CovItemId="S134" CovItemPrefix="csse376_puerto_rico.GameBoardGUI.java" Intrnl_Id="851">
<LocList>
<Loc EndOffset="10173" SrcFileId="7" StartOffset="10161"/>
</LocList>
</BasicStmnt>
</StmntSeq>
<Keyword EndOffset="7262" SrcFileId="7" StartOffset="7257"/>
<LocList>
<Loc EndOffset="10181" SrcFileId="7" StartOffset="7257"/>
</LocList>
<RootTerm CovItemId="C10" CovItemPrefix="csse376_puerto_rico.GameBoardGUI.java" Intrnl_Id="852">
<BasicBoolTerm Intrnl_Id="853">
<LocList>
<Loc EndOffset="7277" SrcFileId="7" StartOffset="7264"/>
</LocList>
</BasicBoolTerm>
</RootTerm>
</LoopStmnt>
</StmntSeq>
</Branch>
<Branch CovItemId="B8" CovItemPrefix="csse376_puerto_rico.GameBoardGUI.java" Implct="false" Intrnl_Id="854">
<Cond>
<Loc EndOffset="10191" SrcFileId="7" StartOffset="10187"/>
</Cond>
<LocList>
<Loc EndOffset="22606" SrcFileId="7" StartOffset="10192"/>
</LocList>
<StmntSeq Intrnl_Id="855">
<LocList>
<Loc EndOffset="22606" SrcFileId="7" StartOffset="10192"/>
</LocList>
<CondStmnt CovItemId="S135" CovItemPrefix="csse376_puerto_rico.GameBoardGUI.java" Intrnl_Id="856">
<Branch CovItemId="B21" CovItemPrefix="csse376_puerto_rico.GameBoardGUI.java" Implct="false" Intrnl_Id="857">
<Cond/>
<LocList>
<Loc EndOffset="11694" SrcFileId="7" StartOffset="10230"/>
</LocList>
<StmntSeq Intrnl_Id="858">
<LocList>
<Loc EndOffset="10283" SrcFileId="7" StartOffset="10236"/>
<Loc EndOffset="10318" SrcFileId="7" StartOffset="10288"/>
<Loc EndOffset="11689" SrcFileId="7" StartOffset="10325"/>
</LocList>
<BasicStmnt CovItemId="S136" CovItemPrefix="csse376_puerto_rico.GameBoardGUI.java" Intrnl_Id="859">
<LocList>
<Loc EndOffset="10283" SrcFileId="7" StartOffset="10236"/>
</LocList>
</BasicStmnt>
<BasicStmnt CovItemId="S137" CovItemPrefix="csse376_puerto_rico.GameBoardGUI.java" Intrnl_Id="860">
<LocList>
<Loc EndOffset="10318" SrcFileId="7" StartOffset="10288"/>
</LocList>
</BasicStmnt>
<LoopStmnt CovItemId="S138" CovItemPrefix="csse376_puerto_rico.GameBoardGUI.java" Intrnl_Id="861" MltplExecId="L8-2" MltplExecPrefix="csse376_puerto_rico.GameBoardGUI.java" NvrExecId="L8-0" NvrExecPrefix="csse376_puerto_rico.GameBoardGUI.java" OnceExecutedId="L8-1" OnceExecutedPrefix="csse376_puerto_rico.GameBoardGUI.java" OptBodyExec="true">
<StmntSeq Intrnl_Id="862">
<LocList>
<Loc EndOffset="10403" SrcFileId="7" StartOffset="10373"/>
<Loc EndOffset="10437" SrcFileId="7" StartOffset="10409"/>
<Loc EndOffset="10487" SrcFileId="7" StartOffset="10445"/>
<Loc EndOffset="10544" SrcFileId="7" StartOffset="10493"/>
<Loc EndOffset="10681" SrcFileId="7" StartOffset="10550"/>
<Loc EndOffset="10709" SrcFileId="7" StartOffset="10687"/>
<Loc EndOffset="10751" SrcFileId="7" StartOffset="10715"/>
<Loc EndOffset="11042" SrcFileId="7" StartOffset="10799"/>
<Loc EndOffset="11507" SrcFileId="7" StartOffset="11048"/>
<Loc EndOffset="11634" SrcFileId="7" StartOffset="11608"/>
<Loc EndOffset="11681" SrcFileId="7" StartOffset="11640"/>
</LocList>
<BasicStmnt CovItemId="S139" CovItemPrefix="csse376_puerto_rico.GameBoardGUI.java" Intrnl_Id="863">
<LocList>
<Loc EndOffset="10403" SrcFileId="7" StartOffset="10373"/>
</LocList>
</BasicStmnt>
<BasicStmnt CovItemId="S140" CovItemPrefix="csse376_puerto_rico.GameBoardGUI.java" Intrnl_Id="864">
<LocList>
<Loc EndOffset="10437" SrcFileId="7" StartOffset="10409"/>
</LocList>
</BasicStmnt>
<BasicStmnt CovItemId="S141" CovItemPrefix="csse376_puerto_rico.GameBoardGUI.java" Intrnl_Id="865">
<LocList>
<Loc EndOffset="10487" SrcFileId="7" StartOffset="10445"/>
</LocList>
</BasicStmnt>
<BasicStmnt CovItemId="S142" CovItemPrefix="csse376_puerto_rico.GameBoardGUI.java" Intrnl_Id="866">
<LocList>
<Loc EndOffset="10544" SrcFileId="7" StartOffset="10493"/>
</LocList>
</BasicStmnt>
<LoopStmnt CovItemId="S143" CovItemPrefix="csse376_puerto_rico.GameBoardGUI.java" Intrnl_Id="867" MltplExecId="L9-2" MltplExecPrefix="csse376_puerto_rico.GameBoardGUI.java" NvrExecId="L9-0" NvrExecPrefix="csse376_puerto_rico.GameBoardGUI.java" OnceExecutedId="L9-1" OnceExecutedPrefix="csse376_puerto_rico.GameBoardGUI.java" OptBodyExec="true">
<StmntSeq Intrnl_Id="868">
<LocList>
<Loc EndOffset="10674" SrcFileId="7" StartOffset="10587"/>
</LocList>
<CondStmnt CovItemId="S144" CovItemPrefix="csse376_puerto_rico.GameBoardGUI.java" Intrnl_Id="869">
<Branch CovItemId="B23" CovItemPrefix="csse376_puerto_rico.GameBoardGUI.java" Implct="false" Intrnl_Id="870">
<Cond/>
<LocList>
<Loc EndOffset="10674" SrcFileId="7" StartOffset="10631"/>
</LocList>
<StmntSeq Intrnl_Id="871">
<LocList>
<Loc EndOffset="10666" SrcFileId="7" StartOffset="10640"/>
</LocList>
<BasicStmnt CovItemId="S145" CovItemPrefix="csse376_puerto_rico.GameBoardGUI.java" Intrnl_Id="872">
<LocList>
<Loc EndOffset="10666" SrcFileId="7" StartOffset="10640"/>
</LocList>
</BasicStmnt>
</StmntSeq>
</Branch>
<Branch CovItemId="B24" CovItemPrefix="csse376_puerto_rico.GameBoardGUI.java" Implct="true" Intrnl_Id="873">
<Cond/>
<LocList/>
<StmntSeq Intrnl_Id="874">
<LocList/>
</StmntSeq>
</Branch>
<Keyword EndOffset="10589" SrcFileId="7" StartOffset="10587"/>
<LocList>
<Loc EndOffset="10674" SrcFileId="7" StartOffset="10587"/>
</LocList>
<RootTerm CovItemId="C20" CovItemPrefix="csse376_puerto_rico.GameBoardGUI.java" Intrnl_Id="875">
<BasicBoolTerm Intrnl_Id="876">
<LocList>
<Loc EndOffset="10629" SrcFileId="7" StartOffset="10591"/>
</LocList>
</BasicBoolTerm>
</RootTerm>
</CondStmnt>
</StmntSeq>
<Keyword EndOffset="10553" SrcFileId="7" StartOffset="10550"/>
<LocList>
<Loc EndOffset="10681" SrcFileId="7" StartOffset="10550"/>
</LocList>
</LoopStmnt>
<BasicStmnt CovItemId="S146" CovItemPrefix="csse376_puerto_rico.GameBoardGUI.java" Intrnl_Id="877">
<LocList>
<Loc EndOffset="10709" SrcFileId="7" StartOffset="10687"/>
</LocList>
</BasicStmnt>
<BasicStmnt CovItemId="S147" CovItemPrefix="csse376_puerto_rico.GameBoardGUI.java" Intrnl_Id="878">
<LocList>
<Loc EndOffset="10751" SrcFileId="7" StartOffset="10715"/>
</LocList>
</BasicStmnt>
<BasicStmnt CovItemId="S148" CovItemPrefix="csse376_puerto_rico.GameBoardGUI.java" Intrnl_Id="879">
<LocList>
<Loc EndOffset="11042" SrcFileId="7" StartOffset="10799"/>
</LocList>
</BasicStmnt>
<CondStmnt CovItemId="S149" CovItemPrefix="csse376_puerto_rico.GameBoardGUI.java" Intrnl_Id="880">
<Branch CovItemId="B25" CovItemPrefix="csse376_puerto_rico.GameBoardGUI.java" Implct="false" Intrnl_Id="881">
<Cond/>
<LocList>
<Loc EndOffset="11507" SrcFileId="7" StartOffset="11076"/>
</LocList>
<StmntSeq Intrnl_Id="882">
<LocList>
<Loc EndOffset="11133" SrcFileId="7" StartOffset="11084"/>
<Loc EndOffset="11170" SrcFileId="7" StartOffset="11140"/>
<Loc EndOffset="11332" SrcFileId="7" StartOffset="11177"/>
<Loc EndOffset="11433" SrcFileId="7" StartOffset="11339"/>
<Loc EndOffset="11500" SrcFileId="7" StartOffset="11440"/>
</LocList>
<BasicStmnt CovItemId="S150" CovItemPrefix="csse376_puerto_rico.GameBoardGUI.java" Intrnl_Id="883">
<LocList>
<Loc EndOffset="11133" SrcFileId="7" StartOffset="11084"/>
</LocList>
</BasicStmnt>
<BasicStmnt CovItemId="S151" CovItemPrefix="csse376_puerto_rico.GameBoardGUI.java" Intrnl_Id="884">
<LocList>
<Loc EndOffset="11170" SrcFileId="7" StartOffset="11140"/>
</LocList>
</BasicStmnt>
<CondStmnt CovItemId="S152" CovItemPrefix="csse376_puerto_rico.GameBoardGUI.java" Intrnl_Id="885">
<Branch CovItemId="B27" CovItemPrefix="csse376_puerto_rico.GameBoardGUI.java" Implct="false" Intrnl_Id="886">
<Cond/>
<LocList>
<Loc EndOffset="11332" SrcFileId="7" StartOffset="11224"/>
</LocList>
<StmntSeq Intrnl_Id="887">
<LocList>
<Loc EndOffset="11284" SrcFileId="7" StartOffset="11233"/>
<Loc EndOffset="11324" SrcFileId="7" StartOffset="11292"/>
</LocList>
<BasicStmnt CovItemId="S153" CovItemPrefix="csse376_puerto_rico.GameBoardGUI.java" Intrnl_Id="888">
<LocList>
<Loc EndOffset="11284" SrcFileId="7" StartOffset="11233"/>
</LocList>
</BasicStmnt>
<BasicStmnt CovItemId="S154" CovItemPrefix="csse376_puerto_rico.GameBoardGUI.java" Intrnl_Id="889">
<LocList>
<Loc EndOffset="11324" SrcFileId="7" StartOffset="11292"/>
</LocList>
</BasicStmnt>
</StmntSeq>
</Branch>
<Branch CovItemId="B28" CovItemPrefix="csse376_puerto_rico.GameBoardGUI.java" Implct="true" Intrnl_Id="890">
<Cond/>
<LocList/>
<StmntSeq Intrnl_Id="891">
<LocList/>
</StmntSeq>
</Branch>
<Keyword EndOffset="11179" SrcFileId="7" StartOffset="11177"/>
<LocList>
<Loc EndOffset="11332" SrcFileId="7" StartOffset="11177"/>
</LocList>
<RootTerm CovItemId="C22" CovItemPrefix="csse376_puerto_rico.GameBoardGUI.java" Intrnl_Id="892">
<BasicBoolTerm Intrnl_Id="893">
<LocList>
<Loc EndOffset="11222" SrcFileId="7" StartOffset="11181"/>
</LocList>
</BasicBoolTerm>
</RootTerm>
</CondStmnt>
<CondStmnt CovItemId="S155" CovItemPrefix="csse376_puerto_rico.GameBoardGUI.java" Intrnl_Id="894">
<Branch CovItemId="B29" CovItemPrefix="csse376_puerto_rico.GameBoardGUI.java" Implct="false" Intrnl_Id="895">
<Cond/>
<LocList>
<Loc EndOffset="11433" SrcFileId="7" StartOffset="11379"/>
</LocList>
<StmntSeq Intrnl_Id="896">
<LocList>
<Loc EndOffset="11425" SrcFileId="7" StartOffset="11388"/>
</LocList>
<BasicStmnt CovItemId="S156" CovItemPrefix="csse376_puerto_rico.GameBoardGUI.java" Intrnl_Id="897">
<LocList>
<Loc EndOffset="11425" SrcFileId="7" StartOffset="11388"/>
</LocList>
</BasicStmnt>
</StmntSeq>
</Branch>
<Branch CovItemId="B30" CovItemPrefix="csse376_puerto_rico.GameBoardGUI.java" Implct="true" Intrnl_Id="898">
<Cond/>
<LocList/>
<StmntSeq Intrnl_Id="899">
<LocList/>
</StmntSeq>
</Branch>
<Keyword EndOffset="11341" SrcFileId="7" StartOffset="11339"/>
<LocList>
<Loc EndOffset="11433" SrcFileId="7" StartOffset="11339"/>
</LocList>
<RootTerm CovItemId="C23" CovItemPrefix="csse376_puerto_rico.GameBoardGUI.java" Intrnl_Id="900">
<BasicBoolTerm Intrnl_Id="901">
<LocList>
<Loc EndOffset="11377" SrcFileId="7" StartOffset="11343"/>
</LocList>
</BasicBoolTerm>
</RootTerm>
</CondStmnt>
<BasicStmnt CovItemId="S157" CovItemPrefix="csse376_puerto_rico.GameBoardGUI.java" Intrnl_Id="902">
<LocList>
<Loc EndOffset="11500" SrcFileId="7" StartOffset="11440"/>
</LocList>
</BasicStmnt>
</StmntSeq>
</Branch>
<Branch CovItemId="B26" CovItemPrefix="csse376_puerto_rico.GameBoardGUI.java" Implct="true" Intrnl_Id="903">
<Cond/>
<LocList/>
<StmntSeq Intrnl_Id="904">
<LocList/>
</StmntSeq>
</Branch>
<Keyword EndOffset="11050" SrcFileId="7" StartOffset="11048"/>
<LocList>
<Loc EndOffset="11507" SrcFileId="7" StartOffset="11048"/>
</LocList>
<RootTerm CovItemId="C21" CovItemPrefix="csse376_puerto_rico.GameBoardGUI.java" Intrnl_Id="905">
<BasicBoolTerm Intrnl_Id="906">
<LocList>
<Loc EndOffset="11074" SrcFileId="7" StartOffset="11052"/>
</LocList>
</BasicBoolTerm>
</RootTerm>
</CondStmnt>
<BasicStmnt CovItemId="S158" CovItemPrefix="csse376_puerto_rico.GameBoardGUI.java" Intrnl_Id="907">
<LocList>
<Loc EndOffset="11634" SrcFileId="7" StartOffset="11608"/>
</LocList>
</BasicStmnt>
<BasicStmnt CovItemId="S159" CovItemPrefix="csse376_puerto_rico.GameBoardGUI.java" Intrnl_Id="908">
<LocList>
<Loc EndOffset="11681" SrcFileId="7" StartOffset="11640"/>
</LocList>
</BasicStmnt>
</StmntSeq>
<Keyword EndOffset="10328" SrcFileId="7" StartOffset="10325"/>
<LocList>
<Loc EndOffset="11689" SrcFileId="7" StartOffset="10325"/>
</LocList>
<RootTerm CovItemId="C19" CovItemPrefix="csse376_puerto_rico.GameBoardGUI.java" Intrnl_Id="909">
<BasicBoolTerm Intrnl_Id="910">
<LocList>
<Loc EndOffset="10359" SrcFileId="7" StartOffset="10341"/>
</LocList>
</BasicBoolTerm>
</RootTerm>
</LoopStmnt>
</StmntSeq>
</Branch>
<Branch CovItemId="B22" CovItemPrefix="csse376_puerto_rico.GameBoardGUI.java" Implct="false" Intrnl_Id="911">
<Cond>
<Loc EndOffset="11699" SrcFileId="7" StartOffset="11695"/>
</Cond>
<LocList>
<Loc EndOffset="22606" SrcFileId="7" StartOffset="11700"/>
</LocList>
<StmntSeq Intrnl_Id="912">
<LocList>
<Loc EndOffset="22606" SrcFileId="7" StartOffset="11700"/>
</LocList>
<CondStmnt CovItemId="S160" CovItemPrefix="csse376_puerto_rico.GameBoardGUI.java" Intrnl_Id="913">
<Branch CovItemId="B31" CovItemPrefix="csse376_puerto_rico.GameBoardGUI.java" Implct="false" Intrnl_Id="914">
<Cond/>
<LocList>
<Loc EndOffset="13665" SrcFileId="7" StartOffset="11738"/>
</LocList>
<StmntSeq Intrnl_Id="915">
<LocList>
<Loc EndOffset="11816" SrcFileId="7" StartOffset="11764"/>
<Loc EndOffset="11852" SrcFileId="7" StartOffset="11821"/>
<Loc EndOffset="11902" SrcFileId="7" StartOffset="11857"/>
<Loc EndOffset="13660" SrcFileId="7" StartOffset="11948"/>
</LocList>
<BasicStmnt CovItemId="S161" CovItemPrefix="csse376_puerto_rico.GameBoardGUI.java" Intrnl_Id="916">
<LocList>
<Loc EndOffset="11816" SrcFileId="7" StartOffset="11764"/>
</LocList>
</BasicStmnt>
<BasicStmnt CovItemId="S162" CovItemPrefix="csse376_puerto_rico.GameBoardGUI.java" Intrnl_Id="917">
<LocList>
<Loc EndOffset="11852" SrcFileId="7" StartOffset="11821"/>
</LocList>
</BasicStmnt>
<BasicStmnt CovItemId="S163" CovItemPrefix="csse376_puerto_rico.GameBoardGUI.java" Intrnl_Id="918">
<LocList>
<Loc EndOffset="11902" SrcFileId="7" StartOffset="11857"/>
</LocList>
</BasicStmnt>
<LoopStmnt CovItemId="S164" CovItemPrefix="csse376_puerto_rico.GameBoardGUI.java" Intrnl_Id="919" MltplExecId="L10-2" MltplExecPrefix="csse376_puerto_rico.GameBoardGUI.java" NvrExecId="L10-0" NvrExecPrefix="csse376_puerto_rico.GameBoardGUI.java" OnceExecutedId="L10-1" OnceExecutedPrefix="csse376_puerto_rico.GameBoardGUI.java" OptBodyExec="true">
<StmntSeq Intrnl_Id="920">
<LocList>
<Loc EndOffset="12029" SrcFileId="7" StartOffset="11999"/>
<Loc EndOffset="12193" SrcFileId="7" StartOffset="12037"/>
<Loc EndOffset="12306" SrcFileId="7" StartOffset="12201"/>
<Loc EndOffset="12593" SrcFileId="7" StartOffset="12352"/>
<Loc EndOffset="12642" SrcFileId="7" StartOffset="12599"/>
<Loc EndOffset="12874" SrcFileId="7" StartOffset="12648"/>
<Loc EndOffset="13480" SrcFileId="7" StartOffset="12880"/>
<Loc EndOffset="13607" SrcFileId="7" StartOffset="13581"/>
<Loc EndOffset="13654" SrcFileId="7" StartOffset="13613"/>
</LocList>
<BasicStmnt CovItemId="S165" CovItemPrefix="csse376_puerto_rico.GameBoardGUI.java" Intrnl_Id="921">
<LocList>
<Loc EndOffset="12029" SrcFileId="7" StartOffset="11999"/>
</LocList>
</BasicStmnt>
<CondStmnt CovItemId="S166" CovItemPrefix="csse376_puerto_rico.GameBoardGUI.java" Intrnl_Id="922">
<Branch CovItemId="B33" CovItemPrefix="csse376_puerto_rico.GameBoardGUI.java" Implct="false" Intrnl_Id="923">
<Cond/>
<LocList>
<Loc EndOffset="12193" SrcFileId="7" StartOffset="12090"/>
</LocList>
<StmntSeq Intrnl_Id="924">
<LocList/>
</StmntSeq>
</Branch>
<Branch CovItemId="B34" CovItemPrefix="csse376_puerto_rico.GameBoardGUI.java" Implct="true" Intrnl_Id="925">
<Cond/>
<LocList/>
<StmntSeq Intrnl_Id="926">
<LocList/>
</StmntSeq>
</Branch>
<Keyword EndOffset="12039" SrcFileId="7" StartOffset="12037"/>
<LocList>
<Loc EndOffset="12193" SrcFileId="7" StartOffset="12037"/>
</LocList>
<RootTerm CovItemId="C26" CovItemPrefix="csse376_puerto_rico.GameBoardGUI.java" Intrnl_Id="927">
<BasicBoolTerm Intrnl_Id="928">
<LocList>
<Loc EndOffset="12088" SrcFileId="7" StartOffset="12041"/>
</LocList>
</BasicBoolTerm>
</RootTerm>
</CondStmnt>
<CondStmnt CovItemId="S167" CovItemPrefix="csse376_puerto_rico.GameBoardGUI.java" Intrnl_Id="929">
<Branch CovItemId="B35" CovItemPrefix="csse376_puerto_rico.GameBoardGUI.java" Implct="false" Intrnl_Id="930">
<Cond/>
<LocList>
<Loc EndOffset="12306" SrcFileId="7" StartOffset="12246"/>
</LocList>
<StmntSeq Intrnl_Id="931">
<LocList/>
</StmntSeq>
</Branch>
<Branch CovItemId="B36" CovItemPrefix="csse376_puerto_rico.GameBoardGUI.java" Implct="true" Intrnl_Id="932">
<Cond/>
<LocList/>
<StmntSeq Intrnl_Id="933">
<LocList/>
</StmntSeq>
</Branch>
<Keyword EndOffset="12203" SrcFileId="7" StartOffset="12201"/>
<LocList>
<Loc EndOffset="12306" SrcFileId="7" StartOffset="12201"/>
</LocList>
<RootTerm CovItemId="C27" CovItemPrefix="csse376_puerto_rico.GameBoardGUI.java" Intrnl_Id="934">
<BasicBoolTerm Intrnl_Id="935">
<LocList>
<Loc EndOffset="12244" SrcFileId="7" StartOffset="12205"/>
</LocList>
</BasicBoolTerm>
</RootTerm>
</CondStmnt>
<BasicStmnt CovItemId="S168" CovItemPrefix="csse376_puerto_rico.GameBoardGUI.java" Intrnl_Id="936">
<LocList>
<Loc EndOffset="12593" SrcFileId="7" StartOffset="12352"/>
</LocList>
</BasicStmnt>
<BasicStmnt CovItemId="S169" CovItemPrefix="csse376_puerto_rico.GameBoardGUI.java" Intrnl_Id="937">
<LocList>
<Loc EndOffset="12642" SrcFileId="7" StartOffset="12599"/>
</LocList>
</BasicStmnt>
<CondStmnt CovItemId="S170" CovItemPrefix="csse376_puerto_rico.GameBoardGUI.java" Intrnl_Id="938">
<Branch CovItemId="B37" CovItemPrefix="csse376_puerto_rico.GameBoardGUI.java" Implct="false" Intrnl_Id="939">
<Cond/>
<LocList>
<Loc EndOffset="12874" SrcFileId="7" StartOffset="12685"/>
</LocList>
<StmntSeq Intrnl_Id="940">
<LocList>
<Loc EndOffset="12771" SrcFileId="7" StartOffset="12693"/>
<Loc EndOffset="12867" SrcFileId="7" StartOffset="12778"/>
</LocList>
<BasicStmnt CovItemId="S171" CovItemPrefix="csse376_puerto_rico.GameBoardGUI.java" Intrnl_Id="941">
<LocList>
<Loc EndOffset="12771" SrcFileId="7" StartOffset="12693"/>
</LocList>
</BasicStmnt>
<BasicStmnt CovItemId="S172" CovItemPrefix="csse376_puerto_rico.GameBoardGUI.java" Intrnl_Id="942">
<LocList>
<Loc EndOffset="12867" SrcFileId="7" StartOffset="12778"/>
</LocList>
</BasicStmnt>
</StmntSeq>
</Branch>
<Branch CovItemId="B38" CovItemPrefix="csse376_puerto_rico.GameBoardGUI.java" Implct="true" Intrnl_Id="943">
<Cond/>
<LocList/>
<StmntSeq Intrnl_Id="944">
<LocList/>
</StmntSeq>
</Branch>
<Keyword EndOffset="12650" SrcFileId="7" StartOffset="12648"/>
<LocList>
<Loc EndOffset="12874" SrcFileId="7" StartOffset="12648"/>
</LocList>
<RootTerm CovItemId="C28" CovItemPrefix="csse376_puerto_rico.GameBoardGUI.java" Intrnl_Id="945">
<BasicBoolTerm Intrnl_Id="946">
<LocList>
<Loc EndOffset="12683" SrcFileId="7" StartOffset="12652"/>
</LocList>
</BasicBoolTerm>
</RootTerm>
</CondStmnt>
<CondStmnt CovItemId="S173" CovItemPrefix="csse376_puerto_rico.GameBoardGUI.java" Intrnl_Id="947">
<Branch CovItemId="B39" CovItemPrefix="csse376_puerto_rico.GameBoardGUI.java" Implct="false" Intrnl_Id="948">
<Cond/>
<LocList>
<Loc EndOffset="13480" SrcFileId="7" StartOffset="12924"/>
</LocList>
<StmntSeq Intrnl_Id="949">
<LocList>
<Loc EndOffset="13031" SrcFileId="7" StartOffset="12998"/>
<Loc EndOffset="13344" SrcFileId="7" StartOffset="13038"/>
<Loc EndOffset="13471" SrcFileId="7" StartOffset="13351"/>
</LocList>
<BasicStmnt CovItemId="S174" CovItemPrefix="csse376_puerto_rico.GameBoardGUI.java" Intrnl_Id="950">
<LocList>
<Loc EndOffset="13031" SrcFileId="7" StartOffset="12998"/>
</LocList>
</BasicStmnt>
<BasicStmnt CovItemId="S175" CovItemPrefix="csse376_puerto_rico.GameBoardGUI.java" Intrnl_Id="951">
<LocList>
<Loc EndOffset="13344" SrcFileId="7" StartOffset="13038"/>
</LocList>
</BasicStmnt>
<CondStmnt CovItemId="S176" CovItemPrefix="csse376_puerto_rico.GameBoardGUI.java" Intrnl_Id="952">
<Branch CovItemId="B41" CovItemPrefix="csse376_puerto_rico.GameBoardGUI.java" Implct="false" Intrnl_Id="953">
<Cond/>
<LocList>
<Loc EndOffset="13471" SrcFileId="7" StartOffset="13366"/>
</LocList>
<StmntSeq Intrnl_Id="954">
<LocList>
<Loc EndOffset="13423" SrcFileId="7" StartOffset="13375"/>
<Loc EndOffset="13463" SrcFileId="7" StartOffset="13431"/>
</LocList>
<BasicStmnt CovItemId="S177" CovItemPrefix="csse376_puerto_rico.GameBoardGUI.java" Intrnl_Id="955">
<LocList>
<Loc EndOffset="13423" SrcFileId="7" StartOffset="13375"/>
</LocList>
</BasicStmnt>
<BasicStmnt CovItemId="S178" CovItemPrefix="csse376_puerto_rico.GameBoardGUI.java" Intrnl_Id="956">
<LocList>
<Loc EndOffset="13463" SrcFileId="7" StartOffset="13431"/>
</LocList>
</BasicStmnt>
</StmntSeq>
</Branch>
<Branch CovItemId="B42" CovItemPrefix="csse376_puerto_rico.GameBoardGUI.java" Implct="true" Intrnl_Id="957">
<Cond/>
<LocList/>
<StmntSeq Intrnl_Id="958">
<LocList/>
</StmntSeq>
</Branch>
<Keyword EndOffset="13353" SrcFileId="7" StartOffset="13351"/>
<LocList>
<Loc EndOffset="13471" SrcFileId="7" StartOffset="13351"/>
</LocList>
<RootTerm CovItemId="C30" CovItemPrefix="csse376_puerto_rico.GameBoardGUI.java" Intrnl_Id="959">
<BasicBoolTerm Intrnl_Id="960">
<LocList>
<Loc EndOffset="13364" SrcFileId="7" StartOffset="13355"/>
</LocList>
</BasicBoolTerm>
</RootTerm>
</CondStmnt>
</StmntSeq>
</Branch>
<Branch CovItemId="B40" CovItemPrefix="csse376_puerto_rico.GameBoardGUI.java" Implct="true" Intrnl_Id="961">
<Cond/>
<LocList/>
<StmntSeq Intrnl_Id="962">
<LocList/>
</StmntSeq>
</Branch>
<Keyword EndOffset="12882" SrcFileId="7" StartOffset="12880"/>
<LocList>
<Loc EndOffset="13480" SrcFileId="7" StartOffset="12880"/>
</LocList>
<RootTerm CovItemId="C29" CovItemPrefix="csse376_puerto_rico.GameBoardGUI.java" Intrnl_Id="963">
<BasicBoolTerm Intrnl_Id="964">
<LocList>
<Loc EndOffset="12922" SrcFileId="7" StartOffset="12884"/>
</LocList>
</BasicBoolTerm>
</RootTerm>
</CondStmnt>
<BasicStmnt CovItemId="S179" CovItemPrefix="csse376_puerto_rico.GameBoardGUI.java" Intrnl_Id="965">
<LocList>
<Loc EndOffset="13607" SrcFileId="7" StartOffset="13581"/>
</LocList>
</BasicStmnt>
<BasicStmnt CovItemId="S180" CovItemPrefix="csse376_puerto_rico.GameBoardGUI.java" Intrnl_Id="966">
<LocList>
<Loc EndOffset="13654" SrcFileId="7" StartOffset="13613"/>
</LocList>
</BasicStmnt>
</StmntSeq>
<Keyword EndOffset="11951" SrcFileId="7" StartOffset="11948"/>
<LocList>
<Loc EndOffset="13660" SrcFileId="7" StartOffset="11948"/>
</LocList>
<RootTerm CovItemId="C25" CovItemPrefix="csse376_puerto_rico.GameBoardGUI.java" Intrnl_Id="967">
<BasicBoolTerm Intrnl_Id="968">
<LocList>
<Loc EndOffset="11983" SrcFileId="7" StartOffset="11964"/>
</LocList>
</BasicBoolTerm>
</RootTerm>
</LoopStmnt>
</StmntSeq>
</Branch>
<Branch CovItemId="B32" CovItemPrefix="csse376_puerto_rico.GameBoardGUI.java" Implct="false" Intrnl_Id="969">
<Cond>
<Loc EndOffset="13670" SrcFileId="7" StartOffset="13666"/>
</Cond>
<LocList>
<Loc EndOffset="22606" SrcFileId="7" StartOffset="13671"/>
</LocList>
<StmntSeq Intrnl_Id="970">
<LocList>
<Loc EndOffset="22606" SrcFileId="7" StartOffset="13671"/>
</LocList>
<CondStmnt CovItemId="S181" CovItemPrefix="csse376_puerto_rico.GameBoardGUI.java" Intrnl_Id="971">
<Branch CovItemId="B43" CovItemPrefix="csse376_puerto_rico.GameBoardGUI.java" Implct="false" Intrnl_Id="972">
<Cond/>
<LocList>
<Loc EndOffset="14474" SrcFileId="7" StartOffset="13711"/>
</LocList>
<StmntSeq Intrnl_Id="973">
<LocList>
<Loc EndOffset="14467" SrcFileId="7" StartOffset="13737"/>
</LocList>
<LoopStmnt CovItemId="S182" CovItemPrefix="csse376_puerto_rico.GameBoardGUI.java" Intrnl_Id="974" MltplExecId="L11-2" MltplExecPrefix="csse376_puerto_rico.GameBoardGUI.java" NvrExecId="L11-0" NvrExecPrefix="csse376_puerto_rico.GameBoardGUI.java" OnceExecutedId="L11-1" OnceExecutedPrefix="csse376_puerto_rico.GameBoardGUI.java" OptBodyExec="true">
<StmntSeq Intrnl_Id="975">
<LocList>
<Loc EndOffset="13817" SrcFileId="7" StartOffset="13787"/>
<Loc EndOffset="13848" SrcFileId="7" StartOffset="13823"/>
<Loc EndOffset="14378" SrcFileId="7" StartOffset="13881"/>
<Loc EndOffset="14412" SrcFileId="7" StartOffset="14386"/>
<Loc EndOffset="14459" SrcFileId="7" StartOffset="14418"/>
</LocList>
<BasicStmnt CovItemId="S183" CovItemPrefix="csse376_puerto_rico.GameBoardGUI.java" Intrnl_Id="976">
<LocList>
<Loc EndOffset="13817" SrcFileId="7" StartOffset="13787"/>
</LocList>
</BasicStmnt>
<BasicStmnt CovItemId="S184" CovItemPrefix="csse376_puerto_rico.GameBoardGUI.java" Intrnl_Id="977">
<LocList>
<Loc EndOffset="13848" SrcFileId="7" StartOffset="13823"/>
</LocList>
</BasicStmnt>
<CondStmnt CovItemId="S185" CovItemPrefix="csse376_puerto_rico.GameBoardGUI.java" Intrnl_Id="978">
<Branch CovItemId="B45" CovItemPrefix="csse376_puerto_rico.GameBoardGUI.java" Implct="false" Intrnl_Id="979">
<Cond/>
<LocList>
<Loc EndOffset="14378" SrcFileId="7" StartOffset="13925"/>
</LocList>
<StmntSeq Intrnl_Id="980">
<LocList>
<Loc EndOffset="14371" SrcFileId="7" StartOffset="13933"/>
</LocList>
<CondStmnt CovItemId="S186" CovItemPrefix="csse376_puerto_rico.GameBoardGUI.java" Intrnl_Id="981">
<Branch CovItemId="B47" CovItemPrefix="csse376_puerto_rico.GameBoardGUI.java" Implct="false" Intrnl_Id="982">
<Cond/>
<LocList>
<Loc EndOffset="14038" SrcFileId="7" StartOffset="13974"/>
</LocList>
<StmntSeq Intrnl_Id="983">
<LocList>
<Loc EndOffset="14030" SrcFileId="7" StartOffset="13983"/>
</LocList>
<BasicStmnt CovItemId="S187" CovItemPrefix="csse376_puerto_rico.GameBoardGUI.java" Intrnl_Id="984">
<LocList>
<Loc EndOffset="14030" SrcFileId="7" StartOffset="13983"/>
</LocList>
</BasicStmnt>
</StmntSeq>
</Branch>
<Branch CovItemId="B48" CovItemPrefix="csse376_puerto_rico.GameBoardGUI.java" Implct="false" Intrnl_Id="985">
<Cond>
<Loc EndOffset="14043" SrcFileId="7" StartOffset="14039"/>
</Cond>
<LocList>
<Loc EndOffset="14371" SrcFileId="7" StartOffset="14044"/>
</LocList>
<StmntSeq Intrnl_Id="986">
<LocList>
<Loc EndOffset="14371" SrcFileId="7" StartOffset="14044"/>
</LocList>
<CondStmnt CovItemId="S188" CovItemPrefix="csse376_puerto_rico.GameBoardGUI.java" Intrnl_Id="987">
<Branch CovItemId="B49" CovItemPrefix="csse376_puerto_rico.GameBoardGUI.java" Implct="false" Intrnl_Id="988">
<Cond/>
<LocList>
<Loc EndOffset="14149" SrcFileId="7" StartOffset="14085"/>
</LocList>
<StmntSeq Intrnl_Id="989">
<LocList>
<Loc EndOffset="14141" SrcFileId="7" StartOffset="14094"/>
</LocList>
<BasicStmnt CovItemId="S189" CovItemPrefix="csse376_puerto_rico.GameBoardGUI.java" Intrnl_Id="990">
<LocList>
<Loc EndOffset="14141" SrcFileId="7" StartOffset="14094"/>
</LocList>
</BasicStmnt>
</StmntSeq>
</Branch>
<Branch CovItemId="B50" CovItemPrefix="csse376_puerto_rico.GameBoardGUI.java" Implct="false" Intrnl_Id="991">
<Cond>
<Loc EndOffset="14154" SrcFileId="7" StartOffset="14150"/>
</Cond>
<LocList>
<Loc EndOffset="14371" SrcFileId="7" StartOffset="14155"/>
</LocList>
<StmntSeq Intrnl_Id="992">
<LocList>
<Loc EndOffset="14371" SrcFileId="7" StartOffset="14155"/>
</LocList>
<CondStmnt CovItemId="S190" CovItemPrefix="csse376_puerto_rico.GameBoardGUI.java" Intrnl_Id="993">
<Branch CovItemId="B51" CovItemPrefix="csse376_puerto_rico.GameBoardGUI.java" Implct="false" Intrnl_Id="994">
<Cond/>
<LocList>
<Loc EndOffset="14260" SrcFileId="7" StartOffset="14196"/>
</LocList>
<StmntSeq Intrnl_Id="995">
<LocList>
<Loc EndOffset="14252" SrcFileId="7" StartOffset="14205"/>
</LocList>
<BasicStmnt CovItemId="S191" CovItemPrefix="csse376_puerto_rico.GameBoardGUI.java" Intrnl_Id="996">
<LocList>
<Loc EndOffset="14252" SrcFileId="7" StartOffset="14205"/>
</LocList>
</BasicStmnt>
</StmntSeq>
</Branch>
<Branch CovItemId="B52" CovItemPrefix="csse376_puerto_rico.GameBoardGUI.java" Implct="false" Intrnl_Id="997">
<Cond>
<Loc EndOffset="14265" SrcFileId="7" StartOffset="14261"/>
</Cond>
<LocList>
<Loc EndOffset="14371" SrcFileId="7" StartOffset="14266"/>
</LocList>
<StmntSeq Intrnl_Id="998">
<LocList>
<Loc EndOffset="14371" SrcFileId="7" StartOffset="14266"/>
</LocList>
<CondStmnt CovItemId="S192" CovItemPrefix="csse376_puerto_rico.GameBoardGUI.java" Intrnl_Id="999">
<Branch CovItemId="B53" CovItemPrefix="csse376_puerto_rico.GameBoardGUI.java" Implct="false" Intrnl_Id="1000">
<Cond/>
<LocList>
<Loc EndOffset="14371" SrcFileId="7" StartOffset="14307"/>
</LocList>
<StmntSeq Intrnl_Id="1001">
<LocList>
<Loc EndOffset="14363" SrcFileId="7" StartOffset="14316"/>
</LocList>
<BasicStmnt CovItemId="S193" CovItemPrefix="csse376_puerto_rico.GameBoardGUI.java" Intrnl_Id="1002">
<LocList>
<Loc EndOffset="14363" SrcFileId="7" StartOffset="14316"/>
</LocList>
</BasicStmnt>
</StmntSeq>
</Branch>
<Branch CovItemId="B54" CovItemPrefix="csse376_puerto_rico.GameBoardGUI.java" Implct="true" Intrnl_Id="1003">
<Cond/>
<LocList/>
<StmntSeq Intrnl_Id="1004">
<LocList/>
</StmntSeq>
</Branch>
<Keyword EndOffset="14268" SrcFileId="7" StartOffset="14266"/>
<LocList>
<Loc EndOffset="14371" SrcFileId="7" StartOffset="14266"/>
</LocList>
<RootTerm CovItemId="C37" CovItemPrefix="csse376_puerto_rico.GameBoardGUI.java" Intrnl_Id="1005">
<BasicBoolTerm Intrnl_Id="1006">
<LocList>
<Loc EndOffset="14305" SrcFileId="7" StartOffset="14270"/>
</LocList>
</BasicBoolTerm>
</RootTerm>
</CondStmnt>
</StmntSeq>
</Branch>
<Keyword EndOffset="14157" SrcFileId="7" StartOffset="14155"/>
<LocList>
<Loc EndOffset="14371" SrcFileId="7" StartOffset="14155"/>
</LocList>
<RootTerm CovItemId="C36" CovItemPrefix="csse376_puerto_rico.GameBoardGUI.java" Intrnl_Id="1007">
<BasicBoolTerm Intrnl_Id="1008">
<LocList>
<Loc EndOffset="14194" SrcFileId="7" StartOffset="14159"/>
</LocList>
</BasicBoolTerm>
</RootTerm>
</CondStmnt>
</StmntSeq>
</Branch>
<Keyword EndOffset="14046" SrcFileId="7" StartOffset="14044"/>
<LocList>
<Loc EndOffset="14371" SrcFileId="7" StartOffset="14044"/>
</LocList>
<RootTerm CovItemId="C35" CovItemPrefix="csse376_puerto_rico.GameBoardGUI.java" Intrnl_Id="1009">
<BasicBoolTerm Intrnl_Id="1010">
<LocList>
<Loc EndOffset="14083" SrcFileId="7" StartOffset="14048"/>
</LocList>
</BasicBoolTerm>
</RootTerm>
</CondStmnt>
</StmntSeq>
</Branch>
<Keyword EndOffset="13935" SrcFileId="7" StartOffset="13933"/>
<LocList>
<Loc EndOffset="14371" SrcFileId="7" StartOffset="13933"/>
</LocList>
<RootTerm CovItemId="C34" CovItemPrefix="csse376_puerto_rico.GameBoardGUI.java" Intrnl_Id="1011">
<BasicBoolTerm Intrnl_Id="1012">
<LocList>
<Loc EndOffset="13972" SrcFileId="7" StartOffset="13937"/>
</LocList>
</BasicBoolTerm>
</RootTerm>
</CondStmnt>
</StmntSeq>
</Branch>
<Branch CovItemId="B46" CovItemPrefix="csse376_puerto_rico.GameBoardGUI.java" Implct="true" Intrnl_Id="1013">
<Cond/>
<LocList/>
<StmntSeq Intrnl_Id="1014">
<LocList/>
</StmntSeq>
</Branch>
<Keyword EndOffset="13883" SrcFileId="7" StartOffset="13881"/>
<LocList>
<Loc EndOffset="14378" SrcFileId="7" StartOffset="13881"/>
</LocList>
<RootTerm CovItemId="C33" CovItemPrefix="csse376_puerto_rico.GameBoardGUI.java" Intrnl_Id="1015">
<BasicBoolTerm Intrnl_Id="1016">
<LocList>
<Loc EndOffset="13923" SrcFileId="7" StartOffset="13885"/>
</LocList>
</BasicBoolTerm>
</RootTerm>
</CondStmnt>
<BasicStmnt CovItemId="S194" CovItemPrefix="csse376_puerto_rico.GameBoardGUI.java" Intrnl_Id="1017">
<LocList>
<Loc EndOffset="14412" SrcFileId="7" StartOffset="14386"/>
</LocList>
</BasicStmnt>
<BasicStmnt CovItemId="S195" CovItemPrefix="csse376_puerto_rico.GameBoardGUI.java" Intrnl_Id="1018">
<LocList>
<Loc EndOffset="14459" SrcFileId="7" StartOffset="14418"/>
</LocList>
</BasicStmnt>
</StmntSeq>
<Keyword EndOffset="13740" SrcFileId="7" StartOffset="13737"/>
<LocList>
<Loc EndOffset="14467" SrcFileId="7" StartOffset="13737"/>
</LocList>
<RootTerm CovItemId="C32" CovItemPrefix="csse376_puerto_rico.GameBoardGUI.java" Intrnl_Id="1019">
<BasicBoolTerm Intrnl_Id="1020">
<LocList>
<Loc EndOffset="13771" SrcFileId="7" StartOffset="13753"/>
</LocList>
</BasicBoolTerm>
</RootTerm>
</LoopStmnt>
</StmntSeq>
</Branch>
<Branch CovItemId="B44" CovItemPrefix="csse376_puerto_rico.GameBoardGUI.java" Implct="false" Intrnl_Id="1021">
<Cond>
<Loc EndOffset="14479" SrcFileId="7" StartOffset="14475"/>
</Cond>
<LocList>
<Loc EndOffset="22606" SrcFileId="7" StartOffset="14480"/>
</LocList>
<StmntSeq Intrnl_Id="1022">
<LocList>
<Loc EndOffset="22606" SrcFileId="7" StartOffset="14480"/>
</LocList>
<CondStmnt CovItemId="S196" CovItemPrefix="csse376_puerto_rico.GameBoardGUI.java" Intrnl_Id="1023">
<Branch CovItemId="B55" CovItemPrefix="csse376_puerto_rico.GameBoardGUI.java" Implct="false" Intrnl_Id="1024">
<Cond/>
<LocList>
<Loc EndOffset="16487" SrcFileId="7" StartOffset="14517"/>
</LocList>
<StmntSeq Intrnl_Id="1025">
<LocList>
<Loc EndOffset="16482" SrcFileId="7" StartOffset="14530"/>
</LocList>
<LoopStmnt CovItemId="S197" CovItemPrefix="csse376_puerto_rico.GameBoardGUI.java" Intrnl_Id="1026" MltplExecId="L12-2" MltplExecPrefix="csse376_puerto_rico.GameBoardGUI.java" NvrExecId="L12-0" NvrExecPrefix="csse376_puerto_rico.GameBoardGUI.java" OnceExecutedId="L12-1" OnceExecutedPrefix="csse376_puerto_rico.GameBoardGUI.java" OptBodyExec="true">
<StmntSeq Intrnl_Id="1027">
<LocList>
<Loc EndOffset="14610" SrcFileId="7" StartOffset="14580"/>
<Loc EndOffset="14760" SrcFileId="7" StartOffset="14649"/>
<Loc EndOffset="14910" SrcFileId="7" StartOffset="14799"/>
<Loc EndOffset="15035" SrcFileId="7" StartOffset="14918"/>
<Loc EndOffset="15094" SrcFileId="7" StartOffset="15041"/>
<Loc EndOffset="15238" SrcFileId="7" StartOffset="15100"/>
<Loc EndOffset="15268" SrcFileId="7" StartOffset="15244"/>
<Loc EndOffset="15312" SrcFileId="7" StartOffset="15274"/>
<Loc EndOffset="15559" SrcFileId="7" StartOffset="15320"/>
<Loc EndOffset="16300" SrcFileId="7" StartOffset="15565"/>
<Loc EndOffset="16427" SrcFileId="7" StartOffset="16401"/>
<Loc EndOffset="16474" SrcFileId="7" StartOffset="16433"/>
</LocList>
<BasicStmnt CovItemId="S198" CovItemPrefix="csse376_puerto_rico.GameBoardGUI.java" Intrnl_Id="1028">
<LocList>
<Loc EndOffset="14610" SrcFileId="7" StartOffset="14580"/>
</LocList>
</BasicStmnt>
<CondStmnt CovItemId="S199" CovItemPrefix="csse376_puerto_rico.GameBoardGUI.java" Intrnl_Id="1029">
<Branch CovItemId="B57" CovItemPrefix="csse376_puerto_rico.GameBoardGUI.java" Implct="false" Intrnl_Id="1030">
<Cond/>
<LocList>
<Loc EndOffset="14760" SrcFileId="7" StartOffset="14698"/>
</LocList>
<StmntSeq Intrnl_Id="1031">
<LocList>
<Loc EndOffset="14753" SrcFileId="7" StartOffset="14706"/>
</LocList>
<BasicStmnt CovItemId="S200" CovItemPrefix="csse376_puerto_rico.GameBoardGUI.java" Intrnl_Id="1032">
<LocList>
<Loc EndOffset="14753" SrcFileId="7" StartOffset="14706"/>
</LocList>
</BasicStmnt>
</StmntSeq>
</Branch>
<Branch CovItemId="B58" CovItemPrefix="csse376_puerto_rico.GameBoardGUI.java" Implct="true" Intrnl_Id="1033">
<Cond/>
<LocList/>
<StmntSeq Intrnl_Id="1034">
<LocList/>
</StmntSeq>
</Branch>
<Keyword EndOffset="14651" SrcFileId="7" StartOffset="14649"/>
<LocList>
<Loc EndOffset="14760" SrcFileId="7" StartOffset="14649"/>
</LocList>
<RootTerm CovItemId="C40" CovItemPrefix="csse376_puerto_rico.GameBoardGUI.java" Intrnl_Id="1035">
<BasicBoolTerm Intrnl_Id="1036">
<LocList>
<Loc EndOffset="14696" SrcFileId="7" StartOffset="14653"/>
</LocList>
</BasicBoolTerm>
</RootTerm>
</CondStmnt>
<CondStmnt CovItemId="S201" CovItemPrefix="csse376_puerto_rico.GameBoardGUI.java" Intrnl_Id="1037">
<Branch CovItemId="B59" CovItemPrefix="csse376_puerto_rico.GameBoardGUI.java" Implct="false" Intrnl_Id="1038">
<Cond/>
<LocList>
<Loc EndOffset="14910" SrcFileId="7" StartOffset="14848"/>
</LocList>
<StmntSeq Intrnl_Id="1039">
<LocList>
<Loc EndOffset="14903" SrcFileId="7" StartOffset="14856"/>
</LocList>
<BasicStmnt CovItemId="S202" CovItemPrefix="csse376_puerto_rico.GameBoardGUI.java" Intrnl_Id="1040">
<LocList>
<Loc EndOffset="14903" SrcFileId="7" StartOffset="14856"/>
</LocList>
</BasicStmnt>
</StmntSeq>
</Branch>
<Branch CovItemId="B60" CovItemPrefix="csse376_puerto_rico.GameBoardGUI.java" Implct="true" Intrnl_Id="1041">
<Cond/>
<LocList/>
<StmntSeq Intrnl_Id="1042">
<LocList/>
</StmntSeq>
</Branch>
<Keyword EndOffset="14801" SrcFileId="7" StartOffset="14799"/>
<LocList>
<Loc EndOffset="14910" SrcFileId="7" StartOffset="14799"/>
</LocList>
<RootTerm CovItemId="C41" CovItemPrefix="csse376_puerto_rico.GameBoardGUI.java" Intrnl_Id="1043">
<BasicBoolTerm Intrnl_Id="1044">
<LocList>
<Loc EndOffset="14846" SrcFileId="7" StartOffset="14803"/>
</LocList>
</BasicBoolTerm>
</RootTerm>
</CondStmnt>
<CondStmnt CovItemId="S203" CovItemPrefix="csse376_puerto_rico.GameBoardGUI.java" Intrnl_Id="1045">
<Branch CovItemId="B61" CovItemPrefix="csse376_puerto_rico.GameBoardGUI.java" Implct="false" Intrnl_Id="1046">
<Cond/>
<LocList>
<Loc EndOffset="15035" SrcFileId="7" StartOffset="14961"/>
</LocList>
<StmntSeq Intrnl_Id="1047">
<LocList/>
</StmntSeq>
</Branch>
<Branch CovItemId="B62" CovItemPrefix="csse376_puerto_rico.GameBoardGUI.java" Implct="true" Intrnl_Id="1048">
<Cond/>
<LocList/>
<StmntSeq Intrnl_Id="1049">
<LocList/>
</StmntSeq>
</Branch>
<Keyword EndOffset="14920" SrcFileId="7" StartOffset="14918"/>
<LocList>
<Loc EndOffset="15035" SrcFileId="7" StartOffset="14918"/>
</LocList>
<RootTerm CovItemId="C42" CovItemPrefix="csse376_puerto_rico.GameBoardGUI.java" Intrnl_Id="1050">
<BasicBoolTerm Intrnl_Id="1051">
<LocList>
<Loc EndOffset="14959" SrcFileId="7" StartOffset="14922"/>
</LocList>
</BasicBoolTerm>
</RootTerm>
</CondStmnt>
<BasicStmnt CovItemId="S204" CovItemPrefix="csse376_puerto_rico.GameBoardGUI.java" Intrnl_Id="1052">
<LocList>
<Loc EndOffset="15094" SrcFileId="7" StartOffset="15041"/>
</LocList>
</BasicStmnt>
<LoopStmnt CovItemId="S205" CovItemPrefix="csse376_puerto_rico.GameBoardGUI.java" Intrnl_Id="1053" MltplExecId="L13-2" MltplExecPrefix="csse376_puerto_rico.GameBoardGUI.java" NvrExecId="L13-0" NvrExecPrefix="csse376_puerto_rico.GameBoardGUI.java" OnceExecutedId="L13-1" OnceExecutedPrefix="csse376_puerto_rico.GameBoardGUI.java" OptBodyExec="true">
<StmntSeq Intrnl_Id="1054">
<LocList>
<Loc EndOffset="15180" SrcFileId="7" StartOffset="15146"/>
<Loc EndOffset="15231" SrcFileId="7" StartOffset="15187"/>
</LocList>
<BasicStmnt CovItemId="S206" CovItemPrefix="csse376_puerto_rico.GameBoardGUI.java" Intrnl_Id="1055">
<LocList>
<Loc EndOffset="15180" SrcFileId="7" StartOffset="15146"/>
</LocList>
</BasicStmnt>
<CondStmnt CovItemId="S207" CovItemPrefix="csse376_puerto_rico.GameBoardGUI.java" Intrnl_Id="1056">
<Branch CovItemId="B63" CovItemPrefix="csse376_puerto_rico.GameBoardGUI.java" Implct="false" Intrnl_Id="1057">
<Cond/>
<LocList>
<Loc EndOffset="15231" SrcFileId="7" StartOffset="15198"/>
</LocList>
<StmntSeq Intrnl_Id="1058">
<LocList>
<Loc EndOffset="15223" SrcFileId="7" StartOffset="15207"/>
</LocList>
<BasicStmnt CovItemId="S208" CovItemPrefix="csse376_puerto_rico.GameBoardGUI.java" Intrnl_Id="1059">
<LocList>
<Loc EndOffset="15223" SrcFileId="7" StartOffset="15207"/>
</LocList>
</BasicStmnt>
</StmntSeq>
</Branch>
<Branch CovItemId="B64" CovItemPrefix="csse376_puerto_rico.GameBoardGUI.java" Implct="true" Intrnl_Id="1060">
<Cond/>
<LocList/>
<StmntSeq Intrnl_Id="1061">
<LocList/>
</StmntSeq>
</Branch>
<Keyword EndOffset="15189" SrcFileId="7" StartOffset="15187"/>
<LocList>
<Loc EndOffset="15231" SrcFileId="7" StartOffset="15187"/>
</LocList>
<RootTerm CovItemId="C43" CovItemPrefix="csse376_puerto_rico.GameBoardGUI.java" Intrnl_Id="1062">
<BasicBoolTerm Intrnl_Id="1063">
<LocList>
<Loc EndOffset="15196" SrcFileId="7" StartOffset="15191"/>
</LocList>
</BasicBoolTerm>
</RootTerm>
</CondStmnt>
</StmntSeq>
<Keyword EndOffset="15103" SrcFileId="7" StartOffset="15100"/>
<LocList>
<Loc EndOffset="15238" SrcFileId="7" StartOffset="15100"/>
</LocList>
</LoopStmnt>
<BasicStmnt CovItemId="S209" CovItemPrefix="csse376_puerto_rico.GameBoardGUI.java" Intrnl_Id="1064">
<LocList>
<Loc EndOffset="15268" SrcFileId="7" StartOffset="15244"/>
</LocList>
</BasicStmnt>
<BasicStmnt CovItemId="S210" CovItemPrefix="csse376_puerto_rico.GameBoardGUI.java" Intrnl_Id="1065">
<LocList>
<Loc EndOffset="15312" SrcFileId="7" StartOffset="15274"/>
</LocList>
</BasicStmnt>
<BasicStmnt CovItemId="S211" CovItemPrefix="csse376_puerto_rico.GameBoardGUI.java" Intrnl_Id="1066">
<LocList>
<Loc EndOffset="15559" SrcFileId="7" StartOffset="15320"/>
</LocList>
</BasicStmnt>
<CondStmnt CovItemId="S212" CovItemPrefix="csse376_puerto_rico.GameBoardGUI.java" Intrnl_Id="1067">
<Branch CovItemId="B65" CovItemPrefix="csse376_puerto_rico.GameBoardGUI.java" Implct="false" Intrnl_Id="1068">
<Cond/>
<LocList>
<Loc EndOffset="16300" SrcFileId="7" StartOffset="15595"/>
</LocList>
<StmntSeq Intrnl_Id="1069">
<LocList>
<Loc EndOffset="16293" SrcFileId="7" StartOffset="15603"/>
</LocList>
<CondStmnt CovItemId="S213" CovItemPrefix="csse376_puerto_rico.GameBoardGUI.java" Intrnl_Id="1070">
<Branch CovItemId="B67" CovItemPrefix="csse376_puerto_rico.GameBoardGUI.java" Implct="false" Intrnl_Id="1071">
<Cond/>
<LocList>
<Loc EndOffset="15748" SrcFileId="7" StartOffset="15644"/>
</LocList>
<StmntSeq Intrnl_Id="1072">
<LocList>
<Loc EndOffset="15700" SrcFileId="7" StartOffset="15653"/>
<Loc EndOffset="15740" SrcFileId="7" StartOffset="15708"/>
</LocList>
<BasicStmnt CovItemId="S214" CovItemPrefix="csse376_puerto_rico.GameBoardGUI.java" Intrnl_Id="1073">
<LocList>
<Loc EndOffset="15700" SrcFileId="7" StartOffset="15653"/>
</LocList>
</BasicStmnt>
<BasicStmnt CovItemId="S215" CovItemPrefix="csse376_puerto_rico.GameBoardGUI.java" Intrnl_Id="1074">
<LocList>
<Loc EndOffset="15740" SrcFileId="7" StartOffset="15708"/>
</LocList>
</BasicStmnt>
</StmntSeq>
</Branch>
<Branch CovItemId="B68" CovItemPrefix="csse376_puerto_rico.GameBoardGUI.java" Implct="false" Intrnl_Id="1075">
<Cond>
<Loc EndOffset="15753" SrcFileId="7" StartOffset="15749"/>
</Cond>
<LocList>
<Loc EndOffset="16293" SrcFileId="7" StartOffset="15754"/>
</LocList>
<StmntSeq Intrnl_Id="1076">
<LocList>
<Loc EndOffset="16293" SrcFileId="7" StartOffset="15754"/>
</LocList>
<CondStmnt CovItemId="S216" CovItemPrefix="csse376_puerto_rico.GameBoardGUI.java" Intrnl_Id="1077">
<Branch CovItemId="B69" CovItemPrefix="csse376_puerto_rico.GameBoardGUI.java" Implct="false" Intrnl_Id="1078">
<Cond/>
<LocList>
<Loc EndOffset="15840" SrcFileId="7" StartOffset="15793"/>
</LocList>
<StmntSeq Intrnl_Id="1079">
<LocList>
<Loc EndOffset="15832" SrcFileId="7" StartOffset="15802"/>
</LocList>
<BasicStmnt CovItemId="S217" CovItemPrefix="csse376_puerto_rico.GameBoardGUI.java" Intrnl_Id="1080">
<LocList>
<Loc EndOffset="15832" SrcFileId="7" StartOffset="15802"/>
</LocList>
</BasicStmnt>
</StmntSeq>
</Branch>
<Branch CovItemId="B70" CovItemPrefix="csse376_puerto_rico.GameBoardGUI.java" Implct="false" Intrnl_Id="1081">
<Cond>
<Loc EndOffset="15845" SrcFileId="7" StartOffset="15841"/>
</Cond>
<LocList>
<Loc EndOffset="16293" SrcFileId="7" StartOffset="15846"/>
</LocList>
<StmntSeq Intrnl_Id="1082">
<LocList>
<Loc EndOffset="16293" SrcFileId="7" StartOffset="15846"/>
</LocList>
<CondStmnt CovItemId="S218" CovItemPrefix="csse376_puerto_rico.GameBoardGUI.java" Intrnl_Id="1083">
<Branch CovItemId="B71" CovItemPrefix="csse376_puerto_rico.GameBoardGUI.java" Implct="false" Intrnl_Id="1084">
<Cond/>
<LocList>
<Loc EndOffset="15991" SrcFileId="7" StartOffset="15887"/>
</LocList>
<StmntSeq Intrnl_Id="1085">
<LocList>
<Loc EndOffset="15943" SrcFileId="7" StartOffset="15896"/>
<Loc EndOffset="15983" SrcFileId="7" StartOffset="15951"/>
</LocList>
<BasicStmnt CovItemId="S219" CovItemPrefix="csse376_puerto_rico.GameBoardGUI.java" Intrnl_Id="1086">
<LocList>
<Loc EndOffset="15943" SrcFileId="7" StartOffset="15896"/>
</LocList>
</BasicStmnt>
<BasicStmnt CovItemId="S220" CovItemPrefix="csse376_puerto_rico.GameBoardGUI.java" Intrnl_Id="1087">
<LocList>
<Loc EndOffset="15983" SrcFileId="7" StartOffset="15951"/>
</LocList>
</BasicStmnt>
</StmntSeq>
</Branch>
<Branch CovItemId="B72" CovItemPrefix="csse376_puerto_rico.GameBoardGUI.java" Implct="false" Intrnl_Id="1088">
<Cond>
<Loc EndOffset="15996" SrcFileId="7" StartOffset="15992"/>
</Cond>
<LocList>
<Loc EndOffset="16293" SrcFileId="7" StartOffset="15997"/>
</LocList>
<StmntSeq Intrnl_Id="1089">
<LocList>
<Loc EndOffset="16293" SrcFileId="7" StartOffset="15997"/>
</LocList>
<CondStmnt CovItemId="S221" CovItemPrefix="csse376_puerto_rico.GameBoardGUI.java" Intrnl_Id="1090">
<Branch CovItemId="B73" CovItemPrefix="csse376_puerto_rico.GameBoardGUI.java" Implct="false" Intrnl_Id="1091">
<Cond/>
<LocList>
<Loc EndOffset="16140" SrcFileId="7" StartOffset="16037"/>
</LocList>
<StmntSeq Intrnl_Id="1092">
<LocList>
<Loc EndOffset="16093" SrcFileId="7" StartOffset="16046"/>
<Loc EndOffset="16132" SrcFileId="7" StartOffset="16101"/>
</LocList>
<BasicStmnt CovItemId="S222" CovItemPrefix="csse376_puerto_rico.GameBoardGUI.java" Intrnl_Id="1093">
<LocList>
<Loc EndOffset="16093" SrcFileId="7" StartOffset="16046"/>
</LocList>
</BasicStmnt>
<BasicStmnt CovItemId="S223" CovItemPrefix="csse376_puerto_rico.GameBoardGUI.java" Intrnl_Id="1094">
<LocList>
<Loc EndOffset="16132" SrcFileId="7" StartOffset="16101"/>
</LocList>
</BasicStmnt>
</StmntSeq>
</Branch>
<Branch CovItemId="B74" CovItemPrefix="csse376_puerto_rico.GameBoardGUI.java" Implct="false" Intrnl_Id="1095">
<Cond>
<Loc EndOffset="16145" SrcFileId="7" StartOffset="16141"/>
</Cond>
<LocList>
<Loc EndOffset="16293" SrcFileId="7" StartOffset="16146"/>
</LocList>
<StmntSeq Intrnl_Id="1096">
<LocList>
<Loc EndOffset="16293" SrcFileId="7" StartOffset="16146"/>
</LocList>
<CondStmnt CovItemId="S224" CovItemPrefix="csse376_puerto_rico.GameBoardGUI.java" Intrnl_Id="1097">
<Branch CovItemId="B75" CovItemPrefix="csse376_puerto_rico.GameBoardGUI.java" Implct="false" Intrnl_Id="1098">
<Cond/>
<LocList>
<Loc EndOffset="16293" SrcFileId="7" StartOffset="16188"/>
</LocList>
<StmntSeq Intrnl_Id="1099">
<LocList>
<Loc EndOffset="16244" SrcFileId="7" StartOffset="16197"/>
<Loc EndOffset="16285" SrcFileId="7" StartOffset="16252"/>
</LocList>
<BasicStmnt CovItemId="S225" CovItemPrefix="csse376_puerto_rico.GameBoardGUI.java" Intrnl_Id="1100">
<LocList>
<Loc EndOffset="16244" SrcFileId="7" StartOffset="16197"/>
</LocList>
</BasicStmnt>
<BasicStmnt CovItemId="S226" CovItemPrefix="csse376_puerto_rico.GameBoardGUI.java" Intrnl_Id="1101">
<LocList>
<Loc EndOffset="16285" SrcFileId="7" StartOffset="16252"/>
</LocList>
</BasicStmnt>
</StmntSeq>
</Branch>
<Branch CovItemId="B76" CovItemPrefix="csse376_puerto_rico.GameBoardGUI.java" Implct="true" Intrnl_Id="1102">
<Cond/>
<LocList/>
<StmntSeq Intrnl_Id="1103">
<LocList/>
</StmntSeq>
</Branch>
<Keyword EndOffset="16148" SrcFileId="7" StartOffset="16146"/>
<LocList>
<Loc EndOffset="16293" SrcFileId="7" StartOffset="16146"/>
</LocList>
<RootTerm CovItemId="C49" CovItemPrefix="csse376_puerto_rico.GameBoardGUI.java" Intrnl_Id="1104">
<BasicBoolTerm Intrnl_Id="1105">
<LocList>
<Loc EndOffset="16186" SrcFileId="7" StartOffset="16150"/>
</LocList>
</BasicBoolTerm>
</RootTerm>
</CondStmnt>
</StmntSeq>
</Branch>
<Keyword EndOffset="15999" SrcFileId="7" StartOffset="15997"/>
<LocList>
<Loc EndOffset="16293" SrcFileId="7" StartOffset="15997"/>
</LocList>
<RootTerm CovItemId="C48" CovItemPrefix="csse376_puerto_rico.GameBoardGUI.java" Intrnl_Id="1106">
<BasicBoolTerm Intrnl_Id="1107">
<LocList>
<Loc EndOffset="16035" SrcFileId="7" StartOffset="16001"/>
</LocList>
</BasicBoolTerm>
</RootTerm>
</CondStmnt>
</StmntSeq>
</Branch>
<Keyword EndOffset="15848" SrcFileId="7" StartOffset="15846"/>
<LocList>
<Loc EndOffset="16293" SrcFileId="7" StartOffset="15846"/>
</LocList>
<RootTerm CovItemId="C47" CovItemPrefix="csse376_puerto_rico.GameBoardGUI.java" Intrnl_Id="1108">
<BasicBoolTerm Intrnl_Id="1109">
<LocList>
<Loc EndOffset="15885" SrcFileId="7" StartOffset="15850"/>
</LocList>
</BasicBoolTerm>
</RootTerm>
</CondStmnt>
</StmntSeq>
</Branch>
<Keyword EndOffset="15756" SrcFileId="7" StartOffset="15754"/>
<LocList>
<Loc EndOffset="16293" SrcFileId="7" StartOffset="15754"/>
</LocList>
<RootTerm CovItemId="C46" CovItemPrefix="csse376_puerto_rico.GameBoardGUI.java" Intrnl_Id="1110">
<BasicBoolTerm Intrnl_Id="1111">
<LocList>
<Loc EndOffset="15791" SrcFileId="7" StartOffset="15758"/>
</LocList>
</BasicBoolTerm>
</RootTerm>
</CondStmnt>
</StmntSeq>
</Branch>
<Keyword EndOffset="15605" SrcFileId="7" StartOffset="15603"/>
<LocList>
<Loc EndOffset="16293" SrcFileId="7" StartOffset="15603"/>
</LocList>
<RootTerm CovItemId="C45" CovItemPrefix="csse376_puerto_rico.GameBoardGUI.java" Intrnl_Id="1112">
<BasicBoolTerm Intrnl_Id="1113">
<LocList>
<Loc EndOffset="15642" SrcFileId="7" StartOffset="15607"/>
</LocList>
</BasicBoolTerm>
</RootTerm>
</CondStmnt>
</StmntSeq>
</Branch>
<Branch CovItemId="B66" CovItemPrefix="csse376_puerto_rico.GameBoardGUI.java" Implct="true" Intrnl_Id="1114">
<Cond/>
<LocList/>
<StmntSeq Intrnl_Id="1115">
<LocList/>
</StmntSeq>
</Branch>
<Keyword EndOffset="15567" SrcFileId="7" StartOffset="15565"/>
<LocList>
<Loc EndOffset="16300" SrcFileId="7" StartOffset="15565"/>
</LocList>
<RootTerm CovItemId="C44" CovItemPrefix="csse376_puerto_rico.GameBoardGUI.java" Intrnl_Id="1116">
<BasicBoolTerm Intrnl_Id="1117">
<LocList>
<Loc EndOffset="15593" SrcFileId="7" StartOffset="15569"/>
</LocList>
</BasicBoolTerm>
</RootTerm>
</CondStmnt>
<BasicStmnt CovItemId="S227" CovItemPrefix="csse376_puerto_rico.GameBoardGUI.java" Intrnl_Id="1118">
<LocList>
<Loc EndOffset="16427" SrcFileId="7" StartOffset="16401"/>
</LocList>
</BasicStmnt>
<BasicStmnt CovItemId="S228" CovItemPrefix="csse376_puerto_rico.GameBoardGUI.java" Intrnl_Id="1119">
<LocList>
<Loc EndOffset="16474" SrcFileId="7" StartOffset="16433"/>
</LocList>
</BasicStmnt>
</StmntSeq>
<Keyword EndOffset="14533" SrcFileId="7" StartOffset="14530"/>
<LocList>
<Loc EndOffset="16482" SrcFileId="7" StartOffset="14530"/>
</LocList>
<RootTerm CovItemId="C39" CovItemPrefix="csse376_puerto_rico.GameBoardGUI.java" Intrnl_Id="1120">
<BasicBoolTerm Intrnl_Id="1121">
<LocList>
<Loc EndOffset="14564" SrcFileId="7" StartOffset="14546"/>
</LocList>
</BasicBoolTerm>
</RootTerm>
</LoopStmnt>
</StmntSeq>
</Branch>
<Branch CovItemId="B56" CovItemPrefix="csse376_puerto_rico.GameBoardGUI.java" Implct="false" Intrnl_Id="1122">
<Cond>
<Loc EndOffset="16492" SrcFileId="7" StartOffset="16488"/>
</Cond>
<LocList>
<Loc EndOffset="22606" SrcFileId="7" StartOffset="16493"/>
</LocList>
<StmntSeq Intrnl_Id="1123">
<LocList>
<Loc EndOffset="22606" SrcFileId="7" StartOffset="16493"/>
</LocList>
<CondStmnt CovItemId="S229" CovItemPrefix="csse376_puerto_rico.GameBoardGUI.java" Intrnl_Id="1124">
<Branch CovItemId="B77" CovItemPrefix="csse376_puerto_rico.GameBoardGUI.java" Implct="false" Intrnl_Id="1125">
<Cond/>
<LocList>
<Loc EndOffset="22482" SrcFileId="7" StartOffset="16531"/>
</LocList>
<StmntSeq Intrnl_Id="1126">
<LocList>
<Loc EndOffset="18617" SrcFileId="7" StartOffset="16539"/>
<Loc EndOffset="18701" SrcFileId="7" StartOffset="18622"/>
<Loc EndOffset="22475" SrcFileId="7" StartOffset="18729"/>
</LocList>
<LoopStmnt CovItemId="S230" CovItemPrefix="csse376_puerto_rico.GameBoardGUI.java" Intrnl_Id="1127" MltplExecId="L14-2" MltplExecPrefix="csse376_puerto_rico.GameBoardGUI.java" NvrExecId="L14-0" NvrExecPrefix="csse376_puerto_rico.GameBoardGUI.java" OnceExecutedId="L14-1" OnceExecutedPrefix="csse376_puerto_rico.GameBoardGUI.java" OptBodyExec="true">
<StmntSeq Intrnl_Id="1128">
<LocList>
<Loc EndOffset="16612" SrcFileId="7" StartOffset="16582"/>
<Loc EndOffset="18495" SrcFileId="7" StartOffset="16618"/>
<Loc EndOffset="18528" SrcFileId="7" StartOffset="18503"/>
<Loc EndOffset="18562" SrcFileId="7" StartOffset="18536"/>
<Loc EndOffset="18609" SrcFileId="7" StartOffset="18568"/>
</LocList>
<BasicStmnt CovItemId="S231" CovItemPrefix="csse376_puerto_rico.GameBoardGUI.java" Intrnl_Id="1129">
<LocList>
<Loc EndOffset="16612" SrcFileId="7" StartOffset="16582"/>
</LocList>
</BasicStmnt>
<CondStmnt CovItemId="S232" CovItemPrefix="csse376_puerto_rico.GameBoardGUI.java" Intrnl_Id="1130">
<Branch CovItemId="B79" CovItemPrefix="csse376_puerto_rico.GameBoardGUI.java" Implct="false" Intrnl_Id="1131">
<Cond/>
<LocList>
<Loc EndOffset="18495" SrcFileId="7" StartOffset="16657"/>
</LocList>
<StmntSeq Intrnl_Id="1132">
<LocList>
<Loc EndOffset="16718" SrcFileId="7" StartOffset="16665"/>
<Loc EndOffset="16868" SrcFileId="7" StartOffset="16725"/>
<Loc EndOffset="16900" SrcFileId="7" StartOffset="16875"/>
<Loc EndOffset="16947" SrcFileId="7" StartOffset="16909"/>
<Loc EndOffset="18488" SrcFileId="7" StartOffset="16954"/>
</LocList>
<BasicStmnt CovItemId="S233" CovItemPrefix="csse376_puerto_rico.GameBoardGUI.java" Intrnl_Id="1133">
<LocList>
<Loc EndOffset="16718" SrcFileId="7" StartOffset="16665"/>
</LocList>
</BasicStmnt>
<LoopStmnt CovItemId="S234" CovItemPrefix="csse376_puerto_rico.GameBoardGUI.java" Intrnl_Id="1134" MltplExecId="L15-2" MltplExecPrefix="csse376_puerto_rico.GameBoardGUI.java" NvrExecId="L15-0" NvrExecPrefix="csse376_puerto_rico.GameBoardGUI.java" OnceExecutedId="L15-1" OnceExecutedPrefix="csse376_puerto_rico.GameBoardGUI.java" OptBodyExec="true">
<StmntSeq Intrnl_Id="1135">
<LocList>
<Loc EndOffset="16806" SrcFileId="7" StartOffset="16772"/>
<Loc EndOffset="16860" SrcFileId="7" StartOffset="16814"/>
</LocList>
<BasicStmnt CovItemId="S235" CovItemPrefix="csse376_puerto_rico.GameBoardGUI.java" Intrnl_Id="1136">
<LocList>
<Loc EndOffset="16806" SrcFileId="7" StartOffset="16772"/>
</LocList>
</BasicStmnt>
<CondStmnt CovItemId="S236" CovItemPrefix="csse376_puerto_rico.GameBoardGUI.java" Intrnl_Id="1137">
<Branch CovItemId="B81" CovItemPrefix="csse376_puerto_rico.GameBoardGUI.java" Implct="false" Intrnl_Id="1138">
<Cond/>
<LocList>
<Loc EndOffset="16860" SrcFileId="7" StartOffset="16825"/>
</LocList>
<StmntSeq Intrnl_Id="1139">
<LocList>
<Loc EndOffset="16851" SrcFileId="7" StartOffset="16835"/>
</LocList>
<BasicStmnt CovItemId="S237" CovItemPrefix="csse376_puerto_rico.GameBoardGUI.java" Intrnl_Id="1140">
<LocList>
<Loc EndOffset="16851" SrcFileId="7" StartOffset="16835"/>
</LocList>
</BasicStmnt>
</StmntSeq>
</Branch>
<Branch CovItemId="B82" CovItemPrefix="csse376_puerto_rico.GameBoardGUI.java" Implct="true" Intrnl_Id="1141">
<Cond/>
<LocList/>
<StmntSeq Intrnl_Id="1142">
<LocList/>
</StmntSeq>
</Branch>
<Keyword EndOffset="16816" SrcFileId="7" StartOffset="16814"/>
<LocList>
<Loc EndOffset="16860" SrcFileId="7" StartOffset="16814"/>
</LocList>
<RootTerm CovItemId="C53" CovItemPrefix="csse376_puerto_rico.GameBoardGUI.java" Intrnl_Id="1143">
<BasicBoolTerm Intrnl_Id="1144">
<LocList>
<Loc EndOffset="16823" SrcFileId="7" StartOffset="16818"/>
</LocList>
</BasicBoolTerm>
</RootTerm>
</CondStmnt>
</StmntSeq>
<Keyword EndOffset="16728" SrcFileId="7" StartOffset="16725"/>
<LocList>
<Loc EndOffset="16868" SrcFileId="7" StartOffset="16725"/>
</LocList>
</LoopStmnt>
<BasicStmnt CovItemId="S238" CovItemPrefix="csse376_puerto_rico.GameBoardGUI.java" Intrnl_Id="1145">
<LocList>
<Loc EndOffset="16900" SrcFileId="7" StartOffset="16875"/>
</LocList>
</BasicStmnt>
<BasicStmnt CovItemId="S239" CovItemPrefix="csse376_puerto_rico.GameBoardGUI.java" Intrnl_Id="1146">
<LocList>
<Loc EndOffset="16947" SrcFileId="7" StartOffset="16909"/>
</LocList>
</BasicStmnt>
<LoopStmnt CovItemId="S240" CovItemPrefix="csse376_puerto_rico.GameBoardGUI.java" Intrnl_Id="1147" MltplExecId="L16-2" MltplExecPrefix="csse376_puerto_rico.GameBoardGUI.java" NvrExecId="L16-0" NvrExecPrefix="csse376_puerto_rico.GameBoardGUI.java" OnceExecutedId="L16-1" OnceExecutedPrefix="csse376_puerto_rico.GameBoardGUI.java" OptBodyExec="true">
<StmntSeq Intrnl_Id="1148">
<LocList>
<Loc EndOffset="17239" SrcFileId="7" StartOffset="16981"/>
<Loc EndOffset="17286" SrcFileId="7" StartOffset="17249"/>
<Loc EndOffset="17313" SrcFileId="7" StartOffset="17294"/>
<Loc EndOffset="17340" SrcFileId="7" StartOffset="17321"/>
<Loc EndOffset="17367" SrcFileId="7" StartOffset="17348"/>
<Loc EndOffset="17414" SrcFileId="7" StartOffset="17377"/>
<Loc EndOffset="17713" SrcFileId="7" StartOffset="17422"/>
<Loc EndOffset="17764" SrcFileId="7" StartOffset="17721"/>
<Loc EndOffset="17823" SrcFileId="7" StartOffset="17772"/>
<Loc EndOffset="17940" SrcFileId="7" StartOffset="17833"/>
<Loc EndOffset="18480" SrcFileId="7" StartOffset="17948"/>
</LocList>
<BasicStmnt CovItemId="S241" CovItemPrefix="csse376_puerto_rico.GameBoardGUI.java" Intrnl_Id="1149">
<LocList>
<Loc EndOffset="17239" SrcFileId="7" StartOffset="16981"/>
</LocList>
</BasicStmnt>
<BasicStmnt CovItemId="S242" CovItemPrefix="csse376_puerto_rico.GameBoardGUI.java" Intrnl_Id="1150">
<LocList>
<Loc EndOffset="17286" SrcFileId="7" StartOffset="17249"/>
</LocList>
</BasicStmnt>
<BasicStmnt CovItemId="S243" CovItemPrefix="csse376_puerto_rico.GameBoardGUI.java" Intrnl_Id="1151">
<LocList>
<Loc EndOffset="17313" SrcFileId="7" StartOffset="17294"/>
</LocList>
</BasicStmnt>
<BasicStmnt CovItemId="S244" CovItemPrefix="csse376_puerto_rico.GameBoardGUI.java" Intrnl_Id="1152">
<LocList>
<Loc EndOffset="17340" SrcFileId="7" StartOffset="17321"/>
</LocList>
</BasicStmnt>
<BasicStmnt CovItemId="S245" CovItemPrefix="csse376_puerto_rico.GameBoardGUI.java" Intrnl_Id="1153">
<LocList>
<Loc EndOffset="17367" SrcFileId="7" StartOffset="17348"/>
</LocList>
</BasicStmnt>
<BasicStmnt CovItemId="S246" CovItemPrefix="csse376_puerto_rico.GameBoardGUI.java" Intrnl_Id="1154">
<LocList>
<Loc EndOffset="17414" SrcFileId="7" StartOffset="17377"/>
</LocList>
</BasicStmnt>
<BasicStmnt CovItemId="S247" CovItemPrefix="csse376_puerto_rico.GameBoardGUI.java" Intrnl_Id="1155">
<LocList>
<Loc EndOffset="17713" SrcFileId="7" StartOffset="17422"/>
</LocList>
</BasicStmnt>
<BasicStmnt CovItemId="S248" CovItemPrefix="csse376_puerto_rico.GameBoardGUI.java" Intrnl_Id="1156">
<LocList>
<Loc EndOffset="17764" SrcFileId="7" StartOffset="17721"/>
</LocList>
</BasicStmnt>
<BasicStmnt CovItemId="S249" CovItemPrefix="csse376_puerto_rico.GameBoardGUI.java" Intrnl_Id="1157">
<LocList>
<Loc EndOffset="17823" SrcFileId="7" StartOffset="17772"/>
</LocList>
</BasicStmnt>
<BasicStmnt CovItemId="S250" CovItemPrefix="csse376_puerto_rico.GameBoardGUI.java" Intrnl_Id="1158">
<LocList>
<Loc EndOffset="17940" SrcFileId="7" StartOffset="17833"/>
</LocList>
</BasicStmnt>
<CondStmnt CovItemId="S251" CovItemPrefix="csse376_puerto_rico.GameBoardGUI.java" Intrnl_Id="1159">
<Branch CovItemId="B83" CovItemPrefix="csse376_puerto_rico.GameBoardGUI.java" Implct="false" Intrnl_Id="1160">
<Cond/>
<LocList>
<Loc EndOffset="18380" SrcFileId="7" StartOffset="17969"/>
</LocList>
<StmntSeq Intrnl_Id="1161">
<LocList>
<Loc EndOffset="18016" SrcFileId="7" StartOffset="17979"/>
<Loc EndOffset="18075" SrcFileId="7" StartOffset="18025"/>
<Loc EndOffset="18123" SrcFileId="7" StartOffset="18084"/>
<Loc EndOffset="18217" SrcFileId="7" StartOffset="18132"/>
<Loc EndOffset="18346" SrcFileId="7" StartOffset="18226"/>
<Loc EndOffset="18371" SrcFileId="7" StartOffset="18355"/>
</LocList>
<BasicStmnt CovItemId="S252" CovItemPrefix="csse376_puerto_rico.GameBoardGUI.java" Intrnl_Id="1162">
<LocList>
<Loc EndOffset="18016" SrcFileId="7" StartOffset="17979"/>
</LocList>
</BasicStmnt>
<BasicStmnt CovItemId="S253" CovItemPrefix="csse376_puerto_rico.GameBoardGUI.java" Intrnl_Id="1163">
<LocList>
<Loc EndOffset="18075" SrcFileId="7" StartOffset="18025"/>
</LocList>
</BasicStmnt>
<BasicStmnt CovItemId="S254" CovItemPrefix="csse376_puerto_rico.GameBoardGUI.java" Intrnl_Id="1164">
<LocList>
<Loc EndOffset="18123" SrcFileId="7" StartOffset="18084"/>
</LocList>
</BasicStmnt>
<BasicStmnt CovItemId="S255" CovItemPrefix="csse376_puerto_rico.GameBoardGUI.java" Intrnl_Id="1165">
<LocList>
<Loc EndOffset="18217" SrcFileId="7" StartOffset="18132"/>
</LocList>
</BasicStmnt>
<CondStmnt CovItemId="S256" CovItemPrefix="csse376_puerto_rico.GameBoardGUI.java" Intrnl_Id="1166">
<Branch CovItemId="B85" CovItemPrefix="csse376_puerto_rico.GameBoardGUI.java" Implct="false" Intrnl_Id="1167">
<Cond/>
<LocList>
<Loc EndOffset="18346" SrcFileId="7" StartOffset="18269"/>
</LocList>
<StmntSeq Intrnl_Id="1168">
<LocList>
<Loc EndOffset="18300" SrcFileId="7" StartOffset="18280"/>
<Loc EndOffset="18336" SrcFileId="7" StartOffset="18310"/>
</LocList>
<BasicStmnt CovItemId="S257" CovItemPrefix="csse376_puerto_rico.GameBoardGUI.java" Intrnl_Id="1169">
<LocList>
<Loc EndOffset="18300" SrcFileId="7" StartOffset="18280"/>
</LocList>
</BasicStmnt>
<BasicStmnt CovItemId="S258" CovItemPrefix="csse376_puerto_rico.GameBoardGUI.java" Intrnl_Id="1170">
<LocList>
<Loc EndOffset="18336" SrcFileId="7" StartOffset="18310"/>
</LocList>
</BasicStmnt>
</StmntSeq>
</Branch>
<Branch CovItemId="B86" CovItemPrefix="csse376_puerto_rico.GameBoardGUI.java" Implct="true" Intrnl_Id="1171">
<Cond/>
<LocList/>
<StmntSeq Intrnl_Id="1172">
<LocList/>
</StmntSeq>
</Branch>
<Keyword EndOffset="18228" SrcFileId="7" StartOffset="18226"/>
<LocList>
<Loc EndOffset="18346" SrcFileId="7" StartOffset="18226"/>
</LocList>
<RootTerm CovItemId="C56" CovItemPrefix="csse376_puerto_rico.GameBoardGUI.java" Intrnl_Id="1173">
<BasicBoolTerm Intrnl_Id="1174">
<LocList>
<Loc EndOffset="18267" SrcFileId="7" StartOffset="18230"/>
</LocList>
</BasicBoolTerm>
</RootTerm>
</CondStmnt>
<BasicStmnt CovItemId="S259" CovItemPrefix="csse376_puerto_rico.GameBoardGUI.java" Intrnl_Id="1175">
<LocList>
<Loc EndOffset="18371" SrcFileId="7" StartOffset="18355"/>
</LocList>
</BasicStmnt>
</StmntSeq>
</Branch>
<Branch CovItemId="B84" CovItemPrefix="csse376_puerto_rico.GameBoardGUI.java" Implct="false" Intrnl_Id="1176">
<Cond>
<Loc EndOffset="18385" SrcFileId="7" StartOffset="18381"/>
</Cond>
<LocList>
<Loc EndOffset="18480" SrcFileId="7" StartOffset="18386"/>
</LocList>
<StmntSeq Intrnl_Id="1177">
<LocList>
<Loc EndOffset="18471" SrcFileId="7" StartOffset="18396"/>
</LocList>
<BasicStmnt CovItemId="S260" CovItemPrefix="csse376_puerto_rico.GameBoardGUI.java" Intrnl_Id="1178">
<LocList>
<Loc EndOffset="18471" SrcFileId="7" StartOffset="18396"/>
</LocList>
</BasicStmnt>
</StmntSeq>
</Branch>
<Keyword EndOffset="17950" SrcFileId="7" StartOffset="17948"/>
<LocList>
<Loc EndOffset="18480" SrcFileId="7" StartOffset="17948"/>
</LocList>
<RootTerm CovItemId="C55" CovItemPrefix="csse376_puerto_rico.GameBoardGUI.java" Intrnl_Id="1179">
<BasicBoolTerm Intrnl_Id="1180">
<LocList>
<Loc EndOffset="17967" SrcFileId="7" StartOffset="17952"/>
</LocList>
</BasicBoolTerm>
</RootTerm>
</CondStmnt>
</StmntSeq>
<Keyword EndOffset="16959" SrcFileId="7" StartOffset="16954"/>
<LocList>
<Loc EndOffset="18488" SrcFileId="7" StartOffset="16954"/>
</LocList>
<RootTerm CovItemId="C54" CovItemPrefix="csse376_puerto_rico.GameBoardGUI.java" Intrnl_Id="1181">
<OpTerm BooleanOpId="11" Intrnl_Id="1182">
<BasicBoolTerm Intrnl_Id="1183">
<LocList>
<Loc EndOffset="16970" SrcFileId="7" StartOffset="16962"/>
</LocList>
</BasicBoolTerm>
<LocList>
<Loc EndOffset="16962" SrcFileId="7" StartOffset="16961"/>
</LocList>
</OpTerm>
</RootTerm>
</LoopStmnt>
</StmntSeq>
</Branch>
<Branch CovItemId="B80" CovItemPrefix="csse376_puerto_rico.GameBoardGUI.java" Implct="true" Intrnl_Id="1184">
<Cond/>
<LocList/>
<StmntSeq Intrnl_Id="1185">
<LocList/>
</StmntSeq>
</Branch>
<Keyword EndOffset="16620" SrcFileId="7" StartOffset="16618"/>
<LocList>
<Loc EndOffset="18495" SrcFileId="7" StartOffset="16618"/>
</LocList>
<RootTerm CovItemId="C52" CovItemPrefix="csse376_puerto_rico.GameBoardGUI.java" Intrnl_Id="1186">
<BasicBoolTerm Intrnl_Id="1187">
<LocList>
<Loc EndOffset="16655" SrcFileId="7" StartOffset="16622"/>
</LocList>
</BasicBoolTerm>
</RootTerm>
</CondStmnt>
<BasicStmnt CovItemId="S261" CovItemPrefix="csse376_puerto_rico.GameBoardGUI.java" Intrnl_Id="1188">
<LocList>
<Loc EndOffset="18528" SrcFileId="7" StartOffset="18503"/>
</LocList>
</BasicStmnt>
<BasicStmnt CovItemId="S262" CovItemPrefix="csse376_puerto_rico.GameBoardGUI.java" Intrnl_Id="1189">
<LocList>
<Loc EndOffset="18562" SrcFileId="7" StartOffset="18536"/>
</LocList>
</BasicStmnt>
<BasicStmnt CovItemId="S263" CovItemPrefix="csse376_puerto_rico.GameBoardGUI.java" Intrnl_Id="1190">
<LocList>
<Loc EndOffset="18609" SrcFileId="7" StartOffset="18568"/>
</LocList>
</BasicStmnt>
</StmntSeq>
<Keyword EndOffset="16544" SrcFileId="7" StartOffset="16539"/>
<LocList>
<Loc EndOffset="18617" SrcFileId="7" StartOffset="16539"/>
</LocList>
<RootTerm CovItemId="C51" CovItemPrefix="csse376_puerto_rico.GameBoardGUI.java" Intrnl_Id="1191">
<BasicBoolTerm Intrnl_Id="1192">
<LocList>
<Loc EndOffset="16573" SrcFileId="7" StartOffset="16546"/>
</LocList>
</BasicBoolTerm>
</RootTerm>
</LoopStmnt>
<CondStmnt CovItemId="S264" CovItemPrefix="csse376_puerto_rico.GameBoardGUI.java" Intrnl_Id="1193">
<Branch CovItemId="B87" CovItemPrefix="csse376_puerto_rico.GameBoardGUI.java" Implct="false" Intrnl_Id="1194">
<Cond/>
<LocList>
<Loc EndOffset="18701" SrcFileId="7" StartOffset="18656"/>
</LocList>
<StmntSeq Intrnl_Id="1195">
<LocList>
<Loc EndOffset="18695" SrcFileId="7" StartOffset="18663"/>
</LocList>
<BasicStmnt CovItemId="S265" CovItemPrefix="csse376_puerto_rico.GameBoardGUI.java" Intrnl_Id="1196">
<LocList>
<Loc EndOffset="18695" SrcFileId="7" StartOffset="18663"/>
</LocList>
</BasicStmnt>
</StmntSeq>
</Branch>
<Branch CovItemId="B88" CovItemPrefix="csse376_puerto_rico.GameBoardGUI.java" Implct="true" Intrnl_Id="1197">
<Cond/>
<LocList/>
<StmntSeq Intrnl_Id="1198">
<LocList/>
</StmntSeq>
</Branch>
<Keyword EndOffset="18624" SrcFileId="7" StartOffset="18622"/>
<LocList>
<Loc EndOffset="18701" SrcFileId="7" StartOffset="18622"/>
</LocList>
<RootTerm CovItemId="C57" CovItemPrefix="csse376_puerto_rico.GameBoardGUI.java" Intrnl_Id="1199">
<BasicBoolTerm Intrnl_Id="1200">
<LocList>
<Loc EndOffset="18654" SrcFileId="7" StartOffset="18626"/>
</LocList>
</BasicBoolTerm>
</RootTerm>
</CondStmnt>
<LoopStmnt CovItemId="S266" CovItemPrefix="csse376_puerto_rico.GameBoardGUI.java" Intrnl_Id="1201" MltplExecId="L17-2" MltplExecPrefix="csse376_puerto_rico.GameBoardGUI.java" NvrExecId="L17-0" NvrExecPrefix="csse376_puerto_rico.GameBoardGUI.java" OnceExecutedId="L17-1" OnceExecutedPrefix="csse376_puerto_rico.GameBoardGUI.java" OptBodyExec="true">
<StmntSeq Intrnl_Id="1202">
<LocList>
<Loc EndOffset="18807" SrcFileId="7" StartOffset="18777"/>
<Loc EndOffset="18868" SrcFileId="7" StartOffset="18815"/>
<Loc EndOffset="19012" SrcFileId="7" StartOffset="18874"/>
<Loc EndOffset="19042" SrcFileId="7" StartOffset="19018"/>
<Loc EndOffset="19086" SrcFileId="7" StartOffset="19048"/>
<Loc EndOffset="19148" SrcFileId="7" StartOffset="19094"/>
<Loc EndOffset="19396" SrcFileId="7" StartOffset="19154"/>
<Loc EndOffset="19565" SrcFileId="7" StartOffset="19404"/>
<Loc EndOffset="21387" SrcFileId="7" StartOffset="19573"/>
<Loc EndOffset="22286" SrcFileId="7" StartOffset="21393"/>
<Loc EndOffset="22357" SrcFileId="7" StartOffset="22294"/>
<Loc EndOffset="22390" SrcFileId="7" StartOffset="22365"/>
<Loc EndOffset="22422" SrcFileId="7" StartOffset="22396"/>
<Loc EndOffset="22469" SrcFileId="7" StartOffset="22428"/>
</LocList>
<BasicStmnt CovItemId="S267" CovItemPrefix="csse376_puerto_rico.GameBoardGUI.java" Intrnl_Id="1203">
<LocList>
<Loc EndOffset="18807" SrcFileId="7" StartOffset="18777"/>
</LocList>
</BasicStmnt>
<BasicStmnt CovItemId="S268" CovItemPrefix="csse376_puerto_rico.GameBoardGUI.java" Intrnl_Id="1204">
<LocList>
<Loc EndOffset="18868" SrcFileId="7" StartOffset="18815"/>
</LocList>
</BasicStmnt>
<LoopStmnt CovItemId="S269" CovItemPrefix="csse376_puerto_rico.GameBoardGUI.java" Intrnl_Id="1205" MltplExecId="L18-2" MltplExecPrefix="csse376_puerto_rico.GameBoardGUI.java" NvrExecId="L18-0" NvrExecPrefix="csse376_puerto_rico.GameBoardGUI.java" OnceExecutedId="L18-1" OnceExecutedPrefix="csse376_puerto_rico.GameBoardGUI.java" OptBodyExec="true">
<StmntSeq Intrnl_Id="1206">
<LocList>
<Loc EndOffset="18954" SrcFileId="7" StartOffset="18920"/>
<Loc EndOffset="19005" SrcFileId="7" StartOffset="18961"/>
</LocList>
<BasicStmnt CovItemId="S270" CovItemPrefix="csse376_puerto_rico.GameBoardGUI.java" Intrnl_Id="1207">
<LocList>
<Loc EndOffset="18954" SrcFileId="7" StartOffset="18920"/>
</LocList>
</BasicStmnt>
<CondStmnt CovItemId="S271" CovItemPrefix="csse376_puerto_rico.GameBoardGUI.java" Intrnl_Id="1208">
<Branch CovItemId="B89" CovItemPrefix="csse376_puerto_rico.GameBoardGUI.java" Implct="false" Intrnl_Id="1209">
<Cond/>
<LocList>
<Loc EndOffset="19005" SrcFileId="7" StartOffset="18972"/>
</LocList>
<StmntSeq Intrnl_Id="1210">
<LocList>
<Loc EndOffset="18997" SrcFileId="7" StartOffset="18981"/>
</LocList>
<BasicStmnt CovItemId="S272" CovItemPrefix="csse376_puerto_rico.GameBoardGUI.java" Intrnl_Id="1211">
<LocList>
<Loc EndOffset="18997" SrcFileId="7" StartOffset="18981"/>
</LocList>
</BasicStmnt>
</StmntSeq>
</Branch>
<Branch CovItemId="B90" CovItemPrefix="csse376_puerto_rico.GameBoardGUI.java" Implct="true" Intrnl_Id="1212">
<Cond/>
<LocList/>
<StmntSeq Intrnl_Id="1213">
<LocList/>
</StmntSeq>
</Branch>
<Keyword EndOffset="18963" SrcFileId="7" StartOffset="18961"/>
<LocList>
<Loc EndOffset="19005" SrcFileId="7" StartOffset="18961"/>
</LocList>
<RootTerm CovItemId="C59" CovItemPrefix="csse376_puerto_rico.GameBoardGUI.java" Intrnl_Id="1214">
<BasicBoolTerm Intrnl_Id="1215">
<LocList>
<Loc EndOffset="18970" SrcFileId="7" StartOffset="18965"/>
</LocList>
</BasicBoolTerm>
</RootTerm>
</CondStmnt>
</StmntSeq>
<Keyword EndOffset="18877" SrcFileId="7" StartOffset="18874"/>
<LocList>
<Loc EndOffset="19012" SrcFileId="7" StartOffset="18874"/>
</LocList>
</LoopStmnt>
<BasicStmnt CovItemId="S273" CovItemPrefix="csse376_puerto_rico.GameBoardGUI.java" Intrnl_Id="1216">
<LocList>
<Loc EndOffset="19042" SrcFileId="7" StartOffset="19018"/>
</LocList>
</BasicStmnt>
<BasicStmnt CovItemId="S274" CovItemPrefix="csse376_puerto_rico.GameBoardGUI.java" Intrnl_Id="1217">
<LocList>
<Loc EndOffset="19086" SrcFileId="7" StartOffset="19048"/>
</LocList>
</BasicStmnt>
<BasicStmnt CovItemId="S275" CovItemPrefix="csse376_puerto_rico.GameBoardGUI.java" Intrnl_Id="1218">
<LocList>
<Loc EndOffset="19148" SrcFileId="7" StartOffset="19094"/>
</LocList>
</BasicStmnt>
<BasicStmnt CovItemId="S276" CovItemPrefix="csse376_puerto_rico.GameBoardGUI.java" Intrnl_Id="1219">
<LocList>
<Loc EndOffset="19396" SrcFileId="7" StartOffset="19154"/>
</LocList>
</BasicStmnt>
<CondStmnt CovItemId="S277" CovItemPrefix="csse376_puerto_rico.GameBoardGUI.java" Intrnl_Id="1220">
<Branch CovItemId="B91" CovItemPrefix="csse376_puerto_rico.GameBoardGUI.java" Implct="false" Intrnl_Id="1221">
<Cond/>
<LocList>
<Loc EndOffset="19565" SrcFileId="7" StartOffset="19436"/>
</LocList>
<StmntSeq Intrnl_Id="1222">
<LocList>
<Loc EndOffset="19487" SrcFileId="7" StartOffset="19444"/>
<Loc EndOffset="19520" SrcFileId="7" StartOffset="19494"/>
<Loc EndOffset="19558" SrcFileId="7" StartOffset="19527"/>
</LocList>
<BasicStmnt CovItemId="S278" CovItemPrefix="csse376_puerto_rico.GameBoardGUI.java" Intrnl_Id="1223">
<LocList>
<Loc EndOffset="19487" SrcFileId="7" StartOffset="19444"/>
</LocList>
</BasicStmnt>
<BasicStmnt CovItemId="S279" CovItemPrefix="csse376_puerto_rico.GameBoardGUI.java" Intrnl_Id="1224">
<LocList>
<Loc EndOffset="19520" SrcFileId="7" StartOffset="19494"/>
</LocList>
</BasicStmnt>
<BasicStmnt CovItemId="S280" CovItemPrefix="csse376_puerto_rico.GameBoardGUI.java" Intrnl_Id="1225">
<LocList>
<Loc EndOffset="19558" SrcFileId="7" StartOffset="19527"/>
</LocList>
</BasicStmnt>
</StmntSeq>
</Branch>
<Branch CovItemId="B92" CovItemPrefix="csse376_puerto_rico.GameBoardGUI.java" Implct="true" Intrnl_Id="1226">
<Cond/>
<LocList/>
<StmntSeq Intrnl_Id="1227">
<LocList/>
</StmntSeq>
</Branch>
<Keyword EndOffset="19406" SrcFileId="7" StartOffset="19404"/>
<LocList>
<Loc EndOffset="19565" SrcFileId="7" StartOffset="19404"/>
</LocList>
<RootTerm CovItemId="C60" CovItemPrefix="csse376_puerto_rico.GameBoardGUI.java" Intrnl_Id="1228">
<BasicBoolTerm Intrnl_Id="1229">
<LocList>
<Loc EndOffset="19434" SrcFileId="7" StartOffset="19408"/>
</LocList>
</BasicBoolTerm>
</RootTerm>
</CondStmnt>
<CondStmnt CovItemId="S281" CovItemPrefix="csse376_puerto_rico.GameBoardGUI.java" Intrnl_Id="1230">
<Branch CovItemId="B93" CovItemPrefix="csse376_puerto_rico.GameBoardGUI.java" Implct="false" Intrnl_Id="1231">
<Cond/>
<LocList>
<Loc EndOffset="21387" SrcFileId="7" StartOffset="19625"/>
</LocList>
<StmntSeq Intrnl_Id="1232">
<LocList>
<Loc EndOffset="19668" SrcFileId="7" StartOffset="19633"/>
<Loc EndOffset="19818" SrcFileId="7" StartOffset="19675"/>
<Loc EndOffset="19849" SrcFileId="7" StartOffset="19825"/>
<Loc EndOffset="19885" SrcFileId="7" StartOffset="19856"/>
<Loc EndOffset="20152" SrcFileId="7" StartOffset="19892"/>
<Loc EndOffset="20500" SrcFileId="7" StartOffset="20159"/>
<Loc EndOffset="20542" SrcFileId="7" StartOffset="20507"/>
<Loc EndOffset="20692" SrcFileId="7" StartOffset="20549"/>
<Loc EndOffset="20723" SrcFileId="7" StartOffset="20699"/>
<Loc EndOffset="20759" SrcFileId="7" StartOffset="20730"/>
<Loc EndOffset="21027" SrcFileId="7" StartOffset="20766"/>
<Loc EndOffset="21380" SrcFileId="7" StartOffset="21036"/>
</LocList>
<BasicStmnt CovItemId="S282" CovItemPrefix="csse376_puerto_rico.GameBoardGUI.java" Intrnl_Id="1233">
<LocList>
<Loc EndOffset="19668" SrcFileId="7" StartOffset="19633"/>
</LocList>
</BasicStmnt>
<LoopStmnt CovItemId="S283" CovItemPrefix="csse376_puerto_rico.GameBoardGUI.java" Intrnl_Id="1234" MltplExecId="L19-2" MltplExecPrefix="csse376_puerto_rico.GameBoardGUI.java" NvrExecId="L19-0" NvrExecPrefix="csse376_puerto_rico.GameBoardGUI.java" OnceExecutedId="L19-1" OnceExecutedPrefix="csse376_puerto_rico.GameBoardGUI.java" OptBodyExec="true">
<StmntSeq Intrnl_Id="1235">
<LocList>
<Loc EndOffset="19756" SrcFileId="7" StartOffset="19722"/>
<Loc EndOffset="19810" SrcFileId="7" StartOffset="19764"/>
</LocList>
<BasicStmnt CovItemId="S284" CovItemPrefix="csse376_puerto_rico.GameBoardGUI.java" Intrnl_Id="1236">
<LocList>
<Loc EndOffset="19756" SrcFileId="7" StartOffset="19722"/>
</LocList>
</BasicStmnt>
<CondStmnt CovItemId="S285" CovItemPrefix="csse376_puerto_rico.GameBoardGUI.java" Intrnl_Id="1237">
<Branch CovItemId="B95" CovItemPrefix="csse376_puerto_rico.GameBoardGUI.java" Implct="false" Intrnl_Id="1238">
<Cond/>
<LocList>
<Loc EndOffset="19810" SrcFileId="7" StartOffset="19775"/>
</LocList>
<StmntSeq Intrnl_Id="1239">
<LocList>
<Loc EndOffset="19801" SrcFileId="7" StartOffset="19785"/>
</LocList>
<BasicStmnt CovItemId="S286" CovItemPrefix="csse376_puerto_rico.GameBoardGUI.java" Intrnl_Id="1240">
<LocList>
<Loc EndOffset="19801" SrcFileId="7" StartOffset="19785"/>
</LocList>
</BasicStmnt>
</StmntSeq>
</Branch>
<Branch CovItemId="B96" CovItemPrefix="csse376_puerto_rico.GameBoardGUI.java" Implct="true" Intrnl_Id="1241">
<Cond/>
<LocList/>
<StmntSeq Intrnl_Id="1242">
<LocList/>
</StmntSeq>
</Branch>
<Keyword EndOffset="19766" SrcFileId="7" StartOffset="19764"/>
<LocList>
<Loc EndOffset="19810" SrcFileId="7" StartOffset="19764"/>
</LocList>
<RootTerm CovItemId="C62" CovItemPrefix="csse376_puerto_rico.GameBoardGUI.java" Intrnl_Id="1243">
<BasicBoolTerm Intrnl_Id="1244">
<LocList>
<Loc EndOffset="19773" SrcFileId="7" StartOffset="19768"/>
</LocList>
</BasicBoolTerm>
</RootTerm>
</CondStmnt>
</StmntSeq>
<Keyword EndOffset="19678" SrcFileId="7" StartOffset="19675"/>
<LocList>
<Loc EndOffset="19818" SrcFileId="7" StartOffset="19675"/>
</LocList>
</LoopStmnt>
<BasicStmnt CovItemId="S287" CovItemPrefix="csse376_puerto_rico.GameBoardGUI.java" Intrnl_Id="1245">
<LocList>
<Loc EndOffset="19849" SrcFileId="7" StartOffset="19825"/>
</LocList>
</BasicStmnt>
<BasicStmnt CovItemId="S288" CovItemPrefix="csse376_puerto_rico.GameBoardGUI.java" Intrnl_Id="1246">
<LocList>
<Loc EndOffset="19885" SrcFileId="7" StartOffset="19856"/>
</LocList>
</BasicStmnt>
<BasicStmnt CovItemId="S289" CovItemPrefix="csse376_puerto_rico.GameBoardGUI.java" Intrnl_Id="1247">
<LocList>
<Loc EndOffset="20152" SrcFileId="7" StartOffset="19892"/>
</LocList>
</BasicStmnt>
<CondStmnt CovItemId="S290" CovItemPrefix="csse376_puerto_rico.GameBoardGUI.java" Intrnl_Id="1248">
<Branch CovItemId="B97" CovItemPrefix="csse376_puerto_rico.GameBoardGUI.java" Implct="false" Intrnl_Id="1249">
<Cond/>
<LocList>
<Loc EndOffset="20500" SrcFileId="7" StartOffset="20196"/>
</LocList>
<StmntSeq Intrnl_Id="1250">
<LocList>
<Loc EndOffset="20253" SrcFileId="7" StartOffset="20205"/>
<Loc EndOffset="20287" SrcFileId="7" StartOffset="20261"/>
<Loc EndOffset="20326" SrcFileId="7" StartOffset="20295"/>
<Loc EndOffset="20425" SrcFileId="7" StartOffset="20334"/>
<Loc EndOffset="20492" SrcFileId="7" StartOffset="20433"/>
</LocList>
<BasicStmnt CovItemId="S291" CovItemPrefix="csse376_puerto_rico.GameBoardGUI.java" Intrnl_Id="1251">
<LocList>
<Loc EndOffset="20253" SrcFileId="7" StartOffset="20205"/>
</LocList>
</BasicStmnt>
<BasicStmnt CovItemId="S292" CovItemPrefix="csse376_puerto_rico.GameBoardGUI.java" Intrnl_Id="1252">
<LocList>
<Loc EndOffset="20287" SrcFileId="7" StartOffset="20261"/>
</LocList>
</BasicStmnt>
<BasicStmnt CovItemId="S293" CovItemPrefix="csse376_puerto_rico.GameBoardGUI.java" Intrnl_Id="1253">
<LocList>
<Loc EndOffset="20326" SrcFileId="7" StartOffset="20295"/>
</LocList>
</BasicStmnt>
<BasicStmnt CovItemId="S294" CovItemPrefix="csse376_puerto_rico.GameBoardGUI.java" Intrnl_Id="1254">
<LocList>
<Loc EndOffset="20425" SrcFileId="7" StartOffset="20334"/>
</LocList>
</BasicStmnt>
<BasicStmnt CovItemId="S295" CovItemPrefix="csse376_puerto_rico.GameBoardGUI.java" Intrnl_Id="1255">
<LocList>
<Loc EndOffset="20492" SrcFileId="7" StartOffset="20433"/>
</LocList>
</BasicStmnt>
</StmntSeq>
</Branch>
<Branch CovItemId="B98" CovItemPrefix="csse376_puerto_rico.GameBoardGUI.java" Implct="true" Intrnl_Id="1256">
<Cond/>
<LocList/>
<StmntSeq Intrnl_Id="1257">
<LocList/>
</StmntSeq>
</Branch>
<Keyword EndOffset="20161" SrcFileId="7" StartOffset="20159"/>
<LocList>
<Loc EndOffset="20500" SrcFileId="7" StartOffset="20159"/>
</LocList>
<RootTerm CovItemId="C63" CovItemPrefix="csse376_puerto_rico.GameBoardGUI.java" Intrnl_Id="1258">
<BasicBoolTerm Intrnl_Id="1259">
<LocList>
<Loc EndOffset="20194" SrcFileId="7" StartOffset="20163"/>
</LocList>
</BasicBoolTerm>
</RootTerm>
</CondStmnt>
<BasicStmnt CovItemId="S296" CovItemPrefix="csse376_puerto_rico.GameBoardGUI.java" Intrnl_Id="1260">
<LocList>
<Loc EndOffset="20542" SrcFileId="7" StartOffset="20507"/>
</LocList>
</BasicStmnt>
<LoopStmnt CovItemId="S297" CovItemPrefix="csse376_puerto_rico.GameBoardGUI.java" Intrnl_Id="1261" MltplExecId="L20-2" MltplExecPrefix="csse376_puerto_rico.GameBoardGUI.java" NvrExecId="L20-0" NvrExecPrefix="csse376_puerto_rico.GameBoardGUI.java" OnceExecutedId="L20-1" OnceExecutedPrefix="csse376_puerto_rico.GameBoardGUI.java" OptBodyExec="true">
<StmntSeq Intrnl_Id="1262">
<LocList>
<Loc EndOffset="20630" SrcFileId="7" StartOffset="20596"/>
<Loc EndOffset="20684" SrcFileId="7" StartOffset="20638"/>
</LocList>
<BasicStmnt CovItemId="S298" CovItemPrefix="csse376_puerto_rico.GameBoardGUI.java" Intrnl_Id="1263">
<LocList>
<Loc EndOffset="20630" SrcFileId="7" StartOffset="20596"/>
</LocList>
</BasicStmnt>
<CondStmnt CovItemId="S299" CovItemPrefix="csse376_puerto_rico.GameBoardGUI.java" Intrnl_Id="1264">
<Branch CovItemId="B99" CovItemPrefix="csse376_puerto_rico.GameBoardGUI.java" Implct="false" Intrnl_Id="1265">
<Cond/>
<LocList>
<Loc EndOffset="20684" SrcFileId="7" StartOffset="20649"/>
</LocList>
<StmntSeq Intrnl_Id="1266">
<LocList>
<Loc EndOffset="20675" SrcFileId="7" StartOffset="20659"/>
</LocList>
<BasicStmnt CovItemId="S300" CovItemPrefix="csse376_puerto_rico.GameBoardGUI.java" Intrnl_Id="1267">
<LocList>
<Loc EndOffset="20675" SrcFileId="7" StartOffset="20659"/>
</LocList>
</BasicStmnt>
</StmntSeq>
</Branch>
<Branch CovItemId="B100" CovItemPrefix="csse376_puerto_rico.GameBoardGUI.java" Implct="true" Intrnl_Id="1268">
<Cond/>
<LocList/>
<StmntSeq Intrnl_Id="1269">
<LocList/>
</StmntSeq>
</Branch>
<Keyword EndOffset="20640" SrcFileId="7" StartOffset="20638"/>
<LocList>
<Loc EndOffset="20684" SrcFileId="7" StartOffset="20638"/>
</LocList>
<RootTerm CovItemId="C64" CovItemPrefix="csse376_puerto_rico.GameBoardGUI.java" Intrnl_Id="1270">
<BasicBoolTerm Intrnl_Id="1271">
<LocList>
<Loc EndOffset="20647" SrcFileId="7" StartOffset="20642"/>
</LocList>
</BasicBoolTerm>
</RootTerm>
</CondStmnt>
</StmntSeq>
<Keyword EndOffset="20552" SrcFileId="7" StartOffset="20549"/>
<LocList>
<Loc EndOffset="20692" SrcFileId="7" StartOffset="20549"/>
</LocList>
</LoopStmnt>
<BasicStmnt CovItemId="S301" CovItemPrefix="csse376_puerto_rico.GameBoardGUI.java" Intrnl_Id="1272">
<LocList>
<Loc EndOffset="20723" SrcFileId="7" StartOffset="20699"/>
</LocList>
</BasicStmnt>
<BasicStmnt CovItemId="S302" CovItemPrefix="csse376_puerto_rico.GameBoardGUI.java" Intrnl_Id="1273">
<LocList>
<Loc EndOffset="20759" SrcFileId="7" StartOffset="20730"/>
</LocList>
</BasicStmnt>
<BasicStmnt CovItemId="S303" CovItemPrefix="csse376_puerto_rico.GameBoardGUI.java" Intrnl_Id="1274">
<LocList>
<Loc EndOffset="21027" SrcFileId="7" StartOffset="20766"/>
</LocList>
</BasicStmnt>
<CondStmnt CovItemId="S304" CovItemPrefix="csse376_puerto_rico.GameBoardGUI.java" Intrnl_Id="1275">
<Branch CovItemId="B101" CovItemPrefix="csse376_puerto_rico.GameBoardGUI.java" Implct="false" Intrnl_Id="1276">
<Cond/>
<LocList>
<Loc EndOffset="21380" SrcFileId="7" StartOffset="21074"/>
</LocList>
<StmntSeq Intrnl_Id="1277">
<LocList>
<Loc EndOffset="21132" SrcFileId="7" StartOffset="21083"/>
<Loc EndOffset="21166" SrcFileId="7" StartOffset="21140"/>
<Loc EndOffset="21205" SrcFileId="7" StartOffset="21174"/>
<Loc EndOffset="21305" SrcFileId="7" StartOffset="21213"/>
<Loc EndOffset="21372" SrcFileId="7" StartOffset="21313"/>
</LocList>
<BasicStmnt CovItemId="S305" CovItemPrefix="csse376_puerto_rico.GameBoardGUI.java" Intrnl_Id="1278">
<LocList>
<Loc EndOffset="21132" SrcFileId="7" StartOffset="21083"/>
</LocList>
</BasicStmnt>
<BasicStmnt CovItemId="S306" CovItemPrefix="csse376_puerto_rico.GameBoardGUI.java" Intrnl_Id="1279">
<LocList>
<Loc EndOffset="21166" SrcFileId="7" StartOffset="21140"/>
</LocList>
</BasicStmnt>
<BasicStmnt CovItemId="S307" CovItemPrefix="csse376_puerto_rico.GameBoardGUI.java" Intrnl_Id="1280">
<LocList>
<Loc EndOffset="21205" SrcFileId="7" StartOffset="21174"/>
</LocList>
</BasicStmnt>
<BasicStmnt CovItemId="S308" CovItemPrefix="csse376_puerto_rico.GameBoardGUI.java" Intrnl_Id="1281">
<LocList>
<Loc EndOffset="21305" SrcFileId="7" StartOffset="21213"/>
</LocList>
</BasicStmnt>
<BasicStmnt CovItemId="S309" CovItemPrefix="csse376_puerto_rico.GameBoardGUI.java" Intrnl_Id="1282">
<LocList>
<Loc EndOffset="21372" SrcFileId="7" StartOffset="21313"/>
</LocList>
</BasicStmnt>
</StmntSeq>
</Branch>
<Branch CovItemId="B102" CovItemPrefix="csse376_puerto_rico.GameBoardGUI.java" Implct="true" Intrnl_Id="1283">
<Cond/>
<LocList/>
<StmntSeq Intrnl_Id="1284">
<LocList/>
</StmntSeq>
</Branch>
<Keyword EndOffset="21038" SrcFileId="7" StartOffset="21036"/>
<LocList>
<Loc EndOffset="21380" SrcFileId="7" StartOffset="21036"/>
</LocList>
<RootTerm CovItemId="C65" CovItemPrefix="csse376_puerto_rico.GameBoardGUI.java" Intrnl_Id="1285">
<BasicBoolTerm Intrnl_Id="1286">
<LocList>
<Loc EndOffset="21072" SrcFileId="7" StartOffset="21040"/>
</LocList>
</BasicBoolTerm>
</RootTerm>
</CondStmnt>
</StmntSeq>
</Branch>
<Branch CovItemId="B94" CovItemPrefix="csse376_puerto_rico.GameBoardGUI.java" Implct="true" Intrnl_Id="1287">
<Cond/>
<LocList/>
<StmntSeq Intrnl_Id="1288">
<LocList/>
</StmntSeq>
</Branch>
<Keyword EndOffset="19575" SrcFileId="7" StartOffset="19573"/>
<LocList>
<Loc EndOffset="21387" SrcFileId="7" StartOffset="19573"/>
</LocList>
<RootTerm CovItemId="C61" CovItemPrefix="csse376_puerto_rico.GameBoardGUI.java" Intrnl_Id="1289">
<BasicBoolTerm Intrnl_Id="1290">
<LocList>
<Loc EndOffset="19623" SrcFileId="7" StartOffset="19577"/>
</LocList>
</BasicBoolTerm>
</RootTerm>
</CondStmnt>
<CondStmnt CovItemId="S310" CovItemPrefix="csse376_puerto_rico.GameBoardGUI.java" Intrnl_Id="1291">
<Branch CovItemId="B103" CovItemPrefix="csse376_puerto_rico.GameBoardGUI.java" Implct="false" Intrnl_Id="1292">
<Cond/>
<LocList>
<Loc EndOffset="22286" SrcFileId="7" StartOffset="21445"/>
</LocList>
<StmntSeq Intrnl_Id="1293">
<LocList>
<Loc EndOffset="21488" SrcFileId="7" StartOffset="21453"/>
<Loc EndOffset="21638" SrcFileId="7" StartOffset="21495"/>
<Loc EndOffset="21669" SrcFileId="7" StartOffset="21645"/>
<Loc EndOffset="21705" SrcFileId="7" StartOffset="21676"/>
<Loc EndOffset="21955" SrcFileId="7" StartOffset="21712"/>
<Loc EndOffset="22279" SrcFileId="7" StartOffset="21962"/>
</LocList>
<BasicStmnt CovItemId="S311" CovItemPrefix="csse376_puerto_rico.GameBoardGUI.java" Intrnl_Id="1294">
<LocList>
<Loc EndOffset="21488" SrcFileId="7" StartOffset="21453"/>
</LocList>
</BasicStmnt>
<LoopStmnt CovItemId="S312" CovItemPrefix="csse376_puerto_rico.GameBoardGUI.java" Intrnl_Id="1295" MltplExecId="L21-2" MltplExecPrefix="csse376_puerto_rico.GameBoardGUI.java" NvrExecId="L21-0" NvrExecPrefix="csse376_puerto_rico.GameBoardGUI.java" OnceExecutedId="L21-1" OnceExecutedPrefix="csse376_puerto_rico.GameBoardGUI.java" OptBodyExec="true">
<StmntSeq Intrnl_Id="1296">
<LocList>
<Loc EndOffset="21576" SrcFileId="7" StartOffset="21542"/>
<Loc EndOffset="21630" SrcFileId="7" StartOffset="21584"/>
</LocList>
<BasicStmnt CovItemId="S313" CovItemPrefix="csse376_puerto_rico.GameBoardGUI.java" Intrnl_Id="1297">
<LocList>
<Loc EndOffset="21576" SrcFileId="7" StartOffset="21542"/>
</LocList>
</BasicStmnt>
<CondStmnt CovItemId="S314" CovItemPrefix="csse376_puerto_rico.GameBoardGUI.java" Intrnl_Id="1298">
<Branch CovItemId="B105" CovItemPrefix="csse376_puerto_rico.GameBoardGUI.java" Implct="false" Intrnl_Id="1299">
<Cond/>
<LocList>
<Loc EndOffset="21630" SrcFileId="7" StartOffset="21595"/>
</LocList>
<StmntSeq Intrnl_Id="1300">
<LocList>
<Loc EndOffset="21621" SrcFileId="7" StartOffset="21605"/>
</LocList>
<BasicStmnt CovItemId="S315" CovItemPrefix="csse376_puerto_rico.GameBoardGUI.java" Intrnl_Id="1301">
<LocList>
<Loc EndOffset="21621" SrcFileId="7" StartOffset="21605"/>
</LocList>
</BasicStmnt>
</StmntSeq>
</Branch>
<Branch CovItemId="B106" CovItemPrefix="csse376_puerto_rico.GameBoardGUI.java" Implct="true" Intrnl_Id="1302">
<Cond/>
<LocList/>
<StmntSeq Intrnl_Id="1303">
<LocList/>
</StmntSeq>
</Branch>
<Keyword EndOffset="21586" SrcFileId="7" StartOffset="21584"/>
<LocList>
<Loc EndOffset="21630" SrcFileId="7" StartOffset="21584"/>
</LocList>
<RootTerm CovItemId="C67" CovItemPrefix="csse376_puerto_rico.GameBoardGUI.java" Intrnl_Id="1304">
<BasicBoolTerm Intrnl_Id="1305">
<LocList>
<Loc EndOffset="21593" SrcFileId="7" StartOffset="21588"/>
</LocList>
</BasicBoolTerm>
</RootTerm>
</CondStmnt>
</StmntSeq>
<Keyword EndOffset="21498" SrcFileId="7" StartOffset="21495"/>
<LocList>
<Loc EndOffset="21638" SrcFileId="7" StartOffset="21495"/>
</LocList>
</LoopStmnt>
<BasicStmnt CovItemId="S316" CovItemPrefix="csse376_puerto_rico.GameBoardGUI.java" Intrnl_Id="1306">
<LocList>
<Loc EndOffset="21669" SrcFileId="7" StartOffset="21645"/>
</LocList>
</BasicStmnt>
<BasicStmnt CovItemId="S317" CovItemPrefix="csse376_puerto_rico.GameBoardGUI.java" Intrnl_Id="1307">
<LocList>
<Loc EndOffset="21705" SrcFileId="7" StartOffset="21676"/>
</LocList>
</BasicStmnt>
<BasicStmnt CovItemId="S318" CovItemPrefix="csse376_puerto_rico.GameBoardGUI.java" Intrnl_Id="1308">
<LocList>
<Loc EndOffset="21955" SrcFileId="7" StartOffset="21712"/>
</LocList>
</BasicStmnt>
<CondStmnt CovItemId="S319" CovItemPrefix="csse376_puerto_rico.GameBoardGUI.java" Intrnl_Id="1309">
<Branch CovItemId="B107" CovItemPrefix="csse376_puerto_rico.GameBoardGUI.java" Implct="false" Intrnl_Id="1310">
<Cond/>
<LocList>
<Loc EndOffset="22279" SrcFileId="7" StartOffset="21991"/>
</LocList>
<StmntSeq Intrnl_Id="1311">
<LocList>
<Loc EndOffset="22040" SrcFileId="7" StartOffset="22000"/>
<Loc EndOffset="22074" SrcFileId="7" StartOffset="22048"/>
<Loc EndOffset="22113" SrcFileId="7" StartOffset="22082"/>
<Loc EndOffset="22204" SrcFileId="7" StartOffset="22121"/>
<Loc EndOffset="22271" SrcFileId="7" StartOffset="22212"/>
</LocList>
<BasicStmnt CovItemId="S320" CovItemPrefix="csse376_puerto_rico.GameBoardGUI.java" Intrnl_Id="1312">
<LocList>
<Loc EndOffset="22040" SrcFileId="7" StartOffset="22000"/>
</LocList>
</BasicStmnt>
<BasicStmnt CovItemId="S321" CovItemPrefix="csse376_puerto_rico.GameBoardGUI.java" Intrnl_Id="1313">
<LocList>
<Loc EndOffset="22074" SrcFileId="7" StartOffset="22048"/>
</LocList>
</BasicStmnt>
<BasicStmnt CovItemId="S322" CovItemPrefix="csse376_puerto_rico.GameBoardGUI.java" Intrnl_Id="1314">
<LocList>
<Loc EndOffset="22113" SrcFileId="7" StartOffset="22082"/>
</LocList>
</BasicStmnt>
<BasicStmnt CovItemId="S323" CovItemPrefix="csse376_puerto_rico.GameBoardGUI.java" Intrnl_Id="1315">
<LocList>
<Loc EndOffset="22204" SrcFileId="7" StartOffset="22121"/>
</LocList>
</BasicStmnt>
<BasicStmnt CovItemId="S324" CovItemPrefix="csse376_puerto_rico.GameBoardGUI.java" Intrnl_Id="1316">
<LocList>
<Loc EndOffset="22271" SrcFileId="7" StartOffset="22212"/>
</LocList>
</BasicStmnt>
</StmntSeq>
</Branch>
<Branch CovItemId="B108" CovItemPrefix="csse376_puerto_rico.GameBoardGUI.java" Implct="true" Intrnl_Id="1317">
<Cond/>
<LocList/>
<StmntSeq Intrnl_Id="1318">
<LocList/>
</StmntSeq>
</Branch>
<Keyword EndOffset="21964" SrcFileId="7" StartOffset="21962"/>
<LocList>
<Loc EndOffset="22279" SrcFileId="7" StartOffset="21962"/>
</LocList>
<RootTerm CovItemId="C68" CovItemPrefix="csse376_puerto_rico.GameBoardGUI.java" Intrnl_Id="1319">
<BasicBoolTerm Intrnl_Id="1320">
<LocList>
<Loc EndOffset="21989" SrcFileId="7" StartOffset="21966"/>
</LocList>
</BasicBoolTerm>
</RootTerm>
</CondStmnt>
</StmntSeq>
</Branch>
<Branch CovItemId="B104" CovItemPrefix="csse376_puerto_rico.GameBoardGUI.java" Implct="true" Intrnl_Id="1321">
<Cond/>
<LocList/>
<StmntSeq Intrnl_Id="1322">
<LocList/>
</StmntSeq>
</Branch>
<Keyword EndOffset="21395" SrcFileId="7" StartOffset="21393"/>
<LocList>
<Loc EndOffset="22286" SrcFileId="7" StartOffset="21393"/>
</LocList>
<RootTerm CovItemId="C66" CovItemPrefix="csse376_puerto_rico.GameBoardGUI.java" Intrnl_Id="1323">
<BasicBoolTerm Intrnl_Id="1324">
<LocList>
<Loc EndOffset="21443" SrcFileId="7" StartOffset="21397"/>
</LocList>
</BasicBoolTerm>
</RootTerm>
</CondStmnt>
<LoopStmnt CovItemId="S325" CovItemPrefix="csse376_puerto_rico.GameBoardGUI.java" Intrnl_Id="1325" MltplExecId="L22-2" MltplExecPrefix="csse376_puerto_rico.GameBoardGUI.java" NvrExecId="L22-0" NvrExecPrefix="csse376_puerto_rico.GameBoardGUI.java" OnceExecutedId="L22-1" OnceExecutedPrefix="csse376_puerto_rico.GameBoardGUI.java" OptBodyExec="true">
<StmntSeq Intrnl_Id="1326">
<LocList>
<Loc EndOffset="22350" SrcFileId="7" StartOffset="22329"/>
</LocList>
<BasicStmnt CovItemId="S326" CovItemPrefix="csse376_puerto_rico.GameBoardGUI.java" Intrnl_Id="1327">
<LocList>
<Loc EndOffset="22350" SrcFileId="7" StartOffset="22329"/>
</LocList>
</BasicStmnt>
</StmntSeq>
<Keyword EndOffset="22297" SrcFileId="7" StartOffset="22294"/>
<LocList>
<Loc EndOffset="22357" SrcFileId="7" StartOffset="22294"/>
</LocList>
</LoopStmnt>
<BasicStmnt CovItemId="S327" CovItemPrefix="csse376_puerto_rico.GameBoardGUI.java" Intrnl_Id="1328">
<LocList>
<Loc EndOffset="22390" SrcFileId="7" StartOffset="22365"/>
</LocList>
</BasicStmnt>
<BasicStmnt CovItemId="S328" CovItemPrefix="csse376_puerto_rico.GameBoardGUI.java" Intrnl_Id="1329">
<LocList>
<Loc EndOffset="22422" SrcFileId="7" StartOffset="22396"/>
</LocList>
</BasicStmnt>
<BasicStmnt CovItemId="S329" CovItemPrefix="csse376_puerto_rico.GameBoardGUI.java" Intrnl_Id="1330">
<LocList>
<Loc EndOffset="22469" SrcFileId="7" StartOffset="22428"/>
</LocList>
</BasicStmnt>
</StmntSeq>
<Keyword EndOffset="18732" SrcFileId="7" StartOffset="18729"/>
<LocList>
<Loc EndOffset="22475" SrcFileId="7" StartOffset="18729"/>
</LocList>
<RootTerm CovItemId="C58" CovItemPrefix="csse376_puerto_rico.GameBoardGUI.java" Intrnl_Id="1331">
<BasicBoolTerm Intrnl_Id="1332">
<LocList>
<Loc EndOffset="18763" SrcFileId="7" StartOffset="18745"/>
</LocList>
</BasicBoolTerm>
</RootTerm>
</LoopStmnt>
</StmntSeq>
</Branch>
<Branch CovItemId="B78" CovItemPrefix="csse376_puerto_rico.GameBoardGUI.java" Implct="false" Intrnl_Id="1333">
<Cond>
<Loc EndOffset="22487" SrcFileId="7" StartOffset="22483"/>
</Cond>
<LocList>
<Loc EndOffset="22606" SrcFileId="7" StartOffset="22488"/>
</LocList>
<StmntSeq Intrnl_Id="1334">
<LocList>
<Loc EndOffset="22606" SrcFileId="7" StartOffset="22488"/>
</LocList>
<CondStmnt CovItemId="S330" CovItemPrefix="csse376_puerto_rico.GameBoardGUI.java" Intrnl_Id="1335">
<Branch CovItemId="B109" CovItemPrefix="csse376_puerto_rico.GameBoardGUI.java" Implct="false" Intrnl_Id="1336">
<Cond/>
<LocList>
<Loc EndOffset="22606" SrcFileId="7" StartOffset="22529"/>
</LocList>
<StmntSeq Intrnl_Id="1337">
<LocList>
<Loc EndOffset="22601" SrcFileId="7" StartOffset="22554"/>
</LocList>
<BasicStmnt CovItemId="S331" CovItemPrefix="csse376_puerto_rico.GameBoardGUI.java" Intrnl_Id="1338">
<LocList>
<Loc EndOffset="22601" SrcFileId="7" StartOffset="22554"/>
</LocList>
</BasicStmnt>
</StmntSeq>
</Branch>
<Branch CovItemId="B110" CovItemPrefix="csse376_puerto_rico.GameBoardGUI.java" Implct="true" Intrnl_Id="1339">
<Cond/>
<LocList/>
<StmntSeq Intrnl_Id="1340">
<LocList/>
</StmntSeq>
</Branch>
<Keyword EndOffset="22490" SrcFileId="7" StartOffset="22488"/>
<LocList>
<Loc EndOffset="22606" SrcFileId="7" StartOffset="22488"/>
</LocList>
<RootTerm CovItemId="C69" CovItemPrefix="csse376_puerto_rico.GameBoardGUI.java" Intrnl_Id="1341">
<BasicBoolTerm Intrnl_Id="1342">
<LocList>
<Loc EndOffset="22527" SrcFileId="7" StartOffset="22492"/>
</LocList>
</BasicBoolTerm>
</RootTerm>
</CondStmnt>
</StmntSeq>
</Branch>
<Keyword EndOffset="16495" SrcFileId="7" StartOffset="16493"/>
<LocList>
<Loc EndOffset="22606" SrcFileId="7" StartOffset="16493"/>
</LocList>
<RootTerm CovItemId="C50" CovItemPrefix="csse376_puerto_rico.GameBoardGUI.java" Intrnl_Id="1343">
<BasicBoolTerm Intrnl_Id="1344">
<LocList>
<Loc EndOffset="16529" SrcFileId="7" StartOffset="16497"/>
</LocList>
</BasicBoolTerm>
</RootTerm>
</CondStmnt>
</StmntSeq>
</Branch>
<Keyword EndOffset="14482" SrcFileId="7" StartOffset="14480"/>
<LocList>
<Loc EndOffset="22606" SrcFileId="7" StartOffset="14480"/>
</LocList>
<RootTerm CovItemId="C38" CovItemPrefix="csse376_puerto_rico.GameBoardGUI.java" Intrnl_Id="1345">
<BasicBoolTerm Intrnl_Id="1346">
<LocList>
<Loc EndOffset="14515" SrcFileId="7" StartOffset="14484"/>
</LocList>
</BasicBoolTerm>
</RootTerm>
</CondStmnt>
</StmntSeq>
</Branch>
<Keyword EndOffset="13673" SrcFileId="7" StartOffset="13671"/>
<LocList>
<Loc EndOffset="22606" SrcFileId="7" StartOffset="13671"/>
</LocList>
<RootTerm CovItemId="C31" CovItemPrefix="csse376_puerto_rico.GameBoardGUI.java" Intrnl_Id="1347">
<BasicBoolTerm Intrnl_Id="1348">
<LocList>
<Loc EndOffset="13709" SrcFileId="7" StartOffset="13675"/>
</LocList>
</BasicBoolTerm>
</RootTerm>
</CondStmnt>
</StmntSeq>
</Branch>
<Keyword EndOffset="11702" SrcFileId="7" StartOffset="11700"/>
<LocList>
<Loc EndOffset="22606" SrcFileId="7" StartOffset="11700"/>
</LocList>
<RootTerm CovItemId="C24" CovItemPrefix="csse376_puerto_rico.GameBoardGUI.java" Intrnl_Id="1349">
<BasicBoolTerm Intrnl_Id="1350">
<LocList>
<Loc EndOffset="11736" SrcFileId="7" StartOffset="11704"/>
</LocList>
</BasicBoolTerm>
</RootTerm>
</CondStmnt>
</StmntSeq>
</Branch>
<Keyword EndOffset="10194" SrcFileId="7" StartOffset="10192"/>
<LocList>
<Loc EndOffset="22606" SrcFileId="7" StartOffset="10192"/>
</LocList>
<RootTerm CovItemId="C18" CovItemPrefix="csse376_puerto_rico.GameBoardGUI.java" Intrnl_Id="1351">
<BasicBoolTerm Intrnl_Id="1352">
<LocList>
<Loc EndOffset="10228" SrcFileId="7" StartOffset="10196"/>
</LocList>
</BasicBoolTerm>
</RootTerm>
</CondStmnt>
</StmntSeq>
</Branch>
<Keyword EndOffset="7093" SrcFileId="7" StartOffset="7091"/>
<LocList>
<Loc EndOffset="22606" SrcFileId="7" StartOffset="7091"/>
</LocList>
<RootTerm CovItemId="C9" CovItemPrefix="csse376_puerto_rico.GameBoardGUI.java" Intrnl_Id="1353">
<BasicBoolTerm Intrnl_Id="1354">
<LocList>
<Loc EndOffset="7125" SrcFileId="7" StartOffset="7095"/>
</LocList>
</BasicBoolTerm>
</RootTerm>
</CondStmnt>
<BasicStmnt CovItemId="S332" CovItemPrefix="csse376_puerto_rico.GameBoardGUI.java" Intrnl_Id="1355">
<LocList>
<Loc EndOffset="22640" SrcFileId="7" StartOffset="22610"/>
</LocList>
</BasicStmnt>
<BasicStmnt CovItemId="S333" CovItemPrefix="csse376_puerto_rico.GameBoardGUI.java" Intrnl_Id="1356">
<LocList>
<Loc EndOffset="22669" SrcFileId="7" StartOffset="22644"/>
</LocList>
</BasicStmnt>
</StmntSeq>
</HierarchyLvl>
</HierarchyLvl>
<HierarchyLvl HierarchyLvlId="7321" HierarchyLvlTypeId="15" Intrnl_Id="1357" Name="ButtonHandler">
<Header>
<Loc EndOffset="224" SrcFileId="8" StartOffset="172"/>
</Header>
<LocList>
<Loc EndOffset="790" SrcFileId="8" StartOffset="172"/>
</LocList>
<HierarchyLvl HierarchyLvlId="7319" HierarchyLvlTypeId="16" Intrnl_Id="1358" Name="ButtonHandler">
<Header>
<Loc EndOffset="345" SrcFileId="8" StartOffset="292"/>
</Header>
<LocList>
<Loc EndOffset="402" SrcFileId="8" StartOffset="292"/>
</LocList>
<StmntSeq Intrnl_Id="1359">
<LocList>
<Loc EndOffset="374" SrcFileId="8" StartOffset="351"/>
<Loc EndOffset="398" SrcFileId="8" StartOffset="378"/>
</LocList>
<BasicStmnt CovItemId="S1" CovItemPrefix="csse376_puerto_rico.ButtonHandler.java" Intrnl_Id="1360">
<LocList>
<Loc EndOffset="374" SrcFileId="8" StartOffset="351"/>
</LocList>
</BasicStmnt>
<BasicStmnt CovItemId="S2" CovItemPrefix="csse376_puerto_rico.ButtonHandler.java" Intrnl_Id="1361">
<LocList>
<Loc EndOffset="398" SrcFileId="8" StartOffset="378"/>
</LocList>
</BasicStmnt>
</StmntSeq>
</HierarchyLvl>
<HierarchyLvl HierarchyLvlId="7320" HierarchyLvlTypeId="16" Intrnl_Id="1362" Name="actionPerformed">
<Header>
<Loc EndOffset="462" SrcFileId="8" StartOffset="407"/>
</Header>
<LocList>
<Loc EndOffset="785" SrcFileId="8" StartOffset="407"/>
</LocList>
<StmntSeq Intrnl_Id="1363">
<LocList>
<Loc EndOffset="506" SrcFileId="8" StartOffset="468"/>
<Loc EndOffset="781" SrcFileId="8" StartOffset="510"/>
</LocList>
<BasicStmnt CovItemId="S3" CovItemPrefix="csse376_puerto_rico.ButtonHandler.java" Intrnl_Id="1364">
<LocList>
<Loc EndOffset="506" SrcFileId="8" StartOffset="468"/>
</LocList>
</BasicStmnt>
<CondStmnt CovItemId="S4" CovItemPrefix="csse376_puerto_rico.ButtonHandler.java" Intrnl_Id="1365">
<Branch CovItemId="B1" CovItemPrefix="csse376_puerto_rico.ButtonHandler.java" Implct="false" Intrnl_Id="1366">
<Cond/>
<LocList>
<Loc EndOffset="561" SrcFileId="8" StartOffset="535"/>
</LocList>
<StmntSeq Intrnl_Id="1367">
<LocList>
<Loc EndOffset="556" SrcFileId="8" StartOffset="541"/>
</LocList>
<BasicStmnt CovItemId="S5" CovItemPrefix="csse376_puerto_rico.ButtonHandler.java" Intrnl_Id="1368">
<LocList>
<Loc EndOffset="556" SrcFileId="8" StartOffset="541"/>
</LocList>
</BasicStmnt>
</StmntSeq>
</Branch>
<Branch CovItemId="B2" CovItemPrefix="csse376_puerto_rico.ButtonHandler.java" Implct="false" Intrnl_Id="1369">
<Cond>
<Loc EndOffset="565" SrcFileId="8" StartOffset="561"/>
</Cond>
<LocList>
<Loc EndOffset="781" SrcFileId="8" StartOffset="566"/>
</LocList>
<StmntSeq Intrnl_Id="1370">
<LocList>
<Loc EndOffset="781" SrcFileId="8" StartOffset="566"/>
</LocList>
<CondStmnt CovItemId="S6" CovItemPrefix="csse376_puerto_rico.ButtonHandler.java" Intrnl_Id="1371">
<Branch CovItemId="B3" CovItemPrefix="csse376_puerto_rico.ButtonHandler.java" Implct="false" Intrnl_Id="1372">
<Cond/>
<LocList>
<Loc EndOffset="646" SrcFileId="8" StartOffset="595"/>
</LocList>
<StmntSeq Intrnl_Id="1373">
<LocList>
<Loc EndOffset="641" SrcFileId="8" StartOffset="601"/>
</LocList>
<BasicStmnt CovItemId="S7" CovItemPrefix="csse376_puerto_rico.ButtonHandler.java" Intrnl_Id="1374">
<LocList>
<Loc EndOffset="641" SrcFileId="8" StartOffset="601"/>
</LocList>
</BasicStmnt>
</StmntSeq>
</Branch>
<Branch CovItemId="B4" CovItemPrefix="csse376_puerto_rico.ButtonHandler.java" Implct="false" Intrnl_Id="1375">
<Cond>
<Loc EndOffset="650" SrcFileId="8" StartOffset="646"/>
</Cond>
<LocList>
<Loc EndOffset="781" SrcFileId="8" StartOffset="651"/>
</LocList>
<StmntSeq Intrnl_Id="1376">
<LocList>
<Loc EndOffset="781" SrcFileId="8" StartOffset="651"/>
</LocList>
<CondStmnt CovItemId="S8" CovItemPrefix="csse376_puerto_rico.ButtonHandler.java" Intrnl_Id="1377">
<Branch CovItemId="B5" CovItemPrefix="csse376_puerto_rico.ButtonHandler.java" Implct="false" Intrnl_Id="1378">
<Cond/>
<LocList>
<Loc EndOffset="734" SrcFileId="8" StartOffset="677"/>
</LocList>
<StmntSeq Intrnl_Id="1379">
<LocList>
<Loc EndOffset="729" SrcFileId="8" StartOffset="683"/>
</LocList>
<BasicStmnt CovItemId="S9" CovItemPrefix="csse376_puerto_rico.ButtonHandler.java" Intrnl_Id="1380">
<LocList>
<Loc EndOffset="729" SrcFileId="8" StartOffset="683"/>
</LocList>
</BasicStmnt>
</StmntSeq>
</Branch>
<Branch CovItemId="B6" CovItemPrefix="csse376_puerto_rico.ButtonHandler.java" Implct="false" Intrnl_Id="1381">
<Cond>
<Loc EndOffset="738" SrcFileId="8" StartOffset="734"/>
</Cond>
<LocList>
<Loc EndOffset="781" SrcFileId="8" StartOffset="739"/>
</LocList>
<StmntSeq Intrnl_Id="1382">
<LocList>
<Loc EndOffset="781" SrcFileId="8" StartOffset="739"/>
</LocList>
<CondStmnt CovItemId="S10" CovItemPrefix="csse376_puerto_rico.ButtonHandler.java" Intrnl_Id="1383">
<Branch CovItemId="B7" CovItemPrefix="csse376_puerto_rico.ButtonHandler.java" Implct="false" Intrnl_Id="1384">
<Cond/>
<LocList>
<Loc EndOffset="781" SrcFileId="8" StartOffset="770"/>
</LocList>
<StmntSeq Intrnl_Id="1385">
<LocList/>
</StmntSeq>
</Branch>
<Branch CovItemId="B8" CovItemPrefix="csse376_puerto_rico.ButtonHandler.java" Implct="true" Intrnl_Id="1386">
<Cond/>
<LocList/>
<StmntSeq Intrnl_Id="1387">
<LocList/>
</StmntSeq>
</Branch>
<Keyword EndOffset="741" SrcFileId="8" StartOffset="739"/>
<LocList>
<Loc EndOffset="781" SrcFileId="8" StartOffset="739"/>
</LocList>
<RootTerm CovItemId="C4" CovItemPrefix="csse376_puerto_rico.ButtonHandler.java" Intrnl_Id="1388">
<BasicBoolTerm Intrnl_Id="1389">
<LocList>
<Loc EndOffset="769" SrcFileId="8" StartOffset="742"/>
</LocList>
</BasicBoolTerm>
</RootTerm>
</CondStmnt>
</StmntSeq>
</Branch>
<Keyword EndOffset="653" SrcFileId="8" StartOffset="651"/>
<LocList>
<Loc EndOffset="781" SrcFileId="8" StartOffset="651"/>
</LocList>
<RootTerm CovItemId="C3" CovItemPrefix="csse376_puerto_rico.ButtonHandler.java" Intrnl_Id="1390">
<BasicBoolTerm Intrnl_Id="1391">
<LocList>
<Loc EndOffset="676" SrcFileId="8" StartOffset="654"/>
</LocList>
</BasicBoolTerm>
</RootTerm>
</CondStmnt>
</StmntSeq>
</Branch>
<Keyword EndOffset="568" SrcFileId="8" StartOffset="566"/>
<LocList>
<Loc EndOffset="781" SrcFileId="8" StartOffset="566"/>
</LocList>
<RootTerm CovItemId="C2" CovItemPrefix="csse376_puerto_rico.ButtonHandler.java" Intrnl_Id="1392">
<BasicBoolTerm Intrnl_Id="1393">
<LocList>
<Loc EndOffset="594" SrcFileId="8" StartOffset="569"/>
</LocList>
</BasicBoolTerm>
</RootTerm>
</CondStmnt>
</StmntSeq>
</Branch>
<Keyword EndOffset="512" SrcFileId="8" StartOffset="510"/>
<LocList>
<Loc EndOffset="781" SrcFileId="8" StartOffset="510"/>
</LocList>
<RootTerm CovItemId="C1" CovItemPrefix="csse376_puerto_rico.ButtonHandler.java" Intrnl_Id="1394">
<BasicBoolTerm Intrnl_Id="1395">
<LocList>
<Loc EndOffset="534" SrcFileId="8" StartOffset="513"/>
</LocList>
</BasicBoolTerm>
</RootTerm>
</CondStmnt>
</StmntSeq>
</HierarchyLvl>
</HierarchyLvl>
<HierarchyLvl HierarchyLvlId="7325" HierarchyLvlTypeId="15" Intrnl_Id="1396" Name="Buildings">
<Header>
<Loc EndOffset="135" SrcFileId="9" StartOffset="113"/>
</Header>
<LocList>
<Loc EndOffset="873" SrcFileId="9" StartOffset="113"/>
</LocList>
<StmntSeq Intrnl_Id="1397">
<LocList>
<Loc EndOffset="554" SrcFileId="9" StartOffset="183"/>
</LocList>
<BasicStmnt CovItemId="S1" CovItemPrefix="csse376_puerto_rico.Buildings.java" Intrnl_Id="1398">
<LocList>
<Loc EndOffset="554" SrcFileId="9" StartOffset="183"/>
</LocList>
</BasicStmnt>
</StmntSeq>
<HierarchyLvl HierarchyLvlId="7322" HierarchyLvlTypeId="16" Intrnl_Id="1399" Name="Buildings">
<Header>
<Loc EndOffset="577" SrcFileId="9" StartOffset="559"/>
</Header>
<LocList>
<Loc EndOffset="712" SrcFileId="9" StartOffset="559"/>
</LocList>
<StmntSeq Intrnl_Id="1400">
<LocList>
<Loc EndOffset="621" SrcFileId="9" StartOffset="583"/>
<Loc EndOffset="706" SrcFileId="9" StartOffset="627"/>
</LocList>
<BasicStmnt CovItemId="S2" CovItemPrefix="csse376_puerto_rico.Buildings.java" Intrnl_Id="1401">
<LocList>
<Loc EndOffset="621" SrcFileId="9" StartOffset="583"/>
</LocList>
</BasicStmnt>
<LoopStmnt CovItemId="S3" CovItemPrefix="csse376_puerto_rico.Buildings.java" Intrnl_Id="1402" MltplExecId="L1-2" MltplExecPrefix="csse376_puerto_rico.Buildings.java" NvrExecId="L1-0" NvrExecPrefix="csse376_puerto_rico.Buildings.java" OnceExecutedId="L1-1" OnceExecutedPrefix="csse376_puerto_rico.Buildings.java" OptBodyExec="true">
<StmntSeq Intrnl_Id="1403">
<LocList>
<Loc EndOffset="701" SrcFileId="9" StartOffset="667"/>
</LocList>
<BasicStmnt CovItemId="S4" CovItemPrefix="csse376_puerto_rico.Buildings.java" Intrnl_Id="1404">
<LocList>
<Loc EndOffset="701" SrcFileId="9" StartOffset="667"/>
</LocList>
</BasicStmnt>
</StmntSeq>
<Keyword EndOffset="630" SrcFileId="9" StartOffset="627"/>
<LocList>
<Loc EndOffset="706" SrcFileId="9" StartOffset="627"/>
</LocList>
</LoopStmnt>
</StmntSeq>
</HierarchyLvl>
<HierarchyLvl HierarchyLvlId="7323" HierarchyLvlTypeId="16" Intrnl_Id="1405" Name="getBuildings">
<Header>
<Loc EndOffset="758" SrcFileId="9" StartOffset="717"/>
</Header>
<LocList>
<Loc EndOffset="787" SrcFileId="9" StartOffset="717"/>
</LocList>
<StmntSeq Intrnl_Id="1406">
<LocList>
<Loc EndOffset="783" SrcFileId="9" StartOffset="766"/>
</LocList>
<BasicStmnt CovItemId="S5" CovItemPrefix="csse376_puerto_rico.Buildings.java" Intrnl_Id="1407">
<LocList>
<Loc EndOffset="783" SrcFileId="9" StartOffset="766"/>
</LocList>
</BasicStmnt>
</StmntSeq>
</HierarchyLvl>
<HierarchyLvl HierarchyLvlId="7324" HierarchyLvlTypeId="16" Intrnl_Id="1408" Name="getBuildingNames">
<Header>
<Loc EndOffset="835" SrcFileId="9" StartOffset="792"/>
</Header>
<LocList>
<Loc EndOffset="866" SrcFileId="9" StartOffset="792"/>
</LocList>
<StmntSeq Intrnl_Id="1409">
<LocList>
<Loc EndOffset="862" SrcFileId="9" StartOffset="841"/>
</LocList>
<BasicStmnt CovItemId="S6" CovItemPrefix="csse376_puerto_rico.Buildings.java" Intrnl_Id="1410">
<LocList>
<Loc EndOffset="862" SrcFileId="9" StartOffset="841"/>
</LocList>
</BasicStmnt>
</StmntSeq>
</HierarchyLvl>
</HierarchyLvl>
<HierarchyLvl HierarchyLvlId="7328" HierarchyLvlTypeId="15" Intrnl_Id="1411" Name="Building">
<Header>
<Loc EndOffset="55" SrcFileId="10" StartOffset="34"/>
</Header>
<LocList>
<Loc EndOffset="3261" SrcFileId="10" StartOffset="34"/>
</LocList>
<HierarchyLvl HierarchyLvlId="7326" HierarchyLvlTypeId="16" Intrnl_Id="1412" Name="Building">
<Header>
<Loc EndOffset="274" SrcFileId="10" StartOffset="246"/>
</Header>
<LocList>
<Loc EndOffset="3159" SrcFileId="10" StartOffset="246"/>
</LocList>
<StmntSeq Intrnl_Id="1413">
<LocList>
<Loc EndOffset="297" SrcFileId="10" StartOffset="280"/>
<Loc EndOffset="3153" SrcFileId="10" StartOffset="301"/>
</LocList>
<BasicStmnt CovItemId="S1" CovItemPrefix="csse376_puerto_rico.Building.java" Intrnl_Id="1414">
<LocList>
<Loc EndOffset="297" SrcFileId="10" StartOffset="280"/>
</LocList>
</BasicStmnt>
<CondStmnt CovItemId="S2" CovItemPrefix="csse376_puerto_rico.Building.java" Intrnl_Id="1415">
<Branch CovItemId="B1" CovItemPrefix="csse376_puerto_rico.Building.java" Implct="false" Intrnl_Id="1416">
<Cond>
<Loc EndOffset="345" SrcFileId="10" StartOffset="320"/>
</Cond>
<LocList>
<Loc EndOffset="434" SrcFileId="10" StartOffset="351"/>
</LocList>
<StmntSeq Intrnl_Id="1417">
<LocList>
<Loc EndOffset="360" SrcFileId="10" StartOffset="351"/>
<Loc EndOffset="376" SrcFileId="10" StartOffset="365"/>
<Loc EndOffset="398" SrcFileId="10" StartOffset="381"/>
<Loc EndOffset="423" SrcFileId="10" StartOffset="403"/>
<Loc EndOffset="434" SrcFileId="10" StartOffset="428"/>
</LocList>
<BasicStmnt CovItemId="S3" CovItemPrefix="csse376_puerto_rico.Building.java" Intrnl_Id="1418">
<LocList>
<Loc EndOffset="360" SrcFileId="10" StartOffset="351"/>
</LocList>
</BasicStmnt>
<BasicStmnt CovItemId="S4" CovItemPrefix="csse376_puerto_rico.Building.java" Intrnl_Id="1419">
<LocList>
<Loc EndOffset="376" SrcFileId="10" StartOffset="365"/>
</LocList>
</BasicStmnt>
<BasicStmnt CovItemId="S5" CovItemPrefix="csse376_puerto_rico.Building.java" Intrnl_Id="1420">
<LocList>
<Loc EndOffset="398" SrcFileId="10" StartOffset="381"/>
</LocList>
</BasicStmnt>
<BasicStmnt CovItemId="S6" CovItemPrefix="csse376_puerto_rico.Building.java" Intrnl_Id="1421">
<LocList>
<Loc EndOffset="423" SrcFileId="10" StartOffset="403"/>
</LocList>
</BasicStmnt>
<BasicStmnt CovItemId="S7" CovItemPrefix="csse376_puerto_rico.Building.java" Intrnl_Id="1422">
<LocList>
<Loc EndOffset="434" SrcFileId="10" StartOffset="428"/>
</LocList>
</BasicStmnt>
</StmntSeq>
</Branch>
<Branch CovItemId="B2" CovItemPrefix="csse376_puerto_rico.Building.java" Implct="false" Intrnl_Id="1423">
<Cond>
<Loc EndOffset="463" SrcFileId="10" StartOffset="440"/>
</Cond>
<LocList>
<Loc EndOffset="552" SrcFileId="10" StartOffset="469"/>
</LocList>
<StmntSeq Intrnl_Id="1424">
<LocList>
<Loc EndOffset="478" SrcFileId="10" StartOffset="469"/>
<Loc EndOffset="494" SrcFileId="10" StartOffset="483"/>
<Loc EndOffset="516" SrcFileId="10" StartOffset="499"/>
<Loc EndOffset="541" SrcFileId="10" StartOffset="521"/>
<Loc EndOffset="552" SrcFileId="10" StartOffset="546"/>
</LocList>
<BasicStmnt CovItemId="S8" CovItemPrefix="csse376_puerto_rico.Building.java" Intrnl_Id="1425">
<LocList>
<Loc EndOffset="478" SrcFileId="10" StartOffset="469"/>
</LocList>
</BasicStmnt>
<BasicStmnt CovItemId="S9" CovItemPrefix="csse376_puerto_rico.Building.java" Intrnl_Id="1426">
<LocList>
<Loc EndOffset="494" SrcFileId="10" StartOffset="483"/>
</LocList>
</BasicStmnt>
<BasicStmnt CovItemId="S10" CovItemPrefix="csse376_puerto_rico.Building.java" Intrnl_Id="1427">
<LocList>
<Loc EndOffset="516" SrcFileId="10" StartOffset="499"/>
</LocList>
</BasicStmnt>
<BasicStmnt CovItemId="S11" CovItemPrefix="csse376_puerto_rico.Building.java" Intrnl_Id="1428">
<LocList>
<Loc EndOffset="541" SrcFileId="10" StartOffset="521"/>
</LocList>
</BasicStmnt>
<BasicStmnt CovItemId="S12" CovItemPrefix="csse376_puerto_rico.Building.java" Intrnl_Id="1429">
<LocList>
<Loc EndOffset="552" SrcFileId="10" StartOffset="546"/>
</LocList>
</BasicStmnt>
</StmntSeq>
</Branch>
<Branch CovItemId="B3" CovItemPrefix="csse376_puerto_rico.Building.java" Implct="false" Intrnl_Id="1430">
<Cond>
<Loc EndOffset="577" SrcFileId="10" StartOffset="558"/>
</Cond>
<LocList>
<Loc EndOffset="713" SrcFileId="10" StartOffset="630"/>
</LocList>
<StmntSeq Intrnl_Id="1431">
<LocList>
<Loc EndOffset="639" SrcFileId="10" StartOffset="630"/>
<Loc EndOffset="655" SrcFileId="10" StartOffset="644"/>
<Loc EndOffset="677" SrcFileId="10" StartOffset="660"/>
<Loc EndOffset="702" SrcFileId="10" StartOffset="682"/>
<Loc EndOffset="713" SrcFileId="10" StartOffset="707"/>
</LocList>
<BasicStmnt CovItemId="S13" CovItemPrefix="csse376_puerto_rico.Building.java" Intrnl_Id="1432">
<LocList>
<Loc EndOffset="639" SrcFileId="10" StartOffset="630"/>
</LocList>
</BasicStmnt>
<BasicStmnt CovItemId="S14" CovItemPrefix="csse376_puerto_rico.Building.java" Intrnl_Id="1433">
<LocList>
<Loc EndOffset="655" SrcFileId="10" StartOffset="644"/>
</LocList>
</BasicStmnt>
<BasicStmnt CovItemId="S15" CovItemPrefix="csse376_puerto_rico.Building.java" Intrnl_Id="1434">
<LocList>
<Loc EndOffset="677" SrcFileId="10" StartOffset="660"/>
</LocList>
</BasicStmnt>
<BasicStmnt CovItemId="S16" CovItemPrefix="csse376_puerto_rico.Building.java" Intrnl_Id="1435">
<LocList>
<Loc EndOffset="702" SrcFileId="10" StartOffset="682"/>
</LocList>
</BasicStmnt>
<BasicStmnt CovItemId="S17" CovItemPrefix="csse376_puerto_rico.Building.java" Intrnl_Id="1436">
<LocList>
<Loc EndOffset="713" SrcFileId="10" StartOffset="707"/>
</LocList>
</BasicStmnt>
</StmntSeq>
</Branch>
<Branch CovItemId="B4" CovItemPrefix="csse376_puerto_rico.Building.java" Implct="false" Intrnl_Id="1437">
<Cond>
<Loc EndOffset="734" SrcFileId="10" StartOffset="719"/>
</Cond>
<LocList>
<Loc EndOffset="875" SrcFileId="10" StartOffset="792"/>
</LocList>
<StmntSeq Intrnl_Id="1438">
<LocList>
<Loc EndOffset="801" SrcFileId="10" StartOffset="792"/>
<Loc EndOffset="817" SrcFileId="10" StartOffset="806"/>
<Loc EndOffset="839" SrcFileId="10" StartOffset="822"/>
<Loc EndOffset="864" SrcFileId="10" StartOffset="844"/>
<Loc EndOffset="875" SrcFileId="10" StartOffset="869"/>
</LocList>
<BasicStmnt CovItemId="S18" CovItemPrefix="csse376_puerto_rico.Building.java" Intrnl_Id="1439">
<LocList>
<Loc EndOffset="801" SrcFileId="10" StartOffset="792"/>
</LocList>
</BasicStmnt>
<BasicStmnt CovItemId="S19" CovItemPrefix="csse376_puerto_rico.Building.java" Intrnl_Id="1440">
<LocList>
<Loc EndOffset="817" SrcFileId="10" StartOffset="806"/>
</LocList>
</BasicStmnt>
<BasicStmnt CovItemId="S20" CovItemPrefix="csse376_puerto_rico.Building.java" Intrnl_Id="1441">
<LocList>
<Loc EndOffset="839" SrcFileId="10" StartOffset="822"/>
</LocList>
</BasicStmnt>
<BasicStmnt CovItemId="S21" CovItemPrefix="csse376_puerto_rico.Building.java" Intrnl_Id="1442">
<LocList>
<Loc EndOffset="864" SrcFileId="10" StartOffset="844"/>
</LocList>
</BasicStmnt>
<BasicStmnt CovItemId="S22" CovItemPrefix="csse376_puerto_rico.Building.java" Intrnl_Id="1443">
<LocList>
<Loc EndOffset="875" SrcFileId="10" StartOffset="869"/>
</LocList>
</BasicStmnt>
</StmntSeq>
</Branch>
<Branch CovItemId="B5" CovItemPrefix="csse376_puerto_rico.Building.java" Implct="false" Intrnl_Id="1444">
<Cond>
<Loc EndOffset="904" SrcFileId="10" StartOffset="881"/>
</Cond>
<LocList>
<Loc EndOffset="1046" SrcFileId="10" StartOffset="963"/>
</LocList>
<StmntSeq Intrnl_Id="1445">
<LocList>
<Loc EndOffset="972" SrcFileId="10" StartOffset="963"/>
<Loc EndOffset="988" SrcFileId="10" StartOffset="977"/>
<Loc EndOffset="1010" SrcFileId="10" StartOffset="993"/>
<Loc EndOffset="1035" SrcFileId="10" StartOffset="1015"/>
<Loc EndOffset="1046" SrcFileId="10" StartOffset="1040"/>
</LocList>
<BasicStmnt CovItemId="S23" CovItemPrefix="csse376_puerto_rico.Building.java" Intrnl_Id="1446">
<LocList>
<Loc EndOffset="972" SrcFileId="10" StartOffset="963"/>
</LocList>
</BasicStmnt>
<BasicStmnt CovItemId="S24" CovItemPrefix="csse376_puerto_rico.Building.java" Intrnl_Id="1447">
<LocList>
<Loc EndOffset="988" SrcFileId="10" StartOffset="977"/>
</LocList>
</BasicStmnt>
<BasicStmnt CovItemId="S25" CovItemPrefix="csse376_puerto_rico.Building.java" Intrnl_Id="1448">
<LocList>
<Loc EndOffset="1010" SrcFileId="10" StartOffset="993"/>
</LocList>
</BasicStmnt>
<BasicStmnt CovItemId="S26" CovItemPrefix="csse376_puerto_rico.Building.java" Intrnl_Id="1449">
<LocList>
<Loc EndOffset="1035" SrcFileId="10" StartOffset="1015"/>
</LocList>
</BasicStmnt>
<BasicStmnt CovItemId="S27" CovItemPrefix="csse376_puerto_rico.Building.java" Intrnl_Id="1450">
<LocList>
<Loc EndOffset="1046" SrcFileId="10" StartOffset="1040"/>
</LocList>
</BasicStmnt>
</StmntSeq>
</Branch>
<Branch CovItemId="B6" CovItemPrefix="csse376_puerto_rico.Building.java" Implct="false" Intrnl_Id="1451">
<Cond>
<Loc EndOffset="1074" SrcFileId="10" StartOffset="1052"/>
</Cond>
<LocList>
<Loc EndOffset="1257" SrcFileId="10" StartOffset="1125"/>
</LocList>
<StmntSeq Intrnl_Id="1452">
<LocList>
<Loc EndOffset="1134" SrcFileId="10" StartOffset="1125"/>
<Loc EndOffset="1150" SrcFileId="10" StartOffset="1139"/>
<Loc EndOffset="1172" SrcFileId="10" StartOffset="1155"/>
<Loc EndOffset="1197" SrcFileId="10" StartOffset="1177"/>
<Loc EndOffset="1218" SrcFileId="10" StartOffset="1202"/>
<Loc EndOffset="1246" SrcFileId="10" StartOffset="1223"/>
<Loc EndOffset="1257" SrcFileId="10" StartOffset="1251"/>
</LocList>
<BasicStmnt CovItemId="S28" CovItemPrefix="csse376_puerto_rico.Building.java" Intrnl_Id="1453">
<LocList>
<Loc EndOffset="1134" SrcFileId="10" StartOffset="1125"/>
</LocList>
</BasicStmnt>
<BasicStmnt CovItemId="S29" CovItemPrefix="csse376_puerto_rico.Building.java" Intrnl_Id="1454">
<LocList>
<Loc EndOffset="1150" SrcFileId="10" StartOffset="1139"/>
</LocList>
</BasicStmnt>
<BasicStmnt CovItemId="S30" CovItemPrefix="csse376_puerto_rico.Building.java" Intrnl_Id="1455">
<LocList>
<Loc EndOffset="1172" SrcFileId="10" StartOffset="1155"/>
</LocList>
</BasicStmnt>
<BasicStmnt CovItemId="S31" CovItemPrefix="csse376_puerto_rico.Building.java" Intrnl_Id="1456">
<LocList>
<Loc EndOffset="1197" SrcFileId="10" StartOffset="1177"/>
</LocList>
</BasicStmnt>
<BasicStmnt CovItemId="S32" CovItemPrefix="csse376_puerto_rico.Building.java" Intrnl_Id="1457">
<LocList>
<Loc EndOffset="1218" SrcFileId="10" StartOffset="1202"/>
</LocList>
</BasicStmnt>
<BasicStmnt CovItemId="S33" CovItemPrefix="csse376_puerto_rico.Building.java" Intrnl_Id="1458">
<LocList>
<Loc EndOffset="1246" SrcFileId="10" StartOffset="1223"/>
</LocList>
</BasicStmnt>
<BasicStmnt CovItemId="S34" CovItemPrefix="csse376_puerto_rico.Building.java" Intrnl_Id="1459">
<LocList>
<Loc EndOffset="1257" SrcFileId="10" StartOffset="1251"/>
</LocList>
</BasicStmnt>
</StmntSeq>
</Branch>
<Branch CovItemId="B7" CovItemPrefix="csse376_puerto_rico.Building.java" Implct="false" Intrnl_Id="1460">
<Cond>
<Loc EndOffset="1282" SrcFileId="10" StartOffset="1263"/>
</Cond>
<LocList>
<Loc EndOffset="1371" SrcFileId="10" StartOffset="1288"/>
</LocList>
<StmntSeq Intrnl_Id="1461">
<LocList>
<Loc EndOffset="1297" SrcFileId="10" StartOffset="1288"/>
<Loc EndOffset="1313" SrcFileId="10" StartOffset="1302"/>
<Loc EndOffset="1335" SrcFileId="10" StartOffset="1318"/>
<Loc EndOffset="1360" SrcFileId="10" StartOffset="1340"/>
<Loc EndOffset="1371" SrcFileId="10" StartOffset="1365"/>
</LocList>
<BasicStmnt CovItemId="S35" CovItemPrefix="csse376_puerto_rico.Building.java" Intrnl_Id="1462">
<LocList>
<Loc EndOffset="1297" SrcFileId="10" StartOffset="1288"/>
</LocList>
</BasicStmnt>
<BasicStmnt CovItemId="S36" CovItemPrefix="csse376_puerto_rico.Building.java" Intrnl_Id="1463">
<LocList>
<Loc EndOffset="1313" SrcFileId="10" StartOffset="1302"/>
</LocList>
</BasicStmnt>
<BasicStmnt CovItemId="S37" CovItemPrefix="csse376_puerto_rico.Building.java" Intrnl_Id="1464">
<LocList>
<Loc EndOffset="1335" SrcFileId="10" StartOffset="1318"/>
</LocList>
</BasicStmnt>
<BasicStmnt CovItemId="S38" CovItemPrefix="csse376_puerto_rico.Building.java" Intrnl_Id="1465">
<LocList>
<Loc EndOffset="1360" SrcFileId="10" StartOffset="1340"/>
</LocList>
</BasicStmnt>
<BasicStmnt CovItemId="S39" CovItemPrefix="csse376_puerto_rico.Building.java" Intrnl_Id="1466">
<LocList>
<Loc EndOffset="1371" SrcFileId="10" StartOffset="1365"/>
</LocList>
</BasicStmnt>
</StmntSeq>
</Branch>
<Branch CovItemId="B8" CovItemPrefix="csse376_puerto_rico.Building.java" Implct="false" Intrnl_Id="1467">
<Cond>
<Loc EndOffset="1394" SrcFileId="10" StartOffset="1377"/>
</Cond>
<LocList>
<Loc EndOffset="1483" SrcFileId="10" StartOffset="1400"/>
</LocList>
<StmntSeq Intrnl_Id="1468">
<LocList>
<Loc EndOffset="1409" SrcFileId="10" StartOffset="1400"/>
<Loc EndOffset="1425" SrcFileId="10" StartOffset="1414"/>
<Loc EndOffset="1447" SrcFileId="10" StartOffset="1430"/>
<Loc EndOffset="1472" SrcFileId="10" StartOffset="1452"/>
<Loc EndOffset="1483" SrcFileId="10" StartOffset="1477"/>
</LocList>
<BasicStmnt CovItemId="S40" CovItemPrefix="csse376_puerto_rico.Building.java" Intrnl_Id="1469">
<LocList>
<Loc EndOffset="1409" SrcFileId="10" StartOffset="1400"/>
</LocList>
</BasicStmnt>
<BasicStmnt CovItemId="S41" CovItemPrefix="csse376_puerto_rico.Building.java" Intrnl_Id="1470">
<LocList>
<Loc EndOffset="1425" SrcFileId="10" StartOffset="1414"/>
</LocList>
</BasicStmnt>
<BasicStmnt CovItemId="S42" CovItemPrefix="csse376_puerto_rico.Building.java" Intrnl_Id="1471">
<LocList>
<Loc EndOffset="1447" SrcFileId="10" StartOffset="1430"/>
</LocList>
</BasicStmnt>
<BasicStmnt CovItemId="S43" CovItemPrefix="csse376_puerto_rico.Building.java" Intrnl_Id="1472">
<LocList>
<Loc EndOffset="1472" SrcFileId="10" StartOffset="1452"/>
</LocList>
</BasicStmnt>
<BasicStmnt CovItemId="S44" CovItemPrefix="csse376_puerto_rico.Building.java" Intrnl_Id="1473">
<LocList>
<Loc EndOffset="1483" SrcFileId="10" StartOffset="1477"/>
</LocList>
</BasicStmnt>
</StmntSeq>
</Branch>
<Branch CovItemId="B9" CovItemPrefix="csse376_puerto_rico.Building.java" Implct="false" Intrnl_Id="1474">
<Cond>
<Loc EndOffset="1503" SrcFileId="10" StartOffset="1489"/>
</Cond>
<LocList>
<Loc EndOffset="1643" SrcFileId="10" StartOffset="1560"/>
</LocList>
<StmntSeq Intrnl_Id="1475">
<LocList>
<Loc EndOffset="1569" SrcFileId="10" StartOffset="1560"/>
<Loc EndOffset="1585" SrcFileId="10" StartOffset="1574"/>
<Loc EndOffset="1607" SrcFileId="10" StartOffset="1590"/>
<Loc EndOffset="1632" SrcFileId="10" StartOffset="1612"/>
<Loc EndOffset="1643" SrcFileId="10" StartOffset="1637"/>
</LocList>
<BasicStmnt CovItemId="S45" CovItemPrefix="csse376_puerto_rico.Building.java" Intrnl_Id="1476">
<LocList>
<Loc EndOffset="1569" SrcFileId="10" StartOffset="1560"/>
</LocList>
</BasicStmnt>
<BasicStmnt CovItemId="S46" CovItemPrefix="csse376_puerto_rico.Building.java" Intrnl_Id="1477">
<LocList>
<Loc EndOffset="1585" SrcFileId="10" StartOffset="1574"/>
</LocList>
</BasicStmnt>
<BasicStmnt CovItemId="S47" CovItemPrefix="csse376_puerto_rico.Building.java" Intrnl_Id="1478">
<LocList>
<Loc EndOffset="1607" SrcFileId="10" StartOffset="1590"/>
</LocList>
</BasicStmnt>
<BasicStmnt CovItemId="S48" CovItemPrefix="csse376_puerto_rico.Building.java" Intrnl_Id="1479">
<LocList>
<Loc EndOffset="1632" SrcFileId="10" StartOffset="1612"/>
</LocList>
</BasicStmnt>
<BasicStmnt CovItemId="S49" CovItemPrefix="csse376_puerto_rico.Building.java" Intrnl_Id="1480">
<LocList>
<Loc EndOffset="1643" SrcFileId="10" StartOffset="1637"/>
</LocList>
</BasicStmnt>
</StmntSeq>
</Branch>
<Branch CovItemId="B10" CovItemPrefix="csse376_puerto_rico.Building.java" Implct="false" Intrnl_Id="1481">
<Cond>
<Loc EndOffset="1662" SrcFileId="10" StartOffset="1649"/>
</Cond>
<LocList>
<Loc EndOffset="1798" SrcFileId="10" StartOffset="1715"/>
</LocList>
<StmntSeq Intrnl_Id="1482">
<LocList>
<Loc EndOffset="1724" SrcFileId="10" StartOffset="1715"/>
<Loc EndOffset="1740" SrcFileId="10" StartOffset="1729"/>
<Loc EndOffset="1762" SrcFileId="10" StartOffset="1745"/>
<Loc EndOffset="1787" SrcFileId="10" StartOffset="1767"/>
<Loc EndOffset="1798" SrcFileId="10" StartOffset="1792"/>
</LocList>
<BasicStmnt CovItemId="S50" CovItemPrefix="csse376_puerto_rico.Building.java" Intrnl_Id="1483">
<LocList>
<Loc EndOffset="1724" SrcFileId="10" StartOffset="1715"/>
</LocList>
</BasicStmnt>
<BasicStmnt CovItemId="S51" CovItemPrefix="csse376_puerto_rico.Building.java" Intrnl_Id="1484">
<LocList>
<Loc EndOffset="1740" SrcFileId="10" StartOffset="1729"/>
</LocList>
</BasicStmnt>
<BasicStmnt CovItemId="S52" CovItemPrefix="csse376_puerto_rico.Building.java" Intrnl_Id="1485">
<LocList>
<Loc EndOffset="1762" SrcFileId="10" StartOffset="1745"/>
</LocList>
</BasicStmnt>
<BasicStmnt CovItemId="S53" CovItemPrefix="csse376_puerto_rico.Building.java" Intrnl_Id="1486">
<LocList>
<Loc EndOffset="1787" SrcFileId="10" StartOffset="1767"/>
</LocList>
</BasicStmnt>
<BasicStmnt CovItemId="S54" CovItemPrefix="csse376_puerto_rico.Building.java" Intrnl_Id="1487">
<LocList>
<Loc EndOffset="1798" SrcFileId="10" StartOffset="1792"/>
</LocList>
</BasicStmnt>
</StmntSeq>
</Branch>
<Branch CovItemId="B11" CovItemPrefix="csse376_puerto_rico.Building.java" Implct="false" Intrnl_Id="1488">
<Cond>
<Loc EndOffset="1823" SrcFileId="10" StartOffset="1804"/>
</Cond>
<LocList>
<Loc EndOffset="1962" SrcFileId="10" StartOffset="1879"/>
</LocList>
<StmntSeq Intrnl_Id="1489">
<LocList>
<Loc EndOffset="1888" SrcFileId="10" StartOffset="1879"/>
<Loc EndOffset="1904" SrcFileId="10" StartOffset="1893"/>
<Loc EndOffset="1926" SrcFileId="10" StartOffset="1909"/>
<Loc EndOffset="1951" SrcFileId="10" StartOffset="1931"/>
<Loc EndOffset="1962" SrcFileId="10" StartOffset="1956"/>
</LocList>
<BasicStmnt CovItemId="S55" CovItemPrefix="csse376_puerto_rico.Building.java" Intrnl_Id="1490">
<LocList>
<Loc EndOffset="1888" SrcFileId="10" StartOffset="1879"/>
</LocList>
</BasicStmnt>
<BasicStmnt CovItemId="S56" CovItemPrefix="csse376_puerto_rico.Building.java" Intrnl_Id="1491">
<LocList>
<Loc EndOffset="1904" SrcFileId="10" StartOffset="1893"/>
</LocList>
</BasicStmnt>
<BasicStmnt CovItemId="S57" CovItemPrefix="csse376_puerto_rico.Building.java" Intrnl_Id="1492">
<LocList>
<Loc EndOffset="1926" SrcFileId="10" StartOffset="1909"/>
</LocList>
</BasicStmnt>
<BasicStmnt CovItemId="S58" CovItemPrefix="csse376_puerto_rico.Building.java" Intrnl_Id="1493">
<LocList>
<Loc EndOffset="1951" SrcFileId="10" StartOffset="1931"/>
</LocList>
</BasicStmnt>
<BasicStmnt CovItemId="S59" CovItemPrefix="csse376_puerto_rico.Building.java" Intrnl_Id="1494">
<LocList>
<Loc EndOffset="1962" SrcFileId="10" StartOffset="1956"/>
</LocList>
</BasicStmnt>
</StmntSeq>
</Branch>
<Branch CovItemId="B12" CovItemPrefix="csse376_puerto_rico.Building.java" Implct="false" Intrnl_Id="1495">
<Cond>
<Loc EndOffset="1990" SrcFileId="10" StartOffset="1968"/>
</Cond>
<LocList>
<Loc EndOffset="2176" SrcFileId="10" StartOffset="2044"/>
</LocList>
<StmntSeq Intrnl_Id="1496">
<LocList>
<Loc EndOffset="2053" SrcFileId="10" StartOffset="2044"/>
<Loc EndOffset="2069" SrcFileId="10" StartOffset="2058"/>
<Loc EndOffset="2091" SrcFileId="10" StartOffset="2074"/>
<Loc EndOffset="2116" SrcFileId="10" StartOffset="2096"/>
<Loc EndOffset="2137" SrcFileId="10" StartOffset="2121"/>
<Loc EndOffset="2165" SrcFileId="10" StartOffset="2142"/>
<Loc EndOffset="2176" SrcFileId="10" StartOffset="2170"/>
</LocList>
<BasicStmnt CovItemId="S60" CovItemPrefix="csse376_puerto_rico.Building.java" Intrnl_Id="1497">
<LocList>
<Loc EndOffset="2053" SrcFileId="10" StartOffset="2044"/>
</LocList>
</BasicStmnt>
<BasicStmnt CovItemId="S61" CovItemPrefix="csse376_puerto_rico.Building.java" Intrnl_Id="1498">
<LocList>
<Loc EndOffset="2069" SrcFileId="10" StartOffset="2058"/>
</LocList>
</BasicStmnt>
<BasicStmnt CovItemId="S62" CovItemPrefix="csse376_puerto_rico.Building.java" Intrnl_Id="1499">
<LocList>
<Loc EndOffset="2091" SrcFileId="10" StartOffset="2074"/>
</LocList>
</BasicStmnt>
<BasicStmnt CovItemId="S63" CovItemPrefix="csse376_puerto_rico.Building.java" Intrnl_Id="1500">
<LocList>
<Loc EndOffset="2116" SrcFileId="10" StartOffset="2096"/>
</LocList>
</BasicStmnt>
<BasicStmnt CovItemId="S64" CovItemPrefix="csse376_puerto_rico.Building.java" Intrnl_Id="1501">
<LocList>
<Loc EndOffset="2137" SrcFileId="10" StartOffset="2121"/>
</LocList>
</BasicStmnt>
<BasicStmnt CovItemId="S65" CovItemPrefix="csse376_puerto_rico.Building.java" Intrnl_Id="1502">
<LocList>
<Loc EndOffset="2165" SrcFileId="10" StartOffset="2142"/>
</LocList>
</BasicStmnt>
<BasicStmnt CovItemId="S66" CovItemPrefix="csse376_puerto_rico.Building.java" Intrnl_Id="1503">
<LocList>
<Loc EndOffset="2176" SrcFileId="10" StartOffset="2170"/>
</LocList>
</BasicStmnt>
</StmntSeq>
</Branch>
<Branch CovItemId="B13" CovItemPrefix="csse376_puerto_rico.Building.java" Implct="false" Intrnl_Id="1504">
<Cond>
<Loc EndOffset="2204" SrcFileId="10" StartOffset="2182"/>
</Cond>
<LocList>
<Loc EndOffset="2293" SrcFileId="10" StartOffset="2210"/>
</LocList>
<StmntSeq Intrnl_Id="1505">
<LocList>
<Loc EndOffset="2219" SrcFileId="10" StartOffset="2210"/>
<Loc EndOffset="2235" SrcFileId="10" StartOffset="2224"/>
<Loc EndOffset="2257" SrcFileId="10" StartOffset="2240"/>
<Loc EndOffset="2282" SrcFileId="10" StartOffset="2262"/>
<Loc EndOffset="2293" SrcFileId="10" StartOffset="2287"/>
</LocList>
<BasicStmnt CovItemId="S67" CovItemPrefix="csse376_puerto_rico.Building.java" Intrnl_Id="1506">
<LocList>
<Loc EndOffset="2219" SrcFileId="10" StartOffset="2210"/>
</LocList>
</BasicStmnt>
<BasicStmnt CovItemId="S68" CovItemPrefix="csse376_puerto_rico.Building.java" Intrnl_Id="1507">
<LocList>
<Loc EndOffset="2235" SrcFileId="10" StartOffset="2224"/>
</LocList>
</BasicStmnt>
<BasicStmnt CovItemId="S69" CovItemPrefix="csse376_puerto_rico.Building.java" Intrnl_Id="1508">
<LocList>
<Loc EndOffset="2257" SrcFileId="10" StartOffset="2240"/>
</LocList>
</BasicStmnt>
<BasicStmnt CovItemId="S70" CovItemPrefix="csse376_puerto_rico.Building.java" Intrnl_Id="1509">
<LocList>
<Loc EndOffset="2282" SrcFileId="10" StartOffset="2262"/>
</LocList>
</BasicStmnt>
<BasicStmnt CovItemId="S71" CovItemPrefix="csse376_puerto_rico.Building.java" Intrnl_Id="1510">
<LocList>
<Loc EndOffset="2293" SrcFileId="10" StartOffset="2287"/>
</LocList>
</BasicStmnt>
</StmntSeq>
</Branch>
<Branch CovItemId="B14" CovItemPrefix="csse376_puerto_rico.Building.java" Implct="false" Intrnl_Id="1511">
<Cond>
<Loc EndOffset="2320" SrcFileId="10" StartOffset="2299"/>
</Cond>
<LocList>
<Loc EndOffset="2409" SrcFileId="10" StartOffset="2326"/>
</LocList>
<StmntSeq Intrnl_Id="1512">
<LocList>
<Loc EndOffset="2335" SrcFileId="10" StartOffset="2326"/>
<Loc EndOffset="2351" SrcFileId="10" StartOffset="2340"/>
<Loc EndOffset="2373" SrcFileId="10" StartOffset="2356"/>
<Loc EndOffset="2398" SrcFileId="10" StartOffset="2378"/>
<Loc EndOffset="2409" SrcFileId="10" StartOffset="2403"/>
</LocList>
<BasicStmnt CovItemId="S72" CovItemPrefix="csse376_puerto_rico.Building.java" Intrnl_Id="1513">
<LocList>
<Loc EndOffset="2335" SrcFileId="10" StartOffset="2326"/>
</LocList>
</BasicStmnt>
<BasicStmnt CovItemId="S73" CovItemPrefix="csse376_puerto_rico.Building.java" Intrnl_Id="1514">
<LocList>
<Loc EndOffset="2351" SrcFileId="10" StartOffset="2340"/>
</LocList>
</BasicStmnt>
<BasicStmnt CovItemId="S74" CovItemPrefix="csse376_puerto_rico.Building.java" Intrnl_Id="1515">
<LocList>
<Loc EndOffset="2373" SrcFileId="10" StartOffset="2356"/>
</LocList>
</BasicStmnt>
<BasicStmnt CovItemId="S75" CovItemPrefix="csse376_puerto_rico.Building.java" Intrnl_Id="1516">
<LocList>
<Loc EndOffset="2398" SrcFileId="10" StartOffset="2378"/>
</LocList>
</BasicStmnt>
<BasicStmnt CovItemId="S76" CovItemPrefix="csse376_puerto_rico.Building.java" Intrnl_Id="1517">
<LocList>
<Loc EndOffset="2409" SrcFileId="10" StartOffset="2403"/>
</LocList>
</BasicStmnt>
</StmntSeq>
</Branch>
<Branch CovItemId="B15" CovItemPrefix="csse376_puerto_rico.Building.java" Implct="false" Intrnl_Id="1518">
<Cond>
<Loc EndOffset="2429" SrcFileId="10" StartOffset="2415"/>
</Cond>
<LocList>
<Loc EndOffset="2585" SrcFileId="10" StartOffset="2502"/>
</LocList>
<StmntSeq Intrnl_Id="1519">
<LocList>
<Loc EndOffset="2511" SrcFileId="10" StartOffset="2502"/>
<Loc EndOffset="2527" SrcFileId="10" StartOffset="2516"/>
<Loc EndOffset="2549" SrcFileId="10" StartOffset="2532"/>
<Loc EndOffset="2574" SrcFileId="10" StartOffset="2554"/>
<Loc EndOffset="2585" SrcFileId="10" StartOffset="2579"/>
</LocList>
<BasicStmnt CovItemId="S77" CovItemPrefix="csse376_puerto_rico.Building.java" Intrnl_Id="1520">
<LocList>
<Loc EndOffset="2511" SrcFileId="10" StartOffset="2502"/>
</LocList>
</BasicStmnt>
<BasicStmnt CovItemId="S78" CovItemPrefix="csse376_puerto_rico.Building.java" Intrnl_Id="1521">
<LocList>
<Loc EndOffset="2527" SrcFileId="10" StartOffset="2516"/>
</LocList>
</BasicStmnt>
<BasicStmnt CovItemId="S79" CovItemPrefix="csse376_puerto_rico.Building.java" Intrnl_Id="1522">
<LocList>
<Loc EndOffset="2549" SrcFileId="10" StartOffset="2532"/>
</LocList>
</BasicStmnt>
<BasicStmnt CovItemId="S80" CovItemPrefix="csse376_puerto_rico.Building.java" Intrnl_Id="1523">
<LocList>
<Loc EndOffset="2574" SrcFileId="10" StartOffset="2554"/>
</LocList>
</BasicStmnt>
<BasicStmnt CovItemId="S81" CovItemPrefix="csse376_puerto_rico.Building.java" Intrnl_Id="1524">
<LocList>
<Loc EndOffset="2585" SrcFileId="10" StartOffset="2579"/>
</LocList>
</BasicStmnt>
</StmntSeq>
</Branch>
<Branch CovItemId="B16" CovItemPrefix="csse376_puerto_rico.Building.java" Implct="false" Intrnl_Id="1525">
<Cond>
<Loc EndOffset="2608" SrcFileId="10" StartOffset="2591"/>
</Cond>
<LocList>
<Loc EndOffset="2748" SrcFileId="10" StartOffset="2665"/>
</LocList>
<StmntSeq Intrnl_Id="1526">
<LocList>
<Loc EndOffset="2674" SrcFileId="10" StartOffset="2665"/>
<Loc EndOffset="2690" SrcFileId="10" StartOffset="2679"/>
<Loc EndOffset="2712" SrcFileId="10" StartOffset="2695"/>
<Loc EndOffset="2737" SrcFileId="10" StartOffset="2717"/>
<Loc EndOffset="2748" SrcFileId="10" StartOffset="2742"/>
</LocList>
<BasicStmnt CovItemId="S82" CovItemPrefix="csse376_puerto_rico.Building.java" Intrnl_Id="1527">
<LocList>
<Loc EndOffset="2674" SrcFileId="10" StartOffset="2665"/>
</LocList>
</BasicStmnt>
<BasicStmnt CovItemId="S83" CovItemPrefix="csse376_puerto_rico.Building.java" Intrnl_Id="1528">
<LocList>
<Loc EndOffset="2690" SrcFileId="10" StartOffset="2679"/>
</LocList>
</BasicStmnt>
<BasicStmnt CovItemId="S84" CovItemPrefix="csse376_puerto_rico.Building.java" Intrnl_Id="1529">
<LocList>
<Loc EndOffset="2712" SrcFileId="10" StartOffset="2695"/>
</LocList>
</BasicStmnt>
<BasicStmnt CovItemId="S85" CovItemPrefix="csse376_puerto_rico.Building.java" Intrnl_Id="1530">
<LocList>
<Loc EndOffset="2737" SrcFileId="10" StartOffset="2717"/>
</LocList>
</BasicStmnt>
<BasicStmnt CovItemId="S86" CovItemPrefix="csse376_puerto_rico.Building.java" Intrnl_Id="1531">
<LocList>
<Loc EndOffset="2748" SrcFileId="10" StartOffset="2742"/>
</LocList>
</BasicStmnt>
</StmntSeq>
</Branch>
<Branch CovItemId="B17" CovItemPrefix="csse376_puerto_rico.Building.java" Implct="false" Intrnl_Id="1532">
<Cond>
<Loc EndOffset="2767" SrcFileId="10" StartOffset="2754"/>
</Cond>
<LocList>
<Loc EndOffset="2912" SrcFileId="10" StartOffset="2829"/>
</LocList>
<StmntSeq Intrnl_Id="1533">
<LocList>
<Loc EndOffset="2838" SrcFileId="10" StartOffset="2829"/>
<Loc EndOffset="2854" SrcFileId="10" StartOffset="2843"/>
<Loc EndOffset="2876" SrcFileId="10" StartOffset="2859"/>
<Loc EndOffset="2901" SrcFileId="10" StartOffset="2881"/>
<Loc EndOffset="2912" SrcFileId="10" StartOffset="2906"/>
</LocList>
<BasicStmnt CovItemId="S87" CovItemPrefix="csse376_puerto_rico.Building.java" Intrnl_Id="1534">
<LocList>
<Loc EndOffset="2838" SrcFileId="10" StartOffset="2829"/>
</LocList>
</BasicStmnt>
<BasicStmnt CovItemId="S88" CovItemPrefix="csse376_puerto_rico.Building.java" Intrnl_Id="1535">
<LocList>
<Loc EndOffset="2854" SrcFileId="10" StartOffset="2843"/>
</LocList>
</BasicStmnt>
<BasicStmnt CovItemId="S89" CovItemPrefix="csse376_puerto_rico.Building.java" Intrnl_Id="1536">
<LocList>
<Loc EndOffset="2876" SrcFileId="10" StartOffset="2859"/>
</LocList>
</BasicStmnt>
<BasicStmnt CovItemId="S90" CovItemPrefix="csse376_puerto_rico.Building.java" Intrnl_Id="1537">
<LocList>
<Loc EndOffset="2901" SrcFileId="10" StartOffset="2881"/>
</LocList>
</BasicStmnt>
<BasicStmnt CovItemId="S91" CovItemPrefix="csse376_puerto_rico.Building.java" Intrnl_Id="1538">
<LocList>
<Loc EndOffset="2912" SrcFileId="10" StartOffset="2906"/>
</LocList>
</BasicStmnt>
</StmntSeq>
</Branch>
<Branch CovItemId="B18" CovItemPrefix="csse376_puerto_rico.Building.java" Implct="false" Intrnl_Id="1539">
<Cond>
<Loc EndOffset="2930" SrcFileId="10" StartOffset="2918"/>
</Cond>
<LocList>
<Loc EndOffset="3057" SrcFileId="10" StartOffset="2974"/>
</LocList>
<StmntSeq Intrnl_Id="1540">
<LocList>
<Loc EndOffset="2983" SrcFileId="10" StartOffset="2974"/>
<Loc EndOffset="2999" SrcFileId="10" StartOffset="2988"/>
<Loc EndOffset="3021" SrcFileId="10" StartOffset="3004"/>
<Loc EndOffset="3046" SrcFileId="10" StartOffset="3026"/>
<Loc EndOffset="3057" SrcFileId="10" StartOffset="3051"/>
</LocList>
<BasicStmnt CovItemId="S92" CovItemPrefix="csse376_puerto_rico.Building.java" Intrnl_Id="1541">
<LocList>
<Loc EndOffset="2983" SrcFileId="10" StartOffset="2974"/>
</LocList>
</BasicStmnt>
<BasicStmnt CovItemId="S93" CovItemPrefix="csse376_puerto_rico.Building.java" Intrnl_Id="1542">
<LocList>
<Loc EndOffset="2999" SrcFileId="10" StartOffset="2988"/>
</LocList>
</BasicStmnt>
<BasicStmnt CovItemId="S94" CovItemPrefix="csse376_puerto_rico.Building.java" Intrnl_Id="1543">
<LocList>
<Loc EndOffset="3021" SrcFileId="10" StartOffset="3004"/>
</LocList>
</BasicStmnt>
<BasicStmnt CovItemId="S95" CovItemPrefix="csse376_puerto_rico.Building.java" Intrnl_Id="1544">
<LocList>
<Loc EndOffset="3046" SrcFileId="10" StartOffset="3026"/>
</LocList>
</BasicStmnt>
<BasicStmnt CovItemId="S96" CovItemPrefix="csse376_puerto_rico.Building.java" Intrnl_Id="1545">
<LocList>
<Loc EndOffset="3057" SrcFileId="10" StartOffset="3051"/>
</LocList>
</BasicStmnt>
</StmntSeq>
</Branch>
<Branch CovItemId="B19" CovItemPrefix="csse376_puerto_rico.Building.java" Implct="false" Intrnl_Id="1546">
<Cond>
<Loc EndOffset="3070" SrcFileId="10" StartOffset="3063"/>
</Cond>
<LocList>
<Loc EndOffset="3148" SrcFileId="10" StartOffset="3076"/>
</LocList>
<StmntSeq Intrnl_Id="1547">
<LocList>
<Loc EndOffset="3085" SrcFileId="10" StartOffset="3076"/>
<Loc EndOffset="3101" SrcFileId="10" StartOffset="3090"/>
<Loc EndOffset="3123" SrcFileId="10" StartOffset="3106"/>
<Loc EndOffset="3148" SrcFileId="10" StartOffset="3128"/>
</LocList>
<BasicStmnt CovItemId="S97" CovItemPrefix="csse376_puerto_rico.Building.java" Intrnl_Id="1548">
<LocList>
<Loc EndOffset="3085" SrcFileId="10" StartOffset="3076"/>
</LocList>
</BasicStmnt>
<BasicStmnt CovItemId="S98" CovItemPrefix="csse376_puerto_rico.Building.java" Intrnl_Id="1549">
<LocList>
<Loc EndOffset="3101" SrcFileId="10" StartOffset="3090"/>
</LocList>
</BasicStmnt>
<BasicStmnt CovItemId="S99" CovItemPrefix="csse376_puerto_rico.Building.java" Intrnl_Id="1550">
<LocList>
<Loc EndOffset="3123" SrcFileId="10" StartOffset="3106"/>
</LocList>
</BasicStmnt>
<BasicStmnt CovItemId="S100" CovItemPrefix="csse376_puerto_rico.Building.java" Intrnl_Id="1551">
<LocList>
<Loc EndOffset="3148" SrcFileId="10" StartOffset="3128"/>
</LocList>
</BasicStmnt>
</StmntSeq>
</Branch>
<Keyword EndOffset="307" SrcFileId="10" StartOffset="301"/>
<LocList>
<Loc EndOffset="3153" SrcFileId="10" StartOffset="301"/>
</LocList>
</CondStmnt>
</StmntSeq>
</HierarchyLvl>
<HierarchyLvl HierarchyLvlId="7327" HierarchyLvlTypeId="16" Intrnl_Id="1552" Name="isOccupied">
<Header>
<Loc EndOffset="3191" SrcFileId="10" StartOffset="3164"/>
</Header>
<LocList>
<Loc EndOffset="3258" SrcFileId="10" StartOffset="3164"/>
</LocList>
<StmntSeq Intrnl_Id="1553">
<LocList>
<Loc EndOffset="3254" SrcFileId="10" StartOffset="3197"/>
</LocList>
<BasicStmnt CovItemId="S101" CovItemPrefix="csse376_puerto_rico.Building.java" Intrnl_Id="1554">
<LocList>
<Loc EndOffset="3254" SrcFileId="10" StartOffset="3197"/>
</LocList>
</BasicStmnt>
</StmntSeq>
</HierarchyLvl>
</HierarchyLvl>
</HierarchyLvl>
</HierarchyLvl>
</MASTRoot>
</TestSessionContainer>
