<?xml version="1.0" encoding="UTF-8"?><TestSessionContainer xmlns="http://www.codecover.org/xml/testsession-container" Date="1432245578537" TestSessionContainerId="d516e9d8-c558-4ff4-a541-d3e02a0c01b0" version="1.0">
<SrcFileList>
<SrcFile Content="package csse376_puerto_rico;&#10;&#10;import java.awt.Color;&#10;&#10;import javax.swing.ButtonGroup;&#10;import javax.swing.JButton;&#10;import javax.swing.JFrame;&#10;import javax.swing.JPanel;&#10;import javax.swing.JRadioButton;&#10;&#10;public class StartUpGameBoardGUI {&#10;&#10;&#9;private JFrame mainframe;&#10;&#10;&#9;public StartUpGameBoardGUI(JFrame frame) {&#10;&#9;&#9;this.mainframe = frame;&#10;&#9;&#9;this.mainframe.getContentPane().removeAll();&#10;&#9;&#9;this.mainframe.getContentPane().revalidate();&#10;&#9;&#9;this.mainframe.setBackground(Color.BLACK);&#10;&#9;&#9;this.mainframe.setTitle(&quot;Choose Players&quot;);&#10;&#10;&#9;&#9;JPanel mainPanel = new JPanel();&#10;&#9;&#9;&#10;&#9;&#9;ButtonGroup group = new ButtonGroup();&#10;&#9;&#9;JRadioButton rb3 = new JRadioButton(&quot;3&quot;, true);&#10;&#9;&#9;JRadioButton rb4 = new JRadioButton(&quot;4&quot;, false);&#10;&#9;&#9;JRadioButton rb5 = new JRadioButton(&quot;5&quot;, false);&#10;&#9;&#9;group.add(rb3);&#10;&#9;&#9;group.add(rb4);&#10;&#9;&#9;group.add(rb5);&#10;&#9;&#9;&#10;&#9;&#9;JButton startButton = new JButton(&quot;Start&quot;);&#10;&#9;&#9;startButton.addActionListener(new ButtonHandler(this.mainframe, group));&#10;&#9;&#9;&#10;&#9;&#9;mainPanel.add(rb3);&#10;&#9;&#9;mainPanel.add(rb4);&#10;&#9;&#9;mainPanel.add(rb5);&#10;&#9;&#9;mainPanel.add(startButton);&#10;&#9;&#9;&#10;&#9;&#9;this.mainframe.add(mainPanel);&#10;&#9;}&#10;&#10;}&#10;" Filename="StartUpGameBoardGUI.java" Intrnl_Id="1"/>
<SrcFile Content="package csse376_puerto_rico;&#13;&#10;&#13;&#10;import java.util.ArrayList;&#13;&#10;import java.util.List;&#13;&#10;&#13;&#10;/**&#13;&#10; * List of roles&#13;&#10; *&#13;&#10; * @author songm. Created Apr 22, 2015.&#13;&#10; */&#13;&#10;public class PlayerRoles {&#13;&#10;&#9;public static final String Settler = &quot;Settler&quot;;&#13;&#10;&#9;public static final String Builder = &quot;Builder&quot;;&#13;&#10;&#9;public static final String Craftsman = &quot;Craftsman&quot;;&#13;&#10;&#9;public static final String Trader = &quot;Trader&quot;;&#13;&#10;&#9;public static final String Captain = &quot;Captain&quot;;&#13;&#10;&#9;public static final String Prospector = &quot;Prospector&quot;;&#13;&#10;&#9;public static final String Mayor = &quot;Mayor&quot;;&#13;&#10;&#13;&#10;&#9;private PlayerRoles() {&#13;&#10;&#9;&#9;// null constructor&#13;&#10;&#9;}&#13;&#10;&#13;&#10;&#9;public static List&lt;String&gt; getValues() {&#13;&#10;&#9;&#9;List&lt;String&gt; rtn = new ArrayList&lt;String&gt;();&#13;&#10;&#13;&#10;&#9;&#9;rtn.add(Settler);&#13;&#10;&#9;&#9;rtn.add(Builder);&#13;&#10;&#9;&#9;rtn.add(Craftsman);&#13;&#10;&#9;&#9;rtn.add(Trader);&#13;&#10;&#9;&#9;rtn.add(Captain);&#13;&#10;&#9;&#9;rtn.add(Prospector);&#13;&#10;&#9;&#9;rtn.add(Mayor);&#13;&#10;&#13;&#10;&#9;&#9;return rtn;&#13;&#10;&#9;}&#13;&#10;}&#13;&#10;" Filename="PlayerRoles.java" Intrnl_Id="2"/>
<SrcFile Content="package csse376_puerto_rico;&#13;&#10;&#13;&#10;import java.util.ArrayList;&#13;&#10;import java.util.Arrays;&#13;&#10;import java.util.HashMap;&#13;&#10;import java.util.List;&#13;&#10;&#13;&#10;import javax.swing.JTextArea;&#13;&#10;&#13;&#10;import csse376_puerto_rico.Buildings.Building;&#13;&#10;&#13;&#10;public class Player {&#13;&#10;&#13;&#10;&#9;private int pNum;&#13;&#10;&#9;private int doubloons;&#13;&#10;&#9;private String role;&#13;&#10;&#9;private JTextArea hud;&#13;&#10;&#9;public boolean isTurn;&#13;&#10;&#9;public boolean isGovernor;&#13;&#10;&#9;private int points = 0;&#13;&#10;&#13;&#10;&#9;private ArrayList&lt;Building&gt; buildings = new ArrayList&lt;Building&gt;();&#13;&#10;&#13;&#10;&#9;public static class Good {&#13;&#10;&#9;&#9;public static final String COFFEE = &quot;Coffee&quot;;&#13;&#10;&#9;&#9;public static final String TOBACCO = &quot;Tobacco&quot;;&#13;&#10;&#9;&#9;public static final String CORN = &quot;Corn&quot;;&#13;&#10;&#9;&#9;public static final String SUGAR = &quot;Sugar&quot;;&#13;&#10;&#9;&#9;public static final String INDIGO = &quot;Indigo&quot;;&#13;&#10;&#9;}&#13;&#10;&#13;&#10;&#9;public static class Plantation {&#13;&#10;&#9;&#9;public String good;&#13;&#10;&#9;&#9;public boolean hasWorker;&#13;&#10;&#13;&#10;&#9;&#9;public Plantation(String good, boolean hasWorker) {&#13;&#10;&#9;&#9;&#9;this.good = good;&#13;&#10;&#9;&#9;&#9;this.hasWorker = hasWorker;&#13;&#10;&#9;&#9;}&#13;&#10;&#9;}&#13;&#10;&#13;&#10;&#9;private ArrayList&lt;Plantation&gt; plantations = new ArrayList&lt;Plantation&gt;();&#13;&#10;&#9;private HashMap&lt;String, Integer&gt; goods = new HashMap&lt;String, Integer&gt;();&#13;&#10;&#9;private static List&lt;String&gt; roles = PlayerRoles.getValues();&#13;&#10;&#13;&#10;&#9;// For Testing purposes, null player&#13;&#10;&#9;public Player() {&#13;&#10;&#9;&#9;this.doubloons = 0;&#13;&#10;&#9;&#9;this.pNum = 0;&#13;&#10;&#9;&#9;this.role = &quot;&quot;;&#13;&#10;&#9;&#9;this.isGovernor = false;&#13;&#10;&#9;&#9;this.hud = new JTextArea();&#13;&#10;&#9;&#9;for (String s : this.getAllGoods()) {&#13;&#10;&#9;&#9;&#9;this.goods.put(s, 0);&#13;&#10;&#9;&#9;}&#13;&#10;&#9;}&#13;&#10;&#13;&#10;&#9;public Player(String role) {&#13;&#10;&#9;&#9;this.role = role;&#13;&#10;&#9;&#9;this.doubloons = 0;&#13;&#10;&#9;&#9;this.isGovernor = false;&#13;&#10;&#9;&#9;this.isTurn = false;&#13;&#10;&#9;&#9;this.hud = null;&#13;&#10;&#9;&#9;for (String s : this.getAllGoods()) {&#13;&#10;&#9;&#9;&#9;this.goods.put(s, 0);&#13;&#10;&#9;&#9;}&#13;&#10;&#9;}&#13;&#10;&#13;&#10;&#9;public void setPlayerNum(int i) {&#13;&#10;&#9;&#9;this.pNum = i;&#13;&#10;&#13;&#10;&#9;}&#13;&#10;&#13;&#10;&#9;public int getPlayerNum() {&#13;&#10;&#9;&#9;return this.pNum;&#13;&#10;&#9;}&#13;&#10;&#13;&#10;&#9;public String getRole() {&#13;&#10;&#9;&#9;return this.role;&#13;&#10;&#9;}&#13;&#10;&#13;&#10;&#9;public static List&lt;String&gt; getRoles() {&#13;&#10;&#13;&#10;&#9;&#9;return roles;&#13;&#10;&#9;}&#13;&#10;&#13;&#10;&#9;public int getPoints() {&#13;&#10;&#9;&#9;return points;&#13;&#10;&#9;}&#13;&#10;&#13;&#10;&#9;public JTextArea getHUD() {&#13;&#10;&#9;&#9;return this.hud;&#13;&#10;&#9;}&#13;&#10;&#13;&#10;&#9;public void setHUD(JTextArea hud) {&#13;&#10;&#9;&#9;this.hud = hud;&#13;&#10;&#9;}&#13;&#10;&#13;&#10;&#9;public boolean isGovernor() {&#13;&#10;&#9;&#9;return isGovernor;&#13;&#10;&#9;}&#13;&#10;&#13;&#10;&#9;public void addPoints(int addition) {&#13;&#10;&#9;&#9;this.points = this.points + addition;&#13;&#10;&#9;}&#13;&#10;&#13;&#10;&#9;// Test method&#13;&#10;&#9;public void setPoints(int points) {&#13;&#10;&#9;&#9;// This method is strictly for setting points&#13;&#10;&#9;&#9;this.points = points;&#13;&#10;&#9;}&#13;&#10;&#13;&#10;&#9;public void setRole(String string) {&#13;&#10;&#9;&#9;this.role = string;&#13;&#10;&#9;}&#13;&#10;&#13;&#10;&#9;public void addBuilding(Building building) {&#13;&#10;&#9;&#9;buildings.add(building);&#13;&#10;&#9;}&#13;&#10;&#9;&#13;&#10;&#9;public boolean ownsBuilding(String building){&#13;&#10;&#9;&#9;return getBuildingsStringList().contains(building);&#13;&#10;&#9;}&#13;&#10;&#9;&#13;&#10;&#9;public boolean ownsOccupiedBuilding(String building){&#13;&#10;&#9;&#9;return getOccupiedBuildingsStringList().contains(building);&#13;&#10;&#9;}&#13;&#10;&#13;&#10;&#9;public ArrayList&lt;String&gt; getBuildingsStringList() {&#13;&#10;&#9;&#9;ArrayList&lt;String&gt; rtn = new ArrayList&lt;String&gt;();&#13;&#10;&#9;&#9;for (Building b : this.buildings) {&#13;&#10;&#9;&#9;&#9;rtn.add(b.name);&#13;&#10;&#9;&#9;}&#13;&#10;&#9;&#9;return rtn;&#13;&#10;&#9;}&#13;&#10;&#13;&#10;&#9;public ArrayList&lt;Building&gt; getBuildings() {&#13;&#10;&#9;&#9;return this.buildings;&#13;&#10;&#9;}&#13;&#10;&#9;&#13;&#10;&#9;public Building getBuilding(String building){&#13;&#10;&#9;&#9;if(this.getBuildingsStringList().contains(building)){&#13;&#10;&#9;&#9;&#9;for(Building b : this.buildings){&#13;&#10;&#9;&#9;&#9;&#9;if(b.name == building){&#13;&#10;&#9;&#9;&#9;&#9;&#9;return b;&#13;&#10;&#9;&#9;&#9;&#9;}&#13;&#10;&#9;&#9;&#9;}&#13;&#10;&#9;&#9;}&#13;&#10;&#9;&#9;return null;&#13;&#10;&#9;}&#13;&#10;&#9;&#13;&#10;&#9;public ArrayList&lt;Building&gt; getOccupiedBuildings(){&#13;&#10;&#9;&#9;ArrayList&lt;Building&gt; occupiedList = new ArrayList&lt;Building&gt;();&#13;&#10;&#9;&#9;for(Building b: this.buildings){&#13;&#10;&#9;&#9;&#9;if((b.numberOfJobs - b.numberOfWorkers) == 0){&#13;&#10;&#9;&#9;&#9;&#9;occupiedList.add(b);&#13;&#10;&#9;&#9;&#9;}&#13;&#10;&#9;&#9;}&#13;&#10;&#9;&#9;return occupiedList;&#13;&#10;&#9;}&#13;&#10;&#9;&#13;&#10;&#9;public ArrayList&lt;String&gt; getOccupiedBuildingsStringList() {&#13;&#10;&#9;&#9;ArrayList&lt;String&gt; rtn = new ArrayList&lt;String&gt;();&#13;&#10;&#9;&#9;for (Building b : this.getOccupiedBuildings()) {&#13;&#10;&#9;&#9;&#9;rtn.add(b.name);&#13;&#10;&#9;&#9;}&#13;&#10;&#9;&#9;return rtn;&#13;&#10;&#9;}&#13;&#10;&#13;&#10;&#9;public List&lt;String&gt; getGoods() {&#13;&#10;&#9;&#9;//&#13;&#10;&#9;&#9;List&lt;String&gt; rtn = new ArrayList&lt;String&gt;();&#13;&#10;&#9;&#9;String coffee = &quot;Coffee: &quot;&#13;&#10;&#9;&#9;&#9;&#9;+ Integer.toString((getNumberOfGood(&quot;Coffee&quot;)));&#13;&#10;&#9;&#9;String tobacco = &quot;Tobacco: &quot;&#13;&#10;&#9;&#9;&#9;&#9;+ Integer.toString((getNumberOfGood(&quot;Tobacco&quot;)));&#13;&#10;&#9;&#9;String corn = &quot;Corn: &quot; + Integer.toString((getNumberOfGood(&quot;Corn&quot;)));&#13;&#10;&#9;&#9;String sugar = &quot;Sugar: &quot; + Integer.toString((getNumberOfGood(&quot;Sugar&quot;)));&#13;&#10;&#9;&#9;String indigo = &quot;Indigo: &quot;&#13;&#10;&#9;&#9;&#9;&#9;+ Integer.toString((getNumberOfGood(&quot;Indigo&quot;)));&#13;&#10;&#9;&#9;rtn.addAll(Arrays.asList(coffee, corn, tobacco, sugar, indigo));&#13;&#10;&#9;&#9;return rtn;&#13;&#10;&#9;}&#13;&#10;&#13;&#10;&#9;public int getNumberOfGood(String good) {&#13;&#10;&#9;&#9;// added case where there were no goods&#13;&#10;&#9;&#9;if (this.goods.get(good) == null) {&#13;&#10;&#9;&#9;&#9;return 0;&#13;&#10;&#9;&#9;}&#13;&#10;&#9;&#9;return this.goods.get(good);&#13;&#10;&#13;&#10;&#9;}&#13;&#10;&#13;&#10;&#9;public List&lt;String&gt; getAllGoods() {&#13;&#10;&#9;&#9;List&lt;String&gt; rtn = new ArrayList&lt;String&gt;();&#13;&#10;&#9;&#9;rtn.addAll(Arrays.asList(Good.COFFEE, Good.CORN, Good.INDIGO,&#13;&#10;&#9;&#9;&#9;&#9;Good.SUGAR, Good.TOBACCO));&#13;&#10;&#9;&#9;return rtn;&#13;&#10;&#9;}&#13;&#10;&#13;&#10;&#9;public void addGood(String good, int number) {&#13;&#10;&#9;&#9;// adds the number to the original&#13;&#10;&#9;&#9;this.goods.put(good, this.goods.get(good) + number);&#13;&#10;&#9;}&#13;&#10;&#13;&#10;&#9;@Override&#13;&#10;&#9;public String toString() {&#13;&#10;&#9;&#9;String rtn = &quot;&quot;;&#13;&#10;&#9;&#9;String buildingList = &quot;&quot;;&#13;&#10;&#9;&#9;String goodsList = this.getGoods().toString();&#13;&#10;&#9;&#9;String plantationList = &quot;&quot;;&#13;&#10;&#9;&#9;for (int i = 0; i &lt; this.buildings.size(); i++) {&#13;&#10;&#9;&#9;&#9;buildingList = buildingList + &quot; &quot; + this.buildings.get(i).name;&#13;&#10;&#9;&#9;}&#13;&#10;&#9;&#9;for (int i = 0; i &lt; this.plantations.size(); i++) {&#13;&#10;&#9;&#9;&#9;plantationList = plantationList + &quot; &quot;&#13;&#10;&#9;&#9;&#9;&#9;&#9;+ this.plantations.get(i).good;&#13;&#10;&#9;&#9;}&#13;&#10;&#9;&#9;if (isGovernor) {&#13;&#10;&#9;&#9;&#9;rtn = String&#13;&#10;&#9;&#9;&#9;&#9;&#9;.format(&quot;Player %d \nRole: %s \nScore: %d \nDoubloons: %d \nBuilding: %s \nPlantation: %s \nGoods: %s \nGovernor&quot;,&#13;&#10;&#9;&#9;&#9;&#9;&#9;&#9;&#9;pNum, role, points, doubloons, buildingList,&#13;&#10;&#9;&#9;&#9;&#9;&#9;&#9;&#9;plantationList, goodsList);&#13;&#10;&#9;&#9;} else {&#13;&#10;&#9;&#9;&#9;rtn = String&#13;&#10;&#9;&#9;&#9;&#9;&#9;.format(&quot;Player %d \nRole: %s \nScore: %d \nDoubloons: %d \nBuilding: %s \nPlantation: %s \nGoods: %s&quot;,&#13;&#10;&#9;&#9;&#9;&#9;&#9;&#9;&#9;pNum, role, points, doubloons, buildingList,&#13;&#10;&#9;&#9;&#9;&#9;&#9;&#9;&#9;plantationList, goodsList);&#13;&#10;&#9;&#9;}&#13;&#10;&#9;&#9;return rtn;&#13;&#10;&#9;}&#13;&#10;&#13;&#10;&#9;public void updatePlayerInfo() {&#13;&#10;&#9;&#9;this.hud.setText(this.toString());&#13;&#10;&#9;}&#13;&#10;&#13;&#10;&#9;public ArrayList&lt;Plantation&gt; getPlantations() {&#13;&#10;&#9;&#9;return this.plantations;&#13;&#10;&#9;}&#13;&#10;&#13;&#10;&#9;public void addPlantations(Plantation add) {&#13;&#10;&#9;&#9;this.plantations.add(add);&#13;&#10;&#9;}&#13;&#10;&#13;&#10;&#9;public ArrayList&lt;String&gt; getPlantationsStringList() {&#13;&#10;&#9;&#9;ArrayList&lt;String&gt; rtn = new ArrayList&lt;String&gt;();&#13;&#10;&#9;&#9;for (Plantation p : this.plantations) {&#13;&#10;&#9;&#9;&#9;rtn.add(p.good);&#13;&#10;&#9;&#9;}&#13;&#10;&#9;&#9;return rtn;&#13;&#10;&#9;}&#13;&#10;&#13;&#10;&#9;// Only used by the Craftsman: checks if the plantation has a worker and&#13;&#10;&#9;// adds one&#13;&#10;&#9;// to the respective good count&#13;&#10;&#9;public void checkPlantation() {&#13;&#10;&#9;&#9;for (Plantation p : this.plantations) {&#13;&#10;&#9;&#9;&#9;if (p.hasWorker) {&#13;&#10;&#9;&#9;&#9;&#9;// Building condition here&#13;&#10;&#9;&#9;&#9;&#9;this.addGood(p.good, 1);&#13;&#10;&#9;&#9;&#9;}&#13;&#10;&#9;&#9;}&#13;&#10;&#9;}&#13;&#10;&#13;&#10;&#9;public int getDoubloons() {&#13;&#10;&#9;&#9;return this.doubloons;&#13;&#10;&#9;}&#13;&#10;&#13;&#10;&#9;public void setDoubloons(int add) {&#13;&#10;&#9;&#9;this.doubloons = add;&#13;&#10;&#9;}&#13;&#10;&#13;&#10;&#9;public void sellGood(String s, int i) {&#13;&#10;&#9;&#9;this.goods.put(s, this.goods.get(s) - i);&#13;&#10;&#13;&#10;&#9;}&#13;&#10;&#13;&#10;}&#13;&#10;" Filename="Player.java" Intrnl_Id="3"/>
<SrcFile Content="package csse376_puerto_rico;&#13;&#10;&#13;&#10;import java.awt.BorderLayout;&#13;&#10;import java.awt.Image;&#13;&#10;&#13;&#10;import javax.swing.ImageIcon;&#13;&#10;import javax.swing.JButton;&#13;&#10;import javax.swing.JFrame;&#13;&#10;import javax.swing.JLabel;&#13;&#10;import javax.swing.JPanel;&#13;&#10;&#13;&#10;import net.miginfocom.swing.MigLayout;&#13;&#10;&#13;&#10;public class MenuGUI {&#13;&#10;&#9;/**&#13;&#10;     * Mainframe.&#13;&#10;     */&#13;&#10;     JFrame mainframe = new JFrame();&#13;&#10;     &#13;&#10;     /**&#13;&#10;     * Constructs the Menu.&#13;&#10;     * &#13;&#10;     */&#13;&#10;     public MenuGUI() {&#13;&#10;           this.mainframe.setTitle(&quot;Puerto Rico&quot;);&#13;&#10;           this.mainframe.setSize(1366, 800);&#13;&#10;           this.mainframe.setVisible(true);&#13;&#10;           this.mainframe.setDefaultCloseOperation(JFrame.EXIT_ON_CLOSE);&#13;&#10;//           this.mainframe.setResizable(false);&#13;&#10;//           MigLayout layout = new MigLayout();&#13;&#10;//   &#9;&#9;   this.mainframe.setLayout(layout);&#13;&#10;           &#13;&#10;           JPanel imgPanel = new JPanel();&#13;&#10;           JPanel buttonPanel = new JPanel();&#13;&#10;           &#13;&#10;           String imageLoc = &quot;puerto-ricosmall.jpg&quot;;&#13;&#10;           ImageIcon imageIcon = new ImageIcon(imageLoc);&#13;&#10;           &#13;&#10;           imgPanel.add(new JLabel(imageIcon));&#13;&#10;           &#13;&#10;           JButton newGame = new JButton(&quot;New Game&quot;);&#13;&#10;           newGame.addActionListener(new ButtonHandler(mainframe, null));&#13;&#10;           JButton quit = new JButton(&quot;Quit&quot;);&#13;&#10;           &#13;&#10;           buttonPanel.add(newGame);&#13;&#10;           buttonPanel.add(quit);&#13;&#10;           &#13;&#10;           this.mainframe.add(imgPanel, BorderLayout.NORTH);&#13;&#10;           this.mainframe.add(buttonPanel, BorderLayout.SOUTH);&#13;&#10;     }&#13;&#10;&#13;&#10;}&#13;&#10;" Filename="MenuGUI.java" Intrnl_Id="4"/>
<SrcFile Content="package csse376_puerto_rico;&#10;&#10;public class Main {&#10;&#9;/**&#10;&#9; * @param args&#10;&#9; * &#10;&#9; * &#10;&#9; */&#10;&#9;public static void main(String[] args) {&#10;&#9;&#9;new MenuGUI();&#10;&#9;}&#10;}&#10;" Filename="Main.java" Intrnl_Id="5"/>
<SrcFile Content="package csse376_puerto_rico;&#13;&#10;&#13;&#10;import java.awt.event.ActionEvent;&#13;&#10;import java.awt.event.ActionListener;&#13;&#10;import java.util.ArrayList;&#13;&#10;import java.util.List;&#13;&#10;&#13;&#10;import javax.swing.JButton;&#13;&#10;import javax.swing.JTextArea;&#13;&#10;&#13;&#10;public class GoodsButton extends JButton &#13;&#10;{&#13;&#10;&#9;private List&lt;Player&gt; players;&#13;&#10;&#9;private String goodsName;&#13;&#10;&#9;private JTextArea msgBar;&#13;&#10;&#9;private GameBoardGUI gbGUI;&#13;&#10;&#9;public GoodsButton(String good, GameBoardGUI gbg)&#13;&#10;&#9;{&#13;&#10;&#9;&#9;gbGUI = gbg;&#13;&#10;&#9;&#9;goodsName = good;&#13;&#10;&#9;&#9;setText(goodsName);&#13;&#10;&#9;&#9;players = gbg.players;&#13;&#10;&#9;&#9;msgBar = gbg.msgBar;&#13;&#10;&#9;&#9;this.addActionListener(new ActionListener() {&#13;&#10;&#9;&#9;&#9;&#13;&#10;&#9;&#9;&#9;@Override&#13;&#10;&#9;&#9;&#9;public void actionPerformed(ActionEvent e) &#13;&#10;&#9;&#9;&#9;{&#13;&#10;&#9;&#9;&#9;&#13;&#10;&#9;&#9;&#9;&#9;&#9;for(int i=0;i&lt;players.size();i++)&#13;&#10;&#9;&#9;&#9;&#9;&#9;{&#13;&#10;&#9;&#9;&#9;&#9;&#9;&#9;int playerNumber = i+1;&#13;&#10;&#9;&#9;&#9;&#9;&#9;&#9;System.out.println( &quot;Player &quot;+playerNumber+&quot;: &quot;+ players.get(i).getGoods());&#13;&#10;&#9;&#9;&#9;&#9;&#9;&#9;players.get(i).addGood(goodsName, 1);&#13;&#10;&#9;&#9;&#9;&#9;&#9;&#9;gbGUI.updateMsgBar(&quot;You pressed a button&quot;);&#13;&#10;&#9;&#9;&#9;&#9;&#9;}&#13;&#10;&#9;&#9;&#9;}&#13;&#10;&#9;&#9;});&#13;&#10;&#9;&#9;&#13;&#10;&#9;&#9;GameBoardGUI.players = players;&#13;&#10;&#9;}&#13;&#10;}&#13;&#10;" Filename="GoodsButton.java" Intrnl_Id="6"/>
<SrcFile Content="package csse376_puerto_rico;&#13;&#10;&#13;&#10;import java.util.ArrayList;&#13;&#10;import java.util.HashMap;&#13;&#10;import java.util.List;&#13;&#10;&#13;&#10;import csse376_puerto_rico.Buildings.Building;&#13;&#10;import csse376_puerto_rico.Player.Good;&#13;&#10;import csse376_puerto_rico.Player.Plantation;&#13;&#10;&#13;&#10;public class GameState {&#13;&#10;&#13;&#10;&#9;private HashMap&lt;String, Integer&gt; goods = new HashMap&lt;String, Integer&gt;();&#13;&#10;&#9;public int colonistsTotal;&#13;&#10;&#9;public int colonistsOnBoard;&#13;&#10;&#9;public int cargoship4 = 0;&#13;&#10;&#9;public String cargoship4Good = &quot;&quot;;&#13;&#10;&#9;public int cargoship5 = 0;&#13;&#10;&#9;public String cargoship5Good = &quot;&quot;;&#13;&#10;&#9;public int cargoship6 = 0;&#13;&#10;&#9;public String cargoship6Good = &quot;&quot;;&#13;&#10;&#9;public boolean isGameEndState = false;&#13;&#10;&#9;public int doubloons;&#13;&#10;&#9;private int numOfPlayers;&#13;&#10;&#9;private List&lt;Player&gt; players;&#13;&#10;&#9;public int victoryPoints;&#13;&#10;&#9;public static ArrayList&lt;String&gt; rolesToAdd;&#13;&#10;&#9;public static ArrayList&lt;String&gt; addDoubloonToRole;&#13;&#10;&#13;&#10;&#9;public static final int ERROR = -99;&#13;&#10;&#13;&#10;&#9;public GameState() {&#13;&#10;&#13;&#10;&#9;&#9;// for testing purposes&#13;&#10;&#9;&#9;// goods&#13;&#10;&#9;&#9;goods.put(Player.Good.COFFEE, 0);&#13;&#10;&#9;&#9;goods.put(Player.Good.CORN, 0);&#13;&#10;&#9;&#9;goods.put(Player.Good.INDIGO, 0);&#13;&#10;&#9;&#9;goods.put(Player.Good.SUGAR, 0);&#13;&#10;&#9;&#9;goods.put(Player.Good.TOBACCO, 0);&#13;&#10;&#13;&#10;&#9;&#9;// colonists&#13;&#10;&#13;&#10;&#9;&#9;colonistsTotal = 0;&#13;&#10;&#9;&#9;colonistsOnBoard = 0;&#13;&#10;&#9;&#9;// ships&#13;&#10;&#13;&#10;&#9;&#9;// doubloons&#13;&#10;&#9;&#9;doubloons = 0;&#13;&#10;&#9;&#9;rolesToAdd = new ArrayList&lt;String&gt;();&#13;&#10;&#9;&#9;addDoubloonToRole = new ArrayList&lt;String&gt;();&#13;&#10;&#9;&#9;victoryPoints = 50;&#13;&#10;&#9;}&#13;&#10;&#13;&#10;&#9;public GameState(List&lt;Player&gt; players) {&#13;&#10;&#13;&#10;&#9;&#9;// game start state - Min&#13;&#10;&#13;&#10;&#9;&#9;for (Player p : players) {&#13;&#10;&#9;&#9;&#9;p.setDoubloons(players.size() - 1);&#13;&#10;&#9;&#9;}&#13;&#10;&#13;&#10;&#9;&#9;// goods&#13;&#10;&#9;&#9;goods.put(Player.Good.COFFEE, 9);&#13;&#10;&#9;&#9;goods.put(Player.Good.CORN, 10);&#13;&#10;&#9;&#9;goods.put(Player.Good.INDIGO, 11);&#13;&#10;&#9;&#9;goods.put(Player.Good.SUGAR, 11);&#13;&#10;&#9;&#9;goods.put(Player.Good.TOBACCO, 9);&#13;&#10;&#13;&#10;&#9;&#9;// colonists. victory points and plantations&#13;&#10;&#9;&#9;this.players = players;&#13;&#10;&#9;&#9;numOfPlayers = players.size();&#13;&#10;&#9;&#9;colonistsOnBoard = numOfPlayers;&#13;&#10;&#13;&#10;&#9;&#9;this.players.get(0).addPlantations(new Plantation(Good.INDIGO, false));&#13;&#10;&#9;&#9;this.players.get(1).addPlantations(new Plantation(Good.INDIGO, false));&#13;&#10;&#13;&#10;&#9;&#9;if (numOfPlayers == 3) {&#13;&#10;&#9;&#9;&#9;colonistsTotal = 55;&#13;&#10;&#9;&#9;&#9;victoryPoints = 75;&#13;&#10;&#9;&#9;&#9;this.players.get(2)&#13;&#10;&#9;&#9;&#9;&#9;&#9;.addPlantations(new Plantation(Good.CORN, false));&#13;&#10;&#9;&#9;} else if (numOfPlayers == 4) {&#13;&#10;&#9;&#9;&#9;colonistsTotal = 75;&#13;&#10;&#9;&#9;&#9;victoryPoints = 100;&#13;&#10;&#9;&#9;&#9;this.players.get(2)&#13;&#10;&#9;&#9;&#9;&#9;&#9;.addPlantations(new Plantation(Good.CORN, false));&#13;&#10;&#9;&#9;&#9;this.players.get(3)&#13;&#10;&#9;&#9;&#9;&#9;&#9;.addPlantations(new Plantation(Good.CORN, false));&#13;&#10;&#13;&#10;&#9;&#9;} else if (numOfPlayers == 5) {&#13;&#10;&#9;&#9;&#9;colonistsTotal = 95;&#13;&#10;&#9;&#9;&#9;victoryPoints = 122;&#13;&#10;&#9;&#9;&#9;this.players.get(2).addPlantations(&#13;&#10;&#9;&#9;&#9;&#9;&#9;new Plantation(Good.INDIGO, false));&#13;&#10;&#9;&#9;&#9;this.players.get(3)&#13;&#10;&#9;&#9;&#9;&#9;&#9;.addPlantations(new Plantation(Good.CORN, false));&#13;&#10;&#9;&#9;&#9;this.players.get(4)&#13;&#10;&#9;&#9;&#9;&#9;&#9;.addPlantations(new Plantation(Good.CORN, false));&#13;&#10;&#9;&#9;}&#13;&#10;&#9;&#9;// ships&#13;&#10;&#13;&#10;&#9;&#9;// doubloons&#13;&#10;&#9;&#9;doubloons = 54;&#13;&#10;&#9;&#9;rolesToAdd = new ArrayList&lt;String&gt;();&#13;&#10;&#9;&#9;addDoubloonToRole = new ArrayList&lt;String&gt;();&#13;&#10;&#13;&#10;&#9;}&#13;&#10;&#13;&#10;&#9;public int getGood(String good) {&#13;&#10;&#13;&#10;&#9;&#9;return goods.get(good);&#13;&#10;&#9;}&#13;&#10;&#13;&#10;&#9;public void addGood(String good) {&#13;&#10;&#13;&#10;&#9;&#9;goods.put(good, goods.get(good) + 1);&#13;&#10;&#9;}&#13;&#10;&#13;&#10;&#9;public int getColonistsOnBoard() {&#13;&#10;&#9;&#9;//&#13;&#10;&#9;&#9;return colonistsOnBoard;&#13;&#10;&#9;}&#13;&#10;&#13;&#10;&#9;public int getColonistsTotal() {&#13;&#10;&#9;&#9;//&#13;&#10;&#9;&#9;return colonistsTotal;&#13;&#10;&#9;}&#13;&#10;&#13;&#10;&#9;public void addRolesToList(String toAdd) {&#13;&#10;&#9;&#9;rolesToAdd.add(toAdd);&#13;&#10;&#9;&#9;if (rolesToAdd.size() == 3) {&#13;&#10;&#9;&#9;&#9;List&lt;String&gt; totalRoles = Player.getRoles();&#13;&#10;&#9;&#9;&#9;for (int i = 0; i &lt; rolesToAdd.size(); i++) {&#13;&#10;&#9;&#9;&#9;&#9;totalRoles.remove(rolesToAdd.get(i));&#13;&#10;&#9;&#9;&#9;}&#13;&#10;&#9;&#9;&#9;addDoubloonToRole = rolesToAdd;&#13;&#10;&#9;&#9;&#9;rolesToAdd = new ArrayList&lt;String&gt;();&#13;&#10;&#9;&#9;}&#13;&#10;&#9;}&#13;&#10;&#13;&#10;&#9;public void addDoubloon(Player player, String role) {&#13;&#10;&#9;&#9;if (addDoubloonToRole.contains(role) &amp;&amp; addDoubloonToRole.size() &gt; 0) {&#13;&#10;&#9;&#9;&#9;player.setDoubloons(player.getDoubloons() + 1);&#13;&#10;&#9;&#9;&#9;addDoubloonToRole.remove(role);&#13;&#10;&#9;&#9;}&#13;&#10;&#9;}&#13;&#10;&#13;&#10;&#9;public void addColonistsToBoard() {&#13;&#10;&#9;&#9;/**&#13;&#10;&#9;&#9; * For each empty circle on the buildings on the player boards of all&#13;&#10;&#9;&#9; * players (empty circles on plantations and quarries do not count!),&#13;&#10;&#9;&#9; * the mayor takes one colonist from the colonist supply and places it&#13;&#10;&#9;&#9; * on the colonist ship. However, as a minimum, the mayor should always&#13;&#10;&#9;&#9; * place at least as many colonists on the ship as there are players in&#13;&#10;&#9;&#9; * the game.&#13;&#10;&#9;&#9; */&#13;&#10;&#9;&#9;int temp = 0;&#13;&#10;&#9;&#9;for (Player player : players) {&#13;&#10;&#9;&#9;&#9;for (Building b : player.getBuildings()) {&#13;&#10;&#9;&#9;&#9;&#9;temp += b.numberOfJobs - b.numberOfWorkers;&#13;&#10;&#9;&#9;&#9;}&#13;&#10;&#9;&#9;&#9;for (Plantation p : player.getPlantations()) {&#13;&#10;&#9;&#9;&#9;&#9;if (!p.hasWorker) {&#13;&#10;&#9;&#9;&#9;&#9;&#9;temp += 1;&#13;&#10;&#9;&#9;&#9;&#9;}&#13;&#10;&#9;&#9;&#9;}&#13;&#10;&#9;&#9;}&#13;&#10;&#9;&#9;if (temp &lt; numOfPlayers) {&#13;&#10;&#9;&#9;&#9;colonistsOnBoard = numOfPlayers;&#13;&#10;&#9;&#9;} else {&#13;&#10;&#9;&#9;&#9;colonistsOnBoard = temp;&#13;&#10;&#9;&#9;}&#13;&#10;&#9;}&#13;&#10;&#13;&#10;&#9;/**&#13;&#10;&#9; * &#13;&#10;&#9; * returns leftover, if 99 then that means it is an error or wrong good on&#13;&#10;&#9; * cargo&#13;&#10;&#9; * &#13;&#10;&#9; * @param shipNum&#13;&#10;&#9; * @param goodNum&#13;&#10;&#9; * @param good&#13;&#10;&#9; * @return int&#13;&#10;&#9; *&#13;&#10;&#9; */&#13;&#10;&#9;public int addGoodToCargoShip(int shipNum, int goodNum, String good) {&#13;&#10;&#9;&#9;int leftover = 0;&#13;&#10;&#9;&#9;if (shipNum == 4) {&#13;&#10;&#9;&#9;&#9;System.out.println(&quot;ship4&quot;);&#13;&#10;&#9;&#9;&#9;if (cargoship4 == 0&#13;&#10;&#9;&#9;&#9;&#9;&#9;|| (cargoship4 &lt; 4 &amp;&amp; cargoship4Good.equals(good))) {&#13;&#10;&#9;&#9;&#9;&#9;leftover = cargoship4 + goodNum - 4;&#13;&#10;&#9;&#9;&#9;&#9;if (goodNum != 0)&#13;&#10;&#9;&#9;&#9;&#9;&#9;cargoship4Good = good;&#13;&#10;&#13;&#10;&#9;&#9;&#9;&#9;if (leftover &gt; 0) {&#13;&#10;&#9;&#9;&#9;&#9;&#9;cargoship4 = 4;&#13;&#10;&#9;&#9;&#9;&#9;} else {&#13;&#10;&#9;&#9;&#9;&#9;&#9;cargoship4 += goodNum;&#13;&#10;&#9;&#9;&#9;&#9;&#9;leftover = 0;&#13;&#10;&#9;&#9;&#9;&#9;}&#13;&#10;&#13;&#10;&#9;&#9;&#9;} else {&#13;&#10;&#9;&#9;&#9;&#9;leftover = ERROR;&#13;&#10;&#9;&#9;&#9;}&#13;&#10;&#9;&#9;} else if (shipNum == 5) {&#13;&#10;&#9;&#9;&#9;System.out.println(&quot;ship5&quot;);&#13;&#10;&#9;&#9;&#9;if (cargoship5 == 0&#13;&#10;&#9;&#9;&#9;&#9;&#9;|| (cargoship5 &lt; 5 &amp;&amp; cargoship5Good.equals(good))) {&#13;&#10;&#9;&#9;&#9;&#9;leftover = cargoship5 + goodNum - 5;&#13;&#10;&#9;&#9;&#9;&#9;if (goodNum != 0)&#13;&#10;&#9;&#9;&#9;&#9;&#9;cargoship5Good = good;&#13;&#10;&#9;&#9;&#9;&#9;if (leftover &gt; 0) {&#13;&#10;&#9;&#9;&#9;&#9;&#9;cargoship5 = 5;&#13;&#10;&#9;&#9;&#9;&#9;} else {&#13;&#10;&#9;&#9;&#9;&#9;&#9;cargoship5 += goodNum;&#13;&#10;&#9;&#9;&#9;&#9;&#9;leftover = 0;&#13;&#10;&#9;&#9;&#9;&#9;}&#13;&#10;&#9;&#9;&#9;} else {&#13;&#10;&#9;&#9;&#9;&#9;leftover = ERROR;&#13;&#10;&#9;&#9;&#9;}&#13;&#10;&#13;&#10;&#9;&#9;} else if (shipNum == 6) {&#13;&#10;&#9;&#9;&#9;System.out.println(&quot;ship6&quot;);&#13;&#10;&#9;&#9;&#9;if (cargoship6 == 0&#13;&#10;&#9;&#9;&#9;&#9;&#9;|| (cargoship6 &lt; 6 &amp;&amp; cargoship6Good.equals(good))) {&#13;&#10;&#9;&#9;&#9;&#9;leftover = cargoship6 + goodNum - 6;&#13;&#10;&#9;&#9;&#9;&#9;if (goodNum != 0)&#13;&#10;&#9;&#9;&#9;&#9;&#9;cargoship6Good = good;&#13;&#10;&#9;&#9;&#9;&#9;if (leftover &gt; 0) {&#13;&#10;&#9;&#9;&#9;&#9;&#9;cargoship6 = 6;&#13;&#10;&#9;&#9;&#9;&#9;} else {&#13;&#10;&#9;&#9;&#9;&#9;&#9;cargoship6 += goodNum;&#13;&#10;&#9;&#9;&#9;&#9;&#9;leftover = 0;&#13;&#10;&#9;&#9;&#9;&#9;}&#13;&#10;&#9;&#9;&#9;} else {&#13;&#10;&#9;&#9;&#9;&#9;leftover = ERROR;&#13;&#10;&#9;&#9;&#9;}&#13;&#10;&#9;&#9;}&#13;&#10;&#9;&#9;return leftover;&#13;&#10;&#9;}&#13;&#10;&#13;&#10;&#9;public boolean isAbleToAddGood() {&#13;&#10;&#13;&#10;&#9;&#9;for (Player p : players) {&#13;&#10;&#9;&#9;&#9;if (isAbleToAddGood(p)) {&#13;&#10;&#9;&#9;&#9;&#9;return true;&#13;&#10;&#9;&#9;&#9;}&#13;&#10;&#9;&#9;}&#13;&#10;&#9;&#9;return false;&#13;&#10;&#9;}&#13;&#10;&#13;&#10;&#9;public boolean isAbleToAddGood(Player p) {&#13;&#10;&#9;&#9;List&lt;String&gt; goodStringList = p.getAllGoods();&#13;&#10;&#9;&#9;for (String good : goodStringList) {&#13;&#10;&#13;&#10;&#9;&#9;&#9;if (p.getNumberOfGood(good) &gt; 0) {&#13;&#10;&#9;&#9;&#9;&#9;for (int i = 4; i &lt;= 6; i++) {&#13;&#10;&#9;&#9;&#9;&#9;&#9;int e = addGoodToCargoShip(i, 0, good);&#13;&#10;&#9;&#9;&#9;&#9;&#9;if (e != ERROR) {&#13;&#10;&#9;&#9;&#9;&#9;&#9;&#9;return true;&#13;&#10;&#13;&#10;&#9;&#9;&#9;&#9;&#9;}&#13;&#10;&#9;&#9;&#9;&#9;}&#13;&#10;&#9;&#9;&#9;}&#13;&#10;&#9;&#9;}&#13;&#10;&#9;&#9;return false;&#13;&#10;&#9;}&#13;&#10;&#13;&#10;&#9;public boolean isGameEndState() {&#13;&#10;&#13;&#10;&#9;&#9;return isGameEndState;&#13;&#10;&#9;}&#13;&#10;&#13;&#10;&#9;public Player getWinner() {&#13;&#10;&#9;&#9;Player max = this.players.get(0);&#13;&#10;&#9;&#9;for (Player p : this.players) {&#13;&#10;&#9;&#9;&#9;if (max.getPoints() &lt;= p.getPoints()) {&#13;&#10;&#9;&#9;&#9;&#9;max = p;&#13;&#10;&#9;&#9;&#9;}&#13;&#10;&#9;&#9;}&#13;&#10;&#13;&#10;&#9;&#9;return max;&#13;&#10;&#9;}&#13;&#10;&#13;&#10;&#9;public void updateAtEndOfTurn() {&#13;&#10;&#9;&#9;addColonistsToBoard();&#13;&#10;&#13;&#10;&#9;&#9;// Must ship these&#13;&#10;&#9;&#9;if (cargoship4 == 4) {&#13;&#10;&#9;&#9;&#9;cargoship4 = 0;&#13;&#10;&#9;&#9;&#9;cargoship4Good = &quot;&quot;;&#13;&#10;&#9;&#9;}&#13;&#10;&#9;&#9;if (cargoship5 == 5) {&#13;&#10;&#9;&#9;&#9;cargoship5 = 0;&#13;&#10;&#9;&#9;&#9;cargoship5Good = &quot;&quot;;&#13;&#10;&#9;&#9;}&#13;&#10;&#9;&#9;if (cargoship6 == 6) {&#13;&#10;&#9;&#9;&#9;cargoship6 = 0;&#13;&#10;&#9;&#9;&#9;cargoship6Good = &quot;&quot;;&#13;&#10;&#9;&#9;}&#13;&#10;&#9;}&#13;&#10;&#13;&#10;}&#13;&#10;" Filename="GameState.java" Intrnl_Id="7"/>
<SrcFile Content="package csse376_puerto_rico;&#13;&#10;&#13;&#10;import java.awt.Color;&#13;&#10;import java.util.ArrayList;&#13;&#10;import java.util.Enumeration;&#13;&#10;import java.util.List;&#13;&#10;&#13;&#10;import javax.swing.AbstractButton;&#13;&#10;import javax.swing.ButtonGroup;&#13;&#10;import javax.swing.JFrame;&#13;&#10;import javax.swing.JOptionPane;&#13;&#10;import javax.swing.JTextArea;&#13;&#10;&#13;&#10;import net.miginfocom.swing.MigLayout;&#13;&#10;import csse376_puerto_rico.Buildings.Building;&#13;&#10;import csse376_puerto_rico.Player.Good;&#13;&#10;import csse376_puerto_rico.Player.Plantation;&#13;&#10;&#13;&#10;public class GameBoardGUI {&#13;&#10;&#13;&#10;&#9;private JFrame mainframe;&#13;&#10;&#9;public static List&lt;Player&gt; players;&#13;&#10;&#9;public static JTextArea msgBar;&#13;&#10;&#9;public static JTextArea gameStateInfo;&#13;&#10;&#9;// public static ArrayList&lt;JPanel&gt; playerCards;&#13;&#10;&#9;private ButtonGroup bGroup;&#13;&#10;&#9;private static int turnCount;&#13;&#10;&#9;private GameState gameState;&#13;&#10;&#13;&#10;&#9;public GameBoardGUI() {&#13;&#10;&#9;&#9;// For testing purposes.&#13;&#10;&#9;&#9;this.msgBar = new JTextArea();&#13;&#10;&#9;&#9;this.gameStateInfo = new JTextArea();&#13;&#10;&#9;&#9;this.players = new ArrayList&lt;Player&gt;();&#13;&#10;&#9;&#9;this.mainframe = new JFrame();&#13;&#10;&#9;&#9;this.gameState = new GameState();&#13;&#10;&#9;}&#13;&#10;&#13;&#10;&#9;public GameBoardGUI(JFrame frame, ButtonGroup group) {&#13;&#10;&#9;&#9;this.players = new ArrayList&lt;Player&gt;();&#13;&#10;&#9;&#9;this.mainframe = frame;&#13;&#10;&#9;&#9;this.mainframe.setTitle(&quot;Puerto Rico&quot;);&#13;&#10;&#9;&#9;this.mainframe.getContentPane().removeAll();&#13;&#10;&#9;&#9;this.mainframe.getContentPane().revalidate();&#13;&#10;&#9;&#9;this.mainframe.setBackground(Color.GREEN);&#13;&#10;&#9;&#9;MigLayout layout = new MigLayout();&#13;&#10;&#9;&#9;this.mainframe.setLayout(layout);&#13;&#10;&#9;&#9;this.bGroup = group;&#13;&#10;&#9;&#9;this.msgBar = new JTextArea();&#13;&#10;&#9;&#9;this.gameStateInfo = new JTextArea();&#13;&#10;&#13;&#10;&#9;&#9;String temp = &quot;3&quot;;&#13;&#10;&#9;&#9;for (Enumeration&lt;AbstractButton&gt; buttons = this.bGroup.getElements(); buttons&#13;&#10;&#9;&#9;&#9;&#9;.hasMoreElements();) {&#13;&#10;&#9;&#9;&#9;AbstractButton button = buttons.nextElement();&#13;&#10;&#9;&#9;&#9;if (button.isSelected()) {&#13;&#10;&#9;&#9;&#9;&#9;temp = button.getText();&#13;&#10;&#9;&#9;&#9;}&#13;&#10;&#9;&#9;}&#13;&#10;&#9;&#9;int numberPlayers = Integer.parseInt(temp);&#13;&#10;&#9;&#9;&#13;&#10;&#9;&#9;this.addPlayers(numberPlayers);&#13;&#10;&#9;}&#13;&#10;&#13;&#10;&#9;private void displayGameState() {&#13;&#10;&#9;&#9;int coffee = this.gameState.getGood(Player.Good.COFFEE);&#13;&#10;&#9;&#9;int corn = this.gameState.getGood(Player.Good.CORN);&#13;&#10;&#9;&#9;int indigo = this.gameState.getGood(Player.Good.INDIGO);&#13;&#10;&#9;&#9;int sugar = this.gameState.getGood(Player.Good.SUGAR);&#13;&#10;&#9;&#9;int tobacco = this.gameState.getGood(Player.Good.TOBACCO);&#13;&#10;&#9;&#9;int colonists = this.gameState.getColonistsOnBoard();&#13;&#10;&#9;&#9;int colonistsTotal = this.gameState.getColonistsTotal();&#13;&#10;&#13;&#10;&#9;&#9;String parsedInfo = &quot;Coffe: &quot; + coffee + &quot;    Corn: &quot; + corn&#13;&#10;&#9;&#9;&#9;&#9;+ &quot;    Indigo: &quot; + indigo + &quot;\nSugar: &quot; + sugar&#13;&#10;&#9;&#9;&#9;&#9;+ &quot;        Tobacco: &quot; + tobacco + &quot;\nColonists On Board: &quot;&#13;&#10;&#9;&#9;&#9;&#9;+ colonists + &quot;\nColonists Total: &quot; + colonistsTotal + &quot;\n&quot;&#13;&#10;&#9;&#9;&#9;&#9;+ &quot;\nCargo Ship: &quot; + (4 - this.gameState.cargoship4)&#13;&#10;&#9;&#9;&#9;&#9;+ &quot; spots for &quot; + this.gameState.cargoship4Good&#13;&#10;&#9;&#9;&#9;&#9;+ &quot;    Cargo Ship: &quot; + (5 - this.gameState.cargoship5)&#13;&#10;&#9;&#9;&#9;&#9;+ &quot; spots for &quot; + this.gameState.cargoship5Good&#13;&#10;&#9;&#9;&#9;&#9;+ &quot;    Cargo Ship: &quot; + (6 - this.gameState.cargoship6)&#13;&#10;&#9;&#9;&#9;&#9;+ &quot; spots for &quot; + this.gameState.cargoship6Good;&#13;&#10;&#9;&#9;gameStateInfo.setColumns(20);&#13;&#10;&#9;&#9;gameStateInfo.setRows(7);&#13;&#10;&#9;&#9;gameStateInfo.setText(parsedInfo);&#13;&#10;&#9;&#9;this.mainframe.add(gameStateInfo, &quot;cell 0 5, span 5&quot;);&#13;&#10;&#9;}&#13;&#10;&#13;&#10;&#9;private void updateGameStateDisplay() {&#13;&#10;&#9;&#9;int coffee = this.gameState.getGood(Player.Good.COFFEE);&#13;&#10;&#9;&#9;int corn = this.gameState.getGood(Player.Good.CORN);&#13;&#10;&#9;&#9;int indigo = this.gameState.getGood(Player.Good.INDIGO);&#13;&#10;&#9;&#9;int sugar = this.gameState.getGood(Player.Good.SUGAR);&#13;&#10;&#9;&#9;int tobacco = this.gameState.getGood(Player.Good.TOBACCO);&#13;&#10;&#9;&#9;int colonists = this.gameState.getColonistsOnBoard();&#13;&#10;&#9;&#9;int colonistsTotal = this.gameState.getColonistsTotal();&#13;&#10;&#13;&#10;&#9;&#9;String parsedInfo = &quot;Coffe: &quot; + coffee + &quot;    Corn: &quot; + corn&#13;&#10;&#9;&#9;&#9;&#9;+ &quot;    Indigo: &quot; + indigo + &quot;\nSugar: &quot; + sugar&#13;&#10;&#9;&#9;&#9;&#9;+ &quot;        Tobacco: &quot; + tobacco + &quot;\nColonists: &quot; + colonists&#13;&#10;&#9;&#9;&#9;&#9;+ &quot;\nColonists Total: &quot; + colonistsTotal + &quot;\n&quot;&#13;&#10;&#9;&#9;&#9;&#9;+ &quot;\nCargo Ship: &quot; + (4 - this.gameState.cargoship4)&#13;&#10;&#9;&#9;&#9;&#9;+ &quot; spots for &quot; + this.gameState.cargoship4Good&#13;&#10;&#9;&#9;&#9;&#9;+ &quot;    Cargo Ship: &quot; + (5 - this.gameState.cargoship5)&#13;&#10;&#9;&#9;&#9;&#9;+ &quot; spots for &quot; + this.gameState.cargoship5Good&#13;&#10;&#9;&#9;&#9;&#9;+ &quot;    Cargo Ship: &quot; + (6 - this.gameState.cargoship6)&#13;&#10;&#9;&#9;&#9;&#9;+ &quot; spots for &quot; + this.gameState.cargoship6Good;&#13;&#10;&#13;&#10;&#9;&#9;gameStateInfo.setText(parsedInfo);&#13;&#10;&#9;}&#13;&#10;&#13;&#10;&#9;private void displayMessageBar() {&#13;&#10;&#9;&#9;msgBar.setColumns(90);&#13;&#10;&#9;&#9;this.mainframe.add(msgBar, &quot;cell 0 0, span &quot; + this.players.size());&#13;&#10;&#9;}&#13;&#10;&#13;&#10;&#9;public List&lt;Player&gt; addPlayers(int numberOfPlayers) {&#13;&#10;&#9;&#9;// this.addPlayerCards(numberOfPlayers);&#13;&#10;&#9;&#9;for (int i = 0; i &lt; numberOfPlayers; i++) {&#13;&#10;&#9;&#9;&#9;Player p = new Player();&#13;&#10;&#9;&#9;&#9;if (i == 0) {&#13;&#10;&#9;&#9;&#9;&#9;p.isGovernor = true;&#13;&#10;&#9;&#9;&#9;}&#13;&#10;&#9;&#9;&#9;p.setPlayerNum(i);&#13;&#10;&#9;&#9;&#9;JTextArea jta = new JTextArea(&quot;Player &quot; + i + &quot;\nRole: &quot;&#13;&#10;&#9;&#9;&#9;&#9;&#9;+ &quot;\nScore: &quot; + p.getPoints() + &quot;\nBuildings:&quot;&#13;&#10;&#9;&#9;&#9;&#9;&#9;+ p.getBuildingsStringList() + &quot;\nPlantations:\n&quot;);&#13;&#10;&#9;&#9;&#9;jta.setRows(15);&#13;&#10;&#9;&#9;&#9;jta.setColumns(15);&#13;&#10;&#9;&#9;&#9;p.setHUD(jta);&#13;&#10;&#9;&#9;&#9;this.players.add(p);&#13;&#10;&#9;&#9;&#9;this.mainframe.add(jta, &quot;cell &quot; + i + &quot; 1&quot;);&#13;&#10;&#9;&#9;&#9;p.updatePlayerInfo();&#13;&#10;&#13;&#10;&#9;&#9;}&#13;&#10;&#9;&#9;this.gameState = new GameState(this.players);&#13;&#10;&#13;&#10;&#9;&#9;displayGameState();&#13;&#10;&#9;&#9;displayMessageBar();&#13;&#10;&#9;&#9;updateRoles();&#13;&#10;&#13;&#10;&#9;&#9;return this.players;&#13;&#10;&#9;}&#13;&#10;&#13;&#10;&#9;public List&lt;Player&gt; getPlayers() {&#13;&#10;&#9;&#9;return this.players;&#13;&#10;&#9;}&#13;&#10;&#13;&#10;&#9;public static int getTurnCount() {&#13;&#10;&#9;&#9;return turnCount;&#13;&#10;&#9;}&#13;&#10;&#13;&#10;&#13;&#10;&#13;&#10;&#9;public void updateRoles() {&#13;&#10;&#13;&#10;&#9;&#9;Object[] options = Player.getRoles().toArray();&#13;&#10;&#9;&#9;while (!checkEndGame()) {&#13;&#10;&#9;&#9;&#9;options = Player.getRoles().toArray();&#13;&#10;&#9;&#9;&#9;for (int i = 0; i &lt; this.players.size(); i++) {&#13;&#10;&#9;&#9;&#9;&#9;Player player = this.players.get(i);&#13;&#10;&#9;&#9;&#9;&#9;// DONE: Min, make player not able to choose role already chosen&#13;&#10;&#9;&#9;&#9;&#9;// for this turn.&#13;&#10;&#9;&#9;&#9;&#9;int n = JOptionPane.showOptionDialog(this.mainframe,&#13;&#10;&#9;&#9;&#9;&#9;&#9;&#9;&quot;Choose your role!&quot;, &quot;Player &quot; + i,&#13;&#10;&#9;&#9;&#9;&#9;&#9;&#9;JOptionPane.YES_NO_CANCEL_OPTION,&#13;&#10;&#9;&#9;&#9;&#9;&#9;&#9;JOptionPane.QUESTION_MESSAGE, null, options,&#13;&#10;&#9;&#9;&#9;&#9;&#9;&#9;options[options.length - 1]);&#13;&#10;&#9;&#9;&#9;&#9;// in this block of code I had to convert the lists of&#13;&#10;&#9;&#9;&#9;&#9;// buildings,plantations into Strings&#13;&#10;&#13;&#10;&#9;&#9;&#9;&#9;String role = (String) options[n];&#13;&#10;&#13;&#10;&#9;&#9;&#9;&#9;// Every start of the role each player gets an extra doubloon.&#13;&#10;&#9;&#9;&#9;&#9;player.setDoubloons(player.getDoubloons() + 1);&#13;&#10;&#9;&#9;&#9;&#9;gameState.doubloons--;&#13;&#10;&#13;&#10;&#9;&#9;&#9;&#9;player.setRole(role);&#13;&#10;&#13;&#10;&#9;&#9;&#9;&#9;player.updatePlayerInfo();&#13;&#10;&#13;&#10;&#9;&#9;&#9;&#9;playRole(i);&#13;&#10;&#13;&#10;&#9;&#9;&#9;&#9;// update&#13;&#10;&#9;&#9;&#9;&#9;this.gameState.updateAtEndOfTurn();&#13;&#10;&#13;&#10;&#9;&#9;&#9;&#9;// removing selected&#13;&#10;&#9;&#9;&#9;&#9;List&lt;Object&gt; temp = new ArrayList&lt;Object&gt;();&#13;&#10;&#9;&#9;&#9;&#9;for (int j = 0; j &lt; options.length; j++) {&#13;&#10;&#9;&#9;&#9;&#9;&#9;if (j != n) {&#13;&#10;&#9;&#9;&#9;&#9;&#9;&#9;temp.add(options[j]);&#13;&#10;&#9;&#9;&#9;&#9;&#9;}&#13;&#10;&#9;&#9;&#9;&#9;}&#13;&#10;&#9;&#9;&#9;&#9;options = temp.toArray();&#13;&#10;&#9;&#9;&#9;}&#13;&#10;&#13;&#10;&#9;&#9;}&#13;&#10;&#9;&#9;updateMsgBar(&quot;Winner is Player : &quot;&#13;&#10;&#9;&#9;&#9;&#9;+ this.gameState.getWinner().getPlayerNum());&#13;&#10;&#13;&#10;&#9;}&#13;&#10;&#13;&#10;&#9;public boolean checkEndGame() {&#13;&#10;&#9;&#9;// checks the end of the game, default to true for testing, otherwise&#13;&#10;&#9;&#9;// false&#13;&#10;&#9;&#9;return gameState.isGameEndState();&#13;&#10;&#9;}&#13;&#10;&#13;&#10;&#9;public void updateMsgBar(String msg) {&#13;&#10;&#9;&#9;this.msgBar.setText(msg);&#13;&#10;&#9;}&#13;&#10;&#13;&#10;&#9;public void playRole(int roleNum) {&#13;&#10;&#9;&#9;//&#13;&#10;&#9;&#9;Player player = players.get(roleNum);&#13;&#10;&#9;&#9;String role = player.getRole();&#13;&#10;&#13;&#10;&#9;&#9;if (role.equals(PlayerRoles.Mayor)) {&#13;&#10;&#9;&#9;&#9;int colonists = gameState.getColonistsOnBoard();&#13;&#10;&#9;&#9;&#9;gameState.colonistsTotal = gameState.colonistsTotal - colonists;&#13;&#10;&#13;&#10;&#9;&#9;&#9;while (colonists &gt; 0) {&#13;&#10;&#13;&#10;&#9;&#9;&#9;&#9;player = players.get(roleNum);&#13;&#10;&#13;&#10;&#9;&#9;&#9;&#9;Object[] options = { &quot;Building&quot;, &quot;Plantation&quot;, &quot;Do Nothing&quot; };&#13;&#10;&#9;&#9;&#9;&#9;boolean selected = false;&#13;&#10;&#9;&#9;&#9;&#9;while (!selected) {&#13;&#10;&#9;&#9;&#9;&#9;&#9;int n = JOptionPane&#13;&#10;&#9;&#9;&#9;&#9;&#9;&#9;&#9;.showOptionDialog(&#13;&#10;&#9;&#9;&#9;&#9;&#9;&#9;&#9;&#9;&#9;this.mainframe,&#13;&#10;&#9;&#9;&#9;&#9;&#9;&#9;&#9;&#9;&#9;&quot;Give the colonosists a job! \nChoose a structure.&quot;,&#13;&#10;&#9;&#9;&#9;&#9;&#9;&#9;&#9;&#9;&#9;&quot;Player &quot; + roleNum,&#13;&#10;&#9;&#9;&#9;&#9;&#9;&#9;&#9;&#9;&#9;JOptionPane.YES_NO_CANCEL_OPTION,&#13;&#10;&#9;&#9;&#9;&#9;&#9;&#9;&#9;&#9;&#9;JOptionPane.QUESTION_MESSAGE, null,&#13;&#10;&#9;&#9;&#9;&#9;&#9;&#9;&#9;&#9;&#9;options, options[options.length - 1]);&#13;&#10;&#9;&#9;&#9;&#9;&#9;if (n == 0) {&#13;&#10;&#9;&#9;&#9;&#9;&#9;&#9;ArrayList&lt;String&gt; pBuildingsNames = (ArrayList&lt;String&gt;) player&#13;&#10;&#9;&#9;&#9;&#9;&#9;&#9;&#9;&#9;.getBuildingsStringList().clone();&#13;&#10;&#9;&#9;&#9;&#9;&#9;&#9;pBuildingsNames.add(&quot;Go Back&quot;);&#13;&#10;&#9;&#9;&#9;&#9;&#9;&#9;Object[] temp = pBuildingsNames.toArray();&#13;&#10;&#13;&#10;&#9;&#9;&#9;&#9;&#9;&#9;int buildingNum = JOptionPane&#13;&#10;&#9;&#9;&#9;&#9;&#9;&#9;&#9;&#9;.showOptionDialog(&#13;&#10;&#9;&#9;&#9;&#9;&#9;&#9;&#9;&#9;&#9;&#9;this.mainframe,&#13;&#10;&#9;&#9;&#9;&#9;&#9;&#9;&#9;&#9;&#9;&#9;&quot;Give the colonosists a job! \nChoose a building&quot;,&#13;&#10;&#9;&#9;&#9;&#9;&#9;&#9;&#9;&#9;&#9;&#9;&quot;Player &quot; + (roleNum),&#13;&#10;&#9;&#9;&#9;&#9;&#9;&#9;&#9;&#9;&#9;&#9;JOptionPane.YES_NO_CANCEL_OPTION,&#13;&#10;&#9;&#9;&#9;&#9;&#9;&#9;&#9;&#9;&#9;&#9;JOptionPane.QUESTION_MESSAGE, null,&#13;&#10;&#9;&#9;&#9;&#9;&#9;&#9;&#9;&#9;&#9;&#9;temp, null);&#13;&#10;&#9;&#9;&#9;&#9;&#9;&#9;if (buildingNum != temp.length - 1) {&#13;&#10;&#9;&#9;&#9;&#9;&#9;&#9;&#9;Building playerB = player.getBuildings().get(&#13;&#10;&#9;&#9;&#9;&#9;&#9;&#9;&#9;&#9;&#9;buildingNum);&#13;&#10;&#9;&#9;&#9;&#9;&#9;&#9;&#9;if (playerB.numberOfJobs &gt; playerB.numberOfWorkers) {&#13;&#10;&#9;&#9;&#9;&#9;&#9;&#9;&#9;&#9;player.getBuildings().get(buildingNum).numberOfWorkers++;&#13;&#10;&#9;&#9;&#9;&#9;&#9;&#9;&#9;&#9;selected = true;&#13;&#10;&#9;&#9;&#9;&#9;&#9;&#9;&#9;&#9;updateMsgBar(&quot;Player &quot; + roleNum&#13;&#10;&#9;&#9;&#9;&#9;&#9;&#9;&#9;&#9;&#9;&#9;+ &quot; added worker to building &quot;&#13;&#10;&#9;&#9;&#9;&#9;&#9;&#9;&#9;&#9;&#9;&#9;+ playerB.name);&#13;&#10;&#9;&#9;&#9;&#9;&#9;&#9;&#9;} else {&#13;&#10;&#9;&#9;&#9;&#9;&#9;&#9;&#9;&#9;updateMsgBar(&quot;Building &quot; + playerB.name&#13;&#10;&#9;&#9;&#9;&#9;&#9;&#9;&#9;&#9;&#9;&#9;+ &quot; is already full of workers.&quot;);&#13;&#10;&#9;&#9;&#9;&#9;&#9;&#9;&#9;}&#13;&#10;&#9;&#9;&#9;&#9;&#9;&#9;} else {&#13;&#10;&#13;&#10;&#9;&#9;&#9;&#9;&#9;&#9;&#9;updateMsgBar(&quot;Player &quot; + roleNum&#13;&#10;&#9;&#9;&#9;&#9;&#9;&#9;&#9;&#9;&#9;+ &quot; has no buildings&quot;);&#13;&#10;&#9;&#9;&#9;&#9;&#9;&#9;&#9;selected = false;&#13;&#10;&#9;&#9;&#9;&#9;&#9;&#9;}&#13;&#10;&#13;&#10;&#9;&#9;&#9;&#9;&#9;} else if (n == 1) {&#13;&#10;&#9;&#9;&#9;&#9;&#9;&#9;ArrayList&lt;String&gt; pPlantations = (ArrayList&lt;String&gt;) player&#13;&#10;&#9;&#9;&#9;&#9;&#9;&#9;&#9;&#9;.getPlantationsStringList().clone();&#13;&#10;&#9;&#9;&#9;&#9;&#9;&#9;pPlantations.add(&quot;Go Back&quot;);&#13;&#10;&#9;&#9;&#9;&#9;&#9;&#9;Object[] temp = pPlantations.toArray();&#13;&#10;&#13;&#10;&#9;&#9;&#9;&#9;&#9;&#9;int plantationNum = JOptionPane&#13;&#10;&#9;&#9;&#9;&#9;&#9;&#9;&#9;&#9;.showOptionDialog(&#13;&#10;&#9;&#9;&#9;&#9;&#9;&#9;&#9;&#9;&#9;&#9;this.mainframe,&#13;&#10;&#9;&#9;&#9;&#9;&#9;&#9;&#9;&#9;&#9;&#9;&quot;Give the colonosists a job! \nChoose a plantation&quot;,&#13;&#10;&#9;&#9;&#9;&#9;&#9;&#9;&#9;&#9;&#9;&#9;&quot;Player &quot; + (roleNum),&#13;&#10;&#9;&#9;&#9;&#9;&#9;&#9;&#9;&#9;&#9;&#9;JOptionPane.YES_NO_CANCEL_OPTION,&#13;&#10;&#9;&#9;&#9;&#9;&#9;&#9;&#9;&#9;&#9;&#9;JOptionPane.QUESTION_MESSAGE, null,&#13;&#10;&#9;&#9;&#9;&#9;&#9;&#9;&#9;&#9;&#9;&#9;temp, null);&#13;&#10;&#9;&#9;&#9;&#9;&#9;&#9;if (plantationNum != temp.length - 1) {&#13;&#10;&#9;&#9;&#9;&#9;&#9;&#9;&#9;Plantation pPlantation = player.getPlantations()&#13;&#10;&#9;&#9;&#9;&#9;&#9;&#9;&#9;&#9;&#9;.get(plantationNum);&#13;&#10;&#9;&#9;&#9;&#9;&#9;&#9;&#9;if (pPlantation.hasWorker) {&#13;&#10;&#9;&#9;&#9;&#9;&#9;&#9;&#9;&#9;updateMsgBar(&quot;Plantation already has a worker.&quot;);&#13;&#10;&#9;&#9;&#9;&#9;&#9;&#9;&#9;} else {&#13;&#10;&#9;&#9;&#9;&#9;&#9;&#9;&#9;&#9;pPlantation.hasWorker = true;&#13;&#10;&#9;&#9;&#9;&#9;&#9;&#9;&#9;&#9;selected = true;&#13;&#10;&#9;&#9;&#9;&#9;&#9;&#9;&#9;&#9;updateMsgBar(&quot;Player &quot; + roleNum&#13;&#10;&#9;&#9;&#9;&#9;&#9;&#9;&#9;&#9;&#9;&#9;+ &quot; added worker to plantation&quot;);&#13;&#10;&#9;&#9;&#9;&#9;&#9;&#9;&#9;}&#13;&#10;&#9;&#9;&#9;&#9;&#9;&#9;} else {&#13;&#10;&#13;&#10;&#9;&#9;&#9;&#9;&#9;&#9;&#9;updateMsgBar(&quot;Player &quot; + roleNum&#13;&#10;&#9;&#9;&#9;&#9;&#9;&#9;&#9;&#9;&#9;+ &quot; has no plantions&quot;);&#13;&#10;&#9;&#9;&#9;&#9;&#9;&#9;&#9;selected = false;&#13;&#10;&#9;&#9;&#9;&#9;&#9;&#9;}&#13;&#10;&#9;&#9;&#9;&#9;&#9;} else {&#13;&#10;&#9;&#9;&#9;&#9;&#9;&#9;// Do nothing&#13;&#10;&#9;&#9;&#9;&#9;&#9;&#9;selected = true;&#13;&#10;&#9;&#9;&#9;&#9;&#9;}&#13;&#10;&#13;&#10;&#9;&#9;&#9;&#9;&#9;player.updatePlayerInfo();&#13;&#10;&#9;&#9;&#9;&#9;}&#13;&#10;&#9;&#9;&#9;&#9;roleNum = (roleNum + 1) % players.size();&#13;&#10;&#9;&#9;&#9;&#9;colonists--;&#13;&#10;&#13;&#10;&#9;&#9;&#9;}&#13;&#10;&#9;&#9;} else if (role.equals(PlayerRoles.Builder)) {&#13;&#10;&#9;&#9;&#9;player.setDoubloons(player.getDoubloons() + 1);&#13;&#10;&#9;&#9;&#9;Buildings b = new Buildings();&#13;&#10;&#13;&#10;&#9;&#9;&#9;for (int i = 0; i &lt; players.size(); i++) {&#13;&#10;&#9;&#9;&#9;&#9;player = players.get(roleNum);&#13;&#10;&#9;&#9;&#9;&#9;System.out.println(roleNum);&#13;&#10;&#13;&#10;&#9;&#9;&#9;&#9;ArrayList&lt;Building&gt; bs = b.getBuildings();&#13;&#10;&#9;&#9;&#9;&#9;ArrayList&lt;String&gt; bNames = new ArrayList&lt;String&gt;();&#13;&#10;&#9;&#9;&#9;&#9;for (Building building : bs) {&#13;&#10;&#9;&#9;&#9;&#9;&#9;if (building.cost &lt;= player.getDoubloons()) {&#13;&#10;&#9;&#9;&#9;&#9;&#9;&#9;bNames.add(building.name);&#13;&#10;&#9;&#9;&#9;&#9;&#9;}&#13;&#10;&#9;&#9;&#9;&#9;}&#13;&#10;&#9;&#9;&#9;&#9;bNames.add(&quot;Nothing&quot;);&#13;&#10;&#9;&#9;&#9;&#9;Object[] options = bNames.toArray();&#13;&#10;&#13;&#10;&#9;&#9;&#9;&#9;// player = player.next at the end&#13;&#10;&#9;&#9;&#9;&#9;int n = JOptionPane.showOptionDialog(this.mainframe,&#13;&#10;&#9;&#9;&#9;&#9;&#9;&#9;&quot;Choose a building to build!&quot;, &quot;Player &quot; + (roleNum),&#13;&#10;&#9;&#9;&#9;&#9;&#9;&#9;JOptionPane.YES_NO_CANCEL_OPTION,&#13;&#10;&#9;&#9;&#9;&#9;&#9;&#9;JOptionPane.QUESTION_MESSAGE, null, options,&#13;&#10;&#9;&#9;&#9;&#9;&#9;&#9;options[options.length - 1]);&#13;&#10;&#9;&#9;&#9;&#9;if (n != bNames.size() - 1) {&#13;&#10;&#9;&#9;&#9;&#9;&#9;player.addBuilding(new Building(bNames.get(n)));&#13;&#10;&#9;&#9;&#9;&#9;&#9;if (player.ownsOccupiedBuilding(&quot;University&quot;)) {&#13;&#10;&#9;&#9;&#9;&#9;&#9;&#9;player.getBuilding(&quot;University&quot;).numberOfWorkers++;&#13;&#10;&#9;&#9;&#9;&#9;&#9;&#9;this.gameState.colonistsTotal--;&#13;&#10;&#9;&#9;&#9;&#9;&#9;}&#13;&#10;&#9;&#9;&#9;&#9;&#9;if (player.getBuildings().size() &gt;= 12) {&#13;&#10;&#9;&#9;&#9;&#9;&#9;&#9;this.gameState.isGameEndState = true;&#13;&#10;&#9;&#9;&#9;&#9;&#9;}&#13;&#10;&#9;&#9;&#9;&#9;}&#13;&#10;&#9;&#9;&#9;&#9;// Adds +1 to the player's doubloons if the role was not used in&#13;&#10;&#9;&#9;&#9;&#9;// previous 3 turns&#13;&#10;&#9;&#9;&#9;&#9;player.updatePlayerInfo();&#13;&#10;&#9;&#9;&#9;&#9;roleNum = (roleNum + 1) % players.size();&#13;&#10;&#13;&#10;&#9;&#9;&#9;}&#13;&#10;&#9;&#9;} else if (role.equals(PlayerRoles.Settler)) {&#13;&#10;&#9;&#9;&#9;// DONE: kurian&#13;&#10;&#9;&#9;&#9;List&lt;String&gt; plantationNames = player.getAllGoods();&#13;&#10;&#9;&#9;&#9;plantationNames.add(&quot;Nothing&quot;);&#13;&#10;&#9;&#9;&#9;Object[] options = plantationNames.toArray();&#13;&#10;&#9;&#9;&#9;// Settler picks one more plantation&#13;&#10;&#9;&#9;&#9;for (int i = 0; i &lt;= players.size(); i++) {&#13;&#10;&#13;&#10;&#9;&#9;&#9;&#9;player = players.get(roleNum);&#13;&#10;&#13;&#10;&#9;&#9;&#9;&#9;if (player.ownsOccupiedBuilding(&quot;Construction Hut&quot;)) {&#13;&#10;&#9;&#9;&#9;&#9;&#9;// give option to place quarry, but if chooses quarry, you&#13;&#10;&#9;&#9;&#9;&#9;&#9;// can't get plantation&#13;&#10;&#9;&#9;&#9;&#9;}&#13;&#10;&#13;&#10;&#9;&#9;&#9;&#9;if (player.ownsOccupiedBuilding(&quot;Hacienda&quot;)) {&#13;&#10;&#9;&#9;&#9;&#9;&#9;// give option to add another plantion here!!&#13;&#10;&#9;&#9;&#9;&#9;}&#13;&#10;&#9;&#9;&#9;&#9;// player = player.next at the end&#13;&#10;&#9;&#9;&#9;&#9;int n = JOptionPane.showOptionDialog(this.mainframe,&#13;&#10;&#9;&#9;&#9;&#9;&#9;&#9;&quot;Choose a Good to harvest!&quot;, &quot;Player &quot; + (roleNum),&#13;&#10;&#9;&#9;&#9;&#9;&#9;&#9;JOptionPane.YES_NO_CANCEL_OPTION,&#13;&#10;&#9;&#9;&#9;&#9;&#9;&#9;JOptionPane.QUESTION_MESSAGE, null, options,&#13;&#10;&#9;&#9;&#9;&#9;&#9;&#9;options[options.length - 1]);&#13;&#10;&#9;&#9;&#9;&#9;System.out.println(plantationNames.get(n));&#13;&#10;&#9;&#9;&#9;&#9;if (n != plantationNames.size() - 1) {&#13;&#10;&#9;&#9;&#9;&#9;&#9;player.addPlantations(new Plantation(&#13;&#10;&#9;&#9;&#9;&#9;&#9;&#9;&#9;plantationNames.get(n), false));&#13;&#10;&#9;&#9;&#9;&#9;&#9;updateMsgBar(&quot;Player &quot; + roleNum + &quot; added plantation&quot;&#13;&#10;&#9;&#9;&#9;&#9;&#9;&#9;&#9;+ plantationNames.get(n));&#13;&#10;&#9;&#9;&#9;&#9;}&#13;&#10;&#9;&#9;&#9;&#9;if (player.ownsOccupiedBuilding(&quot;Hospice&quot;)) {&#13;&#10;&#9;&#9;&#9;&#9;&#9;// give option to take colonist form supply and put it here&#13;&#10;&#9;&#9;&#9;&#9;&#9;Object[] yesNo = { &quot;Yes&quot;, &quot;No&quot; };&#13;&#10;&#9;&#9;&#9;&#9;&#9;int answ = JOptionPane&#13;&#10;&#9;&#9;&#9;&#9;&#9;&#9;&#9;.showOptionDialog(&#13;&#10;&#9;&#9;&#9;&#9;&#9;&#9;&#9;&#9;&#9;this.mainframe,&#13;&#10;&#9;&#9;&#9;&#9;&#9;&#9;&#9;&#9;&#9;&quot;Would you like to place a colonist at your Hospice?&quot;,&#13;&#10;&#9;&#9;&#9;&#9;&#9;&#9;&#9;&#9;&#9;&quot;Player &quot; + (roleNum),&#13;&#10;&#9;&#9;&#9;&#9;&#9;&#9;&#9;&#9;&#9;JOptionPane.YES_NO_CANCEL_OPTION,&#13;&#10;&#9;&#9;&#9;&#9;&#9;&#9;&#9;&#9;&#9;JOptionPane.QUESTION_MESSAGE, null, yesNo,&#13;&#10;&#9;&#9;&#9;&#9;&#9;&#9;&#9;&#9;&#9;yesNo[yesNo.length - 1]);&#13;&#10;&#9;&#9;&#9;&#9;&#9;if (answ == 1) {&#13;&#10;&#9;&#9;&#9;&#9;&#9;&#9;player.getBuilding(&quot;Hospice&quot;).numberOfWorkers++;&#13;&#10;&#9;&#9;&#9;&#9;&#9;&#9;this.gameState.colonistsTotal--;&#13;&#10;&#9;&#9;&#9;&#9;&#9;}&#13;&#10;&#13;&#10;&#9;&#9;&#9;&#9;}&#13;&#10;&#9;&#9;&#9;&#9;// Adds +1 to the player's doubloons if the role was not used in&#13;&#10;&#9;&#9;&#9;&#9;// previous 3 turns&#13;&#10;&#9;&#9;&#9;&#9;player.updatePlayerInfo();&#13;&#10;&#9;&#9;&#9;&#9;roleNum = (roleNum + 1) % players.size();&#13;&#10;&#9;&#9;&#9;}&#13;&#10;&#9;&#9;} else if (role.equals(PlayerRoles.Craftsman)) {&#13;&#10;&#9;&#9;&#9;// DONE: kurian&#13;&#10;&#9;&#9;&#9;for (int i = 0; i &lt; players.size(); i++) {&#13;&#10;&#13;&#10;&#9;&#9;&#9;&#9;player = players.get(roleNum);&#13;&#10;&#9;&#9;&#9;&#9;player.checkPlantation();&#13;&#10;&#13;&#10;&#9;&#9;&#9;&#9;// factory addition&#13;&#10;&#9;&#9;&#9;&#9;if (player.ownsOccupiedBuilding(&quot;Factory&quot;)) {&#13;&#10;&#9;&#9;&#9;&#9;&#9;if (player.getPlantations().size() == 2) {&#13;&#10;&#9;&#9;&#9;&#9;&#9;&#9;player.setDoubloons(player.getDoubloons() + 1);&#13;&#10;&#9;&#9;&#9;&#9;&#9;} else if (player.getPlantations().size() == 3) {&#13;&#10;&#9;&#9;&#9;&#9;&#9;&#9;player.setDoubloons(player.getDoubloons() + 2);&#13;&#10;&#9;&#9;&#9;&#9;&#9;} else if (player.getPlantations().size() == 4) {&#13;&#10;&#9;&#9;&#9;&#9;&#9;&#9;player.setDoubloons(player.getDoubloons() + 3);&#13;&#10;&#9;&#9;&#9;&#9;&#9;} else if (player.getPlantations().size() == 5) {&#13;&#10;&#9;&#9;&#9;&#9;&#9;&#9;player.setDoubloons(player.getDoubloons() + 5);&#13;&#10;&#9;&#9;&#9;&#9;&#9;}&#13;&#10;&#9;&#9;&#9;&#9;}&#13;&#10;&#13;&#10;&#9;&#9;&#9;&#9;player.updatePlayerInfo();&#13;&#10;&#9;&#9;&#9;&#9;roleNum = (roleNum + 1) % players.size();&#13;&#10;&#13;&#10;&#9;&#9;&#9;}&#13;&#10;&#13;&#10;&#9;&#9;} else if (role.equals(PlayerRoles.Trader)) {&#13;&#10;&#9;&#9;&#9;//&#13;&#10;&#9;&#9;&#9;for (int i = 0; i &lt; players.size(); i++) {&#13;&#10;&#13;&#10;&#9;&#9;&#9;&#9;player = players.get(roleNum);&#13;&#10;&#13;&#10;&#9;&#9;&#9;&#9;// small market additions&#13;&#10;&#9;&#9;&#9;&#9;if (player.ownsOccupiedBuilding(&quot;Small Market&quot;)) {&#13;&#10;&#9;&#9;&#9;&#9;&#9;player.setDoubloons(player.getDoubloons() + 1);&#13;&#10;&#9;&#9;&#9;&#9;}&#13;&#10;&#13;&#10;&#9;&#9;&#9;&#9;// large market additions&#13;&#10;&#9;&#9;&#9;&#9;if (player.ownsOccupiedBuilding(&quot;Large Market&quot;)) {&#13;&#10;&#9;&#9;&#9;&#9;&#9;player.setDoubloons(player.getDoubloons() + 2);&#13;&#10;&#9;&#9;&#9;&#9;}&#13;&#10;&#13;&#10;&#9;&#9;&#9;&#9;if (player.ownsOccupiedBuilding(&quot;Office&quot;)) {&#13;&#10;&#9;&#9;&#9;&#9;&#9;// player can sell same kind of good to the trading house??&#13;&#10;&#9;&#9;&#9;&#9;}&#13;&#10;&#9;&#9;&#9;&#9;ArrayList&lt;String&gt; goodList = new ArrayList&lt;String&gt;();&#13;&#10;&#9;&#9;&#9;&#9;for (String s : player.getAllGoods()) {&#13;&#10;&#9;&#9;&#9;&#9;&#9;int n = player.getNumberOfGood(s);&#13;&#10;&#9;&#9;&#9;&#9;&#9;if (n &gt; 0) {&#13;&#10;&#9;&#9;&#9;&#9;&#9;&#9;goodList.add(s);&#13;&#10;&#9;&#9;&#9;&#9;&#9;}&#13;&#10;&#9;&#9;&#9;&#9;}&#13;&#10;&#9;&#9;&#9;&#9;goodList.add(&quot;Nothing&quot;);&#13;&#10;&#9;&#9;&#9;&#9;Object[] options = goodList.toArray();&#13;&#10;&#13;&#10;&#9;&#9;&#9;&#9;int n = JOptionPane.showOptionDialog(this.mainframe,&#13;&#10;&#9;&#9;&#9;&#9;&#9;&#9;&quot;Choose a Good to trade!&quot;, &quot;Player &quot; + (roleNum),&#13;&#10;&#9;&#9;&#9;&#9;&#9;&#9;JOptionPane.YES_NO_CANCEL_OPTION,&#13;&#10;&#9;&#9;&#9;&#9;&#9;&#9;JOptionPane.QUESTION_MESSAGE, null, options,&#13;&#10;&#9;&#9;&#9;&#9;&#9;&#9;options[options.length - 1]);&#13;&#10;&#9;&#9;&#9;&#9;if (n != goodList.size() - 1) {&#13;&#10;&#9;&#9;&#9;&#9;&#9;if (goodList.get(n).equals(Good.COFFEE)) {&#13;&#10;&#9;&#9;&#9;&#9;&#9;&#9;player.setDoubloons(player.getDoubloons() + 4);&#13;&#10;&#9;&#9;&#9;&#9;&#9;&#9;player.sellGood(Good.COFFEE, 1);&#13;&#10;&#9;&#9;&#9;&#9;&#9;} else if (goodList.get(n).equals(Good.CORN)) {&#13;&#10;&#9;&#9;&#9;&#9;&#9;&#9;player.sellGood(Good.CORN, 1);&#13;&#10;&#9;&#9;&#9;&#9;&#9;} else if (goodList.get(n).equals(Good.INDIGO)) {&#13;&#10;&#9;&#9;&#9;&#9;&#9;&#9;player.setDoubloons(player.getDoubloons() + 1);&#13;&#10;&#9;&#9;&#9;&#9;&#9;&#9;player.sellGood(Good.INDIGO, 1);&#13;&#10;&#9;&#9;&#9;&#9;&#9;} else if (goodList.get(n).equals(Good.SUGAR)) {&#13;&#10;&#9;&#9;&#9;&#9;&#9;&#9;player.setDoubloons(player.getDoubloons() + 2);&#13;&#10;&#9;&#9;&#9;&#9;&#9;&#9;player.sellGood(Good.SUGAR, 1);&#13;&#10;&#9;&#9;&#9;&#9;&#9;} else if (goodList.get(n).equals(Good.TOBACCO)) {&#13;&#10;&#9;&#9;&#9;&#9;&#9;&#9;player.setDoubloons(player.getDoubloons() + 3);&#13;&#10;&#9;&#9;&#9;&#9;&#9;&#9;player.sellGood(Good.TOBACCO, 1);&#13;&#10;&#9;&#9;&#9;&#9;&#9;}&#13;&#10;&#9;&#9;&#9;&#9;}&#13;&#10;&#9;&#9;&#9;&#9;// Adds +1 to the player's doubloons if the role was not used in&#13;&#10;&#9;&#9;&#9;&#9;// previous 3 turns&#13;&#10;&#9;&#9;&#9;&#9;player.updatePlayerInfo();&#13;&#10;&#9;&#9;&#9;&#9;roleNum = (roleNum + 1) % players.size();&#13;&#10;&#13;&#10;&#9;&#9;&#9;}&#13;&#10;&#9;&#9;} else if (role.equals(PlayerRoles.Captain)) {&#13;&#10;&#13;&#10;&#9;&#9;&#9;while (gameState.isAbleToAddGood()) {&#13;&#10;&#9;&#9;&#9;&#9;player = players.get(roleNum);&#13;&#10;&#9;&#9;&#9;&#9;if (gameState.isAbleToAddGood(player)) {&#13;&#10;&#9;&#9;&#9;&#9;&#9;ArrayList&lt;String&gt; goodList = new ArrayList&lt;String&gt;();&#13;&#10;&#9;&#9;&#9;&#9;&#9;for (String s : player.getAllGoods()) {&#13;&#10;&#9;&#9;&#9;&#9;&#9;&#9;int n = player.getNumberOfGood(s);&#13;&#10;&#9;&#9;&#9;&#9;&#9;&#9;if (n &gt; 0) {&#13;&#10;&#9;&#9;&#9;&#9;&#9;&#9;&#9;goodList.add(s);&#13;&#10;&#9;&#9;&#9;&#9;&#9;&#9;}&#13;&#10;&#9;&#9;&#9;&#9;&#9;}&#13;&#10;&#13;&#10;&#9;&#9;&#9;&#9;&#9;Object[] options = goodList.toArray();&#13;&#10;&#13;&#10;&#9;&#9;&#9;&#9;&#9;int good = JOptionPane.showOptionDialog(this.mainframe,&#13;&#10;&#9;&#9;&#9;&#9;&#9;&#9;&#9;&quot;Choose a good to ship!&quot;, &quot;Player &quot; + (roleNum),&#13;&#10;&#9;&#9;&#9;&#9;&#9;&#9;&#9;JOptionPane.YES_NO_CANCEL_OPTION,&#13;&#10;&#9;&#9;&#9;&#9;&#9;&#9;&#9;JOptionPane.QUESTION_MESSAGE, null, options,&#13;&#10;&#9;&#9;&#9;&#9;&#9;&#9;&#9;options[options.length - 1]);&#13;&#10;&#13;&#10;&#9;&#9;&#9;&#9;&#9;Object[] shipOptions = new Object[3];&#13;&#10;&#9;&#9;&#9;&#9;&#9;shipOptions[0] = 4;&#13;&#10;&#9;&#9;&#9;&#9;&#9;shipOptions[1] = 5;&#13;&#10;&#9;&#9;&#9;&#9;&#9;shipOptions[2] = 6;&#13;&#10;&#9;&#9;&#9;&#9;&#9;boolean selected = false;&#13;&#10;&#9;&#9;&#9;&#9;&#9;while (!selected) {&#13;&#10;&#9;&#9;&#9;&#9;&#9;&#9;System.out.println(&quot;selecting ship&quot;);&#13;&#10;&#9;&#9;&#9;&#9;&#9;&#9;int ship = JOptionPane.showOptionDialog(this.mainframe,&#13;&#10;&#9;&#9;&#9;&#9;&#9;&#9;&#9;&#9;&quot;Choose a cargo ship to put good!&quot;, &quot;Player &quot;&#13;&#10;&#9;&#9;&#9;&#9;&#9;&#9;&#9;&#9;&#9;&#9;+ (roleNum),&#13;&#10;&#9;&#9;&#9;&#9;&#9;&#9;&#9;&#9;JOptionPane.YES_NO_CANCEL_OPTION,&#13;&#10;&#9;&#9;&#9;&#9;&#9;&#9;&#9;&#9;JOptionPane.QUESTION_MESSAGE, null,&#13;&#10;&#9;&#9;&#9;&#9;&#9;&#9;&#9;&#9;shipOptions,&#13;&#10;&#9;&#9;&#9;&#9;&#9;&#9;&#9;&#9;shipOptions[shipOptions.length - 1]);&#13;&#10;&#9;&#9;&#9;&#9;&#9;&#9;String goodString = (String) options[good];&#13;&#10;&#9;&#9;&#9;&#9;&#9;&#9;int goodCount = player.getNumberOfGood(goodString);&#13;&#10;&#13;&#10;&#9;&#9;&#9;&#9;&#9;&#9;int leftOver = this.gameState.addGoodToCargoShip(&#13;&#10;&#9;&#9;&#9;&#9;&#9;&#9;&#9;&#9;(int) shipOptions[ship], goodCount, goodString);&#13;&#10;&#9;&#9;&#9;&#9;&#9;&#9;if (leftOver != -99) {&#13;&#10;&#9;&#9;&#9;&#9;&#9;&#9;&#9;player.addGood(goodString, leftOver);&#13;&#10;&#9;&#9;&#9;&#9;&#9;&#9;&#9;player.sellGood(goodString, goodCount - leftOver);&#13;&#10;&#9;&#9;&#9;&#9;&#9;&#9;&#9;player.addPoints(goodCount - leftOver);&#13;&#10;&#9;&#9;&#9;&#9;&#9;&#9;&#9;gameState.victoryPoints = gameState.victoryPoints&#13;&#10;&#9;&#9;&#9;&#9;&#9;&#9;&#9;&#9;&#9;- (goodCount - leftOver);&#13;&#10;&#9;&#9;&#9;&#9;&#9;&#9;&#9;if (player.ownsOccupiedBuilding(&quot;Harbor&quot;)) {&#13;&#10;&#9;&#9;&#9;&#9;&#9;&#9;&#9;&#9;player.addPoints(1);&#13;&#10;&#9;&#9;&#9;&#9;&#9;&#9;&#9;&#9;gameState.victoryPoints--;&#13;&#10;&#9;&#9;&#9;&#9;&#9;&#9;&#9;}&#13;&#10;&#9;&#9;&#9;&#9;&#9;&#9;&#9;selected = true;&#13;&#10;&#9;&#9;&#9;&#9;&#9;&#9;}&#13;&#10;&#9;&#9;&#9;&#9;&#9;}&#13;&#10;&#9;&#9;&#9;&#9;}&#13;&#10;&#13;&#10;&#9;&#9;&#9;&#9;updateGameStateDisplay();&#13;&#10;&#13;&#10;&#9;&#9;&#9;&#9;player.updatePlayerInfo();&#13;&#10;&#9;&#9;&#9;&#9;roleNum = (roleNum + 1) % players.size();&#13;&#10;&#13;&#10;&#9;&#9;&#9;}&#13;&#10;&#9;&#9;&#9;if(gameState.victoryPoints &lt;= 0){&#13;&#10;&#9;&#9;&#9;&#9;gameState.isGameEndState = true;&#13;&#10;&#9;&#9;&#9;}&#13;&#10;&#9;&#9;&#9;// warehouse stuff&#13;&#10;&#9;&#9;&#9;for (int j = 0; j &lt; players.size(); j++) {&#13;&#10;&#9;&#9;&#9;&#9;player = players.get(roleNum);&#13;&#10;&#13;&#10;&#9;&#9;&#9;&#9;ArrayList&lt;String&gt; goodList = new ArrayList&lt;String&gt;();&#13;&#10;&#9;&#9;&#9;&#9;for (String s : player.getAllGoods()) {&#13;&#10;&#9;&#9;&#9;&#9;&#9;int n = player.getNumberOfGood(s);&#13;&#10;&#9;&#9;&#9;&#9;&#9;if (n &gt; 0) {&#13;&#10;&#9;&#9;&#9;&#9;&#9;&#9;goodList.add(s);&#13;&#10;&#9;&#9;&#9;&#9;&#9;}&#13;&#10;&#9;&#9;&#9;&#9;}&#13;&#10;&#9;&#9;&#9;&#9;goodList.add(&quot;Nothing&quot;);&#13;&#10;&#9;&#9;&#9;&#9;Object[] options = goodList.toArray();&#13;&#10;&#13;&#10;&#9;&#9;&#9;&#9;ArrayList&lt;String&gt; storeGood = new ArrayList&lt;String&gt;();&#13;&#10;&#9;&#9;&#9;&#9;int good = JOptionPane.showOptionDialog(this.mainframe,&#13;&#10;&#9;&#9;&#9;&#9;&#9;&#9;&quot;Choose a good to store!&quot;, &quot;Player &quot; + (roleNum),&#13;&#10;&#9;&#9;&#9;&#9;&#9;&#9;JOptionPane.YES_NO_CANCEL_OPTION,&#13;&#10;&#9;&#9;&#9;&#9;&#9;&#9;JOptionPane.QUESTION_MESSAGE, null, options,&#13;&#10;&#9;&#9;&#9;&#9;&#9;&#9;options[options.length - 1]);&#13;&#10;&#13;&#10;&#9;&#9;&#9;&#9;if (good != options.length - 1) {&#13;&#10;&#9;&#9;&#9;&#9;&#9;String goodString = (String) options[good];&#13;&#10;&#9;&#9;&#9;&#9;&#9;storeGood.add(goodString);&#13;&#10;&#9;&#9;&#9;&#9;&#9;player.sellGood(goodString, 1);&#13;&#10;&#9;&#9;&#9;&#9;}&#13;&#10;&#13;&#10;&#9;&#9;&#9;&#9;if (player.ownsOccupiedBuilding(&quot;Large Warehouse&quot;)) {&#13;&#10;&#9;&#9;&#9;&#9;&#9;goodList = new ArrayList&lt;String&gt;();&#13;&#10;&#9;&#9;&#9;&#9;&#9;for (String s : player.getAllGoods()) {&#13;&#10;&#9;&#9;&#9;&#9;&#9;&#9;int n = player.getNumberOfGood(s);&#13;&#10;&#9;&#9;&#9;&#9;&#9;&#9;if (n &gt; 0) {&#13;&#10;&#9;&#9;&#9;&#9;&#9;&#9;&#9;goodList.add(s);&#13;&#10;&#9;&#9;&#9;&#9;&#9;&#9;}&#13;&#10;&#9;&#9;&#9;&#9;&#9;}&#13;&#10;&#9;&#9;&#9;&#9;&#9;goodList.add(&quot;Nothing&quot;);&#13;&#10;&#9;&#9;&#9;&#9;&#9;options = goodList.toArray();&#13;&#10;&#9;&#9;&#9;&#9;&#9;int firstGood = JOptionPane.showOptionDialog(&#13;&#10;&#9;&#9;&#9;&#9;&#9;&#9;&#9;this.mainframe, &quot;Choose a good to store!&quot;,&#13;&#10;&#9;&#9;&#9;&#9;&#9;&#9;&#9;&quot;Player &quot; + (roleNum),&#13;&#10;&#9;&#9;&#9;&#9;&#9;&#9;&#9;JOptionPane.YES_NO_CANCEL_OPTION,&#13;&#10;&#9;&#9;&#9;&#9;&#9;&#9;&#9;JOptionPane.QUESTION_MESSAGE, null, options,&#13;&#10;&#9;&#9;&#9;&#9;&#9;&#9;&#9;options[options.length - 1]);&#13;&#10;&#9;&#9;&#9;&#9;&#9;if (firstGood != options.length - 1) {&#13;&#10;&#9;&#9;&#9;&#9;&#9;&#9;String goodString = (String) options[firstGood];&#13;&#10;&#9;&#9;&#9;&#9;&#9;&#9;storeGood.add(goodString);&#13;&#10;&#9;&#9;&#9;&#9;&#9;&#9;player.sellGood(goodString, 1);&#13;&#10;&#9;&#9;&#9;&#9;&#9;&#9;player.getBuilding(&quot;Large Warehouse&quot;).storedGood = options[firstGood]&#13;&#10;&#9;&#9;&#9;&#9;&#9;&#9;&#9;&#9;.toString();&#13;&#10;&#9;&#9;&#9;&#9;&#9;&#9;player.getBuilding(&quot;Large Warehouse&quot;).amountOfStoredGood++;&#13;&#10;&#9;&#9;&#9;&#9;&#9;}&#13;&#10;&#9;&#9;&#9;&#9;&#9;goodList = new ArrayList&lt;String&gt;();&#13;&#10;&#9;&#9;&#9;&#9;&#9;for (String s : player.getAllGoods()) {&#13;&#10;&#9;&#9;&#9;&#9;&#9;&#9;int n = player.getNumberOfGood(s);&#13;&#10;&#9;&#9;&#9;&#9;&#9;&#9;if (n &gt; 0) {&#13;&#10;&#9;&#9;&#9;&#9;&#9;&#9;&#9;goodList.add(s);&#13;&#10;&#9;&#9;&#9;&#9;&#9;&#9;}&#13;&#10;&#9;&#9;&#9;&#9;&#9;}&#13;&#10;&#9;&#9;&#9;&#9;&#9;goodList.add(&quot;Nothing&quot;);&#13;&#10;&#9;&#9;&#9;&#9;&#9;options = goodList.toArray();&#13;&#10;&#9;&#9;&#9;&#9;&#9;int secondGood = JOptionPane.showOptionDialog(&#13;&#10;&#9;&#9;&#9;&#9;&#9;&#9;&#9;this.mainframe, &quot;Choose a good to store!&quot;,&#13;&#10;&#9;&#9;&#9;&#9;&#9;&#9;&#9;&quot;Player &quot; + (roleNum),&#13;&#10;&#9;&#9;&#9;&#9;&#9;&#9;&#9;JOptionPane.YES_NO_CANCEL_OPTION,&#13;&#10;&#9;&#9;&#9;&#9;&#9;&#9;&#9;JOptionPane.QUESTION_MESSAGE, null, options,&#13;&#10;&#9;&#9;&#9;&#9;&#9;&#9;&#9;options[options.length - 1]);&#13;&#10;&#13;&#10;&#9;&#9;&#9;&#9;&#9;if (secondGood != options.length - 1) {&#13;&#10;&#9;&#9;&#9;&#9;&#9;&#9;String goodString = (String) options[secondGood];&#13;&#10;&#9;&#9;&#9;&#9;&#9;&#9;storeGood.add(goodString);&#13;&#10;&#9;&#9;&#9;&#9;&#9;&#9;player.sellGood(goodString, 1);&#13;&#10;&#9;&#9;&#9;&#9;&#9;&#9;player.getBuilding(&quot;Large Warehouse&quot;).storedGood = options[secondGood]&#13;&#10;&#9;&#9;&#9;&#9;&#9;&#9;&#9;&#9;.toString();&#13;&#10;&#9;&#9;&#9;&#9;&#9;&#9;player.getBuilding(&quot;Large Warehouse&quot;).amountOfStoredGood++;&#13;&#10;&#9;&#9;&#9;&#9;&#9;}&#13;&#10;&#9;&#9;&#9;&#9;}&#13;&#10;&#9;&#9;&#9;&#9;if (player.ownsOccupiedBuilding(&quot;Small Warehouse&quot;)) {&#13;&#10;&#9;&#9;&#9;&#9;&#9;goodList = new ArrayList&lt;String&gt;();&#13;&#10;&#9;&#9;&#9;&#9;&#9;for (String s : player.getAllGoods()) {&#13;&#10;&#9;&#9;&#9;&#9;&#9;&#9;int n = player.getNumberOfGood(s);&#13;&#10;&#9;&#9;&#9;&#9;&#9;&#9;if (n &gt; 0) {&#13;&#10;&#9;&#9;&#9;&#9;&#9;&#9;&#9;goodList.add(s);&#13;&#10;&#9;&#9;&#9;&#9;&#9;&#9;}&#13;&#10;&#9;&#9;&#9;&#9;&#9;}&#13;&#10;&#9;&#9;&#9;&#9;&#9;goodList.add(&quot;Nothing&quot;);&#13;&#10;&#9;&#9;&#9;&#9;&#9;options = goodList.toArray();&#13;&#10;&#9;&#9;&#9;&#9;&#9;int g = JOptionPane.showOptionDialog(this.mainframe,&#13;&#10;&#9;&#9;&#9;&#9;&#9;&#9;&#9;&quot;Choose a good to store!&quot;, &quot;Player &quot; + (roleNum),&#13;&#10;&#9;&#9;&#9;&#9;&#9;&#9;&#9;JOptionPane.YES_NO_CANCEL_OPTION,&#13;&#10;&#9;&#9;&#9;&#9;&#9;&#9;&#9;JOptionPane.QUESTION_MESSAGE, null, options,&#13;&#10;&#9;&#9;&#9;&#9;&#9;&#9;&#9;options[options.length - 1]);&#13;&#10;&#9;&#9;&#9;&#9;&#9;if (g != options.length - 1) {&#13;&#10;&#9;&#9;&#9;&#9;&#9;&#9;String goodString = (String) options[g];&#13;&#10;&#9;&#9;&#9;&#9;&#9;&#9;storeGood.add(goodString);&#13;&#10;&#9;&#9;&#9;&#9;&#9;&#9;player.sellGood(goodString, 1);&#13;&#10;&#9;&#9;&#9;&#9;&#9;&#9;player.getBuilding(&quot;Small Warehouse&quot;).storedGood = options[g]&#13;&#10;&#9;&#9;&#9;&#9;&#9;&#9;&#9;&#9;.toString();&#13;&#10;&#9;&#9;&#9;&#9;&#9;&#9;player.getBuilding(&quot;Small Warehouse&quot;).amountOfStoredGood++;&#13;&#10;&#9;&#9;&#9;&#9;&#9;}&#13;&#10;&#9;&#9;&#9;&#9;}&#13;&#10;&#13;&#10;&#9;&#9;&#9;&#9;for (String s : storeGood) {&#13;&#10;&#9;&#9;&#9;&#9;&#9;player.addGood(s, 1);&#13;&#10;&#9;&#9;&#9;&#9;}&#13;&#10;&#13;&#10;&#9;&#9;&#9;&#9;updateGameStateDisplay();&#13;&#10;&#9;&#9;&#9;&#9;player.updatePlayerInfo();&#13;&#10;&#9;&#9;&#9;&#9;roleNum = (roleNum + 1) % players.size();&#13;&#10;&#9;&#9;&#9;}&#13;&#10;&#13;&#10;&#9;&#9;} else if (role.equals(PlayerRoles.Prospector)) {&#13;&#10;&#9;&#9;&#9;// :do nothing&#13;&#10;&#9;&#9;&#9;player.setDoubloons(player.getDoubloons() + 1);&#13;&#10;&#9;&#9;}&#13;&#10;&#9;&#9;gameState.updateAtEndOfTurn();&#13;&#10;&#9;&#9;updateGameStateDisplay();&#13;&#10;&#13;&#10;&#9;}&#13;&#10;&#13;&#10;}&#13;&#10;" Filename="GameBoardGUI.java" Intrnl_Id="8"/>
<SrcFile Content="package csse376_puerto_rico;&#13;&#10;&#13;&#10;import java.awt.event.ActionEvent;&#13;&#10;import java.awt.event.ActionListener;&#13;&#10;&#13;&#10;import javax.swing.ButtonGroup;&#13;&#10;import javax.swing.JFrame;&#13;&#10;&#13;&#10;public class ButtonHandler implements ActionListener {&#13;&#10;&#9;&#13;&#10;&#9;private JFrame mainframe;&#13;&#10;&#9;private ButtonGroup bGroup;&#13;&#10;&#13;&#10;&#9;public ButtonHandler(JFrame frame, ButtonGroup group) {&#13;&#10;&#9;&#9;this.mainframe = frame;&#13;&#10;&#9;&#9;this.bGroup = group;&#13;&#10;&#9;}&#13;&#10;&#13;&#10;&#9;@Override&#13;&#10;&#9;public void actionPerformed(ActionEvent ae) {&#13;&#10;&#9;&#9;String action = ae.getActionCommand();&#13;&#10;&#9;&#9;if(action.equals(&quot;Quit&quot;)){&#13;&#10;&#9;&#9;&#9;System.exit(0);&#13;&#10;&#9;&#9;}else if(action.equals(&quot;New Game&quot;)){&#13;&#10;&#9;&#9;&#9;new StartUpGameBoardGUI(this.mainframe);&#13;&#10;&#9;&#9;}else if(action.equals(&quot;Start&quot;)){&#13;&#10;&#9;&#9;&#9;new GameBoardGUI(this.mainframe, this.bGroup);&#13;&#10;&#9;&#9;}else if(action.equals(&quot;Add Points&quot;)){&#13;&#10;&#9;&#9;&#9;&#13;&#10;&#9;&#9;}&#13;&#10;&#9;}&#13;&#10;&#13;&#10;}&#13;&#10;" Filename="ButtonHandler.java" Intrnl_Id="9"/>
<SrcFile Content="package csse376_puerto_rico;&#13;&#10;&#13;&#10;import java.util.ArrayList;&#13;&#10;import java.util.Arrays;&#13;&#10;import java.util.List;&#13;&#10;&#13;&#10;public class Buildings {&#13;&#10;&#13;&#10;&#9;private ArrayList&lt;Building&gt; buildings;&#13;&#10;&#9;private ArrayList&lt;String&gt; buildingNames = new ArrayList&lt;String&gt;(Arrays.asList(&quot;Small Indigo Plant&quot;,&#13;&#10;&#9;&#9;&#9;&quot;Small Sugar Mill&quot;, &quot;Small Market&quot;, &quot;Hacienda&quot;, &quot;Construction Hut&quot;,&#13;&#10;&#9;&#9;&#9;&quot;Small Warehouse&quot;, &quot;Indigo Plant&quot;, &quot;Surgar Mill&quot;, &quot;Hospice&quot;, &quot;Office&quot;,&#13;&#10;&#9;&#9;&#9;&quot;Large Market&quot;, &quot;Large Warehouse&quot;, &quot;Tobacco Storage&quot;, &quot;Coffee Roaster&quot;,&#13;&#10;&#9;&#9;&#9;&quot;Factory&quot;, &quot;University&quot;, &quot;Harbor&quot;, &quot;Wharf&quot;));&#13;&#10;&#13;&#10;&#9;public Buildings() {&#13;&#10;&#9;&#9;buildings = new ArrayList&lt;Building&gt;();&#13;&#10;&#13;&#10;&#9;&#9;for (String name : buildingNames) {&#13;&#10;&#9;&#9;&#9;buildings.add(new Building(name));&#13;&#10;&#9;&#9;}&#13;&#10;&#13;&#10;&#9;}&#13;&#10;&#13;&#10;&#9;public ArrayList&lt;Building&gt; getBuildings() {&#13;&#10;&#13;&#10;&#9;&#9;return buildings;&#13;&#10;&#9;}&#13;&#10;&#13;&#10;&#9;public ArrayList&lt;String&gt; getBuildingNames() {&#13;&#10;&#9;&#9;return buildingNames;&#13;&#10;&#9;}&#13;&#10;&#13;&#10;&#9;public static class Building {&#13;&#10;&#13;&#10;&#9;&#9;public String name;&#13;&#10;&#9;&#9;public int cost;&#13;&#10;&#9;&#9;public int points;&#13;&#10;&#9;&#9;public int numberOfJobs;&#13;&#10;&#9;&#9;public int numberOfWorkers;&#13;&#10;&#9;&#9;&#13;&#10;&#9;&#9;public String storedGood;&#13;&#10;&#9;&#9;public int amountOfStoredGood;&#13;&#10;&#13;&#10;&#9;&#9;public Building(String name) {&#13;&#10;&#9;&#9;&#9;this.name = name;&#13;&#10;&#9;&#9;&#9;switch (name) {&#13;&#10;&#9;&#9;&#9;case &quot;Small Indigo Plant&quot;:&#13;&#10;&#9;&#9;&#9;&#9;cost = 1;&#13;&#10;&#9;&#9;&#9;&#9;points = 1;&#13;&#10;&#9;&#9;&#9;&#9;numberOfJobs = 1;&#13;&#10;&#9;&#9;&#9;&#9;numberOfWorkers = 0;&#13;&#10;&#9;&#9;&#9;&#9;break;&#13;&#10;&#9;&#9;&#9;&#9;&#13;&#10;&#9;&#9;&#9;case &quot;Small Sugar Mill&quot;:&#13;&#10;&#9;&#9;&#9;&#9;cost = 2;&#13;&#10;&#9;&#9;&#9;&#9;points = 1;&#13;&#10;&#9;&#9;&#9;&#9;numberOfJobs = 1;&#13;&#10;&#9;&#9;&#9;&#9;numberOfWorkers = 0;&#13;&#10;&#9;&#9;&#9;&#9;break;&#13;&#10;&#9;&#9;&#9;&#13;&#10;&#9;&#9;&#9;case &quot;Small Market&quot;:&#13;&#10;&#9;&#9;&#9;&#9;// plus doubloon with sale in trader phase&#13;&#10;&#9;&#9;&#9;&#9;cost = 1;&#13;&#10;&#9;&#9;&#9;&#9;points = 1;&#13;&#10;&#9;&#9;&#9;&#9;numberOfJobs = 1;&#13;&#10;&#9;&#9;&#9;&#9;numberOfWorkers = 0;&#13;&#10;&#9;&#9;&#9;&#9;break;&#13;&#10;&#9;&#9;&#9;&#9;&#13;&#10;&#9;&#9;&#9;case &quot;Hacienda&quot;:&#13;&#10;&#9;&#9;&#9;&#9;// plus plantation from supply in settler phase&#13;&#10;&#9;&#9;&#9;&#9;cost = 2;&#13;&#10;&#9;&#9;&#9;&#9;points = 1;&#13;&#10;&#9;&#9;&#9;&#9;numberOfJobs = 1;&#13;&#10;&#9;&#9;&#9;&#9;numberOfWorkers = 0;&#13;&#10;&#9;&#9;&#9;&#9;break;&#13;&#10;&#9;&#9;&#9;&#9;&#13;&#10;&#9;&#9;&#9;case &quot;Construciton Hut&quot;:&#13;&#10;&#9;&#9;&#9;&#9;// quarry instead of plantation in settler phase&#13;&#10;&#9;&#9;&#9;&#9;cost = 2;&#13;&#10;&#9;&#9;&#9;&#9;points = 1;&#13;&#10;&#9;&#9;&#9;&#9;numberOfJobs = 1;&#13;&#10;&#9;&#9;&#9;&#9;numberOfWorkers = 0;&#13;&#10;&#9;&#9;&#9;&#9;break;&#13;&#10;&#9;&#9;&#9;&#9;&#13;&#10;&#9;&#9;&#9;case &quot;Small Warehouse&quot;:&#13;&#10;&#9;&#9;&#9;&#9;// store 1 kind of good in captain phase&#13;&#10;&#9;&#9;&#9;&#9;cost = 3;&#13;&#10;&#9;&#9;&#9;&#9;points = 1;&#13;&#10;&#9;&#9;&#9;&#9;numberOfJobs = 1;&#13;&#10;&#9;&#9;&#9;&#9;numberOfWorkers = 0;&#13;&#10;&#9;&#9;&#9;&#9;storedGood = &quot;&quot;;&#13;&#10;&#9;&#9;&#9;&#9;amountOfStoredGood = 0;&#13;&#10;&#9;&#9;&#9;&#9;break;&#13;&#10;&#9;&#9;&#9;&#9;&#13;&#10;&#9;&#9;&#9;case &quot;Indigo Plant&quot;:&#13;&#10;&#9;&#9;&#9;&#9;cost = 3;&#13;&#10;&#9;&#9;&#9;&#9;points = 2;&#13;&#10;&#9;&#9;&#9;&#9;numberOfJobs = 3;&#13;&#10;&#9;&#9;&#9;&#9;numberOfWorkers = 0;&#13;&#10;&#9;&#9;&#9;&#9;break;&#13;&#10;&#9;&#9;&#9;&#9;&#13;&#10;&#9;&#9;&#9;case &quot;Sugar Mill&quot;:&#13;&#10;&#9;&#9;&#9;&#9;cost = 4;&#13;&#10;&#9;&#9;&#9;&#9;points = 2;&#13;&#10;&#9;&#9;&#9;&#9;numberOfJobs = 3;&#13;&#10;&#9;&#9;&#9;&#9;numberOfWorkers = 0;&#13;&#10;&#9;&#9;&#9;&#9;break;&#13;&#10;&#9;&#9;&#9;&#9;&#13;&#10;&#9;&#9;&#9;case &quot;Hospice&quot;:&#13;&#10;&#9;&#9;&#9;&#9;// plus colonist for settling in settler phase&#13;&#10;&#9;&#9;&#9;&#9;cost = 4;&#13;&#10;&#9;&#9;&#9;&#9;points = 2;&#13;&#10;&#9;&#9;&#9;&#9;numberOfJobs = 1;&#13;&#10;&#9;&#9;&#9;&#9;numberOfWorkers = 0;&#13;&#10;&#9;&#9;&#9;&#9;break;&#13;&#10;&#9;&#9;&#9;&#9;&#13;&#10;&#9;&#9;&#9;case &quot;Office&quot;:&#13;&#10;&#9;&#9;&#9;&#9;// sell same kind of goods in trader phase&#13;&#10;&#9;&#9;&#9;&#9;cost = 5;&#13;&#10;&#9;&#9;&#9;&#9;points = 2;&#13;&#10;&#9;&#9;&#9;&#9;numberOfJobs = 1;&#13;&#10;&#9;&#9;&#9;&#9;numberOfWorkers = 0;&#13;&#10;&#9;&#9;&#9;&#9;break;&#13;&#10;&#9;&#9;&#9;&#9;&#13;&#10;&#9;&#9;&#9;case &quot;Large Market&quot;:&#13;&#10;&#9;&#9;&#9;&#9;// plus 2 doubloons with sale in trader phase&#13;&#10;&#9;&#9;&#9;&#9;cost = 5;&#13;&#10;&#9;&#9;&#9;&#9;points = 2;&#13;&#10;&#9;&#9;&#9;&#9;numberOfJobs = 1;&#13;&#10;&#9;&#9;&#9;&#9;numberOfWorkers = 0;&#13;&#10;&#9;&#9;&#9;&#9;break;&#13;&#10;&#9;&#9;&#9;&#9;&#13;&#10;&#9;&#9;&#9;case &quot;Large Warehouse&quot;:&#13;&#10;&#9;&#9;&#9;&#9;// stores 2 kinds of goods in captain phase&#13;&#10;&#9;&#9;&#9;&#9;cost = 6;&#13;&#10;&#9;&#9;&#9;&#9;points = 2;&#13;&#10;&#9;&#9;&#9;&#9;numberOfJobs = 1;&#13;&#10;&#9;&#9;&#9;&#9;numberOfWorkers = 0;&#13;&#10;&#9;&#9;&#9;&#9;storedGood = &quot;&quot;;&#13;&#10;&#9;&#9;&#9;&#9;amountOfStoredGood = 0;&#13;&#10;&#9;&#9;&#9;&#9;break;&#13;&#10;&#9;&#9;&#9;&#9;&#13;&#10;&#9;&#9;&#9;case &quot;Tobacco Storage&quot;:&#13;&#10;&#9;&#9;&#9;&#9;cost = 5;&#13;&#10;&#9;&#9;&#9;&#9;points = 3;&#13;&#10;&#9;&#9;&#9;&#9;numberOfJobs = 3;&#13;&#10;&#9;&#9;&#9;&#9;numberOfWorkers = 0;&#13;&#10;&#9;&#9;&#9;&#9;break;&#13;&#10;&#9;&#9;&#9;&#9;&#13;&#10;&#9;&#9;&#9;case &quot;Coffe Roaster&quot;:&#13;&#10;&#9;&#9;&#9;&#9;cost = 6;&#13;&#10;&#9;&#9;&#9;&#9;points = 3;&#13;&#10;&#9;&#9;&#9;&#9;numberOfJobs = 2;&#13;&#10;&#9;&#9;&#9;&#9;numberOfWorkers = 0;&#13;&#10;&#9;&#9;&#9;&#9;break;&#13;&#10;&#9;&#9;&#9;&#9;&#13;&#10;&#9;&#9;&#9;case &quot;Factory&quot;:&#13;&#10;&#9;&#9;&#9;&#9;// plus 0/1/2/3/5 doubloons with production in craftsman phase&#13;&#10;&#9;&#9;&#9;&#9;cost = 7;&#13;&#10;&#9;&#9;&#9;&#9;points = 3;&#13;&#10;&#9;&#9;&#9;&#9;numberOfJobs = 1;&#13;&#10;&#9;&#9;&#9;&#9;numberOfWorkers = 0;&#13;&#10;&#9;&#9;&#9;&#9;break;&#13;&#10;&#9;&#9;&#9;&#9;&#13;&#10;&#9;&#9;&#9;case &quot;University&quot;:&#13;&#10;&#9;&#9;&#9;&#9;// plus colonist for building in builder phase&#13;&#10;&#9;&#9;&#9;&#9;cost = 8;&#13;&#10;&#9;&#9;&#9;&#9;points = 3;&#13;&#10;&#9;&#9;&#9;&#9;numberOfJobs = 1;&#13;&#10;&#9;&#9;&#9;&#9;numberOfWorkers = 0;&#13;&#10;&#9;&#9;&#9;&#9;break;&#13;&#10;&#9;&#9;&#9;&#9;&#13;&#10;&#9;&#9;&#9;case &quot;Harbor&quot;:&#13;&#10;&#9;&#9;&#9;&#9;// plus victory point per delivery in captain phase&#13;&#10;&#9;&#9;&#9;&#9;cost = 8;&#13;&#10;&#9;&#9;&#9;&#9;points = 3;&#13;&#10;&#9;&#9;&#9;&#9;numberOfJobs = 1;&#13;&#10;&#9;&#9;&#9;&#9;numberOfWorkers = 0;&#13;&#10;&#9;&#9;&#9;&#9;break;&#13;&#10;&#13;&#10;&#9;&#9;&#9;case &quot;Wharf&quot;:&#13;&#10;&#9;&#9;&#9;&#9;// your own ship in captain phase&#13;&#10;&#9;&#9;&#9;&#9;cost = 9;&#13;&#10;&#9;&#9;&#9;&#9;points = 3;&#13;&#10;&#9;&#9;&#9;&#9;numberOfJobs = 1;&#13;&#10;&#9;&#9;&#9;&#9;numberOfWorkers = 0;&#13;&#10;&#9;&#9;&#9;&#9;break;&#13;&#10;&#9;&#9;&#9;&#9;&#13;&#10;&#9;&#9;&#9;default:&#13;&#10;&#9;&#9;&#9;&#9;cost = 0;&#13;&#10;&#9;&#9;&#9;&#9;points = 0;&#13;&#10;&#9;&#9;&#9;&#9;numberOfJobs = 0;&#13;&#10;&#9;&#9;&#9;&#9;numberOfWorkers = 0;&#13;&#10;&#9;&#9;&#9;}&#13;&#10;&#9;&#9;&#9;&#13;&#10;&#9;&#9;}&#13;&#10;&#9;&#9;&#13;&#10;&#9;&#9;public boolean isOccupied(){&#13;&#10;&#9;&#9;&#9;return ((this.numberOfJobs - this.numberOfWorkers) == 0);&#13;&#10;&#9;&#9;}&#13;&#10;&#9;}&#13;&#10;}&#13;&#10;" Filename="Buildings.java" Intrnl_Id="10"/>
</SrcFileList>
<CritList>
<CritListEntry Name="org.codecover.model.utils.criteria.LoopCoverage" PluginName="org.codecover"/>
<CritListEntry Name="org.codecover.model.utils.criteria.BranchCoverage" PluginName="org.codecover"/>
<CritListEntry Name="org.codecover.model.utils.criteria.ConditionCoverage" PluginName="org.codecover"/>
<CritListEntry Name="org.codecover.model.utils.criteria.SynchronizedStatementCoverage" PluginName="org.codecover"/>
<CritListEntry Name="org.codecover.model.utils.criteria.QMOCoverage" PluginName="org.codecover"/>
<CritListEntry Name="org.codecover.model.utils.criteria.StatementCoverage" PluginName="org.codecover"/>
</CritList>
<BoolOpList>
<BoolOp Arity="1" Intrnl_Id="11" Name="not (!)">
<BoolAssgnmntBoolMapList>
<MapEntry BoolAssgnmnt="0" Value="true"/>
<MapEntry BoolAssgnmnt="1" Value="false"/>
</BoolAssgnmntBoolMapList>
</BoolOp>
<BoolOp Arity="2" Intrnl_Id="12" Name="conditional and (&amp;&amp;)">
<BoolAssgnmntBoolMapList>
<MapEntry BoolAssgnmnt="10" Value="false"/>
<MapEntry BoolAssgnmnt="02" Value="false"/>
<MapEntry BoolAssgnmnt="11" Value="true"/>
</BoolAssgnmntBoolMapList>
</BoolOp>
<BoolOp Arity="2" Intrnl_Id="13" Name="conditional or (||)">
<BoolAssgnmntBoolMapList>
<MapEntry BoolAssgnmnt="01" Value="true"/>
<MapEntry BoolAssgnmnt="00" Value="false"/>
<MapEntry BoolAssgnmnt="12" Value="true"/>
</BoolAssgnmntBoolMapList>
</BoolOp>
</BoolOpList>
<HierarchyLvlTypeList>
<HierarchyLvlType EnglishName="package" IntrnlName="package" Intrnl_Id="14"/>
<HierarchyLvlType EnglishName="class" IntrnlName="class" Intrnl_Id="15"/>
<HierarchyLvlType EnglishName="method" IntrnlName="method" Intrnl_Id="16"/>
<HierarchyLvlType EnglishName="default package" IntrnlName="default package" Intrnl_Id="17"/>
<HierarchyLvlType EnglishName="anonymous class" IntrnlName="class" Intrnl_Id="18"/>
</HierarchyLvlTypeList>
<MASTRoot>
<HierarchyLvl HierarchyLvlId="654" HierarchyLvlTypeId="17" Intrnl_Id="19" Name="default package">
<Header/>
<LocList/>
<HierarchyLvl HierarchyLvlId="653" HierarchyLvlTypeId="14" Intrnl_Id="20" Name="csse376_puerto_rico">
<Header/>
<LocList/>
<HierarchyLvl HierarchyLvlId="564" HierarchyLvlTypeId="15" Intrnl_Id="21" Name="StartUpGameBoardGUI">
<Header>
<Loc EndOffset="234" SrcFileId="1" StartOffset="202"/>
</Header>
<LocList>
<Loc EndOffset="1071" SrcFileId="1" StartOffset="202"/>
</LocList>
<HierarchyLvl HierarchyLvlId="563" HierarchyLvlTypeId="16" Intrnl_Id="22" Name="StartUpGameBoardGUI">
<Header>
<Loc EndOffset="307" SrcFileId="1" StartOffset="267"/>
</Header>
<LocList>
<Loc EndOffset="1068" SrcFileId="1" StartOffset="267"/>
</LocList>
<StmntSeq Intrnl_Id="23">
<LocList>
<Loc EndOffset="335" SrcFileId="1" StartOffset="312"/>
<Loc EndOffset="382" SrcFileId="1" StartOffset="338"/>
<Loc EndOffset="430" SrcFileId="1" StartOffset="385"/>
<Loc EndOffset="475" SrcFileId="1" StartOffset="433"/>
<Loc EndOffset="520" SrcFileId="1" StartOffset="478"/>
<Loc EndOffset="556" SrcFileId="1" StartOffset="524"/>
<Loc EndOffset="600" SrcFileId="1" StartOffset="562"/>
<Loc EndOffset="650" SrcFileId="1" StartOffset="603"/>
<Loc EndOffset="701" SrcFileId="1" StartOffset="653"/>
<Loc EndOffset="752" SrcFileId="1" StartOffset="704"/>
<Loc EndOffset="770" SrcFileId="1" StartOffset="755"/>
<Loc EndOffset="788" SrcFileId="1" StartOffset="773"/>
<Loc EndOffset="806" SrcFileId="1" StartOffset="791"/>
<Loc EndOffset="855" SrcFileId="1" StartOffset="812"/>
<Loc EndOffset="930" SrcFileId="1" StartOffset="858"/>
<Loc EndOffset="955" SrcFileId="1" StartOffset="936"/>
<Loc EndOffset="977" SrcFileId="1" StartOffset="958"/>
<Loc EndOffset="999" SrcFileId="1" StartOffset="980"/>
<Loc EndOffset="1029" SrcFileId="1" StartOffset="1002"/>
<Loc EndOffset="1065" SrcFileId="1" StartOffset="1035"/>
</LocList>
<BasicStmnt CovItemId="S1" CovItemPrefix="csse376_puerto_rico.StartUpGameBoardGUI.java" Intrnl_Id="24">
<LocList>
<Loc EndOffset="335" SrcFileId="1" StartOffset="312"/>
</LocList>
</BasicStmnt>
<BasicStmnt CovItemId="S2" CovItemPrefix="csse376_puerto_rico.StartUpGameBoardGUI.java" Intrnl_Id="25">
<LocList>
<Loc EndOffset="382" SrcFileId="1" StartOffset="338"/>
</LocList>
</BasicStmnt>
<BasicStmnt CovItemId="S3" CovItemPrefix="csse376_puerto_rico.StartUpGameBoardGUI.java" Intrnl_Id="26">
<LocList>
<Loc EndOffset="430" SrcFileId="1" StartOffset="385"/>
</LocList>
</BasicStmnt>
<BasicStmnt CovItemId="S4" CovItemPrefix="csse376_puerto_rico.StartUpGameBoardGUI.java" Intrnl_Id="27">
<LocList>
<Loc EndOffset="475" SrcFileId="1" StartOffset="433"/>
</LocList>
</BasicStmnt>
<BasicStmnt CovItemId="S5" CovItemPrefix="csse376_puerto_rico.StartUpGameBoardGUI.java" Intrnl_Id="28">
<LocList>
<Loc EndOffset="520" SrcFileId="1" StartOffset="478"/>
</LocList>
</BasicStmnt>
<BasicStmnt CovItemId="S6" CovItemPrefix="csse376_puerto_rico.StartUpGameBoardGUI.java" Intrnl_Id="29">
<LocList>
<Loc EndOffset="556" SrcFileId="1" StartOffset="524"/>
</LocList>
</BasicStmnt>
<BasicStmnt CovItemId="S7" CovItemPrefix="csse376_puerto_rico.StartUpGameBoardGUI.java" Intrnl_Id="30">
<LocList>
<Loc EndOffset="600" SrcFileId="1" StartOffset="562"/>
</LocList>
</BasicStmnt>
<BasicStmnt CovItemId="S8" CovItemPrefix="csse376_puerto_rico.StartUpGameBoardGUI.java" Intrnl_Id="31">
<LocList>
<Loc EndOffset="650" SrcFileId="1" StartOffset="603"/>
</LocList>
</BasicStmnt>
<BasicStmnt CovItemId="S9" CovItemPrefix="csse376_puerto_rico.StartUpGameBoardGUI.java" Intrnl_Id="32">
<LocList>
<Loc EndOffset="701" SrcFileId="1" StartOffset="653"/>
</LocList>
</BasicStmnt>
<BasicStmnt CovItemId="S10" CovItemPrefix="csse376_puerto_rico.StartUpGameBoardGUI.java" Intrnl_Id="33">
<LocList>
<Loc EndOffset="752" SrcFileId="1" StartOffset="704"/>
</LocList>
</BasicStmnt>
<BasicStmnt CovItemId="S11" CovItemPrefix="csse376_puerto_rico.StartUpGameBoardGUI.java" Intrnl_Id="34">
<LocList>
<Loc EndOffset="770" SrcFileId="1" StartOffset="755"/>
</LocList>
</BasicStmnt>
<BasicStmnt CovItemId="S12" CovItemPrefix="csse376_puerto_rico.StartUpGameBoardGUI.java" Intrnl_Id="35">
<LocList>
<Loc EndOffset="788" SrcFileId="1" StartOffset="773"/>
</LocList>
</BasicStmnt>
<BasicStmnt CovItemId="S13" CovItemPrefix="csse376_puerto_rico.StartUpGameBoardGUI.java" Intrnl_Id="36">
<LocList>
<Loc EndOffset="806" SrcFileId="1" StartOffset="791"/>
</LocList>
</BasicStmnt>
<BasicStmnt CovItemId="S14" CovItemPrefix="csse376_puerto_rico.StartUpGameBoardGUI.java" Intrnl_Id="37">
<LocList>
<Loc EndOffset="855" SrcFileId="1" StartOffset="812"/>
</LocList>
</BasicStmnt>
<BasicStmnt CovItemId="S15" CovItemPrefix="csse376_puerto_rico.StartUpGameBoardGUI.java" Intrnl_Id="38">
<LocList>
<Loc EndOffset="930" SrcFileId="1" StartOffset="858"/>
</LocList>
</BasicStmnt>
<BasicStmnt CovItemId="S16" CovItemPrefix="csse376_puerto_rico.StartUpGameBoardGUI.java" Intrnl_Id="39">
<LocList>
<Loc EndOffset="955" SrcFileId="1" StartOffset="936"/>
</LocList>
</BasicStmnt>
<BasicStmnt CovItemId="S17" CovItemPrefix="csse376_puerto_rico.StartUpGameBoardGUI.java" Intrnl_Id="40">
<LocList>
<Loc EndOffset="977" SrcFileId="1" StartOffset="958"/>
</LocList>
</BasicStmnt>
<BasicStmnt CovItemId="S18" CovItemPrefix="csse376_puerto_rico.StartUpGameBoardGUI.java" Intrnl_Id="41">
<LocList>
<Loc EndOffset="999" SrcFileId="1" StartOffset="980"/>
</LocList>
</BasicStmnt>
<BasicStmnt CovItemId="S19" CovItemPrefix="csse376_puerto_rico.StartUpGameBoardGUI.java" Intrnl_Id="42">
<LocList>
<Loc EndOffset="1029" SrcFileId="1" StartOffset="1002"/>
</LocList>
</BasicStmnt>
<BasicStmnt CovItemId="S20" CovItemPrefix="csse376_puerto_rico.StartUpGameBoardGUI.java" Intrnl_Id="43">
<LocList>
<Loc EndOffset="1065" SrcFileId="1" StartOffset="1035"/>
</LocList>
</BasicStmnt>
</StmntSeq>
</HierarchyLvl>
</HierarchyLvl>
<HierarchyLvl HierarchyLvlId="567" HierarchyLvlTypeId="15" Intrnl_Id="44" Name="PlayerRoles">
<Header>
<Loc EndOffset="184" SrcFileId="2" StartOffset="160"/>
</Header>
<LocList>
<Loc EndOffset="862" SrcFileId="2" StartOffset="160"/>
</LocList>
<StmntSeq Intrnl_Id="45">
<LocList>
<Loc EndOffset="236" SrcFileId="2" StartOffset="189"/>
<Loc EndOffset="286" SrcFileId="2" StartOffset="239"/>
<Loc EndOffset="340" SrcFileId="2" StartOffset="289"/>
<Loc EndOffset="388" SrcFileId="2" StartOffset="343"/>
<Loc EndOffset="438" SrcFileId="2" StartOffset="391"/>
<Loc EndOffset="494" SrcFileId="2" StartOffset="441"/>
<Loc EndOffset="540" SrcFileId="2" StartOffset="497"/>
</LocList>
<BasicStmnt CovItemId="S1" CovItemPrefix="csse376_puerto_rico.PlayerRoles.java" Intrnl_Id="46">
<LocList>
<Loc EndOffset="236" SrcFileId="2" StartOffset="189"/>
</LocList>
</BasicStmnt>
<BasicStmnt CovItemId="S2" CovItemPrefix="csse376_puerto_rico.PlayerRoles.java" Intrnl_Id="47">
<LocList>
<Loc EndOffset="286" SrcFileId="2" StartOffset="239"/>
</LocList>
</BasicStmnt>
<BasicStmnt CovItemId="S3" CovItemPrefix="csse376_puerto_rico.PlayerRoles.java" Intrnl_Id="48">
<LocList>
<Loc EndOffset="340" SrcFileId="2" StartOffset="289"/>
</LocList>
</BasicStmnt>
<BasicStmnt CovItemId="S4" CovItemPrefix="csse376_puerto_rico.PlayerRoles.java" Intrnl_Id="49">
<LocList>
<Loc EndOffset="388" SrcFileId="2" StartOffset="343"/>
</LocList>
</BasicStmnt>
<BasicStmnt CovItemId="S5" CovItemPrefix="csse376_puerto_rico.PlayerRoles.java" Intrnl_Id="50">
<LocList>
<Loc EndOffset="438" SrcFileId="2" StartOffset="391"/>
</LocList>
</BasicStmnt>
<BasicStmnt CovItemId="S6" CovItemPrefix="csse376_puerto_rico.PlayerRoles.java" Intrnl_Id="51">
<LocList>
<Loc EndOffset="494" SrcFileId="2" StartOffset="441"/>
</LocList>
</BasicStmnt>
<BasicStmnt CovItemId="S7" CovItemPrefix="csse376_puerto_rico.PlayerRoles.java" Intrnl_Id="52">
<LocList>
<Loc EndOffset="540" SrcFileId="2" StartOffset="497"/>
</LocList>
</BasicStmnt>
</StmntSeq>
<HierarchyLvl HierarchyLvlId="565" HierarchyLvlTypeId="16" Intrnl_Id="53" Name="PlayerRoles">
<Header>
<Loc EndOffset="566" SrcFileId="2" StartOffset="545"/>
</Header>
<LocList>
<Loc EndOffset="595" SrcFileId="2" StartOffset="545"/>
</LocList>
</HierarchyLvl>
<HierarchyLvl HierarchyLvlId="566" HierarchyLvlTypeId="16" Intrnl_Id="54" Name="getValues">
<Header>
<Loc EndOffset="638" SrcFileId="2" StartOffset="600"/>
</Header>
<LocList>
<Loc EndOffset="859" SrcFileId="2" StartOffset="600"/>
</LocList>
<StmntSeq Intrnl_Id="55">
<LocList>
<Loc EndOffset="687" SrcFileId="2" StartOffset="644"/>
<Loc EndOffset="710" SrcFileId="2" StartOffset="693"/>
<Loc EndOffset="731" SrcFileId="2" StartOffset="714"/>
<Loc EndOffset="754" SrcFileId="2" StartOffset="735"/>
<Loc EndOffset="774" SrcFileId="2" StartOffset="758"/>
<Loc EndOffset="795" SrcFileId="2" StartOffset="778"/>
<Loc EndOffset="819" SrcFileId="2" StartOffset="799"/>
<Loc EndOffset="838" SrcFileId="2" StartOffset="823"/>
<Loc EndOffset="855" SrcFileId="2" StartOffset="844"/>
</LocList>
<BasicStmnt CovItemId="S8" CovItemPrefix="csse376_puerto_rico.PlayerRoles.java" Intrnl_Id="56">
<LocList>
<Loc EndOffset="687" SrcFileId="2" StartOffset="644"/>
</LocList>
</BasicStmnt>
<BasicStmnt CovItemId="S9" CovItemPrefix="csse376_puerto_rico.PlayerRoles.java" Intrnl_Id="57">
<LocList>
<Loc EndOffset="710" SrcFileId="2" StartOffset="693"/>
</LocList>
</BasicStmnt>
<BasicStmnt CovItemId="S10" CovItemPrefix="csse376_puerto_rico.PlayerRoles.java" Intrnl_Id="58">
<LocList>
<Loc EndOffset="731" SrcFileId="2" StartOffset="714"/>
</LocList>
</BasicStmnt>
<BasicStmnt CovItemId="S11" CovItemPrefix="csse376_puerto_rico.PlayerRoles.java" Intrnl_Id="59">
<LocList>
<Loc EndOffset="754" SrcFileId="2" StartOffset="735"/>
</LocList>
</BasicStmnt>
<BasicStmnt CovItemId="S12" CovItemPrefix="csse376_puerto_rico.PlayerRoles.java" Intrnl_Id="60">
<LocList>
<Loc EndOffset="774" SrcFileId="2" StartOffset="758"/>
</LocList>
</BasicStmnt>
<BasicStmnt CovItemId="S13" CovItemPrefix="csse376_puerto_rico.PlayerRoles.java" Intrnl_Id="61">
<LocList>
<Loc EndOffset="795" SrcFileId="2" StartOffset="778"/>
</LocList>
</BasicStmnt>
<BasicStmnt CovItemId="S14" CovItemPrefix="csse376_puerto_rico.PlayerRoles.java" Intrnl_Id="62">
<LocList>
<Loc EndOffset="819" SrcFileId="2" StartOffset="799"/>
</LocList>
</BasicStmnt>
<BasicStmnt CovItemId="S15" CovItemPrefix="csse376_puerto_rico.PlayerRoles.java" Intrnl_Id="63">
<LocList>
<Loc EndOffset="838" SrcFileId="2" StartOffset="823"/>
</LocList>
</BasicStmnt>
<BasicStmnt CovItemId="S16" CovItemPrefix="csse376_puerto_rico.PlayerRoles.java" Intrnl_Id="64">
<LocList>
<Loc EndOffset="855" SrcFileId="2" StartOffset="844"/>
</LocList>
</BasicStmnt>
</StmntSeq>
</HierarchyLvl>
</HierarchyLvl>
<HierarchyLvl HierarchyLvlId="605" HierarchyLvlTypeId="15" Intrnl_Id="65" Name="Player">
<Header>
<Loc EndOffset="242" SrcFileId="3" StartOffset="223"/>
</Header>
<LocList>
<Loc EndOffset="495" SrcFileId="3" StartOffset="223"/>
<Loc EndOffset="771" SrcFileId="3" StartOffset="766"/>
<Loc EndOffset="6770" SrcFileId="3" StartOffset="975"/>
</LocList>
<StmntSeq Intrnl_Id="66">
<LocList>
<Loc EndOffset="419" SrcFileId="3" StartOffset="396"/>
<Loc EndOffset="490" SrcFileId="3" StartOffset="424"/>
<Loc EndOffset="1052" SrcFileId="3" StartOffset="980"/>
<Loc EndOffset="1127" SrcFileId="3" StartOffset="1055"/>
<Loc EndOffset="1190" SrcFileId="3" StartOffset="1130"/>
</LocList>
<BasicStmnt CovItemId="S1" CovItemPrefix="csse376_puerto_rico.Player.java" Intrnl_Id="67">
<LocList>
<Loc EndOffset="419" SrcFileId="3" StartOffset="396"/>
</LocList>
</BasicStmnt>
<BasicStmnt CovItemId="S2" CovItemPrefix="csse376_puerto_rico.Player.java" Intrnl_Id="68">
<LocList>
<Loc EndOffset="490" SrcFileId="3" StartOffset="424"/>
</LocList>
</BasicStmnt>
<BasicStmnt CovItemId="S5" CovItemPrefix="csse376_puerto_rico.Player.java" Intrnl_Id="69">
<LocList>
<Loc EndOffset="1052" SrcFileId="3" StartOffset="980"/>
</LocList>
</BasicStmnt>
<BasicStmnt CovItemId="S6" CovItemPrefix="csse376_puerto_rico.Player.java" Intrnl_Id="70">
<LocList>
<Loc EndOffset="1127" SrcFileId="3" StartOffset="1055"/>
</LocList>
</BasicStmnt>
<BasicStmnt CovItemId="S7" CovItemPrefix="csse376_puerto_rico.Player.java" Intrnl_Id="71">
<LocList>
<Loc EndOffset="1190" SrcFileId="3" StartOffset="1130"/>
</LocList>
</BasicStmnt>
</StmntSeq>
<HierarchyLvl HierarchyLvlId="568" HierarchyLvlTypeId="15" Intrnl_Id="72" Name="Good">
<Header>
<Loc EndOffset="519" SrcFileId="3" StartOffset="495"/>
</Header>
<LocList>
<Loc EndOffset="766" SrcFileId="3" StartOffset="495"/>
</LocList>
</HierarchyLvl>
<HierarchyLvl HierarchyLvlId="570" HierarchyLvlTypeId="15" Intrnl_Id="73" Name="Plantation">
<Header>
<Loc EndOffset="801" SrcFileId="3" StartOffset="771"/>
</Header>
<LocList>
<Loc EndOffset="975" SrcFileId="3" StartOffset="771"/>
</LocList>
<HierarchyLvl HierarchyLvlId="569" HierarchyLvlTypeId="16" Intrnl_Id="74" Name="Plantation">
<Header>
<Loc EndOffset="910" SrcFileId="3" StartOffset="861"/>
</Header>
<LocList>
<Loc EndOffset="971" SrcFileId="3" StartOffset="861"/>
</LocList>
<StmntSeq Intrnl_Id="75">
<LocList>
<Loc EndOffset="934" SrcFileId="3" StartOffset="917"/>
<Loc EndOffset="966" SrcFileId="3" StartOffset="939"/>
</LocList>
<BasicStmnt CovItemId="S3" CovItemPrefix="csse376_puerto_rico.Player.java" Intrnl_Id="76">
<LocList>
<Loc EndOffset="934" SrcFileId="3" StartOffset="917"/>
</LocList>
</BasicStmnt>
<BasicStmnt CovItemId="S4" CovItemPrefix="csse376_puerto_rico.Player.java" Intrnl_Id="77">
<LocList>
<Loc EndOffset="966" SrcFileId="3" StartOffset="939"/>
</LocList>
</BasicStmnt>
</StmntSeq>
</HierarchyLvl>
</HierarchyLvl>
<HierarchyLvl HierarchyLvlId="571" HierarchyLvlTypeId="16" Intrnl_Id="78" Name="Player">
<Header>
<Loc EndOffset="1249" SrcFileId="3" StartOffset="1234"/>
</Header>
<LocList>
<Loc EndOffset="1446" SrcFileId="3" StartOffset="1234"/>
</LocList>
<StmntSeq Intrnl_Id="79">
<LocList>
<Loc EndOffset="1274" SrcFileId="3" StartOffset="1255"/>
<Loc EndOffset="1292" SrcFileId="3" StartOffset="1278"/>
<Loc EndOffset="1311" SrcFileId="3" StartOffset="1296"/>
<Loc EndOffset="1339" SrcFileId="3" StartOffset="1315"/>
<Loc EndOffset="1370" SrcFileId="3" StartOffset="1343"/>
<Loc EndOffset="1442" SrcFileId="3" StartOffset="1374"/>
</LocList>
<BasicStmnt CovItemId="S8" CovItemPrefix="csse376_puerto_rico.Player.java" Intrnl_Id="80">
<LocList>
<Loc EndOffset="1274" SrcFileId="3" StartOffset="1255"/>
</LocList>
</BasicStmnt>
<BasicStmnt CovItemId="S9" CovItemPrefix="csse376_puerto_rico.Player.java" Intrnl_Id="81">
<LocList>
<Loc EndOffset="1292" SrcFileId="3" StartOffset="1278"/>
</LocList>
</BasicStmnt>
<BasicStmnt CovItemId="S10" CovItemPrefix="csse376_puerto_rico.Player.java" Intrnl_Id="82">
<LocList>
<Loc EndOffset="1311" SrcFileId="3" StartOffset="1296"/>
</LocList>
</BasicStmnt>
<BasicStmnt CovItemId="S11" CovItemPrefix="csse376_puerto_rico.Player.java" Intrnl_Id="83">
<LocList>
<Loc EndOffset="1339" SrcFileId="3" StartOffset="1315"/>
</LocList>
</BasicStmnt>
<BasicStmnt CovItemId="S12" CovItemPrefix="csse376_puerto_rico.Player.java" Intrnl_Id="84">
<LocList>
<Loc EndOffset="1370" SrcFileId="3" StartOffset="1343"/>
</LocList>
</BasicStmnt>
<LoopStmnt CovItemId="S13" CovItemPrefix="csse376_puerto_rico.Player.java" Intrnl_Id="85" MltplExecId="L1-2" MltplExecPrefix="csse376_puerto_rico.Player.java" NvrExecId="L1-0" NvrExecPrefix="csse376_puerto_rico.Player.java" OnceExecutedId="L1-1" OnceExecutedPrefix="csse376_puerto_rico.Player.java" OptBodyExec="true">
<StmntSeq Intrnl_Id="86">
<LocList>
<Loc EndOffset="1437" SrcFileId="3" StartOffset="1416"/>
</LocList>
<BasicStmnt CovItemId="S14" CovItemPrefix="csse376_puerto_rico.Player.java" Intrnl_Id="87">
<LocList>
<Loc EndOffset="1437" SrcFileId="3" StartOffset="1416"/>
</LocList>
</BasicStmnt>
</StmntSeq>
<Keyword EndOffset="1377" SrcFileId="3" StartOffset="1374"/>
<LocList>
<Loc EndOffset="1442" SrcFileId="3" StartOffset="1374"/>
</LocList>
</LoopStmnt>
</StmntSeq>
</HierarchyLvl>
<HierarchyLvl HierarchyLvlId="572" HierarchyLvlTypeId="16" Intrnl_Id="88" Name="Player">
<Header>
<Loc EndOffset="1477" SrcFileId="3" StartOffset="1451"/>
</Header>
<LocList>
<Loc EndOffset="1671" SrcFileId="3" StartOffset="1451"/>
</LocList>
<StmntSeq Intrnl_Id="89">
<LocList>
<Loc EndOffset="1500" SrcFileId="3" StartOffset="1483"/>
<Loc EndOffset="1523" SrcFileId="3" StartOffset="1504"/>
<Loc EndOffset="1551" SrcFileId="3" StartOffset="1527"/>
<Loc EndOffset="1575" SrcFileId="3" StartOffset="1555"/>
<Loc EndOffset="1595" SrcFileId="3" StartOffset="1579"/>
<Loc EndOffset="1667" SrcFileId="3" StartOffset="1599"/>
</LocList>
<BasicStmnt CovItemId="S15" CovItemPrefix="csse376_puerto_rico.Player.java" Intrnl_Id="90">
<LocList>
<Loc EndOffset="1500" SrcFileId="3" StartOffset="1483"/>
</LocList>
</BasicStmnt>
<BasicStmnt CovItemId="S16" CovItemPrefix="csse376_puerto_rico.Player.java" Intrnl_Id="91">
<LocList>
<Loc EndOffset="1523" SrcFileId="3" StartOffset="1504"/>
</LocList>
</BasicStmnt>
<BasicStmnt CovItemId="S17" CovItemPrefix="csse376_puerto_rico.Player.java" Intrnl_Id="92">
<LocList>
<Loc EndOffset="1551" SrcFileId="3" StartOffset="1527"/>
</LocList>
</BasicStmnt>
<BasicStmnt CovItemId="S18" CovItemPrefix="csse376_puerto_rico.Player.java" Intrnl_Id="93">
<LocList>
<Loc EndOffset="1575" SrcFileId="3" StartOffset="1555"/>
</LocList>
</BasicStmnt>
<BasicStmnt CovItemId="S19" CovItemPrefix="csse376_puerto_rico.Player.java" Intrnl_Id="94">
<LocList>
<Loc EndOffset="1595" SrcFileId="3" StartOffset="1579"/>
</LocList>
</BasicStmnt>
<LoopStmnt CovItemId="S20" CovItemPrefix="csse376_puerto_rico.Player.java" Intrnl_Id="95" MltplExecId="L2-2" MltplExecPrefix="csse376_puerto_rico.Player.java" NvrExecId="L2-0" NvrExecPrefix="csse376_puerto_rico.Player.java" OnceExecutedId="L2-1" OnceExecutedPrefix="csse376_puerto_rico.Player.java" OptBodyExec="true">
<StmntSeq Intrnl_Id="96">
<LocList>
<Loc EndOffset="1662" SrcFileId="3" StartOffset="1641"/>
</LocList>
<BasicStmnt CovItemId="S21" CovItemPrefix="csse376_puerto_rico.Player.java" Intrnl_Id="97">
<LocList>
<Loc EndOffset="1662" SrcFileId="3" StartOffset="1641"/>
</LocList>
</BasicStmnt>
</StmntSeq>
<Keyword EndOffset="1602" SrcFileId="3" StartOffset="1599"/>
<LocList>
<Loc EndOffset="1667" SrcFileId="3" StartOffset="1599"/>
</LocList>
</LoopStmnt>
</StmntSeq>
</HierarchyLvl>
<HierarchyLvl HierarchyLvlId="573" HierarchyLvlTypeId="16" Intrnl_Id="98" Name="setPlayerNum">
<Header>
<Loc EndOffset="1707" SrcFileId="3" StartOffset="1676"/>
</Header>
<LocList>
<Loc EndOffset="1733" SrcFileId="3" StartOffset="1676"/>
</LocList>
<StmntSeq Intrnl_Id="99">
<LocList>
<Loc EndOffset="1727" SrcFileId="3" StartOffset="1713"/>
</LocList>
<BasicStmnt CovItemId="S22" CovItemPrefix="csse376_puerto_rico.Player.java" Intrnl_Id="100">
<LocList>
<Loc EndOffset="1727" SrcFileId="3" StartOffset="1713"/>
</LocList>
</BasicStmnt>
</StmntSeq>
</HierarchyLvl>
<HierarchyLvl HierarchyLvlId="574" HierarchyLvlTypeId="16" Intrnl_Id="101" Name="getPlayerNum">
<Header>
<Loc EndOffset="1763" SrcFileId="3" StartOffset="1738"/>
</Header>
<LocList>
<Loc EndOffset="1790" SrcFileId="3" StartOffset="1738"/>
</LocList>
<StmntSeq Intrnl_Id="102">
<LocList>
<Loc EndOffset="1786" SrcFileId="3" StartOffset="1769"/>
</LocList>
<BasicStmnt CovItemId="S23" CovItemPrefix="csse376_puerto_rico.Player.java" Intrnl_Id="103">
<LocList>
<Loc EndOffset="1786" SrcFileId="3" StartOffset="1769"/>
</LocList>
</BasicStmnt>
</StmntSeq>
</HierarchyLvl>
<HierarchyLvl HierarchyLvlId="575" HierarchyLvlTypeId="16" Intrnl_Id="104" Name="getRole">
<Header>
<Loc EndOffset="1818" SrcFileId="3" StartOffset="1795"/>
</Header>
<LocList>
<Loc EndOffset="1845" SrcFileId="3" StartOffset="1795"/>
</LocList>
<StmntSeq Intrnl_Id="105">
<LocList>
<Loc EndOffset="1841" SrcFileId="3" StartOffset="1824"/>
</LocList>
<BasicStmnt CovItemId="S24" CovItemPrefix="csse376_puerto_rico.Player.java" Intrnl_Id="106">
<LocList>
<Loc EndOffset="1841" SrcFileId="3" StartOffset="1824"/>
</LocList>
</BasicStmnt>
</StmntSeq>
</HierarchyLvl>
<HierarchyLvl HierarchyLvlId="576" HierarchyLvlTypeId="16" Intrnl_Id="107" Name="getRoles">
<Header>
<Loc EndOffset="1887" SrcFileId="3" StartOffset="1850"/>
</Header>
<LocList>
<Loc EndOffset="1912" SrcFileId="3" StartOffset="1850"/>
</LocList>
<StmntSeq Intrnl_Id="108">
<LocList>
<Loc EndOffset="1908" SrcFileId="3" StartOffset="1895"/>
</LocList>
<BasicStmnt CovItemId="S25" CovItemPrefix="csse376_puerto_rico.Player.java" Intrnl_Id="109">
<LocList>
<Loc EndOffset="1908" SrcFileId="3" StartOffset="1895"/>
</LocList>
</BasicStmnt>
</StmntSeq>
</HierarchyLvl>
<HierarchyLvl HierarchyLvlId="577" HierarchyLvlTypeId="16" Intrnl_Id="110" Name="getPoints">
<Header>
<Loc EndOffset="1939" SrcFileId="3" StartOffset="1917"/>
</Header>
<LocList>
<Loc EndOffset="1963" SrcFileId="3" StartOffset="1917"/>
</LocList>
<StmntSeq Intrnl_Id="111">
<LocList>
<Loc EndOffset="1959" SrcFileId="3" StartOffset="1945"/>
</LocList>
<BasicStmnt CovItemId="S26" CovItemPrefix="csse376_puerto_rico.Player.java" Intrnl_Id="112">
<LocList>
<Loc EndOffset="1959" SrcFileId="3" StartOffset="1945"/>
</LocList>
</BasicStmnt>
</StmntSeq>
</HierarchyLvl>
<HierarchyLvl HierarchyLvlId="578" HierarchyLvlTypeId="16" Intrnl_Id="113" Name="getHUD">
<Header>
<Loc EndOffset="1993" SrcFileId="3" StartOffset="1968"/>
</Header>
<LocList>
<Loc EndOffset="2019" SrcFileId="3" StartOffset="1968"/>
</LocList>
<StmntSeq Intrnl_Id="114">
<LocList>
<Loc EndOffset="2015" SrcFileId="3" StartOffset="1999"/>
</LocList>
<BasicStmnt CovItemId="S27" CovItemPrefix="csse376_puerto_rico.Player.java" Intrnl_Id="115">
<LocList>
<Loc EndOffset="2015" SrcFileId="3" StartOffset="1999"/>
</LocList>
</BasicStmnt>
</StmntSeq>
</HierarchyLvl>
<HierarchyLvl HierarchyLvlId="579" HierarchyLvlTypeId="16" Intrnl_Id="116" Name="setHUD">
<Header>
<Loc EndOffset="2057" SrcFileId="3" StartOffset="2024"/>
</Header>
<LocList>
<Loc EndOffset="2082" SrcFileId="3" StartOffset="2024"/>
</LocList>
<StmntSeq Intrnl_Id="117">
<LocList>
<Loc EndOffset="2078" SrcFileId="3" StartOffset="2063"/>
</LocList>
<BasicStmnt CovItemId="S28" CovItemPrefix="csse376_puerto_rico.Player.java" Intrnl_Id="118">
<LocList>
<Loc EndOffset="2078" SrcFileId="3" StartOffset="2063"/>
</LocList>
</BasicStmnt>
</StmntSeq>
</HierarchyLvl>
<HierarchyLvl HierarchyLvlId="580" HierarchyLvlTypeId="16" Intrnl_Id="119" Name="isGovernor">
<Header>
<Loc EndOffset="2114" SrcFileId="3" StartOffset="2087"/>
</Header>
<LocList>
<Loc EndOffset="2142" SrcFileId="3" StartOffset="2087"/>
</LocList>
<StmntSeq Intrnl_Id="120">
<LocList>
<Loc EndOffset="2138" SrcFileId="3" StartOffset="2120"/>
</LocList>
<BasicStmnt CovItemId="S29" CovItemPrefix="csse376_puerto_rico.Player.java" Intrnl_Id="121">
<LocList>
<Loc EndOffset="2138" SrcFileId="3" StartOffset="2120"/>
</LocList>
</BasicStmnt>
</StmntSeq>
</HierarchyLvl>
<HierarchyLvl HierarchyLvlId="581" HierarchyLvlTypeId="16" Intrnl_Id="122" Name="addPoints">
<Header>
<Loc EndOffset="2182" SrcFileId="3" StartOffset="2147"/>
</Header>
<LocList>
<Loc EndOffset="2229" SrcFileId="3" StartOffset="2147"/>
</LocList>
<StmntSeq Intrnl_Id="123">
<LocList>
<Loc EndOffset="2225" SrcFileId="3" StartOffset="2188"/>
</LocList>
<BasicStmnt CovItemId="S30" CovItemPrefix="csse376_puerto_rico.Player.java" Intrnl_Id="124">
<LocList>
<Loc EndOffset="2225" SrcFileId="3" StartOffset="2188"/>
</LocList>
</BasicStmnt>
</StmntSeq>
</HierarchyLvl>
<HierarchyLvl HierarchyLvlId="582" HierarchyLvlTypeId="16" Intrnl_Id="125" Name="setPoints">
<Header>
<Loc EndOffset="2284" SrcFileId="3" StartOffset="2251"/>
</Header>
<LocList>
<Loc EndOffset="2364" SrcFileId="3" StartOffset="2251"/>
</LocList>
<StmntSeq Intrnl_Id="126">
<LocList>
<Loc EndOffset="2360" SrcFileId="3" StartOffset="2339"/>
</LocList>
<BasicStmnt CovItemId="S31" CovItemPrefix="csse376_puerto_rico.Player.java" Intrnl_Id="127">
<LocList>
<Loc EndOffset="2360" SrcFileId="3" StartOffset="2339"/>
</LocList>
</BasicStmnt>
</StmntSeq>
</HierarchyLvl>
<HierarchyLvl HierarchyLvlId="583" HierarchyLvlTypeId="16" Intrnl_Id="128" Name="setRole">
<Header>
<Loc EndOffset="2403" SrcFileId="3" StartOffset="2369"/>
</Header>
<LocList>
<Loc EndOffset="2432" SrcFileId="3" StartOffset="2369"/>
</LocList>
<StmntSeq Intrnl_Id="129">
<LocList>
<Loc EndOffset="2428" SrcFileId="3" StartOffset="2409"/>
</LocList>
<BasicStmnt CovItemId="S32" CovItemPrefix="csse376_puerto_rico.Player.java" Intrnl_Id="130">
<LocList>
<Loc EndOffset="2428" SrcFileId="3" StartOffset="2409"/>
</LocList>
</BasicStmnt>
</StmntSeq>
</HierarchyLvl>
<HierarchyLvl HierarchyLvlId="584" HierarchyLvlTypeId="16" Intrnl_Id="131" Name="addBuilding">
<Header>
<Loc EndOffset="2479" SrcFileId="3" StartOffset="2437"/>
</Header>
<LocList>
<Loc EndOffset="2513" SrcFileId="3" StartOffset="2437"/>
</LocList>
<StmntSeq Intrnl_Id="132">
<LocList>
<Loc EndOffset="2509" SrcFileId="3" StartOffset="2485"/>
</LocList>
<BasicStmnt CovItemId="S33" CovItemPrefix="csse376_puerto_rico.Player.java" Intrnl_Id="133">
<LocList>
<Loc EndOffset="2509" SrcFileId="3" StartOffset="2485"/>
</LocList>
</BasicStmnt>
</StmntSeq>
</HierarchyLvl>
<HierarchyLvl HierarchyLvlId="585" HierarchyLvlTypeId="16" Intrnl_Id="134" Name="ownsBuilding">
<Header>
<Loc EndOffset="2563" SrcFileId="3" StartOffset="2519"/>
</Header>
<LocList>
<Loc EndOffset="2623" SrcFileId="3" StartOffset="2519"/>
</LocList>
<StmntSeq Intrnl_Id="135">
<LocList>
<Loc EndOffset="2619" SrcFileId="3" StartOffset="2568"/>
</LocList>
<BasicStmnt CovItemId="S34" CovItemPrefix="csse376_puerto_rico.Player.java" Intrnl_Id="136">
<LocList>
<Loc EndOffset="2619" SrcFileId="3" StartOffset="2568"/>
</LocList>
</BasicStmnt>
</StmntSeq>
</HierarchyLvl>
<HierarchyLvl HierarchyLvlId="586" HierarchyLvlTypeId="16" Intrnl_Id="137" Name="ownsOccupiedBuilding">
<Header>
<Loc EndOffset="2681" SrcFileId="3" StartOffset="2629"/>
</Header>
<LocList>
<Loc EndOffset="2749" SrcFileId="3" StartOffset="2629"/>
</LocList>
<StmntSeq Intrnl_Id="138">
<LocList>
<Loc EndOffset="2745" SrcFileId="3" StartOffset="2686"/>
</LocList>
<BasicStmnt CovItemId="S35" CovItemPrefix="csse376_puerto_rico.Player.java" Intrnl_Id="139">
<LocList>
<Loc EndOffset="2745" SrcFileId="3" StartOffset="2686"/>
</LocList>
</BasicStmnt>
</StmntSeq>
</HierarchyLvl>
<HierarchyLvl HierarchyLvlId="587" HierarchyLvlTypeId="16" Intrnl_Id="140" Name="getBuildingsStringList">
<Header>
<Loc EndOffset="2803" SrcFileId="3" StartOffset="2754"/>
</Header>
<LocList>
<Loc EndOffset="2941" SrcFileId="3" StartOffset="2754"/>
</LocList>
<StmntSeq Intrnl_Id="141">
<LocList>
<Loc EndOffset="2857" SrcFileId="3" StartOffset="2809"/>
<Loc EndOffset="2922" SrcFileId="3" StartOffset="2861"/>
<Loc EndOffset="2937" SrcFileId="3" StartOffset="2926"/>
</LocList>
<BasicStmnt CovItemId="S36" CovItemPrefix="csse376_puerto_rico.Player.java" Intrnl_Id="142">
<LocList>
<Loc EndOffset="2857" SrcFileId="3" StartOffset="2809"/>
</LocList>
</BasicStmnt>
<LoopStmnt CovItemId="S37" CovItemPrefix="csse376_puerto_rico.Player.java" Intrnl_Id="143" MltplExecId="L3-2" MltplExecPrefix="csse376_puerto_rico.Player.java" NvrExecId="L3-0" NvrExecPrefix="csse376_puerto_rico.Player.java" OnceExecutedId="L3-1" OnceExecutedPrefix="csse376_puerto_rico.Player.java" OptBodyExec="true">
<StmntSeq Intrnl_Id="144">
<LocList>
<Loc EndOffset="2917" SrcFileId="3" StartOffset="2901"/>
</LocList>
<BasicStmnt CovItemId="S38" CovItemPrefix="csse376_puerto_rico.Player.java" Intrnl_Id="145">
<LocList>
<Loc EndOffset="2917" SrcFileId="3" StartOffset="2901"/>
</LocList>
</BasicStmnt>
</StmntSeq>
<Keyword EndOffset="2864" SrcFileId="3" StartOffset="2861"/>
<LocList>
<Loc EndOffset="2922" SrcFileId="3" StartOffset="2861"/>
</LocList>
</LoopStmnt>
<BasicStmnt CovItemId="S39" CovItemPrefix="csse376_puerto_rico.Player.java" Intrnl_Id="146">
<LocList>
<Loc EndOffset="2937" SrcFileId="3" StartOffset="2926"/>
</LocList>
</BasicStmnt>
</StmntSeq>
</HierarchyLvl>
<HierarchyLvl HierarchyLvlId="588" HierarchyLvlTypeId="16" Intrnl_Id="147" Name="getBuildings">
<Header>
<Loc EndOffset="2987" SrcFileId="3" StartOffset="2946"/>
</Header>
<LocList>
<Loc EndOffset="3019" SrcFileId="3" StartOffset="2946"/>
</LocList>
<StmntSeq Intrnl_Id="148">
<LocList>
<Loc EndOffset="3015" SrcFileId="3" StartOffset="2993"/>
</LocList>
<BasicStmnt CovItemId="S40" CovItemPrefix="csse376_puerto_rico.Player.java" Intrnl_Id="149">
<LocList>
<Loc EndOffset="3015" SrcFileId="3" StartOffset="2993"/>
</LocList>
</BasicStmnt>
</StmntSeq>
</HierarchyLvl>
<HierarchyLvl HierarchyLvlId="589" HierarchyLvlTypeId="16" Intrnl_Id="150" Name="getBuilding">
<Header>
<Loc EndOffset="3069" SrcFileId="3" StartOffset="3025"/>
</Header>
<LocList>
<Loc EndOffset="3248" SrcFileId="3" StartOffset="3025"/>
</LocList>
<StmntSeq Intrnl_Id="151">
<LocList>
<Loc EndOffset="3228" SrcFileId="3" StartOffset="3074"/>
<Loc EndOffset="3244" SrcFileId="3" StartOffset="3232"/>
</LocList>
<CondStmnt CovItemId="S41" CovItemPrefix="csse376_puerto_rico.Player.java" Intrnl_Id="152">
<Branch CovItemId="B1" CovItemPrefix="csse376_puerto_rico.Player.java" Implct="false" Intrnl_Id="153">
<Cond/>
<LocList>
<Loc EndOffset="3228" SrcFileId="3" StartOffset="3126"/>
</LocList>
<StmntSeq Intrnl_Id="154">
<LocList>
<Loc EndOffset="3223" SrcFileId="3" StartOffset="3132"/>
</LocList>
<LoopStmnt CovItemId="S42" CovItemPrefix="csse376_puerto_rico.Player.java" Intrnl_Id="155" MltplExecId="L4-2" MltplExecPrefix="csse376_puerto_rico.Player.java" NvrExecId="L4-0" NvrExecPrefix="csse376_puerto_rico.Player.java" OnceExecutedId="L4-1" OnceExecutedPrefix="csse376_puerto_rico.Player.java" OptBodyExec="true">
<StmntSeq Intrnl_Id="156">
<LocList>
<Loc EndOffset="3217" SrcFileId="3" StartOffset="3171"/>
</LocList>
<CondStmnt CovItemId="S43" CovItemPrefix="csse376_puerto_rico.Player.java" Intrnl_Id="157">
<Branch CovItemId="B3" CovItemPrefix="csse376_puerto_rico.Player.java" Implct="false" Intrnl_Id="158">
<Cond/>
<LocList>
<Loc EndOffset="3217" SrcFileId="3" StartOffset="3193"/>
</LocList>
<StmntSeq Intrnl_Id="159">
<LocList>
<Loc EndOffset="3210" SrcFileId="3" StartOffset="3201"/>
</LocList>
<BasicStmnt CovItemId="S44" CovItemPrefix="csse376_puerto_rico.Player.java" Intrnl_Id="160">
<LocList>
<Loc EndOffset="3210" SrcFileId="3" StartOffset="3201"/>
</LocList>
</BasicStmnt>
</StmntSeq>
</Branch>
<Branch CovItemId="B4" CovItemPrefix="csse376_puerto_rico.Player.java" Implct="true" Intrnl_Id="161">
<Cond/>
<LocList/>
<StmntSeq Intrnl_Id="162">
<LocList/>
</StmntSeq>
</Branch>
<Keyword EndOffset="3173" SrcFileId="3" StartOffset="3171"/>
<LocList>
<Loc EndOffset="3217" SrcFileId="3" StartOffset="3171"/>
</LocList>
<RootTerm CovItemId="C2" CovItemPrefix="csse376_puerto_rico.Player.java" Intrnl_Id="163">
<BasicBoolTerm Intrnl_Id="164">
<LocList>
<Loc EndOffset="3192" SrcFileId="3" StartOffset="3174"/>
</LocList>
</BasicBoolTerm>
</RootTerm>
</CondStmnt>
</StmntSeq>
<Keyword EndOffset="3135" SrcFileId="3" StartOffset="3132"/>
<LocList>
<Loc EndOffset="3223" SrcFileId="3" StartOffset="3132"/>
</LocList>
</LoopStmnt>
</StmntSeq>
</Branch>
<Branch CovItemId="B2" CovItemPrefix="csse376_puerto_rico.Player.java" Implct="true" Intrnl_Id="165">
<Cond/>
<LocList/>
<StmntSeq Intrnl_Id="166">
<LocList/>
</StmntSeq>
</Branch>
<Keyword EndOffset="3076" SrcFileId="3" StartOffset="3074"/>
<LocList>
<Loc EndOffset="3228" SrcFileId="3" StartOffset="3074"/>
</LocList>
<RootTerm CovItemId="C1" CovItemPrefix="csse376_puerto_rico.Player.java" Intrnl_Id="167">
<BasicBoolTerm Intrnl_Id="168">
<LocList>
<Loc EndOffset="3125" SrcFileId="3" StartOffset="3077"/>
</LocList>
</BasicBoolTerm>
</RootTerm>
</CondStmnt>
<BasicStmnt CovItemId="S45" CovItemPrefix="csse376_puerto_rico.Player.java" Intrnl_Id="169">
<LocList>
<Loc EndOffset="3244" SrcFileId="3" StartOffset="3232"/>
</LocList>
</BasicStmnt>
</StmntSeq>
</HierarchyLvl>
<HierarchyLvl HierarchyLvlId="590" HierarchyLvlTypeId="16" Intrnl_Id="170" Name="getOccupiedBuildings">
<Header>
<Loc EndOffset="3303" SrcFileId="3" StartOffset="3254"/>
</Header>
<LocList>
<Loc EndOffset="3521" SrcFileId="3" StartOffset="3254"/>
</LocList>
<StmntSeq Intrnl_Id="171">
<LocList>
<Loc EndOffset="3369" SrcFileId="3" StartOffset="3308"/>
<Loc EndOffset="3493" SrcFileId="3" StartOffset="3373"/>
<Loc EndOffset="3517" SrcFileId="3" StartOffset="3497"/>
</LocList>
<BasicStmnt CovItemId="S46" CovItemPrefix="csse376_puerto_rico.Player.java" Intrnl_Id="172">
<LocList>
<Loc EndOffset="3369" SrcFileId="3" StartOffset="3308"/>
</LocList>
</BasicStmnt>
<LoopStmnt CovItemId="S47" CovItemPrefix="csse376_puerto_rico.Player.java" Intrnl_Id="173" MltplExecId="L5-2" MltplExecPrefix="csse376_puerto_rico.Player.java" NvrExecId="L5-0" NvrExecPrefix="csse376_puerto_rico.Player.java" OnceExecutedId="L5-1" OnceExecutedPrefix="csse376_puerto_rico.Player.java" OptBodyExec="true">
<StmntSeq Intrnl_Id="174">
<LocList>
<Loc EndOffset="3488" SrcFileId="3" StartOffset="3410"/>
</LocList>
<CondStmnt CovItemId="S48" CovItemPrefix="csse376_puerto_rico.Player.java" Intrnl_Id="175">
<Branch CovItemId="B5" CovItemPrefix="csse376_puerto_rico.Player.java" Implct="false" Intrnl_Id="176">
<Cond/>
<LocList>
<Loc EndOffset="3488" SrcFileId="3" StartOffset="3455"/>
</LocList>
<StmntSeq Intrnl_Id="177">
<LocList>
<Loc EndOffset="3482" SrcFileId="3" StartOffset="3462"/>
</LocList>
<BasicStmnt CovItemId="S49" CovItemPrefix="csse376_puerto_rico.Player.java" Intrnl_Id="178">
<LocList>
<Loc EndOffset="3482" SrcFileId="3" StartOffset="3462"/>
</LocList>
</BasicStmnt>
</StmntSeq>
</Branch>
<Branch CovItemId="B6" CovItemPrefix="csse376_puerto_rico.Player.java" Implct="true" Intrnl_Id="179">
<Cond/>
<LocList/>
<StmntSeq Intrnl_Id="180">
<LocList/>
</StmntSeq>
</Branch>
<Keyword EndOffset="3412" SrcFileId="3" StartOffset="3410"/>
<LocList>
<Loc EndOffset="3488" SrcFileId="3" StartOffset="3410"/>
</LocList>
<RootTerm CovItemId="C3" CovItemPrefix="csse376_puerto_rico.Player.java" Intrnl_Id="181">
<BasicBoolTerm Intrnl_Id="182">
<LocList>
<Loc EndOffset="3454" SrcFileId="3" StartOffset="3413"/>
</LocList>
</BasicBoolTerm>
</RootTerm>
</CondStmnt>
</StmntSeq>
<Keyword EndOffset="3376" SrcFileId="3" StartOffset="3373"/>
<LocList>
<Loc EndOffset="3493" SrcFileId="3" StartOffset="3373"/>
</LocList>
</LoopStmnt>
<BasicStmnt CovItemId="S50" CovItemPrefix="csse376_puerto_rico.Player.java" Intrnl_Id="183">
<LocList>
<Loc EndOffset="3517" SrcFileId="3" StartOffset="3497"/>
</LocList>
</BasicStmnt>
</StmntSeq>
</HierarchyLvl>
<HierarchyLvl HierarchyLvlId="591" HierarchyLvlTypeId="16" Intrnl_Id="184" Name="getOccupiedBuildingsStringList">
<Header>
<Loc EndOffset="3584" SrcFileId="3" StartOffset="3527"/>
</Header>
<LocList>
<Loc EndOffset="3735" SrcFileId="3" StartOffset="3527"/>
</LocList>
<StmntSeq Intrnl_Id="185">
<LocList>
<Loc EndOffset="3638" SrcFileId="3" StartOffset="3590"/>
<Loc EndOffset="3716" SrcFileId="3" StartOffset="3642"/>
<Loc EndOffset="3731" SrcFileId="3" StartOffset="3720"/>
</LocList>
<BasicStmnt CovItemId="S51" CovItemPrefix="csse376_puerto_rico.Player.java" Intrnl_Id="186">
<LocList>
<Loc EndOffset="3638" SrcFileId="3" StartOffset="3590"/>
</LocList>
</BasicStmnt>
<LoopStmnt CovItemId="S52" CovItemPrefix="csse376_puerto_rico.Player.java" Intrnl_Id="187" MltplExecId="L6-2" MltplExecPrefix="csse376_puerto_rico.Player.java" NvrExecId="L6-0" NvrExecPrefix="csse376_puerto_rico.Player.java" OnceExecutedId="L6-1" OnceExecutedPrefix="csse376_puerto_rico.Player.java" OptBodyExec="true">
<StmntSeq Intrnl_Id="188">
<LocList>
<Loc EndOffset="3711" SrcFileId="3" StartOffset="3695"/>
</LocList>
<BasicStmnt CovItemId="S53" CovItemPrefix="csse376_puerto_rico.Player.java" Intrnl_Id="189">
<LocList>
<Loc EndOffset="3711" SrcFileId="3" StartOffset="3695"/>
</LocList>
</BasicStmnt>
</StmntSeq>
<Keyword EndOffset="3645" SrcFileId="3" StartOffset="3642"/>
<LocList>
<Loc EndOffset="3716" SrcFileId="3" StartOffset="3642"/>
</LocList>
</LoopStmnt>
<BasicStmnt CovItemId="S54" CovItemPrefix="csse376_puerto_rico.Player.java" Intrnl_Id="190">
<LocList>
<Loc EndOffset="3731" SrcFileId="3" StartOffset="3720"/>
</LocList>
</BasicStmnt>
</StmntSeq>
</HierarchyLvl>
<HierarchyLvl HierarchyLvlId="592" HierarchyLvlTypeId="16" Intrnl_Id="191" Name="getGoods">
<Header>
<Loc EndOffset="3770" SrcFileId="3" StartOffset="3740"/>
</Header>
<LocList>
<Loc EndOffset="4316" SrcFileId="3" StartOffset="3740"/>
</LocList>
<StmntSeq Intrnl_Id="192">
<LocList>
<Loc EndOffset="3825" SrcFileId="3" StartOffset="3782"/>
<Loc EndOffset="3909" SrcFileId="3" StartOffset="3829"/>
<Loc EndOffset="3996" SrcFileId="3" StartOffset="3913"/>
<Loc EndOffset="4069" SrcFileId="3" StartOffset="4000"/>
<Loc EndOffset="4145" SrcFileId="3" StartOffset="4073"/>
<Loc EndOffset="4229" SrcFileId="3" StartOffset="4149"/>
<Loc EndOffset="4297" SrcFileId="3" StartOffset="4233"/>
<Loc EndOffset="4312" SrcFileId="3" StartOffset="4301"/>
</LocList>
<BasicStmnt CovItemId="S55" CovItemPrefix="csse376_puerto_rico.Player.java" Intrnl_Id="193">
<LocList>
<Loc EndOffset="3825" SrcFileId="3" StartOffset="3782"/>
</LocList>
</BasicStmnt>
<BasicStmnt CovItemId="S56" CovItemPrefix="csse376_puerto_rico.Player.java" Intrnl_Id="194">
<LocList>
<Loc EndOffset="3909" SrcFileId="3" StartOffset="3829"/>
</LocList>
</BasicStmnt>
<BasicStmnt CovItemId="S57" CovItemPrefix="csse376_puerto_rico.Player.java" Intrnl_Id="195">
<LocList>
<Loc EndOffset="3996" SrcFileId="3" StartOffset="3913"/>
</LocList>
</BasicStmnt>
<BasicStmnt CovItemId="S58" CovItemPrefix="csse376_puerto_rico.Player.java" Intrnl_Id="196">
<LocList>
<Loc EndOffset="4069" SrcFileId="3" StartOffset="4000"/>
</LocList>
</BasicStmnt>
<BasicStmnt CovItemId="S59" CovItemPrefix="csse376_puerto_rico.Player.java" Intrnl_Id="197">
<LocList>
<Loc EndOffset="4145" SrcFileId="3" StartOffset="4073"/>
</LocList>
</BasicStmnt>
<BasicStmnt CovItemId="S60" CovItemPrefix="csse376_puerto_rico.Player.java" Intrnl_Id="198">
<LocList>
<Loc EndOffset="4229" SrcFileId="3" StartOffset="4149"/>
</LocList>
</BasicStmnt>
<BasicStmnt CovItemId="S61" CovItemPrefix="csse376_puerto_rico.Player.java" Intrnl_Id="199">
<LocList>
<Loc EndOffset="4297" SrcFileId="3" StartOffset="4233"/>
</LocList>
</BasicStmnt>
<BasicStmnt CovItemId="S62" CovItemPrefix="csse376_puerto_rico.Player.java" Intrnl_Id="200">
<LocList>
<Loc EndOffset="4312" SrcFileId="3" StartOffset="4301"/>
</LocList>
</BasicStmnt>
</StmntSeq>
</HierarchyLvl>
<HierarchyLvl HierarchyLvlId="593" HierarchyLvlTypeId="16" Intrnl_Id="201" Name="getNumberOfGood">
<Header>
<Loc EndOffset="4360" SrcFileId="3" StartOffset="4321"/>
</Header>
<LocList>
<Loc EndOffset="4501" SrcFileId="3" StartOffset="4321"/>
</LocList>
<StmntSeq Intrnl_Id="202">
<LocList>
<Loc EndOffset="4463" SrcFileId="3" StartOffset="4409"/>
<Loc EndOffset="4495" SrcFileId="3" StartOffset="4467"/>
</LocList>
<CondStmnt CovItemId="S63" CovItemPrefix="csse376_puerto_rico.Player.java" Intrnl_Id="203">
<Branch CovItemId="B7" CovItemPrefix="csse376_puerto_rico.Player.java" Implct="false" Intrnl_Id="204">
<Cond/>
<LocList>
<Loc EndOffset="4463" SrcFileId="3" StartOffset="4443"/>
</LocList>
<StmntSeq Intrnl_Id="205">
<LocList>
<Loc EndOffset="4458" SrcFileId="3" StartOffset="4449"/>
</LocList>
<BasicStmnt CovItemId="S64" CovItemPrefix="csse376_puerto_rico.Player.java" Intrnl_Id="206">
<LocList>
<Loc EndOffset="4458" SrcFileId="3" StartOffset="4449"/>
</LocList>
</BasicStmnt>
</StmntSeq>
</Branch>
<Branch CovItemId="B8" CovItemPrefix="csse376_puerto_rico.Player.java" Implct="true" Intrnl_Id="207">
<Cond/>
<LocList/>
<StmntSeq Intrnl_Id="208">
<LocList/>
</StmntSeq>
</Branch>
<Keyword EndOffset="4411" SrcFileId="3" StartOffset="4409"/>
<LocList>
<Loc EndOffset="4463" SrcFileId="3" StartOffset="4409"/>
</LocList>
<RootTerm CovItemId="C4" CovItemPrefix="csse376_puerto_rico.Player.java" Intrnl_Id="209">
<BasicBoolTerm Intrnl_Id="210">
<LocList>
<Loc EndOffset="4441" SrcFileId="3" StartOffset="4413"/>
</LocList>
</BasicBoolTerm>
</RootTerm>
</CondStmnt>
<BasicStmnt CovItemId="S65" CovItemPrefix="csse376_puerto_rico.Player.java" Intrnl_Id="211">
<LocList>
<Loc EndOffset="4495" SrcFileId="3" StartOffset="4467"/>
</LocList>
</BasicStmnt>
</StmntSeq>
</HierarchyLvl>
<HierarchyLvl HierarchyLvlId="594" HierarchyLvlTypeId="16" Intrnl_Id="212" Name="getAllGoods">
<Header>
<Loc EndOffset="4539" SrcFileId="3" StartOffset="4506"/>
</Header>
<LocList>
<Loc EndOffset="4705" SrcFileId="3" StartOffset="4506"/>
</LocList>
<StmntSeq Intrnl_Id="213">
<LocList>
<Loc EndOffset="4588" SrcFileId="3" StartOffset="4545"/>
<Loc EndOffset="4686" SrcFileId="3" StartOffset="4592"/>
<Loc EndOffset="4701" SrcFileId="3" StartOffset="4690"/>
</LocList>
<BasicStmnt CovItemId="S66" CovItemPrefix="csse376_puerto_rico.Player.java" Intrnl_Id="214">
<LocList>
<Loc EndOffset="4588" SrcFileId="3" StartOffset="4545"/>
</LocList>
</BasicStmnt>
<BasicStmnt CovItemId="S67" CovItemPrefix="csse376_puerto_rico.Player.java" Intrnl_Id="215">
<LocList>
<Loc EndOffset="4686" SrcFileId="3" StartOffset="4592"/>
</LocList>
</BasicStmnt>
<BasicStmnt CovItemId="S68" CovItemPrefix="csse376_puerto_rico.Player.java" Intrnl_Id="216">
<LocList>
<Loc EndOffset="4701" SrcFileId="3" StartOffset="4690"/>
</LocList>
</BasicStmnt>
</StmntSeq>
</HierarchyLvl>
<HierarchyLvl HierarchyLvlId="595" HierarchyLvlTypeId="16" Intrnl_Id="217" Name="addGood">
<Header>
<Loc EndOffset="4754" SrcFileId="3" StartOffset="4710"/>
</Header>
<LocList>
<Loc EndOffset="4854" SrcFileId="3" StartOffset="4710"/>
</LocList>
<StmntSeq Intrnl_Id="218">
<LocList>
<Loc EndOffset="4850" SrcFileId="3" StartOffset="4798"/>
</LocList>
<BasicStmnt CovItemId="S69" CovItemPrefix="csse376_puerto_rico.Player.java" Intrnl_Id="219">
<LocList>
<Loc EndOffset="4850" SrcFileId="3" StartOffset="4798"/>
</LocList>
</BasicStmnt>
</StmntSeq>
</HierarchyLvl>
<HierarchyLvl HierarchyLvlId="596" HierarchyLvlTypeId="16" Intrnl_Id="220" Name="toString">
<Header>
<Loc EndOffset="4895" SrcFileId="3" StartOffset="4859"/>
</Header>
<LocList>
<Loc EndOffset="5793" SrcFileId="3" StartOffset="4859"/>
</LocList>
<StmntSeq Intrnl_Id="221">
<LocList>
<Loc EndOffset="4917" SrcFileId="3" StartOffset="4901"/>
<Loc EndOffset="4946" SrcFileId="3" StartOffset="4921"/>
<Loc EndOffset="4996" SrcFileId="3" StartOffset="4950"/>
<Loc EndOffset="5027" SrcFileId="3" StartOffset="5000"/>
<Loc EndOffset="5153" SrcFileId="3" StartOffset="5031"/>
<Loc EndOffset="5293" SrcFileId="3" StartOffset="5157"/>
<Loc EndOffset="5774" SrcFileId="3" StartOffset="5297"/>
<Loc EndOffset="5789" SrcFileId="3" StartOffset="5778"/>
</LocList>
<BasicStmnt CovItemId="S70" CovItemPrefix="csse376_puerto_rico.Player.java" Intrnl_Id="222">
<LocList>
<Loc EndOffset="4917" SrcFileId="3" StartOffset="4901"/>
</LocList>
</BasicStmnt>
<BasicStmnt CovItemId="S71" CovItemPrefix="csse376_puerto_rico.Player.java" Intrnl_Id="223">
<LocList>
<Loc EndOffset="4946" SrcFileId="3" StartOffset="4921"/>
</LocList>
</BasicStmnt>
<BasicStmnt CovItemId="S72" CovItemPrefix="csse376_puerto_rico.Player.java" Intrnl_Id="224">
<LocList>
<Loc EndOffset="4996" SrcFileId="3" StartOffset="4950"/>
</LocList>
</BasicStmnt>
<BasicStmnt CovItemId="S73" CovItemPrefix="csse376_puerto_rico.Player.java" Intrnl_Id="225">
<LocList>
<Loc EndOffset="5027" SrcFileId="3" StartOffset="5000"/>
</LocList>
</BasicStmnt>
<LoopStmnt CovItemId="S74" CovItemPrefix="csse376_puerto_rico.Player.java" Intrnl_Id="226" MltplExecId="L7-2" MltplExecPrefix="csse376_puerto_rico.Player.java" NvrExecId="L7-0" NvrExecPrefix="csse376_puerto_rico.Player.java" OnceExecutedId="L7-1" OnceExecutedPrefix="csse376_puerto_rico.Player.java" OptBodyExec="true">
<StmntSeq Intrnl_Id="227">
<LocList>
<Loc EndOffset="5148" SrcFileId="3" StartOffset="5085"/>
</LocList>
<BasicStmnt CovItemId="S75" CovItemPrefix="csse376_puerto_rico.Player.java" Intrnl_Id="228">
<LocList>
<Loc EndOffset="5148" SrcFileId="3" StartOffset="5085"/>
</LocList>
</BasicStmnt>
</StmntSeq>
<Keyword EndOffset="5034" SrcFileId="3" StartOffset="5031"/>
<LocList>
<Loc EndOffset="5153" SrcFileId="3" StartOffset="5031"/>
</LocList>
<RootTerm CovItemId="C5" CovItemPrefix="csse376_puerto_rico.Player.java" Intrnl_Id="229">
<BasicBoolTerm Intrnl_Id="230">
<LocList>
<Loc EndOffset="5072" SrcFileId="3" StartOffset="5047"/>
</LocList>
</BasicBoolTerm>
</RootTerm>
</LoopStmnt>
<LoopStmnt CovItemId="S76" CovItemPrefix="csse376_puerto_rico.Player.java" Intrnl_Id="231" MltplExecId="L8-2" MltplExecPrefix="csse376_puerto_rico.Player.java" NvrExecId="L8-0" NvrExecPrefix="csse376_puerto_rico.Player.java" OnceExecutedId="L8-1" OnceExecutedPrefix="csse376_puerto_rico.Player.java" OptBodyExec="true">
<StmntSeq Intrnl_Id="232">
<LocList>
<Loc EndOffset="5288" SrcFileId="3" StartOffset="5213"/>
</LocList>
<BasicStmnt CovItemId="S77" CovItemPrefix="csse376_puerto_rico.Player.java" Intrnl_Id="233">
<LocList>
<Loc EndOffset="5288" SrcFileId="3" StartOffset="5213"/>
</LocList>
</BasicStmnt>
</StmntSeq>
<Keyword EndOffset="5160" SrcFileId="3" StartOffset="5157"/>
<LocList>
<Loc EndOffset="5293" SrcFileId="3" StartOffset="5157"/>
</LocList>
<RootTerm CovItemId="C6" CovItemPrefix="csse376_puerto_rico.Player.java" Intrnl_Id="234">
<BasicBoolTerm Intrnl_Id="235">
<LocList>
<Loc EndOffset="5200" SrcFileId="3" StartOffset="5173"/>
</LocList>
</BasicBoolTerm>
</RootTerm>
</LoopStmnt>
<CondStmnt CovItemId="S78" CovItemPrefix="csse376_puerto_rico.Player.java" Intrnl_Id="236">
<Branch CovItemId="B9" CovItemPrefix="csse376_puerto_rico.Player.java" Implct="false" Intrnl_Id="237">
<Cond/>
<LocList>
<Loc EndOffset="5546" SrcFileId="3" StartOffset="5313"/>
</LocList>
<StmntSeq Intrnl_Id="238">
<LocList>
<Loc EndOffset="5541" SrcFileId="3" StartOffset="5319"/>
</LocList>
<BasicStmnt CovItemId="S79" CovItemPrefix="csse376_puerto_rico.Player.java" Intrnl_Id="239">
<LocList>
<Loc EndOffset="5541" SrcFileId="3" StartOffset="5319"/>
</LocList>
</BasicStmnt>
</StmntSeq>
</Branch>
<Branch CovItemId="B10" CovItemPrefix="csse376_puerto_rico.Player.java" Implct="false" Intrnl_Id="240">
<Cond>
<Loc EndOffset="5551" SrcFileId="3" StartOffset="5547"/>
</Cond>
<LocList>
<Loc EndOffset="5774" SrcFileId="3" StartOffset="5552"/>
</LocList>
<StmntSeq Intrnl_Id="241">
<LocList>
<Loc EndOffset="5769" SrcFileId="3" StartOffset="5558"/>
</LocList>
<BasicStmnt CovItemId="S80" CovItemPrefix="csse376_puerto_rico.Player.java" Intrnl_Id="242">
<LocList>
<Loc EndOffset="5769" SrcFileId="3" StartOffset="5558"/>
</LocList>
</BasicStmnt>
</StmntSeq>
</Branch>
<Keyword EndOffset="5299" SrcFileId="3" StartOffset="5297"/>
<LocList>
<Loc EndOffset="5774" SrcFileId="3" StartOffset="5297"/>
</LocList>
<RootTerm CovItemId="C7" CovItemPrefix="csse376_puerto_rico.Player.java" Intrnl_Id="243">
<BasicBoolTerm Intrnl_Id="244">
<LocList>
<Loc EndOffset="5311" SrcFileId="3" StartOffset="5301"/>
</LocList>
</BasicBoolTerm>
</RootTerm>
</CondStmnt>
<BasicStmnt CovItemId="S81" CovItemPrefix="csse376_puerto_rico.Player.java" Intrnl_Id="245">
<LocList>
<Loc EndOffset="5789" SrcFileId="3" StartOffset="5778"/>
</LocList>
</BasicStmnt>
</StmntSeq>
</HierarchyLvl>
<HierarchyLvl HierarchyLvlId="597" HierarchyLvlTypeId="16" Intrnl_Id="246" Name="updatePlayerInfo">
<Header>
<Loc EndOffset="5828" SrcFileId="3" StartOffset="5798"/>
</Header>
<LocList>
<Loc EndOffset="5872" SrcFileId="3" StartOffset="5798"/>
</LocList>
<StmntSeq Intrnl_Id="247">
<LocList>
<Loc EndOffset="5868" SrcFileId="3" StartOffset="5834"/>
</LocList>
<BasicStmnt CovItemId="S82" CovItemPrefix="csse376_puerto_rico.Player.java" Intrnl_Id="248">
<LocList>
<Loc EndOffset="5868" SrcFileId="3" StartOffset="5834"/>
</LocList>
</BasicStmnt>
</StmntSeq>
</HierarchyLvl>
<HierarchyLvl HierarchyLvlId="598" HierarchyLvlTypeId="16" Intrnl_Id="249" Name="getPlantations">
<Header>
<Loc EndOffset="5922" SrcFileId="3" StartOffset="5877"/>
</Header>
<LocList>
<Loc EndOffset="5956" SrcFileId="3" StartOffset="5877"/>
</LocList>
<StmntSeq Intrnl_Id="250">
<LocList>
<Loc EndOffset="5952" SrcFileId="3" StartOffset="5928"/>
</LocList>
<BasicStmnt CovItemId="S83" CovItemPrefix="csse376_puerto_rico.Player.java" Intrnl_Id="251">
<LocList>
<Loc EndOffset="5952" SrcFileId="3" StartOffset="5928"/>
</LocList>
</BasicStmnt>
</StmntSeq>
</HierarchyLvl>
<HierarchyLvl HierarchyLvlId="599" HierarchyLvlTypeId="16" Intrnl_Id="252" Name="addPlantations">
<Header>
<Loc EndOffset="6003" SrcFileId="3" StartOffset="5961"/>
</Header>
<LocList>
<Loc EndOffset="6039" SrcFileId="3" StartOffset="5961"/>
</LocList>
<StmntSeq Intrnl_Id="253">
<LocList>
<Loc EndOffset="6035" SrcFileId="3" StartOffset="6009"/>
</LocList>
<BasicStmnt CovItemId="S84" CovItemPrefix="csse376_puerto_rico.Player.java" Intrnl_Id="254">
<LocList>
<Loc EndOffset="6035" SrcFileId="3" StartOffset="6009"/>
</LocList>
</BasicStmnt>
</StmntSeq>
</HierarchyLvl>
<HierarchyLvl HierarchyLvlId="600" HierarchyLvlTypeId="16" Intrnl_Id="255" Name="getPlantationsStringList">
<Header>
<Loc EndOffset="6095" SrcFileId="3" StartOffset="6044"/>
</Header>
<LocList>
<Loc EndOffset="6237" SrcFileId="3" StartOffset="6044"/>
</LocList>
<StmntSeq Intrnl_Id="256">
<LocList>
<Loc EndOffset="6149" SrcFileId="3" StartOffset="6101"/>
<Loc EndOffset="6218" SrcFileId="3" StartOffset="6153"/>
<Loc EndOffset="6233" SrcFileId="3" StartOffset="6222"/>
</LocList>
<BasicStmnt CovItemId="S85" CovItemPrefix="csse376_puerto_rico.Player.java" Intrnl_Id="257">
<LocList>
<Loc EndOffset="6149" SrcFileId="3" StartOffset="6101"/>
</LocList>
</BasicStmnt>
<LoopStmnt CovItemId="S86" CovItemPrefix="csse376_puerto_rico.Player.java" Intrnl_Id="258" MltplExecId="L9-2" MltplExecPrefix="csse376_puerto_rico.Player.java" NvrExecId="L9-0" NvrExecPrefix="csse376_puerto_rico.Player.java" OnceExecutedId="L9-1" OnceExecutedPrefix="csse376_puerto_rico.Player.java" OptBodyExec="true">
<StmntSeq Intrnl_Id="259">
<LocList>
<Loc EndOffset="6213" SrcFileId="3" StartOffset="6197"/>
</LocList>
<BasicStmnt CovItemId="S87" CovItemPrefix="csse376_puerto_rico.Player.java" Intrnl_Id="260">
<LocList>
<Loc EndOffset="6213" SrcFileId="3" StartOffset="6197"/>
</LocList>
</BasicStmnt>
</StmntSeq>
<Keyword EndOffset="6156" SrcFileId="3" StartOffset="6153"/>
<LocList>
<Loc EndOffset="6218" SrcFileId="3" StartOffset="6153"/>
</LocList>
</LoopStmnt>
<BasicStmnt CovItemId="S88" CovItemPrefix="csse376_puerto_rico.Player.java" Intrnl_Id="261">
<LocList>
<Loc EndOffset="6233" SrcFileId="3" StartOffset="6222"/>
</LocList>
</BasicStmnt>
</StmntSeq>
</HierarchyLvl>
<HierarchyLvl HierarchyLvlId="601" HierarchyLvlTypeId="16" Intrnl_Id="262" Name="checkPlantation">
<Header>
<Loc EndOffset="6394" SrcFileId="3" StartOffset="6365"/>
</Header>
<LocList>
<Loc EndOffset="6539" SrcFileId="3" StartOffset="6365"/>
</LocList>
<StmntSeq Intrnl_Id="263">
<LocList>
<Loc EndOffset="6535" SrcFileId="3" StartOffset="6400"/>
</LocList>
<LoopStmnt CovItemId="S89" CovItemPrefix="csse376_puerto_rico.Player.java" Intrnl_Id="264" MltplExecId="L10-2" MltplExecPrefix="csse376_puerto_rico.Player.java" NvrExecId="L10-0" NvrExecPrefix="csse376_puerto_rico.Player.java" OnceExecutedId="L10-1" OnceExecutedPrefix="csse376_puerto_rico.Player.java" OptBodyExec="true">
<StmntSeq Intrnl_Id="265">
<LocList>
<Loc EndOffset="6530" SrcFileId="3" StartOffset="6444"/>
</LocList>
<CondStmnt CovItemId="S90" CovItemPrefix="csse376_puerto_rico.Player.java" Intrnl_Id="266">
<Branch CovItemId="B11" CovItemPrefix="csse376_puerto_rico.Player.java" Implct="false" Intrnl_Id="267">
<Cond/>
<LocList>
<Loc EndOffset="6530" SrcFileId="3" StartOffset="6461"/>
</LocList>
<StmntSeq Intrnl_Id="268">
<LocList>
<Loc EndOffset="6524" SrcFileId="3" StartOffset="6500"/>
</LocList>
<BasicStmnt CovItemId="S91" CovItemPrefix="csse376_puerto_rico.Player.java" Intrnl_Id="269">
<LocList>
<Loc EndOffset="6524" SrcFileId="3" StartOffset="6500"/>
</LocList>
</BasicStmnt>
</StmntSeq>
</Branch>
<Branch CovItemId="B12" CovItemPrefix="csse376_puerto_rico.Player.java" Implct="true" Intrnl_Id="270">
<Cond/>
<LocList/>
<StmntSeq Intrnl_Id="271">
<LocList/>
</StmntSeq>
</Branch>
<Keyword EndOffset="6446" SrcFileId="3" StartOffset="6444"/>
<LocList>
<Loc EndOffset="6530" SrcFileId="3" StartOffset="6444"/>
</LocList>
<RootTerm CovItemId="C8" CovItemPrefix="csse376_puerto_rico.Player.java" Intrnl_Id="272">
<BasicBoolTerm Intrnl_Id="273">
<LocList>
<Loc EndOffset="6459" SrcFileId="3" StartOffset="6448"/>
</LocList>
</BasicBoolTerm>
</RootTerm>
</CondStmnt>
</StmntSeq>
<Keyword EndOffset="6403" SrcFileId="3" StartOffset="6400"/>
<LocList>
<Loc EndOffset="6535" SrcFileId="3" StartOffset="6400"/>
</LocList>
</LoopStmnt>
</StmntSeq>
</HierarchyLvl>
<HierarchyLvl HierarchyLvlId="602" HierarchyLvlTypeId="16" Intrnl_Id="274" Name="getDoubloons">
<Header>
<Loc EndOffset="6569" SrcFileId="3" StartOffset="6544"/>
</Header>
<LocList>
<Loc EndOffset="6601" SrcFileId="3" StartOffset="6544"/>
</LocList>
<StmntSeq Intrnl_Id="275">
<LocList>
<Loc EndOffset="6597" SrcFileId="3" StartOffset="6575"/>
</LocList>
<BasicStmnt CovItemId="S92" CovItemPrefix="csse376_puerto_rico.Player.java" Intrnl_Id="276">
<LocList>
<Loc EndOffset="6597" SrcFileId="3" StartOffset="6575"/>
</LocList>
</BasicStmnt>
</StmntSeq>
</HierarchyLvl>
<HierarchyLvl HierarchyLvlId="603" HierarchyLvlTypeId="16" Intrnl_Id="277" Name="setDoubloons">
<Header>
<Loc EndOffset="6639" SrcFileId="3" StartOffset="6606"/>
</Header>
<LocList>
<Loc EndOffset="6670" SrcFileId="3" StartOffset="6606"/>
</LocList>
<StmntSeq Intrnl_Id="278">
<LocList>
<Loc EndOffset="6666" SrcFileId="3" StartOffset="6645"/>
</LocList>
<BasicStmnt CovItemId="S93" CovItemPrefix="csse376_puerto_rico.Player.java" Intrnl_Id="279">
<LocList>
<Loc EndOffset="6666" SrcFileId="3" StartOffset="6645"/>
</LocList>
</BasicStmnt>
</StmntSeq>
</HierarchyLvl>
<HierarchyLvl HierarchyLvlId="604" HierarchyLvlTypeId="16" Intrnl_Id="280" Name="sellGood">
<Header>
<Loc EndOffset="6712" SrcFileId="3" StartOffset="6675"/>
</Header>
<LocList>
<Loc EndOffset="6765" SrcFileId="3" StartOffset="6675"/>
</LocList>
<StmntSeq Intrnl_Id="281">
<LocList>
<Loc EndOffset="6759" SrcFileId="3" StartOffset="6718"/>
</LocList>
<BasicStmnt CovItemId="S94" CovItemPrefix="csse376_puerto_rico.Player.java" Intrnl_Id="282">
<LocList>
<Loc EndOffset="6759" SrcFileId="3" StartOffset="6718"/>
</LocList>
</BasicStmnt>
</StmntSeq>
</HierarchyLvl>
</HierarchyLvl>
<HierarchyLvl HierarchyLvlId="607" HierarchyLvlTypeId="15" Intrnl_Id="283" Name="MenuGUI">
<Header>
<Loc EndOffset="297" SrcFileId="4" StartOffset="277"/>
</Header>
<LocList>
<Loc EndOffset="1547" SrcFileId="4" StartOffset="277"/>
</LocList>
<StmntSeq Intrnl_Id="284">
<LocList>
<Loc EndOffset="372" SrcFileId="4" StartOffset="340"/>
</LocList>
<BasicStmnt CovItemId="S1" CovItemPrefix="csse376_puerto_rico.MenuGUI.java" Intrnl_Id="285">
<LocList>
<Loc EndOffset="372" SrcFileId="4" StartOffset="340"/>
</LocList>
</BasicStmnt>
</StmntSeq>
<HierarchyLvl HierarchyLvlId="606" HierarchyLvlTypeId="16" Intrnl_Id="286" Name="MenuGUI">
<Header>
<Loc EndOffset="459" SrcFileId="4" StartOffset="443"/>
</Header>
<LocList>
<Loc EndOffset="1542" SrcFileId="4" StartOffset="443"/>
</LocList>
<StmntSeq Intrnl_Id="287">
<LocList>
<Loc EndOffset="513" SrcFileId="4" StartOffset="474"/>
<Loc EndOffset="560" SrcFileId="4" StartOffset="526"/>
<Loc EndOffset="605" SrcFileId="4" StartOffset="573"/>
<Loc EndOffset="680" SrcFileId="4" StartOffset="618"/>
<Loc EndOffset="882" SrcFileId="4" StartOffset="851"/>
<Loc EndOffset="929" SrcFileId="4" StartOffset="895"/>
<Loc EndOffset="996" SrcFileId="4" StartOffset="955"/>
<Loc EndOffset="1055" SrcFileId="4" StartOffset="1009"/>
<Loc EndOffset="1117" SrcFileId="4" StartOffset="1081"/>
<Loc EndOffset="1185" SrcFileId="4" StartOffset="1143"/>
<Loc EndOffset="1260" SrcFileId="4" StartOffset="1198"/>
<Loc EndOffset="1308" SrcFileId="4" StartOffset="1273"/>
<Loc EndOffset="1359" SrcFileId="4" StartOffset="1334"/>
<Loc EndOffset="1394" SrcFileId="4" StartOffset="1372"/>
<Loc EndOffset="1469" SrcFileId="4" StartOffset="1420"/>
<Loc EndOffset="1534" SrcFileId="4" StartOffset="1482"/>
</LocList>
<BasicStmnt CovItemId="S2" CovItemPrefix="csse376_puerto_rico.MenuGUI.java" Intrnl_Id="288">
<LocList>
<Loc EndOffset="513" SrcFileId="4" StartOffset="474"/>
</LocList>
</BasicStmnt>
<BasicStmnt CovItemId="S3" CovItemPrefix="csse376_puerto_rico.MenuGUI.java" Intrnl_Id="289">
<LocList>
<Loc EndOffset="560" SrcFileId="4" StartOffset="526"/>
</LocList>
</BasicStmnt>
<BasicStmnt CovItemId="S4" CovItemPrefix="csse376_puerto_rico.MenuGUI.java" Intrnl_Id="290">
<LocList>
<Loc EndOffset="605" SrcFileId="4" StartOffset="573"/>
</LocList>
</BasicStmnt>
<BasicStmnt CovItemId="S5" CovItemPrefix="csse376_puerto_rico.MenuGUI.java" Intrnl_Id="291">
<LocList>
<Loc EndOffset="680" SrcFileId="4" StartOffset="618"/>
</LocList>
</BasicStmnt>
<BasicStmnt CovItemId="S6" CovItemPrefix="csse376_puerto_rico.MenuGUI.java" Intrnl_Id="292">
<LocList>
<Loc EndOffset="882" SrcFileId="4" StartOffset="851"/>
</LocList>
</BasicStmnt>
<BasicStmnt CovItemId="S7" CovItemPrefix="csse376_puerto_rico.MenuGUI.java" Intrnl_Id="293">
<LocList>
<Loc EndOffset="929" SrcFileId="4" StartOffset="895"/>
</LocList>
</BasicStmnt>
<BasicStmnt CovItemId="S8" CovItemPrefix="csse376_puerto_rico.MenuGUI.java" Intrnl_Id="294">
<LocList>
<Loc EndOffset="996" SrcFileId="4" StartOffset="955"/>
</LocList>
</BasicStmnt>
<BasicStmnt CovItemId="S9" CovItemPrefix="csse376_puerto_rico.MenuGUI.java" Intrnl_Id="295">
<LocList>
<Loc EndOffset="1055" SrcFileId="4" StartOffset="1009"/>
</LocList>
</BasicStmnt>
<BasicStmnt CovItemId="S10" CovItemPrefix="csse376_puerto_rico.MenuGUI.java" Intrnl_Id="296">
<LocList>
<Loc EndOffset="1117" SrcFileId="4" StartOffset="1081"/>
</LocList>
</BasicStmnt>
<BasicStmnt CovItemId="S11" CovItemPrefix="csse376_puerto_rico.MenuGUI.java" Intrnl_Id="297">
<LocList>
<Loc EndOffset="1185" SrcFileId="4" StartOffset="1143"/>
</LocList>
</BasicStmnt>
<BasicStmnt CovItemId="S12" CovItemPrefix="csse376_puerto_rico.MenuGUI.java" Intrnl_Id="298">
<LocList>
<Loc EndOffset="1260" SrcFileId="4" StartOffset="1198"/>
</LocList>
</BasicStmnt>
<BasicStmnt CovItemId="S13" CovItemPrefix="csse376_puerto_rico.MenuGUI.java" Intrnl_Id="299">
<LocList>
<Loc EndOffset="1308" SrcFileId="4" StartOffset="1273"/>
</LocList>
</BasicStmnt>
<BasicStmnt CovItemId="S14" CovItemPrefix="csse376_puerto_rico.MenuGUI.java" Intrnl_Id="300">
<LocList>
<Loc EndOffset="1359" SrcFileId="4" StartOffset="1334"/>
</LocList>
</BasicStmnt>
<BasicStmnt CovItemId="S15" CovItemPrefix="csse376_puerto_rico.MenuGUI.java" Intrnl_Id="301">
<LocList>
<Loc EndOffset="1394" SrcFileId="4" StartOffset="1372"/>
</LocList>
</BasicStmnt>
<BasicStmnt CovItemId="S16" CovItemPrefix="csse376_puerto_rico.MenuGUI.java" Intrnl_Id="302">
<LocList>
<Loc EndOffset="1469" SrcFileId="4" StartOffset="1420"/>
</LocList>
</BasicStmnt>
<BasicStmnt CovItemId="S17" CovItemPrefix="csse376_puerto_rico.MenuGUI.java" Intrnl_Id="303">
<LocList>
<Loc EndOffset="1534" SrcFileId="4" StartOffset="1482"/>
</LocList>
</BasicStmnt>
</StmntSeq>
</HierarchyLvl>
</HierarchyLvl>
<HierarchyLvl HierarchyLvlId="609" HierarchyLvlTypeId="15" Intrnl_Id="304" Name="Main">
<Header>
<Loc EndOffset="47" SrcFileId="5" StartOffset="30"/>
</Header>
<LocList>
<Loc EndOffset="149" SrcFileId="5" StartOffset="30"/>
</LocList>
<HierarchyLvl HierarchyLvlId="608" HierarchyLvlTypeId="16" Intrnl_Id="305" Name="main">
<Header>
<Loc EndOffset="125" SrcFileId="5" StartOffset="87"/>
</Header>
<LocList>
<Loc EndOffset="147" SrcFileId="5" StartOffset="87"/>
</LocList>
<StmntSeq Intrnl_Id="306">
<LocList>
<Loc EndOffset="144" SrcFileId="5" StartOffset="130"/>
</LocList>
<BasicStmnt CovItemId="S1" CovItemPrefix="csse376_puerto_rico.Main.java" Intrnl_Id="307">
<LocList>
<Loc EndOffset="144" SrcFileId="5" StartOffset="130"/>
</LocList>
</BasicStmnt>
</StmntSeq>
</HierarchyLvl>
</HierarchyLvl>
<HierarchyLvl HierarchyLvlId="613" HierarchyLvlTypeId="15" Intrnl_Id="308" Name="GoodsButton">
<Header>
<Loc EndOffset="264" SrcFileId="6" StartOffset="224"/>
</Header>
<LocList>
<Loc EndOffset="1005" SrcFileId="6" StartOffset="224"/>
</LocList>
<HierarchyLvl HierarchyLvlId="612" HierarchyLvlTypeId="16" Intrnl_Id="309" Name="GoodsButton">
<Header>
<Loc EndOffset="438" SrcFileId="6" StartOffset="389"/>
</Header>
<LocList>
<Loc EndOffset="1002" SrcFileId="6" StartOffset="389"/>
</LocList>
<StmntSeq Intrnl_Id="310">
<LocList>
<Loc EndOffset="458" SrcFileId="6" StartOffset="446"/>
<Loc EndOffset="479" SrcFileId="6" StartOffset="462"/>
<Loc EndOffset="502" SrcFileId="6" StartOffset="483"/>
<Loc EndOffset="528" SrcFileId="6" StartOffset="506"/>
<Loc EndOffset="552" SrcFileId="6" StartOffset="532"/>
<Loc EndOffset="579" SrcFileId="6" StartOffset="556"/>
<Loc EndOffset="959" SrcFileId="6" StartOffset="957"/>
<Loc EndOffset="998" SrcFileId="6" StartOffset="967"/>
</LocList>
<BasicStmnt CovItemId="S1" CovItemPrefix="csse376_puerto_rico.GoodsButton.java" Intrnl_Id="311">
<LocList>
<Loc EndOffset="458" SrcFileId="6" StartOffset="446"/>
</LocList>
</BasicStmnt>
<BasicStmnt CovItemId="S2" CovItemPrefix="csse376_puerto_rico.GoodsButton.java" Intrnl_Id="312">
<LocList>
<Loc EndOffset="479" SrcFileId="6" StartOffset="462"/>
</LocList>
</BasicStmnt>
<BasicStmnt CovItemId="S3" CovItemPrefix="csse376_puerto_rico.GoodsButton.java" Intrnl_Id="313">
<LocList>
<Loc EndOffset="502" SrcFileId="6" StartOffset="483"/>
</LocList>
</BasicStmnt>
<BasicStmnt CovItemId="S4" CovItemPrefix="csse376_puerto_rico.GoodsButton.java" Intrnl_Id="314">
<LocList>
<Loc EndOffset="528" SrcFileId="6" StartOffset="506"/>
</LocList>
</BasicStmnt>
<BasicStmnt CovItemId="S5" CovItemPrefix="csse376_puerto_rico.GoodsButton.java" Intrnl_Id="315">
<LocList>
<Loc EndOffset="552" SrcFileId="6" StartOffset="532"/>
</LocList>
</BasicStmnt>
<BasicStmnt CovItemId="S6" CovItemPrefix="csse376_puerto_rico.GoodsButton.java" Intrnl_Id="316">
<LocList>
<Loc EndOffset="579" SrcFileId="6" StartOffset="556"/>
<Loc EndOffset="959" SrcFileId="6" StartOffset="957"/>
</LocList>
</BasicStmnt>
<BasicStmnt CovItemId="S12" CovItemPrefix="csse376_puerto_rico.GoodsButton.java" Intrnl_Id="317">
<LocList>
<Loc EndOffset="998" SrcFileId="6" StartOffset="967"/>
</LocList>
</BasicStmnt>
</StmntSeq>
<HierarchyLvl HierarchyLvlId="611" HierarchyLvlTypeId="18" Intrnl_Id="318" Name="ActionListener">
<Header>
<Loc EndOffset="599" SrcFileId="6" StartOffset="583"/>
</Header>
<LocList>
<Loc EndOffset="957" SrcFileId="6" StartOffset="579"/>
</LocList>
<HierarchyLvl HierarchyLvlId="610" HierarchyLvlTypeId="16" Intrnl_Id="319" Name="actionPerformed">
<Header>
<Loc EndOffset="667" SrcFileId="6" StartOffset="611"/>
</Header>
<LocList>
<Loc EndOffset="952" SrcFileId="6" StartOffset="611"/>
</LocList>
<StmntSeq Intrnl_Id="320">
<LocList>
<Loc EndOffset="946" SrcFileId="6" StartOffset="686"/>
</LocList>
<LoopStmnt CovItemId="S7" CovItemPrefix="csse376_puerto_rico.GoodsButton.java" Intrnl_Id="321" MltplExecId="L1-2" MltplExecPrefix="csse376_puerto_rico.GoodsButton.java" NvrExecId="L1-0" NvrExecPrefix="csse376_puerto_rico.GoodsButton.java" OnceExecutedId="L1-1" OnceExecutedPrefix="csse376_puerto_rico.GoodsButton.java" OptBodyExec="true">
<StmntSeq Intrnl_Id="322">
<LocList>
<Loc EndOffset="758" SrcFileId="6" StartOffset="735"/>
<Loc EndOffset="842" SrcFileId="6" StartOffset="766"/>
<Loc EndOffset="887" SrcFileId="6" StartOffset="850"/>
<Loc EndOffset="938" SrcFileId="6" StartOffset="895"/>
</LocList>
<BasicStmnt CovItemId="S8" CovItemPrefix="csse376_puerto_rico.GoodsButton.java" Intrnl_Id="323">
<LocList>
<Loc EndOffset="758" SrcFileId="6" StartOffset="735"/>
</LocList>
</BasicStmnt>
<BasicStmnt CovItemId="S9" CovItemPrefix="csse376_puerto_rico.GoodsButton.java" Intrnl_Id="324">
<LocList>
<Loc EndOffset="842" SrcFileId="6" StartOffset="766"/>
</LocList>
</BasicStmnt>
<BasicStmnt CovItemId="S10" CovItemPrefix="csse376_puerto_rico.GoodsButton.java" Intrnl_Id="325">
<LocList>
<Loc EndOffset="887" SrcFileId="6" StartOffset="850"/>
</LocList>
</BasicStmnt>
<BasicStmnt CovItemId="S11" CovItemPrefix="csse376_puerto_rico.GoodsButton.java" Intrnl_Id="326">
<LocList>
<Loc EndOffset="938" SrcFileId="6" StartOffset="895"/>
</LocList>
</BasicStmnt>
</StmntSeq>
<Keyword EndOffset="689" SrcFileId="6" StartOffset="686"/>
<LocList>
<Loc EndOffset="946" SrcFileId="6" StartOffset="686"/>
</LocList>
<RootTerm CovItemId="C1" CovItemPrefix="csse376_puerto_rico.GoodsButton.java" Intrnl_Id="327">
<BasicBoolTerm Intrnl_Id="328">
<LocList>
<Loc EndOffset="714" SrcFileId="6" StartOffset="698"/>
</LocList>
</BasicBoolTerm>
</RootTerm>
</LoopStmnt>
</StmntSeq>
</HierarchyLvl>
</HierarchyLvl>
</HierarchyLvl>
</HierarchyLvl>
<HierarchyLvl HierarchyLvlId="629" HierarchyLvlTypeId="15" Intrnl_Id="329" Name="GameState">
<Header>
<Loc EndOffset="274" SrcFileId="7" StartOffset="252"/>
</Header>
<LocList>
<Loc EndOffset="7233" SrcFileId="7" StartOffset="252"/>
</LocList>
<StmntSeq Intrnl_Id="330">
<LocList>
<Loc EndOffset="353" SrcFileId="7" StartOffset="281"/>
<Loc EndOffset="442" SrcFileId="7" StartOffset="416"/>
<Loc EndOffset="479" SrcFileId="7" StartOffset="445"/>
<Loc EndOffset="508" SrcFileId="7" StartOffset="482"/>
<Loc EndOffset="545" SrcFileId="7" StartOffset="511"/>
<Loc EndOffset="574" SrcFileId="7" StartOffset="548"/>
<Loc EndOffset="611" SrcFileId="7" StartOffset="577"/>
<Loc EndOffset="652" SrcFileId="7" StartOffset="614"/>
<Loc EndOffset="904" SrcFileId="7" StartOffset="868"/>
</LocList>
<BasicStmnt CovItemId="S1" CovItemPrefix="csse376_puerto_rico.GameState.java" Intrnl_Id="331">
<LocList>
<Loc EndOffset="353" SrcFileId="7" StartOffset="281"/>
</LocList>
</BasicStmnt>
<BasicStmnt CovItemId="S2" CovItemPrefix="csse376_puerto_rico.GameState.java" Intrnl_Id="332">
<LocList>
<Loc EndOffset="442" SrcFileId="7" StartOffset="416"/>
</LocList>
</BasicStmnt>
<BasicStmnt CovItemId="S3" CovItemPrefix="csse376_puerto_rico.GameState.java" Intrnl_Id="333">
<LocList>
<Loc EndOffset="479" SrcFileId="7" StartOffset="445"/>
</LocList>
</BasicStmnt>
<BasicStmnt CovItemId="S4" CovItemPrefix="csse376_puerto_rico.GameState.java" Intrnl_Id="334">
<LocList>
<Loc EndOffset="508" SrcFileId="7" StartOffset="482"/>
</LocList>
</BasicStmnt>
<BasicStmnt CovItemId="S5" CovItemPrefix="csse376_puerto_rico.GameState.java" Intrnl_Id="335">
<LocList>
<Loc EndOffset="545" SrcFileId="7" StartOffset="511"/>
</LocList>
</BasicStmnt>
<BasicStmnt CovItemId="S6" CovItemPrefix="csse376_puerto_rico.GameState.java" Intrnl_Id="336">
<LocList>
<Loc EndOffset="574" SrcFileId="7" StartOffset="548"/>
</LocList>
</BasicStmnt>
<BasicStmnt CovItemId="S7" CovItemPrefix="csse376_puerto_rico.GameState.java" Intrnl_Id="337">
<LocList>
<Loc EndOffset="611" SrcFileId="7" StartOffset="577"/>
</LocList>
</BasicStmnt>
<BasicStmnt CovItemId="S8" CovItemPrefix="csse376_puerto_rico.GameState.java" Intrnl_Id="338">
<LocList>
<Loc EndOffset="652" SrcFileId="7" StartOffset="614"/>
</LocList>
</BasicStmnt>
<BasicStmnt CovItemId="S9" CovItemPrefix="csse376_puerto_rico.GameState.java" Intrnl_Id="339">
<LocList>
<Loc EndOffset="904" SrcFileId="7" StartOffset="868"/>
</LocList>
</BasicStmnt>
</StmntSeq>
<HierarchyLvl HierarchyLvlId="614" HierarchyLvlTypeId="16" Intrnl_Id="340" Name="GameState">
<Header>
<Loc EndOffset="927" SrcFileId="7" StartOffset="909"/>
</Header>
<LocList>
<Loc EndOffset="1385" SrcFileId="7" StartOffset="909"/>
</LocList>
<StmntSeq Intrnl_Id="341">
<LocList>
<Loc EndOffset="1007" SrcFileId="7" StartOffset="974"/>
<Loc EndOffset="1042" SrcFileId="7" StartOffset="1011"/>
<Loc EndOffset="1079" SrcFileId="7" StartOffset="1046"/>
<Loc EndOffset="1115" SrcFileId="7" StartOffset="1083"/>
<Loc EndOffset="1153" SrcFileId="7" StartOffset="1119"/>
<Loc EndOffset="1196" SrcFileId="7" StartOffset="1177"/>
<Loc EndOffset="1221" SrcFileId="7" StartOffset="1200"/>
<Loc EndOffset="1269" SrcFileId="7" StartOffset="1255"/>
<Loc EndOffset="1310" SrcFileId="7" StartOffset="1273"/>
<Loc EndOffset="1358" SrcFileId="7" StartOffset="1314"/>
<Loc EndOffset="1381" SrcFileId="7" StartOffset="1362"/>
</LocList>
<BasicStmnt CovItemId="S10" CovItemPrefix="csse376_puerto_rico.GameState.java" Intrnl_Id="342">
<LocList>
<Loc EndOffset="1007" SrcFileId="7" StartOffset="974"/>
</LocList>
</BasicStmnt>
<BasicStmnt CovItemId="S11" CovItemPrefix="csse376_puerto_rico.GameState.java" Intrnl_Id="343">
<LocList>
<Loc EndOffset="1042" SrcFileId="7" StartOffset="1011"/>
</LocList>
</BasicStmnt>
<BasicStmnt CovItemId="S12" CovItemPrefix="csse376_puerto_rico.GameState.java" Intrnl_Id="344">
<LocList>
<Loc EndOffset="1079" SrcFileId="7" StartOffset="1046"/>
</LocList>
</BasicStmnt>
<BasicStmnt CovItemId="S13" CovItemPrefix="csse376_puerto_rico.GameState.java" Intrnl_Id="345">
<LocList>
<Loc EndOffset="1115" SrcFileId="7" StartOffset="1083"/>
</LocList>
</BasicStmnt>
<BasicStmnt CovItemId="S14" CovItemPrefix="csse376_puerto_rico.GameState.java" Intrnl_Id="346">
<LocList>
<Loc EndOffset="1153" SrcFileId="7" StartOffset="1119"/>
</LocList>
</BasicStmnt>
<BasicStmnt CovItemId="S15" CovItemPrefix="csse376_puerto_rico.GameState.java" Intrnl_Id="347">
<LocList>
<Loc EndOffset="1196" SrcFileId="7" StartOffset="1177"/>
</LocList>
</BasicStmnt>
<BasicStmnt CovItemId="S16" CovItemPrefix="csse376_puerto_rico.GameState.java" Intrnl_Id="348">
<LocList>
<Loc EndOffset="1221" SrcFileId="7" StartOffset="1200"/>
</LocList>
</BasicStmnt>
<BasicStmnt CovItemId="S17" CovItemPrefix="csse376_puerto_rico.GameState.java" Intrnl_Id="349">
<LocList>
<Loc EndOffset="1269" SrcFileId="7" StartOffset="1255"/>
</LocList>
</BasicStmnt>
<BasicStmnt CovItemId="S18" CovItemPrefix="csse376_puerto_rico.GameState.java" Intrnl_Id="350">
<LocList>
<Loc EndOffset="1310" SrcFileId="7" StartOffset="1273"/>
</LocList>
</BasicStmnt>
<BasicStmnt CovItemId="S19" CovItemPrefix="csse376_puerto_rico.GameState.java" Intrnl_Id="351">
<LocList>
<Loc EndOffset="1358" SrcFileId="7" StartOffset="1314"/>
</LocList>
</BasicStmnt>
<BasicStmnt CovItemId="S20" CovItemPrefix="csse376_puerto_rico.GameState.java" Intrnl_Id="352">
<LocList>
<Loc EndOffset="1381" SrcFileId="7" StartOffset="1362"/>
</LocList>
</BasicStmnt>
</StmntSeq>
</HierarchyLvl>
<HierarchyLvl HierarchyLvlId="615" HierarchyLvlTypeId="16" Intrnl_Id="353" Name="GameState">
<Header>
<Loc EndOffset="1428" SrcFileId="7" StartOffset="1390"/>
</Header>
<LocList>
<Loc EndOffset="2925" SrcFileId="7" StartOffset="1390"/>
</LocList>
<StmntSeq Intrnl_Id="354">
<LocList>
<Loc EndOffset="1538" SrcFileId="7" StartOffset="1467"/>
<Loc EndOffset="1589" SrcFileId="7" StartOffset="1556"/>
<Loc EndOffset="1625" SrcFileId="7" StartOffset="1593"/>
<Loc EndOffset="1663" SrcFileId="7" StartOffset="1629"/>
<Loc EndOffset="1700" SrcFileId="7" StartOffset="1667"/>
<Loc EndOffset="1738" SrcFileId="7" StartOffset="1704"/>
<Loc EndOffset="1815" SrcFileId="7" StartOffset="1792"/>
<Loc EndOffset="1849" SrcFileId="7" StartOffset="1819"/>
<Loc EndOffset="1885" SrcFileId="7" StartOffset="1853"/>
<Loc EndOffset="1962" SrcFileId="7" StartOffset="1891"/>
<Loc EndOffset="2037" SrcFileId="7" StartOffset="1966"/>
<Loc EndOffset="2781" SrcFileId="7" StartOffset="2043"/>
<Loc EndOffset="2830" SrcFileId="7" StartOffset="2815"/>
<Loc EndOffset="2871" SrcFileId="7" StartOffset="2834"/>
<Loc EndOffset="2919" SrcFileId="7" StartOffset="2875"/>
</LocList>
<LoopStmnt CovItemId="S21" CovItemPrefix="csse376_puerto_rico.GameState.java" Intrnl_Id="355" MltplExecId="L1-2" MltplExecPrefix="csse376_puerto_rico.GameState.java" NvrExecId="L1-0" NvrExecPrefix="csse376_puerto_rico.GameState.java" OnceExecutedId="L1-1" OnceExecutedPrefix="csse376_puerto_rico.GameState.java" OptBodyExec="true">
<StmntSeq Intrnl_Id="356">
<LocList>
<Loc EndOffset="1533" SrcFileId="7" StartOffset="1498"/>
</LocList>
<BasicStmnt CovItemId="S22" CovItemPrefix="csse376_puerto_rico.GameState.java" Intrnl_Id="357">
<LocList>
<Loc EndOffset="1533" SrcFileId="7" StartOffset="1498"/>
</LocList>
</BasicStmnt>
</StmntSeq>
<Keyword EndOffset="1470" SrcFileId="7" StartOffset="1467"/>
<LocList>
<Loc EndOffset="1538" SrcFileId="7" StartOffset="1467"/>
</LocList>
</LoopStmnt>
<BasicStmnt CovItemId="S23" CovItemPrefix="csse376_puerto_rico.GameState.java" Intrnl_Id="358">
<LocList>
<Loc EndOffset="1589" SrcFileId="7" StartOffset="1556"/>
</LocList>
</BasicStmnt>
<BasicStmnt CovItemId="S24" CovItemPrefix="csse376_puerto_rico.GameState.java" Intrnl_Id="359">
<LocList>
<Loc EndOffset="1625" SrcFileId="7" StartOffset="1593"/>
</LocList>
</BasicStmnt>
<BasicStmnt CovItemId="S25" CovItemPrefix="csse376_puerto_rico.GameState.java" Intrnl_Id="360">
<LocList>
<Loc EndOffset="1663" SrcFileId="7" StartOffset="1629"/>
</LocList>
</BasicStmnt>
<BasicStmnt CovItemId="S26" CovItemPrefix="csse376_puerto_rico.GameState.java" Intrnl_Id="361">
<LocList>
<Loc EndOffset="1700" SrcFileId="7" StartOffset="1667"/>
</LocList>
</BasicStmnt>
<BasicStmnt CovItemId="S27" CovItemPrefix="csse376_puerto_rico.GameState.java" Intrnl_Id="362">
<LocList>
<Loc EndOffset="1738" SrcFileId="7" StartOffset="1704"/>
</LocList>
</BasicStmnt>
<BasicStmnt CovItemId="S28" CovItemPrefix="csse376_puerto_rico.GameState.java" Intrnl_Id="363">
<LocList>
<Loc EndOffset="1815" SrcFileId="7" StartOffset="1792"/>
</LocList>
</BasicStmnt>
<BasicStmnt CovItemId="S29" CovItemPrefix="csse376_puerto_rico.GameState.java" Intrnl_Id="364">
<LocList>
<Loc EndOffset="1849" SrcFileId="7" StartOffset="1819"/>
</LocList>
</BasicStmnt>
<BasicStmnt CovItemId="S30" CovItemPrefix="csse376_puerto_rico.GameState.java" Intrnl_Id="365">
<LocList>
<Loc EndOffset="1885" SrcFileId="7" StartOffset="1853"/>
</LocList>
</BasicStmnt>
<BasicStmnt CovItemId="S31" CovItemPrefix="csse376_puerto_rico.GameState.java" Intrnl_Id="366">
<LocList>
<Loc EndOffset="1962" SrcFileId="7" StartOffset="1891"/>
</LocList>
</BasicStmnt>
<BasicStmnt CovItemId="S32" CovItemPrefix="csse376_puerto_rico.GameState.java" Intrnl_Id="367">
<LocList>
<Loc EndOffset="2037" SrcFileId="7" StartOffset="1966"/>
</LocList>
</BasicStmnt>
<CondStmnt CovItemId="S33" CovItemPrefix="csse376_puerto_rico.GameState.java" Intrnl_Id="368">
<Branch CovItemId="B1" CovItemPrefix="csse376_puerto_rico.GameState.java" Implct="false" Intrnl_Id="369">
<Cond/>
<LocList>
<Loc EndOffset="2202" SrcFileId="7" StartOffset="2066"/>
</LocList>
<StmntSeq Intrnl_Id="370">
<LocList>
<Loc EndOffset="2092" SrcFileId="7" StartOffset="2072"/>
<Loc EndOffset="2116" SrcFileId="7" StartOffset="2097"/>
<Loc EndOffset="2197" SrcFileId="7" StartOffset="2121"/>
</LocList>
<BasicStmnt CovItemId="S34" CovItemPrefix="csse376_puerto_rico.GameState.java" Intrnl_Id="371">
<LocList>
<Loc EndOffset="2092" SrcFileId="7" StartOffset="2072"/>
</LocList>
</BasicStmnt>
<BasicStmnt CovItemId="S35" CovItemPrefix="csse376_puerto_rico.GameState.java" Intrnl_Id="372">
<LocList>
<Loc EndOffset="2116" SrcFileId="7" StartOffset="2097"/>
</LocList>
</BasicStmnt>
<BasicStmnt CovItemId="S36" CovItemPrefix="csse376_puerto_rico.GameState.java" Intrnl_Id="373">
<LocList>
<Loc EndOffset="2197" SrcFileId="7" StartOffset="2121"/>
</LocList>
</BasicStmnt>
</StmntSeq>
</Branch>
<Branch CovItemId="B2" CovItemPrefix="csse376_puerto_rico.GameState.java" Implct="false" Intrnl_Id="374">
<Cond>
<Loc EndOffset="2207" SrcFileId="7" StartOffset="2203"/>
</Cond>
<LocList>
<Loc EndOffset="2781" SrcFileId="7" StartOffset="2208"/>
</LocList>
<StmntSeq Intrnl_Id="375">
<LocList>
<Loc EndOffset="2781" SrcFileId="7" StartOffset="2208"/>
</LocList>
<CondStmnt CovItemId="S37" CovItemPrefix="csse376_puerto_rico.GameState.java" Intrnl_Id="376">
<Branch CovItemId="B3" CovItemPrefix="csse376_puerto_rico.GameState.java" Implct="false" Intrnl_Id="377">
<Cond/>
<LocList>
<Loc EndOffset="2451" SrcFileId="7" StartOffset="2231"/>
</LocList>
<StmntSeq Intrnl_Id="378">
<LocList>
<Loc EndOffset="2257" SrcFileId="7" StartOffset="2237"/>
<Loc EndOffset="2282" SrcFileId="7" StartOffset="2262"/>
<Loc EndOffset="2363" SrcFileId="7" StartOffset="2287"/>
<Loc EndOffset="2444" SrcFileId="7" StartOffset="2368"/>
</LocList>
<BasicStmnt CovItemId="S38" CovItemPrefix="csse376_puerto_rico.GameState.java" Intrnl_Id="379">
<LocList>
<Loc EndOffset="2257" SrcFileId="7" StartOffset="2237"/>
</LocList>
</BasicStmnt>
<BasicStmnt CovItemId="S39" CovItemPrefix="csse376_puerto_rico.GameState.java" Intrnl_Id="380">
<LocList>
<Loc EndOffset="2282" SrcFileId="7" StartOffset="2262"/>
</LocList>
</BasicStmnt>
<BasicStmnt CovItemId="S40" CovItemPrefix="csse376_puerto_rico.GameState.java" Intrnl_Id="381">
<LocList>
<Loc EndOffset="2363" SrcFileId="7" StartOffset="2287"/>
</LocList>
</BasicStmnt>
<BasicStmnt CovItemId="S41" CovItemPrefix="csse376_puerto_rico.GameState.java" Intrnl_Id="382">
<LocList>
<Loc EndOffset="2444" SrcFileId="7" StartOffset="2368"/>
</LocList>
</BasicStmnt>
</StmntSeq>
</Branch>
<Branch CovItemId="B4" CovItemPrefix="csse376_puerto_rico.GameState.java" Implct="false" Intrnl_Id="383">
<Cond>
<Loc EndOffset="2456" SrcFileId="7" StartOffset="2452"/>
</Cond>
<LocList>
<Loc EndOffset="2781" SrcFileId="7" StartOffset="2457"/>
</LocList>
<StmntSeq Intrnl_Id="384">
<LocList>
<Loc EndOffset="2781" SrcFileId="7" StartOffset="2457"/>
</LocList>
<CondStmnt CovItemId="S42" CovItemPrefix="csse376_puerto_rico.GameState.java" Intrnl_Id="385">
<Branch CovItemId="B5" CovItemPrefix="csse376_puerto_rico.GameState.java" Implct="false" Intrnl_Id="386">
<Cond/>
<LocList>
<Loc EndOffset="2781" SrcFileId="7" StartOffset="2480"/>
</LocList>
<StmntSeq Intrnl_Id="387">
<LocList>
<Loc EndOffset="2506" SrcFileId="7" StartOffset="2486"/>
<Loc EndOffset="2531" SrcFileId="7" StartOffset="2511"/>
<Loc EndOffset="2614" SrcFileId="7" StartOffset="2536"/>
<Loc EndOffset="2695" SrcFileId="7" StartOffset="2619"/>
<Loc EndOffset="2776" SrcFileId="7" StartOffset="2700"/>
</LocList>
<BasicStmnt CovItemId="S43" CovItemPrefix="csse376_puerto_rico.GameState.java" Intrnl_Id="388">
<LocList>
<Loc EndOffset="2506" SrcFileId="7" StartOffset="2486"/>
</LocList>
</BasicStmnt>
<BasicStmnt CovItemId="S44" CovItemPrefix="csse376_puerto_rico.GameState.java" Intrnl_Id="389">
<LocList>
<Loc EndOffset="2531" SrcFileId="7" StartOffset="2511"/>
</LocList>
</BasicStmnt>
<BasicStmnt CovItemId="S45" CovItemPrefix="csse376_puerto_rico.GameState.java" Intrnl_Id="390">
<LocList>
<Loc EndOffset="2614" SrcFileId="7" StartOffset="2536"/>
</LocList>
</BasicStmnt>
<BasicStmnt CovItemId="S46" CovItemPrefix="csse376_puerto_rico.GameState.java" Intrnl_Id="391">
<LocList>
<Loc EndOffset="2695" SrcFileId="7" StartOffset="2619"/>
</LocList>
</BasicStmnt>
<BasicStmnt CovItemId="S47" CovItemPrefix="csse376_puerto_rico.GameState.java" Intrnl_Id="392">
<LocList>
<Loc EndOffset="2776" SrcFileId="7" StartOffset="2700"/>
</LocList>
</BasicStmnt>
</StmntSeq>
</Branch>
<Branch CovItemId="B6" CovItemPrefix="csse376_puerto_rico.GameState.java" Implct="true" Intrnl_Id="393">
<Cond/>
<LocList/>
<StmntSeq Intrnl_Id="394">
<LocList/>
</StmntSeq>
</Branch>
<Keyword EndOffset="2459" SrcFileId="7" StartOffset="2457"/>
<LocList>
<Loc EndOffset="2781" SrcFileId="7" StartOffset="2457"/>
</LocList>
<RootTerm CovItemId="C3" CovItemPrefix="csse376_puerto_rico.GameState.java" Intrnl_Id="395">
<BasicBoolTerm Intrnl_Id="396">
<LocList>
<Loc EndOffset="2478" SrcFileId="7" StartOffset="2461"/>
</LocList>
</BasicBoolTerm>
</RootTerm>
</CondStmnt>
</StmntSeq>
</Branch>
<Keyword EndOffset="2210" SrcFileId="7" StartOffset="2208"/>
<LocList>
<Loc EndOffset="2781" SrcFileId="7" StartOffset="2208"/>
</LocList>
<RootTerm CovItemId="C2" CovItemPrefix="csse376_puerto_rico.GameState.java" Intrnl_Id="397">
<BasicBoolTerm Intrnl_Id="398">
<LocList>
<Loc EndOffset="2229" SrcFileId="7" StartOffset="2212"/>
</LocList>
</BasicBoolTerm>
</RootTerm>
</CondStmnt>
</StmntSeq>
</Branch>
<Keyword EndOffset="2045" SrcFileId="7" StartOffset="2043"/>
<LocList>
<Loc EndOffset="2781" SrcFileId="7" StartOffset="2043"/>
</LocList>
<RootTerm CovItemId="C1" CovItemPrefix="csse376_puerto_rico.GameState.java" Intrnl_Id="399">
<BasicBoolTerm Intrnl_Id="400">
<LocList>
<Loc EndOffset="2064" SrcFileId="7" StartOffset="2047"/>
</LocList>
</BasicBoolTerm>
</RootTerm>
</CondStmnt>
<BasicStmnt CovItemId="S48" CovItemPrefix="csse376_puerto_rico.GameState.java" Intrnl_Id="401">
<LocList>
<Loc EndOffset="2830" SrcFileId="7" StartOffset="2815"/>
</LocList>
</BasicStmnt>
<BasicStmnt CovItemId="S49" CovItemPrefix="csse376_puerto_rico.GameState.java" Intrnl_Id="402">
<LocList>
<Loc EndOffset="2871" SrcFileId="7" StartOffset="2834"/>
</LocList>
</BasicStmnt>
<BasicStmnt CovItemId="S50" CovItemPrefix="csse376_puerto_rico.GameState.java" Intrnl_Id="403">
<LocList>
<Loc EndOffset="2919" SrcFileId="7" StartOffset="2875"/>
</LocList>
</BasicStmnt>
</StmntSeq>
</HierarchyLvl>
<HierarchyLvl HierarchyLvlId="616" HierarchyLvlTypeId="16" Intrnl_Id="404" Name="getGood">
<Header>
<Loc EndOffset="2961" SrcFileId="7" StartOffset="2930"/>
</Header>
<LocList>
<Loc EndOffset="2996" SrcFileId="7" StartOffset="2930"/>
</LocList>
<StmntSeq Intrnl_Id="405">
<LocList>
<Loc EndOffset="2992" SrcFileId="7" StartOffset="2969"/>
</LocList>
<BasicStmnt CovItemId="S51" CovItemPrefix="csse376_puerto_rico.GameState.java" Intrnl_Id="406">
<LocList>
<Loc EndOffset="2992" SrcFileId="7" StartOffset="2969"/>
</LocList>
</BasicStmnt>
</StmntSeq>
</HierarchyLvl>
<HierarchyLvl HierarchyLvlId="617" HierarchyLvlTypeId="16" Intrnl_Id="407" Name="addGood">
<Header>
<Loc EndOffset="3033" SrcFileId="7" StartOffset="3001"/>
</Header>
<LocList>
<Loc EndOffset="3082" SrcFileId="7" StartOffset="3001"/>
</LocList>
<StmntSeq Intrnl_Id="408">
<LocList>
<Loc EndOffset="3078" SrcFileId="7" StartOffset="3041"/>
</LocList>
<BasicStmnt CovItemId="S52" CovItemPrefix="csse376_puerto_rico.GameState.java" Intrnl_Id="409">
<LocList>
<Loc EndOffset="3078" SrcFileId="7" StartOffset="3041"/>
</LocList>
</BasicStmnt>
</StmntSeq>
</HierarchyLvl>
<HierarchyLvl HierarchyLvlId="618" HierarchyLvlTypeId="16" Intrnl_Id="410" Name="getColonistsOnBoard">
<Header>
<Loc EndOffset="3119" SrcFileId="7" StartOffset="3087"/>
</Header>
<LocList>
<Loc EndOffset="3159" SrcFileId="7" StartOffset="3087"/>
</LocList>
<StmntSeq Intrnl_Id="411">
<LocList>
<Loc EndOffset="3155" SrcFileId="7" StartOffset="3131"/>
</LocList>
<BasicStmnt CovItemId="S53" CovItemPrefix="csse376_puerto_rico.GameState.java" Intrnl_Id="412">
<LocList>
<Loc EndOffset="3155" SrcFileId="7" StartOffset="3131"/>
</LocList>
</BasicStmnt>
</StmntSeq>
</HierarchyLvl>
<HierarchyLvl HierarchyLvlId="619" HierarchyLvlTypeId="16" Intrnl_Id="413" Name="getColonistsTotal">
<Header>
<Loc EndOffset="3194" SrcFileId="7" StartOffset="3164"/>
</Header>
<LocList>
<Loc EndOffset="3232" SrcFileId="7" StartOffset="3164"/>
</LocList>
<StmntSeq Intrnl_Id="414">
<LocList>
<Loc EndOffset="3228" SrcFileId="7" StartOffset="3206"/>
</LocList>
<BasicStmnt CovItemId="S54" CovItemPrefix="csse376_puerto_rico.GameState.java" Intrnl_Id="415">
<LocList>
<Loc EndOffset="3228" SrcFileId="7" StartOffset="3206"/>
</LocList>
</BasicStmnt>
</StmntSeq>
</HierarchyLvl>
<HierarchyLvl HierarchyLvlId="620" HierarchyLvlTypeId="16" Intrnl_Id="416" Name="addRolesToList">
<Header>
<Loc EndOffset="3277" SrcFileId="7" StartOffset="3237"/>
</Header>
<LocList>
<Loc EndOffset="3573" SrcFileId="7" StartOffset="3237"/>
</LocList>
<StmntSeq Intrnl_Id="417">
<LocList>
<Loc EndOffset="3305" SrcFileId="7" StartOffset="3283"/>
<Loc EndOffset="3569" SrcFileId="7" StartOffset="3309"/>
</LocList>
<BasicStmnt CovItemId="S55" CovItemPrefix="csse376_puerto_rico.GameState.java" Intrnl_Id="418">
<LocList>
<Loc EndOffset="3305" SrcFileId="7" StartOffset="3283"/>
</LocList>
</BasicStmnt>
<CondStmnt CovItemId="S56" CovItemPrefix="csse376_puerto_rico.GameState.java" Intrnl_Id="419">
<Branch CovItemId="B7" CovItemPrefix="csse376_puerto_rico.GameState.java" Implct="false" Intrnl_Id="420">
<Cond/>
<LocList>
<Loc EndOffset="3569" SrcFileId="7" StartOffset="3337"/>
</LocList>
<StmntSeq Intrnl_Id="421">
<LocList>
<Loc EndOffset="3387" SrcFileId="7" StartOffset="3343"/>
<Loc EndOffset="3486" SrcFileId="7" StartOffset="3392"/>
<Loc EndOffset="3522" SrcFileId="7" StartOffset="3491"/>
<Loc EndOffset="3564" SrcFileId="7" StartOffset="3527"/>
</LocList>
<BasicStmnt CovItemId="S57" CovItemPrefix="csse376_puerto_rico.GameState.java" Intrnl_Id="422">
<LocList>
<Loc EndOffset="3387" SrcFileId="7" StartOffset="3343"/>
</LocList>
</BasicStmnt>
<LoopStmnt CovItemId="S58" CovItemPrefix="csse376_puerto_rico.GameState.java" Intrnl_Id="423" MltplExecId="L2-2" MltplExecPrefix="csse376_puerto_rico.GameState.java" NvrExecId="L2-0" NvrExecPrefix="csse376_puerto_rico.GameState.java" OnceExecutedId="L2-1" OnceExecutedPrefix="csse376_puerto_rico.GameState.java" OptBodyExec="true">
<StmntSeq Intrnl_Id="424">
<LocList>
<Loc EndOffset="3480" SrcFileId="7" StartOffset="3443"/>
</LocList>
<BasicStmnt CovItemId="S59" CovItemPrefix="csse376_puerto_rico.GameState.java" Intrnl_Id="425">
<LocList>
<Loc EndOffset="3480" SrcFileId="7" StartOffset="3443"/>
</LocList>
</BasicStmnt>
</StmntSeq>
<Keyword EndOffset="3395" SrcFileId="7" StartOffset="3392"/>
<LocList>
<Loc EndOffset="3486" SrcFileId="7" StartOffset="3392"/>
</LocList>
<RootTerm CovItemId="C5" CovItemPrefix="csse376_puerto_rico.GameState.java" Intrnl_Id="426">
<BasicBoolTerm Intrnl_Id="427">
<LocList>
<Loc EndOffset="3429" SrcFileId="7" StartOffset="3408"/>
</LocList>
</BasicBoolTerm>
</RootTerm>
</LoopStmnt>
<BasicStmnt CovItemId="S60" CovItemPrefix="csse376_puerto_rico.GameState.java" Intrnl_Id="428">
<LocList>
<Loc EndOffset="3522" SrcFileId="7" StartOffset="3491"/>
</LocList>
</BasicStmnt>
<BasicStmnt CovItemId="S61" CovItemPrefix="csse376_puerto_rico.GameState.java" Intrnl_Id="429">
<LocList>
<Loc EndOffset="3564" SrcFileId="7" StartOffset="3527"/>
</LocList>
</BasicStmnt>
</StmntSeq>
</Branch>
<Branch CovItemId="B8" CovItemPrefix="csse376_puerto_rico.GameState.java" Implct="true" Intrnl_Id="430">
<Cond/>
<LocList/>
<StmntSeq Intrnl_Id="431">
<LocList/>
</StmntSeq>
</Branch>
<Keyword EndOffset="3311" SrcFileId="7" StartOffset="3309"/>
<LocList>
<Loc EndOffset="3569" SrcFileId="7" StartOffset="3309"/>
</LocList>
<RootTerm CovItemId="C4" CovItemPrefix="csse376_puerto_rico.GameState.java" Intrnl_Id="432">
<BasicBoolTerm Intrnl_Id="433">
<LocList>
<Loc EndOffset="3335" SrcFileId="7" StartOffset="3313"/>
</LocList>
</BasicBoolTerm>
</RootTerm>
</CondStmnt>
</StmntSeq>
</HierarchyLvl>
<HierarchyLvl HierarchyLvlId="621" HierarchyLvlTypeId="16" Intrnl_Id="434" Name="addDoubloon">
<Header>
<Loc EndOffset="3629" SrcFileId="7" StartOffset="3578"/>
</Header>
<LocList>
<Loc EndOffset="3803" SrcFileId="7" StartOffset="3578"/>
</LocList>
<StmntSeq Intrnl_Id="435">
<LocList>
<Loc EndOffset="3799" SrcFileId="7" StartOffset="3635"/>
</LocList>
<CondStmnt CovItemId="S62" CovItemPrefix="csse376_puerto_rico.GameState.java" Intrnl_Id="436">
<Branch CovItemId="B9" CovItemPrefix="csse376_puerto_rico.GameState.java" Implct="false" Intrnl_Id="437">
<Cond/>
<LocList>
<Loc EndOffset="3799" SrcFileId="7" StartOffset="3705"/>
</LocList>
<StmntSeq Intrnl_Id="438">
<LocList>
<Loc EndOffset="3758" SrcFileId="7" StartOffset="3711"/>
<Loc EndOffset="3794" SrcFileId="7" StartOffset="3763"/>
</LocList>
<BasicStmnt CovItemId="S63" CovItemPrefix="csse376_puerto_rico.GameState.java" Intrnl_Id="439">
<LocList>
<Loc EndOffset="3758" SrcFileId="7" StartOffset="3711"/>
</LocList>
</BasicStmnt>
<BasicStmnt CovItemId="S64" CovItemPrefix="csse376_puerto_rico.GameState.java" Intrnl_Id="440">
<LocList>
<Loc EndOffset="3794" SrcFileId="7" StartOffset="3763"/>
</LocList>
</BasicStmnt>
</StmntSeq>
</Branch>
<Branch CovItemId="B10" CovItemPrefix="csse376_puerto_rico.GameState.java" Implct="true" Intrnl_Id="441">
<Cond/>
<LocList/>
<StmntSeq Intrnl_Id="442">
<LocList/>
</StmntSeq>
</Branch>
<Keyword EndOffset="3637" SrcFileId="7" StartOffset="3635"/>
<LocList>
<Loc EndOffset="3799" SrcFileId="7" StartOffset="3635"/>
</LocList>
<RootTerm CovItemId="C6" CovItemPrefix="csse376_puerto_rico.GameState.java" Intrnl_Id="443">
<OpTerm BooleanOpId="12" Intrnl_Id="444">
<BasicBoolTerm Intrnl_Id="445">
<LocList>
<Loc EndOffset="3671" SrcFileId="7" StartOffset="3639"/>
</LocList>
</BasicBoolTerm>
<BasicBoolTerm Intrnl_Id="446">
<LocList>
<Loc EndOffset="3703" SrcFileId="7" StartOffset="3675"/>
</LocList>
</BasicBoolTerm>
<LocList>
<Loc EndOffset="3674" SrcFileId="7" StartOffset="3672"/>
</LocList>
</OpTerm>
</RootTerm>
</CondStmnt>
</StmntSeq>
</HierarchyLvl>
<HierarchyLvl HierarchyLvlId="622" HierarchyLvlTypeId="16" Intrnl_Id="447" Name="addColonistsToBoard">
<Header>
<Loc EndOffset="3841" SrcFileId="7" StartOffset="3808"/>
</Header>
<LocList>
<Loc EndOffset="4625" SrcFileId="7" StartOffset="3808"/>
</LocList>
<StmntSeq Intrnl_Id="448">
<LocList>
<Loc EndOffset="4260" SrcFileId="7" StartOffset="4247"/>
<Loc EndOffset="4508" SrcFileId="7" StartOffset="4264"/>
<Loc EndOffset="4621" SrcFileId="7" StartOffset="4512"/>
</LocList>
<BasicStmnt CovItemId="S65" CovItemPrefix="csse376_puerto_rico.GameState.java" Intrnl_Id="449">
<LocList>
<Loc EndOffset="4260" SrcFileId="7" StartOffset="4247"/>
</LocList>
</BasicStmnt>
<LoopStmnt CovItemId="S66" CovItemPrefix="csse376_puerto_rico.GameState.java" Intrnl_Id="450" MltplExecId="L3-2" MltplExecPrefix="csse376_puerto_rico.GameState.java" NvrExecId="L3-0" NvrExecPrefix="csse376_puerto_rico.GameState.java" OnceExecutedId="L3-1" OnceExecutedPrefix="csse376_puerto_rico.GameState.java" OptBodyExec="true">
<StmntSeq Intrnl_Id="451">
<LocList>
<Loc EndOffset="4397" SrcFileId="7" StartOffset="4300"/>
<Loc EndOffset="4503" SrcFileId="7" StartOffset="4402"/>
</LocList>
<LoopStmnt CovItemId="S67" CovItemPrefix="csse376_puerto_rico.GameState.java" Intrnl_Id="452" MltplExecId="L4-2" MltplExecPrefix="csse376_puerto_rico.GameState.java" NvrExecId="L4-0" NvrExecPrefix="csse376_puerto_rico.GameState.java" OnceExecutedId="L4-1" OnceExecutedPrefix="csse376_puerto_rico.GameState.java" OptBodyExec="true">
<StmntSeq Intrnl_Id="453">
<LocList>
<Loc EndOffset="4391" SrcFileId="7" StartOffset="4348"/>
</LocList>
<BasicStmnt CovItemId="S68" CovItemPrefix="csse376_puerto_rico.GameState.java" Intrnl_Id="454">
<LocList>
<Loc EndOffset="4391" SrcFileId="7" StartOffset="4348"/>
</LocList>
</BasicStmnt>
</StmntSeq>
<Keyword EndOffset="4303" SrcFileId="7" StartOffset="4300"/>
<LocList>
<Loc EndOffset="4397" SrcFileId="7" StartOffset="4300"/>
</LocList>
</LoopStmnt>
<LoopStmnt CovItemId="S69" CovItemPrefix="csse376_puerto_rico.GameState.java" Intrnl_Id="455" MltplExecId="L5-2" MltplExecPrefix="csse376_puerto_rico.GameState.java" NvrExecId="L5-0" NvrExecPrefix="csse376_puerto_rico.GameState.java" OnceExecutedId="L5-1" OnceExecutedPrefix="csse376_puerto_rico.GameState.java" OptBodyExec="true">
<StmntSeq Intrnl_Id="456">
<LocList>
<Loc EndOffset="4497" SrcFileId="7" StartOffset="4454"/>
</LocList>
<CondStmnt CovItemId="S70" CovItemPrefix="csse376_puerto_rico.GameState.java" Intrnl_Id="457">
<Branch CovItemId="B11" CovItemPrefix="csse376_puerto_rico.GameState.java" Implct="false" Intrnl_Id="458">
<Cond/>
<LocList>
<Loc EndOffset="4497" SrcFileId="7" StartOffset="4472"/>
</LocList>
<StmntSeq Intrnl_Id="459">
<LocList>
<Loc EndOffset="4490" SrcFileId="7" StartOffset="4480"/>
</LocList>
<BasicStmnt CovItemId="S71" CovItemPrefix="csse376_puerto_rico.GameState.java" Intrnl_Id="460">
<LocList>
<Loc EndOffset="4490" SrcFileId="7" StartOffset="4480"/>
</LocList>
</BasicStmnt>
</StmntSeq>
</Branch>
<Branch CovItemId="B12" CovItemPrefix="csse376_puerto_rico.GameState.java" Implct="true" Intrnl_Id="461">
<Cond/>
<LocList/>
<StmntSeq Intrnl_Id="462">
<LocList/>
</StmntSeq>
</Branch>
<Keyword EndOffset="4456" SrcFileId="7" StartOffset="4454"/>
<LocList>
<Loc EndOffset="4497" SrcFileId="7" StartOffset="4454"/>
</LocList>
<RootTerm CovItemId="C7" CovItemPrefix="csse376_puerto_rico.GameState.java" Intrnl_Id="463">
<OpTerm BooleanOpId="11" Intrnl_Id="464">
<BasicBoolTerm Intrnl_Id="465">
<LocList>
<Loc EndOffset="4470" SrcFileId="7" StartOffset="4459"/>
</LocList>
</BasicBoolTerm>
<LocList>
<Loc EndOffset="4459" SrcFileId="7" StartOffset="4458"/>
</LocList>
</OpTerm>
</RootTerm>
</CondStmnt>
</StmntSeq>
<Keyword EndOffset="4405" SrcFileId="7" StartOffset="4402"/>
<LocList>
<Loc EndOffset="4503" SrcFileId="7" StartOffset="4402"/>
</LocList>
</LoopStmnt>
</StmntSeq>
<Keyword EndOffset="4267" SrcFileId="7" StartOffset="4264"/>
<LocList>
<Loc EndOffset="4508" SrcFileId="7" StartOffset="4264"/>
</LocList>
</LoopStmnt>
<CondStmnt CovItemId="S72" CovItemPrefix="csse376_puerto_rico.GameState.java" Intrnl_Id="466">
<Branch CovItemId="B13" CovItemPrefix="csse376_puerto_rico.GameState.java" Implct="false" Intrnl_Id="467">
<Cond/>
<LocList>
<Loc EndOffset="4580" SrcFileId="7" StartOffset="4537"/>
</LocList>
<StmntSeq Intrnl_Id="468">
<LocList>
<Loc EndOffset="4575" SrcFileId="7" StartOffset="4543"/>
</LocList>
<BasicStmnt CovItemId="S73" CovItemPrefix="csse376_puerto_rico.GameState.java" Intrnl_Id="469">
<LocList>
<Loc EndOffset="4575" SrcFileId="7" StartOffset="4543"/>
</LocList>
</BasicStmnt>
</StmntSeq>
</Branch>
<Branch CovItemId="B14" CovItemPrefix="csse376_puerto_rico.GameState.java" Implct="false" Intrnl_Id="470">
<Cond>
<Loc EndOffset="4585" SrcFileId="7" StartOffset="4581"/>
</Cond>
<LocList>
<Loc EndOffset="4621" SrcFileId="7" StartOffset="4586"/>
</LocList>
<StmntSeq Intrnl_Id="471">
<LocList>
<Loc EndOffset="4616" SrcFileId="7" StartOffset="4592"/>
</LocList>
<BasicStmnt CovItemId="S74" CovItemPrefix="csse376_puerto_rico.GameState.java" Intrnl_Id="472">
<LocList>
<Loc EndOffset="4616" SrcFileId="7" StartOffset="4592"/>
</LocList>
</BasicStmnt>
</StmntSeq>
</Branch>
<Keyword EndOffset="4514" SrcFileId="7" StartOffset="4512"/>
<LocList>
<Loc EndOffset="4621" SrcFileId="7" StartOffset="4512"/>
</LocList>
<RootTerm CovItemId="C8" CovItemPrefix="csse376_puerto_rico.GameState.java" Intrnl_Id="473">
<BasicBoolTerm Intrnl_Id="474">
<LocList>
<Loc EndOffset="4535" SrcFileId="7" StartOffset="4516"/>
</LocList>
</BasicBoolTerm>
</RootTerm>
</CondStmnt>
</StmntSeq>
</HierarchyLvl>
<HierarchyLvl HierarchyLvlId="623" HierarchyLvlTypeId="16" Intrnl_Id="475" Name="addGoodToCargoShip">
<Header>
<Loc EndOffset="4889" SrcFileId="7" StartOffset="4821"/>
</Header>
<LocList>
<Loc EndOffset="6140" SrcFileId="7" StartOffset="4821"/>
</LocList>
<StmntSeq Intrnl_Id="476">
<LocList>
<Loc EndOffset="4912" SrcFileId="7" StartOffset="4895"/>
<Loc EndOffset="6116" SrcFileId="7" StartOffset="4916"/>
<Loc EndOffset="6136" SrcFileId="7" StartOffset="6120"/>
</LocList>
<BasicStmnt CovItemId="S75" CovItemPrefix="csse376_puerto_rico.GameState.java" Intrnl_Id="477">
<LocList>
<Loc EndOffset="4912" SrcFileId="7" StartOffset="4895"/>
</LocList>
</BasicStmnt>
<CondStmnt CovItemId="S76" CovItemPrefix="csse376_puerto_rico.GameState.java" Intrnl_Id="478">
<Branch CovItemId="B15" CovItemPrefix="csse376_puerto_rico.GameState.java" Implct="false" Intrnl_Id="479">
<Cond/>
<LocList>
<Loc EndOffset="5314" SrcFileId="7" StartOffset="4934"/>
</LocList>
<StmntSeq Intrnl_Id="480">
<LocList>
<Loc EndOffset="4968" SrcFileId="7" StartOffset="4940"/>
<Loc EndOffset="5309" SrcFileId="7" StartOffset="4973"/>
</LocList>
<BasicStmnt CovItemId="S77" CovItemPrefix="csse376_puerto_rico.GameState.java" Intrnl_Id="481">
<LocList>
<Loc EndOffset="4968" SrcFileId="7" StartOffset="4940"/>
</LocList>
</BasicStmnt>
<CondStmnt CovItemId="S78" CovItemPrefix="csse376_puerto_rico.GameState.java" Intrnl_Id="482">
<Branch CovItemId="B17" CovItemPrefix="csse376_puerto_rico.GameState.java" Implct="false" Intrnl_Id="483">
<Cond/>
<LocList>
<Loc EndOffset="5273" SrcFileId="7" StartOffset="5051"/>
</LocList>
<StmntSeq Intrnl_Id="484">
<LocList>
<Loc EndOffset="5094" SrcFileId="7" StartOffset="5058"/>
<Loc EndOffset="5146" SrcFileId="7" StartOffset="5100"/>
<Loc EndOffset="5265" SrcFileId="7" StartOffset="5154"/>
</LocList>
<BasicStmnt CovItemId="S79" CovItemPrefix="csse376_puerto_rico.GameState.java" Intrnl_Id="485">
<LocList>
<Loc EndOffset="5094" SrcFileId="7" StartOffset="5058"/>
</LocList>
</BasicStmnt>
<CondStmnt CovItemId="S80" CovItemPrefix="csse376_puerto_rico.GameState.java" Intrnl_Id="486">
<Branch CovItemId="B19" CovItemPrefix="csse376_puerto_rico.GameState.java" Implct="false" Intrnl_Id="487">
<Cond/>
<LocList>
<Loc EndOffset="5146" SrcFileId="7" StartOffset="5124"/>
</LocList>
<StmntSeq Intrnl_Id="488">
<LocList>
<Loc EndOffset="5146" SrcFileId="7" StartOffset="5124"/>
</LocList>
<BasicStmnt CovItemId="S81" CovItemPrefix="csse376_puerto_rico.GameState.java" Intrnl_Id="489">
<LocList>
<Loc EndOffset="5146" SrcFileId="7" StartOffset="5124"/>
</LocList>
</BasicStmnt>
</StmntSeq>
</Branch>
<Branch CovItemId="B20" CovItemPrefix="csse376_puerto_rico.GameState.java" Implct="true" Intrnl_Id="490">
<Cond/>
<LocList/>
<StmntSeq Intrnl_Id="491">
<LocList/>
</StmntSeq>
</Branch>
<Keyword EndOffset="5102" SrcFileId="7" StartOffset="5100"/>
<LocList>
<Loc EndOffset="5146" SrcFileId="7" StartOffset="5100"/>
</LocList>
<RootTerm CovItemId="C11" CovItemPrefix="csse376_puerto_rico.GameState.java" Intrnl_Id="492">
<BasicBoolTerm Intrnl_Id="493">
<LocList>
<Loc EndOffset="5116" SrcFileId="7" StartOffset="5104"/>
</LocList>
</BasicBoolTerm>
</RootTerm>
</CondStmnt>
<CondStmnt CovItemId="S82" CovItemPrefix="csse376_puerto_rico.GameState.java" Intrnl_Id="494">
<Branch CovItemId="B21" CovItemPrefix="csse376_puerto_rico.GameState.java" Implct="false" Intrnl_Id="495">
<Cond/>
<LocList>
<Loc EndOffset="5202" SrcFileId="7" StartOffset="5172"/>
</LocList>
<StmntSeq Intrnl_Id="496">
<LocList>
<Loc EndOffset="5195" SrcFileId="7" StartOffset="5180"/>
</LocList>
<BasicStmnt CovItemId="S83" CovItemPrefix="csse376_puerto_rico.GameState.java" Intrnl_Id="497">
<LocList>
<Loc EndOffset="5195" SrcFileId="7" StartOffset="5180"/>
</LocList>
</BasicStmnt>
</StmntSeq>
</Branch>
<Branch CovItemId="B22" CovItemPrefix="csse376_puerto_rico.GameState.java" Implct="false" Intrnl_Id="498">
<Cond>
<Loc EndOffset="5207" SrcFileId="7" StartOffset="5203"/>
</Cond>
<LocList>
<Loc EndOffset="5265" SrcFileId="7" StartOffset="5208"/>
</LocList>
<StmntSeq Intrnl_Id="499">
<LocList>
<Loc EndOffset="5238" SrcFileId="7" StartOffset="5216"/>
<Loc EndOffset="5258" SrcFileId="7" StartOffset="5245"/>
</LocList>
<BasicStmnt CovItemId="S84" CovItemPrefix="csse376_puerto_rico.GameState.java" Intrnl_Id="500">
<LocList>
<Loc EndOffset="5238" SrcFileId="7" StartOffset="5216"/>
</LocList>
</BasicStmnt>
<BasicStmnt CovItemId="S85" CovItemPrefix="csse376_puerto_rico.GameState.java" Intrnl_Id="501">
<LocList>
<Loc EndOffset="5258" SrcFileId="7" StartOffset="5245"/>
</LocList>
</BasicStmnt>
</StmntSeq>
</Branch>
<Keyword EndOffset="5156" SrcFileId="7" StartOffset="5154"/>
<LocList>
<Loc EndOffset="5265" SrcFileId="7" StartOffset="5154"/>
</LocList>
<RootTerm CovItemId="C12" CovItemPrefix="csse376_puerto_rico.GameState.java" Intrnl_Id="502">
<BasicBoolTerm Intrnl_Id="503">
<LocList>
<Loc EndOffset="5170" SrcFileId="7" StartOffset="5158"/>
</LocList>
</BasicBoolTerm>
</RootTerm>
</CondStmnt>
</StmntSeq>
</Branch>
<Branch CovItemId="B18" CovItemPrefix="csse376_puerto_rico.GameState.java" Implct="false" Intrnl_Id="504">
<Cond>
<Loc EndOffset="5278" SrcFileId="7" StartOffset="5274"/>
</Cond>
<LocList>
<Loc EndOffset="5309" SrcFileId="7" StartOffset="5279"/>
</LocList>
<StmntSeq Intrnl_Id="505">
<LocList>
<Loc EndOffset="5303" SrcFileId="7" StartOffset="5286"/>
</LocList>
<BasicStmnt CovItemId="S86" CovItemPrefix="csse376_puerto_rico.GameState.java" Intrnl_Id="506">
<LocList>
<Loc EndOffset="5303" SrcFileId="7" StartOffset="5286"/>
</LocList>
</BasicStmnt>
</StmntSeq>
</Branch>
<Keyword EndOffset="4975" SrcFileId="7" StartOffset="4973"/>
<LocList>
<Loc EndOffset="5309" SrcFileId="7" StartOffset="4973"/>
</LocList>
<RootTerm CovItemId="C10" CovItemPrefix="csse376_puerto_rico.GameState.java" Intrnl_Id="507">
<OpTerm BooleanOpId="13" Intrnl_Id="508">
<BasicBoolTerm Intrnl_Id="509">
<LocList>
<Loc EndOffset="4992" SrcFileId="7" StartOffset="4977"/>
</LocList>
</BasicBoolTerm>
<OpTerm BooleanOpId="12" Intrnl_Id="510">
<BasicBoolTerm Intrnl_Id="511">
<LocList>
<Loc EndOffset="5017" SrcFileId="7" StartOffset="5003"/>
</LocList>
</BasicBoolTerm>
<BasicBoolTerm Intrnl_Id="512">
<LocList>
<Loc EndOffset="5048" SrcFileId="7" StartOffset="5021"/>
</LocList>
</BasicBoolTerm>
<LocList>
<Loc EndOffset="5020" SrcFileId="7" StartOffset="5018"/>
</LocList>
</OpTerm>
<LocList>
<Loc EndOffset="5001" SrcFileId="7" StartOffset="4999"/>
</LocList>
</OpTerm>
</RootTerm>
</CondStmnt>
</StmntSeq>
</Branch>
<Branch CovItemId="B16" CovItemPrefix="csse376_puerto_rico.GameState.java" Implct="false" Intrnl_Id="513">
<Cond>
<Loc EndOffset="5319" SrcFileId="7" StartOffset="5315"/>
</Cond>
<LocList>
<Loc EndOffset="6116" SrcFileId="7" StartOffset="5320"/>
</LocList>
<StmntSeq Intrnl_Id="514">
<LocList>
<Loc EndOffset="6116" SrcFileId="7" StartOffset="5320"/>
</LocList>
<CondStmnt CovItemId="S87" CovItemPrefix="csse376_puerto_rico.GameState.java" Intrnl_Id="515">
<Branch CovItemId="B23" CovItemPrefix="csse376_puerto_rico.GameState.java" Implct="false" Intrnl_Id="516">
<Cond/>
<LocList>
<Loc EndOffset="5716" SrcFileId="7" StartOffset="5338"/>
</LocList>
<StmntSeq Intrnl_Id="517">
<LocList>
<Loc EndOffset="5372" SrcFileId="7" StartOffset="5344"/>
<Loc EndOffset="5709" SrcFileId="7" StartOffset="5377"/>
</LocList>
<BasicStmnt CovItemId="S88" CovItemPrefix="csse376_puerto_rico.GameState.java" Intrnl_Id="518">
<LocList>
<Loc EndOffset="5372" SrcFileId="7" StartOffset="5344"/>
</LocList>
</BasicStmnt>
<CondStmnt CovItemId="S89" CovItemPrefix="csse376_puerto_rico.GameState.java" Intrnl_Id="519">
<Branch CovItemId="B25" CovItemPrefix="csse376_puerto_rico.GameState.java" Implct="false" Intrnl_Id="520">
<Cond/>
<LocList>
<Loc EndOffset="5673" SrcFileId="7" StartOffset="5455"/>
</LocList>
<StmntSeq Intrnl_Id="521">
<LocList>
<Loc EndOffset="5498" SrcFileId="7" StartOffset="5462"/>
<Loc EndOffset="5550" SrcFileId="7" StartOffset="5504"/>
<Loc EndOffset="5667" SrcFileId="7" StartOffset="5556"/>
</LocList>
<BasicStmnt CovItemId="S90" CovItemPrefix="csse376_puerto_rico.GameState.java" Intrnl_Id="522">
<LocList>
<Loc EndOffset="5498" SrcFileId="7" StartOffset="5462"/>
</LocList>
</BasicStmnt>
<CondStmnt CovItemId="S91" CovItemPrefix="csse376_puerto_rico.GameState.java" Intrnl_Id="523">
<Branch CovItemId="B27" CovItemPrefix="csse376_puerto_rico.GameState.java" Implct="false" Intrnl_Id="524">
<Cond/>
<LocList>
<Loc EndOffset="5550" SrcFileId="7" StartOffset="5528"/>
</LocList>
<StmntSeq Intrnl_Id="525">
<LocList>
<Loc EndOffset="5550" SrcFileId="7" StartOffset="5528"/>
</LocList>
<BasicStmnt CovItemId="S92" CovItemPrefix="csse376_puerto_rico.GameState.java" Intrnl_Id="526">
<LocList>
<Loc EndOffset="5550" SrcFileId="7" StartOffset="5528"/>
</LocList>
</BasicStmnt>
</StmntSeq>
</Branch>
<Branch CovItemId="B28" CovItemPrefix="csse376_puerto_rico.GameState.java" Implct="true" Intrnl_Id="527">
<Cond/>
<LocList/>
<StmntSeq Intrnl_Id="528">
<LocList/>
</StmntSeq>
</Branch>
<Keyword EndOffset="5506" SrcFileId="7" StartOffset="5504"/>
<LocList>
<Loc EndOffset="5550" SrcFileId="7" StartOffset="5504"/>
</LocList>
<RootTerm CovItemId="C15" CovItemPrefix="csse376_puerto_rico.GameState.java" Intrnl_Id="529">
<BasicBoolTerm Intrnl_Id="530">
<LocList>
<Loc EndOffset="5520" SrcFileId="7" StartOffset="5508"/>
</LocList>
</BasicBoolTerm>
</RootTerm>
</CondStmnt>
<CondStmnt CovItemId="S93" CovItemPrefix="csse376_puerto_rico.GameState.java" Intrnl_Id="531">
<Branch CovItemId="B29" CovItemPrefix="csse376_puerto_rico.GameState.java" Implct="false" Intrnl_Id="532">
<Cond/>
<LocList>
<Loc EndOffset="5604" SrcFileId="7" StartOffset="5574"/>
</LocList>
<StmntSeq Intrnl_Id="533">
<LocList>
<Loc EndOffset="5597" SrcFileId="7" StartOffset="5582"/>
</LocList>
<BasicStmnt CovItemId="S94" CovItemPrefix="csse376_puerto_rico.GameState.java" Intrnl_Id="534">
<LocList>
<Loc EndOffset="5597" SrcFileId="7" StartOffset="5582"/>
</LocList>
</BasicStmnt>
</StmntSeq>
</Branch>
<Branch CovItemId="B30" CovItemPrefix="csse376_puerto_rico.GameState.java" Implct="false" Intrnl_Id="535">
<Cond>
<Loc EndOffset="5609" SrcFileId="7" StartOffset="5605"/>
</Cond>
<LocList>
<Loc EndOffset="5667" SrcFileId="7" StartOffset="5610"/>
</LocList>
<StmntSeq Intrnl_Id="536">
<LocList>
<Loc EndOffset="5640" SrcFileId="7" StartOffset="5618"/>
<Loc EndOffset="5660" SrcFileId="7" StartOffset="5647"/>
</LocList>
<BasicStmnt CovItemId="S95" CovItemPrefix="csse376_puerto_rico.GameState.java" Intrnl_Id="537">
<LocList>
<Loc EndOffset="5640" SrcFileId="7" StartOffset="5618"/>
</LocList>
</BasicStmnt>
<BasicStmnt CovItemId="S96" CovItemPrefix="csse376_puerto_rico.GameState.java" Intrnl_Id="538">
<LocList>
<Loc EndOffset="5660" SrcFileId="7" StartOffset="5647"/>
</LocList>
</BasicStmnt>
</StmntSeq>
</Branch>
<Keyword EndOffset="5558" SrcFileId="7" StartOffset="5556"/>
<LocList>
<Loc EndOffset="5667" SrcFileId="7" StartOffset="5556"/>
</LocList>
<RootTerm CovItemId="C16" CovItemPrefix="csse376_puerto_rico.GameState.java" Intrnl_Id="539">
<BasicBoolTerm Intrnl_Id="540">
<LocList>
<Loc EndOffset="5572" SrcFileId="7" StartOffset="5560"/>
</LocList>
</BasicBoolTerm>
</RootTerm>
</CondStmnt>
</StmntSeq>
</Branch>
<Branch CovItemId="B26" CovItemPrefix="csse376_puerto_rico.GameState.java" Implct="false" Intrnl_Id="541">
<Cond>
<Loc EndOffset="5678" SrcFileId="7" StartOffset="5674"/>
</Cond>
<LocList>
<Loc EndOffset="5709" SrcFileId="7" StartOffset="5679"/>
</LocList>
<StmntSeq Intrnl_Id="542">
<LocList>
<Loc EndOffset="5703" SrcFileId="7" StartOffset="5686"/>
</LocList>
<BasicStmnt CovItemId="S97" CovItemPrefix="csse376_puerto_rico.GameState.java" Intrnl_Id="543">
<LocList>
<Loc EndOffset="5703" SrcFileId="7" StartOffset="5686"/>
</LocList>
</BasicStmnt>
</StmntSeq>
</Branch>
<Keyword EndOffset="5379" SrcFileId="7" StartOffset="5377"/>
<LocList>
<Loc EndOffset="5709" SrcFileId="7" StartOffset="5377"/>
</LocList>
<RootTerm CovItemId="C14" CovItemPrefix="csse376_puerto_rico.GameState.java" Intrnl_Id="544">
<OpTerm BooleanOpId="13" Intrnl_Id="545">
<BasicBoolTerm Intrnl_Id="546">
<LocList>
<Loc EndOffset="5396" SrcFileId="7" StartOffset="5381"/>
</LocList>
</BasicBoolTerm>
<OpTerm BooleanOpId="12" Intrnl_Id="547">
<BasicBoolTerm Intrnl_Id="548">
<LocList>
<Loc EndOffset="5421" SrcFileId="7" StartOffset="5407"/>
</LocList>
</BasicBoolTerm>
<BasicBoolTerm Intrnl_Id="549">
<LocList>
<Loc EndOffset="5452" SrcFileId="7" StartOffset="5425"/>
</LocList>
</BasicBoolTerm>
<LocList>
<Loc EndOffset="5424" SrcFileId="7" StartOffset="5422"/>
</LocList>
</OpTerm>
<LocList>
<Loc EndOffset="5405" SrcFileId="7" StartOffset="5403"/>
</LocList>
</OpTerm>
</RootTerm>
</CondStmnt>
</StmntSeq>
</Branch>
<Branch CovItemId="B24" CovItemPrefix="csse376_puerto_rico.GameState.java" Implct="false" Intrnl_Id="550">
<Cond>
<Loc EndOffset="5721" SrcFileId="7" StartOffset="5717"/>
</Cond>
<LocList>
<Loc EndOffset="6116" SrcFileId="7" StartOffset="5722"/>
</LocList>
<StmntSeq Intrnl_Id="551">
<LocList>
<Loc EndOffset="6116" SrcFileId="7" StartOffset="5722"/>
</LocList>
<CondStmnt CovItemId="S98" CovItemPrefix="csse376_puerto_rico.GameState.java" Intrnl_Id="552">
<Branch CovItemId="B31" CovItemPrefix="csse376_puerto_rico.GameState.java" Implct="false" Intrnl_Id="553">
<Cond/>
<LocList>
<Loc EndOffset="6116" SrcFileId="7" StartOffset="5740"/>
</LocList>
<StmntSeq Intrnl_Id="554">
<LocList>
<Loc EndOffset="5774" SrcFileId="7" StartOffset="5746"/>
<Loc EndOffset="6111" SrcFileId="7" StartOffset="5779"/>
</LocList>
<BasicStmnt CovItemId="S99" CovItemPrefix="csse376_puerto_rico.GameState.java" Intrnl_Id="555">
<LocList>
<Loc EndOffset="5774" SrcFileId="7" StartOffset="5746"/>
</LocList>
</BasicStmnt>
<CondStmnt CovItemId="S100" CovItemPrefix="csse376_puerto_rico.GameState.java" Intrnl_Id="556">
<Branch CovItemId="B33" CovItemPrefix="csse376_puerto_rico.GameState.java" Implct="false" Intrnl_Id="557">
<Cond/>
<LocList>
<Loc EndOffset="6075" SrcFileId="7" StartOffset="5857"/>
</LocList>
<StmntSeq Intrnl_Id="558">
<LocList>
<Loc EndOffset="5900" SrcFileId="7" StartOffset="5864"/>
<Loc EndOffset="5952" SrcFileId="7" StartOffset="5906"/>
<Loc EndOffset="6069" SrcFileId="7" StartOffset="5958"/>
</LocList>
<BasicStmnt CovItemId="S101" CovItemPrefix="csse376_puerto_rico.GameState.java" Intrnl_Id="559">
<LocList>
<Loc EndOffset="5900" SrcFileId="7" StartOffset="5864"/>
</LocList>
</BasicStmnt>
<CondStmnt CovItemId="S102" CovItemPrefix="csse376_puerto_rico.GameState.java" Intrnl_Id="560">
<Branch CovItemId="B35" CovItemPrefix="csse376_puerto_rico.GameState.java" Implct="false" Intrnl_Id="561">
<Cond/>
<LocList>
<Loc EndOffset="5952" SrcFileId="7" StartOffset="5930"/>
</LocList>
<StmntSeq Intrnl_Id="562">
<LocList>
<Loc EndOffset="5952" SrcFileId="7" StartOffset="5930"/>
</LocList>
<BasicStmnt CovItemId="S103" CovItemPrefix="csse376_puerto_rico.GameState.java" Intrnl_Id="563">
<LocList>
<Loc EndOffset="5952" SrcFileId="7" StartOffset="5930"/>
</LocList>
</BasicStmnt>
</StmntSeq>
</Branch>
<Branch CovItemId="B36" CovItemPrefix="csse376_puerto_rico.GameState.java" Implct="true" Intrnl_Id="564">
<Cond/>
<LocList/>
<StmntSeq Intrnl_Id="565">
<LocList/>
</StmntSeq>
</Branch>
<Keyword EndOffset="5908" SrcFileId="7" StartOffset="5906"/>
<LocList>
<Loc EndOffset="5952" SrcFileId="7" StartOffset="5906"/>
</LocList>
<RootTerm CovItemId="C19" CovItemPrefix="csse376_puerto_rico.GameState.java" Intrnl_Id="566">
<BasicBoolTerm Intrnl_Id="567">
<LocList>
<Loc EndOffset="5922" SrcFileId="7" StartOffset="5910"/>
</LocList>
</BasicBoolTerm>
</RootTerm>
</CondStmnt>
<CondStmnt CovItemId="S104" CovItemPrefix="csse376_puerto_rico.GameState.java" Intrnl_Id="568">
<Branch CovItemId="B37" CovItemPrefix="csse376_puerto_rico.GameState.java" Implct="false" Intrnl_Id="569">
<Cond/>
<LocList>
<Loc EndOffset="6006" SrcFileId="7" StartOffset="5976"/>
</LocList>
<StmntSeq Intrnl_Id="570">
<LocList>
<Loc EndOffset="5999" SrcFileId="7" StartOffset="5984"/>
</LocList>
<BasicStmnt CovItemId="S105" CovItemPrefix="csse376_puerto_rico.GameState.java" Intrnl_Id="571">
<LocList>
<Loc EndOffset="5999" SrcFileId="7" StartOffset="5984"/>
</LocList>
</BasicStmnt>
</StmntSeq>
</Branch>
<Branch CovItemId="B38" CovItemPrefix="csse376_puerto_rico.GameState.java" Implct="false" Intrnl_Id="572">
<Cond>
<Loc EndOffset="6011" SrcFileId="7" StartOffset="6007"/>
</Cond>
<LocList>
<Loc EndOffset="6069" SrcFileId="7" StartOffset="6012"/>
</LocList>
<StmntSeq Intrnl_Id="573">
<LocList>
<Loc EndOffset="6042" SrcFileId="7" StartOffset="6020"/>
<Loc EndOffset="6062" SrcFileId="7" StartOffset="6049"/>
</LocList>
<BasicStmnt CovItemId="S106" CovItemPrefix="csse376_puerto_rico.GameState.java" Intrnl_Id="574">
<LocList>
<Loc EndOffset="6042" SrcFileId="7" StartOffset="6020"/>
</LocList>
</BasicStmnt>
<BasicStmnt CovItemId="S107" CovItemPrefix="csse376_puerto_rico.GameState.java" Intrnl_Id="575">
<LocList>
<Loc EndOffset="6062" SrcFileId="7" StartOffset="6049"/>
</LocList>
</BasicStmnt>
</StmntSeq>
</Branch>
<Keyword EndOffset="5960" SrcFileId="7" StartOffset="5958"/>
<LocList>
<Loc EndOffset="6069" SrcFileId="7" StartOffset="5958"/>
</LocList>
<RootTerm CovItemId="C20" CovItemPrefix="csse376_puerto_rico.GameState.java" Intrnl_Id="576">
<BasicBoolTerm Intrnl_Id="577">
<LocList>
<Loc EndOffset="5974" SrcFileId="7" StartOffset="5962"/>
</LocList>
</BasicBoolTerm>
</RootTerm>
</CondStmnt>
</StmntSeq>
</Branch>
<Branch CovItemId="B34" CovItemPrefix="csse376_puerto_rico.GameState.java" Implct="false" Intrnl_Id="578">
<Cond>
<Loc EndOffset="6080" SrcFileId="7" StartOffset="6076"/>
</Cond>
<LocList>
<Loc EndOffset="6111" SrcFileId="7" StartOffset="6081"/>
</LocList>
<StmntSeq Intrnl_Id="579">
<LocList>
<Loc EndOffset="6105" SrcFileId="7" StartOffset="6088"/>
</LocList>
<BasicStmnt CovItemId="S108" CovItemPrefix="csse376_puerto_rico.GameState.java" Intrnl_Id="580">
<LocList>
<Loc EndOffset="6105" SrcFileId="7" StartOffset="6088"/>
</LocList>
</BasicStmnt>
</StmntSeq>
</Branch>
<Keyword EndOffset="5781" SrcFileId="7" StartOffset="5779"/>
<LocList>
<Loc EndOffset="6111" SrcFileId="7" StartOffset="5779"/>
</LocList>
<RootTerm CovItemId="C18" CovItemPrefix="csse376_puerto_rico.GameState.java" Intrnl_Id="581">
<OpTerm BooleanOpId="13" Intrnl_Id="582">
<BasicBoolTerm Intrnl_Id="583">
<LocList>
<Loc EndOffset="5798" SrcFileId="7" StartOffset="5783"/>
</LocList>
</BasicBoolTerm>
<OpTerm BooleanOpId="12" Intrnl_Id="584">
<BasicBoolTerm Intrnl_Id="585">
<LocList>
<Loc EndOffset="5823" SrcFileId="7" StartOffset="5809"/>
</LocList>
</BasicBoolTerm>
<BasicBoolTerm Intrnl_Id="586">
<LocList>
<Loc EndOffset="5854" SrcFileId="7" StartOffset="5827"/>
</LocList>
</BasicBoolTerm>
<LocList>
<Loc EndOffset="5826" SrcFileId="7" StartOffset="5824"/>
</LocList>
</OpTerm>
<LocList>
<Loc EndOffset="5807" SrcFileId="7" StartOffset="5805"/>
</LocList>
</OpTerm>
</RootTerm>
</CondStmnt>
</StmntSeq>
</Branch>
<Branch CovItemId="B32" CovItemPrefix="csse376_puerto_rico.GameState.java" Implct="true" Intrnl_Id="587">
<Cond/>
<LocList/>
<StmntSeq Intrnl_Id="588">
<LocList/>
</StmntSeq>
</Branch>
<Keyword EndOffset="5724" SrcFileId="7" StartOffset="5722"/>
<LocList>
<Loc EndOffset="6116" SrcFileId="7" StartOffset="5722"/>
</LocList>
<RootTerm CovItemId="C17" CovItemPrefix="csse376_puerto_rico.GameState.java" Intrnl_Id="589">
<BasicBoolTerm Intrnl_Id="590">
<LocList>
<Loc EndOffset="5738" SrcFileId="7" StartOffset="5726"/>
</LocList>
</BasicBoolTerm>
</RootTerm>
</CondStmnt>
</StmntSeq>
</Branch>
<Keyword EndOffset="5322" SrcFileId="7" StartOffset="5320"/>
<LocList>
<Loc EndOffset="6116" SrcFileId="7" StartOffset="5320"/>
</LocList>
<RootTerm CovItemId="C13" CovItemPrefix="csse376_puerto_rico.GameState.java" Intrnl_Id="591">
<BasicBoolTerm Intrnl_Id="592">
<LocList>
<Loc EndOffset="5336" SrcFileId="7" StartOffset="5324"/>
</LocList>
</BasicBoolTerm>
</RootTerm>
</CondStmnt>
</StmntSeq>
</Branch>
<Keyword EndOffset="4918" SrcFileId="7" StartOffset="4916"/>
<LocList>
<Loc EndOffset="6116" SrcFileId="7" StartOffset="4916"/>
</LocList>
<RootTerm CovItemId="C9" CovItemPrefix="csse376_puerto_rico.GameState.java" Intrnl_Id="593">
<BasicBoolTerm Intrnl_Id="594">
<LocList>
<Loc EndOffset="4932" SrcFileId="7" StartOffset="4920"/>
</LocList>
</BasicBoolTerm>
</RootTerm>
</CondStmnt>
<BasicStmnt CovItemId="S109" CovItemPrefix="csse376_puerto_rico.GameState.java" Intrnl_Id="595">
<LocList>
<Loc EndOffset="6136" SrcFileId="7" StartOffset="6120"/>
</LocList>
</BasicStmnt>
</StmntSeq>
</HierarchyLvl>
<HierarchyLvl HierarchyLvlId="624" HierarchyLvlTypeId="16" Intrnl_Id="596" Name="isAbleToAddGood">
<Header>
<Loc EndOffset="6177" SrcFileId="7" StartOffset="6145"/>
</Header>
<LocList>
<Loc EndOffset="6291" SrcFileId="7" StartOffset="6145"/>
</LocList>
<StmntSeq Intrnl_Id="597">
<LocList>
<Loc EndOffset="6270" SrcFileId="7" StartOffset="6185"/>
<Loc EndOffset="6287" SrcFileId="7" StartOffset="6274"/>
</LocList>
<LoopStmnt CovItemId="S110" CovItemPrefix="csse376_puerto_rico.GameState.java" Intrnl_Id="598" MltplExecId="L6-2" MltplExecPrefix="csse376_puerto_rico.GameState.java" NvrExecId="L6-0" NvrExecPrefix="csse376_puerto_rico.GameState.java" OnceExecutedId="L6-1" OnceExecutedPrefix="csse376_puerto_rico.GameState.java" OptBodyExec="true">
<StmntSeq Intrnl_Id="599">
<LocList>
<Loc EndOffset="6265" SrcFileId="7" StartOffset="6216"/>
</LocList>
<CondStmnt CovItemId="S111" CovItemPrefix="csse376_puerto_rico.GameState.java" Intrnl_Id="600">
<Branch CovItemId="B39" CovItemPrefix="csse376_puerto_rico.GameState.java" Implct="false" Intrnl_Id="601">
<Cond/>
<LocList>
<Loc EndOffset="6265" SrcFileId="7" StartOffset="6240"/>
</LocList>
<StmntSeq Intrnl_Id="602">
<LocList>
<Loc EndOffset="6259" SrcFileId="7" StartOffset="6247"/>
</LocList>
<BasicStmnt CovItemId="S112" CovItemPrefix="csse376_puerto_rico.GameState.java" Intrnl_Id="603">
<LocList>
<Loc EndOffset="6259" SrcFileId="7" StartOffset="6247"/>
</LocList>
</BasicStmnt>
</StmntSeq>
</Branch>
<Branch CovItemId="B40" CovItemPrefix="csse376_puerto_rico.GameState.java" Implct="true" Intrnl_Id="604">
<Cond/>
<LocList/>
<StmntSeq Intrnl_Id="605">
<LocList/>
</StmntSeq>
</Branch>
<Keyword EndOffset="6218" SrcFileId="7" StartOffset="6216"/>
<LocList>
<Loc EndOffset="6265" SrcFileId="7" StartOffset="6216"/>
</LocList>
<RootTerm CovItemId="C21" CovItemPrefix="csse376_puerto_rico.GameState.java" Intrnl_Id="606">
<BasicBoolTerm Intrnl_Id="607">
<LocList>
<Loc EndOffset="6238" SrcFileId="7" StartOffset="6220"/>
</LocList>
</BasicBoolTerm>
</RootTerm>
</CondStmnt>
</StmntSeq>
<Keyword EndOffset="6188" SrcFileId="7" StartOffset="6185"/>
<LocList>
<Loc EndOffset="6270" SrcFileId="7" StartOffset="6185"/>
</LocList>
</LoopStmnt>
<BasicStmnt CovItemId="S113" CovItemPrefix="csse376_puerto_rico.GameState.java" Intrnl_Id="608">
<LocList>
<Loc EndOffset="6287" SrcFileId="7" StartOffset="6274"/>
</LocList>
</BasicStmnt>
</StmntSeq>
</HierarchyLvl>
<HierarchyLvl HierarchyLvlId="625" HierarchyLvlTypeId="16" Intrnl_Id="609" Name="isAbleToAddGood">
<Header>
<Loc EndOffset="6336" SrcFileId="7" StartOffset="6296"/>
</Header>
<LocList>
<Loc EndOffset="6644" SrcFileId="7" StartOffset="6296"/>
</LocList>
<StmntSeq Intrnl_Id="610">
<LocList>
<Loc EndOffset="6388" SrcFileId="7" StartOffset="6342"/>
<Loc EndOffset="6623" SrcFileId="7" StartOffset="6392"/>
<Loc EndOffset="6640" SrcFileId="7" StartOffset="6627"/>
</LocList>
<BasicStmnt CovItemId="S114" CovItemPrefix="csse376_puerto_rico.GameState.java" Intrnl_Id="611">
<LocList>
<Loc EndOffset="6388" SrcFileId="7" StartOffset="6342"/>
</LocList>
</BasicStmnt>
<LoopStmnt CovItemId="S115" CovItemPrefix="csse376_puerto_rico.GameState.java" Intrnl_Id="612" MltplExecId="L7-2" MltplExecPrefix="csse376_puerto_rico.GameState.java" NvrExecId="L7-0" NvrExecPrefix="csse376_puerto_rico.GameState.java" OnceExecutedId="L7-1" OnceExecutedPrefix="csse376_puerto_rico.GameState.java" OptBodyExec="true">
<StmntSeq Intrnl_Id="613">
<LocList>
<Loc EndOffset="6618" SrcFileId="7" StartOffset="6435"/>
</LocList>
<CondStmnt CovItemId="S116" CovItemPrefix="csse376_puerto_rico.GameState.java" Intrnl_Id="614">
<Branch CovItemId="B41" CovItemPrefix="csse376_puerto_rico.GameState.java" Implct="false" Intrnl_Id="615">
<Cond/>
<LocList>
<Loc EndOffset="6618" SrcFileId="7" StartOffset="6468"/>
</LocList>
<StmntSeq Intrnl_Id="616">
<LocList>
<Loc EndOffset="6612" SrcFileId="7" StartOffset="6475"/>
</LocList>
<LoopStmnt CovItemId="S117" CovItemPrefix="csse376_puerto_rico.GameState.java" Intrnl_Id="617" MltplExecId="L8-2" MltplExecPrefix="csse376_puerto_rico.GameState.java" NvrExecId="L8-0" NvrExecPrefix="csse376_puerto_rico.GameState.java" OnceExecutedId="L8-1" OnceExecutedPrefix="csse376_puerto_rico.GameState.java" OptBodyExec="true">
<StmntSeq Intrnl_Id="618">
<LocList>
<Loc EndOffset="6551" SrcFileId="7" StartOffset="6512"/>
<Loc EndOffset="6605" SrcFileId="7" StartOffset="6558"/>
</LocList>
<BasicStmnt CovItemId="S118" CovItemPrefix="csse376_puerto_rico.GameState.java" Intrnl_Id="619">
<LocList>
<Loc EndOffset="6551" SrcFileId="7" StartOffset="6512"/>
</LocList>
</BasicStmnt>
<CondStmnt CovItemId="S119" CovItemPrefix="csse376_puerto_rico.GameState.java" Intrnl_Id="620">
<Branch CovItemId="B43" CovItemPrefix="csse376_puerto_rico.GameState.java" Implct="false" Intrnl_Id="621">
<Cond/>
<LocList>
<Loc EndOffset="6605" SrcFileId="7" StartOffset="6574"/>
</LocList>
<StmntSeq Intrnl_Id="622">
<LocList>
<Loc EndOffset="6595" SrcFileId="7" StartOffset="6583"/>
</LocList>
<BasicStmnt CovItemId="S120" CovItemPrefix="csse376_puerto_rico.GameState.java" Intrnl_Id="623">
<LocList>
<Loc EndOffset="6595" SrcFileId="7" StartOffset="6583"/>
</LocList>
</BasicStmnt>
</StmntSeq>
</Branch>
<Branch CovItemId="B44" CovItemPrefix="csse376_puerto_rico.GameState.java" Implct="true" Intrnl_Id="624">
<Cond/>
<LocList/>
<StmntSeq Intrnl_Id="625">
<LocList/>
</StmntSeq>
</Branch>
<Keyword EndOffset="6560" SrcFileId="7" StartOffset="6558"/>
<LocList>
<Loc EndOffset="6605" SrcFileId="7" StartOffset="6558"/>
</LocList>
<RootTerm CovItemId="C24" CovItemPrefix="csse376_puerto_rico.GameState.java" Intrnl_Id="626">
<BasicBoolTerm Intrnl_Id="627">
<LocList>
<Loc EndOffset="6572" SrcFileId="7" StartOffset="6562"/>
</LocList>
</BasicBoolTerm>
</RootTerm>
</CondStmnt>
</StmntSeq>
<Keyword EndOffset="6478" SrcFileId="7" StartOffset="6475"/>
<LocList>
<Loc EndOffset="6612" SrcFileId="7" StartOffset="6475"/>
</LocList>
<RootTerm CovItemId="C23" CovItemPrefix="csse376_puerto_rico.GameState.java" Intrnl_Id="628">
<BasicBoolTerm Intrnl_Id="629">
<LocList>
<Loc EndOffset="6497" SrcFileId="7" StartOffset="6491"/>
</LocList>
</BasicBoolTerm>
</RootTerm>
</LoopStmnt>
</StmntSeq>
</Branch>
<Branch CovItemId="B42" CovItemPrefix="csse376_puerto_rico.GameState.java" Implct="true" Intrnl_Id="630">
<Cond/>
<LocList/>
<StmntSeq Intrnl_Id="631">
<LocList/>
</StmntSeq>
</Branch>
<Keyword EndOffset="6437" SrcFileId="7" StartOffset="6435"/>
<LocList>
<Loc EndOffset="6618" SrcFileId="7" StartOffset="6435"/>
</LocList>
<RootTerm CovItemId="C22" CovItemPrefix="csse376_puerto_rico.GameState.java" Intrnl_Id="632">
<BasicBoolTerm Intrnl_Id="633">
<LocList>
<Loc EndOffset="6466" SrcFileId="7" StartOffset="6439"/>
</LocList>
</BasicBoolTerm>
</RootTerm>
</CondStmnt>
</StmntSeq>
<Keyword EndOffset="6395" SrcFileId="7" StartOffset="6392"/>
<LocList>
<Loc EndOffset="6623" SrcFileId="7" StartOffset="6392"/>
</LocList>
</LoopStmnt>
<BasicStmnt CovItemId="S121" CovItemPrefix="csse376_puerto_rico.GameState.java" Intrnl_Id="634">
<LocList>
<Loc EndOffset="6640" SrcFileId="7" StartOffset="6627"/>
</LocList>
</BasicStmnt>
</StmntSeq>
</HierarchyLvl>
<HierarchyLvl HierarchyLvlId="626" HierarchyLvlTypeId="16" Intrnl_Id="635" Name="isGameEndState">
<Header>
<Loc EndOffset="6680" SrcFileId="7" StartOffset="6649"/>
</Header>
<LocList>
<Loc EndOffset="6714" SrcFileId="7" StartOffset="6649"/>
</LocList>
<StmntSeq Intrnl_Id="636">
<LocList>
<Loc EndOffset="6710" SrcFileId="7" StartOffset="6688"/>
</LocList>
<BasicStmnt CovItemId="S122" CovItemPrefix="csse376_puerto_rico.GameState.java" Intrnl_Id="637">
<LocList>
<Loc EndOffset="6710" SrcFileId="7" StartOffset="6688"/>
</LocList>
</BasicStmnt>
</StmntSeq>
</HierarchyLvl>
<HierarchyLvl HierarchyLvlId="627" HierarchyLvlTypeId="16" Intrnl_Id="638" Name="getWinner">
<Header>
<Loc EndOffset="6744" SrcFileId="7" StartOffset="6719"/>
</Header>
<LocList>
<Loc EndOffset="6908" SrcFileId="7" StartOffset="6719"/>
</LocList>
<StmntSeq Intrnl_Id="639">
<LocList>
<Loc EndOffset="6783" SrcFileId="7" StartOffset="6750"/>
<Loc EndOffset="6887" SrcFileId="7" StartOffset="6787"/>
<Loc EndOffset="6904" SrcFileId="7" StartOffset="6893"/>
</LocList>
<BasicStmnt CovItemId="S123" CovItemPrefix="csse376_puerto_rico.GameState.java" Intrnl_Id="640">
<LocList>
<Loc EndOffset="6783" SrcFileId="7" StartOffset="6750"/>
</LocList>
</BasicStmnt>
<LoopStmnt CovItemId="S124" CovItemPrefix="csse376_puerto_rico.GameState.java" Intrnl_Id="641" MltplExecId="L9-2" MltplExecPrefix="csse376_puerto_rico.GameState.java" NvrExecId="L9-0" NvrExecPrefix="csse376_puerto_rico.GameState.java" OnceExecutedId="L9-1" OnceExecutedPrefix="csse376_puerto_rico.GameState.java" OptBodyExec="true">
<StmntSeq Intrnl_Id="642">
<LocList>
<Loc EndOffset="6882" SrcFileId="7" StartOffset="6823"/>
</LocList>
<CondStmnt CovItemId="S125" CovItemPrefix="csse376_puerto_rico.GameState.java" Intrnl_Id="643">
<Branch CovItemId="B45" CovItemPrefix="csse376_puerto_rico.GameState.java" Implct="false" Intrnl_Id="644">
<Cond/>
<LocList>
<Loc EndOffset="6882" SrcFileId="7" StartOffset="6861"/>
</LocList>
<StmntSeq Intrnl_Id="645">
<LocList>
<Loc EndOffset="6876" SrcFileId="7" StartOffset="6868"/>
</LocList>
<BasicStmnt CovItemId="S126" CovItemPrefix="csse376_puerto_rico.GameState.java" Intrnl_Id="646">
<LocList>
<Loc EndOffset="6876" SrcFileId="7" StartOffset="6868"/>
</LocList>
</BasicStmnt>
</StmntSeq>
</Branch>
<Branch CovItemId="B46" CovItemPrefix="csse376_puerto_rico.GameState.java" Implct="true" Intrnl_Id="647">
<Cond/>
<LocList/>
<StmntSeq Intrnl_Id="648">
<LocList/>
</StmntSeq>
</Branch>
<Keyword EndOffset="6825" SrcFileId="7" StartOffset="6823"/>
<LocList>
<Loc EndOffset="6882" SrcFileId="7" StartOffset="6823"/>
</LocList>
<RootTerm CovItemId="C25" CovItemPrefix="csse376_puerto_rico.GameState.java" Intrnl_Id="649">
<BasicBoolTerm Intrnl_Id="650">
<LocList>
<Loc EndOffset="6859" SrcFileId="7" StartOffset="6827"/>
</LocList>
</BasicBoolTerm>
</RootTerm>
</CondStmnt>
</StmntSeq>
<Keyword EndOffset="6790" SrcFileId="7" StartOffset="6787"/>
<LocList>
<Loc EndOffset="6887" SrcFileId="7" StartOffset="6787"/>
</LocList>
</LoopStmnt>
<BasicStmnt CovItemId="S127" CovItemPrefix="csse376_puerto_rico.GameState.java" Intrnl_Id="651">
<LocList>
<Loc EndOffset="6904" SrcFileId="7" StartOffset="6893"/>
</LocList>
</BasicStmnt>
</StmntSeq>
</HierarchyLvl>
<HierarchyLvl HierarchyLvlId="628" HierarchyLvlTypeId="16" Intrnl_Id="652" Name="updateAtEndOfTurn">
<Header>
<Loc EndOffset="6944" SrcFileId="7" StartOffset="6913"/>
</Header>
<LocList>
<Loc EndOffset="7228" SrcFileId="7" StartOffset="6913"/>
</LocList>
<StmntSeq Intrnl_Id="653">
<LocList>
<Loc EndOffset="6972" SrcFileId="7" StartOffset="6950"/>
<Loc EndOffset="7072" SrcFileId="7" StartOffset="7000"/>
<Loc EndOffset="7148" SrcFileId="7" StartOffset="7076"/>
<Loc EndOffset="7224" SrcFileId="7" StartOffset="7152"/>
</LocList>
<BasicStmnt CovItemId="S128" CovItemPrefix="csse376_puerto_rico.GameState.java" Intrnl_Id="654">
<LocList>
<Loc EndOffset="6972" SrcFileId="7" StartOffset="6950"/>
</LocList>
</BasicStmnt>
<CondStmnt CovItemId="S129" CovItemPrefix="csse376_puerto_rico.GameState.java" Intrnl_Id="655">
<Branch CovItemId="B47" CovItemPrefix="csse376_puerto_rico.GameState.java" Implct="false" Intrnl_Id="656">
<Cond/>
<LocList>
<Loc EndOffset="7072" SrcFileId="7" StartOffset="7021"/>
</LocList>
<StmntSeq Intrnl_Id="657">
<LocList>
<Loc EndOffset="7042" SrcFileId="7" StartOffset="7027"/>
<Loc EndOffset="7067" SrcFileId="7" StartOffset="7047"/>
</LocList>
<BasicStmnt CovItemId="S130" CovItemPrefix="csse376_puerto_rico.GameState.java" Intrnl_Id="658">
<LocList>
<Loc EndOffset="7042" SrcFileId="7" StartOffset="7027"/>
</LocList>
</BasicStmnt>
<BasicStmnt CovItemId="S131" CovItemPrefix="csse376_puerto_rico.GameState.java" Intrnl_Id="659">
<LocList>
<Loc EndOffset="7067" SrcFileId="7" StartOffset="7047"/>
</LocList>
</BasicStmnt>
</StmntSeq>
</Branch>
<Branch CovItemId="B48" CovItemPrefix="csse376_puerto_rico.GameState.java" Implct="true" Intrnl_Id="660">
<Cond/>
<LocList/>
<StmntSeq Intrnl_Id="661">
<LocList/>
</StmntSeq>
</Branch>
<Keyword EndOffset="7002" SrcFileId="7" StartOffset="7000"/>
<LocList>
<Loc EndOffset="7072" SrcFileId="7" StartOffset="7000"/>
</LocList>
<RootTerm CovItemId="C26" CovItemPrefix="csse376_puerto_rico.GameState.java" Intrnl_Id="662">
<BasicBoolTerm Intrnl_Id="663">
<LocList>
<Loc EndOffset="7019" SrcFileId="7" StartOffset="7004"/>
</LocList>
</BasicBoolTerm>
</RootTerm>
</CondStmnt>
<CondStmnt CovItemId="S132" CovItemPrefix="csse376_puerto_rico.GameState.java" Intrnl_Id="664">
<Branch CovItemId="B49" CovItemPrefix="csse376_puerto_rico.GameState.java" Implct="false" Intrnl_Id="665">
<Cond/>
<LocList>
<Loc EndOffset="7148" SrcFileId="7" StartOffset="7097"/>
</LocList>
<StmntSeq Intrnl_Id="666">
<LocList>
<Loc EndOffset="7118" SrcFileId="7" StartOffset="7103"/>
<Loc EndOffset="7143" SrcFileId="7" StartOffset="7123"/>
</LocList>
<BasicStmnt CovItemId="S133" CovItemPrefix="csse376_puerto_rico.GameState.java" Intrnl_Id="667">
<LocList>
<Loc EndOffset="7118" SrcFileId="7" StartOffset="7103"/>
</LocList>
</BasicStmnt>
<BasicStmnt CovItemId="S134" CovItemPrefix="csse376_puerto_rico.GameState.java" Intrnl_Id="668">
<LocList>
<Loc EndOffset="7143" SrcFileId="7" StartOffset="7123"/>
</LocList>
</BasicStmnt>
</StmntSeq>
</Branch>
<Branch CovItemId="B50" CovItemPrefix="csse376_puerto_rico.GameState.java" Implct="true" Intrnl_Id="669">
<Cond/>
<LocList/>
<StmntSeq Intrnl_Id="670">
<LocList/>
</StmntSeq>
</Branch>
<Keyword EndOffset="7078" SrcFileId="7" StartOffset="7076"/>
<LocList>
<Loc EndOffset="7148" SrcFileId="7" StartOffset="7076"/>
</LocList>
<RootTerm CovItemId="C27" CovItemPrefix="csse376_puerto_rico.GameState.java" Intrnl_Id="671">
<BasicBoolTerm Intrnl_Id="672">
<LocList>
<Loc EndOffset="7095" SrcFileId="7" StartOffset="7080"/>
</LocList>
</BasicBoolTerm>
</RootTerm>
</CondStmnt>
<CondStmnt CovItemId="S135" CovItemPrefix="csse376_puerto_rico.GameState.java" Intrnl_Id="673">
<Branch CovItemId="B51" CovItemPrefix="csse376_puerto_rico.GameState.java" Implct="false" Intrnl_Id="674">
<Cond/>
<LocList>
<Loc EndOffset="7224" SrcFileId="7" StartOffset="7173"/>
</LocList>
<StmntSeq Intrnl_Id="675">
<LocList>
<Loc EndOffset="7194" SrcFileId="7" StartOffset="7179"/>
<Loc EndOffset="7219" SrcFileId="7" StartOffset="7199"/>
</LocList>
<BasicStmnt CovItemId="S136" CovItemPrefix="csse376_puerto_rico.GameState.java" Intrnl_Id="676">
<LocList>
<Loc EndOffset="7194" SrcFileId="7" StartOffset="7179"/>
</LocList>
</BasicStmnt>
<BasicStmnt CovItemId="S137" CovItemPrefix="csse376_puerto_rico.GameState.java" Intrnl_Id="677">
<LocList>
<Loc EndOffset="7219" SrcFileId="7" StartOffset="7199"/>
</LocList>
</BasicStmnt>
</StmntSeq>
</Branch>
<Branch CovItemId="B52" CovItemPrefix="csse376_puerto_rico.GameState.java" Implct="true" Intrnl_Id="678">
<Cond/>
<LocList/>
<StmntSeq Intrnl_Id="679">
<LocList/>
</StmntSeq>
</Branch>
<Keyword EndOffset="7154" SrcFileId="7" StartOffset="7152"/>
<LocList>
<Loc EndOffset="7224" SrcFileId="7" StartOffset="7152"/>
</LocList>
<RootTerm CovItemId="C28" CovItemPrefix="csse376_puerto_rico.GameState.java" Intrnl_Id="680">
<BasicBoolTerm Intrnl_Id="681">
<LocList>
<Loc EndOffset="7171" SrcFileId="7" StartOffset="7156"/>
</LocList>
</BasicBoolTerm>
</RootTerm>
</CondStmnt>
</StmntSeq>
</HierarchyLvl>
</HierarchyLvl>
<HierarchyLvl HierarchyLvlId="642" HierarchyLvlTypeId="15" Intrnl_Id="682" Name="GameBoardGUI">
<Header>
<Loc EndOffset="508" SrcFileId="8" StartOffset="483"/>
</Header>
<LocList>
<Loc EndOffset="22246" SrcFileId="8" StartOffset="483"/>
</LocList>
<HierarchyLvl HierarchyLvlId="630" HierarchyLvlTypeId="16" Intrnl_Id="683" Name="GameBoardGUI">
<Header>
<Loc EndOffset="822" SrcFileId="8" StartOffset="801"/>
</Header>
<LocList>
<Loc EndOffset="1045" SrcFileId="8" StartOffset="801"/>
</LocList>
<StmntSeq Intrnl_Id="684">
<LocList>
<Loc EndOffset="886" SrcFileId="8" StartOffset="856"/>
<Loc EndOffset="927" SrcFileId="8" StartOffset="890"/>
<Loc EndOffset="970" SrcFileId="8" StartOffset="931"/>
<Loc EndOffset="1004" SrcFileId="8" StartOffset="974"/>
<Loc EndOffset="1041" SrcFileId="8" StartOffset="1008"/>
</LocList>
<BasicStmnt CovItemId="S1" CovItemPrefix="csse376_puerto_rico.GameBoardGUI.java" Intrnl_Id="685">
<LocList>
<Loc EndOffset="886" SrcFileId="8" StartOffset="856"/>
</LocList>
</BasicStmnt>
<BasicStmnt CovItemId="S2" CovItemPrefix="csse376_puerto_rico.GameBoardGUI.java" Intrnl_Id="686">
<LocList>
<Loc EndOffset="927" SrcFileId="8" StartOffset="890"/>
</LocList>
</BasicStmnt>
<BasicStmnt CovItemId="S3" CovItemPrefix="csse376_puerto_rico.GameBoardGUI.java" Intrnl_Id="687">
<LocList>
<Loc EndOffset="970" SrcFileId="8" StartOffset="931"/>
</LocList>
</BasicStmnt>
<BasicStmnt CovItemId="S4" CovItemPrefix="csse376_puerto_rico.GameBoardGUI.java" Intrnl_Id="688">
<LocList>
<Loc EndOffset="1004" SrcFileId="8" StartOffset="974"/>
</LocList>
</BasicStmnt>
<BasicStmnt CovItemId="S5" CovItemPrefix="csse376_puerto_rico.GameBoardGUI.java" Intrnl_Id="689">
<LocList>
<Loc EndOffset="1041" SrcFileId="8" StartOffset="1008"/>
</LocList>
</BasicStmnt>
</StmntSeq>
</HierarchyLvl>
<HierarchyLvl HierarchyLvlId="631" HierarchyLvlTypeId="16" Intrnl_Id="690" Name="GameBoardGUI">
<Header>
<Loc EndOffset="1102" SrcFileId="8" StartOffset="1050"/>
</Header>
<LocList>
<Loc EndOffset="1881" SrcFileId="8" StartOffset="1050"/>
</LocList>
<StmntSeq Intrnl_Id="691">
<LocList>
<Loc EndOffset="1147" SrcFileId="8" StartOffset="1108"/>
<Loc EndOffset="1174" SrcFileId="8" StartOffset="1151"/>
<Loc EndOffset="1217" SrcFileId="8" StartOffset="1178"/>
<Loc EndOffset="1265" SrcFileId="8" StartOffset="1221"/>
<Loc EndOffset="1314" SrcFileId="8" StartOffset="1269"/>
<Loc EndOffset="1360" SrcFileId="8" StartOffset="1318"/>
<Loc EndOffset="1399" SrcFileId="8" StartOffset="1364"/>
<Loc EndOffset="1436" SrcFileId="8" StartOffset="1403"/>
<Loc EndOffset="1460" SrcFileId="8" StartOffset="1440"/>
<Loc EndOffset="1494" SrcFileId="8" StartOffset="1464"/>
<Loc EndOffset="1535" SrcFileId="8" StartOffset="1498"/>
<Loc EndOffset="1559" SrcFileId="8" StartOffset="1541"/>
<Loc EndOffset="1791" SrcFileId="8" StartOffset="1563"/>
<Loc EndOffset="1838" SrcFileId="8" StartOffset="1795"/>
<Loc EndOffset="1877" SrcFileId="8" StartOffset="1846"/>
</LocList>
<BasicStmnt CovItemId="S6" CovItemPrefix="csse376_puerto_rico.GameBoardGUI.java" Intrnl_Id="692">
<LocList>
<Loc EndOffset="1147" SrcFileId="8" StartOffset="1108"/>
</LocList>
</BasicStmnt>
<BasicStmnt CovItemId="S7" CovItemPrefix="csse376_puerto_rico.GameBoardGUI.java" Intrnl_Id="693">
<LocList>
<Loc EndOffset="1174" SrcFileId="8" StartOffset="1151"/>
</LocList>
</BasicStmnt>
<BasicStmnt CovItemId="S8" CovItemPrefix="csse376_puerto_rico.GameBoardGUI.java" Intrnl_Id="694">
<LocList>
<Loc EndOffset="1217" SrcFileId="8" StartOffset="1178"/>
</LocList>
</BasicStmnt>
<BasicStmnt CovItemId="S9" CovItemPrefix="csse376_puerto_rico.GameBoardGUI.java" Intrnl_Id="695">
<LocList>
<Loc EndOffset="1265" SrcFileId="8" StartOffset="1221"/>
</LocList>
</BasicStmnt>
<BasicStmnt CovItemId="S10" CovItemPrefix="csse376_puerto_rico.GameBoardGUI.java" Intrnl_Id="696">
<LocList>
<Loc EndOffset="1314" SrcFileId="8" StartOffset="1269"/>
</LocList>
</BasicStmnt>
<BasicStmnt CovItemId="S11" CovItemPrefix="csse376_puerto_rico.GameBoardGUI.java" Intrnl_Id="697">
<LocList>
<Loc EndOffset="1360" SrcFileId="8" StartOffset="1318"/>
</LocList>
</BasicStmnt>
<BasicStmnt CovItemId="S12" CovItemPrefix="csse376_puerto_rico.GameBoardGUI.java" Intrnl_Id="698">
<LocList>
<Loc EndOffset="1399" SrcFileId="8" StartOffset="1364"/>
</LocList>
</BasicStmnt>
<BasicStmnt CovItemId="S13" CovItemPrefix="csse376_puerto_rico.GameBoardGUI.java" Intrnl_Id="699">
<LocList>
<Loc EndOffset="1436" SrcFileId="8" StartOffset="1403"/>
</LocList>
</BasicStmnt>
<BasicStmnt CovItemId="S14" CovItemPrefix="csse376_puerto_rico.GameBoardGUI.java" Intrnl_Id="700">
<LocList>
<Loc EndOffset="1460" SrcFileId="8" StartOffset="1440"/>
</LocList>
</BasicStmnt>
<BasicStmnt CovItemId="S15" CovItemPrefix="csse376_puerto_rico.GameBoardGUI.java" Intrnl_Id="701">
<LocList>
<Loc EndOffset="1494" SrcFileId="8" StartOffset="1464"/>
</LocList>
</BasicStmnt>
<BasicStmnt CovItemId="S16" CovItemPrefix="csse376_puerto_rico.GameBoardGUI.java" Intrnl_Id="702">
<LocList>
<Loc EndOffset="1535" SrcFileId="8" StartOffset="1498"/>
</LocList>
</BasicStmnt>
<BasicStmnt CovItemId="S17" CovItemPrefix="csse376_puerto_rico.GameBoardGUI.java" Intrnl_Id="703">
<LocList>
<Loc EndOffset="1559" SrcFileId="8" StartOffset="1541"/>
</LocList>
</BasicStmnt>
<LoopStmnt CovItemId="S18" CovItemPrefix="csse376_puerto_rico.GameBoardGUI.java" Intrnl_Id="704" MltplExecId="L1-2" MltplExecPrefix="csse376_puerto_rico.GameBoardGUI.java" NvrExecId="L1-0" NvrExecPrefix="csse376_puerto_rico.GameBoardGUI.java" OnceExecutedId="L1-1" OnceExecutedPrefix="csse376_puerto_rico.GameBoardGUI.java" OptBodyExec="true">
<StmntSeq Intrnl_Id="705">
<LocList>
<Loc EndOffset="1719" SrcFileId="8" StartOffset="1673"/>
<Loc EndOffset="1786" SrcFileId="8" StartOffset="1724"/>
</LocList>
<BasicStmnt CovItemId="S19" CovItemPrefix="csse376_puerto_rico.GameBoardGUI.java" Intrnl_Id="706">
<LocList>
<Loc EndOffset="1719" SrcFileId="8" StartOffset="1673"/>
</LocList>
</BasicStmnt>
<CondStmnt CovItemId="S20" CovItemPrefix="csse376_puerto_rico.GameBoardGUI.java" Intrnl_Id="707">
<Branch CovItemId="B1" CovItemPrefix="csse376_puerto_rico.GameBoardGUI.java" Implct="false" Intrnl_Id="708">
<Cond/>
<LocList>
<Loc EndOffset="1786" SrcFileId="8" StartOffset="1749"/>
</LocList>
<StmntSeq Intrnl_Id="709">
<LocList>
<Loc EndOffset="1780" SrcFileId="8" StartOffset="1756"/>
</LocList>
<BasicStmnt CovItemId="S21" CovItemPrefix="csse376_puerto_rico.GameBoardGUI.java" Intrnl_Id="710">
<LocList>
<Loc EndOffset="1780" SrcFileId="8" StartOffset="1756"/>
</LocList>
</BasicStmnt>
</StmntSeq>
</Branch>
<Branch CovItemId="B2" CovItemPrefix="csse376_puerto_rico.GameBoardGUI.java" Implct="true" Intrnl_Id="711">
<Cond/>
<LocList/>
<StmntSeq Intrnl_Id="712">
<LocList/>
</StmntSeq>
</Branch>
<Keyword EndOffset="1726" SrcFileId="8" StartOffset="1724"/>
<LocList>
<Loc EndOffset="1786" SrcFileId="8" StartOffset="1724"/>
</LocList>
<RootTerm CovItemId="C2" CovItemPrefix="csse376_puerto_rico.GameBoardGUI.java" Intrnl_Id="713">
<BasicBoolTerm Intrnl_Id="714">
<LocList>
<Loc EndOffset="1747" SrcFileId="8" StartOffset="1728"/>
</LocList>
</BasicBoolTerm>
</RootTerm>
</CondStmnt>
</StmntSeq>
<Keyword EndOffset="1566" SrcFileId="8" StartOffset="1563"/>
<LocList>
<Loc EndOffset="1791" SrcFileId="8" StartOffset="1563"/>
</LocList>
<RootTerm CovItemId="C1" CovItemPrefix="csse376_puerto_rico.GameBoardGUI.java" Intrnl_Id="715">
<BasicBoolTerm Intrnl_Id="716">
<LocList>
<Loc EndOffset="1664" SrcFileId="8" StartOffset="1633"/>
</LocList>
</BasicBoolTerm>
</RootTerm>
</LoopStmnt>
<BasicStmnt CovItemId="S22" CovItemPrefix="csse376_puerto_rico.GameBoardGUI.java" Intrnl_Id="717">
<LocList>
<Loc EndOffset="1838" SrcFileId="8" StartOffset="1795"/>
</LocList>
</BasicStmnt>
<BasicStmnt CovItemId="S23" CovItemPrefix="csse376_puerto_rico.GameBoardGUI.java" Intrnl_Id="718">
<LocList>
<Loc EndOffset="1877" SrcFileId="8" StartOffset="1846"/>
</LocList>
</BasicStmnt>
</StmntSeq>
</HierarchyLvl>
<HierarchyLvl HierarchyLvlId="632" HierarchyLvlTypeId="16" Intrnl_Id="719" Name="displayGameState">
<Header>
<Loc EndOffset="1917" SrcFileId="8" StartOffset="1886"/>
</Header>
<LocList>
<Loc EndOffset="3080" SrcFileId="8" StartOffset="1886"/>
</LocList>
<StmntSeq Intrnl_Id="720">
<LocList>
<Loc EndOffset="1979" SrcFileId="8" StartOffset="1923"/>
<Loc EndOffset="2035" SrcFileId="8" StartOffset="1983"/>
<Loc EndOffset="2095" SrcFileId="8" StartOffset="2039"/>
<Loc EndOffset="2153" SrcFileId="8" StartOffset="2099"/>
<Loc EndOffset="2215" SrcFileId="8" StartOffset="2157"/>
<Loc EndOffset="2272" SrcFileId="8" StartOffset="2219"/>
<Loc EndOffset="2332" SrcFileId="8" StartOffset="2276"/>
<Loc EndOffset="2918" SrcFileId="8" StartOffset="2338"/>
<Loc EndOffset="2951" SrcFileId="8" StartOffset="2922"/>
<Loc EndOffset="2980" SrcFileId="8" StartOffset="2955"/>
<Loc EndOffset="3018" SrcFileId="8" StartOffset="2984"/>
<Loc EndOffset="3076" SrcFileId="8" StartOffset="3022"/>
</LocList>
<BasicStmnt CovItemId="S24" CovItemPrefix="csse376_puerto_rico.GameBoardGUI.java" Intrnl_Id="721">
<LocList>
<Loc EndOffset="1979" SrcFileId="8" StartOffset="1923"/>
</LocList>
</BasicStmnt>
<BasicStmnt CovItemId="S25" CovItemPrefix="csse376_puerto_rico.GameBoardGUI.java" Intrnl_Id="722">
<LocList>
<Loc EndOffset="2035" SrcFileId="8" StartOffset="1983"/>
</LocList>
</BasicStmnt>
<BasicStmnt CovItemId="S26" CovItemPrefix="csse376_puerto_rico.GameBoardGUI.java" Intrnl_Id="723">
<LocList>
<Loc EndOffset="2095" SrcFileId="8" StartOffset="2039"/>
</LocList>
</BasicStmnt>
<BasicStmnt CovItemId="S27" CovItemPrefix="csse376_puerto_rico.GameBoardGUI.java" Intrnl_Id="724">
<LocList>
<Loc EndOffset="2153" SrcFileId="8" StartOffset="2099"/>
</LocList>
</BasicStmnt>
<BasicStmnt CovItemId="S28" CovItemPrefix="csse376_puerto_rico.GameBoardGUI.java" Intrnl_Id="725">
<LocList>
<Loc EndOffset="2215" SrcFileId="8" StartOffset="2157"/>
</LocList>
</BasicStmnt>
<BasicStmnt CovItemId="S29" CovItemPrefix="csse376_puerto_rico.GameBoardGUI.java" Intrnl_Id="726">
<LocList>
<Loc EndOffset="2272" SrcFileId="8" StartOffset="2219"/>
</LocList>
</BasicStmnt>
<BasicStmnt CovItemId="S30" CovItemPrefix="csse376_puerto_rico.GameBoardGUI.java" Intrnl_Id="727">
<LocList>
<Loc EndOffset="2332" SrcFileId="8" StartOffset="2276"/>
</LocList>
</BasicStmnt>
<BasicStmnt CovItemId="S31" CovItemPrefix="csse376_puerto_rico.GameBoardGUI.java" Intrnl_Id="728">
<LocList>
<Loc EndOffset="2918" SrcFileId="8" StartOffset="2338"/>
</LocList>
</BasicStmnt>
<BasicStmnt CovItemId="S32" CovItemPrefix="csse376_puerto_rico.GameBoardGUI.java" Intrnl_Id="729">
<LocList>
<Loc EndOffset="2951" SrcFileId="8" StartOffset="2922"/>
</LocList>
</BasicStmnt>
<BasicStmnt CovItemId="S33" CovItemPrefix="csse376_puerto_rico.GameBoardGUI.java" Intrnl_Id="730">
<LocList>
<Loc EndOffset="2980" SrcFileId="8" StartOffset="2955"/>
</LocList>
</BasicStmnt>
<BasicStmnt CovItemId="S34" CovItemPrefix="csse376_puerto_rico.GameBoardGUI.java" Intrnl_Id="731">
<LocList>
<Loc EndOffset="3018" SrcFileId="8" StartOffset="2984"/>
</LocList>
</BasicStmnt>
<BasicStmnt CovItemId="S35" CovItemPrefix="csse376_puerto_rico.GameBoardGUI.java" Intrnl_Id="732">
<LocList>
<Loc EndOffset="3076" SrcFileId="8" StartOffset="3022"/>
</LocList>
</BasicStmnt>
</StmntSeq>
</HierarchyLvl>
<HierarchyLvl HierarchyLvlId="633" HierarchyLvlTypeId="16" Intrnl_Id="733" Name="updateGameStateDisplay">
<Header>
<Loc EndOffset="3122" SrcFileId="8" StartOffset="3085"/>
</Header>
<LocList>
<Loc EndOffset="4158" SrcFileId="8" StartOffset="3085"/>
</LocList>
<StmntSeq Intrnl_Id="734">
<LocList>
<Loc EndOffset="3184" SrcFileId="8" StartOffset="3128"/>
<Loc EndOffset="3240" SrcFileId="8" StartOffset="3188"/>
<Loc EndOffset="3300" SrcFileId="8" StartOffset="3244"/>
<Loc EndOffset="3358" SrcFileId="8" StartOffset="3304"/>
<Loc EndOffset="3420" SrcFileId="8" StartOffset="3362"/>
<Loc EndOffset="3477" SrcFileId="8" StartOffset="3424"/>
<Loc EndOffset="3537" SrcFileId="8" StartOffset="3481"/>
<Loc EndOffset="4114" SrcFileId="8" StartOffset="3543"/>
<Loc EndOffset="4154" SrcFileId="8" StartOffset="4120"/>
</LocList>
<BasicStmnt CovItemId="S36" CovItemPrefix="csse376_puerto_rico.GameBoardGUI.java" Intrnl_Id="735">
<LocList>
<Loc EndOffset="3184" SrcFileId="8" StartOffset="3128"/>
</LocList>
</BasicStmnt>
<BasicStmnt CovItemId="S37" CovItemPrefix="csse376_puerto_rico.GameBoardGUI.java" Intrnl_Id="736">
<LocList>
<Loc EndOffset="3240" SrcFileId="8" StartOffset="3188"/>
</LocList>
</BasicStmnt>
<BasicStmnt CovItemId="S38" CovItemPrefix="csse376_puerto_rico.GameBoardGUI.java" Intrnl_Id="737">
<LocList>
<Loc EndOffset="3300" SrcFileId="8" StartOffset="3244"/>
</LocList>
</BasicStmnt>
<BasicStmnt CovItemId="S39" CovItemPrefix="csse376_puerto_rico.GameBoardGUI.java" Intrnl_Id="738">
<LocList>
<Loc EndOffset="3358" SrcFileId="8" StartOffset="3304"/>
</LocList>
</BasicStmnt>
<BasicStmnt CovItemId="S40" CovItemPrefix="csse376_puerto_rico.GameBoardGUI.java" Intrnl_Id="739">
<LocList>
<Loc EndOffset="3420" SrcFileId="8" StartOffset="3362"/>
</LocList>
</BasicStmnt>
<BasicStmnt CovItemId="S41" CovItemPrefix="csse376_puerto_rico.GameBoardGUI.java" Intrnl_Id="740">
<LocList>
<Loc EndOffset="3477" SrcFileId="8" StartOffset="3424"/>
</LocList>
</BasicStmnt>
<BasicStmnt CovItemId="S42" CovItemPrefix="csse376_puerto_rico.GameBoardGUI.java" Intrnl_Id="741">
<LocList>
<Loc EndOffset="3537" SrcFileId="8" StartOffset="3481"/>
</LocList>
</BasicStmnt>
<BasicStmnt CovItemId="S43" CovItemPrefix="csse376_puerto_rico.GameBoardGUI.java" Intrnl_Id="742">
<LocList>
<Loc EndOffset="4114" SrcFileId="8" StartOffset="3543"/>
</LocList>
</BasicStmnt>
<BasicStmnt CovItemId="S44" CovItemPrefix="csse376_puerto_rico.GameBoardGUI.java" Intrnl_Id="743">
<LocList>
<Loc EndOffset="4154" SrcFileId="8" StartOffset="4120"/>
</LocList>
</BasicStmnt>
</StmntSeq>
</HierarchyLvl>
<HierarchyLvl HierarchyLvlId="634" HierarchyLvlTypeId="16" Intrnl_Id="744" Name="displayMessageBar">
<Header>
<Loc EndOffset="4195" SrcFileId="8" StartOffset="4163"/>
</Header>
<LocList>
<Loc EndOffset="4299" SrcFileId="8" StartOffset="4163"/>
</LocList>
<StmntSeq Intrnl_Id="745">
<LocList>
<Loc EndOffset="4223" SrcFileId="8" StartOffset="4201"/>
<Loc EndOffset="4295" SrcFileId="8" StartOffset="4227"/>
</LocList>
<BasicStmnt CovItemId="S45" CovItemPrefix="csse376_puerto_rico.GameBoardGUI.java" Intrnl_Id="746">
<LocList>
<Loc EndOffset="4223" SrcFileId="8" StartOffset="4201"/>
</LocList>
</BasicStmnt>
<BasicStmnt CovItemId="S46" CovItemPrefix="csse376_puerto_rico.GameBoardGUI.java" Intrnl_Id="747">
<LocList>
<Loc EndOffset="4295" SrcFileId="8" StartOffset="4227"/>
</LocList>
</BasicStmnt>
</StmntSeq>
</HierarchyLvl>
<HierarchyLvl HierarchyLvlId="635" HierarchyLvlTypeId="16" Intrnl_Id="748" Name="addPlayers">
<Header>
<Loc EndOffset="4355" SrcFileId="8" StartOffset="4304"/>
</Header>
<LocList>
<Loc EndOffset="5039" SrcFileId="8" StartOffset="4304"/>
</LocList>
<StmntSeq Intrnl_Id="749">
<LocList>
<Loc EndOffset="4893" SrcFileId="8" StartOffset="4405"/>
<Loc EndOffset="4942" SrcFileId="8" StartOffset="4897"/>
<Loc EndOffset="4967" SrcFileId="8" StartOffset="4948"/>
<Loc EndOffset="4991" SrcFileId="8" StartOffset="4971"/>
<Loc EndOffset="5009" SrcFileId="8" StartOffset="4995"/>
<Loc EndOffset="5035" SrcFileId="8" StartOffset="5015"/>
</LocList>
<LoopStmnt CovItemId="S47" CovItemPrefix="csse376_puerto_rico.GameBoardGUI.java" Intrnl_Id="750" MltplExecId="L2-2" MltplExecPrefix="csse376_puerto_rico.GameBoardGUI.java" NvrExecId="L2-0" NvrExecPrefix="csse376_puerto_rico.GameBoardGUI.java" OnceExecutedId="L2-1" OnceExecutedPrefix="csse376_puerto_rico.GameBoardGUI.java" OptBodyExec="true">
<StmntSeq Intrnl_Id="751">
<LocList>
<Loc EndOffset="4477" SrcFileId="8" StartOffset="4453"/>
<Loc EndOffset="4527" SrcFileId="8" StartOffset="4482"/>
<Loc EndOffset="4550" SrcFileId="8" StartOffset="4532"/>
<Loc EndOffset="4722" SrcFileId="8" StartOffset="4555"/>
<Loc EndOffset="4743" SrcFileId="8" StartOffset="4727"/>
<Loc EndOffset="4767" SrcFileId="8" StartOffset="4748"/>
<Loc EndOffset="4786" SrcFileId="8" StartOffset="4772"/>
<Loc EndOffset="4811" SrcFileId="8" StartOffset="4791"/>
<Loc EndOffset="4860" SrcFileId="8" StartOffset="4816"/>
<Loc EndOffset="4886" SrcFileId="8" StartOffset="4865"/>
</LocList>
<BasicStmnt CovItemId="S48" CovItemPrefix="csse376_puerto_rico.GameBoardGUI.java" Intrnl_Id="752">
<LocList>
<Loc EndOffset="4477" SrcFileId="8" StartOffset="4453"/>
</LocList>
</BasicStmnt>
<CondStmnt CovItemId="S49" CovItemPrefix="csse376_puerto_rico.GameBoardGUI.java" Intrnl_Id="753">
<Branch CovItemId="B3" CovItemPrefix="csse376_puerto_rico.GameBoardGUI.java" Implct="false" Intrnl_Id="754">
<Cond/>
<LocList>
<Loc EndOffset="4527" SrcFileId="8" StartOffset="4494"/>
</LocList>
<StmntSeq Intrnl_Id="755">
<LocList>
<Loc EndOffset="4521" SrcFileId="8" StartOffset="4501"/>
</LocList>
<BasicStmnt CovItemId="S50" CovItemPrefix="csse376_puerto_rico.GameBoardGUI.java" Intrnl_Id="756">
<LocList>
<Loc EndOffset="4521" SrcFileId="8" StartOffset="4501"/>
</LocList>
</BasicStmnt>
</StmntSeq>
</Branch>
<Branch CovItemId="B4" CovItemPrefix="csse376_puerto_rico.GameBoardGUI.java" Implct="true" Intrnl_Id="757">
<Cond/>
<LocList/>
<StmntSeq Intrnl_Id="758">
<LocList/>
</StmntSeq>
</Branch>
<Keyword EndOffset="4484" SrcFileId="8" StartOffset="4482"/>
<LocList>
<Loc EndOffset="4527" SrcFileId="8" StartOffset="4482"/>
</LocList>
<RootTerm CovItemId="C4" CovItemPrefix="csse376_puerto_rico.GameBoardGUI.java" Intrnl_Id="759">
<BasicBoolTerm Intrnl_Id="760">
<LocList>
<Loc EndOffset="4492" SrcFileId="8" StartOffset="4486"/>
</LocList>
</BasicBoolTerm>
</RootTerm>
</CondStmnt>
<BasicStmnt CovItemId="S51" CovItemPrefix="csse376_puerto_rico.GameBoardGUI.java" Intrnl_Id="761">
<LocList>
<Loc EndOffset="4550" SrcFileId="8" StartOffset="4532"/>
</LocList>
</BasicStmnt>
<BasicStmnt CovItemId="S52" CovItemPrefix="csse376_puerto_rico.GameBoardGUI.java" Intrnl_Id="762">
<LocList>
<Loc EndOffset="4722" SrcFileId="8" StartOffset="4555"/>
</LocList>
</BasicStmnt>
<BasicStmnt CovItemId="S53" CovItemPrefix="csse376_puerto_rico.GameBoardGUI.java" Intrnl_Id="763">
<LocList>
<Loc EndOffset="4743" SrcFileId="8" StartOffset="4727"/>
</LocList>
</BasicStmnt>
<BasicStmnt CovItemId="S54" CovItemPrefix="csse376_puerto_rico.GameBoardGUI.java" Intrnl_Id="764">
<LocList>
<Loc EndOffset="4767" SrcFileId="8" StartOffset="4748"/>
</LocList>
</BasicStmnt>
<BasicStmnt CovItemId="S55" CovItemPrefix="csse376_puerto_rico.GameBoardGUI.java" Intrnl_Id="765">
<LocList>
<Loc EndOffset="4786" SrcFileId="8" StartOffset="4772"/>
</LocList>
</BasicStmnt>
<BasicStmnt CovItemId="S56" CovItemPrefix="csse376_puerto_rico.GameBoardGUI.java" Intrnl_Id="766">
<LocList>
<Loc EndOffset="4811" SrcFileId="8" StartOffset="4791"/>
</LocList>
</BasicStmnt>
<BasicStmnt CovItemId="S57" CovItemPrefix="csse376_puerto_rico.GameBoardGUI.java" Intrnl_Id="767">
<LocList>
<Loc EndOffset="4860" SrcFileId="8" StartOffset="4816"/>
</LocList>
</BasicStmnt>
<BasicStmnt CovItemId="S58" CovItemPrefix="csse376_puerto_rico.GameBoardGUI.java" Intrnl_Id="768">
<LocList>
<Loc EndOffset="4886" SrcFileId="8" StartOffset="4865"/>
</LocList>
</BasicStmnt>
</StmntSeq>
<Keyword EndOffset="4408" SrcFileId="8" StartOffset="4405"/>
<LocList>
<Loc EndOffset="4893" SrcFileId="8" StartOffset="4405"/>
</LocList>
<RootTerm CovItemId="C3" CovItemPrefix="csse376_puerto_rico.GameBoardGUI.java" Intrnl_Id="769">
<BasicBoolTerm Intrnl_Id="770">
<LocList>
<Loc EndOffset="4440" SrcFileId="8" StartOffset="4421"/>
</LocList>
</BasicBoolTerm>
</RootTerm>
</LoopStmnt>
<BasicStmnt CovItemId="S59" CovItemPrefix="csse376_puerto_rico.GameBoardGUI.java" Intrnl_Id="771">
<LocList>
<Loc EndOffset="4942" SrcFileId="8" StartOffset="4897"/>
</LocList>
</BasicStmnt>
<BasicStmnt CovItemId="S60" CovItemPrefix="csse376_puerto_rico.GameBoardGUI.java" Intrnl_Id="772">
<LocList>
<Loc EndOffset="4967" SrcFileId="8" StartOffset="4948"/>
</LocList>
</BasicStmnt>
<BasicStmnt CovItemId="S61" CovItemPrefix="csse376_puerto_rico.GameBoardGUI.java" Intrnl_Id="773">
<LocList>
<Loc EndOffset="4991" SrcFileId="8" StartOffset="4971"/>
</LocList>
</BasicStmnt>
<BasicStmnt CovItemId="S62" CovItemPrefix="csse376_puerto_rico.GameBoardGUI.java" Intrnl_Id="774">
<LocList>
<Loc EndOffset="5009" SrcFileId="8" StartOffset="4995"/>
</LocList>
</BasicStmnt>
<BasicStmnt CovItemId="S63" CovItemPrefix="csse376_puerto_rico.GameBoardGUI.java" Intrnl_Id="775">
<LocList>
<Loc EndOffset="5035" SrcFileId="8" StartOffset="5015"/>
</LocList>
</BasicStmnt>
</StmntSeq>
</HierarchyLvl>
<HierarchyLvl HierarchyLvlId="636" HierarchyLvlTypeId="16" Intrnl_Id="776" Name="getPlayers">
<Header>
<Loc EndOffset="5076" SrcFileId="8" StartOffset="5044"/>
</Header>
<LocList>
<Loc EndOffset="5106" SrcFileId="8" StartOffset="5044"/>
</LocList>
<StmntSeq Intrnl_Id="777">
<LocList>
<Loc EndOffset="5102" SrcFileId="8" StartOffset="5082"/>
</LocList>
<BasicStmnt CovItemId="S64" CovItemPrefix="csse376_puerto_rico.GameBoardGUI.java" Intrnl_Id="778">
<LocList>
<Loc EndOffset="5102" SrcFileId="8" StartOffset="5082"/>
</LocList>
</BasicStmnt>
</StmntSeq>
</HierarchyLvl>
<HierarchyLvl HierarchyLvlId="637" HierarchyLvlTypeId="16" Intrnl_Id="779" Name="getTurnCount">
<Header>
<Loc EndOffset="5143" SrcFileId="8" StartOffset="5111"/>
</Header>
<LocList>
<Loc EndOffset="5170" SrcFileId="8" StartOffset="5111"/>
</LocList>
<StmntSeq Intrnl_Id="780">
<LocList>
<Loc EndOffset="5166" SrcFileId="8" StartOffset="5149"/>
</LocList>
<BasicStmnt CovItemId="S65" CovItemPrefix="csse376_puerto_rico.GameBoardGUI.java" Intrnl_Id="781">
<LocList>
<Loc EndOffset="5166" SrcFileId="8" StartOffset="5149"/>
</LocList>
</BasicStmnt>
</StmntSeq>
</HierarchyLvl>
<HierarchyLvl HierarchyLvlId="638" HierarchyLvlTypeId="16" Intrnl_Id="782" Name="updateRoles">
<Header>
<Loc EndOffset="5204" SrcFileId="8" StartOffset="5179"/>
</Header>
<LocList>
<Loc EndOffset="6515" SrcFileId="8" StartOffset="5179"/>
</LocList>
<StmntSeq Intrnl_Id="783">
<LocList>
<Loc EndOffset="5259" SrcFileId="8" StartOffset="5212"/>
<Loc EndOffset="6420" SrcFileId="8" StartOffset="5263"/>
<Loc EndOffset="6509" SrcFileId="8" StartOffset="6424"/>
</LocList>
<BasicStmnt CovItemId="S66" CovItemPrefix="csse376_puerto_rico.GameBoardGUI.java" Intrnl_Id="784">
<LocList>
<Loc EndOffset="5259" SrcFileId="8" StartOffset="5212"/>
</LocList>
</BasicStmnt>
<LoopStmnt CovItemId="S67" CovItemPrefix="csse376_puerto_rico.GameBoardGUI.java" Intrnl_Id="785" MltplExecId="L3-2" MltplExecPrefix="csse376_puerto_rico.GameBoardGUI.java" NvrExecId="L3-0" NvrExecPrefix="csse376_puerto_rico.GameBoardGUI.java" OnceExecutedId="L3-1" OnceExecutedPrefix="csse376_puerto_rico.GameBoardGUI.java" OptBodyExec="true">
<StmntSeq Intrnl_Id="786">
<LocList>
<Loc EndOffset="5331" SrcFileId="8" StartOffset="5293"/>
<Loc EndOffset="6413" SrcFileId="8" StartOffset="5336"/>
</LocList>
<BasicStmnt CovItemId="S68" CovItemPrefix="csse376_puerto_rico.GameBoardGUI.java" Intrnl_Id="787">
<LocList>
<Loc EndOffset="5331" SrcFileId="8" StartOffset="5293"/>
</LocList>
</BasicStmnt>
<LoopStmnt CovItemId="S69" CovItemPrefix="csse376_puerto_rico.GameBoardGUI.java" Intrnl_Id="788" MltplExecId="L4-2" MltplExecPrefix="csse376_puerto_rico.GameBoardGUI.java" NvrExecId="L4-0" NvrExecPrefix="csse376_puerto_rico.GameBoardGUI.java" OnceExecutedId="L4-1" OnceExecutedPrefix="csse376_puerto_rico.GameBoardGUI.java" OptBodyExec="true">
<StmntSeq Intrnl_Id="789">
<LocList>
<Loc EndOffset="5425" SrcFileId="8" StartOffset="5389"/>
<Loc EndOffset="5749" SrcFileId="8" StartOffset="5524"/>
<Loc EndOffset="5894" SrcFileId="8" StartOffset="5860"/>
<Loc EndOffset="6017" SrcFileId="8" StartOffset="5970"/>
<Loc EndOffset="6045" SrcFileId="8" StartOffset="6023"/>
<Loc EndOffset="6074" SrcFileId="8" StartOffset="6053"/>
<Loc EndOffset="6108" SrcFileId="8" StartOffset="6082"/>
<Loc EndOffset="6128" SrcFileId="8" StartOffset="6116"/>
<Loc EndOffset="6186" SrcFileId="8" StartOffset="6151"/>
<Loc EndOffset="6264" SrcFileId="8" StartOffset="6220"/>
<Loc EndOffset="6376" SrcFileId="8" StartOffset="6270"/>
<Loc EndOffset="6407" SrcFileId="8" StartOffset="6382"/>
</LocList>
<BasicStmnt CovItemId="S70" CovItemPrefix="csse376_puerto_rico.GameBoardGUI.java" Intrnl_Id="790">
<LocList>
<Loc EndOffset="5425" SrcFileId="8" StartOffset="5389"/>
</LocList>
</BasicStmnt>
<BasicStmnt CovItemId="S71" CovItemPrefix="csse376_puerto_rico.GameBoardGUI.java" Intrnl_Id="791">
<LocList>
<Loc EndOffset="5749" SrcFileId="8" StartOffset="5524"/>
</LocList>
</BasicStmnt>
<BasicStmnt CovItemId="S72" CovItemPrefix="csse376_puerto_rico.GameBoardGUI.java" Intrnl_Id="792">
<LocList>
<Loc EndOffset="5894" SrcFileId="8" StartOffset="5860"/>
</LocList>
</BasicStmnt>
<BasicStmnt CovItemId="S73" CovItemPrefix="csse376_puerto_rico.GameBoardGUI.java" Intrnl_Id="793">
<LocList>
<Loc EndOffset="6017" SrcFileId="8" StartOffset="5970"/>
</LocList>
</BasicStmnt>
<BasicStmnt CovItemId="S74" CovItemPrefix="csse376_puerto_rico.GameBoardGUI.java" Intrnl_Id="794">
<LocList>
<Loc EndOffset="6045" SrcFileId="8" StartOffset="6023"/>
</LocList>
</BasicStmnt>
<BasicStmnt CovItemId="S75" CovItemPrefix="csse376_puerto_rico.GameBoardGUI.java" Intrnl_Id="795">
<LocList>
<Loc EndOffset="6074" SrcFileId="8" StartOffset="6053"/>
</LocList>
</BasicStmnt>
<BasicStmnt CovItemId="S76" CovItemPrefix="csse376_puerto_rico.GameBoardGUI.java" Intrnl_Id="796">
<LocList>
<Loc EndOffset="6108" SrcFileId="8" StartOffset="6082"/>
</LocList>
</BasicStmnt>
<BasicStmnt CovItemId="S77" CovItemPrefix="csse376_puerto_rico.GameBoardGUI.java" Intrnl_Id="797">
<LocList>
<Loc EndOffset="6128" SrcFileId="8" StartOffset="6116"/>
</LocList>
</BasicStmnt>
<BasicStmnt CovItemId="S78" CovItemPrefix="csse376_puerto_rico.GameBoardGUI.java" Intrnl_Id="798">
<LocList>
<Loc EndOffset="6186" SrcFileId="8" StartOffset="6151"/>
</LocList>
</BasicStmnt>
<BasicStmnt CovItemId="S79" CovItemPrefix="csse376_puerto_rico.GameBoardGUI.java" Intrnl_Id="799">
<LocList>
<Loc EndOffset="6264" SrcFileId="8" StartOffset="6220"/>
</LocList>
</BasicStmnt>
<LoopStmnt CovItemId="S80" CovItemPrefix="csse376_puerto_rico.GameBoardGUI.java" Intrnl_Id="800" MltplExecId="L5-2" MltplExecPrefix="csse376_puerto_rico.GameBoardGUI.java" NvrExecId="L5-0" NvrExecPrefix="csse376_puerto_rico.GameBoardGUI.java" OnceExecutedId="L5-1" OnceExecutedPrefix="csse376_puerto_rico.GameBoardGUI.java" OptBodyExec="true">
<StmntSeq Intrnl_Id="801">
<LocList>
<Loc EndOffset="6369" SrcFileId="8" StartOffset="6319"/>
</LocList>
<CondStmnt CovItemId="S81" CovItemPrefix="csse376_puerto_rico.GameBoardGUI.java" Intrnl_Id="802">
<Branch CovItemId="B5" CovItemPrefix="csse376_puerto_rico.GameBoardGUI.java" Implct="false" Intrnl_Id="803">
<Cond/>
<LocList>
<Loc EndOffset="6369" SrcFileId="8" StartOffset="6331"/>
</LocList>
<StmntSeq Intrnl_Id="804">
<LocList>
<Loc EndOffset="6361" SrcFileId="8" StartOffset="6340"/>
</LocList>
<BasicStmnt CovItemId="S82" CovItemPrefix="csse376_puerto_rico.GameBoardGUI.java" Intrnl_Id="805">
<LocList>
<Loc EndOffset="6361" SrcFileId="8" StartOffset="6340"/>
</LocList>
</BasicStmnt>
</StmntSeq>
</Branch>
<Branch CovItemId="B6" CovItemPrefix="csse376_puerto_rico.GameBoardGUI.java" Implct="true" Intrnl_Id="806">
<Cond/>
<LocList/>
<StmntSeq Intrnl_Id="807">
<LocList/>
</StmntSeq>
</Branch>
<Keyword EndOffset="6321" SrcFileId="8" StartOffset="6319"/>
<LocList>
<Loc EndOffset="6369" SrcFileId="8" StartOffset="6319"/>
</LocList>
<RootTerm CovItemId="C8" CovItemPrefix="csse376_puerto_rico.GameBoardGUI.java" Intrnl_Id="808">
<BasicBoolTerm Intrnl_Id="809">
<LocList>
<Loc EndOffset="6329" SrcFileId="8" StartOffset="6323"/>
</LocList>
</BasicBoolTerm>
</RootTerm>
</CondStmnt>
</StmntSeq>
<Keyword EndOffset="6273" SrcFileId="8" StartOffset="6270"/>
<LocList>
<Loc EndOffset="6376" SrcFileId="8" StartOffset="6270"/>
</LocList>
<RootTerm CovItemId="C7" CovItemPrefix="csse376_puerto_rico.GameBoardGUI.java" Intrnl_Id="810">
<BasicBoolTerm Intrnl_Id="811">
<LocList>
<Loc EndOffset="6304" SrcFileId="8" StartOffset="6286"/>
</LocList>
</BasicBoolTerm>
</RootTerm>
</LoopStmnt>
<BasicStmnt CovItemId="S83" CovItemPrefix="csse376_puerto_rico.GameBoardGUI.java" Intrnl_Id="812">
<LocList>
<Loc EndOffset="6407" SrcFileId="8" StartOffset="6382"/>
</LocList>
</BasicStmnt>
</StmntSeq>
<Keyword EndOffset="5339" SrcFileId="8" StartOffset="5336"/>
<LocList>
<Loc EndOffset="6413" SrcFileId="8" StartOffset="5336"/>
</LocList>
<RootTerm CovItemId="C6" CovItemPrefix="csse376_puerto_rico.GameBoardGUI.java" Intrnl_Id="813">
<BasicBoolTerm Intrnl_Id="814">
<LocList>
<Loc EndOffset="5375" SrcFileId="8" StartOffset="5352"/>
</LocList>
</BasicBoolTerm>
</RootTerm>
</LoopStmnt>
</StmntSeq>
<Keyword EndOffset="5268" SrcFileId="8" StartOffset="5263"/>
<LocList>
<Loc EndOffset="6420" SrcFileId="8" StartOffset="5263"/>
</LocList>
<RootTerm CovItemId="C5" CovItemPrefix="csse376_puerto_rico.GameBoardGUI.java" Intrnl_Id="815">
<OpTerm BooleanOpId="11" Intrnl_Id="816">
<BasicBoolTerm Intrnl_Id="817">
<LocList>
<Loc EndOffset="5285" SrcFileId="8" StartOffset="5271"/>
</LocList>
</BasicBoolTerm>
<LocList>
<Loc EndOffset="5271" SrcFileId="8" StartOffset="5270"/>
</LocList>
</OpTerm>
</RootTerm>
</LoopStmnt>
<BasicStmnt CovItemId="S84" CovItemPrefix="csse376_puerto_rico.GameBoardGUI.java" Intrnl_Id="818">
<LocList>
<Loc EndOffset="6509" SrcFileId="8" StartOffset="6424"/>
</LocList>
</BasicStmnt>
</StmntSeq>
</HierarchyLvl>
<HierarchyLvl HierarchyLvlId="639" HierarchyLvlTypeId="16" Intrnl_Id="819" Name="checkEndGame">
<Header>
<Loc EndOffset="6549" SrcFileId="8" StartOffset="6520"/>
</Header>
<LocList>
<Loc EndOffset="6678" SrcFileId="8" StartOffset="6520"/>
</LocList>
<StmntSeq Intrnl_Id="820">
<LocList>
<Loc EndOffset="6674" SrcFileId="8" StartOffset="6640"/>
</LocList>
<BasicStmnt CovItemId="S85" CovItemPrefix="csse376_puerto_rico.GameBoardGUI.java" Intrnl_Id="821">
<LocList>
<Loc EndOffset="6674" SrcFileId="8" StartOffset="6640"/>
</LocList>
</BasicStmnt>
</StmntSeq>
</HierarchyLvl>
<HierarchyLvl HierarchyLvlId="640" HierarchyLvlTypeId="16" Intrnl_Id="822" Name="updateMsgBar">
<Header>
<Loc EndOffset="6719" SrcFileId="8" StartOffset="6683"/>
</Header>
<LocList>
<Loc EndOffset="6754" SrcFileId="8" StartOffset="6683"/>
</LocList>
<StmntSeq Intrnl_Id="823">
<LocList>
<Loc EndOffset="6750" SrcFileId="8" StartOffset="6725"/>
</LocList>
<BasicStmnt CovItemId="S86" CovItemPrefix="csse376_puerto_rico.GameBoardGUI.java" Intrnl_Id="824">
<LocList>
<Loc EndOffset="6750" SrcFileId="8" StartOffset="6725"/>
</LocList>
</BasicStmnt>
</StmntSeq>
</HierarchyLvl>
<HierarchyLvl HierarchyLvlId="641" HierarchyLvlTypeId="16" Intrnl_Id="825" Name="playRole">
<Header>
<Loc EndOffset="6792" SrcFileId="8" StartOffset="6759"/>
</Header>
<LocList>
<Loc EndOffset="22241" SrcFileId="8" StartOffset="6759"/>
</LocList>
<StmntSeq Intrnl_Id="826">
<LocList>
<Loc EndOffset="6841" SrcFileId="8" StartOffset="6804"/>
<Loc EndOffset="6876" SrcFileId="8" StartOffset="6845"/>
<Loc EndOffset="22172" SrcFileId="8" StartOffset="6882"/>
<Loc EndOffset="22206" SrcFileId="8" StartOffset="22176"/>
<Loc EndOffset="22235" SrcFileId="8" StartOffset="22210"/>
</LocList>
<BasicStmnt CovItemId="S87" CovItemPrefix="csse376_puerto_rico.GameBoardGUI.java" Intrnl_Id="827">
<LocList>
<Loc EndOffset="6841" SrcFileId="8" StartOffset="6804"/>
</LocList>
</BasicStmnt>
<BasicStmnt CovItemId="S88" CovItemPrefix="csse376_puerto_rico.GameBoardGUI.java" Intrnl_Id="828">
<LocList>
<Loc EndOffset="6876" SrcFileId="8" StartOffset="6845"/>
</LocList>
</BasicStmnt>
<CondStmnt CovItemId="S89" CovItemPrefix="csse376_puerto_rico.GameBoardGUI.java" Intrnl_Id="829">
<Branch CovItemId="B7" CovItemPrefix="csse376_puerto_rico.GameBoardGUI.java" Implct="false" Intrnl_Id="830">
<Cond/>
<LocList>
<Loc EndOffset="9977" SrcFileId="8" StartOffset="6918"/>
</LocList>
<StmntSeq Intrnl_Id="831">
<LocList>
<Loc EndOffset="6972" SrcFileId="8" StartOffset="6924"/>
<Loc EndOffset="7041" SrcFileId="8" StartOffset="6977"/>
<Loc EndOffset="9972" SrcFileId="8" StartOffset="7048"/>
</LocList>
<BasicStmnt CovItemId="S90" CovItemPrefix="csse376_puerto_rico.GameBoardGUI.java" Intrnl_Id="832">
<LocList>
<Loc EndOffset="6972" SrcFileId="8" StartOffset="6924"/>
</LocList>
</BasicStmnt>
<BasicStmnt CovItemId="S91" CovItemPrefix="csse376_puerto_rico.GameBoardGUI.java" Intrnl_Id="833">
<LocList>
<Loc EndOffset="7041" SrcFileId="8" StartOffset="6977"/>
</LocList>
</BasicStmnt>
<LoopStmnt CovItemId="S92" CovItemPrefix="csse376_puerto_rico.GameBoardGUI.java" Intrnl_Id="834" MltplExecId="L6-2" MltplExecPrefix="csse376_puerto_rico.GameBoardGUI.java" NvrExecId="L6-0" NvrExecPrefix="csse376_puerto_rico.GameBoardGUI.java" OnceExecutedId="L6-1" OnceExecutedPrefix="csse376_puerto_rico.GameBoardGUI.java" OptBodyExec="true">
<StmntSeq Intrnl_Id="835">
<LocList>
<Loc EndOffset="7109" SrcFileId="8" StartOffset="7079"/>
<Loc EndOffset="7179" SrcFileId="8" StartOffset="7117"/>
<Loc EndOffset="7210" SrcFileId="8" StartOffset="7185"/>
<Loc EndOffset="9899" SrcFileId="8" StartOffset="7216"/>
<Loc EndOffset="9946" SrcFileId="8" StartOffset="9905"/>
<Loc EndOffset="9964" SrcFileId="8" StartOffset="9952"/>
</LocList>
<BasicStmnt CovItemId="S93" CovItemPrefix="csse376_puerto_rico.GameBoardGUI.java" Intrnl_Id="836">
<LocList>
<Loc EndOffset="7109" SrcFileId="8" StartOffset="7079"/>
</LocList>
</BasicStmnt>
<BasicStmnt CovItemId="S94" CovItemPrefix="csse376_puerto_rico.GameBoardGUI.java" Intrnl_Id="837">
<LocList>
<Loc EndOffset="7179" SrcFileId="8" StartOffset="7117"/>
</LocList>
</BasicStmnt>
<BasicStmnt CovItemId="S95" CovItemPrefix="csse376_puerto_rico.GameBoardGUI.java" Intrnl_Id="838">
<LocList>
<Loc EndOffset="7210" SrcFileId="8" StartOffset="7185"/>
</LocList>
</BasicStmnt>
<LoopStmnt CovItemId="S96" CovItemPrefix="csse376_puerto_rico.GameBoardGUI.java" Intrnl_Id="839" MltplExecId="L7-2" MltplExecPrefix="csse376_puerto_rico.GameBoardGUI.java" NvrExecId="L7-0" NvrExecPrefix="csse376_puerto_rico.GameBoardGUI.java" OnceExecutedId="L7-1" OnceExecutedPrefix="csse376_puerto_rico.GameBoardGUI.java" OptBodyExec="true">
<StmntSeq Intrnl_Id="840">
<LocList>
<Loc EndOffset="7547" SrcFileId="8" StartOffset="7242"/>
<Loc EndOffset="9857" SrcFileId="8" StartOffset="7554"/>
<Loc EndOffset="9892" SrcFileId="8" StartOffset="9866"/>
</LocList>
<BasicStmnt CovItemId="S97" CovItemPrefix="csse376_puerto_rico.GameBoardGUI.java" Intrnl_Id="841">
<LocList>
<Loc EndOffset="7547" SrcFileId="8" StartOffset="7242"/>
</LocList>
</BasicStmnt>
<CondStmnt CovItemId="S98" CovItemPrefix="csse376_puerto_rico.GameBoardGUI.java" Intrnl_Id="842">
<Branch CovItemId="B9" CovItemPrefix="csse376_puerto_rico.GameBoardGUI.java" Implct="false" Intrnl_Id="843">
<Cond/>
<LocList>
<Loc EndOffset="8726" SrcFileId="8" StartOffset="7566"/>
</LocList>
<StmntSeq Intrnl_Id="844">
<LocList>
<Loc EndOffset="7681" SrcFileId="8" StartOffset="7575"/>
<Loc EndOffset="7720" SrcFileId="8" StartOffset="7689"/>
<Loc EndOffset="7770" SrcFileId="8" StartOffset="7728"/>
<Loc EndOffset="8076" SrcFileId="8" StartOffset="7780"/>
<Loc EndOffset="8716" SrcFileId="8" StartOffset="8084"/>
</LocList>
<BasicStmnt CovItemId="S99" CovItemPrefix="csse376_puerto_rico.GameBoardGUI.java" Intrnl_Id="845">
<LocList>
<Loc EndOffset="7681" SrcFileId="8" StartOffset="7575"/>
</LocList>
</BasicStmnt>
<BasicStmnt CovItemId="S100" CovItemPrefix="csse376_puerto_rico.GameBoardGUI.java" Intrnl_Id="846">
<LocList>
<Loc EndOffset="7720" SrcFileId="8" StartOffset="7689"/>
</LocList>
</BasicStmnt>
<BasicStmnt CovItemId="S101" CovItemPrefix="csse376_puerto_rico.GameBoardGUI.java" Intrnl_Id="847">
<LocList>
<Loc EndOffset="7770" SrcFileId="8" StartOffset="7728"/>
</LocList>
</BasicStmnt>
<BasicStmnt CovItemId="S102" CovItemPrefix="csse376_puerto_rico.GameBoardGUI.java" Intrnl_Id="848">
<LocList>
<Loc EndOffset="8076" SrcFileId="8" StartOffset="7780"/>
</LocList>
</BasicStmnt>
<CondStmnt CovItemId="S103" CovItemPrefix="csse376_puerto_rico.GameBoardGUI.java" Intrnl_Id="849">
<Branch CovItemId="B11" CovItemPrefix="csse376_puerto_rico.GameBoardGUI.java" Implct="false" Intrnl_Id="850">
<Cond/>
<LocList>
<Loc EndOffset="8597" SrcFileId="8" StartOffset="8120"/>
</LocList>
<StmntSeq Intrnl_Id="851">
<LocList>
<Loc EndOffset="8199" SrcFileId="8" StartOffset="8130"/>
<Loc EndOffset="8588" SrcFileId="8" StartOffset="8208"/>
</LocList>
<BasicStmnt CovItemId="S104" CovItemPrefix="csse376_puerto_rico.GameBoardGUI.java" Intrnl_Id="852">
<LocList>
<Loc EndOffset="8199" SrcFileId="8" StartOffset="8130"/>
</LocList>
</BasicStmnt>
<CondStmnt CovItemId="S105" CovItemPrefix="csse376_puerto_rico.GameBoardGUI.java" Intrnl_Id="853">
<Branch CovItemId="B13" CovItemPrefix="csse376_puerto_rico.GameBoardGUI.java" Implct="false" Intrnl_Id="854">
<Cond/>
<LocList>
<Loc EndOffset="8476" SrcFileId="8" StartOffset="8260"/>
</LocList>
<StmntSeq Intrnl_Id="855">
<LocList>
<Loc EndOffset="8328" SrcFileId="8" StartOffset="8271"/>
<Loc EndOffset="8354" SrcFileId="8" StartOffset="8338"/>
<Loc EndOffset="8466" SrcFileId="8" StartOffset="8364"/>
</LocList>
<BasicStmnt CovItemId="S106" CovItemPrefix="csse376_puerto_rico.GameBoardGUI.java" Intrnl_Id="856">
<LocList>
<Loc EndOffset="8328" SrcFileId="8" StartOffset="8271"/>
</LocList>
</BasicStmnt>
<BasicStmnt CovItemId="S107" CovItemPrefix="csse376_puerto_rico.GameBoardGUI.java" Intrnl_Id="857">
<LocList>
<Loc EndOffset="8354" SrcFileId="8" StartOffset="8338"/>
</LocList>
</BasicStmnt>
<BasicStmnt CovItemId="S108" CovItemPrefix="csse376_puerto_rico.GameBoardGUI.java" Intrnl_Id="858">
<LocList>
<Loc EndOffset="8466" SrcFileId="8" StartOffset="8364"/>
</LocList>
</BasicStmnt>
</StmntSeq>
</Branch>
<Branch CovItemId="B14" CovItemPrefix="csse376_puerto_rico.GameBoardGUI.java" Implct="false" Intrnl_Id="859">
<Cond>
<Loc EndOffset="8481" SrcFileId="8" StartOffset="8477"/>
</Cond>
<LocList>
<Loc EndOffset="8588" SrcFileId="8" StartOffset="8482"/>
</LocList>
<StmntSeq Intrnl_Id="860">
<LocList>
<Loc EndOffset="8578" SrcFileId="8" StartOffset="8493"/>
</LocList>
<BasicStmnt CovItemId="S109" CovItemPrefix="csse376_puerto_rico.GameBoardGUI.java" Intrnl_Id="861">
<LocList>
<Loc EndOffset="8578" SrcFileId="8" StartOffset="8493"/>
</LocList>
</BasicStmnt>
</StmntSeq>
</Branch>
<Keyword EndOffset="8210" SrcFileId="8" StartOffset="8208"/>
<LocList>
<Loc EndOffset="8588" SrcFileId="8" StartOffset="8208"/>
</LocList>
<RootTerm CovItemId="C14" CovItemPrefix="csse376_puerto_rico.GameBoardGUI.java" Intrnl_Id="862">
<BasicBoolTerm Intrnl_Id="863">
<LocList>
<Loc EndOffset="8258" SrcFileId="8" StartOffset="8212"/>
</LocList>
</BasicBoolTerm>
</RootTerm>
</CondStmnt>
</StmntSeq>
</Branch>
<Branch CovItemId="B12" CovItemPrefix="csse376_puerto_rico.GameBoardGUI.java" Implct="false" Intrnl_Id="864">
<Cond>
<Loc EndOffset="8602" SrcFileId="8" StartOffset="8598"/>
</Cond>
<LocList>
<Loc EndOffset="8716" SrcFileId="8" StartOffset="8603"/>
</LocList>
<StmntSeq Intrnl_Id="865">
<LocList>
<Loc EndOffset="8681" SrcFileId="8" StartOffset="8615"/>
<Loc EndOffset="8707" SrcFileId="8" StartOffset="8690"/>
</LocList>
<BasicStmnt CovItemId="S110" CovItemPrefix="csse376_puerto_rico.GameBoardGUI.java" Intrnl_Id="866">
<LocList>
<Loc EndOffset="8681" SrcFileId="8" StartOffset="8615"/>
</LocList>
</BasicStmnt>
<BasicStmnt CovItemId="S111" CovItemPrefix="csse376_puerto_rico.GameBoardGUI.java" Intrnl_Id="867">
<LocList>
<Loc EndOffset="8707" SrcFileId="8" StartOffset="8690"/>
</LocList>
</BasicStmnt>
</StmntSeq>
</Branch>
<Keyword EndOffset="8086" SrcFileId="8" StartOffset="8084"/>
<LocList>
<Loc EndOffset="8716" SrcFileId="8" StartOffset="8084"/>
</LocList>
<RootTerm CovItemId="C13" CovItemPrefix="csse376_puerto_rico.GameBoardGUI.java" Intrnl_Id="868">
<BasicBoolTerm Intrnl_Id="869">
<LocList>
<Loc EndOffset="8118" SrcFileId="8" StartOffset="8088"/>
</LocList>
</BasicBoolTerm>
</RootTerm>
</CondStmnt>
</StmntSeq>
</Branch>
<Branch CovItemId="B10" CovItemPrefix="csse376_puerto_rico.GameBoardGUI.java" Implct="false" Intrnl_Id="870">
<Cond>
<Loc EndOffset="8731" SrcFileId="8" StartOffset="8727"/>
</Cond>
<LocList>
<Loc EndOffset="9857" SrcFileId="8" StartOffset="8732"/>
</LocList>
<StmntSeq Intrnl_Id="871">
<LocList>
<Loc EndOffset="9857" SrcFileId="8" StartOffset="8732"/>
</LocList>
<CondStmnt CovItemId="S112" CovItemPrefix="csse376_puerto_rico.GameBoardGUI.java" Intrnl_Id="872">
<Branch CovItemId="B15" CovItemPrefix="csse376_puerto_rico.GameBoardGUI.java" Implct="false" Intrnl_Id="873">
<Cond/>
<LocList>
<Loc EndOffset="9797" SrcFileId="8" StartOffset="8744"/>
</LocList>
<StmntSeq Intrnl_Id="874">
<LocList>
<Loc EndOffset="8858" SrcFileId="8" StartOffset="8753"/>
<Loc EndOffset="8894" SrcFileId="8" StartOffset="8866"/>
<Loc EndOffset="8941" SrcFileId="8" StartOffset="8902"/>
<Loc EndOffset="9251" SrcFileId="8" StartOffset="8951"/>
<Loc EndOffset="9789" SrcFileId="8" StartOffset="9259"/>
</LocList>
<BasicStmnt CovItemId="S113" CovItemPrefix="csse376_puerto_rico.GameBoardGUI.java" Intrnl_Id="875">
<LocList>
<Loc EndOffset="8858" SrcFileId="8" StartOffset="8753"/>
</LocList>
</BasicStmnt>
<BasicStmnt CovItemId="S114" CovItemPrefix="csse376_puerto_rico.GameBoardGUI.java" Intrnl_Id="876">
<LocList>
<Loc EndOffset="8894" SrcFileId="8" StartOffset="8866"/>
</LocList>
</BasicStmnt>
<BasicStmnt CovItemId="S115" CovItemPrefix="csse376_puerto_rico.GameBoardGUI.java" Intrnl_Id="877">
<LocList>
<Loc EndOffset="8941" SrcFileId="8" StartOffset="8902"/>
</LocList>
</BasicStmnt>
<BasicStmnt CovItemId="S116" CovItemPrefix="csse376_puerto_rico.GameBoardGUI.java" Intrnl_Id="878">
<LocList>
<Loc EndOffset="9251" SrcFileId="8" StartOffset="8951"/>
</LocList>
</BasicStmnt>
<CondStmnt CovItemId="S117" CovItemPrefix="csse376_puerto_rico.GameBoardGUI.java" Intrnl_Id="879">
<Branch CovItemId="B17" CovItemPrefix="csse376_puerto_rico.GameBoardGUI.java" Implct="false" Intrnl_Id="880">
<Cond/>
<LocList>
<Loc EndOffset="9670" SrcFileId="8" StartOffset="9297"/>
</LocList>
<StmntSeq Intrnl_Id="881">
<LocList>
<Loc EndOffset="9386" SrcFileId="8" StartOffset="9307"/>
<Loc EndOffset="9661" SrcFileId="8" StartOffset="9395"/>
</LocList>
<BasicStmnt CovItemId="S118" CovItemPrefix="csse376_puerto_rico.GameBoardGUI.java" Intrnl_Id="882">
<LocList>
<Loc EndOffset="9386" SrcFileId="8" StartOffset="9307"/>
</LocList>
</BasicStmnt>
<CondStmnt CovItemId="S119" CovItemPrefix="csse376_puerto_rico.GameBoardGUI.java" Intrnl_Id="883">
<Branch CovItemId="B19" CovItemPrefix="csse376_puerto_rico.GameBoardGUI.java" Implct="false" Intrnl_Id="884">
<Cond/>
<LocList>
<Loc EndOffset="9492" SrcFileId="8" StartOffset="9422"/>
</LocList>
<StmntSeq Intrnl_Id="885">
<LocList>
<Loc EndOffset="9482" SrcFileId="8" StartOffset="9433"/>
</LocList>
<BasicStmnt CovItemId="S120" CovItemPrefix="csse376_puerto_rico.GameBoardGUI.java" Intrnl_Id="886">
<LocList>
<Loc EndOffset="9482" SrcFileId="8" StartOffset="9433"/>
</LocList>
</BasicStmnt>
</StmntSeq>
</Branch>
<Branch CovItemId="B20" CovItemPrefix="csse376_puerto_rico.GameBoardGUI.java" Implct="false" Intrnl_Id="887">
<Cond>
<Loc EndOffset="9497" SrcFileId="8" StartOffset="9493"/>
</Cond>
<LocList>
<Loc EndOffset="9661" SrcFileId="8" StartOffset="9498"/>
</LocList>
<StmntSeq Intrnl_Id="888">
<LocList>
<Loc EndOffset="9538" SrcFileId="8" StartOffset="9509"/>
<Loc EndOffset="9564" SrcFileId="8" StartOffset="9548"/>
<Loc EndOffset="9651" SrcFileId="8" StartOffset="9574"/>
</LocList>
<BasicStmnt CovItemId="S121" CovItemPrefix="csse376_puerto_rico.GameBoardGUI.java" Intrnl_Id="889">
<LocList>
<Loc EndOffset="9538" SrcFileId="8" StartOffset="9509"/>
</LocList>
</BasicStmnt>
<BasicStmnt CovItemId="S122" CovItemPrefix="csse376_puerto_rico.GameBoardGUI.java" Intrnl_Id="890">
<LocList>
<Loc EndOffset="9564" SrcFileId="8" StartOffset="9548"/>
</LocList>
</BasicStmnt>
<BasicStmnt CovItemId="S123" CovItemPrefix="csse376_puerto_rico.GameBoardGUI.java" Intrnl_Id="891">
<LocList>
<Loc EndOffset="9651" SrcFileId="8" StartOffset="9574"/>
</LocList>
</BasicStmnt>
</StmntSeq>
</Branch>
<Keyword EndOffset="9397" SrcFileId="8" StartOffset="9395"/>
<LocList>
<Loc EndOffset="9661" SrcFileId="8" StartOffset="9395"/>
</LocList>
<RootTerm CovItemId="C17" CovItemPrefix="csse376_puerto_rico.GameBoardGUI.java" Intrnl_Id="892">
<BasicBoolTerm Intrnl_Id="893">
<LocList>
<Loc EndOffset="9420" SrcFileId="8" StartOffset="9399"/>
</LocList>
</BasicBoolTerm>
</RootTerm>
</CondStmnt>
</StmntSeq>
</Branch>
<Branch CovItemId="B18" CovItemPrefix="csse376_puerto_rico.GameBoardGUI.java" Implct="false" Intrnl_Id="894">
<Cond>
<Loc EndOffset="9675" SrcFileId="8" StartOffset="9671"/>
</Cond>
<LocList>
<Loc EndOffset="9789" SrcFileId="8" StartOffset="9676"/>
</LocList>
<StmntSeq Intrnl_Id="895">
<LocList>
<Loc EndOffset="9754" SrcFileId="8" StartOffset="9688"/>
<Loc EndOffset="9780" SrcFileId="8" StartOffset="9763"/>
</LocList>
<BasicStmnt CovItemId="S124" CovItemPrefix="csse376_puerto_rico.GameBoardGUI.java" Intrnl_Id="896">
<LocList>
<Loc EndOffset="9754" SrcFileId="8" StartOffset="9688"/>
</LocList>
</BasicStmnt>
<BasicStmnt CovItemId="S125" CovItemPrefix="csse376_puerto_rico.GameBoardGUI.java" Intrnl_Id="897">
<LocList>
<Loc EndOffset="9780" SrcFileId="8" StartOffset="9763"/>
</LocList>
</BasicStmnt>
</StmntSeq>
</Branch>
<Keyword EndOffset="9261" SrcFileId="8" StartOffset="9259"/>
<LocList>
<Loc EndOffset="9789" SrcFileId="8" StartOffset="9259"/>
</LocList>
<RootTerm CovItemId="C16" CovItemPrefix="csse376_puerto_rico.GameBoardGUI.java" Intrnl_Id="898">
<BasicBoolTerm Intrnl_Id="899">
<LocList>
<Loc EndOffset="9295" SrcFileId="8" StartOffset="9263"/>
</LocList>
</BasicBoolTerm>
</RootTerm>
</CondStmnt>
</StmntSeq>
</Branch>
<Branch CovItemId="B16" CovItemPrefix="csse376_puerto_rico.GameBoardGUI.java" Implct="false" Intrnl_Id="900">
<Cond>
<Loc EndOffset="9802" SrcFileId="8" StartOffset="9798"/>
</Cond>
<LocList>
<Loc EndOffset="9857" SrcFileId="8" StartOffset="9803"/>
</LocList>
<StmntSeq Intrnl_Id="901">
<LocList>
<Loc EndOffset="9849" SrcFileId="8" StartOffset="9833"/>
</LocList>
<BasicStmnt CovItemId="S126" CovItemPrefix="csse376_puerto_rico.GameBoardGUI.java" Intrnl_Id="902">
<LocList>
<Loc EndOffset="9849" SrcFileId="8" StartOffset="9833"/>
</LocList>
</BasicStmnt>
</StmntSeq>
</Branch>
<Keyword EndOffset="8734" SrcFileId="8" StartOffset="8732"/>
<LocList>
<Loc EndOffset="9857" SrcFileId="8" StartOffset="8732"/>
</LocList>
<RootTerm CovItemId="C15" CovItemPrefix="csse376_puerto_rico.GameBoardGUI.java" Intrnl_Id="903">
<BasicBoolTerm Intrnl_Id="904">
<LocList>
<Loc EndOffset="8742" SrcFileId="8" StartOffset="8736"/>
</LocList>
</BasicBoolTerm>
</RootTerm>
</CondStmnt>
</StmntSeq>
</Branch>
<Keyword EndOffset="7556" SrcFileId="8" StartOffset="7554"/>
<LocList>
<Loc EndOffset="9857" SrcFileId="8" StartOffset="7554"/>
</LocList>
<RootTerm CovItemId="C12" CovItemPrefix="csse376_puerto_rico.GameBoardGUI.java" Intrnl_Id="905">
<BasicBoolTerm Intrnl_Id="906">
<LocList>
<Loc EndOffset="7564" SrcFileId="8" StartOffset="7558"/>
</LocList>
</BasicBoolTerm>
</RootTerm>
</CondStmnt>
<BasicStmnt CovItemId="S127" CovItemPrefix="csse376_puerto_rico.GameBoardGUI.java" Intrnl_Id="907">
<LocList>
<Loc EndOffset="9892" SrcFileId="8" StartOffset="9866"/>
</LocList>
</BasicStmnt>
</StmntSeq>
<Keyword EndOffset="7221" SrcFileId="8" StartOffset="7216"/>
<LocList>
<Loc EndOffset="9899" SrcFileId="8" StartOffset="7216"/>
</LocList>
<RootTerm CovItemId="C11" CovItemPrefix="csse376_puerto_rico.GameBoardGUI.java" Intrnl_Id="908">
<OpTerm BooleanOpId="11" Intrnl_Id="909">
<BasicBoolTerm Intrnl_Id="910">
<LocList>
<Loc EndOffset="7232" SrcFileId="8" StartOffset="7224"/>
</LocList>
</BasicBoolTerm>
<LocList>
<Loc EndOffset="7224" SrcFileId="8" StartOffset="7223"/>
</LocList>
</OpTerm>
</RootTerm>
</LoopStmnt>
<BasicStmnt CovItemId="S128" CovItemPrefix="csse376_puerto_rico.GameBoardGUI.java" Intrnl_Id="911">
<LocList>
<Loc EndOffset="9946" SrcFileId="8" StartOffset="9905"/>
</LocList>
</BasicStmnt>
<BasicStmnt CovItemId="S129" CovItemPrefix="csse376_puerto_rico.GameBoardGUI.java" Intrnl_Id="912">
<LocList>
<Loc EndOffset="9964" SrcFileId="8" StartOffset="9952"/>
</LocList>
</BasicStmnt>
</StmntSeq>
<Keyword EndOffset="7053" SrcFileId="8" StartOffset="7048"/>
<LocList>
<Loc EndOffset="9972" SrcFileId="8" StartOffset="7048"/>
</LocList>
<RootTerm CovItemId="C10" CovItemPrefix="csse376_puerto_rico.GameBoardGUI.java" Intrnl_Id="913">
<BasicBoolTerm Intrnl_Id="914">
<LocList>
<Loc EndOffset="7068" SrcFileId="8" StartOffset="7055"/>
</LocList>
</BasicBoolTerm>
</RootTerm>
</LoopStmnt>
</StmntSeq>
</Branch>
<Branch CovItemId="B8" CovItemPrefix="csse376_puerto_rico.GameBoardGUI.java" Implct="false" Intrnl_Id="915">
<Cond>
<Loc EndOffset="9982" SrcFileId="8" StartOffset="9978"/>
</Cond>
<LocList>
<Loc EndOffset="22172" SrcFileId="8" StartOffset="9983"/>
</LocList>
<StmntSeq Intrnl_Id="916">
<LocList>
<Loc EndOffset="22172" SrcFileId="8" StartOffset="9983"/>
</LocList>
<CondStmnt CovItemId="S130" CovItemPrefix="csse376_puerto_rico.GameBoardGUI.java" Intrnl_Id="917">
<Branch CovItemId="B21" CovItemPrefix="csse376_puerto_rico.GameBoardGUI.java" Implct="false" Intrnl_Id="918">
<Cond/>
<LocList>
<Loc EndOffset="11380" SrcFileId="8" StartOffset="10021"/>
</LocList>
<StmntSeq Intrnl_Id="919">
<LocList>
<Loc EndOffset="10074" SrcFileId="8" StartOffset="10027"/>
<Loc EndOffset="10109" SrcFileId="8" StartOffset="10079"/>
<Loc EndOffset="11375" SrcFileId="8" StartOffset="10116"/>
</LocList>
<BasicStmnt CovItemId="S131" CovItemPrefix="csse376_puerto_rico.GameBoardGUI.java" Intrnl_Id="920">
<LocList>
<Loc EndOffset="10074" SrcFileId="8" StartOffset="10027"/>
</LocList>
</BasicStmnt>
<BasicStmnt CovItemId="S132" CovItemPrefix="csse376_puerto_rico.GameBoardGUI.java" Intrnl_Id="921">
<LocList>
<Loc EndOffset="10109" SrcFileId="8" StartOffset="10079"/>
</LocList>
</BasicStmnt>
<LoopStmnt CovItemId="S133" CovItemPrefix="csse376_puerto_rico.GameBoardGUI.java" Intrnl_Id="922" MltplExecId="L8-2" MltplExecPrefix="csse376_puerto_rico.GameBoardGUI.java" NvrExecId="L8-0" NvrExecPrefix="csse376_puerto_rico.GameBoardGUI.java" OnceExecutedId="L8-1" OnceExecutedPrefix="csse376_puerto_rico.GameBoardGUI.java" OptBodyExec="true">
<StmntSeq Intrnl_Id="923">
<LocList>
<Loc EndOffset="10194" SrcFileId="8" StartOffset="10164"/>
<Loc EndOffset="10228" SrcFileId="8" StartOffset="10200"/>
<Loc EndOffset="10278" SrcFileId="8" StartOffset="10236"/>
<Loc EndOffset="10335" SrcFileId="8" StartOffset="10284"/>
<Loc EndOffset="10472" SrcFileId="8" StartOffset="10341"/>
<Loc EndOffset="10500" SrcFileId="8" StartOffset="10478"/>
<Loc EndOffset="10542" SrcFileId="8" StartOffset="10506"/>
<Loc EndOffset="10833" SrcFileId="8" StartOffset="10590"/>
<Loc EndOffset="11193" SrcFileId="8" StartOffset="10839"/>
<Loc EndOffset="11320" SrcFileId="8" StartOffset="11294"/>
<Loc EndOffset="11367" SrcFileId="8" StartOffset="11326"/>
</LocList>
<BasicStmnt CovItemId="S134" CovItemPrefix="csse376_puerto_rico.GameBoardGUI.java" Intrnl_Id="924">
<LocList>
<Loc EndOffset="10194" SrcFileId="8" StartOffset="10164"/>
</LocList>
</BasicStmnt>
<BasicStmnt CovItemId="S135" CovItemPrefix="csse376_puerto_rico.GameBoardGUI.java" Intrnl_Id="925">
<LocList>
<Loc EndOffset="10228" SrcFileId="8" StartOffset="10200"/>
</LocList>
</BasicStmnt>
<BasicStmnt CovItemId="S136" CovItemPrefix="csse376_puerto_rico.GameBoardGUI.java" Intrnl_Id="926">
<LocList>
<Loc EndOffset="10278" SrcFileId="8" StartOffset="10236"/>
</LocList>
</BasicStmnt>
<BasicStmnt CovItemId="S137" CovItemPrefix="csse376_puerto_rico.GameBoardGUI.java" Intrnl_Id="927">
<LocList>
<Loc EndOffset="10335" SrcFileId="8" StartOffset="10284"/>
</LocList>
</BasicStmnt>
<LoopStmnt CovItemId="S138" CovItemPrefix="csse376_puerto_rico.GameBoardGUI.java" Intrnl_Id="928" MltplExecId="L9-2" MltplExecPrefix="csse376_puerto_rico.GameBoardGUI.java" NvrExecId="L9-0" NvrExecPrefix="csse376_puerto_rico.GameBoardGUI.java" OnceExecutedId="L9-1" OnceExecutedPrefix="csse376_puerto_rico.GameBoardGUI.java" OptBodyExec="true">
<StmntSeq Intrnl_Id="929">
<LocList>
<Loc EndOffset="10465" SrcFileId="8" StartOffset="10378"/>
</LocList>
<CondStmnt CovItemId="S139" CovItemPrefix="csse376_puerto_rico.GameBoardGUI.java" Intrnl_Id="930">
<Branch CovItemId="B23" CovItemPrefix="csse376_puerto_rico.GameBoardGUI.java" Implct="false" Intrnl_Id="931">
<Cond/>
<LocList>
<Loc EndOffset="10465" SrcFileId="8" StartOffset="10422"/>
</LocList>
<StmntSeq Intrnl_Id="932">
<LocList>
<Loc EndOffset="10457" SrcFileId="8" StartOffset="10431"/>
</LocList>
<BasicStmnt CovItemId="S140" CovItemPrefix="csse376_puerto_rico.GameBoardGUI.java" Intrnl_Id="933">
<LocList>
<Loc EndOffset="10457" SrcFileId="8" StartOffset="10431"/>
</LocList>
</BasicStmnt>
</StmntSeq>
</Branch>
<Branch CovItemId="B24" CovItemPrefix="csse376_puerto_rico.GameBoardGUI.java" Implct="true" Intrnl_Id="934">
<Cond/>
<LocList/>
<StmntSeq Intrnl_Id="935">
<LocList/>
</StmntSeq>
</Branch>
<Keyword EndOffset="10380" SrcFileId="8" StartOffset="10378"/>
<LocList>
<Loc EndOffset="10465" SrcFileId="8" StartOffset="10378"/>
</LocList>
<RootTerm CovItemId="C20" CovItemPrefix="csse376_puerto_rico.GameBoardGUI.java" Intrnl_Id="936">
<BasicBoolTerm Intrnl_Id="937">
<LocList>
<Loc EndOffset="10420" SrcFileId="8" StartOffset="10382"/>
</LocList>
</BasicBoolTerm>
</RootTerm>
</CondStmnt>
</StmntSeq>
<Keyword EndOffset="10344" SrcFileId="8" StartOffset="10341"/>
<LocList>
<Loc EndOffset="10472" SrcFileId="8" StartOffset="10341"/>
</LocList>
</LoopStmnt>
<BasicStmnt CovItemId="S141" CovItemPrefix="csse376_puerto_rico.GameBoardGUI.java" Intrnl_Id="938">
<LocList>
<Loc EndOffset="10500" SrcFileId="8" StartOffset="10478"/>
</LocList>
</BasicStmnt>
<BasicStmnt CovItemId="S142" CovItemPrefix="csse376_puerto_rico.GameBoardGUI.java" Intrnl_Id="939">
<LocList>
<Loc EndOffset="10542" SrcFileId="8" StartOffset="10506"/>
</LocList>
</BasicStmnt>
<BasicStmnt CovItemId="S143" CovItemPrefix="csse376_puerto_rico.GameBoardGUI.java" Intrnl_Id="940">
<LocList>
<Loc EndOffset="10833" SrcFileId="8" StartOffset="10590"/>
</LocList>
</BasicStmnt>
<CondStmnt CovItemId="S144" CovItemPrefix="csse376_puerto_rico.GameBoardGUI.java" Intrnl_Id="941">
<Branch CovItemId="B25" CovItemPrefix="csse376_puerto_rico.GameBoardGUI.java" Implct="false" Intrnl_Id="942">
<Cond/>
<LocList>
<Loc EndOffset="11193" SrcFileId="8" StartOffset="10867"/>
</LocList>
<StmntSeq Intrnl_Id="943">
<LocList>
<Loc EndOffset="10923" SrcFileId="8" StartOffset="10875"/>
<Loc EndOffset="11085" SrcFileId="8" StartOffset="10930"/>
<Loc EndOffset="11186" SrcFileId="8" StartOffset="11092"/>
</LocList>
<BasicStmnt CovItemId="S145" CovItemPrefix="csse376_puerto_rico.GameBoardGUI.java" Intrnl_Id="944">
<LocList>
<Loc EndOffset="10923" SrcFileId="8" StartOffset="10875"/>
</LocList>
</BasicStmnt>
<CondStmnt CovItemId="S146" CovItemPrefix="csse376_puerto_rico.GameBoardGUI.java" Intrnl_Id="945">
<Branch CovItemId="B27" CovItemPrefix="csse376_puerto_rico.GameBoardGUI.java" Implct="false" Intrnl_Id="946">
<Cond/>
<LocList>
<Loc EndOffset="11085" SrcFileId="8" StartOffset="10977"/>
</LocList>
<StmntSeq Intrnl_Id="947">
<LocList>
<Loc EndOffset="11037" SrcFileId="8" StartOffset="10986"/>
<Loc EndOffset="11077" SrcFileId="8" StartOffset="11045"/>
</LocList>
<BasicStmnt CovItemId="S147" CovItemPrefix="csse376_puerto_rico.GameBoardGUI.java" Intrnl_Id="948">
<LocList>
<Loc EndOffset="11037" SrcFileId="8" StartOffset="10986"/>
</LocList>
</BasicStmnt>
<BasicStmnt CovItemId="S148" CovItemPrefix="csse376_puerto_rico.GameBoardGUI.java" Intrnl_Id="949">
<LocList>
<Loc EndOffset="11077" SrcFileId="8" StartOffset="11045"/>
</LocList>
</BasicStmnt>
</StmntSeq>
</Branch>
<Branch CovItemId="B28" CovItemPrefix="csse376_puerto_rico.GameBoardGUI.java" Implct="true" Intrnl_Id="950">
<Cond/>
<LocList/>
<StmntSeq Intrnl_Id="951">
<LocList/>
</StmntSeq>
</Branch>
<Keyword EndOffset="10932" SrcFileId="8" StartOffset="10930"/>
<LocList>
<Loc EndOffset="11085" SrcFileId="8" StartOffset="10930"/>
</LocList>
<RootTerm CovItemId="C22" CovItemPrefix="csse376_puerto_rico.GameBoardGUI.java" Intrnl_Id="952">
<BasicBoolTerm Intrnl_Id="953">
<LocList>
<Loc EndOffset="10975" SrcFileId="8" StartOffset="10934"/>
</LocList>
</BasicBoolTerm>
</RootTerm>
</CondStmnt>
<CondStmnt CovItemId="S149" CovItemPrefix="csse376_puerto_rico.GameBoardGUI.java" Intrnl_Id="954">
<Branch CovItemId="B29" CovItemPrefix="csse376_puerto_rico.GameBoardGUI.java" Implct="false" Intrnl_Id="955">
<Cond/>
<LocList>
<Loc EndOffset="11186" SrcFileId="8" StartOffset="11132"/>
</LocList>
<StmntSeq Intrnl_Id="956">
<LocList>
<Loc EndOffset="11178" SrcFileId="8" StartOffset="11141"/>
</LocList>
<BasicStmnt CovItemId="S150" CovItemPrefix="csse376_puerto_rico.GameBoardGUI.java" Intrnl_Id="957">
<LocList>
<Loc EndOffset="11178" SrcFileId="8" StartOffset="11141"/>
</LocList>
</BasicStmnt>
</StmntSeq>
</Branch>
<Branch CovItemId="B30" CovItemPrefix="csse376_puerto_rico.GameBoardGUI.java" Implct="true" Intrnl_Id="958">
<Cond/>
<LocList/>
<StmntSeq Intrnl_Id="959">
<LocList/>
</StmntSeq>
</Branch>
<Keyword EndOffset="11094" SrcFileId="8" StartOffset="11092"/>
<LocList>
<Loc EndOffset="11186" SrcFileId="8" StartOffset="11092"/>
</LocList>
<RootTerm CovItemId="C23" CovItemPrefix="csse376_puerto_rico.GameBoardGUI.java" Intrnl_Id="960">
<BasicBoolTerm Intrnl_Id="961">
<LocList>
<Loc EndOffset="11130" SrcFileId="8" StartOffset="11096"/>
</LocList>
</BasicBoolTerm>
</RootTerm>
</CondStmnt>
</StmntSeq>
</Branch>
<Branch CovItemId="B26" CovItemPrefix="csse376_puerto_rico.GameBoardGUI.java" Implct="true" Intrnl_Id="962">
<Cond/>
<LocList/>
<StmntSeq Intrnl_Id="963">
<LocList/>
</StmntSeq>
</Branch>
<Keyword EndOffset="10841" SrcFileId="8" StartOffset="10839"/>
<LocList>
<Loc EndOffset="11193" SrcFileId="8" StartOffset="10839"/>
</LocList>
<RootTerm CovItemId="C21" CovItemPrefix="csse376_puerto_rico.GameBoardGUI.java" Intrnl_Id="964">
<BasicBoolTerm Intrnl_Id="965">
<LocList>
<Loc EndOffset="10865" SrcFileId="8" StartOffset="10843"/>
</LocList>
</BasicBoolTerm>
</RootTerm>
</CondStmnt>
<BasicStmnt CovItemId="S151" CovItemPrefix="csse376_puerto_rico.GameBoardGUI.java" Intrnl_Id="966">
<LocList>
<Loc EndOffset="11320" SrcFileId="8" StartOffset="11294"/>
</LocList>
</BasicStmnt>
<BasicStmnt CovItemId="S152" CovItemPrefix="csse376_puerto_rico.GameBoardGUI.java" Intrnl_Id="967">
<LocList>
<Loc EndOffset="11367" SrcFileId="8" StartOffset="11326"/>
</LocList>
</BasicStmnt>
</StmntSeq>
<Keyword EndOffset="10119" SrcFileId="8" StartOffset="10116"/>
<LocList>
<Loc EndOffset="11375" SrcFileId="8" StartOffset="10116"/>
</LocList>
<RootTerm CovItemId="C19" CovItemPrefix="csse376_puerto_rico.GameBoardGUI.java" Intrnl_Id="968">
<BasicBoolTerm Intrnl_Id="969">
<LocList>
<Loc EndOffset="10150" SrcFileId="8" StartOffset="10132"/>
</LocList>
</BasicBoolTerm>
</RootTerm>
</LoopStmnt>
</StmntSeq>
</Branch>
<Branch CovItemId="B22" CovItemPrefix="csse376_puerto_rico.GameBoardGUI.java" Implct="false" Intrnl_Id="970">
<Cond>
<Loc EndOffset="11385" SrcFileId="8" StartOffset="11381"/>
</Cond>
<LocList>
<Loc EndOffset="22172" SrcFileId="8" StartOffset="11386"/>
</LocList>
<StmntSeq Intrnl_Id="971">
<LocList>
<Loc EndOffset="22172" SrcFileId="8" StartOffset="11386"/>
</LocList>
<CondStmnt CovItemId="S153" CovItemPrefix="csse376_puerto_rico.GameBoardGUI.java" Intrnl_Id="972">
<Branch CovItemId="B31" CovItemPrefix="csse376_puerto_rico.GameBoardGUI.java" Implct="false" Intrnl_Id="973">
<Cond/>
<LocList>
<Loc EndOffset="13351" SrcFileId="8" StartOffset="11424"/>
</LocList>
<StmntSeq Intrnl_Id="974">
<LocList>
<Loc EndOffset="11502" SrcFileId="8" StartOffset="11450"/>
<Loc EndOffset="11538" SrcFileId="8" StartOffset="11507"/>
<Loc EndOffset="11588" SrcFileId="8" StartOffset="11543"/>
<Loc EndOffset="13346" SrcFileId="8" StartOffset="11634"/>
</LocList>
<BasicStmnt CovItemId="S154" CovItemPrefix="csse376_puerto_rico.GameBoardGUI.java" Intrnl_Id="975">
<LocList>
<Loc EndOffset="11502" SrcFileId="8" StartOffset="11450"/>
</LocList>
</BasicStmnt>
<BasicStmnt CovItemId="S155" CovItemPrefix="csse376_puerto_rico.GameBoardGUI.java" Intrnl_Id="976">
<LocList>
<Loc EndOffset="11538" SrcFileId="8" StartOffset="11507"/>
</LocList>
</BasicStmnt>
<BasicStmnt CovItemId="S156" CovItemPrefix="csse376_puerto_rico.GameBoardGUI.java" Intrnl_Id="977">
<LocList>
<Loc EndOffset="11588" SrcFileId="8" StartOffset="11543"/>
</LocList>
</BasicStmnt>
<LoopStmnt CovItemId="S157" CovItemPrefix="csse376_puerto_rico.GameBoardGUI.java" Intrnl_Id="978" MltplExecId="L10-2" MltplExecPrefix="csse376_puerto_rico.GameBoardGUI.java" NvrExecId="L10-0" NvrExecPrefix="csse376_puerto_rico.GameBoardGUI.java" OnceExecutedId="L10-1" OnceExecutedPrefix="csse376_puerto_rico.GameBoardGUI.java" OptBodyExec="true">
<StmntSeq Intrnl_Id="979">
<LocList>
<Loc EndOffset="11715" SrcFileId="8" StartOffset="11685"/>
<Loc EndOffset="11879" SrcFileId="8" StartOffset="11723"/>
<Loc EndOffset="11992" SrcFileId="8" StartOffset="11887"/>
<Loc EndOffset="12279" SrcFileId="8" StartOffset="12038"/>
<Loc EndOffset="12328" SrcFileId="8" StartOffset="12285"/>
<Loc EndOffset="12560" SrcFileId="8" StartOffset="12334"/>
<Loc EndOffset="13166" SrcFileId="8" StartOffset="12566"/>
<Loc EndOffset="13293" SrcFileId="8" StartOffset="13267"/>
<Loc EndOffset="13340" SrcFileId="8" StartOffset="13299"/>
</LocList>
<BasicStmnt CovItemId="S158" CovItemPrefix="csse376_puerto_rico.GameBoardGUI.java" Intrnl_Id="980">
<LocList>
<Loc EndOffset="11715" SrcFileId="8" StartOffset="11685"/>
</LocList>
</BasicStmnt>
<CondStmnt CovItemId="S159" CovItemPrefix="csse376_puerto_rico.GameBoardGUI.java" Intrnl_Id="981">
<Branch CovItemId="B33" CovItemPrefix="csse376_puerto_rico.GameBoardGUI.java" Implct="false" Intrnl_Id="982">
<Cond/>
<LocList>
<Loc EndOffset="11879" SrcFileId="8" StartOffset="11776"/>
</LocList>
<StmntSeq Intrnl_Id="983">
<LocList/>
</StmntSeq>
</Branch>
<Branch CovItemId="B34" CovItemPrefix="csse376_puerto_rico.GameBoardGUI.java" Implct="true" Intrnl_Id="984">
<Cond/>
<LocList/>
<StmntSeq Intrnl_Id="985">
<LocList/>
</StmntSeq>
</Branch>
<Keyword EndOffset="11725" SrcFileId="8" StartOffset="11723"/>
<LocList>
<Loc EndOffset="11879" SrcFileId="8" StartOffset="11723"/>
</LocList>
<RootTerm CovItemId="C26" CovItemPrefix="csse376_puerto_rico.GameBoardGUI.java" Intrnl_Id="986">
<BasicBoolTerm Intrnl_Id="987">
<LocList>
<Loc EndOffset="11774" SrcFileId="8" StartOffset="11727"/>
</LocList>
</BasicBoolTerm>
</RootTerm>
</CondStmnt>
<CondStmnt CovItemId="S160" CovItemPrefix="csse376_puerto_rico.GameBoardGUI.java" Intrnl_Id="988">
<Branch CovItemId="B35" CovItemPrefix="csse376_puerto_rico.GameBoardGUI.java" Implct="false" Intrnl_Id="989">
<Cond/>
<LocList>
<Loc EndOffset="11992" SrcFileId="8" StartOffset="11932"/>
</LocList>
<StmntSeq Intrnl_Id="990">
<LocList/>
</StmntSeq>
</Branch>
<Branch CovItemId="B36" CovItemPrefix="csse376_puerto_rico.GameBoardGUI.java" Implct="true" Intrnl_Id="991">
<Cond/>
<LocList/>
<StmntSeq Intrnl_Id="992">
<LocList/>
</StmntSeq>
</Branch>
<Keyword EndOffset="11889" SrcFileId="8" StartOffset="11887"/>
<LocList>
<Loc EndOffset="11992" SrcFileId="8" StartOffset="11887"/>
</LocList>
<RootTerm CovItemId="C27" CovItemPrefix="csse376_puerto_rico.GameBoardGUI.java" Intrnl_Id="993">
<BasicBoolTerm Intrnl_Id="994">
<LocList>
<Loc EndOffset="11930" SrcFileId="8" StartOffset="11891"/>
</LocList>
</BasicBoolTerm>
</RootTerm>
</CondStmnt>
<BasicStmnt CovItemId="S161" CovItemPrefix="csse376_puerto_rico.GameBoardGUI.java" Intrnl_Id="995">
<LocList>
<Loc EndOffset="12279" SrcFileId="8" StartOffset="12038"/>
</LocList>
</BasicStmnt>
<BasicStmnt CovItemId="S162" CovItemPrefix="csse376_puerto_rico.GameBoardGUI.java" Intrnl_Id="996">
<LocList>
<Loc EndOffset="12328" SrcFileId="8" StartOffset="12285"/>
</LocList>
</BasicStmnt>
<CondStmnt CovItemId="S163" CovItemPrefix="csse376_puerto_rico.GameBoardGUI.java" Intrnl_Id="997">
<Branch CovItemId="B37" CovItemPrefix="csse376_puerto_rico.GameBoardGUI.java" Implct="false" Intrnl_Id="998">
<Cond/>
<LocList>
<Loc EndOffset="12560" SrcFileId="8" StartOffset="12371"/>
</LocList>
<StmntSeq Intrnl_Id="999">
<LocList>
<Loc EndOffset="12457" SrcFileId="8" StartOffset="12379"/>
<Loc EndOffset="12553" SrcFileId="8" StartOffset="12464"/>
</LocList>
<BasicStmnt CovItemId="S164" CovItemPrefix="csse376_puerto_rico.GameBoardGUI.java" Intrnl_Id="1000">
<LocList>
<Loc EndOffset="12457" SrcFileId="8" StartOffset="12379"/>
</LocList>
</BasicStmnt>
<BasicStmnt CovItemId="S165" CovItemPrefix="csse376_puerto_rico.GameBoardGUI.java" Intrnl_Id="1001">
<LocList>
<Loc EndOffset="12553" SrcFileId="8" StartOffset="12464"/>
</LocList>
</BasicStmnt>
</StmntSeq>
</Branch>
<Branch CovItemId="B38" CovItemPrefix="csse376_puerto_rico.GameBoardGUI.java" Implct="true" Intrnl_Id="1002">
<Cond/>
<LocList/>
<StmntSeq Intrnl_Id="1003">
<LocList/>
</StmntSeq>
</Branch>
<Keyword EndOffset="12336" SrcFileId="8" StartOffset="12334"/>
<LocList>
<Loc EndOffset="12560" SrcFileId="8" StartOffset="12334"/>
</LocList>
<RootTerm CovItemId="C28" CovItemPrefix="csse376_puerto_rico.GameBoardGUI.java" Intrnl_Id="1004">
<BasicBoolTerm Intrnl_Id="1005">
<LocList>
<Loc EndOffset="12369" SrcFileId="8" StartOffset="12338"/>
</LocList>
</BasicBoolTerm>
</RootTerm>
</CondStmnt>
<CondStmnt CovItemId="S166" CovItemPrefix="csse376_puerto_rico.GameBoardGUI.java" Intrnl_Id="1006">
<Branch CovItemId="B39" CovItemPrefix="csse376_puerto_rico.GameBoardGUI.java" Implct="false" Intrnl_Id="1007">
<Cond/>
<LocList>
<Loc EndOffset="13166" SrcFileId="8" StartOffset="12610"/>
</LocList>
<StmntSeq Intrnl_Id="1008">
<LocList>
<Loc EndOffset="12717" SrcFileId="8" StartOffset="12684"/>
<Loc EndOffset="13030" SrcFileId="8" StartOffset="12724"/>
<Loc EndOffset="13157" SrcFileId="8" StartOffset="13037"/>
</LocList>
<BasicStmnt CovItemId="S167" CovItemPrefix="csse376_puerto_rico.GameBoardGUI.java" Intrnl_Id="1009">
<LocList>
<Loc EndOffset="12717" SrcFileId="8" StartOffset="12684"/>
</LocList>
</BasicStmnt>
<BasicStmnt CovItemId="S168" CovItemPrefix="csse376_puerto_rico.GameBoardGUI.java" Intrnl_Id="1010">
<LocList>
<Loc EndOffset="13030" SrcFileId="8" StartOffset="12724"/>
</LocList>
</BasicStmnt>
<CondStmnt CovItemId="S169" CovItemPrefix="csse376_puerto_rico.GameBoardGUI.java" Intrnl_Id="1011">
<Branch CovItemId="B41" CovItemPrefix="csse376_puerto_rico.GameBoardGUI.java" Implct="false" Intrnl_Id="1012">
<Cond/>
<LocList>
<Loc EndOffset="13157" SrcFileId="8" StartOffset="13052"/>
</LocList>
<StmntSeq Intrnl_Id="1013">
<LocList>
<Loc EndOffset="13109" SrcFileId="8" StartOffset="13061"/>
<Loc EndOffset="13149" SrcFileId="8" StartOffset="13117"/>
</LocList>
<BasicStmnt CovItemId="S170" CovItemPrefix="csse376_puerto_rico.GameBoardGUI.java" Intrnl_Id="1014">
<LocList>
<Loc EndOffset="13109" SrcFileId="8" StartOffset="13061"/>
</LocList>
</BasicStmnt>
<BasicStmnt CovItemId="S171" CovItemPrefix="csse376_puerto_rico.GameBoardGUI.java" Intrnl_Id="1015">
<LocList>
<Loc EndOffset="13149" SrcFileId="8" StartOffset="13117"/>
</LocList>
</BasicStmnt>
</StmntSeq>
</Branch>
<Branch CovItemId="B42" CovItemPrefix="csse376_puerto_rico.GameBoardGUI.java" Implct="true" Intrnl_Id="1016">
<Cond/>
<LocList/>
<StmntSeq Intrnl_Id="1017">
<LocList/>
</StmntSeq>
</Branch>
<Keyword EndOffset="13039" SrcFileId="8" StartOffset="13037"/>
<LocList>
<Loc EndOffset="13157" SrcFileId="8" StartOffset="13037"/>
</LocList>
<RootTerm CovItemId="C30" CovItemPrefix="csse376_puerto_rico.GameBoardGUI.java" Intrnl_Id="1018">
<BasicBoolTerm Intrnl_Id="1019">
<LocList>
<Loc EndOffset="13050" SrcFileId="8" StartOffset="13041"/>
</LocList>
</BasicBoolTerm>
</RootTerm>
</CondStmnt>
</StmntSeq>
</Branch>
<Branch CovItemId="B40" CovItemPrefix="csse376_puerto_rico.GameBoardGUI.java" Implct="true" Intrnl_Id="1020">
<Cond/>
<LocList/>
<StmntSeq Intrnl_Id="1021">
<LocList/>
</StmntSeq>
</Branch>
<Keyword EndOffset="12568" SrcFileId="8" StartOffset="12566"/>
<LocList>
<Loc EndOffset="13166" SrcFileId="8" StartOffset="12566"/>
</LocList>
<RootTerm CovItemId="C29" CovItemPrefix="csse376_puerto_rico.GameBoardGUI.java" Intrnl_Id="1022">
<BasicBoolTerm Intrnl_Id="1023">
<LocList>
<Loc EndOffset="12608" SrcFileId="8" StartOffset="12570"/>
</LocList>
</BasicBoolTerm>
</RootTerm>
</CondStmnt>
<BasicStmnt CovItemId="S172" CovItemPrefix="csse376_puerto_rico.GameBoardGUI.java" Intrnl_Id="1024">
<LocList>
<Loc EndOffset="13293" SrcFileId="8" StartOffset="13267"/>
</LocList>
</BasicStmnt>
<BasicStmnt CovItemId="S173" CovItemPrefix="csse376_puerto_rico.GameBoardGUI.java" Intrnl_Id="1025">
<LocList>
<Loc EndOffset="13340" SrcFileId="8" StartOffset="13299"/>
</LocList>
</BasicStmnt>
</StmntSeq>
<Keyword EndOffset="11637" SrcFileId="8" StartOffset="11634"/>
<LocList>
<Loc EndOffset="13346" SrcFileId="8" StartOffset="11634"/>
</LocList>
<RootTerm CovItemId="C25" CovItemPrefix="csse376_puerto_rico.GameBoardGUI.java" Intrnl_Id="1026">
<BasicBoolTerm Intrnl_Id="1027">
<LocList>
<Loc EndOffset="11669" SrcFileId="8" StartOffset="11650"/>
</LocList>
</BasicBoolTerm>
</RootTerm>
</LoopStmnt>
</StmntSeq>
</Branch>
<Branch CovItemId="B32" CovItemPrefix="csse376_puerto_rico.GameBoardGUI.java" Implct="false" Intrnl_Id="1028">
<Cond>
<Loc EndOffset="13356" SrcFileId="8" StartOffset="13352"/>
</Cond>
<LocList>
<Loc EndOffset="22172" SrcFileId="8" StartOffset="13357"/>
</LocList>
<StmntSeq Intrnl_Id="1029">
<LocList>
<Loc EndOffset="22172" SrcFileId="8" StartOffset="13357"/>
</LocList>
<CondStmnt CovItemId="S174" CovItemPrefix="csse376_puerto_rico.GameBoardGUI.java" Intrnl_Id="1030">
<Branch CovItemId="B43" CovItemPrefix="csse376_puerto_rico.GameBoardGUI.java" Implct="false" Intrnl_Id="1031">
<Cond/>
<LocList>
<Loc EndOffset="14160" SrcFileId="8" StartOffset="13397"/>
</LocList>
<StmntSeq Intrnl_Id="1032">
<LocList>
<Loc EndOffset="14153" SrcFileId="8" StartOffset="13423"/>
</LocList>
<LoopStmnt CovItemId="S175" CovItemPrefix="csse376_puerto_rico.GameBoardGUI.java" Intrnl_Id="1033" MltplExecId="L11-2" MltplExecPrefix="csse376_puerto_rico.GameBoardGUI.java" NvrExecId="L11-0" NvrExecPrefix="csse376_puerto_rico.GameBoardGUI.java" OnceExecutedId="L11-1" OnceExecutedPrefix="csse376_puerto_rico.GameBoardGUI.java" OptBodyExec="true">
<StmntSeq Intrnl_Id="1034">
<LocList>
<Loc EndOffset="13503" SrcFileId="8" StartOffset="13473"/>
<Loc EndOffset="13534" SrcFileId="8" StartOffset="13509"/>
<Loc EndOffset="14064" SrcFileId="8" StartOffset="13567"/>
<Loc EndOffset="14098" SrcFileId="8" StartOffset="14072"/>
<Loc EndOffset="14145" SrcFileId="8" StartOffset="14104"/>
</LocList>
<BasicStmnt CovItemId="S176" CovItemPrefix="csse376_puerto_rico.GameBoardGUI.java" Intrnl_Id="1035">
<LocList>
<Loc EndOffset="13503" SrcFileId="8" StartOffset="13473"/>
</LocList>
</BasicStmnt>
<BasicStmnt CovItemId="S177" CovItemPrefix="csse376_puerto_rico.GameBoardGUI.java" Intrnl_Id="1036">
<LocList>
<Loc EndOffset="13534" SrcFileId="8" StartOffset="13509"/>
</LocList>
</BasicStmnt>
<CondStmnt CovItemId="S178" CovItemPrefix="csse376_puerto_rico.GameBoardGUI.java" Intrnl_Id="1037">
<Branch CovItemId="B45" CovItemPrefix="csse376_puerto_rico.GameBoardGUI.java" Implct="false" Intrnl_Id="1038">
<Cond/>
<LocList>
<Loc EndOffset="14064" SrcFileId="8" StartOffset="13611"/>
</LocList>
<StmntSeq Intrnl_Id="1039">
<LocList>
<Loc EndOffset="14057" SrcFileId="8" StartOffset="13619"/>
</LocList>
<CondStmnt CovItemId="S179" CovItemPrefix="csse376_puerto_rico.GameBoardGUI.java" Intrnl_Id="1040">
<Branch CovItemId="B47" CovItemPrefix="csse376_puerto_rico.GameBoardGUI.java" Implct="false" Intrnl_Id="1041">
<Cond/>
<LocList>
<Loc EndOffset="13724" SrcFileId="8" StartOffset="13660"/>
</LocList>
<StmntSeq Intrnl_Id="1042">
<LocList>
<Loc EndOffset="13716" SrcFileId="8" StartOffset="13669"/>
</LocList>
<BasicStmnt CovItemId="S180" CovItemPrefix="csse376_puerto_rico.GameBoardGUI.java" Intrnl_Id="1043">
<LocList>
<Loc EndOffset="13716" SrcFileId="8" StartOffset="13669"/>
</LocList>
</BasicStmnt>
</StmntSeq>
</Branch>
<Branch CovItemId="B48" CovItemPrefix="csse376_puerto_rico.GameBoardGUI.java" Implct="false" Intrnl_Id="1044">
<Cond>
<Loc EndOffset="13729" SrcFileId="8" StartOffset="13725"/>
</Cond>
<LocList>
<Loc EndOffset="14057" SrcFileId="8" StartOffset="13730"/>
</LocList>
<StmntSeq Intrnl_Id="1045">
<LocList>
<Loc EndOffset="14057" SrcFileId="8" StartOffset="13730"/>
</LocList>
<CondStmnt CovItemId="S181" CovItemPrefix="csse376_puerto_rico.GameBoardGUI.java" Intrnl_Id="1046">
<Branch CovItemId="B49" CovItemPrefix="csse376_puerto_rico.GameBoardGUI.java" Implct="false" Intrnl_Id="1047">
<Cond/>
<LocList>
<Loc EndOffset="13835" SrcFileId="8" StartOffset="13771"/>
</LocList>
<StmntSeq Intrnl_Id="1048">
<LocList>
<Loc EndOffset="13827" SrcFileId="8" StartOffset="13780"/>
</LocList>
<BasicStmnt CovItemId="S182" CovItemPrefix="csse376_puerto_rico.GameBoardGUI.java" Intrnl_Id="1049">
<LocList>
<Loc EndOffset="13827" SrcFileId="8" StartOffset="13780"/>
</LocList>
</BasicStmnt>
</StmntSeq>
</Branch>
<Branch CovItemId="B50" CovItemPrefix="csse376_puerto_rico.GameBoardGUI.java" Implct="false" Intrnl_Id="1050">
<Cond>
<Loc EndOffset="13840" SrcFileId="8" StartOffset="13836"/>
</Cond>
<LocList>
<Loc EndOffset="14057" SrcFileId="8" StartOffset="13841"/>
</LocList>
<StmntSeq Intrnl_Id="1051">
<LocList>
<Loc EndOffset="14057" SrcFileId="8" StartOffset="13841"/>
</LocList>
<CondStmnt CovItemId="S183" CovItemPrefix="csse376_puerto_rico.GameBoardGUI.java" Intrnl_Id="1052">
<Branch CovItemId="B51" CovItemPrefix="csse376_puerto_rico.GameBoardGUI.java" Implct="false" Intrnl_Id="1053">
<Cond/>
<LocList>
<Loc EndOffset="13946" SrcFileId="8" StartOffset="13882"/>
</LocList>
<StmntSeq Intrnl_Id="1054">
<LocList>
<Loc EndOffset="13938" SrcFileId="8" StartOffset="13891"/>
</LocList>
<BasicStmnt CovItemId="S184" CovItemPrefix="csse376_puerto_rico.GameBoardGUI.java" Intrnl_Id="1055">
<LocList>
<Loc EndOffset="13938" SrcFileId="8" StartOffset="13891"/>
</LocList>
</BasicStmnt>
</StmntSeq>
</Branch>
<Branch CovItemId="B52" CovItemPrefix="csse376_puerto_rico.GameBoardGUI.java" Implct="false" Intrnl_Id="1056">
<Cond>
<Loc EndOffset="13951" SrcFileId="8" StartOffset="13947"/>
</Cond>
<LocList>
<Loc EndOffset="14057" SrcFileId="8" StartOffset="13952"/>
</LocList>
<StmntSeq Intrnl_Id="1057">
<LocList>
<Loc EndOffset="14057" SrcFileId="8" StartOffset="13952"/>
</LocList>
<CondStmnt CovItemId="S185" CovItemPrefix="csse376_puerto_rico.GameBoardGUI.java" Intrnl_Id="1058">
<Branch CovItemId="B53" CovItemPrefix="csse376_puerto_rico.GameBoardGUI.java" Implct="false" Intrnl_Id="1059">
<Cond/>
<LocList>
<Loc EndOffset="14057" SrcFileId="8" StartOffset="13993"/>
</LocList>
<StmntSeq Intrnl_Id="1060">
<LocList>
<Loc EndOffset="14049" SrcFileId="8" StartOffset="14002"/>
</LocList>
<BasicStmnt CovItemId="S186" CovItemPrefix="csse376_puerto_rico.GameBoardGUI.java" Intrnl_Id="1061">
<LocList>
<Loc EndOffset="14049" SrcFileId="8" StartOffset="14002"/>
</LocList>
</BasicStmnt>
</StmntSeq>
</Branch>
<Branch CovItemId="B54" CovItemPrefix="csse376_puerto_rico.GameBoardGUI.java" Implct="true" Intrnl_Id="1062">
<Cond/>
<LocList/>
<StmntSeq Intrnl_Id="1063">
<LocList/>
</StmntSeq>
</Branch>
<Keyword EndOffset="13954" SrcFileId="8" StartOffset="13952"/>
<LocList>
<Loc EndOffset="14057" SrcFileId="8" StartOffset="13952"/>
</LocList>
<RootTerm CovItemId="C37" CovItemPrefix="csse376_puerto_rico.GameBoardGUI.java" Intrnl_Id="1064">
<BasicBoolTerm Intrnl_Id="1065">
<LocList>
<Loc EndOffset="13991" SrcFileId="8" StartOffset="13956"/>
</LocList>
</BasicBoolTerm>
</RootTerm>
</CondStmnt>
</StmntSeq>
</Branch>
<Keyword EndOffset="13843" SrcFileId="8" StartOffset="13841"/>
<LocList>
<Loc EndOffset="14057" SrcFileId="8" StartOffset="13841"/>
</LocList>
<RootTerm CovItemId="C36" CovItemPrefix="csse376_puerto_rico.GameBoardGUI.java" Intrnl_Id="1066">
<BasicBoolTerm Intrnl_Id="1067">
<LocList>
<Loc EndOffset="13880" SrcFileId="8" StartOffset="13845"/>
</LocList>
</BasicBoolTerm>
</RootTerm>
</CondStmnt>
</StmntSeq>
</Branch>
<Keyword EndOffset="13732" SrcFileId="8" StartOffset="13730"/>
<LocList>
<Loc EndOffset="14057" SrcFileId="8" StartOffset="13730"/>
</LocList>
<RootTerm CovItemId="C35" CovItemPrefix="csse376_puerto_rico.GameBoardGUI.java" Intrnl_Id="1068">
<BasicBoolTerm Intrnl_Id="1069">
<LocList>
<Loc EndOffset="13769" SrcFileId="8" StartOffset="13734"/>
</LocList>
</BasicBoolTerm>
</RootTerm>
</CondStmnt>
</StmntSeq>
</Branch>
<Keyword EndOffset="13621" SrcFileId="8" StartOffset="13619"/>
<LocList>
<Loc EndOffset="14057" SrcFileId="8" StartOffset="13619"/>
</LocList>
<RootTerm CovItemId="C34" CovItemPrefix="csse376_puerto_rico.GameBoardGUI.java" Intrnl_Id="1070">
<BasicBoolTerm Intrnl_Id="1071">
<LocList>
<Loc EndOffset="13658" SrcFileId="8" StartOffset="13623"/>
</LocList>
</BasicBoolTerm>
</RootTerm>
</CondStmnt>
</StmntSeq>
</Branch>
<Branch CovItemId="B46" CovItemPrefix="csse376_puerto_rico.GameBoardGUI.java" Implct="true" Intrnl_Id="1072">
<Cond/>
<LocList/>
<StmntSeq Intrnl_Id="1073">
<LocList/>
</StmntSeq>
</Branch>
<Keyword EndOffset="13569" SrcFileId="8" StartOffset="13567"/>
<LocList>
<Loc EndOffset="14064" SrcFileId="8" StartOffset="13567"/>
</LocList>
<RootTerm CovItemId="C33" CovItemPrefix="csse376_puerto_rico.GameBoardGUI.java" Intrnl_Id="1074">
<BasicBoolTerm Intrnl_Id="1075">
<LocList>
<Loc EndOffset="13609" SrcFileId="8" StartOffset="13571"/>
</LocList>
</BasicBoolTerm>
</RootTerm>
</CondStmnt>
<BasicStmnt CovItemId="S187" CovItemPrefix="csse376_puerto_rico.GameBoardGUI.java" Intrnl_Id="1076">
<LocList>
<Loc EndOffset="14098" SrcFileId="8" StartOffset="14072"/>
</LocList>
</BasicStmnt>
<BasicStmnt CovItemId="S188" CovItemPrefix="csse376_puerto_rico.GameBoardGUI.java" Intrnl_Id="1077">
<LocList>
<Loc EndOffset="14145" SrcFileId="8" StartOffset="14104"/>
</LocList>
</BasicStmnt>
</StmntSeq>
<Keyword EndOffset="13426" SrcFileId="8" StartOffset="13423"/>
<LocList>
<Loc EndOffset="14153" SrcFileId="8" StartOffset="13423"/>
</LocList>
<RootTerm CovItemId="C32" CovItemPrefix="csse376_puerto_rico.GameBoardGUI.java" Intrnl_Id="1078">
<BasicBoolTerm Intrnl_Id="1079">
<LocList>
<Loc EndOffset="13457" SrcFileId="8" StartOffset="13439"/>
</LocList>
</BasicBoolTerm>
</RootTerm>
</LoopStmnt>
</StmntSeq>
</Branch>
<Branch CovItemId="B44" CovItemPrefix="csse376_puerto_rico.GameBoardGUI.java" Implct="false" Intrnl_Id="1080">
<Cond>
<Loc EndOffset="14165" SrcFileId="8" StartOffset="14161"/>
</Cond>
<LocList>
<Loc EndOffset="22172" SrcFileId="8" StartOffset="14166"/>
</LocList>
<StmntSeq Intrnl_Id="1081">
<LocList>
<Loc EndOffset="22172" SrcFileId="8" StartOffset="14166"/>
</LocList>
<CondStmnt CovItemId="S189" CovItemPrefix="csse376_puerto_rico.GameBoardGUI.java" Intrnl_Id="1082">
<Branch CovItemId="B55" CovItemPrefix="csse376_puerto_rico.GameBoardGUI.java" Implct="false" Intrnl_Id="1083">
<Cond/>
<LocList>
<Loc EndOffset="16173" SrcFileId="8" StartOffset="14203"/>
</LocList>
<StmntSeq Intrnl_Id="1084">
<LocList>
<Loc EndOffset="16168" SrcFileId="8" StartOffset="14216"/>
</LocList>
<LoopStmnt CovItemId="S190" CovItemPrefix="csse376_puerto_rico.GameBoardGUI.java" Intrnl_Id="1085" MltplExecId="L12-2" MltplExecPrefix="csse376_puerto_rico.GameBoardGUI.java" NvrExecId="L12-0" NvrExecPrefix="csse376_puerto_rico.GameBoardGUI.java" OnceExecutedId="L12-1" OnceExecutedPrefix="csse376_puerto_rico.GameBoardGUI.java" OptBodyExec="true">
<StmntSeq Intrnl_Id="1086">
<LocList>
<Loc EndOffset="14296" SrcFileId="8" StartOffset="14266"/>
<Loc EndOffset="14446" SrcFileId="8" StartOffset="14335"/>
<Loc EndOffset="14596" SrcFileId="8" StartOffset="14485"/>
<Loc EndOffset="14721" SrcFileId="8" StartOffset="14604"/>
<Loc EndOffset="14780" SrcFileId="8" StartOffset="14727"/>
<Loc EndOffset="14924" SrcFileId="8" StartOffset="14786"/>
<Loc EndOffset="14954" SrcFileId="8" StartOffset="14930"/>
<Loc EndOffset="14998" SrcFileId="8" StartOffset="14960"/>
<Loc EndOffset="15245" SrcFileId="8" StartOffset="15006"/>
<Loc EndOffset="15986" SrcFileId="8" StartOffset="15251"/>
<Loc EndOffset="16113" SrcFileId="8" StartOffset="16087"/>
<Loc EndOffset="16160" SrcFileId="8" StartOffset="16119"/>
</LocList>
<BasicStmnt CovItemId="S191" CovItemPrefix="csse376_puerto_rico.GameBoardGUI.java" Intrnl_Id="1087">
<LocList>
<Loc EndOffset="14296" SrcFileId="8" StartOffset="14266"/>
</LocList>
</BasicStmnt>
<CondStmnt CovItemId="S192" CovItemPrefix="csse376_puerto_rico.GameBoardGUI.java" Intrnl_Id="1088">
<Branch CovItemId="B57" CovItemPrefix="csse376_puerto_rico.GameBoardGUI.java" Implct="false" Intrnl_Id="1089">
<Cond/>
<LocList>
<Loc EndOffset="14446" SrcFileId="8" StartOffset="14384"/>
</LocList>
<StmntSeq Intrnl_Id="1090">
<LocList>
<Loc EndOffset="14439" SrcFileId="8" StartOffset="14392"/>
</LocList>
<BasicStmnt CovItemId="S193" CovItemPrefix="csse376_puerto_rico.GameBoardGUI.java" Intrnl_Id="1091">
<LocList>
<Loc EndOffset="14439" SrcFileId="8" StartOffset="14392"/>
</LocList>
</BasicStmnt>
</StmntSeq>
</Branch>
<Branch CovItemId="B58" CovItemPrefix="csse376_puerto_rico.GameBoardGUI.java" Implct="true" Intrnl_Id="1092">
<Cond/>
<LocList/>
<StmntSeq Intrnl_Id="1093">
<LocList/>
</StmntSeq>
</Branch>
<Keyword EndOffset="14337" SrcFileId="8" StartOffset="14335"/>
<LocList>
<Loc EndOffset="14446" SrcFileId="8" StartOffset="14335"/>
</LocList>
<RootTerm CovItemId="C40" CovItemPrefix="csse376_puerto_rico.GameBoardGUI.java" Intrnl_Id="1094">
<BasicBoolTerm Intrnl_Id="1095">
<LocList>
<Loc EndOffset="14382" SrcFileId="8" StartOffset="14339"/>
</LocList>
</BasicBoolTerm>
</RootTerm>
</CondStmnt>
<CondStmnt CovItemId="S194" CovItemPrefix="csse376_puerto_rico.GameBoardGUI.java" Intrnl_Id="1096">
<Branch CovItemId="B59" CovItemPrefix="csse376_puerto_rico.GameBoardGUI.java" Implct="false" Intrnl_Id="1097">
<Cond/>
<LocList>
<Loc EndOffset="14596" SrcFileId="8" StartOffset="14534"/>
</LocList>
<StmntSeq Intrnl_Id="1098">
<LocList>
<Loc EndOffset="14589" SrcFileId="8" StartOffset="14542"/>
</LocList>
<BasicStmnt CovItemId="S195" CovItemPrefix="csse376_puerto_rico.GameBoardGUI.java" Intrnl_Id="1099">
<LocList>
<Loc EndOffset="14589" SrcFileId="8" StartOffset="14542"/>
</LocList>
</BasicStmnt>
</StmntSeq>
</Branch>
<Branch CovItemId="B60" CovItemPrefix="csse376_puerto_rico.GameBoardGUI.java" Implct="true" Intrnl_Id="1100">
<Cond/>
<LocList/>
<StmntSeq Intrnl_Id="1101">
<LocList/>
</StmntSeq>
</Branch>
<Keyword EndOffset="14487" SrcFileId="8" StartOffset="14485"/>
<LocList>
<Loc EndOffset="14596" SrcFileId="8" StartOffset="14485"/>
</LocList>
<RootTerm CovItemId="C41" CovItemPrefix="csse376_puerto_rico.GameBoardGUI.java" Intrnl_Id="1102">
<BasicBoolTerm Intrnl_Id="1103">
<LocList>
<Loc EndOffset="14532" SrcFileId="8" StartOffset="14489"/>
</LocList>
</BasicBoolTerm>
</RootTerm>
</CondStmnt>
<CondStmnt CovItemId="S196" CovItemPrefix="csse376_puerto_rico.GameBoardGUI.java" Intrnl_Id="1104">
<Branch CovItemId="B61" CovItemPrefix="csse376_puerto_rico.GameBoardGUI.java" Implct="false" Intrnl_Id="1105">
<Cond/>
<LocList>
<Loc EndOffset="14721" SrcFileId="8" StartOffset="14647"/>
</LocList>
<StmntSeq Intrnl_Id="1106">
<LocList/>
</StmntSeq>
</Branch>
<Branch CovItemId="B62" CovItemPrefix="csse376_puerto_rico.GameBoardGUI.java" Implct="true" Intrnl_Id="1107">
<Cond/>
<LocList/>
<StmntSeq Intrnl_Id="1108">
<LocList/>
</StmntSeq>
</Branch>
<Keyword EndOffset="14606" SrcFileId="8" StartOffset="14604"/>
<LocList>
<Loc EndOffset="14721" SrcFileId="8" StartOffset="14604"/>
</LocList>
<RootTerm CovItemId="C42" CovItemPrefix="csse376_puerto_rico.GameBoardGUI.java" Intrnl_Id="1109">
<BasicBoolTerm Intrnl_Id="1110">
<LocList>
<Loc EndOffset="14645" SrcFileId="8" StartOffset="14608"/>
</LocList>
</BasicBoolTerm>
</RootTerm>
</CondStmnt>
<BasicStmnt CovItemId="S197" CovItemPrefix="csse376_puerto_rico.GameBoardGUI.java" Intrnl_Id="1111">
<LocList>
<Loc EndOffset="14780" SrcFileId="8" StartOffset="14727"/>
</LocList>
</BasicStmnt>
<LoopStmnt CovItemId="S198" CovItemPrefix="csse376_puerto_rico.GameBoardGUI.java" Intrnl_Id="1112" MltplExecId="L13-2" MltplExecPrefix="csse376_puerto_rico.GameBoardGUI.java" NvrExecId="L13-0" NvrExecPrefix="csse376_puerto_rico.GameBoardGUI.java" OnceExecutedId="L13-1" OnceExecutedPrefix="csse376_puerto_rico.GameBoardGUI.java" OptBodyExec="true">
<StmntSeq Intrnl_Id="1113">
<LocList>
<Loc EndOffset="14866" SrcFileId="8" StartOffset="14832"/>
<Loc EndOffset="14917" SrcFileId="8" StartOffset="14873"/>
</LocList>
<BasicStmnt CovItemId="S199" CovItemPrefix="csse376_puerto_rico.GameBoardGUI.java" Intrnl_Id="1114">
<LocList>
<Loc EndOffset="14866" SrcFileId="8" StartOffset="14832"/>
</LocList>
</BasicStmnt>
<CondStmnt CovItemId="S200" CovItemPrefix="csse376_puerto_rico.GameBoardGUI.java" Intrnl_Id="1115">
<Branch CovItemId="B63" CovItemPrefix="csse376_puerto_rico.GameBoardGUI.java" Implct="false" Intrnl_Id="1116">
<Cond/>
<LocList>
<Loc EndOffset="14917" SrcFileId="8" StartOffset="14884"/>
</LocList>
<StmntSeq Intrnl_Id="1117">
<LocList>
<Loc EndOffset="14909" SrcFileId="8" StartOffset="14893"/>
</LocList>
<BasicStmnt CovItemId="S201" CovItemPrefix="csse376_puerto_rico.GameBoardGUI.java" Intrnl_Id="1118">
<LocList>
<Loc EndOffset="14909" SrcFileId="8" StartOffset="14893"/>
</LocList>
</BasicStmnt>
</StmntSeq>
</Branch>
<Branch CovItemId="B64" CovItemPrefix="csse376_puerto_rico.GameBoardGUI.java" Implct="true" Intrnl_Id="1119">
<Cond/>
<LocList/>
<StmntSeq Intrnl_Id="1120">
<LocList/>
</StmntSeq>
</Branch>
<Keyword EndOffset="14875" SrcFileId="8" StartOffset="14873"/>
<LocList>
<Loc EndOffset="14917" SrcFileId="8" StartOffset="14873"/>
</LocList>
<RootTerm CovItemId="C43" CovItemPrefix="csse376_puerto_rico.GameBoardGUI.java" Intrnl_Id="1121">
<BasicBoolTerm Intrnl_Id="1122">
<LocList>
<Loc EndOffset="14882" SrcFileId="8" StartOffset="14877"/>
</LocList>
</BasicBoolTerm>
</RootTerm>
</CondStmnt>
</StmntSeq>
<Keyword EndOffset="14789" SrcFileId="8" StartOffset="14786"/>
<LocList>
<Loc EndOffset="14924" SrcFileId="8" StartOffset="14786"/>
</LocList>
</LoopStmnt>
<BasicStmnt CovItemId="S202" CovItemPrefix="csse376_puerto_rico.GameBoardGUI.java" Intrnl_Id="1123">
<LocList>
<Loc EndOffset="14954" SrcFileId="8" StartOffset="14930"/>
</LocList>
</BasicStmnt>
<BasicStmnt CovItemId="S203" CovItemPrefix="csse376_puerto_rico.GameBoardGUI.java" Intrnl_Id="1124">
<LocList>
<Loc EndOffset="14998" SrcFileId="8" StartOffset="14960"/>
</LocList>
</BasicStmnt>
<BasicStmnt CovItemId="S204" CovItemPrefix="csse376_puerto_rico.GameBoardGUI.java" Intrnl_Id="1125">
<LocList>
<Loc EndOffset="15245" SrcFileId="8" StartOffset="15006"/>
</LocList>
</BasicStmnt>
<CondStmnt CovItemId="S205" CovItemPrefix="csse376_puerto_rico.GameBoardGUI.java" Intrnl_Id="1126">
<Branch CovItemId="B65" CovItemPrefix="csse376_puerto_rico.GameBoardGUI.java" Implct="false" Intrnl_Id="1127">
<Cond/>
<LocList>
<Loc EndOffset="15986" SrcFileId="8" StartOffset="15281"/>
</LocList>
<StmntSeq Intrnl_Id="1128">
<LocList>
<Loc EndOffset="15979" SrcFileId="8" StartOffset="15289"/>
</LocList>
<CondStmnt CovItemId="S206" CovItemPrefix="csse376_puerto_rico.GameBoardGUI.java" Intrnl_Id="1129">
<Branch CovItemId="B67" CovItemPrefix="csse376_puerto_rico.GameBoardGUI.java" Implct="false" Intrnl_Id="1130">
<Cond/>
<LocList>
<Loc EndOffset="15434" SrcFileId="8" StartOffset="15330"/>
</LocList>
<StmntSeq Intrnl_Id="1131">
<LocList>
<Loc EndOffset="15386" SrcFileId="8" StartOffset="15339"/>
<Loc EndOffset="15426" SrcFileId="8" StartOffset="15394"/>
</LocList>
<BasicStmnt CovItemId="S207" CovItemPrefix="csse376_puerto_rico.GameBoardGUI.java" Intrnl_Id="1132">
<LocList>
<Loc EndOffset="15386" SrcFileId="8" StartOffset="15339"/>
</LocList>
</BasicStmnt>
<BasicStmnt CovItemId="S208" CovItemPrefix="csse376_puerto_rico.GameBoardGUI.java" Intrnl_Id="1133">
<LocList>
<Loc EndOffset="15426" SrcFileId="8" StartOffset="15394"/>
</LocList>
</BasicStmnt>
</StmntSeq>
</Branch>
<Branch CovItemId="B68" CovItemPrefix="csse376_puerto_rico.GameBoardGUI.java" Implct="false" Intrnl_Id="1134">
<Cond>
<Loc EndOffset="15439" SrcFileId="8" StartOffset="15435"/>
</Cond>
<LocList>
<Loc EndOffset="15979" SrcFileId="8" StartOffset="15440"/>
</LocList>
<StmntSeq Intrnl_Id="1135">
<LocList>
<Loc EndOffset="15979" SrcFileId="8" StartOffset="15440"/>
</LocList>
<CondStmnt CovItemId="S209" CovItemPrefix="csse376_puerto_rico.GameBoardGUI.java" Intrnl_Id="1136">
<Branch CovItemId="B69" CovItemPrefix="csse376_puerto_rico.GameBoardGUI.java" Implct="false" Intrnl_Id="1137">
<Cond/>
<LocList>
<Loc EndOffset="15526" SrcFileId="8" StartOffset="15479"/>
</LocList>
<StmntSeq Intrnl_Id="1138">
<LocList>
<Loc EndOffset="15518" SrcFileId="8" StartOffset="15488"/>
</LocList>
<BasicStmnt CovItemId="S210" CovItemPrefix="csse376_puerto_rico.GameBoardGUI.java" Intrnl_Id="1139">
<LocList>
<Loc EndOffset="15518" SrcFileId="8" StartOffset="15488"/>
</LocList>
</BasicStmnt>
</StmntSeq>
</Branch>
<Branch CovItemId="B70" CovItemPrefix="csse376_puerto_rico.GameBoardGUI.java" Implct="false" Intrnl_Id="1140">
<Cond>
<Loc EndOffset="15531" SrcFileId="8" StartOffset="15527"/>
</Cond>
<LocList>
<Loc EndOffset="15979" SrcFileId="8" StartOffset="15532"/>
</LocList>
<StmntSeq Intrnl_Id="1141">
<LocList>
<Loc EndOffset="15979" SrcFileId="8" StartOffset="15532"/>
</LocList>
<CondStmnt CovItemId="S211" CovItemPrefix="csse376_puerto_rico.GameBoardGUI.java" Intrnl_Id="1142">
<Branch CovItemId="B71" CovItemPrefix="csse376_puerto_rico.GameBoardGUI.java" Implct="false" Intrnl_Id="1143">
<Cond/>
<LocList>
<Loc EndOffset="15677" SrcFileId="8" StartOffset="15573"/>
</LocList>
<StmntSeq Intrnl_Id="1144">
<LocList>
<Loc EndOffset="15629" SrcFileId="8" StartOffset="15582"/>
<Loc EndOffset="15669" SrcFileId="8" StartOffset="15637"/>
</LocList>
<BasicStmnt CovItemId="S212" CovItemPrefix="csse376_puerto_rico.GameBoardGUI.java" Intrnl_Id="1145">
<LocList>
<Loc EndOffset="15629" SrcFileId="8" StartOffset="15582"/>
</LocList>
</BasicStmnt>
<BasicStmnt CovItemId="S213" CovItemPrefix="csse376_puerto_rico.GameBoardGUI.java" Intrnl_Id="1146">
<LocList>
<Loc EndOffset="15669" SrcFileId="8" StartOffset="15637"/>
</LocList>
</BasicStmnt>
</StmntSeq>
</Branch>
<Branch CovItemId="B72" CovItemPrefix="csse376_puerto_rico.GameBoardGUI.java" Implct="false" Intrnl_Id="1147">
<Cond>
<Loc EndOffset="15682" SrcFileId="8" StartOffset="15678"/>
</Cond>
<LocList>
<Loc EndOffset="15979" SrcFileId="8" StartOffset="15683"/>
</LocList>
<StmntSeq Intrnl_Id="1148">
<LocList>
<Loc EndOffset="15979" SrcFileId="8" StartOffset="15683"/>
</LocList>
<CondStmnt CovItemId="S214" CovItemPrefix="csse376_puerto_rico.GameBoardGUI.java" Intrnl_Id="1149">
<Branch CovItemId="B73" CovItemPrefix="csse376_puerto_rico.GameBoardGUI.java" Implct="false" Intrnl_Id="1150">
<Cond/>
<LocList>
<Loc EndOffset="15826" SrcFileId="8" StartOffset="15723"/>
</LocList>
<StmntSeq Intrnl_Id="1151">
<LocList>
<Loc EndOffset="15779" SrcFileId="8" StartOffset="15732"/>
<Loc EndOffset="15818" SrcFileId="8" StartOffset="15787"/>
</LocList>
<BasicStmnt CovItemId="S215" CovItemPrefix="csse376_puerto_rico.GameBoardGUI.java" Intrnl_Id="1152">
<LocList>
<Loc EndOffset="15779" SrcFileId="8" StartOffset="15732"/>
</LocList>
</BasicStmnt>
<BasicStmnt CovItemId="S216" CovItemPrefix="csse376_puerto_rico.GameBoardGUI.java" Intrnl_Id="1153">
<LocList>
<Loc EndOffset="15818" SrcFileId="8" StartOffset="15787"/>
</LocList>
</BasicStmnt>
</StmntSeq>
</Branch>
<Branch CovItemId="B74" CovItemPrefix="csse376_puerto_rico.GameBoardGUI.java" Implct="false" Intrnl_Id="1154">
<Cond>
<Loc EndOffset="15831" SrcFileId="8" StartOffset="15827"/>
</Cond>
<LocList>
<Loc EndOffset="15979" SrcFileId="8" StartOffset="15832"/>
</LocList>
<StmntSeq Intrnl_Id="1155">
<LocList>
<Loc EndOffset="15979" SrcFileId="8" StartOffset="15832"/>
</LocList>
<CondStmnt CovItemId="S217" CovItemPrefix="csse376_puerto_rico.GameBoardGUI.java" Intrnl_Id="1156">
<Branch CovItemId="B75" CovItemPrefix="csse376_puerto_rico.GameBoardGUI.java" Implct="false" Intrnl_Id="1157">
<Cond/>
<LocList>
<Loc EndOffset="15979" SrcFileId="8" StartOffset="15874"/>
</LocList>
<StmntSeq Intrnl_Id="1158">
<LocList>
<Loc EndOffset="15930" SrcFileId="8" StartOffset="15883"/>
<Loc EndOffset="15971" SrcFileId="8" StartOffset="15938"/>
</LocList>
<BasicStmnt CovItemId="S218" CovItemPrefix="csse376_puerto_rico.GameBoardGUI.java" Intrnl_Id="1159">
<LocList>
<Loc EndOffset="15930" SrcFileId="8" StartOffset="15883"/>
</LocList>
</BasicStmnt>
<BasicStmnt CovItemId="S219" CovItemPrefix="csse376_puerto_rico.GameBoardGUI.java" Intrnl_Id="1160">
<LocList>
<Loc EndOffset="15971" SrcFileId="8" StartOffset="15938"/>
</LocList>
</BasicStmnt>
</StmntSeq>
</Branch>
<Branch CovItemId="B76" CovItemPrefix="csse376_puerto_rico.GameBoardGUI.java" Implct="true" Intrnl_Id="1161">
<Cond/>
<LocList/>
<StmntSeq Intrnl_Id="1162">
<LocList/>
</StmntSeq>
</Branch>
<Keyword EndOffset="15834" SrcFileId="8" StartOffset="15832"/>
<LocList>
<Loc EndOffset="15979" SrcFileId="8" StartOffset="15832"/>
</LocList>
<RootTerm CovItemId="C49" CovItemPrefix="csse376_puerto_rico.GameBoardGUI.java" Intrnl_Id="1163">
<BasicBoolTerm Intrnl_Id="1164">
<LocList>
<Loc EndOffset="15872" SrcFileId="8" StartOffset="15836"/>
</LocList>
</BasicBoolTerm>
</RootTerm>
</CondStmnt>
</StmntSeq>
</Branch>
<Keyword EndOffset="15685" SrcFileId="8" StartOffset="15683"/>
<LocList>
<Loc EndOffset="15979" SrcFileId="8" StartOffset="15683"/>
</LocList>
<RootTerm CovItemId="C48" CovItemPrefix="csse376_puerto_rico.GameBoardGUI.java" Intrnl_Id="1165">
<BasicBoolTerm Intrnl_Id="1166">
<LocList>
<Loc EndOffset="15721" SrcFileId="8" StartOffset="15687"/>
</LocList>
</BasicBoolTerm>
</RootTerm>
</CondStmnt>
</StmntSeq>
</Branch>
<Keyword EndOffset="15534" SrcFileId="8" StartOffset="15532"/>
<LocList>
<Loc EndOffset="15979" SrcFileId="8" StartOffset="15532"/>
</LocList>
<RootTerm CovItemId="C47" CovItemPrefix="csse376_puerto_rico.GameBoardGUI.java" Intrnl_Id="1167">
<BasicBoolTerm Intrnl_Id="1168">
<LocList>
<Loc EndOffset="15571" SrcFileId="8" StartOffset="15536"/>
</LocList>
</BasicBoolTerm>
</RootTerm>
</CondStmnt>
</StmntSeq>
</Branch>
<Keyword EndOffset="15442" SrcFileId="8" StartOffset="15440"/>
<LocList>
<Loc EndOffset="15979" SrcFileId="8" StartOffset="15440"/>
</LocList>
<RootTerm CovItemId="C46" CovItemPrefix="csse376_puerto_rico.GameBoardGUI.java" Intrnl_Id="1169">
<BasicBoolTerm Intrnl_Id="1170">
<LocList>
<Loc EndOffset="15477" SrcFileId="8" StartOffset="15444"/>
</LocList>
</BasicBoolTerm>
</RootTerm>
</CondStmnt>
</StmntSeq>
</Branch>
<Keyword EndOffset="15291" SrcFileId="8" StartOffset="15289"/>
<LocList>
<Loc EndOffset="15979" SrcFileId="8" StartOffset="15289"/>
</LocList>
<RootTerm CovItemId="C45" CovItemPrefix="csse376_puerto_rico.GameBoardGUI.java" Intrnl_Id="1171">
<BasicBoolTerm Intrnl_Id="1172">
<LocList>
<Loc EndOffset="15328" SrcFileId="8" StartOffset="15293"/>
</LocList>
</BasicBoolTerm>
</RootTerm>
</CondStmnt>
</StmntSeq>
</Branch>
<Branch CovItemId="B66" CovItemPrefix="csse376_puerto_rico.GameBoardGUI.java" Implct="true" Intrnl_Id="1173">
<Cond/>
<LocList/>
<StmntSeq Intrnl_Id="1174">
<LocList/>
</StmntSeq>
</Branch>
<Keyword EndOffset="15253" SrcFileId="8" StartOffset="15251"/>
<LocList>
<Loc EndOffset="15986" SrcFileId="8" StartOffset="15251"/>
</LocList>
<RootTerm CovItemId="C44" CovItemPrefix="csse376_puerto_rico.GameBoardGUI.java" Intrnl_Id="1175">
<BasicBoolTerm Intrnl_Id="1176">
<LocList>
<Loc EndOffset="15279" SrcFileId="8" StartOffset="15255"/>
</LocList>
</BasicBoolTerm>
</RootTerm>
</CondStmnt>
<BasicStmnt CovItemId="S220" CovItemPrefix="csse376_puerto_rico.GameBoardGUI.java" Intrnl_Id="1177">
<LocList>
<Loc EndOffset="16113" SrcFileId="8" StartOffset="16087"/>
</LocList>
</BasicStmnt>
<BasicStmnt CovItemId="S221" CovItemPrefix="csse376_puerto_rico.GameBoardGUI.java" Intrnl_Id="1178">
<LocList>
<Loc EndOffset="16160" SrcFileId="8" StartOffset="16119"/>
</LocList>
</BasicStmnt>
</StmntSeq>
<Keyword EndOffset="14219" SrcFileId="8" StartOffset="14216"/>
<LocList>
<Loc EndOffset="16168" SrcFileId="8" StartOffset="14216"/>
</LocList>
<RootTerm CovItemId="C39" CovItemPrefix="csse376_puerto_rico.GameBoardGUI.java" Intrnl_Id="1179">
<BasicBoolTerm Intrnl_Id="1180">
<LocList>
<Loc EndOffset="14250" SrcFileId="8" StartOffset="14232"/>
</LocList>
</BasicBoolTerm>
</RootTerm>
</LoopStmnt>
</StmntSeq>
</Branch>
<Branch CovItemId="B56" CovItemPrefix="csse376_puerto_rico.GameBoardGUI.java" Implct="false" Intrnl_Id="1181">
<Cond>
<Loc EndOffset="16178" SrcFileId="8" StartOffset="16174"/>
</Cond>
<LocList>
<Loc EndOffset="22172" SrcFileId="8" StartOffset="16179"/>
</LocList>
<StmntSeq Intrnl_Id="1182">
<LocList>
<Loc EndOffset="22172" SrcFileId="8" StartOffset="16179"/>
</LocList>
<CondStmnt CovItemId="S222" CovItemPrefix="csse376_puerto_rico.GameBoardGUI.java" Intrnl_Id="1183">
<Branch CovItemId="B77" CovItemPrefix="csse376_puerto_rico.GameBoardGUI.java" Implct="false" Intrnl_Id="1184">
<Cond/>
<LocList>
<Loc EndOffset="22048" SrcFileId="8" StartOffset="16217"/>
</LocList>
<StmntSeq Intrnl_Id="1185">
<LocList>
<Loc EndOffset="18185" SrcFileId="8" StartOffset="16225"/>
<Loc EndOffset="18267" SrcFileId="8" StartOffset="18190"/>
<Loc EndOffset="22041" SrcFileId="8" StartOffset="18295"/>
</LocList>
<LoopStmnt CovItemId="S223" CovItemPrefix="csse376_puerto_rico.GameBoardGUI.java" Intrnl_Id="1186" MltplExecId="L14-2" MltplExecPrefix="csse376_puerto_rico.GameBoardGUI.java" NvrExecId="L14-0" NvrExecPrefix="csse376_puerto_rico.GameBoardGUI.java" OnceExecutedId="L14-1" OnceExecutedPrefix="csse376_puerto_rico.GameBoardGUI.java" OptBodyExec="true">
<StmntSeq Intrnl_Id="1187">
<LocList>
<Loc EndOffset="16298" SrcFileId="8" StartOffset="16268"/>
<Loc EndOffset="18063" SrcFileId="8" StartOffset="16304"/>
<Loc EndOffset="18096" SrcFileId="8" StartOffset="18071"/>
<Loc EndOffset="18130" SrcFileId="8" StartOffset="18104"/>
<Loc EndOffset="18177" SrcFileId="8" StartOffset="18136"/>
</LocList>
<BasicStmnt CovItemId="S224" CovItemPrefix="csse376_puerto_rico.GameBoardGUI.java" Intrnl_Id="1188">
<LocList>
<Loc EndOffset="16298" SrcFileId="8" StartOffset="16268"/>
</LocList>
</BasicStmnt>
<CondStmnt CovItemId="S225" CovItemPrefix="csse376_puerto_rico.GameBoardGUI.java" Intrnl_Id="1189">
<Branch CovItemId="B79" CovItemPrefix="csse376_puerto_rico.GameBoardGUI.java" Implct="false" Intrnl_Id="1190">
<Cond/>
<LocList>
<Loc EndOffset="18063" SrcFileId="8" StartOffset="16343"/>
</LocList>
<StmntSeq Intrnl_Id="1191">
<LocList>
<Loc EndOffset="16404" SrcFileId="8" StartOffset="16351"/>
<Loc EndOffset="16554" SrcFileId="8" StartOffset="16411"/>
<Loc EndOffset="16601" SrcFileId="8" StartOffset="16563"/>
<Loc EndOffset="16855" SrcFileId="8" StartOffset="16610"/>
<Loc EndOffset="16901" SrcFileId="8" StartOffset="16864"/>
<Loc EndOffset="16927" SrcFileId="8" StartOffset="16908"/>
<Loc EndOffset="16953" SrcFileId="8" StartOffset="16934"/>
<Loc EndOffset="16979" SrcFileId="8" StartOffset="16960"/>
<Loc EndOffset="17011" SrcFileId="8" StartOffset="16986"/>
<Loc EndOffset="18056" SrcFileId="8" StartOffset="17018"/>
</LocList>
<BasicStmnt CovItemId="S226" CovItemPrefix="csse376_puerto_rico.GameBoardGUI.java" Intrnl_Id="1192">
<LocList>
<Loc EndOffset="16404" SrcFileId="8" StartOffset="16351"/>
</LocList>
</BasicStmnt>
<LoopStmnt CovItemId="S227" CovItemPrefix="csse376_puerto_rico.GameBoardGUI.java" Intrnl_Id="1193" MltplExecId="L15-2" MltplExecPrefix="csse376_puerto_rico.GameBoardGUI.java" NvrExecId="L15-0" NvrExecPrefix="csse376_puerto_rico.GameBoardGUI.java" OnceExecutedId="L15-1" OnceExecutedPrefix="csse376_puerto_rico.GameBoardGUI.java" OptBodyExec="true">
<StmntSeq Intrnl_Id="1194">
<LocList>
<Loc EndOffset="16492" SrcFileId="8" StartOffset="16458"/>
<Loc EndOffset="16546" SrcFileId="8" StartOffset="16500"/>
</LocList>
<BasicStmnt CovItemId="S228" CovItemPrefix="csse376_puerto_rico.GameBoardGUI.java" Intrnl_Id="1195">
<LocList>
<Loc EndOffset="16492" SrcFileId="8" StartOffset="16458"/>
</LocList>
</BasicStmnt>
<CondStmnt CovItemId="S229" CovItemPrefix="csse376_puerto_rico.GameBoardGUI.java" Intrnl_Id="1196">
<Branch CovItemId="B81" CovItemPrefix="csse376_puerto_rico.GameBoardGUI.java" Implct="false" Intrnl_Id="1197">
<Cond/>
<LocList>
<Loc EndOffset="16546" SrcFileId="8" StartOffset="16511"/>
</LocList>
<StmntSeq Intrnl_Id="1198">
<LocList>
<Loc EndOffset="16537" SrcFileId="8" StartOffset="16521"/>
</LocList>
<BasicStmnt CovItemId="S230" CovItemPrefix="csse376_puerto_rico.GameBoardGUI.java" Intrnl_Id="1199">
<LocList>
<Loc EndOffset="16537" SrcFileId="8" StartOffset="16521"/>
</LocList>
</BasicStmnt>
</StmntSeq>
</Branch>
<Branch CovItemId="B82" CovItemPrefix="csse376_puerto_rico.GameBoardGUI.java" Implct="true" Intrnl_Id="1200">
<Cond/>
<LocList/>
<StmntSeq Intrnl_Id="1201">
<LocList/>
</StmntSeq>
</Branch>
<Keyword EndOffset="16502" SrcFileId="8" StartOffset="16500"/>
<LocList>
<Loc EndOffset="16546" SrcFileId="8" StartOffset="16500"/>
</LocList>
<RootTerm CovItemId="C53" CovItemPrefix="csse376_puerto_rico.GameBoardGUI.java" Intrnl_Id="1202">
<BasicBoolTerm Intrnl_Id="1203">
<LocList>
<Loc EndOffset="16509" SrcFileId="8" StartOffset="16504"/>
</LocList>
</BasicBoolTerm>
</RootTerm>
</CondStmnt>
</StmntSeq>
<Keyword EndOffset="16414" SrcFileId="8" StartOffset="16411"/>
<LocList>
<Loc EndOffset="16554" SrcFileId="8" StartOffset="16411"/>
</LocList>
</LoopStmnt>
<BasicStmnt CovItemId="S231" CovItemPrefix="csse376_puerto_rico.GameBoardGUI.java" Intrnl_Id="1204">
<LocList>
<Loc EndOffset="16601" SrcFileId="8" StartOffset="16563"/>
</LocList>
</BasicStmnt>
<BasicStmnt CovItemId="S232" CovItemPrefix="csse376_puerto_rico.GameBoardGUI.java" Intrnl_Id="1205">
<LocList>
<Loc EndOffset="16855" SrcFileId="8" StartOffset="16610"/>
</LocList>
</BasicStmnt>
<BasicStmnt CovItemId="S233" CovItemPrefix="csse376_puerto_rico.GameBoardGUI.java" Intrnl_Id="1206">
<LocList>
<Loc EndOffset="16901" SrcFileId="8" StartOffset="16864"/>
</LocList>
</BasicStmnt>
<BasicStmnt CovItemId="S234" CovItemPrefix="csse376_puerto_rico.GameBoardGUI.java" Intrnl_Id="1207">
<LocList>
<Loc EndOffset="16927" SrcFileId="8" StartOffset="16908"/>
</LocList>
</BasicStmnt>
<BasicStmnt CovItemId="S235" CovItemPrefix="csse376_puerto_rico.GameBoardGUI.java" Intrnl_Id="1208">
<LocList>
<Loc EndOffset="16953" SrcFileId="8" StartOffset="16934"/>
</LocList>
</BasicStmnt>
<BasicStmnt CovItemId="S236" CovItemPrefix="csse376_puerto_rico.GameBoardGUI.java" Intrnl_Id="1209">
<LocList>
<Loc EndOffset="16979" SrcFileId="8" StartOffset="16960"/>
</LocList>
</BasicStmnt>
<BasicStmnt CovItemId="S237" CovItemPrefix="csse376_puerto_rico.GameBoardGUI.java" Intrnl_Id="1210">
<LocList>
<Loc EndOffset="17011" SrcFileId="8" StartOffset="16986"/>
</LocList>
</BasicStmnt>
<LoopStmnt CovItemId="S238" CovItemPrefix="csse376_puerto_rico.GameBoardGUI.java" Intrnl_Id="1211" MltplExecId="L16-2" MltplExecPrefix="csse376_puerto_rico.GameBoardGUI.java" NvrExecId="L16-0" NvrExecPrefix="csse376_puerto_rico.GameBoardGUI.java" OnceExecutedId="L16-1" OnceExecutedPrefix="csse376_puerto_rico.GameBoardGUI.java" OptBodyExec="true">
<StmntSeq Intrnl_Id="1212">
<LocList>
<Loc EndOffset="17082" SrcFileId="8" StartOffset="17045"/>
<Loc EndOffset="17381" SrcFileId="8" StartOffset="17090"/>
<Loc EndOffset="17432" SrcFileId="8" StartOffset="17389"/>
<Loc EndOffset="17491" SrcFileId="8" StartOffset="17440"/>
<Loc EndOffset="17608" SrcFileId="8" StartOffset="17501"/>
<Loc EndOffset="18048" SrcFileId="8" StartOffset="17616"/>
</LocList>
<BasicStmnt CovItemId="S239" CovItemPrefix="csse376_puerto_rico.GameBoardGUI.java" Intrnl_Id="1213">
<LocList>
<Loc EndOffset="17082" SrcFileId="8" StartOffset="17045"/>
</LocList>
</BasicStmnt>
<BasicStmnt CovItemId="S240" CovItemPrefix="csse376_puerto_rico.GameBoardGUI.java" Intrnl_Id="1214">
<LocList>
<Loc EndOffset="17381" SrcFileId="8" StartOffset="17090"/>
</LocList>
</BasicStmnt>
<BasicStmnt CovItemId="S241" CovItemPrefix="csse376_puerto_rico.GameBoardGUI.java" Intrnl_Id="1215">
<LocList>
<Loc EndOffset="17432" SrcFileId="8" StartOffset="17389"/>
</LocList>
</BasicStmnt>
<BasicStmnt CovItemId="S242" CovItemPrefix="csse376_puerto_rico.GameBoardGUI.java" Intrnl_Id="1216">
<LocList>
<Loc EndOffset="17491" SrcFileId="8" StartOffset="17440"/>
</LocList>
</BasicStmnt>
<BasicStmnt CovItemId="S243" CovItemPrefix="csse376_puerto_rico.GameBoardGUI.java" Intrnl_Id="1217">
<LocList>
<Loc EndOffset="17608" SrcFileId="8" StartOffset="17501"/>
</LocList>
</BasicStmnt>
<CondStmnt CovItemId="S244" CovItemPrefix="csse376_puerto_rico.GameBoardGUI.java" Intrnl_Id="1218">
<Branch CovItemId="B83" CovItemPrefix="csse376_puerto_rico.GameBoardGUI.java" Implct="false" Intrnl_Id="1219">
<Cond/>
<LocList>
<Loc EndOffset="18048" SrcFileId="8" StartOffset="17637"/>
</LocList>
<StmntSeq Intrnl_Id="1220">
<LocList>
<Loc EndOffset="17684" SrcFileId="8" StartOffset="17647"/>
<Loc EndOffset="17743" SrcFileId="8" StartOffset="17693"/>
<Loc EndOffset="17791" SrcFileId="8" StartOffset="17752"/>
<Loc EndOffset="17885" SrcFileId="8" StartOffset="17800"/>
<Loc EndOffset="18014" SrcFileId="8" StartOffset="17894"/>
<Loc EndOffset="18039" SrcFileId="8" StartOffset="18023"/>
</LocList>
<BasicStmnt CovItemId="S245" CovItemPrefix="csse376_puerto_rico.GameBoardGUI.java" Intrnl_Id="1221">
<LocList>
<Loc EndOffset="17684" SrcFileId="8" StartOffset="17647"/>
</LocList>
</BasicStmnt>
<BasicStmnt CovItemId="S246" CovItemPrefix="csse376_puerto_rico.GameBoardGUI.java" Intrnl_Id="1222">
<LocList>
<Loc EndOffset="17743" SrcFileId="8" StartOffset="17693"/>
</LocList>
</BasicStmnt>
<BasicStmnt CovItemId="S247" CovItemPrefix="csse376_puerto_rico.GameBoardGUI.java" Intrnl_Id="1223">
<LocList>
<Loc EndOffset="17791" SrcFileId="8" StartOffset="17752"/>
</LocList>
</BasicStmnt>
<BasicStmnt CovItemId="S248" CovItemPrefix="csse376_puerto_rico.GameBoardGUI.java" Intrnl_Id="1224">
<LocList>
<Loc EndOffset="17885" SrcFileId="8" StartOffset="17800"/>
</LocList>
</BasicStmnt>
<CondStmnt CovItemId="S249" CovItemPrefix="csse376_puerto_rico.GameBoardGUI.java" Intrnl_Id="1225">
<Branch CovItemId="B85" CovItemPrefix="csse376_puerto_rico.GameBoardGUI.java" Implct="false" Intrnl_Id="1226">
<Cond/>
<LocList>
<Loc EndOffset="18014" SrcFileId="8" StartOffset="17937"/>
</LocList>
<StmntSeq Intrnl_Id="1227">
<LocList>
<Loc EndOffset="17968" SrcFileId="8" StartOffset="17948"/>
<Loc EndOffset="18004" SrcFileId="8" StartOffset="17978"/>
</LocList>
<BasicStmnt CovItemId="S250" CovItemPrefix="csse376_puerto_rico.GameBoardGUI.java" Intrnl_Id="1228">
<LocList>
<Loc EndOffset="17968" SrcFileId="8" StartOffset="17948"/>
</LocList>
</BasicStmnt>
<BasicStmnt CovItemId="S251" CovItemPrefix="csse376_puerto_rico.GameBoardGUI.java" Intrnl_Id="1229">
<LocList>
<Loc EndOffset="18004" SrcFileId="8" StartOffset="17978"/>
</LocList>
</BasicStmnt>
</StmntSeq>
</Branch>
<Branch CovItemId="B86" CovItemPrefix="csse376_puerto_rico.GameBoardGUI.java" Implct="true" Intrnl_Id="1230">
<Cond/>
<LocList/>
<StmntSeq Intrnl_Id="1231">
<LocList/>
</StmntSeq>
</Branch>
<Keyword EndOffset="17896" SrcFileId="8" StartOffset="17894"/>
<LocList>
<Loc EndOffset="18014" SrcFileId="8" StartOffset="17894"/>
</LocList>
<RootTerm CovItemId="C56" CovItemPrefix="csse376_puerto_rico.GameBoardGUI.java" Intrnl_Id="1232">
<BasicBoolTerm Intrnl_Id="1233">
<LocList>
<Loc EndOffset="17935" SrcFileId="8" StartOffset="17898"/>
</LocList>
</BasicBoolTerm>
</RootTerm>
</CondStmnt>
<BasicStmnt CovItemId="S252" CovItemPrefix="csse376_puerto_rico.GameBoardGUI.java" Intrnl_Id="1234">
<LocList>
<Loc EndOffset="18039" SrcFileId="8" StartOffset="18023"/>
</LocList>
</BasicStmnt>
</StmntSeq>
</Branch>
<Branch CovItemId="B84" CovItemPrefix="csse376_puerto_rico.GameBoardGUI.java" Implct="true" Intrnl_Id="1235">
<Cond/>
<LocList/>
<StmntSeq Intrnl_Id="1236">
<LocList/>
</StmntSeq>
</Branch>
<Keyword EndOffset="17618" SrcFileId="8" StartOffset="17616"/>
<LocList>
<Loc EndOffset="18048" SrcFileId="8" StartOffset="17616"/>
</LocList>
<RootTerm CovItemId="C55" CovItemPrefix="csse376_puerto_rico.GameBoardGUI.java" Intrnl_Id="1237">
<BasicBoolTerm Intrnl_Id="1238">
<LocList>
<Loc EndOffset="17635" SrcFileId="8" StartOffset="17620"/>
</LocList>
</BasicBoolTerm>
</RootTerm>
</CondStmnt>
</StmntSeq>
<Keyword EndOffset="17023" SrcFileId="8" StartOffset="17018"/>
<LocList>
<Loc EndOffset="18056" SrcFileId="8" StartOffset="17018"/>
</LocList>
<RootTerm CovItemId="C54" CovItemPrefix="csse376_puerto_rico.GameBoardGUI.java" Intrnl_Id="1239">
<OpTerm BooleanOpId="11" Intrnl_Id="1240">
<BasicBoolTerm Intrnl_Id="1241">
<LocList>
<Loc EndOffset="17034" SrcFileId="8" StartOffset="17026"/>
</LocList>
</BasicBoolTerm>
<LocList>
<Loc EndOffset="17026" SrcFileId="8" StartOffset="17025"/>
</LocList>
</OpTerm>
</RootTerm>
</LoopStmnt>
</StmntSeq>
</Branch>
<Branch CovItemId="B80" CovItemPrefix="csse376_puerto_rico.GameBoardGUI.java" Implct="true" Intrnl_Id="1242">
<Cond/>
<LocList/>
<StmntSeq Intrnl_Id="1243">
<LocList/>
</StmntSeq>
</Branch>
<Keyword EndOffset="16306" SrcFileId="8" StartOffset="16304"/>
<LocList>
<Loc EndOffset="18063" SrcFileId="8" StartOffset="16304"/>
</LocList>
<RootTerm CovItemId="C52" CovItemPrefix="csse376_puerto_rico.GameBoardGUI.java" Intrnl_Id="1244">
<BasicBoolTerm Intrnl_Id="1245">
<LocList>
<Loc EndOffset="16341" SrcFileId="8" StartOffset="16308"/>
</LocList>
</BasicBoolTerm>
</RootTerm>
</CondStmnt>
<BasicStmnt CovItemId="S253" CovItemPrefix="csse376_puerto_rico.GameBoardGUI.java" Intrnl_Id="1246">
<LocList>
<Loc EndOffset="18096" SrcFileId="8" StartOffset="18071"/>
</LocList>
</BasicStmnt>
<BasicStmnt CovItemId="S254" CovItemPrefix="csse376_puerto_rico.GameBoardGUI.java" Intrnl_Id="1247">
<LocList>
<Loc EndOffset="18130" SrcFileId="8" StartOffset="18104"/>
</LocList>
</BasicStmnt>
<BasicStmnt CovItemId="S255" CovItemPrefix="csse376_puerto_rico.GameBoardGUI.java" Intrnl_Id="1248">
<LocList>
<Loc EndOffset="18177" SrcFileId="8" StartOffset="18136"/>
</LocList>
</BasicStmnt>
</StmntSeq>
<Keyword EndOffset="16230" SrcFileId="8" StartOffset="16225"/>
<LocList>
<Loc EndOffset="18185" SrcFileId="8" StartOffset="16225"/>
</LocList>
<RootTerm CovItemId="C51" CovItemPrefix="csse376_puerto_rico.GameBoardGUI.java" Intrnl_Id="1249">
<BasicBoolTerm Intrnl_Id="1250">
<LocList>
<Loc EndOffset="16259" SrcFileId="8" StartOffset="16232"/>
</LocList>
</BasicBoolTerm>
</RootTerm>
</LoopStmnt>
<CondStmnt CovItemId="S256" CovItemPrefix="csse376_puerto_rico.GameBoardGUI.java" Intrnl_Id="1251">
<Branch CovItemId="B87" CovItemPrefix="csse376_puerto_rico.GameBoardGUI.java" Implct="false" Intrnl_Id="1252">
<Cond/>
<LocList>
<Loc EndOffset="18267" SrcFileId="8" StartOffset="18222"/>
</LocList>
<StmntSeq Intrnl_Id="1253">
<LocList>
<Loc EndOffset="18261" SrcFileId="8" StartOffset="18229"/>
</LocList>
<BasicStmnt CovItemId="S257" CovItemPrefix="csse376_puerto_rico.GameBoardGUI.java" Intrnl_Id="1254">
<LocList>
<Loc EndOffset="18261" SrcFileId="8" StartOffset="18229"/>
</LocList>
</BasicStmnt>
</StmntSeq>
</Branch>
<Branch CovItemId="B88" CovItemPrefix="csse376_puerto_rico.GameBoardGUI.java" Implct="true" Intrnl_Id="1255">
<Cond/>
<LocList/>
<StmntSeq Intrnl_Id="1256">
<LocList/>
</StmntSeq>
</Branch>
<Keyword EndOffset="18192" SrcFileId="8" StartOffset="18190"/>
<LocList>
<Loc EndOffset="18267" SrcFileId="8" StartOffset="18190"/>
</LocList>
<RootTerm CovItemId="C57" CovItemPrefix="csse376_puerto_rico.GameBoardGUI.java" Intrnl_Id="1257">
<BasicBoolTerm Intrnl_Id="1258">
<LocList>
<Loc EndOffset="18221" SrcFileId="8" StartOffset="18193"/>
</LocList>
</BasicBoolTerm>
</RootTerm>
</CondStmnt>
<LoopStmnt CovItemId="S258" CovItemPrefix="csse376_puerto_rico.GameBoardGUI.java" Intrnl_Id="1259" MltplExecId="L17-2" MltplExecPrefix="csse376_puerto_rico.GameBoardGUI.java" NvrExecId="L17-0" NvrExecPrefix="csse376_puerto_rico.GameBoardGUI.java" OnceExecutedId="L17-1" OnceExecutedPrefix="csse376_puerto_rico.GameBoardGUI.java" OptBodyExec="true">
<StmntSeq Intrnl_Id="1260">
<LocList>
<Loc EndOffset="18373" SrcFileId="8" StartOffset="18343"/>
<Loc EndOffset="18434" SrcFileId="8" StartOffset="18381"/>
<Loc EndOffset="18578" SrcFileId="8" StartOffset="18440"/>
<Loc EndOffset="18608" SrcFileId="8" StartOffset="18584"/>
<Loc EndOffset="18652" SrcFileId="8" StartOffset="18614"/>
<Loc EndOffset="18714" SrcFileId="8" StartOffset="18660"/>
<Loc EndOffset="18962" SrcFileId="8" StartOffset="18720"/>
<Loc EndOffset="19131" SrcFileId="8" StartOffset="18970"/>
<Loc EndOffset="20953" SrcFileId="8" StartOffset="19139"/>
<Loc EndOffset="21852" SrcFileId="8" StartOffset="20959"/>
<Loc EndOffset="21923" SrcFileId="8" StartOffset="21860"/>
<Loc EndOffset="21956" SrcFileId="8" StartOffset="21931"/>
<Loc EndOffset="21988" SrcFileId="8" StartOffset="21962"/>
<Loc EndOffset="22035" SrcFileId="8" StartOffset="21994"/>
</LocList>
<BasicStmnt CovItemId="S259" CovItemPrefix="csse376_puerto_rico.GameBoardGUI.java" Intrnl_Id="1261">
<LocList>
<Loc EndOffset="18373" SrcFileId="8" StartOffset="18343"/>
</LocList>
</BasicStmnt>
<BasicStmnt CovItemId="S260" CovItemPrefix="csse376_puerto_rico.GameBoardGUI.java" Intrnl_Id="1262">
<LocList>
<Loc EndOffset="18434" SrcFileId="8" StartOffset="18381"/>
</LocList>
</BasicStmnt>
<LoopStmnt CovItemId="S261" CovItemPrefix="csse376_puerto_rico.GameBoardGUI.java" Intrnl_Id="1263" MltplExecId="L18-2" MltplExecPrefix="csse376_puerto_rico.GameBoardGUI.java" NvrExecId="L18-0" NvrExecPrefix="csse376_puerto_rico.GameBoardGUI.java" OnceExecutedId="L18-1" OnceExecutedPrefix="csse376_puerto_rico.GameBoardGUI.java" OptBodyExec="true">
<StmntSeq Intrnl_Id="1264">
<LocList>
<Loc EndOffset="18520" SrcFileId="8" StartOffset="18486"/>
<Loc EndOffset="18571" SrcFileId="8" StartOffset="18527"/>
</LocList>
<BasicStmnt CovItemId="S262" CovItemPrefix="csse376_puerto_rico.GameBoardGUI.java" Intrnl_Id="1265">
<LocList>
<Loc EndOffset="18520" SrcFileId="8" StartOffset="18486"/>
</LocList>
</BasicStmnt>
<CondStmnt CovItemId="S263" CovItemPrefix="csse376_puerto_rico.GameBoardGUI.java" Intrnl_Id="1266">
<Branch CovItemId="B89" CovItemPrefix="csse376_puerto_rico.GameBoardGUI.java" Implct="false" Intrnl_Id="1267">
<Cond/>
<LocList>
<Loc EndOffset="18571" SrcFileId="8" StartOffset="18538"/>
</LocList>
<StmntSeq Intrnl_Id="1268">
<LocList>
<Loc EndOffset="18563" SrcFileId="8" StartOffset="18547"/>
</LocList>
<BasicStmnt CovItemId="S264" CovItemPrefix="csse376_puerto_rico.GameBoardGUI.java" Intrnl_Id="1269">
<LocList>
<Loc EndOffset="18563" SrcFileId="8" StartOffset="18547"/>
</LocList>
</BasicStmnt>
</StmntSeq>
</Branch>
<Branch CovItemId="B90" CovItemPrefix="csse376_puerto_rico.GameBoardGUI.java" Implct="true" Intrnl_Id="1270">
<Cond/>
<LocList/>
<StmntSeq Intrnl_Id="1271">
<LocList/>
</StmntSeq>
</Branch>
<Keyword EndOffset="18529" SrcFileId="8" StartOffset="18527"/>
<LocList>
<Loc EndOffset="18571" SrcFileId="8" StartOffset="18527"/>
</LocList>
<RootTerm CovItemId="C59" CovItemPrefix="csse376_puerto_rico.GameBoardGUI.java" Intrnl_Id="1272">
<BasicBoolTerm Intrnl_Id="1273">
<LocList>
<Loc EndOffset="18536" SrcFileId="8" StartOffset="18531"/>
</LocList>
</BasicBoolTerm>
</RootTerm>
</CondStmnt>
</StmntSeq>
<Keyword EndOffset="18443" SrcFileId="8" StartOffset="18440"/>
<LocList>
<Loc EndOffset="18578" SrcFileId="8" StartOffset="18440"/>
</LocList>
</LoopStmnt>
<BasicStmnt CovItemId="S265" CovItemPrefix="csse376_puerto_rico.GameBoardGUI.java" Intrnl_Id="1274">
<LocList>
<Loc EndOffset="18608" SrcFileId="8" StartOffset="18584"/>
</LocList>
</BasicStmnt>
<BasicStmnt CovItemId="S266" CovItemPrefix="csse376_puerto_rico.GameBoardGUI.java" Intrnl_Id="1275">
<LocList>
<Loc EndOffset="18652" SrcFileId="8" StartOffset="18614"/>
</LocList>
</BasicStmnt>
<BasicStmnt CovItemId="S267" CovItemPrefix="csse376_puerto_rico.GameBoardGUI.java" Intrnl_Id="1276">
<LocList>
<Loc EndOffset="18714" SrcFileId="8" StartOffset="18660"/>
</LocList>
</BasicStmnt>
<BasicStmnt CovItemId="S268" CovItemPrefix="csse376_puerto_rico.GameBoardGUI.java" Intrnl_Id="1277">
<LocList>
<Loc EndOffset="18962" SrcFileId="8" StartOffset="18720"/>
</LocList>
</BasicStmnt>
<CondStmnt CovItemId="S269" CovItemPrefix="csse376_puerto_rico.GameBoardGUI.java" Intrnl_Id="1278">
<Branch CovItemId="B91" CovItemPrefix="csse376_puerto_rico.GameBoardGUI.java" Implct="false" Intrnl_Id="1279">
<Cond/>
<LocList>
<Loc EndOffset="19131" SrcFileId="8" StartOffset="19002"/>
</LocList>
<StmntSeq Intrnl_Id="1280">
<LocList>
<Loc EndOffset="19053" SrcFileId="8" StartOffset="19010"/>
<Loc EndOffset="19086" SrcFileId="8" StartOffset="19060"/>
<Loc EndOffset="19124" SrcFileId="8" StartOffset="19093"/>
</LocList>
<BasicStmnt CovItemId="S270" CovItemPrefix="csse376_puerto_rico.GameBoardGUI.java" Intrnl_Id="1281">
<LocList>
<Loc EndOffset="19053" SrcFileId="8" StartOffset="19010"/>
</LocList>
</BasicStmnt>
<BasicStmnt CovItemId="S271" CovItemPrefix="csse376_puerto_rico.GameBoardGUI.java" Intrnl_Id="1282">
<LocList>
<Loc EndOffset="19086" SrcFileId="8" StartOffset="19060"/>
</LocList>
</BasicStmnt>
<BasicStmnt CovItemId="S272" CovItemPrefix="csse376_puerto_rico.GameBoardGUI.java" Intrnl_Id="1283">
<LocList>
<Loc EndOffset="19124" SrcFileId="8" StartOffset="19093"/>
</LocList>
</BasicStmnt>
</StmntSeq>
</Branch>
<Branch CovItemId="B92" CovItemPrefix="csse376_puerto_rico.GameBoardGUI.java" Implct="true" Intrnl_Id="1284">
<Cond/>
<LocList/>
<StmntSeq Intrnl_Id="1285">
<LocList/>
</StmntSeq>
</Branch>
<Keyword EndOffset="18972" SrcFileId="8" StartOffset="18970"/>
<LocList>
<Loc EndOffset="19131" SrcFileId="8" StartOffset="18970"/>
</LocList>
<RootTerm CovItemId="C60" CovItemPrefix="csse376_puerto_rico.GameBoardGUI.java" Intrnl_Id="1286">
<BasicBoolTerm Intrnl_Id="1287">
<LocList>
<Loc EndOffset="19000" SrcFileId="8" StartOffset="18974"/>
</LocList>
</BasicBoolTerm>
</RootTerm>
</CondStmnt>
<CondStmnt CovItemId="S273" CovItemPrefix="csse376_puerto_rico.GameBoardGUI.java" Intrnl_Id="1288">
<Branch CovItemId="B93" CovItemPrefix="csse376_puerto_rico.GameBoardGUI.java" Implct="false" Intrnl_Id="1289">
<Cond/>
<LocList>
<Loc EndOffset="20953" SrcFileId="8" StartOffset="19191"/>
</LocList>
<StmntSeq Intrnl_Id="1290">
<LocList>
<Loc EndOffset="19234" SrcFileId="8" StartOffset="19199"/>
<Loc EndOffset="19384" SrcFileId="8" StartOffset="19241"/>
<Loc EndOffset="19415" SrcFileId="8" StartOffset="19391"/>
<Loc EndOffset="19451" SrcFileId="8" StartOffset="19422"/>
<Loc EndOffset="19718" SrcFileId="8" StartOffset="19458"/>
<Loc EndOffset="20066" SrcFileId="8" StartOffset="19725"/>
<Loc EndOffset="20108" SrcFileId="8" StartOffset="20073"/>
<Loc EndOffset="20258" SrcFileId="8" StartOffset="20115"/>
<Loc EndOffset="20289" SrcFileId="8" StartOffset="20265"/>
<Loc EndOffset="20325" SrcFileId="8" StartOffset="20296"/>
<Loc EndOffset="20593" SrcFileId="8" StartOffset="20332"/>
<Loc EndOffset="20946" SrcFileId="8" StartOffset="20602"/>
</LocList>
<BasicStmnt CovItemId="S274" CovItemPrefix="csse376_puerto_rico.GameBoardGUI.java" Intrnl_Id="1291">
<LocList>
<Loc EndOffset="19234" SrcFileId="8" StartOffset="19199"/>
</LocList>
</BasicStmnt>
<LoopStmnt CovItemId="S275" CovItemPrefix="csse376_puerto_rico.GameBoardGUI.java" Intrnl_Id="1292" MltplExecId="L19-2" MltplExecPrefix="csse376_puerto_rico.GameBoardGUI.java" NvrExecId="L19-0" NvrExecPrefix="csse376_puerto_rico.GameBoardGUI.java" OnceExecutedId="L19-1" OnceExecutedPrefix="csse376_puerto_rico.GameBoardGUI.java" OptBodyExec="true">
<StmntSeq Intrnl_Id="1293">
<LocList>
<Loc EndOffset="19322" SrcFileId="8" StartOffset="19288"/>
<Loc EndOffset="19376" SrcFileId="8" StartOffset="19330"/>
</LocList>
<BasicStmnt CovItemId="S276" CovItemPrefix="csse376_puerto_rico.GameBoardGUI.java" Intrnl_Id="1294">
<LocList>
<Loc EndOffset="19322" SrcFileId="8" StartOffset="19288"/>
</LocList>
</BasicStmnt>
<CondStmnt CovItemId="S277" CovItemPrefix="csse376_puerto_rico.GameBoardGUI.java" Intrnl_Id="1295">
<Branch CovItemId="B95" CovItemPrefix="csse376_puerto_rico.GameBoardGUI.java" Implct="false" Intrnl_Id="1296">
<Cond/>
<LocList>
<Loc EndOffset="19376" SrcFileId="8" StartOffset="19341"/>
</LocList>
<StmntSeq Intrnl_Id="1297">
<LocList>
<Loc EndOffset="19367" SrcFileId="8" StartOffset="19351"/>
</LocList>
<BasicStmnt CovItemId="S278" CovItemPrefix="csse376_puerto_rico.GameBoardGUI.java" Intrnl_Id="1298">
<LocList>
<Loc EndOffset="19367" SrcFileId="8" StartOffset="19351"/>
</LocList>
</BasicStmnt>
</StmntSeq>
</Branch>
<Branch CovItemId="B96" CovItemPrefix="csse376_puerto_rico.GameBoardGUI.java" Implct="true" Intrnl_Id="1299">
<Cond/>
<LocList/>
<StmntSeq Intrnl_Id="1300">
<LocList/>
</StmntSeq>
</Branch>
<Keyword EndOffset="19332" SrcFileId="8" StartOffset="19330"/>
<LocList>
<Loc EndOffset="19376" SrcFileId="8" StartOffset="19330"/>
</LocList>
<RootTerm CovItemId="C62" CovItemPrefix="csse376_puerto_rico.GameBoardGUI.java" Intrnl_Id="1301">
<BasicBoolTerm Intrnl_Id="1302">
<LocList>
<Loc EndOffset="19339" SrcFileId="8" StartOffset="19334"/>
</LocList>
</BasicBoolTerm>
</RootTerm>
</CondStmnt>
</StmntSeq>
<Keyword EndOffset="19244" SrcFileId="8" StartOffset="19241"/>
<LocList>
<Loc EndOffset="19384" SrcFileId="8" StartOffset="19241"/>
</LocList>
</LoopStmnt>
<BasicStmnt CovItemId="S279" CovItemPrefix="csse376_puerto_rico.GameBoardGUI.java" Intrnl_Id="1303">
<LocList>
<Loc EndOffset="19415" SrcFileId="8" StartOffset="19391"/>
</LocList>
</BasicStmnt>
<BasicStmnt CovItemId="S280" CovItemPrefix="csse376_puerto_rico.GameBoardGUI.java" Intrnl_Id="1304">
<LocList>
<Loc EndOffset="19451" SrcFileId="8" StartOffset="19422"/>
</LocList>
</BasicStmnt>
<BasicStmnt CovItemId="S281" CovItemPrefix="csse376_puerto_rico.GameBoardGUI.java" Intrnl_Id="1305">
<LocList>
<Loc EndOffset="19718" SrcFileId="8" StartOffset="19458"/>
</LocList>
</BasicStmnt>
<CondStmnt CovItemId="S282" CovItemPrefix="csse376_puerto_rico.GameBoardGUI.java" Intrnl_Id="1306">
<Branch CovItemId="B97" CovItemPrefix="csse376_puerto_rico.GameBoardGUI.java" Implct="false" Intrnl_Id="1307">
<Cond/>
<LocList>
<Loc EndOffset="20066" SrcFileId="8" StartOffset="19762"/>
</LocList>
<StmntSeq Intrnl_Id="1308">
<LocList>
<Loc EndOffset="19819" SrcFileId="8" StartOffset="19771"/>
<Loc EndOffset="19853" SrcFileId="8" StartOffset="19827"/>
<Loc EndOffset="19892" SrcFileId="8" StartOffset="19861"/>
<Loc EndOffset="19991" SrcFileId="8" StartOffset="19900"/>
<Loc EndOffset="20058" SrcFileId="8" StartOffset="19999"/>
</LocList>
<BasicStmnt CovItemId="S283" CovItemPrefix="csse376_puerto_rico.GameBoardGUI.java" Intrnl_Id="1309">
<LocList>
<Loc EndOffset="19819" SrcFileId="8" StartOffset="19771"/>
</LocList>
</BasicStmnt>
<BasicStmnt CovItemId="S284" CovItemPrefix="csse376_puerto_rico.GameBoardGUI.java" Intrnl_Id="1310">
<LocList>
<Loc EndOffset="19853" SrcFileId="8" StartOffset="19827"/>
</LocList>
</BasicStmnt>
<BasicStmnt CovItemId="S285" CovItemPrefix="csse376_puerto_rico.GameBoardGUI.java" Intrnl_Id="1311">
<LocList>
<Loc EndOffset="19892" SrcFileId="8" StartOffset="19861"/>
</LocList>
</BasicStmnt>
<BasicStmnt CovItemId="S286" CovItemPrefix="csse376_puerto_rico.GameBoardGUI.java" Intrnl_Id="1312">
<LocList>
<Loc EndOffset="19991" SrcFileId="8" StartOffset="19900"/>
</LocList>
</BasicStmnt>
<BasicStmnt CovItemId="S287" CovItemPrefix="csse376_puerto_rico.GameBoardGUI.java" Intrnl_Id="1313">
<LocList>
<Loc EndOffset="20058" SrcFileId="8" StartOffset="19999"/>
</LocList>
</BasicStmnt>
</StmntSeq>
</Branch>
<Branch CovItemId="B98" CovItemPrefix="csse376_puerto_rico.GameBoardGUI.java" Implct="true" Intrnl_Id="1314">
<Cond/>
<LocList/>
<StmntSeq Intrnl_Id="1315">
<LocList/>
</StmntSeq>
</Branch>
<Keyword EndOffset="19727" SrcFileId="8" StartOffset="19725"/>
<LocList>
<Loc EndOffset="20066" SrcFileId="8" StartOffset="19725"/>
</LocList>
<RootTerm CovItemId="C63" CovItemPrefix="csse376_puerto_rico.GameBoardGUI.java" Intrnl_Id="1316">
<BasicBoolTerm Intrnl_Id="1317">
<LocList>
<Loc EndOffset="19760" SrcFileId="8" StartOffset="19729"/>
</LocList>
</BasicBoolTerm>
</RootTerm>
</CondStmnt>
<BasicStmnt CovItemId="S288" CovItemPrefix="csse376_puerto_rico.GameBoardGUI.java" Intrnl_Id="1318">
<LocList>
<Loc EndOffset="20108" SrcFileId="8" StartOffset="20073"/>
</LocList>
</BasicStmnt>
<LoopStmnt CovItemId="S289" CovItemPrefix="csse376_puerto_rico.GameBoardGUI.java" Intrnl_Id="1319" MltplExecId="L20-2" MltplExecPrefix="csse376_puerto_rico.GameBoardGUI.java" NvrExecId="L20-0" NvrExecPrefix="csse376_puerto_rico.GameBoardGUI.java" OnceExecutedId="L20-1" OnceExecutedPrefix="csse376_puerto_rico.GameBoardGUI.java" OptBodyExec="true">
<StmntSeq Intrnl_Id="1320">
<LocList>
<Loc EndOffset="20196" SrcFileId="8" StartOffset="20162"/>
<Loc EndOffset="20250" SrcFileId="8" StartOffset="20204"/>
</LocList>
<BasicStmnt CovItemId="S290" CovItemPrefix="csse376_puerto_rico.GameBoardGUI.java" Intrnl_Id="1321">
<LocList>
<Loc EndOffset="20196" SrcFileId="8" StartOffset="20162"/>
</LocList>
</BasicStmnt>
<CondStmnt CovItemId="S291" CovItemPrefix="csse376_puerto_rico.GameBoardGUI.java" Intrnl_Id="1322">
<Branch CovItemId="B99" CovItemPrefix="csse376_puerto_rico.GameBoardGUI.java" Implct="false" Intrnl_Id="1323">
<Cond/>
<LocList>
<Loc EndOffset="20250" SrcFileId="8" StartOffset="20215"/>
</LocList>
<StmntSeq Intrnl_Id="1324">
<LocList>
<Loc EndOffset="20241" SrcFileId="8" StartOffset="20225"/>
</LocList>
<BasicStmnt CovItemId="S292" CovItemPrefix="csse376_puerto_rico.GameBoardGUI.java" Intrnl_Id="1325">
<LocList>
<Loc EndOffset="20241" SrcFileId="8" StartOffset="20225"/>
</LocList>
</BasicStmnt>
</StmntSeq>
</Branch>
<Branch CovItemId="B100" CovItemPrefix="csse376_puerto_rico.GameBoardGUI.java" Implct="true" Intrnl_Id="1326">
<Cond/>
<LocList/>
<StmntSeq Intrnl_Id="1327">
<LocList/>
</StmntSeq>
</Branch>
<Keyword EndOffset="20206" SrcFileId="8" StartOffset="20204"/>
<LocList>
<Loc EndOffset="20250" SrcFileId="8" StartOffset="20204"/>
</LocList>
<RootTerm CovItemId="C64" CovItemPrefix="csse376_puerto_rico.GameBoardGUI.java" Intrnl_Id="1328">
<BasicBoolTerm Intrnl_Id="1329">
<LocList>
<Loc EndOffset="20213" SrcFileId="8" StartOffset="20208"/>
</LocList>
</BasicBoolTerm>
</RootTerm>
</CondStmnt>
</StmntSeq>
<Keyword EndOffset="20118" SrcFileId="8" StartOffset="20115"/>
<LocList>
<Loc EndOffset="20258" SrcFileId="8" StartOffset="20115"/>
</LocList>
</LoopStmnt>
<BasicStmnt CovItemId="S293" CovItemPrefix="csse376_puerto_rico.GameBoardGUI.java" Intrnl_Id="1330">
<LocList>
<Loc EndOffset="20289" SrcFileId="8" StartOffset="20265"/>
</LocList>
</BasicStmnt>
<BasicStmnt CovItemId="S294" CovItemPrefix="csse376_puerto_rico.GameBoardGUI.java" Intrnl_Id="1331">
<LocList>
<Loc EndOffset="20325" SrcFileId="8" StartOffset="20296"/>
</LocList>
</BasicStmnt>
<BasicStmnt CovItemId="S295" CovItemPrefix="csse376_puerto_rico.GameBoardGUI.java" Intrnl_Id="1332">
<LocList>
<Loc EndOffset="20593" SrcFileId="8" StartOffset="20332"/>
</LocList>
</BasicStmnt>
<CondStmnt CovItemId="S296" CovItemPrefix="csse376_puerto_rico.GameBoardGUI.java" Intrnl_Id="1333">
<Branch CovItemId="B101" CovItemPrefix="csse376_puerto_rico.GameBoardGUI.java" Implct="false" Intrnl_Id="1334">
<Cond/>
<LocList>
<Loc EndOffset="20946" SrcFileId="8" StartOffset="20640"/>
</LocList>
<StmntSeq Intrnl_Id="1335">
<LocList>
<Loc EndOffset="20698" SrcFileId="8" StartOffset="20649"/>
<Loc EndOffset="20732" SrcFileId="8" StartOffset="20706"/>
<Loc EndOffset="20771" SrcFileId="8" StartOffset="20740"/>
<Loc EndOffset="20871" SrcFileId="8" StartOffset="20779"/>
<Loc EndOffset="20938" SrcFileId="8" StartOffset="20879"/>
</LocList>
<BasicStmnt CovItemId="S297" CovItemPrefix="csse376_puerto_rico.GameBoardGUI.java" Intrnl_Id="1336">
<LocList>
<Loc EndOffset="20698" SrcFileId="8" StartOffset="20649"/>
</LocList>
</BasicStmnt>
<BasicStmnt CovItemId="S298" CovItemPrefix="csse376_puerto_rico.GameBoardGUI.java" Intrnl_Id="1337">
<LocList>
<Loc EndOffset="20732" SrcFileId="8" StartOffset="20706"/>
</LocList>
</BasicStmnt>
<BasicStmnt CovItemId="S299" CovItemPrefix="csse376_puerto_rico.GameBoardGUI.java" Intrnl_Id="1338">
<LocList>
<Loc EndOffset="20771" SrcFileId="8" StartOffset="20740"/>
</LocList>
</BasicStmnt>
<BasicStmnt CovItemId="S300" CovItemPrefix="csse376_puerto_rico.GameBoardGUI.java" Intrnl_Id="1339">
<LocList>
<Loc EndOffset="20871" SrcFileId="8" StartOffset="20779"/>
</LocList>
</BasicStmnt>
<BasicStmnt CovItemId="S301" CovItemPrefix="csse376_puerto_rico.GameBoardGUI.java" Intrnl_Id="1340">
<LocList>
<Loc EndOffset="20938" SrcFileId="8" StartOffset="20879"/>
</LocList>
</BasicStmnt>
</StmntSeq>
</Branch>
<Branch CovItemId="B102" CovItemPrefix="csse376_puerto_rico.GameBoardGUI.java" Implct="true" Intrnl_Id="1341">
<Cond/>
<LocList/>
<StmntSeq Intrnl_Id="1342">
<LocList/>
</StmntSeq>
</Branch>
<Keyword EndOffset="20604" SrcFileId="8" StartOffset="20602"/>
<LocList>
<Loc EndOffset="20946" SrcFileId="8" StartOffset="20602"/>
</LocList>
<RootTerm CovItemId="C65" CovItemPrefix="csse376_puerto_rico.GameBoardGUI.java" Intrnl_Id="1343">
<BasicBoolTerm Intrnl_Id="1344">
<LocList>
<Loc EndOffset="20638" SrcFileId="8" StartOffset="20606"/>
</LocList>
</BasicBoolTerm>
</RootTerm>
</CondStmnt>
</StmntSeq>
</Branch>
<Branch CovItemId="B94" CovItemPrefix="csse376_puerto_rico.GameBoardGUI.java" Implct="true" Intrnl_Id="1345">
<Cond/>
<LocList/>
<StmntSeq Intrnl_Id="1346">
<LocList/>
</StmntSeq>
</Branch>
<Keyword EndOffset="19141" SrcFileId="8" StartOffset="19139"/>
<LocList>
<Loc EndOffset="20953" SrcFileId="8" StartOffset="19139"/>
</LocList>
<RootTerm CovItemId="C61" CovItemPrefix="csse376_puerto_rico.GameBoardGUI.java" Intrnl_Id="1347">
<BasicBoolTerm Intrnl_Id="1348">
<LocList>
<Loc EndOffset="19189" SrcFileId="8" StartOffset="19143"/>
</LocList>
</BasicBoolTerm>
</RootTerm>
</CondStmnt>
<CondStmnt CovItemId="S302" CovItemPrefix="csse376_puerto_rico.GameBoardGUI.java" Intrnl_Id="1349">
<Branch CovItemId="B103" CovItemPrefix="csse376_puerto_rico.GameBoardGUI.java" Implct="false" Intrnl_Id="1350">
<Cond/>
<LocList>
<Loc EndOffset="21852" SrcFileId="8" StartOffset="21011"/>
</LocList>
<StmntSeq Intrnl_Id="1351">
<LocList>
<Loc EndOffset="21054" SrcFileId="8" StartOffset="21019"/>
<Loc EndOffset="21204" SrcFileId="8" StartOffset="21061"/>
<Loc EndOffset="21235" SrcFileId="8" StartOffset="21211"/>
<Loc EndOffset="21271" SrcFileId="8" StartOffset="21242"/>
<Loc EndOffset="21521" SrcFileId="8" StartOffset="21278"/>
<Loc EndOffset="21845" SrcFileId="8" StartOffset="21528"/>
</LocList>
<BasicStmnt CovItemId="S303" CovItemPrefix="csse376_puerto_rico.GameBoardGUI.java" Intrnl_Id="1352">
<LocList>
<Loc EndOffset="21054" SrcFileId="8" StartOffset="21019"/>
</LocList>
</BasicStmnt>
<LoopStmnt CovItemId="S304" CovItemPrefix="csse376_puerto_rico.GameBoardGUI.java" Intrnl_Id="1353" MltplExecId="L21-2" MltplExecPrefix="csse376_puerto_rico.GameBoardGUI.java" NvrExecId="L21-0" NvrExecPrefix="csse376_puerto_rico.GameBoardGUI.java" OnceExecutedId="L21-1" OnceExecutedPrefix="csse376_puerto_rico.GameBoardGUI.java" OptBodyExec="true">
<StmntSeq Intrnl_Id="1354">
<LocList>
<Loc EndOffset="21142" SrcFileId="8" StartOffset="21108"/>
<Loc EndOffset="21196" SrcFileId="8" StartOffset="21150"/>
</LocList>
<BasicStmnt CovItemId="S305" CovItemPrefix="csse376_puerto_rico.GameBoardGUI.java" Intrnl_Id="1355">
<LocList>
<Loc EndOffset="21142" SrcFileId="8" StartOffset="21108"/>
</LocList>
</BasicStmnt>
<CondStmnt CovItemId="S306" CovItemPrefix="csse376_puerto_rico.GameBoardGUI.java" Intrnl_Id="1356">
<Branch CovItemId="B105" CovItemPrefix="csse376_puerto_rico.GameBoardGUI.java" Implct="false" Intrnl_Id="1357">
<Cond/>
<LocList>
<Loc EndOffset="21196" SrcFileId="8" StartOffset="21161"/>
</LocList>
<StmntSeq Intrnl_Id="1358">
<LocList>
<Loc EndOffset="21187" SrcFileId="8" StartOffset="21171"/>
</LocList>
<BasicStmnt CovItemId="S307" CovItemPrefix="csse376_puerto_rico.GameBoardGUI.java" Intrnl_Id="1359">
<LocList>
<Loc EndOffset="21187" SrcFileId="8" StartOffset="21171"/>
</LocList>
</BasicStmnt>
</StmntSeq>
</Branch>
<Branch CovItemId="B106" CovItemPrefix="csse376_puerto_rico.GameBoardGUI.java" Implct="true" Intrnl_Id="1360">
<Cond/>
<LocList/>
<StmntSeq Intrnl_Id="1361">
<LocList/>
</StmntSeq>
</Branch>
<Keyword EndOffset="21152" SrcFileId="8" StartOffset="21150"/>
<LocList>
<Loc EndOffset="21196" SrcFileId="8" StartOffset="21150"/>
</LocList>
<RootTerm CovItemId="C67" CovItemPrefix="csse376_puerto_rico.GameBoardGUI.java" Intrnl_Id="1362">
<BasicBoolTerm Intrnl_Id="1363">
<LocList>
<Loc EndOffset="21159" SrcFileId="8" StartOffset="21154"/>
</LocList>
</BasicBoolTerm>
</RootTerm>
</CondStmnt>
</StmntSeq>
<Keyword EndOffset="21064" SrcFileId="8" StartOffset="21061"/>
<LocList>
<Loc EndOffset="21204" SrcFileId="8" StartOffset="21061"/>
</LocList>
</LoopStmnt>
<BasicStmnt CovItemId="S308" CovItemPrefix="csse376_puerto_rico.GameBoardGUI.java" Intrnl_Id="1364">
<LocList>
<Loc EndOffset="21235" SrcFileId="8" StartOffset="21211"/>
</LocList>
</BasicStmnt>
<BasicStmnt CovItemId="S309" CovItemPrefix="csse376_puerto_rico.GameBoardGUI.java" Intrnl_Id="1365">
<LocList>
<Loc EndOffset="21271" SrcFileId="8" StartOffset="21242"/>
</LocList>
</BasicStmnt>
<BasicStmnt CovItemId="S310" CovItemPrefix="csse376_puerto_rico.GameBoardGUI.java" Intrnl_Id="1366">
<LocList>
<Loc EndOffset="21521" SrcFileId="8" StartOffset="21278"/>
</LocList>
</BasicStmnt>
<CondStmnt CovItemId="S311" CovItemPrefix="csse376_puerto_rico.GameBoardGUI.java" Intrnl_Id="1367">
<Branch CovItemId="B107" CovItemPrefix="csse376_puerto_rico.GameBoardGUI.java" Implct="false" Intrnl_Id="1368">
<Cond/>
<LocList>
<Loc EndOffset="21845" SrcFileId="8" StartOffset="21557"/>
</LocList>
<StmntSeq Intrnl_Id="1369">
<LocList>
<Loc EndOffset="21606" SrcFileId="8" StartOffset="21566"/>
<Loc EndOffset="21640" SrcFileId="8" StartOffset="21614"/>
<Loc EndOffset="21679" SrcFileId="8" StartOffset="21648"/>
<Loc EndOffset="21770" SrcFileId="8" StartOffset="21687"/>
<Loc EndOffset="21837" SrcFileId="8" StartOffset="21778"/>
</LocList>
<BasicStmnt CovItemId="S312" CovItemPrefix="csse376_puerto_rico.GameBoardGUI.java" Intrnl_Id="1370">
<LocList>
<Loc EndOffset="21606" SrcFileId="8" StartOffset="21566"/>
</LocList>
</BasicStmnt>
<BasicStmnt CovItemId="S313" CovItemPrefix="csse376_puerto_rico.GameBoardGUI.java" Intrnl_Id="1371">
<LocList>
<Loc EndOffset="21640" SrcFileId="8" StartOffset="21614"/>
</LocList>
</BasicStmnt>
<BasicStmnt CovItemId="S314" CovItemPrefix="csse376_puerto_rico.GameBoardGUI.java" Intrnl_Id="1372">
<LocList>
<Loc EndOffset="21679" SrcFileId="8" StartOffset="21648"/>
</LocList>
</BasicStmnt>
<BasicStmnt CovItemId="S315" CovItemPrefix="csse376_puerto_rico.GameBoardGUI.java" Intrnl_Id="1373">
<LocList>
<Loc EndOffset="21770" SrcFileId="8" StartOffset="21687"/>
</LocList>
</BasicStmnt>
<BasicStmnt CovItemId="S316" CovItemPrefix="csse376_puerto_rico.GameBoardGUI.java" Intrnl_Id="1374">
<LocList>
<Loc EndOffset="21837" SrcFileId="8" StartOffset="21778"/>
</LocList>
</BasicStmnt>
</StmntSeq>
</Branch>
<Branch CovItemId="B108" CovItemPrefix="csse376_puerto_rico.GameBoardGUI.java" Implct="true" Intrnl_Id="1375">
<Cond/>
<LocList/>
<StmntSeq Intrnl_Id="1376">
<LocList/>
</StmntSeq>
</Branch>
<Keyword EndOffset="21530" SrcFileId="8" StartOffset="21528"/>
<LocList>
<Loc EndOffset="21845" SrcFileId="8" StartOffset="21528"/>
</LocList>
<RootTerm CovItemId="C68" CovItemPrefix="csse376_puerto_rico.GameBoardGUI.java" Intrnl_Id="1377">
<BasicBoolTerm Intrnl_Id="1378">
<LocList>
<Loc EndOffset="21555" SrcFileId="8" StartOffset="21532"/>
</LocList>
</BasicBoolTerm>
</RootTerm>
</CondStmnt>
</StmntSeq>
</Branch>
<Branch CovItemId="B104" CovItemPrefix="csse376_puerto_rico.GameBoardGUI.java" Implct="true" Intrnl_Id="1379">
<Cond/>
<LocList/>
<StmntSeq Intrnl_Id="1380">
<LocList/>
</StmntSeq>
</Branch>
<Keyword EndOffset="20961" SrcFileId="8" StartOffset="20959"/>
<LocList>
<Loc EndOffset="21852" SrcFileId="8" StartOffset="20959"/>
</LocList>
<RootTerm CovItemId="C66" CovItemPrefix="csse376_puerto_rico.GameBoardGUI.java" Intrnl_Id="1381">
<BasicBoolTerm Intrnl_Id="1382">
<LocList>
<Loc EndOffset="21009" SrcFileId="8" StartOffset="20963"/>
</LocList>
</BasicBoolTerm>
</RootTerm>
</CondStmnt>
<LoopStmnt CovItemId="S317" CovItemPrefix="csse376_puerto_rico.GameBoardGUI.java" Intrnl_Id="1383" MltplExecId="L22-2" MltplExecPrefix="csse376_puerto_rico.GameBoardGUI.java" NvrExecId="L22-0" NvrExecPrefix="csse376_puerto_rico.GameBoardGUI.java" OnceExecutedId="L22-1" OnceExecutedPrefix="csse376_puerto_rico.GameBoardGUI.java" OptBodyExec="true">
<StmntSeq Intrnl_Id="1384">
<LocList>
<Loc EndOffset="21916" SrcFileId="8" StartOffset="21895"/>
</LocList>
<BasicStmnt CovItemId="S318" CovItemPrefix="csse376_puerto_rico.GameBoardGUI.java" Intrnl_Id="1385">
<LocList>
<Loc EndOffset="21916" SrcFileId="8" StartOffset="21895"/>
</LocList>
</BasicStmnt>
</StmntSeq>
<Keyword EndOffset="21863" SrcFileId="8" StartOffset="21860"/>
<LocList>
<Loc EndOffset="21923" SrcFileId="8" StartOffset="21860"/>
</LocList>
</LoopStmnt>
<BasicStmnt CovItemId="S319" CovItemPrefix="csse376_puerto_rico.GameBoardGUI.java" Intrnl_Id="1386">
<LocList>
<Loc EndOffset="21956" SrcFileId="8" StartOffset="21931"/>
</LocList>
</BasicStmnt>
<BasicStmnt CovItemId="S320" CovItemPrefix="csse376_puerto_rico.GameBoardGUI.java" Intrnl_Id="1387">
<LocList>
<Loc EndOffset="21988" SrcFileId="8" StartOffset="21962"/>
</LocList>
</BasicStmnt>
<BasicStmnt CovItemId="S321" CovItemPrefix="csse376_puerto_rico.GameBoardGUI.java" Intrnl_Id="1388">
<LocList>
<Loc EndOffset="22035" SrcFileId="8" StartOffset="21994"/>
</LocList>
</BasicStmnt>
</StmntSeq>
<Keyword EndOffset="18298" SrcFileId="8" StartOffset="18295"/>
<LocList>
<Loc EndOffset="22041" SrcFileId="8" StartOffset="18295"/>
</LocList>
<RootTerm CovItemId="C58" CovItemPrefix="csse376_puerto_rico.GameBoardGUI.java" Intrnl_Id="1389">
<BasicBoolTerm Intrnl_Id="1390">
<LocList>
<Loc EndOffset="18329" SrcFileId="8" StartOffset="18311"/>
</LocList>
</BasicBoolTerm>
</RootTerm>
</LoopStmnt>
</StmntSeq>
</Branch>
<Branch CovItemId="B78" CovItemPrefix="csse376_puerto_rico.GameBoardGUI.java" Implct="false" Intrnl_Id="1391">
<Cond>
<Loc EndOffset="22053" SrcFileId="8" StartOffset="22049"/>
</Cond>
<LocList>
<Loc EndOffset="22172" SrcFileId="8" StartOffset="22054"/>
</LocList>
<StmntSeq Intrnl_Id="1392">
<LocList>
<Loc EndOffset="22172" SrcFileId="8" StartOffset="22054"/>
</LocList>
<CondStmnt CovItemId="S322" CovItemPrefix="csse376_puerto_rico.GameBoardGUI.java" Intrnl_Id="1393">
<Branch CovItemId="B109" CovItemPrefix="csse376_puerto_rico.GameBoardGUI.java" Implct="false" Intrnl_Id="1394">
<Cond/>
<LocList>
<Loc EndOffset="22172" SrcFileId="8" StartOffset="22095"/>
</LocList>
<StmntSeq Intrnl_Id="1395">
<LocList>
<Loc EndOffset="22167" SrcFileId="8" StartOffset="22120"/>
</LocList>
<BasicStmnt CovItemId="S323" CovItemPrefix="csse376_puerto_rico.GameBoardGUI.java" Intrnl_Id="1396">
<LocList>
<Loc EndOffset="22167" SrcFileId="8" StartOffset="22120"/>
</LocList>
</BasicStmnt>
</StmntSeq>
</Branch>
<Branch CovItemId="B110" CovItemPrefix="csse376_puerto_rico.GameBoardGUI.java" Implct="true" Intrnl_Id="1397">
<Cond/>
<LocList/>
<StmntSeq Intrnl_Id="1398">
<LocList/>
</StmntSeq>
</Branch>
<Keyword EndOffset="22056" SrcFileId="8" StartOffset="22054"/>
<LocList>
<Loc EndOffset="22172" SrcFileId="8" StartOffset="22054"/>
</LocList>
<RootTerm CovItemId="C69" CovItemPrefix="csse376_puerto_rico.GameBoardGUI.java" Intrnl_Id="1399">
<BasicBoolTerm Intrnl_Id="1400">
<LocList>
<Loc EndOffset="22093" SrcFileId="8" StartOffset="22058"/>
</LocList>
</BasicBoolTerm>
</RootTerm>
</CondStmnt>
</StmntSeq>
</Branch>
<Keyword EndOffset="16181" SrcFileId="8" StartOffset="16179"/>
<LocList>
<Loc EndOffset="22172" SrcFileId="8" StartOffset="16179"/>
</LocList>
<RootTerm CovItemId="C50" CovItemPrefix="csse376_puerto_rico.GameBoardGUI.java" Intrnl_Id="1401">
<BasicBoolTerm Intrnl_Id="1402">
<LocList>
<Loc EndOffset="16215" SrcFileId="8" StartOffset="16183"/>
</LocList>
</BasicBoolTerm>
</RootTerm>
</CondStmnt>
</StmntSeq>
</Branch>
<Keyword EndOffset="14168" SrcFileId="8" StartOffset="14166"/>
<LocList>
<Loc EndOffset="22172" SrcFileId="8" StartOffset="14166"/>
</LocList>
<RootTerm CovItemId="C38" CovItemPrefix="csse376_puerto_rico.GameBoardGUI.java" Intrnl_Id="1403">
<BasicBoolTerm Intrnl_Id="1404">
<LocList>
<Loc EndOffset="14201" SrcFileId="8" StartOffset="14170"/>
</LocList>
</BasicBoolTerm>
</RootTerm>
</CondStmnt>
</StmntSeq>
</Branch>
<Keyword EndOffset="13359" SrcFileId="8" StartOffset="13357"/>
<LocList>
<Loc EndOffset="22172" SrcFileId="8" StartOffset="13357"/>
</LocList>
<RootTerm CovItemId="C31" CovItemPrefix="csse376_puerto_rico.GameBoardGUI.java" Intrnl_Id="1405">
<BasicBoolTerm Intrnl_Id="1406">
<LocList>
<Loc EndOffset="13395" SrcFileId="8" StartOffset="13361"/>
</LocList>
</BasicBoolTerm>
</RootTerm>
</CondStmnt>
</StmntSeq>
</Branch>
<Keyword EndOffset="11388" SrcFileId="8" StartOffset="11386"/>
<LocList>
<Loc EndOffset="22172" SrcFileId="8" StartOffset="11386"/>
</LocList>
<RootTerm CovItemId="C24" CovItemPrefix="csse376_puerto_rico.GameBoardGUI.java" Intrnl_Id="1407">
<BasicBoolTerm Intrnl_Id="1408">
<LocList>
<Loc EndOffset="11422" SrcFileId="8" StartOffset="11390"/>
</LocList>
</BasicBoolTerm>
</RootTerm>
</CondStmnt>
</StmntSeq>
</Branch>
<Keyword EndOffset="9985" SrcFileId="8" StartOffset="9983"/>
<LocList>
<Loc EndOffset="22172" SrcFileId="8" StartOffset="9983"/>
</LocList>
<RootTerm CovItemId="C18" CovItemPrefix="csse376_puerto_rico.GameBoardGUI.java" Intrnl_Id="1409">
<BasicBoolTerm Intrnl_Id="1410">
<LocList>
<Loc EndOffset="10019" SrcFileId="8" StartOffset="9987"/>
</LocList>
</BasicBoolTerm>
</RootTerm>
</CondStmnt>
</StmntSeq>
</Branch>
<Keyword EndOffset="6884" SrcFileId="8" StartOffset="6882"/>
<LocList>
<Loc EndOffset="22172" SrcFileId="8" StartOffset="6882"/>
</LocList>
<RootTerm CovItemId="C9" CovItemPrefix="csse376_puerto_rico.GameBoardGUI.java" Intrnl_Id="1411">
<BasicBoolTerm Intrnl_Id="1412">
<LocList>
<Loc EndOffset="6916" SrcFileId="8" StartOffset="6886"/>
</LocList>
</BasicBoolTerm>
</RootTerm>
</CondStmnt>
<BasicStmnt CovItemId="S324" CovItemPrefix="csse376_puerto_rico.GameBoardGUI.java" Intrnl_Id="1413">
<LocList>
<Loc EndOffset="22206" SrcFileId="8" StartOffset="22176"/>
</LocList>
</BasicStmnt>
<BasicStmnt CovItemId="S325" CovItemPrefix="csse376_puerto_rico.GameBoardGUI.java" Intrnl_Id="1414">
<LocList>
<Loc EndOffset="22235" SrcFileId="8" StartOffset="22210"/>
</LocList>
</BasicStmnt>
</StmntSeq>
</HierarchyLvl>
</HierarchyLvl>
<HierarchyLvl HierarchyLvlId="645" HierarchyLvlTypeId="15" Intrnl_Id="1415" Name="ButtonHandler">
<Header>
<Loc EndOffset="224" SrcFileId="9" StartOffset="172"/>
</Header>
<LocList>
<Loc EndOffset="790" SrcFileId="9" StartOffset="172"/>
</LocList>
<HierarchyLvl HierarchyLvlId="643" HierarchyLvlTypeId="16" Intrnl_Id="1416" Name="ButtonHandler">
<Header>
<Loc EndOffset="345" SrcFileId="9" StartOffset="292"/>
</Header>
<LocList>
<Loc EndOffset="402" SrcFileId="9" StartOffset="292"/>
</LocList>
<StmntSeq Intrnl_Id="1417">
<LocList>
<Loc EndOffset="374" SrcFileId="9" StartOffset="351"/>
<Loc EndOffset="398" SrcFileId="9" StartOffset="378"/>
</LocList>
<BasicStmnt CovItemId="S1" CovItemPrefix="csse376_puerto_rico.ButtonHandler.java" Intrnl_Id="1418">
<LocList>
<Loc EndOffset="374" SrcFileId="9" StartOffset="351"/>
</LocList>
</BasicStmnt>
<BasicStmnt CovItemId="S2" CovItemPrefix="csse376_puerto_rico.ButtonHandler.java" Intrnl_Id="1419">
<LocList>
<Loc EndOffset="398" SrcFileId="9" StartOffset="378"/>
</LocList>
</BasicStmnt>
</StmntSeq>
</HierarchyLvl>
<HierarchyLvl HierarchyLvlId="644" HierarchyLvlTypeId="16" Intrnl_Id="1420" Name="actionPerformed">
<Header>
<Loc EndOffset="462" SrcFileId="9" StartOffset="407"/>
</Header>
<LocList>
<Loc EndOffset="785" SrcFileId="9" StartOffset="407"/>
</LocList>
<StmntSeq Intrnl_Id="1421">
<LocList>
<Loc EndOffset="506" SrcFileId="9" StartOffset="468"/>
<Loc EndOffset="781" SrcFileId="9" StartOffset="510"/>
</LocList>
<BasicStmnt CovItemId="S3" CovItemPrefix="csse376_puerto_rico.ButtonHandler.java" Intrnl_Id="1422">
<LocList>
<Loc EndOffset="506" SrcFileId="9" StartOffset="468"/>
</LocList>
</BasicStmnt>
<CondStmnt CovItemId="S4" CovItemPrefix="csse376_puerto_rico.ButtonHandler.java" Intrnl_Id="1423">
<Branch CovItemId="B1" CovItemPrefix="csse376_puerto_rico.ButtonHandler.java" Implct="false" Intrnl_Id="1424">
<Cond/>
<LocList>
<Loc EndOffset="561" SrcFileId="9" StartOffset="535"/>
</LocList>
<StmntSeq Intrnl_Id="1425">
<LocList>
<Loc EndOffset="556" SrcFileId="9" StartOffset="541"/>
</LocList>
<BasicStmnt CovItemId="S5" CovItemPrefix="csse376_puerto_rico.ButtonHandler.java" Intrnl_Id="1426">
<LocList>
<Loc EndOffset="556" SrcFileId="9" StartOffset="541"/>
</LocList>
</BasicStmnt>
</StmntSeq>
</Branch>
<Branch CovItemId="B2" CovItemPrefix="csse376_puerto_rico.ButtonHandler.java" Implct="false" Intrnl_Id="1427">
<Cond>
<Loc EndOffset="565" SrcFileId="9" StartOffset="561"/>
</Cond>
<LocList>
<Loc EndOffset="781" SrcFileId="9" StartOffset="566"/>
</LocList>
<StmntSeq Intrnl_Id="1428">
<LocList>
<Loc EndOffset="781" SrcFileId="9" StartOffset="566"/>
</LocList>
<CondStmnt CovItemId="S6" CovItemPrefix="csse376_puerto_rico.ButtonHandler.java" Intrnl_Id="1429">
<Branch CovItemId="B3" CovItemPrefix="csse376_puerto_rico.ButtonHandler.java" Implct="false" Intrnl_Id="1430">
<Cond/>
<LocList>
<Loc EndOffset="646" SrcFileId="9" StartOffset="595"/>
</LocList>
<StmntSeq Intrnl_Id="1431">
<LocList>
<Loc EndOffset="641" SrcFileId="9" StartOffset="601"/>
</LocList>
<BasicStmnt CovItemId="S7" CovItemPrefix="csse376_puerto_rico.ButtonHandler.java" Intrnl_Id="1432">
<LocList>
<Loc EndOffset="641" SrcFileId="9" StartOffset="601"/>
</LocList>
</BasicStmnt>
</StmntSeq>
</Branch>
<Branch CovItemId="B4" CovItemPrefix="csse376_puerto_rico.ButtonHandler.java" Implct="false" Intrnl_Id="1433">
<Cond>
<Loc EndOffset="650" SrcFileId="9" StartOffset="646"/>
</Cond>
<LocList>
<Loc EndOffset="781" SrcFileId="9" StartOffset="651"/>
</LocList>
<StmntSeq Intrnl_Id="1434">
<LocList>
<Loc EndOffset="781" SrcFileId="9" StartOffset="651"/>
</LocList>
<CondStmnt CovItemId="S8" CovItemPrefix="csse376_puerto_rico.ButtonHandler.java" Intrnl_Id="1435">
<Branch CovItemId="B5" CovItemPrefix="csse376_puerto_rico.ButtonHandler.java" Implct="false" Intrnl_Id="1436">
<Cond/>
<LocList>
<Loc EndOffset="734" SrcFileId="9" StartOffset="677"/>
</LocList>
<StmntSeq Intrnl_Id="1437">
<LocList>
<Loc EndOffset="729" SrcFileId="9" StartOffset="683"/>
</LocList>
<BasicStmnt CovItemId="S9" CovItemPrefix="csse376_puerto_rico.ButtonHandler.java" Intrnl_Id="1438">
<LocList>
<Loc EndOffset="729" SrcFileId="9" StartOffset="683"/>
</LocList>
</BasicStmnt>
</StmntSeq>
</Branch>
<Branch CovItemId="B6" CovItemPrefix="csse376_puerto_rico.ButtonHandler.java" Implct="false" Intrnl_Id="1439">
<Cond>
<Loc EndOffset="738" SrcFileId="9" StartOffset="734"/>
</Cond>
<LocList>
<Loc EndOffset="781" SrcFileId="9" StartOffset="739"/>
</LocList>
<StmntSeq Intrnl_Id="1440">
<LocList>
<Loc EndOffset="781" SrcFileId="9" StartOffset="739"/>
</LocList>
<CondStmnt CovItemId="S10" CovItemPrefix="csse376_puerto_rico.ButtonHandler.java" Intrnl_Id="1441">
<Branch CovItemId="B7" CovItemPrefix="csse376_puerto_rico.ButtonHandler.java" Implct="false" Intrnl_Id="1442">
<Cond/>
<LocList>
<Loc EndOffset="781" SrcFileId="9" StartOffset="770"/>
</LocList>
<StmntSeq Intrnl_Id="1443">
<LocList/>
</StmntSeq>
</Branch>
<Branch CovItemId="B8" CovItemPrefix="csse376_puerto_rico.ButtonHandler.java" Implct="true" Intrnl_Id="1444">
<Cond/>
<LocList/>
<StmntSeq Intrnl_Id="1445">
<LocList/>
</StmntSeq>
</Branch>
<Keyword EndOffset="741" SrcFileId="9" StartOffset="739"/>
<LocList>
<Loc EndOffset="781" SrcFileId="9" StartOffset="739"/>
</LocList>
<RootTerm CovItemId="C4" CovItemPrefix="csse376_puerto_rico.ButtonHandler.java" Intrnl_Id="1446">
<BasicBoolTerm Intrnl_Id="1447">
<LocList>
<Loc EndOffset="769" SrcFileId="9" StartOffset="742"/>
</LocList>
</BasicBoolTerm>
</RootTerm>
</CondStmnt>
</StmntSeq>
</Branch>
<Keyword EndOffset="653" SrcFileId="9" StartOffset="651"/>
<LocList>
<Loc EndOffset="781" SrcFileId="9" StartOffset="651"/>
</LocList>
<RootTerm CovItemId="C3" CovItemPrefix="csse376_puerto_rico.ButtonHandler.java" Intrnl_Id="1448">
<BasicBoolTerm Intrnl_Id="1449">
<LocList>
<Loc EndOffset="676" SrcFileId="9" StartOffset="654"/>
</LocList>
</BasicBoolTerm>
</RootTerm>
</CondStmnt>
</StmntSeq>
</Branch>
<Keyword EndOffset="568" SrcFileId="9" StartOffset="566"/>
<LocList>
<Loc EndOffset="781" SrcFileId="9" StartOffset="566"/>
</LocList>
<RootTerm CovItemId="C2" CovItemPrefix="csse376_puerto_rico.ButtonHandler.java" Intrnl_Id="1450">
<BasicBoolTerm Intrnl_Id="1451">
<LocList>
<Loc EndOffset="594" SrcFileId="9" StartOffset="569"/>
</LocList>
</BasicBoolTerm>
</RootTerm>
</CondStmnt>
</StmntSeq>
</Branch>
<Keyword EndOffset="512" SrcFileId="9" StartOffset="510"/>
<LocList>
<Loc EndOffset="781" SrcFileId="9" StartOffset="510"/>
</LocList>
<RootTerm CovItemId="C1" CovItemPrefix="csse376_puerto_rico.ButtonHandler.java" Intrnl_Id="1452">
<BasicBoolTerm Intrnl_Id="1453">
<LocList>
<Loc EndOffset="534" SrcFileId="9" StartOffset="513"/>
</LocList>
</BasicBoolTerm>
</RootTerm>
</CondStmnt>
</StmntSeq>
</HierarchyLvl>
</HierarchyLvl>
<HierarchyLvl HierarchyLvlId="652" HierarchyLvlTypeId="15" Intrnl_Id="1454" Name="Buildings">
<Header>
<Loc EndOffset="135" SrcFileId="10" StartOffset="113"/>
</Header>
<LocList>
<Loc EndOffset="872" SrcFileId="10" StartOffset="113"/>
<Loc EndOffset="4326" SrcFileId="10" StartOffset="4323"/>
</LocList>
<StmntSeq Intrnl_Id="1455">
<LocList>
<Loc EndOffset="555" SrcFileId="10" StartOffset="183"/>
</LocList>
<BasicStmnt CovItemId="S1" CovItemPrefix="csse376_puerto_rico.Buildings.java" Intrnl_Id="1456">
<LocList>
<Loc EndOffset="555" SrcFileId="10" StartOffset="183"/>
</LocList>
</BasicStmnt>
</StmntSeq>
<HierarchyLvl HierarchyLvlId="646" HierarchyLvlTypeId="16" Intrnl_Id="1457" Name="Buildings">
<Header>
<Loc EndOffset="578" SrcFileId="10" StartOffset="560"/>
</Header>
<LocList>
<Loc EndOffset="713" SrcFileId="10" StartOffset="560"/>
</LocList>
<StmntSeq Intrnl_Id="1458">
<LocList>
<Loc EndOffset="622" SrcFileId="10" StartOffset="584"/>
<Loc EndOffset="707" SrcFileId="10" StartOffset="628"/>
</LocList>
<BasicStmnt CovItemId="S2" CovItemPrefix="csse376_puerto_rico.Buildings.java" Intrnl_Id="1459">
<LocList>
<Loc EndOffset="622" SrcFileId="10" StartOffset="584"/>
</LocList>
</BasicStmnt>
<LoopStmnt CovItemId="S3" CovItemPrefix="csse376_puerto_rico.Buildings.java" Intrnl_Id="1460" MltplExecId="L1-2" MltplExecPrefix="csse376_puerto_rico.Buildings.java" NvrExecId="L1-0" NvrExecPrefix="csse376_puerto_rico.Buildings.java" OnceExecutedId="L1-1" OnceExecutedPrefix="csse376_puerto_rico.Buildings.java" OptBodyExec="true">
<StmntSeq Intrnl_Id="1461">
<LocList>
<Loc EndOffset="702" SrcFileId="10" StartOffset="668"/>
</LocList>
<BasicStmnt CovItemId="S4" CovItemPrefix="csse376_puerto_rico.Buildings.java" Intrnl_Id="1462">
<LocList>
<Loc EndOffset="702" SrcFileId="10" StartOffset="668"/>
</LocList>
</BasicStmnt>
</StmntSeq>
<Keyword EndOffset="631" SrcFileId="10" StartOffset="628"/>
<LocList>
<Loc EndOffset="707" SrcFileId="10" StartOffset="628"/>
</LocList>
</LoopStmnt>
</StmntSeq>
</HierarchyLvl>
<HierarchyLvl HierarchyLvlId="647" HierarchyLvlTypeId="16" Intrnl_Id="1463" Name="getBuildings">
<Header>
<Loc EndOffset="759" SrcFileId="10" StartOffset="718"/>
</Header>
<LocList>
<Loc EndOffset="788" SrcFileId="10" StartOffset="718"/>
</LocList>
<StmntSeq Intrnl_Id="1464">
<LocList>
<Loc EndOffset="784" SrcFileId="10" StartOffset="767"/>
</LocList>
<BasicStmnt CovItemId="S5" CovItemPrefix="csse376_puerto_rico.Buildings.java" Intrnl_Id="1465">
<LocList>
<Loc EndOffset="784" SrcFileId="10" StartOffset="767"/>
</LocList>
</BasicStmnt>
</StmntSeq>
</HierarchyLvl>
<HierarchyLvl HierarchyLvlId="648" HierarchyLvlTypeId="16" Intrnl_Id="1466" Name="getBuildingNames">
<Header>
<Loc EndOffset="836" SrcFileId="10" StartOffset="793"/>
</Header>
<LocList>
<Loc EndOffset="867" SrcFileId="10" StartOffset="793"/>
</LocList>
<StmntSeq Intrnl_Id="1467">
<LocList>
<Loc EndOffset="863" SrcFileId="10" StartOffset="842"/>
</LocList>
<BasicStmnt CovItemId="S6" CovItemPrefix="csse376_puerto_rico.Buildings.java" Intrnl_Id="1468">
<LocList>
<Loc EndOffset="863" SrcFileId="10" StartOffset="842"/>
</LocList>
</BasicStmnt>
</StmntSeq>
</HierarchyLvl>
<HierarchyLvl HierarchyLvlId="651" HierarchyLvlTypeId="15" Intrnl_Id="1469" Name="Building">
<Header>
<Loc EndOffset="900" SrcFileId="10" StartOffset="872"/>
</Header>
<LocList>
<Loc EndOffset="4323" SrcFileId="10" StartOffset="872"/>
</LocList>
<HierarchyLvl HierarchyLvlId="649" HierarchyLvlTypeId="16" Intrnl_Id="1470" Name="Building">
<Header>
<Loc EndOffset="1129" SrcFileId="10" StartOffset="1101"/>
</Header>
<LocList>
<Loc EndOffset="4216" SrcFileId="10" StartOffset="1101"/>
</LocList>
<StmntSeq Intrnl_Id="1471">
<LocList>
<Loc EndOffset="1153" SrcFileId="10" StartOffset="1136"/>
<Loc EndOffset="4206" SrcFileId="10" StartOffset="1158"/>
</LocList>
<BasicStmnt CovItemId="S7" CovItemPrefix="csse376_puerto_rico.Buildings.java" Intrnl_Id="1472">
<LocList>
<Loc EndOffset="1153" SrcFileId="10" StartOffset="1136"/>
</LocList>
</BasicStmnt>
<CondStmnt CovItemId="S8" CovItemPrefix="csse376_puerto_rico.Buildings.java" Intrnl_Id="1473">
<Branch CovItemId="B1" CovItemPrefix="csse376_puerto_rico.Buildings.java" Implct="false" Intrnl_Id="1474">
<Cond>
<Loc EndOffset="1203" SrcFileId="10" StartOffset="1178"/>
</Cond>
<LocList>
<Loc EndOffset="1297" SrcFileId="10" StartOffset="1210"/>
</LocList>
<StmntSeq Intrnl_Id="1475">
<LocList>
<Loc EndOffset="1219" SrcFileId="10" StartOffset="1210"/>
<Loc EndOffset="1236" SrcFileId="10" StartOffset="1225"/>
<Loc EndOffset="1259" SrcFileId="10" StartOffset="1242"/>
<Loc EndOffset="1285" SrcFileId="10" StartOffset="1265"/>
<Loc EndOffset="1297" SrcFileId="10" StartOffset="1291"/>
</LocList>
<BasicStmnt CovItemId="S9" CovItemPrefix="csse376_puerto_rico.Buildings.java" Intrnl_Id="1476">
<LocList>
<Loc EndOffset="1219" SrcFileId="10" StartOffset="1210"/>
</LocList>
</BasicStmnt>
<BasicStmnt CovItemId="S10" CovItemPrefix="csse376_puerto_rico.Buildings.java" Intrnl_Id="1477">
<LocList>
<Loc EndOffset="1236" SrcFileId="10" StartOffset="1225"/>
</LocList>
</BasicStmnt>
<BasicStmnt CovItemId="S11" CovItemPrefix="csse376_puerto_rico.Buildings.java" Intrnl_Id="1478">
<LocList>
<Loc EndOffset="1259" SrcFileId="10" StartOffset="1242"/>
</LocList>
</BasicStmnt>
<BasicStmnt CovItemId="S12" CovItemPrefix="csse376_puerto_rico.Buildings.java" Intrnl_Id="1479">
<LocList>
<Loc EndOffset="1285" SrcFileId="10" StartOffset="1265"/>
</LocList>
</BasicStmnt>
<BasicStmnt CovItemId="S13" CovItemPrefix="csse376_puerto_rico.Buildings.java" Intrnl_Id="1480">
<LocList>
<Loc EndOffset="1297" SrcFileId="10" StartOffset="1291"/>
</LocList>
</BasicStmnt>
</StmntSeq>
</Branch>
<Branch CovItemId="B2" CovItemPrefix="csse376_puerto_rico.Buildings.java" Implct="false" Intrnl_Id="1481">
<Cond>
<Loc EndOffset="1331" SrcFileId="10" StartOffset="1308"/>
</Cond>
<LocList>
<Loc EndOffset="1425" SrcFileId="10" StartOffset="1338"/>
</LocList>
<StmntSeq Intrnl_Id="1482">
<LocList>
<Loc EndOffset="1347" SrcFileId="10" StartOffset="1338"/>
<Loc EndOffset="1364" SrcFileId="10" StartOffset="1353"/>
<Loc EndOffset="1387" SrcFileId="10" StartOffset="1370"/>
<Loc EndOffset="1413" SrcFileId="10" StartOffset="1393"/>
<Loc EndOffset="1425" SrcFileId="10" StartOffset="1419"/>
</LocList>
<BasicStmnt CovItemId="S14" CovItemPrefix="csse376_puerto_rico.Buildings.java" Intrnl_Id="1483">
<LocList>
<Loc EndOffset="1347" SrcFileId="10" StartOffset="1338"/>
</LocList>
</BasicStmnt>
<BasicStmnt CovItemId="S15" CovItemPrefix="csse376_puerto_rico.Buildings.java" Intrnl_Id="1484">
<LocList>
<Loc EndOffset="1364" SrcFileId="10" StartOffset="1353"/>
</LocList>
</BasicStmnt>
<BasicStmnt CovItemId="S16" CovItemPrefix="csse376_puerto_rico.Buildings.java" Intrnl_Id="1485">
<LocList>
<Loc EndOffset="1387" SrcFileId="10" StartOffset="1370"/>
</LocList>
</BasicStmnt>
<BasicStmnt CovItemId="S17" CovItemPrefix="csse376_puerto_rico.Buildings.java" Intrnl_Id="1486">
<LocList>
<Loc EndOffset="1413" SrcFileId="10" StartOffset="1393"/>
</LocList>
</BasicStmnt>
<BasicStmnt CovItemId="S18" CovItemPrefix="csse376_puerto_rico.Buildings.java" Intrnl_Id="1487">
<LocList>
<Loc EndOffset="1425" SrcFileId="10" StartOffset="1419"/>
</LocList>
</BasicStmnt>
</StmntSeq>
</Branch>
<Branch CovItemId="B3" CovItemPrefix="csse376_puerto_rico.Buildings.java" Implct="false" Intrnl_Id="1488">
<Cond>
<Loc EndOffset="1454" SrcFileId="10" StartOffset="1435"/>
</Cond>
<LocList>
<Loc EndOffset="1596" SrcFileId="10" StartOffset="1509"/>
</LocList>
<StmntSeq Intrnl_Id="1489">
<LocList>
<Loc EndOffset="1518" SrcFileId="10" StartOffset="1509"/>
<Loc EndOffset="1535" SrcFileId="10" StartOffset="1524"/>
<Loc EndOffset="1558" SrcFileId="10" StartOffset="1541"/>
<Loc EndOffset="1584" SrcFileId="10" StartOffset="1564"/>
<Loc EndOffset="1596" SrcFileId="10" StartOffset="1590"/>
</LocList>
<BasicStmnt CovItemId="S19" CovItemPrefix="csse376_puerto_rico.Buildings.java" Intrnl_Id="1490">
<LocList>
<Loc EndOffset="1518" SrcFileId="10" StartOffset="1509"/>
</LocList>
</BasicStmnt>
<BasicStmnt CovItemId="S20" CovItemPrefix="csse376_puerto_rico.Buildings.java" Intrnl_Id="1491">
<LocList>
<Loc EndOffset="1535" SrcFileId="10" StartOffset="1524"/>
</LocList>
</BasicStmnt>
<BasicStmnt CovItemId="S21" CovItemPrefix="csse376_puerto_rico.Buildings.java" Intrnl_Id="1492">
<LocList>
<Loc EndOffset="1558" SrcFileId="10" StartOffset="1541"/>
</LocList>
</BasicStmnt>
<BasicStmnt CovItemId="S22" CovItemPrefix="csse376_puerto_rico.Buildings.java" Intrnl_Id="1493">
<LocList>
<Loc EndOffset="1584" SrcFileId="10" StartOffset="1564"/>
</LocList>
</BasicStmnt>
<BasicStmnt CovItemId="S23" CovItemPrefix="csse376_puerto_rico.Buildings.java" Intrnl_Id="1494">
<LocList>
<Loc EndOffset="1596" SrcFileId="10" StartOffset="1590"/>
</LocList>
</BasicStmnt>
</StmntSeq>
</Branch>
<Branch CovItemId="B4" CovItemPrefix="csse376_puerto_rico.Buildings.java" Implct="false" Intrnl_Id="1495">
<Cond>
<Loc EndOffset="1622" SrcFileId="10" StartOffset="1607"/>
</Cond>
<LocList>
<Loc EndOffset="1769" SrcFileId="10" StartOffset="1682"/>
</LocList>
<StmntSeq Intrnl_Id="1496">
<LocList>
<Loc EndOffset="1691" SrcFileId="10" StartOffset="1682"/>
<Loc EndOffset="1708" SrcFileId="10" StartOffset="1697"/>
<Loc EndOffset="1731" SrcFileId="10" StartOffset="1714"/>
<Loc EndOffset="1757" SrcFileId="10" StartOffset="1737"/>
<Loc EndOffset="1769" SrcFileId="10" StartOffset="1763"/>
</LocList>
<BasicStmnt CovItemId="S24" CovItemPrefix="csse376_puerto_rico.Buildings.java" Intrnl_Id="1497">
<LocList>
<Loc EndOffset="1691" SrcFileId="10" StartOffset="1682"/>
</LocList>
</BasicStmnt>
<BasicStmnt CovItemId="S25" CovItemPrefix="csse376_puerto_rico.Buildings.java" Intrnl_Id="1498">
<LocList>
<Loc EndOffset="1708" SrcFileId="10" StartOffset="1697"/>
</LocList>
</BasicStmnt>
<BasicStmnt CovItemId="S26" CovItemPrefix="csse376_puerto_rico.Buildings.java" Intrnl_Id="1499">
<LocList>
<Loc EndOffset="1731" SrcFileId="10" StartOffset="1714"/>
</LocList>
</BasicStmnt>
<BasicStmnt CovItemId="S27" CovItemPrefix="csse376_puerto_rico.Buildings.java" Intrnl_Id="1500">
<LocList>
<Loc EndOffset="1757" SrcFileId="10" StartOffset="1737"/>
</LocList>
</BasicStmnt>
<BasicStmnt CovItemId="S28" CovItemPrefix="csse376_puerto_rico.Buildings.java" Intrnl_Id="1501">
<LocList>
<Loc EndOffset="1769" SrcFileId="10" StartOffset="1763"/>
</LocList>
</BasicStmnt>
</StmntSeq>
</Branch>
<Branch CovItemId="B5" CovItemPrefix="csse376_puerto_rico.Buildings.java" Implct="false" Intrnl_Id="1502">
<Cond>
<Loc EndOffset="1803" SrcFileId="10" StartOffset="1780"/>
</Cond>
<LocList>
<Loc EndOffset="1951" SrcFileId="10" StartOffset="1864"/>
</LocList>
<StmntSeq Intrnl_Id="1503">
<LocList>
<Loc EndOffset="1873" SrcFileId="10" StartOffset="1864"/>
<Loc EndOffset="1890" SrcFileId="10" StartOffset="1879"/>
<Loc EndOffset="1913" SrcFileId="10" StartOffset="1896"/>
<Loc EndOffset="1939" SrcFileId="10" StartOffset="1919"/>
<Loc EndOffset="1951" SrcFileId="10" StartOffset="1945"/>
</LocList>
<BasicStmnt CovItemId="S29" CovItemPrefix="csse376_puerto_rico.Buildings.java" Intrnl_Id="1504">
<LocList>
<Loc EndOffset="1873" SrcFileId="10" StartOffset="1864"/>
</LocList>
</BasicStmnt>
<BasicStmnt CovItemId="S30" CovItemPrefix="csse376_puerto_rico.Buildings.java" Intrnl_Id="1505">
<LocList>
<Loc EndOffset="1890" SrcFileId="10" StartOffset="1879"/>
</LocList>
</BasicStmnt>
<BasicStmnt CovItemId="S31" CovItemPrefix="csse376_puerto_rico.Buildings.java" Intrnl_Id="1506">
<LocList>
<Loc EndOffset="1913" SrcFileId="10" StartOffset="1896"/>
</LocList>
</BasicStmnt>
<BasicStmnt CovItemId="S32" CovItemPrefix="csse376_puerto_rico.Buildings.java" Intrnl_Id="1507">
<LocList>
<Loc EndOffset="1939" SrcFileId="10" StartOffset="1919"/>
</LocList>
</BasicStmnt>
<BasicStmnt CovItemId="S33" CovItemPrefix="csse376_puerto_rico.Buildings.java" Intrnl_Id="1508">
<LocList>
<Loc EndOffset="1951" SrcFileId="10" StartOffset="1945"/>
</LocList>
</BasicStmnt>
</StmntSeq>
</Branch>
<Branch CovItemId="B6" CovItemPrefix="csse376_puerto_rico.Buildings.java" Implct="false" Intrnl_Id="1509">
<Cond>
<Loc EndOffset="1984" SrcFileId="10" StartOffset="1962"/>
</Cond>
<LocList>
<Loc EndOffset="2175" SrcFileId="10" StartOffset="2037"/>
</LocList>
<StmntSeq Intrnl_Id="1510">
<LocList>
<Loc EndOffset="2046" SrcFileId="10" StartOffset="2037"/>
<Loc EndOffset="2063" SrcFileId="10" StartOffset="2052"/>
<Loc EndOffset="2086" SrcFileId="10" StartOffset="2069"/>
<Loc EndOffset="2112" SrcFileId="10" StartOffset="2092"/>
<Loc EndOffset="2134" SrcFileId="10" StartOffset="2118"/>
<Loc EndOffset="2163" SrcFileId="10" StartOffset="2140"/>
<Loc EndOffset="2175" SrcFileId="10" StartOffset="2169"/>
</LocList>
<BasicStmnt CovItemId="S34" CovItemPrefix="csse376_puerto_rico.Buildings.java" Intrnl_Id="1511">
<LocList>
<Loc EndOffset="2046" SrcFileId="10" StartOffset="2037"/>
</LocList>
</BasicStmnt>
<BasicStmnt CovItemId="S35" CovItemPrefix="csse376_puerto_rico.Buildings.java" Intrnl_Id="1512">
<LocList>
<Loc EndOffset="2063" SrcFileId="10" StartOffset="2052"/>
</LocList>
</BasicStmnt>
<BasicStmnt CovItemId="S36" CovItemPrefix="csse376_puerto_rico.Buildings.java" Intrnl_Id="1513">
<LocList>
<Loc EndOffset="2086" SrcFileId="10" StartOffset="2069"/>
</LocList>
</BasicStmnt>
<BasicStmnt CovItemId="S37" CovItemPrefix="csse376_puerto_rico.Buildings.java" Intrnl_Id="1514">
<LocList>
<Loc EndOffset="2112" SrcFileId="10" StartOffset="2092"/>
</LocList>
</BasicStmnt>
<BasicStmnt CovItemId="S38" CovItemPrefix="csse376_puerto_rico.Buildings.java" Intrnl_Id="1515">
<LocList>
<Loc EndOffset="2134" SrcFileId="10" StartOffset="2118"/>
</LocList>
</BasicStmnt>
<BasicStmnt CovItemId="S39" CovItemPrefix="csse376_puerto_rico.Buildings.java" Intrnl_Id="1516">
<LocList>
<Loc EndOffset="2163" SrcFileId="10" StartOffset="2140"/>
</LocList>
</BasicStmnt>
<BasicStmnt CovItemId="S40" CovItemPrefix="csse376_puerto_rico.Buildings.java" Intrnl_Id="1517">
<LocList>
<Loc EndOffset="2175" SrcFileId="10" StartOffset="2169"/>
</LocList>
</BasicStmnt>
</StmntSeq>
</Branch>
<Branch CovItemId="B7" CovItemPrefix="csse376_puerto_rico.Buildings.java" Implct="false" Intrnl_Id="1518">
<Cond>
<Loc EndOffset="2205" SrcFileId="10" StartOffset="2186"/>
</Cond>
<LocList>
<Loc EndOffset="2299" SrcFileId="10" StartOffset="2212"/>
</LocList>
<StmntSeq Intrnl_Id="1519">
<LocList>
<Loc EndOffset="2221" SrcFileId="10" StartOffset="2212"/>
<Loc EndOffset="2238" SrcFileId="10" StartOffset="2227"/>
<Loc EndOffset="2261" SrcFileId="10" StartOffset="2244"/>
<Loc EndOffset="2287" SrcFileId="10" StartOffset="2267"/>
<Loc EndOffset="2299" SrcFileId="10" StartOffset="2293"/>
</LocList>
<BasicStmnt CovItemId="S41" CovItemPrefix="csse376_puerto_rico.Buildings.java" Intrnl_Id="1520">
<LocList>
<Loc EndOffset="2221" SrcFileId="10" StartOffset="2212"/>
</LocList>
</BasicStmnt>
<BasicStmnt CovItemId="S42" CovItemPrefix="csse376_puerto_rico.Buildings.java" Intrnl_Id="1521">
<LocList>
<Loc EndOffset="2238" SrcFileId="10" StartOffset="2227"/>
</LocList>
</BasicStmnt>
<BasicStmnt CovItemId="S43" CovItemPrefix="csse376_puerto_rico.Buildings.java" Intrnl_Id="1522">
<LocList>
<Loc EndOffset="2261" SrcFileId="10" StartOffset="2244"/>
</LocList>
</BasicStmnt>
<BasicStmnt CovItemId="S44" CovItemPrefix="csse376_puerto_rico.Buildings.java" Intrnl_Id="1523">
<LocList>
<Loc EndOffset="2287" SrcFileId="10" StartOffset="2267"/>
</LocList>
</BasicStmnt>
<BasicStmnt CovItemId="S45" CovItemPrefix="csse376_puerto_rico.Buildings.java" Intrnl_Id="1524">
<LocList>
<Loc EndOffset="2299" SrcFileId="10" StartOffset="2293"/>
</LocList>
</BasicStmnt>
</StmntSeq>
</Branch>
<Branch CovItemId="B8" CovItemPrefix="csse376_puerto_rico.Buildings.java" Implct="false" Intrnl_Id="1525">
<Cond>
<Loc EndOffset="2327" SrcFileId="10" StartOffset="2310"/>
</Cond>
<LocList>
<Loc EndOffset="2421" SrcFileId="10" StartOffset="2334"/>
</LocList>
<StmntSeq Intrnl_Id="1526">
<LocList>
<Loc EndOffset="2343" SrcFileId="10" StartOffset="2334"/>
<Loc EndOffset="2360" SrcFileId="10" StartOffset="2349"/>
<Loc EndOffset="2383" SrcFileId="10" StartOffset="2366"/>
<Loc EndOffset="2409" SrcFileId="10" StartOffset="2389"/>
<Loc EndOffset="2421" SrcFileId="10" StartOffset="2415"/>
</LocList>
<BasicStmnt CovItemId="S46" CovItemPrefix="csse376_puerto_rico.Buildings.java" Intrnl_Id="1527">
<LocList>
<Loc EndOffset="2343" SrcFileId="10" StartOffset="2334"/>
</LocList>
</BasicStmnt>
<BasicStmnt CovItemId="S47" CovItemPrefix="csse376_puerto_rico.Buildings.java" Intrnl_Id="1528">
<LocList>
<Loc EndOffset="2360" SrcFileId="10" StartOffset="2349"/>
</LocList>
</BasicStmnt>
<BasicStmnt CovItemId="S48" CovItemPrefix="csse376_puerto_rico.Buildings.java" Intrnl_Id="1529">
<LocList>
<Loc EndOffset="2383" SrcFileId="10" StartOffset="2366"/>
</LocList>
</BasicStmnt>
<BasicStmnt CovItemId="S49" CovItemPrefix="csse376_puerto_rico.Buildings.java" Intrnl_Id="1530">
<LocList>
<Loc EndOffset="2409" SrcFileId="10" StartOffset="2389"/>
</LocList>
</BasicStmnt>
<BasicStmnt CovItemId="S50" CovItemPrefix="csse376_puerto_rico.Buildings.java" Intrnl_Id="1531">
<LocList>
<Loc EndOffset="2421" SrcFileId="10" StartOffset="2415"/>
</LocList>
</BasicStmnt>
</StmntSeq>
</Branch>
<Branch CovItemId="B9" CovItemPrefix="csse376_puerto_rico.Buildings.java" Implct="false" Intrnl_Id="1532">
<Cond>
<Loc EndOffset="2446" SrcFileId="10" StartOffset="2432"/>
</Cond>
<LocList>
<Loc EndOffset="2592" SrcFileId="10" StartOffset="2505"/>
</LocList>
<StmntSeq Intrnl_Id="1533">
<LocList>
<Loc EndOffset="2514" SrcFileId="10" StartOffset="2505"/>
<Loc EndOffset="2531" SrcFileId="10" StartOffset="2520"/>
<Loc EndOffset="2554" SrcFileId="10" StartOffset="2537"/>
<Loc EndOffset="2580" SrcFileId="10" StartOffset="2560"/>
<Loc EndOffset="2592" SrcFileId="10" StartOffset="2586"/>
</LocList>
<BasicStmnt CovItemId="S51" CovItemPrefix="csse376_puerto_rico.Buildings.java" Intrnl_Id="1534">
<LocList>
<Loc EndOffset="2514" SrcFileId="10" StartOffset="2505"/>
</LocList>
</BasicStmnt>
<BasicStmnt CovItemId="S52" CovItemPrefix="csse376_puerto_rico.Buildings.java" Intrnl_Id="1535">
<LocList>
<Loc EndOffset="2531" SrcFileId="10" StartOffset="2520"/>
</LocList>
</BasicStmnt>
<BasicStmnt CovItemId="S53" CovItemPrefix="csse376_puerto_rico.Buildings.java" Intrnl_Id="1536">
<LocList>
<Loc EndOffset="2554" SrcFileId="10" StartOffset="2537"/>
</LocList>
</BasicStmnt>
<BasicStmnt CovItemId="S54" CovItemPrefix="csse376_puerto_rico.Buildings.java" Intrnl_Id="1537">
<LocList>
<Loc EndOffset="2580" SrcFileId="10" StartOffset="2560"/>
</LocList>
</BasicStmnt>
<BasicStmnt CovItemId="S55" CovItemPrefix="csse376_puerto_rico.Buildings.java" Intrnl_Id="1538">
<LocList>
<Loc EndOffset="2592" SrcFileId="10" StartOffset="2586"/>
</LocList>
</BasicStmnt>
</StmntSeq>
</Branch>
<Branch CovItemId="B10" CovItemPrefix="csse376_puerto_rico.Buildings.java" Implct="false" Intrnl_Id="1539">
<Cond>
<Loc EndOffset="2616" SrcFileId="10" StartOffset="2603"/>
</Cond>
<LocList>
<Loc EndOffset="2758" SrcFileId="10" StartOffset="2671"/>
</LocList>
<StmntSeq Intrnl_Id="1540">
<LocList>
<Loc EndOffset="2680" SrcFileId="10" StartOffset="2671"/>
<Loc EndOffset="2697" SrcFileId="10" StartOffset="2686"/>
<Loc EndOffset="2720" SrcFileId="10" StartOffset="2703"/>
<Loc EndOffset="2746" SrcFileId="10" StartOffset="2726"/>
<Loc EndOffset="2758" SrcFileId="10" StartOffset="2752"/>
</LocList>
<BasicStmnt CovItemId="S56" CovItemPrefix="csse376_puerto_rico.Buildings.java" Intrnl_Id="1541">
<LocList>
<Loc EndOffset="2680" SrcFileId="10" StartOffset="2671"/>
</LocList>
</BasicStmnt>
<BasicStmnt CovItemId="S57" CovItemPrefix="csse376_puerto_rico.Buildings.java" Intrnl_Id="1542">
<LocList>
<Loc EndOffset="2697" SrcFileId="10" StartOffset="2686"/>
</LocList>
</BasicStmnt>
<BasicStmnt CovItemId="S58" CovItemPrefix="csse376_puerto_rico.Buildings.java" Intrnl_Id="1543">
<LocList>
<Loc EndOffset="2720" SrcFileId="10" StartOffset="2703"/>
</LocList>
</BasicStmnt>
<BasicStmnt CovItemId="S59" CovItemPrefix="csse376_puerto_rico.Buildings.java" Intrnl_Id="1544">
<LocList>
<Loc EndOffset="2746" SrcFileId="10" StartOffset="2726"/>
</LocList>
</BasicStmnt>
<BasicStmnt CovItemId="S60" CovItemPrefix="csse376_puerto_rico.Buildings.java" Intrnl_Id="1545">
<LocList>
<Loc EndOffset="2758" SrcFileId="10" StartOffset="2752"/>
</LocList>
</BasicStmnt>
</StmntSeq>
</Branch>
<Branch CovItemId="B11" CovItemPrefix="csse376_puerto_rico.Buildings.java" Implct="false" Intrnl_Id="1546">
<Cond>
<Loc EndOffset="2788" SrcFileId="10" StartOffset="2769"/>
</Cond>
<LocList>
<Loc EndOffset="2933" SrcFileId="10" StartOffset="2846"/>
</LocList>
<StmntSeq Intrnl_Id="1547">
<LocList>
<Loc EndOffset="2855" SrcFileId="10" StartOffset="2846"/>
<Loc EndOffset="2872" SrcFileId="10" StartOffset="2861"/>
<Loc EndOffset="2895" SrcFileId="10" StartOffset="2878"/>
<Loc EndOffset="2921" SrcFileId="10" StartOffset="2901"/>
<Loc EndOffset="2933" SrcFileId="10" StartOffset="2927"/>
</LocList>
<BasicStmnt CovItemId="S61" CovItemPrefix="csse376_puerto_rico.Buildings.java" Intrnl_Id="1548">
<LocList>
<Loc EndOffset="2855" SrcFileId="10" StartOffset="2846"/>
</LocList>
</BasicStmnt>
<BasicStmnt CovItemId="S62" CovItemPrefix="csse376_puerto_rico.Buildings.java" Intrnl_Id="1549">
<LocList>
<Loc EndOffset="2872" SrcFileId="10" StartOffset="2861"/>
</LocList>
</BasicStmnt>
<BasicStmnt CovItemId="S63" CovItemPrefix="csse376_puerto_rico.Buildings.java" Intrnl_Id="1550">
<LocList>
<Loc EndOffset="2895" SrcFileId="10" StartOffset="2878"/>
</LocList>
</BasicStmnt>
<BasicStmnt CovItemId="S64" CovItemPrefix="csse376_puerto_rico.Buildings.java" Intrnl_Id="1551">
<LocList>
<Loc EndOffset="2921" SrcFileId="10" StartOffset="2901"/>
</LocList>
</BasicStmnt>
<BasicStmnt CovItemId="S65" CovItemPrefix="csse376_puerto_rico.Buildings.java" Intrnl_Id="1552">
<LocList>
<Loc EndOffset="2933" SrcFileId="10" StartOffset="2927"/>
</LocList>
</BasicStmnt>
</StmntSeq>
</Branch>
<Branch CovItemId="B12" CovItemPrefix="csse376_puerto_rico.Buildings.java" Implct="false" Intrnl_Id="1553">
<Cond>
<Loc EndOffset="2966" SrcFileId="10" StartOffset="2944"/>
</Cond>
<LocList>
<Loc EndOffset="3160" SrcFileId="10" StartOffset="3022"/>
</LocList>
<StmntSeq Intrnl_Id="1554">
<LocList>
<Loc EndOffset="3031" SrcFileId="10" StartOffset="3022"/>
<Loc EndOffset="3048" SrcFileId="10" StartOffset="3037"/>
<Loc EndOffset="3071" SrcFileId="10" StartOffset="3054"/>
<Loc EndOffset="3097" SrcFileId="10" StartOffset="3077"/>
<Loc EndOffset="3119" SrcFileId="10" StartOffset="3103"/>
<Loc EndOffset="3148" SrcFileId="10" StartOffset="3125"/>
<Loc EndOffset="3160" SrcFileId="10" StartOffset="3154"/>
</LocList>
<BasicStmnt CovItemId="S66" CovItemPrefix="csse376_puerto_rico.Buildings.java" Intrnl_Id="1555">
<LocList>
<Loc EndOffset="3031" SrcFileId="10" StartOffset="3022"/>
</LocList>
</BasicStmnt>
<BasicStmnt CovItemId="S67" CovItemPrefix="csse376_puerto_rico.Buildings.java" Intrnl_Id="1556">
<LocList>
<Loc EndOffset="3048" SrcFileId="10" StartOffset="3037"/>
</LocList>
</BasicStmnt>
<BasicStmnt CovItemId="S68" CovItemPrefix="csse376_puerto_rico.Buildings.java" Intrnl_Id="1557">
<LocList>
<Loc EndOffset="3071" SrcFileId="10" StartOffset="3054"/>
</LocList>
</BasicStmnt>
<BasicStmnt CovItemId="S69" CovItemPrefix="csse376_puerto_rico.Buildings.java" Intrnl_Id="1558">
<LocList>
<Loc EndOffset="3097" SrcFileId="10" StartOffset="3077"/>
</LocList>
</BasicStmnt>
<BasicStmnt CovItemId="S70" CovItemPrefix="csse376_puerto_rico.Buildings.java" Intrnl_Id="1559">
<LocList>
<Loc EndOffset="3119" SrcFileId="10" StartOffset="3103"/>
</LocList>
</BasicStmnt>
<BasicStmnt CovItemId="S71" CovItemPrefix="csse376_puerto_rico.Buildings.java" Intrnl_Id="1560">
<LocList>
<Loc EndOffset="3148" SrcFileId="10" StartOffset="3125"/>
</LocList>
</BasicStmnt>
<BasicStmnt CovItemId="S72" CovItemPrefix="csse376_puerto_rico.Buildings.java" Intrnl_Id="1561">
<LocList>
<Loc EndOffset="3160" SrcFileId="10" StartOffset="3154"/>
</LocList>
</BasicStmnt>
</StmntSeq>
</Branch>
<Branch CovItemId="B13" CovItemPrefix="csse376_puerto_rico.Buildings.java" Implct="false" Intrnl_Id="1562">
<Cond>
<Loc EndOffset="3193" SrcFileId="10" StartOffset="3171"/>
</Cond>
<LocList>
<Loc EndOffset="3287" SrcFileId="10" StartOffset="3200"/>
</LocList>
<StmntSeq Intrnl_Id="1563">
<LocList>
<Loc EndOffset="3209" SrcFileId="10" StartOffset="3200"/>
<Loc EndOffset="3226" SrcFileId="10" StartOffset="3215"/>
<Loc EndOffset="3249" SrcFileId="10" StartOffset="3232"/>
<Loc EndOffset="3275" SrcFileId="10" StartOffset="3255"/>
<Loc EndOffset="3287" SrcFileId="10" StartOffset="3281"/>
</LocList>
<BasicStmnt CovItemId="S73" CovItemPrefix="csse376_puerto_rico.Buildings.java" Intrnl_Id="1564">
<LocList>
<Loc EndOffset="3209" SrcFileId="10" StartOffset="3200"/>
</LocList>
</BasicStmnt>
<BasicStmnt CovItemId="S74" CovItemPrefix="csse376_puerto_rico.Buildings.java" Intrnl_Id="1565">
<LocList>
<Loc EndOffset="3226" SrcFileId="10" StartOffset="3215"/>
</LocList>
</BasicStmnt>
<BasicStmnt CovItemId="S75" CovItemPrefix="csse376_puerto_rico.Buildings.java" Intrnl_Id="1566">
<LocList>
<Loc EndOffset="3249" SrcFileId="10" StartOffset="3232"/>
</LocList>
</BasicStmnt>
<BasicStmnt CovItemId="S76" CovItemPrefix="csse376_puerto_rico.Buildings.java" Intrnl_Id="1567">
<LocList>
<Loc EndOffset="3275" SrcFileId="10" StartOffset="3255"/>
</LocList>
</BasicStmnt>
<BasicStmnt CovItemId="S77" CovItemPrefix="csse376_puerto_rico.Buildings.java" Intrnl_Id="1568">
<LocList>
<Loc EndOffset="3287" SrcFileId="10" StartOffset="3281"/>
</LocList>
</BasicStmnt>
</StmntSeq>
</Branch>
<Branch CovItemId="B14" CovItemPrefix="csse376_puerto_rico.Buildings.java" Implct="false" Intrnl_Id="1569">
<Cond>
<Loc EndOffset="3318" SrcFileId="10" StartOffset="3298"/>
</Cond>
<LocList>
<Loc EndOffset="3412" SrcFileId="10" StartOffset="3325"/>
</LocList>
<StmntSeq Intrnl_Id="1570">
<LocList>
<Loc EndOffset="3334" SrcFileId="10" StartOffset="3325"/>
<Loc EndOffset="3351" SrcFileId="10" StartOffset="3340"/>
<Loc EndOffset="3374" SrcFileId="10" StartOffset="3357"/>
<Loc EndOffset="3400" SrcFileId="10" StartOffset="3380"/>
<Loc EndOffset="3412" SrcFileId="10" StartOffset="3406"/>
</LocList>
<BasicStmnt CovItemId="S78" CovItemPrefix="csse376_puerto_rico.Buildings.java" Intrnl_Id="1571">
<LocList>
<Loc EndOffset="3334" SrcFileId="10" StartOffset="3325"/>
</LocList>
</BasicStmnt>
<BasicStmnt CovItemId="S79" CovItemPrefix="csse376_puerto_rico.Buildings.java" Intrnl_Id="1572">
<LocList>
<Loc EndOffset="3351" SrcFileId="10" StartOffset="3340"/>
</LocList>
</BasicStmnt>
<BasicStmnt CovItemId="S80" CovItemPrefix="csse376_puerto_rico.Buildings.java" Intrnl_Id="1573">
<LocList>
<Loc EndOffset="3374" SrcFileId="10" StartOffset="3357"/>
</LocList>
</BasicStmnt>
<BasicStmnt CovItemId="S81" CovItemPrefix="csse376_puerto_rico.Buildings.java" Intrnl_Id="1574">
<LocList>
<Loc EndOffset="3400" SrcFileId="10" StartOffset="3380"/>
</LocList>
</BasicStmnt>
<BasicStmnt CovItemId="S82" CovItemPrefix="csse376_puerto_rico.Buildings.java" Intrnl_Id="1575">
<LocList>
<Loc EndOffset="3412" SrcFileId="10" StartOffset="3406"/>
</LocList>
</BasicStmnt>
</StmntSeq>
</Branch>
<Branch CovItemId="B15" CovItemPrefix="csse376_puerto_rico.Buildings.java" Implct="false" Intrnl_Id="1576">
<Cond>
<Loc EndOffset="3437" SrcFileId="10" StartOffset="3423"/>
</Cond>
<LocList>
<Loc EndOffset="3599" SrcFileId="10" StartOffset="3512"/>
</LocList>
<StmntSeq Intrnl_Id="1577">
<LocList>
<Loc EndOffset="3521" SrcFileId="10" StartOffset="3512"/>
<Loc EndOffset="3538" SrcFileId="10" StartOffset="3527"/>
<Loc EndOffset="3561" SrcFileId="10" StartOffset="3544"/>
<Loc EndOffset="3587" SrcFileId="10" StartOffset="3567"/>
<Loc EndOffset="3599" SrcFileId="10" StartOffset="3593"/>
</LocList>
<BasicStmnt CovItemId="S83" CovItemPrefix="csse376_puerto_rico.Buildings.java" Intrnl_Id="1578">
<LocList>
<Loc EndOffset="3521" SrcFileId="10" StartOffset="3512"/>
</LocList>
</BasicStmnt>
<BasicStmnt CovItemId="S84" CovItemPrefix="csse376_puerto_rico.Buildings.java" Intrnl_Id="1579">
<LocList>
<Loc EndOffset="3538" SrcFileId="10" StartOffset="3527"/>
</LocList>
</BasicStmnt>
<BasicStmnt CovItemId="S85" CovItemPrefix="csse376_puerto_rico.Buildings.java" Intrnl_Id="1580">
<LocList>
<Loc EndOffset="3561" SrcFileId="10" StartOffset="3544"/>
</LocList>
</BasicStmnt>
<BasicStmnt CovItemId="S86" CovItemPrefix="csse376_puerto_rico.Buildings.java" Intrnl_Id="1581">
<LocList>
<Loc EndOffset="3587" SrcFileId="10" StartOffset="3567"/>
</LocList>
</BasicStmnt>
<BasicStmnt CovItemId="S87" CovItemPrefix="csse376_puerto_rico.Buildings.java" Intrnl_Id="1582">
<LocList>
<Loc EndOffset="3599" SrcFileId="10" StartOffset="3593"/>
</LocList>
</BasicStmnt>
</StmntSeq>
</Branch>
<Branch CovItemId="B16" CovItemPrefix="csse376_puerto_rico.Buildings.java" Implct="false" Intrnl_Id="1583">
<Cond>
<Loc EndOffset="3627" SrcFileId="10" StartOffset="3610"/>
</Cond>
<LocList>
<Loc EndOffset="3773" SrcFileId="10" StartOffset="3686"/>
</LocList>
<StmntSeq Intrnl_Id="1584">
<LocList>
<Loc EndOffset="3695" SrcFileId="10" StartOffset="3686"/>
<Loc EndOffset="3712" SrcFileId="10" StartOffset="3701"/>
<Loc EndOffset="3735" SrcFileId="10" StartOffset="3718"/>
<Loc EndOffset="3761" SrcFileId="10" StartOffset="3741"/>
<Loc EndOffset="3773" SrcFileId="10" StartOffset="3767"/>
</LocList>
<BasicStmnt CovItemId="S88" CovItemPrefix="csse376_puerto_rico.Buildings.java" Intrnl_Id="1585">
<LocList>
<Loc EndOffset="3695" SrcFileId="10" StartOffset="3686"/>
</LocList>
</BasicStmnt>
<BasicStmnt CovItemId="S89" CovItemPrefix="csse376_puerto_rico.Buildings.java" Intrnl_Id="1586">
<LocList>
<Loc EndOffset="3712" SrcFileId="10" StartOffset="3701"/>
</LocList>
</BasicStmnt>
<BasicStmnt CovItemId="S90" CovItemPrefix="csse376_puerto_rico.Buildings.java" Intrnl_Id="1587">
<LocList>
<Loc EndOffset="3735" SrcFileId="10" StartOffset="3718"/>
</LocList>
</BasicStmnt>
<BasicStmnt CovItemId="S91" CovItemPrefix="csse376_puerto_rico.Buildings.java" Intrnl_Id="1588">
<LocList>
<Loc EndOffset="3761" SrcFileId="10" StartOffset="3741"/>
</LocList>
</BasicStmnt>
<BasicStmnt CovItemId="S92" CovItemPrefix="csse376_puerto_rico.Buildings.java" Intrnl_Id="1589">
<LocList>
<Loc EndOffset="3773" SrcFileId="10" StartOffset="3767"/>
</LocList>
</BasicStmnt>
</StmntSeq>
</Branch>
<Branch CovItemId="B17" CovItemPrefix="csse376_puerto_rico.Buildings.java" Implct="false" Intrnl_Id="1590">
<Cond>
<Loc EndOffset="3797" SrcFileId="10" StartOffset="3784"/>
</Cond>
<LocList>
<Loc EndOffset="3948" SrcFileId="10" StartOffset="3861"/>
</LocList>
<StmntSeq Intrnl_Id="1591">
<LocList>
<Loc EndOffset="3870" SrcFileId="10" StartOffset="3861"/>
<Loc EndOffset="3887" SrcFileId="10" StartOffset="3876"/>
<Loc EndOffset="3910" SrcFileId="10" StartOffset="3893"/>
<Loc EndOffset="3936" SrcFileId="10" StartOffset="3916"/>
<Loc EndOffset="3948" SrcFileId="10" StartOffset="3942"/>
</LocList>
<BasicStmnt CovItemId="S93" CovItemPrefix="csse376_puerto_rico.Buildings.java" Intrnl_Id="1592">
<LocList>
<Loc EndOffset="3870" SrcFileId="10" StartOffset="3861"/>
</LocList>
</BasicStmnt>
<BasicStmnt CovItemId="S94" CovItemPrefix="csse376_puerto_rico.Buildings.java" Intrnl_Id="1593">
<LocList>
<Loc EndOffset="3887" SrcFileId="10" StartOffset="3876"/>
</LocList>
</BasicStmnt>
<BasicStmnt CovItemId="S95" CovItemPrefix="csse376_puerto_rico.Buildings.java" Intrnl_Id="1594">
<LocList>
<Loc EndOffset="3910" SrcFileId="10" StartOffset="3893"/>
</LocList>
</BasicStmnt>
<BasicStmnt CovItemId="S96" CovItemPrefix="csse376_puerto_rico.Buildings.java" Intrnl_Id="1595">
<LocList>
<Loc EndOffset="3936" SrcFileId="10" StartOffset="3916"/>
</LocList>
</BasicStmnt>
<BasicStmnt CovItemId="S97" CovItemPrefix="csse376_puerto_rico.Buildings.java" Intrnl_Id="1596">
<LocList>
<Loc EndOffset="3948" SrcFileId="10" StartOffset="3942"/>
</LocList>
</BasicStmnt>
</StmntSeq>
</Branch>
<Branch CovItemId="B18" CovItemPrefix="csse376_puerto_rico.Buildings.java" Implct="false" Intrnl_Id="1597">
<Cond>
<Loc EndOffset="3967" SrcFileId="10" StartOffset="3955"/>
</Cond>
<LocList>
<Loc EndOffset="4100" SrcFileId="10" StartOffset="4013"/>
</LocList>
<StmntSeq Intrnl_Id="1598">
<LocList>
<Loc EndOffset="4022" SrcFileId="10" StartOffset="4013"/>
<Loc EndOffset="4039" SrcFileId="10" StartOffset="4028"/>
<Loc EndOffset="4062" SrcFileId="10" StartOffset="4045"/>
<Loc EndOffset="4088" SrcFileId="10" StartOffset="4068"/>
<Loc EndOffset="4100" SrcFileId="10" StartOffset="4094"/>
</LocList>
<BasicStmnt CovItemId="S98" CovItemPrefix="csse376_puerto_rico.Buildings.java" Intrnl_Id="1599">
<LocList>
<Loc EndOffset="4022" SrcFileId="10" StartOffset="4013"/>
</LocList>
</BasicStmnt>
<BasicStmnt CovItemId="S99" CovItemPrefix="csse376_puerto_rico.Buildings.java" Intrnl_Id="1600">
<LocList>
<Loc EndOffset="4039" SrcFileId="10" StartOffset="4028"/>
</LocList>
</BasicStmnt>
<BasicStmnt CovItemId="S100" CovItemPrefix="csse376_puerto_rico.Buildings.java" Intrnl_Id="1601">
<LocList>
<Loc EndOffset="4062" SrcFileId="10" StartOffset="4045"/>
</LocList>
</BasicStmnt>
<BasicStmnt CovItemId="S101" CovItemPrefix="csse376_puerto_rico.Buildings.java" Intrnl_Id="1602">
<LocList>
<Loc EndOffset="4088" SrcFileId="10" StartOffset="4068"/>
</LocList>
</BasicStmnt>
<BasicStmnt CovItemId="S102" CovItemPrefix="csse376_puerto_rico.Buildings.java" Intrnl_Id="1603">
<LocList>
<Loc EndOffset="4100" SrcFileId="10" StartOffset="4094"/>
</LocList>
</BasicStmnt>
</StmntSeq>
</Branch>
<Branch CovItemId="B19" CovItemPrefix="csse376_puerto_rico.Buildings.java" Implct="false" Intrnl_Id="1604">
<Cond>
<Loc EndOffset="4118" SrcFileId="10" StartOffset="4111"/>
</Cond>
<LocList>
<Loc EndOffset="4200" SrcFileId="10" StartOffset="4125"/>
</LocList>
<StmntSeq Intrnl_Id="1605">
<LocList>
<Loc EndOffset="4134" SrcFileId="10" StartOffset="4125"/>
<Loc EndOffset="4151" SrcFileId="10" StartOffset="4140"/>
<Loc EndOffset="4174" SrcFileId="10" StartOffset="4157"/>
<Loc EndOffset="4200" SrcFileId="10" StartOffset="4180"/>
</LocList>
<BasicStmnt CovItemId="S103" CovItemPrefix="csse376_puerto_rico.Buildings.java" Intrnl_Id="1606">
<LocList>
<Loc EndOffset="4134" SrcFileId="10" StartOffset="4125"/>
</LocList>
</BasicStmnt>
<BasicStmnt CovItemId="S104" CovItemPrefix="csse376_puerto_rico.Buildings.java" Intrnl_Id="1607">
<LocList>
<Loc EndOffset="4151" SrcFileId="10" StartOffset="4140"/>
</LocList>
</BasicStmnt>
<BasicStmnt CovItemId="S105" CovItemPrefix="csse376_puerto_rico.Buildings.java" Intrnl_Id="1608">
<LocList>
<Loc EndOffset="4174" SrcFileId="10" StartOffset="4157"/>
</LocList>
</BasicStmnt>
<BasicStmnt CovItemId="S106" CovItemPrefix="csse376_puerto_rico.Buildings.java" Intrnl_Id="1609">
<LocList>
<Loc EndOffset="4200" SrcFileId="10" StartOffset="4180"/>
</LocList>
</BasicStmnt>
</StmntSeq>
</Branch>
<Keyword EndOffset="1164" SrcFileId="10" StartOffset="1158"/>
<LocList>
<Loc EndOffset="4206" SrcFileId="10" StartOffset="1158"/>
</LocList>
</CondStmnt>
</StmntSeq>
</HierarchyLvl>
<HierarchyLvl HierarchyLvlId="650" HierarchyLvlTypeId="16" Intrnl_Id="1610" Name="isOccupied">
<Header>
<Loc EndOffset="4251" SrcFileId="10" StartOffset="4224"/>
</Header>
<LocList>
<Loc EndOffset="4319" SrcFileId="10" StartOffset="4224"/>
</LocList>
<StmntSeq Intrnl_Id="1611">
<LocList>
<Loc EndOffset="4314" SrcFileId="10" StartOffset="4257"/>
</LocList>
<BasicStmnt CovItemId="S107" CovItemPrefix="csse376_puerto_rico.Buildings.java" Intrnl_Id="1612">
<LocList>
<Loc EndOffset="4314" SrcFileId="10" StartOffset="4257"/>
</LocList>
</BasicStmnt>
</StmntSeq>
</HierarchyLvl>
</HierarchyLvl>
</HierarchyLvl>
</HierarchyLvl>
</HierarchyLvl>
</MASTRoot>
</TestSessionContainer>
