<?xml version="1.0" encoding="UTF-8"?><TestSessionContainer xmlns="http://www.codecover.org/xml/testsession-container" Date="1432252063605" TestSessionContainerId="5e9e3000-7ff5-4f44-ad7d-68f13e8357f9" version="1.0">
<SrcFileList>
<SrcFile Content="package csse376_puerto_rico;&#10;&#10;import java.awt.Color;&#10;&#10;import javax.swing.ButtonGroup;&#10;import javax.swing.JButton;&#10;import javax.swing.JFrame;&#10;import javax.swing.JPanel;&#10;import javax.swing.JRadioButton;&#10;&#10;public class StartUpGameBoardGUI {&#10;&#10;&#9;private JFrame mainframe;&#10;&#10;&#9;public StartUpGameBoardGUI(JFrame frame) {&#10;&#9;&#9;this.mainframe = frame;&#10;&#9;&#9;this.mainframe.getContentPane().removeAll();&#10;&#9;&#9;this.mainframe.getContentPane().revalidate();&#10;&#9;&#9;this.mainframe.setBackground(Color.BLACK);&#10;&#9;&#9;this.mainframe.setTitle(&quot;Choose Players&quot;);&#10;&#10;&#9;&#9;JPanel mainPanel = new JPanel();&#10;&#9;&#9;&#10;&#9;&#9;ButtonGroup group = new ButtonGroup();&#10;&#9;&#9;JRadioButton rb3 = new JRadioButton(&quot;3&quot;, true);&#10;&#9;&#9;JRadioButton rb4 = new JRadioButton(&quot;4&quot;, false);&#10;&#9;&#9;JRadioButton rb5 = new JRadioButton(&quot;5&quot;, false);&#10;&#9;&#9;group.add(rb3);&#10;&#9;&#9;group.add(rb4);&#10;&#9;&#9;group.add(rb5);&#10;&#9;&#9;&#10;&#9;&#9;JButton startButton = new JButton(&quot;Start&quot;);&#10;&#9;&#9;startButton.addActionListener(new ButtonHandler(this.mainframe, group));&#10;&#9;&#9;&#10;&#9;&#9;mainPanel.add(rb3);&#10;&#9;&#9;mainPanel.add(rb4);&#10;&#9;&#9;mainPanel.add(rb5);&#10;&#9;&#9;mainPanel.add(startButton);&#10;&#9;&#9;&#10;&#9;&#9;this.mainframe.add(mainPanel);&#10;&#9;}&#10;&#10;}&#10;" Filename="StartUpGameBoardGUI.java" Intrnl_Id="1"/>
<SrcFile Content="package csse376_puerto_rico;&#13;&#10;&#13;&#10;import java.util.ArrayList;&#13;&#10;import java.util.List;&#13;&#10;&#13;&#10;/**&#13;&#10; * List of roles&#13;&#10; *&#13;&#10; * @author songm. Created Apr 22, 2015.&#13;&#10; */&#13;&#10;public class PlayerRoles {&#13;&#10;&#9;public static final String Settler = &quot;Settler&quot;;&#13;&#10;&#9;public static final String Builder = &quot;Builder&quot;;&#13;&#10;&#9;public static final String Craftsman = &quot;Craftsman&quot;;&#13;&#10;&#9;public static final String Trader = &quot;Trader&quot;;&#13;&#10;&#9;public static final String Captain = &quot;Captain&quot;;&#13;&#10;&#9;public static final String Prospector = &quot;Prospector&quot;;&#13;&#10;&#9;public static final String Mayor = &quot;Mayor&quot;;&#13;&#10;&#13;&#10;&#9;private PlayerRoles() {&#13;&#10;&#9;&#9;// null constructor&#13;&#10;&#9;}&#13;&#10;&#13;&#10;&#9;public static List&lt;String&gt; getValues() {&#13;&#10;&#9;&#9;List&lt;String&gt; rtn = new ArrayList&lt;String&gt;();&#13;&#10;&#13;&#10;&#9;&#9;rtn.add(Settler);&#13;&#10;&#9;&#9;rtn.add(Builder);&#13;&#10;&#9;&#9;rtn.add(Craftsman);&#13;&#10;&#9;&#9;rtn.add(Trader);&#13;&#10;&#9;&#9;rtn.add(Captain);&#13;&#10;&#9;&#9;rtn.add(Prospector);&#13;&#10;&#9;&#9;rtn.add(Mayor);&#13;&#10;&#13;&#10;&#9;&#9;return rtn;&#13;&#10;&#9;}&#13;&#10;}&#13;&#10;" Filename="PlayerRoles.java" Intrnl_Id="2"/>
<SrcFile Content="package csse376_puerto_rico;&#13;&#10;&#13;&#10;import java.util.ArrayList;&#13;&#10;import java.util.Arrays;&#13;&#10;import java.util.HashMap;&#13;&#10;import java.util.List;&#13;&#10;&#13;&#10;import javax.swing.JTextArea;&#13;&#10;&#13;&#10;public class Player {&#13;&#10;&#13;&#10;&#9;private int pNum;&#13;&#10;&#9;private int doubloons;&#13;&#10;&#9;private String role;&#13;&#10;&#9;private JTextArea hud;&#13;&#10;&#9;public boolean isTurn;&#13;&#10;&#9;public boolean isGovernor;&#13;&#10;&#9;private int points = 0;&#13;&#10;&#13;&#10;&#9;private ArrayList&lt;Building&gt; buildings = new ArrayList&lt;Building&gt;();&#13;&#10;&#13;&#10;&#9;public static class Good {&#13;&#10;&#9;&#9;public static final String COFFEE = &quot;Coffee&quot;;&#13;&#10;&#9;&#9;public static final String TOBACCO = &quot;Tobacco&quot;;&#13;&#10;&#9;&#9;public static final String CORN = &quot;Corn&quot;;&#13;&#10;&#9;&#9;public static final String SUGAR = &quot;Sugar&quot;;&#13;&#10;&#9;&#9;public static final String INDIGO = &quot;Indigo&quot;;&#13;&#10;&#9;}&#13;&#10;&#13;&#10;&#9;public static class Plantation {&#13;&#10;&#9;&#9;public String good;&#13;&#10;&#9;&#9;public boolean hasWorker;&#13;&#10;&#13;&#10;&#9;&#9;public Plantation(String good, boolean hasWorker) {&#13;&#10;&#9;&#9;&#9;this.good = good;&#13;&#10;&#9;&#9;&#9;this.hasWorker = hasWorker;&#13;&#10;&#9;&#9;}&#13;&#10;&#9;}&#13;&#10;&#13;&#10;&#9;private ArrayList&lt;Plantation&gt; plantations = new ArrayList&lt;Plantation&gt;();&#13;&#10;&#9;private HashMap&lt;String, Integer&gt; goods = new HashMap&lt;String, Integer&gt;();&#13;&#10;&#9;private static List&lt;String&gt; roles = PlayerRoles.getValues();&#13;&#10;&#13;&#10;&#9;// For Testing purposes, null player&#13;&#10;&#9;public Player() {&#13;&#10;&#9;&#9;this.doubloons = 0;&#13;&#10;&#9;&#9;this.pNum = 0;&#13;&#10;&#9;&#9;this.role = &quot;&quot;;&#13;&#10;&#9;&#9;this.isGovernor = false;&#13;&#10;&#9;&#9;this.hud = new JTextArea();&#13;&#10;&#9;&#9;for (String s : this.getAllGoods()) {&#13;&#10;&#9;&#9;&#9;this.goods.put(s, 0);&#13;&#10;&#9;&#9;}&#13;&#10;&#9;}&#13;&#10;&#13;&#10;&#9;public Player(String role) {&#13;&#10;&#9;&#9;this.role = role;&#13;&#10;&#9;&#9;this.doubloons = 0;&#13;&#10;&#9;&#9;this.isGovernor = false;&#13;&#10;&#9;&#9;this.isTurn = false;&#13;&#10;&#9;&#9;this.hud = null;&#13;&#10;&#9;&#9;for (String s : this.getAllGoods()) {&#13;&#10;&#9;&#9;&#9;this.goods.put(s, 0);&#13;&#10;&#9;&#9;}&#13;&#10;&#9;}&#13;&#10;&#13;&#10;&#9;public void setPlayerNum(int i) {&#13;&#10;&#9;&#9;this.pNum = i;&#13;&#10;&#13;&#10;&#9;}&#13;&#10;&#13;&#10;&#9;public int getPlayerNum() {&#13;&#10;&#9;&#9;return this.pNum;&#13;&#10;&#9;}&#13;&#10;&#13;&#10;&#9;public String getRole() {&#13;&#10;&#9;&#9;return this.role;&#13;&#10;&#9;}&#13;&#10;&#13;&#10;&#9;public static List&lt;String&gt; getRoles() {&#13;&#10;&#13;&#10;&#9;&#9;return roles;&#13;&#10;&#9;}&#13;&#10;&#13;&#10;&#9;public int getPoints() {&#13;&#10;&#9;&#9;return points;&#13;&#10;&#9;}&#13;&#10;&#13;&#10;&#9;public JTextArea getHUD() {&#13;&#10;&#9;&#9;return this.hud;&#13;&#10;&#9;}&#13;&#10;&#13;&#10;&#9;public void setHUD(JTextArea hud) {&#13;&#10;&#9;&#9;this.hud = hud;&#13;&#10;&#9;}&#13;&#10;&#13;&#10;&#9;public boolean isGovernor() {&#13;&#10;&#9;&#9;return isGovernor;&#13;&#10;&#9;}&#13;&#10;&#13;&#10;&#9;public void addPoints(int addition) {&#13;&#10;&#9;&#9;this.points = this.points + addition;&#13;&#10;&#9;}&#13;&#10;&#13;&#10;&#9;// Test method&#13;&#10;&#9;public void setPoints(int points) {&#13;&#10;&#9;&#9;// This method is strictly for setting points&#13;&#10;&#9;&#9;this.points = points;&#13;&#10;&#9;}&#13;&#10;&#13;&#10;&#9;public void setRole(String string) {&#13;&#10;&#9;&#9;this.role = string;&#13;&#10;&#9;}&#13;&#10;&#13;&#10;&#9;public void addBuilding(Building building) {&#13;&#10;&#9;&#9;buildings.add(building);&#13;&#10;&#9;}&#13;&#10;&#13;&#10;&#9;public boolean ownsBuilding(String building) {&#13;&#10;&#9;&#9;return getBuildingsStringList().contains(building);&#13;&#10;&#9;}&#13;&#10;&#13;&#10;&#9;public boolean ownsOccupiedBuilding(String building) {&#13;&#10;&#9;&#9;return getOccupiedBuildingsStringList().contains(building);&#13;&#10;&#9;}&#13;&#10;&#13;&#10;&#9;public ArrayList&lt;String&gt; getBuildingsStringList() {&#13;&#10;&#9;&#9;ArrayList&lt;String&gt; rtn = new ArrayList&lt;String&gt;();&#13;&#10;&#9;&#9;for (Building b : this.buildings) {&#13;&#10;&#9;&#9;&#9;rtn.add(b.name);&#13;&#10;&#9;&#9;}&#13;&#10;&#9;&#9;return rtn;&#13;&#10;&#9;}&#13;&#10;&#13;&#10;&#9;public ArrayList&lt;Building&gt; getBuildings() {&#13;&#10;&#9;&#9;return this.buildings;&#13;&#10;&#9;}&#13;&#10;&#13;&#10;&#9;public Building getBuilding(String building) {&#13;&#10;&#9;&#9;if (this.getBuildingsStringList().contains(building)) {&#13;&#10;&#9;&#9;&#9;for (Building b : this.buildings) {&#13;&#10;&#9;&#9;&#9;&#9;if (b.name == building) {&#13;&#10;&#9;&#9;&#9;&#9;&#9;return b;&#13;&#10;&#9;&#9;&#9;&#9;}&#13;&#10;&#9;&#9;&#9;}&#13;&#10;&#9;&#9;}&#13;&#10;&#9;&#9;return null;&#13;&#10;&#9;}&#13;&#10;&#13;&#10;&#9;public ArrayList&lt;Building&gt; getOccupiedBuildings() {&#13;&#10;&#9;&#9;ArrayList&lt;Building&gt; occupiedList = new ArrayList&lt;Building&gt;();&#13;&#10;&#9;&#9;for (Building b : this.buildings) {&#13;&#10;&#9;&#9;&#9;if ((b.numberOfJobs - b.numberOfWorkers) == 0) {&#13;&#10;&#9;&#9;&#9;&#9;occupiedList.add(b);&#13;&#10;&#9;&#9;&#9;}&#13;&#10;&#9;&#9;}&#13;&#10;&#9;&#9;return occupiedList;&#13;&#10;&#9;}&#13;&#10;&#13;&#10;&#9;public ArrayList&lt;String&gt; getOccupiedBuildingsStringList() {&#13;&#10;&#9;&#9;ArrayList&lt;String&gt; rtn = new ArrayList&lt;String&gt;();&#13;&#10;&#9;&#9;for (Building b : this.getOccupiedBuildings()) {&#13;&#10;&#9;&#9;&#9;rtn.add(b.name);&#13;&#10;&#9;&#9;}&#13;&#10;&#9;&#9;return rtn;&#13;&#10;&#9;}&#13;&#10;&#13;&#10;&#9;public List&lt;String&gt; getGoods() {&#13;&#10;&#9;&#9;//&#13;&#10;&#9;&#9;List&lt;String&gt; rtn = new ArrayList&lt;String&gt;();&#13;&#10;&#9;&#9;String coffee = &quot;Coffee: &quot;&#13;&#10;&#9;&#9;&#9;&#9;+ Integer.toString((getNumberOfGood(&quot;Coffee&quot;)));&#13;&#10;&#9;&#9;String tobacco = &quot;Tobacco: &quot;&#13;&#10;&#9;&#9;&#9;&#9;+ Integer.toString((getNumberOfGood(&quot;Tobacco&quot;)));&#13;&#10;&#9;&#9;String corn = &quot;Corn: &quot; + Integer.toString((getNumberOfGood(&quot;Corn&quot;)));&#13;&#10;&#9;&#9;String sugar = &quot;Sugar: &quot; + Integer.toString((getNumberOfGood(&quot;Sugar&quot;)));&#13;&#10;&#9;&#9;String indigo = &quot;Indigo: &quot;&#13;&#10;&#9;&#9;&#9;&#9;+ Integer.toString((getNumberOfGood(&quot;Indigo&quot;)));&#13;&#10;&#9;&#9;rtn.addAll(Arrays.asList(coffee, corn, tobacco, sugar, indigo));&#13;&#10;&#9;&#9;return rtn;&#13;&#10;&#9;}&#13;&#10;&#13;&#10;&#9;public int getNumberOfGood(String good) {&#13;&#10;&#9;&#9;// added case where there were no goods&#13;&#10;&#9;&#9;if (this.goods.get(good) == null) {&#13;&#10;&#9;&#9;&#9;return 0;&#13;&#10;&#9;&#9;}&#13;&#10;&#9;&#9;return this.goods.get(good);&#13;&#10;&#13;&#10;&#9;}&#13;&#10;&#13;&#10;&#9;public List&lt;String&gt; getAllGoods() {&#13;&#10;&#9;&#9;List&lt;String&gt; rtn = new ArrayList&lt;String&gt;();&#13;&#10;&#9;&#9;rtn.addAll(Arrays.asList(Good.COFFEE, Good.CORN, Good.INDIGO,&#13;&#10;&#9;&#9;&#9;&#9;Good.SUGAR, Good.TOBACCO));&#13;&#10;&#9;&#9;return rtn;&#13;&#10;&#9;}&#13;&#10;&#13;&#10;&#9;public void addGood(String good, int number) {&#13;&#10;&#9;&#9;// adds the number to the original&#13;&#10;&#9;&#9;this.goods.put(good, this.goods.get(good) + number);&#13;&#10;&#9;}&#13;&#10;&#13;&#10;&#9;@Override&#13;&#10;&#9;public String toString() {&#13;&#10;&#9;&#9;String rtn = &quot;&quot;;&#13;&#10;&#9;&#9;String buildingList = &quot;&quot;;&#13;&#10;&#9;&#9;String goodsList = this.getGoods().toString();&#13;&#10;&#9;&#9;String plantationList = &quot;&quot;;&#13;&#10;&#9;&#9;for (int i = 0; i &lt; this.buildings.size(); i++) {&#13;&#10;&#9;&#9;&#9;buildingList = buildingList + &quot; &quot; + this.buildings.get(i).name;&#13;&#10;&#9;&#9;}&#13;&#10;&#9;&#9;for (int i = 0; i &lt; this.plantations.size(); i++) {&#13;&#10;&#9;&#9;&#9;plantationList = plantationList + &quot; &quot;&#13;&#10;&#9;&#9;&#9;&#9;&#9;+ this.plantations.get(i).good;&#13;&#10;&#9;&#9;}&#13;&#10;&#9;&#9;if (isGovernor) {&#13;&#10;&#9;&#9;&#9;rtn = String&#13;&#10;&#9;&#9;&#9;&#9;&#9;.format(&quot;Player %d \nRole: %s \nScore: %d \nDoubloons: %d \nBuilding: %s \nPlantation: %s \nGoods: %s \nGovernor&quot;,&#13;&#10;&#9;&#9;&#9;&#9;&#9;&#9;&#9;pNum, role, points, doubloons, buildingList,&#13;&#10;&#9;&#9;&#9;&#9;&#9;&#9;&#9;plantationList, goodsList);&#13;&#10;&#9;&#9;} else {&#13;&#10;&#9;&#9;&#9;rtn = String&#13;&#10;&#9;&#9;&#9;&#9;&#9;.format(&quot;Player %d \nRole: %s \nScore: %d \nDoubloons: %d \nBuilding: %s \nPlantation: %s \nGoods: %s&quot;,&#13;&#10;&#9;&#9;&#9;&#9;&#9;&#9;&#9;pNum, role, points, doubloons, buildingList,&#13;&#10;&#9;&#9;&#9;&#9;&#9;&#9;&#9;plantationList, goodsList);&#13;&#10;&#9;&#9;}&#13;&#10;&#9;&#9;return rtn;&#13;&#10;&#9;}&#13;&#10;&#13;&#10;&#9;public void updatePlayerInfo() {&#13;&#10;&#9;&#9;this.hud.setText(this.toString());&#13;&#10;&#9;}&#13;&#10;&#13;&#10;&#9;public ArrayList&lt;Plantation&gt; getPlantations() {&#13;&#10;&#9;&#9;return this.plantations;&#13;&#10;&#9;}&#13;&#10;&#13;&#10;&#9;public void addPlantations(Plantation add) {&#13;&#10;&#9;&#9;this.plantations.add(add);&#13;&#10;&#9;}&#13;&#10;&#13;&#10;&#9;public ArrayList&lt;String&gt; getPlantationsStringList() {&#13;&#10;&#9;&#9;ArrayList&lt;String&gt; rtn = new ArrayList&lt;String&gt;();&#13;&#10;&#9;&#9;for (Plantation p : this.plantations) {&#13;&#10;&#9;&#9;&#9;rtn.add(p.good);&#13;&#10;&#9;&#9;}&#13;&#10;&#9;&#9;return rtn;&#13;&#10;&#9;}&#13;&#10;&#13;&#10;&#9;// Only used by the Craftsman: checks if the plantation has a worker and&#13;&#10;&#9;// adds one&#13;&#10;&#9;// to the respective good count&#13;&#10;&#9;public void checkPlantation() {&#13;&#10;&#9;&#9;for (Plantation p : this.plantations) {&#13;&#10;&#9;&#9;&#9;if (p.hasWorker) {&#13;&#10;&#9;&#9;&#9;&#9;// Building condition here&#13;&#10;&#9;&#9;&#9;&#9;this.addGood(p.good, 1);&#13;&#10;&#9;&#9;&#9;}&#13;&#10;&#9;&#9;}&#13;&#10;&#9;}&#13;&#10;&#13;&#10;&#9;public int getDoubloons() {&#13;&#10;&#9;&#9;return this.doubloons;&#13;&#10;&#9;}&#13;&#10;&#13;&#10;&#9;public void setDoubloons(int add) {&#13;&#10;&#9;&#9;this.doubloons = add;&#13;&#10;&#9;}&#13;&#10;&#13;&#10;&#9;public void sellGood(String s, int i) {&#13;&#10;&#9;&#9;this.goods.put(s, this.goods.get(s) - i);&#13;&#10;&#13;&#10;&#9;}&#13;&#10;&#13;&#10;}&#13;&#10;" Filename="Player.java" Intrnl_Id="3"/>
<SrcFile Content="package csse376_puerto_rico;&#13;&#10;&#13;&#10;import java.awt.BorderLayout;&#13;&#10;import java.awt.Image;&#13;&#10;&#13;&#10;import javax.swing.ImageIcon;&#13;&#10;import javax.swing.JButton;&#13;&#10;import javax.swing.JFrame;&#13;&#10;import javax.swing.JLabel;&#13;&#10;import javax.swing.JPanel;&#13;&#10;&#13;&#10;import net.miginfocom.swing.MigLayout;&#13;&#10;&#13;&#10;public class MenuGUI {&#13;&#10;&#9;/**&#13;&#10;     * Mainframe.&#13;&#10;     */&#13;&#10;     JFrame mainframe = new JFrame();&#13;&#10;     &#13;&#10;     /**&#13;&#10;     * Constructs the Menu.&#13;&#10;     * &#13;&#10;     */&#13;&#10;     public MenuGUI() {&#13;&#10;           this.mainframe.setTitle(&quot;Puerto Rico&quot;);&#13;&#10;           this.mainframe.setSize(1366, 800);&#13;&#10;           this.mainframe.setVisible(true);&#13;&#10;           this.mainframe.setDefaultCloseOperation(JFrame.EXIT_ON_CLOSE);&#13;&#10;//           this.mainframe.setResizable(false);&#13;&#10;//           MigLayout layout = new MigLayout();&#13;&#10;//   &#9;&#9;   this.mainframe.setLayout(layout);&#13;&#10;           &#13;&#10;           JPanel imgPanel = new JPanel();&#13;&#10;           JPanel buttonPanel = new JPanel();&#13;&#10;           &#13;&#10;           String imageLoc = &quot;puerto-ricosmall.jpg&quot;;&#13;&#10;           ImageIcon imageIcon = new ImageIcon(imageLoc);&#13;&#10;           &#13;&#10;           imgPanel.add(new JLabel(imageIcon));&#13;&#10;           &#13;&#10;           JButton newGame = new JButton(&quot;New Game&quot;);&#13;&#10;           newGame.addActionListener(new ButtonHandler(mainframe, null));&#13;&#10;           JButton quit = new JButton(&quot;Quit&quot;);&#13;&#10;           &#13;&#10;           buttonPanel.add(newGame);&#13;&#10;           buttonPanel.add(quit);&#13;&#10;           &#13;&#10;           this.mainframe.add(imgPanel, BorderLayout.NORTH);&#13;&#10;           this.mainframe.add(buttonPanel, BorderLayout.SOUTH);&#13;&#10;     }&#13;&#10;&#13;&#10;}&#13;&#10;" Filename="MenuGUI.java" Intrnl_Id="4"/>
<SrcFile Content="package csse376_puerto_rico;&#10;&#10;public class Main {&#10;&#9;/**&#10;&#9; * @param args&#10;&#9; * &#10;&#9; * &#10;&#9; */&#10;&#9;public static void main(String[] args) {&#10;&#9;&#9;new MenuGUI();&#10;&#9;}&#10;}&#10;" Filename="Main.java" Intrnl_Id="5"/>
<SrcFile Content="package csse376_puerto_rico;&#13;&#10;&#13;&#10;import java.util.ArrayList;&#13;&#10;import java.util.HashMap;&#13;&#10;import java.util.List;&#13;&#10;&#13;&#10;import csse376_puerto_rico.Player.Good;&#13;&#10;import csse376_puerto_rico.Player.Plantation;&#13;&#10;&#13;&#10;public class GameState {&#13;&#10;&#13;&#10;&#9;private HashMap&lt;String, Integer&gt; goods = new HashMap&lt;String, Integer&gt;();&#13;&#10;&#9;public int colonistsTotal;&#13;&#10;&#9;public int colonistsOnBoard;&#13;&#10;&#9;public int cargoship4 = 0;&#13;&#10;&#9;public String cargoship4Good = &quot;&quot;;&#13;&#10;&#9;public int cargoship5 = 0;&#13;&#10;&#9;public String cargoship5Good = &quot;&quot;;&#13;&#10;&#9;public int cargoship6 = 0;&#13;&#10;&#9;public String cargoship6Good = &quot;&quot;;&#13;&#10;&#9;public boolean isGameEndState = false;&#13;&#10;&#9;public int doubloons;&#13;&#10;&#9;private int numOfPlayers;&#13;&#10;&#9;private List&lt;Player&gt; players;&#13;&#10;&#9;public int victoryPoints;&#13;&#10;&#9;public static ArrayList&lt;String&gt; rolesToAdd;&#13;&#10;&#9;public static ArrayList&lt;String&gt; addDoubloonToRole;&#13;&#10;&#13;&#10;&#9;public static final int ERROR = -99;&#13;&#10;&#13;&#10;&#13;&#10;&#13;&#10;&#9;public GameState(List&lt;Player&gt; players) {&#13;&#10;&#13;&#10;&#9;&#9;// game start state - Min&#13;&#10;&#13;&#10;&#9;&#9;for (Player p : players) {&#13;&#10;&#9;&#9;&#9;p.setDoubloons(players.size() - 1);&#13;&#10;&#9;&#9;}&#13;&#10;&#13;&#10;&#9;&#9;// goods&#13;&#10;&#9;&#9;goods.put(Player.Good.COFFEE, 9);&#13;&#10;&#9;&#9;goods.put(Player.Good.CORN, 10);&#13;&#10;&#9;&#9;goods.put(Player.Good.INDIGO, 11);&#13;&#10;&#9;&#9;goods.put(Player.Good.SUGAR, 11);&#13;&#10;&#9;&#9;goods.put(Player.Good.TOBACCO, 9);&#13;&#10;&#13;&#10;&#9;&#9;// colonists. victory points and plantations&#13;&#10;&#9;&#9;this.players = players;&#13;&#10;&#9;&#9;numOfPlayers = players.size();&#13;&#10;&#9;&#9;colonistsOnBoard = numOfPlayers;&#13;&#10;&#13;&#10;&#9;&#9;this.players.get(0).addPlantations(new Plantation(Good.INDIGO, false));&#13;&#10;&#9;&#9;this.players.get(1).addPlantations(new Plantation(Good.INDIGO, false));&#13;&#10;&#13;&#10;&#9;&#9;if (numOfPlayers == 3) {&#13;&#10;&#9;&#9;&#9;colonistsTotal = 55;&#13;&#10;&#9;&#9;&#9;victoryPoints = 75;&#13;&#10;&#9;&#9;&#9;this.players.get(2)&#13;&#10;&#9;&#9;&#9;&#9;&#9;.addPlantations(new Plantation(Good.CORN, false));&#13;&#10;&#9;&#9;} else if (numOfPlayers == 4) {&#13;&#10;&#9;&#9;&#9;colonistsTotal = 75;&#13;&#10;&#9;&#9;&#9;victoryPoints = 100;&#13;&#10;&#9;&#9;&#9;this.players.get(2)&#13;&#10;&#9;&#9;&#9;&#9;&#9;.addPlantations(new Plantation(Good.CORN, false));&#13;&#10;&#9;&#9;&#9;this.players.get(3)&#13;&#10;&#9;&#9;&#9;&#9;&#9;.addPlantations(new Plantation(Good.CORN, false));&#13;&#10;&#13;&#10;&#9;&#9;} else if (numOfPlayers == 5) {&#13;&#10;&#9;&#9;&#9;colonistsTotal = 95;&#13;&#10;&#9;&#9;&#9;victoryPoints = 122;&#13;&#10;&#9;&#9;&#9;this.players.get(2).addPlantations(&#13;&#10;&#9;&#9;&#9;&#9;&#9;new Plantation(Good.INDIGO, false));&#13;&#10;&#9;&#9;&#9;this.players.get(3)&#13;&#10;&#9;&#9;&#9;&#9;&#9;.addPlantations(new Plantation(Good.CORN, false));&#13;&#10;&#9;&#9;&#9;this.players.get(4)&#13;&#10;&#9;&#9;&#9;&#9;&#9;.addPlantations(new Plantation(Good.CORN, false));&#13;&#10;&#9;&#9;}&#13;&#10;&#9;&#9;// ships&#13;&#10;&#13;&#10;&#9;&#9;// doubloons&#13;&#10;&#9;&#9;doubloons = 54;&#13;&#10;&#9;&#9;rolesToAdd = new ArrayList&lt;String&gt;();&#13;&#10;&#9;&#9;addDoubloonToRole = new ArrayList&lt;String&gt;();&#13;&#10;&#13;&#10;&#9;}&#13;&#10;&#13;&#10;&#9;public int getGood(String good) {&#13;&#10;&#13;&#10;&#9;&#9;return goods.get(good);&#13;&#10;&#9;}&#13;&#10;&#13;&#10;&#9;public void addGood(String good) {&#13;&#10;&#13;&#10;&#9;&#9;goods.put(good, goods.get(good) + 1);&#13;&#10;&#9;}&#13;&#10;&#13;&#10;&#9;public int getColonistsOnBoard() {&#13;&#10;&#9;&#9;//&#13;&#10;&#9;&#9;return colonistsOnBoard;&#13;&#10;&#9;}&#13;&#10;&#13;&#10;&#9;public int getColonistsTotal() {&#13;&#10;&#9;&#9;//&#13;&#10;&#9;&#9;return colonistsTotal;&#13;&#10;&#9;}&#13;&#10;&#13;&#10;&#9;public void addRolesToList(String toAdd) {&#13;&#10;&#9;&#9;rolesToAdd.add(toAdd);&#13;&#10;&#9;&#9;if (rolesToAdd.size() == 3) {&#13;&#10;&#9;&#9;&#9;List&lt;String&gt; totalRoles = Player.getRoles();&#13;&#10;&#9;&#9;&#9;for (int i = 0; i &lt; rolesToAdd.size(); i++) {&#13;&#10;&#9;&#9;&#9;&#9;totalRoles.remove(rolesToAdd.get(i));&#13;&#10;&#9;&#9;&#9;}&#13;&#10;&#9;&#9;&#9;addDoubloonToRole = rolesToAdd;&#13;&#10;&#9;&#9;&#9;rolesToAdd = new ArrayList&lt;String&gt;();&#13;&#10;&#9;&#9;}&#13;&#10;&#9;}&#13;&#10;&#13;&#10;&#13;&#10;&#9;public void addColonistsToBoard() {&#13;&#10;&#9;&#9;/**&#13;&#10;&#9;&#9; * For each empty circle on the buildings on the player boards of all&#13;&#10;&#9;&#9; * players (empty circles on plantations and quarries do not count!),&#13;&#10;&#9;&#9; * the mayor takes one colonist from the colonist supply and places it&#13;&#10;&#9;&#9; * on the colonist ship. However, as a minimum, the mayor should always&#13;&#10;&#9;&#9; * place at least as many colonists on the ship as there are players in&#13;&#10;&#9;&#9; * the game.&#13;&#10;&#9;&#9; */&#13;&#10;&#9;&#9;int temp = 0;&#13;&#10;&#9;&#9;for (Player player : players) {&#13;&#10;&#9;&#9;&#9;for (Building b : player.getBuildings()) {&#13;&#10;&#9;&#9;&#9;&#9;temp += b.numberOfJobs - b.numberOfWorkers;&#13;&#10;&#9;&#9;&#9;}&#13;&#10;&#9;&#9;&#9;for (Plantation p : player.getPlantations()) {&#13;&#10;&#9;&#9;&#9;&#9;if (!p.hasWorker) {&#13;&#10;&#9;&#9;&#9;&#9;&#9;temp += 1;&#13;&#10;&#9;&#9;&#9;&#9;}&#13;&#10;&#9;&#9;&#9;}&#13;&#10;&#9;&#9;}&#13;&#10;&#9;&#9;if (temp &lt; numOfPlayers) {&#13;&#10;&#9;&#9;&#9;colonistsOnBoard = numOfPlayers;&#13;&#10;&#9;&#9;} else {&#13;&#10;&#9;&#9;&#9;colonistsOnBoard = temp;&#13;&#10;&#9;&#9;}&#13;&#10;&#9;}&#13;&#10;&#13;&#10;&#9;/**&#13;&#10;&#9; * &#13;&#10;&#9; * returns leftover, if 99 then that means it is an error or wrong good on&#13;&#10;&#9; * cargo&#13;&#10;&#9; * &#13;&#10;&#9; * @param shipNum&#13;&#10;&#9; * @param goodNum&#13;&#10;&#9; * @param good&#13;&#10;&#9; * @return int&#13;&#10;&#9; *&#13;&#10;&#9; */&#13;&#10;&#9;public int addGoodToCargoShip(int shipNum, int goodNum, String good) {&#13;&#10;&#9;&#9;int leftover = 0;&#13;&#10;&#9;&#9;if (shipNum == 4) {&#13;&#10;&#9;&#9;&#9;System.out.println(&quot;ship4&quot;);&#13;&#10;&#9;&#9;&#9;if (cargoship4 == 0&#13;&#10;&#9;&#9;&#9;&#9;&#9;|| (cargoship4 &lt; 4 &amp;&amp; cargoship4Good.equals(good))) {&#13;&#10;&#9;&#9;&#9;&#9;leftover = cargoship4 + goodNum - 4;&#13;&#10;&#9;&#9;&#9;&#9;if (goodNum != 0)&#13;&#10;&#9;&#9;&#9;&#9;&#9;cargoship4Good = good;&#13;&#10;&#13;&#10;&#9;&#9;&#9;&#9;if (leftover &gt; 0) {&#13;&#10;&#9;&#9;&#9;&#9;&#9;cargoship4 = 4;&#13;&#10;&#9;&#9;&#9;&#9;} else {&#13;&#10;&#9;&#9;&#9;&#9;&#9;cargoship4 += goodNum;&#13;&#10;&#9;&#9;&#9;&#9;&#9;leftover = 0;&#13;&#10;&#9;&#9;&#9;&#9;}&#13;&#10;&#13;&#10;&#9;&#9;&#9;} else {&#13;&#10;&#9;&#9;&#9;&#9;leftover = ERROR;&#13;&#10;&#9;&#9;&#9;}&#13;&#10;&#9;&#9;} else if (shipNum == 5) {&#13;&#10;&#9;&#9;&#9;System.out.println(&quot;ship5&quot;);&#13;&#10;&#9;&#9;&#9;if (cargoship5 == 0&#13;&#10;&#9;&#9;&#9;&#9;&#9;|| (cargoship5 &lt; 5 &amp;&amp; cargoship5Good.equals(good))) {&#13;&#10;&#9;&#9;&#9;&#9;leftover = cargoship5 + goodNum - 5;&#13;&#10;&#9;&#9;&#9;&#9;if (goodNum != 0)&#13;&#10;&#9;&#9;&#9;&#9;&#9;cargoship5Good = good;&#13;&#10;&#9;&#9;&#9;&#9;if (leftover &gt; 0) {&#13;&#10;&#9;&#9;&#9;&#9;&#9;cargoship5 = 5;&#13;&#10;&#9;&#9;&#9;&#9;} else {&#13;&#10;&#9;&#9;&#9;&#9;&#9;cargoship5 += goodNum;&#13;&#10;&#9;&#9;&#9;&#9;&#9;leftover = 0;&#13;&#10;&#9;&#9;&#9;&#9;}&#13;&#10;&#9;&#9;&#9;} else {&#13;&#10;&#9;&#9;&#9;&#9;leftover = ERROR;&#13;&#10;&#9;&#9;&#9;}&#13;&#10;&#13;&#10;&#9;&#9;} else if (shipNum == 6) {&#13;&#10;&#9;&#9;&#9;System.out.println(&quot;ship6&quot;);&#13;&#10;&#9;&#9;&#9;if (cargoship6 == 0&#13;&#10;&#9;&#9;&#9;&#9;&#9;|| (cargoship6 &lt; 6 &amp;&amp; cargoship6Good.equals(good))) {&#13;&#10;&#9;&#9;&#9;&#9;leftover = cargoship6 + goodNum - 6;&#13;&#10;&#9;&#9;&#9;&#9;if (goodNum != 0)&#13;&#10;&#9;&#9;&#9;&#9;&#9;cargoship6Good = good;&#13;&#10;&#9;&#9;&#9;&#9;if (leftover &gt; 0) {&#13;&#10;&#9;&#9;&#9;&#9;&#9;cargoship6 = 6;&#13;&#10;&#9;&#9;&#9;&#9;} else {&#13;&#10;&#9;&#9;&#9;&#9;&#9;cargoship6 += goodNum;&#13;&#10;&#9;&#9;&#9;&#9;&#9;leftover = 0;&#13;&#10;&#9;&#9;&#9;&#9;}&#13;&#10;&#9;&#9;&#9;} else {&#13;&#10;&#9;&#9;&#9;&#9;leftover = ERROR;&#13;&#10;&#9;&#9;&#9;}&#13;&#10;&#9;&#9;}&#13;&#10;&#9;&#9;return leftover;&#13;&#10;&#9;}&#13;&#10;&#13;&#10;&#9;public boolean isAbleToAddGood() {&#13;&#10;&#13;&#10;&#9;&#9;for (Player p : players) {&#13;&#10;&#9;&#9;&#9;if (isAbleToAddGood(p)) {&#13;&#10;&#9;&#9;&#9;&#9;return true;&#13;&#10;&#9;&#9;&#9;}&#13;&#10;&#9;&#9;}&#13;&#10;&#9;&#9;return false;&#13;&#10;&#9;}&#13;&#10;&#13;&#10;&#9;public boolean isAbleToAddGood(Player p) {&#13;&#10;&#9;&#9;List&lt;String&gt; goodStringList = p.getAllGoods();&#13;&#10;&#9;&#9;for (String good : goodStringList) {&#13;&#10;&#13;&#10;&#9;&#9;&#9;if (p.getNumberOfGood(good) &gt; 0) {&#13;&#10;&#9;&#9;&#9;&#9;for (int i = 4; i &lt;= 6; i++) {&#13;&#10;&#9;&#9;&#9;&#9;&#9;int e = addGoodToCargoShip(i, 0, good);&#13;&#10;&#9;&#9;&#9;&#9;&#9;if (e != ERROR) {&#13;&#10;&#9;&#9;&#9;&#9;&#9;&#9;return true;&#13;&#10;&#13;&#10;&#9;&#9;&#9;&#9;&#9;}&#13;&#10;&#9;&#9;&#9;&#9;}&#13;&#10;&#9;&#9;&#9;}&#13;&#10;&#9;&#9;}&#13;&#10;&#9;&#9;return false;&#13;&#10;&#9;}&#13;&#10;&#13;&#10;&#9;public boolean isGameEndState() {&#13;&#10;&#13;&#10;&#9;&#9;return isGameEndState;&#13;&#10;&#9;}&#13;&#10;&#13;&#10;&#9;public Player getWinner() {&#13;&#10;&#9;&#9;Player max = this.players.get(0);&#13;&#10;&#9;&#9;for (Player p : this.players) {&#13;&#10;&#9;&#9;&#9;if (max.getPoints() &lt;= p.getPoints()) {&#13;&#10;&#9;&#9;&#9;&#9;max = p;&#13;&#10;&#9;&#9;&#9;}&#13;&#10;&#9;&#9;}&#13;&#10;&#13;&#10;&#9;&#9;return max;&#13;&#10;&#9;}&#13;&#10;&#13;&#10;&#9;public void updateAtEndOfTurn() {&#13;&#10;&#9;&#9;addColonistsToBoard();&#13;&#10;&#13;&#10;&#9;&#9;// Must ship these&#13;&#10;&#9;&#9;if (cargoship4 == 4) {&#13;&#10;&#9;&#9;&#9;cargoship4 = 0;&#13;&#10;&#9;&#9;&#9;cargoship4Good = &quot;&quot;;&#13;&#10;&#9;&#9;}&#13;&#10;&#9;&#9;if (cargoship5 == 5) {&#13;&#10;&#9;&#9;&#9;cargoship5 = 0;&#13;&#10;&#9;&#9;&#9;cargoship5Good = &quot;&quot;;&#13;&#10;&#9;&#9;}&#13;&#10;&#9;&#9;if (cargoship6 == 6) {&#13;&#10;&#9;&#9;&#9;cargoship6 = 0;&#13;&#10;&#9;&#9;&#9;cargoship6Good = &quot;&quot;;&#13;&#10;&#9;&#9;}&#13;&#10;&#9;}&#13;&#10;&#13;&#10;}&#13;&#10;" Filename="GameState.java" Intrnl_Id="6"/>
<SrcFile Content="package csse376_puerto_rico;&#13;&#10;&#13;&#10;import java.awt.Color;&#13;&#10;import java.util.ArrayList;&#13;&#10;import java.util.Enumeration;&#13;&#10;import java.util.List;&#13;&#10;&#13;&#10;import javax.swing.AbstractButton;&#13;&#10;import javax.swing.ButtonGroup;&#13;&#10;import javax.swing.JFrame;&#13;&#10;import javax.swing.JOptionPane;&#13;&#10;import javax.swing.JTextArea;&#13;&#10;&#13;&#10;import net.miginfocom.swing.MigLayout;&#13;&#10;import csse376_puerto_rico.Player.Good;&#13;&#10;import csse376_puerto_rico.Player.Plantation;&#13;&#10;&#13;&#10;public class GameBoardGUI {&#13;&#10;&#13;&#10;&#9;private JFrame mainframe;&#13;&#10;&#9;public static List&lt;Player&gt; players;&#13;&#10;&#9;public static JTextArea msgBar;&#13;&#10;&#9;public static JTextArea gameStateInfo;&#13;&#10;&#9;// public static ArrayList&lt;JPanel&gt; playerCards;&#13;&#10;&#9;private ButtonGroup bGroup;&#13;&#10;&#9;private static int turnCount;&#13;&#10;&#9;private GameState gameState;&#13;&#10;&#13;&#10;&#9;public GameBoardGUI() {&#13;&#10;&#9;&#9;// For testing purposes.&#13;&#10;&#9;&#9;this.msgBar = new JTextArea();&#13;&#10;&#9;&#9;this.gameStateInfo = new JTextArea();&#13;&#10;&#9;&#9;this.players = new ArrayList&lt;Player&gt;();&#13;&#10;&#9;&#9;this.mainframe = new JFrame();&#13;&#10;&#9;&#9;players.add(new Player());&#13;&#10;&#9;&#9;players.add(new Player());&#13;&#10;&#9;&#9;players.add(new Player());&#13;&#10;&#9;&#9;this.gameState = new GameState(players);&#13;&#10;&#9;}&#13;&#10;&#13;&#10;&#9;public GameBoardGUI(JFrame frame, ButtonGroup group) {&#13;&#10;&#9;&#9;this.players = new ArrayList&lt;Player&gt;();&#13;&#10;&#9;&#9;this.mainframe = frame;&#13;&#10;&#9;&#9;this.mainframe.setTitle(&quot;Puerto Rico&quot;);&#13;&#10;&#9;&#9;this.mainframe.getContentPane().removeAll();&#13;&#10;&#9;&#9;this.mainframe.getContentPane().revalidate();&#13;&#10;&#9;&#9;this.mainframe.setBackground(Color.GREEN);&#13;&#10;&#9;&#9;MigLayout layout = new MigLayout();&#13;&#10;&#9;&#9;this.mainframe.setLayout(layout);&#13;&#10;&#9;&#9;this.bGroup = group;&#13;&#10;&#9;&#9;this.msgBar = new JTextArea();&#13;&#10;&#9;&#9;this.gameStateInfo = new JTextArea();&#13;&#10;&#13;&#10;&#9;&#9;String temp = &quot;3&quot;;&#13;&#10;&#9;&#9;for (Enumeration&lt;AbstractButton&gt; buttons = this.bGroup.getElements(); buttons&#13;&#10;&#9;&#9;&#9;&#9;.hasMoreElements();) {&#13;&#10;&#9;&#9;&#9;AbstractButton button = buttons.nextElement();&#13;&#10;&#9;&#9;&#9;if (button.isSelected()) {&#13;&#10;&#9;&#9;&#9;&#9;temp = button.getText();&#13;&#10;&#9;&#9;&#9;}&#13;&#10;&#9;&#9;}&#13;&#10;&#9;&#9;int numberPlayers = Integer.parseInt(temp);&#13;&#10;&#13;&#10;&#9;&#9;this.addPlayers(numberPlayers);&#13;&#10;&#9;}&#13;&#10;&#13;&#10;&#9;private void displayGameState() {&#13;&#10;&#9;&#9;int coffee = this.gameState.getGood(Player.Good.COFFEE);&#13;&#10;&#9;&#9;int corn = this.gameState.getGood(Player.Good.CORN);&#13;&#10;&#9;&#9;int indigo = this.gameState.getGood(Player.Good.INDIGO);&#13;&#10;&#9;&#9;int sugar = this.gameState.getGood(Player.Good.SUGAR);&#13;&#10;&#9;&#9;int tobacco = this.gameState.getGood(Player.Good.TOBACCO);&#13;&#10;&#9;&#9;int colonists = this.gameState.getColonistsOnBoard();&#13;&#10;&#9;&#9;int colonistsTotal = this.gameState.getColonistsTotal();&#13;&#10;&#9;&#9;int points = this.gameState.victoryPoints;&#13;&#10;&#13;&#10;&#9;&#9;String parsedInfo = &quot;Coffe: &quot; + coffee + &quot;    Corn: &quot; + corn&#13;&#10;&#9;&#9;&#9;&#9;+ &quot;    Indigo: &quot; + indigo + &quot;\nSugar: &quot; + sugar&#13;&#10;&#9;&#9;&#9;&#9;+ &quot;        Tobacco: &quot; + tobacco + &quot;\nColonists On Board: &quot;&#13;&#10;&#9;&#9;&#9;&#9;+ colonists + &quot;\nColonists Total: &quot; + colonistsTotal&#13;&#10;&#9;&#9;&#9;&#9;+ &quot;\nVictory Points: &quot; + points + &quot;\n&quot; + &quot;\nCargo Ship: &quot;&#13;&#10;&#9;&#9;&#9;&#9;+ (4 - this.gameState.cargoship4) + &quot; spots for &quot;&#13;&#10;&#9;&#9;&#9;&#9;+ this.gameState.cargoship4Good + &quot;    Cargo Ship: &quot;&#13;&#10;&#9;&#9;&#9;&#9;+ (5 - this.gameState.cargoship5) + &quot; spots for &quot;&#13;&#10;&#9;&#9;&#9;&#9;+ this.gameState.cargoship5Good + &quot;    Cargo Ship: &quot;&#13;&#10;&#9;&#9;&#9;&#9;+ (6 - this.gameState.cargoship6) + &quot; spots for &quot;&#13;&#10;&#9;&#9;&#9;&#9;+ this.gameState.cargoship6Good;&#13;&#10;&#9;&#9;gameStateInfo.setColumns(20);&#13;&#10;&#9;&#9;gameStateInfo.setRows(7);&#13;&#10;&#9;&#9;gameStateInfo.setText(parsedInfo);&#13;&#10;&#9;&#9;this.mainframe.add(gameStateInfo, &quot;cell 0 5, span 5&quot;);&#13;&#10;&#9;}&#13;&#10;&#13;&#10;&#9;private void updateGameStateDisplay() {&#13;&#10;&#9;&#9;int coffee = this.gameState.getGood(Player.Good.COFFEE);&#13;&#10;&#9;&#9;int corn = this.gameState.getGood(Player.Good.CORN);&#13;&#10;&#9;&#9;int indigo = this.gameState.getGood(Player.Good.INDIGO);&#13;&#10;&#9;&#9;int sugar = this.gameState.getGood(Player.Good.SUGAR);&#13;&#10;&#9;&#9;int tobacco = this.gameState.getGood(Player.Good.TOBACCO);&#13;&#10;&#9;&#9;int colonists = this.gameState.getColonistsOnBoard();&#13;&#10;&#9;&#9;int colonistsTotal = this.gameState.getColonistsTotal();&#13;&#10;&#9;&#9;int points = this.gameState.victoryPoints;&#13;&#10;&#13;&#10;&#9;&#9;String parsedInfo = &quot;Coffe: &quot; + coffee + &quot;    Corn: &quot; + corn&#13;&#10;&#9;&#9;&#9;&#9;+ &quot;    Indigo: &quot; + indigo + &quot;\nSugar: &quot; + sugar&#13;&#10;&#9;&#9;&#9;&#9;+ &quot;        Tobacco: &quot; + tobacco + &quot;\nColonists: &quot; + colonists&#13;&#10;&#9;&#9;&#9;&#9;+ &quot;\nColonists Total: &quot; + colonistsTotal + &quot;\nVictory Points: &quot;&#13;&#10;&#9;&#9;&#9;&#9;+ points + &quot;\n&quot; + &quot;\nCargo Ship: &quot;&#13;&#10;&#9;&#9;&#9;&#9;+ (4 - this.gameState.cargoship4) + &quot; spots for &quot;&#13;&#10;&#9;&#9;&#9;&#9;+ this.gameState.cargoship4Good + &quot;    Cargo Ship: &quot;&#13;&#10;&#9;&#9;&#9;&#9;+ (5 - this.gameState.cargoship5) + &quot; spots for &quot;&#13;&#10;&#9;&#9;&#9;&#9;+ this.gameState.cargoship5Good + &quot;    Cargo Ship: &quot;&#13;&#10;&#9;&#9;&#9;&#9;+ (6 - this.gameState.cargoship6) + &quot; spots for &quot;&#13;&#10;&#9;&#9;&#9;&#9;+ this.gameState.cargoship6Good;&#13;&#10;&#13;&#10;&#9;&#9;gameStateInfo.setText(parsedInfo);&#13;&#10;&#9;}&#13;&#10;&#13;&#10;&#9;private void displayMessageBar() {&#13;&#10;&#9;&#9;msgBar.setColumns(90);&#13;&#10;&#9;&#9;this.mainframe.add(msgBar, &quot;cell 0 0, span &quot; + this.players.size());&#13;&#10;&#9;}&#13;&#10;&#13;&#10;&#9;public List&lt;Player&gt; addPlayers(int numberOfPlayers) {&#13;&#10;&#9;&#9;// this.addPlayerCards(numberOfPlayers);&#13;&#10;&#9;&#9;for (int i = 0; i &lt; numberOfPlayers; i++) {&#13;&#10;&#9;&#9;&#9;Player p = new Player();&#13;&#10;&#9;&#9;&#9;if (i == 0) {&#13;&#10;&#9;&#9;&#9;&#9;p.isGovernor = true;&#13;&#10;&#9;&#9;&#9;}&#13;&#10;&#9;&#9;&#9;p.setPlayerNum(i);&#13;&#10;&#9;&#9;&#9;JTextArea jta = new JTextArea(&quot;Player &quot; + i + &quot;\nRole: &quot;&#13;&#10;&#9;&#9;&#9;&#9;&#9;+ &quot;\nScore: &quot; + p.getPoints() + &quot;\nBuildings:&quot;&#13;&#10;&#9;&#9;&#9;&#9;&#9;+ p.getBuildingsStringList() + &quot;\nPlantations:\n&quot;);&#13;&#10;&#9;&#9;&#9;jta.setRows(15);&#13;&#10;&#9;&#9;&#9;jta.setColumns(15);&#13;&#10;&#9;&#9;&#9;p.setHUD(jta);&#13;&#10;&#9;&#9;&#9;this.players.add(p);&#13;&#10;&#9;&#9;&#9;this.mainframe.add(jta, &quot;cell &quot; + i + &quot; 1&quot;);&#13;&#10;&#9;&#9;&#9;p.updatePlayerInfo();&#13;&#10;&#13;&#10;&#9;&#9;}&#13;&#10;&#9;&#9;this.gameState = new GameState(this.players);&#13;&#10;&#13;&#10;&#9;&#9;displayGameState();&#13;&#10;&#9;&#9;displayMessageBar();&#13;&#10;&#9;&#9;updateRoles();&#13;&#10;&#13;&#10;&#9;&#9;return this.players;&#13;&#10;&#9;}&#13;&#10;&#13;&#10;&#9;public List&lt;Player&gt; getPlayers() {&#13;&#10;&#9;&#9;return this.players;&#13;&#10;&#9;}&#13;&#10;&#13;&#10;&#9;public static int getTurnCount() {&#13;&#10;&#9;&#9;return turnCount;&#13;&#10;&#9;}&#13;&#10;&#13;&#10;&#9;public void updateRoles() {&#13;&#10;&#13;&#10;&#9;&#9;Object[] options = Player.getRoles().toArray();&#13;&#10;&#9;&#9;while (!checkEndGame()) {&#13;&#10;&#9;&#9;&#9;options = Player.getRoles().toArray();&#13;&#10;&#9;&#9;&#9;for (int i = 0; i &lt; this.players.size(); i++) {&#13;&#10;&#9;&#9;&#9;&#9;Player player = this.players.get(i);&#13;&#10;&#9;&#9;&#9;&#9;// DONE: Min, make player not able to choose role already chosen&#13;&#10;&#9;&#9;&#9;&#9;// for this turn.&#13;&#10;&#9;&#9;&#9;&#9;int n = JOptionPane.showOptionDialog(this.mainframe,&#13;&#10;&#9;&#9;&#9;&#9;&#9;&#9;&quot;Choose your role!&quot;, &quot;Player &quot; + i,&#13;&#10;&#9;&#9;&#9;&#9;&#9;&#9;JOptionPane.YES_NO_CANCEL_OPTION,&#13;&#10;&#9;&#9;&#9;&#9;&#9;&#9;JOptionPane.QUESTION_MESSAGE, null, options,&#13;&#10;&#9;&#9;&#9;&#9;&#9;&#9;options[options.length - 1]);&#13;&#10;&#9;&#9;&#9;&#9;// in this block of code I had to convert the lists of&#13;&#10;&#9;&#9;&#9;&#9;// buildings,plantations into Strings&#13;&#10;&#13;&#10;&#9;&#9;&#9;&#9;String role = (String) options[n];&#13;&#10;&#13;&#10;&#9;&#9;&#9;&#9;// Every start of the role each player gets an extra doubloon.&#13;&#10;&#9;&#9;&#9;&#9;player.setDoubloons(player.getDoubloons() + 1);&#13;&#10;&#9;&#9;&#9;&#9;gameState.doubloons--;&#13;&#10;&#13;&#10;&#9;&#9;&#9;&#9;player.setRole(role);&#13;&#10;&#13;&#10;&#9;&#9;&#9;&#9;player.updatePlayerInfo();&#13;&#10;&#13;&#10;&#9;&#9;&#9;&#9;playRole(i);&#13;&#10;&#13;&#10;&#9;&#9;&#9;&#9;// update&#13;&#10;&#9;&#9;&#9;&#9;this.gameState.updateAtEndOfTurn();&#13;&#10;&#13;&#10;&#9;&#9;&#9;&#9;// removing selected&#13;&#10;&#9;&#9;&#9;&#9;List&lt;Object&gt; temp = new ArrayList&lt;Object&gt;();&#13;&#10;&#9;&#9;&#9;&#9;for (int j = 0; j &lt; options.length; j++) {&#13;&#10;&#9;&#9;&#9;&#9;&#9;if (j != n) {&#13;&#10;&#9;&#9;&#9;&#9;&#9;&#9;temp.add(options[j]);&#13;&#10;&#9;&#9;&#9;&#9;&#9;}&#13;&#10;&#9;&#9;&#9;&#9;}&#13;&#10;&#9;&#9;&#9;&#9;options = temp.toArray();&#13;&#10;&#9;&#9;&#9;}&#13;&#10;&#13;&#10;&#9;&#9;}&#13;&#10;&#9;&#9;updateMsgBar(&quot;Winner is Player : &quot;&#13;&#10;&#9;&#9;&#9;&#9;+ this.gameState.getWinner().getPlayerNum());&#13;&#10;&#13;&#10;&#9;}&#13;&#10;&#13;&#10;&#9;public boolean checkEndGame() {&#13;&#10;&#9;&#9;// checks the end of the game, default to true for testing, otherwise&#13;&#10;&#9;&#9;// false&#13;&#10;&#9;&#9;return gameState.isGameEndState();&#13;&#10;&#9;}&#13;&#10;&#13;&#10;&#9;public void updateMsgBar(String msg) {&#13;&#10;&#9;&#9;this.msgBar.setText(msg);&#13;&#10;&#9;}&#13;&#10;&#13;&#10;&#9;public void playRole(int roleNum) {&#13;&#10;&#9;&#9;//&#13;&#10;&#9;&#9;Player player = players.get(roleNum);&#13;&#10;&#9;&#9;String role = player.getRole();&#13;&#10;&#13;&#10;&#9;&#9;if (role.equals(PlayerRoles.Mayor)) {&#13;&#10;&#9;&#9;&#9;int colonists = gameState.getColonistsOnBoard();&#13;&#10;&#9;&#9;&#9;gameState.colonistsTotal = gameState.colonistsTotal - colonists;&#13;&#10;&#13;&#10;&#9;&#9;&#9;while (colonists &gt; 0) {&#13;&#10;&#13;&#10;&#9;&#9;&#9;&#9;player = players.get(roleNum);&#13;&#10;&#13;&#10;&#9;&#9;&#9;&#9;Object[] options = { &quot;Building&quot;, &quot;Plantation&quot;, &quot;Do Nothing&quot; };&#13;&#10;&#9;&#9;&#9;&#9;boolean selected = false;&#13;&#10;&#9;&#9;&#9;&#9;while (!selected) {&#13;&#10;&#9;&#9;&#9;&#9;&#9;int n = JOptionPane&#13;&#10;&#9;&#9;&#9;&#9;&#9;&#9;&#9;.showOptionDialog(&#13;&#10;&#9;&#9;&#9;&#9;&#9;&#9;&#9;&#9;&#9;this.mainframe,&#13;&#10;&#9;&#9;&#9;&#9;&#9;&#9;&#9;&#9;&#9;&quot;Give the colonosists a job! \nChoose a structure.&quot;,&#13;&#10;&#9;&#9;&#9;&#9;&#9;&#9;&#9;&#9;&#9;&quot;Player &quot; + roleNum,&#13;&#10;&#9;&#9;&#9;&#9;&#9;&#9;&#9;&#9;&#9;JOptionPane.YES_NO_CANCEL_OPTION,&#13;&#10;&#9;&#9;&#9;&#9;&#9;&#9;&#9;&#9;&#9;JOptionPane.QUESTION_MESSAGE, null,&#13;&#10;&#9;&#9;&#9;&#9;&#9;&#9;&#9;&#9;&#9;options, options[options.length - 1]);&#13;&#10;&#9;&#9;&#9;&#9;&#9;if (n == 0) {&#13;&#10;&#9;&#9;&#9;&#9;&#9;&#9;ArrayList&lt;String&gt; pBuildingsNames = (ArrayList&lt;String&gt;) player&#13;&#10;&#9;&#9;&#9;&#9;&#9;&#9;&#9;&#9;.getBuildingsStringList().clone();&#13;&#10;&#9;&#9;&#9;&#9;&#9;&#9;pBuildingsNames.add(&quot;Go Back&quot;);&#13;&#10;&#9;&#9;&#9;&#9;&#9;&#9;Object[] temp = pBuildingsNames.toArray();&#13;&#10;&#13;&#10;&#9;&#9;&#9;&#9;&#9;&#9;int buildingNum = JOptionPane&#13;&#10;&#9;&#9;&#9;&#9;&#9;&#9;&#9;&#9;.showOptionDialog(&#13;&#10;&#9;&#9;&#9;&#9;&#9;&#9;&#9;&#9;&#9;&#9;this.mainframe,&#13;&#10;&#9;&#9;&#9;&#9;&#9;&#9;&#9;&#9;&#9;&#9;&quot;Give the colonosists a job! \nChoose a building&quot;,&#13;&#10;&#9;&#9;&#9;&#9;&#9;&#9;&#9;&#9;&#9;&#9;&quot;Player &quot; + (roleNum),&#13;&#10;&#9;&#9;&#9;&#9;&#9;&#9;&#9;&#9;&#9;&#9;JOptionPane.YES_NO_CANCEL_OPTION,&#13;&#10;&#9;&#9;&#9;&#9;&#9;&#9;&#9;&#9;&#9;&#9;JOptionPane.QUESTION_MESSAGE, null,&#13;&#10;&#9;&#9;&#9;&#9;&#9;&#9;&#9;&#9;&#9;&#9;temp, null);&#13;&#10;&#9;&#9;&#9;&#9;&#9;&#9;if (buildingNum != temp.length - 1) {&#13;&#10;&#9;&#9;&#9;&#9;&#9;&#9;&#9;Building playerB = player.getBuildings().get(&#13;&#10;&#9;&#9;&#9;&#9;&#9;&#9;&#9;&#9;&#9;buildingNum);&#13;&#10;&#9;&#9;&#9;&#9;&#9;&#9;&#9;if (playerB.numberOfJobs &gt; playerB.numberOfWorkers) {&#13;&#10;&#9;&#9;&#9;&#9;&#9;&#9;&#9;&#9;player.getBuildings().get(buildingNum).numberOfWorkers++;&#13;&#10;&#9;&#9;&#9;&#9;&#9;&#9;&#9;&#9;selected = true;&#13;&#10;&#9;&#9;&#9;&#9;&#9;&#9;&#9;&#9;updateMsgBar(&quot;Player &quot; + roleNum&#13;&#10;&#9;&#9;&#9;&#9;&#9;&#9;&#9;&#9;&#9;&#9;+ &quot; added worker to building &quot;&#13;&#10;&#9;&#9;&#9;&#9;&#9;&#9;&#9;&#9;&#9;&#9;+ playerB.name);&#13;&#10;&#9;&#9;&#9;&#9;&#9;&#9;&#9;} else {&#13;&#10;&#9;&#9;&#9;&#9;&#9;&#9;&#9;&#9;updateMsgBar(&quot;Building &quot; + playerB.name&#13;&#10;&#9;&#9;&#9;&#9;&#9;&#9;&#9;&#9;&#9;&#9;+ &quot; is already full of workers.&quot;);&#13;&#10;&#9;&#9;&#9;&#9;&#9;&#9;&#9;}&#13;&#10;&#9;&#9;&#9;&#9;&#9;&#9;} else {&#13;&#10;&#13;&#10;&#9;&#9;&#9;&#9;&#9;&#9;&#9;updateMsgBar(&quot;Player &quot; + roleNum&#13;&#10;&#9;&#9;&#9;&#9;&#9;&#9;&#9;&#9;&#9;+ &quot; has no buildings&quot;);&#13;&#10;&#9;&#9;&#9;&#9;&#9;&#9;&#9;selected = false;&#13;&#10;&#9;&#9;&#9;&#9;&#9;&#9;}&#13;&#10;&#13;&#10;&#9;&#9;&#9;&#9;&#9;} else if (n == 1) {&#13;&#10;&#9;&#9;&#9;&#9;&#9;&#9;ArrayList&lt;String&gt; pPlantations = (ArrayList&lt;String&gt;) player&#13;&#10;&#9;&#9;&#9;&#9;&#9;&#9;&#9;&#9;.getPlantationsStringList().clone();&#13;&#10;&#9;&#9;&#9;&#9;&#9;&#9;pPlantations.add(&quot;Go Back&quot;);&#13;&#10;&#9;&#9;&#9;&#9;&#9;&#9;Object[] temp = pPlantations.toArray();&#13;&#10;&#13;&#10;&#9;&#9;&#9;&#9;&#9;&#9;int plantationNum = JOptionPane&#13;&#10;&#9;&#9;&#9;&#9;&#9;&#9;&#9;&#9;.showOptionDialog(&#13;&#10;&#9;&#9;&#9;&#9;&#9;&#9;&#9;&#9;&#9;&#9;this.mainframe,&#13;&#10;&#9;&#9;&#9;&#9;&#9;&#9;&#9;&#9;&#9;&#9;&quot;Give the colonosists a job! \nChoose a plantation&quot;,&#13;&#10;&#9;&#9;&#9;&#9;&#9;&#9;&#9;&#9;&#9;&#9;&quot;Player &quot; + (roleNum),&#13;&#10;&#9;&#9;&#9;&#9;&#9;&#9;&#9;&#9;&#9;&#9;JOptionPane.YES_NO_CANCEL_OPTION,&#13;&#10;&#9;&#9;&#9;&#9;&#9;&#9;&#9;&#9;&#9;&#9;JOptionPane.QUESTION_MESSAGE, null,&#13;&#10;&#9;&#9;&#9;&#9;&#9;&#9;&#9;&#9;&#9;&#9;temp, null);&#13;&#10;&#9;&#9;&#9;&#9;&#9;&#9;if (plantationNum != temp.length - 1) {&#13;&#10;&#9;&#9;&#9;&#9;&#9;&#9;&#9;Plantation pPlantation = player.getPlantations()&#13;&#10;&#9;&#9;&#9;&#9;&#9;&#9;&#9;&#9;&#9;.get(plantationNum);&#13;&#10;&#9;&#9;&#9;&#9;&#9;&#9;&#9;if (pPlantation.hasWorker) {&#13;&#10;&#9;&#9;&#9;&#9;&#9;&#9;&#9;&#9;updateMsgBar(&quot;Plantation already has a worker.&quot;);&#13;&#10;&#9;&#9;&#9;&#9;&#9;&#9;&#9;} else {&#13;&#10;&#9;&#9;&#9;&#9;&#9;&#9;&#9;&#9;pPlantation.hasWorker = true;&#13;&#10;&#9;&#9;&#9;&#9;&#9;&#9;&#9;&#9;selected = true;&#13;&#10;&#9;&#9;&#9;&#9;&#9;&#9;&#9;&#9;updateMsgBar(&quot;Player &quot; + roleNum&#13;&#10;&#9;&#9;&#9;&#9;&#9;&#9;&#9;&#9;&#9;&#9;+ &quot; added worker to plantation&quot;);&#13;&#10;&#9;&#9;&#9;&#9;&#9;&#9;&#9;}&#13;&#10;&#9;&#9;&#9;&#9;&#9;&#9;} else {&#13;&#10;&#13;&#10;&#9;&#9;&#9;&#9;&#9;&#9;&#9;updateMsgBar(&quot;Player &quot; + roleNum&#13;&#10;&#9;&#9;&#9;&#9;&#9;&#9;&#9;&#9;&#9;+ &quot; has no plantions&quot;);&#13;&#10;&#9;&#9;&#9;&#9;&#9;&#9;&#9;selected = false;&#13;&#10;&#9;&#9;&#9;&#9;&#9;&#9;}&#13;&#10;&#9;&#9;&#9;&#9;&#9;} else {&#13;&#10;&#9;&#9;&#9;&#9;&#9;&#9;// Do nothing&#13;&#10;&#9;&#9;&#9;&#9;&#9;&#9;selected = true;&#13;&#10;&#9;&#9;&#9;&#9;&#9;}&#13;&#10;&#13;&#10;&#9;&#9;&#9;&#9;&#9;player.updatePlayerInfo();&#13;&#10;&#9;&#9;&#9;&#9;}&#13;&#10;&#9;&#9;&#9;&#9;roleNum = (roleNum + 1) % players.size();&#13;&#10;&#9;&#9;&#9;&#9;colonists--;&#13;&#10;&#13;&#10;&#9;&#9;&#9;}&#13;&#10;&#9;&#9;} else if (role.equals(PlayerRoles.Builder)) {&#13;&#10;&#9;&#9;&#9;player.setDoubloons(player.getDoubloons() + 1);&#13;&#10;&#9;&#9;&#9;Buildings b = new Buildings();&#13;&#10;&#13;&#10;&#9;&#9;&#9;for (int i = 0; i &lt; players.size(); i++) {&#13;&#10;&#9;&#9;&#9;&#9;player = players.get(roleNum);&#13;&#10;&#9;&#9;&#9;&#9;System.out.println(roleNum);&#13;&#10;&#13;&#10;&#9;&#9;&#9;&#9;ArrayList&lt;Building&gt; bs = b.getBuildings();&#13;&#10;&#9;&#9;&#9;&#9;ArrayList&lt;String&gt; bNames = new ArrayList&lt;String&gt;();&#13;&#10;&#9;&#9;&#9;&#9;for (Building building : bs) {&#13;&#10;&#9;&#9;&#9;&#9;&#9;if (building.cost &lt;= player.getDoubloons()) {&#13;&#10;&#9;&#9;&#9;&#9;&#9;&#9;bNames.add(building.name);&#13;&#10;&#9;&#9;&#9;&#9;&#9;}&#13;&#10;&#9;&#9;&#9;&#9;}&#13;&#10;&#9;&#9;&#9;&#9;bNames.add(&quot;Nothing&quot;);&#13;&#10;&#9;&#9;&#9;&#9;Object[] options = bNames.toArray();&#13;&#10;&#13;&#10;&#9;&#9;&#9;&#9;// player = player.next at the end&#13;&#10;&#9;&#9;&#9;&#9;int n = JOptionPane.showOptionDialog(this.mainframe,&#13;&#10;&#9;&#9;&#9;&#9;&#9;&#9;&quot;Choose a building to build!&quot;, &quot;Player &quot; + (roleNum),&#13;&#10;&#9;&#9;&#9;&#9;&#9;&#9;JOptionPane.YES_NO_CANCEL_OPTION,&#13;&#10;&#9;&#9;&#9;&#9;&#9;&#9;JOptionPane.QUESTION_MESSAGE, null, options,&#13;&#10;&#9;&#9;&#9;&#9;&#9;&#9;options[options.length - 1]);&#13;&#10;&#9;&#9;&#9;&#9;if (n != bNames.size() - 1) {&#13;&#10;&#9;&#9;&#9;&#9;&#9;player.addBuilding(new Building(bNames.get(n)));&#13;&#10;&#9;&#9;&#9;&#9;&#9;if (player.ownsOccupiedBuilding(&quot;University&quot;)) {&#13;&#10;&#9;&#9;&#9;&#9;&#9;&#9;player.getBuilding(&quot;University&quot;).numberOfWorkers++;&#13;&#10;&#9;&#9;&#9;&#9;&#9;&#9;this.gameState.colonistsTotal--;&#13;&#10;&#9;&#9;&#9;&#9;&#9;}&#13;&#10;&#9;&#9;&#9;&#9;&#9;if (player.getBuildings().size() &gt;= 12) {&#13;&#10;&#9;&#9;&#9;&#9;&#9;&#9;this.gameState.isGameEndState = true;&#13;&#10;&#9;&#9;&#9;&#9;&#9;}&#13;&#10;&#9;&#9;&#9;&#9;}&#13;&#10;&#9;&#9;&#9;&#9;// Adds +1 to the player's doubloons if the role was not used in&#13;&#10;&#9;&#9;&#9;&#9;// previous 3 turns&#13;&#10;&#9;&#9;&#9;&#9;player.updatePlayerInfo();&#13;&#10;&#9;&#9;&#9;&#9;roleNum = (roleNum + 1) % players.size();&#13;&#10;&#13;&#10;&#9;&#9;&#9;}&#13;&#10;&#9;&#9;} else if (role.equals(PlayerRoles.Settler)) {&#13;&#10;&#9;&#9;&#9;// DONE: kurian&#13;&#10;&#9;&#9;&#9;List&lt;String&gt; plantationNames = player.getAllGoods();&#13;&#10;&#9;&#9;&#9;plantationNames.add(&quot;Nothing&quot;);&#13;&#10;&#9;&#9;&#9;Object[] options = plantationNames.toArray();&#13;&#10;&#9;&#9;&#9;// Settler picks one more plantation&#13;&#10;&#9;&#9;&#9;for (int i = 0; i &lt;= players.size(); i++) {&#13;&#10;&#13;&#10;&#9;&#9;&#9;&#9;player = players.get(roleNum);&#13;&#10;&#13;&#10;&#9;&#9;&#9;&#9;if (player.ownsOccupiedBuilding(&quot;Construction Hut&quot;)) {&#13;&#10;&#9;&#9;&#9;&#9;&#9;// give option to place quarry, but if chooses quarry, you&#13;&#10;&#9;&#9;&#9;&#9;&#9;// can't get plantation&#13;&#10;&#9;&#9;&#9;&#9;}&#13;&#10;&#13;&#10;&#9;&#9;&#9;&#9;if (player.ownsOccupiedBuilding(&quot;Hacienda&quot;)) {&#13;&#10;&#9;&#9;&#9;&#9;&#9;// give option to add another plantion here!!&#13;&#10;&#9;&#9;&#9;&#9;}&#13;&#10;&#9;&#9;&#9;&#9;// player = player.next at the end&#13;&#10;&#9;&#9;&#9;&#9;int n = JOptionPane.showOptionDialog(this.mainframe,&#13;&#10;&#9;&#9;&#9;&#9;&#9;&#9;&quot;Choose a Good to harvest!&quot;, &quot;Player &quot; + (roleNum),&#13;&#10;&#9;&#9;&#9;&#9;&#9;&#9;JOptionPane.YES_NO_CANCEL_OPTION,&#13;&#10;&#9;&#9;&#9;&#9;&#9;&#9;JOptionPane.QUESTION_MESSAGE, null, options,&#13;&#10;&#9;&#9;&#9;&#9;&#9;&#9;options[options.length - 1]);&#13;&#10;&#9;&#9;&#9;&#9;System.out.println(plantationNames.get(n));&#13;&#10;&#9;&#9;&#9;&#9;if (n != plantationNames.size() - 1) {&#13;&#10;&#9;&#9;&#9;&#9;&#9;player.addPlantations(new Plantation(&#13;&#10;&#9;&#9;&#9;&#9;&#9;&#9;&#9;plantationNames.get(n), false));&#13;&#10;&#9;&#9;&#9;&#9;&#9;updateMsgBar(&quot;Player &quot; + roleNum + &quot; added plantation&quot;&#13;&#10;&#9;&#9;&#9;&#9;&#9;&#9;&#9;+ plantationNames.get(n));&#13;&#10;&#9;&#9;&#9;&#9;}&#13;&#10;&#9;&#9;&#9;&#9;if (player.ownsOccupiedBuilding(&quot;Hospice&quot;)) {&#13;&#10;&#9;&#9;&#9;&#9;&#9;// give option to take colonist form supply and put it here&#13;&#10;&#9;&#9;&#9;&#9;&#9;Object[] yesNo = { &quot;Yes&quot;, &quot;No&quot; };&#13;&#10;&#9;&#9;&#9;&#9;&#9;int answ = JOptionPane&#13;&#10;&#9;&#9;&#9;&#9;&#9;&#9;&#9;.showOptionDialog(&#13;&#10;&#9;&#9;&#9;&#9;&#9;&#9;&#9;&#9;&#9;this.mainframe,&#13;&#10;&#9;&#9;&#9;&#9;&#9;&#9;&#9;&#9;&#9;&quot;Would you like to place a colonist at your Hospice?&quot;,&#13;&#10;&#9;&#9;&#9;&#9;&#9;&#9;&#9;&#9;&#9;&quot;Player &quot; + (roleNum),&#13;&#10;&#9;&#9;&#9;&#9;&#9;&#9;&#9;&#9;&#9;JOptionPane.YES_NO_CANCEL_OPTION,&#13;&#10;&#9;&#9;&#9;&#9;&#9;&#9;&#9;&#9;&#9;JOptionPane.QUESTION_MESSAGE, null, yesNo,&#13;&#10;&#9;&#9;&#9;&#9;&#9;&#9;&#9;&#9;&#9;yesNo[yesNo.length - 1]);&#13;&#10;&#9;&#9;&#9;&#9;&#9;if (answ == 1) {&#13;&#10;&#9;&#9;&#9;&#9;&#9;&#9;player.getBuilding(&quot;Hospice&quot;).numberOfWorkers++;&#13;&#10;&#9;&#9;&#9;&#9;&#9;&#9;this.gameState.colonistsTotal--;&#13;&#10;&#9;&#9;&#9;&#9;&#9;}&#13;&#10;&#13;&#10;&#9;&#9;&#9;&#9;}&#13;&#10;&#9;&#9;&#9;&#9;// Adds +1 to the player's doubloons if the role was not used in&#13;&#10;&#9;&#9;&#9;&#9;// previous 3 turns&#13;&#10;&#9;&#9;&#9;&#9;player.updatePlayerInfo();&#13;&#10;&#9;&#9;&#9;&#9;roleNum = (roleNum + 1) % players.size();&#13;&#10;&#9;&#9;&#9;}&#13;&#10;&#9;&#9;} else if (role.equals(PlayerRoles.Craftsman)) {&#13;&#10;&#9;&#9;&#9;// DONE: kurian&#13;&#10;&#9;&#9;&#9;for (int i = 0; i &lt; players.size(); i++) {&#13;&#10;&#13;&#10;&#9;&#9;&#9;&#9;player = players.get(roleNum);&#13;&#10;&#9;&#9;&#9;&#9;player.checkPlantation();&#13;&#10;&#13;&#10;&#9;&#9;&#9;&#9;// factory addition&#13;&#10;&#9;&#9;&#9;&#9;if (player.ownsOccupiedBuilding(&quot;Factory&quot;)) {&#13;&#10;&#9;&#9;&#9;&#9;&#9;if (player.getPlantations().size() == 2) {&#13;&#10;&#9;&#9;&#9;&#9;&#9;&#9;player.setDoubloons(player.getDoubloons() + 1);&#13;&#10;&#9;&#9;&#9;&#9;&#9;} else if (player.getPlantations().size() == 3) {&#13;&#10;&#9;&#9;&#9;&#9;&#9;&#9;player.setDoubloons(player.getDoubloons() + 2);&#13;&#10;&#9;&#9;&#9;&#9;&#9;} else if (player.getPlantations().size() == 4) {&#13;&#10;&#9;&#9;&#9;&#9;&#9;&#9;player.setDoubloons(player.getDoubloons() + 3);&#13;&#10;&#9;&#9;&#9;&#9;&#9;} else if (player.getPlantations().size() == 5) {&#13;&#10;&#9;&#9;&#9;&#9;&#9;&#9;player.setDoubloons(player.getDoubloons() + 5);&#13;&#10;&#9;&#9;&#9;&#9;&#9;}&#13;&#10;&#9;&#9;&#9;&#9;}&#13;&#10;&#13;&#10;&#9;&#9;&#9;&#9;player.updatePlayerInfo();&#13;&#10;&#9;&#9;&#9;&#9;roleNum = (roleNum + 1) % players.size();&#13;&#10;&#13;&#10;&#9;&#9;&#9;}&#13;&#10;&#13;&#10;&#9;&#9;} else if (role.equals(PlayerRoles.Trader)) {&#13;&#10;&#9;&#9;&#9;//&#13;&#10;&#9;&#9;&#9;for (int i = 0; i &lt; players.size(); i++) {&#13;&#10;&#13;&#10;&#9;&#9;&#9;&#9;player = players.get(roleNum);&#13;&#10;&#13;&#10;&#9;&#9;&#9;&#9;// small market additions&#13;&#10;&#9;&#9;&#9;&#9;if (player.ownsOccupiedBuilding(&quot;Small Market&quot;)) {&#13;&#10;&#9;&#9;&#9;&#9;&#9;player.setDoubloons(player.getDoubloons() + 1);&#13;&#10;&#9;&#9;&#9;&#9;}&#13;&#10;&#13;&#10;&#9;&#9;&#9;&#9;// large market additions&#13;&#10;&#9;&#9;&#9;&#9;if (player.ownsOccupiedBuilding(&quot;Large Market&quot;)) {&#13;&#10;&#9;&#9;&#9;&#9;&#9;player.setDoubloons(player.getDoubloons() + 2);&#13;&#10;&#9;&#9;&#9;&#9;}&#13;&#10;&#13;&#10;&#9;&#9;&#9;&#9;if (player.ownsOccupiedBuilding(&quot;Office&quot;)) {&#13;&#10;&#9;&#9;&#9;&#9;&#9;// player can sell same kind of good to the trading house??&#13;&#10;&#9;&#9;&#9;&#9;}&#13;&#10;&#9;&#9;&#9;&#9;ArrayList&lt;String&gt; goodList = new ArrayList&lt;String&gt;();&#13;&#10;&#9;&#9;&#9;&#9;for (String s : player.getAllGoods()) {&#13;&#10;&#9;&#9;&#9;&#9;&#9;int n = player.getNumberOfGood(s);&#13;&#10;&#9;&#9;&#9;&#9;&#9;if (n &gt; 0) {&#13;&#10;&#9;&#9;&#9;&#9;&#9;&#9;goodList.add(s);&#13;&#10;&#9;&#9;&#9;&#9;&#9;}&#13;&#10;&#9;&#9;&#9;&#9;}&#13;&#10;&#9;&#9;&#9;&#9;goodList.add(&quot;Nothing&quot;);&#13;&#10;&#9;&#9;&#9;&#9;Object[] options = goodList.toArray();&#13;&#10;&#13;&#10;&#9;&#9;&#9;&#9;int n = JOptionPane.showOptionDialog(this.mainframe,&#13;&#10;&#9;&#9;&#9;&#9;&#9;&#9;&quot;Choose a Good to trade!&quot;, &quot;Player &quot; + (roleNum),&#13;&#10;&#9;&#9;&#9;&#9;&#9;&#9;JOptionPane.YES_NO_CANCEL_OPTION,&#13;&#10;&#9;&#9;&#9;&#9;&#9;&#9;JOptionPane.QUESTION_MESSAGE, null, options,&#13;&#10;&#9;&#9;&#9;&#9;&#9;&#9;options[options.length - 1]);&#13;&#10;&#9;&#9;&#9;&#9;if (n != goodList.size() - 1) {&#13;&#10;&#9;&#9;&#9;&#9;&#9;if (goodList.get(n).equals(Good.COFFEE)) {&#13;&#10;&#9;&#9;&#9;&#9;&#9;&#9;player.setDoubloons(player.getDoubloons() + 4);&#13;&#10;&#9;&#9;&#9;&#9;&#9;&#9;player.sellGood(Good.COFFEE, 1);&#13;&#10;&#9;&#9;&#9;&#9;&#9;} else if (goodList.get(n).equals(Good.CORN)) {&#13;&#10;&#9;&#9;&#9;&#9;&#9;&#9;player.sellGood(Good.CORN, 1);&#13;&#10;&#9;&#9;&#9;&#9;&#9;} else if (goodList.get(n).equals(Good.INDIGO)) {&#13;&#10;&#9;&#9;&#9;&#9;&#9;&#9;player.setDoubloons(player.getDoubloons() + 1);&#13;&#10;&#9;&#9;&#9;&#9;&#9;&#9;player.sellGood(Good.INDIGO, 1);&#13;&#10;&#9;&#9;&#9;&#9;&#9;} else if (goodList.get(n).equals(Good.SUGAR)) {&#13;&#10;&#9;&#9;&#9;&#9;&#9;&#9;player.setDoubloons(player.getDoubloons() + 2);&#13;&#10;&#9;&#9;&#9;&#9;&#9;&#9;player.sellGood(Good.SUGAR, 1);&#13;&#10;&#9;&#9;&#9;&#9;&#9;} else if (goodList.get(n).equals(Good.TOBACCO)) {&#13;&#10;&#9;&#9;&#9;&#9;&#9;&#9;player.setDoubloons(player.getDoubloons() + 3);&#13;&#10;&#9;&#9;&#9;&#9;&#9;&#9;player.sellGood(Good.TOBACCO, 1);&#13;&#10;&#9;&#9;&#9;&#9;&#9;}&#13;&#10;&#9;&#9;&#9;&#9;}&#13;&#10;&#9;&#9;&#9;&#9;// Adds +1 to the player's doubloons if the role was not used in&#13;&#10;&#9;&#9;&#9;&#9;// previous 3 turns&#13;&#10;&#9;&#9;&#9;&#9;player.updatePlayerInfo();&#13;&#10;&#9;&#9;&#9;&#9;roleNum = (roleNum + 1) % players.size();&#13;&#10;&#13;&#10;&#9;&#9;&#9;}&#13;&#10;&#9;&#9;} else if (role.equals(PlayerRoles.Captain)) {&#13;&#10;&#13;&#10;&#9;&#9;&#9;while (gameState.isAbleToAddGood()) {&#13;&#10;&#9;&#9;&#9;&#9;player = players.get(roleNum);&#13;&#10;&#9;&#9;&#9;&#9;if (gameState.isAbleToAddGood(player)) {&#13;&#10;&#9;&#9;&#9;&#9;&#9;ArrayList&lt;String&gt; goodList = new ArrayList&lt;String&gt;();&#13;&#10;&#9;&#9;&#9;&#9;&#9;for (String s : player.getAllGoods()) {&#13;&#10;&#9;&#9;&#9;&#9;&#9;&#9;int n = player.getNumberOfGood(s);&#13;&#10;&#9;&#9;&#9;&#9;&#9;&#9;if (n &gt; 0) {&#13;&#10;&#9;&#9;&#9;&#9;&#9;&#9;&#9;goodList.add(s);&#13;&#10;&#9;&#9;&#9;&#9;&#9;&#9;}&#13;&#10;&#9;&#9;&#9;&#9;&#9;}&#13;&#10;&#9;&#9;&#9;&#9;&#9;boolean selected = false;&#13;&#10;&#13;&#10;&#9;&#9;&#9;&#9;&#9;Object[] options = goodList.toArray();&#13;&#10;&#9;&#9;&#9;&#9;&#9;while (!selected) {&#13;&#10;&#9;&#9;&#9;&#9;&#9;&#9;int good = JOptionPane.showOptionDialog(this.mainframe,&#13;&#10;&#9;&#9;&#9;&#9;&#9;&#9;&#9;&#9;&quot;Choose a good to ship!&quot;,&#13;&#10;&#9;&#9;&#9;&#9;&#9;&#9;&#9;&#9;&quot;Player &quot; + (roleNum),&#13;&#10;&#9;&#9;&#9;&#9;&#9;&#9;&#9;&#9;JOptionPane.YES_NO_CANCEL_OPTION,&#13;&#10;&#9;&#9;&#9;&#9;&#9;&#9;&#9;&#9;JOptionPane.QUESTION_MESSAGE, null, options,&#13;&#10;&#9;&#9;&#9;&#9;&#9;&#9;&#9;&#9;options[options.length - 1]);&#13;&#10;&#13;&#10;&#9;&#9;&#9;&#9;&#9;&#9;Object[] shipOptions = new Object[3];&#13;&#10;&#9;&#9;&#9;&#9;&#9;&#9;shipOptions[0] = 4;&#13;&#10;&#9;&#9;&#9;&#9;&#9;&#9;shipOptions[1] = 5;&#13;&#10;&#9;&#9;&#9;&#9;&#9;&#9;shipOptions[2] = 6;&#13;&#10;&#13;&#10;&#9;&#9;&#9;&#9;&#9;&#9;System.out.println(&quot;selecting ship&quot;);&#13;&#10;&#9;&#9;&#9;&#9;&#9;&#9;int ship = JOptionPane.showOptionDialog(this.mainframe,&#13;&#10;&#9;&#9;&#9;&#9;&#9;&#9;&#9;&#9;&quot;Choose a cargo ship to put good!&quot;, &quot;Player &quot;&#13;&#10;&#9;&#9;&#9;&#9;&#9;&#9;&#9;&#9;&#9;&#9;+ (roleNum),&#13;&#10;&#9;&#9;&#9;&#9;&#9;&#9;&#9;&#9;JOptionPane.YES_NO_CANCEL_OPTION,&#13;&#10;&#9;&#9;&#9;&#9;&#9;&#9;&#9;&#9;JOptionPane.QUESTION_MESSAGE, null,&#13;&#10;&#9;&#9;&#9;&#9;&#9;&#9;&#9;&#9;shipOptions,&#13;&#10;&#9;&#9;&#9;&#9;&#9;&#9;&#9;&#9;shipOptions[shipOptions.length - 1]);&#13;&#10;&#9;&#9;&#9;&#9;&#9;&#9;String goodString = (String) options[good];&#13;&#10;&#9;&#9;&#9;&#9;&#9;&#9;int goodCount = player.getNumberOfGood(goodString);&#13;&#10;&#13;&#10;&#9;&#9;&#9;&#9;&#9;&#9;int leftOver = this.gameState.addGoodToCargoShip(&#13;&#10;&#9;&#9;&#9;&#9;&#9;&#9;&#9;&#9;(int) shipOptions[ship], goodCount, goodString);&#13;&#10;&#9;&#9;&#9;&#9;&#9;&#9;if (leftOver != -99) {&#13;&#10;&#9;&#9;&#9;&#9;&#9;&#9;&#9;player.addGood(goodString, leftOver);&#13;&#10;&#9;&#9;&#9;&#9;&#9;&#9;&#9;player.sellGood(goodString, goodCount - leftOver);&#13;&#10;&#9;&#9;&#9;&#9;&#9;&#9;&#9;player.addPoints(goodCount - leftOver);&#13;&#10;&#9;&#9;&#9;&#9;&#9;&#9;&#9;gameState.victoryPoints = gameState.victoryPoints&#13;&#10;&#9;&#9;&#9;&#9;&#9;&#9;&#9;&#9;&#9;- (goodCount - leftOver);&#13;&#10;&#9;&#9;&#9;&#9;&#9;&#9;&#9;if (player.ownsOccupiedBuilding(&quot;Harbor&quot;)) {&#13;&#10;&#9;&#9;&#9;&#9;&#9;&#9;&#9;&#9;player.addPoints(1);&#13;&#10;&#9;&#9;&#9;&#9;&#9;&#9;&#9;&#9;gameState.victoryPoints--;&#13;&#10;&#9;&#9;&#9;&#9;&#9;&#9;&#9;}&#13;&#10;&#9;&#9;&#9;&#9;&#9;&#9;&#9;selected = true;&#13;&#10;&#9;&#9;&#9;&#9;&#9;&#9;} else {&#13;&#10;&#9;&#9;&#9;&#9;&#9;&#9;&#9;updateMsgBar(&quot;The ship you selected is invalid. Choose a different ship!&quot;);&#13;&#10;&#9;&#9;&#9;&#9;&#9;&#9;}&#13;&#10;&#9;&#9;&#9;&#9;&#9;}&#13;&#10;&#9;&#9;&#9;&#9;}&#13;&#10;&#13;&#10;&#9;&#9;&#9;&#9;updateGameStateDisplay();&#13;&#10;&#13;&#10;&#9;&#9;&#9;&#9;player.updatePlayerInfo();&#13;&#10;&#9;&#9;&#9;&#9;roleNum = (roleNum + 1) % players.size();&#13;&#10;&#13;&#10;&#9;&#9;&#9;}&#13;&#10;&#9;&#9;&#9;if (gameState.victoryPoints &lt;= 0) {&#13;&#10;&#9;&#9;&#9;&#9;gameState.isGameEndState = true;&#13;&#10;&#9;&#9;&#9;}&#13;&#10;&#9;&#9;&#9;// warehouse stuff&#13;&#10;&#9;&#9;&#9;for (int j = 0; j &lt; players.size(); j++) {&#13;&#10;&#9;&#9;&#9;&#9;player = players.get(roleNum);&#13;&#10;&#13;&#10;&#9;&#9;&#9;&#9;ArrayList&lt;String&gt; goodList = new ArrayList&lt;String&gt;();&#13;&#10;&#9;&#9;&#9;&#9;for (String s : player.getAllGoods()) {&#13;&#10;&#9;&#9;&#9;&#9;&#9;int n = player.getNumberOfGood(s);&#13;&#10;&#9;&#9;&#9;&#9;&#9;if (n &gt; 0) {&#13;&#10;&#9;&#9;&#9;&#9;&#9;&#9;goodList.add(s);&#13;&#10;&#9;&#9;&#9;&#9;&#9;}&#13;&#10;&#9;&#9;&#9;&#9;}&#13;&#10;&#9;&#9;&#9;&#9;goodList.add(&quot;Nothing&quot;);&#13;&#10;&#9;&#9;&#9;&#9;Object[] options = goodList.toArray();&#13;&#10;&#13;&#10;&#9;&#9;&#9;&#9;ArrayList&lt;String&gt; storeGood = new ArrayList&lt;String&gt;();&#13;&#10;&#9;&#9;&#9;&#9;int good = JOptionPane.showOptionDialog(this.mainframe,&#13;&#10;&#9;&#9;&#9;&#9;&#9;&#9;&quot;Choose a good to store!&quot;, &quot;Player &quot; + (roleNum),&#13;&#10;&#9;&#9;&#9;&#9;&#9;&#9;JOptionPane.YES_NO_CANCEL_OPTION,&#13;&#10;&#9;&#9;&#9;&#9;&#9;&#9;JOptionPane.QUESTION_MESSAGE, null, options,&#13;&#10;&#9;&#9;&#9;&#9;&#9;&#9;options[options.length - 1]);&#13;&#10;&#13;&#10;&#9;&#9;&#9;&#9;if (good != options.length - 1) {&#13;&#10;&#9;&#9;&#9;&#9;&#9;String goodString = (String) options[good];&#13;&#10;&#9;&#9;&#9;&#9;&#9;storeGood.add(goodString);&#13;&#10;&#9;&#9;&#9;&#9;&#9;player.sellGood(goodString, 1);&#13;&#10;&#9;&#9;&#9;&#9;}&#13;&#10;&#13;&#10;&#9;&#9;&#9;&#9;if (player.ownsOccupiedBuilding(&quot;Large Warehouse&quot;)) {&#13;&#10;&#9;&#9;&#9;&#9;&#9;goodList = new ArrayList&lt;String&gt;();&#13;&#10;&#9;&#9;&#9;&#9;&#9;for (String s : player.getAllGoods()) {&#13;&#10;&#9;&#9;&#9;&#9;&#9;&#9;int n = player.getNumberOfGood(s);&#13;&#10;&#9;&#9;&#9;&#9;&#9;&#9;if (n &gt; 0) {&#13;&#10;&#9;&#9;&#9;&#9;&#9;&#9;&#9;goodList.add(s);&#13;&#10;&#9;&#9;&#9;&#9;&#9;&#9;}&#13;&#10;&#9;&#9;&#9;&#9;&#9;}&#13;&#10;&#9;&#9;&#9;&#9;&#9;goodList.add(&quot;Nothing&quot;);&#13;&#10;&#9;&#9;&#9;&#9;&#9;options = goodList.toArray();&#13;&#10;&#9;&#9;&#9;&#9;&#9;int firstGood = JOptionPane.showOptionDialog(&#13;&#10;&#9;&#9;&#9;&#9;&#9;&#9;&#9;this.mainframe, &quot;Choose a good to store!&quot;,&#13;&#10;&#9;&#9;&#9;&#9;&#9;&#9;&#9;&quot;Player &quot; + (roleNum),&#13;&#10;&#9;&#9;&#9;&#9;&#9;&#9;&#9;JOptionPane.YES_NO_CANCEL_OPTION,&#13;&#10;&#9;&#9;&#9;&#9;&#9;&#9;&#9;JOptionPane.QUESTION_MESSAGE, null, options,&#13;&#10;&#9;&#9;&#9;&#9;&#9;&#9;&#9;options[options.length - 1]);&#13;&#10;&#9;&#9;&#9;&#9;&#9;if (firstGood != options.length - 1) {&#13;&#10;&#9;&#9;&#9;&#9;&#9;&#9;String goodString = (String) options[firstGood];&#13;&#10;&#9;&#9;&#9;&#9;&#9;&#9;storeGood.add(goodString);&#13;&#10;&#9;&#9;&#9;&#9;&#9;&#9;player.sellGood(goodString, 1);&#13;&#10;&#9;&#9;&#9;&#9;&#9;&#9;player.getBuilding(&quot;Large Warehouse&quot;).storedGood = options[firstGood]&#13;&#10;&#9;&#9;&#9;&#9;&#9;&#9;&#9;&#9;.toString();&#13;&#10;&#9;&#9;&#9;&#9;&#9;&#9;player.getBuilding(&quot;Large Warehouse&quot;).amountOfStoredGood++;&#13;&#10;&#9;&#9;&#9;&#9;&#9;}&#13;&#10;&#9;&#9;&#9;&#9;&#9;goodList = new ArrayList&lt;String&gt;();&#13;&#10;&#9;&#9;&#9;&#9;&#9;for (String s : player.getAllGoods()) {&#13;&#10;&#9;&#9;&#9;&#9;&#9;&#9;int n = player.getNumberOfGood(s);&#13;&#10;&#9;&#9;&#9;&#9;&#9;&#9;if (n &gt; 0) {&#13;&#10;&#9;&#9;&#9;&#9;&#9;&#9;&#9;goodList.add(s);&#13;&#10;&#9;&#9;&#9;&#9;&#9;&#9;}&#13;&#10;&#9;&#9;&#9;&#9;&#9;}&#13;&#10;&#9;&#9;&#9;&#9;&#9;goodList.add(&quot;Nothing&quot;);&#13;&#10;&#9;&#9;&#9;&#9;&#9;options = goodList.toArray();&#13;&#10;&#9;&#9;&#9;&#9;&#9;int secondGood = JOptionPane.showOptionDialog(&#13;&#10;&#9;&#9;&#9;&#9;&#9;&#9;&#9;this.mainframe, &quot;Choose a good to store!&quot;,&#13;&#10;&#9;&#9;&#9;&#9;&#9;&#9;&#9;&quot;Player &quot; + (roleNum),&#13;&#10;&#9;&#9;&#9;&#9;&#9;&#9;&#9;JOptionPane.YES_NO_CANCEL_OPTION,&#13;&#10;&#9;&#9;&#9;&#9;&#9;&#9;&#9;JOptionPane.QUESTION_MESSAGE, null, options,&#13;&#10;&#9;&#9;&#9;&#9;&#9;&#9;&#9;options[options.length - 1]);&#13;&#10;&#13;&#10;&#9;&#9;&#9;&#9;&#9;if (secondGood != options.length - 1) {&#13;&#10;&#9;&#9;&#9;&#9;&#9;&#9;String goodString = (String) options[secondGood];&#13;&#10;&#9;&#9;&#9;&#9;&#9;&#9;storeGood.add(goodString);&#13;&#10;&#9;&#9;&#9;&#9;&#9;&#9;player.sellGood(goodString, 1);&#13;&#10;&#9;&#9;&#9;&#9;&#9;&#9;player.getBuilding(&quot;Large Warehouse&quot;).storedGood = options[secondGood]&#13;&#10;&#9;&#9;&#9;&#9;&#9;&#9;&#9;&#9;.toString();&#13;&#10;&#9;&#9;&#9;&#9;&#9;&#9;player.getBuilding(&quot;Large Warehouse&quot;).amountOfStoredGood++;&#13;&#10;&#9;&#9;&#9;&#9;&#9;}&#13;&#10;&#9;&#9;&#9;&#9;}&#13;&#10;&#9;&#9;&#9;&#9;if (player.ownsOccupiedBuilding(&quot;Small Warehouse&quot;)) {&#13;&#10;&#9;&#9;&#9;&#9;&#9;goodList = new ArrayList&lt;String&gt;();&#13;&#10;&#9;&#9;&#9;&#9;&#9;for (String s : player.getAllGoods()) {&#13;&#10;&#9;&#9;&#9;&#9;&#9;&#9;int n = player.getNumberOfGood(s);&#13;&#10;&#9;&#9;&#9;&#9;&#9;&#9;if (n &gt; 0) {&#13;&#10;&#9;&#9;&#9;&#9;&#9;&#9;&#9;goodList.add(s);&#13;&#10;&#9;&#9;&#9;&#9;&#9;&#9;}&#13;&#10;&#9;&#9;&#9;&#9;&#9;}&#13;&#10;&#9;&#9;&#9;&#9;&#9;goodList.add(&quot;Nothing&quot;);&#13;&#10;&#9;&#9;&#9;&#9;&#9;options = goodList.toArray();&#13;&#10;&#9;&#9;&#9;&#9;&#9;int g = JOptionPane.showOptionDialog(this.mainframe,&#13;&#10;&#9;&#9;&#9;&#9;&#9;&#9;&#9;&quot;Choose a good to store!&quot;, &quot;Player &quot; + (roleNum),&#13;&#10;&#9;&#9;&#9;&#9;&#9;&#9;&#9;JOptionPane.YES_NO_CANCEL_OPTION,&#13;&#10;&#9;&#9;&#9;&#9;&#9;&#9;&#9;JOptionPane.QUESTION_MESSAGE, null, options,&#13;&#10;&#9;&#9;&#9;&#9;&#9;&#9;&#9;options[options.length - 1]);&#13;&#10;&#9;&#9;&#9;&#9;&#9;if (g != options.length - 1) {&#13;&#10;&#9;&#9;&#9;&#9;&#9;&#9;String goodString = (String) options[g];&#13;&#10;&#9;&#9;&#9;&#9;&#9;&#9;storeGood.add(goodString);&#13;&#10;&#9;&#9;&#9;&#9;&#9;&#9;player.sellGood(goodString, 1);&#13;&#10;&#9;&#9;&#9;&#9;&#9;&#9;player.getBuilding(&quot;Small Warehouse&quot;).storedGood = options[g]&#13;&#10;&#9;&#9;&#9;&#9;&#9;&#9;&#9;&#9;.toString();&#13;&#10;&#9;&#9;&#9;&#9;&#9;&#9;player.getBuilding(&quot;Small Warehouse&quot;).amountOfStoredGood++;&#13;&#10;&#9;&#9;&#9;&#9;&#9;}&#13;&#10;&#9;&#9;&#9;&#9;}&#13;&#10;&#13;&#10;&#9;&#9;&#9;&#9;for (String s : storeGood) {&#13;&#10;&#9;&#9;&#9;&#9;&#9;player.addGood(s, 1);&#13;&#10;&#9;&#9;&#9;&#9;}&#13;&#10;&#13;&#10;&#9;&#9;&#9;&#9;updateGameStateDisplay();&#13;&#10;&#9;&#9;&#9;&#9;player.updatePlayerInfo();&#13;&#10;&#9;&#9;&#9;&#9;roleNum = (roleNum + 1) % players.size();&#13;&#10;&#9;&#9;&#9;}&#13;&#10;&#13;&#10;&#9;&#9;} else if (role.equals(PlayerRoles.Prospector)) {&#13;&#10;&#9;&#9;&#9;// :do nothing&#13;&#10;&#9;&#9;&#9;player.setDoubloons(player.getDoubloons() + 1);&#13;&#10;&#9;&#9;}&#13;&#10;&#9;&#9;gameState.updateAtEndOfTurn();&#13;&#10;&#9;&#9;updateGameStateDisplay();&#13;&#10;&#13;&#10;&#9;}&#13;&#10;&#13;&#10;}&#13;&#10;" Filename="GameBoardGUI.java" Intrnl_Id="7"/>
<SrcFile Content="package csse376_puerto_rico;&#13;&#10;&#13;&#10;import java.awt.event.ActionEvent;&#13;&#10;import java.awt.event.ActionListener;&#13;&#10;&#13;&#10;import javax.swing.ButtonGroup;&#13;&#10;import javax.swing.JFrame;&#13;&#10;&#13;&#10;public class ButtonHandler implements ActionListener {&#13;&#10;&#9;&#13;&#10;&#9;private JFrame mainframe;&#13;&#10;&#9;private ButtonGroup bGroup;&#13;&#10;&#13;&#10;&#9;public ButtonHandler(JFrame frame, ButtonGroup group) {&#13;&#10;&#9;&#9;this.mainframe = frame;&#13;&#10;&#9;&#9;this.bGroup = group;&#13;&#10;&#9;}&#13;&#10;&#13;&#10;&#9;@Override&#13;&#10;&#9;public void actionPerformed(ActionEvent ae) {&#13;&#10;&#9;&#9;String action = ae.getActionCommand();&#13;&#10;&#9;&#9;if(action.equals(&quot;Quit&quot;)){&#13;&#10;&#9;&#9;&#9;System.exit(0);&#13;&#10;&#9;&#9;}else if(action.equals(&quot;New Game&quot;)){&#13;&#10;&#9;&#9;&#9;new StartUpGameBoardGUI(this.mainframe);&#13;&#10;&#9;&#9;}else if(action.equals(&quot;Start&quot;)){&#13;&#10;&#9;&#9;&#9;new GameBoardGUI(this.mainframe, this.bGroup);&#13;&#10;&#9;&#9;}else if(action.equals(&quot;Add Points&quot;)){&#13;&#10;&#9;&#9;&#9;&#13;&#10;&#9;&#9;}&#13;&#10;&#9;}&#13;&#10;&#13;&#10;}&#13;&#10;" Filename="ButtonHandler.java" Intrnl_Id="8"/>
<SrcFile Content="package csse376_puerto_rico;&#13;&#10;&#13;&#10;import java.util.ArrayList;&#13;&#10;import java.util.Arrays;&#13;&#10;import java.util.List;&#13;&#10;&#13;&#10;public class Buildings {&#13;&#10;&#13;&#10;&#9;private ArrayList&lt;Building&gt; buildings;&#13;&#10;&#9;private ArrayList&lt;String&gt; buildingNames = new ArrayList&lt;String&gt;(Arrays.asList(&quot;Small Indigo Plant&quot;,&#13;&#10;&#9;&#9;&#9;&quot;Small Sugar Mill&quot;, &quot;Small Market&quot;, &quot;Hacienda&quot;, &quot;Construction Hut&quot;,&#13;&#10;&#9;&#9;&#9;&quot;Small Warehouse&quot;, &quot;Indigo Plant&quot;, &quot;Sugar Mill&quot;, &quot;Hospice&quot;, &quot;Office&quot;,&#13;&#10;&#9;&#9;&#9;&quot;Large Market&quot;, &quot;Large Warehouse&quot;, &quot;Tobacco Storage&quot;, &quot;Coffee Roaster&quot;,&#13;&#10;&#9;&#9;&#9;&quot;Factory&quot;, &quot;University&quot;, &quot;Harbor&quot;, &quot;Wharf&quot;));&#13;&#10;&#13;&#10;&#9;public Buildings() {&#13;&#10;&#9;&#9;buildings = new ArrayList&lt;Building&gt;();&#13;&#10;&#13;&#10;&#9;&#9;for (String name : buildingNames) {&#13;&#10;&#9;&#9;&#9;buildings.add(new Building(name));&#13;&#10;&#9;&#9;}&#13;&#10;&#13;&#10;&#9;}&#13;&#10;&#13;&#10;&#9;public ArrayList&lt;Building&gt; getBuildings() {&#13;&#10;&#13;&#10;&#9;&#9;return buildings;&#13;&#10;&#9;}&#13;&#10;&#13;&#10;&#9;public ArrayList&lt;String&gt; getBuildingNames() {&#13;&#10;&#9;&#9;return buildingNames;&#13;&#10;&#9;}&#13;&#10;&#13;&#10;&#13;&#10;}&#13;&#10;" Filename="Buildings.java" Intrnl_Id="9"/>
<SrcFile Content="package csse376_puerto_rico;&#13;&#10;&#13;&#10;&#13;&#10;public class Building {&#13;&#10;&#13;&#10;&#9;public String name;&#13;&#10;&#9;public int cost;&#13;&#10;&#9;public int points;&#13;&#10;&#9;public int numberOfJobs;&#13;&#10;&#9;public int numberOfWorkers;&#13;&#10;&#13;&#10;&#9;public String storedGood;&#13;&#10;&#9;public int amountOfStoredGood;&#13;&#10;&#13;&#10;&#9;public Building(String name) {&#13;&#10;&#9;&#9;this.name = name;&#13;&#10;&#9;&#9;switch (name) {&#13;&#10;&#9;&#9;case &quot;Small Indigo Plant&quot;:&#13;&#10;&#9;&#9;&#9;cost = 1;&#13;&#10;&#9;&#9;&#9;points = 1;&#13;&#10;&#9;&#9;&#9;numberOfJobs = 1;&#13;&#10;&#9;&#9;&#9;numberOfWorkers = 0;&#13;&#10;&#9;&#9;&#9;break;&#13;&#10;&#13;&#10;&#9;&#9;case &quot;Small Sugar Mill&quot;:&#13;&#10;&#9;&#9;&#9;cost = 2;&#13;&#10;&#9;&#9;&#9;points = 1;&#13;&#10;&#9;&#9;&#9;numberOfJobs = 1;&#13;&#10;&#9;&#9;&#9;numberOfWorkers = 0;&#13;&#10;&#9;&#9;&#9;break;&#13;&#10;&#13;&#10;&#9;&#9;case &quot;Small Market&quot;:&#13;&#10;&#9;&#9;&#9;// plus doubloon with sale in trader phase&#13;&#10;&#9;&#9;&#9;cost = 1;&#13;&#10;&#9;&#9;&#9;points = 1;&#13;&#10;&#9;&#9;&#9;numberOfJobs = 1;&#13;&#10;&#9;&#9;&#9;numberOfWorkers = 0;&#13;&#10;&#9;&#9;&#9;break;&#13;&#10;&#13;&#10;&#9;&#9;case &quot;Hacienda&quot;:&#13;&#10;&#9;&#9;&#9;// plus plantation from supply in settler phase&#13;&#10;&#9;&#9;&#9;cost = 2;&#13;&#10;&#9;&#9;&#9;points = 1;&#13;&#10;&#9;&#9;&#9;numberOfJobs = 1;&#13;&#10;&#9;&#9;&#9;numberOfWorkers = 0;&#13;&#10;&#9;&#9;&#9;break;&#13;&#10;&#13;&#10;&#9;&#9;case &quot;Construction Hut&quot;:&#13;&#10;&#9;&#9;&#9;// quarry instead of plantation in settler phase&#13;&#10;&#9;&#9;&#9;cost = 2;&#13;&#10;&#9;&#9;&#9;points = 1;&#13;&#10;&#9;&#9;&#9;numberOfJobs = 1;&#13;&#10;&#9;&#9;&#9;numberOfWorkers = 0;&#13;&#10;&#9;&#9;&#9;break;&#13;&#10;&#13;&#10;&#9;&#9;case &quot;Small Warehouse&quot;:&#13;&#10;&#9;&#9;&#9;// store 1 kind of good in captain phase&#13;&#10;&#9;&#9;&#9;cost = 3;&#13;&#10;&#9;&#9;&#9;points = 1;&#13;&#10;&#9;&#9;&#9;numberOfJobs = 1;&#13;&#10;&#9;&#9;&#9;numberOfWorkers = 0;&#13;&#10;&#9;&#9;&#9;storedGood = &quot;&quot;;&#13;&#10;&#9;&#9;&#9;amountOfStoredGood = 0;&#13;&#10;&#9;&#9;&#9;break;&#13;&#10;&#13;&#10;&#9;&#9;case &quot;Indigo Plant&quot;:&#13;&#10;&#9;&#9;&#9;cost = 3;&#13;&#10;&#9;&#9;&#9;points = 2;&#13;&#10;&#9;&#9;&#9;numberOfJobs = 3;&#13;&#10;&#9;&#9;&#9;numberOfWorkers = 0;&#13;&#10;&#9;&#9;&#9;break;&#13;&#10;&#13;&#10;&#9;&#9;case &quot;Sugar Mill&quot;:&#13;&#10;&#9;&#9;&#9;cost = 4;&#13;&#10;&#9;&#9;&#9;points = 2;&#13;&#10;&#9;&#9;&#9;numberOfJobs = 3;&#13;&#10;&#9;&#9;&#9;numberOfWorkers = 0;&#13;&#10;&#9;&#9;&#9;break;&#13;&#10;&#13;&#10;&#9;&#9;case &quot;Hospice&quot;:&#13;&#10;&#9;&#9;&#9;// plus colonist for settling in settler phase&#13;&#10;&#9;&#9;&#9;cost = 4;&#13;&#10;&#9;&#9;&#9;points = 2;&#13;&#10;&#9;&#9;&#9;numberOfJobs = 1;&#13;&#10;&#9;&#9;&#9;numberOfWorkers = 0;&#13;&#10;&#9;&#9;&#9;break;&#13;&#10;&#13;&#10;&#9;&#9;case &quot;Office&quot;:&#13;&#10;&#9;&#9;&#9;// sell same kind of goods in trader phase&#13;&#10;&#9;&#9;&#9;cost = 5;&#13;&#10;&#9;&#9;&#9;points = 2;&#13;&#10;&#9;&#9;&#9;numberOfJobs = 1;&#13;&#10;&#9;&#9;&#9;numberOfWorkers = 0;&#13;&#10;&#9;&#9;&#9;break;&#13;&#10;&#13;&#10;&#9;&#9;case &quot;Large Market&quot;:&#13;&#10;&#9;&#9;&#9;// plus 2 doubloons with sale in trader phase&#13;&#10;&#9;&#9;&#9;cost = 5;&#13;&#10;&#9;&#9;&#9;points = 2;&#13;&#10;&#9;&#9;&#9;numberOfJobs = 1;&#13;&#10;&#9;&#9;&#9;numberOfWorkers = 0;&#13;&#10;&#9;&#9;&#9;break;&#13;&#10;&#13;&#10;&#9;&#9;case &quot;Large Warehouse&quot;:&#13;&#10;&#9;&#9;&#9;// stores 2 kinds of goods in captain phase&#13;&#10;&#9;&#9;&#9;cost = 6;&#13;&#10;&#9;&#9;&#9;points = 2;&#13;&#10;&#9;&#9;&#9;numberOfJobs = 1;&#13;&#10;&#9;&#9;&#9;numberOfWorkers = 0;&#13;&#10;&#9;&#9;&#9;storedGood = &quot;&quot;;&#13;&#10;&#9;&#9;&#9;amountOfStoredGood = 0;&#13;&#10;&#9;&#9;&#9;break;&#13;&#10;&#13;&#10;&#9;&#9;case &quot;Tobacco Storage&quot;:&#13;&#10;&#9;&#9;&#9;cost = 5;&#13;&#10;&#9;&#9;&#9;points = 3;&#13;&#10;&#9;&#9;&#9;numberOfJobs = 3;&#13;&#10;&#9;&#9;&#9;numberOfWorkers = 0;&#13;&#10;&#9;&#9;&#9;break;&#13;&#10;&#13;&#10;&#9;&#9;case &quot;Coffee Roaster&quot;:&#13;&#10;&#9;&#9;&#9;cost = 6;&#13;&#10;&#9;&#9;&#9;points = 3;&#13;&#10;&#9;&#9;&#9;numberOfJobs = 2;&#13;&#10;&#9;&#9;&#9;numberOfWorkers = 0;&#13;&#10;&#9;&#9;&#9;break;&#13;&#10;&#13;&#10;&#9;&#9;case &quot;Factory&quot;:&#13;&#10;&#9;&#9;&#9;// plus 0/1/2/3/5 doubloons with production in craftsman phase&#13;&#10;&#9;&#9;&#9;cost = 7;&#13;&#10;&#9;&#9;&#9;points = 3;&#13;&#10;&#9;&#9;&#9;numberOfJobs = 1;&#13;&#10;&#9;&#9;&#9;numberOfWorkers = 0;&#13;&#10;&#9;&#9;&#9;break;&#13;&#10;&#13;&#10;&#9;&#9;case &quot;University&quot;:&#13;&#10;&#9;&#9;&#9;// plus colonist for building in builder phase&#13;&#10;&#9;&#9;&#9;cost = 8;&#13;&#10;&#9;&#9;&#9;points = 3;&#13;&#10;&#9;&#9;&#9;numberOfJobs = 1;&#13;&#10;&#9;&#9;&#9;numberOfWorkers = 0;&#13;&#10;&#9;&#9;&#9;break;&#13;&#10;&#13;&#10;&#9;&#9;case &quot;Harbor&quot;:&#13;&#10;&#9;&#9;&#9;// plus victory point per delivery in captain phase&#13;&#10;&#9;&#9;&#9;cost = 8;&#13;&#10;&#9;&#9;&#9;points = 3;&#13;&#10;&#9;&#9;&#9;numberOfJobs = 1;&#13;&#10;&#9;&#9;&#9;numberOfWorkers = 0;&#13;&#10;&#9;&#9;&#9;break;&#13;&#10;&#13;&#10;&#9;&#9;case &quot;Wharf&quot;:&#13;&#10;&#9;&#9;&#9;// your own ship in captain phase&#13;&#10;&#9;&#9;&#9;cost = 9;&#13;&#10;&#9;&#9;&#9;points = 3;&#13;&#10;&#9;&#9;&#9;numberOfJobs = 1;&#13;&#10;&#9;&#9;&#9;numberOfWorkers = 0;&#13;&#10;&#9;&#9;&#9;break;&#13;&#10;&#13;&#10;&#9;&#9;default:&#13;&#10;&#9;&#9;&#9;cost = 0;&#13;&#10;&#9;&#9;&#9;points = 0;&#13;&#10;&#9;&#9;&#9;numberOfJobs = 0;&#13;&#10;&#9;&#9;&#9;numberOfWorkers = 0;&#13;&#10;&#9;&#9;}&#13;&#10;&#13;&#10;&#9;}&#13;&#10;&#13;&#10;&#9;public boolean isOccupied() {&#13;&#10;&#9;&#9;return ((this.numberOfJobs - this.numberOfWorkers) == 0);&#13;&#10;&#9;}&#13;&#10;}" Filename="Building.java" Intrnl_Id="10"/>
</SrcFileList>
<CritList>
<CritListEntry Name="org.codecover.model.utils.criteria.LoopCoverage" PluginName="org.codecover"/>
<CritListEntry Name="org.codecover.model.utils.criteria.BranchCoverage" PluginName="org.codecover"/>
<CritListEntry Name="org.codecover.model.utils.criteria.ConditionCoverage" PluginName="org.codecover"/>
<CritListEntry Name="org.codecover.model.utils.criteria.SynchronizedStatementCoverage" PluginName="org.codecover"/>
<CritListEntry Name="org.codecover.model.utils.criteria.QMOCoverage" PluginName="org.codecover"/>
<CritListEntry Name="org.codecover.model.utils.criteria.StatementCoverage" PluginName="org.codecover"/>
</CritList>
<BoolOpList>
<BoolOp Arity="1" Intrnl_Id="11" Name="not (!)">
<BoolAssgnmntBoolMapList>
<MapEntry BoolAssgnmnt="0" Value="true"/>
<MapEntry BoolAssgnmnt="1" Value="false"/>
</BoolAssgnmntBoolMapList>
</BoolOp>
<BoolOp Arity="2" Intrnl_Id="12" Name="conditional and (&amp;&amp;)">
<BoolAssgnmntBoolMapList>
<MapEntry BoolAssgnmnt="10" Value="false"/>
<MapEntry BoolAssgnmnt="02" Value="false"/>
<MapEntry BoolAssgnmnt="11" Value="true"/>
</BoolAssgnmntBoolMapList>
</BoolOp>
<BoolOp Arity="2" Intrnl_Id="13" Name="conditional or (||)">
<BoolAssgnmntBoolMapList>
<MapEntry BoolAssgnmnt="01" Value="true"/>
<MapEntry BoolAssgnmnt="00" Value="false"/>
<MapEntry BoolAssgnmnt="12" Value="true"/>
</BoolAssgnmntBoolMapList>
</BoolOp>
</BoolOpList>
<HierarchyLvlTypeList>
<HierarchyLvlType EnglishName="package" IntrnlName="package" Intrnl_Id="14"/>
<HierarchyLvlType EnglishName="class" IntrnlName="class" Intrnl_Id="15"/>
<HierarchyLvlType EnglishName="method" IntrnlName="method" Intrnl_Id="16"/>
<HierarchyLvlType EnglishName="default package" IntrnlName="default package" Intrnl_Id="17"/>
</HierarchyLvlTypeList>
<MASTRoot>
<HierarchyLvl HierarchyLvlId="4266" HierarchyLvlTypeId="17" Intrnl_Id="18" Name="default package">
<Header/>
<LocList/>
<HierarchyLvl HierarchyLvlId="4265" HierarchyLvlTypeId="14" Intrnl_Id="19" Name="csse376_puerto_rico">
<Header/>
<LocList/>
<HierarchyLvl HierarchyLvlId="4182" HierarchyLvlTypeId="15" Intrnl_Id="20" Name="StartUpGameBoardGUI">
<Header>
<Loc EndOffset="234" SrcFileId="1" StartOffset="202"/>
</Header>
<LocList>
<Loc EndOffset="1071" SrcFileId="1" StartOffset="202"/>
</LocList>
<HierarchyLvl HierarchyLvlId="4181" HierarchyLvlTypeId="16" Intrnl_Id="21" Name="StartUpGameBoardGUI">
<Header>
<Loc EndOffset="307" SrcFileId="1" StartOffset="267"/>
</Header>
<LocList>
<Loc EndOffset="1068" SrcFileId="1" StartOffset="267"/>
</LocList>
<StmntSeq Intrnl_Id="22">
<LocList>
<Loc EndOffset="335" SrcFileId="1" StartOffset="312"/>
<Loc EndOffset="382" SrcFileId="1" StartOffset="338"/>
<Loc EndOffset="430" SrcFileId="1" StartOffset="385"/>
<Loc EndOffset="475" SrcFileId="1" StartOffset="433"/>
<Loc EndOffset="520" SrcFileId="1" StartOffset="478"/>
<Loc EndOffset="556" SrcFileId="1" StartOffset="524"/>
<Loc EndOffset="600" SrcFileId="1" StartOffset="562"/>
<Loc EndOffset="650" SrcFileId="1" StartOffset="603"/>
<Loc EndOffset="701" SrcFileId="1" StartOffset="653"/>
<Loc EndOffset="752" SrcFileId="1" StartOffset="704"/>
<Loc EndOffset="770" SrcFileId="1" StartOffset="755"/>
<Loc EndOffset="788" SrcFileId="1" StartOffset="773"/>
<Loc EndOffset="806" SrcFileId="1" StartOffset="791"/>
<Loc EndOffset="855" SrcFileId="1" StartOffset="812"/>
<Loc EndOffset="930" SrcFileId="1" StartOffset="858"/>
<Loc EndOffset="955" SrcFileId="1" StartOffset="936"/>
<Loc EndOffset="977" SrcFileId="1" StartOffset="958"/>
<Loc EndOffset="999" SrcFileId="1" StartOffset="980"/>
<Loc EndOffset="1029" SrcFileId="1" StartOffset="1002"/>
<Loc EndOffset="1065" SrcFileId="1" StartOffset="1035"/>
</LocList>
<BasicStmnt CovItemId="S1" CovItemPrefix="csse376_puerto_rico.StartUpGameBoardGUI.java" Intrnl_Id="23">
<LocList>
<Loc EndOffset="335" SrcFileId="1" StartOffset="312"/>
</LocList>
</BasicStmnt>
<BasicStmnt CovItemId="S2" CovItemPrefix="csse376_puerto_rico.StartUpGameBoardGUI.java" Intrnl_Id="24">
<LocList>
<Loc EndOffset="382" SrcFileId="1" StartOffset="338"/>
</LocList>
</BasicStmnt>
<BasicStmnt CovItemId="S3" CovItemPrefix="csse376_puerto_rico.StartUpGameBoardGUI.java" Intrnl_Id="25">
<LocList>
<Loc EndOffset="430" SrcFileId="1" StartOffset="385"/>
</LocList>
</BasicStmnt>
<BasicStmnt CovItemId="S4" CovItemPrefix="csse376_puerto_rico.StartUpGameBoardGUI.java" Intrnl_Id="26">
<LocList>
<Loc EndOffset="475" SrcFileId="1" StartOffset="433"/>
</LocList>
</BasicStmnt>
<BasicStmnt CovItemId="S5" CovItemPrefix="csse376_puerto_rico.StartUpGameBoardGUI.java" Intrnl_Id="27">
<LocList>
<Loc EndOffset="520" SrcFileId="1" StartOffset="478"/>
</LocList>
</BasicStmnt>
<BasicStmnt CovItemId="S6" CovItemPrefix="csse376_puerto_rico.StartUpGameBoardGUI.java" Intrnl_Id="28">
<LocList>
<Loc EndOffset="556" SrcFileId="1" StartOffset="524"/>
</LocList>
</BasicStmnt>
<BasicStmnt CovItemId="S7" CovItemPrefix="csse376_puerto_rico.StartUpGameBoardGUI.java" Intrnl_Id="29">
<LocList>
<Loc EndOffset="600" SrcFileId="1" StartOffset="562"/>
</LocList>
</BasicStmnt>
<BasicStmnt CovItemId="S8" CovItemPrefix="csse376_puerto_rico.StartUpGameBoardGUI.java" Intrnl_Id="30">
<LocList>
<Loc EndOffset="650" SrcFileId="1" StartOffset="603"/>
</LocList>
</BasicStmnt>
<BasicStmnt CovItemId="S9" CovItemPrefix="csse376_puerto_rico.StartUpGameBoardGUI.java" Intrnl_Id="31">
<LocList>
<Loc EndOffset="701" SrcFileId="1" StartOffset="653"/>
</LocList>
</BasicStmnt>
<BasicStmnt CovItemId="S10" CovItemPrefix="csse376_puerto_rico.StartUpGameBoardGUI.java" Intrnl_Id="32">
<LocList>
<Loc EndOffset="752" SrcFileId="1" StartOffset="704"/>
</LocList>
</BasicStmnt>
<BasicStmnt CovItemId="S11" CovItemPrefix="csse376_puerto_rico.StartUpGameBoardGUI.java" Intrnl_Id="33">
<LocList>
<Loc EndOffset="770" SrcFileId="1" StartOffset="755"/>
</LocList>
</BasicStmnt>
<BasicStmnt CovItemId="S12" CovItemPrefix="csse376_puerto_rico.StartUpGameBoardGUI.java" Intrnl_Id="34">
<LocList>
<Loc EndOffset="788" SrcFileId="1" StartOffset="773"/>
</LocList>
</BasicStmnt>
<BasicStmnt CovItemId="S13" CovItemPrefix="csse376_puerto_rico.StartUpGameBoardGUI.java" Intrnl_Id="35">
<LocList>
<Loc EndOffset="806" SrcFileId="1" StartOffset="791"/>
</LocList>
</BasicStmnt>
<BasicStmnt CovItemId="S14" CovItemPrefix="csse376_puerto_rico.StartUpGameBoardGUI.java" Intrnl_Id="36">
<LocList>
<Loc EndOffset="855" SrcFileId="1" StartOffset="812"/>
</LocList>
</BasicStmnt>
<BasicStmnt CovItemId="S15" CovItemPrefix="csse376_puerto_rico.StartUpGameBoardGUI.java" Intrnl_Id="37">
<LocList>
<Loc EndOffset="930" SrcFileId="1" StartOffset="858"/>
</LocList>
</BasicStmnt>
<BasicStmnt CovItemId="S16" CovItemPrefix="csse376_puerto_rico.StartUpGameBoardGUI.java" Intrnl_Id="38">
<LocList>
<Loc EndOffset="955" SrcFileId="1" StartOffset="936"/>
</LocList>
</BasicStmnt>
<BasicStmnt CovItemId="S17" CovItemPrefix="csse376_puerto_rico.StartUpGameBoardGUI.java" Intrnl_Id="39">
<LocList>
<Loc EndOffset="977" SrcFileId="1" StartOffset="958"/>
</LocList>
</BasicStmnt>
<BasicStmnt CovItemId="S18" CovItemPrefix="csse376_puerto_rico.StartUpGameBoardGUI.java" Intrnl_Id="40">
<LocList>
<Loc EndOffset="999" SrcFileId="1" StartOffset="980"/>
</LocList>
</BasicStmnt>
<BasicStmnt CovItemId="S19" CovItemPrefix="csse376_puerto_rico.StartUpGameBoardGUI.java" Intrnl_Id="41">
<LocList>
<Loc EndOffset="1029" SrcFileId="1" StartOffset="1002"/>
</LocList>
</BasicStmnt>
<BasicStmnt CovItemId="S20" CovItemPrefix="csse376_puerto_rico.StartUpGameBoardGUI.java" Intrnl_Id="42">
<LocList>
<Loc EndOffset="1065" SrcFileId="1" StartOffset="1035"/>
</LocList>
</BasicStmnt>
</StmntSeq>
</HierarchyLvl>
</HierarchyLvl>
<HierarchyLvl HierarchyLvlId="4185" HierarchyLvlTypeId="15" Intrnl_Id="43" Name="PlayerRoles">
<Header>
<Loc EndOffset="184" SrcFileId="2" StartOffset="160"/>
</Header>
<LocList>
<Loc EndOffset="862" SrcFileId="2" StartOffset="160"/>
</LocList>
<StmntSeq Intrnl_Id="44">
<LocList>
<Loc EndOffset="236" SrcFileId="2" StartOffset="189"/>
<Loc EndOffset="286" SrcFileId="2" StartOffset="239"/>
<Loc EndOffset="340" SrcFileId="2" StartOffset="289"/>
<Loc EndOffset="388" SrcFileId="2" StartOffset="343"/>
<Loc EndOffset="438" SrcFileId="2" StartOffset="391"/>
<Loc EndOffset="494" SrcFileId="2" StartOffset="441"/>
<Loc EndOffset="540" SrcFileId="2" StartOffset="497"/>
</LocList>
<BasicStmnt CovItemId="S1" CovItemPrefix="csse376_puerto_rico.PlayerRoles.java" Intrnl_Id="45">
<LocList>
<Loc EndOffset="236" SrcFileId="2" StartOffset="189"/>
</LocList>
</BasicStmnt>
<BasicStmnt CovItemId="S2" CovItemPrefix="csse376_puerto_rico.PlayerRoles.java" Intrnl_Id="46">
<LocList>
<Loc EndOffset="286" SrcFileId="2" StartOffset="239"/>
</LocList>
</BasicStmnt>
<BasicStmnt CovItemId="S3" CovItemPrefix="csse376_puerto_rico.PlayerRoles.java" Intrnl_Id="47">
<LocList>
<Loc EndOffset="340" SrcFileId="2" StartOffset="289"/>
</LocList>
</BasicStmnt>
<BasicStmnt CovItemId="S4" CovItemPrefix="csse376_puerto_rico.PlayerRoles.java" Intrnl_Id="48">
<LocList>
<Loc EndOffset="388" SrcFileId="2" StartOffset="343"/>
</LocList>
</BasicStmnt>
<BasicStmnt CovItemId="S5" CovItemPrefix="csse376_puerto_rico.PlayerRoles.java" Intrnl_Id="49">
<LocList>
<Loc EndOffset="438" SrcFileId="2" StartOffset="391"/>
</LocList>
</BasicStmnt>
<BasicStmnt CovItemId="S6" CovItemPrefix="csse376_puerto_rico.PlayerRoles.java" Intrnl_Id="50">
<LocList>
<Loc EndOffset="494" SrcFileId="2" StartOffset="441"/>
</LocList>
</BasicStmnt>
<BasicStmnt CovItemId="S7" CovItemPrefix="csse376_puerto_rico.PlayerRoles.java" Intrnl_Id="51">
<LocList>
<Loc EndOffset="540" SrcFileId="2" StartOffset="497"/>
</LocList>
</BasicStmnt>
</StmntSeq>
<HierarchyLvl HierarchyLvlId="4183" HierarchyLvlTypeId="16" Intrnl_Id="52" Name="PlayerRoles">
<Header>
<Loc EndOffset="566" SrcFileId="2" StartOffset="545"/>
</Header>
<LocList>
<Loc EndOffset="595" SrcFileId="2" StartOffset="545"/>
</LocList>
</HierarchyLvl>
<HierarchyLvl HierarchyLvlId="4184" HierarchyLvlTypeId="16" Intrnl_Id="53" Name="getValues">
<Header>
<Loc EndOffset="638" SrcFileId="2" StartOffset="600"/>
</Header>
<LocList>
<Loc EndOffset="859" SrcFileId="2" StartOffset="600"/>
</LocList>
<StmntSeq Intrnl_Id="54">
<LocList>
<Loc EndOffset="687" SrcFileId="2" StartOffset="644"/>
<Loc EndOffset="710" SrcFileId="2" StartOffset="693"/>
<Loc EndOffset="731" SrcFileId="2" StartOffset="714"/>
<Loc EndOffset="754" SrcFileId="2" StartOffset="735"/>
<Loc EndOffset="774" SrcFileId="2" StartOffset="758"/>
<Loc EndOffset="795" SrcFileId="2" StartOffset="778"/>
<Loc EndOffset="819" SrcFileId="2" StartOffset="799"/>
<Loc EndOffset="838" SrcFileId="2" StartOffset="823"/>
<Loc EndOffset="855" SrcFileId="2" StartOffset="844"/>
</LocList>
<BasicStmnt CovItemId="S8" CovItemPrefix="csse376_puerto_rico.PlayerRoles.java" Intrnl_Id="55">
<LocList>
<Loc EndOffset="687" SrcFileId="2" StartOffset="644"/>
</LocList>
</BasicStmnt>
<BasicStmnt CovItemId="S9" CovItemPrefix="csse376_puerto_rico.PlayerRoles.java" Intrnl_Id="56">
<LocList>
<Loc EndOffset="710" SrcFileId="2" StartOffset="693"/>
</LocList>
</BasicStmnt>
<BasicStmnt CovItemId="S10" CovItemPrefix="csse376_puerto_rico.PlayerRoles.java" Intrnl_Id="57">
<LocList>
<Loc EndOffset="731" SrcFileId="2" StartOffset="714"/>
</LocList>
</BasicStmnt>
<BasicStmnt CovItemId="S11" CovItemPrefix="csse376_puerto_rico.PlayerRoles.java" Intrnl_Id="58">
<LocList>
<Loc EndOffset="754" SrcFileId="2" StartOffset="735"/>
</LocList>
</BasicStmnt>
<BasicStmnt CovItemId="S12" CovItemPrefix="csse376_puerto_rico.PlayerRoles.java" Intrnl_Id="59">
<LocList>
<Loc EndOffset="774" SrcFileId="2" StartOffset="758"/>
</LocList>
</BasicStmnt>
<BasicStmnt CovItemId="S13" CovItemPrefix="csse376_puerto_rico.PlayerRoles.java" Intrnl_Id="60">
<LocList>
<Loc EndOffset="795" SrcFileId="2" StartOffset="778"/>
</LocList>
</BasicStmnt>
<BasicStmnt CovItemId="S14" CovItemPrefix="csse376_puerto_rico.PlayerRoles.java" Intrnl_Id="61">
<LocList>
<Loc EndOffset="819" SrcFileId="2" StartOffset="799"/>
</LocList>
</BasicStmnt>
<BasicStmnt CovItemId="S15" CovItemPrefix="csse376_puerto_rico.PlayerRoles.java" Intrnl_Id="62">
<LocList>
<Loc EndOffset="838" SrcFileId="2" StartOffset="823"/>
</LocList>
</BasicStmnt>
<BasicStmnt CovItemId="S16" CovItemPrefix="csse376_puerto_rico.PlayerRoles.java" Intrnl_Id="63">
<LocList>
<Loc EndOffset="855" SrcFileId="2" StartOffset="844"/>
</LocList>
</BasicStmnt>
</StmntSeq>
</HierarchyLvl>
</HierarchyLvl>
<HierarchyLvl HierarchyLvlId="4223" HierarchyLvlTypeId="15" Intrnl_Id="64" Name="Player">
<Header>
<Loc EndOffset="192" SrcFileId="3" StartOffset="173"/>
</Header>
<LocList>
<Loc EndOffset="445" SrcFileId="3" StartOffset="173"/>
<Loc EndOffset="721" SrcFileId="3" StartOffset="716"/>
<Loc EndOffset="6730" SrcFileId="3" StartOffset="925"/>
</LocList>
<StmntSeq Intrnl_Id="65">
<LocList>
<Loc EndOffset="369" SrcFileId="3" StartOffset="346"/>
<Loc EndOffset="440" SrcFileId="3" StartOffset="374"/>
<Loc EndOffset="1002" SrcFileId="3" StartOffset="930"/>
<Loc EndOffset="1077" SrcFileId="3" StartOffset="1005"/>
<Loc EndOffset="1140" SrcFileId="3" StartOffset="1080"/>
</LocList>
<BasicStmnt CovItemId="S1" CovItemPrefix="csse376_puerto_rico.Player.java" Intrnl_Id="66">
<LocList>
<Loc EndOffset="369" SrcFileId="3" StartOffset="346"/>
</LocList>
</BasicStmnt>
<BasicStmnt CovItemId="S2" CovItemPrefix="csse376_puerto_rico.Player.java" Intrnl_Id="67">
<LocList>
<Loc EndOffset="440" SrcFileId="3" StartOffset="374"/>
</LocList>
</BasicStmnt>
<BasicStmnt CovItemId="S5" CovItemPrefix="csse376_puerto_rico.Player.java" Intrnl_Id="68">
<LocList>
<Loc EndOffset="1002" SrcFileId="3" StartOffset="930"/>
</LocList>
</BasicStmnt>
<BasicStmnt CovItemId="S6" CovItemPrefix="csse376_puerto_rico.Player.java" Intrnl_Id="69">
<LocList>
<Loc EndOffset="1077" SrcFileId="3" StartOffset="1005"/>
</LocList>
</BasicStmnt>
<BasicStmnt CovItemId="S7" CovItemPrefix="csse376_puerto_rico.Player.java" Intrnl_Id="70">
<LocList>
<Loc EndOffset="1140" SrcFileId="3" StartOffset="1080"/>
</LocList>
</BasicStmnt>
</StmntSeq>
<HierarchyLvl HierarchyLvlId="4186" HierarchyLvlTypeId="15" Intrnl_Id="71" Name="Good">
<Header>
<Loc EndOffset="469" SrcFileId="3" StartOffset="445"/>
</Header>
<LocList>
<Loc EndOffset="716" SrcFileId="3" StartOffset="445"/>
</LocList>
</HierarchyLvl>
<HierarchyLvl HierarchyLvlId="4188" HierarchyLvlTypeId="15" Intrnl_Id="72" Name="Plantation">
<Header>
<Loc EndOffset="751" SrcFileId="3" StartOffset="721"/>
</Header>
<LocList>
<Loc EndOffset="925" SrcFileId="3" StartOffset="721"/>
</LocList>
<HierarchyLvl HierarchyLvlId="4187" HierarchyLvlTypeId="16" Intrnl_Id="73" Name="Plantation">
<Header>
<Loc EndOffset="860" SrcFileId="3" StartOffset="811"/>
</Header>
<LocList>
<Loc EndOffset="921" SrcFileId="3" StartOffset="811"/>
</LocList>
<StmntSeq Intrnl_Id="74">
<LocList>
<Loc EndOffset="884" SrcFileId="3" StartOffset="867"/>
<Loc EndOffset="916" SrcFileId="3" StartOffset="889"/>
</LocList>
<BasicStmnt CovItemId="S3" CovItemPrefix="csse376_puerto_rico.Player.java" Intrnl_Id="75">
<LocList>
<Loc EndOffset="884" SrcFileId="3" StartOffset="867"/>
</LocList>
</BasicStmnt>
<BasicStmnt CovItemId="S4" CovItemPrefix="csse376_puerto_rico.Player.java" Intrnl_Id="76">
<LocList>
<Loc EndOffset="916" SrcFileId="3" StartOffset="889"/>
</LocList>
</BasicStmnt>
</StmntSeq>
</HierarchyLvl>
</HierarchyLvl>
<HierarchyLvl HierarchyLvlId="4189" HierarchyLvlTypeId="16" Intrnl_Id="77" Name="Player">
<Header>
<Loc EndOffset="1199" SrcFileId="3" StartOffset="1184"/>
</Header>
<LocList>
<Loc EndOffset="1396" SrcFileId="3" StartOffset="1184"/>
</LocList>
<StmntSeq Intrnl_Id="78">
<LocList>
<Loc EndOffset="1224" SrcFileId="3" StartOffset="1205"/>
<Loc EndOffset="1242" SrcFileId="3" StartOffset="1228"/>
<Loc EndOffset="1261" SrcFileId="3" StartOffset="1246"/>
<Loc EndOffset="1289" SrcFileId="3" StartOffset="1265"/>
<Loc EndOffset="1320" SrcFileId="3" StartOffset="1293"/>
<Loc EndOffset="1392" SrcFileId="3" StartOffset="1324"/>
</LocList>
<BasicStmnt CovItemId="S8" CovItemPrefix="csse376_puerto_rico.Player.java" Intrnl_Id="79">
<LocList>
<Loc EndOffset="1224" SrcFileId="3" StartOffset="1205"/>
</LocList>
</BasicStmnt>
<BasicStmnt CovItemId="S9" CovItemPrefix="csse376_puerto_rico.Player.java" Intrnl_Id="80">
<LocList>
<Loc EndOffset="1242" SrcFileId="3" StartOffset="1228"/>
</LocList>
</BasicStmnt>
<BasicStmnt CovItemId="S10" CovItemPrefix="csse376_puerto_rico.Player.java" Intrnl_Id="81">
<LocList>
<Loc EndOffset="1261" SrcFileId="3" StartOffset="1246"/>
</LocList>
</BasicStmnt>
<BasicStmnt CovItemId="S11" CovItemPrefix="csse376_puerto_rico.Player.java" Intrnl_Id="82">
<LocList>
<Loc EndOffset="1289" SrcFileId="3" StartOffset="1265"/>
</LocList>
</BasicStmnt>
<BasicStmnt CovItemId="S12" CovItemPrefix="csse376_puerto_rico.Player.java" Intrnl_Id="83">
<LocList>
<Loc EndOffset="1320" SrcFileId="3" StartOffset="1293"/>
</LocList>
</BasicStmnt>
<LoopStmnt CovItemId="S13" CovItemPrefix="csse376_puerto_rico.Player.java" Intrnl_Id="84" MltplExecId="L1-2" MltplExecPrefix="csse376_puerto_rico.Player.java" NvrExecId="L1-0" NvrExecPrefix="csse376_puerto_rico.Player.java" OnceExecutedId="L1-1" OnceExecutedPrefix="csse376_puerto_rico.Player.java" OptBodyExec="true">
<StmntSeq Intrnl_Id="85">
<LocList>
<Loc EndOffset="1387" SrcFileId="3" StartOffset="1366"/>
</LocList>
<BasicStmnt CovItemId="S14" CovItemPrefix="csse376_puerto_rico.Player.java" Intrnl_Id="86">
<LocList>
<Loc EndOffset="1387" SrcFileId="3" StartOffset="1366"/>
</LocList>
</BasicStmnt>
</StmntSeq>
<Keyword EndOffset="1327" SrcFileId="3" StartOffset="1324"/>
<LocList>
<Loc EndOffset="1392" SrcFileId="3" StartOffset="1324"/>
</LocList>
</LoopStmnt>
</StmntSeq>
</HierarchyLvl>
<HierarchyLvl HierarchyLvlId="4190" HierarchyLvlTypeId="16" Intrnl_Id="87" Name="Player">
<Header>
<Loc EndOffset="1427" SrcFileId="3" StartOffset="1401"/>
</Header>
<LocList>
<Loc EndOffset="1621" SrcFileId="3" StartOffset="1401"/>
</LocList>
<StmntSeq Intrnl_Id="88">
<LocList>
<Loc EndOffset="1450" SrcFileId="3" StartOffset="1433"/>
<Loc EndOffset="1473" SrcFileId="3" StartOffset="1454"/>
<Loc EndOffset="1501" SrcFileId="3" StartOffset="1477"/>
<Loc EndOffset="1525" SrcFileId="3" StartOffset="1505"/>
<Loc EndOffset="1545" SrcFileId="3" StartOffset="1529"/>
<Loc EndOffset="1617" SrcFileId="3" StartOffset="1549"/>
</LocList>
<BasicStmnt CovItemId="S15" CovItemPrefix="csse376_puerto_rico.Player.java" Intrnl_Id="89">
<LocList>
<Loc EndOffset="1450" SrcFileId="3" StartOffset="1433"/>
</LocList>
</BasicStmnt>
<BasicStmnt CovItemId="S16" CovItemPrefix="csse376_puerto_rico.Player.java" Intrnl_Id="90">
<LocList>
<Loc EndOffset="1473" SrcFileId="3" StartOffset="1454"/>
</LocList>
</BasicStmnt>
<BasicStmnt CovItemId="S17" CovItemPrefix="csse376_puerto_rico.Player.java" Intrnl_Id="91">
<LocList>
<Loc EndOffset="1501" SrcFileId="3" StartOffset="1477"/>
</LocList>
</BasicStmnt>
<BasicStmnt CovItemId="S18" CovItemPrefix="csse376_puerto_rico.Player.java" Intrnl_Id="92">
<LocList>
<Loc EndOffset="1525" SrcFileId="3" StartOffset="1505"/>
</LocList>
</BasicStmnt>
<BasicStmnt CovItemId="S19" CovItemPrefix="csse376_puerto_rico.Player.java" Intrnl_Id="93">
<LocList>
<Loc EndOffset="1545" SrcFileId="3" StartOffset="1529"/>
</LocList>
</BasicStmnt>
<LoopStmnt CovItemId="S20" CovItemPrefix="csse376_puerto_rico.Player.java" Intrnl_Id="94" MltplExecId="L2-2" MltplExecPrefix="csse376_puerto_rico.Player.java" NvrExecId="L2-0" NvrExecPrefix="csse376_puerto_rico.Player.java" OnceExecutedId="L2-1" OnceExecutedPrefix="csse376_puerto_rico.Player.java" OptBodyExec="true">
<StmntSeq Intrnl_Id="95">
<LocList>
<Loc EndOffset="1612" SrcFileId="3" StartOffset="1591"/>
</LocList>
<BasicStmnt CovItemId="S21" CovItemPrefix="csse376_puerto_rico.Player.java" Intrnl_Id="96">
<LocList>
<Loc EndOffset="1612" SrcFileId="3" StartOffset="1591"/>
</LocList>
</BasicStmnt>
</StmntSeq>
<Keyword EndOffset="1552" SrcFileId="3" StartOffset="1549"/>
<LocList>
<Loc EndOffset="1617" SrcFileId="3" StartOffset="1549"/>
</LocList>
</LoopStmnt>
</StmntSeq>
</HierarchyLvl>
<HierarchyLvl HierarchyLvlId="4191" HierarchyLvlTypeId="16" Intrnl_Id="97" Name="setPlayerNum">
<Header>
<Loc EndOffset="1657" SrcFileId="3" StartOffset="1626"/>
</Header>
<LocList>
<Loc EndOffset="1683" SrcFileId="3" StartOffset="1626"/>
</LocList>
<StmntSeq Intrnl_Id="98">
<LocList>
<Loc EndOffset="1677" SrcFileId="3" StartOffset="1663"/>
</LocList>
<BasicStmnt CovItemId="S22" CovItemPrefix="csse376_puerto_rico.Player.java" Intrnl_Id="99">
<LocList>
<Loc EndOffset="1677" SrcFileId="3" StartOffset="1663"/>
</LocList>
</BasicStmnt>
</StmntSeq>
</HierarchyLvl>
<HierarchyLvl HierarchyLvlId="4192" HierarchyLvlTypeId="16" Intrnl_Id="100" Name="getPlayerNum">
<Header>
<Loc EndOffset="1713" SrcFileId="3" StartOffset="1688"/>
</Header>
<LocList>
<Loc EndOffset="1740" SrcFileId="3" StartOffset="1688"/>
</LocList>
<StmntSeq Intrnl_Id="101">
<LocList>
<Loc EndOffset="1736" SrcFileId="3" StartOffset="1719"/>
</LocList>
<BasicStmnt CovItemId="S23" CovItemPrefix="csse376_puerto_rico.Player.java" Intrnl_Id="102">
<LocList>
<Loc EndOffset="1736" SrcFileId="3" StartOffset="1719"/>
</LocList>
</BasicStmnt>
</StmntSeq>
</HierarchyLvl>
<HierarchyLvl HierarchyLvlId="4193" HierarchyLvlTypeId="16" Intrnl_Id="103" Name="getRole">
<Header>
<Loc EndOffset="1768" SrcFileId="3" StartOffset="1745"/>
</Header>
<LocList>
<Loc EndOffset="1795" SrcFileId="3" StartOffset="1745"/>
</LocList>
<StmntSeq Intrnl_Id="104">
<LocList>
<Loc EndOffset="1791" SrcFileId="3" StartOffset="1774"/>
</LocList>
<BasicStmnt CovItemId="S24" CovItemPrefix="csse376_puerto_rico.Player.java" Intrnl_Id="105">
<LocList>
<Loc EndOffset="1791" SrcFileId="3" StartOffset="1774"/>
</LocList>
</BasicStmnt>
</StmntSeq>
</HierarchyLvl>
<HierarchyLvl HierarchyLvlId="4194" HierarchyLvlTypeId="16" Intrnl_Id="106" Name="getRoles">
<Header>
<Loc EndOffset="1837" SrcFileId="3" StartOffset="1800"/>
</Header>
<LocList>
<Loc EndOffset="1862" SrcFileId="3" StartOffset="1800"/>
</LocList>
<StmntSeq Intrnl_Id="107">
<LocList>
<Loc EndOffset="1858" SrcFileId="3" StartOffset="1845"/>
</LocList>
<BasicStmnt CovItemId="S25" CovItemPrefix="csse376_puerto_rico.Player.java" Intrnl_Id="108">
<LocList>
<Loc EndOffset="1858" SrcFileId="3" StartOffset="1845"/>
</LocList>
</BasicStmnt>
</StmntSeq>
</HierarchyLvl>
<HierarchyLvl HierarchyLvlId="4195" HierarchyLvlTypeId="16" Intrnl_Id="109" Name="getPoints">
<Header>
<Loc EndOffset="1889" SrcFileId="3" StartOffset="1867"/>
</Header>
<LocList>
<Loc EndOffset="1913" SrcFileId="3" StartOffset="1867"/>
</LocList>
<StmntSeq Intrnl_Id="110">
<LocList>
<Loc EndOffset="1909" SrcFileId="3" StartOffset="1895"/>
</LocList>
<BasicStmnt CovItemId="S26" CovItemPrefix="csse376_puerto_rico.Player.java" Intrnl_Id="111">
<LocList>
<Loc EndOffset="1909" SrcFileId="3" StartOffset="1895"/>
</LocList>
</BasicStmnt>
</StmntSeq>
</HierarchyLvl>
<HierarchyLvl HierarchyLvlId="4196" HierarchyLvlTypeId="16" Intrnl_Id="112" Name="getHUD">
<Header>
<Loc EndOffset="1943" SrcFileId="3" StartOffset="1918"/>
</Header>
<LocList>
<Loc EndOffset="1969" SrcFileId="3" StartOffset="1918"/>
</LocList>
<StmntSeq Intrnl_Id="113">
<LocList>
<Loc EndOffset="1965" SrcFileId="3" StartOffset="1949"/>
</LocList>
<BasicStmnt CovItemId="S27" CovItemPrefix="csse376_puerto_rico.Player.java" Intrnl_Id="114">
<LocList>
<Loc EndOffset="1965" SrcFileId="3" StartOffset="1949"/>
</LocList>
</BasicStmnt>
</StmntSeq>
</HierarchyLvl>
<HierarchyLvl HierarchyLvlId="4197" HierarchyLvlTypeId="16" Intrnl_Id="115" Name="setHUD">
<Header>
<Loc EndOffset="2007" SrcFileId="3" StartOffset="1974"/>
</Header>
<LocList>
<Loc EndOffset="2032" SrcFileId="3" StartOffset="1974"/>
</LocList>
<StmntSeq Intrnl_Id="116">
<LocList>
<Loc EndOffset="2028" SrcFileId="3" StartOffset="2013"/>
</LocList>
<BasicStmnt CovItemId="S28" CovItemPrefix="csse376_puerto_rico.Player.java" Intrnl_Id="117">
<LocList>
<Loc EndOffset="2028" SrcFileId="3" StartOffset="2013"/>
</LocList>
</BasicStmnt>
</StmntSeq>
</HierarchyLvl>
<HierarchyLvl HierarchyLvlId="4198" HierarchyLvlTypeId="16" Intrnl_Id="118" Name="isGovernor">
<Header>
<Loc EndOffset="2064" SrcFileId="3" StartOffset="2037"/>
</Header>
<LocList>
<Loc EndOffset="2092" SrcFileId="3" StartOffset="2037"/>
</LocList>
<StmntSeq Intrnl_Id="119">
<LocList>
<Loc EndOffset="2088" SrcFileId="3" StartOffset="2070"/>
</LocList>
<BasicStmnt CovItemId="S29" CovItemPrefix="csse376_puerto_rico.Player.java" Intrnl_Id="120">
<LocList>
<Loc EndOffset="2088" SrcFileId="3" StartOffset="2070"/>
</LocList>
</BasicStmnt>
</StmntSeq>
</HierarchyLvl>
<HierarchyLvl HierarchyLvlId="4199" HierarchyLvlTypeId="16" Intrnl_Id="121" Name="addPoints">
<Header>
<Loc EndOffset="2132" SrcFileId="3" StartOffset="2097"/>
</Header>
<LocList>
<Loc EndOffset="2179" SrcFileId="3" StartOffset="2097"/>
</LocList>
<StmntSeq Intrnl_Id="122">
<LocList>
<Loc EndOffset="2175" SrcFileId="3" StartOffset="2138"/>
</LocList>
<BasicStmnt CovItemId="S30" CovItemPrefix="csse376_puerto_rico.Player.java" Intrnl_Id="123">
<LocList>
<Loc EndOffset="2175" SrcFileId="3" StartOffset="2138"/>
</LocList>
</BasicStmnt>
</StmntSeq>
</HierarchyLvl>
<HierarchyLvl HierarchyLvlId="4200" HierarchyLvlTypeId="16" Intrnl_Id="124" Name="setPoints">
<Header>
<Loc EndOffset="2234" SrcFileId="3" StartOffset="2201"/>
</Header>
<LocList>
<Loc EndOffset="2314" SrcFileId="3" StartOffset="2201"/>
</LocList>
<StmntSeq Intrnl_Id="125">
<LocList>
<Loc EndOffset="2310" SrcFileId="3" StartOffset="2289"/>
</LocList>
<BasicStmnt CovItemId="S31" CovItemPrefix="csse376_puerto_rico.Player.java" Intrnl_Id="126">
<LocList>
<Loc EndOffset="2310" SrcFileId="3" StartOffset="2289"/>
</LocList>
</BasicStmnt>
</StmntSeq>
</HierarchyLvl>
<HierarchyLvl HierarchyLvlId="4201" HierarchyLvlTypeId="16" Intrnl_Id="127" Name="setRole">
<Header>
<Loc EndOffset="2353" SrcFileId="3" StartOffset="2319"/>
</Header>
<LocList>
<Loc EndOffset="2382" SrcFileId="3" StartOffset="2319"/>
</LocList>
<StmntSeq Intrnl_Id="128">
<LocList>
<Loc EndOffset="2378" SrcFileId="3" StartOffset="2359"/>
</LocList>
<BasicStmnt CovItemId="S32" CovItemPrefix="csse376_puerto_rico.Player.java" Intrnl_Id="129">
<LocList>
<Loc EndOffset="2378" SrcFileId="3" StartOffset="2359"/>
</LocList>
</BasicStmnt>
</StmntSeq>
</HierarchyLvl>
<HierarchyLvl HierarchyLvlId="4202" HierarchyLvlTypeId="16" Intrnl_Id="130" Name="addBuilding">
<Header>
<Loc EndOffset="2429" SrcFileId="3" StartOffset="2387"/>
</Header>
<LocList>
<Loc EndOffset="2463" SrcFileId="3" StartOffset="2387"/>
</LocList>
<StmntSeq Intrnl_Id="131">
<LocList>
<Loc EndOffset="2459" SrcFileId="3" StartOffset="2435"/>
</LocList>
<BasicStmnt CovItemId="S33" CovItemPrefix="csse376_puerto_rico.Player.java" Intrnl_Id="132">
<LocList>
<Loc EndOffset="2459" SrcFileId="3" StartOffset="2435"/>
</LocList>
</BasicStmnt>
</StmntSeq>
</HierarchyLvl>
<HierarchyLvl HierarchyLvlId="4203" HierarchyLvlTypeId="16" Intrnl_Id="133" Name="ownsBuilding">
<Header>
<Loc EndOffset="2512" SrcFileId="3" StartOffset="2468"/>
</Header>
<LocList>
<Loc EndOffset="2573" SrcFileId="3" StartOffset="2468"/>
</LocList>
<StmntSeq Intrnl_Id="134">
<LocList>
<Loc EndOffset="2569" SrcFileId="3" StartOffset="2518"/>
</LocList>
<BasicStmnt CovItemId="S34" CovItemPrefix="csse376_puerto_rico.Player.java" Intrnl_Id="135">
<LocList>
<Loc EndOffset="2569" SrcFileId="3" StartOffset="2518"/>
</LocList>
</BasicStmnt>
</StmntSeq>
</HierarchyLvl>
<HierarchyLvl HierarchyLvlId="4204" HierarchyLvlTypeId="16" Intrnl_Id="136" Name="ownsOccupiedBuilding">
<Header>
<Loc EndOffset="2630" SrcFileId="3" StartOffset="2578"/>
</Header>
<LocList>
<Loc EndOffset="2699" SrcFileId="3" StartOffset="2578"/>
</LocList>
<StmntSeq Intrnl_Id="137">
<LocList>
<Loc EndOffset="2695" SrcFileId="3" StartOffset="2636"/>
</LocList>
<BasicStmnt CovItemId="S35" CovItemPrefix="csse376_puerto_rico.Player.java" Intrnl_Id="138">
<LocList>
<Loc EndOffset="2695" SrcFileId="3" StartOffset="2636"/>
</LocList>
</BasicStmnt>
</StmntSeq>
</HierarchyLvl>
<HierarchyLvl HierarchyLvlId="4205" HierarchyLvlTypeId="16" Intrnl_Id="139" Name="getBuildingsStringList">
<Header>
<Loc EndOffset="2753" SrcFileId="3" StartOffset="2704"/>
</Header>
<LocList>
<Loc EndOffset="2891" SrcFileId="3" StartOffset="2704"/>
</LocList>
<StmntSeq Intrnl_Id="140">
<LocList>
<Loc EndOffset="2807" SrcFileId="3" StartOffset="2759"/>
<Loc EndOffset="2872" SrcFileId="3" StartOffset="2811"/>
<Loc EndOffset="2887" SrcFileId="3" StartOffset="2876"/>
</LocList>
<BasicStmnt CovItemId="S36" CovItemPrefix="csse376_puerto_rico.Player.java" Intrnl_Id="141">
<LocList>
<Loc EndOffset="2807" SrcFileId="3" StartOffset="2759"/>
</LocList>
</BasicStmnt>
<LoopStmnt CovItemId="S37" CovItemPrefix="csse376_puerto_rico.Player.java" Intrnl_Id="142" MltplExecId="L3-2" MltplExecPrefix="csse376_puerto_rico.Player.java" NvrExecId="L3-0" NvrExecPrefix="csse376_puerto_rico.Player.java" OnceExecutedId="L3-1" OnceExecutedPrefix="csse376_puerto_rico.Player.java" OptBodyExec="true">
<StmntSeq Intrnl_Id="143">
<LocList>
<Loc EndOffset="2867" SrcFileId="3" StartOffset="2851"/>
</LocList>
<BasicStmnt CovItemId="S38" CovItemPrefix="csse376_puerto_rico.Player.java" Intrnl_Id="144">
<LocList>
<Loc EndOffset="2867" SrcFileId="3" StartOffset="2851"/>
</LocList>
</BasicStmnt>
</StmntSeq>
<Keyword EndOffset="2814" SrcFileId="3" StartOffset="2811"/>
<LocList>
<Loc EndOffset="2872" SrcFileId="3" StartOffset="2811"/>
</LocList>
</LoopStmnt>
<BasicStmnt CovItemId="S39" CovItemPrefix="csse376_puerto_rico.Player.java" Intrnl_Id="145">
<LocList>
<Loc EndOffset="2887" SrcFileId="3" StartOffset="2876"/>
</LocList>
</BasicStmnt>
</StmntSeq>
</HierarchyLvl>
<HierarchyLvl HierarchyLvlId="4206" HierarchyLvlTypeId="16" Intrnl_Id="146" Name="getBuildings">
<Header>
<Loc EndOffset="2937" SrcFileId="3" StartOffset="2896"/>
</Header>
<LocList>
<Loc EndOffset="2969" SrcFileId="3" StartOffset="2896"/>
</LocList>
<StmntSeq Intrnl_Id="147">
<LocList>
<Loc EndOffset="2965" SrcFileId="3" StartOffset="2943"/>
</LocList>
<BasicStmnt CovItemId="S40" CovItemPrefix="csse376_puerto_rico.Player.java" Intrnl_Id="148">
<LocList>
<Loc EndOffset="2965" SrcFileId="3" StartOffset="2943"/>
</LocList>
</BasicStmnt>
</StmntSeq>
</HierarchyLvl>
<HierarchyLvl HierarchyLvlId="4207" HierarchyLvlTypeId="16" Intrnl_Id="149" Name="getBuilding">
<Header>
<Loc EndOffset="3018" SrcFileId="3" StartOffset="2974"/>
</Header>
<LocList>
<Loc EndOffset="3204" SrcFileId="3" StartOffset="2974"/>
</LocList>
<StmntSeq Intrnl_Id="150">
<LocList>
<Loc EndOffset="3184" SrcFileId="3" StartOffset="3024"/>
<Loc EndOffset="3200" SrcFileId="3" StartOffset="3188"/>
</LocList>
<CondStmnt CovItemId="S41" CovItemPrefix="csse376_puerto_rico.Player.java" Intrnl_Id="151">
<Branch CovItemId="B1" CovItemPrefix="csse376_puerto_rico.Player.java" Implct="false" Intrnl_Id="152">
<Cond/>
<LocList>
<Loc EndOffset="3184" SrcFileId="3" StartOffset="3078"/>
</LocList>
<StmntSeq Intrnl_Id="153">
<LocList>
<Loc EndOffset="3179" SrcFileId="3" StartOffset="3084"/>
</LocList>
<LoopStmnt CovItemId="S42" CovItemPrefix="csse376_puerto_rico.Player.java" Intrnl_Id="154" MltplExecId="L4-2" MltplExecPrefix="csse376_puerto_rico.Player.java" NvrExecId="L4-0" NvrExecPrefix="csse376_puerto_rico.Player.java" OnceExecutedId="L4-1" OnceExecutedPrefix="csse376_puerto_rico.Player.java" OptBodyExec="true">
<StmntSeq Intrnl_Id="155">
<LocList>
<Loc EndOffset="3173" SrcFileId="3" StartOffset="3125"/>
</LocList>
<CondStmnt CovItemId="S43" CovItemPrefix="csse376_puerto_rico.Player.java" Intrnl_Id="156">
<Branch CovItemId="B3" CovItemPrefix="csse376_puerto_rico.Player.java" Implct="false" Intrnl_Id="157">
<Cond/>
<LocList>
<Loc EndOffset="3173" SrcFileId="3" StartOffset="3149"/>
</LocList>
<StmntSeq Intrnl_Id="158">
<LocList>
<Loc EndOffset="3166" SrcFileId="3" StartOffset="3157"/>
</LocList>
<BasicStmnt CovItemId="S44" CovItemPrefix="csse376_puerto_rico.Player.java" Intrnl_Id="159">
<LocList>
<Loc EndOffset="3166" SrcFileId="3" StartOffset="3157"/>
</LocList>
</BasicStmnt>
</StmntSeq>
</Branch>
<Branch CovItemId="B4" CovItemPrefix="csse376_puerto_rico.Player.java" Implct="true" Intrnl_Id="160">
<Cond/>
<LocList/>
<StmntSeq Intrnl_Id="161">
<LocList/>
</StmntSeq>
</Branch>
<Keyword EndOffset="3127" SrcFileId="3" StartOffset="3125"/>
<LocList>
<Loc EndOffset="3173" SrcFileId="3" StartOffset="3125"/>
</LocList>
<RootTerm CovItemId="C2" CovItemPrefix="csse376_puerto_rico.Player.java" Intrnl_Id="162">
<BasicBoolTerm Intrnl_Id="163">
<LocList>
<Loc EndOffset="3147" SrcFileId="3" StartOffset="3129"/>
</LocList>
</BasicBoolTerm>
</RootTerm>
</CondStmnt>
</StmntSeq>
<Keyword EndOffset="3087" SrcFileId="3" StartOffset="3084"/>
<LocList>
<Loc EndOffset="3179" SrcFileId="3" StartOffset="3084"/>
</LocList>
</LoopStmnt>
</StmntSeq>
</Branch>
<Branch CovItemId="B2" CovItemPrefix="csse376_puerto_rico.Player.java" Implct="true" Intrnl_Id="164">
<Cond/>
<LocList/>
<StmntSeq Intrnl_Id="165">
<LocList/>
</StmntSeq>
</Branch>
<Keyword EndOffset="3026" SrcFileId="3" StartOffset="3024"/>
<LocList>
<Loc EndOffset="3184" SrcFileId="3" StartOffset="3024"/>
</LocList>
<RootTerm CovItemId="C1" CovItemPrefix="csse376_puerto_rico.Player.java" Intrnl_Id="166">
<BasicBoolTerm Intrnl_Id="167">
<LocList>
<Loc EndOffset="3076" SrcFileId="3" StartOffset="3028"/>
</LocList>
</BasicBoolTerm>
</RootTerm>
</CondStmnt>
<BasicStmnt CovItemId="S45" CovItemPrefix="csse376_puerto_rico.Player.java" Intrnl_Id="168">
<LocList>
<Loc EndOffset="3200" SrcFileId="3" StartOffset="3188"/>
</LocList>
</BasicStmnt>
</StmntSeq>
</HierarchyLvl>
<HierarchyLvl HierarchyLvlId="4208" HierarchyLvlTypeId="16" Intrnl_Id="169" Name="getOccupiedBuildings">
<Header>
<Loc EndOffset="3258" SrcFileId="3" StartOffset="3209"/>
</Header>
<LocList>
<Loc EndOffset="3482" SrcFileId="3" StartOffset="3209"/>
</LocList>
<StmntSeq Intrnl_Id="170">
<LocList>
<Loc EndOffset="3325" SrcFileId="3" StartOffset="3264"/>
<Loc EndOffset="3454" SrcFileId="3" StartOffset="3329"/>
<Loc EndOffset="3478" SrcFileId="3" StartOffset="3458"/>
</LocList>
<BasicStmnt CovItemId="S46" CovItemPrefix="csse376_puerto_rico.Player.java" Intrnl_Id="171">
<LocList>
<Loc EndOffset="3325" SrcFileId="3" StartOffset="3264"/>
</LocList>
</BasicStmnt>
<LoopStmnt CovItemId="S47" CovItemPrefix="csse376_puerto_rico.Player.java" Intrnl_Id="172" MltplExecId="L5-2" MltplExecPrefix="csse376_puerto_rico.Player.java" NvrExecId="L5-0" NvrExecPrefix="csse376_puerto_rico.Player.java" OnceExecutedId="L5-1" OnceExecutedPrefix="csse376_puerto_rico.Player.java" OptBodyExec="true">
<StmntSeq Intrnl_Id="173">
<LocList>
<Loc EndOffset="3449" SrcFileId="3" StartOffset="3369"/>
</LocList>
<CondStmnt CovItemId="S48" CovItemPrefix="csse376_puerto_rico.Player.java" Intrnl_Id="174">
<Branch CovItemId="B5" CovItemPrefix="csse376_puerto_rico.Player.java" Implct="false" Intrnl_Id="175">
<Cond/>
<LocList>
<Loc EndOffset="3449" SrcFileId="3" StartOffset="3416"/>
</LocList>
<StmntSeq Intrnl_Id="176">
<LocList>
<Loc EndOffset="3443" SrcFileId="3" StartOffset="3423"/>
</LocList>
<BasicStmnt CovItemId="S49" CovItemPrefix="csse376_puerto_rico.Player.java" Intrnl_Id="177">
<LocList>
<Loc EndOffset="3443" SrcFileId="3" StartOffset="3423"/>
</LocList>
</BasicStmnt>
</StmntSeq>
</Branch>
<Branch CovItemId="B6" CovItemPrefix="csse376_puerto_rico.Player.java" Implct="true" Intrnl_Id="178">
<Cond/>
<LocList/>
<StmntSeq Intrnl_Id="179">
<LocList/>
</StmntSeq>
</Branch>
<Keyword EndOffset="3371" SrcFileId="3" StartOffset="3369"/>
<LocList>
<Loc EndOffset="3449" SrcFileId="3" StartOffset="3369"/>
</LocList>
<RootTerm CovItemId="C3" CovItemPrefix="csse376_puerto_rico.Player.java" Intrnl_Id="180">
<BasicBoolTerm Intrnl_Id="181">
<LocList>
<Loc EndOffset="3414" SrcFileId="3" StartOffset="3373"/>
</LocList>
</BasicBoolTerm>
</RootTerm>
</CondStmnt>
</StmntSeq>
<Keyword EndOffset="3332" SrcFileId="3" StartOffset="3329"/>
<LocList>
<Loc EndOffset="3454" SrcFileId="3" StartOffset="3329"/>
</LocList>
</LoopStmnt>
<BasicStmnt CovItemId="S50" CovItemPrefix="csse376_puerto_rico.Player.java" Intrnl_Id="182">
<LocList>
<Loc EndOffset="3478" SrcFileId="3" StartOffset="3458"/>
</LocList>
</BasicStmnt>
</StmntSeq>
</HierarchyLvl>
<HierarchyLvl HierarchyLvlId="4209" HierarchyLvlTypeId="16" Intrnl_Id="183" Name="getOccupiedBuildingsStringList">
<Header>
<Loc EndOffset="3544" SrcFileId="3" StartOffset="3487"/>
</Header>
<LocList>
<Loc EndOffset="3695" SrcFileId="3" StartOffset="3487"/>
</LocList>
<StmntSeq Intrnl_Id="184">
<LocList>
<Loc EndOffset="3598" SrcFileId="3" StartOffset="3550"/>
<Loc EndOffset="3676" SrcFileId="3" StartOffset="3602"/>
<Loc EndOffset="3691" SrcFileId="3" StartOffset="3680"/>
</LocList>
<BasicStmnt CovItemId="S51" CovItemPrefix="csse376_puerto_rico.Player.java" Intrnl_Id="185">
<LocList>
<Loc EndOffset="3598" SrcFileId="3" StartOffset="3550"/>
</LocList>
</BasicStmnt>
<LoopStmnt CovItemId="S52" CovItemPrefix="csse376_puerto_rico.Player.java" Intrnl_Id="186" MltplExecId="L6-2" MltplExecPrefix="csse376_puerto_rico.Player.java" NvrExecId="L6-0" NvrExecPrefix="csse376_puerto_rico.Player.java" OnceExecutedId="L6-1" OnceExecutedPrefix="csse376_puerto_rico.Player.java" OptBodyExec="true">
<StmntSeq Intrnl_Id="187">
<LocList>
<Loc EndOffset="3671" SrcFileId="3" StartOffset="3655"/>
</LocList>
<BasicStmnt CovItemId="S53" CovItemPrefix="csse376_puerto_rico.Player.java" Intrnl_Id="188">
<LocList>
<Loc EndOffset="3671" SrcFileId="3" StartOffset="3655"/>
</LocList>
</BasicStmnt>
</StmntSeq>
<Keyword EndOffset="3605" SrcFileId="3" StartOffset="3602"/>
<LocList>
<Loc EndOffset="3676" SrcFileId="3" StartOffset="3602"/>
</LocList>
</LoopStmnt>
<BasicStmnt CovItemId="S54" CovItemPrefix="csse376_puerto_rico.Player.java" Intrnl_Id="189">
<LocList>
<Loc EndOffset="3691" SrcFileId="3" StartOffset="3680"/>
</LocList>
</BasicStmnt>
</StmntSeq>
</HierarchyLvl>
<HierarchyLvl HierarchyLvlId="4210" HierarchyLvlTypeId="16" Intrnl_Id="190" Name="getGoods">
<Header>
<Loc EndOffset="3730" SrcFileId="3" StartOffset="3700"/>
</Header>
<LocList>
<Loc EndOffset="4276" SrcFileId="3" StartOffset="3700"/>
</LocList>
<StmntSeq Intrnl_Id="191">
<LocList>
<Loc EndOffset="3785" SrcFileId="3" StartOffset="3742"/>
<Loc EndOffset="3869" SrcFileId="3" StartOffset="3789"/>
<Loc EndOffset="3956" SrcFileId="3" StartOffset="3873"/>
<Loc EndOffset="4029" SrcFileId="3" StartOffset="3960"/>
<Loc EndOffset="4105" SrcFileId="3" StartOffset="4033"/>
<Loc EndOffset="4189" SrcFileId="3" StartOffset="4109"/>
<Loc EndOffset="4257" SrcFileId="3" StartOffset="4193"/>
<Loc EndOffset="4272" SrcFileId="3" StartOffset="4261"/>
</LocList>
<BasicStmnt CovItemId="S55" CovItemPrefix="csse376_puerto_rico.Player.java" Intrnl_Id="192">
<LocList>
<Loc EndOffset="3785" SrcFileId="3" StartOffset="3742"/>
</LocList>
</BasicStmnt>
<BasicStmnt CovItemId="S56" CovItemPrefix="csse376_puerto_rico.Player.java" Intrnl_Id="193">
<LocList>
<Loc EndOffset="3869" SrcFileId="3" StartOffset="3789"/>
</LocList>
</BasicStmnt>
<BasicStmnt CovItemId="S57" CovItemPrefix="csse376_puerto_rico.Player.java" Intrnl_Id="194">
<LocList>
<Loc EndOffset="3956" SrcFileId="3" StartOffset="3873"/>
</LocList>
</BasicStmnt>
<BasicStmnt CovItemId="S58" CovItemPrefix="csse376_puerto_rico.Player.java" Intrnl_Id="195">
<LocList>
<Loc EndOffset="4029" SrcFileId="3" StartOffset="3960"/>
</LocList>
</BasicStmnt>
<BasicStmnt CovItemId="S59" CovItemPrefix="csse376_puerto_rico.Player.java" Intrnl_Id="196">
<LocList>
<Loc EndOffset="4105" SrcFileId="3" StartOffset="4033"/>
</LocList>
</BasicStmnt>
<BasicStmnt CovItemId="S60" CovItemPrefix="csse376_puerto_rico.Player.java" Intrnl_Id="197">
<LocList>
<Loc EndOffset="4189" SrcFileId="3" StartOffset="4109"/>
</LocList>
</BasicStmnt>
<BasicStmnt CovItemId="S61" CovItemPrefix="csse376_puerto_rico.Player.java" Intrnl_Id="198">
<LocList>
<Loc EndOffset="4257" SrcFileId="3" StartOffset="4193"/>
</LocList>
</BasicStmnt>
<BasicStmnt CovItemId="S62" CovItemPrefix="csse376_puerto_rico.Player.java" Intrnl_Id="199">
<LocList>
<Loc EndOffset="4272" SrcFileId="3" StartOffset="4261"/>
</LocList>
</BasicStmnt>
</StmntSeq>
</HierarchyLvl>
<HierarchyLvl HierarchyLvlId="4211" HierarchyLvlTypeId="16" Intrnl_Id="200" Name="getNumberOfGood">
<Header>
<Loc EndOffset="4320" SrcFileId="3" StartOffset="4281"/>
</Header>
<LocList>
<Loc EndOffset="4461" SrcFileId="3" StartOffset="4281"/>
</LocList>
<StmntSeq Intrnl_Id="201">
<LocList>
<Loc EndOffset="4423" SrcFileId="3" StartOffset="4369"/>
<Loc EndOffset="4455" SrcFileId="3" StartOffset="4427"/>
</LocList>
<CondStmnt CovItemId="S63" CovItemPrefix="csse376_puerto_rico.Player.java" Intrnl_Id="202">
<Branch CovItemId="B7" CovItemPrefix="csse376_puerto_rico.Player.java" Implct="false" Intrnl_Id="203">
<Cond/>
<LocList>
<Loc EndOffset="4423" SrcFileId="3" StartOffset="4403"/>
</LocList>
<StmntSeq Intrnl_Id="204">
<LocList>
<Loc EndOffset="4418" SrcFileId="3" StartOffset="4409"/>
</LocList>
<BasicStmnt CovItemId="S64" CovItemPrefix="csse376_puerto_rico.Player.java" Intrnl_Id="205">
<LocList>
<Loc EndOffset="4418" SrcFileId="3" StartOffset="4409"/>
</LocList>
</BasicStmnt>
</StmntSeq>
</Branch>
<Branch CovItemId="B8" CovItemPrefix="csse376_puerto_rico.Player.java" Implct="true" Intrnl_Id="206">
<Cond/>
<LocList/>
<StmntSeq Intrnl_Id="207">
<LocList/>
</StmntSeq>
</Branch>
<Keyword EndOffset="4371" SrcFileId="3" StartOffset="4369"/>
<LocList>
<Loc EndOffset="4423" SrcFileId="3" StartOffset="4369"/>
</LocList>
<RootTerm CovItemId="C4" CovItemPrefix="csse376_puerto_rico.Player.java" Intrnl_Id="208">
<BasicBoolTerm Intrnl_Id="209">
<LocList>
<Loc EndOffset="4401" SrcFileId="3" StartOffset="4373"/>
</LocList>
</BasicBoolTerm>
</RootTerm>
</CondStmnt>
<BasicStmnt CovItemId="S65" CovItemPrefix="csse376_puerto_rico.Player.java" Intrnl_Id="210">
<LocList>
<Loc EndOffset="4455" SrcFileId="3" StartOffset="4427"/>
</LocList>
</BasicStmnt>
</StmntSeq>
</HierarchyLvl>
<HierarchyLvl HierarchyLvlId="4212" HierarchyLvlTypeId="16" Intrnl_Id="211" Name="getAllGoods">
<Header>
<Loc EndOffset="4499" SrcFileId="3" StartOffset="4466"/>
</Header>
<LocList>
<Loc EndOffset="4665" SrcFileId="3" StartOffset="4466"/>
</LocList>
<StmntSeq Intrnl_Id="212">
<LocList>
<Loc EndOffset="4548" SrcFileId="3" StartOffset="4505"/>
<Loc EndOffset="4646" SrcFileId="3" StartOffset="4552"/>
<Loc EndOffset="4661" SrcFileId="3" StartOffset="4650"/>
</LocList>
<BasicStmnt CovItemId="S66" CovItemPrefix="csse376_puerto_rico.Player.java" Intrnl_Id="213">
<LocList>
<Loc EndOffset="4548" SrcFileId="3" StartOffset="4505"/>
</LocList>
</BasicStmnt>
<BasicStmnt CovItemId="S67" CovItemPrefix="csse376_puerto_rico.Player.java" Intrnl_Id="214">
<LocList>
<Loc EndOffset="4646" SrcFileId="3" StartOffset="4552"/>
</LocList>
</BasicStmnt>
<BasicStmnt CovItemId="S68" CovItemPrefix="csse376_puerto_rico.Player.java" Intrnl_Id="215">
<LocList>
<Loc EndOffset="4661" SrcFileId="3" StartOffset="4650"/>
</LocList>
</BasicStmnt>
</StmntSeq>
</HierarchyLvl>
<HierarchyLvl HierarchyLvlId="4213" HierarchyLvlTypeId="16" Intrnl_Id="216" Name="addGood">
<Header>
<Loc EndOffset="4714" SrcFileId="3" StartOffset="4670"/>
</Header>
<LocList>
<Loc EndOffset="4814" SrcFileId="3" StartOffset="4670"/>
</LocList>
<StmntSeq Intrnl_Id="217">
<LocList>
<Loc EndOffset="4810" SrcFileId="3" StartOffset="4758"/>
</LocList>
<BasicStmnt CovItemId="S69" CovItemPrefix="csse376_puerto_rico.Player.java" Intrnl_Id="218">
<LocList>
<Loc EndOffset="4810" SrcFileId="3" StartOffset="4758"/>
</LocList>
</BasicStmnt>
</StmntSeq>
</HierarchyLvl>
<HierarchyLvl HierarchyLvlId="4214" HierarchyLvlTypeId="16" Intrnl_Id="219" Name="toString">
<Header>
<Loc EndOffset="4855" SrcFileId="3" StartOffset="4819"/>
</Header>
<LocList>
<Loc EndOffset="5753" SrcFileId="3" StartOffset="4819"/>
</LocList>
<StmntSeq Intrnl_Id="220">
<LocList>
<Loc EndOffset="4877" SrcFileId="3" StartOffset="4861"/>
<Loc EndOffset="4906" SrcFileId="3" StartOffset="4881"/>
<Loc EndOffset="4956" SrcFileId="3" StartOffset="4910"/>
<Loc EndOffset="4987" SrcFileId="3" StartOffset="4960"/>
<Loc EndOffset="5113" SrcFileId="3" StartOffset="4991"/>
<Loc EndOffset="5253" SrcFileId="3" StartOffset="5117"/>
<Loc EndOffset="5734" SrcFileId="3" StartOffset="5257"/>
<Loc EndOffset="5749" SrcFileId="3" StartOffset="5738"/>
</LocList>
<BasicStmnt CovItemId="S70" CovItemPrefix="csse376_puerto_rico.Player.java" Intrnl_Id="221">
<LocList>
<Loc EndOffset="4877" SrcFileId="3" StartOffset="4861"/>
</LocList>
</BasicStmnt>
<BasicStmnt CovItemId="S71" CovItemPrefix="csse376_puerto_rico.Player.java" Intrnl_Id="222">
<LocList>
<Loc EndOffset="4906" SrcFileId="3" StartOffset="4881"/>
</LocList>
</BasicStmnt>
<BasicStmnt CovItemId="S72" CovItemPrefix="csse376_puerto_rico.Player.java" Intrnl_Id="223">
<LocList>
<Loc EndOffset="4956" SrcFileId="3" StartOffset="4910"/>
</LocList>
</BasicStmnt>
<BasicStmnt CovItemId="S73" CovItemPrefix="csse376_puerto_rico.Player.java" Intrnl_Id="224">
<LocList>
<Loc EndOffset="4987" SrcFileId="3" StartOffset="4960"/>
</LocList>
</BasicStmnt>
<LoopStmnt CovItemId="S74" CovItemPrefix="csse376_puerto_rico.Player.java" Intrnl_Id="225" MltplExecId="L7-2" MltplExecPrefix="csse376_puerto_rico.Player.java" NvrExecId="L7-0" NvrExecPrefix="csse376_puerto_rico.Player.java" OnceExecutedId="L7-1" OnceExecutedPrefix="csse376_puerto_rico.Player.java" OptBodyExec="true">
<StmntSeq Intrnl_Id="226">
<LocList>
<Loc EndOffset="5108" SrcFileId="3" StartOffset="5045"/>
</LocList>
<BasicStmnt CovItemId="S75" CovItemPrefix="csse376_puerto_rico.Player.java" Intrnl_Id="227">
<LocList>
<Loc EndOffset="5108" SrcFileId="3" StartOffset="5045"/>
</LocList>
</BasicStmnt>
</StmntSeq>
<Keyword EndOffset="4994" SrcFileId="3" StartOffset="4991"/>
<LocList>
<Loc EndOffset="5113" SrcFileId="3" StartOffset="4991"/>
</LocList>
<RootTerm CovItemId="C5" CovItemPrefix="csse376_puerto_rico.Player.java" Intrnl_Id="228">
<BasicBoolTerm Intrnl_Id="229">
<LocList>
<Loc EndOffset="5032" SrcFileId="3" StartOffset="5007"/>
</LocList>
</BasicBoolTerm>
</RootTerm>
</LoopStmnt>
<LoopStmnt CovItemId="S76" CovItemPrefix="csse376_puerto_rico.Player.java" Intrnl_Id="230" MltplExecId="L8-2" MltplExecPrefix="csse376_puerto_rico.Player.java" NvrExecId="L8-0" NvrExecPrefix="csse376_puerto_rico.Player.java" OnceExecutedId="L8-1" OnceExecutedPrefix="csse376_puerto_rico.Player.java" OptBodyExec="true">
<StmntSeq Intrnl_Id="231">
<LocList>
<Loc EndOffset="5248" SrcFileId="3" StartOffset="5173"/>
</LocList>
<BasicStmnt CovItemId="S77" CovItemPrefix="csse376_puerto_rico.Player.java" Intrnl_Id="232">
<LocList>
<Loc EndOffset="5248" SrcFileId="3" StartOffset="5173"/>
</LocList>
</BasicStmnt>
</StmntSeq>
<Keyword EndOffset="5120" SrcFileId="3" StartOffset="5117"/>
<LocList>
<Loc EndOffset="5253" SrcFileId="3" StartOffset="5117"/>
</LocList>
<RootTerm CovItemId="C6" CovItemPrefix="csse376_puerto_rico.Player.java" Intrnl_Id="233">
<BasicBoolTerm Intrnl_Id="234">
<LocList>
<Loc EndOffset="5160" SrcFileId="3" StartOffset="5133"/>
</LocList>
</BasicBoolTerm>
</RootTerm>
</LoopStmnt>
<CondStmnt CovItemId="S78" CovItemPrefix="csse376_puerto_rico.Player.java" Intrnl_Id="235">
<Branch CovItemId="B9" CovItemPrefix="csse376_puerto_rico.Player.java" Implct="false" Intrnl_Id="236">
<Cond/>
<LocList>
<Loc EndOffset="5506" SrcFileId="3" StartOffset="5273"/>
</LocList>
<StmntSeq Intrnl_Id="237">
<LocList>
<Loc EndOffset="5501" SrcFileId="3" StartOffset="5279"/>
</LocList>
<BasicStmnt CovItemId="S79" CovItemPrefix="csse376_puerto_rico.Player.java" Intrnl_Id="238">
<LocList>
<Loc EndOffset="5501" SrcFileId="3" StartOffset="5279"/>
</LocList>
</BasicStmnt>
</StmntSeq>
</Branch>
<Branch CovItemId="B10" CovItemPrefix="csse376_puerto_rico.Player.java" Implct="false" Intrnl_Id="239">
<Cond>
<Loc EndOffset="5511" SrcFileId="3" StartOffset="5507"/>
</Cond>
<LocList>
<Loc EndOffset="5734" SrcFileId="3" StartOffset="5512"/>
</LocList>
<StmntSeq Intrnl_Id="240">
<LocList>
<Loc EndOffset="5729" SrcFileId="3" StartOffset="5518"/>
</LocList>
<BasicStmnt CovItemId="S80" CovItemPrefix="csse376_puerto_rico.Player.java" Intrnl_Id="241">
<LocList>
<Loc EndOffset="5729" SrcFileId="3" StartOffset="5518"/>
</LocList>
</BasicStmnt>
</StmntSeq>
</Branch>
<Keyword EndOffset="5259" SrcFileId="3" StartOffset="5257"/>
<LocList>
<Loc EndOffset="5734" SrcFileId="3" StartOffset="5257"/>
</LocList>
<RootTerm CovItemId="C7" CovItemPrefix="csse376_puerto_rico.Player.java" Intrnl_Id="242">
<BasicBoolTerm Intrnl_Id="243">
<LocList>
<Loc EndOffset="5271" SrcFileId="3" StartOffset="5261"/>
</LocList>
</BasicBoolTerm>
</RootTerm>
</CondStmnt>
<BasicStmnt CovItemId="S81" CovItemPrefix="csse376_puerto_rico.Player.java" Intrnl_Id="244">
<LocList>
<Loc EndOffset="5749" SrcFileId="3" StartOffset="5738"/>
</LocList>
</BasicStmnt>
</StmntSeq>
</HierarchyLvl>
<HierarchyLvl HierarchyLvlId="4215" HierarchyLvlTypeId="16" Intrnl_Id="245" Name="updatePlayerInfo">
<Header>
<Loc EndOffset="5788" SrcFileId="3" StartOffset="5758"/>
</Header>
<LocList>
<Loc EndOffset="5832" SrcFileId="3" StartOffset="5758"/>
</LocList>
<StmntSeq Intrnl_Id="246">
<LocList>
<Loc EndOffset="5828" SrcFileId="3" StartOffset="5794"/>
</LocList>
<BasicStmnt CovItemId="S82" CovItemPrefix="csse376_puerto_rico.Player.java" Intrnl_Id="247">
<LocList>
<Loc EndOffset="5828" SrcFileId="3" StartOffset="5794"/>
</LocList>
</BasicStmnt>
</StmntSeq>
</HierarchyLvl>
<HierarchyLvl HierarchyLvlId="4216" HierarchyLvlTypeId="16" Intrnl_Id="248" Name="getPlantations">
<Header>
<Loc EndOffset="5882" SrcFileId="3" StartOffset="5837"/>
</Header>
<LocList>
<Loc EndOffset="5916" SrcFileId="3" StartOffset="5837"/>
</LocList>
<StmntSeq Intrnl_Id="249">
<LocList>
<Loc EndOffset="5912" SrcFileId="3" StartOffset="5888"/>
</LocList>
<BasicStmnt CovItemId="S83" CovItemPrefix="csse376_puerto_rico.Player.java" Intrnl_Id="250">
<LocList>
<Loc EndOffset="5912" SrcFileId="3" StartOffset="5888"/>
</LocList>
</BasicStmnt>
</StmntSeq>
</HierarchyLvl>
<HierarchyLvl HierarchyLvlId="4217" HierarchyLvlTypeId="16" Intrnl_Id="251" Name="addPlantations">
<Header>
<Loc EndOffset="5963" SrcFileId="3" StartOffset="5921"/>
</Header>
<LocList>
<Loc EndOffset="5999" SrcFileId="3" StartOffset="5921"/>
</LocList>
<StmntSeq Intrnl_Id="252">
<LocList>
<Loc EndOffset="5995" SrcFileId="3" StartOffset="5969"/>
</LocList>
<BasicStmnt CovItemId="S84" CovItemPrefix="csse376_puerto_rico.Player.java" Intrnl_Id="253">
<LocList>
<Loc EndOffset="5995" SrcFileId="3" StartOffset="5969"/>
</LocList>
</BasicStmnt>
</StmntSeq>
</HierarchyLvl>
<HierarchyLvl HierarchyLvlId="4218" HierarchyLvlTypeId="16" Intrnl_Id="254" Name="getPlantationsStringList">
<Header>
<Loc EndOffset="6055" SrcFileId="3" StartOffset="6004"/>
</Header>
<LocList>
<Loc EndOffset="6197" SrcFileId="3" StartOffset="6004"/>
</LocList>
<StmntSeq Intrnl_Id="255">
<LocList>
<Loc EndOffset="6109" SrcFileId="3" StartOffset="6061"/>
<Loc EndOffset="6178" SrcFileId="3" StartOffset="6113"/>
<Loc EndOffset="6193" SrcFileId="3" StartOffset="6182"/>
</LocList>
<BasicStmnt CovItemId="S85" CovItemPrefix="csse376_puerto_rico.Player.java" Intrnl_Id="256">
<LocList>
<Loc EndOffset="6109" SrcFileId="3" StartOffset="6061"/>
</LocList>
</BasicStmnt>
<LoopStmnt CovItemId="S86" CovItemPrefix="csse376_puerto_rico.Player.java" Intrnl_Id="257" MltplExecId="L9-2" MltplExecPrefix="csse376_puerto_rico.Player.java" NvrExecId="L9-0" NvrExecPrefix="csse376_puerto_rico.Player.java" OnceExecutedId="L9-1" OnceExecutedPrefix="csse376_puerto_rico.Player.java" OptBodyExec="true">
<StmntSeq Intrnl_Id="258">
<LocList>
<Loc EndOffset="6173" SrcFileId="3" StartOffset="6157"/>
</LocList>
<BasicStmnt CovItemId="S87" CovItemPrefix="csse376_puerto_rico.Player.java" Intrnl_Id="259">
<LocList>
<Loc EndOffset="6173" SrcFileId="3" StartOffset="6157"/>
</LocList>
</BasicStmnt>
</StmntSeq>
<Keyword EndOffset="6116" SrcFileId="3" StartOffset="6113"/>
<LocList>
<Loc EndOffset="6178" SrcFileId="3" StartOffset="6113"/>
</LocList>
</LoopStmnt>
<BasicStmnt CovItemId="S88" CovItemPrefix="csse376_puerto_rico.Player.java" Intrnl_Id="260">
<LocList>
<Loc EndOffset="6193" SrcFileId="3" StartOffset="6182"/>
</LocList>
</BasicStmnt>
</StmntSeq>
</HierarchyLvl>
<HierarchyLvl HierarchyLvlId="4219" HierarchyLvlTypeId="16" Intrnl_Id="261" Name="checkPlantation">
<Header>
<Loc EndOffset="6354" SrcFileId="3" StartOffset="6325"/>
</Header>
<LocList>
<Loc EndOffset="6499" SrcFileId="3" StartOffset="6325"/>
</LocList>
<StmntSeq Intrnl_Id="262">
<LocList>
<Loc EndOffset="6495" SrcFileId="3" StartOffset="6360"/>
</LocList>
<LoopStmnt CovItemId="S89" CovItemPrefix="csse376_puerto_rico.Player.java" Intrnl_Id="263" MltplExecId="L10-2" MltplExecPrefix="csse376_puerto_rico.Player.java" NvrExecId="L10-0" NvrExecPrefix="csse376_puerto_rico.Player.java" OnceExecutedId="L10-1" OnceExecutedPrefix="csse376_puerto_rico.Player.java" OptBodyExec="true">
<StmntSeq Intrnl_Id="264">
<LocList>
<Loc EndOffset="6490" SrcFileId="3" StartOffset="6404"/>
</LocList>
<CondStmnt CovItemId="S90" CovItemPrefix="csse376_puerto_rico.Player.java" Intrnl_Id="265">
<Branch CovItemId="B11" CovItemPrefix="csse376_puerto_rico.Player.java" Implct="false" Intrnl_Id="266">
<Cond/>
<LocList>
<Loc EndOffset="6490" SrcFileId="3" StartOffset="6421"/>
</LocList>
<StmntSeq Intrnl_Id="267">
<LocList>
<Loc EndOffset="6484" SrcFileId="3" StartOffset="6460"/>
</LocList>
<BasicStmnt CovItemId="S91" CovItemPrefix="csse376_puerto_rico.Player.java" Intrnl_Id="268">
<LocList>
<Loc EndOffset="6484" SrcFileId="3" StartOffset="6460"/>
</LocList>
</BasicStmnt>
</StmntSeq>
</Branch>
<Branch CovItemId="B12" CovItemPrefix="csse376_puerto_rico.Player.java" Implct="true" Intrnl_Id="269">
<Cond/>
<LocList/>
<StmntSeq Intrnl_Id="270">
<LocList/>
</StmntSeq>
</Branch>
<Keyword EndOffset="6406" SrcFileId="3" StartOffset="6404"/>
<LocList>
<Loc EndOffset="6490" SrcFileId="3" StartOffset="6404"/>
</LocList>
<RootTerm CovItemId="C8" CovItemPrefix="csse376_puerto_rico.Player.java" Intrnl_Id="271">
<BasicBoolTerm Intrnl_Id="272">
<LocList>
<Loc EndOffset="6419" SrcFileId="3" StartOffset="6408"/>
</LocList>
</BasicBoolTerm>
</RootTerm>
</CondStmnt>
</StmntSeq>
<Keyword EndOffset="6363" SrcFileId="3" StartOffset="6360"/>
<LocList>
<Loc EndOffset="6495" SrcFileId="3" StartOffset="6360"/>
</LocList>
</LoopStmnt>
</StmntSeq>
</HierarchyLvl>
<HierarchyLvl HierarchyLvlId="4220" HierarchyLvlTypeId="16" Intrnl_Id="273" Name="getDoubloons">
<Header>
<Loc EndOffset="6529" SrcFileId="3" StartOffset="6504"/>
</Header>
<LocList>
<Loc EndOffset="6561" SrcFileId="3" StartOffset="6504"/>
</LocList>
<StmntSeq Intrnl_Id="274">
<LocList>
<Loc EndOffset="6557" SrcFileId="3" StartOffset="6535"/>
</LocList>
<BasicStmnt CovItemId="S92" CovItemPrefix="csse376_puerto_rico.Player.java" Intrnl_Id="275">
<LocList>
<Loc EndOffset="6557" SrcFileId="3" StartOffset="6535"/>
</LocList>
</BasicStmnt>
</StmntSeq>
</HierarchyLvl>
<HierarchyLvl HierarchyLvlId="4221" HierarchyLvlTypeId="16" Intrnl_Id="276" Name="setDoubloons">
<Header>
<Loc EndOffset="6599" SrcFileId="3" StartOffset="6566"/>
</Header>
<LocList>
<Loc EndOffset="6630" SrcFileId="3" StartOffset="6566"/>
</LocList>
<StmntSeq Intrnl_Id="277">
<LocList>
<Loc EndOffset="6626" SrcFileId="3" StartOffset="6605"/>
</LocList>
<BasicStmnt CovItemId="S93" CovItemPrefix="csse376_puerto_rico.Player.java" Intrnl_Id="278">
<LocList>
<Loc EndOffset="6626" SrcFileId="3" StartOffset="6605"/>
</LocList>
</BasicStmnt>
</StmntSeq>
</HierarchyLvl>
<HierarchyLvl HierarchyLvlId="4222" HierarchyLvlTypeId="16" Intrnl_Id="279" Name="sellGood">
<Header>
<Loc EndOffset="6672" SrcFileId="3" StartOffset="6635"/>
</Header>
<LocList>
<Loc EndOffset="6725" SrcFileId="3" StartOffset="6635"/>
</LocList>
<StmntSeq Intrnl_Id="280">
<LocList>
<Loc EndOffset="6719" SrcFileId="3" StartOffset="6678"/>
</LocList>
<BasicStmnt CovItemId="S94" CovItemPrefix="csse376_puerto_rico.Player.java" Intrnl_Id="281">
<LocList>
<Loc EndOffset="6719" SrcFileId="3" StartOffset="6678"/>
</LocList>
</BasicStmnt>
</StmntSeq>
</HierarchyLvl>
</HierarchyLvl>
<HierarchyLvl HierarchyLvlId="4225" HierarchyLvlTypeId="15" Intrnl_Id="282" Name="MenuGUI">
<Header>
<Loc EndOffset="297" SrcFileId="4" StartOffset="277"/>
</Header>
<LocList>
<Loc EndOffset="1547" SrcFileId="4" StartOffset="277"/>
</LocList>
<StmntSeq Intrnl_Id="283">
<LocList>
<Loc EndOffset="372" SrcFileId="4" StartOffset="340"/>
</LocList>
<BasicStmnt CovItemId="S1" CovItemPrefix="csse376_puerto_rico.MenuGUI.java" Intrnl_Id="284">
<LocList>
<Loc EndOffset="372" SrcFileId="4" StartOffset="340"/>
</LocList>
</BasicStmnt>
</StmntSeq>
<HierarchyLvl HierarchyLvlId="4224" HierarchyLvlTypeId="16" Intrnl_Id="285" Name="MenuGUI">
<Header>
<Loc EndOffset="459" SrcFileId="4" StartOffset="443"/>
</Header>
<LocList>
<Loc EndOffset="1542" SrcFileId="4" StartOffset="443"/>
</LocList>
<StmntSeq Intrnl_Id="286">
<LocList>
<Loc EndOffset="513" SrcFileId="4" StartOffset="474"/>
<Loc EndOffset="560" SrcFileId="4" StartOffset="526"/>
<Loc EndOffset="605" SrcFileId="4" StartOffset="573"/>
<Loc EndOffset="680" SrcFileId="4" StartOffset="618"/>
<Loc EndOffset="882" SrcFileId="4" StartOffset="851"/>
<Loc EndOffset="929" SrcFileId="4" StartOffset="895"/>
<Loc EndOffset="996" SrcFileId="4" StartOffset="955"/>
<Loc EndOffset="1055" SrcFileId="4" StartOffset="1009"/>
<Loc EndOffset="1117" SrcFileId="4" StartOffset="1081"/>
<Loc EndOffset="1185" SrcFileId="4" StartOffset="1143"/>
<Loc EndOffset="1260" SrcFileId="4" StartOffset="1198"/>
<Loc EndOffset="1308" SrcFileId="4" StartOffset="1273"/>
<Loc EndOffset="1359" SrcFileId="4" StartOffset="1334"/>
<Loc EndOffset="1394" SrcFileId="4" StartOffset="1372"/>
<Loc EndOffset="1469" SrcFileId="4" StartOffset="1420"/>
<Loc EndOffset="1534" SrcFileId="4" StartOffset="1482"/>
</LocList>
<BasicStmnt CovItemId="S2" CovItemPrefix="csse376_puerto_rico.MenuGUI.java" Intrnl_Id="287">
<LocList>
<Loc EndOffset="513" SrcFileId="4" StartOffset="474"/>
</LocList>
</BasicStmnt>
<BasicStmnt CovItemId="S3" CovItemPrefix="csse376_puerto_rico.MenuGUI.java" Intrnl_Id="288">
<LocList>
<Loc EndOffset="560" SrcFileId="4" StartOffset="526"/>
</LocList>
</BasicStmnt>
<BasicStmnt CovItemId="S4" CovItemPrefix="csse376_puerto_rico.MenuGUI.java" Intrnl_Id="289">
<LocList>
<Loc EndOffset="605" SrcFileId="4" StartOffset="573"/>
</LocList>
</BasicStmnt>
<BasicStmnt CovItemId="S5" CovItemPrefix="csse376_puerto_rico.MenuGUI.java" Intrnl_Id="290">
<LocList>
<Loc EndOffset="680" SrcFileId="4" StartOffset="618"/>
</LocList>
</BasicStmnt>
<BasicStmnt CovItemId="S6" CovItemPrefix="csse376_puerto_rico.MenuGUI.java" Intrnl_Id="291">
<LocList>
<Loc EndOffset="882" SrcFileId="4" StartOffset="851"/>
</LocList>
</BasicStmnt>
<BasicStmnt CovItemId="S7" CovItemPrefix="csse376_puerto_rico.MenuGUI.java" Intrnl_Id="292">
<LocList>
<Loc EndOffset="929" SrcFileId="4" StartOffset="895"/>
</LocList>
</BasicStmnt>
<BasicStmnt CovItemId="S8" CovItemPrefix="csse376_puerto_rico.MenuGUI.java" Intrnl_Id="293">
<LocList>
<Loc EndOffset="996" SrcFileId="4" StartOffset="955"/>
</LocList>
</BasicStmnt>
<BasicStmnt CovItemId="S9" CovItemPrefix="csse376_puerto_rico.MenuGUI.java" Intrnl_Id="294">
<LocList>
<Loc EndOffset="1055" SrcFileId="4" StartOffset="1009"/>
</LocList>
</BasicStmnt>
<BasicStmnt CovItemId="S10" CovItemPrefix="csse376_puerto_rico.MenuGUI.java" Intrnl_Id="295">
<LocList>
<Loc EndOffset="1117" SrcFileId="4" StartOffset="1081"/>
</LocList>
</BasicStmnt>
<BasicStmnt CovItemId="S11" CovItemPrefix="csse376_puerto_rico.MenuGUI.java" Intrnl_Id="296">
<LocList>
<Loc EndOffset="1185" SrcFileId="4" StartOffset="1143"/>
</LocList>
</BasicStmnt>
<BasicStmnt CovItemId="S12" CovItemPrefix="csse376_puerto_rico.MenuGUI.java" Intrnl_Id="297">
<LocList>
<Loc EndOffset="1260" SrcFileId="4" StartOffset="1198"/>
</LocList>
</BasicStmnt>
<BasicStmnt CovItemId="S13" CovItemPrefix="csse376_puerto_rico.MenuGUI.java" Intrnl_Id="298">
<LocList>
<Loc EndOffset="1308" SrcFileId="4" StartOffset="1273"/>
</LocList>
</BasicStmnt>
<BasicStmnt CovItemId="S14" CovItemPrefix="csse376_puerto_rico.MenuGUI.java" Intrnl_Id="299">
<LocList>
<Loc EndOffset="1359" SrcFileId="4" StartOffset="1334"/>
</LocList>
</BasicStmnt>
<BasicStmnt CovItemId="S15" CovItemPrefix="csse376_puerto_rico.MenuGUI.java" Intrnl_Id="300">
<LocList>
<Loc EndOffset="1394" SrcFileId="4" StartOffset="1372"/>
</LocList>
</BasicStmnt>
<BasicStmnt CovItemId="S16" CovItemPrefix="csse376_puerto_rico.MenuGUI.java" Intrnl_Id="301">
<LocList>
<Loc EndOffset="1469" SrcFileId="4" StartOffset="1420"/>
</LocList>
</BasicStmnt>
<BasicStmnt CovItemId="S17" CovItemPrefix="csse376_puerto_rico.MenuGUI.java" Intrnl_Id="302">
<LocList>
<Loc EndOffset="1534" SrcFileId="4" StartOffset="1482"/>
</LocList>
</BasicStmnt>
</StmntSeq>
</HierarchyLvl>
</HierarchyLvl>
<HierarchyLvl HierarchyLvlId="4227" HierarchyLvlTypeId="15" Intrnl_Id="303" Name="Main">
<Header>
<Loc EndOffset="47" SrcFileId="5" StartOffset="30"/>
</Header>
<LocList>
<Loc EndOffset="149" SrcFileId="5" StartOffset="30"/>
</LocList>
<HierarchyLvl HierarchyLvlId="4226" HierarchyLvlTypeId="16" Intrnl_Id="304" Name="main">
<Header>
<Loc EndOffset="125" SrcFileId="5" StartOffset="87"/>
</Header>
<LocList>
<Loc EndOffset="147" SrcFileId="5" StartOffset="87"/>
</LocList>
<StmntSeq Intrnl_Id="305">
<LocList>
<Loc EndOffset="144" SrcFileId="5" StartOffset="130"/>
</LocList>
<BasicStmnt CovItemId="S1" CovItemPrefix="csse376_puerto_rico.Main.java" Intrnl_Id="306">
<LocList>
<Loc EndOffset="144" SrcFileId="5" StartOffset="130"/>
</LocList>
</BasicStmnt>
</StmntSeq>
</HierarchyLvl>
</HierarchyLvl>
<HierarchyLvl HierarchyLvlId="4241" HierarchyLvlTypeId="15" Intrnl_Id="307" Name="GameState">
<Header>
<Loc EndOffset="226" SrcFileId="6" StartOffset="204"/>
</Header>
<LocList>
<Loc EndOffset="6480" SrcFileId="6" StartOffset="204"/>
</LocList>
<StmntSeq Intrnl_Id="308">
<LocList>
<Loc EndOffset="305" SrcFileId="6" StartOffset="233"/>
<Loc EndOffset="394" SrcFileId="6" StartOffset="368"/>
<Loc EndOffset="431" SrcFileId="6" StartOffset="397"/>
<Loc EndOffset="460" SrcFileId="6" StartOffset="434"/>
<Loc EndOffset="497" SrcFileId="6" StartOffset="463"/>
<Loc EndOffset="526" SrcFileId="6" StartOffset="500"/>
<Loc EndOffset="563" SrcFileId="6" StartOffset="529"/>
<Loc EndOffset="604" SrcFileId="6" StartOffset="566"/>
<Loc EndOffset="856" SrcFileId="6" StartOffset="820"/>
</LocList>
<BasicStmnt CovItemId="S1" CovItemPrefix="csse376_puerto_rico.GameState.java" Intrnl_Id="309">
<LocList>
<Loc EndOffset="305" SrcFileId="6" StartOffset="233"/>
</LocList>
</BasicStmnt>
<BasicStmnt CovItemId="S2" CovItemPrefix="csse376_puerto_rico.GameState.java" Intrnl_Id="310">
<LocList>
<Loc EndOffset="394" SrcFileId="6" StartOffset="368"/>
</LocList>
</BasicStmnt>
<BasicStmnt CovItemId="S3" CovItemPrefix="csse376_puerto_rico.GameState.java" Intrnl_Id="311">
<LocList>
<Loc EndOffset="431" SrcFileId="6" StartOffset="397"/>
</LocList>
</BasicStmnt>
<BasicStmnt CovItemId="S4" CovItemPrefix="csse376_puerto_rico.GameState.java" Intrnl_Id="312">
<LocList>
<Loc EndOffset="460" SrcFileId="6" StartOffset="434"/>
</LocList>
</BasicStmnt>
<BasicStmnt CovItemId="S5" CovItemPrefix="csse376_puerto_rico.GameState.java" Intrnl_Id="313">
<LocList>
<Loc EndOffset="497" SrcFileId="6" StartOffset="463"/>
</LocList>
</BasicStmnt>
<BasicStmnt CovItemId="S6" CovItemPrefix="csse376_puerto_rico.GameState.java" Intrnl_Id="314">
<LocList>
<Loc EndOffset="526" SrcFileId="6" StartOffset="500"/>
</LocList>
</BasicStmnt>
<BasicStmnt CovItemId="S7" CovItemPrefix="csse376_puerto_rico.GameState.java" Intrnl_Id="315">
<LocList>
<Loc EndOffset="563" SrcFileId="6" StartOffset="529"/>
</LocList>
</BasicStmnt>
<BasicStmnt CovItemId="S8" CovItemPrefix="csse376_puerto_rico.GameState.java" Intrnl_Id="316">
<LocList>
<Loc EndOffset="604" SrcFileId="6" StartOffset="566"/>
</LocList>
</BasicStmnt>
<BasicStmnt CovItemId="S9" CovItemPrefix="csse376_puerto_rico.GameState.java" Intrnl_Id="317">
<LocList>
<Loc EndOffset="856" SrcFileId="6" StartOffset="820"/>
</LocList>
</BasicStmnt>
</StmntSeq>
<HierarchyLvl HierarchyLvlId="4228" HierarchyLvlTypeId="16" Intrnl_Id="318" Name="GameState">
<Header>
<Loc EndOffset="903" SrcFileId="6" StartOffset="865"/>
</Header>
<LocList>
<Loc EndOffset="2400" SrcFileId="6" StartOffset="865"/>
</LocList>
<StmntSeq Intrnl_Id="319">
<LocList>
<Loc EndOffset="1013" SrcFileId="6" StartOffset="942"/>
<Loc EndOffset="1064" SrcFileId="6" StartOffset="1031"/>
<Loc EndOffset="1100" SrcFileId="6" StartOffset="1068"/>
<Loc EndOffset="1138" SrcFileId="6" StartOffset="1104"/>
<Loc EndOffset="1175" SrcFileId="6" StartOffset="1142"/>
<Loc EndOffset="1213" SrcFileId="6" StartOffset="1179"/>
<Loc EndOffset="1290" SrcFileId="6" StartOffset="1267"/>
<Loc EndOffset="1324" SrcFileId="6" StartOffset="1294"/>
<Loc EndOffset="1360" SrcFileId="6" StartOffset="1328"/>
<Loc EndOffset="1437" SrcFileId="6" StartOffset="1366"/>
<Loc EndOffset="1512" SrcFileId="6" StartOffset="1441"/>
<Loc EndOffset="2256" SrcFileId="6" StartOffset="1518"/>
<Loc EndOffset="2305" SrcFileId="6" StartOffset="2290"/>
<Loc EndOffset="2346" SrcFileId="6" StartOffset="2309"/>
<Loc EndOffset="2394" SrcFileId="6" StartOffset="2350"/>
</LocList>
<LoopStmnt CovItemId="S10" CovItemPrefix="csse376_puerto_rico.GameState.java" Intrnl_Id="320" MltplExecId="L1-2" MltplExecPrefix="csse376_puerto_rico.GameState.java" NvrExecId="L1-0" NvrExecPrefix="csse376_puerto_rico.GameState.java" OnceExecutedId="L1-1" OnceExecutedPrefix="csse376_puerto_rico.GameState.java" OptBodyExec="true">
<StmntSeq Intrnl_Id="321">
<LocList>
<Loc EndOffset="1008" SrcFileId="6" StartOffset="973"/>
</LocList>
<BasicStmnt CovItemId="S11" CovItemPrefix="csse376_puerto_rico.GameState.java" Intrnl_Id="322">
<LocList>
<Loc EndOffset="1008" SrcFileId="6" StartOffset="973"/>
</LocList>
</BasicStmnt>
</StmntSeq>
<Keyword EndOffset="945" SrcFileId="6" StartOffset="942"/>
<LocList>
<Loc EndOffset="1013" SrcFileId="6" StartOffset="942"/>
</LocList>
</LoopStmnt>
<BasicStmnt CovItemId="S12" CovItemPrefix="csse376_puerto_rico.GameState.java" Intrnl_Id="323">
<LocList>
<Loc EndOffset="1064" SrcFileId="6" StartOffset="1031"/>
</LocList>
</BasicStmnt>
<BasicStmnt CovItemId="S13" CovItemPrefix="csse376_puerto_rico.GameState.java" Intrnl_Id="324">
<LocList>
<Loc EndOffset="1100" SrcFileId="6" StartOffset="1068"/>
</LocList>
</BasicStmnt>
<BasicStmnt CovItemId="S14" CovItemPrefix="csse376_puerto_rico.GameState.java" Intrnl_Id="325">
<LocList>
<Loc EndOffset="1138" SrcFileId="6" StartOffset="1104"/>
</LocList>
</BasicStmnt>
<BasicStmnt CovItemId="S15" CovItemPrefix="csse376_puerto_rico.GameState.java" Intrnl_Id="326">
<LocList>
<Loc EndOffset="1175" SrcFileId="6" StartOffset="1142"/>
</LocList>
</BasicStmnt>
<BasicStmnt CovItemId="S16" CovItemPrefix="csse376_puerto_rico.GameState.java" Intrnl_Id="327">
<LocList>
<Loc EndOffset="1213" SrcFileId="6" StartOffset="1179"/>
</LocList>
</BasicStmnt>
<BasicStmnt CovItemId="S17" CovItemPrefix="csse376_puerto_rico.GameState.java" Intrnl_Id="328">
<LocList>
<Loc EndOffset="1290" SrcFileId="6" StartOffset="1267"/>
</LocList>
</BasicStmnt>
<BasicStmnt CovItemId="S18" CovItemPrefix="csse376_puerto_rico.GameState.java" Intrnl_Id="329">
<LocList>
<Loc EndOffset="1324" SrcFileId="6" StartOffset="1294"/>
</LocList>
</BasicStmnt>
<BasicStmnt CovItemId="S19" CovItemPrefix="csse376_puerto_rico.GameState.java" Intrnl_Id="330">
<LocList>
<Loc EndOffset="1360" SrcFileId="6" StartOffset="1328"/>
</LocList>
</BasicStmnt>
<BasicStmnt CovItemId="S20" CovItemPrefix="csse376_puerto_rico.GameState.java" Intrnl_Id="331">
<LocList>
<Loc EndOffset="1437" SrcFileId="6" StartOffset="1366"/>
</LocList>
</BasicStmnt>
<BasicStmnt CovItemId="S21" CovItemPrefix="csse376_puerto_rico.GameState.java" Intrnl_Id="332">
<LocList>
<Loc EndOffset="1512" SrcFileId="6" StartOffset="1441"/>
</LocList>
</BasicStmnt>
<CondStmnt CovItemId="S22" CovItemPrefix="csse376_puerto_rico.GameState.java" Intrnl_Id="333">
<Branch CovItemId="B1" CovItemPrefix="csse376_puerto_rico.GameState.java" Implct="false" Intrnl_Id="334">
<Cond/>
<LocList>
<Loc EndOffset="1677" SrcFileId="6" StartOffset="1541"/>
</LocList>
<StmntSeq Intrnl_Id="335">
<LocList>
<Loc EndOffset="1567" SrcFileId="6" StartOffset="1547"/>
<Loc EndOffset="1591" SrcFileId="6" StartOffset="1572"/>
<Loc EndOffset="1672" SrcFileId="6" StartOffset="1596"/>
</LocList>
<BasicStmnt CovItemId="S23" CovItemPrefix="csse376_puerto_rico.GameState.java" Intrnl_Id="336">
<LocList>
<Loc EndOffset="1567" SrcFileId="6" StartOffset="1547"/>
</LocList>
</BasicStmnt>
<BasicStmnt CovItemId="S24" CovItemPrefix="csse376_puerto_rico.GameState.java" Intrnl_Id="337">
<LocList>
<Loc EndOffset="1591" SrcFileId="6" StartOffset="1572"/>
</LocList>
</BasicStmnt>
<BasicStmnt CovItemId="S25" CovItemPrefix="csse376_puerto_rico.GameState.java" Intrnl_Id="338">
<LocList>
<Loc EndOffset="1672" SrcFileId="6" StartOffset="1596"/>
</LocList>
</BasicStmnt>
</StmntSeq>
</Branch>
<Branch CovItemId="B2" CovItemPrefix="csse376_puerto_rico.GameState.java" Implct="false" Intrnl_Id="339">
<Cond>
<Loc EndOffset="1682" SrcFileId="6" StartOffset="1678"/>
</Cond>
<LocList>
<Loc EndOffset="2256" SrcFileId="6" StartOffset="1683"/>
</LocList>
<StmntSeq Intrnl_Id="340">
<LocList>
<Loc EndOffset="2256" SrcFileId="6" StartOffset="1683"/>
</LocList>
<CondStmnt CovItemId="S26" CovItemPrefix="csse376_puerto_rico.GameState.java" Intrnl_Id="341">
<Branch CovItemId="B3" CovItemPrefix="csse376_puerto_rico.GameState.java" Implct="false" Intrnl_Id="342">
<Cond/>
<LocList>
<Loc EndOffset="1926" SrcFileId="6" StartOffset="1706"/>
</LocList>
<StmntSeq Intrnl_Id="343">
<LocList>
<Loc EndOffset="1732" SrcFileId="6" StartOffset="1712"/>
<Loc EndOffset="1757" SrcFileId="6" StartOffset="1737"/>
<Loc EndOffset="1838" SrcFileId="6" StartOffset="1762"/>
<Loc EndOffset="1919" SrcFileId="6" StartOffset="1843"/>
</LocList>
<BasicStmnt CovItemId="S27" CovItemPrefix="csse376_puerto_rico.GameState.java" Intrnl_Id="344">
<LocList>
<Loc EndOffset="1732" SrcFileId="6" StartOffset="1712"/>
</LocList>
</BasicStmnt>
<BasicStmnt CovItemId="S28" CovItemPrefix="csse376_puerto_rico.GameState.java" Intrnl_Id="345">
<LocList>
<Loc EndOffset="1757" SrcFileId="6" StartOffset="1737"/>
</LocList>
</BasicStmnt>
<BasicStmnt CovItemId="S29" CovItemPrefix="csse376_puerto_rico.GameState.java" Intrnl_Id="346">
<LocList>
<Loc EndOffset="1838" SrcFileId="6" StartOffset="1762"/>
</LocList>
</BasicStmnt>
<BasicStmnt CovItemId="S30" CovItemPrefix="csse376_puerto_rico.GameState.java" Intrnl_Id="347">
<LocList>
<Loc EndOffset="1919" SrcFileId="6" StartOffset="1843"/>
</LocList>
</BasicStmnt>
</StmntSeq>
</Branch>
<Branch CovItemId="B4" CovItemPrefix="csse376_puerto_rico.GameState.java" Implct="false" Intrnl_Id="348">
<Cond>
<Loc EndOffset="1931" SrcFileId="6" StartOffset="1927"/>
</Cond>
<LocList>
<Loc EndOffset="2256" SrcFileId="6" StartOffset="1932"/>
</LocList>
<StmntSeq Intrnl_Id="349">
<LocList>
<Loc EndOffset="2256" SrcFileId="6" StartOffset="1932"/>
</LocList>
<CondStmnt CovItemId="S31" CovItemPrefix="csse376_puerto_rico.GameState.java" Intrnl_Id="350">
<Branch CovItemId="B5" CovItemPrefix="csse376_puerto_rico.GameState.java" Implct="false" Intrnl_Id="351">
<Cond/>
<LocList>
<Loc EndOffset="2256" SrcFileId="6" StartOffset="1955"/>
</LocList>
<StmntSeq Intrnl_Id="352">
<LocList>
<Loc EndOffset="1981" SrcFileId="6" StartOffset="1961"/>
<Loc EndOffset="2006" SrcFileId="6" StartOffset="1986"/>
<Loc EndOffset="2089" SrcFileId="6" StartOffset="2011"/>
<Loc EndOffset="2170" SrcFileId="6" StartOffset="2094"/>
<Loc EndOffset="2251" SrcFileId="6" StartOffset="2175"/>
</LocList>
<BasicStmnt CovItemId="S32" CovItemPrefix="csse376_puerto_rico.GameState.java" Intrnl_Id="353">
<LocList>
<Loc EndOffset="1981" SrcFileId="6" StartOffset="1961"/>
</LocList>
</BasicStmnt>
<BasicStmnt CovItemId="S33" CovItemPrefix="csse376_puerto_rico.GameState.java" Intrnl_Id="354">
<LocList>
<Loc EndOffset="2006" SrcFileId="6" StartOffset="1986"/>
</LocList>
</BasicStmnt>
<BasicStmnt CovItemId="S34" CovItemPrefix="csse376_puerto_rico.GameState.java" Intrnl_Id="355">
<LocList>
<Loc EndOffset="2089" SrcFileId="6" StartOffset="2011"/>
</LocList>
</BasicStmnt>
<BasicStmnt CovItemId="S35" CovItemPrefix="csse376_puerto_rico.GameState.java" Intrnl_Id="356">
<LocList>
<Loc EndOffset="2170" SrcFileId="6" StartOffset="2094"/>
</LocList>
</BasicStmnt>
<BasicStmnt CovItemId="S36" CovItemPrefix="csse376_puerto_rico.GameState.java" Intrnl_Id="357">
<LocList>
<Loc EndOffset="2251" SrcFileId="6" StartOffset="2175"/>
</LocList>
</BasicStmnt>
</StmntSeq>
</Branch>
<Branch CovItemId="B6" CovItemPrefix="csse376_puerto_rico.GameState.java" Implct="true" Intrnl_Id="358">
<Cond/>
<LocList/>
<StmntSeq Intrnl_Id="359">
<LocList/>
</StmntSeq>
</Branch>
<Keyword EndOffset="1934" SrcFileId="6" StartOffset="1932"/>
<LocList>
<Loc EndOffset="2256" SrcFileId="6" StartOffset="1932"/>
</LocList>
<RootTerm CovItemId="C3" CovItemPrefix="csse376_puerto_rico.GameState.java" Intrnl_Id="360">
<BasicBoolTerm Intrnl_Id="361">
<LocList>
<Loc EndOffset="1953" SrcFileId="6" StartOffset="1936"/>
</LocList>
</BasicBoolTerm>
</RootTerm>
</CondStmnt>
</StmntSeq>
</Branch>
<Keyword EndOffset="1685" SrcFileId="6" StartOffset="1683"/>
<LocList>
<Loc EndOffset="2256" SrcFileId="6" StartOffset="1683"/>
</LocList>
<RootTerm CovItemId="C2" CovItemPrefix="csse376_puerto_rico.GameState.java" Intrnl_Id="362">
<BasicBoolTerm Intrnl_Id="363">
<LocList>
<Loc EndOffset="1704" SrcFileId="6" StartOffset="1687"/>
</LocList>
</BasicBoolTerm>
</RootTerm>
</CondStmnt>
</StmntSeq>
</Branch>
<Keyword EndOffset="1520" SrcFileId="6" StartOffset="1518"/>
<LocList>
<Loc EndOffset="2256" SrcFileId="6" StartOffset="1518"/>
</LocList>
<RootTerm CovItemId="C1" CovItemPrefix="csse376_puerto_rico.GameState.java" Intrnl_Id="364">
<BasicBoolTerm Intrnl_Id="365">
<LocList>
<Loc EndOffset="1539" SrcFileId="6" StartOffset="1522"/>
</LocList>
</BasicBoolTerm>
</RootTerm>
</CondStmnt>
<BasicStmnt CovItemId="S37" CovItemPrefix="csse376_puerto_rico.GameState.java" Intrnl_Id="366">
<LocList>
<Loc EndOffset="2305" SrcFileId="6" StartOffset="2290"/>
</LocList>
</BasicStmnt>
<BasicStmnt CovItemId="S38" CovItemPrefix="csse376_puerto_rico.GameState.java" Intrnl_Id="367">
<LocList>
<Loc EndOffset="2346" SrcFileId="6" StartOffset="2309"/>
</LocList>
</BasicStmnt>
<BasicStmnt CovItemId="S39" CovItemPrefix="csse376_puerto_rico.GameState.java" Intrnl_Id="368">
<LocList>
<Loc EndOffset="2394" SrcFileId="6" StartOffset="2350"/>
</LocList>
</BasicStmnt>
</StmntSeq>
</HierarchyLvl>
<HierarchyLvl HierarchyLvlId="4229" HierarchyLvlTypeId="16" Intrnl_Id="369" Name="getGood">
<Header>
<Loc EndOffset="2436" SrcFileId="6" StartOffset="2405"/>
</Header>
<LocList>
<Loc EndOffset="2471" SrcFileId="6" StartOffset="2405"/>
</LocList>
<StmntSeq Intrnl_Id="370">
<LocList>
<Loc EndOffset="2467" SrcFileId="6" StartOffset="2444"/>
</LocList>
<BasicStmnt CovItemId="S40" CovItemPrefix="csse376_puerto_rico.GameState.java" Intrnl_Id="371">
<LocList>
<Loc EndOffset="2467" SrcFileId="6" StartOffset="2444"/>
</LocList>
</BasicStmnt>
</StmntSeq>
</HierarchyLvl>
<HierarchyLvl HierarchyLvlId="4230" HierarchyLvlTypeId="16" Intrnl_Id="372" Name="addGood">
<Header>
<Loc EndOffset="2508" SrcFileId="6" StartOffset="2476"/>
</Header>
<LocList>
<Loc EndOffset="2557" SrcFileId="6" StartOffset="2476"/>
</LocList>
<StmntSeq Intrnl_Id="373">
<LocList>
<Loc EndOffset="2553" SrcFileId="6" StartOffset="2516"/>
</LocList>
<BasicStmnt CovItemId="S41" CovItemPrefix="csse376_puerto_rico.GameState.java" Intrnl_Id="374">
<LocList>
<Loc EndOffset="2553" SrcFileId="6" StartOffset="2516"/>
</LocList>
</BasicStmnt>
</StmntSeq>
</HierarchyLvl>
<HierarchyLvl HierarchyLvlId="4231" HierarchyLvlTypeId="16" Intrnl_Id="375" Name="getColonistsOnBoard">
<Header>
<Loc EndOffset="2594" SrcFileId="6" StartOffset="2562"/>
</Header>
<LocList>
<Loc EndOffset="2634" SrcFileId="6" StartOffset="2562"/>
</LocList>
<StmntSeq Intrnl_Id="376">
<LocList>
<Loc EndOffset="2630" SrcFileId="6" StartOffset="2606"/>
</LocList>
<BasicStmnt CovItemId="S42" CovItemPrefix="csse376_puerto_rico.GameState.java" Intrnl_Id="377">
<LocList>
<Loc EndOffset="2630" SrcFileId="6" StartOffset="2606"/>
</LocList>
</BasicStmnt>
</StmntSeq>
</HierarchyLvl>
<HierarchyLvl HierarchyLvlId="4232" HierarchyLvlTypeId="16" Intrnl_Id="378" Name="getColonistsTotal">
<Header>
<Loc EndOffset="2669" SrcFileId="6" StartOffset="2639"/>
</Header>
<LocList>
<Loc EndOffset="2707" SrcFileId="6" StartOffset="2639"/>
</LocList>
<StmntSeq Intrnl_Id="379">
<LocList>
<Loc EndOffset="2703" SrcFileId="6" StartOffset="2681"/>
</LocList>
<BasicStmnt CovItemId="S43" CovItemPrefix="csse376_puerto_rico.GameState.java" Intrnl_Id="380">
<LocList>
<Loc EndOffset="2703" SrcFileId="6" StartOffset="2681"/>
</LocList>
</BasicStmnt>
</StmntSeq>
</HierarchyLvl>
<HierarchyLvl HierarchyLvlId="4233" HierarchyLvlTypeId="16" Intrnl_Id="381" Name="addRolesToList">
<Header>
<Loc EndOffset="2752" SrcFileId="6" StartOffset="2712"/>
</Header>
<LocList>
<Loc EndOffset="3048" SrcFileId="6" StartOffset="2712"/>
</LocList>
<StmntSeq Intrnl_Id="382">
<LocList>
<Loc EndOffset="2780" SrcFileId="6" StartOffset="2758"/>
<Loc EndOffset="3044" SrcFileId="6" StartOffset="2784"/>
</LocList>
<BasicStmnt CovItemId="S44" CovItemPrefix="csse376_puerto_rico.GameState.java" Intrnl_Id="383">
<LocList>
<Loc EndOffset="2780" SrcFileId="6" StartOffset="2758"/>
</LocList>
</BasicStmnt>
<CondStmnt CovItemId="S45" CovItemPrefix="csse376_puerto_rico.GameState.java" Intrnl_Id="384">
<Branch CovItemId="B7" CovItemPrefix="csse376_puerto_rico.GameState.java" Implct="false" Intrnl_Id="385">
<Cond/>
<LocList>
<Loc EndOffset="3044" SrcFileId="6" StartOffset="2812"/>
</LocList>
<StmntSeq Intrnl_Id="386">
<LocList>
<Loc EndOffset="2862" SrcFileId="6" StartOffset="2818"/>
<Loc EndOffset="2961" SrcFileId="6" StartOffset="2867"/>
<Loc EndOffset="2997" SrcFileId="6" StartOffset="2966"/>
<Loc EndOffset="3039" SrcFileId="6" StartOffset="3002"/>
</LocList>
<BasicStmnt CovItemId="S46" CovItemPrefix="csse376_puerto_rico.GameState.java" Intrnl_Id="387">
<LocList>
<Loc EndOffset="2862" SrcFileId="6" StartOffset="2818"/>
</LocList>
</BasicStmnt>
<LoopStmnt CovItemId="S47" CovItemPrefix="csse376_puerto_rico.GameState.java" Intrnl_Id="388" MltplExecId="L2-2" MltplExecPrefix="csse376_puerto_rico.GameState.java" NvrExecId="L2-0" NvrExecPrefix="csse376_puerto_rico.GameState.java" OnceExecutedId="L2-1" OnceExecutedPrefix="csse376_puerto_rico.GameState.java" OptBodyExec="true">
<StmntSeq Intrnl_Id="389">
<LocList>
<Loc EndOffset="2955" SrcFileId="6" StartOffset="2918"/>
</LocList>
<BasicStmnt CovItemId="S48" CovItemPrefix="csse376_puerto_rico.GameState.java" Intrnl_Id="390">
<LocList>
<Loc EndOffset="2955" SrcFileId="6" StartOffset="2918"/>
</LocList>
</BasicStmnt>
</StmntSeq>
<Keyword EndOffset="2870" SrcFileId="6" StartOffset="2867"/>
<LocList>
<Loc EndOffset="2961" SrcFileId="6" StartOffset="2867"/>
</LocList>
<RootTerm CovItemId="C5" CovItemPrefix="csse376_puerto_rico.GameState.java" Intrnl_Id="391">
<BasicBoolTerm Intrnl_Id="392">
<LocList>
<Loc EndOffset="2904" SrcFileId="6" StartOffset="2883"/>
</LocList>
</BasicBoolTerm>
</RootTerm>
</LoopStmnt>
<BasicStmnt CovItemId="S49" CovItemPrefix="csse376_puerto_rico.GameState.java" Intrnl_Id="393">
<LocList>
<Loc EndOffset="2997" SrcFileId="6" StartOffset="2966"/>
</LocList>
</BasicStmnt>
<BasicStmnt CovItemId="S50" CovItemPrefix="csse376_puerto_rico.GameState.java" Intrnl_Id="394">
<LocList>
<Loc EndOffset="3039" SrcFileId="6" StartOffset="3002"/>
</LocList>
</BasicStmnt>
</StmntSeq>
</Branch>
<Branch CovItemId="B8" CovItemPrefix="csse376_puerto_rico.GameState.java" Implct="true" Intrnl_Id="395">
<Cond/>
<LocList/>
<StmntSeq Intrnl_Id="396">
<LocList/>
</StmntSeq>
</Branch>
<Keyword EndOffset="2786" SrcFileId="6" StartOffset="2784"/>
<LocList>
<Loc EndOffset="3044" SrcFileId="6" StartOffset="2784"/>
</LocList>
<RootTerm CovItemId="C4" CovItemPrefix="csse376_puerto_rico.GameState.java" Intrnl_Id="397">
<BasicBoolTerm Intrnl_Id="398">
<LocList>
<Loc EndOffset="2810" SrcFileId="6" StartOffset="2788"/>
</LocList>
</BasicBoolTerm>
</RootTerm>
</CondStmnt>
</StmntSeq>
</HierarchyLvl>
<HierarchyLvl HierarchyLvlId="4234" HierarchyLvlTypeId="16" Intrnl_Id="399" Name="addColonistsToBoard">
<Header>
<Loc EndOffset="3088" SrcFileId="6" StartOffset="3055"/>
</Header>
<LocList>
<Loc EndOffset="3872" SrcFileId="6" StartOffset="3055"/>
</LocList>
<StmntSeq Intrnl_Id="400">
<LocList>
<Loc EndOffset="3507" SrcFileId="6" StartOffset="3494"/>
<Loc EndOffset="3755" SrcFileId="6" StartOffset="3511"/>
<Loc EndOffset="3868" SrcFileId="6" StartOffset="3759"/>
</LocList>
<BasicStmnt CovItemId="S51" CovItemPrefix="csse376_puerto_rico.GameState.java" Intrnl_Id="401">
<LocList>
<Loc EndOffset="3507" SrcFileId="6" StartOffset="3494"/>
</LocList>
</BasicStmnt>
<LoopStmnt CovItemId="S52" CovItemPrefix="csse376_puerto_rico.GameState.java" Intrnl_Id="402" MltplExecId="L3-2" MltplExecPrefix="csse376_puerto_rico.GameState.java" NvrExecId="L3-0" NvrExecPrefix="csse376_puerto_rico.GameState.java" OnceExecutedId="L3-1" OnceExecutedPrefix="csse376_puerto_rico.GameState.java" OptBodyExec="true">
<StmntSeq Intrnl_Id="403">
<LocList>
<Loc EndOffset="3644" SrcFileId="6" StartOffset="3547"/>
<Loc EndOffset="3750" SrcFileId="6" StartOffset="3649"/>
</LocList>
<LoopStmnt CovItemId="S53" CovItemPrefix="csse376_puerto_rico.GameState.java" Intrnl_Id="404" MltplExecId="L4-2" MltplExecPrefix="csse376_puerto_rico.GameState.java" NvrExecId="L4-0" NvrExecPrefix="csse376_puerto_rico.GameState.java" OnceExecutedId="L4-1" OnceExecutedPrefix="csse376_puerto_rico.GameState.java" OptBodyExec="true">
<StmntSeq Intrnl_Id="405">
<LocList>
<Loc EndOffset="3638" SrcFileId="6" StartOffset="3595"/>
</LocList>
<BasicStmnt CovItemId="S54" CovItemPrefix="csse376_puerto_rico.GameState.java" Intrnl_Id="406">
<LocList>
<Loc EndOffset="3638" SrcFileId="6" StartOffset="3595"/>
</LocList>
</BasicStmnt>
</StmntSeq>
<Keyword EndOffset="3550" SrcFileId="6" StartOffset="3547"/>
<LocList>
<Loc EndOffset="3644" SrcFileId="6" StartOffset="3547"/>
</LocList>
</LoopStmnt>
<LoopStmnt CovItemId="S55" CovItemPrefix="csse376_puerto_rico.GameState.java" Intrnl_Id="407" MltplExecId="L5-2" MltplExecPrefix="csse376_puerto_rico.GameState.java" NvrExecId="L5-0" NvrExecPrefix="csse376_puerto_rico.GameState.java" OnceExecutedId="L5-1" OnceExecutedPrefix="csse376_puerto_rico.GameState.java" OptBodyExec="true">
<StmntSeq Intrnl_Id="408">
<LocList>
<Loc EndOffset="3744" SrcFileId="6" StartOffset="3701"/>
</LocList>
<CondStmnt CovItemId="S56" CovItemPrefix="csse376_puerto_rico.GameState.java" Intrnl_Id="409">
<Branch CovItemId="B9" CovItemPrefix="csse376_puerto_rico.GameState.java" Implct="false" Intrnl_Id="410">
<Cond/>
<LocList>
<Loc EndOffset="3744" SrcFileId="6" StartOffset="3719"/>
</LocList>
<StmntSeq Intrnl_Id="411">
<LocList>
<Loc EndOffset="3737" SrcFileId="6" StartOffset="3727"/>
</LocList>
<BasicStmnt CovItemId="S57" CovItemPrefix="csse376_puerto_rico.GameState.java" Intrnl_Id="412">
<LocList>
<Loc EndOffset="3737" SrcFileId="6" StartOffset="3727"/>
</LocList>
</BasicStmnt>
</StmntSeq>
</Branch>
<Branch CovItemId="B10" CovItemPrefix="csse376_puerto_rico.GameState.java" Implct="true" Intrnl_Id="413">
<Cond/>
<LocList/>
<StmntSeq Intrnl_Id="414">
<LocList/>
</StmntSeq>
</Branch>
<Keyword EndOffset="3703" SrcFileId="6" StartOffset="3701"/>
<LocList>
<Loc EndOffset="3744" SrcFileId="6" StartOffset="3701"/>
</LocList>
<RootTerm CovItemId="C6" CovItemPrefix="csse376_puerto_rico.GameState.java" Intrnl_Id="415">
<OpTerm BooleanOpId="11" Intrnl_Id="416">
<BasicBoolTerm Intrnl_Id="417">
<LocList>
<Loc EndOffset="3717" SrcFileId="6" StartOffset="3706"/>
</LocList>
</BasicBoolTerm>
<LocList>
<Loc EndOffset="3706" SrcFileId="6" StartOffset="3705"/>
</LocList>
</OpTerm>
</RootTerm>
</CondStmnt>
</StmntSeq>
<Keyword EndOffset="3652" SrcFileId="6" StartOffset="3649"/>
<LocList>
<Loc EndOffset="3750" SrcFileId="6" StartOffset="3649"/>
</LocList>
</LoopStmnt>
</StmntSeq>
<Keyword EndOffset="3514" SrcFileId="6" StartOffset="3511"/>
<LocList>
<Loc EndOffset="3755" SrcFileId="6" StartOffset="3511"/>
</LocList>
</LoopStmnt>
<CondStmnt CovItemId="S58" CovItemPrefix="csse376_puerto_rico.GameState.java" Intrnl_Id="418">
<Branch CovItemId="B11" CovItemPrefix="csse376_puerto_rico.GameState.java" Implct="false" Intrnl_Id="419">
<Cond/>
<LocList>
<Loc EndOffset="3827" SrcFileId="6" StartOffset="3784"/>
</LocList>
<StmntSeq Intrnl_Id="420">
<LocList>
<Loc EndOffset="3822" SrcFileId="6" StartOffset="3790"/>
</LocList>
<BasicStmnt CovItemId="S59" CovItemPrefix="csse376_puerto_rico.GameState.java" Intrnl_Id="421">
<LocList>
<Loc EndOffset="3822" SrcFileId="6" StartOffset="3790"/>
</LocList>
</BasicStmnt>
</StmntSeq>
</Branch>
<Branch CovItemId="B12" CovItemPrefix="csse376_puerto_rico.GameState.java" Implct="false" Intrnl_Id="422">
<Cond>
<Loc EndOffset="3832" SrcFileId="6" StartOffset="3828"/>
</Cond>
<LocList>
<Loc EndOffset="3868" SrcFileId="6" StartOffset="3833"/>
</LocList>
<StmntSeq Intrnl_Id="423">
<LocList>
<Loc EndOffset="3863" SrcFileId="6" StartOffset="3839"/>
</LocList>
<BasicStmnt CovItemId="S60" CovItemPrefix="csse376_puerto_rico.GameState.java" Intrnl_Id="424">
<LocList>
<Loc EndOffset="3863" SrcFileId="6" StartOffset="3839"/>
</LocList>
</BasicStmnt>
</StmntSeq>
</Branch>
<Keyword EndOffset="3761" SrcFileId="6" StartOffset="3759"/>
<LocList>
<Loc EndOffset="3868" SrcFileId="6" StartOffset="3759"/>
</LocList>
<RootTerm CovItemId="C7" CovItemPrefix="csse376_puerto_rico.GameState.java" Intrnl_Id="425">
<BasicBoolTerm Intrnl_Id="426">
<LocList>
<Loc EndOffset="3782" SrcFileId="6" StartOffset="3763"/>
</LocList>
</BasicBoolTerm>
</RootTerm>
</CondStmnt>
</StmntSeq>
</HierarchyLvl>
<HierarchyLvl HierarchyLvlId="4235" HierarchyLvlTypeId="16" Intrnl_Id="427" Name="addGoodToCargoShip">
<Header>
<Loc EndOffset="4136" SrcFileId="6" StartOffset="4068"/>
</Header>
<LocList>
<Loc EndOffset="5387" SrcFileId="6" StartOffset="4068"/>
</LocList>
<StmntSeq Intrnl_Id="428">
<LocList>
<Loc EndOffset="4159" SrcFileId="6" StartOffset="4142"/>
<Loc EndOffset="5363" SrcFileId="6" StartOffset="4163"/>
<Loc EndOffset="5383" SrcFileId="6" StartOffset="5367"/>
</LocList>
<BasicStmnt CovItemId="S61" CovItemPrefix="csse376_puerto_rico.GameState.java" Intrnl_Id="429">
<LocList>
<Loc EndOffset="4159" SrcFileId="6" StartOffset="4142"/>
</LocList>
</BasicStmnt>
<CondStmnt CovItemId="S62" CovItemPrefix="csse376_puerto_rico.GameState.java" Intrnl_Id="430">
<Branch CovItemId="B13" CovItemPrefix="csse376_puerto_rico.GameState.java" Implct="false" Intrnl_Id="431">
<Cond/>
<LocList>
<Loc EndOffset="4561" SrcFileId="6" StartOffset="4181"/>
</LocList>
<StmntSeq Intrnl_Id="432">
<LocList>
<Loc EndOffset="4215" SrcFileId="6" StartOffset="4187"/>
<Loc EndOffset="4556" SrcFileId="6" StartOffset="4220"/>
</LocList>
<BasicStmnt CovItemId="S63" CovItemPrefix="csse376_puerto_rico.GameState.java" Intrnl_Id="433">
<LocList>
<Loc EndOffset="4215" SrcFileId="6" StartOffset="4187"/>
</LocList>
</BasicStmnt>
<CondStmnt CovItemId="S64" CovItemPrefix="csse376_puerto_rico.GameState.java" Intrnl_Id="434">
<Branch CovItemId="B15" CovItemPrefix="csse376_puerto_rico.GameState.java" Implct="false" Intrnl_Id="435">
<Cond/>
<LocList>
<Loc EndOffset="4520" SrcFileId="6" StartOffset="4298"/>
</LocList>
<StmntSeq Intrnl_Id="436">
<LocList>
<Loc EndOffset="4341" SrcFileId="6" StartOffset="4305"/>
<Loc EndOffset="4393" SrcFileId="6" StartOffset="4347"/>
<Loc EndOffset="4512" SrcFileId="6" StartOffset="4401"/>
</LocList>
<BasicStmnt CovItemId="S65" CovItemPrefix="csse376_puerto_rico.GameState.java" Intrnl_Id="437">
<LocList>
<Loc EndOffset="4341" SrcFileId="6" StartOffset="4305"/>
</LocList>
</BasicStmnt>
<CondStmnt CovItemId="S66" CovItemPrefix="csse376_puerto_rico.GameState.java" Intrnl_Id="438">
<Branch CovItemId="B17" CovItemPrefix="csse376_puerto_rico.GameState.java" Implct="false" Intrnl_Id="439">
<Cond/>
<LocList>
<Loc EndOffset="4393" SrcFileId="6" StartOffset="4371"/>
</LocList>
<StmntSeq Intrnl_Id="440">
<LocList>
<Loc EndOffset="4393" SrcFileId="6" StartOffset="4371"/>
</LocList>
<BasicStmnt CovItemId="S67" CovItemPrefix="csse376_puerto_rico.GameState.java" Intrnl_Id="441">
<LocList>
<Loc EndOffset="4393" SrcFileId="6" StartOffset="4371"/>
</LocList>
</BasicStmnt>
</StmntSeq>
</Branch>
<Branch CovItemId="B18" CovItemPrefix="csse376_puerto_rico.GameState.java" Implct="true" Intrnl_Id="442">
<Cond/>
<LocList/>
<StmntSeq Intrnl_Id="443">
<LocList/>
</StmntSeq>
</Branch>
<Keyword EndOffset="4349" SrcFileId="6" StartOffset="4347"/>
<LocList>
<Loc EndOffset="4393" SrcFileId="6" StartOffset="4347"/>
</LocList>
<RootTerm CovItemId="C10" CovItemPrefix="csse376_puerto_rico.GameState.java" Intrnl_Id="444">
<BasicBoolTerm Intrnl_Id="445">
<LocList>
<Loc EndOffset="4363" SrcFileId="6" StartOffset="4351"/>
</LocList>
</BasicBoolTerm>
</RootTerm>
</CondStmnt>
<CondStmnt CovItemId="S68" CovItemPrefix="csse376_puerto_rico.GameState.java" Intrnl_Id="446">
<Branch CovItemId="B19" CovItemPrefix="csse376_puerto_rico.GameState.java" Implct="false" Intrnl_Id="447">
<Cond/>
<LocList>
<Loc EndOffset="4449" SrcFileId="6" StartOffset="4419"/>
</LocList>
<StmntSeq Intrnl_Id="448">
<LocList>
<Loc EndOffset="4442" SrcFileId="6" StartOffset="4427"/>
</LocList>
<BasicStmnt CovItemId="S69" CovItemPrefix="csse376_puerto_rico.GameState.java" Intrnl_Id="449">
<LocList>
<Loc EndOffset="4442" SrcFileId="6" StartOffset="4427"/>
</LocList>
</BasicStmnt>
</StmntSeq>
</Branch>
<Branch CovItemId="B20" CovItemPrefix="csse376_puerto_rico.GameState.java" Implct="false" Intrnl_Id="450">
<Cond>
<Loc EndOffset="4454" SrcFileId="6" StartOffset="4450"/>
</Cond>
<LocList>
<Loc EndOffset="4512" SrcFileId="6" StartOffset="4455"/>
</LocList>
<StmntSeq Intrnl_Id="451">
<LocList>
<Loc EndOffset="4485" SrcFileId="6" StartOffset="4463"/>
<Loc EndOffset="4505" SrcFileId="6" StartOffset="4492"/>
</LocList>
<BasicStmnt CovItemId="S70" CovItemPrefix="csse376_puerto_rico.GameState.java" Intrnl_Id="452">
<LocList>
<Loc EndOffset="4485" SrcFileId="6" StartOffset="4463"/>
</LocList>
</BasicStmnt>
<BasicStmnt CovItemId="S71" CovItemPrefix="csse376_puerto_rico.GameState.java" Intrnl_Id="453">
<LocList>
<Loc EndOffset="4505" SrcFileId="6" StartOffset="4492"/>
</LocList>
</BasicStmnt>
</StmntSeq>
</Branch>
<Keyword EndOffset="4403" SrcFileId="6" StartOffset="4401"/>
<LocList>
<Loc EndOffset="4512" SrcFileId="6" StartOffset="4401"/>
</LocList>
<RootTerm CovItemId="C11" CovItemPrefix="csse376_puerto_rico.GameState.java" Intrnl_Id="454">
<BasicBoolTerm Intrnl_Id="455">
<LocList>
<Loc EndOffset="4417" SrcFileId="6" StartOffset="4405"/>
</LocList>
</BasicBoolTerm>
</RootTerm>
</CondStmnt>
</StmntSeq>
</Branch>
<Branch CovItemId="B16" CovItemPrefix="csse376_puerto_rico.GameState.java" Implct="false" Intrnl_Id="456">
<Cond>
<Loc EndOffset="4525" SrcFileId="6" StartOffset="4521"/>
</Cond>
<LocList>
<Loc EndOffset="4556" SrcFileId="6" StartOffset="4526"/>
</LocList>
<StmntSeq Intrnl_Id="457">
<LocList>
<Loc EndOffset="4550" SrcFileId="6" StartOffset="4533"/>
</LocList>
<BasicStmnt CovItemId="S72" CovItemPrefix="csse376_puerto_rico.GameState.java" Intrnl_Id="458">
<LocList>
<Loc EndOffset="4550" SrcFileId="6" StartOffset="4533"/>
</LocList>
</BasicStmnt>
</StmntSeq>
</Branch>
<Keyword EndOffset="4222" SrcFileId="6" StartOffset="4220"/>
<LocList>
<Loc EndOffset="4556" SrcFileId="6" StartOffset="4220"/>
</LocList>
<RootTerm CovItemId="C9" CovItemPrefix="csse376_puerto_rico.GameState.java" Intrnl_Id="459">
<OpTerm BooleanOpId="13" Intrnl_Id="460">
<BasicBoolTerm Intrnl_Id="461">
<LocList>
<Loc EndOffset="4239" SrcFileId="6" StartOffset="4224"/>
</LocList>
</BasicBoolTerm>
<OpTerm BooleanOpId="12" Intrnl_Id="462">
<BasicBoolTerm Intrnl_Id="463">
<LocList>
<Loc EndOffset="4264" SrcFileId="6" StartOffset="4250"/>
</LocList>
</BasicBoolTerm>
<BasicBoolTerm Intrnl_Id="464">
<LocList>
<Loc EndOffset="4295" SrcFileId="6" StartOffset="4268"/>
</LocList>
</BasicBoolTerm>
<LocList>
<Loc EndOffset="4267" SrcFileId="6" StartOffset="4265"/>
</LocList>
</OpTerm>
<LocList>
<Loc EndOffset="4248" SrcFileId="6" StartOffset="4246"/>
</LocList>
</OpTerm>
</RootTerm>
</CondStmnt>
</StmntSeq>
</Branch>
<Branch CovItemId="B14" CovItemPrefix="csse376_puerto_rico.GameState.java" Implct="false" Intrnl_Id="465">
<Cond>
<Loc EndOffset="4566" SrcFileId="6" StartOffset="4562"/>
</Cond>
<LocList>
<Loc EndOffset="5363" SrcFileId="6" StartOffset="4567"/>
</LocList>
<StmntSeq Intrnl_Id="466">
<LocList>
<Loc EndOffset="5363" SrcFileId="6" StartOffset="4567"/>
</LocList>
<CondStmnt CovItemId="S73" CovItemPrefix="csse376_puerto_rico.GameState.java" Intrnl_Id="467">
<Branch CovItemId="B21" CovItemPrefix="csse376_puerto_rico.GameState.java" Implct="false" Intrnl_Id="468">
<Cond/>
<LocList>
<Loc EndOffset="4963" SrcFileId="6" StartOffset="4585"/>
</LocList>
<StmntSeq Intrnl_Id="469">
<LocList>
<Loc EndOffset="4619" SrcFileId="6" StartOffset="4591"/>
<Loc EndOffset="4956" SrcFileId="6" StartOffset="4624"/>
</LocList>
<BasicStmnt CovItemId="S74" CovItemPrefix="csse376_puerto_rico.GameState.java" Intrnl_Id="470">
<LocList>
<Loc EndOffset="4619" SrcFileId="6" StartOffset="4591"/>
</LocList>
</BasicStmnt>
<CondStmnt CovItemId="S75" CovItemPrefix="csse376_puerto_rico.GameState.java" Intrnl_Id="471">
<Branch CovItemId="B23" CovItemPrefix="csse376_puerto_rico.GameState.java" Implct="false" Intrnl_Id="472">
<Cond/>
<LocList>
<Loc EndOffset="4920" SrcFileId="6" StartOffset="4702"/>
</LocList>
<StmntSeq Intrnl_Id="473">
<LocList>
<Loc EndOffset="4745" SrcFileId="6" StartOffset="4709"/>
<Loc EndOffset="4797" SrcFileId="6" StartOffset="4751"/>
<Loc EndOffset="4914" SrcFileId="6" StartOffset="4803"/>
</LocList>
<BasicStmnt CovItemId="S76" CovItemPrefix="csse376_puerto_rico.GameState.java" Intrnl_Id="474">
<LocList>
<Loc EndOffset="4745" SrcFileId="6" StartOffset="4709"/>
</LocList>
</BasicStmnt>
<CondStmnt CovItemId="S77" CovItemPrefix="csse376_puerto_rico.GameState.java" Intrnl_Id="475">
<Branch CovItemId="B25" CovItemPrefix="csse376_puerto_rico.GameState.java" Implct="false" Intrnl_Id="476">
<Cond/>
<LocList>
<Loc EndOffset="4797" SrcFileId="6" StartOffset="4775"/>
</LocList>
<StmntSeq Intrnl_Id="477">
<LocList>
<Loc EndOffset="4797" SrcFileId="6" StartOffset="4775"/>
</LocList>
<BasicStmnt CovItemId="S78" CovItemPrefix="csse376_puerto_rico.GameState.java" Intrnl_Id="478">
<LocList>
<Loc EndOffset="4797" SrcFileId="6" StartOffset="4775"/>
</LocList>
</BasicStmnt>
</StmntSeq>
</Branch>
<Branch CovItemId="B26" CovItemPrefix="csse376_puerto_rico.GameState.java" Implct="true" Intrnl_Id="479">
<Cond/>
<LocList/>
<StmntSeq Intrnl_Id="480">
<LocList/>
</StmntSeq>
</Branch>
<Keyword EndOffset="4753" SrcFileId="6" StartOffset="4751"/>
<LocList>
<Loc EndOffset="4797" SrcFileId="6" StartOffset="4751"/>
</LocList>
<RootTerm CovItemId="C14" CovItemPrefix="csse376_puerto_rico.GameState.java" Intrnl_Id="481">
<BasicBoolTerm Intrnl_Id="482">
<LocList>
<Loc EndOffset="4767" SrcFileId="6" StartOffset="4755"/>
</LocList>
</BasicBoolTerm>
</RootTerm>
</CondStmnt>
<CondStmnt CovItemId="S79" CovItemPrefix="csse376_puerto_rico.GameState.java" Intrnl_Id="483">
<Branch CovItemId="B27" CovItemPrefix="csse376_puerto_rico.GameState.java" Implct="false" Intrnl_Id="484">
<Cond/>
<LocList>
<Loc EndOffset="4851" SrcFileId="6" StartOffset="4821"/>
</LocList>
<StmntSeq Intrnl_Id="485">
<LocList>
<Loc EndOffset="4844" SrcFileId="6" StartOffset="4829"/>
</LocList>
<BasicStmnt CovItemId="S80" CovItemPrefix="csse376_puerto_rico.GameState.java" Intrnl_Id="486">
<LocList>
<Loc EndOffset="4844" SrcFileId="6" StartOffset="4829"/>
</LocList>
</BasicStmnt>
</StmntSeq>
</Branch>
<Branch CovItemId="B28" CovItemPrefix="csse376_puerto_rico.GameState.java" Implct="false" Intrnl_Id="487">
<Cond>
<Loc EndOffset="4856" SrcFileId="6" StartOffset="4852"/>
</Cond>
<LocList>
<Loc EndOffset="4914" SrcFileId="6" StartOffset="4857"/>
</LocList>
<StmntSeq Intrnl_Id="488">
<LocList>
<Loc EndOffset="4887" SrcFileId="6" StartOffset="4865"/>
<Loc EndOffset="4907" SrcFileId="6" StartOffset="4894"/>
</LocList>
<BasicStmnt CovItemId="S81" CovItemPrefix="csse376_puerto_rico.GameState.java" Intrnl_Id="489">
<LocList>
<Loc EndOffset="4887" SrcFileId="6" StartOffset="4865"/>
</LocList>
</BasicStmnt>
<BasicStmnt CovItemId="S82" CovItemPrefix="csse376_puerto_rico.GameState.java" Intrnl_Id="490">
<LocList>
<Loc EndOffset="4907" SrcFileId="6" StartOffset="4894"/>
</LocList>
</BasicStmnt>
</StmntSeq>
</Branch>
<Keyword EndOffset="4805" SrcFileId="6" StartOffset="4803"/>
<LocList>
<Loc EndOffset="4914" SrcFileId="6" StartOffset="4803"/>
</LocList>
<RootTerm CovItemId="C15" CovItemPrefix="csse376_puerto_rico.GameState.java" Intrnl_Id="491">
<BasicBoolTerm Intrnl_Id="492">
<LocList>
<Loc EndOffset="4819" SrcFileId="6" StartOffset="4807"/>
</LocList>
</BasicBoolTerm>
</RootTerm>
</CondStmnt>
</StmntSeq>
</Branch>
<Branch CovItemId="B24" CovItemPrefix="csse376_puerto_rico.GameState.java" Implct="false" Intrnl_Id="493">
<Cond>
<Loc EndOffset="4925" SrcFileId="6" StartOffset="4921"/>
</Cond>
<LocList>
<Loc EndOffset="4956" SrcFileId="6" StartOffset="4926"/>
</LocList>
<StmntSeq Intrnl_Id="494">
<LocList>
<Loc EndOffset="4950" SrcFileId="6" StartOffset="4933"/>
</LocList>
<BasicStmnt CovItemId="S83" CovItemPrefix="csse376_puerto_rico.GameState.java" Intrnl_Id="495">
<LocList>
<Loc EndOffset="4950" SrcFileId="6" StartOffset="4933"/>
</LocList>
</BasicStmnt>
</StmntSeq>
</Branch>
<Keyword EndOffset="4626" SrcFileId="6" StartOffset="4624"/>
<LocList>
<Loc EndOffset="4956" SrcFileId="6" StartOffset="4624"/>
</LocList>
<RootTerm CovItemId="C13" CovItemPrefix="csse376_puerto_rico.GameState.java" Intrnl_Id="496">
<OpTerm BooleanOpId="13" Intrnl_Id="497">
<BasicBoolTerm Intrnl_Id="498">
<LocList>
<Loc EndOffset="4643" SrcFileId="6" StartOffset="4628"/>
</LocList>
</BasicBoolTerm>
<OpTerm BooleanOpId="12" Intrnl_Id="499">
<BasicBoolTerm Intrnl_Id="500">
<LocList>
<Loc EndOffset="4668" SrcFileId="6" StartOffset="4654"/>
</LocList>
</BasicBoolTerm>
<BasicBoolTerm Intrnl_Id="501">
<LocList>
<Loc EndOffset="4699" SrcFileId="6" StartOffset="4672"/>
</LocList>
</BasicBoolTerm>
<LocList>
<Loc EndOffset="4671" SrcFileId="6" StartOffset="4669"/>
</LocList>
</OpTerm>
<LocList>
<Loc EndOffset="4652" SrcFileId="6" StartOffset="4650"/>
</LocList>
</OpTerm>
</RootTerm>
</CondStmnt>
</StmntSeq>
</Branch>
<Branch CovItemId="B22" CovItemPrefix="csse376_puerto_rico.GameState.java" Implct="false" Intrnl_Id="502">
<Cond>
<Loc EndOffset="4968" SrcFileId="6" StartOffset="4964"/>
</Cond>
<LocList>
<Loc EndOffset="5363" SrcFileId="6" StartOffset="4969"/>
</LocList>
<StmntSeq Intrnl_Id="503">
<LocList>
<Loc EndOffset="5363" SrcFileId="6" StartOffset="4969"/>
</LocList>
<CondStmnt CovItemId="S84" CovItemPrefix="csse376_puerto_rico.GameState.java" Intrnl_Id="504">
<Branch CovItemId="B29" CovItemPrefix="csse376_puerto_rico.GameState.java" Implct="false" Intrnl_Id="505">
<Cond/>
<LocList>
<Loc EndOffset="5363" SrcFileId="6" StartOffset="4987"/>
</LocList>
<StmntSeq Intrnl_Id="506">
<LocList>
<Loc EndOffset="5021" SrcFileId="6" StartOffset="4993"/>
<Loc EndOffset="5358" SrcFileId="6" StartOffset="5026"/>
</LocList>
<BasicStmnt CovItemId="S85" CovItemPrefix="csse376_puerto_rico.GameState.java" Intrnl_Id="507">
<LocList>
<Loc EndOffset="5021" SrcFileId="6" StartOffset="4993"/>
</LocList>
</BasicStmnt>
<CondStmnt CovItemId="S86" CovItemPrefix="csse376_puerto_rico.GameState.java" Intrnl_Id="508">
<Branch CovItemId="B31" CovItemPrefix="csse376_puerto_rico.GameState.java" Implct="false" Intrnl_Id="509">
<Cond/>
<LocList>
<Loc EndOffset="5322" SrcFileId="6" StartOffset="5104"/>
</LocList>
<StmntSeq Intrnl_Id="510">
<LocList>
<Loc EndOffset="5147" SrcFileId="6" StartOffset="5111"/>
<Loc EndOffset="5199" SrcFileId="6" StartOffset="5153"/>
<Loc EndOffset="5316" SrcFileId="6" StartOffset="5205"/>
</LocList>
<BasicStmnt CovItemId="S87" CovItemPrefix="csse376_puerto_rico.GameState.java" Intrnl_Id="511">
<LocList>
<Loc EndOffset="5147" SrcFileId="6" StartOffset="5111"/>
</LocList>
</BasicStmnt>
<CondStmnt CovItemId="S88" CovItemPrefix="csse376_puerto_rico.GameState.java" Intrnl_Id="512">
<Branch CovItemId="B33" CovItemPrefix="csse376_puerto_rico.GameState.java" Implct="false" Intrnl_Id="513">
<Cond/>
<LocList>
<Loc EndOffset="5199" SrcFileId="6" StartOffset="5177"/>
</LocList>
<StmntSeq Intrnl_Id="514">
<LocList>
<Loc EndOffset="5199" SrcFileId="6" StartOffset="5177"/>
</LocList>
<BasicStmnt CovItemId="S89" CovItemPrefix="csse376_puerto_rico.GameState.java" Intrnl_Id="515">
<LocList>
<Loc EndOffset="5199" SrcFileId="6" StartOffset="5177"/>
</LocList>
</BasicStmnt>
</StmntSeq>
</Branch>
<Branch CovItemId="B34" CovItemPrefix="csse376_puerto_rico.GameState.java" Implct="true" Intrnl_Id="516">
<Cond/>
<LocList/>
<StmntSeq Intrnl_Id="517">
<LocList/>
</StmntSeq>
</Branch>
<Keyword EndOffset="5155" SrcFileId="6" StartOffset="5153"/>
<LocList>
<Loc EndOffset="5199" SrcFileId="6" StartOffset="5153"/>
</LocList>
<RootTerm CovItemId="C18" CovItemPrefix="csse376_puerto_rico.GameState.java" Intrnl_Id="518">
<BasicBoolTerm Intrnl_Id="519">
<LocList>
<Loc EndOffset="5169" SrcFileId="6" StartOffset="5157"/>
</LocList>
</BasicBoolTerm>
</RootTerm>
</CondStmnt>
<CondStmnt CovItemId="S90" CovItemPrefix="csse376_puerto_rico.GameState.java" Intrnl_Id="520">
<Branch CovItemId="B35" CovItemPrefix="csse376_puerto_rico.GameState.java" Implct="false" Intrnl_Id="521">
<Cond/>
<LocList>
<Loc EndOffset="5253" SrcFileId="6" StartOffset="5223"/>
</LocList>
<StmntSeq Intrnl_Id="522">
<LocList>
<Loc EndOffset="5246" SrcFileId="6" StartOffset="5231"/>
</LocList>
<BasicStmnt CovItemId="S91" CovItemPrefix="csse376_puerto_rico.GameState.java" Intrnl_Id="523">
<LocList>
<Loc EndOffset="5246" SrcFileId="6" StartOffset="5231"/>
</LocList>
</BasicStmnt>
</StmntSeq>
</Branch>
<Branch CovItemId="B36" CovItemPrefix="csse376_puerto_rico.GameState.java" Implct="false" Intrnl_Id="524">
<Cond>
<Loc EndOffset="5258" SrcFileId="6" StartOffset="5254"/>
</Cond>
<LocList>
<Loc EndOffset="5316" SrcFileId="6" StartOffset="5259"/>
</LocList>
<StmntSeq Intrnl_Id="525">
<LocList>
<Loc EndOffset="5289" SrcFileId="6" StartOffset="5267"/>
<Loc EndOffset="5309" SrcFileId="6" StartOffset="5296"/>
</LocList>
<BasicStmnt CovItemId="S92" CovItemPrefix="csse376_puerto_rico.GameState.java" Intrnl_Id="526">
<LocList>
<Loc EndOffset="5289" SrcFileId="6" StartOffset="5267"/>
</LocList>
</BasicStmnt>
<BasicStmnt CovItemId="S93" CovItemPrefix="csse376_puerto_rico.GameState.java" Intrnl_Id="527">
<LocList>
<Loc EndOffset="5309" SrcFileId="6" StartOffset="5296"/>
</LocList>
</BasicStmnt>
</StmntSeq>
</Branch>
<Keyword EndOffset="5207" SrcFileId="6" StartOffset="5205"/>
<LocList>
<Loc EndOffset="5316" SrcFileId="6" StartOffset="5205"/>
</LocList>
<RootTerm CovItemId="C19" CovItemPrefix="csse376_puerto_rico.GameState.java" Intrnl_Id="528">
<BasicBoolTerm Intrnl_Id="529">
<LocList>
<Loc EndOffset="5221" SrcFileId="6" StartOffset="5209"/>
</LocList>
</BasicBoolTerm>
</RootTerm>
</CondStmnt>
</StmntSeq>
</Branch>
<Branch CovItemId="B32" CovItemPrefix="csse376_puerto_rico.GameState.java" Implct="false" Intrnl_Id="530">
<Cond>
<Loc EndOffset="5327" SrcFileId="6" StartOffset="5323"/>
</Cond>
<LocList>
<Loc EndOffset="5358" SrcFileId="6" StartOffset="5328"/>
</LocList>
<StmntSeq Intrnl_Id="531">
<LocList>
<Loc EndOffset="5352" SrcFileId="6" StartOffset="5335"/>
</LocList>
<BasicStmnt CovItemId="S94" CovItemPrefix="csse376_puerto_rico.GameState.java" Intrnl_Id="532">
<LocList>
<Loc EndOffset="5352" SrcFileId="6" StartOffset="5335"/>
</LocList>
</BasicStmnt>
</StmntSeq>
</Branch>
<Keyword EndOffset="5028" SrcFileId="6" StartOffset="5026"/>
<LocList>
<Loc EndOffset="5358" SrcFileId="6" StartOffset="5026"/>
</LocList>
<RootTerm CovItemId="C17" CovItemPrefix="csse376_puerto_rico.GameState.java" Intrnl_Id="533">
<OpTerm BooleanOpId="13" Intrnl_Id="534">
<BasicBoolTerm Intrnl_Id="535">
<LocList>
<Loc EndOffset="5045" SrcFileId="6" StartOffset="5030"/>
</LocList>
</BasicBoolTerm>
<OpTerm BooleanOpId="12" Intrnl_Id="536">
<BasicBoolTerm Intrnl_Id="537">
<LocList>
<Loc EndOffset="5070" SrcFileId="6" StartOffset="5056"/>
</LocList>
</BasicBoolTerm>
<BasicBoolTerm Intrnl_Id="538">
<LocList>
<Loc EndOffset="5101" SrcFileId="6" StartOffset="5074"/>
</LocList>
</BasicBoolTerm>
<LocList>
<Loc EndOffset="5073" SrcFileId="6" StartOffset="5071"/>
</LocList>
</OpTerm>
<LocList>
<Loc EndOffset="5054" SrcFileId="6" StartOffset="5052"/>
</LocList>
</OpTerm>
</RootTerm>
</CondStmnt>
</StmntSeq>
</Branch>
<Branch CovItemId="B30" CovItemPrefix="csse376_puerto_rico.GameState.java" Implct="true" Intrnl_Id="539">
<Cond/>
<LocList/>
<StmntSeq Intrnl_Id="540">
<LocList/>
</StmntSeq>
</Branch>
<Keyword EndOffset="4971" SrcFileId="6" StartOffset="4969"/>
<LocList>
<Loc EndOffset="5363" SrcFileId="6" StartOffset="4969"/>
</LocList>
<RootTerm CovItemId="C16" CovItemPrefix="csse376_puerto_rico.GameState.java" Intrnl_Id="541">
<BasicBoolTerm Intrnl_Id="542">
<LocList>
<Loc EndOffset="4985" SrcFileId="6" StartOffset="4973"/>
</LocList>
</BasicBoolTerm>
</RootTerm>
</CondStmnt>
</StmntSeq>
</Branch>
<Keyword EndOffset="4569" SrcFileId="6" StartOffset="4567"/>
<LocList>
<Loc EndOffset="5363" SrcFileId="6" StartOffset="4567"/>
</LocList>
<RootTerm CovItemId="C12" CovItemPrefix="csse376_puerto_rico.GameState.java" Intrnl_Id="543">
<BasicBoolTerm Intrnl_Id="544">
<LocList>
<Loc EndOffset="4583" SrcFileId="6" StartOffset="4571"/>
</LocList>
</BasicBoolTerm>
</RootTerm>
</CondStmnt>
</StmntSeq>
</Branch>
<Keyword EndOffset="4165" SrcFileId="6" StartOffset="4163"/>
<LocList>
<Loc EndOffset="5363" SrcFileId="6" StartOffset="4163"/>
</LocList>
<RootTerm CovItemId="C8" CovItemPrefix="csse376_puerto_rico.GameState.java" Intrnl_Id="545">
<BasicBoolTerm Intrnl_Id="546">
<LocList>
<Loc EndOffset="4179" SrcFileId="6" StartOffset="4167"/>
</LocList>
</BasicBoolTerm>
</RootTerm>
</CondStmnt>
<BasicStmnt CovItemId="S95" CovItemPrefix="csse376_puerto_rico.GameState.java" Intrnl_Id="547">
<LocList>
<Loc EndOffset="5383" SrcFileId="6" StartOffset="5367"/>
</LocList>
</BasicStmnt>
</StmntSeq>
</HierarchyLvl>
<HierarchyLvl HierarchyLvlId="4236" HierarchyLvlTypeId="16" Intrnl_Id="548" Name="isAbleToAddGood">
<Header>
<Loc EndOffset="5424" SrcFileId="6" StartOffset="5392"/>
</Header>
<LocList>
<Loc EndOffset="5538" SrcFileId="6" StartOffset="5392"/>
</LocList>
<StmntSeq Intrnl_Id="549">
<LocList>
<Loc EndOffset="5517" SrcFileId="6" StartOffset="5432"/>
<Loc EndOffset="5534" SrcFileId="6" StartOffset="5521"/>
</LocList>
<LoopStmnt CovItemId="S96" CovItemPrefix="csse376_puerto_rico.GameState.java" Intrnl_Id="550" MltplExecId="L6-2" MltplExecPrefix="csse376_puerto_rico.GameState.java" NvrExecId="L6-0" NvrExecPrefix="csse376_puerto_rico.GameState.java" OnceExecutedId="L6-1" OnceExecutedPrefix="csse376_puerto_rico.GameState.java" OptBodyExec="true">
<StmntSeq Intrnl_Id="551">
<LocList>
<Loc EndOffset="5512" SrcFileId="6" StartOffset="5463"/>
</LocList>
<CondStmnt CovItemId="S97" CovItemPrefix="csse376_puerto_rico.GameState.java" Intrnl_Id="552">
<Branch CovItemId="B37" CovItemPrefix="csse376_puerto_rico.GameState.java" Implct="false" Intrnl_Id="553">
<Cond/>
<LocList>
<Loc EndOffset="5512" SrcFileId="6" StartOffset="5487"/>
</LocList>
<StmntSeq Intrnl_Id="554">
<LocList>
<Loc EndOffset="5506" SrcFileId="6" StartOffset="5494"/>
</LocList>
<BasicStmnt CovItemId="S98" CovItemPrefix="csse376_puerto_rico.GameState.java" Intrnl_Id="555">
<LocList>
<Loc EndOffset="5506" SrcFileId="6" StartOffset="5494"/>
</LocList>
</BasicStmnt>
</StmntSeq>
</Branch>
<Branch CovItemId="B38" CovItemPrefix="csse376_puerto_rico.GameState.java" Implct="true" Intrnl_Id="556">
<Cond/>
<LocList/>
<StmntSeq Intrnl_Id="557">
<LocList/>
</StmntSeq>
</Branch>
<Keyword EndOffset="5465" SrcFileId="6" StartOffset="5463"/>
<LocList>
<Loc EndOffset="5512" SrcFileId="6" StartOffset="5463"/>
</LocList>
<RootTerm CovItemId="C20" CovItemPrefix="csse376_puerto_rico.GameState.java" Intrnl_Id="558">
<BasicBoolTerm Intrnl_Id="559">
<LocList>
<Loc EndOffset="5485" SrcFileId="6" StartOffset="5467"/>
</LocList>
</BasicBoolTerm>
</RootTerm>
</CondStmnt>
</StmntSeq>
<Keyword EndOffset="5435" SrcFileId="6" StartOffset="5432"/>
<LocList>
<Loc EndOffset="5517" SrcFileId="6" StartOffset="5432"/>
</LocList>
</LoopStmnt>
<BasicStmnt CovItemId="S99" CovItemPrefix="csse376_puerto_rico.GameState.java" Intrnl_Id="560">
<LocList>
<Loc EndOffset="5534" SrcFileId="6" StartOffset="5521"/>
</LocList>
</BasicStmnt>
</StmntSeq>
</HierarchyLvl>
<HierarchyLvl HierarchyLvlId="4237" HierarchyLvlTypeId="16" Intrnl_Id="561" Name="isAbleToAddGood">
<Header>
<Loc EndOffset="5583" SrcFileId="6" StartOffset="5543"/>
</Header>
<LocList>
<Loc EndOffset="5891" SrcFileId="6" StartOffset="5543"/>
</LocList>
<StmntSeq Intrnl_Id="562">
<LocList>
<Loc EndOffset="5635" SrcFileId="6" StartOffset="5589"/>
<Loc EndOffset="5870" SrcFileId="6" StartOffset="5639"/>
<Loc EndOffset="5887" SrcFileId="6" StartOffset="5874"/>
</LocList>
<BasicStmnt CovItemId="S100" CovItemPrefix="csse376_puerto_rico.GameState.java" Intrnl_Id="563">
<LocList>
<Loc EndOffset="5635" SrcFileId="6" StartOffset="5589"/>
</LocList>
</BasicStmnt>
<LoopStmnt CovItemId="S101" CovItemPrefix="csse376_puerto_rico.GameState.java" Intrnl_Id="564" MltplExecId="L7-2" MltplExecPrefix="csse376_puerto_rico.GameState.java" NvrExecId="L7-0" NvrExecPrefix="csse376_puerto_rico.GameState.java" OnceExecutedId="L7-1" OnceExecutedPrefix="csse376_puerto_rico.GameState.java" OptBodyExec="true">
<StmntSeq Intrnl_Id="565">
<LocList>
<Loc EndOffset="5865" SrcFileId="6" StartOffset="5682"/>
</LocList>
<CondStmnt CovItemId="S102" CovItemPrefix="csse376_puerto_rico.GameState.java" Intrnl_Id="566">
<Branch CovItemId="B39" CovItemPrefix="csse376_puerto_rico.GameState.java" Implct="false" Intrnl_Id="567">
<Cond/>
<LocList>
<Loc EndOffset="5865" SrcFileId="6" StartOffset="5715"/>
</LocList>
<StmntSeq Intrnl_Id="568">
<LocList>
<Loc EndOffset="5859" SrcFileId="6" StartOffset="5722"/>
</LocList>
<LoopStmnt CovItemId="S103" CovItemPrefix="csse376_puerto_rico.GameState.java" Intrnl_Id="569" MltplExecId="L8-2" MltplExecPrefix="csse376_puerto_rico.GameState.java" NvrExecId="L8-0" NvrExecPrefix="csse376_puerto_rico.GameState.java" OnceExecutedId="L8-1" OnceExecutedPrefix="csse376_puerto_rico.GameState.java" OptBodyExec="true">
<StmntSeq Intrnl_Id="570">
<LocList>
<Loc EndOffset="5798" SrcFileId="6" StartOffset="5759"/>
<Loc EndOffset="5852" SrcFileId="6" StartOffset="5805"/>
</LocList>
<BasicStmnt CovItemId="S104" CovItemPrefix="csse376_puerto_rico.GameState.java" Intrnl_Id="571">
<LocList>
<Loc EndOffset="5798" SrcFileId="6" StartOffset="5759"/>
</LocList>
</BasicStmnt>
<CondStmnt CovItemId="S105" CovItemPrefix="csse376_puerto_rico.GameState.java" Intrnl_Id="572">
<Branch CovItemId="B41" CovItemPrefix="csse376_puerto_rico.GameState.java" Implct="false" Intrnl_Id="573">
<Cond/>
<LocList>
<Loc EndOffset="5852" SrcFileId="6" StartOffset="5821"/>
</LocList>
<StmntSeq Intrnl_Id="574">
<LocList>
<Loc EndOffset="5842" SrcFileId="6" StartOffset="5830"/>
</LocList>
<BasicStmnt CovItemId="S106" CovItemPrefix="csse376_puerto_rico.GameState.java" Intrnl_Id="575">
<LocList>
<Loc EndOffset="5842" SrcFileId="6" StartOffset="5830"/>
</LocList>
</BasicStmnt>
</StmntSeq>
</Branch>
<Branch CovItemId="B42" CovItemPrefix="csse376_puerto_rico.GameState.java" Implct="true" Intrnl_Id="576">
<Cond/>
<LocList/>
<StmntSeq Intrnl_Id="577">
<LocList/>
</StmntSeq>
</Branch>
<Keyword EndOffset="5807" SrcFileId="6" StartOffset="5805"/>
<LocList>
<Loc EndOffset="5852" SrcFileId="6" StartOffset="5805"/>
</LocList>
<RootTerm CovItemId="C23" CovItemPrefix="csse376_puerto_rico.GameState.java" Intrnl_Id="578">
<BasicBoolTerm Intrnl_Id="579">
<LocList>
<Loc EndOffset="5819" SrcFileId="6" StartOffset="5809"/>
</LocList>
</BasicBoolTerm>
</RootTerm>
</CondStmnt>
</StmntSeq>
<Keyword EndOffset="5725" SrcFileId="6" StartOffset="5722"/>
<LocList>
<Loc EndOffset="5859" SrcFileId="6" StartOffset="5722"/>
</LocList>
<RootTerm CovItemId="C22" CovItemPrefix="csse376_puerto_rico.GameState.java" Intrnl_Id="580">
<BasicBoolTerm Intrnl_Id="581">
<LocList>
<Loc EndOffset="5744" SrcFileId="6" StartOffset="5738"/>
</LocList>
</BasicBoolTerm>
</RootTerm>
</LoopStmnt>
</StmntSeq>
</Branch>
<Branch CovItemId="B40" CovItemPrefix="csse376_puerto_rico.GameState.java" Implct="true" Intrnl_Id="582">
<Cond/>
<LocList/>
<StmntSeq Intrnl_Id="583">
<LocList/>
</StmntSeq>
</Branch>
<Keyword EndOffset="5684" SrcFileId="6" StartOffset="5682"/>
<LocList>
<Loc EndOffset="5865" SrcFileId="6" StartOffset="5682"/>
</LocList>
<RootTerm CovItemId="C21" CovItemPrefix="csse376_puerto_rico.GameState.java" Intrnl_Id="584">
<BasicBoolTerm Intrnl_Id="585">
<LocList>
<Loc EndOffset="5713" SrcFileId="6" StartOffset="5686"/>
</LocList>
</BasicBoolTerm>
</RootTerm>
</CondStmnt>
</StmntSeq>
<Keyword EndOffset="5642" SrcFileId="6" StartOffset="5639"/>
<LocList>
<Loc EndOffset="5870" SrcFileId="6" StartOffset="5639"/>
</LocList>
</LoopStmnt>
<BasicStmnt CovItemId="S107" CovItemPrefix="csse376_puerto_rico.GameState.java" Intrnl_Id="586">
<LocList>
<Loc EndOffset="5887" SrcFileId="6" StartOffset="5874"/>
</LocList>
</BasicStmnt>
</StmntSeq>
</HierarchyLvl>
<HierarchyLvl HierarchyLvlId="4238" HierarchyLvlTypeId="16" Intrnl_Id="587" Name="isGameEndState">
<Header>
<Loc EndOffset="5927" SrcFileId="6" StartOffset="5896"/>
</Header>
<LocList>
<Loc EndOffset="5961" SrcFileId="6" StartOffset="5896"/>
</LocList>
<StmntSeq Intrnl_Id="588">
<LocList>
<Loc EndOffset="5957" SrcFileId="6" StartOffset="5935"/>
</LocList>
<BasicStmnt CovItemId="S108" CovItemPrefix="csse376_puerto_rico.GameState.java" Intrnl_Id="589">
<LocList>
<Loc EndOffset="5957" SrcFileId="6" StartOffset="5935"/>
</LocList>
</BasicStmnt>
</StmntSeq>
</HierarchyLvl>
<HierarchyLvl HierarchyLvlId="4239" HierarchyLvlTypeId="16" Intrnl_Id="590" Name="getWinner">
<Header>
<Loc EndOffset="5991" SrcFileId="6" StartOffset="5966"/>
</Header>
<LocList>
<Loc EndOffset="6155" SrcFileId="6" StartOffset="5966"/>
</LocList>
<StmntSeq Intrnl_Id="591">
<LocList>
<Loc EndOffset="6030" SrcFileId="6" StartOffset="5997"/>
<Loc EndOffset="6134" SrcFileId="6" StartOffset="6034"/>
<Loc EndOffset="6151" SrcFileId="6" StartOffset="6140"/>
</LocList>
<BasicStmnt CovItemId="S109" CovItemPrefix="csse376_puerto_rico.GameState.java" Intrnl_Id="592">
<LocList>
<Loc EndOffset="6030" SrcFileId="6" StartOffset="5997"/>
</LocList>
</BasicStmnt>
<LoopStmnt CovItemId="S110" CovItemPrefix="csse376_puerto_rico.GameState.java" Intrnl_Id="593" MltplExecId="L9-2" MltplExecPrefix="csse376_puerto_rico.GameState.java" NvrExecId="L9-0" NvrExecPrefix="csse376_puerto_rico.GameState.java" OnceExecutedId="L9-1" OnceExecutedPrefix="csse376_puerto_rico.GameState.java" OptBodyExec="true">
<StmntSeq Intrnl_Id="594">
<LocList>
<Loc EndOffset="6129" SrcFileId="6" StartOffset="6070"/>
</LocList>
<CondStmnt CovItemId="S111" CovItemPrefix="csse376_puerto_rico.GameState.java" Intrnl_Id="595">
<Branch CovItemId="B43" CovItemPrefix="csse376_puerto_rico.GameState.java" Implct="false" Intrnl_Id="596">
<Cond/>
<LocList>
<Loc EndOffset="6129" SrcFileId="6" StartOffset="6108"/>
</LocList>
<StmntSeq Intrnl_Id="597">
<LocList>
<Loc EndOffset="6123" SrcFileId="6" StartOffset="6115"/>
</LocList>
<BasicStmnt CovItemId="S112" CovItemPrefix="csse376_puerto_rico.GameState.java" Intrnl_Id="598">
<LocList>
<Loc EndOffset="6123" SrcFileId="6" StartOffset="6115"/>
</LocList>
</BasicStmnt>
</StmntSeq>
</Branch>
<Branch CovItemId="B44" CovItemPrefix="csse376_puerto_rico.GameState.java" Implct="true" Intrnl_Id="599">
<Cond/>
<LocList/>
<StmntSeq Intrnl_Id="600">
<LocList/>
</StmntSeq>
</Branch>
<Keyword EndOffset="6072" SrcFileId="6" StartOffset="6070"/>
<LocList>
<Loc EndOffset="6129" SrcFileId="6" StartOffset="6070"/>
</LocList>
<RootTerm CovItemId="C24" CovItemPrefix="csse376_puerto_rico.GameState.java" Intrnl_Id="601">
<BasicBoolTerm Intrnl_Id="602">
<LocList>
<Loc EndOffset="6106" SrcFileId="6" StartOffset="6074"/>
</LocList>
</BasicBoolTerm>
</RootTerm>
</CondStmnt>
</StmntSeq>
<Keyword EndOffset="6037" SrcFileId="6" StartOffset="6034"/>
<LocList>
<Loc EndOffset="6134" SrcFileId="6" StartOffset="6034"/>
</LocList>
</LoopStmnt>
<BasicStmnt CovItemId="S113" CovItemPrefix="csse376_puerto_rico.GameState.java" Intrnl_Id="603">
<LocList>
<Loc EndOffset="6151" SrcFileId="6" StartOffset="6140"/>
</LocList>
</BasicStmnt>
</StmntSeq>
</HierarchyLvl>
<HierarchyLvl HierarchyLvlId="4240" HierarchyLvlTypeId="16" Intrnl_Id="604" Name="updateAtEndOfTurn">
<Header>
<Loc EndOffset="6191" SrcFileId="6" StartOffset="6160"/>
</Header>
<LocList>
<Loc EndOffset="6475" SrcFileId="6" StartOffset="6160"/>
</LocList>
<StmntSeq Intrnl_Id="605">
<LocList>
<Loc EndOffset="6219" SrcFileId="6" StartOffset="6197"/>
<Loc EndOffset="6319" SrcFileId="6" StartOffset="6247"/>
<Loc EndOffset="6395" SrcFileId="6" StartOffset="6323"/>
<Loc EndOffset="6471" SrcFileId="6" StartOffset="6399"/>
</LocList>
<BasicStmnt CovItemId="S114" CovItemPrefix="csse376_puerto_rico.GameState.java" Intrnl_Id="606">
<LocList>
<Loc EndOffset="6219" SrcFileId="6" StartOffset="6197"/>
</LocList>
</BasicStmnt>
<CondStmnt CovItemId="S115" CovItemPrefix="csse376_puerto_rico.GameState.java" Intrnl_Id="607">
<Branch CovItemId="B45" CovItemPrefix="csse376_puerto_rico.GameState.java" Implct="false" Intrnl_Id="608">
<Cond/>
<LocList>
<Loc EndOffset="6319" SrcFileId="6" StartOffset="6268"/>
</LocList>
<StmntSeq Intrnl_Id="609">
<LocList>
<Loc EndOffset="6289" SrcFileId="6" StartOffset="6274"/>
<Loc EndOffset="6314" SrcFileId="6" StartOffset="6294"/>
</LocList>
<BasicStmnt CovItemId="S116" CovItemPrefix="csse376_puerto_rico.GameState.java" Intrnl_Id="610">
<LocList>
<Loc EndOffset="6289" SrcFileId="6" StartOffset="6274"/>
</LocList>
</BasicStmnt>
<BasicStmnt CovItemId="S117" CovItemPrefix="csse376_puerto_rico.GameState.java" Intrnl_Id="611">
<LocList>
<Loc EndOffset="6314" SrcFileId="6" StartOffset="6294"/>
</LocList>
</BasicStmnt>
</StmntSeq>
</Branch>
<Branch CovItemId="B46" CovItemPrefix="csse376_puerto_rico.GameState.java" Implct="true" Intrnl_Id="612">
<Cond/>
<LocList/>
<StmntSeq Intrnl_Id="613">
<LocList/>
</StmntSeq>
</Branch>
<Keyword EndOffset="6249" SrcFileId="6" StartOffset="6247"/>
<LocList>
<Loc EndOffset="6319" SrcFileId="6" StartOffset="6247"/>
</LocList>
<RootTerm CovItemId="C25" CovItemPrefix="csse376_puerto_rico.GameState.java" Intrnl_Id="614">
<BasicBoolTerm Intrnl_Id="615">
<LocList>
<Loc EndOffset="6266" SrcFileId="6" StartOffset="6251"/>
</LocList>
</BasicBoolTerm>
</RootTerm>
</CondStmnt>
<CondStmnt CovItemId="S118" CovItemPrefix="csse376_puerto_rico.GameState.java" Intrnl_Id="616">
<Branch CovItemId="B47" CovItemPrefix="csse376_puerto_rico.GameState.java" Implct="false" Intrnl_Id="617">
<Cond/>
<LocList>
<Loc EndOffset="6395" SrcFileId="6" StartOffset="6344"/>
</LocList>
<StmntSeq Intrnl_Id="618">
<LocList>
<Loc EndOffset="6365" SrcFileId="6" StartOffset="6350"/>
<Loc EndOffset="6390" SrcFileId="6" StartOffset="6370"/>
</LocList>
<BasicStmnt CovItemId="S119" CovItemPrefix="csse376_puerto_rico.GameState.java" Intrnl_Id="619">
<LocList>
<Loc EndOffset="6365" SrcFileId="6" StartOffset="6350"/>
</LocList>
</BasicStmnt>
<BasicStmnt CovItemId="S120" CovItemPrefix="csse376_puerto_rico.GameState.java" Intrnl_Id="620">
<LocList>
<Loc EndOffset="6390" SrcFileId="6" StartOffset="6370"/>
</LocList>
</BasicStmnt>
</StmntSeq>
</Branch>
<Branch CovItemId="B48" CovItemPrefix="csse376_puerto_rico.GameState.java" Implct="true" Intrnl_Id="621">
<Cond/>
<LocList/>
<StmntSeq Intrnl_Id="622">
<LocList/>
</StmntSeq>
</Branch>
<Keyword EndOffset="6325" SrcFileId="6" StartOffset="6323"/>
<LocList>
<Loc EndOffset="6395" SrcFileId="6" StartOffset="6323"/>
</LocList>
<RootTerm CovItemId="C26" CovItemPrefix="csse376_puerto_rico.GameState.java" Intrnl_Id="623">
<BasicBoolTerm Intrnl_Id="624">
<LocList>
<Loc EndOffset="6342" SrcFileId="6" StartOffset="6327"/>
</LocList>
</BasicBoolTerm>
</RootTerm>
</CondStmnt>
<CondStmnt CovItemId="S121" CovItemPrefix="csse376_puerto_rico.GameState.java" Intrnl_Id="625">
<Branch CovItemId="B49" CovItemPrefix="csse376_puerto_rico.GameState.java" Implct="false" Intrnl_Id="626">
<Cond/>
<LocList>
<Loc EndOffset="6471" SrcFileId="6" StartOffset="6420"/>
</LocList>
<StmntSeq Intrnl_Id="627">
<LocList>
<Loc EndOffset="6441" SrcFileId="6" StartOffset="6426"/>
<Loc EndOffset="6466" SrcFileId="6" StartOffset="6446"/>
</LocList>
<BasicStmnt CovItemId="S122" CovItemPrefix="csse376_puerto_rico.GameState.java" Intrnl_Id="628">
<LocList>
<Loc EndOffset="6441" SrcFileId="6" StartOffset="6426"/>
</LocList>
</BasicStmnt>
<BasicStmnt CovItemId="S123" CovItemPrefix="csse376_puerto_rico.GameState.java" Intrnl_Id="629">
<LocList>
<Loc EndOffset="6466" SrcFileId="6" StartOffset="6446"/>
</LocList>
</BasicStmnt>
</StmntSeq>
</Branch>
<Branch CovItemId="B50" CovItemPrefix="csse376_puerto_rico.GameState.java" Implct="true" Intrnl_Id="630">
<Cond/>
<LocList/>
<StmntSeq Intrnl_Id="631">
<LocList/>
</StmntSeq>
</Branch>
<Keyword EndOffset="6401" SrcFileId="6" StartOffset="6399"/>
<LocList>
<Loc EndOffset="6471" SrcFileId="6" StartOffset="6399"/>
</LocList>
<RootTerm CovItemId="C27" CovItemPrefix="csse376_puerto_rico.GameState.java" Intrnl_Id="632">
<BasicBoolTerm Intrnl_Id="633">
<LocList>
<Loc EndOffset="6418" SrcFileId="6" StartOffset="6403"/>
</LocList>
</BasicBoolTerm>
</RootTerm>
</CondStmnt>
</StmntSeq>
</HierarchyLvl>
</HierarchyLvl>
<HierarchyLvl HierarchyLvlId="4254" HierarchyLvlTypeId="15" Intrnl_Id="634" Name="GameBoardGUI">
<Header>
<Loc EndOffset="460" SrcFileId="7" StartOffset="435"/>
</Header>
<LocList>
<Loc EndOffset="22575" SrcFileId="7" StartOffset="435"/>
</LocList>
<HierarchyLvl HierarchyLvlId="4242" HierarchyLvlTypeId="16" Intrnl_Id="635" Name="GameBoardGUI">
<Header>
<Loc EndOffset="774" SrcFileId="7" StartOffset="753"/>
</Header>
<LocList>
<Loc EndOffset="1094" SrcFileId="7" StartOffset="753"/>
</LocList>
<StmntSeq Intrnl_Id="636">
<LocList>
<Loc EndOffset="838" SrcFileId="7" StartOffset="808"/>
<Loc EndOffset="879" SrcFileId="7" StartOffset="842"/>
<Loc EndOffset="922" SrcFileId="7" StartOffset="883"/>
<Loc EndOffset="956" SrcFileId="7" StartOffset="926"/>
<Loc EndOffset="986" SrcFileId="7" StartOffset="960"/>
<Loc EndOffset="1016" SrcFileId="7" StartOffset="990"/>
<Loc EndOffset="1046" SrcFileId="7" StartOffset="1020"/>
<Loc EndOffset="1090" SrcFileId="7" StartOffset="1050"/>
</LocList>
<BasicStmnt CovItemId="S1" CovItemPrefix="csse376_puerto_rico.GameBoardGUI.java" Intrnl_Id="637">
<LocList>
<Loc EndOffset="838" SrcFileId="7" StartOffset="808"/>
</LocList>
</BasicStmnt>
<BasicStmnt CovItemId="S2" CovItemPrefix="csse376_puerto_rico.GameBoardGUI.java" Intrnl_Id="638">
<LocList>
<Loc EndOffset="879" SrcFileId="7" StartOffset="842"/>
</LocList>
</BasicStmnt>
<BasicStmnt CovItemId="S3" CovItemPrefix="csse376_puerto_rico.GameBoardGUI.java" Intrnl_Id="639">
<LocList>
<Loc EndOffset="922" SrcFileId="7" StartOffset="883"/>
</LocList>
</BasicStmnt>
<BasicStmnt CovItemId="S4" CovItemPrefix="csse376_puerto_rico.GameBoardGUI.java" Intrnl_Id="640">
<LocList>
<Loc EndOffset="956" SrcFileId="7" StartOffset="926"/>
</LocList>
</BasicStmnt>
<BasicStmnt CovItemId="S5" CovItemPrefix="csse376_puerto_rico.GameBoardGUI.java" Intrnl_Id="641">
<LocList>
<Loc EndOffset="986" SrcFileId="7" StartOffset="960"/>
</LocList>
</BasicStmnt>
<BasicStmnt CovItemId="S6" CovItemPrefix="csse376_puerto_rico.GameBoardGUI.java" Intrnl_Id="642">
<LocList>
<Loc EndOffset="1016" SrcFileId="7" StartOffset="990"/>
</LocList>
</BasicStmnt>
<BasicStmnt CovItemId="S7" CovItemPrefix="csse376_puerto_rico.GameBoardGUI.java" Intrnl_Id="643">
<LocList>
<Loc EndOffset="1046" SrcFileId="7" StartOffset="1020"/>
</LocList>
</BasicStmnt>
<BasicStmnt CovItemId="S8" CovItemPrefix="csse376_puerto_rico.GameBoardGUI.java" Intrnl_Id="644">
<LocList>
<Loc EndOffset="1090" SrcFileId="7" StartOffset="1050"/>
</LocList>
</BasicStmnt>
</StmntSeq>
</HierarchyLvl>
<HierarchyLvl HierarchyLvlId="4243" HierarchyLvlTypeId="16" Intrnl_Id="645" Name="GameBoardGUI">
<Header>
<Loc EndOffset="1151" SrcFileId="7" StartOffset="1099"/>
</Header>
<LocList>
<Loc EndOffset="1928" SrcFileId="7" StartOffset="1099"/>
</LocList>
<StmntSeq Intrnl_Id="646">
<LocList>
<Loc EndOffset="1196" SrcFileId="7" StartOffset="1157"/>
<Loc EndOffset="1223" SrcFileId="7" StartOffset="1200"/>
<Loc EndOffset="1266" SrcFileId="7" StartOffset="1227"/>
<Loc EndOffset="1314" SrcFileId="7" StartOffset="1270"/>
<Loc EndOffset="1363" SrcFileId="7" StartOffset="1318"/>
<Loc EndOffset="1409" SrcFileId="7" StartOffset="1367"/>
<Loc EndOffset="1448" SrcFileId="7" StartOffset="1413"/>
<Loc EndOffset="1485" SrcFileId="7" StartOffset="1452"/>
<Loc EndOffset="1509" SrcFileId="7" StartOffset="1489"/>
<Loc EndOffset="1543" SrcFileId="7" StartOffset="1513"/>
<Loc EndOffset="1584" SrcFileId="7" StartOffset="1547"/>
<Loc EndOffset="1608" SrcFileId="7" StartOffset="1590"/>
<Loc EndOffset="1840" SrcFileId="7" StartOffset="1612"/>
<Loc EndOffset="1887" SrcFileId="7" StartOffset="1844"/>
<Loc EndOffset="1924" SrcFileId="7" StartOffset="1893"/>
</LocList>
<BasicStmnt CovItemId="S9" CovItemPrefix="csse376_puerto_rico.GameBoardGUI.java" Intrnl_Id="647">
<LocList>
<Loc EndOffset="1196" SrcFileId="7" StartOffset="1157"/>
</LocList>
</BasicStmnt>
<BasicStmnt CovItemId="S10" CovItemPrefix="csse376_puerto_rico.GameBoardGUI.java" Intrnl_Id="648">
<LocList>
<Loc EndOffset="1223" SrcFileId="7" StartOffset="1200"/>
</LocList>
</BasicStmnt>
<BasicStmnt CovItemId="S11" CovItemPrefix="csse376_puerto_rico.GameBoardGUI.java" Intrnl_Id="649">
<LocList>
<Loc EndOffset="1266" SrcFileId="7" StartOffset="1227"/>
</LocList>
</BasicStmnt>
<BasicStmnt CovItemId="S12" CovItemPrefix="csse376_puerto_rico.GameBoardGUI.java" Intrnl_Id="650">
<LocList>
<Loc EndOffset="1314" SrcFileId="7" StartOffset="1270"/>
</LocList>
</BasicStmnt>
<BasicStmnt CovItemId="S13" CovItemPrefix="csse376_puerto_rico.GameBoardGUI.java" Intrnl_Id="651">
<LocList>
<Loc EndOffset="1363" SrcFileId="7" StartOffset="1318"/>
</LocList>
</BasicStmnt>
<BasicStmnt CovItemId="S14" CovItemPrefix="csse376_puerto_rico.GameBoardGUI.java" Intrnl_Id="652">
<LocList>
<Loc EndOffset="1409" SrcFileId="7" StartOffset="1367"/>
</LocList>
</BasicStmnt>
<BasicStmnt CovItemId="S15" CovItemPrefix="csse376_puerto_rico.GameBoardGUI.java" Intrnl_Id="653">
<LocList>
<Loc EndOffset="1448" SrcFileId="7" StartOffset="1413"/>
</LocList>
</BasicStmnt>
<BasicStmnt CovItemId="S16" CovItemPrefix="csse376_puerto_rico.GameBoardGUI.java" Intrnl_Id="654">
<LocList>
<Loc EndOffset="1485" SrcFileId="7" StartOffset="1452"/>
</LocList>
</BasicStmnt>
<BasicStmnt CovItemId="S17" CovItemPrefix="csse376_puerto_rico.GameBoardGUI.java" Intrnl_Id="655">
<LocList>
<Loc EndOffset="1509" SrcFileId="7" StartOffset="1489"/>
</LocList>
</BasicStmnt>
<BasicStmnt CovItemId="S18" CovItemPrefix="csse376_puerto_rico.GameBoardGUI.java" Intrnl_Id="656">
<LocList>
<Loc EndOffset="1543" SrcFileId="7" StartOffset="1513"/>
</LocList>
</BasicStmnt>
<BasicStmnt CovItemId="S19" CovItemPrefix="csse376_puerto_rico.GameBoardGUI.java" Intrnl_Id="657">
<LocList>
<Loc EndOffset="1584" SrcFileId="7" StartOffset="1547"/>
</LocList>
</BasicStmnt>
<BasicStmnt CovItemId="S20" CovItemPrefix="csse376_puerto_rico.GameBoardGUI.java" Intrnl_Id="658">
<LocList>
<Loc EndOffset="1608" SrcFileId="7" StartOffset="1590"/>
</LocList>
</BasicStmnt>
<LoopStmnt CovItemId="S21" CovItemPrefix="csse376_puerto_rico.GameBoardGUI.java" Intrnl_Id="659" MltplExecId="L1-2" MltplExecPrefix="csse376_puerto_rico.GameBoardGUI.java" NvrExecId="L1-0" NvrExecPrefix="csse376_puerto_rico.GameBoardGUI.java" OnceExecutedId="L1-1" OnceExecutedPrefix="csse376_puerto_rico.GameBoardGUI.java" OptBodyExec="true">
<StmntSeq Intrnl_Id="660">
<LocList>
<Loc EndOffset="1768" SrcFileId="7" StartOffset="1722"/>
<Loc EndOffset="1835" SrcFileId="7" StartOffset="1773"/>
</LocList>
<BasicStmnt CovItemId="S22" CovItemPrefix="csse376_puerto_rico.GameBoardGUI.java" Intrnl_Id="661">
<LocList>
<Loc EndOffset="1768" SrcFileId="7" StartOffset="1722"/>
</LocList>
</BasicStmnt>
<CondStmnt CovItemId="S23" CovItemPrefix="csse376_puerto_rico.GameBoardGUI.java" Intrnl_Id="662">
<Branch CovItemId="B1" CovItemPrefix="csse376_puerto_rico.GameBoardGUI.java" Implct="false" Intrnl_Id="663">
<Cond/>
<LocList>
<Loc EndOffset="1835" SrcFileId="7" StartOffset="1798"/>
</LocList>
<StmntSeq Intrnl_Id="664">
<LocList>
<Loc EndOffset="1829" SrcFileId="7" StartOffset="1805"/>
</LocList>
<BasicStmnt CovItemId="S24" CovItemPrefix="csse376_puerto_rico.GameBoardGUI.java" Intrnl_Id="665">
<LocList>
<Loc EndOffset="1829" SrcFileId="7" StartOffset="1805"/>
</LocList>
</BasicStmnt>
</StmntSeq>
</Branch>
<Branch CovItemId="B2" CovItemPrefix="csse376_puerto_rico.GameBoardGUI.java" Implct="true" Intrnl_Id="666">
<Cond/>
<LocList/>
<StmntSeq Intrnl_Id="667">
<LocList/>
</StmntSeq>
</Branch>
<Keyword EndOffset="1775" SrcFileId="7" StartOffset="1773"/>
<LocList>
<Loc EndOffset="1835" SrcFileId="7" StartOffset="1773"/>
</LocList>
<RootTerm CovItemId="C2" CovItemPrefix="csse376_puerto_rico.GameBoardGUI.java" Intrnl_Id="668">
<BasicBoolTerm Intrnl_Id="669">
<LocList>
<Loc EndOffset="1796" SrcFileId="7" StartOffset="1777"/>
</LocList>
</BasicBoolTerm>
</RootTerm>
</CondStmnt>
</StmntSeq>
<Keyword EndOffset="1615" SrcFileId="7" StartOffset="1612"/>
<LocList>
<Loc EndOffset="1840" SrcFileId="7" StartOffset="1612"/>
</LocList>
<RootTerm CovItemId="C1" CovItemPrefix="csse376_puerto_rico.GameBoardGUI.java" Intrnl_Id="670">
<BasicBoolTerm Intrnl_Id="671">
<LocList>
<Loc EndOffset="1713" SrcFileId="7" StartOffset="1682"/>
</LocList>
</BasicBoolTerm>
</RootTerm>
</LoopStmnt>
<BasicStmnt CovItemId="S25" CovItemPrefix="csse376_puerto_rico.GameBoardGUI.java" Intrnl_Id="672">
<LocList>
<Loc EndOffset="1887" SrcFileId="7" StartOffset="1844"/>
</LocList>
</BasicStmnt>
<BasicStmnt CovItemId="S26" CovItemPrefix="csse376_puerto_rico.GameBoardGUI.java" Intrnl_Id="673">
<LocList>
<Loc EndOffset="1924" SrcFileId="7" StartOffset="1893"/>
</LocList>
</BasicStmnt>
</StmntSeq>
</HierarchyLvl>
<HierarchyLvl HierarchyLvlId="4244" HierarchyLvlTypeId="16" Intrnl_Id="674" Name="displayGameState">
<Header>
<Loc EndOffset="1964" SrcFileId="7" StartOffset="1933"/>
</Header>
<LocList>
<Loc EndOffset="3210" SrcFileId="7" StartOffset="1933"/>
</LocList>
<StmntSeq Intrnl_Id="675">
<LocList>
<Loc EndOffset="2026" SrcFileId="7" StartOffset="1970"/>
<Loc EndOffset="2082" SrcFileId="7" StartOffset="2030"/>
<Loc EndOffset="2142" SrcFileId="7" StartOffset="2086"/>
<Loc EndOffset="2200" SrcFileId="7" StartOffset="2146"/>
<Loc EndOffset="2262" SrcFileId="7" StartOffset="2204"/>
<Loc EndOffset="2319" SrcFileId="7" StartOffset="2266"/>
<Loc EndOffset="2379" SrcFileId="7" StartOffset="2323"/>
<Loc EndOffset="2425" SrcFileId="7" StartOffset="2383"/>
<Loc EndOffset="3048" SrcFileId="7" StartOffset="2431"/>
<Loc EndOffset="3081" SrcFileId="7" StartOffset="3052"/>
<Loc EndOffset="3110" SrcFileId="7" StartOffset="3085"/>
<Loc EndOffset="3148" SrcFileId="7" StartOffset="3114"/>
<Loc EndOffset="3206" SrcFileId="7" StartOffset="3152"/>
</LocList>
<BasicStmnt CovItemId="S27" CovItemPrefix="csse376_puerto_rico.GameBoardGUI.java" Intrnl_Id="676">
<LocList>
<Loc EndOffset="2026" SrcFileId="7" StartOffset="1970"/>
</LocList>
</BasicStmnt>
<BasicStmnt CovItemId="S28" CovItemPrefix="csse376_puerto_rico.GameBoardGUI.java" Intrnl_Id="677">
<LocList>
<Loc EndOffset="2082" SrcFileId="7" StartOffset="2030"/>
</LocList>
</BasicStmnt>
<BasicStmnt CovItemId="S29" CovItemPrefix="csse376_puerto_rico.GameBoardGUI.java" Intrnl_Id="678">
<LocList>
<Loc EndOffset="2142" SrcFileId="7" StartOffset="2086"/>
</LocList>
</BasicStmnt>
<BasicStmnt CovItemId="S30" CovItemPrefix="csse376_puerto_rico.GameBoardGUI.java" Intrnl_Id="679">
<LocList>
<Loc EndOffset="2200" SrcFileId="7" StartOffset="2146"/>
</LocList>
</BasicStmnt>
<BasicStmnt CovItemId="S31" CovItemPrefix="csse376_puerto_rico.GameBoardGUI.java" Intrnl_Id="680">
<LocList>
<Loc EndOffset="2262" SrcFileId="7" StartOffset="2204"/>
</LocList>
</BasicStmnt>
<BasicStmnt CovItemId="S32" CovItemPrefix="csse376_puerto_rico.GameBoardGUI.java" Intrnl_Id="681">
<LocList>
<Loc EndOffset="2319" SrcFileId="7" StartOffset="2266"/>
</LocList>
</BasicStmnt>
<BasicStmnt CovItemId="S33" CovItemPrefix="csse376_puerto_rico.GameBoardGUI.java" Intrnl_Id="682">
<LocList>
<Loc EndOffset="2379" SrcFileId="7" StartOffset="2323"/>
</LocList>
</BasicStmnt>
<BasicStmnt CovItemId="S34" CovItemPrefix="csse376_puerto_rico.GameBoardGUI.java" Intrnl_Id="683">
<LocList>
<Loc EndOffset="2425" SrcFileId="7" StartOffset="2383"/>
</LocList>
</BasicStmnt>
<BasicStmnt CovItemId="S35" CovItemPrefix="csse376_puerto_rico.GameBoardGUI.java" Intrnl_Id="684">
<LocList>
<Loc EndOffset="3048" SrcFileId="7" StartOffset="2431"/>
</LocList>
</BasicStmnt>
<BasicStmnt CovItemId="S36" CovItemPrefix="csse376_puerto_rico.GameBoardGUI.java" Intrnl_Id="685">
<LocList>
<Loc EndOffset="3081" SrcFileId="7" StartOffset="3052"/>
</LocList>
</BasicStmnt>
<BasicStmnt CovItemId="S37" CovItemPrefix="csse376_puerto_rico.GameBoardGUI.java" Intrnl_Id="686">
<LocList>
<Loc EndOffset="3110" SrcFileId="7" StartOffset="3085"/>
</LocList>
</BasicStmnt>
<BasicStmnt CovItemId="S38" CovItemPrefix="csse376_puerto_rico.GameBoardGUI.java" Intrnl_Id="687">
<LocList>
<Loc EndOffset="3148" SrcFileId="7" StartOffset="3114"/>
</LocList>
</BasicStmnt>
<BasicStmnt CovItemId="S39" CovItemPrefix="csse376_puerto_rico.GameBoardGUI.java" Intrnl_Id="688">
<LocList>
<Loc EndOffset="3206" SrcFileId="7" StartOffset="3152"/>
</LocList>
</BasicStmnt>
</StmntSeq>
</HierarchyLvl>
<HierarchyLvl HierarchyLvlId="4245" HierarchyLvlTypeId="16" Intrnl_Id="689" Name="updateGameStateDisplay">
<Header>
<Loc EndOffset="3252" SrcFileId="7" StartOffset="3215"/>
</Header>
<LocList>
<Loc EndOffset="4371" SrcFileId="7" StartOffset="3215"/>
</LocList>
<StmntSeq Intrnl_Id="690">
<LocList>
<Loc EndOffset="3314" SrcFileId="7" StartOffset="3258"/>
<Loc EndOffset="3370" SrcFileId="7" StartOffset="3318"/>
<Loc EndOffset="3430" SrcFileId="7" StartOffset="3374"/>
<Loc EndOffset="3488" SrcFileId="7" StartOffset="3434"/>
<Loc EndOffset="3550" SrcFileId="7" StartOffset="3492"/>
<Loc EndOffset="3607" SrcFileId="7" StartOffset="3554"/>
<Loc EndOffset="3667" SrcFileId="7" StartOffset="3611"/>
<Loc EndOffset="3713" SrcFileId="7" StartOffset="3671"/>
<Loc EndOffset="4327" SrcFileId="7" StartOffset="3719"/>
<Loc EndOffset="4367" SrcFileId="7" StartOffset="4333"/>
</LocList>
<BasicStmnt CovItemId="S40" CovItemPrefix="csse376_puerto_rico.GameBoardGUI.java" Intrnl_Id="691">
<LocList>
<Loc EndOffset="3314" SrcFileId="7" StartOffset="3258"/>
</LocList>
</BasicStmnt>
<BasicStmnt CovItemId="S41" CovItemPrefix="csse376_puerto_rico.GameBoardGUI.java" Intrnl_Id="692">
<LocList>
<Loc EndOffset="3370" SrcFileId="7" StartOffset="3318"/>
</LocList>
</BasicStmnt>
<BasicStmnt CovItemId="S42" CovItemPrefix="csse376_puerto_rico.GameBoardGUI.java" Intrnl_Id="693">
<LocList>
<Loc EndOffset="3430" SrcFileId="7" StartOffset="3374"/>
</LocList>
</BasicStmnt>
<BasicStmnt CovItemId="S43" CovItemPrefix="csse376_puerto_rico.GameBoardGUI.java" Intrnl_Id="694">
<LocList>
<Loc EndOffset="3488" SrcFileId="7" StartOffset="3434"/>
</LocList>
</BasicStmnt>
<BasicStmnt CovItemId="S44" CovItemPrefix="csse376_puerto_rico.GameBoardGUI.java" Intrnl_Id="695">
<LocList>
<Loc EndOffset="3550" SrcFileId="7" StartOffset="3492"/>
</LocList>
</BasicStmnt>
<BasicStmnt CovItemId="S45" CovItemPrefix="csse376_puerto_rico.GameBoardGUI.java" Intrnl_Id="696">
<LocList>
<Loc EndOffset="3607" SrcFileId="7" StartOffset="3554"/>
</LocList>
</BasicStmnt>
<BasicStmnt CovItemId="S46" CovItemPrefix="csse376_puerto_rico.GameBoardGUI.java" Intrnl_Id="697">
<LocList>
<Loc EndOffset="3667" SrcFileId="7" StartOffset="3611"/>
</LocList>
</BasicStmnt>
<BasicStmnt CovItemId="S47" CovItemPrefix="csse376_puerto_rico.GameBoardGUI.java" Intrnl_Id="698">
<LocList>
<Loc EndOffset="3713" SrcFileId="7" StartOffset="3671"/>
</LocList>
</BasicStmnt>
<BasicStmnt CovItemId="S48" CovItemPrefix="csse376_puerto_rico.GameBoardGUI.java" Intrnl_Id="699">
<LocList>
<Loc EndOffset="4327" SrcFileId="7" StartOffset="3719"/>
</LocList>
</BasicStmnt>
<BasicStmnt CovItemId="S49" CovItemPrefix="csse376_puerto_rico.GameBoardGUI.java" Intrnl_Id="700">
<LocList>
<Loc EndOffset="4367" SrcFileId="7" StartOffset="4333"/>
</LocList>
</BasicStmnt>
</StmntSeq>
</HierarchyLvl>
<HierarchyLvl HierarchyLvlId="4246" HierarchyLvlTypeId="16" Intrnl_Id="701" Name="displayMessageBar">
<Header>
<Loc EndOffset="4408" SrcFileId="7" StartOffset="4376"/>
</Header>
<LocList>
<Loc EndOffset="4512" SrcFileId="7" StartOffset="4376"/>
</LocList>
<StmntSeq Intrnl_Id="702">
<LocList>
<Loc EndOffset="4436" SrcFileId="7" StartOffset="4414"/>
<Loc EndOffset="4508" SrcFileId="7" StartOffset="4440"/>
</LocList>
<BasicStmnt CovItemId="S50" CovItemPrefix="csse376_puerto_rico.GameBoardGUI.java" Intrnl_Id="703">
<LocList>
<Loc EndOffset="4436" SrcFileId="7" StartOffset="4414"/>
</LocList>
</BasicStmnt>
<BasicStmnt CovItemId="S51" CovItemPrefix="csse376_puerto_rico.GameBoardGUI.java" Intrnl_Id="704">
<LocList>
<Loc EndOffset="4508" SrcFileId="7" StartOffset="4440"/>
</LocList>
</BasicStmnt>
</StmntSeq>
</HierarchyLvl>
<HierarchyLvl HierarchyLvlId="4247" HierarchyLvlTypeId="16" Intrnl_Id="705" Name="addPlayers">
<Header>
<Loc EndOffset="4568" SrcFileId="7" StartOffset="4517"/>
</Header>
<LocList>
<Loc EndOffset="5252" SrcFileId="7" StartOffset="4517"/>
</LocList>
<StmntSeq Intrnl_Id="706">
<LocList>
<Loc EndOffset="5106" SrcFileId="7" StartOffset="4618"/>
<Loc EndOffset="5155" SrcFileId="7" StartOffset="5110"/>
<Loc EndOffset="5180" SrcFileId="7" StartOffset="5161"/>
<Loc EndOffset="5204" SrcFileId="7" StartOffset="5184"/>
<Loc EndOffset="5222" SrcFileId="7" StartOffset="5208"/>
<Loc EndOffset="5248" SrcFileId="7" StartOffset="5228"/>
</LocList>
<LoopStmnt CovItemId="S52" CovItemPrefix="csse376_puerto_rico.GameBoardGUI.java" Intrnl_Id="707" MltplExecId="L2-2" MltplExecPrefix="csse376_puerto_rico.GameBoardGUI.java" NvrExecId="L2-0" NvrExecPrefix="csse376_puerto_rico.GameBoardGUI.java" OnceExecutedId="L2-1" OnceExecutedPrefix="csse376_puerto_rico.GameBoardGUI.java" OptBodyExec="true">
<StmntSeq Intrnl_Id="708">
<LocList>
<Loc EndOffset="4690" SrcFileId="7" StartOffset="4666"/>
<Loc EndOffset="4740" SrcFileId="7" StartOffset="4695"/>
<Loc EndOffset="4763" SrcFileId="7" StartOffset="4745"/>
<Loc EndOffset="4935" SrcFileId="7" StartOffset="4768"/>
<Loc EndOffset="4956" SrcFileId="7" StartOffset="4940"/>
<Loc EndOffset="4980" SrcFileId="7" StartOffset="4961"/>
<Loc EndOffset="4999" SrcFileId="7" StartOffset="4985"/>
<Loc EndOffset="5024" SrcFileId="7" StartOffset="5004"/>
<Loc EndOffset="5073" SrcFileId="7" StartOffset="5029"/>
<Loc EndOffset="5099" SrcFileId="7" StartOffset="5078"/>
</LocList>
<BasicStmnt CovItemId="S53" CovItemPrefix="csse376_puerto_rico.GameBoardGUI.java" Intrnl_Id="709">
<LocList>
<Loc EndOffset="4690" SrcFileId="7" StartOffset="4666"/>
</LocList>
</BasicStmnt>
<CondStmnt CovItemId="S54" CovItemPrefix="csse376_puerto_rico.GameBoardGUI.java" Intrnl_Id="710">
<Branch CovItemId="B3" CovItemPrefix="csse376_puerto_rico.GameBoardGUI.java" Implct="false" Intrnl_Id="711">
<Cond/>
<LocList>
<Loc EndOffset="4740" SrcFileId="7" StartOffset="4707"/>
</LocList>
<StmntSeq Intrnl_Id="712">
<LocList>
<Loc EndOffset="4734" SrcFileId="7" StartOffset="4714"/>
</LocList>
<BasicStmnt CovItemId="S55" CovItemPrefix="csse376_puerto_rico.GameBoardGUI.java" Intrnl_Id="713">
<LocList>
<Loc EndOffset="4734" SrcFileId="7" StartOffset="4714"/>
</LocList>
</BasicStmnt>
</StmntSeq>
</Branch>
<Branch CovItemId="B4" CovItemPrefix="csse376_puerto_rico.GameBoardGUI.java" Implct="true" Intrnl_Id="714">
<Cond/>
<LocList/>
<StmntSeq Intrnl_Id="715">
<LocList/>
</StmntSeq>
</Branch>
<Keyword EndOffset="4697" SrcFileId="7" StartOffset="4695"/>
<LocList>
<Loc EndOffset="4740" SrcFileId="7" StartOffset="4695"/>
</LocList>
<RootTerm CovItemId="C4" CovItemPrefix="csse376_puerto_rico.GameBoardGUI.java" Intrnl_Id="716">
<BasicBoolTerm Intrnl_Id="717">
<LocList>
<Loc EndOffset="4705" SrcFileId="7" StartOffset="4699"/>
</LocList>
</BasicBoolTerm>
</RootTerm>
</CondStmnt>
<BasicStmnt CovItemId="S56" CovItemPrefix="csse376_puerto_rico.GameBoardGUI.java" Intrnl_Id="718">
<LocList>
<Loc EndOffset="4763" SrcFileId="7" StartOffset="4745"/>
</LocList>
</BasicStmnt>
<BasicStmnt CovItemId="S57" CovItemPrefix="csse376_puerto_rico.GameBoardGUI.java" Intrnl_Id="719">
<LocList>
<Loc EndOffset="4935" SrcFileId="7" StartOffset="4768"/>
</LocList>
</BasicStmnt>
<BasicStmnt CovItemId="S58" CovItemPrefix="csse376_puerto_rico.GameBoardGUI.java" Intrnl_Id="720">
<LocList>
<Loc EndOffset="4956" SrcFileId="7" StartOffset="4940"/>
</LocList>
</BasicStmnt>
<BasicStmnt CovItemId="S59" CovItemPrefix="csse376_puerto_rico.GameBoardGUI.java" Intrnl_Id="721">
<LocList>
<Loc EndOffset="4980" SrcFileId="7" StartOffset="4961"/>
</LocList>
</BasicStmnt>
<BasicStmnt CovItemId="S60" CovItemPrefix="csse376_puerto_rico.GameBoardGUI.java" Intrnl_Id="722">
<LocList>
<Loc EndOffset="4999" SrcFileId="7" StartOffset="4985"/>
</LocList>
</BasicStmnt>
<BasicStmnt CovItemId="S61" CovItemPrefix="csse376_puerto_rico.GameBoardGUI.java" Intrnl_Id="723">
<LocList>
<Loc EndOffset="5024" SrcFileId="7" StartOffset="5004"/>
</LocList>
</BasicStmnt>
<BasicStmnt CovItemId="S62" CovItemPrefix="csse376_puerto_rico.GameBoardGUI.java" Intrnl_Id="724">
<LocList>
<Loc EndOffset="5073" SrcFileId="7" StartOffset="5029"/>
</LocList>
</BasicStmnt>
<BasicStmnt CovItemId="S63" CovItemPrefix="csse376_puerto_rico.GameBoardGUI.java" Intrnl_Id="725">
<LocList>
<Loc EndOffset="5099" SrcFileId="7" StartOffset="5078"/>
</LocList>
</BasicStmnt>
</StmntSeq>
<Keyword EndOffset="4621" SrcFileId="7" StartOffset="4618"/>
<LocList>
<Loc EndOffset="5106" SrcFileId="7" StartOffset="4618"/>
</LocList>
<RootTerm CovItemId="C3" CovItemPrefix="csse376_puerto_rico.GameBoardGUI.java" Intrnl_Id="726">
<BasicBoolTerm Intrnl_Id="727">
<LocList>
<Loc EndOffset="4653" SrcFileId="7" StartOffset="4634"/>
</LocList>
</BasicBoolTerm>
</RootTerm>
</LoopStmnt>
<BasicStmnt CovItemId="S64" CovItemPrefix="csse376_puerto_rico.GameBoardGUI.java" Intrnl_Id="728">
<LocList>
<Loc EndOffset="5155" SrcFileId="7" StartOffset="5110"/>
</LocList>
</BasicStmnt>
<BasicStmnt CovItemId="S65" CovItemPrefix="csse376_puerto_rico.GameBoardGUI.java" Intrnl_Id="729">
<LocList>
<Loc EndOffset="5180" SrcFileId="7" StartOffset="5161"/>
</LocList>
</BasicStmnt>
<BasicStmnt CovItemId="S66" CovItemPrefix="csse376_puerto_rico.GameBoardGUI.java" Intrnl_Id="730">
<LocList>
<Loc EndOffset="5204" SrcFileId="7" StartOffset="5184"/>
</LocList>
</BasicStmnt>
<BasicStmnt CovItemId="S67" CovItemPrefix="csse376_puerto_rico.GameBoardGUI.java" Intrnl_Id="731">
<LocList>
<Loc EndOffset="5222" SrcFileId="7" StartOffset="5208"/>
</LocList>
</BasicStmnt>
<BasicStmnt CovItemId="S68" CovItemPrefix="csse376_puerto_rico.GameBoardGUI.java" Intrnl_Id="732">
<LocList>
<Loc EndOffset="5248" SrcFileId="7" StartOffset="5228"/>
</LocList>
</BasicStmnt>
</StmntSeq>
</HierarchyLvl>
<HierarchyLvl HierarchyLvlId="4248" HierarchyLvlTypeId="16" Intrnl_Id="733" Name="getPlayers">
<Header>
<Loc EndOffset="5289" SrcFileId="7" StartOffset="5257"/>
</Header>
<LocList>
<Loc EndOffset="5319" SrcFileId="7" StartOffset="5257"/>
</LocList>
<StmntSeq Intrnl_Id="734">
<LocList>
<Loc EndOffset="5315" SrcFileId="7" StartOffset="5295"/>
</LocList>
<BasicStmnt CovItemId="S69" CovItemPrefix="csse376_puerto_rico.GameBoardGUI.java" Intrnl_Id="735">
<LocList>
<Loc EndOffset="5315" SrcFileId="7" StartOffset="5295"/>
</LocList>
</BasicStmnt>
</StmntSeq>
</HierarchyLvl>
<HierarchyLvl HierarchyLvlId="4249" HierarchyLvlTypeId="16" Intrnl_Id="736" Name="getTurnCount">
<Header>
<Loc EndOffset="5356" SrcFileId="7" StartOffset="5324"/>
</Header>
<LocList>
<Loc EndOffset="5383" SrcFileId="7" StartOffset="5324"/>
</LocList>
<StmntSeq Intrnl_Id="737">
<LocList>
<Loc EndOffset="5379" SrcFileId="7" StartOffset="5362"/>
</LocList>
<BasicStmnt CovItemId="S70" CovItemPrefix="csse376_puerto_rico.GameBoardGUI.java" Intrnl_Id="738">
<LocList>
<Loc EndOffset="5379" SrcFileId="7" StartOffset="5362"/>
</LocList>
</BasicStmnt>
</StmntSeq>
</HierarchyLvl>
<HierarchyLvl HierarchyLvlId="4250" HierarchyLvlTypeId="16" Intrnl_Id="739" Name="updateRoles">
<Header>
<Loc EndOffset="5413" SrcFileId="7" StartOffset="5388"/>
</Header>
<LocList>
<Loc EndOffset="6724" SrcFileId="7" StartOffset="5388"/>
</LocList>
<StmntSeq Intrnl_Id="740">
<LocList>
<Loc EndOffset="5468" SrcFileId="7" StartOffset="5421"/>
<Loc EndOffset="6629" SrcFileId="7" StartOffset="5472"/>
<Loc EndOffset="6718" SrcFileId="7" StartOffset="6633"/>
</LocList>
<BasicStmnt CovItemId="S71" CovItemPrefix="csse376_puerto_rico.GameBoardGUI.java" Intrnl_Id="741">
<LocList>
<Loc EndOffset="5468" SrcFileId="7" StartOffset="5421"/>
</LocList>
</BasicStmnt>
<LoopStmnt CovItemId="S72" CovItemPrefix="csse376_puerto_rico.GameBoardGUI.java" Intrnl_Id="742" MltplExecId="L3-2" MltplExecPrefix="csse376_puerto_rico.GameBoardGUI.java" NvrExecId="L3-0" NvrExecPrefix="csse376_puerto_rico.GameBoardGUI.java" OnceExecutedId="L3-1" OnceExecutedPrefix="csse376_puerto_rico.GameBoardGUI.java" OptBodyExec="true">
<StmntSeq Intrnl_Id="743">
<LocList>
<Loc EndOffset="5540" SrcFileId="7" StartOffset="5502"/>
<Loc EndOffset="6622" SrcFileId="7" StartOffset="5545"/>
</LocList>
<BasicStmnt CovItemId="S73" CovItemPrefix="csse376_puerto_rico.GameBoardGUI.java" Intrnl_Id="744">
<LocList>
<Loc EndOffset="5540" SrcFileId="7" StartOffset="5502"/>
</LocList>
</BasicStmnt>
<LoopStmnt CovItemId="S74" CovItemPrefix="csse376_puerto_rico.GameBoardGUI.java" Intrnl_Id="745" MltplExecId="L4-2" MltplExecPrefix="csse376_puerto_rico.GameBoardGUI.java" NvrExecId="L4-0" NvrExecPrefix="csse376_puerto_rico.GameBoardGUI.java" OnceExecutedId="L4-1" OnceExecutedPrefix="csse376_puerto_rico.GameBoardGUI.java" OptBodyExec="true">
<StmntSeq Intrnl_Id="746">
<LocList>
<Loc EndOffset="5634" SrcFileId="7" StartOffset="5598"/>
<Loc EndOffset="5958" SrcFileId="7" StartOffset="5733"/>
<Loc EndOffset="6103" SrcFileId="7" StartOffset="6069"/>
<Loc EndOffset="6226" SrcFileId="7" StartOffset="6179"/>
<Loc EndOffset="6254" SrcFileId="7" StartOffset="6232"/>
<Loc EndOffset="6283" SrcFileId="7" StartOffset="6262"/>
<Loc EndOffset="6317" SrcFileId="7" StartOffset="6291"/>
<Loc EndOffset="6337" SrcFileId="7" StartOffset="6325"/>
<Loc EndOffset="6395" SrcFileId="7" StartOffset="6360"/>
<Loc EndOffset="6473" SrcFileId="7" StartOffset="6429"/>
<Loc EndOffset="6585" SrcFileId="7" StartOffset="6479"/>
<Loc EndOffset="6616" SrcFileId="7" StartOffset="6591"/>
</LocList>
<BasicStmnt CovItemId="S75" CovItemPrefix="csse376_puerto_rico.GameBoardGUI.java" Intrnl_Id="747">
<LocList>
<Loc EndOffset="5634" SrcFileId="7" StartOffset="5598"/>
</LocList>
</BasicStmnt>
<BasicStmnt CovItemId="S76" CovItemPrefix="csse376_puerto_rico.GameBoardGUI.java" Intrnl_Id="748">
<LocList>
<Loc EndOffset="5958" SrcFileId="7" StartOffset="5733"/>
</LocList>
</BasicStmnt>
<BasicStmnt CovItemId="S77" CovItemPrefix="csse376_puerto_rico.GameBoardGUI.java" Intrnl_Id="749">
<LocList>
<Loc EndOffset="6103" SrcFileId="7" StartOffset="6069"/>
</LocList>
</BasicStmnt>
<BasicStmnt CovItemId="S78" CovItemPrefix="csse376_puerto_rico.GameBoardGUI.java" Intrnl_Id="750">
<LocList>
<Loc EndOffset="6226" SrcFileId="7" StartOffset="6179"/>
</LocList>
</BasicStmnt>
<BasicStmnt CovItemId="S79" CovItemPrefix="csse376_puerto_rico.GameBoardGUI.java" Intrnl_Id="751">
<LocList>
<Loc EndOffset="6254" SrcFileId="7" StartOffset="6232"/>
</LocList>
</BasicStmnt>
<BasicStmnt CovItemId="S80" CovItemPrefix="csse376_puerto_rico.GameBoardGUI.java" Intrnl_Id="752">
<LocList>
<Loc EndOffset="6283" SrcFileId="7" StartOffset="6262"/>
</LocList>
</BasicStmnt>
<BasicStmnt CovItemId="S81" CovItemPrefix="csse376_puerto_rico.GameBoardGUI.java" Intrnl_Id="753">
<LocList>
<Loc EndOffset="6317" SrcFileId="7" StartOffset="6291"/>
</LocList>
</BasicStmnt>
<BasicStmnt CovItemId="S82" CovItemPrefix="csse376_puerto_rico.GameBoardGUI.java" Intrnl_Id="754">
<LocList>
<Loc EndOffset="6337" SrcFileId="7" StartOffset="6325"/>
</LocList>
</BasicStmnt>
<BasicStmnt CovItemId="S83" CovItemPrefix="csse376_puerto_rico.GameBoardGUI.java" Intrnl_Id="755">
<LocList>
<Loc EndOffset="6395" SrcFileId="7" StartOffset="6360"/>
</LocList>
</BasicStmnt>
<BasicStmnt CovItemId="S84" CovItemPrefix="csse376_puerto_rico.GameBoardGUI.java" Intrnl_Id="756">
<LocList>
<Loc EndOffset="6473" SrcFileId="7" StartOffset="6429"/>
</LocList>
</BasicStmnt>
<LoopStmnt CovItemId="S85" CovItemPrefix="csse376_puerto_rico.GameBoardGUI.java" Intrnl_Id="757" MltplExecId="L5-2" MltplExecPrefix="csse376_puerto_rico.GameBoardGUI.java" NvrExecId="L5-0" NvrExecPrefix="csse376_puerto_rico.GameBoardGUI.java" OnceExecutedId="L5-1" OnceExecutedPrefix="csse376_puerto_rico.GameBoardGUI.java" OptBodyExec="true">
<StmntSeq Intrnl_Id="758">
<LocList>
<Loc EndOffset="6578" SrcFileId="7" StartOffset="6528"/>
</LocList>
<CondStmnt CovItemId="S86" CovItemPrefix="csse376_puerto_rico.GameBoardGUI.java" Intrnl_Id="759">
<Branch CovItemId="B5" CovItemPrefix="csse376_puerto_rico.GameBoardGUI.java" Implct="false" Intrnl_Id="760">
<Cond/>
<LocList>
<Loc EndOffset="6578" SrcFileId="7" StartOffset="6540"/>
</LocList>
<StmntSeq Intrnl_Id="761">
<LocList>
<Loc EndOffset="6570" SrcFileId="7" StartOffset="6549"/>
</LocList>
<BasicStmnt CovItemId="S87" CovItemPrefix="csse376_puerto_rico.GameBoardGUI.java" Intrnl_Id="762">
<LocList>
<Loc EndOffset="6570" SrcFileId="7" StartOffset="6549"/>
</LocList>
</BasicStmnt>
</StmntSeq>
</Branch>
<Branch CovItemId="B6" CovItemPrefix="csse376_puerto_rico.GameBoardGUI.java" Implct="true" Intrnl_Id="763">
<Cond/>
<LocList/>
<StmntSeq Intrnl_Id="764">
<LocList/>
</StmntSeq>
</Branch>
<Keyword EndOffset="6530" SrcFileId="7" StartOffset="6528"/>
<LocList>
<Loc EndOffset="6578" SrcFileId="7" StartOffset="6528"/>
</LocList>
<RootTerm CovItemId="C8" CovItemPrefix="csse376_puerto_rico.GameBoardGUI.java" Intrnl_Id="765">
<BasicBoolTerm Intrnl_Id="766">
<LocList>
<Loc EndOffset="6538" SrcFileId="7" StartOffset="6532"/>
</LocList>
</BasicBoolTerm>
</RootTerm>
</CondStmnt>
</StmntSeq>
<Keyword EndOffset="6482" SrcFileId="7" StartOffset="6479"/>
<LocList>
<Loc EndOffset="6585" SrcFileId="7" StartOffset="6479"/>
</LocList>
<RootTerm CovItemId="C7" CovItemPrefix="csse376_puerto_rico.GameBoardGUI.java" Intrnl_Id="767">
<BasicBoolTerm Intrnl_Id="768">
<LocList>
<Loc EndOffset="6513" SrcFileId="7" StartOffset="6495"/>
</LocList>
</BasicBoolTerm>
</RootTerm>
</LoopStmnt>
<BasicStmnt CovItemId="S88" CovItemPrefix="csse376_puerto_rico.GameBoardGUI.java" Intrnl_Id="769">
<LocList>
<Loc EndOffset="6616" SrcFileId="7" StartOffset="6591"/>
</LocList>
</BasicStmnt>
</StmntSeq>
<Keyword EndOffset="5548" SrcFileId="7" StartOffset="5545"/>
<LocList>
<Loc EndOffset="6622" SrcFileId="7" StartOffset="5545"/>
</LocList>
<RootTerm CovItemId="C6" CovItemPrefix="csse376_puerto_rico.GameBoardGUI.java" Intrnl_Id="770">
<BasicBoolTerm Intrnl_Id="771">
<LocList>
<Loc EndOffset="5584" SrcFileId="7" StartOffset="5561"/>
</LocList>
</BasicBoolTerm>
</RootTerm>
</LoopStmnt>
</StmntSeq>
<Keyword EndOffset="5477" SrcFileId="7" StartOffset="5472"/>
<LocList>
<Loc EndOffset="6629" SrcFileId="7" StartOffset="5472"/>
</LocList>
<RootTerm CovItemId="C5" CovItemPrefix="csse376_puerto_rico.GameBoardGUI.java" Intrnl_Id="772">
<OpTerm BooleanOpId="11" Intrnl_Id="773">
<BasicBoolTerm Intrnl_Id="774">
<LocList>
<Loc EndOffset="5494" SrcFileId="7" StartOffset="5480"/>
</LocList>
</BasicBoolTerm>
<LocList>
<Loc EndOffset="5480" SrcFileId="7" StartOffset="5479"/>
</LocList>
</OpTerm>
</RootTerm>
</LoopStmnt>
<BasicStmnt CovItemId="S89" CovItemPrefix="csse376_puerto_rico.GameBoardGUI.java" Intrnl_Id="775">
<LocList>
<Loc EndOffset="6718" SrcFileId="7" StartOffset="6633"/>
</LocList>
</BasicStmnt>
</StmntSeq>
</HierarchyLvl>
<HierarchyLvl HierarchyLvlId="4251" HierarchyLvlTypeId="16" Intrnl_Id="776" Name="checkEndGame">
<Header>
<Loc EndOffset="6758" SrcFileId="7" StartOffset="6729"/>
</Header>
<LocList>
<Loc EndOffset="6887" SrcFileId="7" StartOffset="6729"/>
</LocList>
<StmntSeq Intrnl_Id="777">
<LocList>
<Loc EndOffset="6883" SrcFileId="7" StartOffset="6849"/>
</LocList>
<BasicStmnt CovItemId="S90" CovItemPrefix="csse376_puerto_rico.GameBoardGUI.java" Intrnl_Id="778">
<LocList>
<Loc EndOffset="6883" SrcFileId="7" StartOffset="6849"/>
</LocList>
</BasicStmnt>
</StmntSeq>
</HierarchyLvl>
<HierarchyLvl HierarchyLvlId="4252" HierarchyLvlTypeId="16" Intrnl_Id="779" Name="updateMsgBar">
<Header>
<Loc EndOffset="6928" SrcFileId="7" StartOffset="6892"/>
</Header>
<LocList>
<Loc EndOffset="6963" SrcFileId="7" StartOffset="6892"/>
</LocList>
<StmntSeq Intrnl_Id="780">
<LocList>
<Loc EndOffset="6959" SrcFileId="7" StartOffset="6934"/>
</LocList>
<BasicStmnt CovItemId="S91" CovItemPrefix="csse376_puerto_rico.GameBoardGUI.java" Intrnl_Id="781">
<LocList>
<Loc EndOffset="6959" SrcFileId="7" StartOffset="6934"/>
</LocList>
</BasicStmnt>
</StmntSeq>
</HierarchyLvl>
<HierarchyLvl HierarchyLvlId="4253" HierarchyLvlTypeId="16" Intrnl_Id="782" Name="playRole">
<Header>
<Loc EndOffset="7001" SrcFileId="7" StartOffset="6968"/>
</Header>
<LocList>
<Loc EndOffset="22570" SrcFileId="7" StartOffset="6968"/>
</LocList>
<StmntSeq Intrnl_Id="783">
<LocList>
<Loc EndOffset="7050" SrcFileId="7" StartOffset="7013"/>
<Loc EndOffset="7085" SrcFileId="7" StartOffset="7054"/>
<Loc EndOffset="22501" SrcFileId="7" StartOffset="7091"/>
<Loc EndOffset="22535" SrcFileId="7" StartOffset="22505"/>
<Loc EndOffset="22564" SrcFileId="7" StartOffset="22539"/>
</LocList>
<BasicStmnt CovItemId="S92" CovItemPrefix="csse376_puerto_rico.GameBoardGUI.java" Intrnl_Id="784">
<LocList>
<Loc EndOffset="7050" SrcFileId="7" StartOffset="7013"/>
</LocList>
</BasicStmnt>
<BasicStmnt CovItemId="S93" CovItemPrefix="csse376_puerto_rico.GameBoardGUI.java" Intrnl_Id="785">
<LocList>
<Loc EndOffset="7085" SrcFileId="7" StartOffset="7054"/>
</LocList>
</BasicStmnt>
<CondStmnt CovItemId="S94" CovItemPrefix="csse376_puerto_rico.GameBoardGUI.java" Intrnl_Id="786">
<Branch CovItemId="B7" CovItemPrefix="csse376_puerto_rico.GameBoardGUI.java" Implct="false" Intrnl_Id="787">
<Cond/>
<LocList>
<Loc EndOffset="10186" SrcFileId="7" StartOffset="7127"/>
</LocList>
<StmntSeq Intrnl_Id="788">
<LocList>
<Loc EndOffset="7181" SrcFileId="7" StartOffset="7133"/>
<Loc EndOffset="7250" SrcFileId="7" StartOffset="7186"/>
<Loc EndOffset="10181" SrcFileId="7" StartOffset="7257"/>
</LocList>
<BasicStmnt CovItemId="S95" CovItemPrefix="csse376_puerto_rico.GameBoardGUI.java" Intrnl_Id="789">
<LocList>
<Loc EndOffset="7181" SrcFileId="7" StartOffset="7133"/>
</LocList>
</BasicStmnt>
<BasicStmnt CovItemId="S96" CovItemPrefix="csse376_puerto_rico.GameBoardGUI.java" Intrnl_Id="790">
<LocList>
<Loc EndOffset="7250" SrcFileId="7" StartOffset="7186"/>
</LocList>
</BasicStmnt>
<LoopStmnt CovItemId="S97" CovItemPrefix="csse376_puerto_rico.GameBoardGUI.java" Intrnl_Id="791" MltplExecId="L6-2" MltplExecPrefix="csse376_puerto_rico.GameBoardGUI.java" NvrExecId="L6-0" NvrExecPrefix="csse376_puerto_rico.GameBoardGUI.java" OnceExecutedId="L6-1" OnceExecutedPrefix="csse376_puerto_rico.GameBoardGUI.java" OptBodyExec="true">
<StmntSeq Intrnl_Id="792">
<LocList>
<Loc EndOffset="7318" SrcFileId="7" StartOffset="7288"/>
<Loc EndOffset="7388" SrcFileId="7" StartOffset="7326"/>
<Loc EndOffset="7419" SrcFileId="7" StartOffset="7394"/>
<Loc EndOffset="10108" SrcFileId="7" StartOffset="7425"/>
<Loc EndOffset="10155" SrcFileId="7" StartOffset="10114"/>
<Loc EndOffset="10173" SrcFileId="7" StartOffset="10161"/>
</LocList>
<BasicStmnt CovItemId="S98" CovItemPrefix="csse376_puerto_rico.GameBoardGUI.java" Intrnl_Id="793">
<LocList>
<Loc EndOffset="7318" SrcFileId="7" StartOffset="7288"/>
</LocList>
</BasicStmnt>
<BasicStmnt CovItemId="S99" CovItemPrefix="csse376_puerto_rico.GameBoardGUI.java" Intrnl_Id="794">
<LocList>
<Loc EndOffset="7388" SrcFileId="7" StartOffset="7326"/>
</LocList>
</BasicStmnt>
<BasicStmnt CovItemId="S100" CovItemPrefix="csse376_puerto_rico.GameBoardGUI.java" Intrnl_Id="795">
<LocList>
<Loc EndOffset="7419" SrcFileId="7" StartOffset="7394"/>
</LocList>
</BasicStmnt>
<LoopStmnt CovItemId="S101" CovItemPrefix="csse376_puerto_rico.GameBoardGUI.java" Intrnl_Id="796" MltplExecId="L7-2" MltplExecPrefix="csse376_puerto_rico.GameBoardGUI.java" NvrExecId="L7-0" NvrExecPrefix="csse376_puerto_rico.GameBoardGUI.java" OnceExecutedId="L7-1" OnceExecutedPrefix="csse376_puerto_rico.GameBoardGUI.java" OptBodyExec="true">
<StmntSeq Intrnl_Id="797">
<LocList>
<Loc EndOffset="7756" SrcFileId="7" StartOffset="7451"/>
<Loc EndOffset="10066" SrcFileId="7" StartOffset="7763"/>
<Loc EndOffset="10101" SrcFileId="7" StartOffset="10075"/>
</LocList>
<BasicStmnt CovItemId="S102" CovItemPrefix="csse376_puerto_rico.GameBoardGUI.java" Intrnl_Id="798">
<LocList>
<Loc EndOffset="7756" SrcFileId="7" StartOffset="7451"/>
</LocList>
</BasicStmnt>
<CondStmnt CovItemId="S103" CovItemPrefix="csse376_puerto_rico.GameBoardGUI.java" Intrnl_Id="799">
<Branch CovItemId="B9" CovItemPrefix="csse376_puerto_rico.GameBoardGUI.java" Implct="false" Intrnl_Id="800">
<Cond/>
<LocList>
<Loc EndOffset="8935" SrcFileId="7" StartOffset="7775"/>
</LocList>
<StmntSeq Intrnl_Id="801">
<LocList>
<Loc EndOffset="7890" SrcFileId="7" StartOffset="7784"/>
<Loc EndOffset="7929" SrcFileId="7" StartOffset="7898"/>
<Loc EndOffset="7979" SrcFileId="7" StartOffset="7937"/>
<Loc EndOffset="8285" SrcFileId="7" StartOffset="7989"/>
<Loc EndOffset="8925" SrcFileId="7" StartOffset="8293"/>
</LocList>
<BasicStmnt CovItemId="S104" CovItemPrefix="csse376_puerto_rico.GameBoardGUI.java" Intrnl_Id="802">
<LocList>
<Loc EndOffset="7890" SrcFileId="7" StartOffset="7784"/>
</LocList>
</BasicStmnt>
<BasicStmnt CovItemId="S105" CovItemPrefix="csse376_puerto_rico.GameBoardGUI.java" Intrnl_Id="803">
<LocList>
<Loc EndOffset="7929" SrcFileId="7" StartOffset="7898"/>
</LocList>
</BasicStmnt>
<BasicStmnt CovItemId="S106" CovItemPrefix="csse376_puerto_rico.GameBoardGUI.java" Intrnl_Id="804">
<LocList>
<Loc EndOffset="7979" SrcFileId="7" StartOffset="7937"/>
</LocList>
</BasicStmnt>
<BasicStmnt CovItemId="S107" CovItemPrefix="csse376_puerto_rico.GameBoardGUI.java" Intrnl_Id="805">
<LocList>
<Loc EndOffset="8285" SrcFileId="7" StartOffset="7989"/>
</LocList>
</BasicStmnt>
<CondStmnt CovItemId="S108" CovItemPrefix="csse376_puerto_rico.GameBoardGUI.java" Intrnl_Id="806">
<Branch CovItemId="B11" CovItemPrefix="csse376_puerto_rico.GameBoardGUI.java" Implct="false" Intrnl_Id="807">
<Cond/>
<LocList>
<Loc EndOffset="8806" SrcFileId="7" StartOffset="8329"/>
</LocList>
<StmntSeq Intrnl_Id="808">
<LocList>
<Loc EndOffset="8408" SrcFileId="7" StartOffset="8339"/>
<Loc EndOffset="8797" SrcFileId="7" StartOffset="8417"/>
</LocList>
<BasicStmnt CovItemId="S109" CovItemPrefix="csse376_puerto_rico.GameBoardGUI.java" Intrnl_Id="809">
<LocList>
<Loc EndOffset="8408" SrcFileId="7" StartOffset="8339"/>
</LocList>
</BasicStmnt>
<CondStmnt CovItemId="S110" CovItemPrefix="csse376_puerto_rico.GameBoardGUI.java" Intrnl_Id="810">
<Branch CovItemId="B13" CovItemPrefix="csse376_puerto_rico.GameBoardGUI.java" Implct="false" Intrnl_Id="811">
<Cond/>
<LocList>
<Loc EndOffset="8685" SrcFileId="7" StartOffset="8469"/>
</LocList>
<StmntSeq Intrnl_Id="812">
<LocList>
<Loc EndOffset="8537" SrcFileId="7" StartOffset="8480"/>
<Loc EndOffset="8563" SrcFileId="7" StartOffset="8547"/>
<Loc EndOffset="8675" SrcFileId="7" StartOffset="8573"/>
</LocList>
<BasicStmnt CovItemId="S111" CovItemPrefix="csse376_puerto_rico.GameBoardGUI.java" Intrnl_Id="813">
<LocList>
<Loc EndOffset="8537" SrcFileId="7" StartOffset="8480"/>
</LocList>
</BasicStmnt>
<BasicStmnt CovItemId="S112" CovItemPrefix="csse376_puerto_rico.GameBoardGUI.java" Intrnl_Id="814">
<LocList>
<Loc EndOffset="8563" SrcFileId="7" StartOffset="8547"/>
</LocList>
</BasicStmnt>
<BasicStmnt CovItemId="S113" CovItemPrefix="csse376_puerto_rico.GameBoardGUI.java" Intrnl_Id="815">
<LocList>
<Loc EndOffset="8675" SrcFileId="7" StartOffset="8573"/>
</LocList>
</BasicStmnt>
</StmntSeq>
</Branch>
<Branch CovItemId="B14" CovItemPrefix="csse376_puerto_rico.GameBoardGUI.java" Implct="false" Intrnl_Id="816">
<Cond>
<Loc EndOffset="8690" SrcFileId="7" StartOffset="8686"/>
</Cond>
<LocList>
<Loc EndOffset="8797" SrcFileId="7" StartOffset="8691"/>
</LocList>
<StmntSeq Intrnl_Id="817">
<LocList>
<Loc EndOffset="8787" SrcFileId="7" StartOffset="8702"/>
</LocList>
<BasicStmnt CovItemId="S114" CovItemPrefix="csse376_puerto_rico.GameBoardGUI.java" Intrnl_Id="818">
<LocList>
<Loc EndOffset="8787" SrcFileId="7" StartOffset="8702"/>
</LocList>
</BasicStmnt>
</StmntSeq>
</Branch>
<Keyword EndOffset="8419" SrcFileId="7" StartOffset="8417"/>
<LocList>
<Loc EndOffset="8797" SrcFileId="7" StartOffset="8417"/>
</LocList>
<RootTerm CovItemId="C14" CovItemPrefix="csse376_puerto_rico.GameBoardGUI.java" Intrnl_Id="819">
<BasicBoolTerm Intrnl_Id="820">
<LocList>
<Loc EndOffset="8467" SrcFileId="7" StartOffset="8421"/>
</LocList>
</BasicBoolTerm>
</RootTerm>
</CondStmnt>
</StmntSeq>
</Branch>
<Branch CovItemId="B12" CovItemPrefix="csse376_puerto_rico.GameBoardGUI.java" Implct="false" Intrnl_Id="821">
<Cond>
<Loc EndOffset="8811" SrcFileId="7" StartOffset="8807"/>
</Cond>
<LocList>
<Loc EndOffset="8925" SrcFileId="7" StartOffset="8812"/>
</LocList>
<StmntSeq Intrnl_Id="822">
<LocList>
<Loc EndOffset="8890" SrcFileId="7" StartOffset="8824"/>
<Loc EndOffset="8916" SrcFileId="7" StartOffset="8899"/>
</LocList>
<BasicStmnt CovItemId="S115" CovItemPrefix="csse376_puerto_rico.GameBoardGUI.java" Intrnl_Id="823">
<LocList>
<Loc EndOffset="8890" SrcFileId="7" StartOffset="8824"/>
</LocList>
</BasicStmnt>
<BasicStmnt CovItemId="S116" CovItemPrefix="csse376_puerto_rico.GameBoardGUI.java" Intrnl_Id="824">
<LocList>
<Loc EndOffset="8916" SrcFileId="7" StartOffset="8899"/>
</LocList>
</BasicStmnt>
</StmntSeq>
</Branch>
<Keyword EndOffset="8295" SrcFileId="7" StartOffset="8293"/>
<LocList>
<Loc EndOffset="8925" SrcFileId="7" StartOffset="8293"/>
</LocList>
<RootTerm CovItemId="C13" CovItemPrefix="csse376_puerto_rico.GameBoardGUI.java" Intrnl_Id="825">
<BasicBoolTerm Intrnl_Id="826">
<LocList>
<Loc EndOffset="8327" SrcFileId="7" StartOffset="8297"/>
</LocList>
</BasicBoolTerm>
</RootTerm>
</CondStmnt>
</StmntSeq>
</Branch>
<Branch CovItemId="B10" CovItemPrefix="csse376_puerto_rico.GameBoardGUI.java" Implct="false" Intrnl_Id="827">
<Cond>
<Loc EndOffset="8940" SrcFileId="7" StartOffset="8936"/>
</Cond>
<LocList>
<Loc EndOffset="10066" SrcFileId="7" StartOffset="8941"/>
</LocList>
<StmntSeq Intrnl_Id="828">
<LocList>
<Loc EndOffset="10066" SrcFileId="7" StartOffset="8941"/>
</LocList>
<CondStmnt CovItemId="S117" CovItemPrefix="csse376_puerto_rico.GameBoardGUI.java" Intrnl_Id="829">
<Branch CovItemId="B15" CovItemPrefix="csse376_puerto_rico.GameBoardGUI.java" Implct="false" Intrnl_Id="830">
<Cond/>
<LocList>
<Loc EndOffset="10006" SrcFileId="7" StartOffset="8953"/>
</LocList>
<StmntSeq Intrnl_Id="831">
<LocList>
<Loc EndOffset="9067" SrcFileId="7" StartOffset="8962"/>
<Loc EndOffset="9103" SrcFileId="7" StartOffset="9075"/>
<Loc EndOffset="9150" SrcFileId="7" StartOffset="9111"/>
<Loc EndOffset="9460" SrcFileId="7" StartOffset="9160"/>
<Loc EndOffset="9998" SrcFileId="7" StartOffset="9468"/>
</LocList>
<BasicStmnt CovItemId="S118" CovItemPrefix="csse376_puerto_rico.GameBoardGUI.java" Intrnl_Id="832">
<LocList>
<Loc EndOffset="9067" SrcFileId="7" StartOffset="8962"/>
</LocList>
</BasicStmnt>
<BasicStmnt CovItemId="S119" CovItemPrefix="csse376_puerto_rico.GameBoardGUI.java" Intrnl_Id="833">
<LocList>
<Loc EndOffset="9103" SrcFileId="7" StartOffset="9075"/>
</LocList>
</BasicStmnt>
<BasicStmnt CovItemId="S120" CovItemPrefix="csse376_puerto_rico.GameBoardGUI.java" Intrnl_Id="834">
<LocList>
<Loc EndOffset="9150" SrcFileId="7" StartOffset="9111"/>
</LocList>
</BasicStmnt>
<BasicStmnt CovItemId="S121" CovItemPrefix="csse376_puerto_rico.GameBoardGUI.java" Intrnl_Id="835">
<LocList>
<Loc EndOffset="9460" SrcFileId="7" StartOffset="9160"/>
</LocList>
</BasicStmnt>
<CondStmnt CovItemId="S122" CovItemPrefix="csse376_puerto_rico.GameBoardGUI.java" Intrnl_Id="836">
<Branch CovItemId="B17" CovItemPrefix="csse376_puerto_rico.GameBoardGUI.java" Implct="false" Intrnl_Id="837">
<Cond/>
<LocList>
<Loc EndOffset="9879" SrcFileId="7" StartOffset="9506"/>
</LocList>
<StmntSeq Intrnl_Id="838">
<LocList>
<Loc EndOffset="9595" SrcFileId="7" StartOffset="9516"/>
<Loc EndOffset="9870" SrcFileId="7" StartOffset="9604"/>
</LocList>
<BasicStmnt CovItemId="S123" CovItemPrefix="csse376_puerto_rico.GameBoardGUI.java" Intrnl_Id="839">
<LocList>
<Loc EndOffset="9595" SrcFileId="7" StartOffset="9516"/>
</LocList>
</BasicStmnt>
<CondStmnt CovItemId="S124" CovItemPrefix="csse376_puerto_rico.GameBoardGUI.java" Intrnl_Id="840">
<Branch CovItemId="B19" CovItemPrefix="csse376_puerto_rico.GameBoardGUI.java" Implct="false" Intrnl_Id="841">
<Cond/>
<LocList>
<Loc EndOffset="9701" SrcFileId="7" StartOffset="9631"/>
</LocList>
<StmntSeq Intrnl_Id="842">
<LocList>
<Loc EndOffset="9691" SrcFileId="7" StartOffset="9642"/>
</LocList>
<BasicStmnt CovItemId="S125" CovItemPrefix="csse376_puerto_rico.GameBoardGUI.java" Intrnl_Id="843">
<LocList>
<Loc EndOffset="9691" SrcFileId="7" StartOffset="9642"/>
</LocList>
</BasicStmnt>
</StmntSeq>
</Branch>
<Branch CovItemId="B20" CovItemPrefix="csse376_puerto_rico.GameBoardGUI.java" Implct="false" Intrnl_Id="844">
<Cond>
<Loc EndOffset="9706" SrcFileId="7" StartOffset="9702"/>
</Cond>
<LocList>
<Loc EndOffset="9870" SrcFileId="7" StartOffset="9707"/>
</LocList>
<StmntSeq Intrnl_Id="845">
<LocList>
<Loc EndOffset="9747" SrcFileId="7" StartOffset="9718"/>
<Loc EndOffset="9773" SrcFileId="7" StartOffset="9757"/>
<Loc EndOffset="9860" SrcFileId="7" StartOffset="9783"/>
</LocList>
<BasicStmnt CovItemId="S126" CovItemPrefix="csse376_puerto_rico.GameBoardGUI.java" Intrnl_Id="846">
<LocList>
<Loc EndOffset="9747" SrcFileId="7" StartOffset="9718"/>
</LocList>
</BasicStmnt>
<BasicStmnt CovItemId="S127" CovItemPrefix="csse376_puerto_rico.GameBoardGUI.java" Intrnl_Id="847">
<LocList>
<Loc EndOffset="9773" SrcFileId="7" StartOffset="9757"/>
</LocList>
</BasicStmnt>
<BasicStmnt CovItemId="S128" CovItemPrefix="csse376_puerto_rico.GameBoardGUI.java" Intrnl_Id="848">
<LocList>
<Loc EndOffset="9860" SrcFileId="7" StartOffset="9783"/>
</LocList>
</BasicStmnt>
</StmntSeq>
</Branch>
<Keyword EndOffset="9606" SrcFileId="7" StartOffset="9604"/>
<LocList>
<Loc EndOffset="9870" SrcFileId="7" StartOffset="9604"/>
</LocList>
<RootTerm CovItemId="C17" CovItemPrefix="csse376_puerto_rico.GameBoardGUI.java" Intrnl_Id="849">
<BasicBoolTerm Intrnl_Id="850">
<LocList>
<Loc EndOffset="9629" SrcFileId="7" StartOffset="9608"/>
</LocList>
</BasicBoolTerm>
</RootTerm>
</CondStmnt>
</StmntSeq>
</Branch>
<Branch CovItemId="B18" CovItemPrefix="csse376_puerto_rico.GameBoardGUI.java" Implct="false" Intrnl_Id="851">
<Cond>
<Loc EndOffset="9884" SrcFileId="7" StartOffset="9880"/>
</Cond>
<LocList>
<Loc EndOffset="9998" SrcFileId="7" StartOffset="9885"/>
</LocList>
<StmntSeq Intrnl_Id="852">
<LocList>
<Loc EndOffset="9963" SrcFileId="7" StartOffset="9897"/>
<Loc EndOffset="9989" SrcFileId="7" StartOffset="9972"/>
</LocList>
<BasicStmnt CovItemId="S129" CovItemPrefix="csse376_puerto_rico.GameBoardGUI.java" Intrnl_Id="853">
<LocList>
<Loc EndOffset="9963" SrcFileId="7" StartOffset="9897"/>
</LocList>
</BasicStmnt>
<BasicStmnt CovItemId="S130" CovItemPrefix="csse376_puerto_rico.GameBoardGUI.java" Intrnl_Id="854">
<LocList>
<Loc EndOffset="9989" SrcFileId="7" StartOffset="9972"/>
</LocList>
</BasicStmnt>
</StmntSeq>
</Branch>
<Keyword EndOffset="9470" SrcFileId="7" StartOffset="9468"/>
<LocList>
<Loc EndOffset="9998" SrcFileId="7" StartOffset="9468"/>
</LocList>
<RootTerm CovItemId="C16" CovItemPrefix="csse376_puerto_rico.GameBoardGUI.java" Intrnl_Id="855">
<BasicBoolTerm Intrnl_Id="856">
<LocList>
<Loc EndOffset="9504" SrcFileId="7" StartOffset="9472"/>
</LocList>
</BasicBoolTerm>
</RootTerm>
</CondStmnt>
</StmntSeq>
</Branch>
<Branch CovItemId="B16" CovItemPrefix="csse376_puerto_rico.GameBoardGUI.java" Implct="false" Intrnl_Id="857">
<Cond>
<Loc EndOffset="10011" SrcFileId="7" StartOffset="10007"/>
</Cond>
<LocList>
<Loc EndOffset="10066" SrcFileId="7" StartOffset="10012"/>
</LocList>
<StmntSeq Intrnl_Id="858">
<LocList>
<Loc EndOffset="10058" SrcFileId="7" StartOffset="10042"/>
</LocList>
<BasicStmnt CovItemId="S131" CovItemPrefix="csse376_puerto_rico.GameBoardGUI.java" Intrnl_Id="859">
<LocList>
<Loc EndOffset="10058" SrcFileId="7" StartOffset="10042"/>
</LocList>
</BasicStmnt>
</StmntSeq>
</Branch>
<Keyword EndOffset="8943" SrcFileId="7" StartOffset="8941"/>
<LocList>
<Loc EndOffset="10066" SrcFileId="7" StartOffset="8941"/>
</LocList>
<RootTerm CovItemId="C15" CovItemPrefix="csse376_puerto_rico.GameBoardGUI.java" Intrnl_Id="860">
<BasicBoolTerm Intrnl_Id="861">
<LocList>
<Loc EndOffset="8951" SrcFileId="7" StartOffset="8945"/>
</LocList>
</BasicBoolTerm>
</RootTerm>
</CondStmnt>
</StmntSeq>
</Branch>
<Keyword EndOffset="7765" SrcFileId="7" StartOffset="7763"/>
<LocList>
<Loc EndOffset="10066" SrcFileId="7" StartOffset="7763"/>
</LocList>
<RootTerm CovItemId="C12" CovItemPrefix="csse376_puerto_rico.GameBoardGUI.java" Intrnl_Id="862">
<BasicBoolTerm Intrnl_Id="863">
<LocList>
<Loc EndOffset="7773" SrcFileId="7" StartOffset="7767"/>
</LocList>
</BasicBoolTerm>
</RootTerm>
</CondStmnt>
<BasicStmnt CovItemId="S132" CovItemPrefix="csse376_puerto_rico.GameBoardGUI.java" Intrnl_Id="864">
<LocList>
<Loc EndOffset="10101" SrcFileId="7" StartOffset="10075"/>
</LocList>
</BasicStmnt>
</StmntSeq>
<Keyword EndOffset="7430" SrcFileId="7" StartOffset="7425"/>
<LocList>
<Loc EndOffset="10108" SrcFileId="7" StartOffset="7425"/>
</LocList>
<RootTerm CovItemId="C11" CovItemPrefix="csse376_puerto_rico.GameBoardGUI.java" Intrnl_Id="865">
<OpTerm BooleanOpId="11" Intrnl_Id="866">
<BasicBoolTerm Intrnl_Id="867">
<LocList>
<Loc EndOffset="7441" SrcFileId="7" StartOffset="7433"/>
</LocList>
</BasicBoolTerm>
<LocList>
<Loc EndOffset="7433" SrcFileId="7" StartOffset="7432"/>
</LocList>
</OpTerm>
</RootTerm>
</LoopStmnt>
<BasicStmnt CovItemId="S133" CovItemPrefix="csse376_puerto_rico.GameBoardGUI.java" Intrnl_Id="868">
<LocList>
<Loc EndOffset="10155" SrcFileId="7" StartOffset="10114"/>
</LocList>
</BasicStmnt>
<BasicStmnt CovItemId="S134" CovItemPrefix="csse376_puerto_rico.GameBoardGUI.java" Intrnl_Id="869">
<LocList>
<Loc EndOffset="10173" SrcFileId="7" StartOffset="10161"/>
</LocList>
</BasicStmnt>
</StmntSeq>
<Keyword EndOffset="7262" SrcFileId="7" StartOffset="7257"/>
<LocList>
<Loc EndOffset="10181" SrcFileId="7" StartOffset="7257"/>
</LocList>
<RootTerm CovItemId="C10" CovItemPrefix="csse376_puerto_rico.GameBoardGUI.java" Intrnl_Id="870">
<BasicBoolTerm Intrnl_Id="871">
<LocList>
<Loc EndOffset="7277" SrcFileId="7" StartOffset="7264"/>
</LocList>
</BasicBoolTerm>
</RootTerm>
</LoopStmnt>
</StmntSeq>
</Branch>
<Branch CovItemId="B8" CovItemPrefix="csse376_puerto_rico.GameBoardGUI.java" Implct="false" Intrnl_Id="872">
<Cond>
<Loc EndOffset="10191" SrcFileId="7" StartOffset="10187"/>
</Cond>
<LocList>
<Loc EndOffset="22501" SrcFileId="7" StartOffset="10192"/>
</LocList>
<StmntSeq Intrnl_Id="873">
<LocList>
<Loc EndOffset="22501" SrcFileId="7" StartOffset="10192"/>
</LocList>
<CondStmnt CovItemId="S135" CovItemPrefix="csse376_puerto_rico.GameBoardGUI.java" Intrnl_Id="874">
<Branch CovItemId="B21" CovItemPrefix="csse376_puerto_rico.GameBoardGUI.java" Implct="false" Intrnl_Id="875">
<Cond/>
<LocList>
<Loc EndOffset="11589" SrcFileId="7" StartOffset="10230"/>
</LocList>
<StmntSeq Intrnl_Id="876">
<LocList>
<Loc EndOffset="10283" SrcFileId="7" StartOffset="10236"/>
<Loc EndOffset="10318" SrcFileId="7" StartOffset="10288"/>
<Loc EndOffset="11584" SrcFileId="7" StartOffset="10325"/>
</LocList>
<BasicStmnt CovItemId="S136" CovItemPrefix="csse376_puerto_rico.GameBoardGUI.java" Intrnl_Id="877">
<LocList>
<Loc EndOffset="10283" SrcFileId="7" StartOffset="10236"/>
</LocList>
</BasicStmnt>
<BasicStmnt CovItemId="S137" CovItemPrefix="csse376_puerto_rico.GameBoardGUI.java" Intrnl_Id="878">
<LocList>
<Loc EndOffset="10318" SrcFileId="7" StartOffset="10288"/>
</LocList>
</BasicStmnt>
<LoopStmnt CovItemId="S138" CovItemPrefix="csse376_puerto_rico.GameBoardGUI.java" Intrnl_Id="879" MltplExecId="L8-2" MltplExecPrefix="csse376_puerto_rico.GameBoardGUI.java" NvrExecId="L8-0" NvrExecPrefix="csse376_puerto_rico.GameBoardGUI.java" OnceExecutedId="L8-1" OnceExecutedPrefix="csse376_puerto_rico.GameBoardGUI.java" OptBodyExec="true">
<StmntSeq Intrnl_Id="880">
<LocList>
<Loc EndOffset="10403" SrcFileId="7" StartOffset="10373"/>
<Loc EndOffset="10437" SrcFileId="7" StartOffset="10409"/>
<Loc EndOffset="10487" SrcFileId="7" StartOffset="10445"/>
<Loc EndOffset="10544" SrcFileId="7" StartOffset="10493"/>
<Loc EndOffset="10681" SrcFileId="7" StartOffset="10550"/>
<Loc EndOffset="10709" SrcFileId="7" StartOffset="10687"/>
<Loc EndOffset="10751" SrcFileId="7" StartOffset="10715"/>
<Loc EndOffset="11042" SrcFileId="7" StartOffset="10799"/>
<Loc EndOffset="11402" SrcFileId="7" StartOffset="11048"/>
<Loc EndOffset="11529" SrcFileId="7" StartOffset="11503"/>
<Loc EndOffset="11576" SrcFileId="7" StartOffset="11535"/>
</LocList>
<BasicStmnt CovItemId="S139" CovItemPrefix="csse376_puerto_rico.GameBoardGUI.java" Intrnl_Id="881">
<LocList>
<Loc EndOffset="10403" SrcFileId="7" StartOffset="10373"/>
</LocList>
</BasicStmnt>
<BasicStmnt CovItemId="S140" CovItemPrefix="csse376_puerto_rico.GameBoardGUI.java" Intrnl_Id="882">
<LocList>
<Loc EndOffset="10437" SrcFileId="7" StartOffset="10409"/>
</LocList>
</BasicStmnt>
<BasicStmnt CovItemId="S141" CovItemPrefix="csse376_puerto_rico.GameBoardGUI.java" Intrnl_Id="883">
<LocList>
<Loc EndOffset="10487" SrcFileId="7" StartOffset="10445"/>
</LocList>
</BasicStmnt>
<BasicStmnt CovItemId="S142" CovItemPrefix="csse376_puerto_rico.GameBoardGUI.java" Intrnl_Id="884">
<LocList>
<Loc EndOffset="10544" SrcFileId="7" StartOffset="10493"/>
</LocList>
</BasicStmnt>
<LoopStmnt CovItemId="S143" CovItemPrefix="csse376_puerto_rico.GameBoardGUI.java" Intrnl_Id="885" MltplExecId="L9-2" MltplExecPrefix="csse376_puerto_rico.GameBoardGUI.java" NvrExecId="L9-0" NvrExecPrefix="csse376_puerto_rico.GameBoardGUI.java" OnceExecutedId="L9-1" OnceExecutedPrefix="csse376_puerto_rico.GameBoardGUI.java" OptBodyExec="true">
<StmntSeq Intrnl_Id="886">
<LocList>
<Loc EndOffset="10674" SrcFileId="7" StartOffset="10587"/>
</LocList>
<CondStmnt CovItemId="S144" CovItemPrefix="csse376_puerto_rico.GameBoardGUI.java" Intrnl_Id="887">
<Branch CovItemId="B23" CovItemPrefix="csse376_puerto_rico.GameBoardGUI.java" Implct="false" Intrnl_Id="888">
<Cond/>
<LocList>
<Loc EndOffset="10674" SrcFileId="7" StartOffset="10631"/>
</LocList>
<StmntSeq Intrnl_Id="889">
<LocList>
<Loc EndOffset="10666" SrcFileId="7" StartOffset="10640"/>
</LocList>
<BasicStmnt CovItemId="S145" CovItemPrefix="csse376_puerto_rico.GameBoardGUI.java" Intrnl_Id="890">
<LocList>
<Loc EndOffset="10666" SrcFileId="7" StartOffset="10640"/>
</LocList>
</BasicStmnt>
</StmntSeq>
</Branch>
<Branch CovItemId="B24" CovItemPrefix="csse376_puerto_rico.GameBoardGUI.java" Implct="true" Intrnl_Id="891">
<Cond/>
<LocList/>
<StmntSeq Intrnl_Id="892">
<LocList/>
</StmntSeq>
</Branch>
<Keyword EndOffset="10589" SrcFileId="7" StartOffset="10587"/>
<LocList>
<Loc EndOffset="10674" SrcFileId="7" StartOffset="10587"/>
</LocList>
<RootTerm CovItemId="C20" CovItemPrefix="csse376_puerto_rico.GameBoardGUI.java" Intrnl_Id="893">
<BasicBoolTerm Intrnl_Id="894">
<LocList>
<Loc EndOffset="10629" SrcFileId="7" StartOffset="10591"/>
</LocList>
</BasicBoolTerm>
</RootTerm>
</CondStmnt>
</StmntSeq>
<Keyword EndOffset="10553" SrcFileId="7" StartOffset="10550"/>
<LocList>
<Loc EndOffset="10681" SrcFileId="7" StartOffset="10550"/>
</LocList>
</LoopStmnt>
<BasicStmnt CovItemId="S146" CovItemPrefix="csse376_puerto_rico.GameBoardGUI.java" Intrnl_Id="895">
<LocList>
<Loc EndOffset="10709" SrcFileId="7" StartOffset="10687"/>
</LocList>
</BasicStmnt>
<BasicStmnt CovItemId="S147" CovItemPrefix="csse376_puerto_rico.GameBoardGUI.java" Intrnl_Id="896">
<LocList>
<Loc EndOffset="10751" SrcFileId="7" StartOffset="10715"/>
</LocList>
</BasicStmnt>
<BasicStmnt CovItemId="S148" CovItemPrefix="csse376_puerto_rico.GameBoardGUI.java" Intrnl_Id="897">
<LocList>
<Loc EndOffset="11042" SrcFileId="7" StartOffset="10799"/>
</LocList>
</BasicStmnt>
<CondStmnt CovItemId="S149" CovItemPrefix="csse376_puerto_rico.GameBoardGUI.java" Intrnl_Id="898">
<Branch CovItemId="B25" CovItemPrefix="csse376_puerto_rico.GameBoardGUI.java" Implct="false" Intrnl_Id="899">
<Cond/>
<LocList>
<Loc EndOffset="11402" SrcFileId="7" StartOffset="11076"/>
</LocList>
<StmntSeq Intrnl_Id="900">
<LocList>
<Loc EndOffset="11132" SrcFileId="7" StartOffset="11084"/>
<Loc EndOffset="11294" SrcFileId="7" StartOffset="11139"/>
<Loc EndOffset="11395" SrcFileId="7" StartOffset="11301"/>
</LocList>
<BasicStmnt CovItemId="S150" CovItemPrefix="csse376_puerto_rico.GameBoardGUI.java" Intrnl_Id="901">
<LocList>
<Loc EndOffset="11132" SrcFileId="7" StartOffset="11084"/>
</LocList>
</BasicStmnt>
<CondStmnt CovItemId="S151" CovItemPrefix="csse376_puerto_rico.GameBoardGUI.java" Intrnl_Id="902">
<Branch CovItemId="B27" CovItemPrefix="csse376_puerto_rico.GameBoardGUI.java" Implct="false" Intrnl_Id="903">
<Cond/>
<LocList>
<Loc EndOffset="11294" SrcFileId="7" StartOffset="11186"/>
</LocList>
<StmntSeq Intrnl_Id="904">
<LocList>
<Loc EndOffset="11246" SrcFileId="7" StartOffset="11195"/>
<Loc EndOffset="11286" SrcFileId="7" StartOffset="11254"/>
</LocList>
<BasicStmnt CovItemId="S152" CovItemPrefix="csse376_puerto_rico.GameBoardGUI.java" Intrnl_Id="905">
<LocList>
<Loc EndOffset="11246" SrcFileId="7" StartOffset="11195"/>
</LocList>
</BasicStmnt>
<BasicStmnt CovItemId="S153" CovItemPrefix="csse376_puerto_rico.GameBoardGUI.java" Intrnl_Id="906">
<LocList>
<Loc EndOffset="11286" SrcFileId="7" StartOffset="11254"/>
</LocList>
</BasicStmnt>
</StmntSeq>
</Branch>
<Branch CovItemId="B28" CovItemPrefix="csse376_puerto_rico.GameBoardGUI.java" Implct="true" Intrnl_Id="907">
<Cond/>
<LocList/>
<StmntSeq Intrnl_Id="908">
<LocList/>
</StmntSeq>
</Branch>
<Keyword EndOffset="11141" SrcFileId="7" StartOffset="11139"/>
<LocList>
<Loc EndOffset="11294" SrcFileId="7" StartOffset="11139"/>
</LocList>
<RootTerm CovItemId="C22" CovItemPrefix="csse376_puerto_rico.GameBoardGUI.java" Intrnl_Id="909">
<BasicBoolTerm Intrnl_Id="910">
<LocList>
<Loc EndOffset="11184" SrcFileId="7" StartOffset="11143"/>
</LocList>
</BasicBoolTerm>
</RootTerm>
</CondStmnt>
<CondStmnt CovItemId="S154" CovItemPrefix="csse376_puerto_rico.GameBoardGUI.java" Intrnl_Id="911">
<Branch CovItemId="B29" CovItemPrefix="csse376_puerto_rico.GameBoardGUI.java" Implct="false" Intrnl_Id="912">
<Cond/>
<LocList>
<Loc EndOffset="11395" SrcFileId="7" StartOffset="11341"/>
</LocList>
<StmntSeq Intrnl_Id="913">
<LocList>
<Loc EndOffset="11387" SrcFileId="7" StartOffset="11350"/>
</LocList>
<BasicStmnt CovItemId="S155" CovItemPrefix="csse376_puerto_rico.GameBoardGUI.java" Intrnl_Id="914">
<LocList>
<Loc EndOffset="11387" SrcFileId="7" StartOffset="11350"/>
</LocList>
</BasicStmnt>
</StmntSeq>
</Branch>
<Branch CovItemId="B30" CovItemPrefix="csse376_puerto_rico.GameBoardGUI.java" Implct="true" Intrnl_Id="915">
<Cond/>
<LocList/>
<StmntSeq Intrnl_Id="916">
<LocList/>
</StmntSeq>
</Branch>
<Keyword EndOffset="11303" SrcFileId="7" StartOffset="11301"/>
<LocList>
<Loc EndOffset="11395" SrcFileId="7" StartOffset="11301"/>
</LocList>
<RootTerm CovItemId="C23" CovItemPrefix="csse376_puerto_rico.GameBoardGUI.java" Intrnl_Id="917">
<BasicBoolTerm Intrnl_Id="918">
<LocList>
<Loc EndOffset="11339" SrcFileId="7" StartOffset="11305"/>
</LocList>
</BasicBoolTerm>
</RootTerm>
</CondStmnt>
</StmntSeq>
</Branch>
<Branch CovItemId="B26" CovItemPrefix="csse376_puerto_rico.GameBoardGUI.java" Implct="true" Intrnl_Id="919">
<Cond/>
<LocList/>
<StmntSeq Intrnl_Id="920">
<LocList/>
</StmntSeq>
</Branch>
<Keyword EndOffset="11050" SrcFileId="7" StartOffset="11048"/>
<LocList>
<Loc EndOffset="11402" SrcFileId="7" StartOffset="11048"/>
</LocList>
<RootTerm CovItemId="C21" CovItemPrefix="csse376_puerto_rico.GameBoardGUI.java" Intrnl_Id="921">
<BasicBoolTerm Intrnl_Id="922">
<LocList>
<Loc EndOffset="11074" SrcFileId="7" StartOffset="11052"/>
</LocList>
</BasicBoolTerm>
</RootTerm>
</CondStmnt>
<BasicStmnt CovItemId="S156" CovItemPrefix="csse376_puerto_rico.GameBoardGUI.java" Intrnl_Id="923">
<LocList>
<Loc EndOffset="11529" SrcFileId="7" StartOffset="11503"/>
</LocList>
</BasicStmnt>
<BasicStmnt CovItemId="S157" CovItemPrefix="csse376_puerto_rico.GameBoardGUI.java" Intrnl_Id="924">
<LocList>
<Loc EndOffset="11576" SrcFileId="7" StartOffset="11535"/>
</LocList>
</BasicStmnt>
</StmntSeq>
<Keyword EndOffset="10328" SrcFileId="7" StartOffset="10325"/>
<LocList>
<Loc EndOffset="11584" SrcFileId="7" StartOffset="10325"/>
</LocList>
<RootTerm CovItemId="C19" CovItemPrefix="csse376_puerto_rico.GameBoardGUI.java" Intrnl_Id="925">
<BasicBoolTerm Intrnl_Id="926">
<LocList>
<Loc EndOffset="10359" SrcFileId="7" StartOffset="10341"/>
</LocList>
</BasicBoolTerm>
</RootTerm>
</LoopStmnt>
</StmntSeq>
</Branch>
<Branch CovItemId="B22" CovItemPrefix="csse376_puerto_rico.GameBoardGUI.java" Implct="false" Intrnl_Id="927">
<Cond>
<Loc EndOffset="11594" SrcFileId="7" StartOffset="11590"/>
</Cond>
<LocList>
<Loc EndOffset="22501" SrcFileId="7" StartOffset="11595"/>
</LocList>
<StmntSeq Intrnl_Id="928">
<LocList>
<Loc EndOffset="22501" SrcFileId="7" StartOffset="11595"/>
</LocList>
<CondStmnt CovItemId="S158" CovItemPrefix="csse376_puerto_rico.GameBoardGUI.java" Intrnl_Id="929">
<Branch CovItemId="B31" CovItemPrefix="csse376_puerto_rico.GameBoardGUI.java" Implct="false" Intrnl_Id="930">
<Cond/>
<LocList>
<Loc EndOffset="13560" SrcFileId="7" StartOffset="11633"/>
</LocList>
<StmntSeq Intrnl_Id="931">
<LocList>
<Loc EndOffset="11711" SrcFileId="7" StartOffset="11659"/>
<Loc EndOffset="11747" SrcFileId="7" StartOffset="11716"/>
<Loc EndOffset="11797" SrcFileId="7" StartOffset="11752"/>
<Loc EndOffset="13555" SrcFileId="7" StartOffset="11843"/>
</LocList>
<BasicStmnt CovItemId="S159" CovItemPrefix="csse376_puerto_rico.GameBoardGUI.java" Intrnl_Id="932">
<LocList>
<Loc EndOffset="11711" SrcFileId="7" StartOffset="11659"/>
</LocList>
</BasicStmnt>
<BasicStmnt CovItemId="S160" CovItemPrefix="csse376_puerto_rico.GameBoardGUI.java" Intrnl_Id="933">
<LocList>
<Loc EndOffset="11747" SrcFileId="7" StartOffset="11716"/>
</LocList>
</BasicStmnt>
<BasicStmnt CovItemId="S161" CovItemPrefix="csse376_puerto_rico.GameBoardGUI.java" Intrnl_Id="934">
<LocList>
<Loc EndOffset="11797" SrcFileId="7" StartOffset="11752"/>
</LocList>
</BasicStmnt>
<LoopStmnt CovItemId="S162" CovItemPrefix="csse376_puerto_rico.GameBoardGUI.java" Intrnl_Id="935" MltplExecId="L10-2" MltplExecPrefix="csse376_puerto_rico.GameBoardGUI.java" NvrExecId="L10-0" NvrExecPrefix="csse376_puerto_rico.GameBoardGUI.java" OnceExecutedId="L10-1" OnceExecutedPrefix="csse376_puerto_rico.GameBoardGUI.java" OptBodyExec="true">
<StmntSeq Intrnl_Id="936">
<LocList>
<Loc EndOffset="11924" SrcFileId="7" StartOffset="11894"/>
<Loc EndOffset="12088" SrcFileId="7" StartOffset="11932"/>
<Loc EndOffset="12201" SrcFileId="7" StartOffset="12096"/>
<Loc EndOffset="12488" SrcFileId="7" StartOffset="12247"/>
<Loc EndOffset="12537" SrcFileId="7" StartOffset="12494"/>
<Loc EndOffset="12769" SrcFileId="7" StartOffset="12543"/>
<Loc EndOffset="13375" SrcFileId="7" StartOffset="12775"/>
<Loc EndOffset="13502" SrcFileId="7" StartOffset="13476"/>
<Loc EndOffset="13549" SrcFileId="7" StartOffset="13508"/>
</LocList>
<BasicStmnt CovItemId="S163" CovItemPrefix="csse376_puerto_rico.GameBoardGUI.java" Intrnl_Id="937">
<LocList>
<Loc EndOffset="11924" SrcFileId="7" StartOffset="11894"/>
</LocList>
</BasicStmnt>
<CondStmnt CovItemId="S164" CovItemPrefix="csse376_puerto_rico.GameBoardGUI.java" Intrnl_Id="938">
<Branch CovItemId="B33" CovItemPrefix="csse376_puerto_rico.GameBoardGUI.java" Implct="false" Intrnl_Id="939">
<Cond/>
<LocList>
<Loc EndOffset="12088" SrcFileId="7" StartOffset="11985"/>
</LocList>
<StmntSeq Intrnl_Id="940">
<LocList/>
</StmntSeq>
</Branch>
<Branch CovItemId="B34" CovItemPrefix="csse376_puerto_rico.GameBoardGUI.java" Implct="true" Intrnl_Id="941">
<Cond/>
<LocList/>
<StmntSeq Intrnl_Id="942">
<LocList/>
</StmntSeq>
</Branch>
<Keyword EndOffset="11934" SrcFileId="7" StartOffset="11932"/>
<LocList>
<Loc EndOffset="12088" SrcFileId="7" StartOffset="11932"/>
</LocList>
<RootTerm CovItemId="C26" CovItemPrefix="csse376_puerto_rico.GameBoardGUI.java" Intrnl_Id="943">
<BasicBoolTerm Intrnl_Id="944">
<LocList>
<Loc EndOffset="11983" SrcFileId="7" StartOffset="11936"/>
</LocList>
</BasicBoolTerm>
</RootTerm>
</CondStmnt>
<CondStmnt CovItemId="S165" CovItemPrefix="csse376_puerto_rico.GameBoardGUI.java" Intrnl_Id="945">
<Branch CovItemId="B35" CovItemPrefix="csse376_puerto_rico.GameBoardGUI.java" Implct="false" Intrnl_Id="946">
<Cond/>
<LocList>
<Loc EndOffset="12201" SrcFileId="7" StartOffset="12141"/>
</LocList>
<StmntSeq Intrnl_Id="947">
<LocList/>
</StmntSeq>
</Branch>
<Branch CovItemId="B36" CovItemPrefix="csse376_puerto_rico.GameBoardGUI.java" Implct="true" Intrnl_Id="948">
<Cond/>
<LocList/>
<StmntSeq Intrnl_Id="949">
<LocList/>
</StmntSeq>
</Branch>
<Keyword EndOffset="12098" SrcFileId="7" StartOffset="12096"/>
<LocList>
<Loc EndOffset="12201" SrcFileId="7" StartOffset="12096"/>
</LocList>
<RootTerm CovItemId="C27" CovItemPrefix="csse376_puerto_rico.GameBoardGUI.java" Intrnl_Id="950">
<BasicBoolTerm Intrnl_Id="951">
<LocList>
<Loc EndOffset="12139" SrcFileId="7" StartOffset="12100"/>
</LocList>
</BasicBoolTerm>
</RootTerm>
</CondStmnt>
<BasicStmnt CovItemId="S166" CovItemPrefix="csse376_puerto_rico.GameBoardGUI.java" Intrnl_Id="952">
<LocList>
<Loc EndOffset="12488" SrcFileId="7" StartOffset="12247"/>
</LocList>
</BasicStmnt>
<BasicStmnt CovItemId="S167" CovItemPrefix="csse376_puerto_rico.GameBoardGUI.java" Intrnl_Id="953">
<LocList>
<Loc EndOffset="12537" SrcFileId="7" StartOffset="12494"/>
</LocList>
</BasicStmnt>
<CondStmnt CovItemId="S168" CovItemPrefix="csse376_puerto_rico.GameBoardGUI.java" Intrnl_Id="954">
<Branch CovItemId="B37" CovItemPrefix="csse376_puerto_rico.GameBoardGUI.java" Implct="false" Intrnl_Id="955">
<Cond/>
<LocList>
<Loc EndOffset="12769" SrcFileId="7" StartOffset="12580"/>
</LocList>
<StmntSeq Intrnl_Id="956">
<LocList>
<Loc EndOffset="12666" SrcFileId="7" StartOffset="12588"/>
<Loc EndOffset="12762" SrcFileId="7" StartOffset="12673"/>
</LocList>
<BasicStmnt CovItemId="S169" CovItemPrefix="csse376_puerto_rico.GameBoardGUI.java" Intrnl_Id="957">
<LocList>
<Loc EndOffset="12666" SrcFileId="7" StartOffset="12588"/>
</LocList>
</BasicStmnt>
<BasicStmnt CovItemId="S170" CovItemPrefix="csse376_puerto_rico.GameBoardGUI.java" Intrnl_Id="958">
<LocList>
<Loc EndOffset="12762" SrcFileId="7" StartOffset="12673"/>
</LocList>
</BasicStmnt>
</StmntSeq>
</Branch>
<Branch CovItemId="B38" CovItemPrefix="csse376_puerto_rico.GameBoardGUI.java" Implct="true" Intrnl_Id="959">
<Cond/>
<LocList/>
<StmntSeq Intrnl_Id="960">
<LocList/>
</StmntSeq>
</Branch>
<Keyword EndOffset="12545" SrcFileId="7" StartOffset="12543"/>
<LocList>
<Loc EndOffset="12769" SrcFileId="7" StartOffset="12543"/>
</LocList>
<RootTerm CovItemId="C28" CovItemPrefix="csse376_puerto_rico.GameBoardGUI.java" Intrnl_Id="961">
<BasicBoolTerm Intrnl_Id="962">
<LocList>
<Loc EndOffset="12578" SrcFileId="7" StartOffset="12547"/>
</LocList>
</BasicBoolTerm>
</RootTerm>
</CondStmnt>
<CondStmnt CovItemId="S171" CovItemPrefix="csse376_puerto_rico.GameBoardGUI.java" Intrnl_Id="963">
<Branch CovItemId="B39" CovItemPrefix="csse376_puerto_rico.GameBoardGUI.java" Implct="false" Intrnl_Id="964">
<Cond/>
<LocList>
<Loc EndOffset="13375" SrcFileId="7" StartOffset="12819"/>
</LocList>
<StmntSeq Intrnl_Id="965">
<LocList>
<Loc EndOffset="12926" SrcFileId="7" StartOffset="12893"/>
<Loc EndOffset="13239" SrcFileId="7" StartOffset="12933"/>
<Loc EndOffset="13366" SrcFileId="7" StartOffset="13246"/>
</LocList>
<BasicStmnt CovItemId="S172" CovItemPrefix="csse376_puerto_rico.GameBoardGUI.java" Intrnl_Id="966">
<LocList>
<Loc EndOffset="12926" SrcFileId="7" StartOffset="12893"/>
</LocList>
</BasicStmnt>
<BasicStmnt CovItemId="S173" CovItemPrefix="csse376_puerto_rico.GameBoardGUI.java" Intrnl_Id="967">
<LocList>
<Loc EndOffset="13239" SrcFileId="7" StartOffset="12933"/>
</LocList>
</BasicStmnt>
<CondStmnt CovItemId="S174" CovItemPrefix="csse376_puerto_rico.GameBoardGUI.java" Intrnl_Id="968">
<Branch CovItemId="B41" CovItemPrefix="csse376_puerto_rico.GameBoardGUI.java" Implct="false" Intrnl_Id="969">
<Cond/>
<LocList>
<Loc EndOffset="13366" SrcFileId="7" StartOffset="13261"/>
</LocList>
<StmntSeq Intrnl_Id="970">
<LocList>
<Loc EndOffset="13318" SrcFileId="7" StartOffset="13270"/>
<Loc EndOffset="13358" SrcFileId="7" StartOffset="13326"/>
</LocList>
<BasicStmnt CovItemId="S175" CovItemPrefix="csse376_puerto_rico.GameBoardGUI.java" Intrnl_Id="971">
<LocList>
<Loc EndOffset="13318" SrcFileId="7" StartOffset="13270"/>
</LocList>
</BasicStmnt>
<BasicStmnt CovItemId="S176" CovItemPrefix="csse376_puerto_rico.GameBoardGUI.java" Intrnl_Id="972">
<LocList>
<Loc EndOffset="13358" SrcFileId="7" StartOffset="13326"/>
</LocList>
</BasicStmnt>
</StmntSeq>
</Branch>
<Branch CovItemId="B42" CovItemPrefix="csse376_puerto_rico.GameBoardGUI.java" Implct="true" Intrnl_Id="973">
<Cond/>
<LocList/>
<StmntSeq Intrnl_Id="974">
<LocList/>
</StmntSeq>
</Branch>
<Keyword EndOffset="13248" SrcFileId="7" StartOffset="13246"/>
<LocList>
<Loc EndOffset="13366" SrcFileId="7" StartOffset="13246"/>
</LocList>
<RootTerm CovItemId="C30" CovItemPrefix="csse376_puerto_rico.GameBoardGUI.java" Intrnl_Id="975">
<BasicBoolTerm Intrnl_Id="976">
<LocList>
<Loc EndOffset="13259" SrcFileId="7" StartOffset="13250"/>
</LocList>
</BasicBoolTerm>
</RootTerm>
</CondStmnt>
</StmntSeq>
</Branch>
<Branch CovItemId="B40" CovItemPrefix="csse376_puerto_rico.GameBoardGUI.java" Implct="true" Intrnl_Id="977">
<Cond/>
<LocList/>
<StmntSeq Intrnl_Id="978">
<LocList/>
</StmntSeq>
</Branch>
<Keyword EndOffset="12777" SrcFileId="7" StartOffset="12775"/>
<LocList>
<Loc EndOffset="13375" SrcFileId="7" StartOffset="12775"/>
</LocList>
<RootTerm CovItemId="C29" CovItemPrefix="csse376_puerto_rico.GameBoardGUI.java" Intrnl_Id="979">
<BasicBoolTerm Intrnl_Id="980">
<LocList>
<Loc EndOffset="12817" SrcFileId="7" StartOffset="12779"/>
</LocList>
</BasicBoolTerm>
</RootTerm>
</CondStmnt>
<BasicStmnt CovItemId="S177" CovItemPrefix="csse376_puerto_rico.GameBoardGUI.java" Intrnl_Id="981">
<LocList>
<Loc EndOffset="13502" SrcFileId="7" StartOffset="13476"/>
</LocList>
</BasicStmnt>
<BasicStmnt CovItemId="S178" CovItemPrefix="csse376_puerto_rico.GameBoardGUI.java" Intrnl_Id="982">
<LocList>
<Loc EndOffset="13549" SrcFileId="7" StartOffset="13508"/>
</LocList>
</BasicStmnt>
</StmntSeq>
<Keyword EndOffset="11846" SrcFileId="7" StartOffset="11843"/>
<LocList>
<Loc EndOffset="13555" SrcFileId="7" StartOffset="11843"/>
</LocList>
<RootTerm CovItemId="C25" CovItemPrefix="csse376_puerto_rico.GameBoardGUI.java" Intrnl_Id="983">
<BasicBoolTerm Intrnl_Id="984">
<LocList>
<Loc EndOffset="11878" SrcFileId="7" StartOffset="11859"/>
</LocList>
</BasicBoolTerm>
</RootTerm>
</LoopStmnt>
</StmntSeq>
</Branch>
<Branch CovItemId="B32" CovItemPrefix="csse376_puerto_rico.GameBoardGUI.java" Implct="false" Intrnl_Id="985">
<Cond>
<Loc EndOffset="13565" SrcFileId="7" StartOffset="13561"/>
</Cond>
<LocList>
<Loc EndOffset="22501" SrcFileId="7" StartOffset="13566"/>
</LocList>
<StmntSeq Intrnl_Id="986">
<LocList>
<Loc EndOffset="22501" SrcFileId="7" StartOffset="13566"/>
</LocList>
<CondStmnt CovItemId="S179" CovItemPrefix="csse376_puerto_rico.GameBoardGUI.java" Intrnl_Id="987">
<Branch CovItemId="B43" CovItemPrefix="csse376_puerto_rico.GameBoardGUI.java" Implct="false" Intrnl_Id="988">
<Cond/>
<LocList>
<Loc EndOffset="14369" SrcFileId="7" StartOffset="13606"/>
</LocList>
<StmntSeq Intrnl_Id="989">
<LocList>
<Loc EndOffset="14362" SrcFileId="7" StartOffset="13632"/>
</LocList>
<LoopStmnt CovItemId="S180" CovItemPrefix="csse376_puerto_rico.GameBoardGUI.java" Intrnl_Id="990" MltplExecId="L11-2" MltplExecPrefix="csse376_puerto_rico.GameBoardGUI.java" NvrExecId="L11-0" NvrExecPrefix="csse376_puerto_rico.GameBoardGUI.java" OnceExecutedId="L11-1" OnceExecutedPrefix="csse376_puerto_rico.GameBoardGUI.java" OptBodyExec="true">
<StmntSeq Intrnl_Id="991">
<LocList>
<Loc EndOffset="13712" SrcFileId="7" StartOffset="13682"/>
<Loc EndOffset="13743" SrcFileId="7" StartOffset="13718"/>
<Loc EndOffset="14273" SrcFileId="7" StartOffset="13776"/>
<Loc EndOffset="14307" SrcFileId="7" StartOffset="14281"/>
<Loc EndOffset="14354" SrcFileId="7" StartOffset="14313"/>
</LocList>
<BasicStmnt CovItemId="S181" CovItemPrefix="csse376_puerto_rico.GameBoardGUI.java" Intrnl_Id="992">
<LocList>
<Loc EndOffset="13712" SrcFileId="7" StartOffset="13682"/>
</LocList>
</BasicStmnt>
<BasicStmnt CovItemId="S182" CovItemPrefix="csse376_puerto_rico.GameBoardGUI.java" Intrnl_Id="993">
<LocList>
<Loc EndOffset="13743" SrcFileId="7" StartOffset="13718"/>
</LocList>
</BasicStmnt>
<CondStmnt CovItemId="S183" CovItemPrefix="csse376_puerto_rico.GameBoardGUI.java" Intrnl_Id="994">
<Branch CovItemId="B45" CovItemPrefix="csse376_puerto_rico.GameBoardGUI.java" Implct="false" Intrnl_Id="995">
<Cond/>
<LocList>
<Loc EndOffset="14273" SrcFileId="7" StartOffset="13820"/>
</LocList>
<StmntSeq Intrnl_Id="996">
<LocList>
<Loc EndOffset="14266" SrcFileId="7" StartOffset="13828"/>
</LocList>
<CondStmnt CovItemId="S184" CovItemPrefix="csse376_puerto_rico.GameBoardGUI.java" Intrnl_Id="997">
<Branch CovItemId="B47" CovItemPrefix="csse376_puerto_rico.GameBoardGUI.java" Implct="false" Intrnl_Id="998">
<Cond/>
<LocList>
<Loc EndOffset="13933" SrcFileId="7" StartOffset="13869"/>
</LocList>
<StmntSeq Intrnl_Id="999">
<LocList>
<Loc EndOffset="13925" SrcFileId="7" StartOffset="13878"/>
</LocList>
<BasicStmnt CovItemId="S185" CovItemPrefix="csse376_puerto_rico.GameBoardGUI.java" Intrnl_Id="1000">
<LocList>
<Loc EndOffset="13925" SrcFileId="7" StartOffset="13878"/>
</LocList>
</BasicStmnt>
</StmntSeq>
</Branch>
<Branch CovItemId="B48" CovItemPrefix="csse376_puerto_rico.GameBoardGUI.java" Implct="false" Intrnl_Id="1001">
<Cond>
<Loc EndOffset="13938" SrcFileId="7" StartOffset="13934"/>
</Cond>
<LocList>
<Loc EndOffset="14266" SrcFileId="7" StartOffset="13939"/>
</LocList>
<StmntSeq Intrnl_Id="1002">
<LocList>
<Loc EndOffset="14266" SrcFileId="7" StartOffset="13939"/>
</LocList>
<CondStmnt CovItemId="S186" CovItemPrefix="csse376_puerto_rico.GameBoardGUI.java" Intrnl_Id="1003">
<Branch CovItemId="B49" CovItemPrefix="csse376_puerto_rico.GameBoardGUI.java" Implct="false" Intrnl_Id="1004">
<Cond/>
<LocList>
<Loc EndOffset="14044" SrcFileId="7" StartOffset="13980"/>
</LocList>
<StmntSeq Intrnl_Id="1005">
<LocList>
<Loc EndOffset="14036" SrcFileId="7" StartOffset="13989"/>
</LocList>
<BasicStmnt CovItemId="S187" CovItemPrefix="csse376_puerto_rico.GameBoardGUI.java" Intrnl_Id="1006">
<LocList>
<Loc EndOffset="14036" SrcFileId="7" StartOffset="13989"/>
</LocList>
</BasicStmnt>
</StmntSeq>
</Branch>
<Branch CovItemId="B50" CovItemPrefix="csse376_puerto_rico.GameBoardGUI.java" Implct="false" Intrnl_Id="1007">
<Cond>
<Loc EndOffset="14049" SrcFileId="7" StartOffset="14045"/>
</Cond>
<LocList>
<Loc EndOffset="14266" SrcFileId="7" StartOffset="14050"/>
</LocList>
<StmntSeq Intrnl_Id="1008">
<LocList>
<Loc EndOffset="14266" SrcFileId="7" StartOffset="14050"/>
</LocList>
<CondStmnt CovItemId="S188" CovItemPrefix="csse376_puerto_rico.GameBoardGUI.java" Intrnl_Id="1009">
<Branch CovItemId="B51" CovItemPrefix="csse376_puerto_rico.GameBoardGUI.java" Implct="false" Intrnl_Id="1010">
<Cond/>
<LocList>
<Loc EndOffset="14155" SrcFileId="7" StartOffset="14091"/>
</LocList>
<StmntSeq Intrnl_Id="1011">
<LocList>
<Loc EndOffset="14147" SrcFileId="7" StartOffset="14100"/>
</LocList>
<BasicStmnt CovItemId="S189" CovItemPrefix="csse376_puerto_rico.GameBoardGUI.java" Intrnl_Id="1012">
<LocList>
<Loc EndOffset="14147" SrcFileId="7" StartOffset="14100"/>
</LocList>
</BasicStmnt>
</StmntSeq>
</Branch>
<Branch CovItemId="B52" CovItemPrefix="csse376_puerto_rico.GameBoardGUI.java" Implct="false" Intrnl_Id="1013">
<Cond>
<Loc EndOffset="14160" SrcFileId="7" StartOffset="14156"/>
</Cond>
<LocList>
<Loc EndOffset="14266" SrcFileId="7" StartOffset="14161"/>
</LocList>
<StmntSeq Intrnl_Id="1014">
<LocList>
<Loc EndOffset="14266" SrcFileId="7" StartOffset="14161"/>
</LocList>
<CondStmnt CovItemId="S190" CovItemPrefix="csse376_puerto_rico.GameBoardGUI.java" Intrnl_Id="1015">
<Branch CovItemId="B53" CovItemPrefix="csse376_puerto_rico.GameBoardGUI.java" Implct="false" Intrnl_Id="1016">
<Cond/>
<LocList>
<Loc EndOffset="14266" SrcFileId="7" StartOffset="14202"/>
</LocList>
<StmntSeq Intrnl_Id="1017">
<LocList>
<Loc EndOffset="14258" SrcFileId="7" StartOffset="14211"/>
</LocList>
<BasicStmnt CovItemId="S191" CovItemPrefix="csse376_puerto_rico.GameBoardGUI.java" Intrnl_Id="1018">
<LocList>
<Loc EndOffset="14258" SrcFileId="7" StartOffset="14211"/>
</LocList>
</BasicStmnt>
</StmntSeq>
</Branch>
<Branch CovItemId="B54" CovItemPrefix="csse376_puerto_rico.GameBoardGUI.java" Implct="true" Intrnl_Id="1019">
<Cond/>
<LocList/>
<StmntSeq Intrnl_Id="1020">
<LocList/>
</StmntSeq>
</Branch>
<Keyword EndOffset="14163" SrcFileId="7" StartOffset="14161"/>
<LocList>
<Loc EndOffset="14266" SrcFileId="7" StartOffset="14161"/>
</LocList>
<RootTerm CovItemId="C37" CovItemPrefix="csse376_puerto_rico.GameBoardGUI.java" Intrnl_Id="1021">
<BasicBoolTerm Intrnl_Id="1022">
<LocList>
<Loc EndOffset="14200" SrcFileId="7" StartOffset="14165"/>
</LocList>
</BasicBoolTerm>
</RootTerm>
</CondStmnt>
</StmntSeq>
</Branch>
<Keyword EndOffset="14052" SrcFileId="7" StartOffset="14050"/>
<LocList>
<Loc EndOffset="14266" SrcFileId="7" StartOffset="14050"/>
</LocList>
<RootTerm CovItemId="C36" CovItemPrefix="csse376_puerto_rico.GameBoardGUI.java" Intrnl_Id="1023">
<BasicBoolTerm Intrnl_Id="1024">
<LocList>
<Loc EndOffset="14089" SrcFileId="7" StartOffset="14054"/>
</LocList>
</BasicBoolTerm>
</RootTerm>
</CondStmnt>
</StmntSeq>
</Branch>
<Keyword EndOffset="13941" SrcFileId="7" StartOffset="13939"/>
<LocList>
<Loc EndOffset="14266" SrcFileId="7" StartOffset="13939"/>
</LocList>
<RootTerm CovItemId="C35" CovItemPrefix="csse376_puerto_rico.GameBoardGUI.java" Intrnl_Id="1025">
<BasicBoolTerm Intrnl_Id="1026">
<LocList>
<Loc EndOffset="13978" SrcFileId="7" StartOffset="13943"/>
</LocList>
</BasicBoolTerm>
</RootTerm>
</CondStmnt>
</StmntSeq>
</Branch>
<Keyword EndOffset="13830" SrcFileId="7" StartOffset="13828"/>
<LocList>
<Loc EndOffset="14266" SrcFileId="7" StartOffset="13828"/>
</LocList>
<RootTerm CovItemId="C34" CovItemPrefix="csse376_puerto_rico.GameBoardGUI.java" Intrnl_Id="1027">
<BasicBoolTerm Intrnl_Id="1028">
<LocList>
<Loc EndOffset="13867" SrcFileId="7" StartOffset="13832"/>
</LocList>
</BasicBoolTerm>
</RootTerm>
</CondStmnt>
</StmntSeq>
</Branch>
<Branch CovItemId="B46" CovItemPrefix="csse376_puerto_rico.GameBoardGUI.java" Implct="true" Intrnl_Id="1029">
<Cond/>
<LocList/>
<StmntSeq Intrnl_Id="1030">
<LocList/>
</StmntSeq>
</Branch>
<Keyword EndOffset="13778" SrcFileId="7" StartOffset="13776"/>
<LocList>
<Loc EndOffset="14273" SrcFileId="7" StartOffset="13776"/>
</LocList>
<RootTerm CovItemId="C33" CovItemPrefix="csse376_puerto_rico.GameBoardGUI.java" Intrnl_Id="1031">
<BasicBoolTerm Intrnl_Id="1032">
<LocList>
<Loc EndOffset="13818" SrcFileId="7" StartOffset="13780"/>
</LocList>
</BasicBoolTerm>
</RootTerm>
</CondStmnt>
<BasicStmnt CovItemId="S192" CovItemPrefix="csse376_puerto_rico.GameBoardGUI.java" Intrnl_Id="1033">
<LocList>
<Loc EndOffset="14307" SrcFileId="7" StartOffset="14281"/>
</LocList>
</BasicStmnt>
<BasicStmnt CovItemId="S193" CovItemPrefix="csse376_puerto_rico.GameBoardGUI.java" Intrnl_Id="1034">
<LocList>
<Loc EndOffset="14354" SrcFileId="7" StartOffset="14313"/>
</LocList>
</BasicStmnt>
</StmntSeq>
<Keyword EndOffset="13635" SrcFileId="7" StartOffset="13632"/>
<LocList>
<Loc EndOffset="14362" SrcFileId="7" StartOffset="13632"/>
</LocList>
<RootTerm CovItemId="C32" CovItemPrefix="csse376_puerto_rico.GameBoardGUI.java" Intrnl_Id="1035">
<BasicBoolTerm Intrnl_Id="1036">
<LocList>
<Loc EndOffset="13666" SrcFileId="7" StartOffset="13648"/>
</LocList>
</BasicBoolTerm>
</RootTerm>
</LoopStmnt>
</StmntSeq>
</Branch>
<Branch CovItemId="B44" CovItemPrefix="csse376_puerto_rico.GameBoardGUI.java" Implct="false" Intrnl_Id="1037">
<Cond>
<Loc EndOffset="14374" SrcFileId="7" StartOffset="14370"/>
</Cond>
<LocList>
<Loc EndOffset="22501" SrcFileId="7" StartOffset="14375"/>
</LocList>
<StmntSeq Intrnl_Id="1038">
<LocList>
<Loc EndOffset="22501" SrcFileId="7" StartOffset="14375"/>
</LocList>
<CondStmnt CovItemId="S194" CovItemPrefix="csse376_puerto_rico.GameBoardGUI.java" Intrnl_Id="1039">
<Branch CovItemId="B55" CovItemPrefix="csse376_puerto_rico.GameBoardGUI.java" Implct="false" Intrnl_Id="1040">
<Cond/>
<LocList>
<Loc EndOffset="16382" SrcFileId="7" StartOffset="14412"/>
</LocList>
<StmntSeq Intrnl_Id="1041">
<LocList>
<Loc EndOffset="16377" SrcFileId="7" StartOffset="14425"/>
</LocList>
<LoopStmnt CovItemId="S195" CovItemPrefix="csse376_puerto_rico.GameBoardGUI.java" Intrnl_Id="1042" MltplExecId="L12-2" MltplExecPrefix="csse376_puerto_rico.GameBoardGUI.java" NvrExecId="L12-0" NvrExecPrefix="csse376_puerto_rico.GameBoardGUI.java" OnceExecutedId="L12-1" OnceExecutedPrefix="csse376_puerto_rico.GameBoardGUI.java" OptBodyExec="true">
<StmntSeq Intrnl_Id="1043">
<LocList>
<Loc EndOffset="14505" SrcFileId="7" StartOffset="14475"/>
<Loc EndOffset="14655" SrcFileId="7" StartOffset="14544"/>
<Loc EndOffset="14805" SrcFileId="7" StartOffset="14694"/>
<Loc EndOffset="14930" SrcFileId="7" StartOffset="14813"/>
<Loc EndOffset="14989" SrcFileId="7" StartOffset="14936"/>
<Loc EndOffset="15133" SrcFileId="7" StartOffset="14995"/>
<Loc EndOffset="15163" SrcFileId="7" StartOffset="15139"/>
<Loc EndOffset="15207" SrcFileId="7" StartOffset="15169"/>
<Loc EndOffset="15454" SrcFileId="7" StartOffset="15215"/>
<Loc EndOffset="16195" SrcFileId="7" StartOffset="15460"/>
<Loc EndOffset="16322" SrcFileId="7" StartOffset="16296"/>
<Loc EndOffset="16369" SrcFileId="7" StartOffset="16328"/>
</LocList>
<BasicStmnt CovItemId="S196" CovItemPrefix="csse376_puerto_rico.GameBoardGUI.java" Intrnl_Id="1044">
<LocList>
<Loc EndOffset="14505" SrcFileId="7" StartOffset="14475"/>
</LocList>
</BasicStmnt>
<CondStmnt CovItemId="S197" CovItemPrefix="csse376_puerto_rico.GameBoardGUI.java" Intrnl_Id="1045">
<Branch CovItemId="B57" CovItemPrefix="csse376_puerto_rico.GameBoardGUI.java" Implct="false" Intrnl_Id="1046">
<Cond/>
<LocList>
<Loc EndOffset="14655" SrcFileId="7" StartOffset="14593"/>
</LocList>
<StmntSeq Intrnl_Id="1047">
<LocList>
<Loc EndOffset="14648" SrcFileId="7" StartOffset="14601"/>
</LocList>
<BasicStmnt CovItemId="S198" CovItemPrefix="csse376_puerto_rico.GameBoardGUI.java" Intrnl_Id="1048">
<LocList>
<Loc EndOffset="14648" SrcFileId="7" StartOffset="14601"/>
</LocList>
</BasicStmnt>
</StmntSeq>
</Branch>
<Branch CovItemId="B58" CovItemPrefix="csse376_puerto_rico.GameBoardGUI.java" Implct="true" Intrnl_Id="1049">
<Cond/>
<LocList/>
<StmntSeq Intrnl_Id="1050">
<LocList/>
</StmntSeq>
</Branch>
<Keyword EndOffset="14546" SrcFileId="7" StartOffset="14544"/>
<LocList>
<Loc EndOffset="14655" SrcFileId="7" StartOffset="14544"/>
</LocList>
<RootTerm CovItemId="C40" CovItemPrefix="csse376_puerto_rico.GameBoardGUI.java" Intrnl_Id="1051">
<BasicBoolTerm Intrnl_Id="1052">
<LocList>
<Loc EndOffset="14591" SrcFileId="7" StartOffset="14548"/>
</LocList>
</BasicBoolTerm>
</RootTerm>
</CondStmnt>
<CondStmnt CovItemId="S199" CovItemPrefix="csse376_puerto_rico.GameBoardGUI.java" Intrnl_Id="1053">
<Branch CovItemId="B59" CovItemPrefix="csse376_puerto_rico.GameBoardGUI.java" Implct="false" Intrnl_Id="1054">
<Cond/>
<LocList>
<Loc EndOffset="14805" SrcFileId="7" StartOffset="14743"/>
</LocList>
<StmntSeq Intrnl_Id="1055">
<LocList>
<Loc EndOffset="14798" SrcFileId="7" StartOffset="14751"/>
</LocList>
<BasicStmnt CovItemId="S200" CovItemPrefix="csse376_puerto_rico.GameBoardGUI.java" Intrnl_Id="1056">
<LocList>
<Loc EndOffset="14798" SrcFileId="7" StartOffset="14751"/>
</LocList>
</BasicStmnt>
</StmntSeq>
</Branch>
<Branch CovItemId="B60" CovItemPrefix="csse376_puerto_rico.GameBoardGUI.java" Implct="true" Intrnl_Id="1057">
<Cond/>
<LocList/>
<StmntSeq Intrnl_Id="1058">
<LocList/>
</StmntSeq>
</Branch>
<Keyword EndOffset="14696" SrcFileId="7" StartOffset="14694"/>
<LocList>
<Loc EndOffset="14805" SrcFileId="7" StartOffset="14694"/>
</LocList>
<RootTerm CovItemId="C41" CovItemPrefix="csse376_puerto_rico.GameBoardGUI.java" Intrnl_Id="1059">
<BasicBoolTerm Intrnl_Id="1060">
<LocList>
<Loc EndOffset="14741" SrcFileId="7" StartOffset="14698"/>
</LocList>
</BasicBoolTerm>
</RootTerm>
</CondStmnt>
<CondStmnt CovItemId="S201" CovItemPrefix="csse376_puerto_rico.GameBoardGUI.java" Intrnl_Id="1061">
<Branch CovItemId="B61" CovItemPrefix="csse376_puerto_rico.GameBoardGUI.java" Implct="false" Intrnl_Id="1062">
<Cond/>
<LocList>
<Loc EndOffset="14930" SrcFileId="7" StartOffset="14856"/>
</LocList>
<StmntSeq Intrnl_Id="1063">
<LocList/>
</StmntSeq>
</Branch>
<Branch CovItemId="B62" CovItemPrefix="csse376_puerto_rico.GameBoardGUI.java" Implct="true" Intrnl_Id="1064">
<Cond/>
<LocList/>
<StmntSeq Intrnl_Id="1065">
<LocList/>
</StmntSeq>
</Branch>
<Keyword EndOffset="14815" SrcFileId="7" StartOffset="14813"/>
<LocList>
<Loc EndOffset="14930" SrcFileId="7" StartOffset="14813"/>
</LocList>
<RootTerm CovItemId="C42" CovItemPrefix="csse376_puerto_rico.GameBoardGUI.java" Intrnl_Id="1066">
<BasicBoolTerm Intrnl_Id="1067">
<LocList>
<Loc EndOffset="14854" SrcFileId="7" StartOffset="14817"/>
</LocList>
</BasicBoolTerm>
</RootTerm>
</CondStmnt>
<BasicStmnt CovItemId="S202" CovItemPrefix="csse376_puerto_rico.GameBoardGUI.java" Intrnl_Id="1068">
<LocList>
<Loc EndOffset="14989" SrcFileId="7" StartOffset="14936"/>
</LocList>
</BasicStmnt>
<LoopStmnt CovItemId="S203" CovItemPrefix="csse376_puerto_rico.GameBoardGUI.java" Intrnl_Id="1069" MltplExecId="L13-2" MltplExecPrefix="csse376_puerto_rico.GameBoardGUI.java" NvrExecId="L13-0" NvrExecPrefix="csse376_puerto_rico.GameBoardGUI.java" OnceExecutedId="L13-1" OnceExecutedPrefix="csse376_puerto_rico.GameBoardGUI.java" OptBodyExec="true">
<StmntSeq Intrnl_Id="1070">
<LocList>
<Loc EndOffset="15075" SrcFileId="7" StartOffset="15041"/>
<Loc EndOffset="15126" SrcFileId="7" StartOffset="15082"/>
</LocList>
<BasicStmnt CovItemId="S204" CovItemPrefix="csse376_puerto_rico.GameBoardGUI.java" Intrnl_Id="1071">
<LocList>
<Loc EndOffset="15075" SrcFileId="7" StartOffset="15041"/>
</LocList>
</BasicStmnt>
<CondStmnt CovItemId="S205" CovItemPrefix="csse376_puerto_rico.GameBoardGUI.java" Intrnl_Id="1072">
<Branch CovItemId="B63" CovItemPrefix="csse376_puerto_rico.GameBoardGUI.java" Implct="false" Intrnl_Id="1073">
<Cond/>
<LocList>
<Loc EndOffset="15126" SrcFileId="7" StartOffset="15093"/>
</LocList>
<StmntSeq Intrnl_Id="1074">
<LocList>
<Loc EndOffset="15118" SrcFileId="7" StartOffset="15102"/>
</LocList>
<BasicStmnt CovItemId="S206" CovItemPrefix="csse376_puerto_rico.GameBoardGUI.java" Intrnl_Id="1075">
<LocList>
<Loc EndOffset="15118" SrcFileId="7" StartOffset="15102"/>
</LocList>
</BasicStmnt>
</StmntSeq>
</Branch>
<Branch CovItemId="B64" CovItemPrefix="csse376_puerto_rico.GameBoardGUI.java" Implct="true" Intrnl_Id="1076">
<Cond/>
<LocList/>
<StmntSeq Intrnl_Id="1077">
<LocList/>
</StmntSeq>
</Branch>
<Keyword EndOffset="15084" SrcFileId="7" StartOffset="15082"/>
<LocList>
<Loc EndOffset="15126" SrcFileId="7" StartOffset="15082"/>
</LocList>
<RootTerm CovItemId="C43" CovItemPrefix="csse376_puerto_rico.GameBoardGUI.java" Intrnl_Id="1078">
<BasicBoolTerm Intrnl_Id="1079">
<LocList>
<Loc EndOffset="15091" SrcFileId="7" StartOffset="15086"/>
</LocList>
</BasicBoolTerm>
</RootTerm>
</CondStmnt>
</StmntSeq>
<Keyword EndOffset="14998" SrcFileId="7" StartOffset="14995"/>
<LocList>
<Loc EndOffset="15133" SrcFileId="7" StartOffset="14995"/>
</LocList>
</LoopStmnt>
<BasicStmnt CovItemId="S207" CovItemPrefix="csse376_puerto_rico.GameBoardGUI.java" Intrnl_Id="1080">
<LocList>
<Loc EndOffset="15163" SrcFileId="7" StartOffset="15139"/>
</LocList>
</BasicStmnt>
<BasicStmnt CovItemId="S208" CovItemPrefix="csse376_puerto_rico.GameBoardGUI.java" Intrnl_Id="1081">
<LocList>
<Loc EndOffset="15207" SrcFileId="7" StartOffset="15169"/>
</LocList>
</BasicStmnt>
<BasicStmnt CovItemId="S209" CovItemPrefix="csse376_puerto_rico.GameBoardGUI.java" Intrnl_Id="1082">
<LocList>
<Loc EndOffset="15454" SrcFileId="7" StartOffset="15215"/>
</LocList>
</BasicStmnt>
<CondStmnt CovItemId="S210" CovItemPrefix="csse376_puerto_rico.GameBoardGUI.java" Intrnl_Id="1083">
<Branch CovItemId="B65" CovItemPrefix="csse376_puerto_rico.GameBoardGUI.java" Implct="false" Intrnl_Id="1084">
<Cond/>
<LocList>
<Loc EndOffset="16195" SrcFileId="7" StartOffset="15490"/>
</LocList>
<StmntSeq Intrnl_Id="1085">
<LocList>
<Loc EndOffset="16188" SrcFileId="7" StartOffset="15498"/>
</LocList>
<CondStmnt CovItemId="S211" CovItemPrefix="csse376_puerto_rico.GameBoardGUI.java" Intrnl_Id="1086">
<Branch CovItemId="B67" CovItemPrefix="csse376_puerto_rico.GameBoardGUI.java" Implct="false" Intrnl_Id="1087">
<Cond/>
<LocList>
<Loc EndOffset="15643" SrcFileId="7" StartOffset="15539"/>
</LocList>
<StmntSeq Intrnl_Id="1088">
<LocList>
<Loc EndOffset="15595" SrcFileId="7" StartOffset="15548"/>
<Loc EndOffset="15635" SrcFileId="7" StartOffset="15603"/>
</LocList>
<BasicStmnt CovItemId="S212" CovItemPrefix="csse376_puerto_rico.GameBoardGUI.java" Intrnl_Id="1089">
<LocList>
<Loc EndOffset="15595" SrcFileId="7" StartOffset="15548"/>
</LocList>
</BasicStmnt>
<BasicStmnt CovItemId="S213" CovItemPrefix="csse376_puerto_rico.GameBoardGUI.java" Intrnl_Id="1090">
<LocList>
<Loc EndOffset="15635" SrcFileId="7" StartOffset="15603"/>
</LocList>
</BasicStmnt>
</StmntSeq>
</Branch>
<Branch CovItemId="B68" CovItemPrefix="csse376_puerto_rico.GameBoardGUI.java" Implct="false" Intrnl_Id="1091">
<Cond>
<Loc EndOffset="15648" SrcFileId="7" StartOffset="15644"/>
</Cond>
<LocList>
<Loc EndOffset="16188" SrcFileId="7" StartOffset="15649"/>
</LocList>
<StmntSeq Intrnl_Id="1092">
<LocList>
<Loc EndOffset="16188" SrcFileId="7" StartOffset="15649"/>
</LocList>
<CondStmnt CovItemId="S214" CovItemPrefix="csse376_puerto_rico.GameBoardGUI.java" Intrnl_Id="1093">
<Branch CovItemId="B69" CovItemPrefix="csse376_puerto_rico.GameBoardGUI.java" Implct="false" Intrnl_Id="1094">
<Cond/>
<LocList>
<Loc EndOffset="15735" SrcFileId="7" StartOffset="15688"/>
</LocList>
<StmntSeq Intrnl_Id="1095">
<LocList>
<Loc EndOffset="15727" SrcFileId="7" StartOffset="15697"/>
</LocList>
<BasicStmnt CovItemId="S215" CovItemPrefix="csse376_puerto_rico.GameBoardGUI.java" Intrnl_Id="1096">
<LocList>
<Loc EndOffset="15727" SrcFileId="7" StartOffset="15697"/>
</LocList>
</BasicStmnt>
</StmntSeq>
</Branch>
<Branch CovItemId="B70" CovItemPrefix="csse376_puerto_rico.GameBoardGUI.java" Implct="false" Intrnl_Id="1097">
<Cond>
<Loc EndOffset="15740" SrcFileId="7" StartOffset="15736"/>
</Cond>
<LocList>
<Loc EndOffset="16188" SrcFileId="7" StartOffset="15741"/>
</LocList>
<StmntSeq Intrnl_Id="1098">
<LocList>
<Loc EndOffset="16188" SrcFileId="7" StartOffset="15741"/>
</LocList>
<CondStmnt CovItemId="S216" CovItemPrefix="csse376_puerto_rico.GameBoardGUI.java" Intrnl_Id="1099">
<Branch CovItemId="B71" CovItemPrefix="csse376_puerto_rico.GameBoardGUI.java" Implct="false" Intrnl_Id="1100">
<Cond/>
<LocList>
<Loc EndOffset="15886" SrcFileId="7" StartOffset="15782"/>
</LocList>
<StmntSeq Intrnl_Id="1101">
<LocList>
<Loc EndOffset="15838" SrcFileId="7" StartOffset="15791"/>
<Loc EndOffset="15878" SrcFileId="7" StartOffset="15846"/>
</LocList>
<BasicStmnt CovItemId="S217" CovItemPrefix="csse376_puerto_rico.GameBoardGUI.java" Intrnl_Id="1102">
<LocList>
<Loc EndOffset="15838" SrcFileId="7" StartOffset="15791"/>
</LocList>
</BasicStmnt>
<BasicStmnt CovItemId="S218" CovItemPrefix="csse376_puerto_rico.GameBoardGUI.java" Intrnl_Id="1103">
<LocList>
<Loc EndOffset="15878" SrcFileId="7" StartOffset="15846"/>
</LocList>
</BasicStmnt>
</StmntSeq>
</Branch>
<Branch CovItemId="B72" CovItemPrefix="csse376_puerto_rico.GameBoardGUI.java" Implct="false" Intrnl_Id="1104">
<Cond>
<Loc EndOffset="15891" SrcFileId="7" StartOffset="15887"/>
</Cond>
<LocList>
<Loc EndOffset="16188" SrcFileId="7" StartOffset="15892"/>
</LocList>
<StmntSeq Intrnl_Id="1105">
<LocList>
<Loc EndOffset="16188" SrcFileId="7" StartOffset="15892"/>
</LocList>
<CondStmnt CovItemId="S219" CovItemPrefix="csse376_puerto_rico.GameBoardGUI.java" Intrnl_Id="1106">
<Branch CovItemId="B73" CovItemPrefix="csse376_puerto_rico.GameBoardGUI.java" Implct="false" Intrnl_Id="1107">
<Cond/>
<LocList>
<Loc EndOffset="16035" SrcFileId="7" StartOffset="15932"/>
</LocList>
<StmntSeq Intrnl_Id="1108">
<LocList>
<Loc EndOffset="15988" SrcFileId="7" StartOffset="15941"/>
<Loc EndOffset="16027" SrcFileId="7" StartOffset="15996"/>
</LocList>
<BasicStmnt CovItemId="S220" CovItemPrefix="csse376_puerto_rico.GameBoardGUI.java" Intrnl_Id="1109">
<LocList>
<Loc EndOffset="15988" SrcFileId="7" StartOffset="15941"/>
</LocList>
</BasicStmnt>
<BasicStmnt CovItemId="S221" CovItemPrefix="csse376_puerto_rico.GameBoardGUI.java" Intrnl_Id="1110">
<LocList>
<Loc EndOffset="16027" SrcFileId="7" StartOffset="15996"/>
</LocList>
</BasicStmnt>
</StmntSeq>
</Branch>
<Branch CovItemId="B74" CovItemPrefix="csse376_puerto_rico.GameBoardGUI.java" Implct="false" Intrnl_Id="1111">
<Cond>
<Loc EndOffset="16040" SrcFileId="7" StartOffset="16036"/>
</Cond>
<LocList>
<Loc EndOffset="16188" SrcFileId="7" StartOffset="16041"/>
</LocList>
<StmntSeq Intrnl_Id="1112">
<LocList>
<Loc EndOffset="16188" SrcFileId="7" StartOffset="16041"/>
</LocList>
<CondStmnt CovItemId="S222" CovItemPrefix="csse376_puerto_rico.GameBoardGUI.java" Intrnl_Id="1113">
<Branch CovItemId="B75" CovItemPrefix="csse376_puerto_rico.GameBoardGUI.java" Implct="false" Intrnl_Id="1114">
<Cond/>
<LocList>
<Loc EndOffset="16188" SrcFileId="7" StartOffset="16083"/>
</LocList>
<StmntSeq Intrnl_Id="1115">
<LocList>
<Loc EndOffset="16139" SrcFileId="7" StartOffset="16092"/>
<Loc EndOffset="16180" SrcFileId="7" StartOffset="16147"/>
</LocList>
<BasicStmnt CovItemId="S223" CovItemPrefix="csse376_puerto_rico.GameBoardGUI.java" Intrnl_Id="1116">
<LocList>
<Loc EndOffset="16139" SrcFileId="7" StartOffset="16092"/>
</LocList>
</BasicStmnt>
<BasicStmnt CovItemId="S224" CovItemPrefix="csse376_puerto_rico.GameBoardGUI.java" Intrnl_Id="1117">
<LocList>
<Loc EndOffset="16180" SrcFileId="7" StartOffset="16147"/>
</LocList>
</BasicStmnt>
</StmntSeq>
</Branch>
<Branch CovItemId="B76" CovItemPrefix="csse376_puerto_rico.GameBoardGUI.java" Implct="true" Intrnl_Id="1118">
<Cond/>
<LocList/>
<StmntSeq Intrnl_Id="1119">
<LocList/>
</StmntSeq>
</Branch>
<Keyword EndOffset="16043" SrcFileId="7" StartOffset="16041"/>
<LocList>
<Loc EndOffset="16188" SrcFileId="7" StartOffset="16041"/>
</LocList>
<RootTerm CovItemId="C49" CovItemPrefix="csse376_puerto_rico.GameBoardGUI.java" Intrnl_Id="1120">
<BasicBoolTerm Intrnl_Id="1121">
<LocList>
<Loc EndOffset="16081" SrcFileId="7" StartOffset="16045"/>
</LocList>
</BasicBoolTerm>
</RootTerm>
</CondStmnt>
</StmntSeq>
</Branch>
<Keyword EndOffset="15894" SrcFileId="7" StartOffset="15892"/>
<LocList>
<Loc EndOffset="16188" SrcFileId="7" StartOffset="15892"/>
</LocList>
<RootTerm CovItemId="C48" CovItemPrefix="csse376_puerto_rico.GameBoardGUI.java" Intrnl_Id="1122">
<BasicBoolTerm Intrnl_Id="1123">
<LocList>
<Loc EndOffset="15930" SrcFileId="7" StartOffset="15896"/>
</LocList>
</BasicBoolTerm>
</RootTerm>
</CondStmnt>
</StmntSeq>
</Branch>
<Keyword EndOffset="15743" SrcFileId="7" StartOffset="15741"/>
<LocList>
<Loc EndOffset="16188" SrcFileId="7" StartOffset="15741"/>
</LocList>
<RootTerm CovItemId="C47" CovItemPrefix="csse376_puerto_rico.GameBoardGUI.java" Intrnl_Id="1124">
<BasicBoolTerm Intrnl_Id="1125">
<LocList>
<Loc EndOffset="15780" SrcFileId="7" StartOffset="15745"/>
</LocList>
</BasicBoolTerm>
</RootTerm>
</CondStmnt>
</StmntSeq>
</Branch>
<Keyword EndOffset="15651" SrcFileId="7" StartOffset="15649"/>
<LocList>
<Loc EndOffset="16188" SrcFileId="7" StartOffset="15649"/>
</LocList>
<RootTerm CovItemId="C46" CovItemPrefix="csse376_puerto_rico.GameBoardGUI.java" Intrnl_Id="1126">
<BasicBoolTerm Intrnl_Id="1127">
<LocList>
<Loc EndOffset="15686" SrcFileId="7" StartOffset="15653"/>
</LocList>
</BasicBoolTerm>
</RootTerm>
</CondStmnt>
</StmntSeq>
</Branch>
<Keyword EndOffset="15500" SrcFileId="7" StartOffset="15498"/>
<LocList>
<Loc EndOffset="16188" SrcFileId="7" StartOffset="15498"/>
</LocList>
<RootTerm CovItemId="C45" CovItemPrefix="csse376_puerto_rico.GameBoardGUI.java" Intrnl_Id="1128">
<BasicBoolTerm Intrnl_Id="1129">
<LocList>
<Loc EndOffset="15537" SrcFileId="7" StartOffset="15502"/>
</LocList>
</BasicBoolTerm>
</RootTerm>
</CondStmnt>
</StmntSeq>
</Branch>
<Branch CovItemId="B66" CovItemPrefix="csse376_puerto_rico.GameBoardGUI.java" Implct="true" Intrnl_Id="1130">
<Cond/>
<LocList/>
<StmntSeq Intrnl_Id="1131">
<LocList/>
</StmntSeq>
</Branch>
<Keyword EndOffset="15462" SrcFileId="7" StartOffset="15460"/>
<LocList>
<Loc EndOffset="16195" SrcFileId="7" StartOffset="15460"/>
</LocList>
<RootTerm CovItemId="C44" CovItemPrefix="csse376_puerto_rico.GameBoardGUI.java" Intrnl_Id="1132">
<BasicBoolTerm Intrnl_Id="1133">
<LocList>
<Loc EndOffset="15488" SrcFileId="7" StartOffset="15464"/>
</LocList>
</BasicBoolTerm>
</RootTerm>
</CondStmnt>
<BasicStmnt CovItemId="S225" CovItemPrefix="csse376_puerto_rico.GameBoardGUI.java" Intrnl_Id="1134">
<LocList>
<Loc EndOffset="16322" SrcFileId="7" StartOffset="16296"/>
</LocList>
</BasicStmnt>
<BasicStmnt CovItemId="S226" CovItemPrefix="csse376_puerto_rico.GameBoardGUI.java" Intrnl_Id="1135">
<LocList>
<Loc EndOffset="16369" SrcFileId="7" StartOffset="16328"/>
</LocList>
</BasicStmnt>
</StmntSeq>
<Keyword EndOffset="14428" SrcFileId="7" StartOffset="14425"/>
<LocList>
<Loc EndOffset="16377" SrcFileId="7" StartOffset="14425"/>
</LocList>
<RootTerm CovItemId="C39" CovItemPrefix="csse376_puerto_rico.GameBoardGUI.java" Intrnl_Id="1136">
<BasicBoolTerm Intrnl_Id="1137">
<LocList>
<Loc EndOffset="14459" SrcFileId="7" StartOffset="14441"/>
</LocList>
</BasicBoolTerm>
</RootTerm>
</LoopStmnt>
</StmntSeq>
</Branch>
<Branch CovItemId="B56" CovItemPrefix="csse376_puerto_rico.GameBoardGUI.java" Implct="false" Intrnl_Id="1138">
<Cond>
<Loc EndOffset="16387" SrcFileId="7" StartOffset="16383"/>
</Cond>
<LocList>
<Loc EndOffset="22501" SrcFileId="7" StartOffset="16388"/>
</LocList>
<StmntSeq Intrnl_Id="1139">
<LocList>
<Loc EndOffset="22501" SrcFileId="7" StartOffset="16388"/>
</LocList>
<CondStmnt CovItemId="S227" CovItemPrefix="csse376_puerto_rico.GameBoardGUI.java" Intrnl_Id="1140">
<Branch CovItemId="B77" CovItemPrefix="csse376_puerto_rico.GameBoardGUI.java" Implct="false" Intrnl_Id="1141">
<Cond/>
<LocList>
<Loc EndOffset="22377" SrcFileId="7" StartOffset="16426"/>
</LocList>
<StmntSeq Intrnl_Id="1142">
<LocList>
<Loc EndOffset="18512" SrcFileId="7" StartOffset="16434"/>
<Loc EndOffset="18596" SrcFileId="7" StartOffset="18517"/>
<Loc EndOffset="22370" SrcFileId="7" StartOffset="18624"/>
</LocList>
<LoopStmnt CovItemId="S228" CovItemPrefix="csse376_puerto_rico.GameBoardGUI.java" Intrnl_Id="1143" MltplExecId="L14-2" MltplExecPrefix="csse376_puerto_rico.GameBoardGUI.java" NvrExecId="L14-0" NvrExecPrefix="csse376_puerto_rico.GameBoardGUI.java" OnceExecutedId="L14-1" OnceExecutedPrefix="csse376_puerto_rico.GameBoardGUI.java" OptBodyExec="true">
<StmntSeq Intrnl_Id="1144">
<LocList>
<Loc EndOffset="16507" SrcFileId="7" StartOffset="16477"/>
<Loc EndOffset="18390" SrcFileId="7" StartOffset="16513"/>
<Loc EndOffset="18423" SrcFileId="7" StartOffset="18398"/>
<Loc EndOffset="18457" SrcFileId="7" StartOffset="18431"/>
<Loc EndOffset="18504" SrcFileId="7" StartOffset="18463"/>
</LocList>
<BasicStmnt CovItemId="S229" CovItemPrefix="csse376_puerto_rico.GameBoardGUI.java" Intrnl_Id="1145">
<LocList>
<Loc EndOffset="16507" SrcFileId="7" StartOffset="16477"/>
</LocList>
</BasicStmnt>
<CondStmnt CovItemId="S230" CovItemPrefix="csse376_puerto_rico.GameBoardGUI.java" Intrnl_Id="1146">
<Branch CovItemId="B79" CovItemPrefix="csse376_puerto_rico.GameBoardGUI.java" Implct="false" Intrnl_Id="1147">
<Cond/>
<LocList>
<Loc EndOffset="18390" SrcFileId="7" StartOffset="16552"/>
</LocList>
<StmntSeq Intrnl_Id="1148">
<LocList>
<Loc EndOffset="16613" SrcFileId="7" StartOffset="16560"/>
<Loc EndOffset="16763" SrcFileId="7" StartOffset="16620"/>
<Loc EndOffset="16795" SrcFileId="7" StartOffset="16770"/>
<Loc EndOffset="16842" SrcFileId="7" StartOffset="16804"/>
<Loc EndOffset="18383" SrcFileId="7" StartOffset="16849"/>
</LocList>
<BasicStmnt CovItemId="S231" CovItemPrefix="csse376_puerto_rico.GameBoardGUI.java" Intrnl_Id="1149">
<LocList>
<Loc EndOffset="16613" SrcFileId="7" StartOffset="16560"/>
</LocList>
</BasicStmnt>
<LoopStmnt CovItemId="S232" CovItemPrefix="csse376_puerto_rico.GameBoardGUI.java" Intrnl_Id="1150" MltplExecId="L15-2" MltplExecPrefix="csse376_puerto_rico.GameBoardGUI.java" NvrExecId="L15-0" NvrExecPrefix="csse376_puerto_rico.GameBoardGUI.java" OnceExecutedId="L15-1" OnceExecutedPrefix="csse376_puerto_rico.GameBoardGUI.java" OptBodyExec="true">
<StmntSeq Intrnl_Id="1151">
<LocList>
<Loc EndOffset="16701" SrcFileId="7" StartOffset="16667"/>
<Loc EndOffset="16755" SrcFileId="7" StartOffset="16709"/>
</LocList>
<BasicStmnt CovItemId="S233" CovItemPrefix="csse376_puerto_rico.GameBoardGUI.java" Intrnl_Id="1152">
<LocList>
<Loc EndOffset="16701" SrcFileId="7" StartOffset="16667"/>
</LocList>
</BasicStmnt>
<CondStmnt CovItemId="S234" CovItemPrefix="csse376_puerto_rico.GameBoardGUI.java" Intrnl_Id="1153">
<Branch CovItemId="B81" CovItemPrefix="csse376_puerto_rico.GameBoardGUI.java" Implct="false" Intrnl_Id="1154">
<Cond/>
<LocList>
<Loc EndOffset="16755" SrcFileId="7" StartOffset="16720"/>
</LocList>
<StmntSeq Intrnl_Id="1155">
<LocList>
<Loc EndOffset="16746" SrcFileId="7" StartOffset="16730"/>
</LocList>
<BasicStmnt CovItemId="S235" CovItemPrefix="csse376_puerto_rico.GameBoardGUI.java" Intrnl_Id="1156">
<LocList>
<Loc EndOffset="16746" SrcFileId="7" StartOffset="16730"/>
</LocList>
</BasicStmnt>
</StmntSeq>
</Branch>
<Branch CovItemId="B82" CovItemPrefix="csse376_puerto_rico.GameBoardGUI.java" Implct="true" Intrnl_Id="1157">
<Cond/>
<LocList/>
<StmntSeq Intrnl_Id="1158">
<LocList/>
</StmntSeq>
</Branch>
<Keyword EndOffset="16711" SrcFileId="7" StartOffset="16709"/>
<LocList>
<Loc EndOffset="16755" SrcFileId="7" StartOffset="16709"/>
</LocList>
<RootTerm CovItemId="C53" CovItemPrefix="csse376_puerto_rico.GameBoardGUI.java" Intrnl_Id="1159">
<BasicBoolTerm Intrnl_Id="1160">
<LocList>
<Loc EndOffset="16718" SrcFileId="7" StartOffset="16713"/>
</LocList>
</BasicBoolTerm>
</RootTerm>
</CondStmnt>
</StmntSeq>
<Keyword EndOffset="16623" SrcFileId="7" StartOffset="16620"/>
<LocList>
<Loc EndOffset="16763" SrcFileId="7" StartOffset="16620"/>
</LocList>
</LoopStmnt>
<BasicStmnt CovItemId="S236" CovItemPrefix="csse376_puerto_rico.GameBoardGUI.java" Intrnl_Id="1161">
<LocList>
<Loc EndOffset="16795" SrcFileId="7" StartOffset="16770"/>
</LocList>
</BasicStmnt>
<BasicStmnt CovItemId="S237" CovItemPrefix="csse376_puerto_rico.GameBoardGUI.java" Intrnl_Id="1162">
<LocList>
<Loc EndOffset="16842" SrcFileId="7" StartOffset="16804"/>
</LocList>
</BasicStmnt>
<LoopStmnt CovItemId="S238" CovItemPrefix="csse376_puerto_rico.GameBoardGUI.java" Intrnl_Id="1163" MltplExecId="L16-2" MltplExecPrefix="csse376_puerto_rico.GameBoardGUI.java" NvrExecId="L16-0" NvrExecPrefix="csse376_puerto_rico.GameBoardGUI.java" OnceExecutedId="L16-1" OnceExecutedPrefix="csse376_puerto_rico.GameBoardGUI.java" OptBodyExec="true">
<StmntSeq Intrnl_Id="1164">
<LocList>
<Loc EndOffset="17134" SrcFileId="7" StartOffset="16876"/>
<Loc EndOffset="17181" SrcFileId="7" StartOffset="17144"/>
<Loc EndOffset="17208" SrcFileId="7" StartOffset="17189"/>
<Loc EndOffset="17235" SrcFileId="7" StartOffset="17216"/>
<Loc EndOffset="17262" SrcFileId="7" StartOffset="17243"/>
<Loc EndOffset="17309" SrcFileId="7" StartOffset="17272"/>
<Loc EndOffset="17608" SrcFileId="7" StartOffset="17317"/>
<Loc EndOffset="17659" SrcFileId="7" StartOffset="17616"/>
<Loc EndOffset="17718" SrcFileId="7" StartOffset="17667"/>
<Loc EndOffset="17835" SrcFileId="7" StartOffset="17728"/>
<Loc EndOffset="18375" SrcFileId="7" StartOffset="17843"/>
</LocList>
<BasicStmnt CovItemId="S239" CovItemPrefix="csse376_puerto_rico.GameBoardGUI.java" Intrnl_Id="1165">
<LocList>
<Loc EndOffset="17134" SrcFileId="7" StartOffset="16876"/>
</LocList>
</BasicStmnt>
<BasicStmnt CovItemId="S240" CovItemPrefix="csse376_puerto_rico.GameBoardGUI.java" Intrnl_Id="1166">
<LocList>
<Loc EndOffset="17181" SrcFileId="7" StartOffset="17144"/>
</LocList>
</BasicStmnt>
<BasicStmnt CovItemId="S241" CovItemPrefix="csse376_puerto_rico.GameBoardGUI.java" Intrnl_Id="1167">
<LocList>
<Loc EndOffset="17208" SrcFileId="7" StartOffset="17189"/>
</LocList>
</BasicStmnt>
<BasicStmnt CovItemId="S242" CovItemPrefix="csse376_puerto_rico.GameBoardGUI.java" Intrnl_Id="1168">
<LocList>
<Loc EndOffset="17235" SrcFileId="7" StartOffset="17216"/>
</LocList>
</BasicStmnt>
<BasicStmnt CovItemId="S243" CovItemPrefix="csse376_puerto_rico.GameBoardGUI.java" Intrnl_Id="1169">
<LocList>
<Loc EndOffset="17262" SrcFileId="7" StartOffset="17243"/>
</LocList>
</BasicStmnt>
<BasicStmnt CovItemId="S244" CovItemPrefix="csse376_puerto_rico.GameBoardGUI.java" Intrnl_Id="1170">
<LocList>
<Loc EndOffset="17309" SrcFileId="7" StartOffset="17272"/>
</LocList>
</BasicStmnt>
<BasicStmnt CovItemId="S245" CovItemPrefix="csse376_puerto_rico.GameBoardGUI.java" Intrnl_Id="1171">
<LocList>
<Loc EndOffset="17608" SrcFileId="7" StartOffset="17317"/>
</LocList>
</BasicStmnt>
<BasicStmnt CovItemId="S246" CovItemPrefix="csse376_puerto_rico.GameBoardGUI.java" Intrnl_Id="1172">
<LocList>
<Loc EndOffset="17659" SrcFileId="7" StartOffset="17616"/>
</LocList>
</BasicStmnt>
<BasicStmnt CovItemId="S247" CovItemPrefix="csse376_puerto_rico.GameBoardGUI.java" Intrnl_Id="1173">
<LocList>
<Loc EndOffset="17718" SrcFileId="7" StartOffset="17667"/>
</LocList>
</BasicStmnt>
<BasicStmnt CovItemId="S248" CovItemPrefix="csse376_puerto_rico.GameBoardGUI.java" Intrnl_Id="1174">
<LocList>
<Loc EndOffset="17835" SrcFileId="7" StartOffset="17728"/>
</LocList>
</BasicStmnt>
<CondStmnt CovItemId="S249" CovItemPrefix="csse376_puerto_rico.GameBoardGUI.java" Intrnl_Id="1175">
<Branch CovItemId="B83" CovItemPrefix="csse376_puerto_rico.GameBoardGUI.java" Implct="false" Intrnl_Id="1176">
<Cond/>
<LocList>
<Loc EndOffset="18275" SrcFileId="7" StartOffset="17864"/>
</LocList>
<StmntSeq Intrnl_Id="1177">
<LocList>
<Loc EndOffset="17911" SrcFileId="7" StartOffset="17874"/>
<Loc EndOffset="17970" SrcFileId="7" StartOffset="17920"/>
<Loc EndOffset="18018" SrcFileId="7" StartOffset="17979"/>
<Loc EndOffset="18112" SrcFileId="7" StartOffset="18027"/>
<Loc EndOffset="18241" SrcFileId="7" StartOffset="18121"/>
<Loc EndOffset="18266" SrcFileId="7" StartOffset="18250"/>
</LocList>
<BasicStmnt CovItemId="S250" CovItemPrefix="csse376_puerto_rico.GameBoardGUI.java" Intrnl_Id="1178">
<LocList>
<Loc EndOffset="17911" SrcFileId="7" StartOffset="17874"/>
</LocList>
</BasicStmnt>
<BasicStmnt CovItemId="S251" CovItemPrefix="csse376_puerto_rico.GameBoardGUI.java" Intrnl_Id="1179">
<LocList>
<Loc EndOffset="17970" SrcFileId="7" StartOffset="17920"/>
</LocList>
</BasicStmnt>
<BasicStmnt CovItemId="S252" CovItemPrefix="csse376_puerto_rico.GameBoardGUI.java" Intrnl_Id="1180">
<LocList>
<Loc EndOffset="18018" SrcFileId="7" StartOffset="17979"/>
</LocList>
</BasicStmnt>
<BasicStmnt CovItemId="S253" CovItemPrefix="csse376_puerto_rico.GameBoardGUI.java" Intrnl_Id="1181">
<LocList>
<Loc EndOffset="18112" SrcFileId="7" StartOffset="18027"/>
</LocList>
</BasicStmnt>
<CondStmnt CovItemId="S254" CovItemPrefix="csse376_puerto_rico.GameBoardGUI.java" Intrnl_Id="1182">
<Branch CovItemId="B85" CovItemPrefix="csse376_puerto_rico.GameBoardGUI.java" Implct="false" Intrnl_Id="1183">
<Cond/>
<LocList>
<Loc EndOffset="18241" SrcFileId="7" StartOffset="18164"/>
</LocList>
<StmntSeq Intrnl_Id="1184">
<LocList>
<Loc EndOffset="18195" SrcFileId="7" StartOffset="18175"/>
<Loc EndOffset="18231" SrcFileId="7" StartOffset="18205"/>
</LocList>
<BasicStmnt CovItemId="S255" CovItemPrefix="csse376_puerto_rico.GameBoardGUI.java" Intrnl_Id="1185">
<LocList>
<Loc EndOffset="18195" SrcFileId="7" StartOffset="18175"/>
</LocList>
</BasicStmnt>
<BasicStmnt CovItemId="S256" CovItemPrefix="csse376_puerto_rico.GameBoardGUI.java" Intrnl_Id="1186">
<LocList>
<Loc EndOffset="18231" SrcFileId="7" StartOffset="18205"/>
</LocList>
</BasicStmnt>
</StmntSeq>
</Branch>
<Branch CovItemId="B86" CovItemPrefix="csse376_puerto_rico.GameBoardGUI.java" Implct="true" Intrnl_Id="1187">
<Cond/>
<LocList/>
<StmntSeq Intrnl_Id="1188">
<LocList/>
</StmntSeq>
</Branch>
<Keyword EndOffset="18123" SrcFileId="7" StartOffset="18121"/>
<LocList>
<Loc EndOffset="18241" SrcFileId="7" StartOffset="18121"/>
</LocList>
<RootTerm CovItemId="C56" CovItemPrefix="csse376_puerto_rico.GameBoardGUI.java" Intrnl_Id="1189">
<BasicBoolTerm Intrnl_Id="1190">
<LocList>
<Loc EndOffset="18162" SrcFileId="7" StartOffset="18125"/>
</LocList>
</BasicBoolTerm>
</RootTerm>
</CondStmnt>
<BasicStmnt CovItemId="S257" CovItemPrefix="csse376_puerto_rico.GameBoardGUI.java" Intrnl_Id="1191">
<LocList>
<Loc EndOffset="18266" SrcFileId="7" StartOffset="18250"/>
</LocList>
</BasicStmnt>
</StmntSeq>
</Branch>
<Branch CovItemId="B84" CovItemPrefix="csse376_puerto_rico.GameBoardGUI.java" Implct="false" Intrnl_Id="1192">
<Cond>
<Loc EndOffset="18280" SrcFileId="7" StartOffset="18276"/>
</Cond>
<LocList>
<Loc EndOffset="18375" SrcFileId="7" StartOffset="18281"/>
</LocList>
<StmntSeq Intrnl_Id="1193">
<LocList>
<Loc EndOffset="18366" SrcFileId="7" StartOffset="18291"/>
</LocList>
<BasicStmnt CovItemId="S258" CovItemPrefix="csse376_puerto_rico.GameBoardGUI.java" Intrnl_Id="1194">
<LocList>
<Loc EndOffset="18366" SrcFileId="7" StartOffset="18291"/>
</LocList>
</BasicStmnt>
</StmntSeq>
</Branch>
<Keyword EndOffset="17845" SrcFileId="7" StartOffset="17843"/>
<LocList>
<Loc EndOffset="18375" SrcFileId="7" StartOffset="17843"/>
</LocList>
<RootTerm CovItemId="C55" CovItemPrefix="csse376_puerto_rico.GameBoardGUI.java" Intrnl_Id="1195">
<BasicBoolTerm Intrnl_Id="1196">
<LocList>
<Loc EndOffset="17862" SrcFileId="7" StartOffset="17847"/>
</LocList>
</BasicBoolTerm>
</RootTerm>
</CondStmnt>
</StmntSeq>
<Keyword EndOffset="16854" SrcFileId="7" StartOffset="16849"/>
<LocList>
<Loc EndOffset="18383" SrcFileId="7" StartOffset="16849"/>
</LocList>
<RootTerm CovItemId="C54" CovItemPrefix="csse376_puerto_rico.GameBoardGUI.java" Intrnl_Id="1197">
<OpTerm BooleanOpId="11" Intrnl_Id="1198">
<BasicBoolTerm Intrnl_Id="1199">
<LocList>
<Loc EndOffset="16865" SrcFileId="7" StartOffset="16857"/>
</LocList>
</BasicBoolTerm>
<LocList>
<Loc EndOffset="16857" SrcFileId="7" StartOffset="16856"/>
</LocList>
</OpTerm>
</RootTerm>
</LoopStmnt>
</StmntSeq>
</Branch>
<Branch CovItemId="B80" CovItemPrefix="csse376_puerto_rico.GameBoardGUI.java" Implct="true" Intrnl_Id="1200">
<Cond/>
<LocList/>
<StmntSeq Intrnl_Id="1201">
<LocList/>
</StmntSeq>
</Branch>
<Keyword EndOffset="16515" SrcFileId="7" StartOffset="16513"/>
<LocList>
<Loc EndOffset="18390" SrcFileId="7" StartOffset="16513"/>
</LocList>
<RootTerm CovItemId="C52" CovItemPrefix="csse376_puerto_rico.GameBoardGUI.java" Intrnl_Id="1202">
<BasicBoolTerm Intrnl_Id="1203">
<LocList>
<Loc EndOffset="16550" SrcFileId="7" StartOffset="16517"/>
</LocList>
</BasicBoolTerm>
</RootTerm>
</CondStmnt>
<BasicStmnt CovItemId="S259" CovItemPrefix="csse376_puerto_rico.GameBoardGUI.java" Intrnl_Id="1204">
<LocList>
<Loc EndOffset="18423" SrcFileId="7" StartOffset="18398"/>
</LocList>
</BasicStmnt>
<BasicStmnt CovItemId="S260" CovItemPrefix="csse376_puerto_rico.GameBoardGUI.java" Intrnl_Id="1205">
<LocList>
<Loc EndOffset="18457" SrcFileId="7" StartOffset="18431"/>
</LocList>
</BasicStmnt>
<BasicStmnt CovItemId="S261" CovItemPrefix="csse376_puerto_rico.GameBoardGUI.java" Intrnl_Id="1206">
<LocList>
<Loc EndOffset="18504" SrcFileId="7" StartOffset="18463"/>
</LocList>
</BasicStmnt>
</StmntSeq>
<Keyword EndOffset="16439" SrcFileId="7" StartOffset="16434"/>
<LocList>
<Loc EndOffset="18512" SrcFileId="7" StartOffset="16434"/>
</LocList>
<RootTerm CovItemId="C51" CovItemPrefix="csse376_puerto_rico.GameBoardGUI.java" Intrnl_Id="1207">
<BasicBoolTerm Intrnl_Id="1208">
<LocList>
<Loc EndOffset="16468" SrcFileId="7" StartOffset="16441"/>
</LocList>
</BasicBoolTerm>
</RootTerm>
</LoopStmnt>
<CondStmnt CovItemId="S262" CovItemPrefix="csse376_puerto_rico.GameBoardGUI.java" Intrnl_Id="1209">
<Branch CovItemId="B87" CovItemPrefix="csse376_puerto_rico.GameBoardGUI.java" Implct="false" Intrnl_Id="1210">
<Cond/>
<LocList>
<Loc EndOffset="18596" SrcFileId="7" StartOffset="18551"/>
</LocList>
<StmntSeq Intrnl_Id="1211">
<LocList>
<Loc EndOffset="18590" SrcFileId="7" StartOffset="18558"/>
</LocList>
<BasicStmnt CovItemId="S263" CovItemPrefix="csse376_puerto_rico.GameBoardGUI.java" Intrnl_Id="1212">
<LocList>
<Loc EndOffset="18590" SrcFileId="7" StartOffset="18558"/>
</LocList>
</BasicStmnt>
</StmntSeq>
</Branch>
<Branch CovItemId="B88" CovItemPrefix="csse376_puerto_rico.GameBoardGUI.java" Implct="true" Intrnl_Id="1213">
<Cond/>
<LocList/>
<StmntSeq Intrnl_Id="1214">
<LocList/>
</StmntSeq>
</Branch>
<Keyword EndOffset="18519" SrcFileId="7" StartOffset="18517"/>
<LocList>
<Loc EndOffset="18596" SrcFileId="7" StartOffset="18517"/>
</LocList>
<RootTerm CovItemId="C57" CovItemPrefix="csse376_puerto_rico.GameBoardGUI.java" Intrnl_Id="1215">
<BasicBoolTerm Intrnl_Id="1216">
<LocList>
<Loc EndOffset="18549" SrcFileId="7" StartOffset="18521"/>
</LocList>
</BasicBoolTerm>
</RootTerm>
</CondStmnt>
<LoopStmnt CovItemId="S264" CovItemPrefix="csse376_puerto_rico.GameBoardGUI.java" Intrnl_Id="1217" MltplExecId="L17-2" MltplExecPrefix="csse376_puerto_rico.GameBoardGUI.java" NvrExecId="L17-0" NvrExecPrefix="csse376_puerto_rico.GameBoardGUI.java" OnceExecutedId="L17-1" OnceExecutedPrefix="csse376_puerto_rico.GameBoardGUI.java" OptBodyExec="true">
<StmntSeq Intrnl_Id="1218">
<LocList>
<Loc EndOffset="18702" SrcFileId="7" StartOffset="18672"/>
<Loc EndOffset="18763" SrcFileId="7" StartOffset="18710"/>
<Loc EndOffset="18907" SrcFileId="7" StartOffset="18769"/>
<Loc EndOffset="18937" SrcFileId="7" StartOffset="18913"/>
<Loc EndOffset="18981" SrcFileId="7" StartOffset="18943"/>
<Loc EndOffset="19043" SrcFileId="7" StartOffset="18989"/>
<Loc EndOffset="19291" SrcFileId="7" StartOffset="19049"/>
<Loc EndOffset="19460" SrcFileId="7" StartOffset="19299"/>
<Loc EndOffset="21282" SrcFileId="7" StartOffset="19468"/>
<Loc EndOffset="22181" SrcFileId="7" StartOffset="21288"/>
<Loc EndOffset="22252" SrcFileId="7" StartOffset="22189"/>
<Loc EndOffset="22285" SrcFileId="7" StartOffset="22260"/>
<Loc EndOffset="22317" SrcFileId="7" StartOffset="22291"/>
<Loc EndOffset="22364" SrcFileId="7" StartOffset="22323"/>
</LocList>
<BasicStmnt CovItemId="S265" CovItemPrefix="csse376_puerto_rico.GameBoardGUI.java" Intrnl_Id="1219">
<LocList>
<Loc EndOffset="18702" SrcFileId="7" StartOffset="18672"/>
</LocList>
</BasicStmnt>
<BasicStmnt CovItemId="S266" CovItemPrefix="csse376_puerto_rico.GameBoardGUI.java" Intrnl_Id="1220">
<LocList>
<Loc EndOffset="18763" SrcFileId="7" StartOffset="18710"/>
</LocList>
</BasicStmnt>
<LoopStmnt CovItemId="S267" CovItemPrefix="csse376_puerto_rico.GameBoardGUI.java" Intrnl_Id="1221" MltplExecId="L18-2" MltplExecPrefix="csse376_puerto_rico.GameBoardGUI.java" NvrExecId="L18-0" NvrExecPrefix="csse376_puerto_rico.GameBoardGUI.java" OnceExecutedId="L18-1" OnceExecutedPrefix="csse376_puerto_rico.GameBoardGUI.java" OptBodyExec="true">
<StmntSeq Intrnl_Id="1222">
<LocList>
<Loc EndOffset="18849" SrcFileId="7" StartOffset="18815"/>
<Loc EndOffset="18900" SrcFileId="7" StartOffset="18856"/>
</LocList>
<BasicStmnt CovItemId="S268" CovItemPrefix="csse376_puerto_rico.GameBoardGUI.java" Intrnl_Id="1223">
<LocList>
<Loc EndOffset="18849" SrcFileId="7" StartOffset="18815"/>
</LocList>
</BasicStmnt>
<CondStmnt CovItemId="S269" CovItemPrefix="csse376_puerto_rico.GameBoardGUI.java" Intrnl_Id="1224">
<Branch CovItemId="B89" CovItemPrefix="csse376_puerto_rico.GameBoardGUI.java" Implct="false" Intrnl_Id="1225">
<Cond/>
<LocList>
<Loc EndOffset="18900" SrcFileId="7" StartOffset="18867"/>
</LocList>
<StmntSeq Intrnl_Id="1226">
<LocList>
<Loc EndOffset="18892" SrcFileId="7" StartOffset="18876"/>
</LocList>
<BasicStmnt CovItemId="S270" CovItemPrefix="csse376_puerto_rico.GameBoardGUI.java" Intrnl_Id="1227">
<LocList>
<Loc EndOffset="18892" SrcFileId="7" StartOffset="18876"/>
</LocList>
</BasicStmnt>
</StmntSeq>
</Branch>
<Branch CovItemId="B90" CovItemPrefix="csse376_puerto_rico.GameBoardGUI.java" Implct="true" Intrnl_Id="1228">
<Cond/>
<LocList/>
<StmntSeq Intrnl_Id="1229">
<LocList/>
</StmntSeq>
</Branch>
<Keyword EndOffset="18858" SrcFileId="7" StartOffset="18856"/>
<LocList>
<Loc EndOffset="18900" SrcFileId="7" StartOffset="18856"/>
</LocList>
<RootTerm CovItemId="C59" CovItemPrefix="csse376_puerto_rico.GameBoardGUI.java" Intrnl_Id="1230">
<BasicBoolTerm Intrnl_Id="1231">
<LocList>
<Loc EndOffset="18865" SrcFileId="7" StartOffset="18860"/>
</LocList>
</BasicBoolTerm>
</RootTerm>
</CondStmnt>
</StmntSeq>
<Keyword EndOffset="18772" SrcFileId="7" StartOffset="18769"/>
<LocList>
<Loc EndOffset="18907" SrcFileId="7" StartOffset="18769"/>
</LocList>
</LoopStmnt>
<BasicStmnt CovItemId="S271" CovItemPrefix="csse376_puerto_rico.GameBoardGUI.java" Intrnl_Id="1232">
<LocList>
<Loc EndOffset="18937" SrcFileId="7" StartOffset="18913"/>
</LocList>
</BasicStmnt>
<BasicStmnt CovItemId="S272" CovItemPrefix="csse376_puerto_rico.GameBoardGUI.java" Intrnl_Id="1233">
<LocList>
<Loc EndOffset="18981" SrcFileId="7" StartOffset="18943"/>
</LocList>
</BasicStmnt>
<BasicStmnt CovItemId="S273" CovItemPrefix="csse376_puerto_rico.GameBoardGUI.java" Intrnl_Id="1234">
<LocList>
<Loc EndOffset="19043" SrcFileId="7" StartOffset="18989"/>
</LocList>
</BasicStmnt>
<BasicStmnt CovItemId="S274" CovItemPrefix="csse376_puerto_rico.GameBoardGUI.java" Intrnl_Id="1235">
<LocList>
<Loc EndOffset="19291" SrcFileId="7" StartOffset="19049"/>
</LocList>
</BasicStmnt>
<CondStmnt CovItemId="S275" CovItemPrefix="csse376_puerto_rico.GameBoardGUI.java" Intrnl_Id="1236">
<Branch CovItemId="B91" CovItemPrefix="csse376_puerto_rico.GameBoardGUI.java" Implct="false" Intrnl_Id="1237">
<Cond/>
<LocList>
<Loc EndOffset="19460" SrcFileId="7" StartOffset="19331"/>
</LocList>
<StmntSeq Intrnl_Id="1238">
<LocList>
<Loc EndOffset="19382" SrcFileId="7" StartOffset="19339"/>
<Loc EndOffset="19415" SrcFileId="7" StartOffset="19389"/>
<Loc EndOffset="19453" SrcFileId="7" StartOffset="19422"/>
</LocList>
<BasicStmnt CovItemId="S276" CovItemPrefix="csse376_puerto_rico.GameBoardGUI.java" Intrnl_Id="1239">
<LocList>
<Loc EndOffset="19382" SrcFileId="7" StartOffset="19339"/>
</LocList>
</BasicStmnt>
<BasicStmnt CovItemId="S277" CovItemPrefix="csse376_puerto_rico.GameBoardGUI.java" Intrnl_Id="1240">
<LocList>
<Loc EndOffset="19415" SrcFileId="7" StartOffset="19389"/>
</LocList>
</BasicStmnt>
<BasicStmnt CovItemId="S278" CovItemPrefix="csse376_puerto_rico.GameBoardGUI.java" Intrnl_Id="1241">
<LocList>
<Loc EndOffset="19453" SrcFileId="7" StartOffset="19422"/>
</LocList>
</BasicStmnt>
</StmntSeq>
</Branch>
<Branch CovItemId="B92" CovItemPrefix="csse376_puerto_rico.GameBoardGUI.java" Implct="true" Intrnl_Id="1242">
<Cond/>
<LocList/>
<StmntSeq Intrnl_Id="1243">
<LocList/>
</StmntSeq>
</Branch>
<Keyword EndOffset="19301" SrcFileId="7" StartOffset="19299"/>
<LocList>
<Loc EndOffset="19460" SrcFileId="7" StartOffset="19299"/>
</LocList>
<RootTerm CovItemId="C60" CovItemPrefix="csse376_puerto_rico.GameBoardGUI.java" Intrnl_Id="1244">
<BasicBoolTerm Intrnl_Id="1245">
<LocList>
<Loc EndOffset="19329" SrcFileId="7" StartOffset="19303"/>
</LocList>
</BasicBoolTerm>
</RootTerm>
</CondStmnt>
<CondStmnt CovItemId="S279" CovItemPrefix="csse376_puerto_rico.GameBoardGUI.java" Intrnl_Id="1246">
<Branch CovItemId="B93" CovItemPrefix="csse376_puerto_rico.GameBoardGUI.java" Implct="false" Intrnl_Id="1247">
<Cond/>
<LocList>
<Loc EndOffset="21282" SrcFileId="7" StartOffset="19520"/>
</LocList>
<StmntSeq Intrnl_Id="1248">
<LocList>
<Loc EndOffset="19563" SrcFileId="7" StartOffset="19528"/>
<Loc EndOffset="19713" SrcFileId="7" StartOffset="19570"/>
<Loc EndOffset="19744" SrcFileId="7" StartOffset="19720"/>
<Loc EndOffset="19780" SrcFileId="7" StartOffset="19751"/>
<Loc EndOffset="20047" SrcFileId="7" StartOffset="19787"/>
<Loc EndOffset="20395" SrcFileId="7" StartOffset="20054"/>
<Loc EndOffset="20437" SrcFileId="7" StartOffset="20402"/>
<Loc EndOffset="20587" SrcFileId="7" StartOffset="20444"/>
<Loc EndOffset="20618" SrcFileId="7" StartOffset="20594"/>
<Loc EndOffset="20654" SrcFileId="7" StartOffset="20625"/>
<Loc EndOffset="20922" SrcFileId="7" StartOffset="20661"/>
<Loc EndOffset="21275" SrcFileId="7" StartOffset="20931"/>
</LocList>
<BasicStmnt CovItemId="S280" CovItemPrefix="csse376_puerto_rico.GameBoardGUI.java" Intrnl_Id="1249">
<LocList>
<Loc EndOffset="19563" SrcFileId="7" StartOffset="19528"/>
</LocList>
</BasicStmnt>
<LoopStmnt CovItemId="S281" CovItemPrefix="csse376_puerto_rico.GameBoardGUI.java" Intrnl_Id="1250" MltplExecId="L19-2" MltplExecPrefix="csse376_puerto_rico.GameBoardGUI.java" NvrExecId="L19-0" NvrExecPrefix="csse376_puerto_rico.GameBoardGUI.java" OnceExecutedId="L19-1" OnceExecutedPrefix="csse376_puerto_rico.GameBoardGUI.java" OptBodyExec="true">
<StmntSeq Intrnl_Id="1251">
<LocList>
<Loc EndOffset="19651" SrcFileId="7" StartOffset="19617"/>
<Loc EndOffset="19705" SrcFileId="7" StartOffset="19659"/>
</LocList>
<BasicStmnt CovItemId="S282" CovItemPrefix="csse376_puerto_rico.GameBoardGUI.java" Intrnl_Id="1252">
<LocList>
<Loc EndOffset="19651" SrcFileId="7" StartOffset="19617"/>
</LocList>
</BasicStmnt>
<CondStmnt CovItemId="S283" CovItemPrefix="csse376_puerto_rico.GameBoardGUI.java" Intrnl_Id="1253">
<Branch CovItemId="B95" CovItemPrefix="csse376_puerto_rico.GameBoardGUI.java" Implct="false" Intrnl_Id="1254">
<Cond/>
<LocList>
<Loc EndOffset="19705" SrcFileId="7" StartOffset="19670"/>
</LocList>
<StmntSeq Intrnl_Id="1255">
<LocList>
<Loc EndOffset="19696" SrcFileId="7" StartOffset="19680"/>
</LocList>
<BasicStmnt CovItemId="S284" CovItemPrefix="csse376_puerto_rico.GameBoardGUI.java" Intrnl_Id="1256">
<LocList>
<Loc EndOffset="19696" SrcFileId="7" StartOffset="19680"/>
</LocList>
</BasicStmnt>
</StmntSeq>
</Branch>
<Branch CovItemId="B96" CovItemPrefix="csse376_puerto_rico.GameBoardGUI.java" Implct="true" Intrnl_Id="1257">
<Cond/>
<LocList/>
<StmntSeq Intrnl_Id="1258">
<LocList/>
</StmntSeq>
</Branch>
<Keyword EndOffset="19661" SrcFileId="7" StartOffset="19659"/>
<LocList>
<Loc EndOffset="19705" SrcFileId="7" StartOffset="19659"/>
</LocList>
<RootTerm CovItemId="C62" CovItemPrefix="csse376_puerto_rico.GameBoardGUI.java" Intrnl_Id="1259">
<BasicBoolTerm Intrnl_Id="1260">
<LocList>
<Loc EndOffset="19668" SrcFileId="7" StartOffset="19663"/>
</LocList>
</BasicBoolTerm>
</RootTerm>
</CondStmnt>
</StmntSeq>
<Keyword EndOffset="19573" SrcFileId="7" StartOffset="19570"/>
<LocList>
<Loc EndOffset="19713" SrcFileId="7" StartOffset="19570"/>
</LocList>
</LoopStmnt>
<BasicStmnt CovItemId="S285" CovItemPrefix="csse376_puerto_rico.GameBoardGUI.java" Intrnl_Id="1261">
<LocList>
<Loc EndOffset="19744" SrcFileId="7" StartOffset="19720"/>
</LocList>
</BasicStmnt>
<BasicStmnt CovItemId="S286" CovItemPrefix="csse376_puerto_rico.GameBoardGUI.java" Intrnl_Id="1262">
<LocList>
<Loc EndOffset="19780" SrcFileId="7" StartOffset="19751"/>
</LocList>
</BasicStmnt>
<BasicStmnt CovItemId="S287" CovItemPrefix="csse376_puerto_rico.GameBoardGUI.java" Intrnl_Id="1263">
<LocList>
<Loc EndOffset="20047" SrcFileId="7" StartOffset="19787"/>
</LocList>
</BasicStmnt>
<CondStmnt CovItemId="S288" CovItemPrefix="csse376_puerto_rico.GameBoardGUI.java" Intrnl_Id="1264">
<Branch CovItemId="B97" CovItemPrefix="csse376_puerto_rico.GameBoardGUI.java" Implct="false" Intrnl_Id="1265">
<Cond/>
<LocList>
<Loc EndOffset="20395" SrcFileId="7" StartOffset="20091"/>
</LocList>
<StmntSeq Intrnl_Id="1266">
<LocList>
<Loc EndOffset="20148" SrcFileId="7" StartOffset="20100"/>
<Loc EndOffset="20182" SrcFileId="7" StartOffset="20156"/>
<Loc EndOffset="20221" SrcFileId="7" StartOffset="20190"/>
<Loc EndOffset="20320" SrcFileId="7" StartOffset="20229"/>
<Loc EndOffset="20387" SrcFileId="7" StartOffset="20328"/>
</LocList>
<BasicStmnt CovItemId="S289" CovItemPrefix="csse376_puerto_rico.GameBoardGUI.java" Intrnl_Id="1267">
<LocList>
<Loc EndOffset="20148" SrcFileId="7" StartOffset="20100"/>
</LocList>
</BasicStmnt>
<BasicStmnt CovItemId="S290" CovItemPrefix="csse376_puerto_rico.GameBoardGUI.java" Intrnl_Id="1268">
<LocList>
<Loc EndOffset="20182" SrcFileId="7" StartOffset="20156"/>
</LocList>
</BasicStmnt>
<BasicStmnt CovItemId="S291" CovItemPrefix="csse376_puerto_rico.GameBoardGUI.java" Intrnl_Id="1269">
<LocList>
<Loc EndOffset="20221" SrcFileId="7" StartOffset="20190"/>
</LocList>
</BasicStmnt>
<BasicStmnt CovItemId="S292" CovItemPrefix="csse376_puerto_rico.GameBoardGUI.java" Intrnl_Id="1270">
<LocList>
<Loc EndOffset="20320" SrcFileId="7" StartOffset="20229"/>
</LocList>
</BasicStmnt>
<BasicStmnt CovItemId="S293" CovItemPrefix="csse376_puerto_rico.GameBoardGUI.java" Intrnl_Id="1271">
<LocList>
<Loc EndOffset="20387" SrcFileId="7" StartOffset="20328"/>
</LocList>
</BasicStmnt>
</StmntSeq>
</Branch>
<Branch CovItemId="B98" CovItemPrefix="csse376_puerto_rico.GameBoardGUI.java" Implct="true" Intrnl_Id="1272">
<Cond/>
<LocList/>
<StmntSeq Intrnl_Id="1273">
<LocList/>
</StmntSeq>
</Branch>
<Keyword EndOffset="20056" SrcFileId="7" StartOffset="20054"/>
<LocList>
<Loc EndOffset="20395" SrcFileId="7" StartOffset="20054"/>
</LocList>
<RootTerm CovItemId="C63" CovItemPrefix="csse376_puerto_rico.GameBoardGUI.java" Intrnl_Id="1274">
<BasicBoolTerm Intrnl_Id="1275">
<LocList>
<Loc EndOffset="20089" SrcFileId="7" StartOffset="20058"/>
</LocList>
</BasicBoolTerm>
</RootTerm>
</CondStmnt>
<BasicStmnt CovItemId="S294" CovItemPrefix="csse376_puerto_rico.GameBoardGUI.java" Intrnl_Id="1276">
<LocList>
<Loc EndOffset="20437" SrcFileId="7" StartOffset="20402"/>
</LocList>
</BasicStmnt>
<LoopStmnt CovItemId="S295" CovItemPrefix="csse376_puerto_rico.GameBoardGUI.java" Intrnl_Id="1277" MltplExecId="L20-2" MltplExecPrefix="csse376_puerto_rico.GameBoardGUI.java" NvrExecId="L20-0" NvrExecPrefix="csse376_puerto_rico.GameBoardGUI.java" OnceExecutedId="L20-1" OnceExecutedPrefix="csse376_puerto_rico.GameBoardGUI.java" OptBodyExec="true">
<StmntSeq Intrnl_Id="1278">
<LocList>
<Loc EndOffset="20525" SrcFileId="7" StartOffset="20491"/>
<Loc EndOffset="20579" SrcFileId="7" StartOffset="20533"/>
</LocList>
<BasicStmnt CovItemId="S296" CovItemPrefix="csse376_puerto_rico.GameBoardGUI.java" Intrnl_Id="1279">
<LocList>
<Loc EndOffset="20525" SrcFileId="7" StartOffset="20491"/>
</LocList>
</BasicStmnt>
<CondStmnt CovItemId="S297" CovItemPrefix="csse376_puerto_rico.GameBoardGUI.java" Intrnl_Id="1280">
<Branch CovItemId="B99" CovItemPrefix="csse376_puerto_rico.GameBoardGUI.java" Implct="false" Intrnl_Id="1281">
<Cond/>
<LocList>
<Loc EndOffset="20579" SrcFileId="7" StartOffset="20544"/>
</LocList>
<StmntSeq Intrnl_Id="1282">
<LocList>
<Loc EndOffset="20570" SrcFileId="7" StartOffset="20554"/>
</LocList>
<BasicStmnt CovItemId="S298" CovItemPrefix="csse376_puerto_rico.GameBoardGUI.java" Intrnl_Id="1283">
<LocList>
<Loc EndOffset="20570" SrcFileId="7" StartOffset="20554"/>
</LocList>
</BasicStmnt>
</StmntSeq>
</Branch>
<Branch CovItemId="B100" CovItemPrefix="csse376_puerto_rico.GameBoardGUI.java" Implct="true" Intrnl_Id="1284">
<Cond/>
<LocList/>
<StmntSeq Intrnl_Id="1285">
<LocList/>
</StmntSeq>
</Branch>
<Keyword EndOffset="20535" SrcFileId="7" StartOffset="20533"/>
<LocList>
<Loc EndOffset="20579" SrcFileId="7" StartOffset="20533"/>
</LocList>
<RootTerm CovItemId="C64" CovItemPrefix="csse376_puerto_rico.GameBoardGUI.java" Intrnl_Id="1286">
<BasicBoolTerm Intrnl_Id="1287">
<LocList>
<Loc EndOffset="20542" SrcFileId="7" StartOffset="20537"/>
</LocList>
</BasicBoolTerm>
</RootTerm>
</CondStmnt>
</StmntSeq>
<Keyword EndOffset="20447" SrcFileId="7" StartOffset="20444"/>
<LocList>
<Loc EndOffset="20587" SrcFileId="7" StartOffset="20444"/>
</LocList>
</LoopStmnt>
<BasicStmnt CovItemId="S299" CovItemPrefix="csse376_puerto_rico.GameBoardGUI.java" Intrnl_Id="1288">
<LocList>
<Loc EndOffset="20618" SrcFileId="7" StartOffset="20594"/>
</LocList>
</BasicStmnt>
<BasicStmnt CovItemId="S300" CovItemPrefix="csse376_puerto_rico.GameBoardGUI.java" Intrnl_Id="1289">
<LocList>
<Loc EndOffset="20654" SrcFileId="7" StartOffset="20625"/>
</LocList>
</BasicStmnt>
<BasicStmnt CovItemId="S301" CovItemPrefix="csse376_puerto_rico.GameBoardGUI.java" Intrnl_Id="1290">
<LocList>
<Loc EndOffset="20922" SrcFileId="7" StartOffset="20661"/>
</LocList>
</BasicStmnt>
<CondStmnt CovItemId="S302" CovItemPrefix="csse376_puerto_rico.GameBoardGUI.java" Intrnl_Id="1291">
<Branch CovItemId="B101" CovItemPrefix="csse376_puerto_rico.GameBoardGUI.java" Implct="false" Intrnl_Id="1292">
<Cond/>
<LocList>
<Loc EndOffset="21275" SrcFileId="7" StartOffset="20969"/>
</LocList>
<StmntSeq Intrnl_Id="1293">
<LocList>
<Loc EndOffset="21027" SrcFileId="7" StartOffset="20978"/>
<Loc EndOffset="21061" SrcFileId="7" StartOffset="21035"/>
<Loc EndOffset="21100" SrcFileId="7" StartOffset="21069"/>
<Loc EndOffset="21200" SrcFileId="7" StartOffset="21108"/>
<Loc EndOffset="21267" SrcFileId="7" StartOffset="21208"/>
</LocList>
<BasicStmnt CovItemId="S303" CovItemPrefix="csse376_puerto_rico.GameBoardGUI.java" Intrnl_Id="1294">
<LocList>
<Loc EndOffset="21027" SrcFileId="7" StartOffset="20978"/>
</LocList>
</BasicStmnt>
<BasicStmnt CovItemId="S304" CovItemPrefix="csse376_puerto_rico.GameBoardGUI.java" Intrnl_Id="1295">
<LocList>
<Loc EndOffset="21061" SrcFileId="7" StartOffset="21035"/>
</LocList>
</BasicStmnt>
<BasicStmnt CovItemId="S305" CovItemPrefix="csse376_puerto_rico.GameBoardGUI.java" Intrnl_Id="1296">
<LocList>
<Loc EndOffset="21100" SrcFileId="7" StartOffset="21069"/>
</LocList>
</BasicStmnt>
<BasicStmnt CovItemId="S306" CovItemPrefix="csse376_puerto_rico.GameBoardGUI.java" Intrnl_Id="1297">
<LocList>
<Loc EndOffset="21200" SrcFileId="7" StartOffset="21108"/>
</LocList>
</BasicStmnt>
<BasicStmnt CovItemId="S307" CovItemPrefix="csse376_puerto_rico.GameBoardGUI.java" Intrnl_Id="1298">
<LocList>
<Loc EndOffset="21267" SrcFileId="7" StartOffset="21208"/>
</LocList>
</BasicStmnt>
</StmntSeq>
</Branch>
<Branch CovItemId="B102" CovItemPrefix="csse376_puerto_rico.GameBoardGUI.java" Implct="true" Intrnl_Id="1299">
<Cond/>
<LocList/>
<StmntSeq Intrnl_Id="1300">
<LocList/>
</StmntSeq>
</Branch>
<Keyword EndOffset="20933" SrcFileId="7" StartOffset="20931"/>
<LocList>
<Loc EndOffset="21275" SrcFileId="7" StartOffset="20931"/>
</LocList>
<RootTerm CovItemId="C65" CovItemPrefix="csse376_puerto_rico.GameBoardGUI.java" Intrnl_Id="1301">
<BasicBoolTerm Intrnl_Id="1302">
<LocList>
<Loc EndOffset="20967" SrcFileId="7" StartOffset="20935"/>
</LocList>
</BasicBoolTerm>
</RootTerm>
</CondStmnt>
</StmntSeq>
</Branch>
<Branch CovItemId="B94" CovItemPrefix="csse376_puerto_rico.GameBoardGUI.java" Implct="true" Intrnl_Id="1303">
<Cond/>
<LocList/>
<StmntSeq Intrnl_Id="1304">
<LocList/>
</StmntSeq>
</Branch>
<Keyword EndOffset="19470" SrcFileId="7" StartOffset="19468"/>
<LocList>
<Loc EndOffset="21282" SrcFileId="7" StartOffset="19468"/>
</LocList>
<RootTerm CovItemId="C61" CovItemPrefix="csse376_puerto_rico.GameBoardGUI.java" Intrnl_Id="1305">
<BasicBoolTerm Intrnl_Id="1306">
<LocList>
<Loc EndOffset="19518" SrcFileId="7" StartOffset="19472"/>
</LocList>
</BasicBoolTerm>
</RootTerm>
</CondStmnt>
<CondStmnt CovItemId="S308" CovItemPrefix="csse376_puerto_rico.GameBoardGUI.java" Intrnl_Id="1307">
<Branch CovItemId="B103" CovItemPrefix="csse376_puerto_rico.GameBoardGUI.java" Implct="false" Intrnl_Id="1308">
<Cond/>
<LocList>
<Loc EndOffset="22181" SrcFileId="7" StartOffset="21340"/>
</LocList>
<StmntSeq Intrnl_Id="1309">
<LocList>
<Loc EndOffset="21383" SrcFileId="7" StartOffset="21348"/>
<Loc EndOffset="21533" SrcFileId="7" StartOffset="21390"/>
<Loc EndOffset="21564" SrcFileId="7" StartOffset="21540"/>
<Loc EndOffset="21600" SrcFileId="7" StartOffset="21571"/>
<Loc EndOffset="21850" SrcFileId="7" StartOffset="21607"/>
<Loc EndOffset="22174" SrcFileId="7" StartOffset="21857"/>
</LocList>
<BasicStmnt CovItemId="S309" CovItemPrefix="csse376_puerto_rico.GameBoardGUI.java" Intrnl_Id="1310">
<LocList>
<Loc EndOffset="21383" SrcFileId="7" StartOffset="21348"/>
</LocList>
</BasicStmnt>
<LoopStmnt CovItemId="S310" CovItemPrefix="csse376_puerto_rico.GameBoardGUI.java" Intrnl_Id="1311" MltplExecId="L21-2" MltplExecPrefix="csse376_puerto_rico.GameBoardGUI.java" NvrExecId="L21-0" NvrExecPrefix="csse376_puerto_rico.GameBoardGUI.java" OnceExecutedId="L21-1" OnceExecutedPrefix="csse376_puerto_rico.GameBoardGUI.java" OptBodyExec="true">
<StmntSeq Intrnl_Id="1312">
<LocList>
<Loc EndOffset="21471" SrcFileId="7" StartOffset="21437"/>
<Loc EndOffset="21525" SrcFileId="7" StartOffset="21479"/>
</LocList>
<BasicStmnt CovItemId="S311" CovItemPrefix="csse376_puerto_rico.GameBoardGUI.java" Intrnl_Id="1313">
<LocList>
<Loc EndOffset="21471" SrcFileId="7" StartOffset="21437"/>
</LocList>
</BasicStmnt>
<CondStmnt CovItemId="S312" CovItemPrefix="csse376_puerto_rico.GameBoardGUI.java" Intrnl_Id="1314">
<Branch CovItemId="B105" CovItemPrefix="csse376_puerto_rico.GameBoardGUI.java" Implct="false" Intrnl_Id="1315">
<Cond/>
<LocList>
<Loc EndOffset="21525" SrcFileId="7" StartOffset="21490"/>
</LocList>
<StmntSeq Intrnl_Id="1316">
<LocList>
<Loc EndOffset="21516" SrcFileId="7" StartOffset="21500"/>
</LocList>
<BasicStmnt CovItemId="S313" CovItemPrefix="csse376_puerto_rico.GameBoardGUI.java" Intrnl_Id="1317">
<LocList>
<Loc EndOffset="21516" SrcFileId="7" StartOffset="21500"/>
</LocList>
</BasicStmnt>
</StmntSeq>
</Branch>
<Branch CovItemId="B106" CovItemPrefix="csse376_puerto_rico.GameBoardGUI.java" Implct="true" Intrnl_Id="1318">
<Cond/>
<LocList/>
<StmntSeq Intrnl_Id="1319">
<LocList/>
</StmntSeq>
</Branch>
<Keyword EndOffset="21481" SrcFileId="7" StartOffset="21479"/>
<LocList>
<Loc EndOffset="21525" SrcFileId="7" StartOffset="21479"/>
</LocList>
<RootTerm CovItemId="C67" CovItemPrefix="csse376_puerto_rico.GameBoardGUI.java" Intrnl_Id="1320">
<BasicBoolTerm Intrnl_Id="1321">
<LocList>
<Loc EndOffset="21488" SrcFileId="7" StartOffset="21483"/>
</LocList>
</BasicBoolTerm>
</RootTerm>
</CondStmnt>
</StmntSeq>
<Keyword EndOffset="21393" SrcFileId="7" StartOffset="21390"/>
<LocList>
<Loc EndOffset="21533" SrcFileId="7" StartOffset="21390"/>
</LocList>
</LoopStmnt>
<BasicStmnt CovItemId="S314" CovItemPrefix="csse376_puerto_rico.GameBoardGUI.java" Intrnl_Id="1322">
<LocList>
<Loc EndOffset="21564" SrcFileId="7" StartOffset="21540"/>
</LocList>
</BasicStmnt>
<BasicStmnt CovItemId="S315" CovItemPrefix="csse376_puerto_rico.GameBoardGUI.java" Intrnl_Id="1323">
<LocList>
<Loc EndOffset="21600" SrcFileId="7" StartOffset="21571"/>
</LocList>
</BasicStmnt>
<BasicStmnt CovItemId="S316" CovItemPrefix="csse376_puerto_rico.GameBoardGUI.java" Intrnl_Id="1324">
<LocList>
<Loc EndOffset="21850" SrcFileId="7" StartOffset="21607"/>
</LocList>
</BasicStmnt>
<CondStmnt CovItemId="S317" CovItemPrefix="csse376_puerto_rico.GameBoardGUI.java" Intrnl_Id="1325">
<Branch CovItemId="B107" CovItemPrefix="csse376_puerto_rico.GameBoardGUI.java" Implct="false" Intrnl_Id="1326">
<Cond/>
<LocList>
<Loc EndOffset="22174" SrcFileId="7" StartOffset="21886"/>
</LocList>
<StmntSeq Intrnl_Id="1327">
<LocList>
<Loc EndOffset="21935" SrcFileId="7" StartOffset="21895"/>
<Loc EndOffset="21969" SrcFileId="7" StartOffset="21943"/>
<Loc EndOffset="22008" SrcFileId="7" StartOffset="21977"/>
<Loc EndOffset="22099" SrcFileId="7" StartOffset="22016"/>
<Loc EndOffset="22166" SrcFileId="7" StartOffset="22107"/>
</LocList>
<BasicStmnt CovItemId="S318" CovItemPrefix="csse376_puerto_rico.GameBoardGUI.java" Intrnl_Id="1328">
<LocList>
<Loc EndOffset="21935" SrcFileId="7" StartOffset="21895"/>
</LocList>
</BasicStmnt>
<BasicStmnt CovItemId="S319" CovItemPrefix="csse376_puerto_rico.GameBoardGUI.java" Intrnl_Id="1329">
<LocList>
<Loc EndOffset="21969" SrcFileId="7" StartOffset="21943"/>
</LocList>
</BasicStmnt>
<BasicStmnt CovItemId="S320" CovItemPrefix="csse376_puerto_rico.GameBoardGUI.java" Intrnl_Id="1330">
<LocList>
<Loc EndOffset="22008" SrcFileId="7" StartOffset="21977"/>
</LocList>
</BasicStmnt>
<BasicStmnt CovItemId="S321" CovItemPrefix="csse376_puerto_rico.GameBoardGUI.java" Intrnl_Id="1331">
<LocList>
<Loc EndOffset="22099" SrcFileId="7" StartOffset="22016"/>
</LocList>
</BasicStmnt>
<BasicStmnt CovItemId="S322" CovItemPrefix="csse376_puerto_rico.GameBoardGUI.java" Intrnl_Id="1332">
<LocList>
<Loc EndOffset="22166" SrcFileId="7" StartOffset="22107"/>
</LocList>
</BasicStmnt>
</StmntSeq>
</Branch>
<Branch CovItemId="B108" CovItemPrefix="csse376_puerto_rico.GameBoardGUI.java" Implct="true" Intrnl_Id="1333">
<Cond/>
<LocList/>
<StmntSeq Intrnl_Id="1334">
<LocList/>
</StmntSeq>
</Branch>
<Keyword EndOffset="21859" SrcFileId="7" StartOffset="21857"/>
<LocList>
<Loc EndOffset="22174" SrcFileId="7" StartOffset="21857"/>
</LocList>
<RootTerm CovItemId="C68" CovItemPrefix="csse376_puerto_rico.GameBoardGUI.java" Intrnl_Id="1335">
<BasicBoolTerm Intrnl_Id="1336">
<LocList>
<Loc EndOffset="21884" SrcFileId="7" StartOffset="21861"/>
</LocList>
</BasicBoolTerm>
</RootTerm>
</CondStmnt>
</StmntSeq>
</Branch>
<Branch CovItemId="B104" CovItemPrefix="csse376_puerto_rico.GameBoardGUI.java" Implct="true" Intrnl_Id="1337">
<Cond/>
<LocList/>
<StmntSeq Intrnl_Id="1338">
<LocList/>
</StmntSeq>
</Branch>
<Keyword EndOffset="21290" SrcFileId="7" StartOffset="21288"/>
<LocList>
<Loc EndOffset="22181" SrcFileId="7" StartOffset="21288"/>
</LocList>
<RootTerm CovItemId="C66" CovItemPrefix="csse376_puerto_rico.GameBoardGUI.java" Intrnl_Id="1339">
<BasicBoolTerm Intrnl_Id="1340">
<LocList>
<Loc EndOffset="21338" SrcFileId="7" StartOffset="21292"/>
</LocList>
</BasicBoolTerm>
</RootTerm>
</CondStmnt>
<LoopStmnt CovItemId="S323" CovItemPrefix="csse376_puerto_rico.GameBoardGUI.java" Intrnl_Id="1341" MltplExecId="L22-2" MltplExecPrefix="csse376_puerto_rico.GameBoardGUI.java" NvrExecId="L22-0" NvrExecPrefix="csse376_puerto_rico.GameBoardGUI.java" OnceExecutedId="L22-1" OnceExecutedPrefix="csse376_puerto_rico.GameBoardGUI.java" OptBodyExec="true">
<StmntSeq Intrnl_Id="1342">
<LocList>
<Loc EndOffset="22245" SrcFileId="7" StartOffset="22224"/>
</LocList>
<BasicStmnt CovItemId="S324" CovItemPrefix="csse376_puerto_rico.GameBoardGUI.java" Intrnl_Id="1343">
<LocList>
<Loc EndOffset="22245" SrcFileId="7" StartOffset="22224"/>
</LocList>
</BasicStmnt>
</StmntSeq>
<Keyword EndOffset="22192" SrcFileId="7" StartOffset="22189"/>
<LocList>
<Loc EndOffset="22252" SrcFileId="7" StartOffset="22189"/>
</LocList>
</LoopStmnt>
<BasicStmnt CovItemId="S325" CovItemPrefix="csse376_puerto_rico.GameBoardGUI.java" Intrnl_Id="1344">
<LocList>
<Loc EndOffset="22285" SrcFileId="7" StartOffset="22260"/>
</LocList>
</BasicStmnt>
<BasicStmnt CovItemId="S326" CovItemPrefix="csse376_puerto_rico.GameBoardGUI.java" Intrnl_Id="1345">
<LocList>
<Loc EndOffset="22317" SrcFileId="7" StartOffset="22291"/>
</LocList>
</BasicStmnt>
<BasicStmnt CovItemId="S327" CovItemPrefix="csse376_puerto_rico.GameBoardGUI.java" Intrnl_Id="1346">
<LocList>
<Loc EndOffset="22364" SrcFileId="7" StartOffset="22323"/>
</LocList>
</BasicStmnt>
</StmntSeq>
<Keyword EndOffset="18627" SrcFileId="7" StartOffset="18624"/>
<LocList>
<Loc EndOffset="22370" SrcFileId="7" StartOffset="18624"/>
</LocList>
<RootTerm CovItemId="C58" CovItemPrefix="csse376_puerto_rico.GameBoardGUI.java" Intrnl_Id="1347">
<BasicBoolTerm Intrnl_Id="1348">
<LocList>
<Loc EndOffset="18658" SrcFileId="7" StartOffset="18640"/>
</LocList>
</BasicBoolTerm>
</RootTerm>
</LoopStmnt>
</StmntSeq>
</Branch>
<Branch CovItemId="B78" CovItemPrefix="csse376_puerto_rico.GameBoardGUI.java" Implct="false" Intrnl_Id="1349">
<Cond>
<Loc EndOffset="22382" SrcFileId="7" StartOffset="22378"/>
</Cond>
<LocList>
<Loc EndOffset="22501" SrcFileId="7" StartOffset="22383"/>
</LocList>
<StmntSeq Intrnl_Id="1350">
<LocList>
<Loc EndOffset="22501" SrcFileId="7" StartOffset="22383"/>
</LocList>
<CondStmnt CovItemId="S328" CovItemPrefix="csse376_puerto_rico.GameBoardGUI.java" Intrnl_Id="1351">
<Branch CovItemId="B109" CovItemPrefix="csse376_puerto_rico.GameBoardGUI.java" Implct="false" Intrnl_Id="1352">
<Cond/>
<LocList>
<Loc EndOffset="22501" SrcFileId="7" StartOffset="22424"/>
</LocList>
<StmntSeq Intrnl_Id="1353">
<LocList>
<Loc EndOffset="22496" SrcFileId="7" StartOffset="22449"/>
</LocList>
<BasicStmnt CovItemId="S329" CovItemPrefix="csse376_puerto_rico.GameBoardGUI.java" Intrnl_Id="1354">
<LocList>
<Loc EndOffset="22496" SrcFileId="7" StartOffset="22449"/>
</LocList>
</BasicStmnt>
</StmntSeq>
</Branch>
<Branch CovItemId="B110" CovItemPrefix="csse376_puerto_rico.GameBoardGUI.java" Implct="true" Intrnl_Id="1355">
<Cond/>
<LocList/>
<StmntSeq Intrnl_Id="1356">
<LocList/>
</StmntSeq>
</Branch>
<Keyword EndOffset="22385" SrcFileId="7" StartOffset="22383"/>
<LocList>
<Loc EndOffset="22501" SrcFileId="7" StartOffset="22383"/>
</LocList>
<RootTerm CovItemId="C69" CovItemPrefix="csse376_puerto_rico.GameBoardGUI.java" Intrnl_Id="1357">
<BasicBoolTerm Intrnl_Id="1358">
<LocList>
<Loc EndOffset="22422" SrcFileId="7" StartOffset="22387"/>
</LocList>
</BasicBoolTerm>
</RootTerm>
</CondStmnt>
</StmntSeq>
</Branch>
<Keyword EndOffset="16390" SrcFileId="7" StartOffset="16388"/>
<LocList>
<Loc EndOffset="22501" SrcFileId="7" StartOffset="16388"/>
</LocList>
<RootTerm CovItemId="C50" CovItemPrefix="csse376_puerto_rico.GameBoardGUI.java" Intrnl_Id="1359">
<BasicBoolTerm Intrnl_Id="1360">
<LocList>
<Loc EndOffset="16424" SrcFileId="7" StartOffset="16392"/>
</LocList>
</BasicBoolTerm>
</RootTerm>
</CondStmnt>
</StmntSeq>
</Branch>
<Keyword EndOffset="14377" SrcFileId="7" StartOffset="14375"/>
<LocList>
<Loc EndOffset="22501" SrcFileId="7" StartOffset="14375"/>
</LocList>
<RootTerm CovItemId="C38" CovItemPrefix="csse376_puerto_rico.GameBoardGUI.java" Intrnl_Id="1361">
<BasicBoolTerm Intrnl_Id="1362">
<LocList>
<Loc EndOffset="14410" SrcFileId="7" StartOffset="14379"/>
</LocList>
</BasicBoolTerm>
</RootTerm>
</CondStmnt>
</StmntSeq>
</Branch>
<Keyword EndOffset="13568" SrcFileId="7" StartOffset="13566"/>
<LocList>
<Loc EndOffset="22501" SrcFileId="7" StartOffset="13566"/>
</LocList>
<RootTerm CovItemId="C31" CovItemPrefix="csse376_puerto_rico.GameBoardGUI.java" Intrnl_Id="1363">
<BasicBoolTerm Intrnl_Id="1364">
<LocList>
<Loc EndOffset="13604" SrcFileId="7" StartOffset="13570"/>
</LocList>
</BasicBoolTerm>
</RootTerm>
</CondStmnt>
</StmntSeq>
</Branch>
<Keyword EndOffset="11597" SrcFileId="7" StartOffset="11595"/>
<LocList>
<Loc EndOffset="22501" SrcFileId="7" StartOffset="11595"/>
</LocList>
<RootTerm CovItemId="C24" CovItemPrefix="csse376_puerto_rico.GameBoardGUI.java" Intrnl_Id="1365">
<BasicBoolTerm Intrnl_Id="1366">
<LocList>
<Loc EndOffset="11631" SrcFileId="7" StartOffset="11599"/>
</LocList>
</BasicBoolTerm>
</RootTerm>
</CondStmnt>
</StmntSeq>
</Branch>
<Keyword EndOffset="10194" SrcFileId="7" StartOffset="10192"/>
<LocList>
<Loc EndOffset="22501" SrcFileId="7" StartOffset="10192"/>
</LocList>
<RootTerm CovItemId="C18" CovItemPrefix="csse376_puerto_rico.GameBoardGUI.java" Intrnl_Id="1367">
<BasicBoolTerm Intrnl_Id="1368">
<LocList>
<Loc EndOffset="10228" SrcFileId="7" StartOffset="10196"/>
</LocList>
</BasicBoolTerm>
</RootTerm>
</CondStmnt>
</StmntSeq>
</Branch>
<Keyword EndOffset="7093" SrcFileId="7" StartOffset="7091"/>
<LocList>
<Loc EndOffset="22501" SrcFileId="7" StartOffset="7091"/>
</LocList>
<RootTerm CovItemId="C9" CovItemPrefix="csse376_puerto_rico.GameBoardGUI.java" Intrnl_Id="1369">
<BasicBoolTerm Intrnl_Id="1370">
<LocList>
<Loc EndOffset="7125" SrcFileId="7" StartOffset="7095"/>
</LocList>
</BasicBoolTerm>
</RootTerm>
</CondStmnt>
<BasicStmnt CovItemId="S330" CovItemPrefix="csse376_puerto_rico.GameBoardGUI.java" Intrnl_Id="1371">
<LocList>
<Loc EndOffset="22535" SrcFileId="7" StartOffset="22505"/>
</LocList>
</BasicStmnt>
<BasicStmnt CovItemId="S331" CovItemPrefix="csse376_puerto_rico.GameBoardGUI.java" Intrnl_Id="1372">
<LocList>
<Loc EndOffset="22564" SrcFileId="7" StartOffset="22539"/>
</LocList>
</BasicStmnt>
</StmntSeq>
</HierarchyLvl>
</HierarchyLvl>
<HierarchyLvl HierarchyLvlId="4257" HierarchyLvlTypeId="15" Intrnl_Id="1373" Name="ButtonHandler">
<Header>
<Loc EndOffset="224" SrcFileId="8" StartOffset="172"/>
</Header>
<LocList>
<Loc EndOffset="790" SrcFileId="8" StartOffset="172"/>
</LocList>
<HierarchyLvl HierarchyLvlId="4255" HierarchyLvlTypeId="16" Intrnl_Id="1374" Name="ButtonHandler">
<Header>
<Loc EndOffset="345" SrcFileId="8" StartOffset="292"/>
</Header>
<LocList>
<Loc EndOffset="402" SrcFileId="8" StartOffset="292"/>
</LocList>
<StmntSeq Intrnl_Id="1375">
<LocList>
<Loc EndOffset="374" SrcFileId="8" StartOffset="351"/>
<Loc EndOffset="398" SrcFileId="8" StartOffset="378"/>
</LocList>
<BasicStmnt CovItemId="S1" CovItemPrefix="csse376_puerto_rico.ButtonHandler.java" Intrnl_Id="1376">
<LocList>
<Loc EndOffset="374" SrcFileId="8" StartOffset="351"/>
</LocList>
</BasicStmnt>
<BasicStmnt CovItemId="S2" CovItemPrefix="csse376_puerto_rico.ButtonHandler.java" Intrnl_Id="1377">
<LocList>
<Loc EndOffset="398" SrcFileId="8" StartOffset="378"/>
</LocList>
</BasicStmnt>
</StmntSeq>
</HierarchyLvl>
<HierarchyLvl HierarchyLvlId="4256" HierarchyLvlTypeId="16" Intrnl_Id="1378" Name="actionPerformed">
<Header>
<Loc EndOffset="462" SrcFileId="8" StartOffset="407"/>
</Header>
<LocList>
<Loc EndOffset="785" SrcFileId="8" StartOffset="407"/>
</LocList>
<StmntSeq Intrnl_Id="1379">
<LocList>
<Loc EndOffset="506" SrcFileId="8" StartOffset="468"/>
<Loc EndOffset="781" SrcFileId="8" StartOffset="510"/>
</LocList>
<BasicStmnt CovItemId="S3" CovItemPrefix="csse376_puerto_rico.ButtonHandler.java" Intrnl_Id="1380">
<LocList>
<Loc EndOffset="506" SrcFileId="8" StartOffset="468"/>
</LocList>
</BasicStmnt>
<CondStmnt CovItemId="S4" CovItemPrefix="csse376_puerto_rico.ButtonHandler.java" Intrnl_Id="1381">
<Branch CovItemId="B1" CovItemPrefix="csse376_puerto_rico.ButtonHandler.java" Implct="false" Intrnl_Id="1382">
<Cond/>
<LocList>
<Loc EndOffset="561" SrcFileId="8" StartOffset="535"/>
</LocList>
<StmntSeq Intrnl_Id="1383">
<LocList>
<Loc EndOffset="556" SrcFileId="8" StartOffset="541"/>
</LocList>
<BasicStmnt CovItemId="S5" CovItemPrefix="csse376_puerto_rico.ButtonHandler.java" Intrnl_Id="1384">
<LocList>
<Loc EndOffset="556" SrcFileId="8" StartOffset="541"/>
</LocList>
</BasicStmnt>
</StmntSeq>
</Branch>
<Branch CovItemId="B2" CovItemPrefix="csse376_puerto_rico.ButtonHandler.java" Implct="false" Intrnl_Id="1385">
<Cond>
<Loc EndOffset="565" SrcFileId="8" StartOffset="561"/>
</Cond>
<LocList>
<Loc EndOffset="781" SrcFileId="8" StartOffset="566"/>
</LocList>
<StmntSeq Intrnl_Id="1386">
<LocList>
<Loc EndOffset="781" SrcFileId="8" StartOffset="566"/>
</LocList>
<CondStmnt CovItemId="S6" CovItemPrefix="csse376_puerto_rico.ButtonHandler.java" Intrnl_Id="1387">
<Branch CovItemId="B3" CovItemPrefix="csse376_puerto_rico.ButtonHandler.java" Implct="false" Intrnl_Id="1388">
<Cond/>
<LocList>
<Loc EndOffset="646" SrcFileId="8" StartOffset="595"/>
</LocList>
<StmntSeq Intrnl_Id="1389">
<LocList>
<Loc EndOffset="641" SrcFileId="8" StartOffset="601"/>
</LocList>
<BasicStmnt CovItemId="S7" CovItemPrefix="csse376_puerto_rico.ButtonHandler.java" Intrnl_Id="1390">
<LocList>
<Loc EndOffset="641" SrcFileId="8" StartOffset="601"/>
</LocList>
</BasicStmnt>
</StmntSeq>
</Branch>
<Branch CovItemId="B4" CovItemPrefix="csse376_puerto_rico.ButtonHandler.java" Implct="false" Intrnl_Id="1391">
<Cond>
<Loc EndOffset="650" SrcFileId="8" StartOffset="646"/>
</Cond>
<LocList>
<Loc EndOffset="781" SrcFileId="8" StartOffset="651"/>
</LocList>
<StmntSeq Intrnl_Id="1392">
<LocList>
<Loc EndOffset="781" SrcFileId="8" StartOffset="651"/>
</LocList>
<CondStmnt CovItemId="S8" CovItemPrefix="csse376_puerto_rico.ButtonHandler.java" Intrnl_Id="1393">
<Branch CovItemId="B5" CovItemPrefix="csse376_puerto_rico.ButtonHandler.java" Implct="false" Intrnl_Id="1394">
<Cond/>
<LocList>
<Loc EndOffset="734" SrcFileId="8" StartOffset="677"/>
</LocList>
<StmntSeq Intrnl_Id="1395">
<LocList>
<Loc EndOffset="729" SrcFileId="8" StartOffset="683"/>
</LocList>
<BasicStmnt CovItemId="S9" CovItemPrefix="csse376_puerto_rico.ButtonHandler.java" Intrnl_Id="1396">
<LocList>
<Loc EndOffset="729" SrcFileId="8" StartOffset="683"/>
</LocList>
</BasicStmnt>
</StmntSeq>
</Branch>
<Branch CovItemId="B6" CovItemPrefix="csse376_puerto_rico.ButtonHandler.java" Implct="false" Intrnl_Id="1397">
<Cond>
<Loc EndOffset="738" SrcFileId="8" StartOffset="734"/>
</Cond>
<LocList>
<Loc EndOffset="781" SrcFileId="8" StartOffset="739"/>
</LocList>
<StmntSeq Intrnl_Id="1398">
<LocList>
<Loc EndOffset="781" SrcFileId="8" StartOffset="739"/>
</LocList>
<CondStmnt CovItemId="S10" CovItemPrefix="csse376_puerto_rico.ButtonHandler.java" Intrnl_Id="1399">
<Branch CovItemId="B7" CovItemPrefix="csse376_puerto_rico.ButtonHandler.java" Implct="false" Intrnl_Id="1400">
<Cond/>
<LocList>
<Loc EndOffset="781" SrcFileId="8" StartOffset="770"/>
</LocList>
<StmntSeq Intrnl_Id="1401">
<LocList/>
</StmntSeq>
</Branch>
<Branch CovItemId="B8" CovItemPrefix="csse376_puerto_rico.ButtonHandler.java" Implct="true" Intrnl_Id="1402">
<Cond/>
<LocList/>
<StmntSeq Intrnl_Id="1403">
<LocList/>
</StmntSeq>
</Branch>
<Keyword EndOffset="741" SrcFileId="8" StartOffset="739"/>
<LocList>
<Loc EndOffset="781" SrcFileId="8" StartOffset="739"/>
</LocList>
<RootTerm CovItemId="C4" CovItemPrefix="csse376_puerto_rico.ButtonHandler.java" Intrnl_Id="1404">
<BasicBoolTerm Intrnl_Id="1405">
<LocList>
<Loc EndOffset="769" SrcFileId="8" StartOffset="742"/>
</LocList>
</BasicBoolTerm>
</RootTerm>
</CondStmnt>
</StmntSeq>
</Branch>
<Keyword EndOffset="653" SrcFileId="8" StartOffset="651"/>
<LocList>
<Loc EndOffset="781" SrcFileId="8" StartOffset="651"/>
</LocList>
<RootTerm CovItemId="C3" CovItemPrefix="csse376_puerto_rico.ButtonHandler.java" Intrnl_Id="1406">
<BasicBoolTerm Intrnl_Id="1407">
<LocList>
<Loc EndOffset="676" SrcFileId="8" StartOffset="654"/>
</LocList>
</BasicBoolTerm>
</RootTerm>
</CondStmnt>
</StmntSeq>
</Branch>
<Keyword EndOffset="568" SrcFileId="8" StartOffset="566"/>
<LocList>
<Loc EndOffset="781" SrcFileId="8" StartOffset="566"/>
</LocList>
<RootTerm CovItemId="C2" CovItemPrefix="csse376_puerto_rico.ButtonHandler.java" Intrnl_Id="1408">
<BasicBoolTerm Intrnl_Id="1409">
<LocList>
<Loc EndOffset="594" SrcFileId="8" StartOffset="569"/>
</LocList>
</BasicBoolTerm>
</RootTerm>
</CondStmnt>
</StmntSeq>
</Branch>
<Keyword EndOffset="512" SrcFileId="8" StartOffset="510"/>
<LocList>
<Loc EndOffset="781" SrcFileId="8" StartOffset="510"/>
</LocList>
<RootTerm CovItemId="C1" CovItemPrefix="csse376_puerto_rico.ButtonHandler.java" Intrnl_Id="1410">
<BasicBoolTerm Intrnl_Id="1411">
<LocList>
<Loc EndOffset="534" SrcFileId="8" StartOffset="513"/>
</LocList>
</BasicBoolTerm>
</RootTerm>
</CondStmnt>
</StmntSeq>
</HierarchyLvl>
</HierarchyLvl>
<HierarchyLvl HierarchyLvlId="4261" HierarchyLvlTypeId="15" Intrnl_Id="1412" Name="Buildings">
<Header>
<Loc EndOffset="135" SrcFileId="9" StartOffset="113"/>
</Header>
<LocList>
<Loc EndOffset="873" SrcFileId="9" StartOffset="113"/>
</LocList>
<StmntSeq Intrnl_Id="1413">
<LocList>
<Loc EndOffset="554" SrcFileId="9" StartOffset="183"/>
</LocList>
<BasicStmnt CovItemId="S1" CovItemPrefix="csse376_puerto_rico.Buildings.java" Intrnl_Id="1414">
<LocList>
<Loc EndOffset="554" SrcFileId="9" StartOffset="183"/>
</LocList>
</BasicStmnt>
</StmntSeq>
<HierarchyLvl HierarchyLvlId="4258" HierarchyLvlTypeId="16" Intrnl_Id="1415" Name="Buildings">
<Header>
<Loc EndOffset="577" SrcFileId="9" StartOffset="559"/>
</Header>
<LocList>
<Loc EndOffset="712" SrcFileId="9" StartOffset="559"/>
</LocList>
<StmntSeq Intrnl_Id="1416">
<LocList>
<Loc EndOffset="621" SrcFileId="9" StartOffset="583"/>
<Loc EndOffset="706" SrcFileId="9" StartOffset="627"/>
</LocList>
<BasicStmnt CovItemId="S2" CovItemPrefix="csse376_puerto_rico.Buildings.java" Intrnl_Id="1417">
<LocList>
<Loc EndOffset="621" SrcFileId="9" StartOffset="583"/>
</LocList>
</BasicStmnt>
<LoopStmnt CovItemId="S3" CovItemPrefix="csse376_puerto_rico.Buildings.java" Intrnl_Id="1418" MltplExecId="L1-2" MltplExecPrefix="csse376_puerto_rico.Buildings.java" NvrExecId="L1-0" NvrExecPrefix="csse376_puerto_rico.Buildings.java" OnceExecutedId="L1-1" OnceExecutedPrefix="csse376_puerto_rico.Buildings.java" OptBodyExec="true">
<StmntSeq Intrnl_Id="1419">
<LocList>
<Loc EndOffset="701" SrcFileId="9" StartOffset="667"/>
</LocList>
<BasicStmnt CovItemId="S4" CovItemPrefix="csse376_puerto_rico.Buildings.java" Intrnl_Id="1420">
<LocList>
<Loc EndOffset="701" SrcFileId="9" StartOffset="667"/>
</LocList>
</BasicStmnt>
</StmntSeq>
<Keyword EndOffset="630" SrcFileId="9" StartOffset="627"/>
<LocList>
<Loc EndOffset="706" SrcFileId="9" StartOffset="627"/>
</LocList>
</LoopStmnt>
</StmntSeq>
</HierarchyLvl>
<HierarchyLvl HierarchyLvlId="4259" HierarchyLvlTypeId="16" Intrnl_Id="1421" Name="getBuildings">
<Header>
<Loc EndOffset="758" SrcFileId="9" StartOffset="717"/>
</Header>
<LocList>
<Loc EndOffset="787" SrcFileId="9" StartOffset="717"/>
</LocList>
<StmntSeq Intrnl_Id="1422">
<LocList>
<Loc EndOffset="783" SrcFileId="9" StartOffset="766"/>
</LocList>
<BasicStmnt CovItemId="S5" CovItemPrefix="csse376_puerto_rico.Buildings.java" Intrnl_Id="1423">
<LocList>
<Loc EndOffset="783" SrcFileId="9" StartOffset="766"/>
</LocList>
</BasicStmnt>
</StmntSeq>
</HierarchyLvl>
<HierarchyLvl HierarchyLvlId="4260" HierarchyLvlTypeId="16" Intrnl_Id="1424" Name="getBuildingNames">
<Header>
<Loc EndOffset="835" SrcFileId="9" StartOffset="792"/>
</Header>
<LocList>
<Loc EndOffset="866" SrcFileId="9" StartOffset="792"/>
</LocList>
<StmntSeq Intrnl_Id="1425">
<LocList>
<Loc EndOffset="862" SrcFileId="9" StartOffset="841"/>
</LocList>
<BasicStmnt CovItemId="S6" CovItemPrefix="csse376_puerto_rico.Buildings.java" Intrnl_Id="1426">
<LocList>
<Loc EndOffset="862" SrcFileId="9" StartOffset="841"/>
</LocList>
</BasicStmnt>
</StmntSeq>
</HierarchyLvl>
</HierarchyLvl>
<HierarchyLvl HierarchyLvlId="4264" HierarchyLvlTypeId="15" Intrnl_Id="1427" Name="Building">
<Header>
<Loc EndOffset="55" SrcFileId="10" StartOffset="34"/>
</Header>
<LocList>
<Loc EndOffset="3261" SrcFileId="10" StartOffset="34"/>
</LocList>
<HierarchyLvl HierarchyLvlId="4262" HierarchyLvlTypeId="16" Intrnl_Id="1428" Name="Building">
<Header>
<Loc EndOffset="274" SrcFileId="10" StartOffset="246"/>
</Header>
<LocList>
<Loc EndOffset="3159" SrcFileId="10" StartOffset="246"/>
</LocList>
<StmntSeq Intrnl_Id="1429">
<LocList>
<Loc EndOffset="297" SrcFileId="10" StartOffset="280"/>
<Loc EndOffset="3153" SrcFileId="10" StartOffset="301"/>
</LocList>
<BasicStmnt CovItemId="S1" CovItemPrefix="csse376_puerto_rico.Building.java" Intrnl_Id="1430">
<LocList>
<Loc EndOffset="297" SrcFileId="10" StartOffset="280"/>
</LocList>
</BasicStmnt>
<CondStmnt CovItemId="S2" CovItemPrefix="csse376_puerto_rico.Building.java" Intrnl_Id="1431">
<Branch CovItemId="B1" CovItemPrefix="csse376_puerto_rico.Building.java" Implct="false" Intrnl_Id="1432">
<Cond>
<Loc EndOffset="345" SrcFileId="10" StartOffset="320"/>
</Cond>
<LocList>
<Loc EndOffset="434" SrcFileId="10" StartOffset="351"/>
</LocList>
<StmntSeq Intrnl_Id="1433">
<LocList>
<Loc EndOffset="360" SrcFileId="10" StartOffset="351"/>
<Loc EndOffset="376" SrcFileId="10" StartOffset="365"/>
<Loc EndOffset="398" SrcFileId="10" StartOffset="381"/>
<Loc EndOffset="423" SrcFileId="10" StartOffset="403"/>
<Loc EndOffset="434" SrcFileId="10" StartOffset="428"/>
</LocList>
<BasicStmnt CovItemId="S3" CovItemPrefix="csse376_puerto_rico.Building.java" Intrnl_Id="1434">
<LocList>
<Loc EndOffset="360" SrcFileId="10" StartOffset="351"/>
</LocList>
</BasicStmnt>
<BasicStmnt CovItemId="S4" CovItemPrefix="csse376_puerto_rico.Building.java" Intrnl_Id="1435">
<LocList>
<Loc EndOffset="376" SrcFileId="10" StartOffset="365"/>
</LocList>
</BasicStmnt>
<BasicStmnt CovItemId="S5" CovItemPrefix="csse376_puerto_rico.Building.java" Intrnl_Id="1436">
<LocList>
<Loc EndOffset="398" SrcFileId="10" StartOffset="381"/>
</LocList>
</BasicStmnt>
<BasicStmnt CovItemId="S6" CovItemPrefix="csse376_puerto_rico.Building.java" Intrnl_Id="1437">
<LocList>
<Loc EndOffset="423" SrcFileId="10" StartOffset="403"/>
</LocList>
</BasicStmnt>
<BasicStmnt CovItemId="S7" CovItemPrefix="csse376_puerto_rico.Building.java" Intrnl_Id="1438">
<LocList>
<Loc EndOffset="434" SrcFileId="10" StartOffset="428"/>
</LocList>
</BasicStmnt>
</StmntSeq>
</Branch>
<Branch CovItemId="B2" CovItemPrefix="csse376_puerto_rico.Building.java" Implct="false" Intrnl_Id="1439">
<Cond>
<Loc EndOffset="463" SrcFileId="10" StartOffset="440"/>
</Cond>
<LocList>
<Loc EndOffset="552" SrcFileId="10" StartOffset="469"/>
</LocList>
<StmntSeq Intrnl_Id="1440">
<LocList>
<Loc EndOffset="478" SrcFileId="10" StartOffset="469"/>
<Loc EndOffset="494" SrcFileId="10" StartOffset="483"/>
<Loc EndOffset="516" SrcFileId="10" StartOffset="499"/>
<Loc EndOffset="541" SrcFileId="10" StartOffset="521"/>
<Loc EndOffset="552" SrcFileId="10" StartOffset="546"/>
</LocList>
<BasicStmnt CovItemId="S8" CovItemPrefix="csse376_puerto_rico.Building.java" Intrnl_Id="1441">
<LocList>
<Loc EndOffset="478" SrcFileId="10" StartOffset="469"/>
</LocList>
</BasicStmnt>
<BasicStmnt CovItemId="S9" CovItemPrefix="csse376_puerto_rico.Building.java" Intrnl_Id="1442">
<LocList>
<Loc EndOffset="494" SrcFileId="10" StartOffset="483"/>
</LocList>
</BasicStmnt>
<BasicStmnt CovItemId="S10" CovItemPrefix="csse376_puerto_rico.Building.java" Intrnl_Id="1443">
<LocList>
<Loc EndOffset="516" SrcFileId="10" StartOffset="499"/>
</LocList>
</BasicStmnt>
<BasicStmnt CovItemId="S11" CovItemPrefix="csse376_puerto_rico.Building.java" Intrnl_Id="1444">
<LocList>
<Loc EndOffset="541" SrcFileId="10" StartOffset="521"/>
</LocList>
</BasicStmnt>
<BasicStmnt CovItemId="S12" CovItemPrefix="csse376_puerto_rico.Building.java" Intrnl_Id="1445">
<LocList>
<Loc EndOffset="552" SrcFileId="10" StartOffset="546"/>
</LocList>
</BasicStmnt>
</StmntSeq>
</Branch>
<Branch CovItemId="B3" CovItemPrefix="csse376_puerto_rico.Building.java" Implct="false" Intrnl_Id="1446">
<Cond>
<Loc EndOffset="577" SrcFileId="10" StartOffset="558"/>
</Cond>
<LocList>
<Loc EndOffset="713" SrcFileId="10" StartOffset="630"/>
</LocList>
<StmntSeq Intrnl_Id="1447">
<LocList>
<Loc EndOffset="639" SrcFileId="10" StartOffset="630"/>
<Loc EndOffset="655" SrcFileId="10" StartOffset="644"/>
<Loc EndOffset="677" SrcFileId="10" StartOffset="660"/>
<Loc EndOffset="702" SrcFileId="10" StartOffset="682"/>
<Loc EndOffset="713" SrcFileId="10" StartOffset="707"/>
</LocList>
<BasicStmnt CovItemId="S13" CovItemPrefix="csse376_puerto_rico.Building.java" Intrnl_Id="1448">
<LocList>
<Loc EndOffset="639" SrcFileId="10" StartOffset="630"/>
</LocList>
</BasicStmnt>
<BasicStmnt CovItemId="S14" CovItemPrefix="csse376_puerto_rico.Building.java" Intrnl_Id="1449">
<LocList>
<Loc EndOffset="655" SrcFileId="10" StartOffset="644"/>
</LocList>
</BasicStmnt>
<BasicStmnt CovItemId="S15" CovItemPrefix="csse376_puerto_rico.Building.java" Intrnl_Id="1450">
<LocList>
<Loc EndOffset="677" SrcFileId="10" StartOffset="660"/>
</LocList>
</BasicStmnt>
<BasicStmnt CovItemId="S16" CovItemPrefix="csse376_puerto_rico.Building.java" Intrnl_Id="1451">
<LocList>
<Loc EndOffset="702" SrcFileId="10" StartOffset="682"/>
</LocList>
</BasicStmnt>
<BasicStmnt CovItemId="S17" CovItemPrefix="csse376_puerto_rico.Building.java" Intrnl_Id="1452">
<LocList>
<Loc EndOffset="713" SrcFileId="10" StartOffset="707"/>
</LocList>
</BasicStmnt>
</StmntSeq>
</Branch>
<Branch CovItemId="B4" CovItemPrefix="csse376_puerto_rico.Building.java" Implct="false" Intrnl_Id="1453">
<Cond>
<Loc EndOffset="734" SrcFileId="10" StartOffset="719"/>
</Cond>
<LocList>
<Loc EndOffset="875" SrcFileId="10" StartOffset="792"/>
</LocList>
<StmntSeq Intrnl_Id="1454">
<LocList>
<Loc EndOffset="801" SrcFileId="10" StartOffset="792"/>
<Loc EndOffset="817" SrcFileId="10" StartOffset="806"/>
<Loc EndOffset="839" SrcFileId="10" StartOffset="822"/>
<Loc EndOffset="864" SrcFileId="10" StartOffset="844"/>
<Loc EndOffset="875" SrcFileId="10" StartOffset="869"/>
</LocList>
<BasicStmnt CovItemId="S18" CovItemPrefix="csse376_puerto_rico.Building.java" Intrnl_Id="1455">
<LocList>
<Loc EndOffset="801" SrcFileId="10" StartOffset="792"/>
</LocList>
</BasicStmnt>
<BasicStmnt CovItemId="S19" CovItemPrefix="csse376_puerto_rico.Building.java" Intrnl_Id="1456">
<LocList>
<Loc EndOffset="817" SrcFileId="10" StartOffset="806"/>
</LocList>
</BasicStmnt>
<BasicStmnt CovItemId="S20" CovItemPrefix="csse376_puerto_rico.Building.java" Intrnl_Id="1457">
<LocList>
<Loc EndOffset="839" SrcFileId="10" StartOffset="822"/>
</LocList>
</BasicStmnt>
<BasicStmnt CovItemId="S21" CovItemPrefix="csse376_puerto_rico.Building.java" Intrnl_Id="1458">
<LocList>
<Loc EndOffset="864" SrcFileId="10" StartOffset="844"/>
</LocList>
</BasicStmnt>
<BasicStmnt CovItemId="S22" CovItemPrefix="csse376_puerto_rico.Building.java" Intrnl_Id="1459">
<LocList>
<Loc EndOffset="875" SrcFileId="10" StartOffset="869"/>
</LocList>
</BasicStmnt>
</StmntSeq>
</Branch>
<Branch CovItemId="B5" CovItemPrefix="csse376_puerto_rico.Building.java" Implct="false" Intrnl_Id="1460">
<Cond>
<Loc EndOffset="904" SrcFileId="10" StartOffset="881"/>
</Cond>
<LocList>
<Loc EndOffset="1046" SrcFileId="10" StartOffset="963"/>
</LocList>
<StmntSeq Intrnl_Id="1461">
<LocList>
<Loc EndOffset="972" SrcFileId="10" StartOffset="963"/>
<Loc EndOffset="988" SrcFileId="10" StartOffset="977"/>
<Loc EndOffset="1010" SrcFileId="10" StartOffset="993"/>
<Loc EndOffset="1035" SrcFileId="10" StartOffset="1015"/>
<Loc EndOffset="1046" SrcFileId="10" StartOffset="1040"/>
</LocList>
<BasicStmnt CovItemId="S23" CovItemPrefix="csse376_puerto_rico.Building.java" Intrnl_Id="1462">
<LocList>
<Loc EndOffset="972" SrcFileId="10" StartOffset="963"/>
</LocList>
</BasicStmnt>
<BasicStmnt CovItemId="S24" CovItemPrefix="csse376_puerto_rico.Building.java" Intrnl_Id="1463">
<LocList>
<Loc EndOffset="988" SrcFileId="10" StartOffset="977"/>
</LocList>
</BasicStmnt>
<BasicStmnt CovItemId="S25" CovItemPrefix="csse376_puerto_rico.Building.java" Intrnl_Id="1464">
<LocList>
<Loc EndOffset="1010" SrcFileId="10" StartOffset="993"/>
</LocList>
</BasicStmnt>
<BasicStmnt CovItemId="S26" CovItemPrefix="csse376_puerto_rico.Building.java" Intrnl_Id="1465">
<LocList>
<Loc EndOffset="1035" SrcFileId="10" StartOffset="1015"/>
</LocList>
</BasicStmnt>
<BasicStmnt CovItemId="S27" CovItemPrefix="csse376_puerto_rico.Building.java" Intrnl_Id="1466">
<LocList>
<Loc EndOffset="1046" SrcFileId="10" StartOffset="1040"/>
</LocList>
</BasicStmnt>
</StmntSeq>
</Branch>
<Branch CovItemId="B6" CovItemPrefix="csse376_puerto_rico.Building.java" Implct="false" Intrnl_Id="1467">
<Cond>
<Loc EndOffset="1074" SrcFileId="10" StartOffset="1052"/>
</Cond>
<LocList>
<Loc EndOffset="1257" SrcFileId="10" StartOffset="1125"/>
</LocList>
<StmntSeq Intrnl_Id="1468">
<LocList>
<Loc EndOffset="1134" SrcFileId="10" StartOffset="1125"/>
<Loc EndOffset="1150" SrcFileId="10" StartOffset="1139"/>
<Loc EndOffset="1172" SrcFileId="10" StartOffset="1155"/>
<Loc EndOffset="1197" SrcFileId="10" StartOffset="1177"/>
<Loc EndOffset="1218" SrcFileId="10" StartOffset="1202"/>
<Loc EndOffset="1246" SrcFileId="10" StartOffset="1223"/>
<Loc EndOffset="1257" SrcFileId="10" StartOffset="1251"/>
</LocList>
<BasicStmnt CovItemId="S28" CovItemPrefix="csse376_puerto_rico.Building.java" Intrnl_Id="1469">
<LocList>
<Loc EndOffset="1134" SrcFileId="10" StartOffset="1125"/>
</LocList>
</BasicStmnt>
<BasicStmnt CovItemId="S29" CovItemPrefix="csse376_puerto_rico.Building.java" Intrnl_Id="1470">
<LocList>
<Loc EndOffset="1150" SrcFileId="10" StartOffset="1139"/>
</LocList>
</BasicStmnt>
<BasicStmnt CovItemId="S30" CovItemPrefix="csse376_puerto_rico.Building.java" Intrnl_Id="1471">
<LocList>
<Loc EndOffset="1172" SrcFileId="10" StartOffset="1155"/>
</LocList>
</BasicStmnt>
<BasicStmnt CovItemId="S31" CovItemPrefix="csse376_puerto_rico.Building.java" Intrnl_Id="1472">
<LocList>
<Loc EndOffset="1197" SrcFileId="10" StartOffset="1177"/>
</LocList>
</BasicStmnt>
<BasicStmnt CovItemId="S32" CovItemPrefix="csse376_puerto_rico.Building.java" Intrnl_Id="1473">
<LocList>
<Loc EndOffset="1218" SrcFileId="10" StartOffset="1202"/>
</LocList>
</BasicStmnt>
<BasicStmnt CovItemId="S33" CovItemPrefix="csse376_puerto_rico.Building.java" Intrnl_Id="1474">
<LocList>
<Loc EndOffset="1246" SrcFileId="10" StartOffset="1223"/>
</LocList>
</BasicStmnt>
<BasicStmnt CovItemId="S34" CovItemPrefix="csse376_puerto_rico.Building.java" Intrnl_Id="1475">
<LocList>
<Loc EndOffset="1257" SrcFileId="10" StartOffset="1251"/>
</LocList>
</BasicStmnt>
</StmntSeq>
</Branch>
<Branch CovItemId="B7" CovItemPrefix="csse376_puerto_rico.Building.java" Implct="false" Intrnl_Id="1476">
<Cond>
<Loc EndOffset="1282" SrcFileId="10" StartOffset="1263"/>
</Cond>
<LocList>
<Loc EndOffset="1371" SrcFileId="10" StartOffset="1288"/>
</LocList>
<StmntSeq Intrnl_Id="1477">
<LocList>
<Loc EndOffset="1297" SrcFileId="10" StartOffset="1288"/>
<Loc EndOffset="1313" SrcFileId="10" StartOffset="1302"/>
<Loc EndOffset="1335" SrcFileId="10" StartOffset="1318"/>
<Loc EndOffset="1360" SrcFileId="10" StartOffset="1340"/>
<Loc EndOffset="1371" SrcFileId="10" StartOffset="1365"/>
</LocList>
<BasicStmnt CovItemId="S35" CovItemPrefix="csse376_puerto_rico.Building.java" Intrnl_Id="1478">
<LocList>
<Loc EndOffset="1297" SrcFileId="10" StartOffset="1288"/>
</LocList>
</BasicStmnt>
<BasicStmnt CovItemId="S36" CovItemPrefix="csse376_puerto_rico.Building.java" Intrnl_Id="1479">
<LocList>
<Loc EndOffset="1313" SrcFileId="10" StartOffset="1302"/>
</LocList>
</BasicStmnt>
<BasicStmnt CovItemId="S37" CovItemPrefix="csse376_puerto_rico.Building.java" Intrnl_Id="1480">
<LocList>
<Loc EndOffset="1335" SrcFileId="10" StartOffset="1318"/>
</LocList>
</BasicStmnt>
<BasicStmnt CovItemId="S38" CovItemPrefix="csse376_puerto_rico.Building.java" Intrnl_Id="1481">
<LocList>
<Loc EndOffset="1360" SrcFileId="10" StartOffset="1340"/>
</LocList>
</BasicStmnt>
<BasicStmnt CovItemId="S39" CovItemPrefix="csse376_puerto_rico.Building.java" Intrnl_Id="1482">
<LocList>
<Loc EndOffset="1371" SrcFileId="10" StartOffset="1365"/>
</LocList>
</BasicStmnt>
</StmntSeq>
</Branch>
<Branch CovItemId="B8" CovItemPrefix="csse376_puerto_rico.Building.java" Implct="false" Intrnl_Id="1483">
<Cond>
<Loc EndOffset="1394" SrcFileId="10" StartOffset="1377"/>
</Cond>
<LocList>
<Loc EndOffset="1483" SrcFileId="10" StartOffset="1400"/>
</LocList>
<StmntSeq Intrnl_Id="1484">
<LocList>
<Loc EndOffset="1409" SrcFileId="10" StartOffset="1400"/>
<Loc EndOffset="1425" SrcFileId="10" StartOffset="1414"/>
<Loc EndOffset="1447" SrcFileId="10" StartOffset="1430"/>
<Loc EndOffset="1472" SrcFileId="10" StartOffset="1452"/>
<Loc EndOffset="1483" SrcFileId="10" StartOffset="1477"/>
</LocList>
<BasicStmnt CovItemId="S40" CovItemPrefix="csse376_puerto_rico.Building.java" Intrnl_Id="1485">
<LocList>
<Loc EndOffset="1409" SrcFileId="10" StartOffset="1400"/>
</LocList>
</BasicStmnt>
<BasicStmnt CovItemId="S41" CovItemPrefix="csse376_puerto_rico.Building.java" Intrnl_Id="1486">
<LocList>
<Loc EndOffset="1425" SrcFileId="10" StartOffset="1414"/>
</LocList>
</BasicStmnt>
<BasicStmnt CovItemId="S42" CovItemPrefix="csse376_puerto_rico.Building.java" Intrnl_Id="1487">
<LocList>
<Loc EndOffset="1447" SrcFileId="10" StartOffset="1430"/>
</LocList>
</BasicStmnt>
<BasicStmnt CovItemId="S43" CovItemPrefix="csse376_puerto_rico.Building.java" Intrnl_Id="1488">
<LocList>
<Loc EndOffset="1472" SrcFileId="10" StartOffset="1452"/>
</LocList>
</BasicStmnt>
<BasicStmnt CovItemId="S44" CovItemPrefix="csse376_puerto_rico.Building.java" Intrnl_Id="1489">
<LocList>
<Loc EndOffset="1483" SrcFileId="10" StartOffset="1477"/>
</LocList>
</BasicStmnt>
</StmntSeq>
</Branch>
<Branch CovItemId="B9" CovItemPrefix="csse376_puerto_rico.Building.java" Implct="false" Intrnl_Id="1490">
<Cond>
<Loc EndOffset="1503" SrcFileId="10" StartOffset="1489"/>
</Cond>
<LocList>
<Loc EndOffset="1643" SrcFileId="10" StartOffset="1560"/>
</LocList>
<StmntSeq Intrnl_Id="1491">
<LocList>
<Loc EndOffset="1569" SrcFileId="10" StartOffset="1560"/>
<Loc EndOffset="1585" SrcFileId="10" StartOffset="1574"/>
<Loc EndOffset="1607" SrcFileId="10" StartOffset="1590"/>
<Loc EndOffset="1632" SrcFileId="10" StartOffset="1612"/>
<Loc EndOffset="1643" SrcFileId="10" StartOffset="1637"/>
</LocList>
<BasicStmnt CovItemId="S45" CovItemPrefix="csse376_puerto_rico.Building.java" Intrnl_Id="1492">
<LocList>
<Loc EndOffset="1569" SrcFileId="10" StartOffset="1560"/>
</LocList>
</BasicStmnt>
<BasicStmnt CovItemId="S46" CovItemPrefix="csse376_puerto_rico.Building.java" Intrnl_Id="1493">
<LocList>
<Loc EndOffset="1585" SrcFileId="10" StartOffset="1574"/>
</LocList>
</BasicStmnt>
<BasicStmnt CovItemId="S47" CovItemPrefix="csse376_puerto_rico.Building.java" Intrnl_Id="1494">
<LocList>
<Loc EndOffset="1607" SrcFileId="10" StartOffset="1590"/>
</LocList>
</BasicStmnt>
<BasicStmnt CovItemId="S48" CovItemPrefix="csse376_puerto_rico.Building.java" Intrnl_Id="1495">
<LocList>
<Loc EndOffset="1632" SrcFileId="10" StartOffset="1612"/>
</LocList>
</BasicStmnt>
<BasicStmnt CovItemId="S49" CovItemPrefix="csse376_puerto_rico.Building.java" Intrnl_Id="1496">
<LocList>
<Loc EndOffset="1643" SrcFileId="10" StartOffset="1637"/>
</LocList>
</BasicStmnt>
</StmntSeq>
</Branch>
<Branch CovItemId="B10" CovItemPrefix="csse376_puerto_rico.Building.java" Implct="false" Intrnl_Id="1497">
<Cond>
<Loc EndOffset="1662" SrcFileId="10" StartOffset="1649"/>
</Cond>
<LocList>
<Loc EndOffset="1798" SrcFileId="10" StartOffset="1715"/>
</LocList>
<StmntSeq Intrnl_Id="1498">
<LocList>
<Loc EndOffset="1724" SrcFileId="10" StartOffset="1715"/>
<Loc EndOffset="1740" SrcFileId="10" StartOffset="1729"/>
<Loc EndOffset="1762" SrcFileId="10" StartOffset="1745"/>
<Loc EndOffset="1787" SrcFileId="10" StartOffset="1767"/>
<Loc EndOffset="1798" SrcFileId="10" StartOffset="1792"/>
</LocList>
<BasicStmnt CovItemId="S50" CovItemPrefix="csse376_puerto_rico.Building.java" Intrnl_Id="1499">
<LocList>
<Loc EndOffset="1724" SrcFileId="10" StartOffset="1715"/>
</LocList>
</BasicStmnt>
<BasicStmnt CovItemId="S51" CovItemPrefix="csse376_puerto_rico.Building.java" Intrnl_Id="1500">
<LocList>
<Loc EndOffset="1740" SrcFileId="10" StartOffset="1729"/>
</LocList>
</BasicStmnt>
<BasicStmnt CovItemId="S52" CovItemPrefix="csse376_puerto_rico.Building.java" Intrnl_Id="1501">
<LocList>
<Loc EndOffset="1762" SrcFileId="10" StartOffset="1745"/>
</LocList>
</BasicStmnt>
<BasicStmnt CovItemId="S53" CovItemPrefix="csse376_puerto_rico.Building.java" Intrnl_Id="1502">
<LocList>
<Loc EndOffset="1787" SrcFileId="10" StartOffset="1767"/>
</LocList>
</BasicStmnt>
<BasicStmnt CovItemId="S54" CovItemPrefix="csse376_puerto_rico.Building.java" Intrnl_Id="1503">
<LocList>
<Loc EndOffset="1798" SrcFileId="10" StartOffset="1792"/>
</LocList>
</BasicStmnt>
</StmntSeq>
</Branch>
<Branch CovItemId="B11" CovItemPrefix="csse376_puerto_rico.Building.java" Implct="false" Intrnl_Id="1504">
<Cond>
<Loc EndOffset="1823" SrcFileId="10" StartOffset="1804"/>
</Cond>
<LocList>
<Loc EndOffset="1962" SrcFileId="10" StartOffset="1879"/>
</LocList>
<StmntSeq Intrnl_Id="1505">
<LocList>
<Loc EndOffset="1888" SrcFileId="10" StartOffset="1879"/>
<Loc EndOffset="1904" SrcFileId="10" StartOffset="1893"/>
<Loc EndOffset="1926" SrcFileId="10" StartOffset="1909"/>
<Loc EndOffset="1951" SrcFileId="10" StartOffset="1931"/>
<Loc EndOffset="1962" SrcFileId="10" StartOffset="1956"/>
</LocList>
<BasicStmnt CovItemId="S55" CovItemPrefix="csse376_puerto_rico.Building.java" Intrnl_Id="1506">
<LocList>
<Loc EndOffset="1888" SrcFileId="10" StartOffset="1879"/>
</LocList>
</BasicStmnt>
<BasicStmnt CovItemId="S56" CovItemPrefix="csse376_puerto_rico.Building.java" Intrnl_Id="1507">
<LocList>
<Loc EndOffset="1904" SrcFileId="10" StartOffset="1893"/>
</LocList>
</BasicStmnt>
<BasicStmnt CovItemId="S57" CovItemPrefix="csse376_puerto_rico.Building.java" Intrnl_Id="1508">
<LocList>
<Loc EndOffset="1926" SrcFileId="10" StartOffset="1909"/>
</LocList>
</BasicStmnt>
<BasicStmnt CovItemId="S58" CovItemPrefix="csse376_puerto_rico.Building.java" Intrnl_Id="1509">
<LocList>
<Loc EndOffset="1951" SrcFileId="10" StartOffset="1931"/>
</LocList>
</BasicStmnt>
<BasicStmnt CovItemId="S59" CovItemPrefix="csse376_puerto_rico.Building.java" Intrnl_Id="1510">
<LocList>
<Loc EndOffset="1962" SrcFileId="10" StartOffset="1956"/>
</LocList>
</BasicStmnt>
</StmntSeq>
</Branch>
<Branch CovItemId="B12" CovItemPrefix="csse376_puerto_rico.Building.java" Implct="false" Intrnl_Id="1511">
<Cond>
<Loc EndOffset="1990" SrcFileId="10" StartOffset="1968"/>
</Cond>
<LocList>
<Loc EndOffset="2176" SrcFileId="10" StartOffset="2044"/>
</LocList>
<StmntSeq Intrnl_Id="1512">
<LocList>
<Loc EndOffset="2053" SrcFileId="10" StartOffset="2044"/>
<Loc EndOffset="2069" SrcFileId="10" StartOffset="2058"/>
<Loc EndOffset="2091" SrcFileId="10" StartOffset="2074"/>
<Loc EndOffset="2116" SrcFileId="10" StartOffset="2096"/>
<Loc EndOffset="2137" SrcFileId="10" StartOffset="2121"/>
<Loc EndOffset="2165" SrcFileId="10" StartOffset="2142"/>
<Loc EndOffset="2176" SrcFileId="10" StartOffset="2170"/>
</LocList>
<BasicStmnt CovItemId="S60" CovItemPrefix="csse376_puerto_rico.Building.java" Intrnl_Id="1513">
<LocList>
<Loc EndOffset="2053" SrcFileId="10" StartOffset="2044"/>
</LocList>
</BasicStmnt>
<BasicStmnt CovItemId="S61" CovItemPrefix="csse376_puerto_rico.Building.java" Intrnl_Id="1514">
<LocList>
<Loc EndOffset="2069" SrcFileId="10" StartOffset="2058"/>
</LocList>
</BasicStmnt>
<BasicStmnt CovItemId="S62" CovItemPrefix="csse376_puerto_rico.Building.java" Intrnl_Id="1515">
<LocList>
<Loc EndOffset="2091" SrcFileId="10" StartOffset="2074"/>
</LocList>
</BasicStmnt>
<BasicStmnt CovItemId="S63" CovItemPrefix="csse376_puerto_rico.Building.java" Intrnl_Id="1516">
<LocList>
<Loc EndOffset="2116" SrcFileId="10" StartOffset="2096"/>
</LocList>
</BasicStmnt>
<BasicStmnt CovItemId="S64" CovItemPrefix="csse376_puerto_rico.Building.java" Intrnl_Id="1517">
<LocList>
<Loc EndOffset="2137" SrcFileId="10" StartOffset="2121"/>
</LocList>
</BasicStmnt>
<BasicStmnt CovItemId="S65" CovItemPrefix="csse376_puerto_rico.Building.java" Intrnl_Id="1518">
<LocList>
<Loc EndOffset="2165" SrcFileId="10" StartOffset="2142"/>
</LocList>
</BasicStmnt>
<BasicStmnt CovItemId="S66" CovItemPrefix="csse376_puerto_rico.Building.java" Intrnl_Id="1519">
<LocList>
<Loc EndOffset="2176" SrcFileId="10" StartOffset="2170"/>
</LocList>
</BasicStmnt>
</StmntSeq>
</Branch>
<Branch CovItemId="B13" CovItemPrefix="csse376_puerto_rico.Building.java" Implct="false" Intrnl_Id="1520">
<Cond>
<Loc EndOffset="2204" SrcFileId="10" StartOffset="2182"/>
</Cond>
<LocList>
<Loc EndOffset="2293" SrcFileId="10" StartOffset="2210"/>
</LocList>
<StmntSeq Intrnl_Id="1521">
<LocList>
<Loc EndOffset="2219" SrcFileId="10" StartOffset="2210"/>
<Loc EndOffset="2235" SrcFileId="10" StartOffset="2224"/>
<Loc EndOffset="2257" SrcFileId="10" StartOffset="2240"/>
<Loc EndOffset="2282" SrcFileId="10" StartOffset="2262"/>
<Loc EndOffset="2293" SrcFileId="10" StartOffset="2287"/>
</LocList>
<BasicStmnt CovItemId="S67" CovItemPrefix="csse376_puerto_rico.Building.java" Intrnl_Id="1522">
<LocList>
<Loc EndOffset="2219" SrcFileId="10" StartOffset="2210"/>
</LocList>
</BasicStmnt>
<BasicStmnt CovItemId="S68" CovItemPrefix="csse376_puerto_rico.Building.java" Intrnl_Id="1523">
<LocList>
<Loc EndOffset="2235" SrcFileId="10" StartOffset="2224"/>
</LocList>
</BasicStmnt>
<BasicStmnt CovItemId="S69" CovItemPrefix="csse376_puerto_rico.Building.java" Intrnl_Id="1524">
<LocList>
<Loc EndOffset="2257" SrcFileId="10" StartOffset="2240"/>
</LocList>
</BasicStmnt>
<BasicStmnt CovItemId="S70" CovItemPrefix="csse376_puerto_rico.Building.java" Intrnl_Id="1525">
<LocList>
<Loc EndOffset="2282" SrcFileId="10" StartOffset="2262"/>
</LocList>
</BasicStmnt>
<BasicStmnt CovItemId="S71" CovItemPrefix="csse376_puerto_rico.Building.java" Intrnl_Id="1526">
<LocList>
<Loc EndOffset="2293" SrcFileId="10" StartOffset="2287"/>
</LocList>
</BasicStmnt>
</StmntSeq>
</Branch>
<Branch CovItemId="B14" CovItemPrefix="csse376_puerto_rico.Building.java" Implct="false" Intrnl_Id="1527">
<Cond>
<Loc EndOffset="2320" SrcFileId="10" StartOffset="2299"/>
</Cond>
<LocList>
<Loc EndOffset="2409" SrcFileId="10" StartOffset="2326"/>
</LocList>
<StmntSeq Intrnl_Id="1528">
<LocList>
<Loc EndOffset="2335" SrcFileId="10" StartOffset="2326"/>
<Loc EndOffset="2351" SrcFileId="10" StartOffset="2340"/>
<Loc EndOffset="2373" SrcFileId="10" StartOffset="2356"/>
<Loc EndOffset="2398" SrcFileId="10" StartOffset="2378"/>
<Loc EndOffset="2409" SrcFileId="10" StartOffset="2403"/>
</LocList>
<BasicStmnt CovItemId="S72" CovItemPrefix="csse376_puerto_rico.Building.java" Intrnl_Id="1529">
<LocList>
<Loc EndOffset="2335" SrcFileId="10" StartOffset="2326"/>
</LocList>
</BasicStmnt>
<BasicStmnt CovItemId="S73" CovItemPrefix="csse376_puerto_rico.Building.java" Intrnl_Id="1530">
<LocList>
<Loc EndOffset="2351" SrcFileId="10" StartOffset="2340"/>
</LocList>
</BasicStmnt>
<BasicStmnt CovItemId="S74" CovItemPrefix="csse376_puerto_rico.Building.java" Intrnl_Id="1531">
<LocList>
<Loc EndOffset="2373" SrcFileId="10" StartOffset="2356"/>
</LocList>
</BasicStmnt>
<BasicStmnt CovItemId="S75" CovItemPrefix="csse376_puerto_rico.Building.java" Intrnl_Id="1532">
<LocList>
<Loc EndOffset="2398" SrcFileId="10" StartOffset="2378"/>
</LocList>
</BasicStmnt>
<BasicStmnt CovItemId="S76" CovItemPrefix="csse376_puerto_rico.Building.java" Intrnl_Id="1533">
<LocList>
<Loc EndOffset="2409" SrcFileId="10" StartOffset="2403"/>
</LocList>
</BasicStmnt>
</StmntSeq>
</Branch>
<Branch CovItemId="B15" CovItemPrefix="csse376_puerto_rico.Building.java" Implct="false" Intrnl_Id="1534">
<Cond>
<Loc EndOffset="2429" SrcFileId="10" StartOffset="2415"/>
</Cond>
<LocList>
<Loc EndOffset="2585" SrcFileId="10" StartOffset="2502"/>
</LocList>
<StmntSeq Intrnl_Id="1535">
<LocList>
<Loc EndOffset="2511" SrcFileId="10" StartOffset="2502"/>
<Loc EndOffset="2527" SrcFileId="10" StartOffset="2516"/>
<Loc EndOffset="2549" SrcFileId="10" StartOffset="2532"/>
<Loc EndOffset="2574" SrcFileId="10" StartOffset="2554"/>
<Loc EndOffset="2585" SrcFileId="10" StartOffset="2579"/>
</LocList>
<BasicStmnt CovItemId="S77" CovItemPrefix="csse376_puerto_rico.Building.java" Intrnl_Id="1536">
<LocList>
<Loc EndOffset="2511" SrcFileId="10" StartOffset="2502"/>
</LocList>
</BasicStmnt>
<BasicStmnt CovItemId="S78" CovItemPrefix="csse376_puerto_rico.Building.java" Intrnl_Id="1537">
<LocList>
<Loc EndOffset="2527" SrcFileId="10" StartOffset="2516"/>
</LocList>
</BasicStmnt>
<BasicStmnt CovItemId="S79" CovItemPrefix="csse376_puerto_rico.Building.java" Intrnl_Id="1538">
<LocList>
<Loc EndOffset="2549" SrcFileId="10" StartOffset="2532"/>
</LocList>
</BasicStmnt>
<BasicStmnt CovItemId="S80" CovItemPrefix="csse376_puerto_rico.Building.java" Intrnl_Id="1539">
<LocList>
<Loc EndOffset="2574" SrcFileId="10" StartOffset="2554"/>
</LocList>
</BasicStmnt>
<BasicStmnt CovItemId="S81" CovItemPrefix="csse376_puerto_rico.Building.java" Intrnl_Id="1540">
<LocList>
<Loc EndOffset="2585" SrcFileId="10" StartOffset="2579"/>
</LocList>
</BasicStmnt>
</StmntSeq>
</Branch>
<Branch CovItemId="B16" CovItemPrefix="csse376_puerto_rico.Building.java" Implct="false" Intrnl_Id="1541">
<Cond>
<Loc EndOffset="2608" SrcFileId="10" StartOffset="2591"/>
</Cond>
<LocList>
<Loc EndOffset="2748" SrcFileId="10" StartOffset="2665"/>
</LocList>
<StmntSeq Intrnl_Id="1542">
<LocList>
<Loc EndOffset="2674" SrcFileId="10" StartOffset="2665"/>
<Loc EndOffset="2690" SrcFileId="10" StartOffset="2679"/>
<Loc EndOffset="2712" SrcFileId="10" StartOffset="2695"/>
<Loc EndOffset="2737" SrcFileId="10" StartOffset="2717"/>
<Loc EndOffset="2748" SrcFileId="10" StartOffset="2742"/>
</LocList>
<BasicStmnt CovItemId="S82" CovItemPrefix="csse376_puerto_rico.Building.java" Intrnl_Id="1543">
<LocList>
<Loc EndOffset="2674" SrcFileId="10" StartOffset="2665"/>
</LocList>
</BasicStmnt>
<BasicStmnt CovItemId="S83" CovItemPrefix="csse376_puerto_rico.Building.java" Intrnl_Id="1544">
<LocList>
<Loc EndOffset="2690" SrcFileId="10" StartOffset="2679"/>
</LocList>
</BasicStmnt>
<BasicStmnt CovItemId="S84" CovItemPrefix="csse376_puerto_rico.Building.java" Intrnl_Id="1545">
<LocList>
<Loc EndOffset="2712" SrcFileId="10" StartOffset="2695"/>
</LocList>
</BasicStmnt>
<BasicStmnt CovItemId="S85" CovItemPrefix="csse376_puerto_rico.Building.java" Intrnl_Id="1546">
<LocList>
<Loc EndOffset="2737" SrcFileId="10" StartOffset="2717"/>
</LocList>
</BasicStmnt>
<BasicStmnt CovItemId="S86" CovItemPrefix="csse376_puerto_rico.Building.java" Intrnl_Id="1547">
<LocList>
<Loc EndOffset="2748" SrcFileId="10" StartOffset="2742"/>
</LocList>
</BasicStmnt>
</StmntSeq>
</Branch>
<Branch CovItemId="B17" CovItemPrefix="csse376_puerto_rico.Building.java" Implct="false" Intrnl_Id="1548">
<Cond>
<Loc EndOffset="2767" SrcFileId="10" StartOffset="2754"/>
</Cond>
<LocList>
<Loc EndOffset="2912" SrcFileId="10" StartOffset="2829"/>
</LocList>
<StmntSeq Intrnl_Id="1549">
<LocList>
<Loc EndOffset="2838" SrcFileId="10" StartOffset="2829"/>
<Loc EndOffset="2854" SrcFileId="10" StartOffset="2843"/>
<Loc EndOffset="2876" SrcFileId="10" StartOffset="2859"/>
<Loc EndOffset="2901" SrcFileId="10" StartOffset="2881"/>
<Loc EndOffset="2912" SrcFileId="10" StartOffset="2906"/>
</LocList>
<BasicStmnt CovItemId="S87" CovItemPrefix="csse376_puerto_rico.Building.java" Intrnl_Id="1550">
<LocList>
<Loc EndOffset="2838" SrcFileId="10" StartOffset="2829"/>
</LocList>
</BasicStmnt>
<BasicStmnt CovItemId="S88" CovItemPrefix="csse376_puerto_rico.Building.java" Intrnl_Id="1551">
<LocList>
<Loc EndOffset="2854" SrcFileId="10" StartOffset="2843"/>
</LocList>
</BasicStmnt>
<BasicStmnt CovItemId="S89" CovItemPrefix="csse376_puerto_rico.Building.java" Intrnl_Id="1552">
<LocList>
<Loc EndOffset="2876" SrcFileId="10" StartOffset="2859"/>
</LocList>
</BasicStmnt>
<BasicStmnt CovItemId="S90" CovItemPrefix="csse376_puerto_rico.Building.java" Intrnl_Id="1553">
<LocList>
<Loc EndOffset="2901" SrcFileId="10" StartOffset="2881"/>
</LocList>
</BasicStmnt>
<BasicStmnt CovItemId="S91" CovItemPrefix="csse376_puerto_rico.Building.java" Intrnl_Id="1554">
<LocList>
<Loc EndOffset="2912" SrcFileId="10" StartOffset="2906"/>
</LocList>
</BasicStmnt>
</StmntSeq>
</Branch>
<Branch CovItemId="B18" CovItemPrefix="csse376_puerto_rico.Building.java" Implct="false" Intrnl_Id="1555">
<Cond>
<Loc EndOffset="2930" SrcFileId="10" StartOffset="2918"/>
</Cond>
<LocList>
<Loc EndOffset="3057" SrcFileId="10" StartOffset="2974"/>
</LocList>
<StmntSeq Intrnl_Id="1556">
<LocList>
<Loc EndOffset="2983" SrcFileId="10" StartOffset="2974"/>
<Loc EndOffset="2999" SrcFileId="10" StartOffset="2988"/>
<Loc EndOffset="3021" SrcFileId="10" StartOffset="3004"/>
<Loc EndOffset="3046" SrcFileId="10" StartOffset="3026"/>
<Loc EndOffset="3057" SrcFileId="10" StartOffset="3051"/>
</LocList>
<BasicStmnt CovItemId="S92" CovItemPrefix="csse376_puerto_rico.Building.java" Intrnl_Id="1557">
<LocList>
<Loc EndOffset="2983" SrcFileId="10" StartOffset="2974"/>
</LocList>
</BasicStmnt>
<BasicStmnt CovItemId="S93" CovItemPrefix="csse376_puerto_rico.Building.java" Intrnl_Id="1558">
<LocList>
<Loc EndOffset="2999" SrcFileId="10" StartOffset="2988"/>
</LocList>
</BasicStmnt>
<BasicStmnt CovItemId="S94" CovItemPrefix="csse376_puerto_rico.Building.java" Intrnl_Id="1559">
<LocList>
<Loc EndOffset="3021" SrcFileId="10" StartOffset="3004"/>
</LocList>
</BasicStmnt>
<BasicStmnt CovItemId="S95" CovItemPrefix="csse376_puerto_rico.Building.java" Intrnl_Id="1560">
<LocList>
<Loc EndOffset="3046" SrcFileId="10" StartOffset="3026"/>
</LocList>
</BasicStmnt>
<BasicStmnt CovItemId="S96" CovItemPrefix="csse376_puerto_rico.Building.java" Intrnl_Id="1561">
<LocList>
<Loc EndOffset="3057" SrcFileId="10" StartOffset="3051"/>
</LocList>
</BasicStmnt>
</StmntSeq>
</Branch>
<Branch CovItemId="B19" CovItemPrefix="csse376_puerto_rico.Building.java" Implct="false" Intrnl_Id="1562">
<Cond>
<Loc EndOffset="3070" SrcFileId="10" StartOffset="3063"/>
</Cond>
<LocList>
<Loc EndOffset="3148" SrcFileId="10" StartOffset="3076"/>
</LocList>
<StmntSeq Intrnl_Id="1563">
<LocList>
<Loc EndOffset="3085" SrcFileId="10" StartOffset="3076"/>
<Loc EndOffset="3101" SrcFileId="10" StartOffset="3090"/>
<Loc EndOffset="3123" SrcFileId="10" StartOffset="3106"/>
<Loc EndOffset="3148" SrcFileId="10" StartOffset="3128"/>
</LocList>
<BasicStmnt CovItemId="S97" CovItemPrefix="csse376_puerto_rico.Building.java" Intrnl_Id="1564">
<LocList>
<Loc EndOffset="3085" SrcFileId="10" StartOffset="3076"/>
</LocList>
</BasicStmnt>
<BasicStmnt CovItemId="S98" CovItemPrefix="csse376_puerto_rico.Building.java" Intrnl_Id="1565">
<LocList>
<Loc EndOffset="3101" SrcFileId="10" StartOffset="3090"/>
</LocList>
</BasicStmnt>
<BasicStmnt CovItemId="S99" CovItemPrefix="csse376_puerto_rico.Building.java" Intrnl_Id="1566">
<LocList>
<Loc EndOffset="3123" SrcFileId="10" StartOffset="3106"/>
</LocList>
</BasicStmnt>
<BasicStmnt CovItemId="S100" CovItemPrefix="csse376_puerto_rico.Building.java" Intrnl_Id="1567">
<LocList>
<Loc EndOffset="3148" SrcFileId="10" StartOffset="3128"/>
</LocList>
</BasicStmnt>
</StmntSeq>
</Branch>
<Keyword EndOffset="307" SrcFileId="10" StartOffset="301"/>
<LocList>
<Loc EndOffset="3153" SrcFileId="10" StartOffset="301"/>
</LocList>
</CondStmnt>
</StmntSeq>
</HierarchyLvl>
<HierarchyLvl HierarchyLvlId="4263" HierarchyLvlTypeId="16" Intrnl_Id="1568" Name="isOccupied">
<Header>
<Loc EndOffset="3191" SrcFileId="10" StartOffset="3164"/>
</Header>
<LocList>
<Loc EndOffset="3258" SrcFileId="10" StartOffset="3164"/>
</LocList>
<StmntSeq Intrnl_Id="1569">
<LocList>
<Loc EndOffset="3254" SrcFileId="10" StartOffset="3197"/>
</LocList>
<BasicStmnt CovItemId="S101" CovItemPrefix="csse376_puerto_rico.Building.java" Intrnl_Id="1570">
<LocList>
<Loc EndOffset="3254" SrcFileId="10" StartOffset="3197"/>
</LocList>
</BasicStmnt>
</StmntSeq>
</HierarchyLvl>
</HierarchyLvl>
</HierarchyLvl>
</HierarchyLvl>
</MASTRoot>
<TestSession Comment="" Date="1432252064859" Name="May 21, 2015 7:47:44 PM">
<TestCase Comment="This is a test case containing all coverage results cause no startTestCase methods where captured." Date="1432252064480" Name="UNNAMED TESTCASE">
<CovList>
<CovPrefix CovItemPrefix="csse376_puerto_rico.Building.java">
<Cov CovItemId="B1" Value="6"/>
<Cov CovItemId="B10" Value="5"/>
<Cov CovItemId="B11" Value="5"/>
<Cov CovItemId="B12" Value="5"/>
<Cov CovItemId="B13" Value="5"/>
<Cov CovItemId="B14" Value="5"/>
<Cov CovItemId="B15" Value="5"/>
<Cov CovItemId="B16" Value="5"/>
<Cov CovItemId="B17" Value="5"/>
<Cov CovItemId="B18" Value="5"/>
<Cov CovItemId="B19" Value="1"/>
<Cov CovItemId="B2" Value="6"/>
<Cov CovItemId="B3" Value="6"/>
<Cov CovItemId="B4" Value="5"/>
<Cov CovItemId="B5" Value="5"/>
<Cov CovItemId="B6" Value="5"/>
<Cov CovItemId="B7" Value="5"/>
<Cov CovItemId="B8" Value="5"/>
<Cov CovItemId="B9" Value="5"/>
<Cov CovItemId="S1" Value="94"/>
<Cov CovItemId="S10" Value="6"/>
<Cov CovItemId="S100" Value="1"/>
<Cov CovItemId="S11" Value="6"/>
<Cov CovItemId="S12" Value="6"/>
<Cov CovItemId="S13" Value="6"/>
<Cov CovItemId="S14" Value="6"/>
<Cov CovItemId="S15" Value="6"/>
<Cov CovItemId="S16" Value="6"/>
<Cov CovItemId="S17" Value="6"/>
<Cov CovItemId="S18" Value="5"/>
<Cov CovItemId="S19" Value="5"/>
<Cov CovItemId="S2" Value="94"/>
<Cov CovItemId="S20" Value="5"/>
<Cov CovItemId="S21" Value="5"/>
<Cov CovItemId="S22" Value="5"/>
<Cov CovItemId="S23" Value="5"/>
<Cov CovItemId="S24" Value="5"/>
<Cov CovItemId="S25" Value="5"/>
<Cov CovItemId="S26" Value="5"/>
<Cov CovItemId="S27" Value="5"/>
<Cov CovItemId="S28" Value="5"/>
<Cov CovItemId="S29" Value="5"/>
<Cov CovItemId="S3" Value="6"/>
<Cov CovItemId="S30" Value="5"/>
<Cov CovItemId="S31" Value="5"/>
<Cov CovItemId="S32" Value="5"/>
<Cov CovItemId="S33" Value="5"/>
<Cov CovItemId="S34" Value="5"/>
<Cov CovItemId="S35" Value="5"/>
<Cov CovItemId="S36" Value="5"/>
<Cov CovItemId="S37" Value="5"/>
<Cov CovItemId="S38" Value="5"/>
<Cov CovItemId="S39" Value="5"/>
<Cov CovItemId="S4" Value="6"/>
<Cov CovItemId="S40" Value="5"/>
<Cov CovItemId="S41" Value="5"/>
<Cov CovItemId="S42" Value="5"/>
<Cov CovItemId="S43" Value="5"/>
<Cov CovItemId="S44" Value="5"/>
<Cov CovItemId="S45" Value="5"/>
<Cov CovItemId="S46" Value="5"/>
<Cov CovItemId="S47" Value="5"/>
<Cov CovItemId="S48" Value="5"/>
<Cov CovItemId="S49" Value="5"/>
<Cov CovItemId="S5" Value="6"/>
<Cov CovItemId="S50" Value="5"/>
<Cov CovItemId="S51" Value="5"/>
<Cov CovItemId="S52" Value="5"/>
<Cov CovItemId="S53" Value="5"/>
<Cov CovItemId="S54" Value="5"/>
<Cov CovItemId="S55" Value="5"/>
<Cov CovItemId="S56" Value="5"/>
<Cov CovItemId="S57" Value="5"/>
<Cov CovItemId="S58" Value="5"/>
<Cov CovItemId="S59" Value="5"/>
<Cov CovItemId="S6" Value="6"/>
<Cov CovItemId="S60" Value="5"/>
<Cov CovItemId="S61" Value="5"/>
<Cov CovItemId="S62" Value="5"/>
<Cov CovItemId="S63" Value="5"/>
<Cov CovItemId="S64" Value="5"/>
<Cov CovItemId="S65" Value="5"/>
<Cov CovItemId="S66" Value="5"/>
<Cov CovItemId="S67" Value="5"/>
<Cov CovItemId="S68" Value="5"/>
<Cov CovItemId="S69" Value="5"/>
<Cov CovItemId="S7" Value="6"/>
<Cov CovItemId="S70" Value="5"/>
<Cov CovItemId="S71" Value="5"/>
<Cov CovItemId="S72" Value="5"/>
<Cov CovItemId="S73" Value="5"/>
<Cov CovItemId="S74" Value="5"/>
<Cov CovItemId="S75" Value="5"/>
<Cov CovItemId="S76" Value="5"/>
<Cov CovItemId="S77" Value="5"/>
<Cov CovItemId="S78" Value="5"/>
<Cov CovItemId="S79" Value="5"/>
<Cov CovItemId="S8" Value="6"/>
<Cov CovItemId="S80" Value="5"/>
<Cov CovItemId="S81" Value="5"/>
<Cov CovItemId="S82" Value="5"/>
<Cov CovItemId="S83" Value="5"/>
<Cov CovItemId="S84" Value="5"/>
<Cov CovItemId="S85" Value="5"/>
<Cov CovItemId="S86" Value="5"/>
<Cov CovItemId="S87" Value="5"/>
<Cov CovItemId="S88" Value="5"/>
<Cov CovItemId="S89" Value="5"/>
<Cov CovItemId="S9" Value="6"/>
<Cov CovItemId="S90" Value="5"/>
<Cov CovItemId="S91" Value="5"/>
<Cov CovItemId="S92" Value="5"/>
<Cov CovItemId="S93" Value="5"/>
<Cov CovItemId="S94" Value="5"/>
<Cov CovItemId="S95" Value="5"/>
<Cov CovItemId="S96" Value="5"/>
<Cov CovItemId="S97" Value="1"/>
<Cov CovItemId="S98" Value="1"/>
<Cov CovItemId="S99" Value="1"/>
</CovPrefix>
<CovPrefix CovItemPrefix="csse376_puerto_rico.Buildings.java">
<Cov CovItemId="L1-2" Value="5"/>
<Cov CovItemId="S1" Value="5"/>
<Cov CovItemId="S2" Value="5"/>
<Cov CovItemId="S3" Value="5"/>
<Cov CovItemId="S4" Value="90"/>
<Cov CovItemId="S5" Value="3"/>
<Cov CovItemId="S6" Value="1"/>
</CovPrefix>
<CovPrefix CovItemPrefix="csse376_puerto_rico.GameBoardGUI.java">
<Cov CovItemId="S1" Value="2"/>
<Cov CovItemId="S2" Value="2"/>
<Cov CovItemId="S3" Value="2"/>
<Cov CovItemId="S4" Value="2"/>
<Cov CovItemId="S5" Value="2"/>
<Cov CovItemId="S6" Value="2"/>
<Cov CovItemId="S7" Value="2"/>
<Cov CovItemId="S8" Value="2"/>
<Cov CovItemId="S91" Value="1"/>
</CovPrefix>
<CovPrefix CovItemPrefix="csse376_puerto_rico.GameState.java">
<Cov CovItemId="B1" Value="2"/>
<Cov CovItemId="L1-2" Value="2"/>
<Cov CovItemId="S1" Value="2"/>
<Cov CovItemId="S10" Value="2"/>
<Cov CovItemId="S11" Value="6"/>
<Cov CovItemId="S12" Value="2"/>
<Cov CovItemId="S13" Value="2"/>
<Cov CovItemId="S14" Value="2"/>
<Cov CovItemId="S15" Value="2"/>
<Cov CovItemId="S16" Value="2"/>
<Cov CovItemId="S17" Value="2"/>
<Cov CovItemId="S18" Value="2"/>
<Cov CovItemId="S19" Value="2"/>
<Cov CovItemId="S2" Value="2"/>
<Cov CovItemId="S20" Value="2"/>
<Cov CovItemId="S21" Value="2"/>
<Cov CovItemId="S22" Value="2"/>
<Cov CovItemId="S23" Value="2"/>
<Cov CovItemId="S24" Value="2"/>
<Cov CovItemId="S25" Value="2"/>
<Cov CovItemId="S3" Value="2"/>
<Cov CovItemId="S37" Value="2"/>
<Cov CovItemId="S38" Value="2"/>
<Cov CovItemId="S39" Value="2"/>
<Cov CovItemId="S4" Value="2"/>
<Cov CovItemId="S5" Value="2"/>
<Cov CovItemId="S6" Value="2"/>
<Cov CovItemId="S7" Value="2"/>
<Cov CovItemId="S8" Value="2"/>
<Cov CovItemId="S9" Value="1"/>
</CovPrefix>
<CovPrefix CovItemPrefix="csse376_puerto_rico.Player.java">
<Cov CovItemId="B1" Value="2"/>
<Cov CovItemId="B10" Value="1"/>
<Cov CovItemId="B2" Value="1"/>
<Cov CovItemId="B3" Value="2"/>
<Cov CovItemId="B4" Value="1"/>
<Cov CovItemId="B8" Value="22"/>
<Cov CovItemId="L1-2" Value="40"/>
<Cov CovItemId="L2-2" Value="10"/>
<Cov CovItemId="L3-1" Value="2"/>
<Cov CovItemId="L3-2" Value="5"/>
<Cov CovItemId="L4-1" Value="1"/>
<Cov CovItemId="L4-2" Value="1"/>
<Cov CovItemId="L7-0" Value="1"/>
<Cov CovItemId="L8-0" Value="1"/>
<Cov CovItemId="L9-0" Value="1"/>
<Cov CovItemId="L9-1" Value="6"/>
<Cov CovItemId="L9-2" Value="1"/>
<Cov CovItemId="S1" Value="50"/>
<Cov CovItemId="S10" Value="40"/>
<Cov CovItemId="S11" Value="40"/>
<Cov CovItemId="S12" Value="40"/>
<Cov CovItemId="S13" Value="40"/>
<Cov CovItemId="S14" Value="200"/>
<Cov CovItemId="S15" Value="10"/>
<Cov CovItemId="S16" Value="10"/>
<Cov CovItemId="S17" Value="10"/>
<Cov CovItemId="S18" Value="10"/>
<Cov CovItemId="S19" Value="10"/>
<Cov CovItemId="S2" Value="50"/>
<Cov CovItemId="S20" Value="10"/>
<Cov CovItemId="S21" Value="50"/>
<Cov CovItemId="S22" Value="1"/>
<Cov CovItemId="S23" Value="1"/>
<Cov CovItemId="S24" Value="8"/>
<Cov CovItemId="S25" Value="5"/>
<Cov CovItemId="S26" Value="6"/>
<Cov CovItemId="S27" Value="2"/>
<Cov CovItemId="S28" Value="1"/>
<Cov CovItemId="S29" Value="2"/>
<Cov CovItemId="S3" Value="14"/>
<Cov CovItemId="S30" Value="2"/>
<Cov CovItemId="S31" Value="2"/>
<Cov CovItemId="S32" Value="1"/>
<Cov CovItemId="S33" Value="4"/>
<Cov CovItemId="S34" Value="3"/>
<Cov CovItemId="S36" Value="7"/>
<Cov CovItemId="S37" Value="7"/>
<Cov CovItemId="S38" Value="12"/>
<Cov CovItemId="S39" Value="7"/>
<Cov CovItemId="S4" Value="14"/>
<Cov CovItemId="S41" Value="3"/>
<Cov CovItemId="S42" Value="2"/>
<Cov CovItemId="S43" Value="3"/>
<Cov CovItemId="S44" Value="2"/>
<Cov CovItemId="S45" Value="1"/>
<Cov CovItemId="S5" Value="50"/>
<Cov CovItemId="S55" Value="2"/>
<Cov CovItemId="S56" Value="2"/>
<Cov CovItemId="S57" Value="2"/>
<Cov CovItemId="S58" Value="2"/>
<Cov CovItemId="S59" Value="2"/>
<Cov CovItemId="S6" Value="50"/>
<Cov CovItemId="S60" Value="2"/>
<Cov CovItemId="S61" Value="2"/>
<Cov CovItemId="S62" Value="2"/>
<Cov CovItemId="S63" Value="22"/>
<Cov CovItemId="S65" Value="22"/>
<Cov CovItemId="S66" Value="50"/>
<Cov CovItemId="S67" Value="50"/>
<Cov CovItemId="S68" Value="50"/>
<Cov CovItemId="S69" Value="11"/>
<Cov CovItemId="S7" Value="1"/>
<Cov CovItemId="S70" Value="1"/>
<Cov CovItemId="S71" Value="1"/>
<Cov CovItemId="S72" Value="1"/>
<Cov CovItemId="S73" Value="1"/>
<Cov CovItemId="S74" Value="1"/>
<Cov CovItemId="S76" Value="1"/>
<Cov CovItemId="S78" Value="1"/>
<Cov CovItemId="S8" Value="40"/>
<Cov CovItemId="S80" Value="1"/>
<Cov CovItemId="S81" Value="1"/>
<Cov CovItemId="S83" Value="9"/>
<Cov CovItemId="S84" Value="6"/>
<Cov CovItemId="S85" Value="8"/>
<Cov CovItemId="S86" Value="8"/>
<Cov CovItemId="S87" Value="8"/>
<Cov CovItemId="S88" Value="8"/>
<Cov CovItemId="S9" Value="40"/>
<Cov CovItemId="S93" Value="6"/>
<Cov CovItemId="S94" Value="1"/>
</CovPrefix>
<CovPrefix CovItemPrefix="csse376_puerto_rico.PlayerRoles.java">
<Cov CovItemId="S1" Value="1"/>
<Cov CovItemId="S10" Value="2"/>
<Cov CovItemId="S11" Value="2"/>
<Cov CovItemId="S12" Value="2"/>
<Cov CovItemId="S13" Value="2"/>
<Cov CovItemId="S14" Value="2"/>
<Cov CovItemId="S15" Value="2"/>
<Cov CovItemId="S16" Value="2"/>
<Cov CovItemId="S2" Value="1"/>
<Cov CovItemId="S3" Value="1"/>
<Cov CovItemId="S4" Value="1"/>
<Cov CovItemId="S5" Value="1"/>
<Cov CovItemId="S6" Value="1"/>
<Cov CovItemId="S7" Value="1"/>
<Cov CovItemId="S8" Value="2"/>
<Cov CovItemId="S9" Value="2"/>
</CovPrefix>
</CovList>
<AssgnmntList>
<AssgnmntPrefix RootTermCovItemPrefix="csse376_puerto_rico.GameState.java">
<AssgnmntListEntry Length="1" RootTermCovItemId="C1">
<MapEntry BoolAssgnmnt="1" Value="2"/>
</AssgnmntListEntry>
</AssgnmntPrefix>
<AssgnmntPrefix RootTermCovItemPrefix="csse376_puerto_rico.Player.java">
<AssgnmntListEntry Length="1" RootTermCovItemId="C1">
<MapEntry BoolAssgnmnt="0" Value="1"/>
<MapEntry BoolAssgnmnt="1" Value="2"/>
</AssgnmntListEntry>
<AssgnmntListEntry Length="1" RootTermCovItemId="C2">
<MapEntry BoolAssgnmnt="0" Value="1"/>
<MapEntry BoolAssgnmnt="1" Value="2"/>
</AssgnmntListEntry>
<AssgnmntListEntry Length="1" RootTermCovItemId="C4">
<MapEntry BoolAssgnmnt="0" Value="22"/>
</AssgnmntListEntry>
<AssgnmntListEntry Length="1" RootTermCovItemId="C5">
<MapEntry BoolAssgnmnt="0" Value="1"/>
</AssgnmntListEntry>
<AssgnmntListEntry Length="1" RootTermCovItemId="C6">
<MapEntry BoolAssgnmnt="0" Value="1"/>
</AssgnmntListEntry>
<AssgnmntListEntry Length="1" RootTermCovItemId="C7">
<MapEntry BoolAssgnmnt="0" Value="1"/>
</AssgnmntListEntry>
</AssgnmntPrefix>
</AssgnmntList>
<ObjMetaDataList/>
<MetaDataList/>
</TestCase>
<MetaDataList/>
</TestSession>
<TestSession Comment="" Date="1432252092214" Name="May 21, 2015 7:48:12 PM">
<TestCase Comment="This is a test case containing all coverage results cause no startTestCase methods where captured." Date="1432252091897" Name="UNNAMED TESTCASE">
<CovList>
<CovPrefix CovItemPrefix="csse376_puerto_rico.Building.java">
<Cov CovItemId="B1" Value="6"/>
<Cov CovItemId="B10" Value="5"/>
<Cov CovItemId="B11" Value="5"/>
<Cov CovItemId="B12" Value="5"/>
<Cov CovItemId="B13" Value="5"/>
<Cov CovItemId="B14" Value="5"/>
<Cov CovItemId="B15" Value="5"/>
<Cov CovItemId="B16" Value="5"/>
<Cov CovItemId="B17" Value="5"/>
<Cov CovItemId="B18" Value="5"/>
<Cov CovItemId="B19" Value="1"/>
<Cov CovItemId="B2" Value="6"/>
<Cov CovItemId="B3" Value="6"/>
<Cov CovItemId="B4" Value="5"/>
<Cov CovItemId="B5" Value="5"/>
<Cov CovItemId="B6" Value="5"/>
<Cov CovItemId="B7" Value="5"/>
<Cov CovItemId="B8" Value="5"/>
<Cov CovItemId="B9" Value="5"/>
<Cov CovItemId="S1" Value="94"/>
<Cov CovItemId="S10" Value="6"/>
<Cov CovItemId="S100" Value="1"/>
<Cov CovItemId="S11" Value="6"/>
<Cov CovItemId="S12" Value="6"/>
<Cov CovItemId="S13" Value="6"/>
<Cov CovItemId="S14" Value="6"/>
<Cov CovItemId="S15" Value="6"/>
<Cov CovItemId="S16" Value="6"/>
<Cov CovItemId="S17" Value="6"/>
<Cov CovItemId="S18" Value="5"/>
<Cov CovItemId="S19" Value="5"/>
<Cov CovItemId="S2" Value="94"/>
<Cov CovItemId="S20" Value="5"/>
<Cov CovItemId="S21" Value="5"/>
<Cov CovItemId="S22" Value="5"/>
<Cov CovItemId="S23" Value="5"/>
<Cov CovItemId="S24" Value="5"/>
<Cov CovItemId="S25" Value="5"/>
<Cov CovItemId="S26" Value="5"/>
<Cov CovItemId="S27" Value="5"/>
<Cov CovItemId="S28" Value="5"/>
<Cov CovItemId="S29" Value="5"/>
<Cov CovItemId="S3" Value="6"/>
<Cov CovItemId="S30" Value="5"/>
<Cov CovItemId="S31" Value="5"/>
<Cov CovItemId="S32" Value="5"/>
<Cov CovItemId="S33" Value="5"/>
<Cov CovItemId="S34" Value="5"/>
<Cov CovItemId="S35" Value="5"/>
<Cov CovItemId="S36" Value="5"/>
<Cov CovItemId="S37" Value="5"/>
<Cov CovItemId="S38" Value="5"/>
<Cov CovItemId="S39" Value="5"/>
<Cov CovItemId="S4" Value="6"/>
<Cov CovItemId="S40" Value="5"/>
<Cov CovItemId="S41" Value="5"/>
<Cov CovItemId="S42" Value="5"/>
<Cov CovItemId="S43" Value="5"/>
<Cov CovItemId="S44" Value="5"/>
<Cov CovItemId="S45" Value="5"/>
<Cov CovItemId="S46" Value="5"/>
<Cov CovItemId="S47" Value="5"/>
<Cov CovItemId="S48" Value="5"/>
<Cov CovItemId="S49" Value="5"/>
<Cov CovItemId="S5" Value="6"/>
<Cov CovItemId="S50" Value="5"/>
<Cov CovItemId="S51" Value="5"/>
<Cov CovItemId="S52" Value="5"/>
<Cov CovItemId="S53" Value="5"/>
<Cov CovItemId="S54" Value="5"/>
<Cov CovItemId="S55" Value="5"/>
<Cov CovItemId="S56" Value="5"/>
<Cov CovItemId="S57" Value="5"/>
<Cov CovItemId="S58" Value="5"/>
<Cov CovItemId="S59" Value="5"/>
<Cov CovItemId="S6" Value="6"/>
<Cov CovItemId="S60" Value="5"/>
<Cov CovItemId="S61" Value="5"/>
<Cov CovItemId="S62" Value="5"/>
<Cov CovItemId="S63" Value="5"/>
<Cov CovItemId="S64" Value="5"/>
<Cov CovItemId="S65" Value="5"/>
<Cov CovItemId="S66" Value="5"/>
<Cov CovItemId="S67" Value="5"/>
<Cov CovItemId="S68" Value="5"/>
<Cov CovItemId="S69" Value="5"/>
<Cov CovItemId="S7" Value="6"/>
<Cov CovItemId="S70" Value="5"/>
<Cov CovItemId="S71" Value="5"/>
<Cov CovItemId="S72" Value="5"/>
<Cov CovItemId="S73" Value="5"/>
<Cov CovItemId="S74" Value="5"/>
<Cov CovItemId="S75" Value="5"/>
<Cov CovItemId="S76" Value="5"/>
<Cov CovItemId="S77" Value="5"/>
<Cov CovItemId="S78" Value="5"/>
<Cov CovItemId="S79" Value="5"/>
<Cov CovItemId="S8" Value="6"/>
<Cov CovItemId="S80" Value="5"/>
<Cov CovItemId="S81" Value="5"/>
<Cov CovItemId="S82" Value="5"/>
<Cov CovItemId="S83" Value="5"/>
<Cov CovItemId="S84" Value="5"/>
<Cov CovItemId="S85" Value="5"/>
<Cov CovItemId="S86" Value="5"/>
<Cov CovItemId="S87" Value="5"/>
<Cov CovItemId="S88" Value="5"/>
<Cov CovItemId="S89" Value="5"/>
<Cov CovItemId="S9" Value="6"/>
<Cov CovItemId="S90" Value="5"/>
<Cov CovItemId="S91" Value="5"/>
<Cov CovItemId="S92" Value="5"/>
<Cov CovItemId="S93" Value="5"/>
<Cov CovItemId="S94" Value="5"/>
<Cov CovItemId="S95" Value="5"/>
<Cov CovItemId="S96" Value="5"/>
<Cov CovItemId="S97" Value="1"/>
<Cov CovItemId="S98" Value="1"/>
<Cov CovItemId="S99" Value="1"/>
</CovPrefix>
<CovPrefix CovItemPrefix="csse376_puerto_rico.Buildings.java">
<Cov CovItemId="L1-2" Value="5"/>
<Cov CovItemId="S1" Value="5"/>
<Cov CovItemId="S2" Value="5"/>
<Cov CovItemId="S3" Value="5"/>
<Cov CovItemId="S4" Value="90"/>
<Cov CovItemId="S5" Value="3"/>
<Cov CovItemId="S6" Value="1"/>
</CovPrefix>
<CovPrefix CovItemPrefix="csse376_puerto_rico.GameBoardGUI.java">
<Cov CovItemId="S1" Value="2"/>
<Cov CovItemId="S2" Value="2"/>
<Cov CovItemId="S3" Value="2"/>
<Cov CovItemId="S4" Value="2"/>
<Cov CovItemId="S5" Value="2"/>
<Cov CovItemId="S6" Value="2"/>
<Cov CovItemId="S7" Value="2"/>
<Cov CovItemId="S8" Value="2"/>
<Cov CovItemId="S91" Value="1"/>
</CovPrefix>
<CovPrefix CovItemPrefix="csse376_puerto_rico.GameState.java">
<Cov CovItemId="B1" Value="2"/>
<Cov CovItemId="L1-2" Value="2"/>
<Cov CovItemId="S1" Value="2"/>
<Cov CovItemId="S10" Value="2"/>
<Cov CovItemId="S11" Value="6"/>
<Cov CovItemId="S12" Value="2"/>
<Cov CovItemId="S13" Value="2"/>
<Cov CovItemId="S14" Value="2"/>
<Cov CovItemId="S15" Value="2"/>
<Cov CovItemId="S16" Value="2"/>
<Cov CovItemId="S17" Value="2"/>
<Cov CovItemId="S18" Value="2"/>
<Cov CovItemId="S19" Value="2"/>
<Cov CovItemId="S2" Value="2"/>
<Cov CovItemId="S20" Value="2"/>
<Cov CovItemId="S21" Value="2"/>
<Cov CovItemId="S22" Value="2"/>
<Cov CovItemId="S23" Value="2"/>
<Cov CovItemId="S24" Value="2"/>
<Cov CovItemId="S25" Value="2"/>
<Cov CovItemId="S3" Value="2"/>
<Cov CovItemId="S37" Value="2"/>
<Cov CovItemId="S38" Value="2"/>
<Cov CovItemId="S39" Value="2"/>
<Cov CovItemId="S4" Value="2"/>
<Cov CovItemId="S5" Value="2"/>
<Cov CovItemId="S6" Value="2"/>
<Cov CovItemId="S7" Value="2"/>
<Cov CovItemId="S8" Value="2"/>
<Cov CovItemId="S9" Value="1"/>
</CovPrefix>
<CovPrefix CovItemPrefix="csse376_puerto_rico.Player.java">
<Cov CovItemId="B1" Value="2"/>
<Cov CovItemId="B10" Value="1"/>
<Cov CovItemId="B2" Value="1"/>
<Cov CovItemId="B3" Value="2"/>
<Cov CovItemId="B4" Value="1"/>
<Cov CovItemId="B8" Value="22"/>
<Cov CovItemId="L1-2" Value="40"/>
<Cov CovItemId="L2-2" Value="10"/>
<Cov CovItemId="L3-1" Value="2"/>
<Cov CovItemId="L3-2" Value="5"/>
<Cov CovItemId="L4-1" Value="1"/>
<Cov CovItemId="L4-2" Value="1"/>
<Cov CovItemId="L7-0" Value="1"/>
<Cov CovItemId="L8-0" Value="1"/>
<Cov CovItemId="L9-0" Value="1"/>
<Cov CovItemId="L9-1" Value="6"/>
<Cov CovItemId="L9-2" Value="1"/>
<Cov CovItemId="S1" Value="50"/>
<Cov CovItemId="S10" Value="40"/>
<Cov CovItemId="S11" Value="40"/>
<Cov CovItemId="S12" Value="40"/>
<Cov CovItemId="S13" Value="40"/>
<Cov CovItemId="S14" Value="200"/>
<Cov CovItemId="S15" Value="10"/>
<Cov CovItemId="S16" Value="10"/>
<Cov CovItemId="S17" Value="10"/>
<Cov CovItemId="S18" Value="10"/>
<Cov CovItemId="S19" Value="10"/>
<Cov CovItemId="S2" Value="50"/>
<Cov CovItemId="S20" Value="10"/>
<Cov CovItemId="S21" Value="50"/>
<Cov CovItemId="S22" Value="1"/>
<Cov CovItemId="S23" Value="1"/>
<Cov CovItemId="S24" Value="8"/>
<Cov CovItemId="S25" Value="5"/>
<Cov CovItemId="S26" Value="6"/>
<Cov CovItemId="S27" Value="2"/>
<Cov CovItemId="S28" Value="1"/>
<Cov CovItemId="S29" Value="2"/>
<Cov CovItemId="S3" Value="14"/>
<Cov CovItemId="S30" Value="2"/>
<Cov CovItemId="S31" Value="2"/>
<Cov CovItemId="S32" Value="1"/>
<Cov CovItemId="S33" Value="4"/>
<Cov CovItemId="S34" Value="3"/>
<Cov CovItemId="S36" Value="7"/>
<Cov CovItemId="S37" Value="7"/>
<Cov CovItemId="S38" Value="12"/>
<Cov CovItemId="S39" Value="7"/>
<Cov CovItemId="S4" Value="14"/>
<Cov CovItemId="S41" Value="3"/>
<Cov CovItemId="S42" Value="2"/>
<Cov CovItemId="S43" Value="3"/>
<Cov CovItemId="S44" Value="2"/>
<Cov CovItemId="S45" Value="1"/>
<Cov CovItemId="S5" Value="50"/>
<Cov CovItemId="S55" Value="2"/>
<Cov CovItemId="S56" Value="2"/>
<Cov CovItemId="S57" Value="2"/>
<Cov CovItemId="S58" Value="2"/>
<Cov CovItemId="S59" Value="2"/>
<Cov CovItemId="S6" Value="50"/>
<Cov CovItemId="S60" Value="2"/>
<Cov CovItemId="S61" Value="2"/>
<Cov CovItemId="S62" Value="2"/>
<Cov CovItemId="S63" Value="22"/>
<Cov CovItemId="S65" Value="22"/>
<Cov CovItemId="S66" Value="50"/>
<Cov CovItemId="S67" Value="50"/>
<Cov CovItemId="S68" Value="50"/>
<Cov CovItemId="S69" Value="11"/>
<Cov CovItemId="S7" Value="1"/>
<Cov CovItemId="S70" Value="1"/>
<Cov CovItemId="S71" Value="1"/>
<Cov CovItemId="S72" Value="1"/>
<Cov CovItemId="S73" Value="1"/>
<Cov CovItemId="S74" Value="1"/>
<Cov CovItemId="S76" Value="1"/>
<Cov CovItemId="S78" Value="1"/>
<Cov CovItemId="S8" Value="40"/>
<Cov CovItemId="S80" Value="1"/>
<Cov CovItemId="S81" Value="1"/>
<Cov CovItemId="S83" Value="9"/>
<Cov CovItemId="S84" Value="6"/>
<Cov CovItemId="S85" Value="8"/>
<Cov CovItemId="S86" Value="8"/>
<Cov CovItemId="S87" Value="8"/>
<Cov CovItemId="S88" Value="8"/>
<Cov CovItemId="S9" Value="40"/>
<Cov CovItemId="S93" Value="6"/>
<Cov CovItemId="S94" Value="1"/>
</CovPrefix>
<CovPrefix CovItemPrefix="csse376_puerto_rico.PlayerRoles.java">
<Cov CovItemId="S1" Value="1"/>
<Cov CovItemId="S10" Value="2"/>
<Cov CovItemId="S11" Value="2"/>
<Cov CovItemId="S12" Value="2"/>
<Cov CovItemId="S13" Value="2"/>
<Cov CovItemId="S14" Value="2"/>
<Cov CovItemId="S15" Value="2"/>
<Cov CovItemId="S16" Value="2"/>
<Cov CovItemId="S2" Value="1"/>
<Cov CovItemId="S3" Value="1"/>
<Cov CovItemId="S4" Value="1"/>
<Cov CovItemId="S5" Value="1"/>
<Cov CovItemId="S6" Value="1"/>
<Cov CovItemId="S7" Value="1"/>
<Cov CovItemId="S8" Value="2"/>
<Cov CovItemId="S9" Value="2"/>
</CovPrefix>
</CovList>
<AssgnmntList>
<AssgnmntPrefix RootTermCovItemPrefix="csse376_puerto_rico.GameState.java">
<AssgnmntListEntry Length="1" RootTermCovItemId="C1">
<MapEntry BoolAssgnmnt="1" Value="2"/>
</AssgnmntListEntry>
</AssgnmntPrefix>
<AssgnmntPrefix RootTermCovItemPrefix="csse376_puerto_rico.Player.java">
<AssgnmntListEntry Length="1" RootTermCovItemId="C1">
<MapEntry BoolAssgnmnt="0" Value="1"/>
<MapEntry BoolAssgnmnt="1" Value="2"/>
</AssgnmntListEntry>
<AssgnmntListEntry Length="1" RootTermCovItemId="C2">
<MapEntry BoolAssgnmnt="0" Value="1"/>
<MapEntry BoolAssgnmnt="1" Value="2"/>
</AssgnmntListEntry>
<AssgnmntListEntry Length="1" RootTermCovItemId="C4">
<MapEntry BoolAssgnmnt="0" Value="22"/>
</AssgnmntListEntry>
<AssgnmntListEntry Length="1" RootTermCovItemId="C5">
<MapEntry BoolAssgnmnt="0" Value="1"/>
</AssgnmntListEntry>
<AssgnmntListEntry Length="1" RootTermCovItemId="C6">
<MapEntry BoolAssgnmnt="0" Value="1"/>
</AssgnmntListEntry>
<AssgnmntListEntry Length="1" RootTermCovItemId="C7">
<MapEntry BoolAssgnmnt="0" Value="1"/>
</AssgnmntListEntry>
</AssgnmntPrefix>
</AssgnmntList>
<ObjMetaDataList/>
<MetaDataList/>
</TestCase>
<MetaDataList/>
</TestSession>
<TestSession Comment="" Date="1432252258444" Name="May 21, 2015 7:50:58 PM">
<TestCase Comment="This is a test case containing all coverage results cause no startTestCase methods where captured." Date="1432252258133" Name="UNNAMED TESTCASE">
<CovList>
<CovPrefix CovItemPrefix="csse376_puerto_rico.Building.java">
<Cov CovItemId="B1" Value="6"/>
<Cov CovItemId="B10" Value="5"/>
<Cov CovItemId="B11" Value="5"/>
<Cov CovItemId="B12" Value="5"/>
<Cov CovItemId="B13" Value="5"/>
<Cov CovItemId="B14" Value="5"/>
<Cov CovItemId="B15" Value="5"/>
<Cov CovItemId="B16" Value="5"/>
<Cov CovItemId="B17" Value="5"/>
<Cov CovItemId="B18" Value="5"/>
<Cov CovItemId="B19" Value="1"/>
<Cov CovItemId="B2" Value="6"/>
<Cov CovItemId="B3" Value="6"/>
<Cov CovItemId="B4" Value="5"/>
<Cov CovItemId="B5" Value="5"/>
<Cov CovItemId="B6" Value="5"/>
<Cov CovItemId="B7" Value="5"/>
<Cov CovItemId="B8" Value="5"/>
<Cov CovItemId="B9" Value="5"/>
<Cov CovItemId="S1" Value="94"/>
<Cov CovItemId="S10" Value="6"/>
<Cov CovItemId="S100" Value="1"/>
<Cov CovItemId="S11" Value="6"/>
<Cov CovItemId="S12" Value="6"/>
<Cov CovItemId="S13" Value="6"/>
<Cov CovItemId="S14" Value="6"/>
<Cov CovItemId="S15" Value="6"/>
<Cov CovItemId="S16" Value="6"/>
<Cov CovItemId="S17" Value="6"/>
<Cov CovItemId="S18" Value="5"/>
<Cov CovItemId="S19" Value="5"/>
<Cov CovItemId="S2" Value="94"/>
<Cov CovItemId="S20" Value="5"/>
<Cov CovItemId="S21" Value="5"/>
<Cov CovItemId="S22" Value="5"/>
<Cov CovItemId="S23" Value="5"/>
<Cov CovItemId="S24" Value="5"/>
<Cov CovItemId="S25" Value="5"/>
<Cov CovItemId="S26" Value="5"/>
<Cov CovItemId="S27" Value="5"/>
<Cov CovItemId="S28" Value="5"/>
<Cov CovItemId="S29" Value="5"/>
<Cov CovItemId="S3" Value="6"/>
<Cov CovItemId="S30" Value="5"/>
<Cov CovItemId="S31" Value="5"/>
<Cov CovItemId="S32" Value="5"/>
<Cov CovItemId="S33" Value="5"/>
<Cov CovItemId="S34" Value="5"/>
<Cov CovItemId="S35" Value="5"/>
<Cov CovItemId="S36" Value="5"/>
<Cov CovItemId="S37" Value="5"/>
<Cov CovItemId="S38" Value="5"/>
<Cov CovItemId="S39" Value="5"/>
<Cov CovItemId="S4" Value="6"/>
<Cov CovItemId="S40" Value="5"/>
<Cov CovItemId="S41" Value="5"/>
<Cov CovItemId="S42" Value="5"/>
<Cov CovItemId="S43" Value="5"/>
<Cov CovItemId="S44" Value="5"/>
<Cov CovItemId="S45" Value="5"/>
<Cov CovItemId="S46" Value="5"/>
<Cov CovItemId="S47" Value="5"/>
<Cov CovItemId="S48" Value="5"/>
<Cov CovItemId="S49" Value="5"/>
<Cov CovItemId="S5" Value="6"/>
<Cov CovItemId="S50" Value="5"/>
<Cov CovItemId="S51" Value="5"/>
<Cov CovItemId="S52" Value="5"/>
<Cov CovItemId="S53" Value="5"/>
<Cov CovItemId="S54" Value="5"/>
<Cov CovItemId="S55" Value="5"/>
<Cov CovItemId="S56" Value="5"/>
<Cov CovItemId="S57" Value="5"/>
<Cov CovItemId="S58" Value="5"/>
<Cov CovItemId="S59" Value="5"/>
<Cov CovItemId="S6" Value="6"/>
<Cov CovItemId="S60" Value="5"/>
<Cov CovItemId="S61" Value="5"/>
<Cov CovItemId="S62" Value="5"/>
<Cov CovItemId="S63" Value="5"/>
<Cov CovItemId="S64" Value="5"/>
<Cov CovItemId="S65" Value="5"/>
<Cov CovItemId="S66" Value="5"/>
<Cov CovItemId="S67" Value="5"/>
<Cov CovItemId="S68" Value="5"/>
<Cov CovItemId="S69" Value="5"/>
<Cov CovItemId="S7" Value="6"/>
<Cov CovItemId="S70" Value="5"/>
<Cov CovItemId="S71" Value="5"/>
<Cov CovItemId="S72" Value="5"/>
<Cov CovItemId="S73" Value="5"/>
<Cov CovItemId="S74" Value="5"/>
<Cov CovItemId="S75" Value="5"/>
<Cov CovItemId="S76" Value="5"/>
<Cov CovItemId="S77" Value="5"/>
<Cov CovItemId="S78" Value="5"/>
<Cov CovItemId="S79" Value="5"/>
<Cov CovItemId="S8" Value="6"/>
<Cov CovItemId="S80" Value="5"/>
<Cov CovItemId="S81" Value="5"/>
<Cov CovItemId="S82" Value="5"/>
<Cov CovItemId="S83" Value="5"/>
<Cov CovItemId="S84" Value="5"/>
<Cov CovItemId="S85" Value="5"/>
<Cov CovItemId="S86" Value="5"/>
<Cov CovItemId="S87" Value="5"/>
<Cov CovItemId="S88" Value="5"/>
<Cov CovItemId="S89" Value="5"/>
<Cov CovItemId="S9" Value="6"/>
<Cov CovItemId="S90" Value="5"/>
<Cov CovItemId="S91" Value="5"/>
<Cov CovItemId="S92" Value="5"/>
<Cov CovItemId="S93" Value="5"/>
<Cov CovItemId="S94" Value="5"/>
<Cov CovItemId="S95" Value="5"/>
<Cov CovItemId="S96" Value="5"/>
<Cov CovItemId="S97" Value="1"/>
<Cov CovItemId="S98" Value="1"/>
<Cov CovItemId="S99" Value="1"/>
</CovPrefix>
<CovPrefix CovItemPrefix="csse376_puerto_rico.Buildings.java">
<Cov CovItemId="L1-2" Value="5"/>
<Cov CovItemId="S1" Value="5"/>
<Cov CovItemId="S2" Value="5"/>
<Cov CovItemId="S3" Value="5"/>
<Cov CovItemId="S4" Value="90"/>
<Cov CovItemId="S5" Value="3"/>
<Cov CovItemId="S6" Value="1"/>
</CovPrefix>
<CovPrefix CovItemPrefix="csse376_puerto_rico.GameBoardGUI.java">
<Cov CovItemId="S1" Value="2"/>
<Cov CovItemId="S2" Value="2"/>
<Cov CovItemId="S3" Value="2"/>
<Cov CovItemId="S4" Value="2"/>
<Cov CovItemId="S5" Value="2"/>
<Cov CovItemId="S6" Value="2"/>
<Cov CovItemId="S7" Value="2"/>
<Cov CovItemId="S8" Value="2"/>
<Cov CovItemId="S91" Value="1"/>
</CovPrefix>
<CovPrefix CovItemPrefix="csse376_puerto_rico.GameState.java">
<Cov CovItemId="B1" Value="2"/>
<Cov CovItemId="L1-2" Value="2"/>
<Cov CovItemId="S1" Value="2"/>
<Cov CovItemId="S10" Value="2"/>
<Cov CovItemId="S11" Value="6"/>
<Cov CovItemId="S12" Value="2"/>
<Cov CovItemId="S13" Value="2"/>
<Cov CovItemId="S14" Value="2"/>
<Cov CovItemId="S15" Value="2"/>
<Cov CovItemId="S16" Value="2"/>
<Cov CovItemId="S17" Value="2"/>
<Cov CovItemId="S18" Value="2"/>
<Cov CovItemId="S19" Value="2"/>
<Cov CovItemId="S2" Value="2"/>
<Cov CovItemId="S20" Value="2"/>
<Cov CovItemId="S21" Value="2"/>
<Cov CovItemId="S22" Value="2"/>
<Cov CovItemId="S23" Value="2"/>
<Cov CovItemId="S24" Value="2"/>
<Cov CovItemId="S25" Value="2"/>
<Cov CovItemId="S3" Value="2"/>
<Cov CovItemId="S37" Value="2"/>
<Cov CovItemId="S38" Value="2"/>
<Cov CovItemId="S39" Value="2"/>
<Cov CovItemId="S4" Value="2"/>
<Cov CovItemId="S5" Value="2"/>
<Cov CovItemId="S6" Value="2"/>
<Cov CovItemId="S7" Value="2"/>
<Cov CovItemId="S8" Value="2"/>
<Cov CovItemId="S9" Value="1"/>
</CovPrefix>
<CovPrefix CovItemPrefix="csse376_puerto_rico.Player.java">
<Cov CovItemId="B1" Value="2"/>
<Cov CovItemId="B10" Value="1"/>
<Cov CovItemId="B2" Value="1"/>
<Cov CovItemId="B3" Value="2"/>
<Cov CovItemId="B4" Value="1"/>
<Cov CovItemId="B8" Value="22"/>
<Cov CovItemId="L1-2" Value="40"/>
<Cov CovItemId="L2-2" Value="10"/>
<Cov CovItemId="L3-1" Value="2"/>
<Cov CovItemId="L3-2" Value="5"/>
<Cov CovItemId="L4-1" Value="1"/>
<Cov CovItemId="L4-2" Value="1"/>
<Cov CovItemId="L7-0" Value="1"/>
<Cov CovItemId="L8-0" Value="1"/>
<Cov CovItemId="L9-0" Value="1"/>
<Cov CovItemId="L9-1" Value="6"/>
<Cov CovItemId="L9-2" Value="1"/>
<Cov CovItemId="S1" Value="50"/>
<Cov CovItemId="S10" Value="40"/>
<Cov CovItemId="S11" Value="40"/>
<Cov CovItemId="S12" Value="40"/>
<Cov CovItemId="S13" Value="40"/>
<Cov CovItemId="S14" Value="200"/>
<Cov CovItemId="S15" Value="10"/>
<Cov CovItemId="S16" Value="10"/>
<Cov CovItemId="S17" Value="10"/>
<Cov CovItemId="S18" Value="10"/>
<Cov CovItemId="S19" Value="10"/>
<Cov CovItemId="S2" Value="50"/>
<Cov CovItemId="S20" Value="10"/>
<Cov CovItemId="S21" Value="50"/>
<Cov CovItemId="S22" Value="1"/>
<Cov CovItemId="S23" Value="1"/>
<Cov CovItemId="S24" Value="8"/>
<Cov CovItemId="S25" Value="5"/>
<Cov CovItemId="S26" Value="6"/>
<Cov CovItemId="S27" Value="2"/>
<Cov CovItemId="S28" Value="1"/>
<Cov CovItemId="S29" Value="2"/>
<Cov CovItemId="S3" Value="14"/>
<Cov CovItemId="S30" Value="2"/>
<Cov CovItemId="S31" Value="2"/>
<Cov CovItemId="S32" Value="1"/>
<Cov CovItemId="S33" Value="4"/>
<Cov CovItemId="S34" Value="3"/>
<Cov CovItemId="S36" Value="7"/>
<Cov CovItemId="S37" Value="7"/>
<Cov CovItemId="S38" Value="12"/>
<Cov CovItemId="S39" Value="7"/>
<Cov CovItemId="S4" Value="14"/>
<Cov CovItemId="S41" Value="3"/>
<Cov CovItemId="S42" Value="2"/>
<Cov CovItemId="S43" Value="3"/>
<Cov CovItemId="S44" Value="2"/>
<Cov CovItemId="S45" Value="1"/>
<Cov CovItemId="S5" Value="50"/>
<Cov CovItemId="S55" Value="2"/>
<Cov CovItemId="S56" Value="2"/>
<Cov CovItemId="S57" Value="2"/>
<Cov CovItemId="S58" Value="2"/>
<Cov CovItemId="S59" Value="2"/>
<Cov CovItemId="S6" Value="50"/>
<Cov CovItemId="S60" Value="2"/>
<Cov CovItemId="S61" Value="2"/>
<Cov CovItemId="S62" Value="2"/>
<Cov CovItemId="S63" Value="22"/>
<Cov CovItemId="S65" Value="22"/>
<Cov CovItemId="S66" Value="50"/>
<Cov CovItemId="S67" Value="50"/>
<Cov CovItemId="S68" Value="50"/>
<Cov CovItemId="S69" Value="11"/>
<Cov CovItemId="S7" Value="1"/>
<Cov CovItemId="S70" Value="1"/>
<Cov CovItemId="S71" Value="1"/>
<Cov CovItemId="S72" Value="1"/>
<Cov CovItemId="S73" Value="1"/>
<Cov CovItemId="S74" Value="1"/>
<Cov CovItemId="S76" Value="1"/>
<Cov CovItemId="S78" Value="1"/>
<Cov CovItemId="S8" Value="40"/>
<Cov CovItemId="S80" Value="1"/>
<Cov CovItemId="S81" Value="1"/>
<Cov CovItemId="S83" Value="9"/>
<Cov CovItemId="S84" Value="6"/>
<Cov CovItemId="S85" Value="8"/>
<Cov CovItemId="S86" Value="8"/>
<Cov CovItemId="S87" Value="8"/>
<Cov CovItemId="S88" Value="8"/>
<Cov CovItemId="S9" Value="40"/>
<Cov CovItemId="S93" Value="6"/>
<Cov CovItemId="S94" Value="1"/>
</CovPrefix>
<CovPrefix CovItemPrefix="csse376_puerto_rico.PlayerRoles.java">
<Cov CovItemId="S1" Value="1"/>
<Cov CovItemId="S10" Value="2"/>
<Cov CovItemId="S11" Value="2"/>
<Cov CovItemId="S12" Value="2"/>
<Cov CovItemId="S13" Value="2"/>
<Cov CovItemId="S14" Value="2"/>
<Cov CovItemId="S15" Value="2"/>
<Cov CovItemId="S16" Value="2"/>
<Cov CovItemId="S2" Value="1"/>
<Cov CovItemId="S3" Value="1"/>
<Cov CovItemId="S4" Value="1"/>
<Cov CovItemId="S5" Value="1"/>
<Cov CovItemId="S6" Value="1"/>
<Cov CovItemId="S7" Value="1"/>
<Cov CovItemId="S8" Value="2"/>
<Cov CovItemId="S9" Value="2"/>
</CovPrefix>
</CovList>
<AssgnmntList>
<AssgnmntPrefix RootTermCovItemPrefix="csse376_puerto_rico.GameState.java">
<AssgnmntListEntry Length="1" RootTermCovItemId="C1">
<MapEntry BoolAssgnmnt="1" Value="2"/>
</AssgnmntListEntry>
</AssgnmntPrefix>
<AssgnmntPrefix RootTermCovItemPrefix="csse376_puerto_rico.Player.java">
<AssgnmntListEntry Length="1" RootTermCovItemId="C1">
<MapEntry BoolAssgnmnt="0" Value="1"/>
<MapEntry BoolAssgnmnt="1" Value="2"/>
</AssgnmntListEntry>
<AssgnmntListEntry Length="1" RootTermCovItemId="C2">
<MapEntry BoolAssgnmnt="0" Value="1"/>
<MapEntry BoolAssgnmnt="1" Value="2"/>
</AssgnmntListEntry>
<AssgnmntListEntry Length="1" RootTermCovItemId="C4">
<MapEntry BoolAssgnmnt="0" Value="22"/>
</AssgnmntListEntry>
<AssgnmntListEntry Length="1" RootTermCovItemId="C5">
<MapEntry BoolAssgnmnt="0" Value="1"/>
</AssgnmntListEntry>
<AssgnmntListEntry Length="1" RootTermCovItemId="C6">
<MapEntry BoolAssgnmnt="0" Value="1"/>
</AssgnmntListEntry>
<AssgnmntListEntry Length="1" RootTermCovItemId="C7">
<MapEntry BoolAssgnmnt="0" Value="1"/>
</AssgnmntListEntry>
</AssgnmntPrefix>
</AssgnmntList>
<ObjMetaDataList/>
<MetaDataList/>
</TestCase>
<MetaDataList/>
</TestSession>
<TestSession Comment="" Date="1432252290423" Name="May 21, 2015 7:51:30 PM">
<TestCase Comment="This is a test case containing all coverage results cause no startTestCase methods where captured." Date="1432252290107" Name="UNNAMED TESTCASE">
<CovList>
<CovPrefix CovItemPrefix="csse376_puerto_rico.Building.java">
<Cov CovItemId="B1" Value="6"/>
<Cov CovItemId="B10" Value="5"/>
<Cov CovItemId="B11" Value="5"/>
<Cov CovItemId="B12" Value="5"/>
<Cov CovItemId="B13" Value="5"/>
<Cov CovItemId="B14" Value="5"/>
<Cov CovItemId="B15" Value="5"/>
<Cov CovItemId="B16" Value="5"/>
<Cov CovItemId="B17" Value="5"/>
<Cov CovItemId="B18" Value="5"/>
<Cov CovItemId="B19" Value="1"/>
<Cov CovItemId="B2" Value="6"/>
<Cov CovItemId="B3" Value="6"/>
<Cov CovItemId="B4" Value="5"/>
<Cov CovItemId="B5" Value="5"/>
<Cov CovItemId="B6" Value="5"/>
<Cov CovItemId="B7" Value="5"/>
<Cov CovItemId="B8" Value="5"/>
<Cov CovItemId="B9" Value="5"/>
<Cov CovItemId="S1" Value="94"/>
<Cov CovItemId="S10" Value="6"/>
<Cov CovItemId="S100" Value="1"/>
<Cov CovItemId="S11" Value="6"/>
<Cov CovItemId="S12" Value="6"/>
<Cov CovItemId="S13" Value="6"/>
<Cov CovItemId="S14" Value="6"/>
<Cov CovItemId="S15" Value="6"/>
<Cov CovItemId="S16" Value="6"/>
<Cov CovItemId="S17" Value="6"/>
<Cov CovItemId="S18" Value="5"/>
<Cov CovItemId="S19" Value="5"/>
<Cov CovItemId="S2" Value="94"/>
<Cov CovItemId="S20" Value="5"/>
<Cov CovItemId="S21" Value="5"/>
<Cov CovItemId="S22" Value="5"/>
<Cov CovItemId="S23" Value="5"/>
<Cov CovItemId="S24" Value="5"/>
<Cov CovItemId="S25" Value="5"/>
<Cov CovItemId="S26" Value="5"/>
<Cov CovItemId="S27" Value="5"/>
<Cov CovItemId="S28" Value="5"/>
<Cov CovItemId="S29" Value="5"/>
<Cov CovItemId="S3" Value="6"/>
<Cov CovItemId="S30" Value="5"/>
<Cov CovItemId="S31" Value="5"/>
<Cov CovItemId="S32" Value="5"/>
<Cov CovItemId="S33" Value="5"/>
<Cov CovItemId="S34" Value="5"/>
<Cov CovItemId="S35" Value="5"/>
<Cov CovItemId="S36" Value="5"/>
<Cov CovItemId="S37" Value="5"/>
<Cov CovItemId="S38" Value="5"/>
<Cov CovItemId="S39" Value="5"/>
<Cov CovItemId="S4" Value="6"/>
<Cov CovItemId="S40" Value="5"/>
<Cov CovItemId="S41" Value="5"/>
<Cov CovItemId="S42" Value="5"/>
<Cov CovItemId="S43" Value="5"/>
<Cov CovItemId="S44" Value="5"/>
<Cov CovItemId="S45" Value="5"/>
<Cov CovItemId="S46" Value="5"/>
<Cov CovItemId="S47" Value="5"/>
<Cov CovItemId="S48" Value="5"/>
<Cov CovItemId="S49" Value="5"/>
<Cov CovItemId="S5" Value="6"/>
<Cov CovItemId="S50" Value="5"/>
<Cov CovItemId="S51" Value="5"/>
<Cov CovItemId="S52" Value="5"/>
<Cov CovItemId="S53" Value="5"/>
<Cov CovItemId="S54" Value="5"/>
<Cov CovItemId="S55" Value="5"/>
<Cov CovItemId="S56" Value="5"/>
<Cov CovItemId="S57" Value="5"/>
<Cov CovItemId="S58" Value="5"/>
<Cov CovItemId="S59" Value="5"/>
<Cov CovItemId="S6" Value="6"/>
<Cov CovItemId="S60" Value="5"/>
<Cov CovItemId="S61" Value="5"/>
<Cov CovItemId="S62" Value="5"/>
<Cov CovItemId="S63" Value="5"/>
<Cov CovItemId="S64" Value="5"/>
<Cov CovItemId="S65" Value="5"/>
<Cov CovItemId="S66" Value="5"/>
<Cov CovItemId="S67" Value="5"/>
<Cov CovItemId="S68" Value="5"/>
<Cov CovItemId="S69" Value="5"/>
<Cov CovItemId="S7" Value="6"/>
<Cov CovItemId="S70" Value="5"/>
<Cov CovItemId="S71" Value="5"/>
<Cov CovItemId="S72" Value="5"/>
<Cov CovItemId="S73" Value="5"/>
<Cov CovItemId="S74" Value="5"/>
<Cov CovItemId="S75" Value="5"/>
<Cov CovItemId="S76" Value="5"/>
<Cov CovItemId="S77" Value="5"/>
<Cov CovItemId="S78" Value="5"/>
<Cov CovItemId="S79" Value="5"/>
<Cov CovItemId="S8" Value="6"/>
<Cov CovItemId="S80" Value="5"/>
<Cov CovItemId="S81" Value="5"/>
<Cov CovItemId="S82" Value="5"/>
<Cov CovItemId="S83" Value="5"/>
<Cov CovItemId="S84" Value="5"/>
<Cov CovItemId="S85" Value="5"/>
<Cov CovItemId="S86" Value="5"/>
<Cov CovItemId="S87" Value="5"/>
<Cov CovItemId="S88" Value="5"/>
<Cov CovItemId="S89" Value="5"/>
<Cov CovItemId="S9" Value="6"/>
<Cov CovItemId="S90" Value="5"/>
<Cov CovItemId="S91" Value="5"/>
<Cov CovItemId="S92" Value="5"/>
<Cov CovItemId="S93" Value="5"/>
<Cov CovItemId="S94" Value="5"/>
<Cov CovItemId="S95" Value="5"/>
<Cov CovItemId="S96" Value="5"/>
<Cov CovItemId="S97" Value="1"/>
<Cov CovItemId="S98" Value="1"/>
<Cov CovItemId="S99" Value="1"/>
</CovPrefix>
<CovPrefix CovItemPrefix="csse376_puerto_rico.Buildings.java">
<Cov CovItemId="L1-2" Value="5"/>
<Cov CovItemId="S1" Value="5"/>
<Cov CovItemId="S2" Value="5"/>
<Cov CovItemId="S3" Value="5"/>
<Cov CovItemId="S4" Value="90"/>
<Cov CovItemId="S5" Value="3"/>
<Cov CovItemId="S6" Value="1"/>
</CovPrefix>
<CovPrefix CovItemPrefix="csse376_puerto_rico.GameBoardGUI.java">
<Cov CovItemId="S1" Value="2"/>
<Cov CovItemId="S2" Value="2"/>
<Cov CovItemId="S3" Value="2"/>
<Cov CovItemId="S4" Value="2"/>
<Cov CovItemId="S5" Value="2"/>
<Cov CovItemId="S6" Value="2"/>
<Cov CovItemId="S7" Value="2"/>
<Cov CovItemId="S8" Value="2"/>
<Cov CovItemId="S91" Value="1"/>
</CovPrefix>
<CovPrefix CovItemPrefix="csse376_puerto_rico.GameState.java">
<Cov CovItemId="B1" Value="2"/>
<Cov CovItemId="L1-2" Value="2"/>
<Cov CovItemId="S1" Value="2"/>
<Cov CovItemId="S10" Value="2"/>
<Cov CovItemId="S11" Value="6"/>
<Cov CovItemId="S12" Value="2"/>
<Cov CovItemId="S13" Value="2"/>
<Cov CovItemId="S14" Value="2"/>
<Cov CovItemId="S15" Value="2"/>
<Cov CovItemId="S16" Value="2"/>
<Cov CovItemId="S17" Value="2"/>
<Cov CovItemId="S18" Value="2"/>
<Cov CovItemId="S19" Value="2"/>
<Cov CovItemId="S2" Value="2"/>
<Cov CovItemId="S20" Value="2"/>
<Cov CovItemId="S21" Value="2"/>
<Cov CovItemId="S22" Value="2"/>
<Cov CovItemId="S23" Value="2"/>
<Cov CovItemId="S24" Value="2"/>
<Cov CovItemId="S25" Value="2"/>
<Cov CovItemId="S3" Value="2"/>
<Cov CovItemId="S37" Value="2"/>
<Cov CovItemId="S38" Value="2"/>
<Cov CovItemId="S39" Value="2"/>
<Cov CovItemId="S4" Value="2"/>
<Cov CovItemId="S5" Value="2"/>
<Cov CovItemId="S6" Value="2"/>
<Cov CovItemId="S7" Value="2"/>
<Cov CovItemId="S8" Value="2"/>
<Cov CovItemId="S9" Value="1"/>
</CovPrefix>
<CovPrefix CovItemPrefix="csse376_puerto_rico.Player.java">
<Cov CovItemId="B1" Value="2"/>
<Cov CovItemId="B10" Value="1"/>
<Cov CovItemId="B2" Value="1"/>
<Cov CovItemId="B3" Value="2"/>
<Cov CovItemId="B4" Value="1"/>
<Cov CovItemId="B8" Value="22"/>
<Cov CovItemId="L1-2" Value="40"/>
<Cov CovItemId="L2-2" Value="10"/>
<Cov CovItemId="L3-1" Value="2"/>
<Cov CovItemId="L3-2" Value="5"/>
<Cov CovItemId="L4-1" Value="1"/>
<Cov CovItemId="L4-2" Value="1"/>
<Cov CovItemId="L7-0" Value="1"/>
<Cov CovItemId="L8-0" Value="1"/>
<Cov CovItemId="L9-0" Value="1"/>
<Cov CovItemId="L9-1" Value="6"/>
<Cov CovItemId="L9-2" Value="1"/>
<Cov CovItemId="S1" Value="50"/>
<Cov CovItemId="S10" Value="40"/>
<Cov CovItemId="S11" Value="40"/>
<Cov CovItemId="S12" Value="40"/>
<Cov CovItemId="S13" Value="40"/>
<Cov CovItemId="S14" Value="200"/>
<Cov CovItemId="S15" Value="10"/>
<Cov CovItemId="S16" Value="10"/>
<Cov CovItemId="S17" Value="10"/>
<Cov CovItemId="S18" Value="10"/>
<Cov CovItemId="S19" Value="10"/>
<Cov CovItemId="S2" Value="50"/>
<Cov CovItemId="S20" Value="10"/>
<Cov CovItemId="S21" Value="50"/>
<Cov CovItemId="S22" Value="1"/>
<Cov CovItemId="S23" Value="1"/>
<Cov CovItemId="S24" Value="8"/>
<Cov CovItemId="S25" Value="5"/>
<Cov CovItemId="S26" Value="6"/>
<Cov CovItemId="S27" Value="2"/>
<Cov CovItemId="S28" Value="1"/>
<Cov CovItemId="S29" Value="2"/>
<Cov CovItemId="S3" Value="14"/>
<Cov CovItemId="S30" Value="2"/>
<Cov CovItemId="S31" Value="2"/>
<Cov CovItemId="S32" Value="1"/>
<Cov CovItemId="S33" Value="4"/>
<Cov CovItemId="S34" Value="3"/>
<Cov CovItemId="S36" Value="7"/>
<Cov CovItemId="S37" Value="7"/>
<Cov CovItemId="S38" Value="12"/>
<Cov CovItemId="S39" Value="7"/>
<Cov CovItemId="S4" Value="14"/>
<Cov CovItemId="S41" Value="3"/>
<Cov CovItemId="S42" Value="2"/>
<Cov CovItemId="S43" Value="3"/>
<Cov CovItemId="S44" Value="2"/>
<Cov CovItemId="S45" Value="1"/>
<Cov CovItemId="S5" Value="50"/>
<Cov CovItemId="S55" Value="2"/>
<Cov CovItemId="S56" Value="2"/>
<Cov CovItemId="S57" Value="2"/>
<Cov CovItemId="S58" Value="2"/>
<Cov CovItemId="S59" Value="2"/>
<Cov CovItemId="S6" Value="50"/>
<Cov CovItemId="S60" Value="2"/>
<Cov CovItemId="S61" Value="2"/>
<Cov CovItemId="S62" Value="2"/>
<Cov CovItemId="S63" Value="22"/>
<Cov CovItemId="S65" Value="22"/>
<Cov CovItemId="S66" Value="50"/>
<Cov CovItemId="S67" Value="50"/>
<Cov CovItemId="S68" Value="50"/>
<Cov CovItemId="S69" Value="11"/>
<Cov CovItemId="S7" Value="1"/>
<Cov CovItemId="S70" Value="1"/>
<Cov CovItemId="S71" Value="1"/>
<Cov CovItemId="S72" Value="1"/>
<Cov CovItemId="S73" Value="1"/>
<Cov CovItemId="S74" Value="1"/>
<Cov CovItemId="S76" Value="1"/>
<Cov CovItemId="S78" Value="1"/>
<Cov CovItemId="S8" Value="40"/>
<Cov CovItemId="S80" Value="1"/>
<Cov CovItemId="S81" Value="1"/>
<Cov CovItemId="S83" Value="9"/>
<Cov CovItemId="S84" Value="6"/>
<Cov CovItemId="S85" Value="8"/>
<Cov CovItemId="S86" Value="8"/>
<Cov CovItemId="S87" Value="8"/>
<Cov CovItemId="S88" Value="8"/>
<Cov CovItemId="S9" Value="40"/>
<Cov CovItemId="S93" Value="6"/>
<Cov CovItemId="S94" Value="1"/>
</CovPrefix>
<CovPrefix CovItemPrefix="csse376_puerto_rico.PlayerRoles.java">
<Cov CovItemId="S1" Value="1"/>
<Cov CovItemId="S10" Value="2"/>
<Cov CovItemId="S11" Value="2"/>
<Cov CovItemId="S12" Value="2"/>
<Cov CovItemId="S13" Value="2"/>
<Cov CovItemId="S14" Value="2"/>
<Cov CovItemId="S15" Value="2"/>
<Cov CovItemId="S16" Value="2"/>
<Cov CovItemId="S2" Value="1"/>
<Cov CovItemId="S3" Value="1"/>
<Cov CovItemId="S4" Value="1"/>
<Cov CovItemId="S5" Value="1"/>
<Cov CovItemId="S6" Value="1"/>
<Cov CovItemId="S7" Value="1"/>
<Cov CovItemId="S8" Value="2"/>
<Cov CovItemId="S9" Value="2"/>
</CovPrefix>
</CovList>
<AssgnmntList>
<AssgnmntPrefix RootTermCovItemPrefix="csse376_puerto_rico.GameState.java">
<AssgnmntListEntry Length="1" RootTermCovItemId="C1">
<MapEntry BoolAssgnmnt="1" Value="2"/>
</AssgnmntListEntry>
</AssgnmntPrefix>
<AssgnmntPrefix RootTermCovItemPrefix="csse376_puerto_rico.Player.java">
<AssgnmntListEntry Length="1" RootTermCovItemId="C1">
<MapEntry BoolAssgnmnt="0" Value="1"/>
<MapEntry BoolAssgnmnt="1" Value="2"/>
</AssgnmntListEntry>
<AssgnmntListEntry Length="1" RootTermCovItemId="C2">
<MapEntry BoolAssgnmnt="0" Value="1"/>
<MapEntry BoolAssgnmnt="1" Value="2"/>
</AssgnmntListEntry>
<AssgnmntListEntry Length="1" RootTermCovItemId="C4">
<MapEntry BoolAssgnmnt="0" Value="22"/>
</AssgnmntListEntry>
<AssgnmntListEntry Length="1" RootTermCovItemId="C5">
<MapEntry BoolAssgnmnt="0" Value="1"/>
</AssgnmntListEntry>
<AssgnmntListEntry Length="1" RootTermCovItemId="C6">
<MapEntry BoolAssgnmnt="0" Value="1"/>
</AssgnmntListEntry>
<AssgnmntListEntry Length="1" RootTermCovItemId="C7">
<MapEntry BoolAssgnmnt="0" Value="1"/>
</AssgnmntListEntry>
</AssgnmntPrefix>
</AssgnmntList>
<ObjMetaDataList/>
<MetaDataList/>
</TestCase>
<MetaDataList/>
</TestSession>
<TestSession Comment="" Date="1432252404862" Name="May 21, 2015 7:53:24 PM">
<TestCase Comment="This is a test case containing all coverage results cause no startTestCase methods where captured." Date="1432252404510" Name="UNNAMED TESTCASE">
<CovList>
<CovPrefix CovItemPrefix="csse376_puerto_rico.Building.java">
<Cov CovItemId="B1" Value="6"/>
<Cov CovItemId="B10" Value="5"/>
<Cov CovItemId="B11" Value="5"/>
<Cov CovItemId="B12" Value="5"/>
<Cov CovItemId="B13" Value="5"/>
<Cov CovItemId="B14" Value="5"/>
<Cov CovItemId="B15" Value="5"/>
<Cov CovItemId="B16" Value="5"/>
<Cov CovItemId="B17" Value="5"/>
<Cov CovItemId="B18" Value="5"/>
<Cov CovItemId="B19" Value="1"/>
<Cov CovItemId="B2" Value="6"/>
<Cov CovItemId="B3" Value="6"/>
<Cov CovItemId="B4" Value="5"/>
<Cov CovItemId="B5" Value="5"/>
<Cov CovItemId="B6" Value="5"/>
<Cov CovItemId="B7" Value="5"/>
<Cov CovItemId="B8" Value="5"/>
<Cov CovItemId="B9" Value="5"/>
<Cov CovItemId="S1" Value="94"/>
<Cov CovItemId="S10" Value="6"/>
<Cov CovItemId="S100" Value="1"/>
<Cov CovItemId="S11" Value="6"/>
<Cov CovItemId="S12" Value="6"/>
<Cov CovItemId="S13" Value="6"/>
<Cov CovItemId="S14" Value="6"/>
<Cov CovItemId="S15" Value="6"/>
<Cov CovItemId="S16" Value="6"/>
<Cov CovItemId="S17" Value="6"/>
<Cov CovItemId="S18" Value="5"/>
<Cov CovItemId="S19" Value="5"/>
<Cov CovItemId="S2" Value="94"/>
<Cov CovItemId="S20" Value="5"/>
<Cov CovItemId="S21" Value="5"/>
<Cov CovItemId="S22" Value="5"/>
<Cov CovItemId="S23" Value="5"/>
<Cov CovItemId="S24" Value="5"/>
<Cov CovItemId="S25" Value="5"/>
<Cov CovItemId="S26" Value="5"/>
<Cov CovItemId="S27" Value="5"/>
<Cov CovItemId="S28" Value="5"/>
<Cov CovItemId="S29" Value="5"/>
<Cov CovItemId="S3" Value="6"/>
<Cov CovItemId="S30" Value="5"/>
<Cov CovItemId="S31" Value="5"/>
<Cov CovItemId="S32" Value="5"/>
<Cov CovItemId="S33" Value="5"/>
<Cov CovItemId="S34" Value="5"/>
<Cov CovItemId="S35" Value="5"/>
<Cov CovItemId="S36" Value="5"/>
<Cov CovItemId="S37" Value="5"/>
<Cov CovItemId="S38" Value="5"/>
<Cov CovItemId="S39" Value="5"/>
<Cov CovItemId="S4" Value="6"/>
<Cov CovItemId="S40" Value="5"/>
<Cov CovItemId="S41" Value="5"/>
<Cov CovItemId="S42" Value="5"/>
<Cov CovItemId="S43" Value="5"/>
<Cov CovItemId="S44" Value="5"/>
<Cov CovItemId="S45" Value="5"/>
<Cov CovItemId="S46" Value="5"/>
<Cov CovItemId="S47" Value="5"/>
<Cov CovItemId="S48" Value="5"/>
<Cov CovItemId="S49" Value="5"/>
<Cov CovItemId="S5" Value="6"/>
<Cov CovItemId="S50" Value="5"/>
<Cov CovItemId="S51" Value="5"/>
<Cov CovItemId="S52" Value="5"/>
<Cov CovItemId="S53" Value="5"/>
<Cov CovItemId="S54" Value="5"/>
<Cov CovItemId="S55" Value="5"/>
<Cov CovItemId="S56" Value="5"/>
<Cov CovItemId="S57" Value="5"/>
<Cov CovItemId="S58" Value="5"/>
<Cov CovItemId="S59" Value="5"/>
<Cov CovItemId="S6" Value="6"/>
<Cov CovItemId="S60" Value="5"/>
<Cov CovItemId="S61" Value="5"/>
<Cov CovItemId="S62" Value="5"/>
<Cov CovItemId="S63" Value="5"/>
<Cov CovItemId="S64" Value="5"/>
<Cov CovItemId="S65" Value="5"/>
<Cov CovItemId="S66" Value="5"/>
<Cov CovItemId="S67" Value="5"/>
<Cov CovItemId="S68" Value="5"/>
<Cov CovItemId="S69" Value="5"/>
<Cov CovItemId="S7" Value="6"/>
<Cov CovItemId="S70" Value="5"/>
<Cov CovItemId="S71" Value="5"/>
<Cov CovItemId="S72" Value="5"/>
<Cov CovItemId="S73" Value="5"/>
<Cov CovItemId="S74" Value="5"/>
<Cov CovItemId="S75" Value="5"/>
<Cov CovItemId="S76" Value="5"/>
<Cov CovItemId="S77" Value="5"/>
<Cov CovItemId="S78" Value="5"/>
<Cov CovItemId="S79" Value="5"/>
<Cov CovItemId="S8" Value="6"/>
<Cov CovItemId="S80" Value="5"/>
<Cov CovItemId="S81" Value="5"/>
<Cov CovItemId="S82" Value="5"/>
<Cov CovItemId="S83" Value="5"/>
<Cov CovItemId="S84" Value="5"/>
<Cov CovItemId="S85" Value="5"/>
<Cov CovItemId="S86" Value="5"/>
<Cov CovItemId="S87" Value="5"/>
<Cov CovItemId="S88" Value="5"/>
<Cov CovItemId="S89" Value="5"/>
<Cov CovItemId="S9" Value="6"/>
<Cov CovItemId="S90" Value="5"/>
<Cov CovItemId="S91" Value="5"/>
<Cov CovItemId="S92" Value="5"/>
<Cov CovItemId="S93" Value="5"/>
<Cov CovItemId="S94" Value="5"/>
<Cov CovItemId="S95" Value="5"/>
<Cov CovItemId="S96" Value="5"/>
<Cov CovItemId="S97" Value="1"/>
<Cov CovItemId="S98" Value="1"/>
<Cov CovItemId="S99" Value="1"/>
</CovPrefix>
<CovPrefix CovItemPrefix="csse376_puerto_rico.Buildings.java">
<Cov CovItemId="L1-2" Value="5"/>
<Cov CovItemId="S1" Value="5"/>
<Cov CovItemId="S2" Value="5"/>
<Cov CovItemId="S3" Value="5"/>
<Cov CovItemId="S4" Value="90"/>
<Cov CovItemId="S5" Value="3"/>
<Cov CovItemId="S6" Value="1"/>
</CovPrefix>
<CovPrefix CovItemPrefix="csse376_puerto_rico.GameBoardGUI.java">
<Cov CovItemId="S1" Value="2"/>
<Cov CovItemId="S2" Value="2"/>
<Cov CovItemId="S3" Value="2"/>
<Cov CovItemId="S4" Value="2"/>
<Cov CovItemId="S5" Value="2"/>
<Cov CovItemId="S6" Value="2"/>
<Cov CovItemId="S7" Value="2"/>
<Cov CovItemId="S8" Value="2"/>
<Cov CovItemId="S91" Value="1"/>
</CovPrefix>
<CovPrefix CovItemPrefix="csse376_puerto_rico.GameState.java">
<Cov CovItemId="B1" Value="2"/>
<Cov CovItemId="L1-2" Value="2"/>
<Cov CovItemId="S1" Value="2"/>
<Cov CovItemId="S10" Value="2"/>
<Cov CovItemId="S11" Value="6"/>
<Cov CovItemId="S12" Value="2"/>
<Cov CovItemId="S13" Value="2"/>
<Cov CovItemId="S14" Value="2"/>
<Cov CovItemId="S15" Value="2"/>
<Cov CovItemId="S16" Value="2"/>
<Cov CovItemId="S17" Value="2"/>
<Cov CovItemId="S18" Value="2"/>
<Cov CovItemId="S19" Value="2"/>
<Cov CovItemId="S2" Value="2"/>
<Cov CovItemId="S20" Value="2"/>
<Cov CovItemId="S21" Value="2"/>
<Cov CovItemId="S22" Value="2"/>
<Cov CovItemId="S23" Value="2"/>
<Cov CovItemId="S24" Value="2"/>
<Cov CovItemId="S25" Value="2"/>
<Cov CovItemId="S3" Value="2"/>
<Cov CovItemId="S37" Value="2"/>
<Cov CovItemId="S38" Value="2"/>
<Cov CovItemId="S39" Value="2"/>
<Cov CovItemId="S4" Value="2"/>
<Cov CovItemId="S5" Value="2"/>
<Cov CovItemId="S6" Value="2"/>
<Cov CovItemId="S7" Value="2"/>
<Cov CovItemId="S8" Value="2"/>
<Cov CovItemId="S9" Value="1"/>
</CovPrefix>
<CovPrefix CovItemPrefix="csse376_puerto_rico.Player.java">
<Cov CovItemId="B1" Value="2"/>
<Cov CovItemId="B10" Value="1"/>
<Cov CovItemId="B2" Value="1"/>
<Cov CovItemId="B3" Value="2"/>
<Cov CovItemId="B4" Value="1"/>
<Cov CovItemId="B8" Value="22"/>
<Cov CovItemId="L1-2" Value="40"/>
<Cov CovItemId="L2-2" Value="10"/>
<Cov CovItemId="L3-1" Value="2"/>
<Cov CovItemId="L3-2" Value="5"/>
<Cov CovItemId="L4-1" Value="1"/>
<Cov CovItemId="L4-2" Value="1"/>
<Cov CovItemId="L7-0" Value="1"/>
<Cov CovItemId="L8-0" Value="1"/>
<Cov CovItemId="L9-0" Value="1"/>
<Cov CovItemId="L9-1" Value="6"/>
<Cov CovItemId="L9-2" Value="1"/>
<Cov CovItemId="S1" Value="50"/>
<Cov CovItemId="S10" Value="40"/>
<Cov CovItemId="S11" Value="40"/>
<Cov CovItemId="S12" Value="40"/>
<Cov CovItemId="S13" Value="40"/>
<Cov CovItemId="S14" Value="200"/>
<Cov CovItemId="S15" Value="10"/>
<Cov CovItemId="S16" Value="10"/>
<Cov CovItemId="S17" Value="10"/>
<Cov CovItemId="S18" Value="10"/>
<Cov CovItemId="S19" Value="10"/>
<Cov CovItemId="S2" Value="50"/>
<Cov CovItemId="S20" Value="10"/>
<Cov CovItemId="S21" Value="50"/>
<Cov CovItemId="S22" Value="1"/>
<Cov CovItemId="S23" Value="1"/>
<Cov CovItemId="S24" Value="8"/>
<Cov CovItemId="S25" Value="5"/>
<Cov CovItemId="S26" Value="6"/>
<Cov CovItemId="S27" Value="2"/>
<Cov CovItemId="S28" Value="1"/>
<Cov CovItemId="S29" Value="2"/>
<Cov CovItemId="S3" Value="14"/>
<Cov CovItemId="S30" Value="2"/>
<Cov CovItemId="S31" Value="2"/>
<Cov CovItemId="S32" Value="1"/>
<Cov CovItemId="S33" Value="4"/>
<Cov CovItemId="S34" Value="3"/>
<Cov CovItemId="S36" Value="7"/>
<Cov CovItemId="S37" Value="7"/>
<Cov CovItemId="S38" Value="12"/>
<Cov CovItemId="S39" Value="7"/>
<Cov CovItemId="S4" Value="14"/>
<Cov CovItemId="S41" Value="3"/>
<Cov CovItemId="S42" Value="2"/>
<Cov CovItemId="S43" Value="3"/>
<Cov CovItemId="S44" Value="2"/>
<Cov CovItemId="S45" Value="1"/>
<Cov CovItemId="S5" Value="50"/>
<Cov CovItemId="S55" Value="2"/>
<Cov CovItemId="S56" Value="2"/>
<Cov CovItemId="S57" Value="2"/>
<Cov CovItemId="S58" Value="2"/>
<Cov CovItemId="S59" Value="2"/>
<Cov CovItemId="S6" Value="50"/>
<Cov CovItemId="S60" Value="2"/>
<Cov CovItemId="S61" Value="2"/>
<Cov CovItemId="S62" Value="2"/>
<Cov CovItemId="S63" Value="22"/>
<Cov CovItemId="S65" Value="22"/>
<Cov CovItemId="S66" Value="50"/>
<Cov CovItemId="S67" Value="50"/>
<Cov CovItemId="S68" Value="50"/>
<Cov CovItemId="S69" Value="11"/>
<Cov CovItemId="S7" Value="1"/>
<Cov CovItemId="S70" Value="1"/>
<Cov CovItemId="S71" Value="1"/>
<Cov CovItemId="S72" Value="1"/>
<Cov CovItemId="S73" Value="1"/>
<Cov CovItemId="S74" Value="1"/>
<Cov CovItemId="S76" Value="1"/>
<Cov CovItemId="S78" Value="1"/>
<Cov CovItemId="S8" Value="40"/>
<Cov CovItemId="S80" Value="1"/>
<Cov CovItemId="S81" Value="1"/>
<Cov CovItemId="S83" Value="9"/>
<Cov CovItemId="S84" Value="6"/>
<Cov CovItemId="S85" Value="8"/>
<Cov CovItemId="S86" Value="8"/>
<Cov CovItemId="S87" Value="8"/>
<Cov CovItemId="S88" Value="8"/>
<Cov CovItemId="S9" Value="40"/>
<Cov CovItemId="S93" Value="6"/>
<Cov CovItemId="S94" Value="1"/>
</CovPrefix>
<CovPrefix CovItemPrefix="csse376_puerto_rico.PlayerRoles.java">
<Cov CovItemId="S1" Value="1"/>
<Cov CovItemId="S10" Value="2"/>
<Cov CovItemId="S11" Value="2"/>
<Cov CovItemId="S12" Value="2"/>
<Cov CovItemId="S13" Value="2"/>
<Cov CovItemId="S14" Value="2"/>
<Cov CovItemId="S15" Value="2"/>
<Cov CovItemId="S16" Value="2"/>
<Cov CovItemId="S2" Value="1"/>
<Cov CovItemId="S3" Value="1"/>
<Cov CovItemId="S4" Value="1"/>
<Cov CovItemId="S5" Value="1"/>
<Cov CovItemId="S6" Value="1"/>
<Cov CovItemId="S7" Value="1"/>
<Cov CovItemId="S8" Value="2"/>
<Cov CovItemId="S9" Value="2"/>
</CovPrefix>
</CovList>
<AssgnmntList>
<AssgnmntPrefix RootTermCovItemPrefix="csse376_puerto_rico.GameState.java">
<AssgnmntListEntry Length="1" RootTermCovItemId="C1">
<MapEntry BoolAssgnmnt="1" Value="2"/>
</AssgnmntListEntry>
</AssgnmntPrefix>
<AssgnmntPrefix RootTermCovItemPrefix="csse376_puerto_rico.Player.java">
<AssgnmntListEntry Length="1" RootTermCovItemId="C1">
<MapEntry BoolAssgnmnt="0" Value="1"/>
<MapEntry BoolAssgnmnt="1" Value="2"/>
</AssgnmntListEntry>
<AssgnmntListEntry Length="1" RootTermCovItemId="C2">
<MapEntry BoolAssgnmnt="0" Value="1"/>
<MapEntry BoolAssgnmnt="1" Value="2"/>
</AssgnmntListEntry>
<AssgnmntListEntry Length="1" RootTermCovItemId="C4">
<MapEntry BoolAssgnmnt="0" Value="22"/>
</AssgnmntListEntry>
<AssgnmntListEntry Length="1" RootTermCovItemId="C5">
<MapEntry BoolAssgnmnt="0" Value="1"/>
</AssgnmntListEntry>
<AssgnmntListEntry Length="1" RootTermCovItemId="C6">
<MapEntry BoolAssgnmnt="0" Value="1"/>
</AssgnmntListEntry>
<AssgnmntListEntry Length="1" RootTermCovItemId="C7">
<MapEntry BoolAssgnmnt="0" Value="1"/>
</AssgnmntListEntry>
</AssgnmntPrefix>
</AssgnmntList>
<ObjMetaDataList/>
<MetaDataList/>
</TestCase>
<MetaDataList/>
</TestSession>
</TestSessionContainer>
