<?xml version="1.0" encoding="UTF-8"?><TestSessionContainer xmlns="http://www.codecover.org/xml/testsession-container" Date="1432251733584" TestSessionContainerId="6f6456d2-3010-48bf-9006-3ba624988031" version="1.0">
<SrcFileList>
<SrcFile Content="package csse376_puerto_rico;&#10;&#10;import java.awt.Color;&#10;&#10;import javax.swing.ButtonGroup;&#10;import javax.swing.JButton;&#10;import javax.swing.JFrame;&#10;import javax.swing.JPanel;&#10;import javax.swing.JRadioButton;&#10;&#10;public class StartUpGameBoardGUI {&#10;&#10;&#9;private JFrame mainframe;&#10;&#10;&#9;public StartUpGameBoardGUI(JFrame frame) {&#10;&#9;&#9;this.mainframe = frame;&#10;&#9;&#9;this.mainframe.getContentPane().removeAll();&#10;&#9;&#9;this.mainframe.getContentPane().revalidate();&#10;&#9;&#9;this.mainframe.setBackground(Color.BLACK);&#10;&#9;&#9;this.mainframe.setTitle(&quot;Choose Players&quot;);&#10;&#10;&#9;&#9;JPanel mainPanel = new JPanel();&#10;&#9;&#9;&#10;&#9;&#9;ButtonGroup group = new ButtonGroup();&#10;&#9;&#9;JRadioButton rb3 = new JRadioButton(&quot;3&quot;, true);&#10;&#9;&#9;JRadioButton rb4 = new JRadioButton(&quot;4&quot;, false);&#10;&#9;&#9;JRadioButton rb5 = new JRadioButton(&quot;5&quot;, false);&#10;&#9;&#9;group.add(rb3);&#10;&#9;&#9;group.add(rb4);&#10;&#9;&#9;group.add(rb5);&#10;&#9;&#9;&#10;&#9;&#9;JButton startButton = new JButton(&quot;Start&quot;);&#10;&#9;&#9;startButton.addActionListener(new ButtonHandler(this.mainframe, group));&#10;&#9;&#9;&#10;&#9;&#9;mainPanel.add(rb3);&#10;&#9;&#9;mainPanel.add(rb4);&#10;&#9;&#9;mainPanel.add(rb5);&#10;&#9;&#9;mainPanel.add(startButton);&#10;&#9;&#9;&#10;&#9;&#9;this.mainframe.add(mainPanel);&#10;&#9;}&#10;&#10;}&#10;" Filename="StartUpGameBoardGUI.java" Intrnl_Id="1"/>
<SrcFile Content="package csse376_puerto_rico;&#13;&#10;&#13;&#10;import java.util.ArrayList;&#13;&#10;import java.util.List;&#13;&#10;&#13;&#10;/**&#13;&#10; * List of roles&#13;&#10; *&#13;&#10; * @author songm. Created Apr 22, 2015.&#13;&#10; */&#13;&#10;public class PlayerRoles {&#13;&#10;&#9;public static final String Settler = &quot;Settler&quot;;&#13;&#10;&#9;public static final String Builder = &quot;Builder&quot;;&#13;&#10;&#9;public static final String Craftsman = &quot;Craftsman&quot;;&#13;&#10;&#9;public static final String Trader = &quot;Trader&quot;;&#13;&#10;&#9;public static final String Captain = &quot;Captain&quot;;&#13;&#10;&#9;public static final String Prospector = &quot;Prospector&quot;;&#13;&#10;&#9;public static final String Mayor = &quot;Mayor&quot;;&#13;&#10;&#13;&#10;&#9;private PlayerRoles() {&#13;&#10;&#9;&#9;// null constructor&#13;&#10;&#9;}&#13;&#10;&#13;&#10;&#9;public static List&lt;String&gt; getValues() {&#13;&#10;&#9;&#9;List&lt;String&gt; rtn = new ArrayList&lt;String&gt;();&#13;&#10;&#13;&#10;&#9;&#9;rtn.add(Settler);&#13;&#10;&#9;&#9;rtn.add(Builder);&#13;&#10;&#9;&#9;rtn.add(Craftsman);&#13;&#10;&#9;&#9;rtn.add(Trader);&#13;&#10;&#9;&#9;rtn.add(Captain);&#13;&#10;&#9;&#9;rtn.add(Prospector);&#13;&#10;&#9;&#9;rtn.add(Mayor);&#13;&#10;&#13;&#10;&#9;&#9;return rtn;&#13;&#10;&#9;}&#13;&#10;}&#13;&#10;" Filename="PlayerRoles.java" Intrnl_Id="2"/>
<SrcFile Content="package csse376_puerto_rico;&#13;&#10;&#13;&#10;import java.util.ArrayList;&#13;&#10;import java.util.Arrays;&#13;&#10;import java.util.HashMap;&#13;&#10;import java.util.List;&#13;&#10;&#13;&#10;import javax.swing.JTextArea;&#13;&#10;&#13;&#10;public class Player {&#13;&#10;&#13;&#10;&#9;private int pNum;&#13;&#10;&#9;private int doubloons;&#13;&#10;&#9;private String role;&#13;&#10;&#9;private JTextArea hud;&#13;&#10;&#9;public boolean isTurn;&#13;&#10;&#9;public boolean isGovernor;&#13;&#10;&#9;private int points = 0;&#13;&#10;&#13;&#10;&#9;private ArrayList&lt;Building&gt; buildings = new ArrayList&lt;Building&gt;();&#13;&#10;&#13;&#10;&#9;public static class Good {&#13;&#10;&#9;&#9;public static final String COFFEE = &quot;Coffee&quot;;&#13;&#10;&#9;&#9;public static final String TOBACCO = &quot;Tobacco&quot;;&#13;&#10;&#9;&#9;public static final String CORN = &quot;Corn&quot;;&#13;&#10;&#9;&#9;public static final String SUGAR = &quot;Sugar&quot;;&#13;&#10;&#9;&#9;public static final String INDIGO = &quot;Indigo&quot;;&#13;&#10;&#9;}&#13;&#10;&#13;&#10;&#9;public static class Plantation {&#13;&#10;&#9;&#9;public String good;&#13;&#10;&#9;&#9;public boolean hasWorker;&#13;&#10;&#13;&#10;&#9;&#9;public Plantation(String good, boolean hasWorker) {&#13;&#10;&#9;&#9;&#9;this.good = good;&#13;&#10;&#9;&#9;&#9;this.hasWorker = hasWorker;&#13;&#10;&#9;&#9;}&#13;&#10;&#9;}&#13;&#10;&#13;&#10;&#9;private ArrayList&lt;Plantation&gt; plantations = new ArrayList&lt;Plantation&gt;();&#13;&#10;&#9;private HashMap&lt;String, Integer&gt; goods = new HashMap&lt;String, Integer&gt;();&#13;&#10;&#9;private static List&lt;String&gt; roles = PlayerRoles.getValues();&#13;&#10;&#13;&#10;&#9;// For Testing purposes, null player&#13;&#10;&#9;public Player() {&#13;&#10;&#9;&#9;this.doubloons = 0;&#13;&#10;&#9;&#9;this.pNum = 0;&#13;&#10;&#9;&#9;this.role = &quot;&quot;;&#13;&#10;&#9;&#9;this.isGovernor = false;&#13;&#10;&#9;&#9;this.hud = new JTextArea();&#13;&#10;&#9;&#9;for (String s : this.getAllGoods()) {&#13;&#10;&#9;&#9;&#9;this.goods.put(s, 0);&#13;&#10;&#9;&#9;}&#13;&#10;&#9;}&#13;&#10;&#13;&#10;&#9;public Player(String role) {&#13;&#10;&#9;&#9;this.role = role;&#13;&#10;&#9;&#9;this.doubloons = 0;&#13;&#10;&#9;&#9;this.isGovernor = false;&#13;&#10;&#9;&#9;this.isTurn = false;&#13;&#10;&#9;&#9;this.hud = null;&#13;&#10;&#9;&#9;for (String s : this.getAllGoods()) {&#13;&#10;&#9;&#9;&#9;this.goods.put(s, 0);&#13;&#10;&#9;&#9;}&#13;&#10;&#9;}&#13;&#10;&#13;&#10;&#9;public void setPlayerNum(int i) {&#13;&#10;&#9;&#9;this.pNum = i;&#13;&#10;&#13;&#10;&#9;}&#13;&#10;&#13;&#10;&#9;public int getPlayerNum() {&#13;&#10;&#9;&#9;return this.pNum;&#13;&#10;&#9;}&#13;&#10;&#13;&#10;&#9;public String getRole() {&#13;&#10;&#9;&#9;return this.role;&#13;&#10;&#9;}&#13;&#10;&#13;&#10;&#9;public static List&lt;String&gt; getRoles() {&#13;&#10;&#13;&#10;&#9;&#9;return roles;&#13;&#10;&#9;}&#13;&#10;&#13;&#10;&#9;public int getPoints() {&#13;&#10;&#9;&#9;return points;&#13;&#10;&#9;}&#13;&#10;&#13;&#10;&#9;public JTextArea getHUD() {&#13;&#10;&#9;&#9;return this.hud;&#13;&#10;&#9;}&#13;&#10;&#13;&#10;&#9;public void setHUD(JTextArea hud) {&#13;&#10;&#9;&#9;this.hud = hud;&#13;&#10;&#9;}&#13;&#10;&#13;&#10;&#9;public boolean isGovernor() {&#13;&#10;&#9;&#9;return isGovernor;&#13;&#10;&#9;}&#13;&#10;&#13;&#10;&#9;public void addPoints(int addition) {&#13;&#10;&#9;&#9;this.points = this.points + addition;&#13;&#10;&#9;}&#13;&#10;&#13;&#10;&#9;// Test method&#13;&#10;&#9;public void setPoints(int points) {&#13;&#10;&#9;&#9;// This method is strictly for setting points&#13;&#10;&#9;&#9;this.points = points;&#13;&#10;&#9;}&#13;&#10;&#13;&#10;&#9;public void setRole(String string) {&#13;&#10;&#9;&#9;this.role = string;&#13;&#10;&#9;}&#13;&#10;&#13;&#10;&#9;public void addBuilding(Building building) {&#13;&#10;&#9;&#9;buildings.add(building);&#13;&#10;&#9;}&#13;&#10;&#13;&#10;&#9;public boolean ownsBuilding(String building) {&#13;&#10;&#9;&#9;return getBuildingsStringList().contains(building);&#13;&#10;&#9;}&#13;&#10;&#13;&#10;&#9;public boolean ownsOccupiedBuilding(String building) {&#13;&#10;&#9;&#9;return getOccupiedBuildingsStringList().contains(building);&#13;&#10;&#9;}&#13;&#10;&#13;&#10;&#9;public ArrayList&lt;String&gt; getBuildingsStringList() {&#13;&#10;&#9;&#9;ArrayList&lt;String&gt; rtn = new ArrayList&lt;String&gt;();&#13;&#10;&#9;&#9;for (Building b : this.buildings) {&#13;&#10;&#9;&#9;&#9;rtn.add(b.name);&#13;&#10;&#9;&#9;}&#13;&#10;&#9;&#9;return rtn;&#13;&#10;&#9;}&#13;&#10;&#13;&#10;&#9;public ArrayList&lt;Building&gt; getBuildings() {&#13;&#10;&#9;&#9;return this.buildings;&#13;&#10;&#9;}&#13;&#10;&#13;&#10;&#9;public Building getBuilding(String building) {&#13;&#10;&#9;&#9;if (this.getBuildingsStringList().contains(building)) {&#13;&#10;&#9;&#9;&#9;for (Building b : this.buildings) {&#13;&#10;&#9;&#9;&#9;&#9;if (b.name == building) {&#13;&#10;&#9;&#9;&#9;&#9;&#9;return b;&#13;&#10;&#9;&#9;&#9;&#9;}&#13;&#10;&#9;&#9;&#9;}&#13;&#10;&#9;&#9;}&#13;&#10;&#9;&#9;return null;&#13;&#10;&#9;}&#13;&#10;&#13;&#10;&#9;public ArrayList&lt;Building&gt; getOccupiedBuildings() {&#13;&#10;&#9;&#9;ArrayList&lt;Building&gt; occupiedList = new ArrayList&lt;Building&gt;();&#13;&#10;&#9;&#9;for (Building b : this.buildings) {&#13;&#10;&#9;&#9;&#9;if ((b.numberOfJobs - b.numberOfWorkers) == 0) {&#13;&#10;&#9;&#9;&#9;&#9;occupiedList.add(b);&#13;&#10;&#9;&#9;&#9;}&#13;&#10;&#9;&#9;}&#13;&#10;&#9;&#9;return occupiedList;&#13;&#10;&#9;}&#13;&#10;&#13;&#10;&#9;public ArrayList&lt;String&gt; getOccupiedBuildingsStringList() {&#13;&#10;&#9;&#9;ArrayList&lt;String&gt; rtn = new ArrayList&lt;String&gt;();&#13;&#10;&#9;&#9;for (Building b : this.getOccupiedBuildings()) {&#13;&#10;&#9;&#9;&#9;rtn.add(b.name);&#13;&#10;&#9;&#9;}&#13;&#10;&#9;&#9;return rtn;&#13;&#10;&#9;}&#13;&#10;&#13;&#10;&#9;public List&lt;String&gt; getGoods() {&#13;&#10;&#9;&#9;//&#13;&#10;&#9;&#9;List&lt;String&gt; rtn = new ArrayList&lt;String&gt;();&#13;&#10;&#9;&#9;String coffee = &quot;Coffee: &quot;&#13;&#10;&#9;&#9;&#9;&#9;+ Integer.toString((getNumberOfGood(&quot;Coffee&quot;)));&#13;&#10;&#9;&#9;String tobacco = &quot;Tobacco: &quot;&#13;&#10;&#9;&#9;&#9;&#9;+ Integer.toString((getNumberOfGood(&quot;Tobacco&quot;)));&#13;&#10;&#9;&#9;String corn = &quot;Corn: &quot; + Integer.toString((getNumberOfGood(&quot;Corn&quot;)));&#13;&#10;&#9;&#9;String sugar = &quot;Sugar: &quot; + Integer.toString((getNumberOfGood(&quot;Sugar&quot;)));&#13;&#10;&#9;&#9;String indigo = &quot;Indigo: &quot;&#13;&#10;&#9;&#9;&#9;&#9;+ Integer.toString((getNumberOfGood(&quot;Indigo&quot;)));&#13;&#10;&#9;&#9;rtn.addAll(Arrays.asList(coffee, corn, tobacco, sugar, indigo));&#13;&#10;&#9;&#9;return rtn;&#13;&#10;&#9;}&#13;&#10;&#13;&#10;&#9;public int getNumberOfGood(String good) {&#13;&#10;&#9;&#9;// added case where there were no goods&#13;&#10;&#9;&#9;if (this.goods.get(good) == null) {&#13;&#10;&#9;&#9;&#9;return 0;&#13;&#10;&#9;&#9;}&#13;&#10;&#9;&#9;return this.goods.get(good);&#13;&#10;&#13;&#10;&#9;}&#13;&#10;&#13;&#10;&#9;public List&lt;String&gt; getAllGoods() {&#13;&#10;&#9;&#9;List&lt;String&gt; rtn = new ArrayList&lt;String&gt;();&#13;&#10;&#9;&#9;rtn.addAll(Arrays.asList(Good.COFFEE, Good.CORN, Good.INDIGO,&#13;&#10;&#9;&#9;&#9;&#9;Good.SUGAR, Good.TOBACCO));&#13;&#10;&#9;&#9;return rtn;&#13;&#10;&#9;}&#13;&#10;&#13;&#10;&#9;public void addGood(String good, int number) {&#13;&#10;&#9;&#9;// adds the number to the original&#13;&#10;&#9;&#9;this.goods.put(good, this.goods.get(good) + number);&#13;&#10;&#9;}&#13;&#10;&#13;&#10;&#9;@Override&#13;&#10;&#9;public String toString() {&#13;&#10;&#9;&#9;String rtn = &quot;&quot;;&#13;&#10;&#9;&#9;String buildingList = &quot;&quot;;&#13;&#10;&#9;&#9;String goodsList = this.getGoods().toString();&#13;&#10;&#9;&#9;String plantationList = &quot;&quot;;&#13;&#10;&#9;&#9;for (int i = 0; i &lt; this.buildings.size(); i++) {&#13;&#10;&#9;&#9;&#9;buildingList = buildingList + &quot; &quot; + this.buildings.get(i).name;&#13;&#10;&#9;&#9;}&#13;&#10;&#9;&#9;for (int i = 0; i &lt; this.plantations.size(); i++) {&#13;&#10;&#9;&#9;&#9;plantationList = plantationList + &quot; &quot;&#13;&#10;&#9;&#9;&#9;&#9;&#9;+ this.plantations.get(i).good;&#13;&#10;&#9;&#9;}&#13;&#10;&#9;&#9;if (isGovernor) {&#13;&#10;&#9;&#9;&#9;rtn = String&#13;&#10;&#9;&#9;&#9;&#9;&#9;.format(&quot;Player %d \nRole: %s \nScore: %d \nDoubloons: %d \nBuilding: %s \nPlantation: %s \nGoods: %s \nGovernor&quot;,&#13;&#10;&#9;&#9;&#9;&#9;&#9;&#9;&#9;pNum, role, points, doubloons, buildingList,&#13;&#10;&#9;&#9;&#9;&#9;&#9;&#9;&#9;plantationList, goodsList);&#13;&#10;&#9;&#9;} else {&#13;&#10;&#9;&#9;&#9;rtn = String&#13;&#10;&#9;&#9;&#9;&#9;&#9;.format(&quot;Player %d \nRole: %s \nScore: %d \nDoubloons: %d \nBuilding: %s \nPlantation: %s \nGoods: %s&quot;,&#13;&#10;&#9;&#9;&#9;&#9;&#9;&#9;&#9;pNum, role, points, doubloons, buildingList,&#13;&#10;&#9;&#9;&#9;&#9;&#9;&#9;&#9;plantationList, goodsList);&#13;&#10;&#9;&#9;}&#13;&#10;&#9;&#9;return rtn;&#13;&#10;&#9;}&#13;&#10;&#13;&#10;&#9;public void updatePlayerInfo() {&#13;&#10;&#9;&#9;this.hud.setText(this.toString());&#13;&#10;&#9;}&#13;&#10;&#13;&#10;&#9;public ArrayList&lt;Plantation&gt; getPlantations() {&#13;&#10;&#9;&#9;return this.plantations;&#13;&#10;&#9;}&#13;&#10;&#13;&#10;&#9;public void addPlantations(Plantation add) {&#13;&#10;&#9;&#9;this.plantations.add(add);&#13;&#10;&#9;}&#13;&#10;&#13;&#10;&#9;public ArrayList&lt;String&gt; getPlantationsStringList() {&#13;&#10;&#9;&#9;ArrayList&lt;String&gt; rtn = new ArrayList&lt;String&gt;();&#13;&#10;&#9;&#9;for (Plantation p : this.plantations) {&#13;&#10;&#9;&#9;&#9;rtn.add(p.good);&#13;&#10;&#9;&#9;}&#13;&#10;&#9;&#9;return rtn;&#13;&#10;&#9;}&#13;&#10;&#13;&#10;&#9;// Only used by the Craftsman: checks if the plantation has a worker and&#13;&#10;&#9;// adds one&#13;&#10;&#9;// to the respective good count&#13;&#10;&#9;public void checkPlantation() {&#13;&#10;&#9;&#9;for (Plantation p : this.plantations) {&#13;&#10;&#9;&#9;&#9;if (p.hasWorker) {&#13;&#10;&#9;&#9;&#9;&#9;// Building condition here&#13;&#10;&#9;&#9;&#9;&#9;this.addGood(p.good, 1);&#13;&#10;&#9;&#9;&#9;}&#13;&#10;&#9;&#9;}&#13;&#10;&#9;}&#13;&#10;&#13;&#10;&#9;public int getDoubloons() {&#13;&#10;&#9;&#9;return this.doubloons;&#13;&#10;&#9;}&#13;&#10;&#13;&#10;&#9;public void setDoubloons(int add) {&#13;&#10;&#9;&#9;this.doubloons = add;&#13;&#10;&#9;}&#13;&#10;&#13;&#10;&#9;public void sellGood(String s, int i) {&#13;&#10;&#9;&#9;this.goods.put(s, this.goods.get(s) - i);&#13;&#10;&#13;&#10;&#9;}&#13;&#10;&#13;&#10;}&#13;&#10;" Filename="Player.java" Intrnl_Id="3"/>
<SrcFile Content="package csse376_puerto_rico;&#13;&#10;&#13;&#10;import java.awt.BorderLayout;&#13;&#10;import java.awt.Image;&#13;&#10;&#13;&#10;import javax.swing.ImageIcon;&#13;&#10;import javax.swing.JButton;&#13;&#10;import javax.swing.JFrame;&#13;&#10;import javax.swing.JLabel;&#13;&#10;import javax.swing.JPanel;&#13;&#10;&#13;&#10;import net.miginfocom.swing.MigLayout;&#13;&#10;&#13;&#10;public class MenuGUI {&#13;&#10;&#9;/**&#13;&#10;     * Mainframe.&#13;&#10;     */&#13;&#10;     JFrame mainframe = new JFrame();&#13;&#10;     &#13;&#10;     /**&#13;&#10;     * Constructs the Menu.&#13;&#10;     * &#13;&#10;     */&#13;&#10;     public MenuGUI() {&#13;&#10;           this.mainframe.setTitle(&quot;Puerto Rico&quot;);&#13;&#10;           this.mainframe.setSize(1366, 800);&#13;&#10;           this.mainframe.setVisible(true);&#13;&#10;           this.mainframe.setDefaultCloseOperation(JFrame.EXIT_ON_CLOSE);&#13;&#10;//           this.mainframe.setResizable(false);&#13;&#10;//           MigLayout layout = new MigLayout();&#13;&#10;//   &#9;&#9;   this.mainframe.setLayout(layout);&#13;&#10;           &#13;&#10;           JPanel imgPanel = new JPanel();&#13;&#10;           JPanel buttonPanel = new JPanel();&#13;&#10;           &#13;&#10;           String imageLoc = &quot;puerto-ricosmall.jpg&quot;;&#13;&#10;           ImageIcon imageIcon = new ImageIcon(imageLoc);&#13;&#10;           &#13;&#10;           imgPanel.add(new JLabel(imageIcon));&#13;&#10;           &#13;&#10;           JButton newGame = new JButton(&quot;New Game&quot;);&#13;&#10;           newGame.addActionListener(new ButtonHandler(mainframe, null));&#13;&#10;           JButton quit = new JButton(&quot;Quit&quot;);&#13;&#10;           &#13;&#10;           buttonPanel.add(newGame);&#13;&#10;           buttonPanel.add(quit);&#13;&#10;           &#13;&#10;           this.mainframe.add(imgPanel, BorderLayout.NORTH);&#13;&#10;           this.mainframe.add(buttonPanel, BorderLayout.SOUTH);&#13;&#10;     }&#13;&#10;&#13;&#10;}&#13;&#10;" Filename="MenuGUI.java" Intrnl_Id="4"/>
<SrcFile Content="package csse376_puerto_rico;&#10;&#10;public class Main {&#10;&#9;/**&#10;&#9; * @param args&#10;&#9; * &#10;&#9; * &#10;&#9; */&#10;&#9;public static void main(String[] args) {&#10;&#9;&#9;new MenuGUI();&#10;&#9;}&#10;}&#10;" Filename="Main.java" Intrnl_Id="5"/>
<SrcFile Content="package csse376_puerto_rico;&#13;&#10;&#13;&#10;import java.util.ArrayList;&#13;&#10;import java.util.HashMap;&#13;&#10;import java.util.List;&#13;&#10;&#13;&#10;import csse376_puerto_rico.Player.Good;&#13;&#10;import csse376_puerto_rico.Player.Plantation;&#13;&#10;&#13;&#10;public class GameState {&#13;&#10;&#13;&#10;&#9;private HashMap&lt;String, Integer&gt; goods = new HashMap&lt;String, Integer&gt;();&#13;&#10;&#9;public int colonistsTotal;&#13;&#10;&#9;public int colonistsOnBoard;&#13;&#10;&#9;public int cargoship4 = 0;&#13;&#10;&#9;public String cargoship4Good = &quot;&quot;;&#13;&#10;&#9;public int cargoship5 = 0;&#13;&#10;&#9;public String cargoship5Good = &quot;&quot;;&#13;&#10;&#9;public int cargoship6 = 0;&#13;&#10;&#9;public String cargoship6Good = &quot;&quot;;&#13;&#10;&#9;public boolean isGameEndState = false;&#13;&#10;&#9;public int doubloons;&#13;&#10;&#9;private int numOfPlayers;&#13;&#10;&#9;private List&lt;Player&gt; players;&#13;&#10;&#9;public int victoryPoints;&#13;&#10;&#9;public static ArrayList&lt;String&gt; rolesToAdd;&#13;&#10;&#9;public static ArrayList&lt;String&gt; addDoubloonToRole;&#13;&#10;&#13;&#10;&#9;public static final int ERROR = -99;&#13;&#10;&#13;&#10;&#9;public GameState(List&lt;Player&gt; players) {&#13;&#10;&#13;&#10;&#9;&#9;// game start state - Min&#13;&#10;&#13;&#10;&#9;&#9;for (Player p : players) {&#13;&#10;&#9;&#9;&#9;p.setDoubloons(players.size() - 1);&#13;&#10;&#9;&#9;}&#13;&#10;&#13;&#10;&#9;&#9;// goods&#13;&#10;&#9;&#9;goods.put(Player.Good.COFFEE, 9);&#13;&#10;&#9;&#9;goods.put(Player.Good.CORN, 10);&#13;&#10;&#9;&#9;goods.put(Player.Good.INDIGO, 11);&#13;&#10;&#9;&#9;goods.put(Player.Good.SUGAR, 11);&#13;&#10;&#9;&#9;goods.put(Player.Good.TOBACCO, 9);&#13;&#10;&#13;&#10;&#9;&#9;// colonists. victory points and plantations&#13;&#10;&#9;&#9;this.players = players;&#13;&#10;&#9;&#9;numOfPlayers = players.size();&#13;&#10;&#9;&#9;colonistsOnBoard = numOfPlayers;&#13;&#10;&#13;&#10;&#9;&#9;this.players.get(0).addPlantations(new Plantation(Good.INDIGO, false));&#13;&#10;&#9;&#9;this.players.get(1).addPlantations(new Plantation(Good.INDIGO, false));&#13;&#10;&#13;&#10;&#9;&#9;if (numOfPlayers == 3) {&#13;&#10;&#9;&#9;&#9;colonistsTotal = 55;&#13;&#10;&#9;&#9;&#9;victoryPoints = 75;&#13;&#10;&#9;&#9;&#9;this.players.get(2)&#13;&#10;&#9;&#9;&#9;&#9;&#9;.addPlantations(new Plantation(Good.CORN, false));&#13;&#10;&#9;&#9;} else if (numOfPlayers == 4) {&#13;&#10;&#9;&#9;&#9;colonistsTotal = 75;&#13;&#10;&#9;&#9;&#9;victoryPoints = 100;&#13;&#10;&#9;&#9;&#9;this.players.get(2)&#13;&#10;&#9;&#9;&#9;&#9;&#9;.addPlantations(new Plantation(Good.CORN, false));&#13;&#10;&#9;&#9;&#9;this.players.get(3)&#13;&#10;&#9;&#9;&#9;&#9;&#9;.addPlantations(new Plantation(Good.CORN, false));&#13;&#10;&#13;&#10;&#9;&#9;} else if (numOfPlayers == 5) {&#13;&#10;&#9;&#9;&#9;colonistsTotal = 95;&#13;&#10;&#9;&#9;&#9;victoryPoints = 122;&#13;&#10;&#9;&#9;&#9;this.players.get(2).addPlantations(&#13;&#10;&#9;&#9;&#9;&#9;&#9;new Plantation(Good.INDIGO, false));&#13;&#10;&#9;&#9;&#9;this.players.get(3)&#13;&#10;&#9;&#9;&#9;&#9;&#9;.addPlantations(new Plantation(Good.CORN, false));&#13;&#10;&#9;&#9;&#9;this.players.get(4)&#13;&#10;&#9;&#9;&#9;&#9;&#9;.addPlantations(new Plantation(Good.CORN, false));&#13;&#10;&#9;&#9;}&#13;&#10;&#9;&#9;// ships&#13;&#10;&#13;&#10;&#9;&#9;// doubloons&#13;&#10;&#9;&#9;doubloons = 54;&#13;&#10;&#9;&#9;rolesToAdd = new ArrayList&lt;String&gt;();&#13;&#10;&#9;&#9;addDoubloonToRole = new ArrayList&lt;String&gt;();&#13;&#10;&#13;&#10;&#9;}&#13;&#10;&#13;&#10;&#9;public int getGood(String good) {&#13;&#10;&#13;&#10;&#9;&#9;return goods.get(good);&#13;&#10;&#9;}&#13;&#10;&#13;&#10;&#9;public void addGood(String good) {&#13;&#10;&#13;&#10;&#9;&#9;goods.put(good, goods.get(good) + 1);&#13;&#10;&#9;}&#13;&#10;&#13;&#10;&#9;public int getColonistsOnBoard() {&#13;&#10;&#9;&#9;//&#13;&#10;&#9;&#9;return colonistsOnBoard;&#13;&#10;&#9;}&#13;&#10;&#13;&#10;&#9;public int getColonistsTotal() {&#13;&#10;&#9;&#9;//&#13;&#10;&#9;&#9;return colonistsTotal;&#13;&#10;&#9;}&#13;&#10;&#13;&#10;&#9;public void addRolesToList(String toAdd) {&#13;&#10;&#9;&#9;rolesToAdd.add(toAdd);&#13;&#10;&#9;&#9;if (rolesToAdd.size() == 3) {&#13;&#10;&#9;&#9;&#9;List&lt;String&gt; totalRoles = Player.getRoles();&#13;&#10;&#9;&#9;&#9;for (int i = 0; i &lt; rolesToAdd.size(); i++) {&#13;&#10;&#9;&#9;&#9;&#9;totalRoles.remove(rolesToAdd.get(i));&#13;&#10;&#9;&#9;&#9;}&#13;&#10;&#9;&#9;&#9;addDoubloonToRole = rolesToAdd;&#13;&#10;&#9;&#9;&#9;rolesToAdd = new ArrayList&lt;String&gt;();&#13;&#10;&#9;&#9;}&#13;&#10;&#9;}&#13;&#10;&#13;&#10;&#13;&#10;&#9;public void addColonistsToBoard() {&#13;&#10;&#9;&#9;/**&#13;&#10;&#9;&#9; * For each empty circle on the buildings on the player boards of all&#13;&#10;&#9;&#9; * players (empty circles on plantations and quarries do not count!),&#13;&#10;&#9;&#9; * the mayor takes one colonist from the colonist supply and places it&#13;&#10;&#9;&#9; * on the colonist ship. However, as a minimum, the mayor should always&#13;&#10;&#9;&#9; * place at least as many colonists on the ship as there are players in&#13;&#10;&#9;&#9; * the game.&#13;&#10;&#9;&#9; */&#13;&#10;&#9;&#9;int temp = 0;&#13;&#10;&#9;&#9;for (Player player : players) {&#13;&#10;&#9;&#9;&#9;for (Building b : player.getBuildings()) {&#13;&#10;&#9;&#9;&#9;&#9;temp += b.numberOfJobs - b.numberOfWorkers;&#13;&#10;&#9;&#9;&#9;}&#13;&#10;&#9;&#9;&#9;for (Plantation p : player.getPlantations()) {&#13;&#10;&#9;&#9;&#9;&#9;if (!p.hasWorker) {&#13;&#10;&#9;&#9;&#9;&#9;&#9;temp += 1;&#13;&#10;&#9;&#9;&#9;&#9;}&#13;&#10;&#9;&#9;&#9;}&#13;&#10;&#9;&#9;}&#13;&#10;&#9;&#9;if (temp &lt; numOfPlayers) {&#13;&#10;&#9;&#9;&#9;colonistsOnBoard = numOfPlayers;&#13;&#10;&#9;&#9;} else {&#13;&#10;&#9;&#9;&#9;colonistsOnBoard = temp;&#13;&#10;&#9;&#9;}&#13;&#10;&#9;}&#13;&#10;&#13;&#10;&#9;/**&#13;&#10;&#9; * &#13;&#10;&#9; * returns leftover, if 99 then that means it is an error or wrong good on&#13;&#10;&#9; * cargo&#13;&#10;&#9; * &#13;&#10;&#9; * @param shipNum&#13;&#10;&#9; * @param goodNum&#13;&#10;&#9; * @param good&#13;&#10;&#9; * @return int&#13;&#10;&#9; *&#13;&#10;&#9; */&#13;&#10;&#9;public int addGoodToCargoShip(int shipNum, int goodNum, String good) {&#13;&#10;&#9;&#9;int leftover = 0;&#13;&#10;&#9;&#9;if (shipNum == 4) {&#13;&#10;&#9;&#9;&#9;System.out.println(&quot;ship4&quot;);&#13;&#10;&#9;&#9;&#9;if (cargoship4 == 0&#13;&#10;&#9;&#9;&#9;&#9;&#9;|| (cargoship4 &lt; 4 &amp;&amp; cargoship4Good.equals(good))) {&#13;&#10;&#9;&#9;&#9;&#9;leftover = cargoship4 + goodNum - 4;&#13;&#10;&#9;&#9;&#9;&#9;if (goodNum != 0)&#13;&#10;&#9;&#9;&#9;&#9;&#9;cargoship4Good = good;&#13;&#10;&#13;&#10;&#9;&#9;&#9;&#9;if (leftover &gt; 0) {&#13;&#10;&#9;&#9;&#9;&#9;&#9;cargoship4 = 4;&#13;&#10;&#9;&#9;&#9;&#9;} else {&#13;&#10;&#9;&#9;&#9;&#9;&#9;cargoship4 += goodNum;&#13;&#10;&#9;&#9;&#9;&#9;&#9;leftover = 0;&#13;&#10;&#9;&#9;&#9;&#9;}&#13;&#10;&#13;&#10;&#9;&#9;&#9;} else {&#13;&#10;&#9;&#9;&#9;&#9;leftover = ERROR;&#13;&#10;&#9;&#9;&#9;}&#13;&#10;&#9;&#9;} else if (shipNum == 5) {&#13;&#10;&#9;&#9;&#9;System.out.println(&quot;ship5&quot;);&#13;&#10;&#9;&#9;&#9;if (cargoship5 == 0&#13;&#10;&#9;&#9;&#9;&#9;&#9;|| (cargoship5 &lt; 5 &amp;&amp; cargoship5Good.equals(good))) {&#13;&#10;&#9;&#9;&#9;&#9;leftover = cargoship5 + goodNum - 5;&#13;&#10;&#9;&#9;&#9;&#9;if (goodNum != 0)&#13;&#10;&#9;&#9;&#9;&#9;&#9;cargoship5Good = good;&#13;&#10;&#9;&#9;&#9;&#9;if (leftover &gt; 0) {&#13;&#10;&#9;&#9;&#9;&#9;&#9;cargoship5 = 5;&#13;&#10;&#9;&#9;&#9;&#9;} else {&#13;&#10;&#9;&#9;&#9;&#9;&#9;cargoship5 += goodNum;&#13;&#10;&#9;&#9;&#9;&#9;&#9;leftover = 0;&#13;&#10;&#9;&#9;&#9;&#9;}&#13;&#10;&#9;&#9;&#9;} else {&#13;&#10;&#9;&#9;&#9;&#9;leftover = ERROR;&#13;&#10;&#9;&#9;&#9;}&#13;&#10;&#13;&#10;&#9;&#9;} else if (shipNum == 6) {&#13;&#10;&#9;&#9;&#9;System.out.println(&quot;ship6&quot;);&#13;&#10;&#9;&#9;&#9;if (cargoship6 == 0&#13;&#10;&#9;&#9;&#9;&#9;&#9;|| (cargoship6 &lt; 6 &amp;&amp; cargoship6Good.equals(good))) {&#13;&#10;&#9;&#9;&#9;&#9;leftover = cargoship6 + goodNum - 6;&#13;&#10;&#9;&#9;&#9;&#9;if (goodNum != 0)&#13;&#10;&#9;&#9;&#9;&#9;&#9;cargoship6Good = good;&#13;&#10;&#9;&#9;&#9;&#9;if (leftover &gt; 0) {&#13;&#10;&#9;&#9;&#9;&#9;&#9;cargoship6 = 6;&#13;&#10;&#9;&#9;&#9;&#9;} else {&#13;&#10;&#9;&#9;&#9;&#9;&#9;cargoship6 += goodNum;&#13;&#10;&#9;&#9;&#9;&#9;&#9;leftover = 0;&#13;&#10;&#9;&#9;&#9;&#9;}&#13;&#10;&#9;&#9;&#9;} else {&#13;&#10;&#9;&#9;&#9;&#9;leftover = ERROR;&#13;&#10;&#9;&#9;&#9;}&#13;&#10;&#9;&#9;}&#13;&#10;&#9;&#9;return leftover;&#13;&#10;&#9;}&#13;&#10;&#13;&#10;&#9;public boolean isAbleToAddGood() {&#13;&#10;&#13;&#10;&#9;&#9;for (Player p : players) {&#13;&#10;&#9;&#9;&#9;if (isAbleToAddGood(p)) {&#13;&#10;&#9;&#9;&#9;&#9;return true;&#13;&#10;&#9;&#9;&#9;}&#13;&#10;&#9;&#9;}&#13;&#10;&#9;&#9;return false;&#13;&#10;&#9;}&#13;&#10;&#13;&#10;&#9;public boolean isAbleToAddGood(Player p) {&#13;&#10;&#9;&#9;List&lt;String&gt; goodStringList = p.getAllGoods();&#13;&#10;&#9;&#9;for (String good : goodStringList) {&#13;&#10;&#13;&#10;&#9;&#9;&#9;if (p.getNumberOfGood(good) &gt; 0) {&#13;&#10;&#9;&#9;&#9;&#9;for (int i = 4; i &lt;= 6; i++) {&#13;&#10;&#9;&#9;&#9;&#9;&#9;int e = addGoodToCargoShip(i, 0, good);&#13;&#10;&#9;&#9;&#9;&#9;&#9;if (e != ERROR) {&#13;&#10;&#9;&#9;&#9;&#9;&#9;&#9;return true;&#13;&#10;&#13;&#10;&#9;&#9;&#9;&#9;&#9;}&#13;&#10;&#9;&#9;&#9;&#9;}&#13;&#10;&#9;&#9;&#9;}&#13;&#10;&#9;&#9;}&#13;&#10;&#9;&#9;return false;&#13;&#10;&#9;}&#13;&#10;&#13;&#10;&#9;public boolean isGameEndState() {&#13;&#10;&#13;&#10;&#9;&#9;return isGameEndState;&#13;&#10;&#9;}&#13;&#10;&#13;&#10;&#9;public Player getWinner() {&#13;&#10;&#9;&#9;Player max = this.players.get(0);&#13;&#10;&#9;&#9;for (Player p : this.players) {&#13;&#10;&#9;&#9;&#9;if (max.getPoints() &lt;= p.getPoints()) {&#13;&#10;&#9;&#9;&#9;&#9;max = p;&#13;&#10;&#9;&#9;&#9;}&#13;&#10;&#9;&#9;}&#13;&#10;&#13;&#10;&#9;&#9;return max;&#13;&#10;&#9;}&#13;&#10;&#13;&#10;&#9;public void updateAtEndOfTurn() {&#13;&#10;&#9;&#9;addColonistsToBoard();&#13;&#10;&#13;&#10;&#9;&#9;// Must ship these&#13;&#10;&#9;&#9;if (cargoship4 == 4) {&#13;&#10;&#9;&#9;&#9;cargoship4 = 0;&#13;&#10;&#9;&#9;&#9;cargoship4Good = &quot;&quot;;&#13;&#10;&#9;&#9;}&#13;&#10;&#9;&#9;if (cargoship5 == 5) {&#13;&#10;&#9;&#9;&#9;cargoship5 = 0;&#13;&#10;&#9;&#9;&#9;cargoship5Good = &quot;&quot;;&#13;&#10;&#9;&#9;}&#13;&#10;&#9;&#9;if (cargoship6 == 6) {&#13;&#10;&#9;&#9;&#9;cargoship6 = 0;&#13;&#10;&#9;&#9;&#9;cargoship6Good = &quot;&quot;;&#13;&#10;&#9;&#9;}&#13;&#10;&#9;}&#13;&#10;&#13;&#10;}&#13;&#10;" Filename="GameState.java" Intrnl_Id="6"/>
<SrcFile Content="package csse376_puerto_rico;&#13;&#10;&#13;&#10;import java.awt.Color;&#13;&#10;import java.util.ArrayList;&#13;&#10;import java.util.Enumeration;&#13;&#10;import java.util.List;&#13;&#10;&#13;&#10;import javax.swing.AbstractButton;&#13;&#10;import javax.swing.ButtonGroup;&#13;&#10;import javax.swing.JFrame;&#13;&#10;import javax.swing.JOptionPane;&#13;&#10;import javax.swing.JTextArea;&#13;&#10;&#13;&#10;import net.miginfocom.swing.MigLayout;&#13;&#10;import csse376_puerto_rico.Player.Good;&#13;&#10;import csse376_puerto_rico.Player.Plantation;&#13;&#10;&#13;&#10;public class GameBoardGUI {&#13;&#10;&#13;&#10;&#9;private JFrame mainframe;&#13;&#10;&#9;public static List&lt;Player&gt; players;&#13;&#10;&#9;public static JTextArea msgBar;&#13;&#10;&#9;public static JTextArea gameStateInfo;&#13;&#10;&#9;// public static ArrayList&lt;JPanel&gt; playerCards;&#13;&#10;&#9;private ButtonGroup bGroup;&#13;&#10;&#9;private static int turnCount;&#13;&#10;&#9;private GameState gameState;&#13;&#10;&#13;&#10;&#9;public GameBoardGUI() {&#13;&#10;&#9;&#9;// For testing purposes.&#13;&#10;&#9;&#9;this.msgBar = new JTextArea();&#13;&#10;&#9;&#9;this.gameStateInfo = new JTextArea();&#13;&#10;&#9;&#9;this.players = new ArrayList&lt;Player&gt;();&#13;&#10;&#9;&#9;this.mainframe = new JFrame();&#13;&#10;&#9;&#9;this.gameState = new GameState();&#13;&#10;&#9;}&#13;&#10;&#13;&#10;&#9;public GameBoardGUI(JFrame frame, ButtonGroup group) {&#13;&#10;&#9;&#9;this.players = new ArrayList&lt;Player&gt;();&#13;&#10;&#9;&#9;this.mainframe = frame;&#13;&#10;&#9;&#9;this.mainframe.setTitle(&quot;Puerto Rico&quot;);&#13;&#10;&#9;&#9;this.mainframe.getContentPane().removeAll();&#13;&#10;&#9;&#9;this.mainframe.getContentPane().revalidate();&#13;&#10;&#9;&#9;this.mainframe.setBackground(Color.GREEN);&#13;&#10;&#9;&#9;MigLayout layout = new MigLayout();&#13;&#10;&#9;&#9;this.mainframe.setLayout(layout);&#13;&#10;&#9;&#9;this.bGroup = group;&#13;&#10;&#9;&#9;this.msgBar = new JTextArea();&#13;&#10;&#9;&#9;this.gameStateInfo = new JTextArea();&#13;&#10;&#13;&#10;&#9;&#9;String temp = &quot;3&quot;;&#13;&#10;&#9;&#9;for (Enumeration&lt;AbstractButton&gt; buttons = this.bGroup.getElements(); buttons&#13;&#10;&#9;&#9;&#9;&#9;.hasMoreElements();) {&#13;&#10;&#9;&#9;&#9;AbstractButton button = buttons.nextElement();&#13;&#10;&#9;&#9;&#9;if (button.isSelected()) {&#13;&#10;&#9;&#9;&#9;&#9;temp = button.getText();&#13;&#10;&#9;&#9;&#9;}&#13;&#10;&#9;&#9;}&#13;&#10;&#9;&#9;int numberPlayers = Integer.parseInt(temp);&#13;&#10;&#13;&#10;&#9;&#9;this.addPlayers(numberPlayers);&#13;&#10;&#9;}&#13;&#10;&#13;&#10;&#9;private void displayGameState() {&#13;&#10;&#9;&#9;int coffee = this.gameState.getGood(Player.Good.COFFEE);&#13;&#10;&#9;&#9;int corn = this.gameState.getGood(Player.Good.CORN);&#13;&#10;&#9;&#9;int indigo = this.gameState.getGood(Player.Good.INDIGO);&#13;&#10;&#9;&#9;int sugar = this.gameState.getGood(Player.Good.SUGAR);&#13;&#10;&#9;&#9;int tobacco = this.gameState.getGood(Player.Good.TOBACCO);&#13;&#10;&#9;&#9;int colonists = this.gameState.getColonistsOnBoard();&#13;&#10;&#9;&#9;int colonistsTotal = this.gameState.getColonistsTotal();&#13;&#10;&#9;&#9;int points = this.gameState.victoryPoints;&#13;&#10;&#13;&#10;&#9;&#9;String parsedInfo = &quot;Coffe: &quot; + coffee + &quot;    Corn: &quot; + corn&#13;&#10;&#9;&#9;&#9;&#9;+ &quot;    Indigo: &quot; + indigo + &quot;\nSugar: &quot; + sugar&#13;&#10;&#9;&#9;&#9;&#9;+ &quot;        Tobacco: &quot; + tobacco + &quot;\nColonists On Board: &quot;&#13;&#10;&#9;&#9;&#9;&#9;+ colonists + &quot;\nColonists Total: &quot; + colonistsTotal&#13;&#10;&#9;&#9;&#9;&#9;+ &quot;\nVictory Points: &quot; + points + &quot;\n&quot; + &quot;\nCargo Ship: &quot;&#13;&#10;&#9;&#9;&#9;&#9;+ (4 - this.gameState.cargoship4) + &quot; spots for &quot;&#13;&#10;&#9;&#9;&#9;&#9;+ this.gameState.cargoship4Good + &quot;    Cargo Ship: &quot;&#13;&#10;&#9;&#9;&#9;&#9;+ (5 - this.gameState.cargoship5) + &quot; spots for &quot;&#13;&#10;&#9;&#9;&#9;&#9;+ this.gameState.cargoship5Good + &quot;    Cargo Ship: &quot;&#13;&#10;&#9;&#9;&#9;&#9;+ (6 - this.gameState.cargoship6) + &quot; spots for &quot;&#13;&#10;&#9;&#9;&#9;&#9;+ this.gameState.cargoship6Good;&#13;&#10;&#9;&#9;gameStateInfo.setColumns(20);&#13;&#10;&#9;&#9;gameStateInfo.setRows(7);&#13;&#10;&#9;&#9;gameStateInfo.setText(parsedInfo);&#13;&#10;&#9;&#9;this.mainframe.add(gameStateInfo, &quot;cell 0 5, span 5&quot;);&#13;&#10;&#9;}&#13;&#10;&#13;&#10;&#9;private void updateGameStateDisplay() {&#13;&#10;&#9;&#9;int coffee = this.gameState.getGood(Player.Good.COFFEE);&#13;&#10;&#9;&#9;int corn = this.gameState.getGood(Player.Good.CORN);&#13;&#10;&#9;&#9;int indigo = this.gameState.getGood(Player.Good.INDIGO);&#13;&#10;&#9;&#9;int sugar = this.gameState.getGood(Player.Good.SUGAR);&#13;&#10;&#9;&#9;int tobacco = this.gameState.getGood(Player.Good.TOBACCO);&#13;&#10;&#9;&#9;int colonists = this.gameState.getColonistsOnBoard();&#13;&#10;&#9;&#9;int colonistsTotal = this.gameState.getColonistsTotal();&#13;&#10;&#9;&#9;int points = this.gameState.victoryPoints;&#13;&#10;&#13;&#10;&#9;&#9;String parsedInfo = &quot;Coffe: &quot; + coffee + &quot;    Corn: &quot; + corn&#13;&#10;&#9;&#9;&#9;&#9;+ &quot;    Indigo: &quot; + indigo + &quot;\nSugar: &quot; + sugar&#13;&#10;&#9;&#9;&#9;&#9;+ &quot;        Tobacco: &quot; + tobacco + &quot;\nColonists: &quot; + colonists&#13;&#10;&#9;&#9;&#9;&#9;+ &quot;\nColonists Total: &quot; + colonistsTotal + &quot;\nVictory Points: &quot;&#13;&#10;&#9;&#9;&#9;&#9;+ points + &quot;\n&quot; + &quot;\nCargo Ship: &quot;&#13;&#10;&#9;&#9;&#9;&#9;+ (4 - this.gameState.cargoship4) + &quot; spots for &quot;&#13;&#10;&#9;&#9;&#9;&#9;+ this.gameState.cargoship4Good + &quot;    Cargo Ship: &quot;&#13;&#10;&#9;&#9;&#9;&#9;+ (5 - this.gameState.cargoship5) + &quot; spots for &quot;&#13;&#10;&#9;&#9;&#9;&#9;+ this.gameState.cargoship5Good + &quot;    Cargo Ship: &quot;&#13;&#10;&#9;&#9;&#9;&#9;+ (6 - this.gameState.cargoship6) + &quot; spots for &quot;&#13;&#10;&#9;&#9;&#9;&#9;+ this.gameState.cargoship6Good;&#13;&#10;&#13;&#10;&#9;&#9;gameStateInfo.setText(parsedInfo);&#13;&#10;&#9;}&#13;&#10;&#13;&#10;&#9;private void displayMessageBar() {&#13;&#10;&#9;&#9;msgBar.setColumns(90);&#13;&#10;&#9;&#9;this.mainframe.add(msgBar, &quot;cell 0 0, span &quot; + this.players.size());&#13;&#10;&#9;}&#13;&#10;&#13;&#10;&#9;public List&lt;Player&gt; addPlayers(int numberOfPlayers) {&#13;&#10;&#9;&#9;// this.addPlayerCards(numberOfPlayers);&#13;&#10;&#9;&#9;for (int i = 0; i &lt; numberOfPlayers; i++) {&#13;&#10;&#9;&#9;&#9;Player p = new Player();&#13;&#10;&#9;&#9;&#9;if (i == 0) {&#13;&#10;&#9;&#9;&#9;&#9;p.isGovernor = true;&#13;&#10;&#9;&#9;&#9;}&#13;&#10;&#9;&#9;&#9;p.setPlayerNum(i);&#13;&#10;&#9;&#9;&#9;JTextArea jta = new JTextArea(&quot;Player &quot; + i + &quot;\nRole: &quot;&#13;&#10;&#9;&#9;&#9;&#9;&#9;+ &quot;\nScore: &quot; + p.getPoints() + &quot;\nBuildings:&quot;&#13;&#10;&#9;&#9;&#9;&#9;&#9;+ p.getBuildingsStringList() + &quot;\nPlantations:\n&quot;);&#13;&#10;&#9;&#9;&#9;jta.setRows(15);&#13;&#10;&#9;&#9;&#9;jta.setColumns(15);&#13;&#10;&#9;&#9;&#9;p.setHUD(jta);&#13;&#10;&#9;&#9;&#9;this.players.add(p);&#13;&#10;&#9;&#9;&#9;this.mainframe.add(jta, &quot;cell &quot; + i + &quot; 1&quot;);&#13;&#10;&#9;&#9;&#9;p.updatePlayerInfo();&#13;&#10;&#13;&#10;&#9;&#9;}&#13;&#10;&#9;&#9;this.gameState = new GameState(this.players);&#13;&#10;&#13;&#10;&#9;&#9;displayGameState();&#13;&#10;&#9;&#9;displayMessageBar();&#13;&#10;&#9;&#9;updateRoles();&#13;&#10;&#13;&#10;&#9;&#9;return this.players;&#13;&#10;&#9;}&#13;&#10;&#13;&#10;&#9;public List&lt;Player&gt; getPlayers() {&#13;&#10;&#9;&#9;return this.players;&#13;&#10;&#9;}&#13;&#10;&#13;&#10;&#9;public static int getTurnCount() {&#13;&#10;&#9;&#9;return turnCount;&#13;&#10;&#9;}&#13;&#10;&#13;&#10;&#9;public void updateRoles() {&#13;&#10;&#13;&#10;&#9;&#9;Object[] options = Player.getRoles().toArray();&#13;&#10;&#9;&#9;while (!checkEndGame()) {&#13;&#10;&#9;&#9;&#9;options = Player.getRoles().toArray();&#13;&#10;&#9;&#9;&#9;for (int i = 0; i &lt; this.players.size(); i++) {&#13;&#10;&#9;&#9;&#9;&#9;Player player = this.players.get(i);&#13;&#10;&#9;&#9;&#9;&#9;// DONE: Min, make player not able to choose role already chosen&#13;&#10;&#9;&#9;&#9;&#9;// for this turn.&#13;&#10;&#9;&#9;&#9;&#9;int n = JOptionPane.showOptionDialog(this.mainframe,&#13;&#10;&#9;&#9;&#9;&#9;&#9;&#9;&quot;Choose your role!&quot;, &quot;Player &quot; + i,&#13;&#10;&#9;&#9;&#9;&#9;&#9;&#9;JOptionPane.YES_NO_CANCEL_OPTION,&#13;&#10;&#9;&#9;&#9;&#9;&#9;&#9;JOptionPane.QUESTION_MESSAGE, null, options,&#13;&#10;&#9;&#9;&#9;&#9;&#9;&#9;options[options.length - 1]);&#13;&#10;&#9;&#9;&#9;&#9;// in this block of code I had to convert the lists of&#13;&#10;&#9;&#9;&#9;&#9;// buildings,plantations into Strings&#13;&#10;&#13;&#10;&#9;&#9;&#9;&#9;String role = (String) options[n];&#13;&#10;&#13;&#10;&#9;&#9;&#9;&#9;// Every start of the role each player gets an extra doubloon.&#13;&#10;&#9;&#9;&#9;&#9;player.setDoubloons(player.getDoubloons() + 1);&#13;&#10;&#9;&#9;&#9;&#9;gameState.doubloons--;&#13;&#10;&#13;&#10;&#9;&#9;&#9;&#9;player.setRole(role);&#13;&#10;&#13;&#10;&#9;&#9;&#9;&#9;player.updatePlayerInfo();&#13;&#10;&#13;&#10;&#9;&#9;&#9;&#9;playRole(i);&#13;&#10;&#13;&#10;&#9;&#9;&#9;&#9;// update&#13;&#10;&#9;&#9;&#9;&#9;this.gameState.updateAtEndOfTurn();&#13;&#10;&#13;&#10;&#9;&#9;&#9;&#9;// removing selected&#13;&#10;&#9;&#9;&#9;&#9;List&lt;Object&gt; temp = new ArrayList&lt;Object&gt;();&#13;&#10;&#9;&#9;&#9;&#9;for (int j = 0; j &lt; options.length; j++) {&#13;&#10;&#9;&#9;&#9;&#9;&#9;if (j != n) {&#13;&#10;&#9;&#9;&#9;&#9;&#9;&#9;temp.add(options[j]);&#13;&#10;&#9;&#9;&#9;&#9;&#9;}&#13;&#10;&#9;&#9;&#9;&#9;}&#13;&#10;&#9;&#9;&#9;&#9;options = temp.toArray();&#13;&#10;&#9;&#9;&#9;}&#13;&#10;&#13;&#10;&#9;&#9;}&#13;&#10;&#9;&#9;updateMsgBar(&quot;Winner is Player : &quot;&#13;&#10;&#9;&#9;&#9;&#9;+ this.gameState.getWinner().getPlayerNum());&#13;&#10;&#13;&#10;&#9;}&#13;&#10;&#13;&#10;&#9;public boolean checkEndGame() {&#13;&#10;&#9;&#9;// checks the end of the game, default to true for testing, otherwise&#13;&#10;&#9;&#9;// false&#13;&#10;&#9;&#9;return gameState.isGameEndState();&#13;&#10;&#9;}&#13;&#10;&#13;&#10;&#9;public void updateMsgBar(String msg) {&#13;&#10;&#9;&#9;this.msgBar.setText(msg);&#13;&#10;&#9;}&#13;&#10;&#13;&#10;&#9;public void playRole(int roleNum) {&#13;&#10;&#9;&#9;//&#13;&#10;&#9;&#9;Player player = players.get(roleNum);&#13;&#10;&#9;&#9;String role = player.getRole();&#13;&#10;&#13;&#10;&#9;&#9;if (role.equals(PlayerRoles.Mayor)) {&#13;&#10;&#9;&#9;&#9;int colonists = gameState.getColonistsOnBoard();&#13;&#10;&#9;&#9;&#9;gameState.colonistsTotal = gameState.colonistsTotal - colonists;&#13;&#10;&#13;&#10;&#9;&#9;&#9;while (colonists &gt; 0) {&#13;&#10;&#13;&#10;&#9;&#9;&#9;&#9;player = players.get(roleNum);&#13;&#10;&#13;&#10;&#9;&#9;&#9;&#9;Object[] options = { &quot;Building&quot;, &quot;Plantation&quot;, &quot;Do Nothing&quot; };&#13;&#10;&#9;&#9;&#9;&#9;boolean selected = false;&#13;&#10;&#9;&#9;&#9;&#9;while (!selected) {&#13;&#10;&#9;&#9;&#9;&#9;&#9;int n = JOptionPane&#13;&#10;&#9;&#9;&#9;&#9;&#9;&#9;&#9;.showOptionDialog(&#13;&#10;&#9;&#9;&#9;&#9;&#9;&#9;&#9;&#9;&#9;this.mainframe,&#13;&#10;&#9;&#9;&#9;&#9;&#9;&#9;&#9;&#9;&#9;&quot;Give the colonosists a job! \nChoose a structure.&quot;,&#13;&#10;&#9;&#9;&#9;&#9;&#9;&#9;&#9;&#9;&#9;&quot;Player &quot; + roleNum,&#13;&#10;&#9;&#9;&#9;&#9;&#9;&#9;&#9;&#9;&#9;JOptionPane.YES_NO_CANCEL_OPTION,&#13;&#10;&#9;&#9;&#9;&#9;&#9;&#9;&#9;&#9;&#9;JOptionPane.QUESTION_MESSAGE, null,&#13;&#10;&#9;&#9;&#9;&#9;&#9;&#9;&#9;&#9;&#9;options, options[options.length - 1]);&#13;&#10;&#9;&#9;&#9;&#9;&#9;if (n == 0) {&#13;&#10;&#9;&#9;&#9;&#9;&#9;&#9;ArrayList&lt;String&gt; pBuildingsNames = (ArrayList&lt;String&gt;) player&#13;&#10;&#9;&#9;&#9;&#9;&#9;&#9;&#9;&#9;.getBuildingsStringList().clone();&#13;&#10;&#9;&#9;&#9;&#9;&#9;&#9;pBuildingsNames.add(&quot;Go Back&quot;);&#13;&#10;&#9;&#9;&#9;&#9;&#9;&#9;Object[] temp = pBuildingsNames.toArray();&#13;&#10;&#13;&#10;&#9;&#9;&#9;&#9;&#9;&#9;int buildingNum = JOptionPane&#13;&#10;&#9;&#9;&#9;&#9;&#9;&#9;&#9;&#9;.showOptionDialog(&#13;&#10;&#9;&#9;&#9;&#9;&#9;&#9;&#9;&#9;&#9;&#9;this.mainframe,&#13;&#10;&#9;&#9;&#9;&#9;&#9;&#9;&#9;&#9;&#9;&#9;&quot;Give the colonosists a job! \nChoose a building&quot;,&#13;&#10;&#9;&#9;&#9;&#9;&#9;&#9;&#9;&#9;&#9;&#9;&quot;Player &quot; + (roleNum),&#13;&#10;&#9;&#9;&#9;&#9;&#9;&#9;&#9;&#9;&#9;&#9;JOptionPane.YES_NO_CANCEL_OPTION,&#13;&#10;&#9;&#9;&#9;&#9;&#9;&#9;&#9;&#9;&#9;&#9;JOptionPane.QUESTION_MESSAGE, null,&#13;&#10;&#9;&#9;&#9;&#9;&#9;&#9;&#9;&#9;&#9;&#9;temp, null);&#13;&#10;&#9;&#9;&#9;&#9;&#9;&#9;if (buildingNum != temp.length - 1) {&#13;&#10;&#9;&#9;&#9;&#9;&#9;&#9;&#9;Building playerB = player.getBuildings().get(&#13;&#10;&#9;&#9;&#9;&#9;&#9;&#9;&#9;&#9;&#9;buildingNum);&#13;&#10;&#9;&#9;&#9;&#9;&#9;&#9;&#9;if (playerB.numberOfJobs &gt; playerB.numberOfWorkers) {&#13;&#10;&#9;&#9;&#9;&#9;&#9;&#9;&#9;&#9;player.getBuildings().get(buildingNum).numberOfWorkers++;&#13;&#10;&#9;&#9;&#9;&#9;&#9;&#9;&#9;&#9;selected = true;&#13;&#10;&#9;&#9;&#9;&#9;&#9;&#9;&#9;&#9;updateMsgBar(&quot;Player &quot; + roleNum&#13;&#10;&#9;&#9;&#9;&#9;&#9;&#9;&#9;&#9;&#9;&#9;+ &quot; added worker to building &quot;&#13;&#10;&#9;&#9;&#9;&#9;&#9;&#9;&#9;&#9;&#9;&#9;+ playerB.name);&#13;&#10;&#9;&#9;&#9;&#9;&#9;&#9;&#9;} else {&#13;&#10;&#9;&#9;&#9;&#9;&#9;&#9;&#9;&#9;updateMsgBar(&quot;Building &quot; + playerB.name&#13;&#10;&#9;&#9;&#9;&#9;&#9;&#9;&#9;&#9;&#9;&#9;+ &quot; is already full of workers.&quot;);&#13;&#10;&#9;&#9;&#9;&#9;&#9;&#9;&#9;}&#13;&#10;&#9;&#9;&#9;&#9;&#9;&#9;} else {&#13;&#10;&#13;&#10;&#9;&#9;&#9;&#9;&#9;&#9;&#9;updateMsgBar(&quot;Player &quot; + roleNum&#13;&#10;&#9;&#9;&#9;&#9;&#9;&#9;&#9;&#9;&#9;+ &quot; has no buildings&quot;);&#13;&#10;&#9;&#9;&#9;&#9;&#9;&#9;&#9;selected = false;&#13;&#10;&#9;&#9;&#9;&#9;&#9;&#9;}&#13;&#10;&#13;&#10;&#9;&#9;&#9;&#9;&#9;} else if (n == 1) {&#13;&#10;&#9;&#9;&#9;&#9;&#9;&#9;ArrayList&lt;String&gt; pPlantations = (ArrayList&lt;String&gt;) player&#13;&#10;&#9;&#9;&#9;&#9;&#9;&#9;&#9;&#9;.getPlantationsStringList().clone();&#13;&#10;&#9;&#9;&#9;&#9;&#9;&#9;pPlantations.add(&quot;Go Back&quot;);&#13;&#10;&#9;&#9;&#9;&#9;&#9;&#9;Object[] temp = pPlantations.toArray();&#13;&#10;&#13;&#10;&#9;&#9;&#9;&#9;&#9;&#9;int plantationNum = JOptionPane&#13;&#10;&#9;&#9;&#9;&#9;&#9;&#9;&#9;&#9;.showOptionDialog(&#13;&#10;&#9;&#9;&#9;&#9;&#9;&#9;&#9;&#9;&#9;&#9;this.mainframe,&#13;&#10;&#9;&#9;&#9;&#9;&#9;&#9;&#9;&#9;&#9;&#9;&quot;Give the colonosists a job! \nChoose a plantation&quot;,&#13;&#10;&#9;&#9;&#9;&#9;&#9;&#9;&#9;&#9;&#9;&#9;&quot;Player &quot; + (roleNum),&#13;&#10;&#9;&#9;&#9;&#9;&#9;&#9;&#9;&#9;&#9;&#9;JOptionPane.YES_NO_CANCEL_OPTION,&#13;&#10;&#9;&#9;&#9;&#9;&#9;&#9;&#9;&#9;&#9;&#9;JOptionPane.QUESTION_MESSAGE, null,&#13;&#10;&#9;&#9;&#9;&#9;&#9;&#9;&#9;&#9;&#9;&#9;temp, null);&#13;&#10;&#9;&#9;&#9;&#9;&#9;&#9;if (plantationNum != temp.length - 1) {&#13;&#10;&#9;&#9;&#9;&#9;&#9;&#9;&#9;Plantation pPlantation = player.getPlantations()&#13;&#10;&#9;&#9;&#9;&#9;&#9;&#9;&#9;&#9;&#9;.get(plantationNum);&#13;&#10;&#9;&#9;&#9;&#9;&#9;&#9;&#9;if (pPlantation.hasWorker) {&#13;&#10;&#9;&#9;&#9;&#9;&#9;&#9;&#9;&#9;updateMsgBar(&quot;Plantation already has a worker.&quot;);&#13;&#10;&#9;&#9;&#9;&#9;&#9;&#9;&#9;} else {&#13;&#10;&#9;&#9;&#9;&#9;&#9;&#9;&#9;&#9;pPlantation.hasWorker = true;&#13;&#10;&#9;&#9;&#9;&#9;&#9;&#9;&#9;&#9;selected = true;&#13;&#10;&#9;&#9;&#9;&#9;&#9;&#9;&#9;&#9;updateMsgBar(&quot;Player &quot; + roleNum&#13;&#10;&#9;&#9;&#9;&#9;&#9;&#9;&#9;&#9;&#9;&#9;+ &quot; added worker to plantation&quot;);&#13;&#10;&#9;&#9;&#9;&#9;&#9;&#9;&#9;}&#13;&#10;&#9;&#9;&#9;&#9;&#9;&#9;} else {&#13;&#10;&#13;&#10;&#9;&#9;&#9;&#9;&#9;&#9;&#9;updateMsgBar(&quot;Player &quot; + roleNum&#13;&#10;&#9;&#9;&#9;&#9;&#9;&#9;&#9;&#9;&#9;+ &quot; has no plantions&quot;);&#13;&#10;&#9;&#9;&#9;&#9;&#9;&#9;&#9;selected = false;&#13;&#10;&#9;&#9;&#9;&#9;&#9;&#9;}&#13;&#10;&#9;&#9;&#9;&#9;&#9;} else {&#13;&#10;&#9;&#9;&#9;&#9;&#9;&#9;// Do nothing&#13;&#10;&#9;&#9;&#9;&#9;&#9;&#9;selected = true;&#13;&#10;&#9;&#9;&#9;&#9;&#9;}&#13;&#10;&#13;&#10;&#9;&#9;&#9;&#9;&#9;player.updatePlayerInfo();&#13;&#10;&#9;&#9;&#9;&#9;}&#13;&#10;&#9;&#9;&#9;&#9;roleNum = (roleNum + 1) % players.size();&#13;&#10;&#9;&#9;&#9;&#9;colonists--;&#13;&#10;&#13;&#10;&#9;&#9;&#9;}&#13;&#10;&#9;&#9;} else if (role.equals(PlayerRoles.Builder)) {&#13;&#10;&#9;&#9;&#9;player.setDoubloons(player.getDoubloons() + 1);&#13;&#10;&#9;&#9;&#9;Buildings b = new Buildings();&#13;&#10;&#13;&#10;&#9;&#9;&#9;for (int i = 0; i &lt; players.size(); i++) {&#13;&#10;&#9;&#9;&#9;&#9;player = players.get(roleNum);&#13;&#10;&#9;&#9;&#9;&#9;System.out.println(roleNum);&#13;&#10;&#13;&#10;&#9;&#9;&#9;&#9;ArrayList&lt;Building&gt; bs = b.getBuildings();&#13;&#10;&#9;&#9;&#9;&#9;ArrayList&lt;String&gt; bNames = new ArrayList&lt;String&gt;();&#13;&#10;&#9;&#9;&#9;&#9;for (Building building : bs) {&#13;&#10;&#9;&#9;&#9;&#9;&#9;if (building.cost &lt;= player.getDoubloons()) {&#13;&#10;&#9;&#9;&#9;&#9;&#9;&#9;bNames.add(building.name);&#13;&#10;&#9;&#9;&#9;&#9;&#9;}&#13;&#10;&#9;&#9;&#9;&#9;}&#13;&#10;&#9;&#9;&#9;&#9;bNames.add(&quot;Nothing&quot;);&#13;&#10;&#9;&#9;&#9;&#9;Object[] options = bNames.toArray();&#13;&#10;&#13;&#10;&#9;&#9;&#9;&#9;// player = player.next at the end&#13;&#10;&#9;&#9;&#9;&#9;int n = JOptionPane.showOptionDialog(this.mainframe,&#13;&#10;&#9;&#9;&#9;&#9;&#9;&#9;&quot;Choose a building to build!&quot;, &quot;Player &quot; + (roleNum),&#13;&#10;&#9;&#9;&#9;&#9;&#9;&#9;JOptionPane.YES_NO_CANCEL_OPTION,&#13;&#10;&#9;&#9;&#9;&#9;&#9;&#9;JOptionPane.QUESTION_MESSAGE, null, options,&#13;&#10;&#9;&#9;&#9;&#9;&#9;&#9;options[options.length - 1]);&#13;&#10;&#9;&#9;&#9;&#9;if (n != bNames.size() - 1) {&#13;&#10;&#9;&#9;&#9;&#9;&#9;player.addBuilding(new Building(bNames.get(n)));&#13;&#10;&#9;&#9;&#9;&#9;&#9;if (player.ownsOccupiedBuilding(&quot;University&quot;)) {&#13;&#10;&#9;&#9;&#9;&#9;&#9;&#9;player.getBuilding(&quot;University&quot;).numberOfWorkers++;&#13;&#10;&#9;&#9;&#9;&#9;&#9;&#9;this.gameState.colonistsTotal--;&#13;&#10;&#9;&#9;&#9;&#9;&#9;}&#13;&#10;&#9;&#9;&#9;&#9;&#9;if (player.getBuildings().size() &gt;= 12) {&#13;&#10;&#9;&#9;&#9;&#9;&#9;&#9;this.gameState.isGameEndState = true;&#13;&#10;&#9;&#9;&#9;&#9;&#9;}&#13;&#10;&#9;&#9;&#9;&#9;}&#13;&#10;&#9;&#9;&#9;&#9;// Adds +1 to the player's doubloons if the role was not used in&#13;&#10;&#9;&#9;&#9;&#9;// previous 3 turns&#13;&#10;&#9;&#9;&#9;&#9;player.updatePlayerInfo();&#13;&#10;&#9;&#9;&#9;&#9;roleNum = (roleNum + 1) % players.size();&#13;&#10;&#13;&#10;&#9;&#9;&#9;}&#13;&#10;&#9;&#9;} else if (role.equals(PlayerRoles.Settler)) {&#13;&#10;&#9;&#9;&#9;// DONE: kurian&#13;&#10;&#9;&#9;&#9;List&lt;String&gt; plantationNames = player.getAllGoods();&#13;&#10;&#9;&#9;&#9;plantationNames.add(&quot;Nothing&quot;);&#13;&#10;&#9;&#9;&#9;Object[] options = plantationNames.toArray();&#13;&#10;&#9;&#9;&#9;// Settler picks one more plantation&#13;&#10;&#9;&#9;&#9;for (int i = 0; i &lt;= players.size(); i++) {&#13;&#10;&#13;&#10;&#9;&#9;&#9;&#9;player = players.get(roleNum);&#13;&#10;&#13;&#10;&#9;&#9;&#9;&#9;if (player.ownsOccupiedBuilding(&quot;Construction Hut&quot;)) {&#13;&#10;&#9;&#9;&#9;&#9;&#9;// give option to place quarry, but if chooses quarry, you&#13;&#10;&#9;&#9;&#9;&#9;&#9;// can't get plantation&#13;&#10;&#9;&#9;&#9;&#9;}&#13;&#10;&#13;&#10;&#9;&#9;&#9;&#9;if (player.ownsOccupiedBuilding(&quot;Hacienda&quot;)) {&#13;&#10;&#9;&#9;&#9;&#9;&#9;// give option to add another plantion here!!&#13;&#10;&#9;&#9;&#9;&#9;}&#13;&#10;&#9;&#9;&#9;&#9;// player = player.next at the end&#13;&#10;&#9;&#9;&#9;&#9;int n = JOptionPane.showOptionDialog(this.mainframe,&#13;&#10;&#9;&#9;&#9;&#9;&#9;&#9;&quot;Choose a Good to harvest!&quot;, &quot;Player &quot; + (roleNum),&#13;&#10;&#9;&#9;&#9;&#9;&#9;&#9;JOptionPane.YES_NO_CANCEL_OPTION,&#13;&#10;&#9;&#9;&#9;&#9;&#9;&#9;JOptionPane.QUESTION_MESSAGE, null, options,&#13;&#10;&#9;&#9;&#9;&#9;&#9;&#9;options[options.length - 1]);&#13;&#10;&#9;&#9;&#9;&#9;System.out.println(plantationNames.get(n));&#13;&#10;&#9;&#9;&#9;&#9;if (n != plantationNames.size() - 1) {&#13;&#10;&#9;&#9;&#9;&#9;&#9;player.addPlantations(new Plantation(&#13;&#10;&#9;&#9;&#9;&#9;&#9;&#9;&#9;plantationNames.get(n), false));&#13;&#10;&#9;&#9;&#9;&#9;&#9;updateMsgBar(&quot;Player &quot; + roleNum + &quot; added plantation&quot;&#13;&#10;&#9;&#9;&#9;&#9;&#9;&#9;&#9;+ plantationNames.get(n));&#13;&#10;&#9;&#9;&#9;&#9;}&#13;&#10;&#9;&#9;&#9;&#9;if (player.ownsOccupiedBuilding(&quot;Hospice&quot;)) {&#13;&#10;&#9;&#9;&#9;&#9;&#9;// give option to take colonist form supply and put it here&#13;&#10;&#9;&#9;&#9;&#9;&#9;Object[] yesNo = { &quot;Yes&quot;, &quot;No&quot; };&#13;&#10;&#9;&#9;&#9;&#9;&#9;int answ = JOptionPane&#13;&#10;&#9;&#9;&#9;&#9;&#9;&#9;&#9;.showOptionDialog(&#13;&#10;&#9;&#9;&#9;&#9;&#9;&#9;&#9;&#9;&#9;this.mainframe,&#13;&#10;&#9;&#9;&#9;&#9;&#9;&#9;&#9;&#9;&#9;&quot;Would you like to place a colonist at your Hospice?&quot;,&#13;&#10;&#9;&#9;&#9;&#9;&#9;&#9;&#9;&#9;&#9;&quot;Player &quot; + (roleNum),&#13;&#10;&#9;&#9;&#9;&#9;&#9;&#9;&#9;&#9;&#9;JOptionPane.YES_NO_CANCEL_OPTION,&#13;&#10;&#9;&#9;&#9;&#9;&#9;&#9;&#9;&#9;&#9;JOptionPane.QUESTION_MESSAGE, null, yesNo,&#13;&#10;&#9;&#9;&#9;&#9;&#9;&#9;&#9;&#9;&#9;yesNo[yesNo.length - 1]);&#13;&#10;&#9;&#9;&#9;&#9;&#9;if (answ == 1) {&#13;&#10;&#9;&#9;&#9;&#9;&#9;&#9;player.getBuilding(&quot;Hospice&quot;).numberOfWorkers++;&#13;&#10;&#9;&#9;&#9;&#9;&#9;&#9;this.gameState.colonistsTotal--;&#13;&#10;&#9;&#9;&#9;&#9;&#9;}&#13;&#10;&#13;&#10;&#9;&#9;&#9;&#9;}&#13;&#10;&#9;&#9;&#9;&#9;// Adds +1 to the player's doubloons if the role was not used in&#13;&#10;&#9;&#9;&#9;&#9;// previous 3 turns&#13;&#10;&#9;&#9;&#9;&#9;player.updatePlayerInfo();&#13;&#10;&#9;&#9;&#9;&#9;roleNum = (roleNum + 1) % players.size();&#13;&#10;&#9;&#9;&#9;}&#13;&#10;&#9;&#9;} else if (role.equals(PlayerRoles.Craftsman)) {&#13;&#10;&#9;&#9;&#9;// DONE: kurian&#13;&#10;&#9;&#9;&#9;for (int i = 0; i &lt; players.size(); i++) {&#13;&#10;&#13;&#10;&#9;&#9;&#9;&#9;player = players.get(roleNum);&#13;&#10;&#9;&#9;&#9;&#9;player.checkPlantation();&#13;&#10;&#13;&#10;&#9;&#9;&#9;&#9;// factory addition&#13;&#10;&#9;&#9;&#9;&#9;if (player.ownsOccupiedBuilding(&quot;Factory&quot;)) {&#13;&#10;&#9;&#9;&#9;&#9;&#9;if (player.getPlantations().size() == 2) {&#13;&#10;&#9;&#9;&#9;&#9;&#9;&#9;player.setDoubloons(player.getDoubloons() + 1);&#13;&#10;&#9;&#9;&#9;&#9;&#9;} else if (player.getPlantations().size() == 3) {&#13;&#10;&#9;&#9;&#9;&#9;&#9;&#9;player.setDoubloons(player.getDoubloons() + 2);&#13;&#10;&#9;&#9;&#9;&#9;&#9;} else if (player.getPlantations().size() == 4) {&#13;&#10;&#9;&#9;&#9;&#9;&#9;&#9;player.setDoubloons(player.getDoubloons() + 3);&#13;&#10;&#9;&#9;&#9;&#9;&#9;} else if (player.getPlantations().size() == 5) {&#13;&#10;&#9;&#9;&#9;&#9;&#9;&#9;player.setDoubloons(player.getDoubloons() + 5);&#13;&#10;&#9;&#9;&#9;&#9;&#9;}&#13;&#10;&#9;&#9;&#9;&#9;}&#13;&#10;&#13;&#10;&#9;&#9;&#9;&#9;player.updatePlayerInfo();&#13;&#10;&#9;&#9;&#9;&#9;roleNum = (roleNum + 1) % players.size();&#13;&#10;&#13;&#10;&#9;&#9;&#9;}&#13;&#10;&#13;&#10;&#9;&#9;} else if (role.equals(PlayerRoles.Trader)) {&#13;&#10;&#9;&#9;&#9;//&#13;&#10;&#9;&#9;&#9;for (int i = 0; i &lt; players.size(); i++) {&#13;&#10;&#13;&#10;&#9;&#9;&#9;&#9;player = players.get(roleNum);&#13;&#10;&#13;&#10;&#9;&#9;&#9;&#9;// small market additions&#13;&#10;&#9;&#9;&#9;&#9;if (player.ownsOccupiedBuilding(&quot;Small Market&quot;)) {&#13;&#10;&#9;&#9;&#9;&#9;&#9;player.setDoubloons(player.getDoubloons() + 1);&#13;&#10;&#9;&#9;&#9;&#9;}&#13;&#10;&#13;&#10;&#9;&#9;&#9;&#9;// large market additions&#13;&#10;&#9;&#9;&#9;&#9;if (player.ownsOccupiedBuilding(&quot;Large Market&quot;)) {&#13;&#10;&#9;&#9;&#9;&#9;&#9;player.setDoubloons(player.getDoubloons() + 2);&#13;&#10;&#9;&#9;&#9;&#9;}&#13;&#10;&#13;&#10;&#9;&#9;&#9;&#9;if (player.ownsOccupiedBuilding(&quot;Office&quot;)) {&#13;&#10;&#9;&#9;&#9;&#9;&#9;// player can sell same kind of good to the trading house??&#13;&#10;&#9;&#9;&#9;&#9;}&#13;&#10;&#9;&#9;&#9;&#9;ArrayList&lt;String&gt; goodList = new ArrayList&lt;String&gt;();&#13;&#10;&#9;&#9;&#9;&#9;for (String s : player.getAllGoods()) {&#13;&#10;&#9;&#9;&#9;&#9;&#9;int n = player.getNumberOfGood(s);&#13;&#10;&#9;&#9;&#9;&#9;&#9;if (n &gt; 0) {&#13;&#10;&#9;&#9;&#9;&#9;&#9;&#9;goodList.add(s);&#13;&#10;&#9;&#9;&#9;&#9;&#9;}&#13;&#10;&#9;&#9;&#9;&#9;}&#13;&#10;&#9;&#9;&#9;&#9;goodList.add(&quot;Nothing&quot;);&#13;&#10;&#9;&#9;&#9;&#9;Object[] options = goodList.toArray();&#13;&#10;&#13;&#10;&#9;&#9;&#9;&#9;int n = JOptionPane.showOptionDialog(this.mainframe,&#13;&#10;&#9;&#9;&#9;&#9;&#9;&#9;&quot;Choose a Good to trade!&quot;, &quot;Player &quot; + (roleNum),&#13;&#10;&#9;&#9;&#9;&#9;&#9;&#9;JOptionPane.YES_NO_CANCEL_OPTION,&#13;&#10;&#9;&#9;&#9;&#9;&#9;&#9;JOptionPane.QUESTION_MESSAGE, null, options,&#13;&#10;&#9;&#9;&#9;&#9;&#9;&#9;options[options.length - 1]);&#13;&#10;&#9;&#9;&#9;&#9;if (n != goodList.size() - 1) {&#13;&#10;&#9;&#9;&#9;&#9;&#9;if (goodList.get(n).equals(Good.COFFEE)) {&#13;&#10;&#9;&#9;&#9;&#9;&#9;&#9;player.setDoubloons(player.getDoubloons() + 4);&#13;&#10;&#9;&#9;&#9;&#9;&#9;&#9;player.sellGood(Good.COFFEE, 1);&#13;&#10;&#9;&#9;&#9;&#9;&#9;} else if (goodList.get(n).equals(Good.CORN)) {&#13;&#10;&#9;&#9;&#9;&#9;&#9;&#9;player.sellGood(Good.CORN, 1);&#13;&#10;&#9;&#9;&#9;&#9;&#9;} else if (goodList.get(n).equals(Good.INDIGO)) {&#13;&#10;&#9;&#9;&#9;&#9;&#9;&#9;player.setDoubloons(player.getDoubloons() + 1);&#13;&#10;&#9;&#9;&#9;&#9;&#9;&#9;player.sellGood(Good.INDIGO, 1);&#13;&#10;&#9;&#9;&#9;&#9;&#9;} else if (goodList.get(n).equals(Good.SUGAR)) {&#13;&#10;&#9;&#9;&#9;&#9;&#9;&#9;player.setDoubloons(player.getDoubloons() + 2);&#13;&#10;&#9;&#9;&#9;&#9;&#9;&#9;player.sellGood(Good.SUGAR, 1);&#13;&#10;&#9;&#9;&#9;&#9;&#9;} else if (goodList.get(n).equals(Good.TOBACCO)) {&#13;&#10;&#9;&#9;&#9;&#9;&#9;&#9;player.setDoubloons(player.getDoubloons() + 3);&#13;&#10;&#9;&#9;&#9;&#9;&#9;&#9;player.sellGood(Good.TOBACCO, 1);&#13;&#10;&#9;&#9;&#9;&#9;&#9;}&#13;&#10;&#9;&#9;&#9;&#9;}&#13;&#10;&#9;&#9;&#9;&#9;// Adds +1 to the player's doubloons if the role was not used in&#13;&#10;&#9;&#9;&#9;&#9;// previous 3 turns&#13;&#10;&#9;&#9;&#9;&#9;player.updatePlayerInfo();&#13;&#10;&#9;&#9;&#9;&#9;roleNum = (roleNum + 1) % players.size();&#13;&#10;&#13;&#10;&#9;&#9;&#9;}&#13;&#10;&#9;&#9;} else if (role.equals(PlayerRoles.Captain)) {&#13;&#10;&#13;&#10;&#9;&#9;&#9;while (gameState.isAbleToAddGood()) {&#13;&#10;&#9;&#9;&#9;&#9;player = players.get(roleNum);&#13;&#10;&#9;&#9;&#9;&#9;if (gameState.isAbleToAddGood(player)) {&#13;&#10;&#9;&#9;&#9;&#9;&#9;ArrayList&lt;String&gt; goodList = new ArrayList&lt;String&gt;();&#13;&#10;&#9;&#9;&#9;&#9;&#9;for (String s : player.getAllGoods()) {&#13;&#10;&#9;&#9;&#9;&#9;&#9;&#9;int n = player.getNumberOfGood(s);&#13;&#10;&#9;&#9;&#9;&#9;&#9;&#9;if (n &gt; 0) {&#13;&#10;&#9;&#9;&#9;&#9;&#9;&#9;&#9;goodList.add(s);&#13;&#10;&#9;&#9;&#9;&#9;&#9;&#9;}&#13;&#10;&#9;&#9;&#9;&#9;&#9;}&#13;&#10;&#9;&#9;&#9;&#9;&#9;boolean selected = false;&#13;&#10;&#13;&#10;&#9;&#9;&#9;&#9;&#9;Object[] options = goodList.toArray();&#13;&#10;&#9;&#9;&#9;&#9;&#9;while (!selected) {&#13;&#10;&#9;&#9;&#9;&#9;&#9;&#9;int good = JOptionPane.showOptionDialog(this.mainframe,&#13;&#10;&#9;&#9;&#9;&#9;&#9;&#9;&#9;&#9;&quot;Choose a good to ship!&quot;,&#13;&#10;&#9;&#9;&#9;&#9;&#9;&#9;&#9;&#9;&quot;Player &quot; + (roleNum),&#13;&#10;&#9;&#9;&#9;&#9;&#9;&#9;&#9;&#9;JOptionPane.YES_NO_CANCEL_OPTION,&#13;&#10;&#9;&#9;&#9;&#9;&#9;&#9;&#9;&#9;JOptionPane.QUESTION_MESSAGE, null, options,&#13;&#10;&#9;&#9;&#9;&#9;&#9;&#9;&#9;&#9;options[options.length - 1]);&#13;&#10;&#13;&#10;&#9;&#9;&#9;&#9;&#9;&#9;Object[] shipOptions = new Object[3];&#13;&#10;&#9;&#9;&#9;&#9;&#9;&#9;shipOptions[0] = 4;&#13;&#10;&#9;&#9;&#9;&#9;&#9;&#9;shipOptions[1] = 5;&#13;&#10;&#9;&#9;&#9;&#9;&#9;&#9;shipOptions[2] = 6;&#13;&#10;&#13;&#10;&#9;&#9;&#9;&#9;&#9;&#9;System.out.println(&quot;selecting ship&quot;);&#13;&#10;&#9;&#9;&#9;&#9;&#9;&#9;int ship = JOptionPane.showOptionDialog(this.mainframe,&#13;&#10;&#9;&#9;&#9;&#9;&#9;&#9;&#9;&#9;&quot;Choose a cargo ship to put good!&quot;, &quot;Player &quot;&#13;&#10;&#9;&#9;&#9;&#9;&#9;&#9;&#9;&#9;&#9;&#9;+ (roleNum),&#13;&#10;&#9;&#9;&#9;&#9;&#9;&#9;&#9;&#9;JOptionPane.YES_NO_CANCEL_OPTION,&#13;&#10;&#9;&#9;&#9;&#9;&#9;&#9;&#9;&#9;JOptionPane.QUESTION_MESSAGE, null,&#13;&#10;&#9;&#9;&#9;&#9;&#9;&#9;&#9;&#9;shipOptions,&#13;&#10;&#9;&#9;&#9;&#9;&#9;&#9;&#9;&#9;shipOptions[shipOptions.length - 1]);&#13;&#10;&#9;&#9;&#9;&#9;&#9;&#9;String goodString = (String) options[good];&#13;&#10;&#9;&#9;&#9;&#9;&#9;&#9;int goodCount = player.getNumberOfGood(goodString);&#13;&#10;&#13;&#10;&#9;&#9;&#9;&#9;&#9;&#9;int leftOver = this.gameState.addGoodToCargoShip(&#13;&#10;&#9;&#9;&#9;&#9;&#9;&#9;&#9;&#9;(int) shipOptions[ship], goodCount, goodString);&#13;&#10;&#9;&#9;&#9;&#9;&#9;&#9;if (leftOver != -99) {&#13;&#10;&#9;&#9;&#9;&#9;&#9;&#9;&#9;player.addGood(goodString, leftOver);&#13;&#10;&#9;&#9;&#9;&#9;&#9;&#9;&#9;player.sellGood(goodString, goodCount - leftOver);&#13;&#10;&#9;&#9;&#9;&#9;&#9;&#9;&#9;player.addPoints(goodCount - leftOver);&#13;&#10;&#9;&#9;&#9;&#9;&#9;&#9;&#9;gameState.victoryPoints = gameState.victoryPoints&#13;&#10;&#9;&#9;&#9;&#9;&#9;&#9;&#9;&#9;&#9;- (goodCount - leftOver);&#13;&#10;&#9;&#9;&#9;&#9;&#9;&#9;&#9;if (player.ownsOccupiedBuilding(&quot;Harbor&quot;)) {&#13;&#10;&#9;&#9;&#9;&#9;&#9;&#9;&#9;&#9;player.addPoints(1);&#13;&#10;&#9;&#9;&#9;&#9;&#9;&#9;&#9;&#9;gameState.victoryPoints--;&#13;&#10;&#9;&#9;&#9;&#9;&#9;&#9;&#9;}&#13;&#10;&#9;&#9;&#9;&#9;&#9;&#9;&#9;selected = true;&#13;&#10;&#9;&#9;&#9;&#9;&#9;&#9;} else {&#13;&#10;&#9;&#9;&#9;&#9;&#9;&#9;&#9;updateMsgBar(&quot;The ship you selected is invalid. Choose a different ship!&quot;);&#13;&#10;&#9;&#9;&#9;&#9;&#9;&#9;}&#13;&#10;&#9;&#9;&#9;&#9;&#9;}&#13;&#10;&#9;&#9;&#9;&#9;}&#13;&#10;&#13;&#10;&#9;&#9;&#9;&#9;updateGameStateDisplay();&#13;&#10;&#13;&#10;&#9;&#9;&#9;&#9;player.updatePlayerInfo();&#13;&#10;&#9;&#9;&#9;&#9;roleNum = (roleNum + 1) % players.size();&#13;&#10;&#13;&#10;&#9;&#9;&#9;}&#13;&#10;&#9;&#9;&#9;if (gameState.victoryPoints &lt;= 0) {&#13;&#10;&#9;&#9;&#9;&#9;gameState.isGameEndState = true;&#13;&#10;&#9;&#9;&#9;}&#13;&#10;&#9;&#9;&#9;// warehouse stuff&#13;&#10;&#9;&#9;&#9;for (int j = 0; j &lt; players.size(); j++) {&#13;&#10;&#9;&#9;&#9;&#9;player = players.get(roleNum);&#13;&#10;&#13;&#10;&#9;&#9;&#9;&#9;ArrayList&lt;String&gt; goodList = new ArrayList&lt;String&gt;();&#13;&#10;&#9;&#9;&#9;&#9;for (String s : player.getAllGoods()) {&#13;&#10;&#9;&#9;&#9;&#9;&#9;int n = player.getNumberOfGood(s);&#13;&#10;&#9;&#9;&#9;&#9;&#9;if (n &gt; 0) {&#13;&#10;&#9;&#9;&#9;&#9;&#9;&#9;goodList.add(s);&#13;&#10;&#9;&#9;&#9;&#9;&#9;}&#13;&#10;&#9;&#9;&#9;&#9;}&#13;&#10;&#9;&#9;&#9;&#9;goodList.add(&quot;Nothing&quot;);&#13;&#10;&#9;&#9;&#9;&#9;Object[] options = goodList.toArray();&#13;&#10;&#13;&#10;&#9;&#9;&#9;&#9;ArrayList&lt;String&gt; storeGood = new ArrayList&lt;String&gt;();&#13;&#10;&#9;&#9;&#9;&#9;int good = JOptionPane.showOptionDialog(this.mainframe,&#13;&#10;&#9;&#9;&#9;&#9;&#9;&#9;&quot;Choose a good to store!&quot;, &quot;Player &quot; + (roleNum),&#13;&#10;&#9;&#9;&#9;&#9;&#9;&#9;JOptionPane.YES_NO_CANCEL_OPTION,&#13;&#10;&#9;&#9;&#9;&#9;&#9;&#9;JOptionPane.QUESTION_MESSAGE, null, options,&#13;&#10;&#9;&#9;&#9;&#9;&#9;&#9;options[options.length - 1]);&#13;&#10;&#13;&#10;&#9;&#9;&#9;&#9;if (good != options.length - 1) {&#13;&#10;&#9;&#9;&#9;&#9;&#9;String goodString = (String) options[good];&#13;&#10;&#9;&#9;&#9;&#9;&#9;storeGood.add(goodString);&#13;&#10;&#9;&#9;&#9;&#9;&#9;player.sellGood(goodString, 1);&#13;&#10;&#9;&#9;&#9;&#9;}&#13;&#10;&#13;&#10;&#9;&#9;&#9;&#9;if (player.ownsOccupiedBuilding(&quot;Large Warehouse&quot;)) {&#13;&#10;&#9;&#9;&#9;&#9;&#9;goodList = new ArrayList&lt;String&gt;();&#13;&#10;&#9;&#9;&#9;&#9;&#9;for (String s : player.getAllGoods()) {&#13;&#10;&#9;&#9;&#9;&#9;&#9;&#9;int n = player.getNumberOfGood(s);&#13;&#10;&#9;&#9;&#9;&#9;&#9;&#9;if (n &gt; 0) {&#13;&#10;&#9;&#9;&#9;&#9;&#9;&#9;&#9;goodList.add(s);&#13;&#10;&#9;&#9;&#9;&#9;&#9;&#9;}&#13;&#10;&#9;&#9;&#9;&#9;&#9;}&#13;&#10;&#9;&#9;&#9;&#9;&#9;goodList.add(&quot;Nothing&quot;);&#13;&#10;&#9;&#9;&#9;&#9;&#9;options = goodList.toArray();&#13;&#10;&#9;&#9;&#9;&#9;&#9;int firstGood = JOptionPane.showOptionDialog(&#13;&#10;&#9;&#9;&#9;&#9;&#9;&#9;&#9;this.mainframe, &quot;Choose a good to store!&quot;,&#13;&#10;&#9;&#9;&#9;&#9;&#9;&#9;&#9;&quot;Player &quot; + (roleNum),&#13;&#10;&#9;&#9;&#9;&#9;&#9;&#9;&#9;JOptionPane.YES_NO_CANCEL_OPTION,&#13;&#10;&#9;&#9;&#9;&#9;&#9;&#9;&#9;JOptionPane.QUESTION_MESSAGE, null, options,&#13;&#10;&#9;&#9;&#9;&#9;&#9;&#9;&#9;options[options.length - 1]);&#13;&#10;&#9;&#9;&#9;&#9;&#9;if (firstGood != options.length - 1) {&#13;&#10;&#9;&#9;&#9;&#9;&#9;&#9;String goodString = (String) options[firstGood];&#13;&#10;&#9;&#9;&#9;&#9;&#9;&#9;storeGood.add(goodString);&#13;&#10;&#9;&#9;&#9;&#9;&#9;&#9;player.sellGood(goodString, 1);&#13;&#10;&#9;&#9;&#9;&#9;&#9;&#9;player.getBuilding(&quot;Large Warehouse&quot;).storedGood = options[firstGood]&#13;&#10;&#9;&#9;&#9;&#9;&#9;&#9;&#9;&#9;.toString();&#13;&#10;&#9;&#9;&#9;&#9;&#9;&#9;player.getBuilding(&quot;Large Warehouse&quot;).amountOfStoredGood++;&#13;&#10;&#9;&#9;&#9;&#9;&#9;}&#13;&#10;&#9;&#9;&#9;&#9;&#9;goodList = new ArrayList&lt;String&gt;();&#13;&#10;&#9;&#9;&#9;&#9;&#9;for (String s : player.getAllGoods()) {&#13;&#10;&#9;&#9;&#9;&#9;&#9;&#9;int n = player.getNumberOfGood(s);&#13;&#10;&#9;&#9;&#9;&#9;&#9;&#9;if (n &gt; 0) {&#13;&#10;&#9;&#9;&#9;&#9;&#9;&#9;&#9;goodList.add(s);&#13;&#10;&#9;&#9;&#9;&#9;&#9;&#9;}&#13;&#10;&#9;&#9;&#9;&#9;&#9;}&#13;&#10;&#9;&#9;&#9;&#9;&#9;goodList.add(&quot;Nothing&quot;);&#13;&#10;&#9;&#9;&#9;&#9;&#9;options = goodList.toArray();&#13;&#10;&#9;&#9;&#9;&#9;&#9;int secondGood = JOptionPane.showOptionDialog(&#13;&#10;&#9;&#9;&#9;&#9;&#9;&#9;&#9;this.mainframe, &quot;Choose a good to store!&quot;,&#13;&#10;&#9;&#9;&#9;&#9;&#9;&#9;&#9;&quot;Player &quot; + (roleNum),&#13;&#10;&#9;&#9;&#9;&#9;&#9;&#9;&#9;JOptionPane.YES_NO_CANCEL_OPTION,&#13;&#10;&#9;&#9;&#9;&#9;&#9;&#9;&#9;JOptionPane.QUESTION_MESSAGE, null, options,&#13;&#10;&#9;&#9;&#9;&#9;&#9;&#9;&#9;options[options.length - 1]);&#13;&#10;&#13;&#10;&#9;&#9;&#9;&#9;&#9;if (secondGood != options.length - 1) {&#13;&#10;&#9;&#9;&#9;&#9;&#9;&#9;String goodString = (String) options[secondGood];&#13;&#10;&#9;&#9;&#9;&#9;&#9;&#9;storeGood.add(goodString);&#13;&#10;&#9;&#9;&#9;&#9;&#9;&#9;player.sellGood(goodString, 1);&#13;&#10;&#9;&#9;&#9;&#9;&#9;&#9;player.getBuilding(&quot;Large Warehouse&quot;).storedGood = options[secondGood]&#13;&#10;&#9;&#9;&#9;&#9;&#9;&#9;&#9;&#9;.toString();&#13;&#10;&#9;&#9;&#9;&#9;&#9;&#9;player.getBuilding(&quot;Large Warehouse&quot;).amountOfStoredGood++;&#13;&#10;&#9;&#9;&#9;&#9;&#9;}&#13;&#10;&#9;&#9;&#9;&#9;}&#13;&#10;&#9;&#9;&#9;&#9;if (player.ownsOccupiedBuilding(&quot;Small Warehouse&quot;)) {&#13;&#10;&#9;&#9;&#9;&#9;&#9;goodList = new ArrayList&lt;String&gt;();&#13;&#10;&#9;&#9;&#9;&#9;&#9;for (String s : player.getAllGoods()) {&#13;&#10;&#9;&#9;&#9;&#9;&#9;&#9;int n = player.getNumberOfGood(s);&#13;&#10;&#9;&#9;&#9;&#9;&#9;&#9;if (n &gt; 0) {&#13;&#10;&#9;&#9;&#9;&#9;&#9;&#9;&#9;goodList.add(s);&#13;&#10;&#9;&#9;&#9;&#9;&#9;&#9;}&#13;&#10;&#9;&#9;&#9;&#9;&#9;}&#13;&#10;&#9;&#9;&#9;&#9;&#9;goodList.add(&quot;Nothing&quot;);&#13;&#10;&#9;&#9;&#9;&#9;&#9;options = goodList.toArray();&#13;&#10;&#9;&#9;&#9;&#9;&#9;int g = JOptionPane.showOptionDialog(this.mainframe,&#13;&#10;&#9;&#9;&#9;&#9;&#9;&#9;&#9;&quot;Choose a good to store!&quot;, &quot;Player &quot; + (roleNum),&#13;&#10;&#9;&#9;&#9;&#9;&#9;&#9;&#9;JOptionPane.YES_NO_CANCEL_OPTION,&#13;&#10;&#9;&#9;&#9;&#9;&#9;&#9;&#9;JOptionPane.QUESTION_MESSAGE, null, options,&#13;&#10;&#9;&#9;&#9;&#9;&#9;&#9;&#9;options[options.length - 1]);&#13;&#10;&#9;&#9;&#9;&#9;&#9;if (g != options.length - 1) {&#13;&#10;&#9;&#9;&#9;&#9;&#9;&#9;String goodString = (String) options[g];&#13;&#10;&#9;&#9;&#9;&#9;&#9;&#9;storeGood.add(goodString);&#13;&#10;&#9;&#9;&#9;&#9;&#9;&#9;player.sellGood(goodString, 1);&#13;&#10;&#9;&#9;&#9;&#9;&#9;&#9;player.getBuilding(&quot;Small Warehouse&quot;).storedGood = options[g]&#13;&#10;&#9;&#9;&#9;&#9;&#9;&#9;&#9;&#9;.toString();&#13;&#10;&#9;&#9;&#9;&#9;&#9;&#9;player.getBuilding(&quot;Small Warehouse&quot;).amountOfStoredGood++;&#13;&#10;&#9;&#9;&#9;&#9;&#9;}&#13;&#10;&#9;&#9;&#9;&#9;}&#13;&#10;&#13;&#10;&#9;&#9;&#9;&#9;for (String s : storeGood) {&#13;&#10;&#9;&#9;&#9;&#9;&#9;player.addGood(s, 1);&#13;&#10;&#9;&#9;&#9;&#9;}&#13;&#10;&#13;&#10;&#9;&#9;&#9;&#9;updateGameStateDisplay();&#13;&#10;&#9;&#9;&#9;&#9;player.updatePlayerInfo();&#13;&#10;&#9;&#9;&#9;&#9;roleNum = (roleNum + 1) % players.size();&#13;&#10;&#9;&#9;&#9;}&#13;&#10;&#13;&#10;&#9;&#9;} else if (role.equals(PlayerRoles.Prospector)) {&#13;&#10;&#9;&#9;&#9;// :do nothing&#13;&#10;&#9;&#9;&#9;player.setDoubloons(player.getDoubloons() + 1);&#13;&#10;&#9;&#9;}&#13;&#10;&#9;&#9;gameState.updateAtEndOfTurn();&#13;&#10;&#9;&#9;updateGameStateDisplay();&#13;&#10;&#13;&#10;&#9;}&#13;&#10;&#13;&#10;}&#13;&#10;" Filename="GameBoardGUI.java" Intrnl_Id="7"/>
<SrcFile Content="package csse376_puerto_rico;&#13;&#10;&#13;&#10;import java.awt.event.ActionEvent;&#13;&#10;import java.awt.event.ActionListener;&#13;&#10;&#13;&#10;import javax.swing.ButtonGroup;&#13;&#10;import javax.swing.JFrame;&#13;&#10;&#13;&#10;public class ButtonHandler implements ActionListener {&#13;&#10;&#9;&#13;&#10;&#9;private JFrame mainframe;&#13;&#10;&#9;private ButtonGroup bGroup;&#13;&#10;&#13;&#10;&#9;public ButtonHandler(JFrame frame, ButtonGroup group) {&#13;&#10;&#9;&#9;this.mainframe = frame;&#13;&#10;&#9;&#9;this.bGroup = group;&#13;&#10;&#9;}&#13;&#10;&#13;&#10;&#9;@Override&#13;&#10;&#9;public void actionPerformed(ActionEvent ae) {&#13;&#10;&#9;&#9;String action = ae.getActionCommand();&#13;&#10;&#9;&#9;if(action.equals(&quot;Quit&quot;)){&#13;&#10;&#9;&#9;&#9;System.exit(0);&#13;&#10;&#9;&#9;}else if(action.equals(&quot;New Game&quot;)){&#13;&#10;&#9;&#9;&#9;new StartUpGameBoardGUI(this.mainframe);&#13;&#10;&#9;&#9;}else if(action.equals(&quot;Start&quot;)){&#13;&#10;&#9;&#9;&#9;new GameBoardGUI(this.mainframe, this.bGroup);&#13;&#10;&#9;&#9;}else if(action.equals(&quot;Add Points&quot;)){&#13;&#10;&#9;&#9;&#9;&#13;&#10;&#9;&#9;}&#13;&#10;&#9;}&#13;&#10;&#13;&#10;}&#13;&#10;" Filename="ButtonHandler.java" Intrnl_Id="8"/>
<SrcFile Content="package csse376_puerto_rico;&#13;&#10;&#13;&#10;import java.util.ArrayList;&#13;&#10;import java.util.Arrays;&#13;&#10;import java.util.List;&#13;&#10;&#13;&#10;public class Buildings {&#13;&#10;&#13;&#10;&#9;private ArrayList&lt;Building&gt; buildings;&#13;&#10;&#9;private ArrayList&lt;String&gt; buildingNames = new ArrayList&lt;String&gt;(Arrays.asList(&quot;Small Indigo Plant&quot;,&#13;&#10;&#9;&#9;&#9;&quot;Small Sugar Mill&quot;, &quot;Small Market&quot;, &quot;Hacienda&quot;, &quot;Construction Hut&quot;,&#13;&#10;&#9;&#9;&#9;&quot;Small Warehouse&quot;, &quot;Indigo Plant&quot;, &quot;Sugar Mill&quot;, &quot;Hospice&quot;, &quot;Office&quot;,&#13;&#10;&#9;&#9;&#9;&quot;Large Market&quot;, &quot;Large Warehouse&quot;, &quot;Tobacco Storage&quot;, &quot;Coffee Roaster&quot;,&#13;&#10;&#9;&#9;&#9;&quot;Factory&quot;, &quot;University&quot;, &quot;Harbor&quot;, &quot;Wharf&quot;));&#13;&#10;&#13;&#10;&#9;public Buildings() {&#13;&#10;&#9;&#9;buildings = new ArrayList&lt;Building&gt;();&#13;&#10;&#13;&#10;&#9;&#9;for (String name : buildingNames) {&#13;&#10;&#9;&#9;&#9;buildings.add(new Building(name));&#13;&#10;&#9;&#9;}&#13;&#10;&#13;&#10;&#9;}&#13;&#10;&#13;&#10;&#9;public ArrayList&lt;Building&gt; getBuildings() {&#13;&#10;&#13;&#10;&#9;&#9;return buildings;&#13;&#10;&#9;}&#13;&#10;&#13;&#10;&#9;public ArrayList&lt;String&gt; getBuildingNames() {&#13;&#10;&#9;&#9;return buildingNames;&#13;&#10;&#9;}&#13;&#10;&#13;&#10;&#13;&#10;}&#13;&#10;" Filename="Buildings.java" Intrnl_Id="9"/>
<SrcFile Content="package csse376_puerto_rico;&#13;&#10;&#13;&#10;&#13;&#10;public class Building {&#13;&#10;&#13;&#10;&#9;public String name;&#13;&#10;&#9;public int cost;&#13;&#10;&#9;public int points;&#13;&#10;&#9;public int numberOfJobs;&#13;&#10;&#9;public int numberOfWorkers;&#13;&#10;&#13;&#10;&#9;public String storedGood;&#13;&#10;&#9;public int amountOfStoredGood;&#13;&#10;&#13;&#10;&#9;public Building(String name) {&#13;&#10;&#9;&#9;this.name = name;&#13;&#10;&#9;&#9;switch (name) {&#13;&#10;&#9;&#9;case &quot;Small Indigo Plant&quot;:&#13;&#10;&#9;&#9;&#9;cost = 1;&#13;&#10;&#9;&#9;&#9;points = 1;&#13;&#10;&#9;&#9;&#9;numberOfJobs = 1;&#13;&#10;&#9;&#9;&#9;numberOfWorkers = 0;&#13;&#10;&#9;&#9;&#9;break;&#13;&#10;&#13;&#10;&#9;&#9;case &quot;Small Sugar Mill&quot;:&#13;&#10;&#9;&#9;&#9;cost = 2;&#13;&#10;&#9;&#9;&#9;points = 1;&#13;&#10;&#9;&#9;&#9;numberOfJobs = 1;&#13;&#10;&#9;&#9;&#9;numberOfWorkers = 0;&#13;&#10;&#9;&#9;&#9;break;&#13;&#10;&#13;&#10;&#9;&#9;case &quot;Small Market&quot;:&#13;&#10;&#9;&#9;&#9;// plus doubloon with sale in trader phase&#13;&#10;&#9;&#9;&#9;cost = 1;&#13;&#10;&#9;&#9;&#9;points = 1;&#13;&#10;&#9;&#9;&#9;numberOfJobs = 1;&#13;&#10;&#9;&#9;&#9;numberOfWorkers = 0;&#13;&#10;&#9;&#9;&#9;break;&#13;&#10;&#13;&#10;&#9;&#9;case &quot;Hacienda&quot;:&#13;&#10;&#9;&#9;&#9;// plus plantation from supply in settler phase&#13;&#10;&#9;&#9;&#9;cost = 2;&#13;&#10;&#9;&#9;&#9;points = 1;&#13;&#10;&#9;&#9;&#9;numberOfJobs = 1;&#13;&#10;&#9;&#9;&#9;numberOfWorkers = 0;&#13;&#10;&#9;&#9;&#9;break;&#13;&#10;&#13;&#10;&#9;&#9;case &quot;Construction Hut&quot;:&#13;&#10;&#9;&#9;&#9;// quarry instead of plantation in settler phase&#13;&#10;&#9;&#9;&#9;cost = 2;&#13;&#10;&#9;&#9;&#9;points = 1;&#13;&#10;&#9;&#9;&#9;numberOfJobs = 1;&#13;&#10;&#9;&#9;&#9;numberOfWorkers = 0;&#13;&#10;&#9;&#9;&#9;break;&#13;&#10;&#13;&#10;&#9;&#9;case &quot;Small Warehouse&quot;:&#13;&#10;&#9;&#9;&#9;// store 1 kind of good in captain phase&#13;&#10;&#9;&#9;&#9;cost = 3;&#13;&#10;&#9;&#9;&#9;points = 1;&#13;&#10;&#9;&#9;&#9;numberOfJobs = 1;&#13;&#10;&#9;&#9;&#9;numberOfWorkers = 0;&#13;&#10;&#9;&#9;&#9;storedGood = &quot;&quot;;&#13;&#10;&#9;&#9;&#9;amountOfStoredGood = 0;&#13;&#10;&#9;&#9;&#9;break;&#13;&#10;&#13;&#10;&#9;&#9;case &quot;Indigo Plant&quot;:&#13;&#10;&#9;&#9;&#9;cost = 3;&#13;&#10;&#9;&#9;&#9;points = 2;&#13;&#10;&#9;&#9;&#9;numberOfJobs = 3;&#13;&#10;&#9;&#9;&#9;numberOfWorkers = 0;&#13;&#10;&#9;&#9;&#9;break;&#13;&#10;&#13;&#10;&#9;&#9;case &quot;Sugar Mill&quot;:&#13;&#10;&#9;&#9;&#9;cost = 4;&#13;&#10;&#9;&#9;&#9;points = 2;&#13;&#10;&#9;&#9;&#9;numberOfJobs = 3;&#13;&#10;&#9;&#9;&#9;numberOfWorkers = 0;&#13;&#10;&#9;&#9;&#9;break;&#13;&#10;&#13;&#10;&#9;&#9;case &quot;Hospice&quot;:&#13;&#10;&#9;&#9;&#9;// plus colonist for settling in settler phase&#13;&#10;&#9;&#9;&#9;cost = 4;&#13;&#10;&#9;&#9;&#9;points = 2;&#13;&#10;&#9;&#9;&#9;numberOfJobs = 1;&#13;&#10;&#9;&#9;&#9;numberOfWorkers = 0;&#13;&#10;&#9;&#9;&#9;break;&#13;&#10;&#13;&#10;&#9;&#9;case &quot;Office&quot;:&#13;&#10;&#9;&#9;&#9;// sell same kind of goods in trader phase&#13;&#10;&#9;&#9;&#9;cost = 5;&#13;&#10;&#9;&#9;&#9;points = 2;&#13;&#10;&#9;&#9;&#9;numberOfJobs = 1;&#13;&#10;&#9;&#9;&#9;numberOfWorkers = 0;&#13;&#10;&#9;&#9;&#9;break;&#13;&#10;&#13;&#10;&#9;&#9;case &quot;Large Market&quot;:&#13;&#10;&#9;&#9;&#9;// plus 2 doubloons with sale in trader phase&#13;&#10;&#9;&#9;&#9;cost = 5;&#13;&#10;&#9;&#9;&#9;points = 2;&#13;&#10;&#9;&#9;&#9;numberOfJobs = 1;&#13;&#10;&#9;&#9;&#9;numberOfWorkers = 0;&#13;&#10;&#9;&#9;&#9;break;&#13;&#10;&#13;&#10;&#9;&#9;case &quot;Large Warehouse&quot;:&#13;&#10;&#9;&#9;&#9;// stores 2 kinds of goods in captain phase&#13;&#10;&#9;&#9;&#9;cost = 6;&#13;&#10;&#9;&#9;&#9;points = 2;&#13;&#10;&#9;&#9;&#9;numberOfJobs = 1;&#13;&#10;&#9;&#9;&#9;numberOfWorkers = 0;&#13;&#10;&#9;&#9;&#9;storedGood = &quot;&quot;;&#13;&#10;&#9;&#9;&#9;amountOfStoredGood = 0;&#13;&#10;&#9;&#9;&#9;break;&#13;&#10;&#13;&#10;&#9;&#9;case &quot;Tobacco Storage&quot;:&#13;&#10;&#9;&#9;&#9;cost = 5;&#13;&#10;&#9;&#9;&#9;points = 3;&#13;&#10;&#9;&#9;&#9;numberOfJobs = 3;&#13;&#10;&#9;&#9;&#9;numberOfWorkers = 0;&#13;&#10;&#9;&#9;&#9;break;&#13;&#10;&#13;&#10;&#9;&#9;case &quot;Coffee Roaster&quot;:&#13;&#10;&#9;&#9;&#9;cost = 6;&#13;&#10;&#9;&#9;&#9;points = 3;&#13;&#10;&#9;&#9;&#9;numberOfJobs = 2;&#13;&#10;&#9;&#9;&#9;numberOfWorkers = 0;&#13;&#10;&#9;&#9;&#9;break;&#13;&#10;&#13;&#10;&#9;&#9;case &quot;Factory&quot;:&#13;&#10;&#9;&#9;&#9;// plus 0/1/2/3/5 doubloons with production in craftsman phase&#13;&#10;&#9;&#9;&#9;cost = 7;&#13;&#10;&#9;&#9;&#9;points = 3;&#13;&#10;&#9;&#9;&#9;numberOfJobs = 1;&#13;&#10;&#9;&#9;&#9;numberOfWorkers = 0;&#13;&#10;&#9;&#9;&#9;break;&#13;&#10;&#13;&#10;&#9;&#9;case &quot;University&quot;:&#13;&#10;&#9;&#9;&#9;// plus colonist for building in builder phase&#13;&#10;&#9;&#9;&#9;cost = 8;&#13;&#10;&#9;&#9;&#9;points = 3;&#13;&#10;&#9;&#9;&#9;numberOfJobs = 1;&#13;&#10;&#9;&#9;&#9;numberOfWorkers = 0;&#13;&#10;&#9;&#9;&#9;break;&#13;&#10;&#13;&#10;&#9;&#9;case &quot;Harbor&quot;:&#13;&#10;&#9;&#9;&#9;// plus victory point per delivery in captain phase&#13;&#10;&#9;&#9;&#9;cost = 8;&#13;&#10;&#9;&#9;&#9;points = 3;&#13;&#10;&#9;&#9;&#9;numberOfJobs = 1;&#13;&#10;&#9;&#9;&#9;numberOfWorkers = 0;&#13;&#10;&#9;&#9;&#9;break;&#13;&#10;&#13;&#10;&#9;&#9;case &quot;Wharf&quot;:&#13;&#10;&#9;&#9;&#9;// your own ship in captain phase&#13;&#10;&#9;&#9;&#9;cost = 9;&#13;&#10;&#9;&#9;&#9;points = 3;&#13;&#10;&#9;&#9;&#9;numberOfJobs = 1;&#13;&#10;&#9;&#9;&#9;numberOfWorkers = 0;&#13;&#10;&#9;&#9;&#9;break;&#13;&#10;&#13;&#10;&#9;&#9;default:&#13;&#10;&#9;&#9;&#9;cost = 0;&#13;&#10;&#9;&#9;&#9;points = 0;&#13;&#10;&#9;&#9;&#9;numberOfJobs = 0;&#13;&#10;&#9;&#9;&#9;numberOfWorkers = 0;&#13;&#10;&#9;&#9;}&#13;&#10;&#13;&#10;&#9;}&#13;&#10;&#13;&#10;&#9;public boolean isOccupied() {&#13;&#10;&#9;&#9;return ((this.numberOfJobs - this.numberOfWorkers) == 0);&#13;&#10;&#9;}&#13;&#10;}" Filename="Building.java" Intrnl_Id="10"/>
</SrcFileList>
<CritList>
<CritListEntry Name="org.codecover.model.utils.criteria.LoopCoverage" PluginName="org.codecover"/>
<CritListEntry Name="org.codecover.model.utils.criteria.BranchCoverage" PluginName="org.codecover"/>
<CritListEntry Name="org.codecover.model.utils.criteria.ConditionCoverage" PluginName="org.codecover"/>
<CritListEntry Name="org.codecover.model.utils.criteria.SynchronizedStatementCoverage" PluginName="org.codecover"/>
<CritListEntry Name="org.codecover.model.utils.criteria.QMOCoverage" PluginName="org.codecover"/>
<CritListEntry Name="org.codecover.model.utils.criteria.StatementCoverage" PluginName="org.codecover"/>
</CritList>
<BoolOpList>
<BoolOp Arity="1" Intrnl_Id="11" Name="not (!)">
<BoolAssgnmntBoolMapList>
<MapEntry BoolAssgnmnt="0" Value="true"/>
<MapEntry BoolAssgnmnt="1" Value="false"/>
</BoolAssgnmntBoolMapList>
</BoolOp>
<BoolOp Arity="2" Intrnl_Id="12" Name="conditional and (&amp;&amp;)">
<BoolAssgnmntBoolMapList>
<MapEntry BoolAssgnmnt="10" Value="false"/>
<MapEntry BoolAssgnmnt="02" Value="false"/>
<MapEntry BoolAssgnmnt="11" Value="true"/>
</BoolAssgnmntBoolMapList>
</BoolOp>
<BoolOp Arity="2" Intrnl_Id="13" Name="conditional or (||)">
<BoolAssgnmntBoolMapList>
<MapEntry BoolAssgnmnt="01" Value="true"/>
<MapEntry BoolAssgnmnt="00" Value="false"/>
<MapEntry BoolAssgnmnt="12" Value="true"/>
</BoolAssgnmntBoolMapList>
</BoolOp>
</BoolOpList>
<HierarchyLvlTypeList>
<HierarchyLvlType EnglishName="package" IntrnlName="package" Intrnl_Id="14"/>
<HierarchyLvlType EnglishName="class" IntrnlName="class" Intrnl_Id="15"/>
<HierarchyLvlType EnglishName="method" IntrnlName="method" Intrnl_Id="16"/>
<HierarchyLvlType EnglishName="default package" IntrnlName="default package" Intrnl_Id="17"/>
</HierarchyLvlTypeList>
<MASTRoot>
<HierarchyLvl HierarchyLvlId="3748" HierarchyLvlTypeId="17" Intrnl_Id="18" Name="default package">
<Header/>
<LocList/>
<HierarchyLvl HierarchyLvlId="3747" HierarchyLvlTypeId="14" Intrnl_Id="19" Name="csse376_puerto_rico">
<Header/>
<LocList/>
<HierarchyLvl HierarchyLvlId="3664" HierarchyLvlTypeId="15" Intrnl_Id="20" Name="StartUpGameBoardGUI">
<Header>
<Loc EndOffset="234" SrcFileId="1" StartOffset="202"/>
</Header>
<LocList>
<Loc EndOffset="1071" SrcFileId="1" StartOffset="202"/>
</LocList>
<HierarchyLvl HierarchyLvlId="3663" HierarchyLvlTypeId="16" Intrnl_Id="21" Name="StartUpGameBoardGUI">
<Header>
<Loc EndOffset="307" SrcFileId="1" StartOffset="267"/>
</Header>
<LocList>
<Loc EndOffset="1068" SrcFileId="1" StartOffset="267"/>
</LocList>
<StmntSeq Intrnl_Id="22">
<LocList>
<Loc EndOffset="335" SrcFileId="1" StartOffset="312"/>
<Loc EndOffset="382" SrcFileId="1" StartOffset="338"/>
<Loc EndOffset="430" SrcFileId="1" StartOffset="385"/>
<Loc EndOffset="475" SrcFileId="1" StartOffset="433"/>
<Loc EndOffset="520" SrcFileId="1" StartOffset="478"/>
<Loc EndOffset="556" SrcFileId="1" StartOffset="524"/>
<Loc EndOffset="600" SrcFileId="1" StartOffset="562"/>
<Loc EndOffset="650" SrcFileId="1" StartOffset="603"/>
<Loc EndOffset="701" SrcFileId="1" StartOffset="653"/>
<Loc EndOffset="752" SrcFileId="1" StartOffset="704"/>
<Loc EndOffset="770" SrcFileId="1" StartOffset="755"/>
<Loc EndOffset="788" SrcFileId="1" StartOffset="773"/>
<Loc EndOffset="806" SrcFileId="1" StartOffset="791"/>
<Loc EndOffset="855" SrcFileId="1" StartOffset="812"/>
<Loc EndOffset="930" SrcFileId="1" StartOffset="858"/>
<Loc EndOffset="955" SrcFileId="1" StartOffset="936"/>
<Loc EndOffset="977" SrcFileId="1" StartOffset="958"/>
<Loc EndOffset="999" SrcFileId="1" StartOffset="980"/>
<Loc EndOffset="1029" SrcFileId="1" StartOffset="1002"/>
<Loc EndOffset="1065" SrcFileId="1" StartOffset="1035"/>
</LocList>
<BasicStmnt CovItemId="S1" CovItemPrefix="csse376_puerto_rico.StartUpGameBoardGUI.java" Intrnl_Id="23">
<LocList>
<Loc EndOffset="335" SrcFileId="1" StartOffset="312"/>
</LocList>
</BasicStmnt>
<BasicStmnt CovItemId="S2" CovItemPrefix="csse376_puerto_rico.StartUpGameBoardGUI.java" Intrnl_Id="24">
<LocList>
<Loc EndOffset="382" SrcFileId="1" StartOffset="338"/>
</LocList>
</BasicStmnt>
<BasicStmnt CovItemId="S3" CovItemPrefix="csse376_puerto_rico.StartUpGameBoardGUI.java" Intrnl_Id="25">
<LocList>
<Loc EndOffset="430" SrcFileId="1" StartOffset="385"/>
</LocList>
</BasicStmnt>
<BasicStmnt CovItemId="S4" CovItemPrefix="csse376_puerto_rico.StartUpGameBoardGUI.java" Intrnl_Id="26">
<LocList>
<Loc EndOffset="475" SrcFileId="1" StartOffset="433"/>
</LocList>
</BasicStmnt>
<BasicStmnt CovItemId="S5" CovItemPrefix="csse376_puerto_rico.StartUpGameBoardGUI.java" Intrnl_Id="27">
<LocList>
<Loc EndOffset="520" SrcFileId="1" StartOffset="478"/>
</LocList>
</BasicStmnt>
<BasicStmnt CovItemId="S6" CovItemPrefix="csse376_puerto_rico.StartUpGameBoardGUI.java" Intrnl_Id="28">
<LocList>
<Loc EndOffset="556" SrcFileId="1" StartOffset="524"/>
</LocList>
</BasicStmnt>
<BasicStmnt CovItemId="S7" CovItemPrefix="csse376_puerto_rico.StartUpGameBoardGUI.java" Intrnl_Id="29">
<LocList>
<Loc EndOffset="600" SrcFileId="1" StartOffset="562"/>
</LocList>
</BasicStmnt>
<BasicStmnt CovItemId="S8" CovItemPrefix="csse376_puerto_rico.StartUpGameBoardGUI.java" Intrnl_Id="30">
<LocList>
<Loc EndOffset="650" SrcFileId="1" StartOffset="603"/>
</LocList>
</BasicStmnt>
<BasicStmnt CovItemId="S9" CovItemPrefix="csse376_puerto_rico.StartUpGameBoardGUI.java" Intrnl_Id="31">
<LocList>
<Loc EndOffset="701" SrcFileId="1" StartOffset="653"/>
</LocList>
</BasicStmnt>
<BasicStmnt CovItemId="S10" CovItemPrefix="csse376_puerto_rico.StartUpGameBoardGUI.java" Intrnl_Id="32">
<LocList>
<Loc EndOffset="752" SrcFileId="1" StartOffset="704"/>
</LocList>
</BasicStmnt>
<BasicStmnt CovItemId="S11" CovItemPrefix="csse376_puerto_rico.StartUpGameBoardGUI.java" Intrnl_Id="33">
<LocList>
<Loc EndOffset="770" SrcFileId="1" StartOffset="755"/>
</LocList>
</BasicStmnt>
<BasicStmnt CovItemId="S12" CovItemPrefix="csse376_puerto_rico.StartUpGameBoardGUI.java" Intrnl_Id="34">
<LocList>
<Loc EndOffset="788" SrcFileId="1" StartOffset="773"/>
</LocList>
</BasicStmnt>
<BasicStmnt CovItemId="S13" CovItemPrefix="csse376_puerto_rico.StartUpGameBoardGUI.java" Intrnl_Id="35">
<LocList>
<Loc EndOffset="806" SrcFileId="1" StartOffset="791"/>
</LocList>
</BasicStmnt>
<BasicStmnt CovItemId="S14" CovItemPrefix="csse376_puerto_rico.StartUpGameBoardGUI.java" Intrnl_Id="36">
<LocList>
<Loc EndOffset="855" SrcFileId="1" StartOffset="812"/>
</LocList>
</BasicStmnt>
<BasicStmnt CovItemId="S15" CovItemPrefix="csse376_puerto_rico.StartUpGameBoardGUI.java" Intrnl_Id="37">
<LocList>
<Loc EndOffset="930" SrcFileId="1" StartOffset="858"/>
</LocList>
</BasicStmnt>
<BasicStmnt CovItemId="S16" CovItemPrefix="csse376_puerto_rico.StartUpGameBoardGUI.java" Intrnl_Id="38">
<LocList>
<Loc EndOffset="955" SrcFileId="1" StartOffset="936"/>
</LocList>
</BasicStmnt>
<BasicStmnt CovItemId="S17" CovItemPrefix="csse376_puerto_rico.StartUpGameBoardGUI.java" Intrnl_Id="39">
<LocList>
<Loc EndOffset="977" SrcFileId="1" StartOffset="958"/>
</LocList>
</BasicStmnt>
<BasicStmnt CovItemId="S18" CovItemPrefix="csse376_puerto_rico.StartUpGameBoardGUI.java" Intrnl_Id="40">
<LocList>
<Loc EndOffset="999" SrcFileId="1" StartOffset="980"/>
</LocList>
</BasicStmnt>
<BasicStmnt CovItemId="S19" CovItemPrefix="csse376_puerto_rico.StartUpGameBoardGUI.java" Intrnl_Id="41">
<LocList>
<Loc EndOffset="1029" SrcFileId="1" StartOffset="1002"/>
</LocList>
</BasicStmnt>
<BasicStmnt CovItemId="S20" CovItemPrefix="csse376_puerto_rico.StartUpGameBoardGUI.java" Intrnl_Id="42">
<LocList>
<Loc EndOffset="1065" SrcFileId="1" StartOffset="1035"/>
</LocList>
</BasicStmnt>
</StmntSeq>
</HierarchyLvl>
</HierarchyLvl>
<HierarchyLvl HierarchyLvlId="3667" HierarchyLvlTypeId="15" Intrnl_Id="43" Name="PlayerRoles">
<Header>
<Loc EndOffset="184" SrcFileId="2" StartOffset="160"/>
</Header>
<LocList>
<Loc EndOffset="862" SrcFileId="2" StartOffset="160"/>
</LocList>
<StmntSeq Intrnl_Id="44">
<LocList>
<Loc EndOffset="236" SrcFileId="2" StartOffset="189"/>
<Loc EndOffset="286" SrcFileId="2" StartOffset="239"/>
<Loc EndOffset="340" SrcFileId="2" StartOffset="289"/>
<Loc EndOffset="388" SrcFileId="2" StartOffset="343"/>
<Loc EndOffset="438" SrcFileId="2" StartOffset="391"/>
<Loc EndOffset="494" SrcFileId="2" StartOffset="441"/>
<Loc EndOffset="540" SrcFileId="2" StartOffset="497"/>
</LocList>
<BasicStmnt CovItemId="S1" CovItemPrefix="csse376_puerto_rico.PlayerRoles.java" Intrnl_Id="45">
<LocList>
<Loc EndOffset="236" SrcFileId="2" StartOffset="189"/>
</LocList>
</BasicStmnt>
<BasicStmnt CovItemId="S2" CovItemPrefix="csse376_puerto_rico.PlayerRoles.java" Intrnl_Id="46">
<LocList>
<Loc EndOffset="286" SrcFileId="2" StartOffset="239"/>
</LocList>
</BasicStmnt>
<BasicStmnt CovItemId="S3" CovItemPrefix="csse376_puerto_rico.PlayerRoles.java" Intrnl_Id="47">
<LocList>
<Loc EndOffset="340" SrcFileId="2" StartOffset="289"/>
</LocList>
</BasicStmnt>
<BasicStmnt CovItemId="S4" CovItemPrefix="csse376_puerto_rico.PlayerRoles.java" Intrnl_Id="48">
<LocList>
<Loc EndOffset="388" SrcFileId="2" StartOffset="343"/>
</LocList>
</BasicStmnt>
<BasicStmnt CovItemId="S5" CovItemPrefix="csse376_puerto_rico.PlayerRoles.java" Intrnl_Id="49">
<LocList>
<Loc EndOffset="438" SrcFileId="2" StartOffset="391"/>
</LocList>
</BasicStmnt>
<BasicStmnt CovItemId="S6" CovItemPrefix="csse376_puerto_rico.PlayerRoles.java" Intrnl_Id="50">
<LocList>
<Loc EndOffset="494" SrcFileId="2" StartOffset="441"/>
</LocList>
</BasicStmnt>
<BasicStmnt CovItemId="S7" CovItemPrefix="csse376_puerto_rico.PlayerRoles.java" Intrnl_Id="51">
<LocList>
<Loc EndOffset="540" SrcFileId="2" StartOffset="497"/>
</LocList>
</BasicStmnt>
</StmntSeq>
<HierarchyLvl HierarchyLvlId="3665" HierarchyLvlTypeId="16" Intrnl_Id="52" Name="PlayerRoles">
<Header>
<Loc EndOffset="566" SrcFileId="2" StartOffset="545"/>
</Header>
<LocList>
<Loc EndOffset="595" SrcFileId="2" StartOffset="545"/>
</LocList>
</HierarchyLvl>
<HierarchyLvl HierarchyLvlId="3666" HierarchyLvlTypeId="16" Intrnl_Id="53" Name="getValues">
<Header>
<Loc EndOffset="638" SrcFileId="2" StartOffset="600"/>
</Header>
<LocList>
<Loc EndOffset="859" SrcFileId="2" StartOffset="600"/>
</LocList>
<StmntSeq Intrnl_Id="54">
<LocList>
<Loc EndOffset="687" SrcFileId="2" StartOffset="644"/>
<Loc EndOffset="710" SrcFileId="2" StartOffset="693"/>
<Loc EndOffset="731" SrcFileId="2" StartOffset="714"/>
<Loc EndOffset="754" SrcFileId="2" StartOffset="735"/>
<Loc EndOffset="774" SrcFileId="2" StartOffset="758"/>
<Loc EndOffset="795" SrcFileId="2" StartOffset="778"/>
<Loc EndOffset="819" SrcFileId="2" StartOffset="799"/>
<Loc EndOffset="838" SrcFileId="2" StartOffset="823"/>
<Loc EndOffset="855" SrcFileId="2" StartOffset="844"/>
</LocList>
<BasicStmnt CovItemId="S8" CovItemPrefix="csse376_puerto_rico.PlayerRoles.java" Intrnl_Id="55">
<LocList>
<Loc EndOffset="687" SrcFileId="2" StartOffset="644"/>
</LocList>
</BasicStmnt>
<BasicStmnt CovItemId="S9" CovItemPrefix="csse376_puerto_rico.PlayerRoles.java" Intrnl_Id="56">
<LocList>
<Loc EndOffset="710" SrcFileId="2" StartOffset="693"/>
</LocList>
</BasicStmnt>
<BasicStmnt CovItemId="S10" CovItemPrefix="csse376_puerto_rico.PlayerRoles.java" Intrnl_Id="57">
<LocList>
<Loc EndOffset="731" SrcFileId="2" StartOffset="714"/>
</LocList>
</BasicStmnt>
<BasicStmnt CovItemId="S11" CovItemPrefix="csse376_puerto_rico.PlayerRoles.java" Intrnl_Id="58">
<LocList>
<Loc EndOffset="754" SrcFileId="2" StartOffset="735"/>
</LocList>
</BasicStmnt>
<BasicStmnt CovItemId="S12" CovItemPrefix="csse376_puerto_rico.PlayerRoles.java" Intrnl_Id="59">
<LocList>
<Loc EndOffset="774" SrcFileId="2" StartOffset="758"/>
</LocList>
</BasicStmnt>
<BasicStmnt CovItemId="S13" CovItemPrefix="csse376_puerto_rico.PlayerRoles.java" Intrnl_Id="60">
<LocList>
<Loc EndOffset="795" SrcFileId="2" StartOffset="778"/>
</LocList>
</BasicStmnt>
<BasicStmnt CovItemId="S14" CovItemPrefix="csse376_puerto_rico.PlayerRoles.java" Intrnl_Id="61">
<LocList>
<Loc EndOffset="819" SrcFileId="2" StartOffset="799"/>
</LocList>
</BasicStmnt>
<BasicStmnt CovItemId="S15" CovItemPrefix="csse376_puerto_rico.PlayerRoles.java" Intrnl_Id="62">
<LocList>
<Loc EndOffset="838" SrcFileId="2" StartOffset="823"/>
</LocList>
</BasicStmnt>
<BasicStmnt CovItemId="S16" CovItemPrefix="csse376_puerto_rico.PlayerRoles.java" Intrnl_Id="63">
<LocList>
<Loc EndOffset="855" SrcFileId="2" StartOffset="844"/>
</LocList>
</BasicStmnt>
</StmntSeq>
</HierarchyLvl>
</HierarchyLvl>
<HierarchyLvl HierarchyLvlId="3705" HierarchyLvlTypeId="15" Intrnl_Id="64" Name="Player">
<Header>
<Loc EndOffset="192" SrcFileId="3" StartOffset="173"/>
</Header>
<LocList>
<Loc EndOffset="445" SrcFileId="3" StartOffset="173"/>
<Loc EndOffset="721" SrcFileId="3" StartOffset="716"/>
<Loc EndOffset="6730" SrcFileId="3" StartOffset="925"/>
</LocList>
<StmntSeq Intrnl_Id="65">
<LocList>
<Loc EndOffset="369" SrcFileId="3" StartOffset="346"/>
<Loc EndOffset="440" SrcFileId="3" StartOffset="374"/>
<Loc EndOffset="1002" SrcFileId="3" StartOffset="930"/>
<Loc EndOffset="1077" SrcFileId="3" StartOffset="1005"/>
<Loc EndOffset="1140" SrcFileId="3" StartOffset="1080"/>
</LocList>
<BasicStmnt CovItemId="S1" CovItemPrefix="csse376_puerto_rico.Player.java" Intrnl_Id="66">
<LocList>
<Loc EndOffset="369" SrcFileId="3" StartOffset="346"/>
</LocList>
</BasicStmnt>
<BasicStmnt CovItemId="S2" CovItemPrefix="csse376_puerto_rico.Player.java" Intrnl_Id="67">
<LocList>
<Loc EndOffset="440" SrcFileId="3" StartOffset="374"/>
</LocList>
</BasicStmnt>
<BasicStmnt CovItemId="S5" CovItemPrefix="csse376_puerto_rico.Player.java" Intrnl_Id="68">
<LocList>
<Loc EndOffset="1002" SrcFileId="3" StartOffset="930"/>
</LocList>
</BasicStmnt>
<BasicStmnt CovItemId="S6" CovItemPrefix="csse376_puerto_rico.Player.java" Intrnl_Id="69">
<LocList>
<Loc EndOffset="1077" SrcFileId="3" StartOffset="1005"/>
</LocList>
</BasicStmnt>
<BasicStmnt CovItemId="S7" CovItemPrefix="csse376_puerto_rico.Player.java" Intrnl_Id="70">
<LocList>
<Loc EndOffset="1140" SrcFileId="3" StartOffset="1080"/>
</LocList>
</BasicStmnt>
</StmntSeq>
<HierarchyLvl HierarchyLvlId="3668" HierarchyLvlTypeId="15" Intrnl_Id="71" Name="Good">
<Header>
<Loc EndOffset="469" SrcFileId="3" StartOffset="445"/>
</Header>
<LocList>
<Loc EndOffset="716" SrcFileId="3" StartOffset="445"/>
</LocList>
</HierarchyLvl>
<HierarchyLvl HierarchyLvlId="3670" HierarchyLvlTypeId="15" Intrnl_Id="72" Name="Plantation">
<Header>
<Loc EndOffset="751" SrcFileId="3" StartOffset="721"/>
</Header>
<LocList>
<Loc EndOffset="925" SrcFileId="3" StartOffset="721"/>
</LocList>
<HierarchyLvl HierarchyLvlId="3669" HierarchyLvlTypeId="16" Intrnl_Id="73" Name="Plantation">
<Header>
<Loc EndOffset="860" SrcFileId="3" StartOffset="811"/>
</Header>
<LocList>
<Loc EndOffset="921" SrcFileId="3" StartOffset="811"/>
</LocList>
<StmntSeq Intrnl_Id="74">
<LocList>
<Loc EndOffset="884" SrcFileId="3" StartOffset="867"/>
<Loc EndOffset="916" SrcFileId="3" StartOffset="889"/>
</LocList>
<BasicStmnt CovItemId="S3" CovItemPrefix="csse376_puerto_rico.Player.java" Intrnl_Id="75">
<LocList>
<Loc EndOffset="884" SrcFileId="3" StartOffset="867"/>
</LocList>
</BasicStmnt>
<BasicStmnt CovItemId="S4" CovItemPrefix="csse376_puerto_rico.Player.java" Intrnl_Id="76">
<LocList>
<Loc EndOffset="916" SrcFileId="3" StartOffset="889"/>
</LocList>
</BasicStmnt>
</StmntSeq>
</HierarchyLvl>
</HierarchyLvl>
<HierarchyLvl HierarchyLvlId="3671" HierarchyLvlTypeId="16" Intrnl_Id="77" Name="Player">
<Header>
<Loc EndOffset="1199" SrcFileId="3" StartOffset="1184"/>
</Header>
<LocList>
<Loc EndOffset="1396" SrcFileId="3" StartOffset="1184"/>
</LocList>
<StmntSeq Intrnl_Id="78">
<LocList>
<Loc EndOffset="1224" SrcFileId="3" StartOffset="1205"/>
<Loc EndOffset="1242" SrcFileId="3" StartOffset="1228"/>
<Loc EndOffset="1261" SrcFileId="3" StartOffset="1246"/>
<Loc EndOffset="1289" SrcFileId="3" StartOffset="1265"/>
<Loc EndOffset="1320" SrcFileId="3" StartOffset="1293"/>
<Loc EndOffset="1392" SrcFileId="3" StartOffset="1324"/>
</LocList>
<BasicStmnt CovItemId="S8" CovItemPrefix="csse376_puerto_rico.Player.java" Intrnl_Id="79">
<LocList>
<Loc EndOffset="1224" SrcFileId="3" StartOffset="1205"/>
</LocList>
</BasicStmnt>
<BasicStmnt CovItemId="S9" CovItemPrefix="csse376_puerto_rico.Player.java" Intrnl_Id="80">
<LocList>
<Loc EndOffset="1242" SrcFileId="3" StartOffset="1228"/>
</LocList>
</BasicStmnt>
<BasicStmnt CovItemId="S10" CovItemPrefix="csse376_puerto_rico.Player.java" Intrnl_Id="81">
<LocList>
<Loc EndOffset="1261" SrcFileId="3" StartOffset="1246"/>
</LocList>
</BasicStmnt>
<BasicStmnt CovItemId="S11" CovItemPrefix="csse376_puerto_rico.Player.java" Intrnl_Id="82">
<LocList>
<Loc EndOffset="1289" SrcFileId="3" StartOffset="1265"/>
</LocList>
</BasicStmnt>
<BasicStmnt CovItemId="S12" CovItemPrefix="csse376_puerto_rico.Player.java" Intrnl_Id="83">
<LocList>
<Loc EndOffset="1320" SrcFileId="3" StartOffset="1293"/>
</LocList>
</BasicStmnt>
<LoopStmnt CovItemId="S13" CovItemPrefix="csse376_puerto_rico.Player.java" Intrnl_Id="84" MltplExecId="L1-2" MltplExecPrefix="csse376_puerto_rico.Player.java" NvrExecId="L1-0" NvrExecPrefix="csse376_puerto_rico.Player.java" OnceExecutedId="L1-1" OnceExecutedPrefix="csse376_puerto_rico.Player.java" OptBodyExec="true">
<StmntSeq Intrnl_Id="85">
<LocList>
<Loc EndOffset="1387" SrcFileId="3" StartOffset="1366"/>
</LocList>
<BasicStmnt CovItemId="S14" CovItemPrefix="csse376_puerto_rico.Player.java" Intrnl_Id="86">
<LocList>
<Loc EndOffset="1387" SrcFileId="3" StartOffset="1366"/>
</LocList>
</BasicStmnt>
</StmntSeq>
<Keyword EndOffset="1327" SrcFileId="3" StartOffset="1324"/>
<LocList>
<Loc EndOffset="1392" SrcFileId="3" StartOffset="1324"/>
</LocList>
</LoopStmnt>
</StmntSeq>
</HierarchyLvl>
<HierarchyLvl HierarchyLvlId="3672" HierarchyLvlTypeId="16" Intrnl_Id="87" Name="Player">
<Header>
<Loc EndOffset="1427" SrcFileId="3" StartOffset="1401"/>
</Header>
<LocList>
<Loc EndOffset="1621" SrcFileId="3" StartOffset="1401"/>
</LocList>
<StmntSeq Intrnl_Id="88">
<LocList>
<Loc EndOffset="1450" SrcFileId="3" StartOffset="1433"/>
<Loc EndOffset="1473" SrcFileId="3" StartOffset="1454"/>
<Loc EndOffset="1501" SrcFileId="3" StartOffset="1477"/>
<Loc EndOffset="1525" SrcFileId="3" StartOffset="1505"/>
<Loc EndOffset="1545" SrcFileId="3" StartOffset="1529"/>
<Loc EndOffset="1617" SrcFileId="3" StartOffset="1549"/>
</LocList>
<BasicStmnt CovItemId="S15" CovItemPrefix="csse376_puerto_rico.Player.java" Intrnl_Id="89">
<LocList>
<Loc EndOffset="1450" SrcFileId="3" StartOffset="1433"/>
</LocList>
</BasicStmnt>
<BasicStmnt CovItemId="S16" CovItemPrefix="csse376_puerto_rico.Player.java" Intrnl_Id="90">
<LocList>
<Loc EndOffset="1473" SrcFileId="3" StartOffset="1454"/>
</LocList>
</BasicStmnt>
<BasicStmnt CovItemId="S17" CovItemPrefix="csse376_puerto_rico.Player.java" Intrnl_Id="91">
<LocList>
<Loc EndOffset="1501" SrcFileId="3" StartOffset="1477"/>
</LocList>
</BasicStmnt>
<BasicStmnt CovItemId="S18" CovItemPrefix="csse376_puerto_rico.Player.java" Intrnl_Id="92">
<LocList>
<Loc EndOffset="1525" SrcFileId="3" StartOffset="1505"/>
</LocList>
</BasicStmnt>
<BasicStmnt CovItemId="S19" CovItemPrefix="csse376_puerto_rico.Player.java" Intrnl_Id="93">
<LocList>
<Loc EndOffset="1545" SrcFileId="3" StartOffset="1529"/>
</LocList>
</BasicStmnt>
<LoopStmnt CovItemId="S20" CovItemPrefix="csse376_puerto_rico.Player.java" Intrnl_Id="94" MltplExecId="L2-2" MltplExecPrefix="csse376_puerto_rico.Player.java" NvrExecId="L2-0" NvrExecPrefix="csse376_puerto_rico.Player.java" OnceExecutedId="L2-1" OnceExecutedPrefix="csse376_puerto_rico.Player.java" OptBodyExec="true">
<StmntSeq Intrnl_Id="95">
<LocList>
<Loc EndOffset="1612" SrcFileId="3" StartOffset="1591"/>
</LocList>
<BasicStmnt CovItemId="S21" CovItemPrefix="csse376_puerto_rico.Player.java" Intrnl_Id="96">
<LocList>
<Loc EndOffset="1612" SrcFileId="3" StartOffset="1591"/>
</LocList>
</BasicStmnt>
</StmntSeq>
<Keyword EndOffset="1552" SrcFileId="3" StartOffset="1549"/>
<LocList>
<Loc EndOffset="1617" SrcFileId="3" StartOffset="1549"/>
</LocList>
</LoopStmnt>
</StmntSeq>
</HierarchyLvl>
<HierarchyLvl HierarchyLvlId="3673" HierarchyLvlTypeId="16" Intrnl_Id="97" Name="setPlayerNum">
<Header>
<Loc EndOffset="1657" SrcFileId="3" StartOffset="1626"/>
</Header>
<LocList>
<Loc EndOffset="1683" SrcFileId="3" StartOffset="1626"/>
</LocList>
<StmntSeq Intrnl_Id="98">
<LocList>
<Loc EndOffset="1677" SrcFileId="3" StartOffset="1663"/>
</LocList>
<BasicStmnt CovItemId="S22" CovItemPrefix="csse376_puerto_rico.Player.java" Intrnl_Id="99">
<LocList>
<Loc EndOffset="1677" SrcFileId="3" StartOffset="1663"/>
</LocList>
</BasicStmnt>
</StmntSeq>
</HierarchyLvl>
<HierarchyLvl HierarchyLvlId="3674" HierarchyLvlTypeId="16" Intrnl_Id="100" Name="getPlayerNum">
<Header>
<Loc EndOffset="1713" SrcFileId="3" StartOffset="1688"/>
</Header>
<LocList>
<Loc EndOffset="1740" SrcFileId="3" StartOffset="1688"/>
</LocList>
<StmntSeq Intrnl_Id="101">
<LocList>
<Loc EndOffset="1736" SrcFileId="3" StartOffset="1719"/>
</LocList>
<BasicStmnt CovItemId="S23" CovItemPrefix="csse376_puerto_rico.Player.java" Intrnl_Id="102">
<LocList>
<Loc EndOffset="1736" SrcFileId="3" StartOffset="1719"/>
</LocList>
</BasicStmnt>
</StmntSeq>
</HierarchyLvl>
<HierarchyLvl HierarchyLvlId="3675" HierarchyLvlTypeId="16" Intrnl_Id="103" Name="getRole">
<Header>
<Loc EndOffset="1768" SrcFileId="3" StartOffset="1745"/>
</Header>
<LocList>
<Loc EndOffset="1795" SrcFileId="3" StartOffset="1745"/>
</LocList>
<StmntSeq Intrnl_Id="104">
<LocList>
<Loc EndOffset="1791" SrcFileId="3" StartOffset="1774"/>
</LocList>
<BasicStmnt CovItemId="S24" CovItemPrefix="csse376_puerto_rico.Player.java" Intrnl_Id="105">
<LocList>
<Loc EndOffset="1791" SrcFileId="3" StartOffset="1774"/>
</LocList>
</BasicStmnt>
</StmntSeq>
</HierarchyLvl>
<HierarchyLvl HierarchyLvlId="3676" HierarchyLvlTypeId="16" Intrnl_Id="106" Name="getRoles">
<Header>
<Loc EndOffset="1837" SrcFileId="3" StartOffset="1800"/>
</Header>
<LocList>
<Loc EndOffset="1862" SrcFileId="3" StartOffset="1800"/>
</LocList>
<StmntSeq Intrnl_Id="107">
<LocList>
<Loc EndOffset="1858" SrcFileId="3" StartOffset="1845"/>
</LocList>
<BasicStmnt CovItemId="S25" CovItemPrefix="csse376_puerto_rico.Player.java" Intrnl_Id="108">
<LocList>
<Loc EndOffset="1858" SrcFileId="3" StartOffset="1845"/>
</LocList>
</BasicStmnt>
</StmntSeq>
</HierarchyLvl>
<HierarchyLvl HierarchyLvlId="3677" HierarchyLvlTypeId="16" Intrnl_Id="109" Name="getPoints">
<Header>
<Loc EndOffset="1889" SrcFileId="3" StartOffset="1867"/>
</Header>
<LocList>
<Loc EndOffset="1913" SrcFileId="3" StartOffset="1867"/>
</LocList>
<StmntSeq Intrnl_Id="110">
<LocList>
<Loc EndOffset="1909" SrcFileId="3" StartOffset="1895"/>
</LocList>
<BasicStmnt CovItemId="S26" CovItemPrefix="csse376_puerto_rico.Player.java" Intrnl_Id="111">
<LocList>
<Loc EndOffset="1909" SrcFileId="3" StartOffset="1895"/>
</LocList>
</BasicStmnt>
</StmntSeq>
</HierarchyLvl>
<HierarchyLvl HierarchyLvlId="3678" HierarchyLvlTypeId="16" Intrnl_Id="112" Name="getHUD">
<Header>
<Loc EndOffset="1943" SrcFileId="3" StartOffset="1918"/>
</Header>
<LocList>
<Loc EndOffset="1969" SrcFileId="3" StartOffset="1918"/>
</LocList>
<StmntSeq Intrnl_Id="113">
<LocList>
<Loc EndOffset="1965" SrcFileId="3" StartOffset="1949"/>
</LocList>
<BasicStmnt CovItemId="S27" CovItemPrefix="csse376_puerto_rico.Player.java" Intrnl_Id="114">
<LocList>
<Loc EndOffset="1965" SrcFileId="3" StartOffset="1949"/>
</LocList>
</BasicStmnt>
</StmntSeq>
</HierarchyLvl>
<HierarchyLvl HierarchyLvlId="3679" HierarchyLvlTypeId="16" Intrnl_Id="115" Name="setHUD">
<Header>
<Loc EndOffset="2007" SrcFileId="3" StartOffset="1974"/>
</Header>
<LocList>
<Loc EndOffset="2032" SrcFileId="3" StartOffset="1974"/>
</LocList>
<StmntSeq Intrnl_Id="116">
<LocList>
<Loc EndOffset="2028" SrcFileId="3" StartOffset="2013"/>
</LocList>
<BasicStmnt CovItemId="S28" CovItemPrefix="csse376_puerto_rico.Player.java" Intrnl_Id="117">
<LocList>
<Loc EndOffset="2028" SrcFileId="3" StartOffset="2013"/>
</LocList>
</BasicStmnt>
</StmntSeq>
</HierarchyLvl>
<HierarchyLvl HierarchyLvlId="3680" HierarchyLvlTypeId="16" Intrnl_Id="118" Name="isGovernor">
<Header>
<Loc EndOffset="2064" SrcFileId="3" StartOffset="2037"/>
</Header>
<LocList>
<Loc EndOffset="2092" SrcFileId="3" StartOffset="2037"/>
</LocList>
<StmntSeq Intrnl_Id="119">
<LocList>
<Loc EndOffset="2088" SrcFileId="3" StartOffset="2070"/>
</LocList>
<BasicStmnt CovItemId="S29" CovItemPrefix="csse376_puerto_rico.Player.java" Intrnl_Id="120">
<LocList>
<Loc EndOffset="2088" SrcFileId="3" StartOffset="2070"/>
</LocList>
</BasicStmnt>
</StmntSeq>
</HierarchyLvl>
<HierarchyLvl HierarchyLvlId="3681" HierarchyLvlTypeId="16" Intrnl_Id="121" Name="addPoints">
<Header>
<Loc EndOffset="2132" SrcFileId="3" StartOffset="2097"/>
</Header>
<LocList>
<Loc EndOffset="2179" SrcFileId="3" StartOffset="2097"/>
</LocList>
<StmntSeq Intrnl_Id="122">
<LocList>
<Loc EndOffset="2175" SrcFileId="3" StartOffset="2138"/>
</LocList>
<BasicStmnt CovItemId="S30" CovItemPrefix="csse376_puerto_rico.Player.java" Intrnl_Id="123">
<LocList>
<Loc EndOffset="2175" SrcFileId="3" StartOffset="2138"/>
</LocList>
</BasicStmnt>
</StmntSeq>
</HierarchyLvl>
<HierarchyLvl HierarchyLvlId="3682" HierarchyLvlTypeId="16" Intrnl_Id="124" Name="setPoints">
<Header>
<Loc EndOffset="2234" SrcFileId="3" StartOffset="2201"/>
</Header>
<LocList>
<Loc EndOffset="2314" SrcFileId="3" StartOffset="2201"/>
</LocList>
<StmntSeq Intrnl_Id="125">
<LocList>
<Loc EndOffset="2310" SrcFileId="3" StartOffset="2289"/>
</LocList>
<BasicStmnt CovItemId="S31" CovItemPrefix="csse376_puerto_rico.Player.java" Intrnl_Id="126">
<LocList>
<Loc EndOffset="2310" SrcFileId="3" StartOffset="2289"/>
</LocList>
</BasicStmnt>
</StmntSeq>
</HierarchyLvl>
<HierarchyLvl HierarchyLvlId="3683" HierarchyLvlTypeId="16" Intrnl_Id="127" Name="setRole">
<Header>
<Loc EndOffset="2353" SrcFileId="3" StartOffset="2319"/>
</Header>
<LocList>
<Loc EndOffset="2382" SrcFileId="3" StartOffset="2319"/>
</LocList>
<StmntSeq Intrnl_Id="128">
<LocList>
<Loc EndOffset="2378" SrcFileId="3" StartOffset="2359"/>
</LocList>
<BasicStmnt CovItemId="S32" CovItemPrefix="csse376_puerto_rico.Player.java" Intrnl_Id="129">
<LocList>
<Loc EndOffset="2378" SrcFileId="3" StartOffset="2359"/>
</LocList>
</BasicStmnt>
</StmntSeq>
</HierarchyLvl>
<HierarchyLvl HierarchyLvlId="3684" HierarchyLvlTypeId="16" Intrnl_Id="130" Name="addBuilding">
<Header>
<Loc EndOffset="2429" SrcFileId="3" StartOffset="2387"/>
</Header>
<LocList>
<Loc EndOffset="2463" SrcFileId="3" StartOffset="2387"/>
</LocList>
<StmntSeq Intrnl_Id="131">
<LocList>
<Loc EndOffset="2459" SrcFileId="3" StartOffset="2435"/>
</LocList>
<BasicStmnt CovItemId="S33" CovItemPrefix="csse376_puerto_rico.Player.java" Intrnl_Id="132">
<LocList>
<Loc EndOffset="2459" SrcFileId="3" StartOffset="2435"/>
</LocList>
</BasicStmnt>
</StmntSeq>
</HierarchyLvl>
<HierarchyLvl HierarchyLvlId="3685" HierarchyLvlTypeId="16" Intrnl_Id="133" Name="ownsBuilding">
<Header>
<Loc EndOffset="2512" SrcFileId="3" StartOffset="2468"/>
</Header>
<LocList>
<Loc EndOffset="2573" SrcFileId="3" StartOffset="2468"/>
</LocList>
<StmntSeq Intrnl_Id="134">
<LocList>
<Loc EndOffset="2569" SrcFileId="3" StartOffset="2518"/>
</LocList>
<BasicStmnt CovItemId="S34" CovItemPrefix="csse376_puerto_rico.Player.java" Intrnl_Id="135">
<LocList>
<Loc EndOffset="2569" SrcFileId="3" StartOffset="2518"/>
</LocList>
</BasicStmnt>
</StmntSeq>
</HierarchyLvl>
<HierarchyLvl HierarchyLvlId="3686" HierarchyLvlTypeId="16" Intrnl_Id="136" Name="ownsOccupiedBuilding">
<Header>
<Loc EndOffset="2630" SrcFileId="3" StartOffset="2578"/>
</Header>
<LocList>
<Loc EndOffset="2699" SrcFileId="3" StartOffset="2578"/>
</LocList>
<StmntSeq Intrnl_Id="137">
<LocList>
<Loc EndOffset="2695" SrcFileId="3" StartOffset="2636"/>
</LocList>
<BasicStmnt CovItemId="S35" CovItemPrefix="csse376_puerto_rico.Player.java" Intrnl_Id="138">
<LocList>
<Loc EndOffset="2695" SrcFileId="3" StartOffset="2636"/>
</LocList>
</BasicStmnt>
</StmntSeq>
</HierarchyLvl>
<HierarchyLvl HierarchyLvlId="3687" HierarchyLvlTypeId="16" Intrnl_Id="139" Name="getBuildingsStringList">
<Header>
<Loc EndOffset="2753" SrcFileId="3" StartOffset="2704"/>
</Header>
<LocList>
<Loc EndOffset="2891" SrcFileId="3" StartOffset="2704"/>
</LocList>
<StmntSeq Intrnl_Id="140">
<LocList>
<Loc EndOffset="2807" SrcFileId="3" StartOffset="2759"/>
<Loc EndOffset="2872" SrcFileId="3" StartOffset="2811"/>
<Loc EndOffset="2887" SrcFileId="3" StartOffset="2876"/>
</LocList>
<BasicStmnt CovItemId="S36" CovItemPrefix="csse376_puerto_rico.Player.java" Intrnl_Id="141">
<LocList>
<Loc EndOffset="2807" SrcFileId="3" StartOffset="2759"/>
</LocList>
</BasicStmnt>
<LoopStmnt CovItemId="S37" CovItemPrefix="csse376_puerto_rico.Player.java" Intrnl_Id="142" MltplExecId="L3-2" MltplExecPrefix="csse376_puerto_rico.Player.java" NvrExecId="L3-0" NvrExecPrefix="csse376_puerto_rico.Player.java" OnceExecutedId="L3-1" OnceExecutedPrefix="csse376_puerto_rico.Player.java" OptBodyExec="true">
<StmntSeq Intrnl_Id="143">
<LocList>
<Loc EndOffset="2867" SrcFileId="3" StartOffset="2851"/>
</LocList>
<BasicStmnt CovItemId="S38" CovItemPrefix="csse376_puerto_rico.Player.java" Intrnl_Id="144">
<LocList>
<Loc EndOffset="2867" SrcFileId="3" StartOffset="2851"/>
</LocList>
</BasicStmnt>
</StmntSeq>
<Keyword EndOffset="2814" SrcFileId="3" StartOffset="2811"/>
<LocList>
<Loc EndOffset="2872" SrcFileId="3" StartOffset="2811"/>
</LocList>
</LoopStmnt>
<BasicStmnt CovItemId="S39" CovItemPrefix="csse376_puerto_rico.Player.java" Intrnl_Id="145">
<LocList>
<Loc EndOffset="2887" SrcFileId="3" StartOffset="2876"/>
</LocList>
</BasicStmnt>
</StmntSeq>
</HierarchyLvl>
<HierarchyLvl HierarchyLvlId="3688" HierarchyLvlTypeId="16" Intrnl_Id="146" Name="getBuildings">
<Header>
<Loc EndOffset="2937" SrcFileId="3" StartOffset="2896"/>
</Header>
<LocList>
<Loc EndOffset="2969" SrcFileId="3" StartOffset="2896"/>
</LocList>
<StmntSeq Intrnl_Id="147">
<LocList>
<Loc EndOffset="2965" SrcFileId="3" StartOffset="2943"/>
</LocList>
<BasicStmnt CovItemId="S40" CovItemPrefix="csse376_puerto_rico.Player.java" Intrnl_Id="148">
<LocList>
<Loc EndOffset="2965" SrcFileId="3" StartOffset="2943"/>
</LocList>
</BasicStmnt>
</StmntSeq>
</HierarchyLvl>
<HierarchyLvl HierarchyLvlId="3689" HierarchyLvlTypeId="16" Intrnl_Id="149" Name="getBuilding">
<Header>
<Loc EndOffset="3018" SrcFileId="3" StartOffset="2974"/>
</Header>
<LocList>
<Loc EndOffset="3204" SrcFileId="3" StartOffset="2974"/>
</LocList>
<StmntSeq Intrnl_Id="150">
<LocList>
<Loc EndOffset="3184" SrcFileId="3" StartOffset="3024"/>
<Loc EndOffset="3200" SrcFileId="3" StartOffset="3188"/>
</LocList>
<CondStmnt CovItemId="S41" CovItemPrefix="csse376_puerto_rico.Player.java" Intrnl_Id="151">
<Branch CovItemId="B1" CovItemPrefix="csse376_puerto_rico.Player.java" Implct="false" Intrnl_Id="152">
<Cond/>
<LocList>
<Loc EndOffset="3184" SrcFileId="3" StartOffset="3078"/>
</LocList>
<StmntSeq Intrnl_Id="153">
<LocList>
<Loc EndOffset="3179" SrcFileId="3" StartOffset="3084"/>
</LocList>
<LoopStmnt CovItemId="S42" CovItemPrefix="csse376_puerto_rico.Player.java" Intrnl_Id="154" MltplExecId="L4-2" MltplExecPrefix="csse376_puerto_rico.Player.java" NvrExecId="L4-0" NvrExecPrefix="csse376_puerto_rico.Player.java" OnceExecutedId="L4-1" OnceExecutedPrefix="csse376_puerto_rico.Player.java" OptBodyExec="true">
<StmntSeq Intrnl_Id="155">
<LocList>
<Loc EndOffset="3173" SrcFileId="3" StartOffset="3125"/>
</LocList>
<CondStmnt CovItemId="S43" CovItemPrefix="csse376_puerto_rico.Player.java" Intrnl_Id="156">
<Branch CovItemId="B3" CovItemPrefix="csse376_puerto_rico.Player.java" Implct="false" Intrnl_Id="157">
<Cond/>
<LocList>
<Loc EndOffset="3173" SrcFileId="3" StartOffset="3149"/>
</LocList>
<StmntSeq Intrnl_Id="158">
<LocList>
<Loc EndOffset="3166" SrcFileId="3" StartOffset="3157"/>
</LocList>
<BasicStmnt CovItemId="S44" CovItemPrefix="csse376_puerto_rico.Player.java" Intrnl_Id="159">
<LocList>
<Loc EndOffset="3166" SrcFileId="3" StartOffset="3157"/>
</LocList>
</BasicStmnt>
</StmntSeq>
</Branch>
<Branch CovItemId="B4" CovItemPrefix="csse376_puerto_rico.Player.java" Implct="true" Intrnl_Id="160">
<Cond/>
<LocList/>
<StmntSeq Intrnl_Id="161">
<LocList/>
</StmntSeq>
</Branch>
<Keyword EndOffset="3127" SrcFileId="3" StartOffset="3125"/>
<LocList>
<Loc EndOffset="3173" SrcFileId="3" StartOffset="3125"/>
</LocList>
<RootTerm CovItemId="C2" CovItemPrefix="csse376_puerto_rico.Player.java" Intrnl_Id="162">
<BasicBoolTerm Intrnl_Id="163">
<LocList>
<Loc EndOffset="3147" SrcFileId="3" StartOffset="3129"/>
</LocList>
</BasicBoolTerm>
</RootTerm>
</CondStmnt>
</StmntSeq>
<Keyword EndOffset="3087" SrcFileId="3" StartOffset="3084"/>
<LocList>
<Loc EndOffset="3179" SrcFileId="3" StartOffset="3084"/>
</LocList>
</LoopStmnt>
</StmntSeq>
</Branch>
<Branch CovItemId="B2" CovItemPrefix="csse376_puerto_rico.Player.java" Implct="true" Intrnl_Id="164">
<Cond/>
<LocList/>
<StmntSeq Intrnl_Id="165">
<LocList/>
</StmntSeq>
</Branch>
<Keyword EndOffset="3026" SrcFileId="3" StartOffset="3024"/>
<LocList>
<Loc EndOffset="3184" SrcFileId="3" StartOffset="3024"/>
</LocList>
<RootTerm CovItemId="C1" CovItemPrefix="csse376_puerto_rico.Player.java" Intrnl_Id="166">
<BasicBoolTerm Intrnl_Id="167">
<LocList>
<Loc EndOffset="3076" SrcFileId="3" StartOffset="3028"/>
</LocList>
</BasicBoolTerm>
</RootTerm>
</CondStmnt>
<BasicStmnt CovItemId="S45" CovItemPrefix="csse376_puerto_rico.Player.java" Intrnl_Id="168">
<LocList>
<Loc EndOffset="3200" SrcFileId="3" StartOffset="3188"/>
</LocList>
</BasicStmnt>
</StmntSeq>
</HierarchyLvl>
<HierarchyLvl HierarchyLvlId="3690" HierarchyLvlTypeId="16" Intrnl_Id="169" Name="getOccupiedBuildings">
<Header>
<Loc EndOffset="3258" SrcFileId="3" StartOffset="3209"/>
</Header>
<LocList>
<Loc EndOffset="3482" SrcFileId="3" StartOffset="3209"/>
</LocList>
<StmntSeq Intrnl_Id="170">
<LocList>
<Loc EndOffset="3325" SrcFileId="3" StartOffset="3264"/>
<Loc EndOffset="3454" SrcFileId="3" StartOffset="3329"/>
<Loc EndOffset="3478" SrcFileId="3" StartOffset="3458"/>
</LocList>
<BasicStmnt CovItemId="S46" CovItemPrefix="csse376_puerto_rico.Player.java" Intrnl_Id="171">
<LocList>
<Loc EndOffset="3325" SrcFileId="3" StartOffset="3264"/>
</LocList>
</BasicStmnt>
<LoopStmnt CovItemId="S47" CovItemPrefix="csse376_puerto_rico.Player.java" Intrnl_Id="172" MltplExecId="L5-2" MltplExecPrefix="csse376_puerto_rico.Player.java" NvrExecId="L5-0" NvrExecPrefix="csse376_puerto_rico.Player.java" OnceExecutedId="L5-1" OnceExecutedPrefix="csse376_puerto_rico.Player.java" OptBodyExec="true">
<StmntSeq Intrnl_Id="173">
<LocList>
<Loc EndOffset="3449" SrcFileId="3" StartOffset="3369"/>
</LocList>
<CondStmnt CovItemId="S48" CovItemPrefix="csse376_puerto_rico.Player.java" Intrnl_Id="174">
<Branch CovItemId="B5" CovItemPrefix="csse376_puerto_rico.Player.java" Implct="false" Intrnl_Id="175">
<Cond/>
<LocList>
<Loc EndOffset="3449" SrcFileId="3" StartOffset="3416"/>
</LocList>
<StmntSeq Intrnl_Id="176">
<LocList>
<Loc EndOffset="3443" SrcFileId="3" StartOffset="3423"/>
</LocList>
<BasicStmnt CovItemId="S49" CovItemPrefix="csse376_puerto_rico.Player.java" Intrnl_Id="177">
<LocList>
<Loc EndOffset="3443" SrcFileId="3" StartOffset="3423"/>
</LocList>
</BasicStmnt>
</StmntSeq>
</Branch>
<Branch CovItemId="B6" CovItemPrefix="csse376_puerto_rico.Player.java" Implct="true" Intrnl_Id="178">
<Cond/>
<LocList/>
<StmntSeq Intrnl_Id="179">
<LocList/>
</StmntSeq>
</Branch>
<Keyword EndOffset="3371" SrcFileId="3" StartOffset="3369"/>
<LocList>
<Loc EndOffset="3449" SrcFileId="3" StartOffset="3369"/>
</LocList>
<RootTerm CovItemId="C3" CovItemPrefix="csse376_puerto_rico.Player.java" Intrnl_Id="180">
<BasicBoolTerm Intrnl_Id="181">
<LocList>
<Loc EndOffset="3414" SrcFileId="3" StartOffset="3373"/>
</LocList>
</BasicBoolTerm>
</RootTerm>
</CondStmnt>
</StmntSeq>
<Keyword EndOffset="3332" SrcFileId="3" StartOffset="3329"/>
<LocList>
<Loc EndOffset="3454" SrcFileId="3" StartOffset="3329"/>
</LocList>
</LoopStmnt>
<BasicStmnt CovItemId="S50" CovItemPrefix="csse376_puerto_rico.Player.java" Intrnl_Id="182">
<LocList>
<Loc EndOffset="3478" SrcFileId="3" StartOffset="3458"/>
</LocList>
</BasicStmnt>
</StmntSeq>
</HierarchyLvl>
<HierarchyLvl HierarchyLvlId="3691" HierarchyLvlTypeId="16" Intrnl_Id="183" Name="getOccupiedBuildingsStringList">
<Header>
<Loc EndOffset="3544" SrcFileId="3" StartOffset="3487"/>
</Header>
<LocList>
<Loc EndOffset="3695" SrcFileId="3" StartOffset="3487"/>
</LocList>
<StmntSeq Intrnl_Id="184">
<LocList>
<Loc EndOffset="3598" SrcFileId="3" StartOffset="3550"/>
<Loc EndOffset="3676" SrcFileId="3" StartOffset="3602"/>
<Loc EndOffset="3691" SrcFileId="3" StartOffset="3680"/>
</LocList>
<BasicStmnt CovItemId="S51" CovItemPrefix="csse376_puerto_rico.Player.java" Intrnl_Id="185">
<LocList>
<Loc EndOffset="3598" SrcFileId="3" StartOffset="3550"/>
</LocList>
</BasicStmnt>
<LoopStmnt CovItemId="S52" CovItemPrefix="csse376_puerto_rico.Player.java" Intrnl_Id="186" MltplExecId="L6-2" MltplExecPrefix="csse376_puerto_rico.Player.java" NvrExecId="L6-0" NvrExecPrefix="csse376_puerto_rico.Player.java" OnceExecutedId="L6-1" OnceExecutedPrefix="csse376_puerto_rico.Player.java" OptBodyExec="true">
<StmntSeq Intrnl_Id="187">
<LocList>
<Loc EndOffset="3671" SrcFileId="3" StartOffset="3655"/>
</LocList>
<BasicStmnt CovItemId="S53" CovItemPrefix="csse376_puerto_rico.Player.java" Intrnl_Id="188">
<LocList>
<Loc EndOffset="3671" SrcFileId="3" StartOffset="3655"/>
</LocList>
</BasicStmnt>
</StmntSeq>
<Keyword EndOffset="3605" SrcFileId="3" StartOffset="3602"/>
<LocList>
<Loc EndOffset="3676" SrcFileId="3" StartOffset="3602"/>
</LocList>
</LoopStmnt>
<BasicStmnt CovItemId="S54" CovItemPrefix="csse376_puerto_rico.Player.java" Intrnl_Id="189">
<LocList>
<Loc EndOffset="3691" SrcFileId="3" StartOffset="3680"/>
</LocList>
</BasicStmnt>
</StmntSeq>
</HierarchyLvl>
<HierarchyLvl HierarchyLvlId="3692" HierarchyLvlTypeId="16" Intrnl_Id="190" Name="getGoods">
<Header>
<Loc EndOffset="3730" SrcFileId="3" StartOffset="3700"/>
</Header>
<LocList>
<Loc EndOffset="4276" SrcFileId="3" StartOffset="3700"/>
</LocList>
<StmntSeq Intrnl_Id="191">
<LocList>
<Loc EndOffset="3785" SrcFileId="3" StartOffset="3742"/>
<Loc EndOffset="3869" SrcFileId="3" StartOffset="3789"/>
<Loc EndOffset="3956" SrcFileId="3" StartOffset="3873"/>
<Loc EndOffset="4029" SrcFileId="3" StartOffset="3960"/>
<Loc EndOffset="4105" SrcFileId="3" StartOffset="4033"/>
<Loc EndOffset="4189" SrcFileId="3" StartOffset="4109"/>
<Loc EndOffset="4257" SrcFileId="3" StartOffset="4193"/>
<Loc EndOffset="4272" SrcFileId="3" StartOffset="4261"/>
</LocList>
<BasicStmnt CovItemId="S55" CovItemPrefix="csse376_puerto_rico.Player.java" Intrnl_Id="192">
<LocList>
<Loc EndOffset="3785" SrcFileId="3" StartOffset="3742"/>
</LocList>
</BasicStmnt>
<BasicStmnt CovItemId="S56" CovItemPrefix="csse376_puerto_rico.Player.java" Intrnl_Id="193">
<LocList>
<Loc EndOffset="3869" SrcFileId="3" StartOffset="3789"/>
</LocList>
</BasicStmnt>
<BasicStmnt CovItemId="S57" CovItemPrefix="csse376_puerto_rico.Player.java" Intrnl_Id="194">
<LocList>
<Loc EndOffset="3956" SrcFileId="3" StartOffset="3873"/>
</LocList>
</BasicStmnt>
<BasicStmnt CovItemId="S58" CovItemPrefix="csse376_puerto_rico.Player.java" Intrnl_Id="195">
<LocList>
<Loc EndOffset="4029" SrcFileId="3" StartOffset="3960"/>
</LocList>
</BasicStmnt>
<BasicStmnt CovItemId="S59" CovItemPrefix="csse376_puerto_rico.Player.java" Intrnl_Id="196">
<LocList>
<Loc EndOffset="4105" SrcFileId="3" StartOffset="4033"/>
</LocList>
</BasicStmnt>
<BasicStmnt CovItemId="S60" CovItemPrefix="csse376_puerto_rico.Player.java" Intrnl_Id="197">
<LocList>
<Loc EndOffset="4189" SrcFileId="3" StartOffset="4109"/>
</LocList>
</BasicStmnt>
<BasicStmnt CovItemId="S61" CovItemPrefix="csse376_puerto_rico.Player.java" Intrnl_Id="198">
<LocList>
<Loc EndOffset="4257" SrcFileId="3" StartOffset="4193"/>
</LocList>
</BasicStmnt>
<BasicStmnt CovItemId="S62" CovItemPrefix="csse376_puerto_rico.Player.java" Intrnl_Id="199">
<LocList>
<Loc EndOffset="4272" SrcFileId="3" StartOffset="4261"/>
</LocList>
</BasicStmnt>
</StmntSeq>
</HierarchyLvl>
<HierarchyLvl HierarchyLvlId="3693" HierarchyLvlTypeId="16" Intrnl_Id="200" Name="getNumberOfGood">
<Header>
<Loc EndOffset="4320" SrcFileId="3" StartOffset="4281"/>
</Header>
<LocList>
<Loc EndOffset="4461" SrcFileId="3" StartOffset="4281"/>
</LocList>
<StmntSeq Intrnl_Id="201">
<LocList>
<Loc EndOffset="4423" SrcFileId="3" StartOffset="4369"/>
<Loc EndOffset="4455" SrcFileId="3" StartOffset="4427"/>
</LocList>
<CondStmnt CovItemId="S63" CovItemPrefix="csse376_puerto_rico.Player.java" Intrnl_Id="202">
<Branch CovItemId="B7" CovItemPrefix="csse376_puerto_rico.Player.java" Implct="false" Intrnl_Id="203">
<Cond/>
<LocList>
<Loc EndOffset="4423" SrcFileId="3" StartOffset="4403"/>
</LocList>
<StmntSeq Intrnl_Id="204">
<LocList>
<Loc EndOffset="4418" SrcFileId="3" StartOffset="4409"/>
</LocList>
<BasicStmnt CovItemId="S64" CovItemPrefix="csse376_puerto_rico.Player.java" Intrnl_Id="205">
<LocList>
<Loc EndOffset="4418" SrcFileId="3" StartOffset="4409"/>
</LocList>
</BasicStmnt>
</StmntSeq>
</Branch>
<Branch CovItemId="B8" CovItemPrefix="csse376_puerto_rico.Player.java" Implct="true" Intrnl_Id="206">
<Cond/>
<LocList/>
<StmntSeq Intrnl_Id="207">
<LocList/>
</StmntSeq>
</Branch>
<Keyword EndOffset="4371" SrcFileId="3" StartOffset="4369"/>
<LocList>
<Loc EndOffset="4423" SrcFileId="3" StartOffset="4369"/>
</LocList>
<RootTerm CovItemId="C4" CovItemPrefix="csse376_puerto_rico.Player.java" Intrnl_Id="208">
<BasicBoolTerm Intrnl_Id="209">
<LocList>
<Loc EndOffset="4401" SrcFileId="3" StartOffset="4373"/>
</LocList>
</BasicBoolTerm>
</RootTerm>
</CondStmnt>
<BasicStmnt CovItemId="S65" CovItemPrefix="csse376_puerto_rico.Player.java" Intrnl_Id="210">
<LocList>
<Loc EndOffset="4455" SrcFileId="3" StartOffset="4427"/>
</LocList>
</BasicStmnt>
</StmntSeq>
</HierarchyLvl>
<HierarchyLvl HierarchyLvlId="3694" HierarchyLvlTypeId="16" Intrnl_Id="211" Name="getAllGoods">
<Header>
<Loc EndOffset="4499" SrcFileId="3" StartOffset="4466"/>
</Header>
<LocList>
<Loc EndOffset="4665" SrcFileId="3" StartOffset="4466"/>
</LocList>
<StmntSeq Intrnl_Id="212">
<LocList>
<Loc EndOffset="4548" SrcFileId="3" StartOffset="4505"/>
<Loc EndOffset="4646" SrcFileId="3" StartOffset="4552"/>
<Loc EndOffset="4661" SrcFileId="3" StartOffset="4650"/>
</LocList>
<BasicStmnt CovItemId="S66" CovItemPrefix="csse376_puerto_rico.Player.java" Intrnl_Id="213">
<LocList>
<Loc EndOffset="4548" SrcFileId="3" StartOffset="4505"/>
</LocList>
</BasicStmnt>
<BasicStmnt CovItemId="S67" CovItemPrefix="csse376_puerto_rico.Player.java" Intrnl_Id="214">
<LocList>
<Loc EndOffset="4646" SrcFileId="3" StartOffset="4552"/>
</LocList>
</BasicStmnt>
<BasicStmnt CovItemId="S68" CovItemPrefix="csse376_puerto_rico.Player.java" Intrnl_Id="215">
<LocList>
<Loc EndOffset="4661" SrcFileId="3" StartOffset="4650"/>
</LocList>
</BasicStmnt>
</StmntSeq>
</HierarchyLvl>
<HierarchyLvl HierarchyLvlId="3695" HierarchyLvlTypeId="16" Intrnl_Id="216" Name="addGood">
<Header>
<Loc EndOffset="4714" SrcFileId="3" StartOffset="4670"/>
</Header>
<LocList>
<Loc EndOffset="4814" SrcFileId="3" StartOffset="4670"/>
</LocList>
<StmntSeq Intrnl_Id="217">
<LocList>
<Loc EndOffset="4810" SrcFileId="3" StartOffset="4758"/>
</LocList>
<BasicStmnt CovItemId="S69" CovItemPrefix="csse376_puerto_rico.Player.java" Intrnl_Id="218">
<LocList>
<Loc EndOffset="4810" SrcFileId="3" StartOffset="4758"/>
</LocList>
</BasicStmnt>
</StmntSeq>
</HierarchyLvl>
<HierarchyLvl HierarchyLvlId="3696" HierarchyLvlTypeId="16" Intrnl_Id="219" Name="toString">
<Header>
<Loc EndOffset="4855" SrcFileId="3" StartOffset="4819"/>
</Header>
<LocList>
<Loc EndOffset="5753" SrcFileId="3" StartOffset="4819"/>
</LocList>
<StmntSeq Intrnl_Id="220">
<LocList>
<Loc EndOffset="4877" SrcFileId="3" StartOffset="4861"/>
<Loc EndOffset="4906" SrcFileId="3" StartOffset="4881"/>
<Loc EndOffset="4956" SrcFileId="3" StartOffset="4910"/>
<Loc EndOffset="4987" SrcFileId="3" StartOffset="4960"/>
<Loc EndOffset="5113" SrcFileId="3" StartOffset="4991"/>
<Loc EndOffset="5253" SrcFileId="3" StartOffset="5117"/>
<Loc EndOffset="5734" SrcFileId="3" StartOffset="5257"/>
<Loc EndOffset="5749" SrcFileId="3" StartOffset="5738"/>
</LocList>
<BasicStmnt CovItemId="S70" CovItemPrefix="csse376_puerto_rico.Player.java" Intrnl_Id="221">
<LocList>
<Loc EndOffset="4877" SrcFileId="3" StartOffset="4861"/>
</LocList>
</BasicStmnt>
<BasicStmnt CovItemId="S71" CovItemPrefix="csse376_puerto_rico.Player.java" Intrnl_Id="222">
<LocList>
<Loc EndOffset="4906" SrcFileId="3" StartOffset="4881"/>
</LocList>
</BasicStmnt>
<BasicStmnt CovItemId="S72" CovItemPrefix="csse376_puerto_rico.Player.java" Intrnl_Id="223">
<LocList>
<Loc EndOffset="4956" SrcFileId="3" StartOffset="4910"/>
</LocList>
</BasicStmnt>
<BasicStmnt CovItemId="S73" CovItemPrefix="csse376_puerto_rico.Player.java" Intrnl_Id="224">
<LocList>
<Loc EndOffset="4987" SrcFileId="3" StartOffset="4960"/>
</LocList>
</BasicStmnt>
<LoopStmnt CovItemId="S74" CovItemPrefix="csse376_puerto_rico.Player.java" Intrnl_Id="225" MltplExecId="L7-2" MltplExecPrefix="csse376_puerto_rico.Player.java" NvrExecId="L7-0" NvrExecPrefix="csse376_puerto_rico.Player.java" OnceExecutedId="L7-1" OnceExecutedPrefix="csse376_puerto_rico.Player.java" OptBodyExec="true">
<StmntSeq Intrnl_Id="226">
<LocList>
<Loc EndOffset="5108" SrcFileId="3" StartOffset="5045"/>
</LocList>
<BasicStmnt CovItemId="S75" CovItemPrefix="csse376_puerto_rico.Player.java" Intrnl_Id="227">
<LocList>
<Loc EndOffset="5108" SrcFileId="3" StartOffset="5045"/>
</LocList>
</BasicStmnt>
</StmntSeq>
<Keyword EndOffset="4994" SrcFileId="3" StartOffset="4991"/>
<LocList>
<Loc EndOffset="5113" SrcFileId="3" StartOffset="4991"/>
</LocList>
<RootTerm CovItemId="C5" CovItemPrefix="csse376_puerto_rico.Player.java" Intrnl_Id="228">
<BasicBoolTerm Intrnl_Id="229">
<LocList>
<Loc EndOffset="5032" SrcFileId="3" StartOffset="5007"/>
</LocList>
</BasicBoolTerm>
</RootTerm>
</LoopStmnt>
<LoopStmnt CovItemId="S76" CovItemPrefix="csse376_puerto_rico.Player.java" Intrnl_Id="230" MltplExecId="L8-2" MltplExecPrefix="csse376_puerto_rico.Player.java" NvrExecId="L8-0" NvrExecPrefix="csse376_puerto_rico.Player.java" OnceExecutedId="L8-1" OnceExecutedPrefix="csse376_puerto_rico.Player.java" OptBodyExec="true">
<StmntSeq Intrnl_Id="231">
<LocList>
<Loc EndOffset="5248" SrcFileId="3" StartOffset="5173"/>
</LocList>
<BasicStmnt CovItemId="S77" CovItemPrefix="csse376_puerto_rico.Player.java" Intrnl_Id="232">
<LocList>
<Loc EndOffset="5248" SrcFileId="3" StartOffset="5173"/>
</LocList>
</BasicStmnt>
</StmntSeq>
<Keyword EndOffset="5120" SrcFileId="3" StartOffset="5117"/>
<LocList>
<Loc EndOffset="5253" SrcFileId="3" StartOffset="5117"/>
</LocList>
<RootTerm CovItemId="C6" CovItemPrefix="csse376_puerto_rico.Player.java" Intrnl_Id="233">
<BasicBoolTerm Intrnl_Id="234">
<LocList>
<Loc EndOffset="5160" SrcFileId="3" StartOffset="5133"/>
</LocList>
</BasicBoolTerm>
</RootTerm>
</LoopStmnt>
<CondStmnt CovItemId="S78" CovItemPrefix="csse376_puerto_rico.Player.java" Intrnl_Id="235">
<Branch CovItemId="B9" CovItemPrefix="csse376_puerto_rico.Player.java" Implct="false" Intrnl_Id="236">
<Cond/>
<LocList>
<Loc EndOffset="5506" SrcFileId="3" StartOffset="5273"/>
</LocList>
<StmntSeq Intrnl_Id="237">
<LocList>
<Loc EndOffset="5501" SrcFileId="3" StartOffset="5279"/>
</LocList>
<BasicStmnt CovItemId="S79" CovItemPrefix="csse376_puerto_rico.Player.java" Intrnl_Id="238">
<LocList>
<Loc EndOffset="5501" SrcFileId="3" StartOffset="5279"/>
</LocList>
</BasicStmnt>
</StmntSeq>
</Branch>
<Branch CovItemId="B10" CovItemPrefix="csse376_puerto_rico.Player.java" Implct="false" Intrnl_Id="239">
<Cond>
<Loc EndOffset="5511" SrcFileId="3" StartOffset="5507"/>
</Cond>
<LocList>
<Loc EndOffset="5734" SrcFileId="3" StartOffset="5512"/>
</LocList>
<StmntSeq Intrnl_Id="240">
<LocList>
<Loc EndOffset="5729" SrcFileId="3" StartOffset="5518"/>
</LocList>
<BasicStmnt CovItemId="S80" CovItemPrefix="csse376_puerto_rico.Player.java" Intrnl_Id="241">
<LocList>
<Loc EndOffset="5729" SrcFileId="3" StartOffset="5518"/>
</LocList>
</BasicStmnt>
</StmntSeq>
</Branch>
<Keyword EndOffset="5259" SrcFileId="3" StartOffset="5257"/>
<LocList>
<Loc EndOffset="5734" SrcFileId="3" StartOffset="5257"/>
</LocList>
<RootTerm CovItemId="C7" CovItemPrefix="csse376_puerto_rico.Player.java" Intrnl_Id="242">
<BasicBoolTerm Intrnl_Id="243">
<LocList>
<Loc EndOffset="5271" SrcFileId="3" StartOffset="5261"/>
</LocList>
</BasicBoolTerm>
</RootTerm>
</CondStmnt>
<BasicStmnt CovItemId="S81" CovItemPrefix="csse376_puerto_rico.Player.java" Intrnl_Id="244">
<LocList>
<Loc EndOffset="5749" SrcFileId="3" StartOffset="5738"/>
</LocList>
</BasicStmnt>
</StmntSeq>
</HierarchyLvl>
<HierarchyLvl HierarchyLvlId="3697" HierarchyLvlTypeId="16" Intrnl_Id="245" Name="updatePlayerInfo">
<Header>
<Loc EndOffset="5788" SrcFileId="3" StartOffset="5758"/>
</Header>
<LocList>
<Loc EndOffset="5832" SrcFileId="3" StartOffset="5758"/>
</LocList>
<StmntSeq Intrnl_Id="246">
<LocList>
<Loc EndOffset="5828" SrcFileId="3" StartOffset="5794"/>
</LocList>
<BasicStmnt CovItemId="S82" CovItemPrefix="csse376_puerto_rico.Player.java" Intrnl_Id="247">
<LocList>
<Loc EndOffset="5828" SrcFileId="3" StartOffset="5794"/>
</LocList>
</BasicStmnt>
</StmntSeq>
</HierarchyLvl>
<HierarchyLvl HierarchyLvlId="3698" HierarchyLvlTypeId="16" Intrnl_Id="248" Name="getPlantations">
<Header>
<Loc EndOffset="5882" SrcFileId="3" StartOffset="5837"/>
</Header>
<LocList>
<Loc EndOffset="5916" SrcFileId="3" StartOffset="5837"/>
</LocList>
<StmntSeq Intrnl_Id="249">
<LocList>
<Loc EndOffset="5912" SrcFileId="3" StartOffset="5888"/>
</LocList>
<BasicStmnt CovItemId="S83" CovItemPrefix="csse376_puerto_rico.Player.java" Intrnl_Id="250">
<LocList>
<Loc EndOffset="5912" SrcFileId="3" StartOffset="5888"/>
</LocList>
</BasicStmnt>
</StmntSeq>
</HierarchyLvl>
<HierarchyLvl HierarchyLvlId="3699" HierarchyLvlTypeId="16" Intrnl_Id="251" Name="addPlantations">
<Header>
<Loc EndOffset="5963" SrcFileId="3" StartOffset="5921"/>
</Header>
<LocList>
<Loc EndOffset="5999" SrcFileId="3" StartOffset="5921"/>
</LocList>
<StmntSeq Intrnl_Id="252">
<LocList>
<Loc EndOffset="5995" SrcFileId="3" StartOffset="5969"/>
</LocList>
<BasicStmnt CovItemId="S84" CovItemPrefix="csse376_puerto_rico.Player.java" Intrnl_Id="253">
<LocList>
<Loc EndOffset="5995" SrcFileId="3" StartOffset="5969"/>
</LocList>
</BasicStmnt>
</StmntSeq>
</HierarchyLvl>
<HierarchyLvl HierarchyLvlId="3700" HierarchyLvlTypeId="16" Intrnl_Id="254" Name="getPlantationsStringList">
<Header>
<Loc EndOffset="6055" SrcFileId="3" StartOffset="6004"/>
</Header>
<LocList>
<Loc EndOffset="6197" SrcFileId="3" StartOffset="6004"/>
</LocList>
<StmntSeq Intrnl_Id="255">
<LocList>
<Loc EndOffset="6109" SrcFileId="3" StartOffset="6061"/>
<Loc EndOffset="6178" SrcFileId="3" StartOffset="6113"/>
<Loc EndOffset="6193" SrcFileId="3" StartOffset="6182"/>
</LocList>
<BasicStmnt CovItemId="S85" CovItemPrefix="csse376_puerto_rico.Player.java" Intrnl_Id="256">
<LocList>
<Loc EndOffset="6109" SrcFileId="3" StartOffset="6061"/>
</LocList>
</BasicStmnt>
<LoopStmnt CovItemId="S86" CovItemPrefix="csse376_puerto_rico.Player.java" Intrnl_Id="257" MltplExecId="L9-2" MltplExecPrefix="csse376_puerto_rico.Player.java" NvrExecId="L9-0" NvrExecPrefix="csse376_puerto_rico.Player.java" OnceExecutedId="L9-1" OnceExecutedPrefix="csse376_puerto_rico.Player.java" OptBodyExec="true">
<StmntSeq Intrnl_Id="258">
<LocList>
<Loc EndOffset="6173" SrcFileId="3" StartOffset="6157"/>
</LocList>
<BasicStmnt CovItemId="S87" CovItemPrefix="csse376_puerto_rico.Player.java" Intrnl_Id="259">
<LocList>
<Loc EndOffset="6173" SrcFileId="3" StartOffset="6157"/>
</LocList>
</BasicStmnt>
</StmntSeq>
<Keyword EndOffset="6116" SrcFileId="3" StartOffset="6113"/>
<LocList>
<Loc EndOffset="6178" SrcFileId="3" StartOffset="6113"/>
</LocList>
</LoopStmnt>
<BasicStmnt CovItemId="S88" CovItemPrefix="csse376_puerto_rico.Player.java" Intrnl_Id="260">
<LocList>
<Loc EndOffset="6193" SrcFileId="3" StartOffset="6182"/>
</LocList>
</BasicStmnt>
</StmntSeq>
</HierarchyLvl>
<HierarchyLvl HierarchyLvlId="3701" HierarchyLvlTypeId="16" Intrnl_Id="261" Name="checkPlantation">
<Header>
<Loc EndOffset="6354" SrcFileId="3" StartOffset="6325"/>
</Header>
<LocList>
<Loc EndOffset="6499" SrcFileId="3" StartOffset="6325"/>
</LocList>
<StmntSeq Intrnl_Id="262">
<LocList>
<Loc EndOffset="6495" SrcFileId="3" StartOffset="6360"/>
</LocList>
<LoopStmnt CovItemId="S89" CovItemPrefix="csse376_puerto_rico.Player.java" Intrnl_Id="263" MltplExecId="L10-2" MltplExecPrefix="csse376_puerto_rico.Player.java" NvrExecId="L10-0" NvrExecPrefix="csse376_puerto_rico.Player.java" OnceExecutedId="L10-1" OnceExecutedPrefix="csse376_puerto_rico.Player.java" OptBodyExec="true">
<StmntSeq Intrnl_Id="264">
<LocList>
<Loc EndOffset="6490" SrcFileId="3" StartOffset="6404"/>
</LocList>
<CondStmnt CovItemId="S90" CovItemPrefix="csse376_puerto_rico.Player.java" Intrnl_Id="265">
<Branch CovItemId="B11" CovItemPrefix="csse376_puerto_rico.Player.java" Implct="false" Intrnl_Id="266">
<Cond/>
<LocList>
<Loc EndOffset="6490" SrcFileId="3" StartOffset="6421"/>
</LocList>
<StmntSeq Intrnl_Id="267">
<LocList>
<Loc EndOffset="6484" SrcFileId="3" StartOffset="6460"/>
</LocList>
<BasicStmnt CovItemId="S91" CovItemPrefix="csse376_puerto_rico.Player.java" Intrnl_Id="268">
<LocList>
<Loc EndOffset="6484" SrcFileId="3" StartOffset="6460"/>
</LocList>
</BasicStmnt>
</StmntSeq>
</Branch>
<Branch CovItemId="B12" CovItemPrefix="csse376_puerto_rico.Player.java" Implct="true" Intrnl_Id="269">
<Cond/>
<LocList/>
<StmntSeq Intrnl_Id="270">
<LocList/>
</StmntSeq>
</Branch>
<Keyword EndOffset="6406" SrcFileId="3" StartOffset="6404"/>
<LocList>
<Loc EndOffset="6490" SrcFileId="3" StartOffset="6404"/>
</LocList>
<RootTerm CovItemId="C8" CovItemPrefix="csse376_puerto_rico.Player.java" Intrnl_Id="271">
<BasicBoolTerm Intrnl_Id="272">
<LocList>
<Loc EndOffset="6419" SrcFileId="3" StartOffset="6408"/>
</LocList>
</BasicBoolTerm>
</RootTerm>
</CondStmnt>
</StmntSeq>
<Keyword EndOffset="6363" SrcFileId="3" StartOffset="6360"/>
<LocList>
<Loc EndOffset="6495" SrcFileId="3" StartOffset="6360"/>
</LocList>
</LoopStmnt>
</StmntSeq>
</HierarchyLvl>
<HierarchyLvl HierarchyLvlId="3702" HierarchyLvlTypeId="16" Intrnl_Id="273" Name="getDoubloons">
<Header>
<Loc EndOffset="6529" SrcFileId="3" StartOffset="6504"/>
</Header>
<LocList>
<Loc EndOffset="6561" SrcFileId="3" StartOffset="6504"/>
</LocList>
<StmntSeq Intrnl_Id="274">
<LocList>
<Loc EndOffset="6557" SrcFileId="3" StartOffset="6535"/>
</LocList>
<BasicStmnt CovItemId="S92" CovItemPrefix="csse376_puerto_rico.Player.java" Intrnl_Id="275">
<LocList>
<Loc EndOffset="6557" SrcFileId="3" StartOffset="6535"/>
</LocList>
</BasicStmnt>
</StmntSeq>
</HierarchyLvl>
<HierarchyLvl HierarchyLvlId="3703" HierarchyLvlTypeId="16" Intrnl_Id="276" Name="setDoubloons">
<Header>
<Loc EndOffset="6599" SrcFileId="3" StartOffset="6566"/>
</Header>
<LocList>
<Loc EndOffset="6630" SrcFileId="3" StartOffset="6566"/>
</LocList>
<StmntSeq Intrnl_Id="277">
<LocList>
<Loc EndOffset="6626" SrcFileId="3" StartOffset="6605"/>
</LocList>
<BasicStmnt CovItemId="S93" CovItemPrefix="csse376_puerto_rico.Player.java" Intrnl_Id="278">
<LocList>
<Loc EndOffset="6626" SrcFileId="3" StartOffset="6605"/>
</LocList>
</BasicStmnt>
</StmntSeq>
</HierarchyLvl>
<HierarchyLvl HierarchyLvlId="3704" HierarchyLvlTypeId="16" Intrnl_Id="279" Name="sellGood">
<Header>
<Loc EndOffset="6672" SrcFileId="3" StartOffset="6635"/>
</Header>
<LocList>
<Loc EndOffset="6725" SrcFileId="3" StartOffset="6635"/>
</LocList>
<StmntSeq Intrnl_Id="280">
<LocList>
<Loc EndOffset="6719" SrcFileId="3" StartOffset="6678"/>
</LocList>
<BasicStmnt CovItemId="S94" CovItemPrefix="csse376_puerto_rico.Player.java" Intrnl_Id="281">
<LocList>
<Loc EndOffset="6719" SrcFileId="3" StartOffset="6678"/>
</LocList>
</BasicStmnt>
</StmntSeq>
</HierarchyLvl>
</HierarchyLvl>
<HierarchyLvl HierarchyLvlId="3707" HierarchyLvlTypeId="15" Intrnl_Id="282" Name="MenuGUI">
<Header>
<Loc EndOffset="297" SrcFileId="4" StartOffset="277"/>
</Header>
<LocList>
<Loc EndOffset="1547" SrcFileId="4" StartOffset="277"/>
</LocList>
<StmntSeq Intrnl_Id="283">
<LocList>
<Loc EndOffset="372" SrcFileId="4" StartOffset="340"/>
</LocList>
<BasicStmnt CovItemId="S1" CovItemPrefix="csse376_puerto_rico.MenuGUI.java" Intrnl_Id="284">
<LocList>
<Loc EndOffset="372" SrcFileId="4" StartOffset="340"/>
</LocList>
</BasicStmnt>
</StmntSeq>
<HierarchyLvl HierarchyLvlId="3706" HierarchyLvlTypeId="16" Intrnl_Id="285" Name="MenuGUI">
<Header>
<Loc EndOffset="459" SrcFileId="4" StartOffset="443"/>
</Header>
<LocList>
<Loc EndOffset="1542" SrcFileId="4" StartOffset="443"/>
</LocList>
<StmntSeq Intrnl_Id="286">
<LocList>
<Loc EndOffset="513" SrcFileId="4" StartOffset="474"/>
<Loc EndOffset="560" SrcFileId="4" StartOffset="526"/>
<Loc EndOffset="605" SrcFileId="4" StartOffset="573"/>
<Loc EndOffset="680" SrcFileId="4" StartOffset="618"/>
<Loc EndOffset="882" SrcFileId="4" StartOffset="851"/>
<Loc EndOffset="929" SrcFileId="4" StartOffset="895"/>
<Loc EndOffset="996" SrcFileId="4" StartOffset="955"/>
<Loc EndOffset="1055" SrcFileId="4" StartOffset="1009"/>
<Loc EndOffset="1117" SrcFileId="4" StartOffset="1081"/>
<Loc EndOffset="1185" SrcFileId="4" StartOffset="1143"/>
<Loc EndOffset="1260" SrcFileId="4" StartOffset="1198"/>
<Loc EndOffset="1308" SrcFileId="4" StartOffset="1273"/>
<Loc EndOffset="1359" SrcFileId="4" StartOffset="1334"/>
<Loc EndOffset="1394" SrcFileId="4" StartOffset="1372"/>
<Loc EndOffset="1469" SrcFileId="4" StartOffset="1420"/>
<Loc EndOffset="1534" SrcFileId="4" StartOffset="1482"/>
</LocList>
<BasicStmnt CovItemId="S2" CovItemPrefix="csse376_puerto_rico.MenuGUI.java" Intrnl_Id="287">
<LocList>
<Loc EndOffset="513" SrcFileId="4" StartOffset="474"/>
</LocList>
</BasicStmnt>
<BasicStmnt CovItemId="S3" CovItemPrefix="csse376_puerto_rico.MenuGUI.java" Intrnl_Id="288">
<LocList>
<Loc EndOffset="560" SrcFileId="4" StartOffset="526"/>
</LocList>
</BasicStmnt>
<BasicStmnt CovItemId="S4" CovItemPrefix="csse376_puerto_rico.MenuGUI.java" Intrnl_Id="289">
<LocList>
<Loc EndOffset="605" SrcFileId="4" StartOffset="573"/>
</LocList>
</BasicStmnt>
<BasicStmnt CovItemId="S5" CovItemPrefix="csse376_puerto_rico.MenuGUI.java" Intrnl_Id="290">
<LocList>
<Loc EndOffset="680" SrcFileId="4" StartOffset="618"/>
</LocList>
</BasicStmnt>
<BasicStmnt CovItemId="S6" CovItemPrefix="csse376_puerto_rico.MenuGUI.java" Intrnl_Id="291">
<LocList>
<Loc EndOffset="882" SrcFileId="4" StartOffset="851"/>
</LocList>
</BasicStmnt>
<BasicStmnt CovItemId="S7" CovItemPrefix="csse376_puerto_rico.MenuGUI.java" Intrnl_Id="292">
<LocList>
<Loc EndOffset="929" SrcFileId="4" StartOffset="895"/>
</LocList>
</BasicStmnt>
<BasicStmnt CovItemId="S8" CovItemPrefix="csse376_puerto_rico.MenuGUI.java" Intrnl_Id="293">
<LocList>
<Loc EndOffset="996" SrcFileId="4" StartOffset="955"/>
</LocList>
</BasicStmnt>
<BasicStmnt CovItemId="S9" CovItemPrefix="csse376_puerto_rico.MenuGUI.java" Intrnl_Id="294">
<LocList>
<Loc EndOffset="1055" SrcFileId="4" StartOffset="1009"/>
</LocList>
</BasicStmnt>
<BasicStmnt CovItemId="S10" CovItemPrefix="csse376_puerto_rico.MenuGUI.java" Intrnl_Id="295">
<LocList>
<Loc EndOffset="1117" SrcFileId="4" StartOffset="1081"/>
</LocList>
</BasicStmnt>
<BasicStmnt CovItemId="S11" CovItemPrefix="csse376_puerto_rico.MenuGUI.java" Intrnl_Id="296">
<LocList>
<Loc EndOffset="1185" SrcFileId="4" StartOffset="1143"/>
</LocList>
</BasicStmnt>
<BasicStmnt CovItemId="S12" CovItemPrefix="csse376_puerto_rico.MenuGUI.java" Intrnl_Id="297">
<LocList>
<Loc EndOffset="1260" SrcFileId="4" StartOffset="1198"/>
</LocList>
</BasicStmnt>
<BasicStmnt CovItemId="S13" CovItemPrefix="csse376_puerto_rico.MenuGUI.java" Intrnl_Id="298">
<LocList>
<Loc EndOffset="1308" SrcFileId="4" StartOffset="1273"/>
</LocList>
</BasicStmnt>
<BasicStmnt CovItemId="S14" CovItemPrefix="csse376_puerto_rico.MenuGUI.java" Intrnl_Id="299">
<LocList>
<Loc EndOffset="1359" SrcFileId="4" StartOffset="1334"/>
</LocList>
</BasicStmnt>
<BasicStmnt CovItemId="S15" CovItemPrefix="csse376_puerto_rico.MenuGUI.java" Intrnl_Id="300">
<LocList>
<Loc EndOffset="1394" SrcFileId="4" StartOffset="1372"/>
</LocList>
</BasicStmnt>
<BasicStmnt CovItemId="S16" CovItemPrefix="csse376_puerto_rico.MenuGUI.java" Intrnl_Id="301">
<LocList>
<Loc EndOffset="1469" SrcFileId="4" StartOffset="1420"/>
</LocList>
</BasicStmnt>
<BasicStmnt CovItemId="S17" CovItemPrefix="csse376_puerto_rico.MenuGUI.java" Intrnl_Id="302">
<LocList>
<Loc EndOffset="1534" SrcFileId="4" StartOffset="1482"/>
</LocList>
</BasicStmnt>
</StmntSeq>
</HierarchyLvl>
</HierarchyLvl>
<HierarchyLvl HierarchyLvlId="3709" HierarchyLvlTypeId="15" Intrnl_Id="303" Name="Main">
<Header>
<Loc EndOffset="47" SrcFileId="5" StartOffset="30"/>
</Header>
<LocList>
<Loc EndOffset="149" SrcFileId="5" StartOffset="30"/>
</LocList>
<HierarchyLvl HierarchyLvlId="3708" HierarchyLvlTypeId="16" Intrnl_Id="304" Name="main">
<Header>
<Loc EndOffset="125" SrcFileId="5" StartOffset="87"/>
</Header>
<LocList>
<Loc EndOffset="147" SrcFileId="5" StartOffset="87"/>
</LocList>
<StmntSeq Intrnl_Id="305">
<LocList>
<Loc EndOffset="144" SrcFileId="5" StartOffset="130"/>
</LocList>
<BasicStmnt CovItemId="S1" CovItemPrefix="csse376_puerto_rico.Main.java" Intrnl_Id="306">
<LocList>
<Loc EndOffset="144" SrcFileId="5" StartOffset="130"/>
</LocList>
</BasicStmnt>
</StmntSeq>
</HierarchyLvl>
</HierarchyLvl>
<HierarchyLvl HierarchyLvlId="3723" HierarchyLvlTypeId="15" Intrnl_Id="307" Name="GameState">
<Header>
<Loc EndOffset="226" SrcFileId="6" StartOffset="204"/>
</Header>
<LocList>
<Loc EndOffset="6476" SrcFileId="6" StartOffset="204"/>
</LocList>
<StmntSeq Intrnl_Id="308">
<LocList>
<Loc EndOffset="305" SrcFileId="6" StartOffset="233"/>
<Loc EndOffset="394" SrcFileId="6" StartOffset="368"/>
<Loc EndOffset="431" SrcFileId="6" StartOffset="397"/>
<Loc EndOffset="460" SrcFileId="6" StartOffset="434"/>
<Loc EndOffset="497" SrcFileId="6" StartOffset="463"/>
<Loc EndOffset="526" SrcFileId="6" StartOffset="500"/>
<Loc EndOffset="563" SrcFileId="6" StartOffset="529"/>
<Loc EndOffset="604" SrcFileId="6" StartOffset="566"/>
<Loc EndOffset="856" SrcFileId="6" StartOffset="820"/>
</LocList>
<BasicStmnt CovItemId="S1" CovItemPrefix="csse376_puerto_rico.GameState.java" Intrnl_Id="309">
<LocList>
<Loc EndOffset="305" SrcFileId="6" StartOffset="233"/>
</LocList>
</BasicStmnt>
<BasicStmnt CovItemId="S2" CovItemPrefix="csse376_puerto_rico.GameState.java" Intrnl_Id="310">
<LocList>
<Loc EndOffset="394" SrcFileId="6" StartOffset="368"/>
</LocList>
</BasicStmnt>
<BasicStmnt CovItemId="S3" CovItemPrefix="csse376_puerto_rico.GameState.java" Intrnl_Id="311">
<LocList>
<Loc EndOffset="431" SrcFileId="6" StartOffset="397"/>
</LocList>
</BasicStmnt>
<BasicStmnt CovItemId="S4" CovItemPrefix="csse376_puerto_rico.GameState.java" Intrnl_Id="312">
<LocList>
<Loc EndOffset="460" SrcFileId="6" StartOffset="434"/>
</LocList>
</BasicStmnt>
<BasicStmnt CovItemId="S5" CovItemPrefix="csse376_puerto_rico.GameState.java" Intrnl_Id="313">
<LocList>
<Loc EndOffset="497" SrcFileId="6" StartOffset="463"/>
</LocList>
</BasicStmnt>
<BasicStmnt CovItemId="S6" CovItemPrefix="csse376_puerto_rico.GameState.java" Intrnl_Id="314">
<LocList>
<Loc EndOffset="526" SrcFileId="6" StartOffset="500"/>
</LocList>
</BasicStmnt>
<BasicStmnt CovItemId="S7" CovItemPrefix="csse376_puerto_rico.GameState.java" Intrnl_Id="315">
<LocList>
<Loc EndOffset="563" SrcFileId="6" StartOffset="529"/>
</LocList>
</BasicStmnt>
<BasicStmnt CovItemId="S8" CovItemPrefix="csse376_puerto_rico.GameState.java" Intrnl_Id="316">
<LocList>
<Loc EndOffset="604" SrcFileId="6" StartOffset="566"/>
</LocList>
</BasicStmnt>
<BasicStmnt CovItemId="S9" CovItemPrefix="csse376_puerto_rico.GameState.java" Intrnl_Id="317">
<LocList>
<Loc EndOffset="856" SrcFileId="6" StartOffset="820"/>
</LocList>
</BasicStmnt>
</StmntSeq>
<HierarchyLvl HierarchyLvlId="3710" HierarchyLvlTypeId="16" Intrnl_Id="318" Name="GameState">
<Header>
<Loc EndOffset="899" SrcFileId="6" StartOffset="861"/>
</Header>
<LocList>
<Loc EndOffset="2396" SrcFileId="6" StartOffset="861"/>
</LocList>
<StmntSeq Intrnl_Id="319">
<LocList>
<Loc EndOffset="1009" SrcFileId="6" StartOffset="938"/>
<Loc EndOffset="1060" SrcFileId="6" StartOffset="1027"/>
<Loc EndOffset="1096" SrcFileId="6" StartOffset="1064"/>
<Loc EndOffset="1134" SrcFileId="6" StartOffset="1100"/>
<Loc EndOffset="1171" SrcFileId="6" StartOffset="1138"/>
<Loc EndOffset="1209" SrcFileId="6" StartOffset="1175"/>
<Loc EndOffset="1286" SrcFileId="6" StartOffset="1263"/>
<Loc EndOffset="1320" SrcFileId="6" StartOffset="1290"/>
<Loc EndOffset="1356" SrcFileId="6" StartOffset="1324"/>
<Loc EndOffset="1433" SrcFileId="6" StartOffset="1362"/>
<Loc EndOffset="1508" SrcFileId="6" StartOffset="1437"/>
<Loc EndOffset="2252" SrcFileId="6" StartOffset="1514"/>
<Loc EndOffset="2301" SrcFileId="6" StartOffset="2286"/>
<Loc EndOffset="2342" SrcFileId="6" StartOffset="2305"/>
<Loc EndOffset="2390" SrcFileId="6" StartOffset="2346"/>
</LocList>
<LoopStmnt CovItemId="S10" CovItemPrefix="csse376_puerto_rico.GameState.java" Intrnl_Id="320" MltplExecId="L1-2" MltplExecPrefix="csse376_puerto_rico.GameState.java" NvrExecId="L1-0" NvrExecPrefix="csse376_puerto_rico.GameState.java" OnceExecutedId="L1-1" OnceExecutedPrefix="csse376_puerto_rico.GameState.java" OptBodyExec="true">
<StmntSeq Intrnl_Id="321">
<LocList>
<Loc EndOffset="1004" SrcFileId="6" StartOffset="969"/>
</LocList>
<BasicStmnt CovItemId="S11" CovItemPrefix="csse376_puerto_rico.GameState.java" Intrnl_Id="322">
<LocList>
<Loc EndOffset="1004" SrcFileId="6" StartOffset="969"/>
</LocList>
</BasicStmnt>
</StmntSeq>
<Keyword EndOffset="941" SrcFileId="6" StartOffset="938"/>
<LocList>
<Loc EndOffset="1009" SrcFileId="6" StartOffset="938"/>
</LocList>
</LoopStmnt>
<BasicStmnt CovItemId="S12" CovItemPrefix="csse376_puerto_rico.GameState.java" Intrnl_Id="323">
<LocList>
<Loc EndOffset="1060" SrcFileId="6" StartOffset="1027"/>
</LocList>
</BasicStmnt>
<BasicStmnt CovItemId="S13" CovItemPrefix="csse376_puerto_rico.GameState.java" Intrnl_Id="324">
<LocList>
<Loc EndOffset="1096" SrcFileId="6" StartOffset="1064"/>
</LocList>
</BasicStmnt>
<BasicStmnt CovItemId="S14" CovItemPrefix="csse376_puerto_rico.GameState.java" Intrnl_Id="325">
<LocList>
<Loc EndOffset="1134" SrcFileId="6" StartOffset="1100"/>
</LocList>
</BasicStmnt>
<BasicStmnt CovItemId="S15" CovItemPrefix="csse376_puerto_rico.GameState.java" Intrnl_Id="326">
<LocList>
<Loc EndOffset="1171" SrcFileId="6" StartOffset="1138"/>
</LocList>
</BasicStmnt>
<BasicStmnt CovItemId="S16" CovItemPrefix="csse376_puerto_rico.GameState.java" Intrnl_Id="327">
<LocList>
<Loc EndOffset="1209" SrcFileId="6" StartOffset="1175"/>
</LocList>
</BasicStmnt>
<BasicStmnt CovItemId="S17" CovItemPrefix="csse376_puerto_rico.GameState.java" Intrnl_Id="328">
<LocList>
<Loc EndOffset="1286" SrcFileId="6" StartOffset="1263"/>
</LocList>
</BasicStmnt>
<BasicStmnt CovItemId="S18" CovItemPrefix="csse376_puerto_rico.GameState.java" Intrnl_Id="329">
<LocList>
<Loc EndOffset="1320" SrcFileId="6" StartOffset="1290"/>
</LocList>
</BasicStmnt>
<BasicStmnt CovItemId="S19" CovItemPrefix="csse376_puerto_rico.GameState.java" Intrnl_Id="330">
<LocList>
<Loc EndOffset="1356" SrcFileId="6" StartOffset="1324"/>
</LocList>
</BasicStmnt>
<BasicStmnt CovItemId="S20" CovItemPrefix="csse376_puerto_rico.GameState.java" Intrnl_Id="331">
<LocList>
<Loc EndOffset="1433" SrcFileId="6" StartOffset="1362"/>
</LocList>
</BasicStmnt>
<BasicStmnt CovItemId="S21" CovItemPrefix="csse376_puerto_rico.GameState.java" Intrnl_Id="332">
<LocList>
<Loc EndOffset="1508" SrcFileId="6" StartOffset="1437"/>
</LocList>
</BasicStmnt>
<CondStmnt CovItemId="S22" CovItemPrefix="csse376_puerto_rico.GameState.java" Intrnl_Id="333">
<Branch CovItemId="B1" CovItemPrefix="csse376_puerto_rico.GameState.java" Implct="false" Intrnl_Id="334">
<Cond/>
<LocList>
<Loc EndOffset="1673" SrcFileId="6" StartOffset="1537"/>
</LocList>
<StmntSeq Intrnl_Id="335">
<LocList>
<Loc EndOffset="1563" SrcFileId="6" StartOffset="1543"/>
<Loc EndOffset="1587" SrcFileId="6" StartOffset="1568"/>
<Loc EndOffset="1668" SrcFileId="6" StartOffset="1592"/>
</LocList>
<BasicStmnt CovItemId="S23" CovItemPrefix="csse376_puerto_rico.GameState.java" Intrnl_Id="336">
<LocList>
<Loc EndOffset="1563" SrcFileId="6" StartOffset="1543"/>
</LocList>
</BasicStmnt>
<BasicStmnt CovItemId="S24" CovItemPrefix="csse376_puerto_rico.GameState.java" Intrnl_Id="337">
<LocList>
<Loc EndOffset="1587" SrcFileId="6" StartOffset="1568"/>
</LocList>
</BasicStmnt>
<BasicStmnt CovItemId="S25" CovItemPrefix="csse376_puerto_rico.GameState.java" Intrnl_Id="338">
<LocList>
<Loc EndOffset="1668" SrcFileId="6" StartOffset="1592"/>
</LocList>
</BasicStmnt>
</StmntSeq>
</Branch>
<Branch CovItemId="B2" CovItemPrefix="csse376_puerto_rico.GameState.java" Implct="false" Intrnl_Id="339">
<Cond>
<Loc EndOffset="1678" SrcFileId="6" StartOffset="1674"/>
</Cond>
<LocList>
<Loc EndOffset="2252" SrcFileId="6" StartOffset="1679"/>
</LocList>
<StmntSeq Intrnl_Id="340">
<LocList>
<Loc EndOffset="2252" SrcFileId="6" StartOffset="1679"/>
</LocList>
<CondStmnt CovItemId="S26" CovItemPrefix="csse376_puerto_rico.GameState.java" Intrnl_Id="341">
<Branch CovItemId="B3" CovItemPrefix="csse376_puerto_rico.GameState.java" Implct="false" Intrnl_Id="342">
<Cond/>
<LocList>
<Loc EndOffset="1922" SrcFileId="6" StartOffset="1702"/>
</LocList>
<StmntSeq Intrnl_Id="343">
<LocList>
<Loc EndOffset="1728" SrcFileId="6" StartOffset="1708"/>
<Loc EndOffset="1753" SrcFileId="6" StartOffset="1733"/>
<Loc EndOffset="1834" SrcFileId="6" StartOffset="1758"/>
<Loc EndOffset="1915" SrcFileId="6" StartOffset="1839"/>
</LocList>
<BasicStmnt CovItemId="S27" CovItemPrefix="csse376_puerto_rico.GameState.java" Intrnl_Id="344">
<LocList>
<Loc EndOffset="1728" SrcFileId="6" StartOffset="1708"/>
</LocList>
</BasicStmnt>
<BasicStmnt CovItemId="S28" CovItemPrefix="csse376_puerto_rico.GameState.java" Intrnl_Id="345">
<LocList>
<Loc EndOffset="1753" SrcFileId="6" StartOffset="1733"/>
</LocList>
</BasicStmnt>
<BasicStmnt CovItemId="S29" CovItemPrefix="csse376_puerto_rico.GameState.java" Intrnl_Id="346">
<LocList>
<Loc EndOffset="1834" SrcFileId="6" StartOffset="1758"/>
</LocList>
</BasicStmnt>
<BasicStmnt CovItemId="S30" CovItemPrefix="csse376_puerto_rico.GameState.java" Intrnl_Id="347">
<LocList>
<Loc EndOffset="1915" SrcFileId="6" StartOffset="1839"/>
</LocList>
</BasicStmnt>
</StmntSeq>
</Branch>
<Branch CovItemId="B4" CovItemPrefix="csse376_puerto_rico.GameState.java" Implct="false" Intrnl_Id="348">
<Cond>
<Loc EndOffset="1927" SrcFileId="6" StartOffset="1923"/>
</Cond>
<LocList>
<Loc EndOffset="2252" SrcFileId="6" StartOffset="1928"/>
</LocList>
<StmntSeq Intrnl_Id="349">
<LocList>
<Loc EndOffset="2252" SrcFileId="6" StartOffset="1928"/>
</LocList>
<CondStmnt CovItemId="S31" CovItemPrefix="csse376_puerto_rico.GameState.java" Intrnl_Id="350">
<Branch CovItemId="B5" CovItemPrefix="csse376_puerto_rico.GameState.java" Implct="false" Intrnl_Id="351">
<Cond/>
<LocList>
<Loc EndOffset="2252" SrcFileId="6" StartOffset="1951"/>
</LocList>
<StmntSeq Intrnl_Id="352">
<LocList>
<Loc EndOffset="1977" SrcFileId="6" StartOffset="1957"/>
<Loc EndOffset="2002" SrcFileId="6" StartOffset="1982"/>
<Loc EndOffset="2085" SrcFileId="6" StartOffset="2007"/>
<Loc EndOffset="2166" SrcFileId="6" StartOffset="2090"/>
<Loc EndOffset="2247" SrcFileId="6" StartOffset="2171"/>
</LocList>
<BasicStmnt CovItemId="S32" CovItemPrefix="csse376_puerto_rico.GameState.java" Intrnl_Id="353">
<LocList>
<Loc EndOffset="1977" SrcFileId="6" StartOffset="1957"/>
</LocList>
</BasicStmnt>
<BasicStmnt CovItemId="S33" CovItemPrefix="csse376_puerto_rico.GameState.java" Intrnl_Id="354">
<LocList>
<Loc EndOffset="2002" SrcFileId="6" StartOffset="1982"/>
</LocList>
</BasicStmnt>
<BasicStmnt CovItemId="S34" CovItemPrefix="csse376_puerto_rico.GameState.java" Intrnl_Id="355">
<LocList>
<Loc EndOffset="2085" SrcFileId="6" StartOffset="2007"/>
</LocList>
</BasicStmnt>
<BasicStmnt CovItemId="S35" CovItemPrefix="csse376_puerto_rico.GameState.java" Intrnl_Id="356">
<LocList>
<Loc EndOffset="2166" SrcFileId="6" StartOffset="2090"/>
</LocList>
</BasicStmnt>
<BasicStmnt CovItemId="S36" CovItemPrefix="csse376_puerto_rico.GameState.java" Intrnl_Id="357">
<LocList>
<Loc EndOffset="2247" SrcFileId="6" StartOffset="2171"/>
</LocList>
</BasicStmnt>
</StmntSeq>
</Branch>
<Branch CovItemId="B6" CovItemPrefix="csse376_puerto_rico.GameState.java" Implct="true" Intrnl_Id="358">
<Cond/>
<LocList/>
<StmntSeq Intrnl_Id="359">
<LocList/>
</StmntSeq>
</Branch>
<Keyword EndOffset="1930" SrcFileId="6" StartOffset="1928"/>
<LocList>
<Loc EndOffset="2252" SrcFileId="6" StartOffset="1928"/>
</LocList>
<RootTerm CovItemId="C3" CovItemPrefix="csse376_puerto_rico.GameState.java" Intrnl_Id="360">
<BasicBoolTerm Intrnl_Id="361">
<LocList>
<Loc EndOffset="1949" SrcFileId="6" StartOffset="1932"/>
</LocList>
</BasicBoolTerm>
</RootTerm>
</CondStmnt>
</StmntSeq>
</Branch>
<Keyword EndOffset="1681" SrcFileId="6" StartOffset="1679"/>
<LocList>
<Loc EndOffset="2252" SrcFileId="6" StartOffset="1679"/>
</LocList>
<RootTerm CovItemId="C2" CovItemPrefix="csse376_puerto_rico.GameState.java" Intrnl_Id="362">
<BasicBoolTerm Intrnl_Id="363">
<LocList>
<Loc EndOffset="1700" SrcFileId="6" StartOffset="1683"/>
</LocList>
</BasicBoolTerm>
</RootTerm>
</CondStmnt>
</StmntSeq>
</Branch>
<Keyword EndOffset="1516" SrcFileId="6" StartOffset="1514"/>
<LocList>
<Loc EndOffset="2252" SrcFileId="6" StartOffset="1514"/>
</LocList>
<RootTerm CovItemId="C1" CovItemPrefix="csse376_puerto_rico.GameState.java" Intrnl_Id="364">
<BasicBoolTerm Intrnl_Id="365">
<LocList>
<Loc EndOffset="1535" SrcFileId="6" StartOffset="1518"/>
</LocList>
</BasicBoolTerm>
</RootTerm>
</CondStmnt>
<BasicStmnt CovItemId="S37" CovItemPrefix="csse376_puerto_rico.GameState.java" Intrnl_Id="366">
<LocList>
<Loc EndOffset="2301" SrcFileId="6" StartOffset="2286"/>
</LocList>
</BasicStmnt>
<BasicStmnt CovItemId="S38" CovItemPrefix="csse376_puerto_rico.GameState.java" Intrnl_Id="367">
<LocList>
<Loc EndOffset="2342" SrcFileId="6" StartOffset="2305"/>
</LocList>
</BasicStmnt>
<BasicStmnt CovItemId="S39" CovItemPrefix="csse376_puerto_rico.GameState.java" Intrnl_Id="368">
<LocList>
<Loc EndOffset="2390" SrcFileId="6" StartOffset="2346"/>
</LocList>
</BasicStmnt>
</StmntSeq>
</HierarchyLvl>
<HierarchyLvl HierarchyLvlId="3711" HierarchyLvlTypeId="16" Intrnl_Id="369" Name="getGood">
<Header>
<Loc EndOffset="2432" SrcFileId="6" StartOffset="2401"/>
</Header>
<LocList>
<Loc EndOffset="2467" SrcFileId="6" StartOffset="2401"/>
</LocList>
<StmntSeq Intrnl_Id="370">
<LocList>
<Loc EndOffset="2463" SrcFileId="6" StartOffset="2440"/>
</LocList>
<BasicStmnt CovItemId="S40" CovItemPrefix="csse376_puerto_rico.GameState.java" Intrnl_Id="371">
<LocList>
<Loc EndOffset="2463" SrcFileId="6" StartOffset="2440"/>
</LocList>
</BasicStmnt>
</StmntSeq>
</HierarchyLvl>
<HierarchyLvl HierarchyLvlId="3712" HierarchyLvlTypeId="16" Intrnl_Id="372" Name="addGood">
<Header>
<Loc EndOffset="2504" SrcFileId="6" StartOffset="2472"/>
</Header>
<LocList>
<Loc EndOffset="2553" SrcFileId="6" StartOffset="2472"/>
</LocList>
<StmntSeq Intrnl_Id="373">
<LocList>
<Loc EndOffset="2549" SrcFileId="6" StartOffset="2512"/>
</LocList>
<BasicStmnt CovItemId="S41" CovItemPrefix="csse376_puerto_rico.GameState.java" Intrnl_Id="374">
<LocList>
<Loc EndOffset="2549" SrcFileId="6" StartOffset="2512"/>
</LocList>
</BasicStmnt>
</StmntSeq>
</HierarchyLvl>
<HierarchyLvl HierarchyLvlId="3713" HierarchyLvlTypeId="16" Intrnl_Id="375" Name="getColonistsOnBoard">
<Header>
<Loc EndOffset="2590" SrcFileId="6" StartOffset="2558"/>
</Header>
<LocList>
<Loc EndOffset="2630" SrcFileId="6" StartOffset="2558"/>
</LocList>
<StmntSeq Intrnl_Id="376">
<LocList>
<Loc EndOffset="2626" SrcFileId="6" StartOffset="2602"/>
</LocList>
<BasicStmnt CovItemId="S42" CovItemPrefix="csse376_puerto_rico.GameState.java" Intrnl_Id="377">
<LocList>
<Loc EndOffset="2626" SrcFileId="6" StartOffset="2602"/>
</LocList>
</BasicStmnt>
</StmntSeq>
</HierarchyLvl>
<HierarchyLvl HierarchyLvlId="3714" HierarchyLvlTypeId="16" Intrnl_Id="378" Name="getColonistsTotal">
<Header>
<Loc EndOffset="2665" SrcFileId="6" StartOffset="2635"/>
</Header>
<LocList>
<Loc EndOffset="2703" SrcFileId="6" StartOffset="2635"/>
</LocList>
<StmntSeq Intrnl_Id="379">
<LocList>
<Loc EndOffset="2699" SrcFileId="6" StartOffset="2677"/>
</LocList>
<BasicStmnt CovItemId="S43" CovItemPrefix="csse376_puerto_rico.GameState.java" Intrnl_Id="380">
<LocList>
<Loc EndOffset="2699" SrcFileId="6" StartOffset="2677"/>
</LocList>
</BasicStmnt>
</StmntSeq>
</HierarchyLvl>
<HierarchyLvl HierarchyLvlId="3715" HierarchyLvlTypeId="16" Intrnl_Id="381" Name="addRolesToList">
<Header>
<Loc EndOffset="2748" SrcFileId="6" StartOffset="2708"/>
</Header>
<LocList>
<Loc EndOffset="3044" SrcFileId="6" StartOffset="2708"/>
</LocList>
<StmntSeq Intrnl_Id="382">
<LocList>
<Loc EndOffset="2776" SrcFileId="6" StartOffset="2754"/>
<Loc EndOffset="3040" SrcFileId="6" StartOffset="2780"/>
</LocList>
<BasicStmnt CovItemId="S44" CovItemPrefix="csse376_puerto_rico.GameState.java" Intrnl_Id="383">
<LocList>
<Loc EndOffset="2776" SrcFileId="6" StartOffset="2754"/>
</LocList>
</BasicStmnt>
<CondStmnt CovItemId="S45" CovItemPrefix="csse376_puerto_rico.GameState.java" Intrnl_Id="384">
<Branch CovItemId="B7" CovItemPrefix="csse376_puerto_rico.GameState.java" Implct="false" Intrnl_Id="385">
<Cond/>
<LocList>
<Loc EndOffset="3040" SrcFileId="6" StartOffset="2808"/>
</LocList>
<StmntSeq Intrnl_Id="386">
<LocList>
<Loc EndOffset="2858" SrcFileId="6" StartOffset="2814"/>
<Loc EndOffset="2957" SrcFileId="6" StartOffset="2863"/>
<Loc EndOffset="2993" SrcFileId="6" StartOffset="2962"/>
<Loc EndOffset="3035" SrcFileId="6" StartOffset="2998"/>
</LocList>
<BasicStmnt CovItemId="S46" CovItemPrefix="csse376_puerto_rico.GameState.java" Intrnl_Id="387">
<LocList>
<Loc EndOffset="2858" SrcFileId="6" StartOffset="2814"/>
</LocList>
</BasicStmnt>
<LoopStmnt CovItemId="S47" CovItemPrefix="csse376_puerto_rico.GameState.java" Intrnl_Id="388" MltplExecId="L2-2" MltplExecPrefix="csse376_puerto_rico.GameState.java" NvrExecId="L2-0" NvrExecPrefix="csse376_puerto_rico.GameState.java" OnceExecutedId="L2-1" OnceExecutedPrefix="csse376_puerto_rico.GameState.java" OptBodyExec="true">
<StmntSeq Intrnl_Id="389">
<LocList>
<Loc EndOffset="2951" SrcFileId="6" StartOffset="2914"/>
</LocList>
<BasicStmnt CovItemId="S48" CovItemPrefix="csse376_puerto_rico.GameState.java" Intrnl_Id="390">
<LocList>
<Loc EndOffset="2951" SrcFileId="6" StartOffset="2914"/>
</LocList>
</BasicStmnt>
</StmntSeq>
<Keyword EndOffset="2866" SrcFileId="6" StartOffset="2863"/>
<LocList>
<Loc EndOffset="2957" SrcFileId="6" StartOffset="2863"/>
</LocList>
<RootTerm CovItemId="C5" CovItemPrefix="csse376_puerto_rico.GameState.java" Intrnl_Id="391">
<BasicBoolTerm Intrnl_Id="392">
<LocList>
<Loc EndOffset="2900" SrcFileId="6" StartOffset="2879"/>
</LocList>
</BasicBoolTerm>
</RootTerm>
</LoopStmnt>
<BasicStmnt CovItemId="S49" CovItemPrefix="csse376_puerto_rico.GameState.java" Intrnl_Id="393">
<LocList>
<Loc EndOffset="2993" SrcFileId="6" StartOffset="2962"/>
</LocList>
</BasicStmnt>
<BasicStmnt CovItemId="S50" CovItemPrefix="csse376_puerto_rico.GameState.java" Intrnl_Id="394">
<LocList>
<Loc EndOffset="3035" SrcFileId="6" StartOffset="2998"/>
</LocList>
</BasicStmnt>
</StmntSeq>
</Branch>
<Branch CovItemId="B8" CovItemPrefix="csse376_puerto_rico.GameState.java" Implct="true" Intrnl_Id="395">
<Cond/>
<LocList/>
<StmntSeq Intrnl_Id="396">
<LocList/>
</StmntSeq>
</Branch>
<Keyword EndOffset="2782" SrcFileId="6" StartOffset="2780"/>
<LocList>
<Loc EndOffset="3040" SrcFileId="6" StartOffset="2780"/>
</LocList>
<RootTerm CovItemId="C4" CovItemPrefix="csse376_puerto_rico.GameState.java" Intrnl_Id="397">
<BasicBoolTerm Intrnl_Id="398">
<LocList>
<Loc EndOffset="2806" SrcFileId="6" StartOffset="2784"/>
</LocList>
</BasicBoolTerm>
</RootTerm>
</CondStmnt>
</StmntSeq>
</HierarchyLvl>
<HierarchyLvl HierarchyLvlId="3716" HierarchyLvlTypeId="16" Intrnl_Id="399" Name="addColonistsToBoard">
<Header>
<Loc EndOffset="3084" SrcFileId="6" StartOffset="3051"/>
</Header>
<LocList>
<Loc EndOffset="3868" SrcFileId="6" StartOffset="3051"/>
</LocList>
<StmntSeq Intrnl_Id="400">
<LocList>
<Loc EndOffset="3503" SrcFileId="6" StartOffset="3490"/>
<Loc EndOffset="3751" SrcFileId="6" StartOffset="3507"/>
<Loc EndOffset="3864" SrcFileId="6" StartOffset="3755"/>
</LocList>
<BasicStmnt CovItemId="S51" CovItemPrefix="csse376_puerto_rico.GameState.java" Intrnl_Id="401">
<LocList>
<Loc EndOffset="3503" SrcFileId="6" StartOffset="3490"/>
</LocList>
</BasicStmnt>
<LoopStmnt CovItemId="S52" CovItemPrefix="csse376_puerto_rico.GameState.java" Intrnl_Id="402" MltplExecId="L3-2" MltplExecPrefix="csse376_puerto_rico.GameState.java" NvrExecId="L3-0" NvrExecPrefix="csse376_puerto_rico.GameState.java" OnceExecutedId="L3-1" OnceExecutedPrefix="csse376_puerto_rico.GameState.java" OptBodyExec="true">
<StmntSeq Intrnl_Id="403">
<LocList>
<Loc EndOffset="3640" SrcFileId="6" StartOffset="3543"/>
<Loc EndOffset="3746" SrcFileId="6" StartOffset="3645"/>
</LocList>
<LoopStmnt CovItemId="S53" CovItemPrefix="csse376_puerto_rico.GameState.java" Intrnl_Id="404" MltplExecId="L4-2" MltplExecPrefix="csse376_puerto_rico.GameState.java" NvrExecId="L4-0" NvrExecPrefix="csse376_puerto_rico.GameState.java" OnceExecutedId="L4-1" OnceExecutedPrefix="csse376_puerto_rico.GameState.java" OptBodyExec="true">
<StmntSeq Intrnl_Id="405">
<LocList>
<Loc EndOffset="3634" SrcFileId="6" StartOffset="3591"/>
</LocList>
<BasicStmnt CovItemId="S54" CovItemPrefix="csse376_puerto_rico.GameState.java" Intrnl_Id="406">
<LocList>
<Loc EndOffset="3634" SrcFileId="6" StartOffset="3591"/>
</LocList>
</BasicStmnt>
</StmntSeq>
<Keyword EndOffset="3546" SrcFileId="6" StartOffset="3543"/>
<LocList>
<Loc EndOffset="3640" SrcFileId="6" StartOffset="3543"/>
</LocList>
</LoopStmnt>
<LoopStmnt CovItemId="S55" CovItemPrefix="csse376_puerto_rico.GameState.java" Intrnl_Id="407" MltplExecId="L5-2" MltplExecPrefix="csse376_puerto_rico.GameState.java" NvrExecId="L5-0" NvrExecPrefix="csse376_puerto_rico.GameState.java" OnceExecutedId="L5-1" OnceExecutedPrefix="csse376_puerto_rico.GameState.java" OptBodyExec="true">
<StmntSeq Intrnl_Id="408">
<LocList>
<Loc EndOffset="3740" SrcFileId="6" StartOffset="3697"/>
</LocList>
<CondStmnt CovItemId="S56" CovItemPrefix="csse376_puerto_rico.GameState.java" Intrnl_Id="409">
<Branch CovItemId="B9" CovItemPrefix="csse376_puerto_rico.GameState.java" Implct="false" Intrnl_Id="410">
<Cond/>
<LocList>
<Loc EndOffset="3740" SrcFileId="6" StartOffset="3715"/>
</LocList>
<StmntSeq Intrnl_Id="411">
<LocList>
<Loc EndOffset="3733" SrcFileId="6" StartOffset="3723"/>
</LocList>
<BasicStmnt CovItemId="S57" CovItemPrefix="csse376_puerto_rico.GameState.java" Intrnl_Id="412">
<LocList>
<Loc EndOffset="3733" SrcFileId="6" StartOffset="3723"/>
</LocList>
</BasicStmnt>
</StmntSeq>
</Branch>
<Branch CovItemId="B10" CovItemPrefix="csse376_puerto_rico.GameState.java" Implct="true" Intrnl_Id="413">
<Cond/>
<LocList/>
<StmntSeq Intrnl_Id="414">
<LocList/>
</StmntSeq>
</Branch>
<Keyword EndOffset="3699" SrcFileId="6" StartOffset="3697"/>
<LocList>
<Loc EndOffset="3740" SrcFileId="6" StartOffset="3697"/>
</LocList>
<RootTerm CovItemId="C6" CovItemPrefix="csse376_puerto_rico.GameState.java" Intrnl_Id="415">
<OpTerm BooleanOpId="11" Intrnl_Id="416">
<BasicBoolTerm Intrnl_Id="417">
<LocList>
<Loc EndOffset="3713" SrcFileId="6" StartOffset="3702"/>
</LocList>
</BasicBoolTerm>
<LocList>
<Loc EndOffset="3702" SrcFileId="6" StartOffset="3701"/>
</LocList>
</OpTerm>
</RootTerm>
</CondStmnt>
</StmntSeq>
<Keyword EndOffset="3648" SrcFileId="6" StartOffset="3645"/>
<LocList>
<Loc EndOffset="3746" SrcFileId="6" StartOffset="3645"/>
</LocList>
</LoopStmnt>
</StmntSeq>
<Keyword EndOffset="3510" SrcFileId="6" StartOffset="3507"/>
<LocList>
<Loc EndOffset="3751" SrcFileId="6" StartOffset="3507"/>
</LocList>
</LoopStmnt>
<CondStmnt CovItemId="S58" CovItemPrefix="csse376_puerto_rico.GameState.java" Intrnl_Id="418">
<Branch CovItemId="B11" CovItemPrefix="csse376_puerto_rico.GameState.java" Implct="false" Intrnl_Id="419">
<Cond/>
<LocList>
<Loc EndOffset="3823" SrcFileId="6" StartOffset="3780"/>
</LocList>
<StmntSeq Intrnl_Id="420">
<LocList>
<Loc EndOffset="3818" SrcFileId="6" StartOffset="3786"/>
</LocList>
<BasicStmnt CovItemId="S59" CovItemPrefix="csse376_puerto_rico.GameState.java" Intrnl_Id="421">
<LocList>
<Loc EndOffset="3818" SrcFileId="6" StartOffset="3786"/>
</LocList>
</BasicStmnt>
</StmntSeq>
</Branch>
<Branch CovItemId="B12" CovItemPrefix="csse376_puerto_rico.GameState.java" Implct="false" Intrnl_Id="422">
<Cond>
<Loc EndOffset="3828" SrcFileId="6" StartOffset="3824"/>
</Cond>
<LocList>
<Loc EndOffset="3864" SrcFileId="6" StartOffset="3829"/>
</LocList>
<StmntSeq Intrnl_Id="423">
<LocList>
<Loc EndOffset="3859" SrcFileId="6" StartOffset="3835"/>
</LocList>
<BasicStmnt CovItemId="S60" CovItemPrefix="csse376_puerto_rico.GameState.java" Intrnl_Id="424">
<LocList>
<Loc EndOffset="3859" SrcFileId="6" StartOffset="3835"/>
</LocList>
</BasicStmnt>
</StmntSeq>
</Branch>
<Keyword EndOffset="3757" SrcFileId="6" StartOffset="3755"/>
<LocList>
<Loc EndOffset="3864" SrcFileId="6" StartOffset="3755"/>
</LocList>
<RootTerm CovItemId="C7" CovItemPrefix="csse376_puerto_rico.GameState.java" Intrnl_Id="425">
<BasicBoolTerm Intrnl_Id="426">
<LocList>
<Loc EndOffset="3778" SrcFileId="6" StartOffset="3759"/>
</LocList>
</BasicBoolTerm>
</RootTerm>
</CondStmnt>
</StmntSeq>
</HierarchyLvl>
<HierarchyLvl HierarchyLvlId="3717" HierarchyLvlTypeId="16" Intrnl_Id="427" Name="addGoodToCargoShip">
<Header>
<Loc EndOffset="4132" SrcFileId="6" StartOffset="4064"/>
</Header>
<LocList>
<Loc EndOffset="5383" SrcFileId="6" StartOffset="4064"/>
</LocList>
<StmntSeq Intrnl_Id="428">
<LocList>
<Loc EndOffset="4155" SrcFileId="6" StartOffset="4138"/>
<Loc EndOffset="5359" SrcFileId="6" StartOffset="4159"/>
<Loc EndOffset="5379" SrcFileId="6" StartOffset="5363"/>
</LocList>
<BasicStmnt CovItemId="S61" CovItemPrefix="csse376_puerto_rico.GameState.java" Intrnl_Id="429">
<LocList>
<Loc EndOffset="4155" SrcFileId="6" StartOffset="4138"/>
</LocList>
</BasicStmnt>
<CondStmnt CovItemId="S62" CovItemPrefix="csse376_puerto_rico.GameState.java" Intrnl_Id="430">
<Branch CovItemId="B13" CovItemPrefix="csse376_puerto_rico.GameState.java" Implct="false" Intrnl_Id="431">
<Cond/>
<LocList>
<Loc EndOffset="4557" SrcFileId="6" StartOffset="4177"/>
</LocList>
<StmntSeq Intrnl_Id="432">
<LocList>
<Loc EndOffset="4211" SrcFileId="6" StartOffset="4183"/>
<Loc EndOffset="4552" SrcFileId="6" StartOffset="4216"/>
</LocList>
<BasicStmnt CovItemId="S63" CovItemPrefix="csse376_puerto_rico.GameState.java" Intrnl_Id="433">
<LocList>
<Loc EndOffset="4211" SrcFileId="6" StartOffset="4183"/>
</LocList>
</BasicStmnt>
<CondStmnt CovItemId="S64" CovItemPrefix="csse376_puerto_rico.GameState.java" Intrnl_Id="434">
<Branch CovItemId="B15" CovItemPrefix="csse376_puerto_rico.GameState.java" Implct="false" Intrnl_Id="435">
<Cond/>
<LocList>
<Loc EndOffset="4516" SrcFileId="6" StartOffset="4294"/>
</LocList>
<StmntSeq Intrnl_Id="436">
<LocList>
<Loc EndOffset="4337" SrcFileId="6" StartOffset="4301"/>
<Loc EndOffset="4389" SrcFileId="6" StartOffset="4343"/>
<Loc EndOffset="4508" SrcFileId="6" StartOffset="4397"/>
</LocList>
<BasicStmnt CovItemId="S65" CovItemPrefix="csse376_puerto_rico.GameState.java" Intrnl_Id="437">
<LocList>
<Loc EndOffset="4337" SrcFileId="6" StartOffset="4301"/>
</LocList>
</BasicStmnt>
<CondStmnt CovItemId="S66" CovItemPrefix="csse376_puerto_rico.GameState.java" Intrnl_Id="438">
<Branch CovItemId="B17" CovItemPrefix="csse376_puerto_rico.GameState.java" Implct="false" Intrnl_Id="439">
<Cond/>
<LocList>
<Loc EndOffset="4389" SrcFileId="6" StartOffset="4367"/>
</LocList>
<StmntSeq Intrnl_Id="440">
<LocList>
<Loc EndOffset="4389" SrcFileId="6" StartOffset="4367"/>
</LocList>
<BasicStmnt CovItemId="S67" CovItemPrefix="csse376_puerto_rico.GameState.java" Intrnl_Id="441">
<LocList>
<Loc EndOffset="4389" SrcFileId="6" StartOffset="4367"/>
</LocList>
</BasicStmnt>
</StmntSeq>
</Branch>
<Branch CovItemId="B18" CovItemPrefix="csse376_puerto_rico.GameState.java" Implct="true" Intrnl_Id="442">
<Cond/>
<LocList/>
<StmntSeq Intrnl_Id="443">
<LocList/>
</StmntSeq>
</Branch>
<Keyword EndOffset="4345" SrcFileId="6" StartOffset="4343"/>
<LocList>
<Loc EndOffset="4389" SrcFileId="6" StartOffset="4343"/>
</LocList>
<RootTerm CovItemId="C10" CovItemPrefix="csse376_puerto_rico.GameState.java" Intrnl_Id="444">
<BasicBoolTerm Intrnl_Id="445">
<LocList>
<Loc EndOffset="4359" SrcFileId="6" StartOffset="4347"/>
</LocList>
</BasicBoolTerm>
</RootTerm>
</CondStmnt>
<CondStmnt CovItemId="S68" CovItemPrefix="csse376_puerto_rico.GameState.java" Intrnl_Id="446">
<Branch CovItemId="B19" CovItemPrefix="csse376_puerto_rico.GameState.java" Implct="false" Intrnl_Id="447">
<Cond/>
<LocList>
<Loc EndOffset="4445" SrcFileId="6" StartOffset="4415"/>
</LocList>
<StmntSeq Intrnl_Id="448">
<LocList>
<Loc EndOffset="4438" SrcFileId="6" StartOffset="4423"/>
</LocList>
<BasicStmnt CovItemId="S69" CovItemPrefix="csse376_puerto_rico.GameState.java" Intrnl_Id="449">
<LocList>
<Loc EndOffset="4438" SrcFileId="6" StartOffset="4423"/>
</LocList>
</BasicStmnt>
</StmntSeq>
</Branch>
<Branch CovItemId="B20" CovItemPrefix="csse376_puerto_rico.GameState.java" Implct="false" Intrnl_Id="450">
<Cond>
<Loc EndOffset="4450" SrcFileId="6" StartOffset="4446"/>
</Cond>
<LocList>
<Loc EndOffset="4508" SrcFileId="6" StartOffset="4451"/>
</LocList>
<StmntSeq Intrnl_Id="451">
<LocList>
<Loc EndOffset="4481" SrcFileId="6" StartOffset="4459"/>
<Loc EndOffset="4501" SrcFileId="6" StartOffset="4488"/>
</LocList>
<BasicStmnt CovItemId="S70" CovItemPrefix="csse376_puerto_rico.GameState.java" Intrnl_Id="452">
<LocList>
<Loc EndOffset="4481" SrcFileId="6" StartOffset="4459"/>
</LocList>
</BasicStmnt>
<BasicStmnt CovItemId="S71" CovItemPrefix="csse376_puerto_rico.GameState.java" Intrnl_Id="453">
<LocList>
<Loc EndOffset="4501" SrcFileId="6" StartOffset="4488"/>
</LocList>
</BasicStmnt>
</StmntSeq>
</Branch>
<Keyword EndOffset="4399" SrcFileId="6" StartOffset="4397"/>
<LocList>
<Loc EndOffset="4508" SrcFileId="6" StartOffset="4397"/>
</LocList>
<RootTerm CovItemId="C11" CovItemPrefix="csse376_puerto_rico.GameState.java" Intrnl_Id="454">
<BasicBoolTerm Intrnl_Id="455">
<LocList>
<Loc EndOffset="4413" SrcFileId="6" StartOffset="4401"/>
</LocList>
</BasicBoolTerm>
</RootTerm>
</CondStmnt>
</StmntSeq>
</Branch>
<Branch CovItemId="B16" CovItemPrefix="csse376_puerto_rico.GameState.java" Implct="false" Intrnl_Id="456">
<Cond>
<Loc EndOffset="4521" SrcFileId="6" StartOffset="4517"/>
</Cond>
<LocList>
<Loc EndOffset="4552" SrcFileId="6" StartOffset="4522"/>
</LocList>
<StmntSeq Intrnl_Id="457">
<LocList>
<Loc EndOffset="4546" SrcFileId="6" StartOffset="4529"/>
</LocList>
<BasicStmnt CovItemId="S72" CovItemPrefix="csse376_puerto_rico.GameState.java" Intrnl_Id="458">
<LocList>
<Loc EndOffset="4546" SrcFileId="6" StartOffset="4529"/>
</LocList>
</BasicStmnt>
</StmntSeq>
</Branch>
<Keyword EndOffset="4218" SrcFileId="6" StartOffset="4216"/>
<LocList>
<Loc EndOffset="4552" SrcFileId="6" StartOffset="4216"/>
</LocList>
<RootTerm CovItemId="C9" CovItemPrefix="csse376_puerto_rico.GameState.java" Intrnl_Id="459">
<OpTerm BooleanOpId="13" Intrnl_Id="460">
<BasicBoolTerm Intrnl_Id="461">
<LocList>
<Loc EndOffset="4235" SrcFileId="6" StartOffset="4220"/>
</LocList>
</BasicBoolTerm>
<OpTerm BooleanOpId="12" Intrnl_Id="462">
<BasicBoolTerm Intrnl_Id="463">
<LocList>
<Loc EndOffset="4260" SrcFileId="6" StartOffset="4246"/>
</LocList>
</BasicBoolTerm>
<BasicBoolTerm Intrnl_Id="464">
<LocList>
<Loc EndOffset="4291" SrcFileId="6" StartOffset="4264"/>
</LocList>
</BasicBoolTerm>
<LocList>
<Loc EndOffset="4263" SrcFileId="6" StartOffset="4261"/>
</LocList>
</OpTerm>
<LocList>
<Loc EndOffset="4244" SrcFileId="6" StartOffset="4242"/>
</LocList>
</OpTerm>
</RootTerm>
</CondStmnt>
</StmntSeq>
</Branch>
<Branch CovItemId="B14" CovItemPrefix="csse376_puerto_rico.GameState.java" Implct="false" Intrnl_Id="465">
<Cond>
<Loc EndOffset="4562" SrcFileId="6" StartOffset="4558"/>
</Cond>
<LocList>
<Loc EndOffset="5359" SrcFileId="6" StartOffset="4563"/>
</LocList>
<StmntSeq Intrnl_Id="466">
<LocList>
<Loc EndOffset="5359" SrcFileId="6" StartOffset="4563"/>
</LocList>
<CondStmnt CovItemId="S73" CovItemPrefix="csse376_puerto_rico.GameState.java" Intrnl_Id="467">
<Branch CovItemId="B21" CovItemPrefix="csse376_puerto_rico.GameState.java" Implct="false" Intrnl_Id="468">
<Cond/>
<LocList>
<Loc EndOffset="4959" SrcFileId="6" StartOffset="4581"/>
</LocList>
<StmntSeq Intrnl_Id="469">
<LocList>
<Loc EndOffset="4615" SrcFileId="6" StartOffset="4587"/>
<Loc EndOffset="4952" SrcFileId="6" StartOffset="4620"/>
</LocList>
<BasicStmnt CovItemId="S74" CovItemPrefix="csse376_puerto_rico.GameState.java" Intrnl_Id="470">
<LocList>
<Loc EndOffset="4615" SrcFileId="6" StartOffset="4587"/>
</LocList>
</BasicStmnt>
<CondStmnt CovItemId="S75" CovItemPrefix="csse376_puerto_rico.GameState.java" Intrnl_Id="471">
<Branch CovItemId="B23" CovItemPrefix="csse376_puerto_rico.GameState.java" Implct="false" Intrnl_Id="472">
<Cond/>
<LocList>
<Loc EndOffset="4916" SrcFileId="6" StartOffset="4698"/>
</LocList>
<StmntSeq Intrnl_Id="473">
<LocList>
<Loc EndOffset="4741" SrcFileId="6" StartOffset="4705"/>
<Loc EndOffset="4793" SrcFileId="6" StartOffset="4747"/>
<Loc EndOffset="4910" SrcFileId="6" StartOffset="4799"/>
</LocList>
<BasicStmnt CovItemId="S76" CovItemPrefix="csse376_puerto_rico.GameState.java" Intrnl_Id="474">
<LocList>
<Loc EndOffset="4741" SrcFileId="6" StartOffset="4705"/>
</LocList>
</BasicStmnt>
<CondStmnt CovItemId="S77" CovItemPrefix="csse376_puerto_rico.GameState.java" Intrnl_Id="475">
<Branch CovItemId="B25" CovItemPrefix="csse376_puerto_rico.GameState.java" Implct="false" Intrnl_Id="476">
<Cond/>
<LocList>
<Loc EndOffset="4793" SrcFileId="6" StartOffset="4771"/>
</LocList>
<StmntSeq Intrnl_Id="477">
<LocList>
<Loc EndOffset="4793" SrcFileId="6" StartOffset="4771"/>
</LocList>
<BasicStmnt CovItemId="S78" CovItemPrefix="csse376_puerto_rico.GameState.java" Intrnl_Id="478">
<LocList>
<Loc EndOffset="4793" SrcFileId="6" StartOffset="4771"/>
</LocList>
</BasicStmnt>
</StmntSeq>
</Branch>
<Branch CovItemId="B26" CovItemPrefix="csse376_puerto_rico.GameState.java" Implct="true" Intrnl_Id="479">
<Cond/>
<LocList/>
<StmntSeq Intrnl_Id="480">
<LocList/>
</StmntSeq>
</Branch>
<Keyword EndOffset="4749" SrcFileId="6" StartOffset="4747"/>
<LocList>
<Loc EndOffset="4793" SrcFileId="6" StartOffset="4747"/>
</LocList>
<RootTerm CovItemId="C14" CovItemPrefix="csse376_puerto_rico.GameState.java" Intrnl_Id="481">
<BasicBoolTerm Intrnl_Id="482">
<LocList>
<Loc EndOffset="4763" SrcFileId="6" StartOffset="4751"/>
</LocList>
</BasicBoolTerm>
</RootTerm>
</CondStmnt>
<CondStmnt CovItemId="S79" CovItemPrefix="csse376_puerto_rico.GameState.java" Intrnl_Id="483">
<Branch CovItemId="B27" CovItemPrefix="csse376_puerto_rico.GameState.java" Implct="false" Intrnl_Id="484">
<Cond/>
<LocList>
<Loc EndOffset="4847" SrcFileId="6" StartOffset="4817"/>
</LocList>
<StmntSeq Intrnl_Id="485">
<LocList>
<Loc EndOffset="4840" SrcFileId="6" StartOffset="4825"/>
</LocList>
<BasicStmnt CovItemId="S80" CovItemPrefix="csse376_puerto_rico.GameState.java" Intrnl_Id="486">
<LocList>
<Loc EndOffset="4840" SrcFileId="6" StartOffset="4825"/>
</LocList>
</BasicStmnt>
</StmntSeq>
</Branch>
<Branch CovItemId="B28" CovItemPrefix="csse376_puerto_rico.GameState.java" Implct="false" Intrnl_Id="487">
<Cond>
<Loc EndOffset="4852" SrcFileId="6" StartOffset="4848"/>
</Cond>
<LocList>
<Loc EndOffset="4910" SrcFileId="6" StartOffset="4853"/>
</LocList>
<StmntSeq Intrnl_Id="488">
<LocList>
<Loc EndOffset="4883" SrcFileId="6" StartOffset="4861"/>
<Loc EndOffset="4903" SrcFileId="6" StartOffset="4890"/>
</LocList>
<BasicStmnt CovItemId="S81" CovItemPrefix="csse376_puerto_rico.GameState.java" Intrnl_Id="489">
<LocList>
<Loc EndOffset="4883" SrcFileId="6" StartOffset="4861"/>
</LocList>
</BasicStmnt>
<BasicStmnt CovItemId="S82" CovItemPrefix="csse376_puerto_rico.GameState.java" Intrnl_Id="490">
<LocList>
<Loc EndOffset="4903" SrcFileId="6" StartOffset="4890"/>
</LocList>
</BasicStmnt>
</StmntSeq>
</Branch>
<Keyword EndOffset="4801" SrcFileId="6" StartOffset="4799"/>
<LocList>
<Loc EndOffset="4910" SrcFileId="6" StartOffset="4799"/>
</LocList>
<RootTerm CovItemId="C15" CovItemPrefix="csse376_puerto_rico.GameState.java" Intrnl_Id="491">
<BasicBoolTerm Intrnl_Id="492">
<LocList>
<Loc EndOffset="4815" SrcFileId="6" StartOffset="4803"/>
</LocList>
</BasicBoolTerm>
</RootTerm>
</CondStmnt>
</StmntSeq>
</Branch>
<Branch CovItemId="B24" CovItemPrefix="csse376_puerto_rico.GameState.java" Implct="false" Intrnl_Id="493">
<Cond>
<Loc EndOffset="4921" SrcFileId="6" StartOffset="4917"/>
</Cond>
<LocList>
<Loc EndOffset="4952" SrcFileId="6" StartOffset="4922"/>
</LocList>
<StmntSeq Intrnl_Id="494">
<LocList>
<Loc EndOffset="4946" SrcFileId="6" StartOffset="4929"/>
</LocList>
<BasicStmnt CovItemId="S83" CovItemPrefix="csse376_puerto_rico.GameState.java" Intrnl_Id="495">
<LocList>
<Loc EndOffset="4946" SrcFileId="6" StartOffset="4929"/>
</LocList>
</BasicStmnt>
</StmntSeq>
</Branch>
<Keyword EndOffset="4622" SrcFileId="6" StartOffset="4620"/>
<LocList>
<Loc EndOffset="4952" SrcFileId="6" StartOffset="4620"/>
</LocList>
<RootTerm CovItemId="C13" CovItemPrefix="csse376_puerto_rico.GameState.java" Intrnl_Id="496">
<OpTerm BooleanOpId="13" Intrnl_Id="497">
<BasicBoolTerm Intrnl_Id="498">
<LocList>
<Loc EndOffset="4639" SrcFileId="6" StartOffset="4624"/>
</LocList>
</BasicBoolTerm>
<OpTerm BooleanOpId="12" Intrnl_Id="499">
<BasicBoolTerm Intrnl_Id="500">
<LocList>
<Loc EndOffset="4664" SrcFileId="6" StartOffset="4650"/>
</LocList>
</BasicBoolTerm>
<BasicBoolTerm Intrnl_Id="501">
<LocList>
<Loc EndOffset="4695" SrcFileId="6" StartOffset="4668"/>
</LocList>
</BasicBoolTerm>
<LocList>
<Loc EndOffset="4667" SrcFileId="6" StartOffset="4665"/>
</LocList>
</OpTerm>
<LocList>
<Loc EndOffset="4648" SrcFileId="6" StartOffset="4646"/>
</LocList>
</OpTerm>
</RootTerm>
</CondStmnt>
</StmntSeq>
</Branch>
<Branch CovItemId="B22" CovItemPrefix="csse376_puerto_rico.GameState.java" Implct="false" Intrnl_Id="502">
<Cond>
<Loc EndOffset="4964" SrcFileId="6" StartOffset="4960"/>
</Cond>
<LocList>
<Loc EndOffset="5359" SrcFileId="6" StartOffset="4965"/>
</LocList>
<StmntSeq Intrnl_Id="503">
<LocList>
<Loc EndOffset="5359" SrcFileId="6" StartOffset="4965"/>
</LocList>
<CondStmnt CovItemId="S84" CovItemPrefix="csse376_puerto_rico.GameState.java" Intrnl_Id="504">
<Branch CovItemId="B29" CovItemPrefix="csse376_puerto_rico.GameState.java" Implct="false" Intrnl_Id="505">
<Cond/>
<LocList>
<Loc EndOffset="5359" SrcFileId="6" StartOffset="4983"/>
</LocList>
<StmntSeq Intrnl_Id="506">
<LocList>
<Loc EndOffset="5017" SrcFileId="6" StartOffset="4989"/>
<Loc EndOffset="5354" SrcFileId="6" StartOffset="5022"/>
</LocList>
<BasicStmnt CovItemId="S85" CovItemPrefix="csse376_puerto_rico.GameState.java" Intrnl_Id="507">
<LocList>
<Loc EndOffset="5017" SrcFileId="6" StartOffset="4989"/>
</LocList>
</BasicStmnt>
<CondStmnt CovItemId="S86" CovItemPrefix="csse376_puerto_rico.GameState.java" Intrnl_Id="508">
<Branch CovItemId="B31" CovItemPrefix="csse376_puerto_rico.GameState.java" Implct="false" Intrnl_Id="509">
<Cond/>
<LocList>
<Loc EndOffset="5318" SrcFileId="6" StartOffset="5100"/>
</LocList>
<StmntSeq Intrnl_Id="510">
<LocList>
<Loc EndOffset="5143" SrcFileId="6" StartOffset="5107"/>
<Loc EndOffset="5195" SrcFileId="6" StartOffset="5149"/>
<Loc EndOffset="5312" SrcFileId="6" StartOffset="5201"/>
</LocList>
<BasicStmnt CovItemId="S87" CovItemPrefix="csse376_puerto_rico.GameState.java" Intrnl_Id="511">
<LocList>
<Loc EndOffset="5143" SrcFileId="6" StartOffset="5107"/>
</LocList>
</BasicStmnt>
<CondStmnt CovItemId="S88" CovItemPrefix="csse376_puerto_rico.GameState.java" Intrnl_Id="512">
<Branch CovItemId="B33" CovItemPrefix="csse376_puerto_rico.GameState.java" Implct="false" Intrnl_Id="513">
<Cond/>
<LocList>
<Loc EndOffset="5195" SrcFileId="6" StartOffset="5173"/>
</LocList>
<StmntSeq Intrnl_Id="514">
<LocList>
<Loc EndOffset="5195" SrcFileId="6" StartOffset="5173"/>
</LocList>
<BasicStmnt CovItemId="S89" CovItemPrefix="csse376_puerto_rico.GameState.java" Intrnl_Id="515">
<LocList>
<Loc EndOffset="5195" SrcFileId="6" StartOffset="5173"/>
</LocList>
</BasicStmnt>
</StmntSeq>
</Branch>
<Branch CovItemId="B34" CovItemPrefix="csse376_puerto_rico.GameState.java" Implct="true" Intrnl_Id="516">
<Cond/>
<LocList/>
<StmntSeq Intrnl_Id="517">
<LocList/>
</StmntSeq>
</Branch>
<Keyword EndOffset="5151" SrcFileId="6" StartOffset="5149"/>
<LocList>
<Loc EndOffset="5195" SrcFileId="6" StartOffset="5149"/>
</LocList>
<RootTerm CovItemId="C18" CovItemPrefix="csse376_puerto_rico.GameState.java" Intrnl_Id="518">
<BasicBoolTerm Intrnl_Id="519">
<LocList>
<Loc EndOffset="5165" SrcFileId="6" StartOffset="5153"/>
</LocList>
</BasicBoolTerm>
</RootTerm>
</CondStmnt>
<CondStmnt CovItemId="S90" CovItemPrefix="csse376_puerto_rico.GameState.java" Intrnl_Id="520">
<Branch CovItemId="B35" CovItemPrefix="csse376_puerto_rico.GameState.java" Implct="false" Intrnl_Id="521">
<Cond/>
<LocList>
<Loc EndOffset="5249" SrcFileId="6" StartOffset="5219"/>
</LocList>
<StmntSeq Intrnl_Id="522">
<LocList>
<Loc EndOffset="5242" SrcFileId="6" StartOffset="5227"/>
</LocList>
<BasicStmnt CovItemId="S91" CovItemPrefix="csse376_puerto_rico.GameState.java" Intrnl_Id="523">
<LocList>
<Loc EndOffset="5242" SrcFileId="6" StartOffset="5227"/>
</LocList>
</BasicStmnt>
</StmntSeq>
</Branch>
<Branch CovItemId="B36" CovItemPrefix="csse376_puerto_rico.GameState.java" Implct="false" Intrnl_Id="524">
<Cond>
<Loc EndOffset="5254" SrcFileId="6" StartOffset="5250"/>
</Cond>
<LocList>
<Loc EndOffset="5312" SrcFileId="6" StartOffset="5255"/>
</LocList>
<StmntSeq Intrnl_Id="525">
<LocList>
<Loc EndOffset="5285" SrcFileId="6" StartOffset="5263"/>
<Loc EndOffset="5305" SrcFileId="6" StartOffset="5292"/>
</LocList>
<BasicStmnt CovItemId="S92" CovItemPrefix="csse376_puerto_rico.GameState.java" Intrnl_Id="526">
<LocList>
<Loc EndOffset="5285" SrcFileId="6" StartOffset="5263"/>
</LocList>
</BasicStmnt>
<BasicStmnt CovItemId="S93" CovItemPrefix="csse376_puerto_rico.GameState.java" Intrnl_Id="527">
<LocList>
<Loc EndOffset="5305" SrcFileId="6" StartOffset="5292"/>
</LocList>
</BasicStmnt>
</StmntSeq>
</Branch>
<Keyword EndOffset="5203" SrcFileId="6" StartOffset="5201"/>
<LocList>
<Loc EndOffset="5312" SrcFileId="6" StartOffset="5201"/>
</LocList>
<RootTerm CovItemId="C19" CovItemPrefix="csse376_puerto_rico.GameState.java" Intrnl_Id="528">
<BasicBoolTerm Intrnl_Id="529">
<LocList>
<Loc EndOffset="5217" SrcFileId="6" StartOffset="5205"/>
</LocList>
</BasicBoolTerm>
</RootTerm>
</CondStmnt>
</StmntSeq>
</Branch>
<Branch CovItemId="B32" CovItemPrefix="csse376_puerto_rico.GameState.java" Implct="false" Intrnl_Id="530">
<Cond>
<Loc EndOffset="5323" SrcFileId="6" StartOffset="5319"/>
</Cond>
<LocList>
<Loc EndOffset="5354" SrcFileId="6" StartOffset="5324"/>
</LocList>
<StmntSeq Intrnl_Id="531">
<LocList>
<Loc EndOffset="5348" SrcFileId="6" StartOffset="5331"/>
</LocList>
<BasicStmnt CovItemId="S94" CovItemPrefix="csse376_puerto_rico.GameState.java" Intrnl_Id="532">
<LocList>
<Loc EndOffset="5348" SrcFileId="6" StartOffset="5331"/>
</LocList>
</BasicStmnt>
</StmntSeq>
</Branch>
<Keyword EndOffset="5024" SrcFileId="6" StartOffset="5022"/>
<LocList>
<Loc EndOffset="5354" SrcFileId="6" StartOffset="5022"/>
</LocList>
<RootTerm CovItemId="C17" CovItemPrefix="csse376_puerto_rico.GameState.java" Intrnl_Id="533">
<OpTerm BooleanOpId="13" Intrnl_Id="534">
<BasicBoolTerm Intrnl_Id="535">
<LocList>
<Loc EndOffset="5041" SrcFileId="6" StartOffset="5026"/>
</LocList>
</BasicBoolTerm>
<OpTerm BooleanOpId="12" Intrnl_Id="536">
<BasicBoolTerm Intrnl_Id="537">
<LocList>
<Loc EndOffset="5066" SrcFileId="6" StartOffset="5052"/>
</LocList>
</BasicBoolTerm>
<BasicBoolTerm Intrnl_Id="538">
<LocList>
<Loc EndOffset="5097" SrcFileId="6" StartOffset="5070"/>
</LocList>
</BasicBoolTerm>
<LocList>
<Loc EndOffset="5069" SrcFileId="6" StartOffset="5067"/>
</LocList>
</OpTerm>
<LocList>
<Loc EndOffset="5050" SrcFileId="6" StartOffset="5048"/>
</LocList>
</OpTerm>
</RootTerm>
</CondStmnt>
</StmntSeq>
</Branch>
<Branch CovItemId="B30" CovItemPrefix="csse376_puerto_rico.GameState.java" Implct="true" Intrnl_Id="539">
<Cond/>
<LocList/>
<StmntSeq Intrnl_Id="540">
<LocList/>
</StmntSeq>
</Branch>
<Keyword EndOffset="4967" SrcFileId="6" StartOffset="4965"/>
<LocList>
<Loc EndOffset="5359" SrcFileId="6" StartOffset="4965"/>
</LocList>
<RootTerm CovItemId="C16" CovItemPrefix="csse376_puerto_rico.GameState.java" Intrnl_Id="541">
<BasicBoolTerm Intrnl_Id="542">
<LocList>
<Loc EndOffset="4981" SrcFileId="6" StartOffset="4969"/>
</LocList>
</BasicBoolTerm>
</RootTerm>
</CondStmnt>
</StmntSeq>
</Branch>
<Keyword EndOffset="4565" SrcFileId="6" StartOffset="4563"/>
<LocList>
<Loc EndOffset="5359" SrcFileId="6" StartOffset="4563"/>
</LocList>
<RootTerm CovItemId="C12" CovItemPrefix="csse376_puerto_rico.GameState.java" Intrnl_Id="543">
<BasicBoolTerm Intrnl_Id="544">
<LocList>
<Loc EndOffset="4579" SrcFileId="6" StartOffset="4567"/>
</LocList>
</BasicBoolTerm>
</RootTerm>
</CondStmnt>
</StmntSeq>
</Branch>
<Keyword EndOffset="4161" SrcFileId="6" StartOffset="4159"/>
<LocList>
<Loc EndOffset="5359" SrcFileId="6" StartOffset="4159"/>
</LocList>
<RootTerm CovItemId="C8" CovItemPrefix="csse376_puerto_rico.GameState.java" Intrnl_Id="545">
<BasicBoolTerm Intrnl_Id="546">
<LocList>
<Loc EndOffset="4175" SrcFileId="6" StartOffset="4163"/>
</LocList>
</BasicBoolTerm>
</RootTerm>
</CondStmnt>
<BasicStmnt CovItemId="S95" CovItemPrefix="csse376_puerto_rico.GameState.java" Intrnl_Id="547">
<LocList>
<Loc EndOffset="5379" SrcFileId="6" StartOffset="5363"/>
</LocList>
</BasicStmnt>
</StmntSeq>
</HierarchyLvl>
<HierarchyLvl HierarchyLvlId="3718" HierarchyLvlTypeId="16" Intrnl_Id="548" Name="isAbleToAddGood">
<Header>
<Loc EndOffset="5420" SrcFileId="6" StartOffset="5388"/>
</Header>
<LocList>
<Loc EndOffset="5534" SrcFileId="6" StartOffset="5388"/>
</LocList>
<StmntSeq Intrnl_Id="549">
<LocList>
<Loc EndOffset="5513" SrcFileId="6" StartOffset="5428"/>
<Loc EndOffset="5530" SrcFileId="6" StartOffset="5517"/>
</LocList>
<LoopStmnt CovItemId="S96" CovItemPrefix="csse376_puerto_rico.GameState.java" Intrnl_Id="550" MltplExecId="L6-2" MltplExecPrefix="csse376_puerto_rico.GameState.java" NvrExecId="L6-0" NvrExecPrefix="csse376_puerto_rico.GameState.java" OnceExecutedId="L6-1" OnceExecutedPrefix="csse376_puerto_rico.GameState.java" OptBodyExec="true">
<StmntSeq Intrnl_Id="551">
<LocList>
<Loc EndOffset="5508" SrcFileId="6" StartOffset="5459"/>
</LocList>
<CondStmnt CovItemId="S97" CovItemPrefix="csse376_puerto_rico.GameState.java" Intrnl_Id="552">
<Branch CovItemId="B37" CovItemPrefix="csse376_puerto_rico.GameState.java" Implct="false" Intrnl_Id="553">
<Cond/>
<LocList>
<Loc EndOffset="5508" SrcFileId="6" StartOffset="5483"/>
</LocList>
<StmntSeq Intrnl_Id="554">
<LocList>
<Loc EndOffset="5502" SrcFileId="6" StartOffset="5490"/>
</LocList>
<BasicStmnt CovItemId="S98" CovItemPrefix="csse376_puerto_rico.GameState.java" Intrnl_Id="555">
<LocList>
<Loc EndOffset="5502" SrcFileId="6" StartOffset="5490"/>
</LocList>
</BasicStmnt>
</StmntSeq>
</Branch>
<Branch CovItemId="B38" CovItemPrefix="csse376_puerto_rico.GameState.java" Implct="true" Intrnl_Id="556">
<Cond/>
<LocList/>
<StmntSeq Intrnl_Id="557">
<LocList/>
</StmntSeq>
</Branch>
<Keyword EndOffset="5461" SrcFileId="6" StartOffset="5459"/>
<LocList>
<Loc EndOffset="5508" SrcFileId="6" StartOffset="5459"/>
</LocList>
<RootTerm CovItemId="C20" CovItemPrefix="csse376_puerto_rico.GameState.java" Intrnl_Id="558">
<BasicBoolTerm Intrnl_Id="559">
<LocList>
<Loc EndOffset="5481" SrcFileId="6" StartOffset="5463"/>
</LocList>
</BasicBoolTerm>
</RootTerm>
</CondStmnt>
</StmntSeq>
<Keyword EndOffset="5431" SrcFileId="6" StartOffset="5428"/>
<LocList>
<Loc EndOffset="5513" SrcFileId="6" StartOffset="5428"/>
</LocList>
</LoopStmnt>
<BasicStmnt CovItemId="S99" CovItemPrefix="csse376_puerto_rico.GameState.java" Intrnl_Id="560">
<LocList>
<Loc EndOffset="5530" SrcFileId="6" StartOffset="5517"/>
</LocList>
</BasicStmnt>
</StmntSeq>
</HierarchyLvl>
<HierarchyLvl HierarchyLvlId="3719" HierarchyLvlTypeId="16" Intrnl_Id="561" Name="isAbleToAddGood">
<Header>
<Loc EndOffset="5579" SrcFileId="6" StartOffset="5539"/>
</Header>
<LocList>
<Loc EndOffset="5887" SrcFileId="6" StartOffset="5539"/>
</LocList>
<StmntSeq Intrnl_Id="562">
<LocList>
<Loc EndOffset="5631" SrcFileId="6" StartOffset="5585"/>
<Loc EndOffset="5866" SrcFileId="6" StartOffset="5635"/>
<Loc EndOffset="5883" SrcFileId="6" StartOffset="5870"/>
</LocList>
<BasicStmnt CovItemId="S100" CovItemPrefix="csse376_puerto_rico.GameState.java" Intrnl_Id="563">
<LocList>
<Loc EndOffset="5631" SrcFileId="6" StartOffset="5585"/>
</LocList>
</BasicStmnt>
<LoopStmnt CovItemId="S101" CovItemPrefix="csse376_puerto_rico.GameState.java" Intrnl_Id="564" MltplExecId="L7-2" MltplExecPrefix="csse376_puerto_rico.GameState.java" NvrExecId="L7-0" NvrExecPrefix="csse376_puerto_rico.GameState.java" OnceExecutedId="L7-1" OnceExecutedPrefix="csse376_puerto_rico.GameState.java" OptBodyExec="true">
<StmntSeq Intrnl_Id="565">
<LocList>
<Loc EndOffset="5861" SrcFileId="6" StartOffset="5678"/>
</LocList>
<CondStmnt CovItemId="S102" CovItemPrefix="csse376_puerto_rico.GameState.java" Intrnl_Id="566">
<Branch CovItemId="B39" CovItemPrefix="csse376_puerto_rico.GameState.java" Implct="false" Intrnl_Id="567">
<Cond/>
<LocList>
<Loc EndOffset="5861" SrcFileId="6" StartOffset="5711"/>
</LocList>
<StmntSeq Intrnl_Id="568">
<LocList>
<Loc EndOffset="5855" SrcFileId="6" StartOffset="5718"/>
</LocList>
<LoopStmnt CovItemId="S103" CovItemPrefix="csse376_puerto_rico.GameState.java" Intrnl_Id="569" MltplExecId="L8-2" MltplExecPrefix="csse376_puerto_rico.GameState.java" NvrExecId="L8-0" NvrExecPrefix="csse376_puerto_rico.GameState.java" OnceExecutedId="L8-1" OnceExecutedPrefix="csse376_puerto_rico.GameState.java" OptBodyExec="true">
<StmntSeq Intrnl_Id="570">
<LocList>
<Loc EndOffset="5794" SrcFileId="6" StartOffset="5755"/>
<Loc EndOffset="5848" SrcFileId="6" StartOffset="5801"/>
</LocList>
<BasicStmnt CovItemId="S104" CovItemPrefix="csse376_puerto_rico.GameState.java" Intrnl_Id="571">
<LocList>
<Loc EndOffset="5794" SrcFileId="6" StartOffset="5755"/>
</LocList>
</BasicStmnt>
<CondStmnt CovItemId="S105" CovItemPrefix="csse376_puerto_rico.GameState.java" Intrnl_Id="572">
<Branch CovItemId="B41" CovItemPrefix="csse376_puerto_rico.GameState.java" Implct="false" Intrnl_Id="573">
<Cond/>
<LocList>
<Loc EndOffset="5848" SrcFileId="6" StartOffset="5817"/>
</LocList>
<StmntSeq Intrnl_Id="574">
<LocList>
<Loc EndOffset="5838" SrcFileId="6" StartOffset="5826"/>
</LocList>
<BasicStmnt CovItemId="S106" CovItemPrefix="csse376_puerto_rico.GameState.java" Intrnl_Id="575">
<LocList>
<Loc EndOffset="5838" SrcFileId="6" StartOffset="5826"/>
</LocList>
</BasicStmnt>
</StmntSeq>
</Branch>
<Branch CovItemId="B42" CovItemPrefix="csse376_puerto_rico.GameState.java" Implct="true" Intrnl_Id="576">
<Cond/>
<LocList/>
<StmntSeq Intrnl_Id="577">
<LocList/>
</StmntSeq>
</Branch>
<Keyword EndOffset="5803" SrcFileId="6" StartOffset="5801"/>
<LocList>
<Loc EndOffset="5848" SrcFileId="6" StartOffset="5801"/>
</LocList>
<RootTerm CovItemId="C23" CovItemPrefix="csse376_puerto_rico.GameState.java" Intrnl_Id="578">
<BasicBoolTerm Intrnl_Id="579">
<LocList>
<Loc EndOffset="5815" SrcFileId="6" StartOffset="5805"/>
</LocList>
</BasicBoolTerm>
</RootTerm>
</CondStmnt>
</StmntSeq>
<Keyword EndOffset="5721" SrcFileId="6" StartOffset="5718"/>
<LocList>
<Loc EndOffset="5855" SrcFileId="6" StartOffset="5718"/>
</LocList>
<RootTerm CovItemId="C22" CovItemPrefix="csse376_puerto_rico.GameState.java" Intrnl_Id="580">
<BasicBoolTerm Intrnl_Id="581">
<LocList>
<Loc EndOffset="5740" SrcFileId="6" StartOffset="5734"/>
</LocList>
</BasicBoolTerm>
</RootTerm>
</LoopStmnt>
</StmntSeq>
</Branch>
<Branch CovItemId="B40" CovItemPrefix="csse376_puerto_rico.GameState.java" Implct="true" Intrnl_Id="582">
<Cond/>
<LocList/>
<StmntSeq Intrnl_Id="583">
<LocList/>
</StmntSeq>
</Branch>
<Keyword EndOffset="5680" SrcFileId="6" StartOffset="5678"/>
<LocList>
<Loc EndOffset="5861" SrcFileId="6" StartOffset="5678"/>
</LocList>
<RootTerm CovItemId="C21" CovItemPrefix="csse376_puerto_rico.GameState.java" Intrnl_Id="584">
<BasicBoolTerm Intrnl_Id="585">
<LocList>
<Loc EndOffset="5709" SrcFileId="6" StartOffset="5682"/>
</LocList>
</BasicBoolTerm>
</RootTerm>
</CondStmnt>
</StmntSeq>
<Keyword EndOffset="5638" SrcFileId="6" StartOffset="5635"/>
<LocList>
<Loc EndOffset="5866" SrcFileId="6" StartOffset="5635"/>
</LocList>
</LoopStmnt>
<BasicStmnt CovItemId="S107" CovItemPrefix="csse376_puerto_rico.GameState.java" Intrnl_Id="586">
<LocList>
<Loc EndOffset="5883" SrcFileId="6" StartOffset="5870"/>
</LocList>
</BasicStmnt>
</StmntSeq>
</HierarchyLvl>
<HierarchyLvl HierarchyLvlId="3720" HierarchyLvlTypeId="16" Intrnl_Id="587" Name="isGameEndState">
<Header>
<Loc EndOffset="5923" SrcFileId="6" StartOffset="5892"/>
</Header>
<LocList>
<Loc EndOffset="5957" SrcFileId="6" StartOffset="5892"/>
</LocList>
<StmntSeq Intrnl_Id="588">
<LocList>
<Loc EndOffset="5953" SrcFileId="6" StartOffset="5931"/>
</LocList>
<BasicStmnt CovItemId="S108" CovItemPrefix="csse376_puerto_rico.GameState.java" Intrnl_Id="589">
<LocList>
<Loc EndOffset="5953" SrcFileId="6" StartOffset="5931"/>
</LocList>
</BasicStmnt>
</StmntSeq>
</HierarchyLvl>
<HierarchyLvl HierarchyLvlId="3721" HierarchyLvlTypeId="16" Intrnl_Id="590" Name="getWinner">
<Header>
<Loc EndOffset="5987" SrcFileId="6" StartOffset="5962"/>
</Header>
<LocList>
<Loc EndOffset="6151" SrcFileId="6" StartOffset="5962"/>
</LocList>
<StmntSeq Intrnl_Id="591">
<LocList>
<Loc EndOffset="6026" SrcFileId="6" StartOffset="5993"/>
<Loc EndOffset="6130" SrcFileId="6" StartOffset="6030"/>
<Loc EndOffset="6147" SrcFileId="6" StartOffset="6136"/>
</LocList>
<BasicStmnt CovItemId="S109" CovItemPrefix="csse376_puerto_rico.GameState.java" Intrnl_Id="592">
<LocList>
<Loc EndOffset="6026" SrcFileId="6" StartOffset="5993"/>
</LocList>
</BasicStmnt>
<LoopStmnt CovItemId="S110" CovItemPrefix="csse376_puerto_rico.GameState.java" Intrnl_Id="593" MltplExecId="L9-2" MltplExecPrefix="csse376_puerto_rico.GameState.java" NvrExecId="L9-0" NvrExecPrefix="csse376_puerto_rico.GameState.java" OnceExecutedId="L9-1" OnceExecutedPrefix="csse376_puerto_rico.GameState.java" OptBodyExec="true">
<StmntSeq Intrnl_Id="594">
<LocList>
<Loc EndOffset="6125" SrcFileId="6" StartOffset="6066"/>
</LocList>
<CondStmnt CovItemId="S111" CovItemPrefix="csse376_puerto_rico.GameState.java" Intrnl_Id="595">
<Branch CovItemId="B43" CovItemPrefix="csse376_puerto_rico.GameState.java" Implct="false" Intrnl_Id="596">
<Cond/>
<LocList>
<Loc EndOffset="6125" SrcFileId="6" StartOffset="6104"/>
</LocList>
<StmntSeq Intrnl_Id="597">
<LocList>
<Loc EndOffset="6119" SrcFileId="6" StartOffset="6111"/>
</LocList>
<BasicStmnt CovItemId="S112" CovItemPrefix="csse376_puerto_rico.GameState.java" Intrnl_Id="598">
<LocList>
<Loc EndOffset="6119" SrcFileId="6" StartOffset="6111"/>
</LocList>
</BasicStmnt>
</StmntSeq>
</Branch>
<Branch CovItemId="B44" CovItemPrefix="csse376_puerto_rico.GameState.java" Implct="true" Intrnl_Id="599">
<Cond/>
<LocList/>
<StmntSeq Intrnl_Id="600">
<LocList/>
</StmntSeq>
</Branch>
<Keyword EndOffset="6068" SrcFileId="6" StartOffset="6066"/>
<LocList>
<Loc EndOffset="6125" SrcFileId="6" StartOffset="6066"/>
</LocList>
<RootTerm CovItemId="C24" CovItemPrefix="csse376_puerto_rico.GameState.java" Intrnl_Id="601">
<BasicBoolTerm Intrnl_Id="602">
<LocList>
<Loc EndOffset="6102" SrcFileId="6" StartOffset="6070"/>
</LocList>
</BasicBoolTerm>
</RootTerm>
</CondStmnt>
</StmntSeq>
<Keyword EndOffset="6033" SrcFileId="6" StartOffset="6030"/>
<LocList>
<Loc EndOffset="6130" SrcFileId="6" StartOffset="6030"/>
</LocList>
</LoopStmnt>
<BasicStmnt CovItemId="S113" CovItemPrefix="csse376_puerto_rico.GameState.java" Intrnl_Id="603">
<LocList>
<Loc EndOffset="6147" SrcFileId="6" StartOffset="6136"/>
</LocList>
</BasicStmnt>
</StmntSeq>
</HierarchyLvl>
<HierarchyLvl HierarchyLvlId="3722" HierarchyLvlTypeId="16" Intrnl_Id="604" Name="updateAtEndOfTurn">
<Header>
<Loc EndOffset="6187" SrcFileId="6" StartOffset="6156"/>
</Header>
<LocList>
<Loc EndOffset="6471" SrcFileId="6" StartOffset="6156"/>
</LocList>
<StmntSeq Intrnl_Id="605">
<LocList>
<Loc EndOffset="6215" SrcFileId="6" StartOffset="6193"/>
<Loc EndOffset="6315" SrcFileId="6" StartOffset="6243"/>
<Loc EndOffset="6391" SrcFileId="6" StartOffset="6319"/>
<Loc EndOffset="6467" SrcFileId="6" StartOffset="6395"/>
</LocList>
<BasicStmnt CovItemId="S114" CovItemPrefix="csse376_puerto_rico.GameState.java" Intrnl_Id="606">
<LocList>
<Loc EndOffset="6215" SrcFileId="6" StartOffset="6193"/>
</LocList>
</BasicStmnt>
<CondStmnt CovItemId="S115" CovItemPrefix="csse376_puerto_rico.GameState.java" Intrnl_Id="607">
<Branch CovItemId="B45" CovItemPrefix="csse376_puerto_rico.GameState.java" Implct="false" Intrnl_Id="608">
<Cond/>
<LocList>
<Loc EndOffset="6315" SrcFileId="6" StartOffset="6264"/>
</LocList>
<StmntSeq Intrnl_Id="609">
<LocList>
<Loc EndOffset="6285" SrcFileId="6" StartOffset="6270"/>
<Loc EndOffset="6310" SrcFileId="6" StartOffset="6290"/>
</LocList>
<BasicStmnt CovItemId="S116" CovItemPrefix="csse376_puerto_rico.GameState.java" Intrnl_Id="610">
<LocList>
<Loc EndOffset="6285" SrcFileId="6" StartOffset="6270"/>
</LocList>
</BasicStmnt>
<BasicStmnt CovItemId="S117" CovItemPrefix="csse376_puerto_rico.GameState.java" Intrnl_Id="611">
<LocList>
<Loc EndOffset="6310" SrcFileId="6" StartOffset="6290"/>
</LocList>
</BasicStmnt>
</StmntSeq>
</Branch>
<Branch CovItemId="B46" CovItemPrefix="csse376_puerto_rico.GameState.java" Implct="true" Intrnl_Id="612">
<Cond/>
<LocList/>
<StmntSeq Intrnl_Id="613">
<LocList/>
</StmntSeq>
</Branch>
<Keyword EndOffset="6245" SrcFileId="6" StartOffset="6243"/>
<LocList>
<Loc EndOffset="6315" SrcFileId="6" StartOffset="6243"/>
</LocList>
<RootTerm CovItemId="C25" CovItemPrefix="csse376_puerto_rico.GameState.java" Intrnl_Id="614">
<BasicBoolTerm Intrnl_Id="615">
<LocList>
<Loc EndOffset="6262" SrcFileId="6" StartOffset="6247"/>
</LocList>
</BasicBoolTerm>
</RootTerm>
</CondStmnt>
<CondStmnt CovItemId="S118" CovItemPrefix="csse376_puerto_rico.GameState.java" Intrnl_Id="616">
<Branch CovItemId="B47" CovItemPrefix="csse376_puerto_rico.GameState.java" Implct="false" Intrnl_Id="617">
<Cond/>
<LocList>
<Loc EndOffset="6391" SrcFileId="6" StartOffset="6340"/>
</LocList>
<StmntSeq Intrnl_Id="618">
<LocList>
<Loc EndOffset="6361" SrcFileId="6" StartOffset="6346"/>
<Loc EndOffset="6386" SrcFileId="6" StartOffset="6366"/>
</LocList>
<BasicStmnt CovItemId="S119" CovItemPrefix="csse376_puerto_rico.GameState.java" Intrnl_Id="619">
<LocList>
<Loc EndOffset="6361" SrcFileId="6" StartOffset="6346"/>
</LocList>
</BasicStmnt>
<BasicStmnt CovItemId="S120" CovItemPrefix="csse376_puerto_rico.GameState.java" Intrnl_Id="620">
<LocList>
<Loc EndOffset="6386" SrcFileId="6" StartOffset="6366"/>
</LocList>
</BasicStmnt>
</StmntSeq>
</Branch>
<Branch CovItemId="B48" CovItemPrefix="csse376_puerto_rico.GameState.java" Implct="true" Intrnl_Id="621">
<Cond/>
<LocList/>
<StmntSeq Intrnl_Id="622">
<LocList/>
</StmntSeq>
</Branch>
<Keyword EndOffset="6321" SrcFileId="6" StartOffset="6319"/>
<LocList>
<Loc EndOffset="6391" SrcFileId="6" StartOffset="6319"/>
</LocList>
<RootTerm CovItemId="C26" CovItemPrefix="csse376_puerto_rico.GameState.java" Intrnl_Id="623">
<BasicBoolTerm Intrnl_Id="624">
<LocList>
<Loc EndOffset="6338" SrcFileId="6" StartOffset="6323"/>
</LocList>
</BasicBoolTerm>
</RootTerm>
</CondStmnt>
<CondStmnt CovItemId="S121" CovItemPrefix="csse376_puerto_rico.GameState.java" Intrnl_Id="625">
<Branch CovItemId="B49" CovItemPrefix="csse376_puerto_rico.GameState.java" Implct="false" Intrnl_Id="626">
<Cond/>
<LocList>
<Loc EndOffset="6467" SrcFileId="6" StartOffset="6416"/>
</LocList>
<StmntSeq Intrnl_Id="627">
<LocList>
<Loc EndOffset="6437" SrcFileId="6" StartOffset="6422"/>
<Loc EndOffset="6462" SrcFileId="6" StartOffset="6442"/>
</LocList>
<BasicStmnt CovItemId="S122" CovItemPrefix="csse376_puerto_rico.GameState.java" Intrnl_Id="628">
<LocList>
<Loc EndOffset="6437" SrcFileId="6" StartOffset="6422"/>
</LocList>
</BasicStmnt>
<BasicStmnt CovItemId="S123" CovItemPrefix="csse376_puerto_rico.GameState.java" Intrnl_Id="629">
<LocList>
<Loc EndOffset="6462" SrcFileId="6" StartOffset="6442"/>
</LocList>
</BasicStmnt>
</StmntSeq>
</Branch>
<Branch CovItemId="B50" CovItemPrefix="csse376_puerto_rico.GameState.java" Implct="true" Intrnl_Id="630">
<Cond/>
<LocList/>
<StmntSeq Intrnl_Id="631">
<LocList/>
</StmntSeq>
</Branch>
<Keyword EndOffset="6397" SrcFileId="6" StartOffset="6395"/>
<LocList>
<Loc EndOffset="6467" SrcFileId="6" StartOffset="6395"/>
</LocList>
<RootTerm CovItemId="C27" CovItemPrefix="csse376_puerto_rico.GameState.java" Intrnl_Id="632">
<BasicBoolTerm Intrnl_Id="633">
<LocList>
<Loc EndOffset="6414" SrcFileId="6" StartOffset="6399"/>
</LocList>
</BasicBoolTerm>
</RootTerm>
</CondStmnt>
</StmntSeq>
</HierarchyLvl>
</HierarchyLvl>
<HierarchyLvl HierarchyLvlId="3736" HierarchyLvlTypeId="15" Intrnl_Id="634" Name="GameBoardGUI">
<Header>
<Loc EndOffset="460" SrcFileId="7" StartOffset="435"/>
</Header>
<LocList>
<Loc EndOffset="22478" SrcFileId="7" StartOffset="435"/>
</LocList>
<HierarchyLvl HierarchyLvlId="3724" HierarchyLvlTypeId="16" Intrnl_Id="635" Name="GameBoardGUI">
<Header>
<Loc EndOffset="774" SrcFileId="7" StartOffset="753"/>
</Header>
<LocList>
<Loc EndOffset="997" SrcFileId="7" StartOffset="753"/>
</LocList>
<StmntSeq Intrnl_Id="636">
<LocList>
<Loc EndOffset="838" SrcFileId="7" StartOffset="808"/>
<Loc EndOffset="879" SrcFileId="7" StartOffset="842"/>
<Loc EndOffset="922" SrcFileId="7" StartOffset="883"/>
<Loc EndOffset="956" SrcFileId="7" StartOffset="926"/>
<Loc EndOffset="993" SrcFileId="7" StartOffset="960"/>
</LocList>
<BasicStmnt CovItemId="S1" CovItemPrefix="csse376_puerto_rico.GameBoardGUI.java" Intrnl_Id="637">
<LocList>
<Loc EndOffset="838" SrcFileId="7" StartOffset="808"/>
</LocList>
</BasicStmnt>
<BasicStmnt CovItemId="S2" CovItemPrefix="csse376_puerto_rico.GameBoardGUI.java" Intrnl_Id="638">
<LocList>
<Loc EndOffset="879" SrcFileId="7" StartOffset="842"/>
</LocList>
</BasicStmnt>
<BasicStmnt CovItemId="S3" CovItemPrefix="csse376_puerto_rico.GameBoardGUI.java" Intrnl_Id="639">
<LocList>
<Loc EndOffset="922" SrcFileId="7" StartOffset="883"/>
</LocList>
</BasicStmnt>
<BasicStmnt CovItemId="S4" CovItemPrefix="csse376_puerto_rico.GameBoardGUI.java" Intrnl_Id="640">
<LocList>
<Loc EndOffset="956" SrcFileId="7" StartOffset="926"/>
</LocList>
</BasicStmnt>
<BasicStmnt CovItemId="S5" CovItemPrefix="csse376_puerto_rico.GameBoardGUI.java" Intrnl_Id="641">
<LocList>
<Loc EndOffset="993" SrcFileId="7" StartOffset="960"/>
</LocList>
</BasicStmnt>
</StmntSeq>
</HierarchyLvl>
<HierarchyLvl HierarchyLvlId="3725" HierarchyLvlTypeId="16" Intrnl_Id="642" Name="GameBoardGUI">
<Header>
<Loc EndOffset="1054" SrcFileId="7" StartOffset="1002"/>
</Header>
<LocList>
<Loc EndOffset="1831" SrcFileId="7" StartOffset="1002"/>
</LocList>
<StmntSeq Intrnl_Id="643">
<LocList>
<Loc EndOffset="1099" SrcFileId="7" StartOffset="1060"/>
<Loc EndOffset="1126" SrcFileId="7" StartOffset="1103"/>
<Loc EndOffset="1169" SrcFileId="7" StartOffset="1130"/>
<Loc EndOffset="1217" SrcFileId="7" StartOffset="1173"/>
<Loc EndOffset="1266" SrcFileId="7" StartOffset="1221"/>
<Loc EndOffset="1312" SrcFileId="7" StartOffset="1270"/>
<Loc EndOffset="1351" SrcFileId="7" StartOffset="1316"/>
<Loc EndOffset="1388" SrcFileId="7" StartOffset="1355"/>
<Loc EndOffset="1412" SrcFileId="7" StartOffset="1392"/>
<Loc EndOffset="1446" SrcFileId="7" StartOffset="1416"/>
<Loc EndOffset="1487" SrcFileId="7" StartOffset="1450"/>
<Loc EndOffset="1511" SrcFileId="7" StartOffset="1493"/>
<Loc EndOffset="1743" SrcFileId="7" StartOffset="1515"/>
<Loc EndOffset="1790" SrcFileId="7" StartOffset="1747"/>
<Loc EndOffset="1827" SrcFileId="7" StartOffset="1796"/>
</LocList>
<BasicStmnt CovItemId="S6" CovItemPrefix="csse376_puerto_rico.GameBoardGUI.java" Intrnl_Id="644">
<LocList>
<Loc EndOffset="1099" SrcFileId="7" StartOffset="1060"/>
</LocList>
</BasicStmnt>
<BasicStmnt CovItemId="S7" CovItemPrefix="csse376_puerto_rico.GameBoardGUI.java" Intrnl_Id="645">
<LocList>
<Loc EndOffset="1126" SrcFileId="7" StartOffset="1103"/>
</LocList>
</BasicStmnt>
<BasicStmnt CovItemId="S8" CovItemPrefix="csse376_puerto_rico.GameBoardGUI.java" Intrnl_Id="646">
<LocList>
<Loc EndOffset="1169" SrcFileId="7" StartOffset="1130"/>
</LocList>
</BasicStmnt>
<BasicStmnt CovItemId="S9" CovItemPrefix="csse376_puerto_rico.GameBoardGUI.java" Intrnl_Id="647">
<LocList>
<Loc EndOffset="1217" SrcFileId="7" StartOffset="1173"/>
</LocList>
</BasicStmnt>
<BasicStmnt CovItemId="S10" CovItemPrefix="csse376_puerto_rico.GameBoardGUI.java" Intrnl_Id="648">
<LocList>
<Loc EndOffset="1266" SrcFileId="7" StartOffset="1221"/>
</LocList>
</BasicStmnt>
<BasicStmnt CovItemId="S11" CovItemPrefix="csse376_puerto_rico.GameBoardGUI.java" Intrnl_Id="649">
<LocList>
<Loc EndOffset="1312" SrcFileId="7" StartOffset="1270"/>
</LocList>
</BasicStmnt>
<BasicStmnt CovItemId="S12" CovItemPrefix="csse376_puerto_rico.GameBoardGUI.java" Intrnl_Id="650">
<LocList>
<Loc EndOffset="1351" SrcFileId="7" StartOffset="1316"/>
</LocList>
</BasicStmnt>
<BasicStmnt CovItemId="S13" CovItemPrefix="csse376_puerto_rico.GameBoardGUI.java" Intrnl_Id="651">
<LocList>
<Loc EndOffset="1388" SrcFileId="7" StartOffset="1355"/>
</LocList>
</BasicStmnt>
<BasicStmnt CovItemId="S14" CovItemPrefix="csse376_puerto_rico.GameBoardGUI.java" Intrnl_Id="652">
<LocList>
<Loc EndOffset="1412" SrcFileId="7" StartOffset="1392"/>
</LocList>
</BasicStmnt>
<BasicStmnt CovItemId="S15" CovItemPrefix="csse376_puerto_rico.GameBoardGUI.java" Intrnl_Id="653">
<LocList>
<Loc EndOffset="1446" SrcFileId="7" StartOffset="1416"/>
</LocList>
</BasicStmnt>
<BasicStmnt CovItemId="S16" CovItemPrefix="csse376_puerto_rico.GameBoardGUI.java" Intrnl_Id="654">
<LocList>
<Loc EndOffset="1487" SrcFileId="7" StartOffset="1450"/>
</LocList>
</BasicStmnt>
<BasicStmnt CovItemId="S17" CovItemPrefix="csse376_puerto_rico.GameBoardGUI.java" Intrnl_Id="655">
<LocList>
<Loc EndOffset="1511" SrcFileId="7" StartOffset="1493"/>
</LocList>
</BasicStmnt>
<LoopStmnt CovItemId="S18" CovItemPrefix="csse376_puerto_rico.GameBoardGUI.java" Intrnl_Id="656" MltplExecId="L1-2" MltplExecPrefix="csse376_puerto_rico.GameBoardGUI.java" NvrExecId="L1-0" NvrExecPrefix="csse376_puerto_rico.GameBoardGUI.java" OnceExecutedId="L1-1" OnceExecutedPrefix="csse376_puerto_rico.GameBoardGUI.java" OptBodyExec="true">
<StmntSeq Intrnl_Id="657">
<LocList>
<Loc EndOffset="1671" SrcFileId="7" StartOffset="1625"/>
<Loc EndOffset="1738" SrcFileId="7" StartOffset="1676"/>
</LocList>
<BasicStmnt CovItemId="S19" CovItemPrefix="csse376_puerto_rico.GameBoardGUI.java" Intrnl_Id="658">
<LocList>
<Loc EndOffset="1671" SrcFileId="7" StartOffset="1625"/>
</LocList>
</BasicStmnt>
<CondStmnt CovItemId="S20" CovItemPrefix="csse376_puerto_rico.GameBoardGUI.java" Intrnl_Id="659">
<Branch CovItemId="B1" CovItemPrefix="csse376_puerto_rico.GameBoardGUI.java" Implct="false" Intrnl_Id="660">
<Cond/>
<LocList>
<Loc EndOffset="1738" SrcFileId="7" StartOffset="1701"/>
</LocList>
<StmntSeq Intrnl_Id="661">
<LocList>
<Loc EndOffset="1732" SrcFileId="7" StartOffset="1708"/>
</LocList>
<BasicStmnt CovItemId="S21" CovItemPrefix="csse376_puerto_rico.GameBoardGUI.java" Intrnl_Id="662">
<LocList>
<Loc EndOffset="1732" SrcFileId="7" StartOffset="1708"/>
</LocList>
</BasicStmnt>
</StmntSeq>
</Branch>
<Branch CovItemId="B2" CovItemPrefix="csse376_puerto_rico.GameBoardGUI.java" Implct="true" Intrnl_Id="663">
<Cond/>
<LocList/>
<StmntSeq Intrnl_Id="664">
<LocList/>
</StmntSeq>
</Branch>
<Keyword EndOffset="1678" SrcFileId="7" StartOffset="1676"/>
<LocList>
<Loc EndOffset="1738" SrcFileId="7" StartOffset="1676"/>
</LocList>
<RootTerm CovItemId="C2" CovItemPrefix="csse376_puerto_rico.GameBoardGUI.java" Intrnl_Id="665">
<BasicBoolTerm Intrnl_Id="666">
<LocList>
<Loc EndOffset="1699" SrcFileId="7" StartOffset="1680"/>
</LocList>
</BasicBoolTerm>
</RootTerm>
</CondStmnt>
</StmntSeq>
<Keyword EndOffset="1518" SrcFileId="7" StartOffset="1515"/>
<LocList>
<Loc EndOffset="1743" SrcFileId="7" StartOffset="1515"/>
</LocList>
<RootTerm CovItemId="C1" CovItemPrefix="csse376_puerto_rico.GameBoardGUI.java" Intrnl_Id="667">
<BasicBoolTerm Intrnl_Id="668">
<LocList>
<Loc EndOffset="1616" SrcFileId="7" StartOffset="1585"/>
</LocList>
</BasicBoolTerm>
</RootTerm>
</LoopStmnt>
<BasicStmnt CovItemId="S22" CovItemPrefix="csse376_puerto_rico.GameBoardGUI.java" Intrnl_Id="669">
<LocList>
<Loc EndOffset="1790" SrcFileId="7" StartOffset="1747"/>
</LocList>
</BasicStmnt>
<BasicStmnt CovItemId="S23" CovItemPrefix="csse376_puerto_rico.GameBoardGUI.java" Intrnl_Id="670">
<LocList>
<Loc EndOffset="1827" SrcFileId="7" StartOffset="1796"/>
</LocList>
</BasicStmnt>
</StmntSeq>
</HierarchyLvl>
<HierarchyLvl HierarchyLvlId="3726" HierarchyLvlTypeId="16" Intrnl_Id="671" Name="displayGameState">
<Header>
<Loc EndOffset="1867" SrcFileId="7" StartOffset="1836"/>
</Header>
<LocList>
<Loc EndOffset="3113" SrcFileId="7" StartOffset="1836"/>
</LocList>
<StmntSeq Intrnl_Id="672">
<LocList>
<Loc EndOffset="1929" SrcFileId="7" StartOffset="1873"/>
<Loc EndOffset="1985" SrcFileId="7" StartOffset="1933"/>
<Loc EndOffset="2045" SrcFileId="7" StartOffset="1989"/>
<Loc EndOffset="2103" SrcFileId="7" StartOffset="2049"/>
<Loc EndOffset="2165" SrcFileId="7" StartOffset="2107"/>
<Loc EndOffset="2222" SrcFileId="7" StartOffset="2169"/>
<Loc EndOffset="2282" SrcFileId="7" StartOffset="2226"/>
<Loc EndOffset="2328" SrcFileId="7" StartOffset="2286"/>
<Loc EndOffset="2951" SrcFileId="7" StartOffset="2334"/>
<Loc EndOffset="2984" SrcFileId="7" StartOffset="2955"/>
<Loc EndOffset="3013" SrcFileId="7" StartOffset="2988"/>
<Loc EndOffset="3051" SrcFileId="7" StartOffset="3017"/>
<Loc EndOffset="3109" SrcFileId="7" StartOffset="3055"/>
</LocList>
<BasicStmnt CovItemId="S24" CovItemPrefix="csse376_puerto_rico.GameBoardGUI.java" Intrnl_Id="673">
<LocList>
<Loc EndOffset="1929" SrcFileId="7" StartOffset="1873"/>
</LocList>
</BasicStmnt>
<BasicStmnt CovItemId="S25" CovItemPrefix="csse376_puerto_rico.GameBoardGUI.java" Intrnl_Id="674">
<LocList>
<Loc EndOffset="1985" SrcFileId="7" StartOffset="1933"/>
</LocList>
</BasicStmnt>
<BasicStmnt CovItemId="S26" CovItemPrefix="csse376_puerto_rico.GameBoardGUI.java" Intrnl_Id="675">
<LocList>
<Loc EndOffset="2045" SrcFileId="7" StartOffset="1989"/>
</LocList>
</BasicStmnt>
<BasicStmnt CovItemId="S27" CovItemPrefix="csse376_puerto_rico.GameBoardGUI.java" Intrnl_Id="676">
<LocList>
<Loc EndOffset="2103" SrcFileId="7" StartOffset="2049"/>
</LocList>
</BasicStmnt>
<BasicStmnt CovItemId="S28" CovItemPrefix="csse376_puerto_rico.GameBoardGUI.java" Intrnl_Id="677">
<LocList>
<Loc EndOffset="2165" SrcFileId="7" StartOffset="2107"/>
</LocList>
</BasicStmnt>
<BasicStmnt CovItemId="S29" CovItemPrefix="csse376_puerto_rico.GameBoardGUI.java" Intrnl_Id="678">
<LocList>
<Loc EndOffset="2222" SrcFileId="7" StartOffset="2169"/>
</LocList>
</BasicStmnt>
<BasicStmnt CovItemId="S30" CovItemPrefix="csse376_puerto_rico.GameBoardGUI.java" Intrnl_Id="679">
<LocList>
<Loc EndOffset="2282" SrcFileId="7" StartOffset="2226"/>
</LocList>
</BasicStmnt>
<BasicStmnt CovItemId="S31" CovItemPrefix="csse376_puerto_rico.GameBoardGUI.java" Intrnl_Id="680">
<LocList>
<Loc EndOffset="2328" SrcFileId="7" StartOffset="2286"/>
</LocList>
</BasicStmnt>
<BasicStmnt CovItemId="S32" CovItemPrefix="csse376_puerto_rico.GameBoardGUI.java" Intrnl_Id="681">
<LocList>
<Loc EndOffset="2951" SrcFileId="7" StartOffset="2334"/>
</LocList>
</BasicStmnt>
<BasicStmnt CovItemId="S33" CovItemPrefix="csse376_puerto_rico.GameBoardGUI.java" Intrnl_Id="682">
<LocList>
<Loc EndOffset="2984" SrcFileId="7" StartOffset="2955"/>
</LocList>
</BasicStmnt>
<BasicStmnt CovItemId="S34" CovItemPrefix="csse376_puerto_rico.GameBoardGUI.java" Intrnl_Id="683">
<LocList>
<Loc EndOffset="3013" SrcFileId="7" StartOffset="2988"/>
</LocList>
</BasicStmnt>
<BasicStmnt CovItemId="S35" CovItemPrefix="csse376_puerto_rico.GameBoardGUI.java" Intrnl_Id="684">
<LocList>
<Loc EndOffset="3051" SrcFileId="7" StartOffset="3017"/>
</LocList>
</BasicStmnt>
<BasicStmnt CovItemId="S36" CovItemPrefix="csse376_puerto_rico.GameBoardGUI.java" Intrnl_Id="685">
<LocList>
<Loc EndOffset="3109" SrcFileId="7" StartOffset="3055"/>
</LocList>
</BasicStmnt>
</StmntSeq>
</HierarchyLvl>
<HierarchyLvl HierarchyLvlId="3727" HierarchyLvlTypeId="16" Intrnl_Id="686" Name="updateGameStateDisplay">
<Header>
<Loc EndOffset="3155" SrcFileId="7" StartOffset="3118"/>
</Header>
<LocList>
<Loc EndOffset="4274" SrcFileId="7" StartOffset="3118"/>
</LocList>
<StmntSeq Intrnl_Id="687">
<LocList>
<Loc EndOffset="3217" SrcFileId="7" StartOffset="3161"/>
<Loc EndOffset="3273" SrcFileId="7" StartOffset="3221"/>
<Loc EndOffset="3333" SrcFileId="7" StartOffset="3277"/>
<Loc EndOffset="3391" SrcFileId="7" StartOffset="3337"/>
<Loc EndOffset="3453" SrcFileId="7" StartOffset="3395"/>
<Loc EndOffset="3510" SrcFileId="7" StartOffset="3457"/>
<Loc EndOffset="3570" SrcFileId="7" StartOffset="3514"/>
<Loc EndOffset="3616" SrcFileId="7" StartOffset="3574"/>
<Loc EndOffset="4230" SrcFileId="7" StartOffset="3622"/>
<Loc EndOffset="4270" SrcFileId="7" StartOffset="4236"/>
</LocList>
<BasicStmnt CovItemId="S37" CovItemPrefix="csse376_puerto_rico.GameBoardGUI.java" Intrnl_Id="688">
<LocList>
<Loc EndOffset="3217" SrcFileId="7" StartOffset="3161"/>
</LocList>
</BasicStmnt>
<BasicStmnt CovItemId="S38" CovItemPrefix="csse376_puerto_rico.GameBoardGUI.java" Intrnl_Id="689">
<LocList>
<Loc EndOffset="3273" SrcFileId="7" StartOffset="3221"/>
</LocList>
</BasicStmnt>
<BasicStmnt CovItemId="S39" CovItemPrefix="csse376_puerto_rico.GameBoardGUI.java" Intrnl_Id="690">
<LocList>
<Loc EndOffset="3333" SrcFileId="7" StartOffset="3277"/>
</LocList>
</BasicStmnt>
<BasicStmnt CovItemId="S40" CovItemPrefix="csse376_puerto_rico.GameBoardGUI.java" Intrnl_Id="691">
<LocList>
<Loc EndOffset="3391" SrcFileId="7" StartOffset="3337"/>
</LocList>
</BasicStmnt>
<BasicStmnt CovItemId="S41" CovItemPrefix="csse376_puerto_rico.GameBoardGUI.java" Intrnl_Id="692">
<LocList>
<Loc EndOffset="3453" SrcFileId="7" StartOffset="3395"/>
</LocList>
</BasicStmnt>
<BasicStmnt CovItemId="S42" CovItemPrefix="csse376_puerto_rico.GameBoardGUI.java" Intrnl_Id="693">
<LocList>
<Loc EndOffset="3510" SrcFileId="7" StartOffset="3457"/>
</LocList>
</BasicStmnt>
<BasicStmnt CovItemId="S43" CovItemPrefix="csse376_puerto_rico.GameBoardGUI.java" Intrnl_Id="694">
<LocList>
<Loc EndOffset="3570" SrcFileId="7" StartOffset="3514"/>
</LocList>
</BasicStmnt>
<BasicStmnt CovItemId="S44" CovItemPrefix="csse376_puerto_rico.GameBoardGUI.java" Intrnl_Id="695">
<LocList>
<Loc EndOffset="3616" SrcFileId="7" StartOffset="3574"/>
</LocList>
</BasicStmnt>
<BasicStmnt CovItemId="S45" CovItemPrefix="csse376_puerto_rico.GameBoardGUI.java" Intrnl_Id="696">
<LocList>
<Loc EndOffset="4230" SrcFileId="7" StartOffset="3622"/>
</LocList>
</BasicStmnt>
<BasicStmnt CovItemId="S46" CovItemPrefix="csse376_puerto_rico.GameBoardGUI.java" Intrnl_Id="697">
<LocList>
<Loc EndOffset="4270" SrcFileId="7" StartOffset="4236"/>
</LocList>
</BasicStmnt>
</StmntSeq>
</HierarchyLvl>
<HierarchyLvl HierarchyLvlId="3728" HierarchyLvlTypeId="16" Intrnl_Id="698" Name="displayMessageBar">
<Header>
<Loc EndOffset="4311" SrcFileId="7" StartOffset="4279"/>
</Header>
<LocList>
<Loc EndOffset="4415" SrcFileId="7" StartOffset="4279"/>
</LocList>
<StmntSeq Intrnl_Id="699">
<LocList>
<Loc EndOffset="4339" SrcFileId="7" StartOffset="4317"/>
<Loc EndOffset="4411" SrcFileId="7" StartOffset="4343"/>
</LocList>
<BasicStmnt CovItemId="S47" CovItemPrefix="csse376_puerto_rico.GameBoardGUI.java" Intrnl_Id="700">
<LocList>
<Loc EndOffset="4339" SrcFileId="7" StartOffset="4317"/>
</LocList>
</BasicStmnt>
<BasicStmnt CovItemId="S48" CovItemPrefix="csse376_puerto_rico.GameBoardGUI.java" Intrnl_Id="701">
<LocList>
<Loc EndOffset="4411" SrcFileId="7" StartOffset="4343"/>
</LocList>
</BasicStmnt>
</StmntSeq>
</HierarchyLvl>
<HierarchyLvl HierarchyLvlId="3729" HierarchyLvlTypeId="16" Intrnl_Id="702" Name="addPlayers">
<Header>
<Loc EndOffset="4471" SrcFileId="7" StartOffset="4420"/>
</Header>
<LocList>
<Loc EndOffset="5155" SrcFileId="7" StartOffset="4420"/>
</LocList>
<StmntSeq Intrnl_Id="703">
<LocList>
<Loc EndOffset="5009" SrcFileId="7" StartOffset="4521"/>
<Loc EndOffset="5058" SrcFileId="7" StartOffset="5013"/>
<Loc EndOffset="5083" SrcFileId="7" StartOffset="5064"/>
<Loc EndOffset="5107" SrcFileId="7" StartOffset="5087"/>
<Loc EndOffset="5125" SrcFileId="7" StartOffset="5111"/>
<Loc EndOffset="5151" SrcFileId="7" StartOffset="5131"/>
</LocList>
<LoopStmnt CovItemId="S49" CovItemPrefix="csse376_puerto_rico.GameBoardGUI.java" Intrnl_Id="704" MltplExecId="L2-2" MltplExecPrefix="csse376_puerto_rico.GameBoardGUI.java" NvrExecId="L2-0" NvrExecPrefix="csse376_puerto_rico.GameBoardGUI.java" OnceExecutedId="L2-1" OnceExecutedPrefix="csse376_puerto_rico.GameBoardGUI.java" OptBodyExec="true">
<StmntSeq Intrnl_Id="705">
<LocList>
<Loc EndOffset="4593" SrcFileId="7" StartOffset="4569"/>
<Loc EndOffset="4643" SrcFileId="7" StartOffset="4598"/>
<Loc EndOffset="4666" SrcFileId="7" StartOffset="4648"/>
<Loc EndOffset="4838" SrcFileId="7" StartOffset="4671"/>
<Loc EndOffset="4859" SrcFileId="7" StartOffset="4843"/>
<Loc EndOffset="4883" SrcFileId="7" StartOffset="4864"/>
<Loc EndOffset="4902" SrcFileId="7" StartOffset="4888"/>
<Loc EndOffset="4927" SrcFileId="7" StartOffset="4907"/>
<Loc EndOffset="4976" SrcFileId="7" StartOffset="4932"/>
<Loc EndOffset="5002" SrcFileId="7" StartOffset="4981"/>
</LocList>
<BasicStmnt CovItemId="S50" CovItemPrefix="csse376_puerto_rico.GameBoardGUI.java" Intrnl_Id="706">
<LocList>
<Loc EndOffset="4593" SrcFileId="7" StartOffset="4569"/>
</LocList>
</BasicStmnt>
<CondStmnt CovItemId="S51" CovItemPrefix="csse376_puerto_rico.GameBoardGUI.java" Intrnl_Id="707">
<Branch CovItemId="B3" CovItemPrefix="csse376_puerto_rico.GameBoardGUI.java" Implct="false" Intrnl_Id="708">
<Cond/>
<LocList>
<Loc EndOffset="4643" SrcFileId="7" StartOffset="4610"/>
</LocList>
<StmntSeq Intrnl_Id="709">
<LocList>
<Loc EndOffset="4637" SrcFileId="7" StartOffset="4617"/>
</LocList>
<BasicStmnt CovItemId="S52" CovItemPrefix="csse376_puerto_rico.GameBoardGUI.java" Intrnl_Id="710">
<LocList>
<Loc EndOffset="4637" SrcFileId="7" StartOffset="4617"/>
</LocList>
</BasicStmnt>
</StmntSeq>
</Branch>
<Branch CovItemId="B4" CovItemPrefix="csse376_puerto_rico.GameBoardGUI.java" Implct="true" Intrnl_Id="711">
<Cond/>
<LocList/>
<StmntSeq Intrnl_Id="712">
<LocList/>
</StmntSeq>
</Branch>
<Keyword EndOffset="4600" SrcFileId="7" StartOffset="4598"/>
<LocList>
<Loc EndOffset="4643" SrcFileId="7" StartOffset="4598"/>
</LocList>
<RootTerm CovItemId="C4" CovItemPrefix="csse376_puerto_rico.GameBoardGUI.java" Intrnl_Id="713">
<BasicBoolTerm Intrnl_Id="714">
<LocList>
<Loc EndOffset="4608" SrcFileId="7" StartOffset="4602"/>
</LocList>
</BasicBoolTerm>
</RootTerm>
</CondStmnt>
<BasicStmnt CovItemId="S53" CovItemPrefix="csse376_puerto_rico.GameBoardGUI.java" Intrnl_Id="715">
<LocList>
<Loc EndOffset="4666" SrcFileId="7" StartOffset="4648"/>
</LocList>
</BasicStmnt>
<BasicStmnt CovItemId="S54" CovItemPrefix="csse376_puerto_rico.GameBoardGUI.java" Intrnl_Id="716">
<LocList>
<Loc EndOffset="4838" SrcFileId="7" StartOffset="4671"/>
</LocList>
</BasicStmnt>
<BasicStmnt CovItemId="S55" CovItemPrefix="csse376_puerto_rico.GameBoardGUI.java" Intrnl_Id="717">
<LocList>
<Loc EndOffset="4859" SrcFileId="7" StartOffset="4843"/>
</LocList>
</BasicStmnt>
<BasicStmnt CovItemId="S56" CovItemPrefix="csse376_puerto_rico.GameBoardGUI.java" Intrnl_Id="718">
<LocList>
<Loc EndOffset="4883" SrcFileId="7" StartOffset="4864"/>
</LocList>
</BasicStmnt>
<BasicStmnt CovItemId="S57" CovItemPrefix="csse376_puerto_rico.GameBoardGUI.java" Intrnl_Id="719">
<LocList>
<Loc EndOffset="4902" SrcFileId="7" StartOffset="4888"/>
</LocList>
</BasicStmnt>
<BasicStmnt CovItemId="S58" CovItemPrefix="csse376_puerto_rico.GameBoardGUI.java" Intrnl_Id="720">
<LocList>
<Loc EndOffset="4927" SrcFileId="7" StartOffset="4907"/>
</LocList>
</BasicStmnt>
<BasicStmnt CovItemId="S59" CovItemPrefix="csse376_puerto_rico.GameBoardGUI.java" Intrnl_Id="721">
<LocList>
<Loc EndOffset="4976" SrcFileId="7" StartOffset="4932"/>
</LocList>
</BasicStmnt>
<BasicStmnt CovItemId="S60" CovItemPrefix="csse376_puerto_rico.GameBoardGUI.java" Intrnl_Id="722">
<LocList>
<Loc EndOffset="5002" SrcFileId="7" StartOffset="4981"/>
</LocList>
</BasicStmnt>
</StmntSeq>
<Keyword EndOffset="4524" SrcFileId="7" StartOffset="4521"/>
<LocList>
<Loc EndOffset="5009" SrcFileId="7" StartOffset="4521"/>
</LocList>
<RootTerm CovItemId="C3" CovItemPrefix="csse376_puerto_rico.GameBoardGUI.java" Intrnl_Id="723">
<BasicBoolTerm Intrnl_Id="724">
<LocList>
<Loc EndOffset="4556" SrcFileId="7" StartOffset="4537"/>
</LocList>
</BasicBoolTerm>
</RootTerm>
</LoopStmnt>
<BasicStmnt CovItemId="S61" CovItemPrefix="csse376_puerto_rico.GameBoardGUI.java" Intrnl_Id="725">
<LocList>
<Loc EndOffset="5058" SrcFileId="7" StartOffset="5013"/>
</LocList>
</BasicStmnt>
<BasicStmnt CovItemId="S62" CovItemPrefix="csse376_puerto_rico.GameBoardGUI.java" Intrnl_Id="726">
<LocList>
<Loc EndOffset="5083" SrcFileId="7" StartOffset="5064"/>
</LocList>
</BasicStmnt>
<BasicStmnt CovItemId="S63" CovItemPrefix="csse376_puerto_rico.GameBoardGUI.java" Intrnl_Id="727">
<LocList>
<Loc EndOffset="5107" SrcFileId="7" StartOffset="5087"/>
</LocList>
</BasicStmnt>
<BasicStmnt CovItemId="S64" CovItemPrefix="csse376_puerto_rico.GameBoardGUI.java" Intrnl_Id="728">
<LocList>
<Loc EndOffset="5125" SrcFileId="7" StartOffset="5111"/>
</LocList>
</BasicStmnt>
<BasicStmnt CovItemId="S65" CovItemPrefix="csse376_puerto_rico.GameBoardGUI.java" Intrnl_Id="729">
<LocList>
<Loc EndOffset="5151" SrcFileId="7" StartOffset="5131"/>
</LocList>
</BasicStmnt>
</StmntSeq>
</HierarchyLvl>
<HierarchyLvl HierarchyLvlId="3730" HierarchyLvlTypeId="16" Intrnl_Id="730" Name="getPlayers">
<Header>
<Loc EndOffset="5192" SrcFileId="7" StartOffset="5160"/>
</Header>
<LocList>
<Loc EndOffset="5222" SrcFileId="7" StartOffset="5160"/>
</LocList>
<StmntSeq Intrnl_Id="731">
<LocList>
<Loc EndOffset="5218" SrcFileId="7" StartOffset="5198"/>
</LocList>
<BasicStmnt CovItemId="S66" CovItemPrefix="csse376_puerto_rico.GameBoardGUI.java" Intrnl_Id="732">
<LocList>
<Loc EndOffset="5218" SrcFileId="7" StartOffset="5198"/>
</LocList>
</BasicStmnt>
</StmntSeq>
</HierarchyLvl>
<HierarchyLvl HierarchyLvlId="3731" HierarchyLvlTypeId="16" Intrnl_Id="733" Name="getTurnCount">
<Header>
<Loc EndOffset="5259" SrcFileId="7" StartOffset="5227"/>
</Header>
<LocList>
<Loc EndOffset="5286" SrcFileId="7" StartOffset="5227"/>
</LocList>
<StmntSeq Intrnl_Id="734">
<LocList>
<Loc EndOffset="5282" SrcFileId="7" StartOffset="5265"/>
</LocList>
<BasicStmnt CovItemId="S67" CovItemPrefix="csse376_puerto_rico.GameBoardGUI.java" Intrnl_Id="735">
<LocList>
<Loc EndOffset="5282" SrcFileId="7" StartOffset="5265"/>
</LocList>
</BasicStmnt>
</StmntSeq>
</HierarchyLvl>
<HierarchyLvl HierarchyLvlId="3732" HierarchyLvlTypeId="16" Intrnl_Id="736" Name="updateRoles">
<Header>
<Loc EndOffset="5316" SrcFileId="7" StartOffset="5291"/>
</Header>
<LocList>
<Loc EndOffset="6627" SrcFileId="7" StartOffset="5291"/>
</LocList>
<StmntSeq Intrnl_Id="737">
<LocList>
<Loc EndOffset="5371" SrcFileId="7" StartOffset="5324"/>
<Loc EndOffset="6532" SrcFileId="7" StartOffset="5375"/>
<Loc EndOffset="6621" SrcFileId="7" StartOffset="6536"/>
</LocList>
<BasicStmnt CovItemId="S68" CovItemPrefix="csse376_puerto_rico.GameBoardGUI.java" Intrnl_Id="738">
<LocList>
<Loc EndOffset="5371" SrcFileId="7" StartOffset="5324"/>
</LocList>
</BasicStmnt>
<LoopStmnt CovItemId="S69" CovItemPrefix="csse376_puerto_rico.GameBoardGUI.java" Intrnl_Id="739" MltplExecId="L3-2" MltplExecPrefix="csse376_puerto_rico.GameBoardGUI.java" NvrExecId="L3-0" NvrExecPrefix="csse376_puerto_rico.GameBoardGUI.java" OnceExecutedId="L3-1" OnceExecutedPrefix="csse376_puerto_rico.GameBoardGUI.java" OptBodyExec="true">
<StmntSeq Intrnl_Id="740">
<LocList>
<Loc EndOffset="5443" SrcFileId="7" StartOffset="5405"/>
<Loc EndOffset="6525" SrcFileId="7" StartOffset="5448"/>
</LocList>
<BasicStmnt CovItemId="S70" CovItemPrefix="csse376_puerto_rico.GameBoardGUI.java" Intrnl_Id="741">
<LocList>
<Loc EndOffset="5443" SrcFileId="7" StartOffset="5405"/>
</LocList>
</BasicStmnt>
<LoopStmnt CovItemId="S71" CovItemPrefix="csse376_puerto_rico.GameBoardGUI.java" Intrnl_Id="742" MltplExecId="L4-2" MltplExecPrefix="csse376_puerto_rico.GameBoardGUI.java" NvrExecId="L4-0" NvrExecPrefix="csse376_puerto_rico.GameBoardGUI.java" OnceExecutedId="L4-1" OnceExecutedPrefix="csse376_puerto_rico.GameBoardGUI.java" OptBodyExec="true">
<StmntSeq Intrnl_Id="743">
<LocList>
<Loc EndOffset="5537" SrcFileId="7" StartOffset="5501"/>
<Loc EndOffset="5861" SrcFileId="7" StartOffset="5636"/>
<Loc EndOffset="6006" SrcFileId="7" StartOffset="5972"/>
<Loc EndOffset="6129" SrcFileId="7" StartOffset="6082"/>
<Loc EndOffset="6157" SrcFileId="7" StartOffset="6135"/>
<Loc EndOffset="6186" SrcFileId="7" StartOffset="6165"/>
<Loc EndOffset="6220" SrcFileId="7" StartOffset="6194"/>
<Loc EndOffset="6240" SrcFileId="7" StartOffset="6228"/>
<Loc EndOffset="6298" SrcFileId="7" StartOffset="6263"/>
<Loc EndOffset="6376" SrcFileId="7" StartOffset="6332"/>
<Loc EndOffset="6488" SrcFileId="7" StartOffset="6382"/>
<Loc EndOffset="6519" SrcFileId="7" StartOffset="6494"/>
</LocList>
<BasicStmnt CovItemId="S72" CovItemPrefix="csse376_puerto_rico.GameBoardGUI.java" Intrnl_Id="744">
<LocList>
<Loc EndOffset="5537" SrcFileId="7" StartOffset="5501"/>
</LocList>
</BasicStmnt>
<BasicStmnt CovItemId="S73" CovItemPrefix="csse376_puerto_rico.GameBoardGUI.java" Intrnl_Id="745">
<LocList>
<Loc EndOffset="5861" SrcFileId="7" StartOffset="5636"/>
</LocList>
</BasicStmnt>
<BasicStmnt CovItemId="S74" CovItemPrefix="csse376_puerto_rico.GameBoardGUI.java" Intrnl_Id="746">
<LocList>
<Loc EndOffset="6006" SrcFileId="7" StartOffset="5972"/>
</LocList>
</BasicStmnt>
<BasicStmnt CovItemId="S75" CovItemPrefix="csse376_puerto_rico.GameBoardGUI.java" Intrnl_Id="747">
<LocList>
<Loc EndOffset="6129" SrcFileId="7" StartOffset="6082"/>
</LocList>
</BasicStmnt>
<BasicStmnt CovItemId="S76" CovItemPrefix="csse376_puerto_rico.GameBoardGUI.java" Intrnl_Id="748">
<LocList>
<Loc EndOffset="6157" SrcFileId="7" StartOffset="6135"/>
</LocList>
</BasicStmnt>
<BasicStmnt CovItemId="S77" CovItemPrefix="csse376_puerto_rico.GameBoardGUI.java" Intrnl_Id="749">
<LocList>
<Loc EndOffset="6186" SrcFileId="7" StartOffset="6165"/>
</LocList>
</BasicStmnt>
<BasicStmnt CovItemId="S78" CovItemPrefix="csse376_puerto_rico.GameBoardGUI.java" Intrnl_Id="750">
<LocList>
<Loc EndOffset="6220" SrcFileId="7" StartOffset="6194"/>
</LocList>
</BasicStmnt>
<BasicStmnt CovItemId="S79" CovItemPrefix="csse376_puerto_rico.GameBoardGUI.java" Intrnl_Id="751">
<LocList>
<Loc EndOffset="6240" SrcFileId="7" StartOffset="6228"/>
</LocList>
</BasicStmnt>
<BasicStmnt CovItemId="S80" CovItemPrefix="csse376_puerto_rico.GameBoardGUI.java" Intrnl_Id="752">
<LocList>
<Loc EndOffset="6298" SrcFileId="7" StartOffset="6263"/>
</LocList>
</BasicStmnt>
<BasicStmnt CovItemId="S81" CovItemPrefix="csse376_puerto_rico.GameBoardGUI.java" Intrnl_Id="753">
<LocList>
<Loc EndOffset="6376" SrcFileId="7" StartOffset="6332"/>
</LocList>
</BasicStmnt>
<LoopStmnt CovItemId="S82" CovItemPrefix="csse376_puerto_rico.GameBoardGUI.java" Intrnl_Id="754" MltplExecId="L5-2" MltplExecPrefix="csse376_puerto_rico.GameBoardGUI.java" NvrExecId="L5-0" NvrExecPrefix="csse376_puerto_rico.GameBoardGUI.java" OnceExecutedId="L5-1" OnceExecutedPrefix="csse376_puerto_rico.GameBoardGUI.java" OptBodyExec="true">
<StmntSeq Intrnl_Id="755">
<LocList>
<Loc EndOffset="6481" SrcFileId="7" StartOffset="6431"/>
</LocList>
<CondStmnt CovItemId="S83" CovItemPrefix="csse376_puerto_rico.GameBoardGUI.java" Intrnl_Id="756">
<Branch CovItemId="B5" CovItemPrefix="csse376_puerto_rico.GameBoardGUI.java" Implct="false" Intrnl_Id="757">
<Cond/>
<LocList>
<Loc EndOffset="6481" SrcFileId="7" StartOffset="6443"/>
</LocList>
<StmntSeq Intrnl_Id="758">
<LocList>
<Loc EndOffset="6473" SrcFileId="7" StartOffset="6452"/>
</LocList>
<BasicStmnt CovItemId="S84" CovItemPrefix="csse376_puerto_rico.GameBoardGUI.java" Intrnl_Id="759">
<LocList>
<Loc EndOffset="6473" SrcFileId="7" StartOffset="6452"/>
</LocList>
</BasicStmnt>
</StmntSeq>
</Branch>
<Branch CovItemId="B6" CovItemPrefix="csse376_puerto_rico.GameBoardGUI.java" Implct="true" Intrnl_Id="760">
<Cond/>
<LocList/>
<StmntSeq Intrnl_Id="761">
<LocList/>
</StmntSeq>
</Branch>
<Keyword EndOffset="6433" SrcFileId="7" StartOffset="6431"/>
<LocList>
<Loc EndOffset="6481" SrcFileId="7" StartOffset="6431"/>
</LocList>
<RootTerm CovItemId="C8" CovItemPrefix="csse376_puerto_rico.GameBoardGUI.java" Intrnl_Id="762">
<BasicBoolTerm Intrnl_Id="763">
<LocList>
<Loc EndOffset="6441" SrcFileId="7" StartOffset="6435"/>
</LocList>
</BasicBoolTerm>
</RootTerm>
</CondStmnt>
</StmntSeq>
<Keyword EndOffset="6385" SrcFileId="7" StartOffset="6382"/>
<LocList>
<Loc EndOffset="6488" SrcFileId="7" StartOffset="6382"/>
</LocList>
<RootTerm CovItemId="C7" CovItemPrefix="csse376_puerto_rico.GameBoardGUI.java" Intrnl_Id="764">
<BasicBoolTerm Intrnl_Id="765">
<LocList>
<Loc EndOffset="6416" SrcFileId="7" StartOffset="6398"/>
</LocList>
</BasicBoolTerm>
</RootTerm>
</LoopStmnt>
<BasicStmnt CovItemId="S85" CovItemPrefix="csse376_puerto_rico.GameBoardGUI.java" Intrnl_Id="766">
<LocList>
<Loc EndOffset="6519" SrcFileId="7" StartOffset="6494"/>
</LocList>
</BasicStmnt>
</StmntSeq>
<Keyword EndOffset="5451" SrcFileId="7" StartOffset="5448"/>
<LocList>
<Loc EndOffset="6525" SrcFileId="7" StartOffset="5448"/>
</LocList>
<RootTerm CovItemId="C6" CovItemPrefix="csse376_puerto_rico.GameBoardGUI.java" Intrnl_Id="767">
<BasicBoolTerm Intrnl_Id="768">
<LocList>
<Loc EndOffset="5487" SrcFileId="7" StartOffset="5464"/>
</LocList>
</BasicBoolTerm>
</RootTerm>
</LoopStmnt>
</StmntSeq>
<Keyword EndOffset="5380" SrcFileId="7" StartOffset="5375"/>
<LocList>
<Loc EndOffset="6532" SrcFileId="7" StartOffset="5375"/>
</LocList>
<RootTerm CovItemId="C5" CovItemPrefix="csse376_puerto_rico.GameBoardGUI.java" Intrnl_Id="769">
<OpTerm BooleanOpId="11" Intrnl_Id="770">
<BasicBoolTerm Intrnl_Id="771">
<LocList>
<Loc EndOffset="5397" SrcFileId="7" StartOffset="5383"/>
</LocList>
</BasicBoolTerm>
<LocList>
<Loc EndOffset="5383" SrcFileId="7" StartOffset="5382"/>
</LocList>
</OpTerm>
</RootTerm>
</LoopStmnt>
<BasicStmnt CovItemId="S86" CovItemPrefix="csse376_puerto_rico.GameBoardGUI.java" Intrnl_Id="772">
<LocList>
<Loc EndOffset="6621" SrcFileId="7" StartOffset="6536"/>
</LocList>
</BasicStmnt>
</StmntSeq>
</HierarchyLvl>
<HierarchyLvl HierarchyLvlId="3733" HierarchyLvlTypeId="16" Intrnl_Id="773" Name="checkEndGame">
<Header>
<Loc EndOffset="6661" SrcFileId="7" StartOffset="6632"/>
</Header>
<LocList>
<Loc EndOffset="6790" SrcFileId="7" StartOffset="6632"/>
</LocList>
<StmntSeq Intrnl_Id="774">
<LocList>
<Loc EndOffset="6786" SrcFileId="7" StartOffset="6752"/>
</LocList>
<BasicStmnt CovItemId="S87" CovItemPrefix="csse376_puerto_rico.GameBoardGUI.java" Intrnl_Id="775">
<LocList>
<Loc EndOffset="6786" SrcFileId="7" StartOffset="6752"/>
</LocList>
</BasicStmnt>
</StmntSeq>
</HierarchyLvl>
<HierarchyLvl HierarchyLvlId="3734" HierarchyLvlTypeId="16" Intrnl_Id="776" Name="updateMsgBar">
<Header>
<Loc EndOffset="6831" SrcFileId="7" StartOffset="6795"/>
</Header>
<LocList>
<Loc EndOffset="6866" SrcFileId="7" StartOffset="6795"/>
</LocList>
<StmntSeq Intrnl_Id="777">
<LocList>
<Loc EndOffset="6862" SrcFileId="7" StartOffset="6837"/>
</LocList>
<BasicStmnt CovItemId="S88" CovItemPrefix="csse376_puerto_rico.GameBoardGUI.java" Intrnl_Id="778">
<LocList>
<Loc EndOffset="6862" SrcFileId="7" StartOffset="6837"/>
</LocList>
</BasicStmnt>
</StmntSeq>
</HierarchyLvl>
<HierarchyLvl HierarchyLvlId="3735" HierarchyLvlTypeId="16" Intrnl_Id="779" Name="playRole">
<Header>
<Loc EndOffset="6904" SrcFileId="7" StartOffset="6871"/>
</Header>
<LocList>
<Loc EndOffset="22473" SrcFileId="7" StartOffset="6871"/>
</LocList>
<StmntSeq Intrnl_Id="780">
<LocList>
<Loc EndOffset="6953" SrcFileId="7" StartOffset="6916"/>
<Loc EndOffset="6988" SrcFileId="7" StartOffset="6957"/>
<Loc EndOffset="22404" SrcFileId="7" StartOffset="6994"/>
<Loc EndOffset="22438" SrcFileId="7" StartOffset="22408"/>
<Loc EndOffset="22467" SrcFileId="7" StartOffset="22442"/>
</LocList>
<BasicStmnt CovItemId="S89" CovItemPrefix="csse376_puerto_rico.GameBoardGUI.java" Intrnl_Id="781">
<LocList>
<Loc EndOffset="6953" SrcFileId="7" StartOffset="6916"/>
</LocList>
</BasicStmnt>
<BasicStmnt CovItemId="S90" CovItemPrefix="csse376_puerto_rico.GameBoardGUI.java" Intrnl_Id="782">
<LocList>
<Loc EndOffset="6988" SrcFileId="7" StartOffset="6957"/>
</LocList>
</BasicStmnt>
<CondStmnt CovItemId="S91" CovItemPrefix="csse376_puerto_rico.GameBoardGUI.java" Intrnl_Id="783">
<Branch CovItemId="B7" CovItemPrefix="csse376_puerto_rico.GameBoardGUI.java" Implct="false" Intrnl_Id="784">
<Cond/>
<LocList>
<Loc EndOffset="10089" SrcFileId="7" StartOffset="7030"/>
</LocList>
<StmntSeq Intrnl_Id="785">
<LocList>
<Loc EndOffset="7084" SrcFileId="7" StartOffset="7036"/>
<Loc EndOffset="7153" SrcFileId="7" StartOffset="7089"/>
<Loc EndOffset="10084" SrcFileId="7" StartOffset="7160"/>
</LocList>
<BasicStmnt CovItemId="S92" CovItemPrefix="csse376_puerto_rico.GameBoardGUI.java" Intrnl_Id="786">
<LocList>
<Loc EndOffset="7084" SrcFileId="7" StartOffset="7036"/>
</LocList>
</BasicStmnt>
<BasicStmnt CovItemId="S93" CovItemPrefix="csse376_puerto_rico.GameBoardGUI.java" Intrnl_Id="787">
<LocList>
<Loc EndOffset="7153" SrcFileId="7" StartOffset="7089"/>
</LocList>
</BasicStmnt>
<LoopStmnt CovItemId="S94" CovItemPrefix="csse376_puerto_rico.GameBoardGUI.java" Intrnl_Id="788" MltplExecId="L6-2" MltplExecPrefix="csse376_puerto_rico.GameBoardGUI.java" NvrExecId="L6-0" NvrExecPrefix="csse376_puerto_rico.GameBoardGUI.java" OnceExecutedId="L6-1" OnceExecutedPrefix="csse376_puerto_rico.GameBoardGUI.java" OptBodyExec="true">
<StmntSeq Intrnl_Id="789">
<LocList>
<Loc EndOffset="7221" SrcFileId="7" StartOffset="7191"/>
<Loc EndOffset="7291" SrcFileId="7" StartOffset="7229"/>
<Loc EndOffset="7322" SrcFileId="7" StartOffset="7297"/>
<Loc EndOffset="10011" SrcFileId="7" StartOffset="7328"/>
<Loc EndOffset="10058" SrcFileId="7" StartOffset="10017"/>
<Loc EndOffset="10076" SrcFileId="7" StartOffset="10064"/>
</LocList>
<BasicStmnt CovItemId="S95" CovItemPrefix="csse376_puerto_rico.GameBoardGUI.java" Intrnl_Id="790">
<LocList>
<Loc EndOffset="7221" SrcFileId="7" StartOffset="7191"/>
</LocList>
</BasicStmnt>
<BasicStmnt CovItemId="S96" CovItemPrefix="csse376_puerto_rico.GameBoardGUI.java" Intrnl_Id="791">
<LocList>
<Loc EndOffset="7291" SrcFileId="7" StartOffset="7229"/>
</LocList>
</BasicStmnt>
<BasicStmnt CovItemId="S97" CovItemPrefix="csse376_puerto_rico.GameBoardGUI.java" Intrnl_Id="792">
<LocList>
<Loc EndOffset="7322" SrcFileId="7" StartOffset="7297"/>
</LocList>
</BasicStmnt>
<LoopStmnt CovItemId="S98" CovItemPrefix="csse376_puerto_rico.GameBoardGUI.java" Intrnl_Id="793" MltplExecId="L7-2" MltplExecPrefix="csse376_puerto_rico.GameBoardGUI.java" NvrExecId="L7-0" NvrExecPrefix="csse376_puerto_rico.GameBoardGUI.java" OnceExecutedId="L7-1" OnceExecutedPrefix="csse376_puerto_rico.GameBoardGUI.java" OptBodyExec="true">
<StmntSeq Intrnl_Id="794">
<LocList>
<Loc EndOffset="7659" SrcFileId="7" StartOffset="7354"/>
<Loc EndOffset="9969" SrcFileId="7" StartOffset="7666"/>
<Loc EndOffset="10004" SrcFileId="7" StartOffset="9978"/>
</LocList>
<BasicStmnt CovItemId="S99" CovItemPrefix="csse376_puerto_rico.GameBoardGUI.java" Intrnl_Id="795">
<LocList>
<Loc EndOffset="7659" SrcFileId="7" StartOffset="7354"/>
</LocList>
</BasicStmnt>
<CondStmnt CovItemId="S100" CovItemPrefix="csse376_puerto_rico.GameBoardGUI.java" Intrnl_Id="796">
<Branch CovItemId="B9" CovItemPrefix="csse376_puerto_rico.GameBoardGUI.java" Implct="false" Intrnl_Id="797">
<Cond/>
<LocList>
<Loc EndOffset="8838" SrcFileId="7" StartOffset="7678"/>
</LocList>
<StmntSeq Intrnl_Id="798">
<LocList>
<Loc EndOffset="7793" SrcFileId="7" StartOffset="7687"/>
<Loc EndOffset="7832" SrcFileId="7" StartOffset="7801"/>
<Loc EndOffset="7882" SrcFileId="7" StartOffset="7840"/>
<Loc EndOffset="8188" SrcFileId="7" StartOffset="7892"/>
<Loc EndOffset="8828" SrcFileId="7" StartOffset="8196"/>
</LocList>
<BasicStmnt CovItemId="S101" CovItemPrefix="csse376_puerto_rico.GameBoardGUI.java" Intrnl_Id="799">
<LocList>
<Loc EndOffset="7793" SrcFileId="7" StartOffset="7687"/>
</LocList>
</BasicStmnt>
<BasicStmnt CovItemId="S102" CovItemPrefix="csse376_puerto_rico.GameBoardGUI.java" Intrnl_Id="800">
<LocList>
<Loc EndOffset="7832" SrcFileId="7" StartOffset="7801"/>
</LocList>
</BasicStmnt>
<BasicStmnt CovItemId="S103" CovItemPrefix="csse376_puerto_rico.GameBoardGUI.java" Intrnl_Id="801">
<LocList>
<Loc EndOffset="7882" SrcFileId="7" StartOffset="7840"/>
</LocList>
</BasicStmnt>
<BasicStmnt CovItemId="S104" CovItemPrefix="csse376_puerto_rico.GameBoardGUI.java" Intrnl_Id="802">
<LocList>
<Loc EndOffset="8188" SrcFileId="7" StartOffset="7892"/>
</LocList>
</BasicStmnt>
<CondStmnt CovItemId="S105" CovItemPrefix="csse376_puerto_rico.GameBoardGUI.java" Intrnl_Id="803">
<Branch CovItemId="B11" CovItemPrefix="csse376_puerto_rico.GameBoardGUI.java" Implct="false" Intrnl_Id="804">
<Cond/>
<LocList>
<Loc EndOffset="8709" SrcFileId="7" StartOffset="8232"/>
</LocList>
<StmntSeq Intrnl_Id="805">
<LocList>
<Loc EndOffset="8311" SrcFileId="7" StartOffset="8242"/>
<Loc EndOffset="8700" SrcFileId="7" StartOffset="8320"/>
</LocList>
<BasicStmnt CovItemId="S106" CovItemPrefix="csse376_puerto_rico.GameBoardGUI.java" Intrnl_Id="806">
<LocList>
<Loc EndOffset="8311" SrcFileId="7" StartOffset="8242"/>
</LocList>
</BasicStmnt>
<CondStmnt CovItemId="S107" CovItemPrefix="csse376_puerto_rico.GameBoardGUI.java" Intrnl_Id="807">
<Branch CovItemId="B13" CovItemPrefix="csse376_puerto_rico.GameBoardGUI.java" Implct="false" Intrnl_Id="808">
<Cond/>
<LocList>
<Loc EndOffset="8588" SrcFileId="7" StartOffset="8372"/>
</LocList>
<StmntSeq Intrnl_Id="809">
<LocList>
<Loc EndOffset="8440" SrcFileId="7" StartOffset="8383"/>
<Loc EndOffset="8466" SrcFileId="7" StartOffset="8450"/>
<Loc EndOffset="8578" SrcFileId="7" StartOffset="8476"/>
</LocList>
<BasicStmnt CovItemId="S108" CovItemPrefix="csse376_puerto_rico.GameBoardGUI.java" Intrnl_Id="810">
<LocList>
<Loc EndOffset="8440" SrcFileId="7" StartOffset="8383"/>
</LocList>
</BasicStmnt>
<BasicStmnt CovItemId="S109" CovItemPrefix="csse376_puerto_rico.GameBoardGUI.java" Intrnl_Id="811">
<LocList>
<Loc EndOffset="8466" SrcFileId="7" StartOffset="8450"/>
</LocList>
</BasicStmnt>
<BasicStmnt CovItemId="S110" CovItemPrefix="csse376_puerto_rico.GameBoardGUI.java" Intrnl_Id="812">
<LocList>
<Loc EndOffset="8578" SrcFileId="7" StartOffset="8476"/>
</LocList>
</BasicStmnt>
</StmntSeq>
</Branch>
<Branch CovItemId="B14" CovItemPrefix="csse376_puerto_rico.GameBoardGUI.java" Implct="false" Intrnl_Id="813">
<Cond>
<Loc EndOffset="8593" SrcFileId="7" StartOffset="8589"/>
</Cond>
<LocList>
<Loc EndOffset="8700" SrcFileId="7" StartOffset="8594"/>
</LocList>
<StmntSeq Intrnl_Id="814">
<LocList>
<Loc EndOffset="8690" SrcFileId="7" StartOffset="8605"/>
</LocList>
<BasicStmnt CovItemId="S111" CovItemPrefix="csse376_puerto_rico.GameBoardGUI.java" Intrnl_Id="815">
<LocList>
<Loc EndOffset="8690" SrcFileId="7" StartOffset="8605"/>
</LocList>
</BasicStmnt>
</StmntSeq>
</Branch>
<Keyword EndOffset="8322" SrcFileId="7" StartOffset="8320"/>
<LocList>
<Loc EndOffset="8700" SrcFileId="7" StartOffset="8320"/>
</LocList>
<RootTerm CovItemId="C14" CovItemPrefix="csse376_puerto_rico.GameBoardGUI.java" Intrnl_Id="816">
<BasicBoolTerm Intrnl_Id="817">
<LocList>
<Loc EndOffset="8370" SrcFileId="7" StartOffset="8324"/>
</LocList>
</BasicBoolTerm>
</RootTerm>
</CondStmnt>
</StmntSeq>
</Branch>
<Branch CovItemId="B12" CovItemPrefix="csse376_puerto_rico.GameBoardGUI.java" Implct="false" Intrnl_Id="818">
<Cond>
<Loc EndOffset="8714" SrcFileId="7" StartOffset="8710"/>
</Cond>
<LocList>
<Loc EndOffset="8828" SrcFileId="7" StartOffset="8715"/>
</LocList>
<StmntSeq Intrnl_Id="819">
<LocList>
<Loc EndOffset="8793" SrcFileId="7" StartOffset="8727"/>
<Loc EndOffset="8819" SrcFileId="7" StartOffset="8802"/>
</LocList>
<BasicStmnt CovItemId="S112" CovItemPrefix="csse376_puerto_rico.GameBoardGUI.java" Intrnl_Id="820">
<LocList>
<Loc EndOffset="8793" SrcFileId="7" StartOffset="8727"/>
</LocList>
</BasicStmnt>
<BasicStmnt CovItemId="S113" CovItemPrefix="csse376_puerto_rico.GameBoardGUI.java" Intrnl_Id="821">
<LocList>
<Loc EndOffset="8819" SrcFileId="7" StartOffset="8802"/>
</LocList>
</BasicStmnt>
</StmntSeq>
</Branch>
<Keyword EndOffset="8198" SrcFileId="7" StartOffset="8196"/>
<LocList>
<Loc EndOffset="8828" SrcFileId="7" StartOffset="8196"/>
</LocList>
<RootTerm CovItemId="C13" CovItemPrefix="csse376_puerto_rico.GameBoardGUI.java" Intrnl_Id="822">
<BasicBoolTerm Intrnl_Id="823">
<LocList>
<Loc EndOffset="8230" SrcFileId="7" StartOffset="8200"/>
</LocList>
</BasicBoolTerm>
</RootTerm>
</CondStmnt>
</StmntSeq>
</Branch>
<Branch CovItemId="B10" CovItemPrefix="csse376_puerto_rico.GameBoardGUI.java" Implct="false" Intrnl_Id="824">
<Cond>
<Loc EndOffset="8843" SrcFileId="7" StartOffset="8839"/>
</Cond>
<LocList>
<Loc EndOffset="9969" SrcFileId="7" StartOffset="8844"/>
</LocList>
<StmntSeq Intrnl_Id="825">
<LocList>
<Loc EndOffset="9969" SrcFileId="7" StartOffset="8844"/>
</LocList>
<CondStmnt CovItemId="S114" CovItemPrefix="csse376_puerto_rico.GameBoardGUI.java" Intrnl_Id="826">
<Branch CovItemId="B15" CovItemPrefix="csse376_puerto_rico.GameBoardGUI.java" Implct="false" Intrnl_Id="827">
<Cond/>
<LocList>
<Loc EndOffset="9909" SrcFileId="7" StartOffset="8856"/>
</LocList>
<StmntSeq Intrnl_Id="828">
<LocList>
<Loc EndOffset="8970" SrcFileId="7" StartOffset="8865"/>
<Loc EndOffset="9006" SrcFileId="7" StartOffset="8978"/>
<Loc EndOffset="9053" SrcFileId="7" StartOffset="9014"/>
<Loc EndOffset="9363" SrcFileId="7" StartOffset="9063"/>
<Loc EndOffset="9901" SrcFileId="7" StartOffset="9371"/>
</LocList>
<BasicStmnt CovItemId="S115" CovItemPrefix="csse376_puerto_rico.GameBoardGUI.java" Intrnl_Id="829">
<LocList>
<Loc EndOffset="8970" SrcFileId="7" StartOffset="8865"/>
</LocList>
</BasicStmnt>
<BasicStmnt CovItemId="S116" CovItemPrefix="csse376_puerto_rico.GameBoardGUI.java" Intrnl_Id="830">
<LocList>
<Loc EndOffset="9006" SrcFileId="7" StartOffset="8978"/>
</LocList>
</BasicStmnt>
<BasicStmnt CovItemId="S117" CovItemPrefix="csse376_puerto_rico.GameBoardGUI.java" Intrnl_Id="831">
<LocList>
<Loc EndOffset="9053" SrcFileId="7" StartOffset="9014"/>
</LocList>
</BasicStmnt>
<BasicStmnt CovItemId="S118" CovItemPrefix="csse376_puerto_rico.GameBoardGUI.java" Intrnl_Id="832">
<LocList>
<Loc EndOffset="9363" SrcFileId="7" StartOffset="9063"/>
</LocList>
</BasicStmnt>
<CondStmnt CovItemId="S119" CovItemPrefix="csse376_puerto_rico.GameBoardGUI.java" Intrnl_Id="833">
<Branch CovItemId="B17" CovItemPrefix="csse376_puerto_rico.GameBoardGUI.java" Implct="false" Intrnl_Id="834">
<Cond/>
<LocList>
<Loc EndOffset="9782" SrcFileId="7" StartOffset="9409"/>
</LocList>
<StmntSeq Intrnl_Id="835">
<LocList>
<Loc EndOffset="9498" SrcFileId="7" StartOffset="9419"/>
<Loc EndOffset="9773" SrcFileId="7" StartOffset="9507"/>
</LocList>
<BasicStmnt CovItemId="S120" CovItemPrefix="csse376_puerto_rico.GameBoardGUI.java" Intrnl_Id="836">
<LocList>
<Loc EndOffset="9498" SrcFileId="7" StartOffset="9419"/>
</LocList>
</BasicStmnt>
<CondStmnt CovItemId="S121" CovItemPrefix="csse376_puerto_rico.GameBoardGUI.java" Intrnl_Id="837">
<Branch CovItemId="B19" CovItemPrefix="csse376_puerto_rico.GameBoardGUI.java" Implct="false" Intrnl_Id="838">
<Cond/>
<LocList>
<Loc EndOffset="9604" SrcFileId="7" StartOffset="9534"/>
</LocList>
<StmntSeq Intrnl_Id="839">
<LocList>
<Loc EndOffset="9594" SrcFileId="7" StartOffset="9545"/>
</LocList>
<BasicStmnt CovItemId="S122" CovItemPrefix="csse376_puerto_rico.GameBoardGUI.java" Intrnl_Id="840">
<LocList>
<Loc EndOffset="9594" SrcFileId="7" StartOffset="9545"/>
</LocList>
</BasicStmnt>
</StmntSeq>
</Branch>
<Branch CovItemId="B20" CovItemPrefix="csse376_puerto_rico.GameBoardGUI.java" Implct="false" Intrnl_Id="841">
<Cond>
<Loc EndOffset="9609" SrcFileId="7" StartOffset="9605"/>
</Cond>
<LocList>
<Loc EndOffset="9773" SrcFileId="7" StartOffset="9610"/>
</LocList>
<StmntSeq Intrnl_Id="842">
<LocList>
<Loc EndOffset="9650" SrcFileId="7" StartOffset="9621"/>
<Loc EndOffset="9676" SrcFileId="7" StartOffset="9660"/>
<Loc EndOffset="9763" SrcFileId="7" StartOffset="9686"/>
</LocList>
<BasicStmnt CovItemId="S123" CovItemPrefix="csse376_puerto_rico.GameBoardGUI.java" Intrnl_Id="843">
<LocList>
<Loc EndOffset="9650" SrcFileId="7" StartOffset="9621"/>
</LocList>
</BasicStmnt>
<BasicStmnt CovItemId="S124" CovItemPrefix="csse376_puerto_rico.GameBoardGUI.java" Intrnl_Id="844">
<LocList>
<Loc EndOffset="9676" SrcFileId="7" StartOffset="9660"/>
</LocList>
</BasicStmnt>
<BasicStmnt CovItemId="S125" CovItemPrefix="csse376_puerto_rico.GameBoardGUI.java" Intrnl_Id="845">
<LocList>
<Loc EndOffset="9763" SrcFileId="7" StartOffset="9686"/>
</LocList>
</BasicStmnt>
</StmntSeq>
</Branch>
<Keyword EndOffset="9509" SrcFileId="7" StartOffset="9507"/>
<LocList>
<Loc EndOffset="9773" SrcFileId="7" StartOffset="9507"/>
</LocList>
<RootTerm CovItemId="C17" CovItemPrefix="csse376_puerto_rico.GameBoardGUI.java" Intrnl_Id="846">
<BasicBoolTerm Intrnl_Id="847">
<LocList>
<Loc EndOffset="9532" SrcFileId="7" StartOffset="9511"/>
</LocList>
</BasicBoolTerm>
</RootTerm>
</CondStmnt>
</StmntSeq>
</Branch>
<Branch CovItemId="B18" CovItemPrefix="csse376_puerto_rico.GameBoardGUI.java" Implct="false" Intrnl_Id="848">
<Cond>
<Loc EndOffset="9787" SrcFileId="7" StartOffset="9783"/>
</Cond>
<LocList>
<Loc EndOffset="9901" SrcFileId="7" StartOffset="9788"/>
</LocList>
<StmntSeq Intrnl_Id="849">
<LocList>
<Loc EndOffset="9866" SrcFileId="7" StartOffset="9800"/>
<Loc EndOffset="9892" SrcFileId="7" StartOffset="9875"/>
</LocList>
<BasicStmnt CovItemId="S126" CovItemPrefix="csse376_puerto_rico.GameBoardGUI.java" Intrnl_Id="850">
<LocList>
<Loc EndOffset="9866" SrcFileId="7" StartOffset="9800"/>
</LocList>
</BasicStmnt>
<BasicStmnt CovItemId="S127" CovItemPrefix="csse376_puerto_rico.GameBoardGUI.java" Intrnl_Id="851">
<LocList>
<Loc EndOffset="9892" SrcFileId="7" StartOffset="9875"/>
</LocList>
</BasicStmnt>
</StmntSeq>
</Branch>
<Keyword EndOffset="9373" SrcFileId="7" StartOffset="9371"/>
<LocList>
<Loc EndOffset="9901" SrcFileId="7" StartOffset="9371"/>
</LocList>
<RootTerm CovItemId="C16" CovItemPrefix="csse376_puerto_rico.GameBoardGUI.java" Intrnl_Id="852">
<BasicBoolTerm Intrnl_Id="853">
<LocList>
<Loc EndOffset="9407" SrcFileId="7" StartOffset="9375"/>
</LocList>
</BasicBoolTerm>
</RootTerm>
</CondStmnt>
</StmntSeq>
</Branch>
<Branch CovItemId="B16" CovItemPrefix="csse376_puerto_rico.GameBoardGUI.java" Implct="false" Intrnl_Id="854">
<Cond>
<Loc EndOffset="9914" SrcFileId="7" StartOffset="9910"/>
</Cond>
<LocList>
<Loc EndOffset="9969" SrcFileId="7" StartOffset="9915"/>
</LocList>
<StmntSeq Intrnl_Id="855">
<LocList>
<Loc EndOffset="9961" SrcFileId="7" StartOffset="9945"/>
</LocList>
<BasicStmnt CovItemId="S128" CovItemPrefix="csse376_puerto_rico.GameBoardGUI.java" Intrnl_Id="856">
<LocList>
<Loc EndOffset="9961" SrcFileId="7" StartOffset="9945"/>
</LocList>
</BasicStmnt>
</StmntSeq>
</Branch>
<Keyword EndOffset="8846" SrcFileId="7" StartOffset="8844"/>
<LocList>
<Loc EndOffset="9969" SrcFileId="7" StartOffset="8844"/>
</LocList>
<RootTerm CovItemId="C15" CovItemPrefix="csse376_puerto_rico.GameBoardGUI.java" Intrnl_Id="857">
<BasicBoolTerm Intrnl_Id="858">
<LocList>
<Loc EndOffset="8854" SrcFileId="7" StartOffset="8848"/>
</LocList>
</BasicBoolTerm>
</RootTerm>
</CondStmnt>
</StmntSeq>
</Branch>
<Keyword EndOffset="7668" SrcFileId="7" StartOffset="7666"/>
<LocList>
<Loc EndOffset="9969" SrcFileId="7" StartOffset="7666"/>
</LocList>
<RootTerm CovItemId="C12" CovItemPrefix="csse376_puerto_rico.GameBoardGUI.java" Intrnl_Id="859">
<BasicBoolTerm Intrnl_Id="860">
<LocList>
<Loc EndOffset="7676" SrcFileId="7" StartOffset="7670"/>
</LocList>
</BasicBoolTerm>
</RootTerm>
</CondStmnt>
<BasicStmnt CovItemId="S129" CovItemPrefix="csse376_puerto_rico.GameBoardGUI.java" Intrnl_Id="861">
<LocList>
<Loc EndOffset="10004" SrcFileId="7" StartOffset="9978"/>
</LocList>
</BasicStmnt>
</StmntSeq>
<Keyword EndOffset="7333" SrcFileId="7" StartOffset="7328"/>
<LocList>
<Loc EndOffset="10011" SrcFileId="7" StartOffset="7328"/>
</LocList>
<RootTerm CovItemId="C11" CovItemPrefix="csse376_puerto_rico.GameBoardGUI.java" Intrnl_Id="862">
<OpTerm BooleanOpId="11" Intrnl_Id="863">
<BasicBoolTerm Intrnl_Id="864">
<LocList>
<Loc EndOffset="7344" SrcFileId="7" StartOffset="7336"/>
</LocList>
</BasicBoolTerm>
<LocList>
<Loc EndOffset="7336" SrcFileId="7" StartOffset="7335"/>
</LocList>
</OpTerm>
</RootTerm>
</LoopStmnt>
<BasicStmnt CovItemId="S130" CovItemPrefix="csse376_puerto_rico.GameBoardGUI.java" Intrnl_Id="865">
<LocList>
<Loc EndOffset="10058" SrcFileId="7" StartOffset="10017"/>
</LocList>
</BasicStmnt>
<BasicStmnt CovItemId="S131" CovItemPrefix="csse376_puerto_rico.GameBoardGUI.java" Intrnl_Id="866">
<LocList>
<Loc EndOffset="10076" SrcFileId="7" StartOffset="10064"/>
</LocList>
</BasicStmnt>
</StmntSeq>
<Keyword EndOffset="7165" SrcFileId="7" StartOffset="7160"/>
<LocList>
<Loc EndOffset="10084" SrcFileId="7" StartOffset="7160"/>
</LocList>
<RootTerm CovItemId="C10" CovItemPrefix="csse376_puerto_rico.GameBoardGUI.java" Intrnl_Id="867">
<BasicBoolTerm Intrnl_Id="868">
<LocList>
<Loc EndOffset="7180" SrcFileId="7" StartOffset="7167"/>
</LocList>
</BasicBoolTerm>
</RootTerm>
</LoopStmnt>
</StmntSeq>
</Branch>
<Branch CovItemId="B8" CovItemPrefix="csse376_puerto_rico.GameBoardGUI.java" Implct="false" Intrnl_Id="869">
<Cond>
<Loc EndOffset="10094" SrcFileId="7" StartOffset="10090"/>
</Cond>
<LocList>
<Loc EndOffset="22404" SrcFileId="7" StartOffset="10095"/>
</LocList>
<StmntSeq Intrnl_Id="870">
<LocList>
<Loc EndOffset="22404" SrcFileId="7" StartOffset="10095"/>
</LocList>
<CondStmnt CovItemId="S132" CovItemPrefix="csse376_puerto_rico.GameBoardGUI.java" Intrnl_Id="871">
<Branch CovItemId="B21" CovItemPrefix="csse376_puerto_rico.GameBoardGUI.java" Implct="false" Intrnl_Id="872">
<Cond/>
<LocList>
<Loc EndOffset="11492" SrcFileId="7" StartOffset="10133"/>
</LocList>
<StmntSeq Intrnl_Id="873">
<LocList>
<Loc EndOffset="10186" SrcFileId="7" StartOffset="10139"/>
<Loc EndOffset="10221" SrcFileId="7" StartOffset="10191"/>
<Loc EndOffset="11487" SrcFileId="7" StartOffset="10228"/>
</LocList>
<BasicStmnt CovItemId="S133" CovItemPrefix="csse376_puerto_rico.GameBoardGUI.java" Intrnl_Id="874">
<LocList>
<Loc EndOffset="10186" SrcFileId="7" StartOffset="10139"/>
</LocList>
</BasicStmnt>
<BasicStmnt CovItemId="S134" CovItemPrefix="csse376_puerto_rico.GameBoardGUI.java" Intrnl_Id="875">
<LocList>
<Loc EndOffset="10221" SrcFileId="7" StartOffset="10191"/>
</LocList>
</BasicStmnt>
<LoopStmnt CovItemId="S135" CovItemPrefix="csse376_puerto_rico.GameBoardGUI.java" Intrnl_Id="876" MltplExecId="L8-2" MltplExecPrefix="csse376_puerto_rico.GameBoardGUI.java" NvrExecId="L8-0" NvrExecPrefix="csse376_puerto_rico.GameBoardGUI.java" OnceExecutedId="L8-1" OnceExecutedPrefix="csse376_puerto_rico.GameBoardGUI.java" OptBodyExec="true">
<StmntSeq Intrnl_Id="877">
<LocList>
<Loc EndOffset="10306" SrcFileId="7" StartOffset="10276"/>
<Loc EndOffset="10340" SrcFileId="7" StartOffset="10312"/>
<Loc EndOffset="10390" SrcFileId="7" StartOffset="10348"/>
<Loc EndOffset="10447" SrcFileId="7" StartOffset="10396"/>
<Loc EndOffset="10584" SrcFileId="7" StartOffset="10453"/>
<Loc EndOffset="10612" SrcFileId="7" StartOffset="10590"/>
<Loc EndOffset="10654" SrcFileId="7" StartOffset="10618"/>
<Loc EndOffset="10945" SrcFileId="7" StartOffset="10702"/>
<Loc EndOffset="11305" SrcFileId="7" StartOffset="10951"/>
<Loc EndOffset="11432" SrcFileId="7" StartOffset="11406"/>
<Loc EndOffset="11479" SrcFileId="7" StartOffset="11438"/>
</LocList>
<BasicStmnt CovItemId="S136" CovItemPrefix="csse376_puerto_rico.GameBoardGUI.java" Intrnl_Id="878">
<LocList>
<Loc EndOffset="10306" SrcFileId="7" StartOffset="10276"/>
</LocList>
</BasicStmnt>
<BasicStmnt CovItemId="S137" CovItemPrefix="csse376_puerto_rico.GameBoardGUI.java" Intrnl_Id="879">
<LocList>
<Loc EndOffset="10340" SrcFileId="7" StartOffset="10312"/>
</LocList>
</BasicStmnt>
<BasicStmnt CovItemId="S138" CovItemPrefix="csse376_puerto_rico.GameBoardGUI.java" Intrnl_Id="880">
<LocList>
<Loc EndOffset="10390" SrcFileId="7" StartOffset="10348"/>
</LocList>
</BasicStmnt>
<BasicStmnt CovItemId="S139" CovItemPrefix="csse376_puerto_rico.GameBoardGUI.java" Intrnl_Id="881">
<LocList>
<Loc EndOffset="10447" SrcFileId="7" StartOffset="10396"/>
</LocList>
</BasicStmnt>
<LoopStmnt CovItemId="S140" CovItemPrefix="csse376_puerto_rico.GameBoardGUI.java" Intrnl_Id="882" MltplExecId="L9-2" MltplExecPrefix="csse376_puerto_rico.GameBoardGUI.java" NvrExecId="L9-0" NvrExecPrefix="csse376_puerto_rico.GameBoardGUI.java" OnceExecutedId="L9-1" OnceExecutedPrefix="csse376_puerto_rico.GameBoardGUI.java" OptBodyExec="true">
<StmntSeq Intrnl_Id="883">
<LocList>
<Loc EndOffset="10577" SrcFileId="7" StartOffset="10490"/>
</LocList>
<CondStmnt CovItemId="S141" CovItemPrefix="csse376_puerto_rico.GameBoardGUI.java" Intrnl_Id="884">
<Branch CovItemId="B23" CovItemPrefix="csse376_puerto_rico.GameBoardGUI.java" Implct="false" Intrnl_Id="885">
<Cond/>
<LocList>
<Loc EndOffset="10577" SrcFileId="7" StartOffset="10534"/>
</LocList>
<StmntSeq Intrnl_Id="886">
<LocList>
<Loc EndOffset="10569" SrcFileId="7" StartOffset="10543"/>
</LocList>
<BasicStmnt CovItemId="S142" CovItemPrefix="csse376_puerto_rico.GameBoardGUI.java" Intrnl_Id="887">
<LocList>
<Loc EndOffset="10569" SrcFileId="7" StartOffset="10543"/>
</LocList>
</BasicStmnt>
</StmntSeq>
</Branch>
<Branch CovItemId="B24" CovItemPrefix="csse376_puerto_rico.GameBoardGUI.java" Implct="true" Intrnl_Id="888">
<Cond/>
<LocList/>
<StmntSeq Intrnl_Id="889">
<LocList/>
</StmntSeq>
</Branch>
<Keyword EndOffset="10492" SrcFileId="7" StartOffset="10490"/>
<LocList>
<Loc EndOffset="10577" SrcFileId="7" StartOffset="10490"/>
</LocList>
<RootTerm CovItemId="C20" CovItemPrefix="csse376_puerto_rico.GameBoardGUI.java" Intrnl_Id="890">
<BasicBoolTerm Intrnl_Id="891">
<LocList>
<Loc EndOffset="10532" SrcFileId="7" StartOffset="10494"/>
</LocList>
</BasicBoolTerm>
</RootTerm>
</CondStmnt>
</StmntSeq>
<Keyword EndOffset="10456" SrcFileId="7" StartOffset="10453"/>
<LocList>
<Loc EndOffset="10584" SrcFileId="7" StartOffset="10453"/>
</LocList>
</LoopStmnt>
<BasicStmnt CovItemId="S143" CovItemPrefix="csse376_puerto_rico.GameBoardGUI.java" Intrnl_Id="892">
<LocList>
<Loc EndOffset="10612" SrcFileId="7" StartOffset="10590"/>
</LocList>
</BasicStmnt>
<BasicStmnt CovItemId="S144" CovItemPrefix="csse376_puerto_rico.GameBoardGUI.java" Intrnl_Id="893">
<LocList>
<Loc EndOffset="10654" SrcFileId="7" StartOffset="10618"/>
</LocList>
</BasicStmnt>
<BasicStmnt CovItemId="S145" CovItemPrefix="csse376_puerto_rico.GameBoardGUI.java" Intrnl_Id="894">
<LocList>
<Loc EndOffset="10945" SrcFileId="7" StartOffset="10702"/>
</LocList>
</BasicStmnt>
<CondStmnt CovItemId="S146" CovItemPrefix="csse376_puerto_rico.GameBoardGUI.java" Intrnl_Id="895">
<Branch CovItemId="B25" CovItemPrefix="csse376_puerto_rico.GameBoardGUI.java" Implct="false" Intrnl_Id="896">
<Cond/>
<LocList>
<Loc EndOffset="11305" SrcFileId="7" StartOffset="10979"/>
</LocList>
<StmntSeq Intrnl_Id="897">
<LocList>
<Loc EndOffset="11035" SrcFileId="7" StartOffset="10987"/>
<Loc EndOffset="11197" SrcFileId="7" StartOffset="11042"/>
<Loc EndOffset="11298" SrcFileId="7" StartOffset="11204"/>
</LocList>
<BasicStmnt CovItemId="S147" CovItemPrefix="csse376_puerto_rico.GameBoardGUI.java" Intrnl_Id="898">
<LocList>
<Loc EndOffset="11035" SrcFileId="7" StartOffset="10987"/>
</LocList>
</BasicStmnt>
<CondStmnt CovItemId="S148" CovItemPrefix="csse376_puerto_rico.GameBoardGUI.java" Intrnl_Id="899">
<Branch CovItemId="B27" CovItemPrefix="csse376_puerto_rico.GameBoardGUI.java" Implct="false" Intrnl_Id="900">
<Cond/>
<LocList>
<Loc EndOffset="11197" SrcFileId="7" StartOffset="11089"/>
</LocList>
<StmntSeq Intrnl_Id="901">
<LocList>
<Loc EndOffset="11149" SrcFileId="7" StartOffset="11098"/>
<Loc EndOffset="11189" SrcFileId="7" StartOffset="11157"/>
</LocList>
<BasicStmnt CovItemId="S149" CovItemPrefix="csse376_puerto_rico.GameBoardGUI.java" Intrnl_Id="902">
<LocList>
<Loc EndOffset="11149" SrcFileId="7" StartOffset="11098"/>
</LocList>
</BasicStmnt>
<BasicStmnt CovItemId="S150" CovItemPrefix="csse376_puerto_rico.GameBoardGUI.java" Intrnl_Id="903">
<LocList>
<Loc EndOffset="11189" SrcFileId="7" StartOffset="11157"/>
</LocList>
</BasicStmnt>
</StmntSeq>
</Branch>
<Branch CovItemId="B28" CovItemPrefix="csse376_puerto_rico.GameBoardGUI.java" Implct="true" Intrnl_Id="904">
<Cond/>
<LocList/>
<StmntSeq Intrnl_Id="905">
<LocList/>
</StmntSeq>
</Branch>
<Keyword EndOffset="11044" SrcFileId="7" StartOffset="11042"/>
<LocList>
<Loc EndOffset="11197" SrcFileId="7" StartOffset="11042"/>
</LocList>
<RootTerm CovItemId="C22" CovItemPrefix="csse376_puerto_rico.GameBoardGUI.java" Intrnl_Id="906">
<BasicBoolTerm Intrnl_Id="907">
<LocList>
<Loc EndOffset="11087" SrcFileId="7" StartOffset="11046"/>
</LocList>
</BasicBoolTerm>
</RootTerm>
</CondStmnt>
<CondStmnt CovItemId="S151" CovItemPrefix="csse376_puerto_rico.GameBoardGUI.java" Intrnl_Id="908">
<Branch CovItemId="B29" CovItemPrefix="csse376_puerto_rico.GameBoardGUI.java" Implct="false" Intrnl_Id="909">
<Cond/>
<LocList>
<Loc EndOffset="11298" SrcFileId="7" StartOffset="11244"/>
</LocList>
<StmntSeq Intrnl_Id="910">
<LocList>
<Loc EndOffset="11290" SrcFileId="7" StartOffset="11253"/>
</LocList>
<BasicStmnt CovItemId="S152" CovItemPrefix="csse376_puerto_rico.GameBoardGUI.java" Intrnl_Id="911">
<LocList>
<Loc EndOffset="11290" SrcFileId="7" StartOffset="11253"/>
</LocList>
</BasicStmnt>
</StmntSeq>
</Branch>
<Branch CovItemId="B30" CovItemPrefix="csse376_puerto_rico.GameBoardGUI.java" Implct="true" Intrnl_Id="912">
<Cond/>
<LocList/>
<StmntSeq Intrnl_Id="913">
<LocList/>
</StmntSeq>
</Branch>
<Keyword EndOffset="11206" SrcFileId="7" StartOffset="11204"/>
<LocList>
<Loc EndOffset="11298" SrcFileId="7" StartOffset="11204"/>
</LocList>
<RootTerm CovItemId="C23" CovItemPrefix="csse376_puerto_rico.GameBoardGUI.java" Intrnl_Id="914">
<BasicBoolTerm Intrnl_Id="915">
<LocList>
<Loc EndOffset="11242" SrcFileId="7" StartOffset="11208"/>
</LocList>
</BasicBoolTerm>
</RootTerm>
</CondStmnt>
</StmntSeq>
</Branch>
<Branch CovItemId="B26" CovItemPrefix="csse376_puerto_rico.GameBoardGUI.java" Implct="true" Intrnl_Id="916">
<Cond/>
<LocList/>
<StmntSeq Intrnl_Id="917">
<LocList/>
</StmntSeq>
</Branch>
<Keyword EndOffset="10953" SrcFileId="7" StartOffset="10951"/>
<LocList>
<Loc EndOffset="11305" SrcFileId="7" StartOffset="10951"/>
</LocList>
<RootTerm CovItemId="C21" CovItemPrefix="csse376_puerto_rico.GameBoardGUI.java" Intrnl_Id="918">
<BasicBoolTerm Intrnl_Id="919">
<LocList>
<Loc EndOffset="10977" SrcFileId="7" StartOffset="10955"/>
</LocList>
</BasicBoolTerm>
</RootTerm>
</CondStmnt>
<BasicStmnt CovItemId="S153" CovItemPrefix="csse376_puerto_rico.GameBoardGUI.java" Intrnl_Id="920">
<LocList>
<Loc EndOffset="11432" SrcFileId="7" StartOffset="11406"/>
</LocList>
</BasicStmnt>
<BasicStmnt CovItemId="S154" CovItemPrefix="csse376_puerto_rico.GameBoardGUI.java" Intrnl_Id="921">
<LocList>
<Loc EndOffset="11479" SrcFileId="7" StartOffset="11438"/>
</LocList>
</BasicStmnt>
</StmntSeq>
<Keyword EndOffset="10231" SrcFileId="7" StartOffset="10228"/>
<LocList>
<Loc EndOffset="11487" SrcFileId="7" StartOffset="10228"/>
</LocList>
<RootTerm CovItemId="C19" CovItemPrefix="csse376_puerto_rico.GameBoardGUI.java" Intrnl_Id="922">
<BasicBoolTerm Intrnl_Id="923">
<LocList>
<Loc EndOffset="10262" SrcFileId="7" StartOffset="10244"/>
</LocList>
</BasicBoolTerm>
</RootTerm>
</LoopStmnt>
</StmntSeq>
</Branch>
<Branch CovItemId="B22" CovItemPrefix="csse376_puerto_rico.GameBoardGUI.java" Implct="false" Intrnl_Id="924">
<Cond>
<Loc EndOffset="11497" SrcFileId="7" StartOffset="11493"/>
</Cond>
<LocList>
<Loc EndOffset="22404" SrcFileId="7" StartOffset="11498"/>
</LocList>
<StmntSeq Intrnl_Id="925">
<LocList>
<Loc EndOffset="22404" SrcFileId="7" StartOffset="11498"/>
</LocList>
<CondStmnt CovItemId="S155" CovItemPrefix="csse376_puerto_rico.GameBoardGUI.java" Intrnl_Id="926">
<Branch CovItemId="B31" CovItemPrefix="csse376_puerto_rico.GameBoardGUI.java" Implct="false" Intrnl_Id="927">
<Cond/>
<LocList>
<Loc EndOffset="13463" SrcFileId="7" StartOffset="11536"/>
</LocList>
<StmntSeq Intrnl_Id="928">
<LocList>
<Loc EndOffset="11614" SrcFileId="7" StartOffset="11562"/>
<Loc EndOffset="11650" SrcFileId="7" StartOffset="11619"/>
<Loc EndOffset="11700" SrcFileId="7" StartOffset="11655"/>
<Loc EndOffset="13458" SrcFileId="7" StartOffset="11746"/>
</LocList>
<BasicStmnt CovItemId="S156" CovItemPrefix="csse376_puerto_rico.GameBoardGUI.java" Intrnl_Id="929">
<LocList>
<Loc EndOffset="11614" SrcFileId="7" StartOffset="11562"/>
</LocList>
</BasicStmnt>
<BasicStmnt CovItemId="S157" CovItemPrefix="csse376_puerto_rico.GameBoardGUI.java" Intrnl_Id="930">
<LocList>
<Loc EndOffset="11650" SrcFileId="7" StartOffset="11619"/>
</LocList>
</BasicStmnt>
<BasicStmnt CovItemId="S158" CovItemPrefix="csse376_puerto_rico.GameBoardGUI.java" Intrnl_Id="931">
<LocList>
<Loc EndOffset="11700" SrcFileId="7" StartOffset="11655"/>
</LocList>
</BasicStmnt>
<LoopStmnt CovItemId="S159" CovItemPrefix="csse376_puerto_rico.GameBoardGUI.java" Intrnl_Id="932" MltplExecId="L10-2" MltplExecPrefix="csse376_puerto_rico.GameBoardGUI.java" NvrExecId="L10-0" NvrExecPrefix="csse376_puerto_rico.GameBoardGUI.java" OnceExecutedId="L10-1" OnceExecutedPrefix="csse376_puerto_rico.GameBoardGUI.java" OptBodyExec="true">
<StmntSeq Intrnl_Id="933">
<LocList>
<Loc EndOffset="11827" SrcFileId="7" StartOffset="11797"/>
<Loc EndOffset="11991" SrcFileId="7" StartOffset="11835"/>
<Loc EndOffset="12104" SrcFileId="7" StartOffset="11999"/>
<Loc EndOffset="12391" SrcFileId="7" StartOffset="12150"/>
<Loc EndOffset="12440" SrcFileId="7" StartOffset="12397"/>
<Loc EndOffset="12672" SrcFileId="7" StartOffset="12446"/>
<Loc EndOffset="13278" SrcFileId="7" StartOffset="12678"/>
<Loc EndOffset="13405" SrcFileId="7" StartOffset="13379"/>
<Loc EndOffset="13452" SrcFileId="7" StartOffset="13411"/>
</LocList>
<BasicStmnt CovItemId="S160" CovItemPrefix="csse376_puerto_rico.GameBoardGUI.java" Intrnl_Id="934">
<LocList>
<Loc EndOffset="11827" SrcFileId="7" StartOffset="11797"/>
</LocList>
</BasicStmnt>
<CondStmnt CovItemId="S161" CovItemPrefix="csse376_puerto_rico.GameBoardGUI.java" Intrnl_Id="935">
<Branch CovItemId="B33" CovItemPrefix="csse376_puerto_rico.GameBoardGUI.java" Implct="false" Intrnl_Id="936">
<Cond/>
<LocList>
<Loc EndOffset="11991" SrcFileId="7" StartOffset="11888"/>
</LocList>
<StmntSeq Intrnl_Id="937">
<LocList/>
</StmntSeq>
</Branch>
<Branch CovItemId="B34" CovItemPrefix="csse376_puerto_rico.GameBoardGUI.java" Implct="true" Intrnl_Id="938">
<Cond/>
<LocList/>
<StmntSeq Intrnl_Id="939">
<LocList/>
</StmntSeq>
</Branch>
<Keyword EndOffset="11837" SrcFileId="7" StartOffset="11835"/>
<LocList>
<Loc EndOffset="11991" SrcFileId="7" StartOffset="11835"/>
</LocList>
<RootTerm CovItemId="C26" CovItemPrefix="csse376_puerto_rico.GameBoardGUI.java" Intrnl_Id="940">
<BasicBoolTerm Intrnl_Id="941">
<LocList>
<Loc EndOffset="11886" SrcFileId="7" StartOffset="11839"/>
</LocList>
</BasicBoolTerm>
</RootTerm>
</CondStmnt>
<CondStmnt CovItemId="S162" CovItemPrefix="csse376_puerto_rico.GameBoardGUI.java" Intrnl_Id="942">
<Branch CovItemId="B35" CovItemPrefix="csse376_puerto_rico.GameBoardGUI.java" Implct="false" Intrnl_Id="943">
<Cond/>
<LocList>
<Loc EndOffset="12104" SrcFileId="7" StartOffset="12044"/>
</LocList>
<StmntSeq Intrnl_Id="944">
<LocList/>
</StmntSeq>
</Branch>
<Branch CovItemId="B36" CovItemPrefix="csse376_puerto_rico.GameBoardGUI.java" Implct="true" Intrnl_Id="945">
<Cond/>
<LocList/>
<StmntSeq Intrnl_Id="946">
<LocList/>
</StmntSeq>
</Branch>
<Keyword EndOffset="12001" SrcFileId="7" StartOffset="11999"/>
<LocList>
<Loc EndOffset="12104" SrcFileId="7" StartOffset="11999"/>
</LocList>
<RootTerm CovItemId="C27" CovItemPrefix="csse376_puerto_rico.GameBoardGUI.java" Intrnl_Id="947">
<BasicBoolTerm Intrnl_Id="948">
<LocList>
<Loc EndOffset="12042" SrcFileId="7" StartOffset="12003"/>
</LocList>
</BasicBoolTerm>
</RootTerm>
</CondStmnt>
<BasicStmnt CovItemId="S163" CovItemPrefix="csse376_puerto_rico.GameBoardGUI.java" Intrnl_Id="949">
<LocList>
<Loc EndOffset="12391" SrcFileId="7" StartOffset="12150"/>
</LocList>
</BasicStmnt>
<BasicStmnt CovItemId="S164" CovItemPrefix="csse376_puerto_rico.GameBoardGUI.java" Intrnl_Id="950">
<LocList>
<Loc EndOffset="12440" SrcFileId="7" StartOffset="12397"/>
</LocList>
</BasicStmnt>
<CondStmnt CovItemId="S165" CovItemPrefix="csse376_puerto_rico.GameBoardGUI.java" Intrnl_Id="951">
<Branch CovItemId="B37" CovItemPrefix="csse376_puerto_rico.GameBoardGUI.java" Implct="false" Intrnl_Id="952">
<Cond/>
<LocList>
<Loc EndOffset="12672" SrcFileId="7" StartOffset="12483"/>
</LocList>
<StmntSeq Intrnl_Id="953">
<LocList>
<Loc EndOffset="12569" SrcFileId="7" StartOffset="12491"/>
<Loc EndOffset="12665" SrcFileId="7" StartOffset="12576"/>
</LocList>
<BasicStmnt CovItemId="S166" CovItemPrefix="csse376_puerto_rico.GameBoardGUI.java" Intrnl_Id="954">
<LocList>
<Loc EndOffset="12569" SrcFileId="7" StartOffset="12491"/>
</LocList>
</BasicStmnt>
<BasicStmnt CovItemId="S167" CovItemPrefix="csse376_puerto_rico.GameBoardGUI.java" Intrnl_Id="955">
<LocList>
<Loc EndOffset="12665" SrcFileId="7" StartOffset="12576"/>
</LocList>
</BasicStmnt>
</StmntSeq>
</Branch>
<Branch CovItemId="B38" CovItemPrefix="csse376_puerto_rico.GameBoardGUI.java" Implct="true" Intrnl_Id="956">
<Cond/>
<LocList/>
<StmntSeq Intrnl_Id="957">
<LocList/>
</StmntSeq>
</Branch>
<Keyword EndOffset="12448" SrcFileId="7" StartOffset="12446"/>
<LocList>
<Loc EndOffset="12672" SrcFileId="7" StartOffset="12446"/>
</LocList>
<RootTerm CovItemId="C28" CovItemPrefix="csse376_puerto_rico.GameBoardGUI.java" Intrnl_Id="958">
<BasicBoolTerm Intrnl_Id="959">
<LocList>
<Loc EndOffset="12481" SrcFileId="7" StartOffset="12450"/>
</LocList>
</BasicBoolTerm>
</RootTerm>
</CondStmnt>
<CondStmnt CovItemId="S168" CovItemPrefix="csse376_puerto_rico.GameBoardGUI.java" Intrnl_Id="960">
<Branch CovItemId="B39" CovItemPrefix="csse376_puerto_rico.GameBoardGUI.java" Implct="false" Intrnl_Id="961">
<Cond/>
<LocList>
<Loc EndOffset="13278" SrcFileId="7" StartOffset="12722"/>
</LocList>
<StmntSeq Intrnl_Id="962">
<LocList>
<Loc EndOffset="12829" SrcFileId="7" StartOffset="12796"/>
<Loc EndOffset="13142" SrcFileId="7" StartOffset="12836"/>
<Loc EndOffset="13269" SrcFileId="7" StartOffset="13149"/>
</LocList>
<BasicStmnt CovItemId="S169" CovItemPrefix="csse376_puerto_rico.GameBoardGUI.java" Intrnl_Id="963">
<LocList>
<Loc EndOffset="12829" SrcFileId="7" StartOffset="12796"/>
</LocList>
</BasicStmnt>
<BasicStmnt CovItemId="S170" CovItemPrefix="csse376_puerto_rico.GameBoardGUI.java" Intrnl_Id="964">
<LocList>
<Loc EndOffset="13142" SrcFileId="7" StartOffset="12836"/>
</LocList>
</BasicStmnt>
<CondStmnt CovItemId="S171" CovItemPrefix="csse376_puerto_rico.GameBoardGUI.java" Intrnl_Id="965">
<Branch CovItemId="B41" CovItemPrefix="csse376_puerto_rico.GameBoardGUI.java" Implct="false" Intrnl_Id="966">
<Cond/>
<LocList>
<Loc EndOffset="13269" SrcFileId="7" StartOffset="13164"/>
</LocList>
<StmntSeq Intrnl_Id="967">
<LocList>
<Loc EndOffset="13221" SrcFileId="7" StartOffset="13173"/>
<Loc EndOffset="13261" SrcFileId="7" StartOffset="13229"/>
</LocList>
<BasicStmnt CovItemId="S172" CovItemPrefix="csse376_puerto_rico.GameBoardGUI.java" Intrnl_Id="968">
<LocList>
<Loc EndOffset="13221" SrcFileId="7" StartOffset="13173"/>
</LocList>
</BasicStmnt>
<BasicStmnt CovItemId="S173" CovItemPrefix="csse376_puerto_rico.GameBoardGUI.java" Intrnl_Id="969">
<LocList>
<Loc EndOffset="13261" SrcFileId="7" StartOffset="13229"/>
</LocList>
</BasicStmnt>
</StmntSeq>
</Branch>
<Branch CovItemId="B42" CovItemPrefix="csse376_puerto_rico.GameBoardGUI.java" Implct="true" Intrnl_Id="970">
<Cond/>
<LocList/>
<StmntSeq Intrnl_Id="971">
<LocList/>
</StmntSeq>
</Branch>
<Keyword EndOffset="13151" SrcFileId="7" StartOffset="13149"/>
<LocList>
<Loc EndOffset="13269" SrcFileId="7" StartOffset="13149"/>
</LocList>
<RootTerm CovItemId="C30" CovItemPrefix="csse376_puerto_rico.GameBoardGUI.java" Intrnl_Id="972">
<BasicBoolTerm Intrnl_Id="973">
<LocList>
<Loc EndOffset="13162" SrcFileId="7" StartOffset="13153"/>
</LocList>
</BasicBoolTerm>
</RootTerm>
</CondStmnt>
</StmntSeq>
</Branch>
<Branch CovItemId="B40" CovItemPrefix="csse376_puerto_rico.GameBoardGUI.java" Implct="true" Intrnl_Id="974">
<Cond/>
<LocList/>
<StmntSeq Intrnl_Id="975">
<LocList/>
</StmntSeq>
</Branch>
<Keyword EndOffset="12680" SrcFileId="7" StartOffset="12678"/>
<LocList>
<Loc EndOffset="13278" SrcFileId="7" StartOffset="12678"/>
</LocList>
<RootTerm CovItemId="C29" CovItemPrefix="csse376_puerto_rico.GameBoardGUI.java" Intrnl_Id="976">
<BasicBoolTerm Intrnl_Id="977">
<LocList>
<Loc EndOffset="12720" SrcFileId="7" StartOffset="12682"/>
</LocList>
</BasicBoolTerm>
</RootTerm>
</CondStmnt>
<BasicStmnt CovItemId="S174" CovItemPrefix="csse376_puerto_rico.GameBoardGUI.java" Intrnl_Id="978">
<LocList>
<Loc EndOffset="13405" SrcFileId="7" StartOffset="13379"/>
</LocList>
</BasicStmnt>
<BasicStmnt CovItemId="S175" CovItemPrefix="csse376_puerto_rico.GameBoardGUI.java" Intrnl_Id="979">
<LocList>
<Loc EndOffset="13452" SrcFileId="7" StartOffset="13411"/>
</LocList>
</BasicStmnt>
</StmntSeq>
<Keyword EndOffset="11749" SrcFileId="7" StartOffset="11746"/>
<LocList>
<Loc EndOffset="13458" SrcFileId="7" StartOffset="11746"/>
</LocList>
<RootTerm CovItemId="C25" CovItemPrefix="csse376_puerto_rico.GameBoardGUI.java" Intrnl_Id="980">
<BasicBoolTerm Intrnl_Id="981">
<LocList>
<Loc EndOffset="11781" SrcFileId="7" StartOffset="11762"/>
</LocList>
</BasicBoolTerm>
</RootTerm>
</LoopStmnt>
</StmntSeq>
</Branch>
<Branch CovItemId="B32" CovItemPrefix="csse376_puerto_rico.GameBoardGUI.java" Implct="false" Intrnl_Id="982">
<Cond>
<Loc EndOffset="13468" SrcFileId="7" StartOffset="13464"/>
</Cond>
<LocList>
<Loc EndOffset="22404" SrcFileId="7" StartOffset="13469"/>
</LocList>
<StmntSeq Intrnl_Id="983">
<LocList>
<Loc EndOffset="22404" SrcFileId="7" StartOffset="13469"/>
</LocList>
<CondStmnt CovItemId="S176" CovItemPrefix="csse376_puerto_rico.GameBoardGUI.java" Intrnl_Id="984">
<Branch CovItemId="B43" CovItemPrefix="csse376_puerto_rico.GameBoardGUI.java" Implct="false" Intrnl_Id="985">
<Cond/>
<LocList>
<Loc EndOffset="14272" SrcFileId="7" StartOffset="13509"/>
</LocList>
<StmntSeq Intrnl_Id="986">
<LocList>
<Loc EndOffset="14265" SrcFileId="7" StartOffset="13535"/>
</LocList>
<LoopStmnt CovItemId="S177" CovItemPrefix="csse376_puerto_rico.GameBoardGUI.java" Intrnl_Id="987" MltplExecId="L11-2" MltplExecPrefix="csse376_puerto_rico.GameBoardGUI.java" NvrExecId="L11-0" NvrExecPrefix="csse376_puerto_rico.GameBoardGUI.java" OnceExecutedId="L11-1" OnceExecutedPrefix="csse376_puerto_rico.GameBoardGUI.java" OptBodyExec="true">
<StmntSeq Intrnl_Id="988">
<LocList>
<Loc EndOffset="13615" SrcFileId="7" StartOffset="13585"/>
<Loc EndOffset="13646" SrcFileId="7" StartOffset="13621"/>
<Loc EndOffset="14176" SrcFileId="7" StartOffset="13679"/>
<Loc EndOffset="14210" SrcFileId="7" StartOffset="14184"/>
<Loc EndOffset="14257" SrcFileId="7" StartOffset="14216"/>
</LocList>
<BasicStmnt CovItemId="S178" CovItemPrefix="csse376_puerto_rico.GameBoardGUI.java" Intrnl_Id="989">
<LocList>
<Loc EndOffset="13615" SrcFileId="7" StartOffset="13585"/>
</LocList>
</BasicStmnt>
<BasicStmnt CovItemId="S179" CovItemPrefix="csse376_puerto_rico.GameBoardGUI.java" Intrnl_Id="990">
<LocList>
<Loc EndOffset="13646" SrcFileId="7" StartOffset="13621"/>
</LocList>
</BasicStmnt>
<CondStmnt CovItemId="S180" CovItemPrefix="csse376_puerto_rico.GameBoardGUI.java" Intrnl_Id="991">
<Branch CovItemId="B45" CovItemPrefix="csse376_puerto_rico.GameBoardGUI.java" Implct="false" Intrnl_Id="992">
<Cond/>
<LocList>
<Loc EndOffset="14176" SrcFileId="7" StartOffset="13723"/>
</LocList>
<StmntSeq Intrnl_Id="993">
<LocList>
<Loc EndOffset="14169" SrcFileId="7" StartOffset="13731"/>
</LocList>
<CondStmnt CovItemId="S181" CovItemPrefix="csse376_puerto_rico.GameBoardGUI.java" Intrnl_Id="994">
<Branch CovItemId="B47" CovItemPrefix="csse376_puerto_rico.GameBoardGUI.java" Implct="false" Intrnl_Id="995">
<Cond/>
<LocList>
<Loc EndOffset="13836" SrcFileId="7" StartOffset="13772"/>
</LocList>
<StmntSeq Intrnl_Id="996">
<LocList>
<Loc EndOffset="13828" SrcFileId="7" StartOffset="13781"/>
</LocList>
<BasicStmnt CovItemId="S182" CovItemPrefix="csse376_puerto_rico.GameBoardGUI.java" Intrnl_Id="997">
<LocList>
<Loc EndOffset="13828" SrcFileId="7" StartOffset="13781"/>
</LocList>
</BasicStmnt>
</StmntSeq>
</Branch>
<Branch CovItemId="B48" CovItemPrefix="csse376_puerto_rico.GameBoardGUI.java" Implct="false" Intrnl_Id="998">
<Cond>
<Loc EndOffset="13841" SrcFileId="7" StartOffset="13837"/>
</Cond>
<LocList>
<Loc EndOffset="14169" SrcFileId="7" StartOffset="13842"/>
</LocList>
<StmntSeq Intrnl_Id="999">
<LocList>
<Loc EndOffset="14169" SrcFileId="7" StartOffset="13842"/>
</LocList>
<CondStmnt CovItemId="S183" CovItemPrefix="csse376_puerto_rico.GameBoardGUI.java" Intrnl_Id="1000">
<Branch CovItemId="B49" CovItemPrefix="csse376_puerto_rico.GameBoardGUI.java" Implct="false" Intrnl_Id="1001">
<Cond/>
<LocList>
<Loc EndOffset="13947" SrcFileId="7" StartOffset="13883"/>
</LocList>
<StmntSeq Intrnl_Id="1002">
<LocList>
<Loc EndOffset="13939" SrcFileId="7" StartOffset="13892"/>
</LocList>
<BasicStmnt CovItemId="S184" CovItemPrefix="csse376_puerto_rico.GameBoardGUI.java" Intrnl_Id="1003">
<LocList>
<Loc EndOffset="13939" SrcFileId="7" StartOffset="13892"/>
</LocList>
</BasicStmnt>
</StmntSeq>
</Branch>
<Branch CovItemId="B50" CovItemPrefix="csse376_puerto_rico.GameBoardGUI.java" Implct="false" Intrnl_Id="1004">
<Cond>
<Loc EndOffset="13952" SrcFileId="7" StartOffset="13948"/>
</Cond>
<LocList>
<Loc EndOffset="14169" SrcFileId="7" StartOffset="13953"/>
</LocList>
<StmntSeq Intrnl_Id="1005">
<LocList>
<Loc EndOffset="14169" SrcFileId="7" StartOffset="13953"/>
</LocList>
<CondStmnt CovItemId="S185" CovItemPrefix="csse376_puerto_rico.GameBoardGUI.java" Intrnl_Id="1006">
<Branch CovItemId="B51" CovItemPrefix="csse376_puerto_rico.GameBoardGUI.java" Implct="false" Intrnl_Id="1007">
<Cond/>
<LocList>
<Loc EndOffset="14058" SrcFileId="7" StartOffset="13994"/>
</LocList>
<StmntSeq Intrnl_Id="1008">
<LocList>
<Loc EndOffset="14050" SrcFileId="7" StartOffset="14003"/>
</LocList>
<BasicStmnt CovItemId="S186" CovItemPrefix="csse376_puerto_rico.GameBoardGUI.java" Intrnl_Id="1009">
<LocList>
<Loc EndOffset="14050" SrcFileId="7" StartOffset="14003"/>
</LocList>
</BasicStmnt>
</StmntSeq>
</Branch>
<Branch CovItemId="B52" CovItemPrefix="csse376_puerto_rico.GameBoardGUI.java" Implct="false" Intrnl_Id="1010">
<Cond>
<Loc EndOffset="14063" SrcFileId="7" StartOffset="14059"/>
</Cond>
<LocList>
<Loc EndOffset="14169" SrcFileId="7" StartOffset="14064"/>
</LocList>
<StmntSeq Intrnl_Id="1011">
<LocList>
<Loc EndOffset="14169" SrcFileId="7" StartOffset="14064"/>
</LocList>
<CondStmnt CovItemId="S187" CovItemPrefix="csse376_puerto_rico.GameBoardGUI.java" Intrnl_Id="1012">
<Branch CovItemId="B53" CovItemPrefix="csse376_puerto_rico.GameBoardGUI.java" Implct="false" Intrnl_Id="1013">
<Cond/>
<LocList>
<Loc EndOffset="14169" SrcFileId="7" StartOffset="14105"/>
</LocList>
<StmntSeq Intrnl_Id="1014">
<LocList>
<Loc EndOffset="14161" SrcFileId="7" StartOffset="14114"/>
</LocList>
<BasicStmnt CovItemId="S188" CovItemPrefix="csse376_puerto_rico.GameBoardGUI.java" Intrnl_Id="1015">
<LocList>
<Loc EndOffset="14161" SrcFileId="7" StartOffset="14114"/>
</LocList>
</BasicStmnt>
</StmntSeq>
</Branch>
<Branch CovItemId="B54" CovItemPrefix="csse376_puerto_rico.GameBoardGUI.java" Implct="true" Intrnl_Id="1016">
<Cond/>
<LocList/>
<StmntSeq Intrnl_Id="1017">
<LocList/>
</StmntSeq>
</Branch>
<Keyword EndOffset="14066" SrcFileId="7" StartOffset="14064"/>
<LocList>
<Loc EndOffset="14169" SrcFileId="7" StartOffset="14064"/>
</LocList>
<RootTerm CovItemId="C37" CovItemPrefix="csse376_puerto_rico.GameBoardGUI.java" Intrnl_Id="1018">
<BasicBoolTerm Intrnl_Id="1019">
<LocList>
<Loc EndOffset="14103" SrcFileId="7" StartOffset="14068"/>
</LocList>
</BasicBoolTerm>
</RootTerm>
</CondStmnt>
</StmntSeq>
</Branch>
<Keyword EndOffset="13955" SrcFileId="7" StartOffset="13953"/>
<LocList>
<Loc EndOffset="14169" SrcFileId="7" StartOffset="13953"/>
</LocList>
<RootTerm CovItemId="C36" CovItemPrefix="csse376_puerto_rico.GameBoardGUI.java" Intrnl_Id="1020">
<BasicBoolTerm Intrnl_Id="1021">
<LocList>
<Loc EndOffset="13992" SrcFileId="7" StartOffset="13957"/>
</LocList>
</BasicBoolTerm>
</RootTerm>
</CondStmnt>
</StmntSeq>
</Branch>
<Keyword EndOffset="13844" SrcFileId="7" StartOffset="13842"/>
<LocList>
<Loc EndOffset="14169" SrcFileId="7" StartOffset="13842"/>
</LocList>
<RootTerm CovItemId="C35" CovItemPrefix="csse376_puerto_rico.GameBoardGUI.java" Intrnl_Id="1022">
<BasicBoolTerm Intrnl_Id="1023">
<LocList>
<Loc EndOffset="13881" SrcFileId="7" StartOffset="13846"/>
</LocList>
</BasicBoolTerm>
</RootTerm>
</CondStmnt>
</StmntSeq>
</Branch>
<Keyword EndOffset="13733" SrcFileId="7" StartOffset="13731"/>
<LocList>
<Loc EndOffset="14169" SrcFileId="7" StartOffset="13731"/>
</LocList>
<RootTerm CovItemId="C34" CovItemPrefix="csse376_puerto_rico.GameBoardGUI.java" Intrnl_Id="1024">
<BasicBoolTerm Intrnl_Id="1025">
<LocList>
<Loc EndOffset="13770" SrcFileId="7" StartOffset="13735"/>
</LocList>
</BasicBoolTerm>
</RootTerm>
</CondStmnt>
</StmntSeq>
</Branch>
<Branch CovItemId="B46" CovItemPrefix="csse376_puerto_rico.GameBoardGUI.java" Implct="true" Intrnl_Id="1026">
<Cond/>
<LocList/>
<StmntSeq Intrnl_Id="1027">
<LocList/>
</StmntSeq>
</Branch>
<Keyword EndOffset="13681" SrcFileId="7" StartOffset="13679"/>
<LocList>
<Loc EndOffset="14176" SrcFileId="7" StartOffset="13679"/>
</LocList>
<RootTerm CovItemId="C33" CovItemPrefix="csse376_puerto_rico.GameBoardGUI.java" Intrnl_Id="1028">
<BasicBoolTerm Intrnl_Id="1029">
<LocList>
<Loc EndOffset="13721" SrcFileId="7" StartOffset="13683"/>
</LocList>
</BasicBoolTerm>
</RootTerm>
</CondStmnt>
<BasicStmnt CovItemId="S189" CovItemPrefix="csse376_puerto_rico.GameBoardGUI.java" Intrnl_Id="1030">
<LocList>
<Loc EndOffset="14210" SrcFileId="7" StartOffset="14184"/>
</LocList>
</BasicStmnt>
<BasicStmnt CovItemId="S190" CovItemPrefix="csse376_puerto_rico.GameBoardGUI.java" Intrnl_Id="1031">
<LocList>
<Loc EndOffset="14257" SrcFileId="7" StartOffset="14216"/>
</LocList>
</BasicStmnt>
</StmntSeq>
<Keyword EndOffset="13538" SrcFileId="7" StartOffset="13535"/>
<LocList>
<Loc EndOffset="14265" SrcFileId="7" StartOffset="13535"/>
</LocList>
<RootTerm CovItemId="C32" CovItemPrefix="csse376_puerto_rico.GameBoardGUI.java" Intrnl_Id="1032">
<BasicBoolTerm Intrnl_Id="1033">
<LocList>
<Loc EndOffset="13569" SrcFileId="7" StartOffset="13551"/>
</LocList>
</BasicBoolTerm>
</RootTerm>
</LoopStmnt>
</StmntSeq>
</Branch>
<Branch CovItemId="B44" CovItemPrefix="csse376_puerto_rico.GameBoardGUI.java" Implct="false" Intrnl_Id="1034">
<Cond>
<Loc EndOffset="14277" SrcFileId="7" StartOffset="14273"/>
</Cond>
<LocList>
<Loc EndOffset="22404" SrcFileId="7" StartOffset="14278"/>
</LocList>
<StmntSeq Intrnl_Id="1035">
<LocList>
<Loc EndOffset="22404" SrcFileId="7" StartOffset="14278"/>
</LocList>
<CondStmnt CovItemId="S191" CovItemPrefix="csse376_puerto_rico.GameBoardGUI.java" Intrnl_Id="1036">
<Branch CovItemId="B55" CovItemPrefix="csse376_puerto_rico.GameBoardGUI.java" Implct="false" Intrnl_Id="1037">
<Cond/>
<LocList>
<Loc EndOffset="16285" SrcFileId="7" StartOffset="14315"/>
</LocList>
<StmntSeq Intrnl_Id="1038">
<LocList>
<Loc EndOffset="16280" SrcFileId="7" StartOffset="14328"/>
</LocList>
<LoopStmnt CovItemId="S192" CovItemPrefix="csse376_puerto_rico.GameBoardGUI.java" Intrnl_Id="1039" MltplExecId="L12-2" MltplExecPrefix="csse376_puerto_rico.GameBoardGUI.java" NvrExecId="L12-0" NvrExecPrefix="csse376_puerto_rico.GameBoardGUI.java" OnceExecutedId="L12-1" OnceExecutedPrefix="csse376_puerto_rico.GameBoardGUI.java" OptBodyExec="true">
<StmntSeq Intrnl_Id="1040">
<LocList>
<Loc EndOffset="14408" SrcFileId="7" StartOffset="14378"/>
<Loc EndOffset="14558" SrcFileId="7" StartOffset="14447"/>
<Loc EndOffset="14708" SrcFileId="7" StartOffset="14597"/>
<Loc EndOffset="14833" SrcFileId="7" StartOffset="14716"/>
<Loc EndOffset="14892" SrcFileId="7" StartOffset="14839"/>
<Loc EndOffset="15036" SrcFileId="7" StartOffset="14898"/>
<Loc EndOffset="15066" SrcFileId="7" StartOffset="15042"/>
<Loc EndOffset="15110" SrcFileId="7" StartOffset="15072"/>
<Loc EndOffset="15357" SrcFileId="7" StartOffset="15118"/>
<Loc EndOffset="16098" SrcFileId="7" StartOffset="15363"/>
<Loc EndOffset="16225" SrcFileId="7" StartOffset="16199"/>
<Loc EndOffset="16272" SrcFileId="7" StartOffset="16231"/>
</LocList>
<BasicStmnt CovItemId="S193" CovItemPrefix="csse376_puerto_rico.GameBoardGUI.java" Intrnl_Id="1041">
<LocList>
<Loc EndOffset="14408" SrcFileId="7" StartOffset="14378"/>
</LocList>
</BasicStmnt>
<CondStmnt CovItemId="S194" CovItemPrefix="csse376_puerto_rico.GameBoardGUI.java" Intrnl_Id="1042">
<Branch CovItemId="B57" CovItemPrefix="csse376_puerto_rico.GameBoardGUI.java" Implct="false" Intrnl_Id="1043">
<Cond/>
<LocList>
<Loc EndOffset="14558" SrcFileId="7" StartOffset="14496"/>
</LocList>
<StmntSeq Intrnl_Id="1044">
<LocList>
<Loc EndOffset="14551" SrcFileId="7" StartOffset="14504"/>
</LocList>
<BasicStmnt CovItemId="S195" CovItemPrefix="csse376_puerto_rico.GameBoardGUI.java" Intrnl_Id="1045">
<LocList>
<Loc EndOffset="14551" SrcFileId="7" StartOffset="14504"/>
</LocList>
</BasicStmnt>
</StmntSeq>
</Branch>
<Branch CovItemId="B58" CovItemPrefix="csse376_puerto_rico.GameBoardGUI.java" Implct="true" Intrnl_Id="1046">
<Cond/>
<LocList/>
<StmntSeq Intrnl_Id="1047">
<LocList/>
</StmntSeq>
</Branch>
<Keyword EndOffset="14449" SrcFileId="7" StartOffset="14447"/>
<LocList>
<Loc EndOffset="14558" SrcFileId="7" StartOffset="14447"/>
</LocList>
<RootTerm CovItemId="C40" CovItemPrefix="csse376_puerto_rico.GameBoardGUI.java" Intrnl_Id="1048">
<BasicBoolTerm Intrnl_Id="1049">
<LocList>
<Loc EndOffset="14494" SrcFileId="7" StartOffset="14451"/>
</LocList>
</BasicBoolTerm>
</RootTerm>
</CondStmnt>
<CondStmnt CovItemId="S196" CovItemPrefix="csse376_puerto_rico.GameBoardGUI.java" Intrnl_Id="1050">
<Branch CovItemId="B59" CovItemPrefix="csse376_puerto_rico.GameBoardGUI.java" Implct="false" Intrnl_Id="1051">
<Cond/>
<LocList>
<Loc EndOffset="14708" SrcFileId="7" StartOffset="14646"/>
</LocList>
<StmntSeq Intrnl_Id="1052">
<LocList>
<Loc EndOffset="14701" SrcFileId="7" StartOffset="14654"/>
</LocList>
<BasicStmnt CovItemId="S197" CovItemPrefix="csse376_puerto_rico.GameBoardGUI.java" Intrnl_Id="1053">
<LocList>
<Loc EndOffset="14701" SrcFileId="7" StartOffset="14654"/>
</LocList>
</BasicStmnt>
</StmntSeq>
</Branch>
<Branch CovItemId="B60" CovItemPrefix="csse376_puerto_rico.GameBoardGUI.java" Implct="true" Intrnl_Id="1054">
<Cond/>
<LocList/>
<StmntSeq Intrnl_Id="1055">
<LocList/>
</StmntSeq>
</Branch>
<Keyword EndOffset="14599" SrcFileId="7" StartOffset="14597"/>
<LocList>
<Loc EndOffset="14708" SrcFileId="7" StartOffset="14597"/>
</LocList>
<RootTerm CovItemId="C41" CovItemPrefix="csse376_puerto_rico.GameBoardGUI.java" Intrnl_Id="1056">
<BasicBoolTerm Intrnl_Id="1057">
<LocList>
<Loc EndOffset="14644" SrcFileId="7" StartOffset="14601"/>
</LocList>
</BasicBoolTerm>
</RootTerm>
</CondStmnt>
<CondStmnt CovItemId="S198" CovItemPrefix="csse376_puerto_rico.GameBoardGUI.java" Intrnl_Id="1058">
<Branch CovItemId="B61" CovItemPrefix="csse376_puerto_rico.GameBoardGUI.java" Implct="false" Intrnl_Id="1059">
<Cond/>
<LocList>
<Loc EndOffset="14833" SrcFileId="7" StartOffset="14759"/>
</LocList>
<StmntSeq Intrnl_Id="1060">
<LocList/>
</StmntSeq>
</Branch>
<Branch CovItemId="B62" CovItemPrefix="csse376_puerto_rico.GameBoardGUI.java" Implct="true" Intrnl_Id="1061">
<Cond/>
<LocList/>
<StmntSeq Intrnl_Id="1062">
<LocList/>
</StmntSeq>
</Branch>
<Keyword EndOffset="14718" SrcFileId="7" StartOffset="14716"/>
<LocList>
<Loc EndOffset="14833" SrcFileId="7" StartOffset="14716"/>
</LocList>
<RootTerm CovItemId="C42" CovItemPrefix="csse376_puerto_rico.GameBoardGUI.java" Intrnl_Id="1063">
<BasicBoolTerm Intrnl_Id="1064">
<LocList>
<Loc EndOffset="14757" SrcFileId="7" StartOffset="14720"/>
</LocList>
</BasicBoolTerm>
</RootTerm>
</CondStmnt>
<BasicStmnt CovItemId="S199" CovItemPrefix="csse376_puerto_rico.GameBoardGUI.java" Intrnl_Id="1065">
<LocList>
<Loc EndOffset="14892" SrcFileId="7" StartOffset="14839"/>
</LocList>
</BasicStmnt>
<LoopStmnt CovItemId="S200" CovItemPrefix="csse376_puerto_rico.GameBoardGUI.java" Intrnl_Id="1066" MltplExecId="L13-2" MltplExecPrefix="csse376_puerto_rico.GameBoardGUI.java" NvrExecId="L13-0" NvrExecPrefix="csse376_puerto_rico.GameBoardGUI.java" OnceExecutedId="L13-1" OnceExecutedPrefix="csse376_puerto_rico.GameBoardGUI.java" OptBodyExec="true">
<StmntSeq Intrnl_Id="1067">
<LocList>
<Loc EndOffset="14978" SrcFileId="7" StartOffset="14944"/>
<Loc EndOffset="15029" SrcFileId="7" StartOffset="14985"/>
</LocList>
<BasicStmnt CovItemId="S201" CovItemPrefix="csse376_puerto_rico.GameBoardGUI.java" Intrnl_Id="1068">
<LocList>
<Loc EndOffset="14978" SrcFileId="7" StartOffset="14944"/>
</LocList>
</BasicStmnt>
<CondStmnt CovItemId="S202" CovItemPrefix="csse376_puerto_rico.GameBoardGUI.java" Intrnl_Id="1069">
<Branch CovItemId="B63" CovItemPrefix="csse376_puerto_rico.GameBoardGUI.java" Implct="false" Intrnl_Id="1070">
<Cond/>
<LocList>
<Loc EndOffset="15029" SrcFileId="7" StartOffset="14996"/>
</LocList>
<StmntSeq Intrnl_Id="1071">
<LocList>
<Loc EndOffset="15021" SrcFileId="7" StartOffset="15005"/>
</LocList>
<BasicStmnt CovItemId="S203" CovItemPrefix="csse376_puerto_rico.GameBoardGUI.java" Intrnl_Id="1072">
<LocList>
<Loc EndOffset="15021" SrcFileId="7" StartOffset="15005"/>
</LocList>
</BasicStmnt>
</StmntSeq>
</Branch>
<Branch CovItemId="B64" CovItemPrefix="csse376_puerto_rico.GameBoardGUI.java" Implct="true" Intrnl_Id="1073">
<Cond/>
<LocList/>
<StmntSeq Intrnl_Id="1074">
<LocList/>
</StmntSeq>
</Branch>
<Keyword EndOffset="14987" SrcFileId="7" StartOffset="14985"/>
<LocList>
<Loc EndOffset="15029" SrcFileId="7" StartOffset="14985"/>
</LocList>
<RootTerm CovItemId="C43" CovItemPrefix="csse376_puerto_rico.GameBoardGUI.java" Intrnl_Id="1075">
<BasicBoolTerm Intrnl_Id="1076">
<LocList>
<Loc EndOffset="14994" SrcFileId="7" StartOffset="14989"/>
</LocList>
</BasicBoolTerm>
</RootTerm>
</CondStmnt>
</StmntSeq>
<Keyword EndOffset="14901" SrcFileId="7" StartOffset="14898"/>
<LocList>
<Loc EndOffset="15036" SrcFileId="7" StartOffset="14898"/>
</LocList>
</LoopStmnt>
<BasicStmnt CovItemId="S204" CovItemPrefix="csse376_puerto_rico.GameBoardGUI.java" Intrnl_Id="1077">
<LocList>
<Loc EndOffset="15066" SrcFileId="7" StartOffset="15042"/>
</LocList>
</BasicStmnt>
<BasicStmnt CovItemId="S205" CovItemPrefix="csse376_puerto_rico.GameBoardGUI.java" Intrnl_Id="1078">
<LocList>
<Loc EndOffset="15110" SrcFileId="7" StartOffset="15072"/>
</LocList>
</BasicStmnt>
<BasicStmnt CovItemId="S206" CovItemPrefix="csse376_puerto_rico.GameBoardGUI.java" Intrnl_Id="1079">
<LocList>
<Loc EndOffset="15357" SrcFileId="7" StartOffset="15118"/>
</LocList>
</BasicStmnt>
<CondStmnt CovItemId="S207" CovItemPrefix="csse376_puerto_rico.GameBoardGUI.java" Intrnl_Id="1080">
<Branch CovItemId="B65" CovItemPrefix="csse376_puerto_rico.GameBoardGUI.java" Implct="false" Intrnl_Id="1081">
<Cond/>
<LocList>
<Loc EndOffset="16098" SrcFileId="7" StartOffset="15393"/>
</LocList>
<StmntSeq Intrnl_Id="1082">
<LocList>
<Loc EndOffset="16091" SrcFileId="7" StartOffset="15401"/>
</LocList>
<CondStmnt CovItemId="S208" CovItemPrefix="csse376_puerto_rico.GameBoardGUI.java" Intrnl_Id="1083">
<Branch CovItemId="B67" CovItemPrefix="csse376_puerto_rico.GameBoardGUI.java" Implct="false" Intrnl_Id="1084">
<Cond/>
<LocList>
<Loc EndOffset="15546" SrcFileId="7" StartOffset="15442"/>
</LocList>
<StmntSeq Intrnl_Id="1085">
<LocList>
<Loc EndOffset="15498" SrcFileId="7" StartOffset="15451"/>
<Loc EndOffset="15538" SrcFileId="7" StartOffset="15506"/>
</LocList>
<BasicStmnt CovItemId="S209" CovItemPrefix="csse376_puerto_rico.GameBoardGUI.java" Intrnl_Id="1086">
<LocList>
<Loc EndOffset="15498" SrcFileId="7" StartOffset="15451"/>
</LocList>
</BasicStmnt>
<BasicStmnt CovItemId="S210" CovItemPrefix="csse376_puerto_rico.GameBoardGUI.java" Intrnl_Id="1087">
<LocList>
<Loc EndOffset="15538" SrcFileId="7" StartOffset="15506"/>
</LocList>
</BasicStmnt>
</StmntSeq>
</Branch>
<Branch CovItemId="B68" CovItemPrefix="csse376_puerto_rico.GameBoardGUI.java" Implct="false" Intrnl_Id="1088">
<Cond>
<Loc EndOffset="15551" SrcFileId="7" StartOffset="15547"/>
</Cond>
<LocList>
<Loc EndOffset="16091" SrcFileId="7" StartOffset="15552"/>
</LocList>
<StmntSeq Intrnl_Id="1089">
<LocList>
<Loc EndOffset="16091" SrcFileId="7" StartOffset="15552"/>
</LocList>
<CondStmnt CovItemId="S211" CovItemPrefix="csse376_puerto_rico.GameBoardGUI.java" Intrnl_Id="1090">
<Branch CovItemId="B69" CovItemPrefix="csse376_puerto_rico.GameBoardGUI.java" Implct="false" Intrnl_Id="1091">
<Cond/>
<LocList>
<Loc EndOffset="15638" SrcFileId="7" StartOffset="15591"/>
</LocList>
<StmntSeq Intrnl_Id="1092">
<LocList>
<Loc EndOffset="15630" SrcFileId="7" StartOffset="15600"/>
</LocList>
<BasicStmnt CovItemId="S212" CovItemPrefix="csse376_puerto_rico.GameBoardGUI.java" Intrnl_Id="1093">
<LocList>
<Loc EndOffset="15630" SrcFileId="7" StartOffset="15600"/>
</LocList>
</BasicStmnt>
</StmntSeq>
</Branch>
<Branch CovItemId="B70" CovItemPrefix="csse376_puerto_rico.GameBoardGUI.java" Implct="false" Intrnl_Id="1094">
<Cond>
<Loc EndOffset="15643" SrcFileId="7" StartOffset="15639"/>
</Cond>
<LocList>
<Loc EndOffset="16091" SrcFileId="7" StartOffset="15644"/>
</LocList>
<StmntSeq Intrnl_Id="1095">
<LocList>
<Loc EndOffset="16091" SrcFileId="7" StartOffset="15644"/>
</LocList>
<CondStmnt CovItemId="S213" CovItemPrefix="csse376_puerto_rico.GameBoardGUI.java" Intrnl_Id="1096">
<Branch CovItemId="B71" CovItemPrefix="csse376_puerto_rico.GameBoardGUI.java" Implct="false" Intrnl_Id="1097">
<Cond/>
<LocList>
<Loc EndOffset="15789" SrcFileId="7" StartOffset="15685"/>
</LocList>
<StmntSeq Intrnl_Id="1098">
<LocList>
<Loc EndOffset="15741" SrcFileId="7" StartOffset="15694"/>
<Loc EndOffset="15781" SrcFileId="7" StartOffset="15749"/>
</LocList>
<BasicStmnt CovItemId="S214" CovItemPrefix="csse376_puerto_rico.GameBoardGUI.java" Intrnl_Id="1099">
<LocList>
<Loc EndOffset="15741" SrcFileId="7" StartOffset="15694"/>
</LocList>
</BasicStmnt>
<BasicStmnt CovItemId="S215" CovItemPrefix="csse376_puerto_rico.GameBoardGUI.java" Intrnl_Id="1100">
<LocList>
<Loc EndOffset="15781" SrcFileId="7" StartOffset="15749"/>
</LocList>
</BasicStmnt>
</StmntSeq>
</Branch>
<Branch CovItemId="B72" CovItemPrefix="csse376_puerto_rico.GameBoardGUI.java" Implct="false" Intrnl_Id="1101">
<Cond>
<Loc EndOffset="15794" SrcFileId="7" StartOffset="15790"/>
</Cond>
<LocList>
<Loc EndOffset="16091" SrcFileId="7" StartOffset="15795"/>
</LocList>
<StmntSeq Intrnl_Id="1102">
<LocList>
<Loc EndOffset="16091" SrcFileId="7" StartOffset="15795"/>
</LocList>
<CondStmnt CovItemId="S216" CovItemPrefix="csse376_puerto_rico.GameBoardGUI.java" Intrnl_Id="1103">
<Branch CovItemId="B73" CovItemPrefix="csse376_puerto_rico.GameBoardGUI.java" Implct="false" Intrnl_Id="1104">
<Cond/>
<LocList>
<Loc EndOffset="15938" SrcFileId="7" StartOffset="15835"/>
</LocList>
<StmntSeq Intrnl_Id="1105">
<LocList>
<Loc EndOffset="15891" SrcFileId="7" StartOffset="15844"/>
<Loc EndOffset="15930" SrcFileId="7" StartOffset="15899"/>
</LocList>
<BasicStmnt CovItemId="S217" CovItemPrefix="csse376_puerto_rico.GameBoardGUI.java" Intrnl_Id="1106">
<LocList>
<Loc EndOffset="15891" SrcFileId="7" StartOffset="15844"/>
</LocList>
</BasicStmnt>
<BasicStmnt CovItemId="S218" CovItemPrefix="csse376_puerto_rico.GameBoardGUI.java" Intrnl_Id="1107">
<LocList>
<Loc EndOffset="15930" SrcFileId="7" StartOffset="15899"/>
</LocList>
</BasicStmnt>
</StmntSeq>
</Branch>
<Branch CovItemId="B74" CovItemPrefix="csse376_puerto_rico.GameBoardGUI.java" Implct="false" Intrnl_Id="1108">
<Cond>
<Loc EndOffset="15943" SrcFileId="7" StartOffset="15939"/>
</Cond>
<LocList>
<Loc EndOffset="16091" SrcFileId="7" StartOffset="15944"/>
</LocList>
<StmntSeq Intrnl_Id="1109">
<LocList>
<Loc EndOffset="16091" SrcFileId="7" StartOffset="15944"/>
</LocList>
<CondStmnt CovItemId="S219" CovItemPrefix="csse376_puerto_rico.GameBoardGUI.java" Intrnl_Id="1110">
<Branch CovItemId="B75" CovItemPrefix="csse376_puerto_rico.GameBoardGUI.java" Implct="false" Intrnl_Id="1111">
<Cond/>
<LocList>
<Loc EndOffset="16091" SrcFileId="7" StartOffset="15986"/>
</LocList>
<StmntSeq Intrnl_Id="1112">
<LocList>
<Loc EndOffset="16042" SrcFileId="7" StartOffset="15995"/>
<Loc EndOffset="16083" SrcFileId="7" StartOffset="16050"/>
</LocList>
<BasicStmnt CovItemId="S220" CovItemPrefix="csse376_puerto_rico.GameBoardGUI.java" Intrnl_Id="1113">
<LocList>
<Loc EndOffset="16042" SrcFileId="7" StartOffset="15995"/>
</LocList>
</BasicStmnt>
<BasicStmnt CovItemId="S221" CovItemPrefix="csse376_puerto_rico.GameBoardGUI.java" Intrnl_Id="1114">
<LocList>
<Loc EndOffset="16083" SrcFileId="7" StartOffset="16050"/>
</LocList>
</BasicStmnt>
</StmntSeq>
</Branch>
<Branch CovItemId="B76" CovItemPrefix="csse376_puerto_rico.GameBoardGUI.java" Implct="true" Intrnl_Id="1115">
<Cond/>
<LocList/>
<StmntSeq Intrnl_Id="1116">
<LocList/>
</StmntSeq>
</Branch>
<Keyword EndOffset="15946" SrcFileId="7" StartOffset="15944"/>
<LocList>
<Loc EndOffset="16091" SrcFileId="7" StartOffset="15944"/>
</LocList>
<RootTerm CovItemId="C49" CovItemPrefix="csse376_puerto_rico.GameBoardGUI.java" Intrnl_Id="1117">
<BasicBoolTerm Intrnl_Id="1118">
<LocList>
<Loc EndOffset="15984" SrcFileId="7" StartOffset="15948"/>
</LocList>
</BasicBoolTerm>
</RootTerm>
</CondStmnt>
</StmntSeq>
</Branch>
<Keyword EndOffset="15797" SrcFileId="7" StartOffset="15795"/>
<LocList>
<Loc EndOffset="16091" SrcFileId="7" StartOffset="15795"/>
</LocList>
<RootTerm CovItemId="C48" CovItemPrefix="csse376_puerto_rico.GameBoardGUI.java" Intrnl_Id="1119">
<BasicBoolTerm Intrnl_Id="1120">
<LocList>
<Loc EndOffset="15833" SrcFileId="7" StartOffset="15799"/>
</LocList>
</BasicBoolTerm>
</RootTerm>
</CondStmnt>
</StmntSeq>
</Branch>
<Keyword EndOffset="15646" SrcFileId="7" StartOffset="15644"/>
<LocList>
<Loc EndOffset="16091" SrcFileId="7" StartOffset="15644"/>
</LocList>
<RootTerm CovItemId="C47" CovItemPrefix="csse376_puerto_rico.GameBoardGUI.java" Intrnl_Id="1121">
<BasicBoolTerm Intrnl_Id="1122">
<LocList>
<Loc EndOffset="15683" SrcFileId="7" StartOffset="15648"/>
</LocList>
</BasicBoolTerm>
</RootTerm>
</CondStmnt>
</StmntSeq>
</Branch>
<Keyword EndOffset="15554" SrcFileId="7" StartOffset="15552"/>
<LocList>
<Loc EndOffset="16091" SrcFileId="7" StartOffset="15552"/>
</LocList>
<RootTerm CovItemId="C46" CovItemPrefix="csse376_puerto_rico.GameBoardGUI.java" Intrnl_Id="1123">
<BasicBoolTerm Intrnl_Id="1124">
<LocList>
<Loc EndOffset="15589" SrcFileId="7" StartOffset="15556"/>
</LocList>
</BasicBoolTerm>
</RootTerm>
</CondStmnt>
</StmntSeq>
</Branch>
<Keyword EndOffset="15403" SrcFileId="7" StartOffset="15401"/>
<LocList>
<Loc EndOffset="16091" SrcFileId="7" StartOffset="15401"/>
</LocList>
<RootTerm CovItemId="C45" CovItemPrefix="csse376_puerto_rico.GameBoardGUI.java" Intrnl_Id="1125">
<BasicBoolTerm Intrnl_Id="1126">
<LocList>
<Loc EndOffset="15440" SrcFileId="7" StartOffset="15405"/>
</LocList>
</BasicBoolTerm>
</RootTerm>
</CondStmnt>
</StmntSeq>
</Branch>
<Branch CovItemId="B66" CovItemPrefix="csse376_puerto_rico.GameBoardGUI.java" Implct="true" Intrnl_Id="1127">
<Cond/>
<LocList/>
<StmntSeq Intrnl_Id="1128">
<LocList/>
</StmntSeq>
</Branch>
<Keyword EndOffset="15365" SrcFileId="7" StartOffset="15363"/>
<LocList>
<Loc EndOffset="16098" SrcFileId="7" StartOffset="15363"/>
</LocList>
<RootTerm CovItemId="C44" CovItemPrefix="csse376_puerto_rico.GameBoardGUI.java" Intrnl_Id="1129">
<BasicBoolTerm Intrnl_Id="1130">
<LocList>
<Loc EndOffset="15391" SrcFileId="7" StartOffset="15367"/>
</LocList>
</BasicBoolTerm>
</RootTerm>
</CondStmnt>
<BasicStmnt CovItemId="S222" CovItemPrefix="csse376_puerto_rico.GameBoardGUI.java" Intrnl_Id="1131">
<LocList>
<Loc EndOffset="16225" SrcFileId="7" StartOffset="16199"/>
</LocList>
</BasicStmnt>
<BasicStmnt CovItemId="S223" CovItemPrefix="csse376_puerto_rico.GameBoardGUI.java" Intrnl_Id="1132">
<LocList>
<Loc EndOffset="16272" SrcFileId="7" StartOffset="16231"/>
</LocList>
</BasicStmnt>
</StmntSeq>
<Keyword EndOffset="14331" SrcFileId="7" StartOffset="14328"/>
<LocList>
<Loc EndOffset="16280" SrcFileId="7" StartOffset="14328"/>
</LocList>
<RootTerm CovItemId="C39" CovItemPrefix="csse376_puerto_rico.GameBoardGUI.java" Intrnl_Id="1133">
<BasicBoolTerm Intrnl_Id="1134">
<LocList>
<Loc EndOffset="14362" SrcFileId="7" StartOffset="14344"/>
</LocList>
</BasicBoolTerm>
</RootTerm>
</LoopStmnt>
</StmntSeq>
</Branch>
<Branch CovItemId="B56" CovItemPrefix="csse376_puerto_rico.GameBoardGUI.java" Implct="false" Intrnl_Id="1135">
<Cond>
<Loc EndOffset="16290" SrcFileId="7" StartOffset="16286"/>
</Cond>
<LocList>
<Loc EndOffset="22404" SrcFileId="7" StartOffset="16291"/>
</LocList>
<StmntSeq Intrnl_Id="1136">
<LocList>
<Loc EndOffset="22404" SrcFileId="7" StartOffset="16291"/>
</LocList>
<CondStmnt CovItemId="S224" CovItemPrefix="csse376_puerto_rico.GameBoardGUI.java" Intrnl_Id="1137">
<Branch CovItemId="B77" CovItemPrefix="csse376_puerto_rico.GameBoardGUI.java" Implct="false" Intrnl_Id="1138">
<Cond/>
<LocList>
<Loc EndOffset="22280" SrcFileId="7" StartOffset="16329"/>
</LocList>
<StmntSeq Intrnl_Id="1139">
<LocList>
<Loc EndOffset="18415" SrcFileId="7" StartOffset="16337"/>
<Loc EndOffset="18499" SrcFileId="7" StartOffset="18420"/>
<Loc EndOffset="22273" SrcFileId="7" StartOffset="18527"/>
</LocList>
<LoopStmnt CovItemId="S225" CovItemPrefix="csse376_puerto_rico.GameBoardGUI.java" Intrnl_Id="1140" MltplExecId="L14-2" MltplExecPrefix="csse376_puerto_rico.GameBoardGUI.java" NvrExecId="L14-0" NvrExecPrefix="csse376_puerto_rico.GameBoardGUI.java" OnceExecutedId="L14-1" OnceExecutedPrefix="csse376_puerto_rico.GameBoardGUI.java" OptBodyExec="true">
<StmntSeq Intrnl_Id="1141">
<LocList>
<Loc EndOffset="16410" SrcFileId="7" StartOffset="16380"/>
<Loc EndOffset="18293" SrcFileId="7" StartOffset="16416"/>
<Loc EndOffset="18326" SrcFileId="7" StartOffset="18301"/>
<Loc EndOffset="18360" SrcFileId="7" StartOffset="18334"/>
<Loc EndOffset="18407" SrcFileId="7" StartOffset="18366"/>
</LocList>
<BasicStmnt CovItemId="S226" CovItemPrefix="csse376_puerto_rico.GameBoardGUI.java" Intrnl_Id="1142">
<LocList>
<Loc EndOffset="16410" SrcFileId="7" StartOffset="16380"/>
</LocList>
</BasicStmnt>
<CondStmnt CovItemId="S227" CovItemPrefix="csse376_puerto_rico.GameBoardGUI.java" Intrnl_Id="1143">
<Branch CovItemId="B79" CovItemPrefix="csse376_puerto_rico.GameBoardGUI.java" Implct="false" Intrnl_Id="1144">
<Cond/>
<LocList>
<Loc EndOffset="18293" SrcFileId="7" StartOffset="16455"/>
</LocList>
<StmntSeq Intrnl_Id="1145">
<LocList>
<Loc EndOffset="16516" SrcFileId="7" StartOffset="16463"/>
<Loc EndOffset="16666" SrcFileId="7" StartOffset="16523"/>
<Loc EndOffset="16698" SrcFileId="7" StartOffset="16673"/>
<Loc EndOffset="16745" SrcFileId="7" StartOffset="16707"/>
<Loc EndOffset="18286" SrcFileId="7" StartOffset="16752"/>
</LocList>
<BasicStmnt CovItemId="S228" CovItemPrefix="csse376_puerto_rico.GameBoardGUI.java" Intrnl_Id="1146">
<LocList>
<Loc EndOffset="16516" SrcFileId="7" StartOffset="16463"/>
</LocList>
</BasicStmnt>
<LoopStmnt CovItemId="S229" CovItemPrefix="csse376_puerto_rico.GameBoardGUI.java" Intrnl_Id="1147" MltplExecId="L15-2" MltplExecPrefix="csse376_puerto_rico.GameBoardGUI.java" NvrExecId="L15-0" NvrExecPrefix="csse376_puerto_rico.GameBoardGUI.java" OnceExecutedId="L15-1" OnceExecutedPrefix="csse376_puerto_rico.GameBoardGUI.java" OptBodyExec="true">
<StmntSeq Intrnl_Id="1148">
<LocList>
<Loc EndOffset="16604" SrcFileId="7" StartOffset="16570"/>
<Loc EndOffset="16658" SrcFileId="7" StartOffset="16612"/>
</LocList>
<BasicStmnt CovItemId="S230" CovItemPrefix="csse376_puerto_rico.GameBoardGUI.java" Intrnl_Id="1149">
<LocList>
<Loc EndOffset="16604" SrcFileId="7" StartOffset="16570"/>
</LocList>
</BasicStmnt>
<CondStmnt CovItemId="S231" CovItemPrefix="csse376_puerto_rico.GameBoardGUI.java" Intrnl_Id="1150">
<Branch CovItemId="B81" CovItemPrefix="csse376_puerto_rico.GameBoardGUI.java" Implct="false" Intrnl_Id="1151">
<Cond/>
<LocList>
<Loc EndOffset="16658" SrcFileId="7" StartOffset="16623"/>
</LocList>
<StmntSeq Intrnl_Id="1152">
<LocList>
<Loc EndOffset="16649" SrcFileId="7" StartOffset="16633"/>
</LocList>
<BasicStmnt CovItemId="S232" CovItemPrefix="csse376_puerto_rico.GameBoardGUI.java" Intrnl_Id="1153">
<LocList>
<Loc EndOffset="16649" SrcFileId="7" StartOffset="16633"/>
</LocList>
</BasicStmnt>
</StmntSeq>
</Branch>
<Branch CovItemId="B82" CovItemPrefix="csse376_puerto_rico.GameBoardGUI.java" Implct="true" Intrnl_Id="1154">
<Cond/>
<LocList/>
<StmntSeq Intrnl_Id="1155">
<LocList/>
</StmntSeq>
</Branch>
<Keyword EndOffset="16614" SrcFileId="7" StartOffset="16612"/>
<LocList>
<Loc EndOffset="16658" SrcFileId="7" StartOffset="16612"/>
</LocList>
<RootTerm CovItemId="C53" CovItemPrefix="csse376_puerto_rico.GameBoardGUI.java" Intrnl_Id="1156">
<BasicBoolTerm Intrnl_Id="1157">
<LocList>
<Loc EndOffset="16621" SrcFileId="7" StartOffset="16616"/>
</LocList>
</BasicBoolTerm>
</RootTerm>
</CondStmnt>
</StmntSeq>
<Keyword EndOffset="16526" SrcFileId="7" StartOffset="16523"/>
<LocList>
<Loc EndOffset="16666" SrcFileId="7" StartOffset="16523"/>
</LocList>
</LoopStmnt>
<BasicStmnt CovItemId="S233" CovItemPrefix="csse376_puerto_rico.GameBoardGUI.java" Intrnl_Id="1158">
<LocList>
<Loc EndOffset="16698" SrcFileId="7" StartOffset="16673"/>
</LocList>
</BasicStmnt>
<BasicStmnt CovItemId="S234" CovItemPrefix="csse376_puerto_rico.GameBoardGUI.java" Intrnl_Id="1159">
<LocList>
<Loc EndOffset="16745" SrcFileId="7" StartOffset="16707"/>
</LocList>
</BasicStmnt>
<LoopStmnt CovItemId="S235" CovItemPrefix="csse376_puerto_rico.GameBoardGUI.java" Intrnl_Id="1160" MltplExecId="L16-2" MltplExecPrefix="csse376_puerto_rico.GameBoardGUI.java" NvrExecId="L16-0" NvrExecPrefix="csse376_puerto_rico.GameBoardGUI.java" OnceExecutedId="L16-1" OnceExecutedPrefix="csse376_puerto_rico.GameBoardGUI.java" OptBodyExec="true">
<StmntSeq Intrnl_Id="1161">
<LocList>
<Loc EndOffset="17037" SrcFileId="7" StartOffset="16779"/>
<Loc EndOffset="17084" SrcFileId="7" StartOffset="17047"/>
<Loc EndOffset="17111" SrcFileId="7" StartOffset="17092"/>
<Loc EndOffset="17138" SrcFileId="7" StartOffset="17119"/>
<Loc EndOffset="17165" SrcFileId="7" StartOffset="17146"/>
<Loc EndOffset="17212" SrcFileId="7" StartOffset="17175"/>
<Loc EndOffset="17511" SrcFileId="7" StartOffset="17220"/>
<Loc EndOffset="17562" SrcFileId="7" StartOffset="17519"/>
<Loc EndOffset="17621" SrcFileId="7" StartOffset="17570"/>
<Loc EndOffset="17738" SrcFileId="7" StartOffset="17631"/>
<Loc EndOffset="18278" SrcFileId="7" StartOffset="17746"/>
</LocList>
<BasicStmnt CovItemId="S236" CovItemPrefix="csse376_puerto_rico.GameBoardGUI.java" Intrnl_Id="1162">
<LocList>
<Loc EndOffset="17037" SrcFileId="7" StartOffset="16779"/>
</LocList>
</BasicStmnt>
<BasicStmnt CovItemId="S237" CovItemPrefix="csse376_puerto_rico.GameBoardGUI.java" Intrnl_Id="1163">
<LocList>
<Loc EndOffset="17084" SrcFileId="7" StartOffset="17047"/>
</LocList>
</BasicStmnt>
<BasicStmnt CovItemId="S238" CovItemPrefix="csse376_puerto_rico.GameBoardGUI.java" Intrnl_Id="1164">
<LocList>
<Loc EndOffset="17111" SrcFileId="7" StartOffset="17092"/>
</LocList>
</BasicStmnt>
<BasicStmnt CovItemId="S239" CovItemPrefix="csse376_puerto_rico.GameBoardGUI.java" Intrnl_Id="1165">
<LocList>
<Loc EndOffset="17138" SrcFileId="7" StartOffset="17119"/>
</LocList>
</BasicStmnt>
<BasicStmnt CovItemId="S240" CovItemPrefix="csse376_puerto_rico.GameBoardGUI.java" Intrnl_Id="1166">
<LocList>
<Loc EndOffset="17165" SrcFileId="7" StartOffset="17146"/>
</LocList>
</BasicStmnt>
<BasicStmnt CovItemId="S241" CovItemPrefix="csse376_puerto_rico.GameBoardGUI.java" Intrnl_Id="1167">
<LocList>
<Loc EndOffset="17212" SrcFileId="7" StartOffset="17175"/>
</LocList>
</BasicStmnt>
<BasicStmnt CovItemId="S242" CovItemPrefix="csse376_puerto_rico.GameBoardGUI.java" Intrnl_Id="1168">
<LocList>
<Loc EndOffset="17511" SrcFileId="7" StartOffset="17220"/>
</LocList>
</BasicStmnt>
<BasicStmnt CovItemId="S243" CovItemPrefix="csse376_puerto_rico.GameBoardGUI.java" Intrnl_Id="1169">
<LocList>
<Loc EndOffset="17562" SrcFileId="7" StartOffset="17519"/>
</LocList>
</BasicStmnt>
<BasicStmnt CovItemId="S244" CovItemPrefix="csse376_puerto_rico.GameBoardGUI.java" Intrnl_Id="1170">
<LocList>
<Loc EndOffset="17621" SrcFileId="7" StartOffset="17570"/>
</LocList>
</BasicStmnt>
<BasicStmnt CovItemId="S245" CovItemPrefix="csse376_puerto_rico.GameBoardGUI.java" Intrnl_Id="1171">
<LocList>
<Loc EndOffset="17738" SrcFileId="7" StartOffset="17631"/>
</LocList>
</BasicStmnt>
<CondStmnt CovItemId="S246" CovItemPrefix="csse376_puerto_rico.GameBoardGUI.java" Intrnl_Id="1172">
<Branch CovItemId="B83" CovItemPrefix="csse376_puerto_rico.GameBoardGUI.java" Implct="false" Intrnl_Id="1173">
<Cond/>
<LocList>
<Loc EndOffset="18178" SrcFileId="7" StartOffset="17767"/>
</LocList>
<StmntSeq Intrnl_Id="1174">
<LocList>
<Loc EndOffset="17814" SrcFileId="7" StartOffset="17777"/>
<Loc EndOffset="17873" SrcFileId="7" StartOffset="17823"/>
<Loc EndOffset="17921" SrcFileId="7" StartOffset="17882"/>
<Loc EndOffset="18015" SrcFileId="7" StartOffset="17930"/>
<Loc EndOffset="18144" SrcFileId="7" StartOffset="18024"/>
<Loc EndOffset="18169" SrcFileId="7" StartOffset="18153"/>
</LocList>
<BasicStmnt CovItemId="S247" CovItemPrefix="csse376_puerto_rico.GameBoardGUI.java" Intrnl_Id="1175">
<LocList>
<Loc EndOffset="17814" SrcFileId="7" StartOffset="17777"/>
</LocList>
</BasicStmnt>
<BasicStmnt CovItemId="S248" CovItemPrefix="csse376_puerto_rico.GameBoardGUI.java" Intrnl_Id="1176">
<LocList>
<Loc EndOffset="17873" SrcFileId="7" StartOffset="17823"/>
</LocList>
</BasicStmnt>
<BasicStmnt CovItemId="S249" CovItemPrefix="csse376_puerto_rico.GameBoardGUI.java" Intrnl_Id="1177">
<LocList>
<Loc EndOffset="17921" SrcFileId="7" StartOffset="17882"/>
</LocList>
</BasicStmnt>
<BasicStmnt CovItemId="S250" CovItemPrefix="csse376_puerto_rico.GameBoardGUI.java" Intrnl_Id="1178">
<LocList>
<Loc EndOffset="18015" SrcFileId="7" StartOffset="17930"/>
</LocList>
</BasicStmnt>
<CondStmnt CovItemId="S251" CovItemPrefix="csse376_puerto_rico.GameBoardGUI.java" Intrnl_Id="1179">
<Branch CovItemId="B85" CovItemPrefix="csse376_puerto_rico.GameBoardGUI.java" Implct="false" Intrnl_Id="1180">
<Cond/>
<LocList>
<Loc EndOffset="18144" SrcFileId="7" StartOffset="18067"/>
</LocList>
<StmntSeq Intrnl_Id="1181">
<LocList>
<Loc EndOffset="18098" SrcFileId="7" StartOffset="18078"/>
<Loc EndOffset="18134" SrcFileId="7" StartOffset="18108"/>
</LocList>
<BasicStmnt CovItemId="S252" CovItemPrefix="csse376_puerto_rico.GameBoardGUI.java" Intrnl_Id="1182">
<LocList>
<Loc EndOffset="18098" SrcFileId="7" StartOffset="18078"/>
</LocList>
</BasicStmnt>
<BasicStmnt CovItemId="S253" CovItemPrefix="csse376_puerto_rico.GameBoardGUI.java" Intrnl_Id="1183">
<LocList>
<Loc EndOffset="18134" SrcFileId="7" StartOffset="18108"/>
</LocList>
</BasicStmnt>
</StmntSeq>
</Branch>
<Branch CovItemId="B86" CovItemPrefix="csse376_puerto_rico.GameBoardGUI.java" Implct="true" Intrnl_Id="1184">
<Cond/>
<LocList/>
<StmntSeq Intrnl_Id="1185">
<LocList/>
</StmntSeq>
</Branch>
<Keyword EndOffset="18026" SrcFileId="7" StartOffset="18024"/>
<LocList>
<Loc EndOffset="18144" SrcFileId="7" StartOffset="18024"/>
</LocList>
<RootTerm CovItemId="C56" CovItemPrefix="csse376_puerto_rico.GameBoardGUI.java" Intrnl_Id="1186">
<BasicBoolTerm Intrnl_Id="1187">
<LocList>
<Loc EndOffset="18065" SrcFileId="7" StartOffset="18028"/>
</LocList>
</BasicBoolTerm>
</RootTerm>
</CondStmnt>
<BasicStmnt CovItemId="S254" CovItemPrefix="csse376_puerto_rico.GameBoardGUI.java" Intrnl_Id="1188">
<LocList>
<Loc EndOffset="18169" SrcFileId="7" StartOffset="18153"/>
</LocList>
</BasicStmnt>
</StmntSeq>
</Branch>
<Branch CovItemId="B84" CovItemPrefix="csse376_puerto_rico.GameBoardGUI.java" Implct="false" Intrnl_Id="1189">
<Cond>
<Loc EndOffset="18183" SrcFileId="7" StartOffset="18179"/>
</Cond>
<LocList>
<Loc EndOffset="18278" SrcFileId="7" StartOffset="18184"/>
</LocList>
<StmntSeq Intrnl_Id="1190">
<LocList>
<Loc EndOffset="18269" SrcFileId="7" StartOffset="18194"/>
</LocList>
<BasicStmnt CovItemId="S255" CovItemPrefix="csse376_puerto_rico.GameBoardGUI.java" Intrnl_Id="1191">
<LocList>
<Loc EndOffset="18269" SrcFileId="7" StartOffset="18194"/>
</LocList>
</BasicStmnt>
</StmntSeq>
</Branch>
<Keyword EndOffset="17748" SrcFileId="7" StartOffset="17746"/>
<LocList>
<Loc EndOffset="18278" SrcFileId="7" StartOffset="17746"/>
</LocList>
<RootTerm CovItemId="C55" CovItemPrefix="csse376_puerto_rico.GameBoardGUI.java" Intrnl_Id="1192">
<BasicBoolTerm Intrnl_Id="1193">
<LocList>
<Loc EndOffset="17765" SrcFileId="7" StartOffset="17750"/>
</LocList>
</BasicBoolTerm>
</RootTerm>
</CondStmnt>
</StmntSeq>
<Keyword EndOffset="16757" SrcFileId="7" StartOffset="16752"/>
<LocList>
<Loc EndOffset="18286" SrcFileId="7" StartOffset="16752"/>
</LocList>
<RootTerm CovItemId="C54" CovItemPrefix="csse376_puerto_rico.GameBoardGUI.java" Intrnl_Id="1194">
<OpTerm BooleanOpId="11" Intrnl_Id="1195">
<BasicBoolTerm Intrnl_Id="1196">
<LocList>
<Loc EndOffset="16768" SrcFileId="7" StartOffset="16760"/>
</LocList>
</BasicBoolTerm>
<LocList>
<Loc EndOffset="16760" SrcFileId="7" StartOffset="16759"/>
</LocList>
</OpTerm>
</RootTerm>
</LoopStmnt>
</StmntSeq>
</Branch>
<Branch CovItemId="B80" CovItemPrefix="csse376_puerto_rico.GameBoardGUI.java" Implct="true" Intrnl_Id="1197">
<Cond/>
<LocList/>
<StmntSeq Intrnl_Id="1198">
<LocList/>
</StmntSeq>
</Branch>
<Keyword EndOffset="16418" SrcFileId="7" StartOffset="16416"/>
<LocList>
<Loc EndOffset="18293" SrcFileId="7" StartOffset="16416"/>
</LocList>
<RootTerm CovItemId="C52" CovItemPrefix="csse376_puerto_rico.GameBoardGUI.java" Intrnl_Id="1199">
<BasicBoolTerm Intrnl_Id="1200">
<LocList>
<Loc EndOffset="16453" SrcFileId="7" StartOffset="16420"/>
</LocList>
</BasicBoolTerm>
</RootTerm>
</CondStmnt>
<BasicStmnt CovItemId="S256" CovItemPrefix="csse376_puerto_rico.GameBoardGUI.java" Intrnl_Id="1201">
<LocList>
<Loc EndOffset="18326" SrcFileId="7" StartOffset="18301"/>
</LocList>
</BasicStmnt>
<BasicStmnt CovItemId="S257" CovItemPrefix="csse376_puerto_rico.GameBoardGUI.java" Intrnl_Id="1202">
<LocList>
<Loc EndOffset="18360" SrcFileId="7" StartOffset="18334"/>
</LocList>
</BasicStmnt>
<BasicStmnt CovItemId="S258" CovItemPrefix="csse376_puerto_rico.GameBoardGUI.java" Intrnl_Id="1203">
<LocList>
<Loc EndOffset="18407" SrcFileId="7" StartOffset="18366"/>
</LocList>
</BasicStmnt>
</StmntSeq>
<Keyword EndOffset="16342" SrcFileId="7" StartOffset="16337"/>
<LocList>
<Loc EndOffset="18415" SrcFileId="7" StartOffset="16337"/>
</LocList>
<RootTerm CovItemId="C51" CovItemPrefix="csse376_puerto_rico.GameBoardGUI.java" Intrnl_Id="1204">
<BasicBoolTerm Intrnl_Id="1205">
<LocList>
<Loc EndOffset="16371" SrcFileId="7" StartOffset="16344"/>
</LocList>
</BasicBoolTerm>
</RootTerm>
</LoopStmnt>
<CondStmnt CovItemId="S259" CovItemPrefix="csse376_puerto_rico.GameBoardGUI.java" Intrnl_Id="1206">
<Branch CovItemId="B87" CovItemPrefix="csse376_puerto_rico.GameBoardGUI.java" Implct="false" Intrnl_Id="1207">
<Cond/>
<LocList>
<Loc EndOffset="18499" SrcFileId="7" StartOffset="18454"/>
</LocList>
<StmntSeq Intrnl_Id="1208">
<LocList>
<Loc EndOffset="18493" SrcFileId="7" StartOffset="18461"/>
</LocList>
<BasicStmnt CovItemId="S260" CovItemPrefix="csse376_puerto_rico.GameBoardGUI.java" Intrnl_Id="1209">
<LocList>
<Loc EndOffset="18493" SrcFileId="7" StartOffset="18461"/>
</LocList>
</BasicStmnt>
</StmntSeq>
</Branch>
<Branch CovItemId="B88" CovItemPrefix="csse376_puerto_rico.GameBoardGUI.java" Implct="true" Intrnl_Id="1210">
<Cond/>
<LocList/>
<StmntSeq Intrnl_Id="1211">
<LocList/>
</StmntSeq>
</Branch>
<Keyword EndOffset="18422" SrcFileId="7" StartOffset="18420"/>
<LocList>
<Loc EndOffset="18499" SrcFileId="7" StartOffset="18420"/>
</LocList>
<RootTerm CovItemId="C57" CovItemPrefix="csse376_puerto_rico.GameBoardGUI.java" Intrnl_Id="1212">
<BasicBoolTerm Intrnl_Id="1213">
<LocList>
<Loc EndOffset="18452" SrcFileId="7" StartOffset="18424"/>
</LocList>
</BasicBoolTerm>
</RootTerm>
</CondStmnt>
<LoopStmnt CovItemId="S261" CovItemPrefix="csse376_puerto_rico.GameBoardGUI.java" Intrnl_Id="1214" MltplExecId="L17-2" MltplExecPrefix="csse376_puerto_rico.GameBoardGUI.java" NvrExecId="L17-0" NvrExecPrefix="csse376_puerto_rico.GameBoardGUI.java" OnceExecutedId="L17-1" OnceExecutedPrefix="csse376_puerto_rico.GameBoardGUI.java" OptBodyExec="true">
<StmntSeq Intrnl_Id="1215">
<LocList>
<Loc EndOffset="18605" SrcFileId="7" StartOffset="18575"/>
<Loc EndOffset="18666" SrcFileId="7" StartOffset="18613"/>
<Loc EndOffset="18810" SrcFileId="7" StartOffset="18672"/>
<Loc EndOffset="18840" SrcFileId="7" StartOffset="18816"/>
<Loc EndOffset="18884" SrcFileId="7" StartOffset="18846"/>
<Loc EndOffset="18946" SrcFileId="7" StartOffset="18892"/>
<Loc EndOffset="19194" SrcFileId="7" StartOffset="18952"/>
<Loc EndOffset="19363" SrcFileId="7" StartOffset="19202"/>
<Loc EndOffset="21185" SrcFileId="7" StartOffset="19371"/>
<Loc EndOffset="22084" SrcFileId="7" StartOffset="21191"/>
<Loc EndOffset="22155" SrcFileId="7" StartOffset="22092"/>
<Loc EndOffset="22188" SrcFileId="7" StartOffset="22163"/>
<Loc EndOffset="22220" SrcFileId="7" StartOffset="22194"/>
<Loc EndOffset="22267" SrcFileId="7" StartOffset="22226"/>
</LocList>
<BasicStmnt CovItemId="S262" CovItemPrefix="csse376_puerto_rico.GameBoardGUI.java" Intrnl_Id="1216">
<LocList>
<Loc EndOffset="18605" SrcFileId="7" StartOffset="18575"/>
</LocList>
</BasicStmnt>
<BasicStmnt CovItemId="S263" CovItemPrefix="csse376_puerto_rico.GameBoardGUI.java" Intrnl_Id="1217">
<LocList>
<Loc EndOffset="18666" SrcFileId="7" StartOffset="18613"/>
</LocList>
</BasicStmnt>
<LoopStmnt CovItemId="S264" CovItemPrefix="csse376_puerto_rico.GameBoardGUI.java" Intrnl_Id="1218" MltplExecId="L18-2" MltplExecPrefix="csse376_puerto_rico.GameBoardGUI.java" NvrExecId="L18-0" NvrExecPrefix="csse376_puerto_rico.GameBoardGUI.java" OnceExecutedId="L18-1" OnceExecutedPrefix="csse376_puerto_rico.GameBoardGUI.java" OptBodyExec="true">
<StmntSeq Intrnl_Id="1219">
<LocList>
<Loc EndOffset="18752" SrcFileId="7" StartOffset="18718"/>
<Loc EndOffset="18803" SrcFileId="7" StartOffset="18759"/>
</LocList>
<BasicStmnt CovItemId="S265" CovItemPrefix="csse376_puerto_rico.GameBoardGUI.java" Intrnl_Id="1220">
<LocList>
<Loc EndOffset="18752" SrcFileId="7" StartOffset="18718"/>
</LocList>
</BasicStmnt>
<CondStmnt CovItemId="S266" CovItemPrefix="csse376_puerto_rico.GameBoardGUI.java" Intrnl_Id="1221">
<Branch CovItemId="B89" CovItemPrefix="csse376_puerto_rico.GameBoardGUI.java" Implct="false" Intrnl_Id="1222">
<Cond/>
<LocList>
<Loc EndOffset="18803" SrcFileId="7" StartOffset="18770"/>
</LocList>
<StmntSeq Intrnl_Id="1223">
<LocList>
<Loc EndOffset="18795" SrcFileId="7" StartOffset="18779"/>
</LocList>
<BasicStmnt CovItemId="S267" CovItemPrefix="csse376_puerto_rico.GameBoardGUI.java" Intrnl_Id="1224">
<LocList>
<Loc EndOffset="18795" SrcFileId="7" StartOffset="18779"/>
</LocList>
</BasicStmnt>
</StmntSeq>
</Branch>
<Branch CovItemId="B90" CovItemPrefix="csse376_puerto_rico.GameBoardGUI.java" Implct="true" Intrnl_Id="1225">
<Cond/>
<LocList/>
<StmntSeq Intrnl_Id="1226">
<LocList/>
</StmntSeq>
</Branch>
<Keyword EndOffset="18761" SrcFileId="7" StartOffset="18759"/>
<LocList>
<Loc EndOffset="18803" SrcFileId="7" StartOffset="18759"/>
</LocList>
<RootTerm CovItemId="C59" CovItemPrefix="csse376_puerto_rico.GameBoardGUI.java" Intrnl_Id="1227">
<BasicBoolTerm Intrnl_Id="1228">
<LocList>
<Loc EndOffset="18768" SrcFileId="7" StartOffset="18763"/>
</LocList>
</BasicBoolTerm>
</RootTerm>
</CondStmnt>
</StmntSeq>
<Keyword EndOffset="18675" SrcFileId="7" StartOffset="18672"/>
<LocList>
<Loc EndOffset="18810" SrcFileId="7" StartOffset="18672"/>
</LocList>
</LoopStmnt>
<BasicStmnt CovItemId="S268" CovItemPrefix="csse376_puerto_rico.GameBoardGUI.java" Intrnl_Id="1229">
<LocList>
<Loc EndOffset="18840" SrcFileId="7" StartOffset="18816"/>
</LocList>
</BasicStmnt>
<BasicStmnt CovItemId="S269" CovItemPrefix="csse376_puerto_rico.GameBoardGUI.java" Intrnl_Id="1230">
<LocList>
<Loc EndOffset="18884" SrcFileId="7" StartOffset="18846"/>
</LocList>
</BasicStmnt>
<BasicStmnt CovItemId="S270" CovItemPrefix="csse376_puerto_rico.GameBoardGUI.java" Intrnl_Id="1231">
<LocList>
<Loc EndOffset="18946" SrcFileId="7" StartOffset="18892"/>
</LocList>
</BasicStmnt>
<BasicStmnt CovItemId="S271" CovItemPrefix="csse376_puerto_rico.GameBoardGUI.java" Intrnl_Id="1232">
<LocList>
<Loc EndOffset="19194" SrcFileId="7" StartOffset="18952"/>
</LocList>
</BasicStmnt>
<CondStmnt CovItemId="S272" CovItemPrefix="csse376_puerto_rico.GameBoardGUI.java" Intrnl_Id="1233">
<Branch CovItemId="B91" CovItemPrefix="csse376_puerto_rico.GameBoardGUI.java" Implct="false" Intrnl_Id="1234">
<Cond/>
<LocList>
<Loc EndOffset="19363" SrcFileId="7" StartOffset="19234"/>
</LocList>
<StmntSeq Intrnl_Id="1235">
<LocList>
<Loc EndOffset="19285" SrcFileId="7" StartOffset="19242"/>
<Loc EndOffset="19318" SrcFileId="7" StartOffset="19292"/>
<Loc EndOffset="19356" SrcFileId="7" StartOffset="19325"/>
</LocList>
<BasicStmnt CovItemId="S273" CovItemPrefix="csse376_puerto_rico.GameBoardGUI.java" Intrnl_Id="1236">
<LocList>
<Loc EndOffset="19285" SrcFileId="7" StartOffset="19242"/>
</LocList>
</BasicStmnt>
<BasicStmnt CovItemId="S274" CovItemPrefix="csse376_puerto_rico.GameBoardGUI.java" Intrnl_Id="1237">
<LocList>
<Loc EndOffset="19318" SrcFileId="7" StartOffset="19292"/>
</LocList>
</BasicStmnt>
<BasicStmnt CovItemId="S275" CovItemPrefix="csse376_puerto_rico.GameBoardGUI.java" Intrnl_Id="1238">
<LocList>
<Loc EndOffset="19356" SrcFileId="7" StartOffset="19325"/>
</LocList>
</BasicStmnt>
</StmntSeq>
</Branch>
<Branch CovItemId="B92" CovItemPrefix="csse376_puerto_rico.GameBoardGUI.java" Implct="true" Intrnl_Id="1239">
<Cond/>
<LocList/>
<StmntSeq Intrnl_Id="1240">
<LocList/>
</StmntSeq>
</Branch>
<Keyword EndOffset="19204" SrcFileId="7" StartOffset="19202"/>
<LocList>
<Loc EndOffset="19363" SrcFileId="7" StartOffset="19202"/>
</LocList>
<RootTerm CovItemId="C60" CovItemPrefix="csse376_puerto_rico.GameBoardGUI.java" Intrnl_Id="1241">
<BasicBoolTerm Intrnl_Id="1242">
<LocList>
<Loc EndOffset="19232" SrcFileId="7" StartOffset="19206"/>
</LocList>
</BasicBoolTerm>
</RootTerm>
</CondStmnt>
<CondStmnt CovItemId="S276" CovItemPrefix="csse376_puerto_rico.GameBoardGUI.java" Intrnl_Id="1243">
<Branch CovItemId="B93" CovItemPrefix="csse376_puerto_rico.GameBoardGUI.java" Implct="false" Intrnl_Id="1244">
<Cond/>
<LocList>
<Loc EndOffset="21185" SrcFileId="7" StartOffset="19423"/>
</LocList>
<StmntSeq Intrnl_Id="1245">
<LocList>
<Loc EndOffset="19466" SrcFileId="7" StartOffset="19431"/>
<Loc EndOffset="19616" SrcFileId="7" StartOffset="19473"/>
<Loc EndOffset="19647" SrcFileId="7" StartOffset="19623"/>
<Loc EndOffset="19683" SrcFileId="7" StartOffset="19654"/>
<Loc EndOffset="19950" SrcFileId="7" StartOffset="19690"/>
<Loc EndOffset="20298" SrcFileId="7" StartOffset="19957"/>
<Loc EndOffset="20340" SrcFileId="7" StartOffset="20305"/>
<Loc EndOffset="20490" SrcFileId="7" StartOffset="20347"/>
<Loc EndOffset="20521" SrcFileId="7" StartOffset="20497"/>
<Loc EndOffset="20557" SrcFileId="7" StartOffset="20528"/>
<Loc EndOffset="20825" SrcFileId="7" StartOffset="20564"/>
<Loc EndOffset="21178" SrcFileId="7" StartOffset="20834"/>
</LocList>
<BasicStmnt CovItemId="S277" CovItemPrefix="csse376_puerto_rico.GameBoardGUI.java" Intrnl_Id="1246">
<LocList>
<Loc EndOffset="19466" SrcFileId="7" StartOffset="19431"/>
</LocList>
</BasicStmnt>
<LoopStmnt CovItemId="S278" CovItemPrefix="csse376_puerto_rico.GameBoardGUI.java" Intrnl_Id="1247" MltplExecId="L19-2" MltplExecPrefix="csse376_puerto_rico.GameBoardGUI.java" NvrExecId="L19-0" NvrExecPrefix="csse376_puerto_rico.GameBoardGUI.java" OnceExecutedId="L19-1" OnceExecutedPrefix="csse376_puerto_rico.GameBoardGUI.java" OptBodyExec="true">
<StmntSeq Intrnl_Id="1248">
<LocList>
<Loc EndOffset="19554" SrcFileId="7" StartOffset="19520"/>
<Loc EndOffset="19608" SrcFileId="7" StartOffset="19562"/>
</LocList>
<BasicStmnt CovItemId="S279" CovItemPrefix="csse376_puerto_rico.GameBoardGUI.java" Intrnl_Id="1249">
<LocList>
<Loc EndOffset="19554" SrcFileId="7" StartOffset="19520"/>
</LocList>
</BasicStmnt>
<CondStmnt CovItemId="S280" CovItemPrefix="csse376_puerto_rico.GameBoardGUI.java" Intrnl_Id="1250">
<Branch CovItemId="B95" CovItemPrefix="csse376_puerto_rico.GameBoardGUI.java" Implct="false" Intrnl_Id="1251">
<Cond/>
<LocList>
<Loc EndOffset="19608" SrcFileId="7" StartOffset="19573"/>
</LocList>
<StmntSeq Intrnl_Id="1252">
<LocList>
<Loc EndOffset="19599" SrcFileId="7" StartOffset="19583"/>
</LocList>
<BasicStmnt CovItemId="S281" CovItemPrefix="csse376_puerto_rico.GameBoardGUI.java" Intrnl_Id="1253">
<LocList>
<Loc EndOffset="19599" SrcFileId="7" StartOffset="19583"/>
</LocList>
</BasicStmnt>
</StmntSeq>
</Branch>
<Branch CovItemId="B96" CovItemPrefix="csse376_puerto_rico.GameBoardGUI.java" Implct="true" Intrnl_Id="1254">
<Cond/>
<LocList/>
<StmntSeq Intrnl_Id="1255">
<LocList/>
</StmntSeq>
</Branch>
<Keyword EndOffset="19564" SrcFileId="7" StartOffset="19562"/>
<LocList>
<Loc EndOffset="19608" SrcFileId="7" StartOffset="19562"/>
</LocList>
<RootTerm CovItemId="C62" CovItemPrefix="csse376_puerto_rico.GameBoardGUI.java" Intrnl_Id="1256">
<BasicBoolTerm Intrnl_Id="1257">
<LocList>
<Loc EndOffset="19571" SrcFileId="7" StartOffset="19566"/>
</LocList>
</BasicBoolTerm>
</RootTerm>
</CondStmnt>
</StmntSeq>
<Keyword EndOffset="19476" SrcFileId="7" StartOffset="19473"/>
<LocList>
<Loc EndOffset="19616" SrcFileId="7" StartOffset="19473"/>
</LocList>
</LoopStmnt>
<BasicStmnt CovItemId="S282" CovItemPrefix="csse376_puerto_rico.GameBoardGUI.java" Intrnl_Id="1258">
<LocList>
<Loc EndOffset="19647" SrcFileId="7" StartOffset="19623"/>
</LocList>
</BasicStmnt>
<BasicStmnt CovItemId="S283" CovItemPrefix="csse376_puerto_rico.GameBoardGUI.java" Intrnl_Id="1259">
<LocList>
<Loc EndOffset="19683" SrcFileId="7" StartOffset="19654"/>
</LocList>
</BasicStmnt>
<BasicStmnt CovItemId="S284" CovItemPrefix="csse376_puerto_rico.GameBoardGUI.java" Intrnl_Id="1260">
<LocList>
<Loc EndOffset="19950" SrcFileId="7" StartOffset="19690"/>
</LocList>
</BasicStmnt>
<CondStmnt CovItemId="S285" CovItemPrefix="csse376_puerto_rico.GameBoardGUI.java" Intrnl_Id="1261">
<Branch CovItemId="B97" CovItemPrefix="csse376_puerto_rico.GameBoardGUI.java" Implct="false" Intrnl_Id="1262">
<Cond/>
<LocList>
<Loc EndOffset="20298" SrcFileId="7" StartOffset="19994"/>
</LocList>
<StmntSeq Intrnl_Id="1263">
<LocList>
<Loc EndOffset="20051" SrcFileId="7" StartOffset="20003"/>
<Loc EndOffset="20085" SrcFileId="7" StartOffset="20059"/>
<Loc EndOffset="20124" SrcFileId="7" StartOffset="20093"/>
<Loc EndOffset="20223" SrcFileId="7" StartOffset="20132"/>
<Loc EndOffset="20290" SrcFileId="7" StartOffset="20231"/>
</LocList>
<BasicStmnt CovItemId="S286" CovItemPrefix="csse376_puerto_rico.GameBoardGUI.java" Intrnl_Id="1264">
<LocList>
<Loc EndOffset="20051" SrcFileId="7" StartOffset="20003"/>
</LocList>
</BasicStmnt>
<BasicStmnt CovItemId="S287" CovItemPrefix="csse376_puerto_rico.GameBoardGUI.java" Intrnl_Id="1265">
<LocList>
<Loc EndOffset="20085" SrcFileId="7" StartOffset="20059"/>
</LocList>
</BasicStmnt>
<BasicStmnt CovItemId="S288" CovItemPrefix="csse376_puerto_rico.GameBoardGUI.java" Intrnl_Id="1266">
<LocList>
<Loc EndOffset="20124" SrcFileId="7" StartOffset="20093"/>
</LocList>
</BasicStmnt>
<BasicStmnt CovItemId="S289" CovItemPrefix="csse376_puerto_rico.GameBoardGUI.java" Intrnl_Id="1267">
<LocList>
<Loc EndOffset="20223" SrcFileId="7" StartOffset="20132"/>
</LocList>
</BasicStmnt>
<BasicStmnt CovItemId="S290" CovItemPrefix="csse376_puerto_rico.GameBoardGUI.java" Intrnl_Id="1268">
<LocList>
<Loc EndOffset="20290" SrcFileId="7" StartOffset="20231"/>
</LocList>
</BasicStmnt>
</StmntSeq>
</Branch>
<Branch CovItemId="B98" CovItemPrefix="csse376_puerto_rico.GameBoardGUI.java" Implct="true" Intrnl_Id="1269">
<Cond/>
<LocList/>
<StmntSeq Intrnl_Id="1270">
<LocList/>
</StmntSeq>
</Branch>
<Keyword EndOffset="19959" SrcFileId="7" StartOffset="19957"/>
<LocList>
<Loc EndOffset="20298" SrcFileId="7" StartOffset="19957"/>
</LocList>
<RootTerm CovItemId="C63" CovItemPrefix="csse376_puerto_rico.GameBoardGUI.java" Intrnl_Id="1271">
<BasicBoolTerm Intrnl_Id="1272">
<LocList>
<Loc EndOffset="19992" SrcFileId="7" StartOffset="19961"/>
</LocList>
</BasicBoolTerm>
</RootTerm>
</CondStmnt>
<BasicStmnt CovItemId="S291" CovItemPrefix="csse376_puerto_rico.GameBoardGUI.java" Intrnl_Id="1273">
<LocList>
<Loc EndOffset="20340" SrcFileId="7" StartOffset="20305"/>
</LocList>
</BasicStmnt>
<LoopStmnt CovItemId="S292" CovItemPrefix="csse376_puerto_rico.GameBoardGUI.java" Intrnl_Id="1274" MltplExecId="L20-2" MltplExecPrefix="csse376_puerto_rico.GameBoardGUI.java" NvrExecId="L20-0" NvrExecPrefix="csse376_puerto_rico.GameBoardGUI.java" OnceExecutedId="L20-1" OnceExecutedPrefix="csse376_puerto_rico.GameBoardGUI.java" OptBodyExec="true">
<StmntSeq Intrnl_Id="1275">
<LocList>
<Loc EndOffset="20428" SrcFileId="7" StartOffset="20394"/>
<Loc EndOffset="20482" SrcFileId="7" StartOffset="20436"/>
</LocList>
<BasicStmnt CovItemId="S293" CovItemPrefix="csse376_puerto_rico.GameBoardGUI.java" Intrnl_Id="1276">
<LocList>
<Loc EndOffset="20428" SrcFileId="7" StartOffset="20394"/>
</LocList>
</BasicStmnt>
<CondStmnt CovItemId="S294" CovItemPrefix="csse376_puerto_rico.GameBoardGUI.java" Intrnl_Id="1277">
<Branch CovItemId="B99" CovItemPrefix="csse376_puerto_rico.GameBoardGUI.java" Implct="false" Intrnl_Id="1278">
<Cond/>
<LocList>
<Loc EndOffset="20482" SrcFileId="7" StartOffset="20447"/>
</LocList>
<StmntSeq Intrnl_Id="1279">
<LocList>
<Loc EndOffset="20473" SrcFileId="7" StartOffset="20457"/>
</LocList>
<BasicStmnt CovItemId="S295" CovItemPrefix="csse376_puerto_rico.GameBoardGUI.java" Intrnl_Id="1280">
<LocList>
<Loc EndOffset="20473" SrcFileId="7" StartOffset="20457"/>
</LocList>
</BasicStmnt>
</StmntSeq>
</Branch>
<Branch CovItemId="B100" CovItemPrefix="csse376_puerto_rico.GameBoardGUI.java" Implct="true" Intrnl_Id="1281">
<Cond/>
<LocList/>
<StmntSeq Intrnl_Id="1282">
<LocList/>
</StmntSeq>
</Branch>
<Keyword EndOffset="20438" SrcFileId="7" StartOffset="20436"/>
<LocList>
<Loc EndOffset="20482" SrcFileId="7" StartOffset="20436"/>
</LocList>
<RootTerm CovItemId="C64" CovItemPrefix="csse376_puerto_rico.GameBoardGUI.java" Intrnl_Id="1283">
<BasicBoolTerm Intrnl_Id="1284">
<LocList>
<Loc EndOffset="20445" SrcFileId="7" StartOffset="20440"/>
</LocList>
</BasicBoolTerm>
</RootTerm>
</CondStmnt>
</StmntSeq>
<Keyword EndOffset="20350" SrcFileId="7" StartOffset="20347"/>
<LocList>
<Loc EndOffset="20490" SrcFileId="7" StartOffset="20347"/>
</LocList>
</LoopStmnt>
<BasicStmnt CovItemId="S296" CovItemPrefix="csse376_puerto_rico.GameBoardGUI.java" Intrnl_Id="1285">
<LocList>
<Loc EndOffset="20521" SrcFileId="7" StartOffset="20497"/>
</LocList>
</BasicStmnt>
<BasicStmnt CovItemId="S297" CovItemPrefix="csse376_puerto_rico.GameBoardGUI.java" Intrnl_Id="1286">
<LocList>
<Loc EndOffset="20557" SrcFileId="7" StartOffset="20528"/>
</LocList>
</BasicStmnt>
<BasicStmnt CovItemId="S298" CovItemPrefix="csse376_puerto_rico.GameBoardGUI.java" Intrnl_Id="1287">
<LocList>
<Loc EndOffset="20825" SrcFileId="7" StartOffset="20564"/>
</LocList>
</BasicStmnt>
<CondStmnt CovItemId="S299" CovItemPrefix="csse376_puerto_rico.GameBoardGUI.java" Intrnl_Id="1288">
<Branch CovItemId="B101" CovItemPrefix="csse376_puerto_rico.GameBoardGUI.java" Implct="false" Intrnl_Id="1289">
<Cond/>
<LocList>
<Loc EndOffset="21178" SrcFileId="7" StartOffset="20872"/>
</LocList>
<StmntSeq Intrnl_Id="1290">
<LocList>
<Loc EndOffset="20930" SrcFileId="7" StartOffset="20881"/>
<Loc EndOffset="20964" SrcFileId="7" StartOffset="20938"/>
<Loc EndOffset="21003" SrcFileId="7" StartOffset="20972"/>
<Loc EndOffset="21103" SrcFileId="7" StartOffset="21011"/>
<Loc EndOffset="21170" SrcFileId="7" StartOffset="21111"/>
</LocList>
<BasicStmnt CovItemId="S300" CovItemPrefix="csse376_puerto_rico.GameBoardGUI.java" Intrnl_Id="1291">
<LocList>
<Loc EndOffset="20930" SrcFileId="7" StartOffset="20881"/>
</LocList>
</BasicStmnt>
<BasicStmnt CovItemId="S301" CovItemPrefix="csse376_puerto_rico.GameBoardGUI.java" Intrnl_Id="1292">
<LocList>
<Loc EndOffset="20964" SrcFileId="7" StartOffset="20938"/>
</LocList>
</BasicStmnt>
<BasicStmnt CovItemId="S302" CovItemPrefix="csse376_puerto_rico.GameBoardGUI.java" Intrnl_Id="1293">
<LocList>
<Loc EndOffset="21003" SrcFileId="7" StartOffset="20972"/>
</LocList>
</BasicStmnt>
<BasicStmnt CovItemId="S303" CovItemPrefix="csse376_puerto_rico.GameBoardGUI.java" Intrnl_Id="1294">
<LocList>
<Loc EndOffset="21103" SrcFileId="7" StartOffset="21011"/>
</LocList>
</BasicStmnt>
<BasicStmnt CovItemId="S304" CovItemPrefix="csse376_puerto_rico.GameBoardGUI.java" Intrnl_Id="1295">
<LocList>
<Loc EndOffset="21170" SrcFileId="7" StartOffset="21111"/>
</LocList>
</BasicStmnt>
</StmntSeq>
</Branch>
<Branch CovItemId="B102" CovItemPrefix="csse376_puerto_rico.GameBoardGUI.java" Implct="true" Intrnl_Id="1296">
<Cond/>
<LocList/>
<StmntSeq Intrnl_Id="1297">
<LocList/>
</StmntSeq>
</Branch>
<Keyword EndOffset="20836" SrcFileId="7" StartOffset="20834"/>
<LocList>
<Loc EndOffset="21178" SrcFileId="7" StartOffset="20834"/>
</LocList>
<RootTerm CovItemId="C65" CovItemPrefix="csse376_puerto_rico.GameBoardGUI.java" Intrnl_Id="1298">
<BasicBoolTerm Intrnl_Id="1299">
<LocList>
<Loc EndOffset="20870" SrcFileId="7" StartOffset="20838"/>
</LocList>
</BasicBoolTerm>
</RootTerm>
</CondStmnt>
</StmntSeq>
</Branch>
<Branch CovItemId="B94" CovItemPrefix="csse376_puerto_rico.GameBoardGUI.java" Implct="true" Intrnl_Id="1300">
<Cond/>
<LocList/>
<StmntSeq Intrnl_Id="1301">
<LocList/>
</StmntSeq>
</Branch>
<Keyword EndOffset="19373" SrcFileId="7" StartOffset="19371"/>
<LocList>
<Loc EndOffset="21185" SrcFileId="7" StartOffset="19371"/>
</LocList>
<RootTerm CovItemId="C61" CovItemPrefix="csse376_puerto_rico.GameBoardGUI.java" Intrnl_Id="1302">
<BasicBoolTerm Intrnl_Id="1303">
<LocList>
<Loc EndOffset="19421" SrcFileId="7" StartOffset="19375"/>
</LocList>
</BasicBoolTerm>
</RootTerm>
</CondStmnt>
<CondStmnt CovItemId="S305" CovItemPrefix="csse376_puerto_rico.GameBoardGUI.java" Intrnl_Id="1304">
<Branch CovItemId="B103" CovItemPrefix="csse376_puerto_rico.GameBoardGUI.java" Implct="false" Intrnl_Id="1305">
<Cond/>
<LocList>
<Loc EndOffset="22084" SrcFileId="7" StartOffset="21243"/>
</LocList>
<StmntSeq Intrnl_Id="1306">
<LocList>
<Loc EndOffset="21286" SrcFileId="7" StartOffset="21251"/>
<Loc EndOffset="21436" SrcFileId="7" StartOffset="21293"/>
<Loc EndOffset="21467" SrcFileId="7" StartOffset="21443"/>
<Loc EndOffset="21503" SrcFileId="7" StartOffset="21474"/>
<Loc EndOffset="21753" SrcFileId="7" StartOffset="21510"/>
<Loc EndOffset="22077" SrcFileId="7" StartOffset="21760"/>
</LocList>
<BasicStmnt CovItemId="S306" CovItemPrefix="csse376_puerto_rico.GameBoardGUI.java" Intrnl_Id="1307">
<LocList>
<Loc EndOffset="21286" SrcFileId="7" StartOffset="21251"/>
</LocList>
</BasicStmnt>
<LoopStmnt CovItemId="S307" CovItemPrefix="csse376_puerto_rico.GameBoardGUI.java" Intrnl_Id="1308" MltplExecId="L21-2" MltplExecPrefix="csse376_puerto_rico.GameBoardGUI.java" NvrExecId="L21-0" NvrExecPrefix="csse376_puerto_rico.GameBoardGUI.java" OnceExecutedId="L21-1" OnceExecutedPrefix="csse376_puerto_rico.GameBoardGUI.java" OptBodyExec="true">
<StmntSeq Intrnl_Id="1309">
<LocList>
<Loc EndOffset="21374" SrcFileId="7" StartOffset="21340"/>
<Loc EndOffset="21428" SrcFileId="7" StartOffset="21382"/>
</LocList>
<BasicStmnt CovItemId="S308" CovItemPrefix="csse376_puerto_rico.GameBoardGUI.java" Intrnl_Id="1310">
<LocList>
<Loc EndOffset="21374" SrcFileId="7" StartOffset="21340"/>
</LocList>
</BasicStmnt>
<CondStmnt CovItemId="S309" CovItemPrefix="csse376_puerto_rico.GameBoardGUI.java" Intrnl_Id="1311">
<Branch CovItemId="B105" CovItemPrefix="csse376_puerto_rico.GameBoardGUI.java" Implct="false" Intrnl_Id="1312">
<Cond/>
<LocList>
<Loc EndOffset="21428" SrcFileId="7" StartOffset="21393"/>
</LocList>
<StmntSeq Intrnl_Id="1313">
<LocList>
<Loc EndOffset="21419" SrcFileId="7" StartOffset="21403"/>
</LocList>
<BasicStmnt CovItemId="S310" CovItemPrefix="csse376_puerto_rico.GameBoardGUI.java" Intrnl_Id="1314">
<LocList>
<Loc EndOffset="21419" SrcFileId="7" StartOffset="21403"/>
</LocList>
</BasicStmnt>
</StmntSeq>
</Branch>
<Branch CovItemId="B106" CovItemPrefix="csse376_puerto_rico.GameBoardGUI.java" Implct="true" Intrnl_Id="1315">
<Cond/>
<LocList/>
<StmntSeq Intrnl_Id="1316">
<LocList/>
</StmntSeq>
</Branch>
<Keyword EndOffset="21384" SrcFileId="7" StartOffset="21382"/>
<LocList>
<Loc EndOffset="21428" SrcFileId="7" StartOffset="21382"/>
</LocList>
<RootTerm CovItemId="C67" CovItemPrefix="csse376_puerto_rico.GameBoardGUI.java" Intrnl_Id="1317">
<BasicBoolTerm Intrnl_Id="1318">
<LocList>
<Loc EndOffset="21391" SrcFileId="7" StartOffset="21386"/>
</LocList>
</BasicBoolTerm>
</RootTerm>
</CondStmnt>
</StmntSeq>
<Keyword EndOffset="21296" SrcFileId="7" StartOffset="21293"/>
<LocList>
<Loc EndOffset="21436" SrcFileId="7" StartOffset="21293"/>
</LocList>
</LoopStmnt>
<BasicStmnt CovItemId="S311" CovItemPrefix="csse376_puerto_rico.GameBoardGUI.java" Intrnl_Id="1319">
<LocList>
<Loc EndOffset="21467" SrcFileId="7" StartOffset="21443"/>
</LocList>
</BasicStmnt>
<BasicStmnt CovItemId="S312" CovItemPrefix="csse376_puerto_rico.GameBoardGUI.java" Intrnl_Id="1320">
<LocList>
<Loc EndOffset="21503" SrcFileId="7" StartOffset="21474"/>
</LocList>
</BasicStmnt>
<BasicStmnt CovItemId="S313" CovItemPrefix="csse376_puerto_rico.GameBoardGUI.java" Intrnl_Id="1321">
<LocList>
<Loc EndOffset="21753" SrcFileId="7" StartOffset="21510"/>
</LocList>
</BasicStmnt>
<CondStmnt CovItemId="S314" CovItemPrefix="csse376_puerto_rico.GameBoardGUI.java" Intrnl_Id="1322">
<Branch CovItemId="B107" CovItemPrefix="csse376_puerto_rico.GameBoardGUI.java" Implct="false" Intrnl_Id="1323">
<Cond/>
<LocList>
<Loc EndOffset="22077" SrcFileId="7" StartOffset="21789"/>
</LocList>
<StmntSeq Intrnl_Id="1324">
<LocList>
<Loc EndOffset="21838" SrcFileId="7" StartOffset="21798"/>
<Loc EndOffset="21872" SrcFileId="7" StartOffset="21846"/>
<Loc EndOffset="21911" SrcFileId="7" StartOffset="21880"/>
<Loc EndOffset="22002" SrcFileId="7" StartOffset="21919"/>
<Loc EndOffset="22069" SrcFileId="7" StartOffset="22010"/>
</LocList>
<BasicStmnt CovItemId="S315" CovItemPrefix="csse376_puerto_rico.GameBoardGUI.java" Intrnl_Id="1325">
<LocList>
<Loc EndOffset="21838" SrcFileId="7" StartOffset="21798"/>
</LocList>
</BasicStmnt>
<BasicStmnt CovItemId="S316" CovItemPrefix="csse376_puerto_rico.GameBoardGUI.java" Intrnl_Id="1326">
<LocList>
<Loc EndOffset="21872" SrcFileId="7" StartOffset="21846"/>
</LocList>
</BasicStmnt>
<BasicStmnt CovItemId="S317" CovItemPrefix="csse376_puerto_rico.GameBoardGUI.java" Intrnl_Id="1327">
<LocList>
<Loc EndOffset="21911" SrcFileId="7" StartOffset="21880"/>
</LocList>
</BasicStmnt>
<BasicStmnt CovItemId="S318" CovItemPrefix="csse376_puerto_rico.GameBoardGUI.java" Intrnl_Id="1328">
<LocList>
<Loc EndOffset="22002" SrcFileId="7" StartOffset="21919"/>
</LocList>
</BasicStmnt>
<BasicStmnt CovItemId="S319" CovItemPrefix="csse376_puerto_rico.GameBoardGUI.java" Intrnl_Id="1329">
<LocList>
<Loc EndOffset="22069" SrcFileId="7" StartOffset="22010"/>
</LocList>
</BasicStmnt>
</StmntSeq>
</Branch>
<Branch CovItemId="B108" CovItemPrefix="csse376_puerto_rico.GameBoardGUI.java" Implct="true" Intrnl_Id="1330">
<Cond/>
<LocList/>
<StmntSeq Intrnl_Id="1331">
<LocList/>
</StmntSeq>
</Branch>
<Keyword EndOffset="21762" SrcFileId="7" StartOffset="21760"/>
<LocList>
<Loc EndOffset="22077" SrcFileId="7" StartOffset="21760"/>
</LocList>
<RootTerm CovItemId="C68" CovItemPrefix="csse376_puerto_rico.GameBoardGUI.java" Intrnl_Id="1332">
<BasicBoolTerm Intrnl_Id="1333">
<LocList>
<Loc EndOffset="21787" SrcFileId="7" StartOffset="21764"/>
</LocList>
</BasicBoolTerm>
</RootTerm>
</CondStmnt>
</StmntSeq>
</Branch>
<Branch CovItemId="B104" CovItemPrefix="csse376_puerto_rico.GameBoardGUI.java" Implct="true" Intrnl_Id="1334">
<Cond/>
<LocList/>
<StmntSeq Intrnl_Id="1335">
<LocList/>
</StmntSeq>
</Branch>
<Keyword EndOffset="21193" SrcFileId="7" StartOffset="21191"/>
<LocList>
<Loc EndOffset="22084" SrcFileId="7" StartOffset="21191"/>
</LocList>
<RootTerm CovItemId="C66" CovItemPrefix="csse376_puerto_rico.GameBoardGUI.java" Intrnl_Id="1336">
<BasicBoolTerm Intrnl_Id="1337">
<LocList>
<Loc EndOffset="21241" SrcFileId="7" StartOffset="21195"/>
</LocList>
</BasicBoolTerm>
</RootTerm>
</CondStmnt>
<LoopStmnt CovItemId="S320" CovItemPrefix="csse376_puerto_rico.GameBoardGUI.java" Intrnl_Id="1338" MltplExecId="L22-2" MltplExecPrefix="csse376_puerto_rico.GameBoardGUI.java" NvrExecId="L22-0" NvrExecPrefix="csse376_puerto_rico.GameBoardGUI.java" OnceExecutedId="L22-1" OnceExecutedPrefix="csse376_puerto_rico.GameBoardGUI.java" OptBodyExec="true">
<StmntSeq Intrnl_Id="1339">
<LocList>
<Loc EndOffset="22148" SrcFileId="7" StartOffset="22127"/>
</LocList>
<BasicStmnt CovItemId="S321" CovItemPrefix="csse376_puerto_rico.GameBoardGUI.java" Intrnl_Id="1340">
<LocList>
<Loc EndOffset="22148" SrcFileId="7" StartOffset="22127"/>
</LocList>
</BasicStmnt>
</StmntSeq>
<Keyword EndOffset="22095" SrcFileId="7" StartOffset="22092"/>
<LocList>
<Loc EndOffset="22155" SrcFileId="7" StartOffset="22092"/>
</LocList>
</LoopStmnt>
<BasicStmnt CovItemId="S322" CovItemPrefix="csse376_puerto_rico.GameBoardGUI.java" Intrnl_Id="1341">
<LocList>
<Loc EndOffset="22188" SrcFileId="7" StartOffset="22163"/>
</LocList>
</BasicStmnt>
<BasicStmnt CovItemId="S323" CovItemPrefix="csse376_puerto_rico.GameBoardGUI.java" Intrnl_Id="1342">
<LocList>
<Loc EndOffset="22220" SrcFileId="7" StartOffset="22194"/>
</LocList>
</BasicStmnt>
<BasicStmnt CovItemId="S324" CovItemPrefix="csse376_puerto_rico.GameBoardGUI.java" Intrnl_Id="1343">
<LocList>
<Loc EndOffset="22267" SrcFileId="7" StartOffset="22226"/>
</LocList>
</BasicStmnt>
</StmntSeq>
<Keyword EndOffset="18530" SrcFileId="7" StartOffset="18527"/>
<LocList>
<Loc EndOffset="22273" SrcFileId="7" StartOffset="18527"/>
</LocList>
<RootTerm CovItemId="C58" CovItemPrefix="csse376_puerto_rico.GameBoardGUI.java" Intrnl_Id="1344">
<BasicBoolTerm Intrnl_Id="1345">
<LocList>
<Loc EndOffset="18561" SrcFileId="7" StartOffset="18543"/>
</LocList>
</BasicBoolTerm>
</RootTerm>
</LoopStmnt>
</StmntSeq>
</Branch>
<Branch CovItemId="B78" CovItemPrefix="csse376_puerto_rico.GameBoardGUI.java" Implct="false" Intrnl_Id="1346">
<Cond>
<Loc EndOffset="22285" SrcFileId="7" StartOffset="22281"/>
</Cond>
<LocList>
<Loc EndOffset="22404" SrcFileId="7" StartOffset="22286"/>
</LocList>
<StmntSeq Intrnl_Id="1347">
<LocList>
<Loc EndOffset="22404" SrcFileId="7" StartOffset="22286"/>
</LocList>
<CondStmnt CovItemId="S325" CovItemPrefix="csse376_puerto_rico.GameBoardGUI.java" Intrnl_Id="1348">
<Branch CovItemId="B109" CovItemPrefix="csse376_puerto_rico.GameBoardGUI.java" Implct="false" Intrnl_Id="1349">
<Cond/>
<LocList>
<Loc EndOffset="22404" SrcFileId="7" StartOffset="22327"/>
</LocList>
<StmntSeq Intrnl_Id="1350">
<LocList>
<Loc EndOffset="22399" SrcFileId="7" StartOffset="22352"/>
</LocList>
<BasicStmnt CovItemId="S326" CovItemPrefix="csse376_puerto_rico.GameBoardGUI.java" Intrnl_Id="1351">
<LocList>
<Loc EndOffset="22399" SrcFileId="7" StartOffset="22352"/>
</LocList>
</BasicStmnt>
</StmntSeq>
</Branch>
<Branch CovItemId="B110" CovItemPrefix="csse376_puerto_rico.GameBoardGUI.java" Implct="true" Intrnl_Id="1352">
<Cond/>
<LocList/>
<StmntSeq Intrnl_Id="1353">
<LocList/>
</StmntSeq>
</Branch>
<Keyword EndOffset="22288" SrcFileId="7" StartOffset="22286"/>
<LocList>
<Loc EndOffset="22404" SrcFileId="7" StartOffset="22286"/>
</LocList>
<RootTerm CovItemId="C69" CovItemPrefix="csse376_puerto_rico.GameBoardGUI.java" Intrnl_Id="1354">
<BasicBoolTerm Intrnl_Id="1355">
<LocList>
<Loc EndOffset="22325" SrcFileId="7" StartOffset="22290"/>
</LocList>
</BasicBoolTerm>
</RootTerm>
</CondStmnt>
</StmntSeq>
</Branch>
<Keyword EndOffset="16293" SrcFileId="7" StartOffset="16291"/>
<LocList>
<Loc EndOffset="22404" SrcFileId="7" StartOffset="16291"/>
</LocList>
<RootTerm CovItemId="C50" CovItemPrefix="csse376_puerto_rico.GameBoardGUI.java" Intrnl_Id="1356">
<BasicBoolTerm Intrnl_Id="1357">
<LocList>
<Loc EndOffset="16327" SrcFileId="7" StartOffset="16295"/>
</LocList>
</BasicBoolTerm>
</RootTerm>
</CondStmnt>
</StmntSeq>
</Branch>
<Keyword EndOffset="14280" SrcFileId="7" StartOffset="14278"/>
<LocList>
<Loc EndOffset="22404" SrcFileId="7" StartOffset="14278"/>
</LocList>
<RootTerm CovItemId="C38" CovItemPrefix="csse376_puerto_rico.GameBoardGUI.java" Intrnl_Id="1358">
<BasicBoolTerm Intrnl_Id="1359">
<LocList>
<Loc EndOffset="14313" SrcFileId="7" StartOffset="14282"/>
</LocList>
</BasicBoolTerm>
</RootTerm>
</CondStmnt>
</StmntSeq>
</Branch>
<Keyword EndOffset="13471" SrcFileId="7" StartOffset="13469"/>
<LocList>
<Loc EndOffset="22404" SrcFileId="7" StartOffset="13469"/>
</LocList>
<RootTerm CovItemId="C31" CovItemPrefix="csse376_puerto_rico.GameBoardGUI.java" Intrnl_Id="1360">
<BasicBoolTerm Intrnl_Id="1361">
<LocList>
<Loc EndOffset="13507" SrcFileId="7" StartOffset="13473"/>
</LocList>
</BasicBoolTerm>
</RootTerm>
</CondStmnt>
</StmntSeq>
</Branch>
<Keyword EndOffset="11500" SrcFileId="7" StartOffset="11498"/>
<LocList>
<Loc EndOffset="22404" SrcFileId="7" StartOffset="11498"/>
</LocList>
<RootTerm CovItemId="C24" CovItemPrefix="csse376_puerto_rico.GameBoardGUI.java" Intrnl_Id="1362">
<BasicBoolTerm Intrnl_Id="1363">
<LocList>
<Loc EndOffset="11534" SrcFileId="7" StartOffset="11502"/>
</LocList>
</BasicBoolTerm>
</RootTerm>
</CondStmnt>
</StmntSeq>
</Branch>
<Keyword EndOffset="10097" SrcFileId="7" StartOffset="10095"/>
<LocList>
<Loc EndOffset="22404" SrcFileId="7" StartOffset="10095"/>
</LocList>
<RootTerm CovItemId="C18" CovItemPrefix="csse376_puerto_rico.GameBoardGUI.java" Intrnl_Id="1364">
<BasicBoolTerm Intrnl_Id="1365">
<LocList>
<Loc EndOffset="10131" SrcFileId="7" StartOffset="10099"/>
</LocList>
</BasicBoolTerm>
</RootTerm>
</CondStmnt>
</StmntSeq>
</Branch>
<Keyword EndOffset="6996" SrcFileId="7" StartOffset="6994"/>
<LocList>
<Loc EndOffset="22404" SrcFileId="7" StartOffset="6994"/>
</LocList>
<RootTerm CovItemId="C9" CovItemPrefix="csse376_puerto_rico.GameBoardGUI.java" Intrnl_Id="1366">
<BasicBoolTerm Intrnl_Id="1367">
<LocList>
<Loc EndOffset="7028" SrcFileId="7" StartOffset="6998"/>
</LocList>
</BasicBoolTerm>
</RootTerm>
</CondStmnt>
<BasicStmnt CovItemId="S327" CovItemPrefix="csse376_puerto_rico.GameBoardGUI.java" Intrnl_Id="1368">
<LocList>
<Loc EndOffset="22438" SrcFileId="7" StartOffset="22408"/>
</LocList>
</BasicStmnt>
<BasicStmnt CovItemId="S328" CovItemPrefix="csse376_puerto_rico.GameBoardGUI.java" Intrnl_Id="1369">
<LocList>
<Loc EndOffset="22467" SrcFileId="7" StartOffset="22442"/>
</LocList>
</BasicStmnt>
</StmntSeq>
</HierarchyLvl>
</HierarchyLvl>
<HierarchyLvl HierarchyLvlId="3739" HierarchyLvlTypeId="15" Intrnl_Id="1370" Name="ButtonHandler">
<Header>
<Loc EndOffset="224" SrcFileId="8" StartOffset="172"/>
</Header>
<LocList>
<Loc EndOffset="790" SrcFileId="8" StartOffset="172"/>
</LocList>
<HierarchyLvl HierarchyLvlId="3737" HierarchyLvlTypeId="16" Intrnl_Id="1371" Name="ButtonHandler">
<Header>
<Loc EndOffset="345" SrcFileId="8" StartOffset="292"/>
</Header>
<LocList>
<Loc EndOffset="402" SrcFileId="8" StartOffset="292"/>
</LocList>
<StmntSeq Intrnl_Id="1372">
<LocList>
<Loc EndOffset="374" SrcFileId="8" StartOffset="351"/>
<Loc EndOffset="398" SrcFileId="8" StartOffset="378"/>
</LocList>
<BasicStmnt CovItemId="S1" CovItemPrefix="csse376_puerto_rico.ButtonHandler.java" Intrnl_Id="1373">
<LocList>
<Loc EndOffset="374" SrcFileId="8" StartOffset="351"/>
</LocList>
</BasicStmnt>
<BasicStmnt CovItemId="S2" CovItemPrefix="csse376_puerto_rico.ButtonHandler.java" Intrnl_Id="1374">
<LocList>
<Loc EndOffset="398" SrcFileId="8" StartOffset="378"/>
</LocList>
</BasicStmnt>
</StmntSeq>
</HierarchyLvl>
<HierarchyLvl HierarchyLvlId="3738" HierarchyLvlTypeId="16" Intrnl_Id="1375" Name="actionPerformed">
<Header>
<Loc EndOffset="462" SrcFileId="8" StartOffset="407"/>
</Header>
<LocList>
<Loc EndOffset="785" SrcFileId="8" StartOffset="407"/>
</LocList>
<StmntSeq Intrnl_Id="1376">
<LocList>
<Loc EndOffset="506" SrcFileId="8" StartOffset="468"/>
<Loc EndOffset="781" SrcFileId="8" StartOffset="510"/>
</LocList>
<BasicStmnt CovItemId="S3" CovItemPrefix="csse376_puerto_rico.ButtonHandler.java" Intrnl_Id="1377">
<LocList>
<Loc EndOffset="506" SrcFileId="8" StartOffset="468"/>
</LocList>
</BasicStmnt>
<CondStmnt CovItemId="S4" CovItemPrefix="csse376_puerto_rico.ButtonHandler.java" Intrnl_Id="1378">
<Branch CovItemId="B1" CovItemPrefix="csse376_puerto_rico.ButtonHandler.java" Implct="false" Intrnl_Id="1379">
<Cond/>
<LocList>
<Loc EndOffset="561" SrcFileId="8" StartOffset="535"/>
</LocList>
<StmntSeq Intrnl_Id="1380">
<LocList>
<Loc EndOffset="556" SrcFileId="8" StartOffset="541"/>
</LocList>
<BasicStmnt CovItemId="S5" CovItemPrefix="csse376_puerto_rico.ButtonHandler.java" Intrnl_Id="1381">
<LocList>
<Loc EndOffset="556" SrcFileId="8" StartOffset="541"/>
</LocList>
</BasicStmnt>
</StmntSeq>
</Branch>
<Branch CovItemId="B2" CovItemPrefix="csse376_puerto_rico.ButtonHandler.java" Implct="false" Intrnl_Id="1382">
<Cond>
<Loc EndOffset="565" SrcFileId="8" StartOffset="561"/>
</Cond>
<LocList>
<Loc EndOffset="781" SrcFileId="8" StartOffset="566"/>
</LocList>
<StmntSeq Intrnl_Id="1383">
<LocList>
<Loc EndOffset="781" SrcFileId="8" StartOffset="566"/>
</LocList>
<CondStmnt CovItemId="S6" CovItemPrefix="csse376_puerto_rico.ButtonHandler.java" Intrnl_Id="1384">
<Branch CovItemId="B3" CovItemPrefix="csse376_puerto_rico.ButtonHandler.java" Implct="false" Intrnl_Id="1385">
<Cond/>
<LocList>
<Loc EndOffset="646" SrcFileId="8" StartOffset="595"/>
</LocList>
<StmntSeq Intrnl_Id="1386">
<LocList>
<Loc EndOffset="641" SrcFileId="8" StartOffset="601"/>
</LocList>
<BasicStmnt CovItemId="S7" CovItemPrefix="csse376_puerto_rico.ButtonHandler.java" Intrnl_Id="1387">
<LocList>
<Loc EndOffset="641" SrcFileId="8" StartOffset="601"/>
</LocList>
</BasicStmnt>
</StmntSeq>
</Branch>
<Branch CovItemId="B4" CovItemPrefix="csse376_puerto_rico.ButtonHandler.java" Implct="false" Intrnl_Id="1388">
<Cond>
<Loc EndOffset="650" SrcFileId="8" StartOffset="646"/>
</Cond>
<LocList>
<Loc EndOffset="781" SrcFileId="8" StartOffset="651"/>
</LocList>
<StmntSeq Intrnl_Id="1389">
<LocList>
<Loc EndOffset="781" SrcFileId="8" StartOffset="651"/>
</LocList>
<CondStmnt CovItemId="S8" CovItemPrefix="csse376_puerto_rico.ButtonHandler.java" Intrnl_Id="1390">
<Branch CovItemId="B5" CovItemPrefix="csse376_puerto_rico.ButtonHandler.java" Implct="false" Intrnl_Id="1391">
<Cond/>
<LocList>
<Loc EndOffset="734" SrcFileId="8" StartOffset="677"/>
</LocList>
<StmntSeq Intrnl_Id="1392">
<LocList>
<Loc EndOffset="729" SrcFileId="8" StartOffset="683"/>
</LocList>
<BasicStmnt CovItemId="S9" CovItemPrefix="csse376_puerto_rico.ButtonHandler.java" Intrnl_Id="1393">
<LocList>
<Loc EndOffset="729" SrcFileId="8" StartOffset="683"/>
</LocList>
</BasicStmnt>
</StmntSeq>
</Branch>
<Branch CovItemId="B6" CovItemPrefix="csse376_puerto_rico.ButtonHandler.java" Implct="false" Intrnl_Id="1394">
<Cond>
<Loc EndOffset="738" SrcFileId="8" StartOffset="734"/>
</Cond>
<LocList>
<Loc EndOffset="781" SrcFileId="8" StartOffset="739"/>
</LocList>
<StmntSeq Intrnl_Id="1395">
<LocList>
<Loc EndOffset="781" SrcFileId="8" StartOffset="739"/>
</LocList>
<CondStmnt CovItemId="S10" CovItemPrefix="csse376_puerto_rico.ButtonHandler.java" Intrnl_Id="1396">
<Branch CovItemId="B7" CovItemPrefix="csse376_puerto_rico.ButtonHandler.java" Implct="false" Intrnl_Id="1397">
<Cond/>
<LocList>
<Loc EndOffset="781" SrcFileId="8" StartOffset="770"/>
</LocList>
<StmntSeq Intrnl_Id="1398">
<LocList/>
</StmntSeq>
</Branch>
<Branch CovItemId="B8" CovItemPrefix="csse376_puerto_rico.ButtonHandler.java" Implct="true" Intrnl_Id="1399">
<Cond/>
<LocList/>
<StmntSeq Intrnl_Id="1400">
<LocList/>
</StmntSeq>
</Branch>
<Keyword EndOffset="741" SrcFileId="8" StartOffset="739"/>
<LocList>
<Loc EndOffset="781" SrcFileId="8" StartOffset="739"/>
</LocList>
<RootTerm CovItemId="C4" CovItemPrefix="csse376_puerto_rico.ButtonHandler.java" Intrnl_Id="1401">
<BasicBoolTerm Intrnl_Id="1402">
<LocList>
<Loc EndOffset="769" SrcFileId="8" StartOffset="742"/>
</LocList>
</BasicBoolTerm>
</RootTerm>
</CondStmnt>
</StmntSeq>
</Branch>
<Keyword EndOffset="653" SrcFileId="8" StartOffset="651"/>
<LocList>
<Loc EndOffset="781" SrcFileId="8" StartOffset="651"/>
</LocList>
<RootTerm CovItemId="C3" CovItemPrefix="csse376_puerto_rico.ButtonHandler.java" Intrnl_Id="1403">
<BasicBoolTerm Intrnl_Id="1404">
<LocList>
<Loc EndOffset="676" SrcFileId="8" StartOffset="654"/>
</LocList>
</BasicBoolTerm>
</RootTerm>
</CondStmnt>
</StmntSeq>
</Branch>
<Keyword EndOffset="568" SrcFileId="8" StartOffset="566"/>
<LocList>
<Loc EndOffset="781" SrcFileId="8" StartOffset="566"/>
</LocList>
<RootTerm CovItemId="C2" CovItemPrefix="csse376_puerto_rico.ButtonHandler.java" Intrnl_Id="1405">
<BasicBoolTerm Intrnl_Id="1406">
<LocList>
<Loc EndOffset="594" SrcFileId="8" StartOffset="569"/>
</LocList>
</BasicBoolTerm>
</RootTerm>
</CondStmnt>
</StmntSeq>
</Branch>
<Keyword EndOffset="512" SrcFileId="8" StartOffset="510"/>
<LocList>
<Loc EndOffset="781" SrcFileId="8" StartOffset="510"/>
</LocList>
<RootTerm CovItemId="C1" CovItemPrefix="csse376_puerto_rico.ButtonHandler.java" Intrnl_Id="1407">
<BasicBoolTerm Intrnl_Id="1408">
<LocList>
<Loc EndOffset="534" SrcFileId="8" StartOffset="513"/>
</LocList>
</BasicBoolTerm>
</RootTerm>
</CondStmnt>
</StmntSeq>
</HierarchyLvl>
</HierarchyLvl>
<HierarchyLvl HierarchyLvlId="3743" HierarchyLvlTypeId="15" Intrnl_Id="1409" Name="Buildings">
<Header>
<Loc EndOffset="135" SrcFileId="9" StartOffset="113"/>
</Header>
<LocList>
<Loc EndOffset="873" SrcFileId="9" StartOffset="113"/>
</LocList>
<StmntSeq Intrnl_Id="1410">
<LocList>
<Loc EndOffset="554" SrcFileId="9" StartOffset="183"/>
</LocList>
<BasicStmnt CovItemId="S1" CovItemPrefix="csse376_puerto_rico.Buildings.java" Intrnl_Id="1411">
<LocList>
<Loc EndOffset="554" SrcFileId="9" StartOffset="183"/>
</LocList>
</BasicStmnt>
</StmntSeq>
<HierarchyLvl HierarchyLvlId="3740" HierarchyLvlTypeId="16" Intrnl_Id="1412" Name="Buildings">
<Header>
<Loc EndOffset="577" SrcFileId="9" StartOffset="559"/>
</Header>
<LocList>
<Loc EndOffset="712" SrcFileId="9" StartOffset="559"/>
</LocList>
<StmntSeq Intrnl_Id="1413">
<LocList>
<Loc EndOffset="621" SrcFileId="9" StartOffset="583"/>
<Loc EndOffset="706" SrcFileId="9" StartOffset="627"/>
</LocList>
<BasicStmnt CovItemId="S2" CovItemPrefix="csse376_puerto_rico.Buildings.java" Intrnl_Id="1414">
<LocList>
<Loc EndOffset="621" SrcFileId="9" StartOffset="583"/>
</LocList>
</BasicStmnt>
<LoopStmnt CovItemId="S3" CovItemPrefix="csse376_puerto_rico.Buildings.java" Intrnl_Id="1415" MltplExecId="L1-2" MltplExecPrefix="csse376_puerto_rico.Buildings.java" NvrExecId="L1-0" NvrExecPrefix="csse376_puerto_rico.Buildings.java" OnceExecutedId="L1-1" OnceExecutedPrefix="csse376_puerto_rico.Buildings.java" OptBodyExec="true">
<StmntSeq Intrnl_Id="1416">
<LocList>
<Loc EndOffset="701" SrcFileId="9" StartOffset="667"/>
</LocList>
<BasicStmnt CovItemId="S4" CovItemPrefix="csse376_puerto_rico.Buildings.java" Intrnl_Id="1417">
<LocList>
<Loc EndOffset="701" SrcFileId="9" StartOffset="667"/>
</LocList>
</BasicStmnt>
</StmntSeq>
<Keyword EndOffset="630" SrcFileId="9" StartOffset="627"/>
<LocList>
<Loc EndOffset="706" SrcFileId="9" StartOffset="627"/>
</LocList>
</LoopStmnt>
</StmntSeq>
</HierarchyLvl>
<HierarchyLvl HierarchyLvlId="3741" HierarchyLvlTypeId="16" Intrnl_Id="1418" Name="getBuildings">
<Header>
<Loc EndOffset="758" SrcFileId="9" StartOffset="717"/>
</Header>
<LocList>
<Loc EndOffset="787" SrcFileId="9" StartOffset="717"/>
</LocList>
<StmntSeq Intrnl_Id="1419">
<LocList>
<Loc EndOffset="783" SrcFileId="9" StartOffset="766"/>
</LocList>
<BasicStmnt CovItemId="S5" CovItemPrefix="csse376_puerto_rico.Buildings.java" Intrnl_Id="1420">
<LocList>
<Loc EndOffset="783" SrcFileId="9" StartOffset="766"/>
</LocList>
</BasicStmnt>
</StmntSeq>
</HierarchyLvl>
<HierarchyLvl HierarchyLvlId="3742" HierarchyLvlTypeId="16" Intrnl_Id="1421" Name="getBuildingNames">
<Header>
<Loc EndOffset="835" SrcFileId="9" StartOffset="792"/>
</Header>
<LocList>
<Loc EndOffset="866" SrcFileId="9" StartOffset="792"/>
</LocList>
<StmntSeq Intrnl_Id="1422">
<LocList>
<Loc EndOffset="862" SrcFileId="9" StartOffset="841"/>
</LocList>
<BasicStmnt CovItemId="S6" CovItemPrefix="csse376_puerto_rico.Buildings.java" Intrnl_Id="1423">
<LocList>
<Loc EndOffset="862" SrcFileId="9" StartOffset="841"/>
</LocList>
</BasicStmnt>
</StmntSeq>
</HierarchyLvl>
</HierarchyLvl>
<HierarchyLvl HierarchyLvlId="3746" HierarchyLvlTypeId="15" Intrnl_Id="1424" Name="Building">
<Header>
<Loc EndOffset="55" SrcFileId="10" StartOffset="34"/>
</Header>
<LocList>
<Loc EndOffset="3261" SrcFileId="10" StartOffset="34"/>
</LocList>
<HierarchyLvl HierarchyLvlId="3744" HierarchyLvlTypeId="16" Intrnl_Id="1425" Name="Building">
<Header>
<Loc EndOffset="274" SrcFileId="10" StartOffset="246"/>
</Header>
<LocList>
<Loc EndOffset="3159" SrcFileId="10" StartOffset="246"/>
</LocList>
<StmntSeq Intrnl_Id="1426">
<LocList>
<Loc EndOffset="297" SrcFileId="10" StartOffset="280"/>
<Loc EndOffset="3153" SrcFileId="10" StartOffset="301"/>
</LocList>
<BasicStmnt CovItemId="S1" CovItemPrefix="csse376_puerto_rico.Building.java" Intrnl_Id="1427">
<LocList>
<Loc EndOffset="297" SrcFileId="10" StartOffset="280"/>
</LocList>
</BasicStmnt>
<CondStmnt CovItemId="S2" CovItemPrefix="csse376_puerto_rico.Building.java" Intrnl_Id="1428">
<Branch CovItemId="B1" CovItemPrefix="csse376_puerto_rico.Building.java" Implct="false" Intrnl_Id="1429">
<Cond>
<Loc EndOffset="345" SrcFileId="10" StartOffset="320"/>
</Cond>
<LocList>
<Loc EndOffset="434" SrcFileId="10" StartOffset="351"/>
</LocList>
<StmntSeq Intrnl_Id="1430">
<LocList>
<Loc EndOffset="360" SrcFileId="10" StartOffset="351"/>
<Loc EndOffset="376" SrcFileId="10" StartOffset="365"/>
<Loc EndOffset="398" SrcFileId="10" StartOffset="381"/>
<Loc EndOffset="423" SrcFileId="10" StartOffset="403"/>
<Loc EndOffset="434" SrcFileId="10" StartOffset="428"/>
</LocList>
<BasicStmnt CovItemId="S3" CovItemPrefix="csse376_puerto_rico.Building.java" Intrnl_Id="1431">
<LocList>
<Loc EndOffset="360" SrcFileId="10" StartOffset="351"/>
</LocList>
</BasicStmnt>
<BasicStmnt CovItemId="S4" CovItemPrefix="csse376_puerto_rico.Building.java" Intrnl_Id="1432">
<LocList>
<Loc EndOffset="376" SrcFileId="10" StartOffset="365"/>
</LocList>
</BasicStmnt>
<BasicStmnt CovItemId="S5" CovItemPrefix="csse376_puerto_rico.Building.java" Intrnl_Id="1433">
<LocList>
<Loc EndOffset="398" SrcFileId="10" StartOffset="381"/>
</LocList>
</BasicStmnt>
<BasicStmnt CovItemId="S6" CovItemPrefix="csse376_puerto_rico.Building.java" Intrnl_Id="1434">
<LocList>
<Loc EndOffset="423" SrcFileId="10" StartOffset="403"/>
</LocList>
</BasicStmnt>
<BasicStmnt CovItemId="S7" CovItemPrefix="csse376_puerto_rico.Building.java" Intrnl_Id="1435">
<LocList>
<Loc EndOffset="434" SrcFileId="10" StartOffset="428"/>
</LocList>
</BasicStmnt>
</StmntSeq>
</Branch>
<Branch CovItemId="B2" CovItemPrefix="csse376_puerto_rico.Building.java" Implct="false" Intrnl_Id="1436">
<Cond>
<Loc EndOffset="463" SrcFileId="10" StartOffset="440"/>
</Cond>
<LocList>
<Loc EndOffset="552" SrcFileId="10" StartOffset="469"/>
</LocList>
<StmntSeq Intrnl_Id="1437">
<LocList>
<Loc EndOffset="478" SrcFileId="10" StartOffset="469"/>
<Loc EndOffset="494" SrcFileId="10" StartOffset="483"/>
<Loc EndOffset="516" SrcFileId="10" StartOffset="499"/>
<Loc EndOffset="541" SrcFileId="10" StartOffset="521"/>
<Loc EndOffset="552" SrcFileId="10" StartOffset="546"/>
</LocList>
<BasicStmnt CovItemId="S8" CovItemPrefix="csse376_puerto_rico.Building.java" Intrnl_Id="1438">
<LocList>
<Loc EndOffset="478" SrcFileId="10" StartOffset="469"/>
</LocList>
</BasicStmnt>
<BasicStmnt CovItemId="S9" CovItemPrefix="csse376_puerto_rico.Building.java" Intrnl_Id="1439">
<LocList>
<Loc EndOffset="494" SrcFileId="10" StartOffset="483"/>
</LocList>
</BasicStmnt>
<BasicStmnt CovItemId="S10" CovItemPrefix="csse376_puerto_rico.Building.java" Intrnl_Id="1440">
<LocList>
<Loc EndOffset="516" SrcFileId="10" StartOffset="499"/>
</LocList>
</BasicStmnt>
<BasicStmnt CovItemId="S11" CovItemPrefix="csse376_puerto_rico.Building.java" Intrnl_Id="1441">
<LocList>
<Loc EndOffset="541" SrcFileId="10" StartOffset="521"/>
</LocList>
</BasicStmnt>
<BasicStmnt CovItemId="S12" CovItemPrefix="csse376_puerto_rico.Building.java" Intrnl_Id="1442">
<LocList>
<Loc EndOffset="552" SrcFileId="10" StartOffset="546"/>
</LocList>
</BasicStmnt>
</StmntSeq>
</Branch>
<Branch CovItemId="B3" CovItemPrefix="csse376_puerto_rico.Building.java" Implct="false" Intrnl_Id="1443">
<Cond>
<Loc EndOffset="577" SrcFileId="10" StartOffset="558"/>
</Cond>
<LocList>
<Loc EndOffset="713" SrcFileId="10" StartOffset="630"/>
</LocList>
<StmntSeq Intrnl_Id="1444">
<LocList>
<Loc EndOffset="639" SrcFileId="10" StartOffset="630"/>
<Loc EndOffset="655" SrcFileId="10" StartOffset="644"/>
<Loc EndOffset="677" SrcFileId="10" StartOffset="660"/>
<Loc EndOffset="702" SrcFileId="10" StartOffset="682"/>
<Loc EndOffset="713" SrcFileId="10" StartOffset="707"/>
</LocList>
<BasicStmnt CovItemId="S13" CovItemPrefix="csse376_puerto_rico.Building.java" Intrnl_Id="1445">
<LocList>
<Loc EndOffset="639" SrcFileId="10" StartOffset="630"/>
</LocList>
</BasicStmnt>
<BasicStmnt CovItemId="S14" CovItemPrefix="csse376_puerto_rico.Building.java" Intrnl_Id="1446">
<LocList>
<Loc EndOffset="655" SrcFileId="10" StartOffset="644"/>
</LocList>
</BasicStmnt>
<BasicStmnt CovItemId="S15" CovItemPrefix="csse376_puerto_rico.Building.java" Intrnl_Id="1447">
<LocList>
<Loc EndOffset="677" SrcFileId="10" StartOffset="660"/>
</LocList>
</BasicStmnt>
<BasicStmnt CovItemId="S16" CovItemPrefix="csse376_puerto_rico.Building.java" Intrnl_Id="1448">
<LocList>
<Loc EndOffset="702" SrcFileId="10" StartOffset="682"/>
</LocList>
</BasicStmnt>
<BasicStmnt CovItemId="S17" CovItemPrefix="csse376_puerto_rico.Building.java" Intrnl_Id="1449">
<LocList>
<Loc EndOffset="713" SrcFileId="10" StartOffset="707"/>
</LocList>
</BasicStmnt>
</StmntSeq>
</Branch>
<Branch CovItemId="B4" CovItemPrefix="csse376_puerto_rico.Building.java" Implct="false" Intrnl_Id="1450">
<Cond>
<Loc EndOffset="734" SrcFileId="10" StartOffset="719"/>
</Cond>
<LocList>
<Loc EndOffset="875" SrcFileId="10" StartOffset="792"/>
</LocList>
<StmntSeq Intrnl_Id="1451">
<LocList>
<Loc EndOffset="801" SrcFileId="10" StartOffset="792"/>
<Loc EndOffset="817" SrcFileId="10" StartOffset="806"/>
<Loc EndOffset="839" SrcFileId="10" StartOffset="822"/>
<Loc EndOffset="864" SrcFileId="10" StartOffset="844"/>
<Loc EndOffset="875" SrcFileId="10" StartOffset="869"/>
</LocList>
<BasicStmnt CovItemId="S18" CovItemPrefix="csse376_puerto_rico.Building.java" Intrnl_Id="1452">
<LocList>
<Loc EndOffset="801" SrcFileId="10" StartOffset="792"/>
</LocList>
</BasicStmnt>
<BasicStmnt CovItemId="S19" CovItemPrefix="csse376_puerto_rico.Building.java" Intrnl_Id="1453">
<LocList>
<Loc EndOffset="817" SrcFileId="10" StartOffset="806"/>
</LocList>
</BasicStmnt>
<BasicStmnt CovItemId="S20" CovItemPrefix="csse376_puerto_rico.Building.java" Intrnl_Id="1454">
<LocList>
<Loc EndOffset="839" SrcFileId="10" StartOffset="822"/>
</LocList>
</BasicStmnt>
<BasicStmnt CovItemId="S21" CovItemPrefix="csse376_puerto_rico.Building.java" Intrnl_Id="1455">
<LocList>
<Loc EndOffset="864" SrcFileId="10" StartOffset="844"/>
</LocList>
</BasicStmnt>
<BasicStmnt CovItemId="S22" CovItemPrefix="csse376_puerto_rico.Building.java" Intrnl_Id="1456">
<LocList>
<Loc EndOffset="875" SrcFileId="10" StartOffset="869"/>
</LocList>
</BasicStmnt>
</StmntSeq>
</Branch>
<Branch CovItemId="B5" CovItemPrefix="csse376_puerto_rico.Building.java" Implct="false" Intrnl_Id="1457">
<Cond>
<Loc EndOffset="904" SrcFileId="10" StartOffset="881"/>
</Cond>
<LocList>
<Loc EndOffset="1046" SrcFileId="10" StartOffset="963"/>
</LocList>
<StmntSeq Intrnl_Id="1458">
<LocList>
<Loc EndOffset="972" SrcFileId="10" StartOffset="963"/>
<Loc EndOffset="988" SrcFileId="10" StartOffset="977"/>
<Loc EndOffset="1010" SrcFileId="10" StartOffset="993"/>
<Loc EndOffset="1035" SrcFileId="10" StartOffset="1015"/>
<Loc EndOffset="1046" SrcFileId="10" StartOffset="1040"/>
</LocList>
<BasicStmnt CovItemId="S23" CovItemPrefix="csse376_puerto_rico.Building.java" Intrnl_Id="1459">
<LocList>
<Loc EndOffset="972" SrcFileId="10" StartOffset="963"/>
</LocList>
</BasicStmnt>
<BasicStmnt CovItemId="S24" CovItemPrefix="csse376_puerto_rico.Building.java" Intrnl_Id="1460">
<LocList>
<Loc EndOffset="988" SrcFileId="10" StartOffset="977"/>
</LocList>
</BasicStmnt>
<BasicStmnt CovItemId="S25" CovItemPrefix="csse376_puerto_rico.Building.java" Intrnl_Id="1461">
<LocList>
<Loc EndOffset="1010" SrcFileId="10" StartOffset="993"/>
</LocList>
</BasicStmnt>
<BasicStmnt CovItemId="S26" CovItemPrefix="csse376_puerto_rico.Building.java" Intrnl_Id="1462">
<LocList>
<Loc EndOffset="1035" SrcFileId="10" StartOffset="1015"/>
</LocList>
</BasicStmnt>
<BasicStmnt CovItemId="S27" CovItemPrefix="csse376_puerto_rico.Building.java" Intrnl_Id="1463">
<LocList>
<Loc EndOffset="1046" SrcFileId="10" StartOffset="1040"/>
</LocList>
</BasicStmnt>
</StmntSeq>
</Branch>
<Branch CovItemId="B6" CovItemPrefix="csse376_puerto_rico.Building.java" Implct="false" Intrnl_Id="1464">
<Cond>
<Loc EndOffset="1074" SrcFileId="10" StartOffset="1052"/>
</Cond>
<LocList>
<Loc EndOffset="1257" SrcFileId="10" StartOffset="1125"/>
</LocList>
<StmntSeq Intrnl_Id="1465">
<LocList>
<Loc EndOffset="1134" SrcFileId="10" StartOffset="1125"/>
<Loc EndOffset="1150" SrcFileId="10" StartOffset="1139"/>
<Loc EndOffset="1172" SrcFileId="10" StartOffset="1155"/>
<Loc EndOffset="1197" SrcFileId="10" StartOffset="1177"/>
<Loc EndOffset="1218" SrcFileId="10" StartOffset="1202"/>
<Loc EndOffset="1246" SrcFileId="10" StartOffset="1223"/>
<Loc EndOffset="1257" SrcFileId="10" StartOffset="1251"/>
</LocList>
<BasicStmnt CovItemId="S28" CovItemPrefix="csse376_puerto_rico.Building.java" Intrnl_Id="1466">
<LocList>
<Loc EndOffset="1134" SrcFileId="10" StartOffset="1125"/>
</LocList>
</BasicStmnt>
<BasicStmnt CovItemId="S29" CovItemPrefix="csse376_puerto_rico.Building.java" Intrnl_Id="1467">
<LocList>
<Loc EndOffset="1150" SrcFileId="10" StartOffset="1139"/>
</LocList>
</BasicStmnt>
<BasicStmnt CovItemId="S30" CovItemPrefix="csse376_puerto_rico.Building.java" Intrnl_Id="1468">
<LocList>
<Loc EndOffset="1172" SrcFileId="10" StartOffset="1155"/>
</LocList>
</BasicStmnt>
<BasicStmnt CovItemId="S31" CovItemPrefix="csse376_puerto_rico.Building.java" Intrnl_Id="1469">
<LocList>
<Loc EndOffset="1197" SrcFileId="10" StartOffset="1177"/>
</LocList>
</BasicStmnt>
<BasicStmnt CovItemId="S32" CovItemPrefix="csse376_puerto_rico.Building.java" Intrnl_Id="1470">
<LocList>
<Loc EndOffset="1218" SrcFileId="10" StartOffset="1202"/>
</LocList>
</BasicStmnt>
<BasicStmnt CovItemId="S33" CovItemPrefix="csse376_puerto_rico.Building.java" Intrnl_Id="1471">
<LocList>
<Loc EndOffset="1246" SrcFileId="10" StartOffset="1223"/>
</LocList>
</BasicStmnt>
<BasicStmnt CovItemId="S34" CovItemPrefix="csse376_puerto_rico.Building.java" Intrnl_Id="1472">
<LocList>
<Loc EndOffset="1257" SrcFileId="10" StartOffset="1251"/>
</LocList>
</BasicStmnt>
</StmntSeq>
</Branch>
<Branch CovItemId="B7" CovItemPrefix="csse376_puerto_rico.Building.java" Implct="false" Intrnl_Id="1473">
<Cond>
<Loc EndOffset="1282" SrcFileId="10" StartOffset="1263"/>
</Cond>
<LocList>
<Loc EndOffset="1371" SrcFileId="10" StartOffset="1288"/>
</LocList>
<StmntSeq Intrnl_Id="1474">
<LocList>
<Loc EndOffset="1297" SrcFileId="10" StartOffset="1288"/>
<Loc EndOffset="1313" SrcFileId="10" StartOffset="1302"/>
<Loc EndOffset="1335" SrcFileId="10" StartOffset="1318"/>
<Loc EndOffset="1360" SrcFileId="10" StartOffset="1340"/>
<Loc EndOffset="1371" SrcFileId="10" StartOffset="1365"/>
</LocList>
<BasicStmnt CovItemId="S35" CovItemPrefix="csse376_puerto_rico.Building.java" Intrnl_Id="1475">
<LocList>
<Loc EndOffset="1297" SrcFileId="10" StartOffset="1288"/>
</LocList>
</BasicStmnt>
<BasicStmnt CovItemId="S36" CovItemPrefix="csse376_puerto_rico.Building.java" Intrnl_Id="1476">
<LocList>
<Loc EndOffset="1313" SrcFileId="10" StartOffset="1302"/>
</LocList>
</BasicStmnt>
<BasicStmnt CovItemId="S37" CovItemPrefix="csse376_puerto_rico.Building.java" Intrnl_Id="1477">
<LocList>
<Loc EndOffset="1335" SrcFileId="10" StartOffset="1318"/>
</LocList>
</BasicStmnt>
<BasicStmnt CovItemId="S38" CovItemPrefix="csse376_puerto_rico.Building.java" Intrnl_Id="1478">
<LocList>
<Loc EndOffset="1360" SrcFileId="10" StartOffset="1340"/>
</LocList>
</BasicStmnt>
<BasicStmnt CovItemId="S39" CovItemPrefix="csse376_puerto_rico.Building.java" Intrnl_Id="1479">
<LocList>
<Loc EndOffset="1371" SrcFileId="10" StartOffset="1365"/>
</LocList>
</BasicStmnt>
</StmntSeq>
</Branch>
<Branch CovItemId="B8" CovItemPrefix="csse376_puerto_rico.Building.java" Implct="false" Intrnl_Id="1480">
<Cond>
<Loc EndOffset="1394" SrcFileId="10" StartOffset="1377"/>
</Cond>
<LocList>
<Loc EndOffset="1483" SrcFileId="10" StartOffset="1400"/>
</LocList>
<StmntSeq Intrnl_Id="1481">
<LocList>
<Loc EndOffset="1409" SrcFileId="10" StartOffset="1400"/>
<Loc EndOffset="1425" SrcFileId="10" StartOffset="1414"/>
<Loc EndOffset="1447" SrcFileId="10" StartOffset="1430"/>
<Loc EndOffset="1472" SrcFileId="10" StartOffset="1452"/>
<Loc EndOffset="1483" SrcFileId="10" StartOffset="1477"/>
</LocList>
<BasicStmnt CovItemId="S40" CovItemPrefix="csse376_puerto_rico.Building.java" Intrnl_Id="1482">
<LocList>
<Loc EndOffset="1409" SrcFileId="10" StartOffset="1400"/>
</LocList>
</BasicStmnt>
<BasicStmnt CovItemId="S41" CovItemPrefix="csse376_puerto_rico.Building.java" Intrnl_Id="1483">
<LocList>
<Loc EndOffset="1425" SrcFileId="10" StartOffset="1414"/>
</LocList>
</BasicStmnt>
<BasicStmnt CovItemId="S42" CovItemPrefix="csse376_puerto_rico.Building.java" Intrnl_Id="1484">
<LocList>
<Loc EndOffset="1447" SrcFileId="10" StartOffset="1430"/>
</LocList>
</BasicStmnt>
<BasicStmnt CovItemId="S43" CovItemPrefix="csse376_puerto_rico.Building.java" Intrnl_Id="1485">
<LocList>
<Loc EndOffset="1472" SrcFileId="10" StartOffset="1452"/>
</LocList>
</BasicStmnt>
<BasicStmnt CovItemId="S44" CovItemPrefix="csse376_puerto_rico.Building.java" Intrnl_Id="1486">
<LocList>
<Loc EndOffset="1483" SrcFileId="10" StartOffset="1477"/>
</LocList>
</BasicStmnt>
</StmntSeq>
</Branch>
<Branch CovItemId="B9" CovItemPrefix="csse376_puerto_rico.Building.java" Implct="false" Intrnl_Id="1487">
<Cond>
<Loc EndOffset="1503" SrcFileId="10" StartOffset="1489"/>
</Cond>
<LocList>
<Loc EndOffset="1643" SrcFileId="10" StartOffset="1560"/>
</LocList>
<StmntSeq Intrnl_Id="1488">
<LocList>
<Loc EndOffset="1569" SrcFileId="10" StartOffset="1560"/>
<Loc EndOffset="1585" SrcFileId="10" StartOffset="1574"/>
<Loc EndOffset="1607" SrcFileId="10" StartOffset="1590"/>
<Loc EndOffset="1632" SrcFileId="10" StartOffset="1612"/>
<Loc EndOffset="1643" SrcFileId="10" StartOffset="1637"/>
</LocList>
<BasicStmnt CovItemId="S45" CovItemPrefix="csse376_puerto_rico.Building.java" Intrnl_Id="1489">
<LocList>
<Loc EndOffset="1569" SrcFileId="10" StartOffset="1560"/>
</LocList>
</BasicStmnt>
<BasicStmnt CovItemId="S46" CovItemPrefix="csse376_puerto_rico.Building.java" Intrnl_Id="1490">
<LocList>
<Loc EndOffset="1585" SrcFileId="10" StartOffset="1574"/>
</LocList>
</BasicStmnt>
<BasicStmnt CovItemId="S47" CovItemPrefix="csse376_puerto_rico.Building.java" Intrnl_Id="1491">
<LocList>
<Loc EndOffset="1607" SrcFileId="10" StartOffset="1590"/>
</LocList>
</BasicStmnt>
<BasicStmnt CovItemId="S48" CovItemPrefix="csse376_puerto_rico.Building.java" Intrnl_Id="1492">
<LocList>
<Loc EndOffset="1632" SrcFileId="10" StartOffset="1612"/>
</LocList>
</BasicStmnt>
<BasicStmnt CovItemId="S49" CovItemPrefix="csse376_puerto_rico.Building.java" Intrnl_Id="1493">
<LocList>
<Loc EndOffset="1643" SrcFileId="10" StartOffset="1637"/>
</LocList>
</BasicStmnt>
</StmntSeq>
</Branch>
<Branch CovItemId="B10" CovItemPrefix="csse376_puerto_rico.Building.java" Implct="false" Intrnl_Id="1494">
<Cond>
<Loc EndOffset="1662" SrcFileId="10" StartOffset="1649"/>
</Cond>
<LocList>
<Loc EndOffset="1798" SrcFileId="10" StartOffset="1715"/>
</LocList>
<StmntSeq Intrnl_Id="1495">
<LocList>
<Loc EndOffset="1724" SrcFileId="10" StartOffset="1715"/>
<Loc EndOffset="1740" SrcFileId="10" StartOffset="1729"/>
<Loc EndOffset="1762" SrcFileId="10" StartOffset="1745"/>
<Loc EndOffset="1787" SrcFileId="10" StartOffset="1767"/>
<Loc EndOffset="1798" SrcFileId="10" StartOffset="1792"/>
</LocList>
<BasicStmnt CovItemId="S50" CovItemPrefix="csse376_puerto_rico.Building.java" Intrnl_Id="1496">
<LocList>
<Loc EndOffset="1724" SrcFileId="10" StartOffset="1715"/>
</LocList>
</BasicStmnt>
<BasicStmnt CovItemId="S51" CovItemPrefix="csse376_puerto_rico.Building.java" Intrnl_Id="1497">
<LocList>
<Loc EndOffset="1740" SrcFileId="10" StartOffset="1729"/>
</LocList>
</BasicStmnt>
<BasicStmnt CovItemId="S52" CovItemPrefix="csse376_puerto_rico.Building.java" Intrnl_Id="1498">
<LocList>
<Loc EndOffset="1762" SrcFileId="10" StartOffset="1745"/>
</LocList>
</BasicStmnt>
<BasicStmnt CovItemId="S53" CovItemPrefix="csse376_puerto_rico.Building.java" Intrnl_Id="1499">
<LocList>
<Loc EndOffset="1787" SrcFileId="10" StartOffset="1767"/>
</LocList>
</BasicStmnt>
<BasicStmnt CovItemId="S54" CovItemPrefix="csse376_puerto_rico.Building.java" Intrnl_Id="1500">
<LocList>
<Loc EndOffset="1798" SrcFileId="10" StartOffset="1792"/>
</LocList>
</BasicStmnt>
</StmntSeq>
</Branch>
<Branch CovItemId="B11" CovItemPrefix="csse376_puerto_rico.Building.java" Implct="false" Intrnl_Id="1501">
<Cond>
<Loc EndOffset="1823" SrcFileId="10" StartOffset="1804"/>
</Cond>
<LocList>
<Loc EndOffset="1962" SrcFileId="10" StartOffset="1879"/>
</LocList>
<StmntSeq Intrnl_Id="1502">
<LocList>
<Loc EndOffset="1888" SrcFileId="10" StartOffset="1879"/>
<Loc EndOffset="1904" SrcFileId="10" StartOffset="1893"/>
<Loc EndOffset="1926" SrcFileId="10" StartOffset="1909"/>
<Loc EndOffset="1951" SrcFileId="10" StartOffset="1931"/>
<Loc EndOffset="1962" SrcFileId="10" StartOffset="1956"/>
</LocList>
<BasicStmnt CovItemId="S55" CovItemPrefix="csse376_puerto_rico.Building.java" Intrnl_Id="1503">
<LocList>
<Loc EndOffset="1888" SrcFileId="10" StartOffset="1879"/>
</LocList>
</BasicStmnt>
<BasicStmnt CovItemId="S56" CovItemPrefix="csse376_puerto_rico.Building.java" Intrnl_Id="1504">
<LocList>
<Loc EndOffset="1904" SrcFileId="10" StartOffset="1893"/>
</LocList>
</BasicStmnt>
<BasicStmnt CovItemId="S57" CovItemPrefix="csse376_puerto_rico.Building.java" Intrnl_Id="1505">
<LocList>
<Loc EndOffset="1926" SrcFileId="10" StartOffset="1909"/>
</LocList>
</BasicStmnt>
<BasicStmnt CovItemId="S58" CovItemPrefix="csse376_puerto_rico.Building.java" Intrnl_Id="1506">
<LocList>
<Loc EndOffset="1951" SrcFileId="10" StartOffset="1931"/>
</LocList>
</BasicStmnt>
<BasicStmnt CovItemId="S59" CovItemPrefix="csse376_puerto_rico.Building.java" Intrnl_Id="1507">
<LocList>
<Loc EndOffset="1962" SrcFileId="10" StartOffset="1956"/>
</LocList>
</BasicStmnt>
</StmntSeq>
</Branch>
<Branch CovItemId="B12" CovItemPrefix="csse376_puerto_rico.Building.java" Implct="false" Intrnl_Id="1508">
<Cond>
<Loc EndOffset="1990" SrcFileId="10" StartOffset="1968"/>
</Cond>
<LocList>
<Loc EndOffset="2176" SrcFileId="10" StartOffset="2044"/>
</LocList>
<StmntSeq Intrnl_Id="1509">
<LocList>
<Loc EndOffset="2053" SrcFileId="10" StartOffset="2044"/>
<Loc EndOffset="2069" SrcFileId="10" StartOffset="2058"/>
<Loc EndOffset="2091" SrcFileId="10" StartOffset="2074"/>
<Loc EndOffset="2116" SrcFileId="10" StartOffset="2096"/>
<Loc EndOffset="2137" SrcFileId="10" StartOffset="2121"/>
<Loc EndOffset="2165" SrcFileId="10" StartOffset="2142"/>
<Loc EndOffset="2176" SrcFileId="10" StartOffset="2170"/>
</LocList>
<BasicStmnt CovItemId="S60" CovItemPrefix="csse376_puerto_rico.Building.java" Intrnl_Id="1510">
<LocList>
<Loc EndOffset="2053" SrcFileId="10" StartOffset="2044"/>
</LocList>
</BasicStmnt>
<BasicStmnt CovItemId="S61" CovItemPrefix="csse376_puerto_rico.Building.java" Intrnl_Id="1511">
<LocList>
<Loc EndOffset="2069" SrcFileId="10" StartOffset="2058"/>
</LocList>
</BasicStmnt>
<BasicStmnt CovItemId="S62" CovItemPrefix="csse376_puerto_rico.Building.java" Intrnl_Id="1512">
<LocList>
<Loc EndOffset="2091" SrcFileId="10" StartOffset="2074"/>
</LocList>
</BasicStmnt>
<BasicStmnt CovItemId="S63" CovItemPrefix="csse376_puerto_rico.Building.java" Intrnl_Id="1513">
<LocList>
<Loc EndOffset="2116" SrcFileId="10" StartOffset="2096"/>
</LocList>
</BasicStmnt>
<BasicStmnt CovItemId="S64" CovItemPrefix="csse376_puerto_rico.Building.java" Intrnl_Id="1514">
<LocList>
<Loc EndOffset="2137" SrcFileId="10" StartOffset="2121"/>
</LocList>
</BasicStmnt>
<BasicStmnt CovItemId="S65" CovItemPrefix="csse376_puerto_rico.Building.java" Intrnl_Id="1515">
<LocList>
<Loc EndOffset="2165" SrcFileId="10" StartOffset="2142"/>
</LocList>
</BasicStmnt>
<BasicStmnt CovItemId="S66" CovItemPrefix="csse376_puerto_rico.Building.java" Intrnl_Id="1516">
<LocList>
<Loc EndOffset="2176" SrcFileId="10" StartOffset="2170"/>
</LocList>
</BasicStmnt>
</StmntSeq>
</Branch>
<Branch CovItemId="B13" CovItemPrefix="csse376_puerto_rico.Building.java" Implct="false" Intrnl_Id="1517">
<Cond>
<Loc EndOffset="2204" SrcFileId="10" StartOffset="2182"/>
</Cond>
<LocList>
<Loc EndOffset="2293" SrcFileId="10" StartOffset="2210"/>
</LocList>
<StmntSeq Intrnl_Id="1518">
<LocList>
<Loc EndOffset="2219" SrcFileId="10" StartOffset="2210"/>
<Loc EndOffset="2235" SrcFileId="10" StartOffset="2224"/>
<Loc EndOffset="2257" SrcFileId="10" StartOffset="2240"/>
<Loc EndOffset="2282" SrcFileId="10" StartOffset="2262"/>
<Loc EndOffset="2293" SrcFileId="10" StartOffset="2287"/>
</LocList>
<BasicStmnt CovItemId="S67" CovItemPrefix="csse376_puerto_rico.Building.java" Intrnl_Id="1519">
<LocList>
<Loc EndOffset="2219" SrcFileId="10" StartOffset="2210"/>
</LocList>
</BasicStmnt>
<BasicStmnt CovItemId="S68" CovItemPrefix="csse376_puerto_rico.Building.java" Intrnl_Id="1520">
<LocList>
<Loc EndOffset="2235" SrcFileId="10" StartOffset="2224"/>
</LocList>
</BasicStmnt>
<BasicStmnt CovItemId="S69" CovItemPrefix="csse376_puerto_rico.Building.java" Intrnl_Id="1521">
<LocList>
<Loc EndOffset="2257" SrcFileId="10" StartOffset="2240"/>
</LocList>
</BasicStmnt>
<BasicStmnt CovItemId="S70" CovItemPrefix="csse376_puerto_rico.Building.java" Intrnl_Id="1522">
<LocList>
<Loc EndOffset="2282" SrcFileId="10" StartOffset="2262"/>
</LocList>
</BasicStmnt>
<BasicStmnt CovItemId="S71" CovItemPrefix="csse376_puerto_rico.Building.java" Intrnl_Id="1523">
<LocList>
<Loc EndOffset="2293" SrcFileId="10" StartOffset="2287"/>
</LocList>
</BasicStmnt>
</StmntSeq>
</Branch>
<Branch CovItemId="B14" CovItemPrefix="csse376_puerto_rico.Building.java" Implct="false" Intrnl_Id="1524">
<Cond>
<Loc EndOffset="2320" SrcFileId="10" StartOffset="2299"/>
</Cond>
<LocList>
<Loc EndOffset="2409" SrcFileId="10" StartOffset="2326"/>
</LocList>
<StmntSeq Intrnl_Id="1525">
<LocList>
<Loc EndOffset="2335" SrcFileId="10" StartOffset="2326"/>
<Loc EndOffset="2351" SrcFileId="10" StartOffset="2340"/>
<Loc EndOffset="2373" SrcFileId="10" StartOffset="2356"/>
<Loc EndOffset="2398" SrcFileId="10" StartOffset="2378"/>
<Loc EndOffset="2409" SrcFileId="10" StartOffset="2403"/>
</LocList>
<BasicStmnt CovItemId="S72" CovItemPrefix="csse376_puerto_rico.Building.java" Intrnl_Id="1526">
<LocList>
<Loc EndOffset="2335" SrcFileId="10" StartOffset="2326"/>
</LocList>
</BasicStmnt>
<BasicStmnt CovItemId="S73" CovItemPrefix="csse376_puerto_rico.Building.java" Intrnl_Id="1527">
<LocList>
<Loc EndOffset="2351" SrcFileId="10" StartOffset="2340"/>
</LocList>
</BasicStmnt>
<BasicStmnt CovItemId="S74" CovItemPrefix="csse376_puerto_rico.Building.java" Intrnl_Id="1528">
<LocList>
<Loc EndOffset="2373" SrcFileId="10" StartOffset="2356"/>
</LocList>
</BasicStmnt>
<BasicStmnt CovItemId="S75" CovItemPrefix="csse376_puerto_rico.Building.java" Intrnl_Id="1529">
<LocList>
<Loc EndOffset="2398" SrcFileId="10" StartOffset="2378"/>
</LocList>
</BasicStmnt>
<BasicStmnt CovItemId="S76" CovItemPrefix="csse376_puerto_rico.Building.java" Intrnl_Id="1530">
<LocList>
<Loc EndOffset="2409" SrcFileId="10" StartOffset="2403"/>
</LocList>
</BasicStmnt>
</StmntSeq>
</Branch>
<Branch CovItemId="B15" CovItemPrefix="csse376_puerto_rico.Building.java" Implct="false" Intrnl_Id="1531">
<Cond>
<Loc EndOffset="2429" SrcFileId="10" StartOffset="2415"/>
</Cond>
<LocList>
<Loc EndOffset="2585" SrcFileId="10" StartOffset="2502"/>
</LocList>
<StmntSeq Intrnl_Id="1532">
<LocList>
<Loc EndOffset="2511" SrcFileId="10" StartOffset="2502"/>
<Loc EndOffset="2527" SrcFileId="10" StartOffset="2516"/>
<Loc EndOffset="2549" SrcFileId="10" StartOffset="2532"/>
<Loc EndOffset="2574" SrcFileId="10" StartOffset="2554"/>
<Loc EndOffset="2585" SrcFileId="10" StartOffset="2579"/>
</LocList>
<BasicStmnt CovItemId="S77" CovItemPrefix="csse376_puerto_rico.Building.java" Intrnl_Id="1533">
<LocList>
<Loc EndOffset="2511" SrcFileId="10" StartOffset="2502"/>
</LocList>
</BasicStmnt>
<BasicStmnt CovItemId="S78" CovItemPrefix="csse376_puerto_rico.Building.java" Intrnl_Id="1534">
<LocList>
<Loc EndOffset="2527" SrcFileId="10" StartOffset="2516"/>
</LocList>
</BasicStmnt>
<BasicStmnt CovItemId="S79" CovItemPrefix="csse376_puerto_rico.Building.java" Intrnl_Id="1535">
<LocList>
<Loc EndOffset="2549" SrcFileId="10" StartOffset="2532"/>
</LocList>
</BasicStmnt>
<BasicStmnt CovItemId="S80" CovItemPrefix="csse376_puerto_rico.Building.java" Intrnl_Id="1536">
<LocList>
<Loc EndOffset="2574" SrcFileId="10" StartOffset="2554"/>
</LocList>
</BasicStmnt>
<BasicStmnt CovItemId="S81" CovItemPrefix="csse376_puerto_rico.Building.java" Intrnl_Id="1537">
<LocList>
<Loc EndOffset="2585" SrcFileId="10" StartOffset="2579"/>
</LocList>
</BasicStmnt>
</StmntSeq>
</Branch>
<Branch CovItemId="B16" CovItemPrefix="csse376_puerto_rico.Building.java" Implct="false" Intrnl_Id="1538">
<Cond>
<Loc EndOffset="2608" SrcFileId="10" StartOffset="2591"/>
</Cond>
<LocList>
<Loc EndOffset="2748" SrcFileId="10" StartOffset="2665"/>
</LocList>
<StmntSeq Intrnl_Id="1539">
<LocList>
<Loc EndOffset="2674" SrcFileId="10" StartOffset="2665"/>
<Loc EndOffset="2690" SrcFileId="10" StartOffset="2679"/>
<Loc EndOffset="2712" SrcFileId="10" StartOffset="2695"/>
<Loc EndOffset="2737" SrcFileId="10" StartOffset="2717"/>
<Loc EndOffset="2748" SrcFileId="10" StartOffset="2742"/>
</LocList>
<BasicStmnt CovItemId="S82" CovItemPrefix="csse376_puerto_rico.Building.java" Intrnl_Id="1540">
<LocList>
<Loc EndOffset="2674" SrcFileId="10" StartOffset="2665"/>
</LocList>
</BasicStmnt>
<BasicStmnt CovItemId="S83" CovItemPrefix="csse376_puerto_rico.Building.java" Intrnl_Id="1541">
<LocList>
<Loc EndOffset="2690" SrcFileId="10" StartOffset="2679"/>
</LocList>
</BasicStmnt>
<BasicStmnt CovItemId="S84" CovItemPrefix="csse376_puerto_rico.Building.java" Intrnl_Id="1542">
<LocList>
<Loc EndOffset="2712" SrcFileId="10" StartOffset="2695"/>
</LocList>
</BasicStmnt>
<BasicStmnt CovItemId="S85" CovItemPrefix="csse376_puerto_rico.Building.java" Intrnl_Id="1543">
<LocList>
<Loc EndOffset="2737" SrcFileId="10" StartOffset="2717"/>
</LocList>
</BasicStmnt>
<BasicStmnt CovItemId="S86" CovItemPrefix="csse376_puerto_rico.Building.java" Intrnl_Id="1544">
<LocList>
<Loc EndOffset="2748" SrcFileId="10" StartOffset="2742"/>
</LocList>
</BasicStmnt>
</StmntSeq>
</Branch>
<Branch CovItemId="B17" CovItemPrefix="csse376_puerto_rico.Building.java" Implct="false" Intrnl_Id="1545">
<Cond>
<Loc EndOffset="2767" SrcFileId="10" StartOffset="2754"/>
</Cond>
<LocList>
<Loc EndOffset="2912" SrcFileId="10" StartOffset="2829"/>
</LocList>
<StmntSeq Intrnl_Id="1546">
<LocList>
<Loc EndOffset="2838" SrcFileId="10" StartOffset="2829"/>
<Loc EndOffset="2854" SrcFileId="10" StartOffset="2843"/>
<Loc EndOffset="2876" SrcFileId="10" StartOffset="2859"/>
<Loc EndOffset="2901" SrcFileId="10" StartOffset="2881"/>
<Loc EndOffset="2912" SrcFileId="10" StartOffset="2906"/>
</LocList>
<BasicStmnt CovItemId="S87" CovItemPrefix="csse376_puerto_rico.Building.java" Intrnl_Id="1547">
<LocList>
<Loc EndOffset="2838" SrcFileId="10" StartOffset="2829"/>
</LocList>
</BasicStmnt>
<BasicStmnt CovItemId="S88" CovItemPrefix="csse376_puerto_rico.Building.java" Intrnl_Id="1548">
<LocList>
<Loc EndOffset="2854" SrcFileId="10" StartOffset="2843"/>
</LocList>
</BasicStmnt>
<BasicStmnt CovItemId="S89" CovItemPrefix="csse376_puerto_rico.Building.java" Intrnl_Id="1549">
<LocList>
<Loc EndOffset="2876" SrcFileId="10" StartOffset="2859"/>
</LocList>
</BasicStmnt>
<BasicStmnt CovItemId="S90" CovItemPrefix="csse376_puerto_rico.Building.java" Intrnl_Id="1550">
<LocList>
<Loc EndOffset="2901" SrcFileId="10" StartOffset="2881"/>
</LocList>
</BasicStmnt>
<BasicStmnt CovItemId="S91" CovItemPrefix="csse376_puerto_rico.Building.java" Intrnl_Id="1551">
<LocList>
<Loc EndOffset="2912" SrcFileId="10" StartOffset="2906"/>
</LocList>
</BasicStmnt>
</StmntSeq>
</Branch>
<Branch CovItemId="B18" CovItemPrefix="csse376_puerto_rico.Building.java" Implct="false" Intrnl_Id="1552">
<Cond>
<Loc EndOffset="2930" SrcFileId="10" StartOffset="2918"/>
</Cond>
<LocList>
<Loc EndOffset="3057" SrcFileId="10" StartOffset="2974"/>
</LocList>
<StmntSeq Intrnl_Id="1553">
<LocList>
<Loc EndOffset="2983" SrcFileId="10" StartOffset="2974"/>
<Loc EndOffset="2999" SrcFileId="10" StartOffset="2988"/>
<Loc EndOffset="3021" SrcFileId="10" StartOffset="3004"/>
<Loc EndOffset="3046" SrcFileId="10" StartOffset="3026"/>
<Loc EndOffset="3057" SrcFileId="10" StartOffset="3051"/>
</LocList>
<BasicStmnt CovItemId="S92" CovItemPrefix="csse376_puerto_rico.Building.java" Intrnl_Id="1554">
<LocList>
<Loc EndOffset="2983" SrcFileId="10" StartOffset="2974"/>
</LocList>
</BasicStmnt>
<BasicStmnt CovItemId="S93" CovItemPrefix="csse376_puerto_rico.Building.java" Intrnl_Id="1555">
<LocList>
<Loc EndOffset="2999" SrcFileId="10" StartOffset="2988"/>
</LocList>
</BasicStmnt>
<BasicStmnt CovItemId="S94" CovItemPrefix="csse376_puerto_rico.Building.java" Intrnl_Id="1556">
<LocList>
<Loc EndOffset="3021" SrcFileId="10" StartOffset="3004"/>
</LocList>
</BasicStmnt>
<BasicStmnt CovItemId="S95" CovItemPrefix="csse376_puerto_rico.Building.java" Intrnl_Id="1557">
<LocList>
<Loc EndOffset="3046" SrcFileId="10" StartOffset="3026"/>
</LocList>
</BasicStmnt>
<BasicStmnt CovItemId="S96" CovItemPrefix="csse376_puerto_rico.Building.java" Intrnl_Id="1558">
<LocList>
<Loc EndOffset="3057" SrcFileId="10" StartOffset="3051"/>
</LocList>
</BasicStmnt>
</StmntSeq>
</Branch>
<Branch CovItemId="B19" CovItemPrefix="csse376_puerto_rico.Building.java" Implct="false" Intrnl_Id="1559">
<Cond>
<Loc EndOffset="3070" SrcFileId="10" StartOffset="3063"/>
</Cond>
<LocList>
<Loc EndOffset="3148" SrcFileId="10" StartOffset="3076"/>
</LocList>
<StmntSeq Intrnl_Id="1560">
<LocList>
<Loc EndOffset="3085" SrcFileId="10" StartOffset="3076"/>
<Loc EndOffset="3101" SrcFileId="10" StartOffset="3090"/>
<Loc EndOffset="3123" SrcFileId="10" StartOffset="3106"/>
<Loc EndOffset="3148" SrcFileId="10" StartOffset="3128"/>
</LocList>
<BasicStmnt CovItemId="S97" CovItemPrefix="csse376_puerto_rico.Building.java" Intrnl_Id="1561">
<LocList>
<Loc EndOffset="3085" SrcFileId="10" StartOffset="3076"/>
</LocList>
</BasicStmnt>
<BasicStmnt CovItemId="S98" CovItemPrefix="csse376_puerto_rico.Building.java" Intrnl_Id="1562">
<LocList>
<Loc EndOffset="3101" SrcFileId="10" StartOffset="3090"/>
</LocList>
</BasicStmnt>
<BasicStmnt CovItemId="S99" CovItemPrefix="csse376_puerto_rico.Building.java" Intrnl_Id="1563">
<LocList>
<Loc EndOffset="3123" SrcFileId="10" StartOffset="3106"/>
</LocList>
</BasicStmnt>
<BasicStmnt CovItemId="S100" CovItemPrefix="csse376_puerto_rico.Building.java" Intrnl_Id="1564">
<LocList>
<Loc EndOffset="3148" SrcFileId="10" StartOffset="3128"/>
</LocList>
</BasicStmnt>
</StmntSeq>
</Branch>
<Keyword EndOffset="307" SrcFileId="10" StartOffset="301"/>
<LocList>
<Loc EndOffset="3153" SrcFileId="10" StartOffset="301"/>
</LocList>
</CondStmnt>
</StmntSeq>
</HierarchyLvl>
<HierarchyLvl HierarchyLvlId="3745" HierarchyLvlTypeId="16" Intrnl_Id="1565" Name="isOccupied">
<Header>
<Loc EndOffset="3191" SrcFileId="10" StartOffset="3164"/>
</Header>
<LocList>
<Loc EndOffset="3258" SrcFileId="10" StartOffset="3164"/>
</LocList>
<StmntSeq Intrnl_Id="1566">
<LocList>
<Loc EndOffset="3254" SrcFileId="10" StartOffset="3197"/>
</LocList>
<BasicStmnt CovItemId="S101" CovItemPrefix="csse376_puerto_rico.Building.java" Intrnl_Id="1567">
<LocList>
<Loc EndOffset="3254" SrcFileId="10" StartOffset="3197"/>
</LocList>
</BasicStmnt>
</StmntSeq>
</HierarchyLvl>
</HierarchyLvl>
</HierarchyLvl>
</HierarchyLvl>
</MASTRoot>
</TestSessionContainer>
