<?xml version="1.0" encoding="UTF-8"?><TestSessionContainer xmlns="http://www.codecover.org/xml/testsession-container" Date="1432248697910" TestSessionContainerId="2a1adb07-c8a2-4171-b327-0112ec243d42" version="1.0">
<SrcFileList>
<SrcFile Content="package csse376_puerto_rico;&#10;&#10;import java.awt.Color;&#10;&#10;import javax.swing.ButtonGroup;&#10;import javax.swing.JButton;&#10;import javax.swing.JFrame;&#10;import javax.swing.JPanel;&#10;import javax.swing.JRadioButton;&#10;&#10;public class StartUpGameBoardGUI {&#10;&#10;&#9;private JFrame mainframe;&#10;&#10;&#9;public StartUpGameBoardGUI(JFrame frame) {&#10;&#9;&#9;this.mainframe = frame;&#10;&#9;&#9;this.mainframe.getContentPane().removeAll();&#10;&#9;&#9;this.mainframe.getContentPane().revalidate();&#10;&#9;&#9;this.mainframe.setBackground(Color.BLACK);&#10;&#9;&#9;this.mainframe.setTitle(&quot;Choose Players&quot;);&#10;&#10;&#9;&#9;JPanel mainPanel = new JPanel();&#10;&#9;&#9;&#10;&#9;&#9;ButtonGroup group = new ButtonGroup();&#10;&#9;&#9;JRadioButton rb3 = new JRadioButton(&quot;3&quot;, true);&#10;&#9;&#9;JRadioButton rb4 = new JRadioButton(&quot;4&quot;, false);&#10;&#9;&#9;JRadioButton rb5 = new JRadioButton(&quot;5&quot;, false);&#10;&#9;&#9;group.add(rb3);&#10;&#9;&#9;group.add(rb4);&#10;&#9;&#9;group.add(rb5);&#10;&#9;&#9;&#10;&#9;&#9;JButton startButton = new JButton(&quot;Start&quot;);&#10;&#9;&#9;startButton.addActionListener(new ButtonHandler(this.mainframe, group));&#10;&#9;&#9;&#10;&#9;&#9;mainPanel.add(rb3);&#10;&#9;&#9;mainPanel.add(rb4);&#10;&#9;&#9;mainPanel.add(rb5);&#10;&#9;&#9;mainPanel.add(startButton);&#10;&#9;&#9;&#10;&#9;&#9;this.mainframe.add(mainPanel);&#10;&#9;}&#10;&#10;}&#10;" Filename="StartUpGameBoardGUI.java" Intrnl_Id="1"/>
<SrcFile Content="package csse376_puerto_rico;&#13;&#10;&#13;&#10;import java.util.ArrayList;&#13;&#10;import java.util.List;&#13;&#10;&#13;&#10;/**&#13;&#10; * List of roles&#13;&#10; *&#13;&#10; * @author songm. Created Apr 22, 2015.&#13;&#10; */&#13;&#10;public class PlayerRoles {&#13;&#10;&#9;public static final String Settler = &quot;Settler&quot;;&#13;&#10;&#9;public static final String Builder = &quot;Builder&quot;;&#13;&#10;&#9;public static final String Craftsman = &quot;Craftsman&quot;;&#13;&#10;&#9;public static final String Trader = &quot;Trader&quot;;&#13;&#10;&#9;public static final String Captain = &quot;Captain&quot;;&#13;&#10;&#9;public static final String Prospector = &quot;Prospector&quot;;&#13;&#10;&#9;public static final String Mayor = &quot;Mayor&quot;;&#13;&#10;&#13;&#10;&#9;private PlayerRoles() {&#13;&#10;&#9;&#9;// null constructor&#13;&#10;&#9;}&#13;&#10;&#13;&#10;&#9;public static List&lt;String&gt; getValues() {&#13;&#10;&#9;&#9;List&lt;String&gt; rtn = new ArrayList&lt;String&gt;();&#13;&#10;&#13;&#10;&#9;&#9;rtn.add(Settler);&#13;&#10;&#9;&#9;rtn.add(Builder);&#13;&#10;&#9;&#9;rtn.add(Craftsman);&#13;&#10;&#9;&#9;rtn.add(Trader);&#13;&#10;&#9;&#9;rtn.add(Captain);&#13;&#10;&#9;&#9;rtn.add(Prospector);&#13;&#10;&#9;&#9;rtn.add(Mayor);&#13;&#10;&#13;&#10;&#9;&#9;return rtn;&#13;&#10;&#9;}&#13;&#10;}&#13;&#10;" Filename="PlayerRoles.java" Intrnl_Id="2"/>
<SrcFile Content="package csse376_puerto_rico;&#13;&#10;&#13;&#10;import java.util.ArrayList;&#13;&#10;import java.util.Arrays;&#13;&#10;import java.util.HashMap;&#13;&#10;import java.util.List;&#13;&#10;&#13;&#10;import javax.swing.JTextArea;&#13;&#10;&#13;&#10;public class Player {&#13;&#10;&#13;&#10;&#9;private int pNum;&#13;&#10;&#9;private int doubloons;&#13;&#10;&#9;private String role;&#13;&#10;&#9;private JTextArea hud;&#13;&#10;&#9;public boolean isTurn;&#13;&#10;&#9;public boolean isGovernor;&#13;&#10;&#9;private int points = 0;&#13;&#10;&#13;&#10;&#9;private ArrayList&lt;Building&gt; buildings = new ArrayList&lt;Building&gt;();&#13;&#10;&#13;&#10;&#9;public static class Good {&#13;&#10;&#9;&#9;public static final String COFFEE = &quot;Coffee&quot;;&#13;&#10;&#9;&#9;public static final String TOBACCO = &quot;Tobacco&quot;;&#13;&#10;&#9;&#9;public static final String CORN = &quot;Corn&quot;;&#13;&#10;&#9;&#9;public static final String SUGAR = &quot;Sugar&quot;;&#13;&#10;&#9;&#9;public static final String INDIGO = &quot;Indigo&quot;;&#13;&#10;&#9;}&#13;&#10;&#13;&#10;&#13;&#10;&#9;public static class Plantation {&#13;&#10;&#9;&#9;public String good;&#13;&#10;&#9;&#9;public boolean hasWorker;&#13;&#10;&#13;&#10;&#9;&#9;public Plantation(String good, boolean hasWorker) {&#13;&#10;&#9;&#9;&#9;this.good = good;&#13;&#10;&#9;&#9;&#9;this.hasWorker = hasWorker;&#13;&#10;&#9;&#9;}&#13;&#10;&#9;}&#13;&#10;&#13;&#10;&#9;private ArrayList&lt;Plantation&gt; plantations = new ArrayList&lt;Plantation&gt;();&#13;&#10;&#9;private HashMap&lt;String, Integer&gt; goods = new HashMap&lt;String, Integer&gt;();&#13;&#10;&#9;private static List&lt;String&gt; roles = PlayerRoles.getValues();&#13;&#10;&#13;&#10;&#9;// For Testing purposes, null player&#13;&#10;&#9;public Player() {&#13;&#10;&#9;&#9;this.doubloons = 0;&#13;&#10;&#9;&#9;this.pNum = 0;&#13;&#10;&#9;&#9;this.role = &quot;&quot;;&#13;&#10;&#9;&#9;this.isGovernor = false;&#13;&#10;&#9;&#9;this.hud = new JTextArea();&#13;&#10;&#9;&#9;for (String s : this.getAllGoods()) {&#13;&#10;&#9;&#9;&#9;this.goods.put(s, 0);&#13;&#10;&#9;&#9;}&#13;&#10;&#9;}&#13;&#10;&#13;&#10;&#9;public Player(String role) {&#13;&#10;&#9;&#9;this.role = role;&#13;&#10;&#9;&#9;this.doubloons = 0;&#13;&#10;&#9;&#9;this.isGovernor = false;&#13;&#10;&#9;&#9;this.isTurn = false;&#13;&#10;&#9;&#9;this.hud = null;&#13;&#10;&#9;&#9;for (String s : this.getAllGoods()) {&#13;&#10;&#9;&#9;&#9;this.goods.put(s, 0);&#13;&#10;&#9;&#9;}&#13;&#10;&#9;}&#13;&#10;&#13;&#10;&#9;public void setPlayerNum(int i) {&#13;&#10;&#9;&#9;this.pNum = i;&#13;&#10;&#13;&#10;&#9;}&#13;&#10;&#13;&#10;&#9;public int getPlayerNum() {&#13;&#10;&#9;&#9;return this.pNum;&#13;&#10;&#9;}&#13;&#10;&#13;&#10;&#9;public String getRole() {&#13;&#10;&#9;&#9;return this.role;&#13;&#10;&#9;}&#13;&#10;&#13;&#10;&#9;public static List&lt;String&gt; getRoles() {&#13;&#10;&#13;&#10;&#9;&#9;return roles;&#13;&#10;&#9;}&#13;&#10;&#13;&#10;&#9;public int getPoints() {&#13;&#10;&#9;&#9;return points;&#13;&#10;&#9;}&#13;&#10;&#13;&#10;&#9;public JTextArea getHUD() {&#13;&#10;&#9;&#9;return this.hud;&#13;&#10;&#9;}&#13;&#10;&#13;&#10;&#9;public void setHUD(JTextArea hud) {&#13;&#10;&#9;&#9;this.hud = hud;&#13;&#10;&#9;}&#13;&#10;&#13;&#10;&#9;public boolean isGovernor() {&#13;&#10;&#9;&#9;return isGovernor;&#13;&#10;&#9;}&#13;&#10;&#13;&#10;&#9;public void addPoints(int addition) {&#13;&#10;&#9;&#9;this.points = this.points + addition;&#13;&#10;&#9;}&#13;&#10;&#13;&#10;&#9;// Test method&#13;&#10;&#9;public void setPoints(int points) {&#13;&#10;&#9;&#9;// This method is strictly for setting points&#13;&#10;&#9;&#9;this.points = points;&#13;&#10;&#9;}&#13;&#10;&#13;&#10;&#9;public void setRole(String string) {&#13;&#10;&#9;&#9;this.role = string;&#13;&#10;&#9;}&#13;&#10;&#13;&#10;&#9;public void addBuilding(Building building) {&#13;&#10;&#9;&#9;buildings.add(building);&#13;&#10;&#9;}&#13;&#10;&#9;&#13;&#10;&#9;public boolean ownsBuilding(String building){&#13;&#10;&#9;&#9;return getBuildingsStringList().contains(building);&#13;&#10;&#9;}&#13;&#10;&#9;&#13;&#10;&#9;public boolean ownsOccupiedBuilding(String building){&#13;&#10;&#9;&#9;return getOccupiedBuildingsStringList().contains(building);&#13;&#10;&#9;}&#13;&#10;&#13;&#10;&#9;public ArrayList&lt;String&gt; getBuildingsStringList() {&#13;&#10;&#9;&#9;ArrayList&lt;String&gt; rtn = new ArrayList&lt;String&gt;();&#13;&#10;&#9;&#9;for (Building b : this.buildings) {&#13;&#10;&#9;&#9;&#9;rtn.add(b.name);&#13;&#10;&#9;&#9;}&#13;&#10;&#9;&#9;return rtn;&#13;&#10;&#9;}&#13;&#10;&#13;&#10;&#9;public ArrayList&lt;Building&gt; getBuildings() {&#13;&#10;&#9;&#9;return this.buildings;&#13;&#10;&#9;}&#13;&#10;&#9;&#13;&#10;&#9;public Building getBuilding(String building){&#13;&#10;&#9;&#9;if(this.getBuildingsStringList().contains(building)){&#13;&#10;&#9;&#9;&#9;for(Building b : this.buildings){&#13;&#10;&#9;&#9;&#9;&#9;if(b.name == building){&#13;&#10;&#9;&#9;&#9;&#9;&#9;return b;&#13;&#10;&#9;&#9;&#9;&#9;}&#13;&#10;&#9;&#9;&#9;}&#13;&#10;&#9;&#9;}&#13;&#10;&#9;&#9;return null;&#13;&#10;&#9;}&#13;&#10;&#9;&#13;&#10;&#9;public ArrayList&lt;Building&gt; getOccupiedBuildings(){&#13;&#10;&#9;&#9;ArrayList&lt;Building&gt; occupiedList = new ArrayList&lt;Building&gt;();&#13;&#10;&#9;&#9;for(Building b: this.buildings){&#13;&#10;&#9;&#9;&#9;if((b.numberOfJobs - b.numberOfWorkers) == 0){&#13;&#10;&#9;&#9;&#9;&#9;occupiedList.add(b);&#13;&#10;&#9;&#9;&#9;}&#13;&#10;&#9;&#9;}&#13;&#10;&#9;&#9;return occupiedList;&#13;&#10;&#9;}&#13;&#10;&#9;&#13;&#10;&#9;public ArrayList&lt;String&gt; getOccupiedBuildingsStringList() {&#13;&#10;&#9;&#9;ArrayList&lt;String&gt; rtn = new ArrayList&lt;String&gt;();&#13;&#10;&#9;&#9;for (Building b : this.getOccupiedBuildings()) {&#13;&#10;&#9;&#9;&#9;rtn.add(b.name);&#13;&#10;&#9;&#9;}&#13;&#10;&#9;&#9;return rtn;&#13;&#10;&#9;}&#13;&#10;&#13;&#10;&#9;public List&lt;String&gt; getGoods() {&#13;&#10;&#9;&#9;//&#13;&#10;&#9;&#9;List&lt;String&gt; rtn = new ArrayList&lt;String&gt;();&#13;&#10;&#9;&#9;String coffee = &quot;Coffee: &quot;&#13;&#10;&#9;&#9;&#9;&#9;+ Integer.toString((getNumberOfGood(&quot;Coffee&quot;)));&#13;&#10;&#9;&#9;String tobacco = &quot;Tobacco: &quot;&#13;&#10;&#9;&#9;&#9;&#9;+ Integer.toString((getNumberOfGood(&quot;Tobacco&quot;)));&#13;&#10;&#9;&#9;String corn = &quot;Corn: &quot; + Integer.toString((getNumberOfGood(&quot;Corn&quot;)));&#13;&#10;&#9;&#9;String sugar = &quot;Sugar: &quot; + Integer.toString((getNumberOfGood(&quot;Sugar&quot;)));&#13;&#10;&#9;&#9;String indigo = &quot;Indigo: &quot;&#13;&#10;&#9;&#9;&#9;&#9;+ Integer.toString((getNumberOfGood(&quot;Indigo&quot;)));&#13;&#10;&#9;&#9;rtn.addAll(Arrays.asList(coffee, corn, tobacco, sugar, indigo));&#13;&#10;&#9;&#9;return rtn;&#13;&#10;&#9;}&#13;&#10;&#13;&#10;&#9;public int getNumberOfGood(String good) {&#13;&#10;&#9;&#9;// added case where there were no goods&#13;&#10;&#9;&#9;if (this.goods.get(good) == null) {&#13;&#10;&#9;&#9;&#9;return 0;&#13;&#10;&#9;&#9;}&#13;&#10;&#9;&#9;return this.goods.get(good);&#13;&#10;&#13;&#10;&#9;}&#13;&#10;&#13;&#10;&#9;public List&lt;String&gt; getAllGoods() {&#13;&#10;&#9;&#9;List&lt;String&gt; rtn = new ArrayList&lt;String&gt;();&#13;&#10;&#9;&#9;rtn.addAll(Arrays.asList(Good.COFFEE, Good.CORN, Good.INDIGO,&#13;&#10;&#9;&#9;&#9;&#9;Good.SUGAR, Good.TOBACCO));&#13;&#10;&#9;&#9;return rtn;&#13;&#10;&#9;}&#13;&#10;&#13;&#10;&#9;public void addGood(String good, int number) {&#13;&#10;&#9;&#9;// adds the number to the original&#13;&#10;&#9;&#9;this.goods.put(good, this.goods.get(good) + number);&#13;&#10;&#9;}&#13;&#10;&#13;&#10;&#9;@Override&#13;&#10;&#9;public String toString() {&#13;&#10;&#9;&#9;String rtn = &quot;&quot;;&#13;&#10;&#9;&#9;String buildingList = &quot;&quot;;&#13;&#10;&#9;&#9;String goodsList = this.getGoods().toString();&#13;&#10;&#9;&#9;String plantationList = &quot;&quot;;&#13;&#10;&#9;&#9;for (int i = 0; i &lt; this.buildings.size(); i++) {&#13;&#10;&#9;&#9;&#9;buildingList = buildingList + &quot; &quot; + this.buildings.get(i).name;&#13;&#10;&#9;&#9;}&#13;&#10;&#9;&#9;for (int i = 0; i &lt; this.plantations.size(); i++) {&#13;&#10;&#9;&#9;&#9;plantationList = plantationList + &quot; &quot;&#13;&#10;&#9;&#9;&#9;&#9;&#9;+ this.plantations.get(i).good;&#13;&#10;&#9;&#9;}&#13;&#10;&#9;&#9;if (isGovernor) {&#13;&#10;&#9;&#9;&#9;rtn = String&#13;&#10;&#9;&#9;&#9;&#9;&#9;.format(&quot;Player %d \nRole: %s \nScore: %d \nDoubloons: %d \nBuilding: %s \nPlantation: %s \nGoods: %s \nGovernor&quot;,&#13;&#10;&#9;&#9;&#9;&#9;&#9;&#9;&#9;pNum, role, points, doubloons, buildingList,&#13;&#10;&#9;&#9;&#9;&#9;&#9;&#9;&#9;plantationList, goodsList);&#13;&#10;&#9;&#9;} else {&#13;&#10;&#9;&#9;&#9;rtn = String&#13;&#10;&#9;&#9;&#9;&#9;&#9;.format(&quot;Player %d \nRole: %s \nScore: %d \nDoubloons: %d \nBuilding: %s \nPlantation: %s \nGoods: %s&quot;,&#13;&#10;&#9;&#9;&#9;&#9;&#9;&#9;&#9;pNum, role, points, doubloons, buildingList,&#13;&#10;&#9;&#9;&#9;&#9;&#9;&#9;&#9;plantationList, goodsList);&#13;&#10;&#9;&#9;}&#13;&#10;&#9;&#9;return rtn;&#13;&#10;&#9;}&#13;&#10;&#13;&#10;&#9;public void updatePlayerInfo() {&#13;&#10;&#9;&#9;this.hud.setText(this.toString());&#13;&#10;&#9;}&#13;&#10;&#13;&#10;&#9;public ArrayList&lt;Plantation&gt; getPlantations() {&#13;&#10;&#9;&#9;return this.plantations;&#13;&#10;&#9;}&#13;&#10;&#13;&#10;&#9;public void addPlantations(Plantation add) {&#13;&#10;&#9;&#9;this.plantations.add(add);&#13;&#10;&#9;}&#13;&#10;&#13;&#10;&#9;public ArrayList&lt;String&gt; getPlantationsStringList() {&#13;&#10;&#9;&#9;ArrayList&lt;String&gt; rtn = new ArrayList&lt;String&gt;();&#13;&#10;&#9;&#9;for (Plantation p : this.plantations) {&#13;&#10;&#9;&#9;&#9;rtn.add(p.good);&#13;&#10;&#9;&#9;}&#13;&#10;&#9;&#9;return rtn;&#13;&#10;&#9;}&#13;&#10;&#13;&#10;&#9;// Only used by the Craftsman: checks if the plantation has a worker and&#13;&#10;&#9;// adds one&#13;&#10;&#9;// to the respective good count&#13;&#10;&#9;public void checkPlantation() {&#13;&#10;&#9;&#9;for (Plantation p : this.plantations) {&#13;&#10;&#9;&#9;&#9;if (p.hasWorker) {&#13;&#10;&#9;&#9;&#9;&#9;// Building condition here&#13;&#10;&#9;&#9;&#9;&#9;this.addGood(p.good, 1);&#13;&#10;&#9;&#9;&#9;}&#13;&#10;&#9;&#9;}&#13;&#10;&#9;}&#13;&#10;&#13;&#10;&#9;public int getDoubloons() {&#13;&#10;&#9;&#9;return this.doubloons;&#13;&#10;&#9;}&#13;&#10;&#13;&#10;&#9;public void setDoubloons(int add) {&#13;&#10;&#9;&#9;this.doubloons = add;&#13;&#10;&#9;}&#13;&#10;&#13;&#10;&#9;public void sellGood(String s, int i) {&#13;&#10;&#9;&#9;this.goods.put(s, this.goods.get(s) - i);&#13;&#10;&#13;&#10;&#9;}&#13;&#10;&#13;&#10;}&#13;&#10;" Filename="Player.java" Intrnl_Id="3"/>
<SrcFile Content="package csse376_puerto_rico;&#13;&#10;&#13;&#10;import java.awt.BorderLayout;&#13;&#10;import java.awt.Image;&#13;&#10;&#13;&#10;import javax.swing.ImageIcon;&#13;&#10;import javax.swing.JButton;&#13;&#10;import javax.swing.JFrame;&#13;&#10;import javax.swing.JLabel;&#13;&#10;import javax.swing.JPanel;&#13;&#10;&#13;&#10;import net.miginfocom.swing.MigLayout;&#13;&#10;&#13;&#10;public class MenuGUI {&#13;&#10;&#9;/**&#13;&#10;     * Mainframe.&#13;&#10;     */&#13;&#10;     JFrame mainframe = new JFrame();&#13;&#10;     &#13;&#10;     /**&#13;&#10;     * Constructs the Menu.&#13;&#10;     * &#13;&#10;     */&#13;&#10;     public MenuGUI() {&#13;&#10;           this.mainframe.setTitle(&quot;Puerto Rico&quot;);&#13;&#10;           this.mainframe.setSize(1366, 800);&#13;&#10;           this.mainframe.setVisible(true);&#13;&#10;           this.mainframe.setDefaultCloseOperation(JFrame.EXIT_ON_CLOSE);&#13;&#10;//           this.mainframe.setResizable(false);&#13;&#10;//           MigLayout layout = new MigLayout();&#13;&#10;//   &#9;&#9;   this.mainframe.setLayout(layout);&#13;&#10;           &#13;&#10;           JPanel imgPanel = new JPanel();&#13;&#10;           JPanel buttonPanel = new JPanel();&#13;&#10;           &#13;&#10;           String imageLoc = &quot;puerto-ricosmall.jpg&quot;;&#13;&#10;           ImageIcon imageIcon = new ImageIcon(imageLoc);&#13;&#10;           &#13;&#10;           imgPanel.add(new JLabel(imageIcon));&#13;&#10;           &#13;&#10;           JButton newGame = new JButton(&quot;New Game&quot;);&#13;&#10;           newGame.addActionListener(new ButtonHandler(mainframe, null));&#13;&#10;           JButton quit = new JButton(&quot;Quit&quot;);&#13;&#10;           &#13;&#10;           buttonPanel.add(newGame);&#13;&#10;           buttonPanel.add(quit);&#13;&#10;           &#13;&#10;           this.mainframe.add(imgPanel, BorderLayout.NORTH);&#13;&#10;           this.mainframe.add(buttonPanel, BorderLayout.SOUTH);&#13;&#10;     }&#13;&#10;&#13;&#10;}&#13;&#10;" Filename="MenuGUI.java" Intrnl_Id="4"/>
<SrcFile Content="package csse376_puerto_rico;&#10;&#10;public class Main {&#10;&#9;/**&#10;&#9; * @param args&#10;&#9; * &#10;&#9; * &#10;&#9; */&#10;&#9;public static void main(String[] args) {&#10;&#9;&#9;new MenuGUI();&#10;&#9;}&#10;}&#10;" Filename="Main.java" Intrnl_Id="5"/>
<SrcFile Content="package csse376_puerto_rico;&#13;&#10;&#13;&#10;import java.util.ArrayList;&#13;&#10;import java.util.HashMap;&#13;&#10;import java.util.List;&#13;&#10;&#13;&#10;import csse376_puerto_rico.Player.Good;&#13;&#10;import csse376_puerto_rico.Player.Plantation;&#13;&#10;&#13;&#10;public class GameState {&#13;&#10;&#13;&#10;&#9;private HashMap&lt;String, Integer&gt; goods = new HashMap&lt;String, Integer&gt;();&#13;&#10;&#9;public int colonistsTotal;&#13;&#10;&#9;public int colonistsOnBoard;&#13;&#10;&#9;public int cargoship4 = 0;&#13;&#10;&#9;public String cargoship4Good = &quot;&quot;;&#13;&#10;&#9;public int cargoship5 = 0;&#13;&#10;&#9;public String cargoship5Good = &quot;&quot;;&#13;&#10;&#9;public int cargoship6 = 0;&#13;&#10;&#9;public String cargoship6Good = &quot;&quot;;&#13;&#10;&#9;public boolean isGameEndState = false;&#13;&#10;&#9;public int doubloons;&#13;&#10;&#9;private int numOfPlayers;&#13;&#10;&#9;private List&lt;Player&gt; players;&#13;&#10;&#9;public int victoryPoints;&#13;&#10;&#9;public static ArrayList&lt;String&gt; rolesToAdd;&#13;&#10;&#9;public static ArrayList&lt;String&gt; addDoubloonToRole;&#13;&#10;&#13;&#10;&#9;public static final int ERROR = -99;&#13;&#10;&#13;&#10;&#9;public GameState() {&#13;&#10;&#13;&#10;&#9;&#9;// for testing purposes&#13;&#10;&#9;&#9;// goods&#13;&#10;&#9;&#9;goods.put(Player.Good.COFFEE, 0);&#13;&#10;&#9;&#9;goods.put(Player.Good.CORN, 0);&#13;&#10;&#9;&#9;goods.put(Player.Good.INDIGO, 0);&#13;&#10;&#9;&#9;goods.put(Player.Good.SUGAR, 0);&#13;&#10;&#9;&#9;goods.put(Player.Good.TOBACCO, 0);&#13;&#10;&#13;&#10;&#9;&#9;// colonists&#13;&#10;&#13;&#10;&#9;&#9;colonistsTotal = 0;&#13;&#10;&#9;&#9;colonistsOnBoard = 0;&#13;&#10;&#9;&#9;// ships&#13;&#10;&#13;&#10;&#9;&#9;// doubloons&#13;&#10;&#9;&#9;doubloons = 0;&#13;&#10;&#9;&#9;rolesToAdd = new ArrayList&lt;String&gt;();&#13;&#10;&#9;&#9;addDoubloonToRole = new ArrayList&lt;String&gt;();&#13;&#10;&#9;&#9;victoryPoints = 50;&#13;&#10;&#9;}&#13;&#10;&#13;&#10;&#9;public GameState(List&lt;Player&gt; players) {&#13;&#10;&#13;&#10;&#9;&#9;// game start state - Min&#13;&#10;&#13;&#10;&#9;&#9;for (Player p : players) {&#13;&#10;&#9;&#9;&#9;p.setDoubloons(players.size() - 1);&#13;&#10;&#9;&#9;}&#13;&#10;&#13;&#10;&#9;&#9;// goods&#13;&#10;&#9;&#9;goods.put(Player.Good.COFFEE, 9);&#13;&#10;&#9;&#9;goods.put(Player.Good.CORN, 10);&#13;&#10;&#9;&#9;goods.put(Player.Good.INDIGO, 11);&#13;&#10;&#9;&#9;goods.put(Player.Good.SUGAR, 11);&#13;&#10;&#9;&#9;goods.put(Player.Good.TOBACCO, 9);&#13;&#10;&#13;&#10;&#9;&#9;// colonists. victory points and plantations&#13;&#10;&#9;&#9;this.players = players;&#13;&#10;&#9;&#9;numOfPlayers = players.size();&#13;&#10;&#9;&#9;colonistsOnBoard = numOfPlayers;&#13;&#10;&#13;&#10;&#9;&#9;this.players.get(0).addPlantations(new Plantation(Good.INDIGO, false));&#13;&#10;&#9;&#9;this.players.get(1).addPlantations(new Plantation(Good.INDIGO, false));&#13;&#10;&#13;&#10;&#9;&#9;if (numOfPlayers == 3) {&#13;&#10;&#9;&#9;&#9;colonistsTotal = 55;&#13;&#10;&#9;&#9;&#9;victoryPoints = 75;&#13;&#10;&#9;&#9;&#9;this.players.get(2)&#13;&#10;&#9;&#9;&#9;&#9;&#9;.addPlantations(new Plantation(Good.CORN, false));&#13;&#10;&#9;&#9;} else if (numOfPlayers == 4) {&#13;&#10;&#9;&#9;&#9;colonistsTotal = 75;&#13;&#10;&#9;&#9;&#9;victoryPoints = 100;&#13;&#10;&#9;&#9;&#9;this.players.get(2)&#13;&#10;&#9;&#9;&#9;&#9;&#9;.addPlantations(new Plantation(Good.CORN, false));&#13;&#10;&#9;&#9;&#9;this.players.get(3)&#13;&#10;&#9;&#9;&#9;&#9;&#9;.addPlantations(new Plantation(Good.CORN, false));&#13;&#10;&#13;&#10;&#9;&#9;} else if (numOfPlayers == 5) {&#13;&#10;&#9;&#9;&#9;colonistsTotal = 95;&#13;&#10;&#9;&#9;&#9;victoryPoints = 122;&#13;&#10;&#9;&#9;&#9;this.players.get(2).addPlantations(&#13;&#10;&#9;&#9;&#9;&#9;&#9;new Plantation(Good.INDIGO, false));&#13;&#10;&#9;&#9;&#9;this.players.get(3)&#13;&#10;&#9;&#9;&#9;&#9;&#9;.addPlantations(new Plantation(Good.CORN, false));&#13;&#10;&#9;&#9;&#9;this.players.get(4)&#13;&#10;&#9;&#9;&#9;&#9;&#9;.addPlantations(new Plantation(Good.CORN, false));&#13;&#10;&#9;&#9;}&#13;&#10;&#9;&#9;// ships&#13;&#10;&#13;&#10;&#9;&#9;// doubloons&#13;&#10;&#9;&#9;doubloons = 54;&#13;&#10;&#9;&#9;rolesToAdd = new ArrayList&lt;String&gt;();&#13;&#10;&#9;&#9;addDoubloonToRole = new ArrayList&lt;String&gt;();&#13;&#10;&#13;&#10;&#9;}&#13;&#10;&#13;&#10;&#9;public int getGood(String good) {&#13;&#10;&#13;&#10;&#9;&#9;return goods.get(good);&#13;&#10;&#9;}&#13;&#10;&#13;&#10;&#9;public void addGood(String good) {&#13;&#10;&#13;&#10;&#9;&#9;goods.put(good, goods.get(good) + 1);&#13;&#10;&#9;}&#13;&#10;&#13;&#10;&#9;public int getColonistsOnBoard() {&#13;&#10;&#9;&#9;//&#13;&#10;&#9;&#9;return colonistsOnBoard;&#13;&#10;&#9;}&#13;&#10;&#13;&#10;&#9;public int getColonistsTotal() {&#13;&#10;&#9;&#9;//&#13;&#10;&#9;&#9;return colonistsTotal;&#13;&#10;&#9;}&#13;&#10;&#13;&#10;&#9;public void addRolesToList(String toAdd) {&#13;&#10;&#9;&#9;rolesToAdd.add(toAdd);&#13;&#10;&#9;&#9;if (rolesToAdd.size() == 3) {&#13;&#10;&#9;&#9;&#9;List&lt;String&gt; totalRoles = Player.getRoles();&#13;&#10;&#9;&#9;&#9;for (int i = 0; i &lt; rolesToAdd.size(); i++) {&#13;&#10;&#9;&#9;&#9;&#9;totalRoles.remove(rolesToAdd.get(i));&#13;&#10;&#9;&#9;&#9;}&#13;&#10;&#9;&#9;&#9;addDoubloonToRole = rolesToAdd;&#13;&#10;&#9;&#9;&#9;rolesToAdd = new ArrayList&lt;String&gt;();&#13;&#10;&#9;&#9;}&#13;&#10;&#9;}&#13;&#10;&#13;&#10;&#9;public void addDoubloon(Player player, String role) {&#13;&#10;&#9;&#9;if (addDoubloonToRole.contains(role) &amp;&amp; addDoubloonToRole.size() &gt; 0) {&#13;&#10;&#9;&#9;&#9;player.setDoubloons(player.getDoubloons() + 1);&#13;&#10;&#9;&#9;&#9;addDoubloonToRole.remove(role);&#13;&#10;&#9;&#9;}&#13;&#10;&#9;}&#13;&#10;&#13;&#10;&#9;public void addColonistsToBoard() {&#13;&#10;&#9;&#9;/**&#13;&#10;&#9;&#9; * For each empty circle on the buildings on the player boards of all&#13;&#10;&#9;&#9; * players (empty circles on plantations and quarries do not count!),&#13;&#10;&#9;&#9; * the mayor takes one colonist from the colonist supply and places it&#13;&#10;&#9;&#9; * on the colonist ship. However, as a minimum, the mayor should always&#13;&#10;&#9;&#9; * place at least as many colonists on the ship as there are players in&#13;&#10;&#9;&#9; * the game.&#13;&#10;&#9;&#9; */&#13;&#10;&#9;&#9;int temp = 0;&#13;&#10;&#9;&#9;for (Player player : players) {&#13;&#10;&#9;&#9;&#9;for (Building b : player.getBuildings()) {&#13;&#10;&#9;&#9;&#9;&#9;temp += b.numberOfJobs - b.numberOfWorkers;&#13;&#10;&#9;&#9;&#9;}&#13;&#10;&#9;&#9;&#9;for (Plantation p : player.getPlantations()) {&#13;&#10;&#9;&#9;&#9;&#9;if (!p.hasWorker) {&#13;&#10;&#9;&#9;&#9;&#9;&#9;temp += 1;&#13;&#10;&#9;&#9;&#9;&#9;}&#13;&#10;&#9;&#9;&#9;}&#13;&#10;&#9;&#9;}&#13;&#10;&#9;&#9;if (temp &lt; numOfPlayers) {&#13;&#10;&#9;&#9;&#9;colonistsOnBoard = numOfPlayers;&#13;&#10;&#9;&#9;} else {&#13;&#10;&#9;&#9;&#9;colonistsOnBoard = temp;&#13;&#10;&#9;&#9;}&#13;&#10;&#9;}&#13;&#10;&#13;&#10;&#9;/**&#13;&#10;&#9; * &#13;&#10;&#9; * returns leftover, if 99 then that means it is an error or wrong good on&#13;&#10;&#9; * cargo&#13;&#10;&#9; * &#13;&#10;&#9; * @param shipNum&#13;&#10;&#9; * @param goodNum&#13;&#10;&#9; * @param good&#13;&#10;&#9; * @return int&#13;&#10;&#9; *&#13;&#10;&#9; */&#13;&#10;&#9;public int addGoodToCargoShip(int shipNum, int goodNum, String good) {&#13;&#10;&#9;&#9;int leftover = 0;&#13;&#10;&#9;&#9;if (shipNum == 4) {&#13;&#10;&#9;&#9;&#9;System.out.println(&quot;ship4&quot;);&#13;&#10;&#9;&#9;&#9;if (cargoship4 == 0&#13;&#10;&#9;&#9;&#9;&#9;&#9;|| (cargoship4 &lt; 4 &amp;&amp; cargoship4Good.equals(good))) {&#13;&#10;&#9;&#9;&#9;&#9;leftover = cargoship4 + goodNum - 4;&#13;&#10;&#9;&#9;&#9;&#9;if (goodNum != 0)&#13;&#10;&#9;&#9;&#9;&#9;&#9;cargoship4Good = good;&#13;&#10;&#13;&#10;&#9;&#9;&#9;&#9;if (leftover &gt; 0) {&#13;&#10;&#9;&#9;&#9;&#9;&#9;cargoship4 = 4;&#13;&#10;&#9;&#9;&#9;&#9;} else {&#13;&#10;&#9;&#9;&#9;&#9;&#9;cargoship4 += goodNum;&#13;&#10;&#9;&#9;&#9;&#9;&#9;leftover = 0;&#13;&#10;&#9;&#9;&#9;&#9;}&#13;&#10;&#13;&#10;&#9;&#9;&#9;} else {&#13;&#10;&#9;&#9;&#9;&#9;leftover = ERROR;&#13;&#10;&#9;&#9;&#9;}&#13;&#10;&#9;&#9;} else if (shipNum == 5) {&#13;&#10;&#9;&#9;&#9;System.out.println(&quot;ship5&quot;);&#13;&#10;&#9;&#9;&#9;if (cargoship5 == 0&#13;&#10;&#9;&#9;&#9;&#9;&#9;|| (cargoship5 &lt; 5 &amp;&amp; cargoship5Good.equals(good))) {&#13;&#10;&#9;&#9;&#9;&#9;leftover = cargoship5 + goodNum - 5;&#13;&#10;&#9;&#9;&#9;&#9;if (goodNum != 0)&#13;&#10;&#9;&#9;&#9;&#9;&#9;cargoship5Good = good;&#13;&#10;&#9;&#9;&#9;&#9;if (leftover &gt; 0) {&#13;&#10;&#9;&#9;&#9;&#9;&#9;cargoship5 = 5;&#13;&#10;&#9;&#9;&#9;&#9;} else {&#13;&#10;&#9;&#9;&#9;&#9;&#9;cargoship5 += goodNum;&#13;&#10;&#9;&#9;&#9;&#9;&#9;leftover = 0;&#13;&#10;&#9;&#9;&#9;&#9;}&#13;&#10;&#9;&#9;&#9;} else {&#13;&#10;&#9;&#9;&#9;&#9;leftover = ERROR;&#13;&#10;&#9;&#9;&#9;}&#13;&#10;&#13;&#10;&#9;&#9;} else if (shipNum == 6) {&#13;&#10;&#9;&#9;&#9;System.out.println(&quot;ship6&quot;);&#13;&#10;&#9;&#9;&#9;if (cargoship6 == 0&#13;&#10;&#9;&#9;&#9;&#9;&#9;|| (cargoship6 &lt; 6 &amp;&amp; cargoship6Good.equals(good))) {&#13;&#10;&#9;&#9;&#9;&#9;leftover = cargoship6 + goodNum - 6;&#13;&#10;&#9;&#9;&#9;&#9;if (goodNum != 0)&#13;&#10;&#9;&#9;&#9;&#9;&#9;cargoship6Good = good;&#13;&#10;&#9;&#9;&#9;&#9;if (leftover &gt; 0) {&#13;&#10;&#9;&#9;&#9;&#9;&#9;cargoship6 = 6;&#13;&#10;&#9;&#9;&#9;&#9;} else {&#13;&#10;&#9;&#9;&#9;&#9;&#9;cargoship6 += goodNum;&#13;&#10;&#9;&#9;&#9;&#9;&#9;leftover = 0;&#13;&#10;&#9;&#9;&#9;&#9;}&#13;&#10;&#9;&#9;&#9;} else {&#13;&#10;&#9;&#9;&#9;&#9;leftover = ERROR;&#13;&#10;&#9;&#9;&#9;}&#13;&#10;&#9;&#9;}&#13;&#10;&#9;&#9;return leftover;&#13;&#10;&#9;}&#13;&#10;&#13;&#10;&#9;public boolean isAbleToAddGood() {&#13;&#10;&#13;&#10;&#9;&#9;for (Player p : players) {&#13;&#10;&#9;&#9;&#9;if (isAbleToAddGood(p)) {&#13;&#10;&#9;&#9;&#9;&#9;return true;&#13;&#10;&#9;&#9;&#9;}&#13;&#10;&#9;&#9;}&#13;&#10;&#9;&#9;return false;&#13;&#10;&#9;}&#13;&#10;&#13;&#10;&#9;public boolean isAbleToAddGood(Player p) {&#13;&#10;&#9;&#9;List&lt;String&gt; goodStringList = p.getAllGoods();&#13;&#10;&#9;&#9;for (String good : goodStringList) {&#13;&#10;&#13;&#10;&#9;&#9;&#9;if (p.getNumberOfGood(good) &gt; 0) {&#13;&#10;&#9;&#9;&#9;&#9;for (int i = 4; i &lt;= 6; i++) {&#13;&#10;&#9;&#9;&#9;&#9;&#9;int e = addGoodToCargoShip(i, 0, good);&#13;&#10;&#9;&#9;&#9;&#9;&#9;if (e != ERROR) {&#13;&#10;&#9;&#9;&#9;&#9;&#9;&#9;return true;&#13;&#10;&#13;&#10;&#9;&#9;&#9;&#9;&#9;}&#13;&#10;&#9;&#9;&#9;&#9;}&#13;&#10;&#9;&#9;&#9;}&#13;&#10;&#9;&#9;}&#13;&#10;&#9;&#9;return false;&#13;&#10;&#9;}&#13;&#10;&#13;&#10;&#9;public boolean isGameEndState() {&#13;&#10;&#13;&#10;&#9;&#9;return isGameEndState;&#13;&#10;&#9;}&#13;&#10;&#13;&#10;&#9;public Player getWinner() {&#13;&#10;&#9;&#9;Player max = this.players.get(0);&#13;&#10;&#9;&#9;for (Player p : this.players) {&#13;&#10;&#9;&#9;&#9;if (max.getPoints() &lt;= p.getPoints()) {&#13;&#10;&#9;&#9;&#9;&#9;max = p;&#13;&#10;&#9;&#9;&#9;}&#13;&#10;&#9;&#9;}&#13;&#10;&#13;&#10;&#9;&#9;return max;&#13;&#10;&#9;}&#13;&#10;&#13;&#10;&#9;public void updateAtEndOfTurn() {&#13;&#10;&#9;&#9;addColonistsToBoard();&#13;&#10;&#13;&#10;&#9;&#9;// Must ship these&#13;&#10;&#9;&#9;if (cargoship4 == 4) {&#13;&#10;&#9;&#9;&#9;cargoship4 = 0;&#13;&#10;&#9;&#9;&#9;cargoship4Good = &quot;&quot;;&#13;&#10;&#9;&#9;}&#13;&#10;&#9;&#9;if (cargoship5 == 5) {&#13;&#10;&#9;&#9;&#9;cargoship5 = 0;&#13;&#10;&#9;&#9;&#9;cargoship5Good = &quot;&quot;;&#13;&#10;&#9;&#9;}&#13;&#10;&#9;&#9;if (cargoship6 == 6) {&#13;&#10;&#9;&#9;&#9;cargoship6 = 0;&#13;&#10;&#9;&#9;&#9;cargoship6Good = &quot;&quot;;&#13;&#10;&#9;&#9;}&#13;&#10;&#9;}&#13;&#10;&#13;&#10;}&#13;&#10;" Filename="GameState.java" Intrnl_Id="6"/>
<SrcFile Content="package csse376_puerto_rico;&#13;&#10;&#13;&#10;import java.awt.Color;&#13;&#10;import java.util.ArrayList;&#13;&#10;import java.util.Enumeration;&#13;&#10;import java.util.List;&#13;&#10;&#13;&#10;import javax.swing.AbstractButton;&#13;&#10;import javax.swing.ButtonGroup;&#13;&#10;import javax.swing.JFrame;&#13;&#10;import javax.swing.JOptionPane;&#13;&#10;import javax.swing.JTextArea;&#13;&#10;&#13;&#10;import net.miginfocom.swing.MigLayout;&#13;&#10;import csse376_puerto_rico.Player.Good;&#13;&#10;import csse376_puerto_rico.Player.Plantation;&#13;&#10;&#13;&#10;public class GameBoardGUI {&#13;&#10;&#13;&#10;&#9;private JFrame mainframe;&#13;&#10;&#9;public static List&lt;Player&gt; players;&#13;&#10;&#9;public static JTextArea msgBar;&#13;&#10;&#9;public static JTextArea gameStateInfo;&#13;&#10;&#9;// public static ArrayList&lt;JPanel&gt; playerCards;&#13;&#10;&#9;private ButtonGroup bGroup;&#13;&#10;&#9;private static int turnCount;&#13;&#10;&#9;private GameState gameState;&#13;&#10;&#13;&#10;&#9;public GameBoardGUI() {&#13;&#10;&#9;&#9;// For testing purposes.&#13;&#10;&#9;&#9;this.msgBar = new JTextArea();&#13;&#10;&#9;&#9;this.gameStateInfo = new JTextArea();&#13;&#10;&#9;&#9;this.players = new ArrayList&lt;Player&gt;();&#13;&#10;&#9;&#9;this.mainframe = new JFrame();&#13;&#10;&#9;&#9;this.gameState = new GameState();&#13;&#10;&#9;}&#13;&#10;&#13;&#10;&#9;public GameBoardGUI(JFrame frame, ButtonGroup group) {&#13;&#10;&#9;&#9;this.players = new ArrayList&lt;Player&gt;();&#13;&#10;&#9;&#9;this.mainframe = frame;&#13;&#10;&#9;&#9;this.mainframe.setTitle(&quot;Puerto Rico&quot;);&#13;&#10;&#9;&#9;this.mainframe.getContentPane().removeAll();&#13;&#10;&#9;&#9;this.mainframe.getContentPane().revalidate();&#13;&#10;&#9;&#9;this.mainframe.setBackground(Color.GREEN);&#13;&#10;&#9;&#9;MigLayout layout = new MigLayout();&#13;&#10;&#9;&#9;this.mainframe.setLayout(layout);&#13;&#10;&#9;&#9;this.bGroup = group;&#13;&#10;&#9;&#9;this.msgBar = new JTextArea();&#13;&#10;&#9;&#9;this.gameStateInfo = new JTextArea();&#13;&#10;&#13;&#10;&#9;&#9;String temp = &quot;3&quot;;&#13;&#10;&#9;&#9;for (Enumeration&lt;AbstractButton&gt; buttons = this.bGroup.getElements(); buttons&#13;&#10;&#9;&#9;&#9;&#9;.hasMoreElements();) {&#13;&#10;&#9;&#9;&#9;AbstractButton button = buttons.nextElement();&#13;&#10;&#9;&#9;&#9;if (button.isSelected()) {&#13;&#10;&#9;&#9;&#9;&#9;temp = button.getText();&#13;&#10;&#9;&#9;&#9;}&#13;&#10;&#9;&#9;}&#13;&#10;&#9;&#9;int numberPlayers = Integer.parseInt(temp);&#13;&#10;&#13;&#10;&#9;&#9;this.addPlayers(numberPlayers);&#13;&#10;&#9;}&#13;&#10;&#13;&#10;&#9;private void displayGameState() {&#13;&#10;&#9;&#9;int coffee = this.gameState.getGood(Player.Good.COFFEE);&#13;&#10;&#9;&#9;int corn = this.gameState.getGood(Player.Good.CORN);&#13;&#10;&#9;&#9;int indigo = this.gameState.getGood(Player.Good.INDIGO);&#13;&#10;&#9;&#9;int sugar = this.gameState.getGood(Player.Good.SUGAR);&#13;&#10;&#9;&#9;int tobacco = this.gameState.getGood(Player.Good.TOBACCO);&#13;&#10;&#9;&#9;int colonists = this.gameState.getColonistsOnBoard();&#13;&#10;&#9;&#9;int colonistsTotal = this.gameState.getColonistsTotal();&#13;&#10;&#9;&#9;int points = this.gameState.victoryPoints;&#13;&#10;&#13;&#10;&#9;&#9;String parsedInfo = &quot;Coffe: &quot; + coffee + &quot;    Corn: &quot; + corn&#13;&#10;&#9;&#9;&#9;&#9;+ &quot;    Indigo: &quot; + indigo + &quot;\nSugar: &quot; + sugar&#13;&#10;&#9;&#9;&#9;&#9;+ &quot;        Tobacco: &quot; + tobacco + &quot;\nColonists On Board: &quot;&#13;&#10;&#9;&#9;&#9;&#9;+ colonists + &quot;\nColonists Total: &quot; + colonistsTotal&#13;&#10;&#9;&#9;&#9;&#9;+ &quot;\nVictory Points: &quot; + points + &quot;\n&quot; + &quot;\nCargo Ship: &quot;&#13;&#10;&#9;&#9;&#9;&#9;+ (4 - this.gameState.cargoship4) + &quot; spots for &quot;&#13;&#10;&#9;&#9;&#9;&#9;+ this.gameState.cargoship4Good + &quot;    Cargo Ship: &quot;&#13;&#10;&#9;&#9;&#9;&#9;+ (5 - this.gameState.cargoship5) + &quot; spots for &quot;&#13;&#10;&#9;&#9;&#9;&#9;+ this.gameState.cargoship5Good + &quot;    Cargo Ship: &quot;&#13;&#10;&#9;&#9;&#9;&#9;+ (6 - this.gameState.cargoship6) + &quot; spots for &quot;&#13;&#10;&#9;&#9;&#9;&#9;+ this.gameState.cargoship6Good;&#13;&#10;&#9;&#9;gameStateInfo.setColumns(20);&#13;&#10;&#9;&#9;gameStateInfo.setRows(7);&#13;&#10;&#9;&#9;gameStateInfo.setText(parsedInfo);&#13;&#10;&#9;&#9;this.mainframe.add(gameStateInfo, &quot;cell 0 5, span 5&quot;);&#13;&#10;&#9;}&#13;&#10;&#13;&#10;&#9;private void updateGameStateDisplay() {&#13;&#10;&#9;&#9;int coffee = this.gameState.getGood(Player.Good.COFFEE);&#13;&#10;&#9;&#9;int corn = this.gameState.getGood(Player.Good.CORN);&#13;&#10;&#9;&#9;int indigo = this.gameState.getGood(Player.Good.INDIGO);&#13;&#10;&#9;&#9;int sugar = this.gameState.getGood(Player.Good.SUGAR);&#13;&#10;&#9;&#9;int tobacco = this.gameState.getGood(Player.Good.TOBACCO);&#13;&#10;&#9;&#9;int colonists = this.gameState.getColonistsOnBoard();&#13;&#10;&#9;&#9;int colonistsTotal = this.gameState.getColonistsTotal();&#13;&#10;&#9;&#9;int points = this.gameState.victoryPoints;&#13;&#10;&#13;&#10;&#9;&#9;String parsedInfo = &quot;Coffe: &quot; + coffee + &quot;    Corn: &quot; + corn&#13;&#10;&#9;&#9;&#9;&#9;+ &quot;    Indigo: &quot; + indigo + &quot;\nSugar: &quot; + sugar&#13;&#10;&#9;&#9;&#9;&#9;+ &quot;        Tobacco: &quot; + tobacco + &quot;\nColonists: &quot; + colonists&#13;&#10;&#9;&#9;&#9;&#9;+ &quot;\nColonists Total: &quot; + colonistsTotal + &quot;\nVictory Points: &quot;&#13;&#10;&#9;&#9;&#9;&#9;+ points + &quot;\n&quot; + &quot;\nCargo Ship: &quot;&#13;&#10;&#9;&#9;&#9;&#9;+ (4 - this.gameState.cargoship4) + &quot; spots for &quot;&#13;&#10;&#9;&#9;&#9;&#9;+ this.gameState.cargoship4Good + &quot;    Cargo Ship: &quot;&#13;&#10;&#9;&#9;&#9;&#9;+ (5 - this.gameState.cargoship5) + &quot; spots for &quot;&#13;&#10;&#9;&#9;&#9;&#9;+ this.gameState.cargoship5Good + &quot;    Cargo Ship: &quot;&#13;&#10;&#9;&#9;&#9;&#9;+ (6 - this.gameState.cargoship6) + &quot; spots for &quot;&#13;&#10;&#9;&#9;&#9;&#9;+ this.gameState.cargoship6Good;&#13;&#10;&#13;&#10;&#9;&#9;gameStateInfo.setText(parsedInfo);&#13;&#10;&#9;}&#13;&#10;&#13;&#10;&#9;private void displayMessageBar() {&#13;&#10;&#9;&#9;msgBar.setColumns(90);&#13;&#10;&#9;&#9;this.mainframe.add(msgBar, &quot;cell 0 0, span &quot; + this.players.size());&#13;&#10;&#9;}&#13;&#10;&#13;&#10;&#9;public List&lt;Player&gt; addPlayers(int numberOfPlayers) {&#13;&#10;&#9;&#9;// this.addPlayerCards(numberOfPlayers);&#13;&#10;&#9;&#9;for (int i = 0; i &lt; numberOfPlayers; i++) {&#13;&#10;&#9;&#9;&#9;Player p = new Player();&#13;&#10;&#9;&#9;&#9;if (i == 0) {&#13;&#10;&#9;&#9;&#9;&#9;p.isGovernor = true;&#13;&#10;&#9;&#9;&#9;}&#13;&#10;&#9;&#9;&#9;p.setPlayerNum(i);&#13;&#10;&#9;&#9;&#9;JTextArea jta = new JTextArea(&quot;Player &quot; + i + &quot;\nRole: &quot;&#13;&#10;&#9;&#9;&#9;&#9;&#9;+ &quot;\nScore: &quot; + p.getPoints() + &quot;\nBuildings:&quot;&#13;&#10;&#9;&#9;&#9;&#9;&#9;+ p.getBuildingsStringList() + &quot;\nPlantations:\n&quot;);&#13;&#10;&#9;&#9;&#9;jta.setRows(15);&#13;&#10;&#9;&#9;&#9;jta.setColumns(15);&#13;&#10;&#9;&#9;&#9;p.setHUD(jta);&#13;&#10;&#9;&#9;&#9;this.players.add(p);&#13;&#10;&#9;&#9;&#9;this.mainframe.add(jta, &quot;cell &quot; + i + &quot; 1&quot;);&#13;&#10;&#9;&#9;&#9;p.updatePlayerInfo();&#13;&#10;&#13;&#10;&#9;&#9;}&#13;&#10;&#9;&#9;this.gameState = new GameState(this.players);&#13;&#10;&#13;&#10;&#9;&#9;displayGameState();&#13;&#10;&#9;&#9;displayMessageBar();&#13;&#10;&#9;&#9;updateRoles();&#13;&#10;&#13;&#10;&#9;&#9;return this.players;&#13;&#10;&#9;}&#13;&#10;&#13;&#10;&#9;public List&lt;Player&gt; getPlayers() {&#13;&#10;&#9;&#9;return this.players;&#13;&#10;&#9;}&#13;&#10;&#13;&#10;&#9;public static int getTurnCount() {&#13;&#10;&#9;&#9;return turnCount;&#13;&#10;&#9;}&#13;&#10;&#13;&#10;&#9;public void updateRoles() {&#13;&#10;&#13;&#10;&#9;&#9;Object[] options = Player.getRoles().toArray();&#13;&#10;&#9;&#9;while (!checkEndGame()) {&#13;&#10;&#9;&#9;&#9;options = Player.getRoles().toArray();&#13;&#10;&#9;&#9;&#9;for (int i = 0; i &lt; this.players.size(); i++) {&#13;&#10;&#9;&#9;&#9;&#9;Player player = this.players.get(i);&#13;&#10;&#9;&#9;&#9;&#9;// DONE: Min, make player not able to choose role already chosen&#13;&#10;&#9;&#9;&#9;&#9;// for this turn.&#13;&#10;&#9;&#9;&#9;&#9;int n = JOptionPane.showOptionDialog(this.mainframe,&#13;&#10;&#9;&#9;&#9;&#9;&#9;&#9;&quot;Choose your role!&quot;, &quot;Player &quot; + i,&#13;&#10;&#9;&#9;&#9;&#9;&#9;&#9;JOptionPane.YES_NO_CANCEL_OPTION,&#13;&#10;&#9;&#9;&#9;&#9;&#9;&#9;JOptionPane.QUESTION_MESSAGE, null, options,&#13;&#10;&#9;&#9;&#9;&#9;&#9;&#9;options[options.length - 1]);&#13;&#10;&#9;&#9;&#9;&#9;// in this block of code I had to convert the lists of&#13;&#10;&#9;&#9;&#9;&#9;// buildings,plantations into Strings&#13;&#10;&#13;&#10;&#9;&#9;&#9;&#9;String role = (String) options[n];&#13;&#10;&#13;&#10;&#9;&#9;&#9;&#9;// Every start of the role each player gets an extra doubloon.&#13;&#10;&#9;&#9;&#9;&#9;player.setDoubloons(player.getDoubloons() + 1);&#13;&#10;&#9;&#9;&#9;&#9;gameState.doubloons--;&#13;&#10;&#13;&#10;&#9;&#9;&#9;&#9;player.setRole(role);&#13;&#10;&#13;&#10;&#9;&#9;&#9;&#9;player.updatePlayerInfo();&#13;&#10;&#13;&#10;&#9;&#9;&#9;&#9;playRole(i);&#13;&#10;&#13;&#10;&#9;&#9;&#9;&#9;// update&#13;&#10;&#9;&#9;&#9;&#9;this.gameState.updateAtEndOfTurn();&#13;&#10;&#13;&#10;&#9;&#9;&#9;&#9;// removing selected&#13;&#10;&#9;&#9;&#9;&#9;List&lt;Object&gt; temp = new ArrayList&lt;Object&gt;();&#13;&#10;&#9;&#9;&#9;&#9;for (int j = 0; j &lt; options.length; j++) {&#13;&#10;&#9;&#9;&#9;&#9;&#9;if (j != n) {&#13;&#10;&#9;&#9;&#9;&#9;&#9;&#9;temp.add(options[j]);&#13;&#10;&#9;&#9;&#9;&#9;&#9;}&#13;&#10;&#9;&#9;&#9;&#9;}&#13;&#10;&#9;&#9;&#9;&#9;options = temp.toArray();&#13;&#10;&#9;&#9;&#9;}&#13;&#10;&#13;&#10;&#9;&#9;}&#13;&#10;&#9;&#9;updateMsgBar(&quot;Winner is Player : &quot;&#13;&#10;&#9;&#9;&#9;&#9;+ this.gameState.getWinner().getPlayerNum());&#13;&#10;&#13;&#10;&#9;}&#13;&#10;&#13;&#10;&#9;public boolean checkEndGame() {&#13;&#10;&#9;&#9;// checks the end of the game, default to true for testing, otherwise&#13;&#10;&#9;&#9;// false&#13;&#10;&#9;&#9;return gameState.isGameEndState();&#13;&#10;&#9;}&#13;&#10;&#13;&#10;&#9;public void updateMsgBar(String msg) {&#13;&#10;&#9;&#9;this.msgBar.setText(msg);&#13;&#10;&#9;}&#13;&#10;&#13;&#10;&#9;public void playRole(int roleNum) {&#13;&#10;&#9;&#9;//&#13;&#10;&#9;&#9;Player player = players.get(roleNum);&#13;&#10;&#9;&#9;String role = player.getRole();&#13;&#10;&#13;&#10;&#9;&#9;if (role.equals(PlayerRoles.Mayor)) {&#13;&#10;&#9;&#9;&#9;int colonists = gameState.getColonistsOnBoard();&#13;&#10;&#9;&#9;&#9;gameState.colonistsTotal = gameState.colonistsTotal - colonists;&#13;&#10;&#13;&#10;&#9;&#9;&#9;while (colonists &gt; 0) {&#13;&#10;&#13;&#10;&#9;&#9;&#9;&#9;player = players.get(roleNum);&#13;&#10;&#13;&#10;&#9;&#9;&#9;&#9;Object[] options = { &quot;Building&quot;, &quot;Plantation&quot;, &quot;Do Nothing&quot; };&#13;&#10;&#9;&#9;&#9;&#9;boolean selected = false;&#13;&#10;&#9;&#9;&#9;&#9;while (!selected) {&#13;&#10;&#9;&#9;&#9;&#9;&#9;int n = JOptionPane&#13;&#10;&#9;&#9;&#9;&#9;&#9;&#9;&#9;.showOptionDialog(&#13;&#10;&#9;&#9;&#9;&#9;&#9;&#9;&#9;&#9;&#9;this.mainframe,&#13;&#10;&#9;&#9;&#9;&#9;&#9;&#9;&#9;&#9;&#9;&quot;Give the colonosists a job! \nChoose a structure.&quot;,&#13;&#10;&#9;&#9;&#9;&#9;&#9;&#9;&#9;&#9;&#9;&quot;Player &quot; + roleNum,&#13;&#10;&#9;&#9;&#9;&#9;&#9;&#9;&#9;&#9;&#9;JOptionPane.YES_NO_CANCEL_OPTION,&#13;&#10;&#9;&#9;&#9;&#9;&#9;&#9;&#9;&#9;&#9;JOptionPane.QUESTION_MESSAGE, null,&#13;&#10;&#9;&#9;&#9;&#9;&#9;&#9;&#9;&#9;&#9;options, options[options.length - 1]);&#13;&#10;&#9;&#9;&#9;&#9;&#9;if (n == 0) {&#13;&#10;&#9;&#9;&#9;&#9;&#9;&#9;ArrayList&lt;String&gt; pBuildingsNames = (ArrayList&lt;String&gt;) player&#13;&#10;&#9;&#9;&#9;&#9;&#9;&#9;&#9;&#9;.getBuildingsStringList().clone();&#13;&#10;&#9;&#9;&#9;&#9;&#9;&#9;pBuildingsNames.add(&quot;Go Back&quot;);&#13;&#10;&#9;&#9;&#9;&#9;&#9;&#9;Object[] temp = pBuildingsNames.toArray();&#13;&#10;&#13;&#10;&#9;&#9;&#9;&#9;&#9;&#9;int buildingNum = JOptionPane&#13;&#10;&#9;&#9;&#9;&#9;&#9;&#9;&#9;&#9;.showOptionDialog(&#13;&#10;&#9;&#9;&#9;&#9;&#9;&#9;&#9;&#9;&#9;&#9;this.mainframe,&#13;&#10;&#9;&#9;&#9;&#9;&#9;&#9;&#9;&#9;&#9;&#9;&quot;Give the colonosists a job! \nChoose a building&quot;,&#13;&#10;&#9;&#9;&#9;&#9;&#9;&#9;&#9;&#9;&#9;&#9;&quot;Player &quot; + (roleNum),&#13;&#10;&#9;&#9;&#9;&#9;&#9;&#9;&#9;&#9;&#9;&#9;JOptionPane.YES_NO_CANCEL_OPTION,&#13;&#10;&#9;&#9;&#9;&#9;&#9;&#9;&#9;&#9;&#9;&#9;JOptionPane.QUESTION_MESSAGE, null,&#13;&#10;&#9;&#9;&#9;&#9;&#9;&#9;&#9;&#9;&#9;&#9;temp, null);&#13;&#10;&#9;&#9;&#9;&#9;&#9;&#9;if (buildingNum != temp.length - 1) {&#13;&#10;&#9;&#9;&#9;&#9;&#9;&#9;&#9;Building playerB = player.getBuildings().get(&#13;&#10;&#9;&#9;&#9;&#9;&#9;&#9;&#9;&#9;&#9;buildingNum);&#13;&#10;&#9;&#9;&#9;&#9;&#9;&#9;&#9;if (playerB.numberOfJobs &gt; playerB.numberOfWorkers) {&#13;&#10;&#9;&#9;&#9;&#9;&#9;&#9;&#9;&#9;player.getBuildings().get(buildingNum).numberOfWorkers++;&#13;&#10;&#9;&#9;&#9;&#9;&#9;&#9;&#9;&#9;selected = true;&#13;&#10;&#9;&#9;&#9;&#9;&#9;&#9;&#9;&#9;updateMsgBar(&quot;Player &quot; + roleNum&#13;&#10;&#9;&#9;&#9;&#9;&#9;&#9;&#9;&#9;&#9;&#9;+ &quot; added worker to building &quot;&#13;&#10;&#9;&#9;&#9;&#9;&#9;&#9;&#9;&#9;&#9;&#9;+ playerB.name);&#13;&#10;&#9;&#9;&#9;&#9;&#9;&#9;&#9;} else {&#13;&#10;&#9;&#9;&#9;&#9;&#9;&#9;&#9;&#9;updateMsgBar(&quot;Building &quot; + playerB.name&#13;&#10;&#9;&#9;&#9;&#9;&#9;&#9;&#9;&#9;&#9;&#9;+ &quot; is already full of workers.&quot;);&#13;&#10;&#9;&#9;&#9;&#9;&#9;&#9;&#9;}&#13;&#10;&#9;&#9;&#9;&#9;&#9;&#9;} else {&#13;&#10;&#13;&#10;&#9;&#9;&#9;&#9;&#9;&#9;&#9;updateMsgBar(&quot;Player &quot; + roleNum&#13;&#10;&#9;&#9;&#9;&#9;&#9;&#9;&#9;&#9;&#9;+ &quot; has no buildings&quot;);&#13;&#10;&#9;&#9;&#9;&#9;&#9;&#9;&#9;selected = false;&#13;&#10;&#9;&#9;&#9;&#9;&#9;&#9;}&#13;&#10;&#13;&#10;&#9;&#9;&#9;&#9;&#9;} else if (n == 1) {&#13;&#10;&#9;&#9;&#9;&#9;&#9;&#9;ArrayList&lt;String&gt; pPlantations = (ArrayList&lt;String&gt;) player&#13;&#10;&#9;&#9;&#9;&#9;&#9;&#9;&#9;&#9;.getPlantationsStringList().clone();&#13;&#10;&#9;&#9;&#9;&#9;&#9;&#9;pPlantations.add(&quot;Go Back&quot;);&#13;&#10;&#9;&#9;&#9;&#9;&#9;&#9;Object[] temp = pPlantations.toArray();&#13;&#10;&#13;&#10;&#9;&#9;&#9;&#9;&#9;&#9;int plantationNum = JOptionPane&#13;&#10;&#9;&#9;&#9;&#9;&#9;&#9;&#9;&#9;.showOptionDialog(&#13;&#10;&#9;&#9;&#9;&#9;&#9;&#9;&#9;&#9;&#9;&#9;this.mainframe,&#13;&#10;&#9;&#9;&#9;&#9;&#9;&#9;&#9;&#9;&#9;&#9;&quot;Give the colonosists a job! \nChoose a plantation&quot;,&#13;&#10;&#9;&#9;&#9;&#9;&#9;&#9;&#9;&#9;&#9;&#9;&quot;Player &quot; + (roleNum),&#13;&#10;&#9;&#9;&#9;&#9;&#9;&#9;&#9;&#9;&#9;&#9;JOptionPane.YES_NO_CANCEL_OPTION,&#13;&#10;&#9;&#9;&#9;&#9;&#9;&#9;&#9;&#9;&#9;&#9;JOptionPane.QUESTION_MESSAGE, null,&#13;&#10;&#9;&#9;&#9;&#9;&#9;&#9;&#9;&#9;&#9;&#9;temp, null);&#13;&#10;&#9;&#9;&#9;&#9;&#9;&#9;if (plantationNum != temp.length - 1) {&#13;&#10;&#9;&#9;&#9;&#9;&#9;&#9;&#9;Plantation pPlantation = player.getPlantations()&#13;&#10;&#9;&#9;&#9;&#9;&#9;&#9;&#9;&#9;&#9;.get(plantationNum);&#13;&#10;&#9;&#9;&#9;&#9;&#9;&#9;&#9;if (pPlantation.hasWorker) {&#13;&#10;&#9;&#9;&#9;&#9;&#9;&#9;&#9;&#9;updateMsgBar(&quot;Plantation already has a worker.&quot;);&#13;&#10;&#9;&#9;&#9;&#9;&#9;&#9;&#9;} else {&#13;&#10;&#9;&#9;&#9;&#9;&#9;&#9;&#9;&#9;pPlantation.hasWorker = true;&#13;&#10;&#9;&#9;&#9;&#9;&#9;&#9;&#9;&#9;selected = true;&#13;&#10;&#9;&#9;&#9;&#9;&#9;&#9;&#9;&#9;updateMsgBar(&quot;Player &quot; + roleNum&#13;&#10;&#9;&#9;&#9;&#9;&#9;&#9;&#9;&#9;&#9;&#9;+ &quot; added worker to plantation&quot;);&#13;&#10;&#9;&#9;&#9;&#9;&#9;&#9;&#9;}&#13;&#10;&#9;&#9;&#9;&#9;&#9;&#9;} else {&#13;&#10;&#13;&#10;&#9;&#9;&#9;&#9;&#9;&#9;&#9;updateMsgBar(&quot;Player &quot; + roleNum&#13;&#10;&#9;&#9;&#9;&#9;&#9;&#9;&#9;&#9;&#9;+ &quot; has no plantions&quot;);&#13;&#10;&#9;&#9;&#9;&#9;&#9;&#9;&#9;selected = false;&#13;&#10;&#9;&#9;&#9;&#9;&#9;&#9;}&#13;&#10;&#9;&#9;&#9;&#9;&#9;} else {&#13;&#10;&#9;&#9;&#9;&#9;&#9;&#9;// Do nothing&#13;&#10;&#9;&#9;&#9;&#9;&#9;&#9;selected = true;&#13;&#10;&#9;&#9;&#9;&#9;&#9;}&#13;&#10;&#13;&#10;&#9;&#9;&#9;&#9;&#9;player.updatePlayerInfo();&#13;&#10;&#9;&#9;&#9;&#9;}&#13;&#10;&#9;&#9;&#9;&#9;roleNum = (roleNum + 1) % players.size();&#13;&#10;&#9;&#9;&#9;&#9;colonists--;&#13;&#10;&#13;&#10;&#9;&#9;&#9;}&#13;&#10;&#9;&#9;} else if (role.equals(PlayerRoles.Builder)) {&#13;&#10;&#9;&#9;&#9;player.setDoubloons(player.getDoubloons() + 1);&#13;&#10;&#9;&#9;&#9;Buildings b = new Buildings();&#13;&#10;&#13;&#10;&#9;&#9;&#9;for (int i = 0; i &lt; players.size(); i++) {&#13;&#10;&#9;&#9;&#9;&#9;player = players.get(roleNum);&#13;&#10;&#9;&#9;&#9;&#9;System.out.println(roleNum);&#13;&#10;&#13;&#10;&#9;&#9;&#9;&#9;ArrayList&lt;Building&gt; bs = b.getBuildings();&#13;&#10;&#9;&#9;&#9;&#9;ArrayList&lt;String&gt; bNames = new ArrayList&lt;String&gt;();&#13;&#10;&#9;&#9;&#9;&#9;for (Building building : bs) {&#13;&#10;&#9;&#9;&#9;&#9;&#9;if (building.cost &lt;= player.getDoubloons()) {&#13;&#10;&#9;&#9;&#9;&#9;&#9;&#9;bNames.add(building.name);&#13;&#10;&#9;&#9;&#9;&#9;&#9;}&#13;&#10;&#9;&#9;&#9;&#9;}&#13;&#10;&#9;&#9;&#9;&#9;bNames.add(&quot;Nothing&quot;);&#13;&#10;&#9;&#9;&#9;&#9;Object[] options = bNames.toArray();&#13;&#10;&#13;&#10;&#9;&#9;&#9;&#9;// player = player.next at the end&#13;&#10;&#9;&#9;&#9;&#9;int n = JOptionPane.showOptionDialog(this.mainframe,&#13;&#10;&#9;&#9;&#9;&#9;&#9;&#9;&quot;Choose a building to build!&quot;, &quot;Player &quot; + (roleNum),&#13;&#10;&#9;&#9;&#9;&#9;&#9;&#9;JOptionPane.YES_NO_CANCEL_OPTION,&#13;&#10;&#9;&#9;&#9;&#9;&#9;&#9;JOptionPane.QUESTION_MESSAGE, null, options,&#13;&#10;&#9;&#9;&#9;&#9;&#9;&#9;options[options.length - 1]);&#13;&#10;&#9;&#9;&#9;&#9;if (n != bNames.size() - 1) {&#13;&#10;&#9;&#9;&#9;&#9;&#9;player.addBuilding(new Building(bNames.get(n)));&#13;&#10;&#9;&#9;&#9;&#9;&#9;if (player.ownsOccupiedBuilding(&quot;University&quot;)) {&#13;&#10;&#9;&#9;&#9;&#9;&#9;&#9;player.getBuilding(&quot;University&quot;).numberOfWorkers++;&#13;&#10;&#9;&#9;&#9;&#9;&#9;&#9;this.gameState.colonistsTotal--;&#13;&#10;&#9;&#9;&#9;&#9;&#9;}&#13;&#10;&#9;&#9;&#9;&#9;&#9;if (player.getBuildings().size() &gt;= 12) {&#13;&#10;&#9;&#9;&#9;&#9;&#9;&#9;this.gameState.isGameEndState = true;&#13;&#10;&#9;&#9;&#9;&#9;&#9;}&#13;&#10;&#9;&#9;&#9;&#9;}&#13;&#10;&#9;&#9;&#9;&#9;// Adds +1 to the player's doubloons if the role was not used in&#13;&#10;&#9;&#9;&#9;&#9;// previous 3 turns&#13;&#10;&#9;&#9;&#9;&#9;player.updatePlayerInfo();&#13;&#10;&#9;&#9;&#9;&#9;roleNum = (roleNum + 1) % players.size();&#13;&#10;&#13;&#10;&#9;&#9;&#9;}&#13;&#10;&#9;&#9;} else if (role.equals(PlayerRoles.Settler)) {&#13;&#10;&#9;&#9;&#9;// DONE: kurian&#13;&#10;&#9;&#9;&#9;List&lt;String&gt; plantationNames = player.getAllGoods();&#13;&#10;&#9;&#9;&#9;plantationNames.add(&quot;Nothing&quot;);&#13;&#10;&#9;&#9;&#9;Object[] options = plantationNames.toArray();&#13;&#10;&#9;&#9;&#9;// Settler picks one more plantation&#13;&#10;&#9;&#9;&#9;for (int i = 0; i &lt;= players.size(); i++) {&#13;&#10;&#13;&#10;&#9;&#9;&#9;&#9;player = players.get(roleNum);&#13;&#10;&#13;&#10;&#9;&#9;&#9;&#9;if (player.ownsOccupiedBuilding(&quot;Construction Hut&quot;)) {&#13;&#10;&#9;&#9;&#9;&#9;&#9;// give option to place quarry, but if chooses quarry, you&#13;&#10;&#9;&#9;&#9;&#9;&#9;// can't get plantation&#13;&#10;&#9;&#9;&#9;&#9;}&#13;&#10;&#13;&#10;&#9;&#9;&#9;&#9;if (player.ownsOccupiedBuilding(&quot;Hacienda&quot;)) {&#13;&#10;&#9;&#9;&#9;&#9;&#9;// give option to add another plantion here!!&#13;&#10;&#9;&#9;&#9;&#9;}&#13;&#10;&#9;&#9;&#9;&#9;// player = player.next at the end&#13;&#10;&#9;&#9;&#9;&#9;int n = JOptionPane.showOptionDialog(this.mainframe,&#13;&#10;&#9;&#9;&#9;&#9;&#9;&#9;&quot;Choose a Good to harvest!&quot;, &quot;Player &quot; + (roleNum),&#13;&#10;&#9;&#9;&#9;&#9;&#9;&#9;JOptionPane.YES_NO_CANCEL_OPTION,&#13;&#10;&#9;&#9;&#9;&#9;&#9;&#9;JOptionPane.QUESTION_MESSAGE, null, options,&#13;&#10;&#9;&#9;&#9;&#9;&#9;&#9;options[options.length - 1]);&#13;&#10;&#9;&#9;&#9;&#9;System.out.println(plantationNames.get(n));&#13;&#10;&#9;&#9;&#9;&#9;if (n != plantationNames.size() - 1) {&#13;&#10;&#9;&#9;&#9;&#9;&#9;player.addPlantations(new Plantation(&#13;&#10;&#9;&#9;&#9;&#9;&#9;&#9;&#9;plantationNames.get(n), false));&#13;&#10;&#9;&#9;&#9;&#9;&#9;updateMsgBar(&quot;Player &quot; + roleNum + &quot; added plantation&quot;&#13;&#10;&#9;&#9;&#9;&#9;&#9;&#9;&#9;+ plantationNames.get(n));&#13;&#10;&#9;&#9;&#9;&#9;}&#13;&#10;&#9;&#9;&#9;&#9;if (player.ownsOccupiedBuilding(&quot;Hospice&quot;)) {&#13;&#10;&#9;&#9;&#9;&#9;&#9;// give option to take colonist form supply and put it here&#13;&#10;&#9;&#9;&#9;&#9;&#9;Object[] yesNo = { &quot;Yes&quot;, &quot;No&quot; };&#13;&#10;&#9;&#9;&#9;&#9;&#9;int answ = JOptionPane&#13;&#10;&#9;&#9;&#9;&#9;&#9;&#9;&#9;.showOptionDialog(&#13;&#10;&#9;&#9;&#9;&#9;&#9;&#9;&#9;&#9;&#9;this.mainframe,&#13;&#10;&#9;&#9;&#9;&#9;&#9;&#9;&#9;&#9;&#9;&quot;Would you like to place a colonist at your Hospice?&quot;,&#13;&#10;&#9;&#9;&#9;&#9;&#9;&#9;&#9;&#9;&#9;&quot;Player &quot; + (roleNum),&#13;&#10;&#9;&#9;&#9;&#9;&#9;&#9;&#9;&#9;&#9;JOptionPane.YES_NO_CANCEL_OPTION,&#13;&#10;&#9;&#9;&#9;&#9;&#9;&#9;&#9;&#9;&#9;JOptionPane.QUESTION_MESSAGE, null, yesNo,&#13;&#10;&#9;&#9;&#9;&#9;&#9;&#9;&#9;&#9;&#9;yesNo[yesNo.length - 1]);&#13;&#10;&#9;&#9;&#9;&#9;&#9;if (answ == 1) {&#13;&#10;&#9;&#9;&#9;&#9;&#9;&#9;player.getBuilding(&quot;Hospice&quot;).numberOfWorkers++;&#13;&#10;&#9;&#9;&#9;&#9;&#9;&#9;this.gameState.colonistsTotal--;&#13;&#10;&#9;&#9;&#9;&#9;&#9;}&#13;&#10;&#13;&#10;&#9;&#9;&#9;&#9;}&#13;&#10;&#9;&#9;&#9;&#9;// Adds +1 to the player's doubloons if the role was not used in&#13;&#10;&#9;&#9;&#9;&#9;// previous 3 turns&#13;&#10;&#9;&#9;&#9;&#9;player.updatePlayerInfo();&#13;&#10;&#9;&#9;&#9;&#9;roleNum = (roleNum + 1) % players.size();&#13;&#10;&#9;&#9;&#9;}&#13;&#10;&#9;&#9;} else if (role.equals(PlayerRoles.Craftsman)) {&#13;&#10;&#9;&#9;&#9;// DONE: kurian&#13;&#10;&#9;&#9;&#9;for (int i = 0; i &lt; players.size(); i++) {&#13;&#10;&#13;&#10;&#9;&#9;&#9;&#9;player = players.get(roleNum);&#13;&#10;&#9;&#9;&#9;&#9;player.checkPlantation();&#13;&#10;&#13;&#10;&#9;&#9;&#9;&#9;// factory addition&#13;&#10;&#9;&#9;&#9;&#9;if (player.ownsOccupiedBuilding(&quot;Factory&quot;)) {&#13;&#10;&#9;&#9;&#9;&#9;&#9;if (player.getPlantations().size() == 2) {&#13;&#10;&#9;&#9;&#9;&#9;&#9;&#9;player.setDoubloons(player.getDoubloons() + 1);&#13;&#10;&#9;&#9;&#9;&#9;&#9;} else if (player.getPlantations().size() == 3) {&#13;&#10;&#9;&#9;&#9;&#9;&#9;&#9;player.setDoubloons(player.getDoubloons() + 2);&#13;&#10;&#9;&#9;&#9;&#9;&#9;} else if (player.getPlantations().size() == 4) {&#13;&#10;&#9;&#9;&#9;&#9;&#9;&#9;player.setDoubloons(player.getDoubloons() + 3);&#13;&#10;&#9;&#9;&#9;&#9;&#9;} else if (player.getPlantations().size() == 5) {&#13;&#10;&#9;&#9;&#9;&#9;&#9;&#9;player.setDoubloons(player.getDoubloons() + 5);&#13;&#10;&#9;&#9;&#9;&#9;&#9;}&#13;&#10;&#9;&#9;&#9;&#9;}&#13;&#10;&#13;&#10;&#9;&#9;&#9;&#9;player.updatePlayerInfo();&#13;&#10;&#9;&#9;&#9;&#9;roleNum = (roleNum + 1) % players.size();&#13;&#10;&#13;&#10;&#9;&#9;&#9;}&#13;&#10;&#13;&#10;&#9;&#9;} else if (role.equals(PlayerRoles.Trader)) {&#13;&#10;&#9;&#9;&#9;//&#13;&#10;&#9;&#9;&#9;for (int i = 0; i &lt; players.size(); i++) {&#13;&#10;&#13;&#10;&#9;&#9;&#9;&#9;player = players.get(roleNum);&#13;&#10;&#13;&#10;&#9;&#9;&#9;&#9;// small market additions&#13;&#10;&#9;&#9;&#9;&#9;if (player.ownsOccupiedBuilding(&quot;Small Market&quot;)) {&#13;&#10;&#9;&#9;&#9;&#9;&#9;player.setDoubloons(player.getDoubloons() + 1);&#13;&#10;&#9;&#9;&#9;&#9;}&#13;&#10;&#13;&#10;&#9;&#9;&#9;&#9;// large market additions&#13;&#10;&#9;&#9;&#9;&#9;if (player.ownsOccupiedBuilding(&quot;Large Market&quot;)) {&#13;&#10;&#9;&#9;&#9;&#9;&#9;player.setDoubloons(player.getDoubloons() + 2);&#13;&#10;&#9;&#9;&#9;&#9;}&#13;&#10;&#13;&#10;&#9;&#9;&#9;&#9;if (player.ownsOccupiedBuilding(&quot;Office&quot;)) {&#13;&#10;&#9;&#9;&#9;&#9;&#9;// player can sell same kind of good to the trading house??&#13;&#10;&#9;&#9;&#9;&#9;}&#13;&#10;&#9;&#9;&#9;&#9;ArrayList&lt;String&gt; goodList = new ArrayList&lt;String&gt;();&#13;&#10;&#9;&#9;&#9;&#9;for (String s : player.getAllGoods()) {&#13;&#10;&#9;&#9;&#9;&#9;&#9;int n = player.getNumberOfGood(s);&#13;&#10;&#9;&#9;&#9;&#9;&#9;if (n &gt; 0) {&#13;&#10;&#9;&#9;&#9;&#9;&#9;&#9;goodList.add(s);&#13;&#10;&#9;&#9;&#9;&#9;&#9;}&#13;&#10;&#9;&#9;&#9;&#9;}&#13;&#10;&#9;&#9;&#9;&#9;goodList.add(&quot;Nothing&quot;);&#13;&#10;&#9;&#9;&#9;&#9;Object[] options = goodList.toArray();&#13;&#10;&#13;&#10;&#9;&#9;&#9;&#9;int n = JOptionPane.showOptionDialog(this.mainframe,&#13;&#10;&#9;&#9;&#9;&#9;&#9;&#9;&quot;Choose a Good to trade!&quot;, &quot;Player &quot; + (roleNum),&#13;&#10;&#9;&#9;&#9;&#9;&#9;&#9;JOptionPane.YES_NO_CANCEL_OPTION,&#13;&#10;&#9;&#9;&#9;&#9;&#9;&#9;JOptionPane.QUESTION_MESSAGE, null, options,&#13;&#10;&#9;&#9;&#9;&#9;&#9;&#9;options[options.length - 1]);&#13;&#10;&#9;&#9;&#9;&#9;if (n != goodList.size() - 1) {&#13;&#10;&#9;&#9;&#9;&#9;&#9;if (goodList.get(n).equals(Good.COFFEE)) {&#13;&#10;&#9;&#9;&#9;&#9;&#9;&#9;player.setDoubloons(player.getDoubloons() + 4);&#13;&#10;&#9;&#9;&#9;&#9;&#9;&#9;player.sellGood(Good.COFFEE, 1);&#13;&#10;&#9;&#9;&#9;&#9;&#9;} else if (goodList.get(n).equals(Good.CORN)) {&#13;&#10;&#9;&#9;&#9;&#9;&#9;&#9;player.sellGood(Good.CORN, 1);&#13;&#10;&#9;&#9;&#9;&#9;&#9;} else if (goodList.get(n).equals(Good.INDIGO)) {&#13;&#10;&#9;&#9;&#9;&#9;&#9;&#9;player.setDoubloons(player.getDoubloons() + 1);&#13;&#10;&#9;&#9;&#9;&#9;&#9;&#9;player.sellGood(Good.INDIGO, 1);&#13;&#10;&#9;&#9;&#9;&#9;&#9;} else if (goodList.get(n).equals(Good.SUGAR)) {&#13;&#10;&#9;&#9;&#9;&#9;&#9;&#9;player.setDoubloons(player.getDoubloons() + 2);&#13;&#10;&#9;&#9;&#9;&#9;&#9;&#9;player.sellGood(Good.SUGAR, 1);&#13;&#10;&#9;&#9;&#9;&#9;&#9;} else if (goodList.get(n).equals(Good.TOBACCO)) {&#13;&#10;&#9;&#9;&#9;&#9;&#9;&#9;player.setDoubloons(player.getDoubloons() + 3);&#13;&#10;&#9;&#9;&#9;&#9;&#9;&#9;player.sellGood(Good.TOBACCO, 1);&#13;&#10;&#9;&#9;&#9;&#9;&#9;}&#13;&#10;&#9;&#9;&#9;&#9;}&#13;&#10;&#9;&#9;&#9;&#9;// Adds +1 to the player's doubloons if the role was not used in&#13;&#10;&#9;&#9;&#9;&#9;// previous 3 turns&#13;&#10;&#9;&#9;&#9;&#9;player.updatePlayerInfo();&#13;&#10;&#9;&#9;&#9;&#9;roleNum = (roleNum + 1) % players.size();&#13;&#10;&#13;&#10;&#9;&#9;&#9;}&#13;&#10;&#9;&#9;} else if (role.equals(PlayerRoles.Captain)) {&#13;&#10;&#13;&#10;&#9;&#9;&#9;while (gameState.isAbleToAddGood()) {&#13;&#10;&#9;&#9;&#9;&#9;player = players.get(roleNum);&#13;&#10;&#9;&#9;&#9;&#9;if (gameState.isAbleToAddGood(player)) {&#13;&#10;&#9;&#9;&#9;&#9;&#9;ArrayList&lt;String&gt; goodList = new ArrayList&lt;String&gt;();&#13;&#10;&#9;&#9;&#9;&#9;&#9;for (String s : player.getAllGoods()) {&#13;&#10;&#9;&#9;&#9;&#9;&#9;&#9;int n = player.getNumberOfGood(s);&#13;&#10;&#9;&#9;&#9;&#9;&#9;&#9;if (n &gt; 0) {&#13;&#10;&#9;&#9;&#9;&#9;&#9;&#9;&#9;goodList.add(s);&#13;&#10;&#9;&#9;&#9;&#9;&#9;&#9;}&#13;&#10;&#9;&#9;&#9;&#9;&#9;}&#13;&#10;&#9;&#9;&#9;&#9;&#9;boolean selected = false;&#13;&#10;&#13;&#10;&#9;&#9;&#9;&#9;&#9;Object[] options = goodList.toArray();&#13;&#10;&#9;&#9;&#9;&#9;&#9;while (!selected) {&#13;&#10;&#9;&#9;&#9;&#9;&#9;&#9;int good = JOptionPane.showOptionDialog(this.mainframe,&#13;&#10;&#9;&#9;&#9;&#9;&#9;&#9;&#9;&#9;&quot;Choose a good to ship!&quot;,&#13;&#10;&#9;&#9;&#9;&#9;&#9;&#9;&#9;&#9;&quot;Player &quot; + (roleNum),&#13;&#10;&#9;&#9;&#9;&#9;&#9;&#9;&#9;&#9;JOptionPane.YES_NO_CANCEL_OPTION,&#13;&#10;&#9;&#9;&#9;&#9;&#9;&#9;&#9;&#9;JOptionPane.QUESTION_MESSAGE, null, options,&#13;&#10;&#9;&#9;&#9;&#9;&#9;&#9;&#9;&#9;options[options.length - 1]);&#13;&#10;&#13;&#10;&#9;&#9;&#9;&#9;&#9;&#9;Object[] shipOptions = new Object[3];&#13;&#10;&#9;&#9;&#9;&#9;&#9;&#9;shipOptions[0] = 4;&#13;&#10;&#9;&#9;&#9;&#9;&#9;&#9;shipOptions[1] = 5;&#13;&#10;&#9;&#9;&#9;&#9;&#9;&#9;shipOptions[2] = 6;&#13;&#10;&#13;&#10;&#9;&#9;&#9;&#9;&#9;&#9;System.out.println(&quot;selecting ship&quot;);&#13;&#10;&#9;&#9;&#9;&#9;&#9;&#9;int ship = JOptionPane.showOptionDialog(this.mainframe,&#13;&#10;&#9;&#9;&#9;&#9;&#9;&#9;&#9;&#9;&quot;Choose a cargo ship to put good!&quot;, &quot;Player &quot;&#13;&#10;&#9;&#9;&#9;&#9;&#9;&#9;&#9;&#9;&#9;&#9;+ (roleNum),&#13;&#10;&#9;&#9;&#9;&#9;&#9;&#9;&#9;&#9;JOptionPane.YES_NO_CANCEL_OPTION,&#13;&#10;&#9;&#9;&#9;&#9;&#9;&#9;&#9;&#9;JOptionPane.QUESTION_MESSAGE, null,&#13;&#10;&#9;&#9;&#9;&#9;&#9;&#9;&#9;&#9;shipOptions,&#13;&#10;&#9;&#9;&#9;&#9;&#9;&#9;&#9;&#9;shipOptions[shipOptions.length - 1]);&#13;&#10;&#9;&#9;&#9;&#9;&#9;&#9;String goodString = (String) options[good];&#13;&#10;&#9;&#9;&#9;&#9;&#9;&#9;int goodCount = player.getNumberOfGood(goodString);&#13;&#10;&#13;&#10;&#9;&#9;&#9;&#9;&#9;&#9;int leftOver = this.gameState.addGoodToCargoShip(&#13;&#10;&#9;&#9;&#9;&#9;&#9;&#9;&#9;&#9;(int) shipOptions[ship], goodCount, goodString);&#13;&#10;&#9;&#9;&#9;&#9;&#9;&#9;if (leftOver != -99) {&#13;&#10;&#9;&#9;&#9;&#9;&#9;&#9;&#9;player.addGood(goodString, leftOver);&#13;&#10;&#9;&#9;&#9;&#9;&#9;&#9;&#9;player.sellGood(goodString, goodCount - leftOver);&#13;&#10;&#9;&#9;&#9;&#9;&#9;&#9;&#9;player.addPoints(goodCount - leftOver);&#13;&#10;&#9;&#9;&#9;&#9;&#9;&#9;&#9;gameState.victoryPoints = gameState.victoryPoints&#13;&#10;&#9;&#9;&#9;&#9;&#9;&#9;&#9;&#9;&#9;- (goodCount - leftOver);&#13;&#10;&#9;&#9;&#9;&#9;&#9;&#9;&#9;if (player.ownsOccupiedBuilding(&quot;Harbor&quot;)) {&#13;&#10;&#9;&#9;&#9;&#9;&#9;&#9;&#9;&#9;player.addPoints(1);&#13;&#10;&#9;&#9;&#9;&#9;&#9;&#9;&#9;&#9;gameState.victoryPoints--;&#13;&#10;&#9;&#9;&#9;&#9;&#9;&#9;&#9;}&#13;&#10;&#9;&#9;&#9;&#9;&#9;&#9;&#9;selected = true;&#13;&#10;&#9;&#9;&#9;&#9;&#9;&#9;} else {&#13;&#10;&#9;&#9;&#9;&#9;&#9;&#9;&#9;updateMsgBar(&quot;The ship you selected is invalid. Choose a different ship!&quot;);&#13;&#10;&#9;&#9;&#9;&#9;&#9;&#9;}&#13;&#10;&#9;&#9;&#9;&#9;&#9;}&#13;&#10;&#9;&#9;&#9;&#9;}&#13;&#10;&#13;&#10;&#9;&#9;&#9;&#9;updateGameStateDisplay();&#13;&#10;&#13;&#10;&#9;&#9;&#9;&#9;player.updatePlayerInfo();&#13;&#10;&#9;&#9;&#9;&#9;roleNum = (roleNum + 1) % players.size();&#13;&#10;&#13;&#10;&#9;&#9;&#9;}&#13;&#10;&#9;&#9;&#9;if (gameState.victoryPoints &lt;= 0) {&#13;&#10;&#9;&#9;&#9;&#9;gameState.isGameEndState = true;&#13;&#10;&#9;&#9;&#9;}&#13;&#10;&#9;&#9;&#9;// warehouse stuff&#13;&#10;&#9;&#9;&#9;for (int j = 0; j &lt; players.size(); j++) {&#13;&#10;&#9;&#9;&#9;&#9;player = players.get(roleNum);&#13;&#10;&#13;&#10;&#9;&#9;&#9;&#9;ArrayList&lt;String&gt; goodList = new ArrayList&lt;String&gt;();&#13;&#10;&#9;&#9;&#9;&#9;for (String s : player.getAllGoods()) {&#13;&#10;&#9;&#9;&#9;&#9;&#9;int n = player.getNumberOfGood(s);&#13;&#10;&#9;&#9;&#9;&#9;&#9;if (n &gt; 0) {&#13;&#10;&#9;&#9;&#9;&#9;&#9;&#9;goodList.add(s);&#13;&#10;&#9;&#9;&#9;&#9;&#9;}&#13;&#10;&#9;&#9;&#9;&#9;}&#13;&#10;&#9;&#9;&#9;&#9;goodList.add(&quot;Nothing&quot;);&#13;&#10;&#9;&#9;&#9;&#9;Object[] options = goodList.toArray();&#13;&#10;&#13;&#10;&#9;&#9;&#9;&#9;ArrayList&lt;String&gt; storeGood = new ArrayList&lt;String&gt;();&#13;&#10;&#9;&#9;&#9;&#9;int good = JOptionPane.showOptionDialog(this.mainframe,&#13;&#10;&#9;&#9;&#9;&#9;&#9;&#9;&quot;Choose a good to store!&quot;, &quot;Player &quot; + (roleNum),&#13;&#10;&#9;&#9;&#9;&#9;&#9;&#9;JOptionPane.YES_NO_CANCEL_OPTION,&#13;&#10;&#9;&#9;&#9;&#9;&#9;&#9;JOptionPane.QUESTION_MESSAGE, null, options,&#13;&#10;&#9;&#9;&#9;&#9;&#9;&#9;options[options.length - 1]);&#13;&#10;&#13;&#10;&#9;&#9;&#9;&#9;if (good != options.length - 1) {&#13;&#10;&#9;&#9;&#9;&#9;&#9;String goodString = (String) options[good];&#13;&#10;&#9;&#9;&#9;&#9;&#9;storeGood.add(goodString);&#13;&#10;&#9;&#9;&#9;&#9;&#9;player.sellGood(goodString, 1);&#13;&#10;&#9;&#9;&#9;&#9;}&#13;&#10;&#13;&#10;&#9;&#9;&#9;&#9;if (player.ownsOccupiedBuilding(&quot;Large Warehouse&quot;)) {&#13;&#10;&#9;&#9;&#9;&#9;&#9;goodList = new ArrayList&lt;String&gt;();&#13;&#10;&#9;&#9;&#9;&#9;&#9;for (String s : player.getAllGoods()) {&#13;&#10;&#9;&#9;&#9;&#9;&#9;&#9;int n = player.getNumberOfGood(s);&#13;&#10;&#9;&#9;&#9;&#9;&#9;&#9;if (n &gt; 0) {&#13;&#10;&#9;&#9;&#9;&#9;&#9;&#9;&#9;goodList.add(s);&#13;&#10;&#9;&#9;&#9;&#9;&#9;&#9;}&#13;&#10;&#9;&#9;&#9;&#9;&#9;}&#13;&#10;&#9;&#9;&#9;&#9;&#9;goodList.add(&quot;Nothing&quot;);&#13;&#10;&#9;&#9;&#9;&#9;&#9;options = goodList.toArray();&#13;&#10;&#9;&#9;&#9;&#9;&#9;int firstGood = JOptionPane.showOptionDialog(&#13;&#10;&#9;&#9;&#9;&#9;&#9;&#9;&#9;this.mainframe, &quot;Choose a good to store!&quot;,&#13;&#10;&#9;&#9;&#9;&#9;&#9;&#9;&#9;&quot;Player &quot; + (roleNum),&#13;&#10;&#9;&#9;&#9;&#9;&#9;&#9;&#9;JOptionPane.YES_NO_CANCEL_OPTION,&#13;&#10;&#9;&#9;&#9;&#9;&#9;&#9;&#9;JOptionPane.QUESTION_MESSAGE, null, options,&#13;&#10;&#9;&#9;&#9;&#9;&#9;&#9;&#9;options[options.length - 1]);&#13;&#10;&#9;&#9;&#9;&#9;&#9;if (firstGood != options.length - 1) {&#13;&#10;&#9;&#9;&#9;&#9;&#9;&#9;String goodString = (String) options[firstGood];&#13;&#10;&#9;&#9;&#9;&#9;&#9;&#9;storeGood.add(goodString);&#13;&#10;&#9;&#9;&#9;&#9;&#9;&#9;player.sellGood(goodString, 1);&#13;&#10;&#9;&#9;&#9;&#9;&#9;&#9;player.getBuilding(&quot;Large Warehouse&quot;).storedGood = options[firstGood]&#13;&#10;&#9;&#9;&#9;&#9;&#9;&#9;&#9;&#9;.toString();&#13;&#10;&#9;&#9;&#9;&#9;&#9;&#9;player.getBuilding(&quot;Large Warehouse&quot;).amountOfStoredGood++;&#13;&#10;&#9;&#9;&#9;&#9;&#9;}&#13;&#10;&#9;&#9;&#9;&#9;&#9;goodList = new ArrayList&lt;String&gt;();&#13;&#10;&#9;&#9;&#9;&#9;&#9;for (String s : player.getAllGoods()) {&#13;&#10;&#9;&#9;&#9;&#9;&#9;&#9;int n = player.getNumberOfGood(s);&#13;&#10;&#9;&#9;&#9;&#9;&#9;&#9;if (n &gt; 0) {&#13;&#10;&#9;&#9;&#9;&#9;&#9;&#9;&#9;goodList.add(s);&#13;&#10;&#9;&#9;&#9;&#9;&#9;&#9;}&#13;&#10;&#9;&#9;&#9;&#9;&#9;}&#13;&#10;&#9;&#9;&#9;&#9;&#9;goodList.add(&quot;Nothing&quot;);&#13;&#10;&#9;&#9;&#9;&#9;&#9;options = goodList.toArray();&#13;&#10;&#9;&#9;&#9;&#9;&#9;int secondGood = JOptionPane.showOptionDialog(&#13;&#10;&#9;&#9;&#9;&#9;&#9;&#9;&#9;this.mainframe, &quot;Choose a good to store!&quot;,&#13;&#10;&#9;&#9;&#9;&#9;&#9;&#9;&#9;&quot;Player &quot; + (roleNum),&#13;&#10;&#9;&#9;&#9;&#9;&#9;&#9;&#9;JOptionPane.YES_NO_CANCEL_OPTION,&#13;&#10;&#9;&#9;&#9;&#9;&#9;&#9;&#9;JOptionPane.QUESTION_MESSAGE, null, options,&#13;&#10;&#9;&#9;&#9;&#9;&#9;&#9;&#9;options[options.length - 1]);&#13;&#10;&#13;&#10;&#9;&#9;&#9;&#9;&#9;if (secondGood != options.length - 1) {&#13;&#10;&#9;&#9;&#9;&#9;&#9;&#9;String goodString = (String) options[secondGood];&#13;&#10;&#9;&#9;&#9;&#9;&#9;&#9;storeGood.add(goodString);&#13;&#10;&#9;&#9;&#9;&#9;&#9;&#9;player.sellGood(goodString, 1);&#13;&#10;&#9;&#9;&#9;&#9;&#9;&#9;player.getBuilding(&quot;Large Warehouse&quot;).storedGood = options[secondGood]&#13;&#10;&#9;&#9;&#9;&#9;&#9;&#9;&#9;&#9;.toString();&#13;&#10;&#9;&#9;&#9;&#9;&#9;&#9;player.getBuilding(&quot;Large Warehouse&quot;).amountOfStoredGood++;&#13;&#10;&#9;&#9;&#9;&#9;&#9;}&#13;&#10;&#9;&#9;&#9;&#9;}&#13;&#10;&#9;&#9;&#9;&#9;if (player.ownsOccupiedBuilding(&quot;Small Warehouse&quot;)) {&#13;&#10;&#9;&#9;&#9;&#9;&#9;goodList = new ArrayList&lt;String&gt;();&#13;&#10;&#9;&#9;&#9;&#9;&#9;for (String s : player.getAllGoods()) {&#13;&#10;&#9;&#9;&#9;&#9;&#9;&#9;int n = player.getNumberOfGood(s);&#13;&#10;&#9;&#9;&#9;&#9;&#9;&#9;if (n &gt; 0) {&#13;&#10;&#9;&#9;&#9;&#9;&#9;&#9;&#9;goodList.add(s);&#13;&#10;&#9;&#9;&#9;&#9;&#9;&#9;}&#13;&#10;&#9;&#9;&#9;&#9;&#9;}&#13;&#10;&#9;&#9;&#9;&#9;&#9;goodList.add(&quot;Nothing&quot;);&#13;&#10;&#9;&#9;&#9;&#9;&#9;options = goodList.toArray();&#13;&#10;&#9;&#9;&#9;&#9;&#9;int g = JOptionPane.showOptionDialog(this.mainframe,&#13;&#10;&#9;&#9;&#9;&#9;&#9;&#9;&#9;&quot;Choose a good to store!&quot;, &quot;Player &quot; + (roleNum),&#13;&#10;&#9;&#9;&#9;&#9;&#9;&#9;&#9;JOptionPane.YES_NO_CANCEL_OPTION,&#13;&#10;&#9;&#9;&#9;&#9;&#9;&#9;&#9;JOptionPane.QUESTION_MESSAGE, null, options,&#13;&#10;&#9;&#9;&#9;&#9;&#9;&#9;&#9;options[options.length - 1]);&#13;&#10;&#9;&#9;&#9;&#9;&#9;if (g != options.length - 1) {&#13;&#10;&#9;&#9;&#9;&#9;&#9;&#9;String goodString = (String) options[g];&#13;&#10;&#9;&#9;&#9;&#9;&#9;&#9;storeGood.add(goodString);&#13;&#10;&#9;&#9;&#9;&#9;&#9;&#9;player.sellGood(goodString, 1);&#13;&#10;&#9;&#9;&#9;&#9;&#9;&#9;player.getBuilding(&quot;Small Warehouse&quot;).storedGood = options[g]&#13;&#10;&#9;&#9;&#9;&#9;&#9;&#9;&#9;&#9;.toString();&#13;&#10;&#9;&#9;&#9;&#9;&#9;&#9;player.getBuilding(&quot;Small Warehouse&quot;).amountOfStoredGood++;&#13;&#10;&#9;&#9;&#9;&#9;&#9;}&#13;&#10;&#9;&#9;&#9;&#9;}&#13;&#10;&#13;&#10;&#9;&#9;&#9;&#9;for (String s : storeGood) {&#13;&#10;&#9;&#9;&#9;&#9;&#9;player.addGood(s, 1);&#13;&#10;&#9;&#9;&#9;&#9;}&#13;&#10;&#13;&#10;&#9;&#9;&#9;&#9;updateGameStateDisplay();&#13;&#10;&#9;&#9;&#9;&#9;player.updatePlayerInfo();&#13;&#10;&#9;&#9;&#9;&#9;roleNum = (roleNum + 1) % players.size();&#13;&#10;&#9;&#9;&#9;}&#13;&#10;&#13;&#10;&#9;&#9;} else if (role.equals(PlayerRoles.Prospector)) {&#13;&#10;&#9;&#9;&#9;// :do nothing&#13;&#10;&#9;&#9;&#9;player.setDoubloons(player.getDoubloons() + 1);&#13;&#10;&#9;&#9;}&#13;&#10;&#9;&#9;gameState.updateAtEndOfTurn();&#13;&#10;&#9;&#9;updateGameStateDisplay();&#13;&#10;&#13;&#10;&#9;}&#13;&#10;&#13;&#10;}&#13;&#10;" Filename="GameBoardGUI.java" Intrnl_Id="7"/>
<SrcFile Content="package csse376_puerto_rico;&#13;&#10;&#13;&#10;import java.awt.event.ActionEvent;&#13;&#10;import java.awt.event.ActionListener;&#13;&#10;&#13;&#10;import javax.swing.ButtonGroup;&#13;&#10;import javax.swing.JFrame;&#13;&#10;&#13;&#10;public class ButtonHandler implements ActionListener {&#13;&#10;&#9;&#13;&#10;&#9;private JFrame mainframe;&#13;&#10;&#9;private ButtonGroup bGroup;&#13;&#10;&#13;&#10;&#9;public ButtonHandler(JFrame frame, ButtonGroup group) {&#13;&#10;&#9;&#9;this.mainframe = frame;&#13;&#10;&#9;&#9;this.bGroup = group;&#13;&#10;&#9;}&#13;&#10;&#13;&#10;&#9;@Override&#13;&#10;&#9;public void actionPerformed(ActionEvent ae) {&#13;&#10;&#9;&#9;String action = ae.getActionCommand();&#13;&#10;&#9;&#9;if(action.equals(&quot;Quit&quot;)){&#13;&#10;&#9;&#9;&#9;System.exit(0);&#13;&#10;&#9;&#9;}else if(action.equals(&quot;New Game&quot;)){&#13;&#10;&#9;&#9;&#9;new StartUpGameBoardGUI(this.mainframe);&#13;&#10;&#9;&#9;}else if(action.equals(&quot;Start&quot;)){&#13;&#10;&#9;&#9;&#9;new GameBoardGUI(this.mainframe, this.bGroup);&#13;&#10;&#9;&#9;}else if(action.equals(&quot;Add Points&quot;)){&#13;&#10;&#9;&#9;&#9;&#13;&#10;&#9;&#9;}&#13;&#10;&#9;}&#13;&#10;&#13;&#10;}&#13;&#10;" Filename="ButtonHandler.java" Intrnl_Id="8"/>
<SrcFile Content="package csse376_puerto_rico;&#13;&#10;&#13;&#10;import java.util.ArrayList;&#13;&#10;import java.util.Arrays;&#13;&#10;import java.util.List;&#13;&#10;&#13;&#10;public class Buildings {&#13;&#10;&#13;&#10;&#9;private ArrayList&lt;Building&gt; buildings;&#13;&#10;&#9;private ArrayList&lt;String&gt; buildingNames = new ArrayList&lt;String&gt;(Arrays.asList(&quot;Small Indigo Plant&quot;,&#13;&#10;&#9;&#9;&#9;&quot;Small Sugar Mill&quot;, &quot;Small Market&quot;, &quot;Hacienda&quot;, &quot;Construction Hut&quot;,&#13;&#10;&#9;&#9;&#9;&quot;Small Warehouse&quot;, &quot;Indigo Plant&quot;, &quot;Sugar Mill&quot;, &quot;Hospice&quot;, &quot;Office&quot;,&#13;&#10;&#9;&#9;&#9;&quot;Large Market&quot;, &quot;Large Warehouse&quot;, &quot;Tobacco Storage&quot;, &quot;Coffee Roaster&quot;,&#13;&#10;&#9;&#9;&#9;&quot;Factory&quot;, &quot;University&quot;, &quot;Harbor&quot;, &quot;Wharf&quot;));&#13;&#10;&#13;&#10;&#9;public Buildings() {&#13;&#10;&#9;&#9;buildings = new ArrayList&lt;Building&gt;();&#13;&#10;&#13;&#10;&#9;&#9;for (String name : buildingNames) {&#13;&#10;&#9;&#9;&#9;buildings.add(new Building(name));&#13;&#10;&#9;&#9;}&#13;&#10;&#13;&#10;&#9;}&#13;&#10;&#13;&#10;&#9;public ArrayList&lt;Building&gt; getBuildings() {&#13;&#10;&#13;&#10;&#9;&#9;return buildings;&#13;&#10;&#9;}&#13;&#10;&#13;&#10;&#9;public ArrayList&lt;String&gt; getBuildingNames() {&#13;&#10;&#9;&#9;return buildingNames;&#13;&#10;&#9;}&#13;&#10;&#13;&#10;&#13;&#10;}&#13;&#10;" Filename="Buildings.java" Intrnl_Id="9"/>
</SrcFileList>
<CritList>
<CritListEntry Name="org.codecover.model.utils.criteria.LoopCoverage" PluginName="org.codecover"/>
<CritListEntry Name="org.codecover.model.utils.criteria.BranchCoverage" PluginName="org.codecover"/>
<CritListEntry Name="org.codecover.model.utils.criteria.ConditionCoverage" PluginName="org.codecover"/>
<CritListEntry Name="org.codecover.model.utils.criteria.SynchronizedStatementCoverage" PluginName="org.codecover"/>
<CritListEntry Name="org.codecover.model.utils.criteria.QMOCoverage" PluginName="org.codecover"/>
<CritListEntry Name="org.codecover.model.utils.criteria.StatementCoverage" PluginName="org.codecover"/>
</CritList>
<BoolOpList>
<BoolOp Arity="1" Intrnl_Id="10" Name="not (!)">
<BoolAssgnmntBoolMapList>
<MapEntry BoolAssgnmnt="0" Value="true"/>
<MapEntry BoolAssgnmnt="1" Value="false"/>
</BoolAssgnmntBoolMapList>
</BoolOp>
<BoolOp Arity="2" Intrnl_Id="11" Name="conditional and (&amp;&amp;)">
<BoolAssgnmntBoolMapList>
<MapEntry BoolAssgnmnt="10" Value="false"/>
<MapEntry BoolAssgnmnt="02" Value="false"/>
<MapEntry BoolAssgnmnt="11" Value="true"/>
</BoolAssgnmntBoolMapList>
</BoolOp>
<BoolOp Arity="2" Intrnl_Id="12" Name="conditional or (||)">
<BoolAssgnmntBoolMapList>
<MapEntry BoolAssgnmnt="01" Value="true"/>
<MapEntry BoolAssgnmnt="00" Value="false"/>
<MapEntry BoolAssgnmnt="12" Value="true"/>
</BoolAssgnmntBoolMapList>
</BoolOp>
</BoolOpList>
<HierarchyLvlTypeList>
<HierarchyLvlType EnglishName="package" IntrnlName="package" Intrnl_Id="13"/>
<HierarchyLvlType EnglishName="class" IntrnlName="class" Intrnl_Id="14"/>
<HierarchyLvlType EnglishName="method" IntrnlName="method" Intrnl_Id="15"/>
<HierarchyLvlType EnglishName="default package" IntrnlName="default package" Intrnl_Id="16"/>
</HierarchyLvlTypeList>
<MASTRoot>
<HierarchyLvl HierarchyLvlId="254" HierarchyLvlTypeId="16" Intrnl_Id="17" Name="default package">
<Header/>
<LocList/>
<HierarchyLvl HierarchyLvlId="253" HierarchyLvlTypeId="13" Intrnl_Id="18" Name="csse376_puerto_rico">
<Header/>
<LocList/>
<HierarchyLvl HierarchyLvlId="171" HierarchyLvlTypeId="14" Intrnl_Id="19" Name="StartUpGameBoardGUI">
<Header>
<Loc EndOffset="234" SrcFileId="1" StartOffset="202"/>
</Header>
<LocList>
<Loc EndOffset="1071" SrcFileId="1" StartOffset="202"/>
</LocList>
<HierarchyLvl HierarchyLvlId="170" HierarchyLvlTypeId="15" Intrnl_Id="20" Name="StartUpGameBoardGUI">
<Header>
<Loc EndOffset="307" SrcFileId="1" StartOffset="267"/>
</Header>
<LocList>
<Loc EndOffset="1068" SrcFileId="1" StartOffset="267"/>
</LocList>
<StmntSeq Intrnl_Id="21">
<LocList>
<Loc EndOffset="335" SrcFileId="1" StartOffset="312"/>
<Loc EndOffset="382" SrcFileId="1" StartOffset="338"/>
<Loc EndOffset="430" SrcFileId="1" StartOffset="385"/>
<Loc EndOffset="475" SrcFileId="1" StartOffset="433"/>
<Loc EndOffset="520" SrcFileId="1" StartOffset="478"/>
<Loc EndOffset="556" SrcFileId="1" StartOffset="524"/>
<Loc EndOffset="600" SrcFileId="1" StartOffset="562"/>
<Loc EndOffset="650" SrcFileId="1" StartOffset="603"/>
<Loc EndOffset="701" SrcFileId="1" StartOffset="653"/>
<Loc EndOffset="752" SrcFileId="1" StartOffset="704"/>
<Loc EndOffset="770" SrcFileId="1" StartOffset="755"/>
<Loc EndOffset="788" SrcFileId="1" StartOffset="773"/>
<Loc EndOffset="806" SrcFileId="1" StartOffset="791"/>
<Loc EndOffset="855" SrcFileId="1" StartOffset="812"/>
<Loc EndOffset="930" SrcFileId="1" StartOffset="858"/>
<Loc EndOffset="955" SrcFileId="1" StartOffset="936"/>
<Loc EndOffset="977" SrcFileId="1" StartOffset="958"/>
<Loc EndOffset="999" SrcFileId="1" StartOffset="980"/>
<Loc EndOffset="1029" SrcFileId="1" StartOffset="1002"/>
<Loc EndOffset="1065" SrcFileId="1" StartOffset="1035"/>
</LocList>
<BasicStmnt CovItemId="S1" CovItemPrefix="csse376_puerto_rico.StartUpGameBoardGUI.java" Intrnl_Id="22">
<LocList>
<Loc EndOffset="335" SrcFileId="1" StartOffset="312"/>
</LocList>
</BasicStmnt>
<BasicStmnt CovItemId="S2" CovItemPrefix="csse376_puerto_rico.StartUpGameBoardGUI.java" Intrnl_Id="23">
<LocList>
<Loc EndOffset="382" SrcFileId="1" StartOffset="338"/>
</LocList>
</BasicStmnt>
<BasicStmnt CovItemId="S3" CovItemPrefix="csse376_puerto_rico.StartUpGameBoardGUI.java" Intrnl_Id="24">
<LocList>
<Loc EndOffset="430" SrcFileId="1" StartOffset="385"/>
</LocList>
</BasicStmnt>
<BasicStmnt CovItemId="S4" CovItemPrefix="csse376_puerto_rico.StartUpGameBoardGUI.java" Intrnl_Id="25">
<LocList>
<Loc EndOffset="475" SrcFileId="1" StartOffset="433"/>
</LocList>
</BasicStmnt>
<BasicStmnt CovItemId="S5" CovItemPrefix="csse376_puerto_rico.StartUpGameBoardGUI.java" Intrnl_Id="26">
<LocList>
<Loc EndOffset="520" SrcFileId="1" StartOffset="478"/>
</LocList>
</BasicStmnt>
<BasicStmnt CovItemId="S6" CovItemPrefix="csse376_puerto_rico.StartUpGameBoardGUI.java" Intrnl_Id="27">
<LocList>
<Loc EndOffset="556" SrcFileId="1" StartOffset="524"/>
</LocList>
</BasicStmnt>
<BasicStmnt CovItemId="S7" CovItemPrefix="csse376_puerto_rico.StartUpGameBoardGUI.java" Intrnl_Id="28">
<LocList>
<Loc EndOffset="600" SrcFileId="1" StartOffset="562"/>
</LocList>
</BasicStmnt>
<BasicStmnt CovItemId="S8" CovItemPrefix="csse376_puerto_rico.StartUpGameBoardGUI.java" Intrnl_Id="29">
<LocList>
<Loc EndOffset="650" SrcFileId="1" StartOffset="603"/>
</LocList>
</BasicStmnt>
<BasicStmnt CovItemId="S9" CovItemPrefix="csse376_puerto_rico.StartUpGameBoardGUI.java" Intrnl_Id="30">
<LocList>
<Loc EndOffset="701" SrcFileId="1" StartOffset="653"/>
</LocList>
</BasicStmnt>
<BasicStmnt CovItemId="S10" CovItemPrefix="csse376_puerto_rico.StartUpGameBoardGUI.java" Intrnl_Id="31">
<LocList>
<Loc EndOffset="752" SrcFileId="1" StartOffset="704"/>
</LocList>
</BasicStmnt>
<BasicStmnt CovItemId="S11" CovItemPrefix="csse376_puerto_rico.StartUpGameBoardGUI.java" Intrnl_Id="32">
<LocList>
<Loc EndOffset="770" SrcFileId="1" StartOffset="755"/>
</LocList>
</BasicStmnt>
<BasicStmnt CovItemId="S12" CovItemPrefix="csse376_puerto_rico.StartUpGameBoardGUI.java" Intrnl_Id="33">
<LocList>
<Loc EndOffset="788" SrcFileId="1" StartOffset="773"/>
</LocList>
</BasicStmnt>
<BasicStmnt CovItemId="S13" CovItemPrefix="csse376_puerto_rico.StartUpGameBoardGUI.java" Intrnl_Id="34">
<LocList>
<Loc EndOffset="806" SrcFileId="1" StartOffset="791"/>
</LocList>
</BasicStmnt>
<BasicStmnt CovItemId="S14" CovItemPrefix="csse376_puerto_rico.StartUpGameBoardGUI.java" Intrnl_Id="35">
<LocList>
<Loc EndOffset="855" SrcFileId="1" StartOffset="812"/>
</LocList>
</BasicStmnt>
<BasicStmnt CovItemId="S15" CovItemPrefix="csse376_puerto_rico.StartUpGameBoardGUI.java" Intrnl_Id="36">
<LocList>
<Loc EndOffset="930" SrcFileId="1" StartOffset="858"/>
</LocList>
</BasicStmnt>
<BasicStmnt CovItemId="S16" CovItemPrefix="csse376_puerto_rico.StartUpGameBoardGUI.java" Intrnl_Id="37">
<LocList>
<Loc EndOffset="955" SrcFileId="1" StartOffset="936"/>
</LocList>
</BasicStmnt>
<BasicStmnt CovItemId="S17" CovItemPrefix="csse376_puerto_rico.StartUpGameBoardGUI.java" Intrnl_Id="38">
<LocList>
<Loc EndOffset="977" SrcFileId="1" StartOffset="958"/>
</LocList>
</BasicStmnt>
<BasicStmnt CovItemId="S18" CovItemPrefix="csse376_puerto_rico.StartUpGameBoardGUI.java" Intrnl_Id="39">
<LocList>
<Loc EndOffset="999" SrcFileId="1" StartOffset="980"/>
</LocList>
</BasicStmnt>
<BasicStmnt CovItemId="S19" CovItemPrefix="csse376_puerto_rico.StartUpGameBoardGUI.java" Intrnl_Id="40">
<LocList>
<Loc EndOffset="1029" SrcFileId="1" StartOffset="1002"/>
</LocList>
</BasicStmnt>
<BasicStmnt CovItemId="S20" CovItemPrefix="csse376_puerto_rico.StartUpGameBoardGUI.java" Intrnl_Id="41">
<LocList>
<Loc EndOffset="1065" SrcFileId="1" StartOffset="1035"/>
</LocList>
</BasicStmnt>
</StmntSeq>
</HierarchyLvl>
</HierarchyLvl>
<HierarchyLvl HierarchyLvlId="174" HierarchyLvlTypeId="14" Intrnl_Id="42" Name="PlayerRoles">
<Header>
<Loc EndOffset="184" SrcFileId="2" StartOffset="160"/>
</Header>
<LocList>
<Loc EndOffset="862" SrcFileId="2" StartOffset="160"/>
</LocList>
<StmntSeq Intrnl_Id="43">
<LocList>
<Loc EndOffset="236" SrcFileId="2" StartOffset="189"/>
<Loc EndOffset="286" SrcFileId="2" StartOffset="239"/>
<Loc EndOffset="340" SrcFileId="2" StartOffset="289"/>
<Loc EndOffset="388" SrcFileId="2" StartOffset="343"/>
<Loc EndOffset="438" SrcFileId="2" StartOffset="391"/>
<Loc EndOffset="494" SrcFileId="2" StartOffset="441"/>
<Loc EndOffset="540" SrcFileId="2" StartOffset="497"/>
</LocList>
<BasicStmnt CovItemId="S1" CovItemPrefix="csse376_puerto_rico.PlayerRoles.java" Intrnl_Id="44">
<LocList>
<Loc EndOffset="236" SrcFileId="2" StartOffset="189"/>
</LocList>
</BasicStmnt>
<BasicStmnt CovItemId="S2" CovItemPrefix="csse376_puerto_rico.PlayerRoles.java" Intrnl_Id="45">
<LocList>
<Loc EndOffset="286" SrcFileId="2" StartOffset="239"/>
</LocList>
</BasicStmnt>
<BasicStmnt CovItemId="S3" CovItemPrefix="csse376_puerto_rico.PlayerRoles.java" Intrnl_Id="46">
<LocList>
<Loc EndOffset="340" SrcFileId="2" StartOffset="289"/>
</LocList>
</BasicStmnt>
<BasicStmnt CovItemId="S4" CovItemPrefix="csse376_puerto_rico.PlayerRoles.java" Intrnl_Id="47">
<LocList>
<Loc EndOffset="388" SrcFileId="2" StartOffset="343"/>
</LocList>
</BasicStmnt>
<BasicStmnt CovItemId="S5" CovItemPrefix="csse376_puerto_rico.PlayerRoles.java" Intrnl_Id="48">
<LocList>
<Loc EndOffset="438" SrcFileId="2" StartOffset="391"/>
</LocList>
</BasicStmnt>
<BasicStmnt CovItemId="S6" CovItemPrefix="csse376_puerto_rico.PlayerRoles.java" Intrnl_Id="49">
<LocList>
<Loc EndOffset="494" SrcFileId="2" StartOffset="441"/>
</LocList>
</BasicStmnt>
<BasicStmnt CovItemId="S7" CovItemPrefix="csse376_puerto_rico.PlayerRoles.java" Intrnl_Id="50">
<LocList>
<Loc EndOffset="540" SrcFileId="2" StartOffset="497"/>
</LocList>
</BasicStmnt>
</StmntSeq>
<HierarchyLvl HierarchyLvlId="172" HierarchyLvlTypeId="15" Intrnl_Id="51" Name="PlayerRoles">
<Header>
<Loc EndOffset="566" SrcFileId="2" StartOffset="545"/>
</Header>
<LocList>
<Loc EndOffset="595" SrcFileId="2" StartOffset="545"/>
</LocList>
</HierarchyLvl>
<HierarchyLvl HierarchyLvlId="173" HierarchyLvlTypeId="15" Intrnl_Id="52" Name="getValues">
<Header>
<Loc EndOffset="638" SrcFileId="2" StartOffset="600"/>
</Header>
<LocList>
<Loc EndOffset="859" SrcFileId="2" StartOffset="600"/>
</LocList>
<StmntSeq Intrnl_Id="53">
<LocList>
<Loc EndOffset="687" SrcFileId="2" StartOffset="644"/>
<Loc EndOffset="710" SrcFileId="2" StartOffset="693"/>
<Loc EndOffset="731" SrcFileId="2" StartOffset="714"/>
<Loc EndOffset="754" SrcFileId="2" StartOffset="735"/>
<Loc EndOffset="774" SrcFileId="2" StartOffset="758"/>
<Loc EndOffset="795" SrcFileId="2" StartOffset="778"/>
<Loc EndOffset="819" SrcFileId="2" StartOffset="799"/>
<Loc EndOffset="838" SrcFileId="2" StartOffset="823"/>
<Loc EndOffset="855" SrcFileId="2" StartOffset="844"/>
</LocList>
<BasicStmnt CovItemId="S8" CovItemPrefix="csse376_puerto_rico.PlayerRoles.java" Intrnl_Id="54">
<LocList>
<Loc EndOffset="687" SrcFileId="2" StartOffset="644"/>
</LocList>
</BasicStmnt>
<BasicStmnt CovItemId="S9" CovItemPrefix="csse376_puerto_rico.PlayerRoles.java" Intrnl_Id="55">
<LocList>
<Loc EndOffset="710" SrcFileId="2" StartOffset="693"/>
</LocList>
</BasicStmnt>
<BasicStmnt CovItemId="S10" CovItemPrefix="csse376_puerto_rico.PlayerRoles.java" Intrnl_Id="56">
<LocList>
<Loc EndOffset="731" SrcFileId="2" StartOffset="714"/>
</LocList>
</BasicStmnt>
<BasicStmnt CovItemId="S11" CovItemPrefix="csse376_puerto_rico.PlayerRoles.java" Intrnl_Id="57">
<LocList>
<Loc EndOffset="754" SrcFileId="2" StartOffset="735"/>
</LocList>
</BasicStmnt>
<BasicStmnt CovItemId="S12" CovItemPrefix="csse376_puerto_rico.PlayerRoles.java" Intrnl_Id="58">
<LocList>
<Loc EndOffset="774" SrcFileId="2" StartOffset="758"/>
</LocList>
</BasicStmnt>
<BasicStmnt CovItemId="S13" CovItemPrefix="csse376_puerto_rico.PlayerRoles.java" Intrnl_Id="59">
<LocList>
<Loc EndOffset="795" SrcFileId="2" StartOffset="778"/>
</LocList>
</BasicStmnt>
<BasicStmnt CovItemId="S14" CovItemPrefix="csse376_puerto_rico.PlayerRoles.java" Intrnl_Id="60">
<LocList>
<Loc EndOffset="819" SrcFileId="2" StartOffset="799"/>
</LocList>
</BasicStmnt>
<BasicStmnt CovItemId="S15" CovItemPrefix="csse376_puerto_rico.PlayerRoles.java" Intrnl_Id="61">
<LocList>
<Loc EndOffset="838" SrcFileId="2" StartOffset="823"/>
</LocList>
</BasicStmnt>
<BasicStmnt CovItemId="S16" CovItemPrefix="csse376_puerto_rico.PlayerRoles.java" Intrnl_Id="62">
<LocList>
<Loc EndOffset="855" SrcFileId="2" StartOffset="844"/>
</LocList>
</BasicStmnt>
</StmntSeq>
</HierarchyLvl>
</HierarchyLvl>
<HierarchyLvl HierarchyLvlId="212" HierarchyLvlTypeId="14" Intrnl_Id="63" Name="Player">
<Header>
<Loc EndOffset="192" SrcFileId="3" StartOffset="173"/>
</Header>
<LocList>
<Loc EndOffset="445" SrcFileId="3" StartOffset="173"/>
<Loc EndOffset="723" SrcFileId="3" StartOffset="716"/>
<Loc EndOffset="6722" SrcFileId="3" StartOffset="927"/>
</LocList>
<StmntSeq Intrnl_Id="64">
<LocList>
<Loc EndOffset="369" SrcFileId="3" StartOffset="346"/>
<Loc EndOffset="440" SrcFileId="3" StartOffset="374"/>
<Loc EndOffset="1004" SrcFileId="3" StartOffset="932"/>
<Loc EndOffset="1079" SrcFileId="3" StartOffset="1007"/>
<Loc EndOffset="1142" SrcFileId="3" StartOffset="1082"/>
</LocList>
<BasicStmnt CovItemId="S1" CovItemPrefix="csse376_puerto_rico.Player.java" Intrnl_Id="65">
<LocList>
<Loc EndOffset="369" SrcFileId="3" StartOffset="346"/>
</LocList>
</BasicStmnt>
<BasicStmnt CovItemId="S2" CovItemPrefix="csse376_puerto_rico.Player.java" Intrnl_Id="66">
<LocList>
<Loc EndOffset="440" SrcFileId="3" StartOffset="374"/>
</LocList>
</BasicStmnt>
<BasicStmnt CovItemId="S5" CovItemPrefix="csse376_puerto_rico.Player.java" Intrnl_Id="67">
<LocList>
<Loc EndOffset="1004" SrcFileId="3" StartOffset="932"/>
</LocList>
</BasicStmnt>
<BasicStmnt CovItemId="S6" CovItemPrefix="csse376_puerto_rico.Player.java" Intrnl_Id="68">
<LocList>
<Loc EndOffset="1079" SrcFileId="3" StartOffset="1007"/>
</LocList>
</BasicStmnt>
<BasicStmnt CovItemId="S7" CovItemPrefix="csse376_puerto_rico.Player.java" Intrnl_Id="69">
<LocList>
<Loc EndOffset="1142" SrcFileId="3" StartOffset="1082"/>
</LocList>
</BasicStmnt>
</StmntSeq>
<HierarchyLvl HierarchyLvlId="175" HierarchyLvlTypeId="14" Intrnl_Id="70" Name="Good">
<Header>
<Loc EndOffset="469" SrcFileId="3" StartOffset="445"/>
</Header>
<LocList>
<Loc EndOffset="716" SrcFileId="3" StartOffset="445"/>
</LocList>
</HierarchyLvl>
<HierarchyLvl HierarchyLvlId="177" HierarchyLvlTypeId="14" Intrnl_Id="71" Name="Plantation">
<Header>
<Loc EndOffset="753" SrcFileId="3" StartOffset="723"/>
</Header>
<LocList>
<Loc EndOffset="927" SrcFileId="3" StartOffset="723"/>
</LocList>
<HierarchyLvl HierarchyLvlId="176" HierarchyLvlTypeId="15" Intrnl_Id="72" Name="Plantation">
<Header>
<Loc EndOffset="862" SrcFileId="3" StartOffset="813"/>
</Header>
<LocList>
<Loc EndOffset="923" SrcFileId="3" StartOffset="813"/>
</LocList>
<StmntSeq Intrnl_Id="73">
<LocList>
<Loc EndOffset="886" SrcFileId="3" StartOffset="869"/>
<Loc EndOffset="918" SrcFileId="3" StartOffset="891"/>
</LocList>
<BasicStmnt CovItemId="S3" CovItemPrefix="csse376_puerto_rico.Player.java" Intrnl_Id="74">
<LocList>
<Loc EndOffset="886" SrcFileId="3" StartOffset="869"/>
</LocList>
</BasicStmnt>
<BasicStmnt CovItemId="S4" CovItemPrefix="csse376_puerto_rico.Player.java" Intrnl_Id="75">
<LocList>
<Loc EndOffset="918" SrcFileId="3" StartOffset="891"/>
</LocList>
</BasicStmnt>
</StmntSeq>
</HierarchyLvl>
</HierarchyLvl>
<HierarchyLvl HierarchyLvlId="178" HierarchyLvlTypeId="15" Intrnl_Id="76" Name="Player">
<Header>
<Loc EndOffset="1201" SrcFileId="3" StartOffset="1186"/>
</Header>
<LocList>
<Loc EndOffset="1398" SrcFileId="3" StartOffset="1186"/>
</LocList>
<StmntSeq Intrnl_Id="77">
<LocList>
<Loc EndOffset="1226" SrcFileId="3" StartOffset="1207"/>
<Loc EndOffset="1244" SrcFileId="3" StartOffset="1230"/>
<Loc EndOffset="1263" SrcFileId="3" StartOffset="1248"/>
<Loc EndOffset="1291" SrcFileId="3" StartOffset="1267"/>
<Loc EndOffset="1322" SrcFileId="3" StartOffset="1295"/>
<Loc EndOffset="1394" SrcFileId="3" StartOffset="1326"/>
</LocList>
<BasicStmnt CovItemId="S8" CovItemPrefix="csse376_puerto_rico.Player.java" Intrnl_Id="78">
<LocList>
<Loc EndOffset="1226" SrcFileId="3" StartOffset="1207"/>
</LocList>
</BasicStmnt>
<BasicStmnt CovItemId="S9" CovItemPrefix="csse376_puerto_rico.Player.java" Intrnl_Id="79">
<LocList>
<Loc EndOffset="1244" SrcFileId="3" StartOffset="1230"/>
</LocList>
</BasicStmnt>
<BasicStmnt CovItemId="S10" CovItemPrefix="csse376_puerto_rico.Player.java" Intrnl_Id="80">
<LocList>
<Loc EndOffset="1263" SrcFileId="3" StartOffset="1248"/>
</LocList>
</BasicStmnt>
<BasicStmnt CovItemId="S11" CovItemPrefix="csse376_puerto_rico.Player.java" Intrnl_Id="81">
<LocList>
<Loc EndOffset="1291" SrcFileId="3" StartOffset="1267"/>
</LocList>
</BasicStmnt>
<BasicStmnt CovItemId="S12" CovItemPrefix="csse376_puerto_rico.Player.java" Intrnl_Id="82">
<LocList>
<Loc EndOffset="1322" SrcFileId="3" StartOffset="1295"/>
</LocList>
</BasicStmnt>
<LoopStmnt CovItemId="S13" CovItemPrefix="csse376_puerto_rico.Player.java" Intrnl_Id="83" MltplExecId="L1-2" MltplExecPrefix="csse376_puerto_rico.Player.java" NvrExecId="L1-0" NvrExecPrefix="csse376_puerto_rico.Player.java" OnceExecutedId="L1-1" OnceExecutedPrefix="csse376_puerto_rico.Player.java" OptBodyExec="true">
<StmntSeq Intrnl_Id="84">
<LocList>
<Loc EndOffset="1389" SrcFileId="3" StartOffset="1368"/>
</LocList>
<BasicStmnt CovItemId="S14" CovItemPrefix="csse376_puerto_rico.Player.java" Intrnl_Id="85">
<LocList>
<Loc EndOffset="1389" SrcFileId="3" StartOffset="1368"/>
</LocList>
</BasicStmnt>
</StmntSeq>
<Keyword EndOffset="1329" SrcFileId="3" StartOffset="1326"/>
<LocList>
<Loc EndOffset="1394" SrcFileId="3" StartOffset="1326"/>
</LocList>
</LoopStmnt>
</StmntSeq>
</HierarchyLvl>
<HierarchyLvl HierarchyLvlId="179" HierarchyLvlTypeId="15" Intrnl_Id="86" Name="Player">
<Header>
<Loc EndOffset="1429" SrcFileId="3" StartOffset="1403"/>
</Header>
<LocList>
<Loc EndOffset="1623" SrcFileId="3" StartOffset="1403"/>
</LocList>
<StmntSeq Intrnl_Id="87">
<LocList>
<Loc EndOffset="1452" SrcFileId="3" StartOffset="1435"/>
<Loc EndOffset="1475" SrcFileId="3" StartOffset="1456"/>
<Loc EndOffset="1503" SrcFileId="3" StartOffset="1479"/>
<Loc EndOffset="1527" SrcFileId="3" StartOffset="1507"/>
<Loc EndOffset="1547" SrcFileId="3" StartOffset="1531"/>
<Loc EndOffset="1619" SrcFileId="3" StartOffset="1551"/>
</LocList>
<BasicStmnt CovItemId="S15" CovItemPrefix="csse376_puerto_rico.Player.java" Intrnl_Id="88">
<LocList>
<Loc EndOffset="1452" SrcFileId="3" StartOffset="1435"/>
</LocList>
</BasicStmnt>
<BasicStmnt CovItemId="S16" CovItemPrefix="csse376_puerto_rico.Player.java" Intrnl_Id="89">
<LocList>
<Loc EndOffset="1475" SrcFileId="3" StartOffset="1456"/>
</LocList>
</BasicStmnt>
<BasicStmnt CovItemId="S17" CovItemPrefix="csse376_puerto_rico.Player.java" Intrnl_Id="90">
<LocList>
<Loc EndOffset="1503" SrcFileId="3" StartOffset="1479"/>
</LocList>
</BasicStmnt>
<BasicStmnt CovItemId="S18" CovItemPrefix="csse376_puerto_rico.Player.java" Intrnl_Id="91">
<LocList>
<Loc EndOffset="1527" SrcFileId="3" StartOffset="1507"/>
</LocList>
</BasicStmnt>
<BasicStmnt CovItemId="S19" CovItemPrefix="csse376_puerto_rico.Player.java" Intrnl_Id="92">
<LocList>
<Loc EndOffset="1547" SrcFileId="3" StartOffset="1531"/>
</LocList>
</BasicStmnt>
<LoopStmnt CovItemId="S20" CovItemPrefix="csse376_puerto_rico.Player.java" Intrnl_Id="93" MltplExecId="L2-2" MltplExecPrefix="csse376_puerto_rico.Player.java" NvrExecId="L2-0" NvrExecPrefix="csse376_puerto_rico.Player.java" OnceExecutedId="L2-1" OnceExecutedPrefix="csse376_puerto_rico.Player.java" OptBodyExec="true">
<StmntSeq Intrnl_Id="94">
<LocList>
<Loc EndOffset="1614" SrcFileId="3" StartOffset="1593"/>
</LocList>
<BasicStmnt CovItemId="S21" CovItemPrefix="csse376_puerto_rico.Player.java" Intrnl_Id="95">
<LocList>
<Loc EndOffset="1614" SrcFileId="3" StartOffset="1593"/>
</LocList>
</BasicStmnt>
</StmntSeq>
<Keyword EndOffset="1554" SrcFileId="3" StartOffset="1551"/>
<LocList>
<Loc EndOffset="1619" SrcFileId="3" StartOffset="1551"/>
</LocList>
</LoopStmnt>
</StmntSeq>
</HierarchyLvl>
<HierarchyLvl HierarchyLvlId="180" HierarchyLvlTypeId="15" Intrnl_Id="96" Name="setPlayerNum">
<Header>
<Loc EndOffset="1659" SrcFileId="3" StartOffset="1628"/>
</Header>
<LocList>
<Loc EndOffset="1685" SrcFileId="3" StartOffset="1628"/>
</LocList>
<StmntSeq Intrnl_Id="97">
<LocList>
<Loc EndOffset="1679" SrcFileId="3" StartOffset="1665"/>
</LocList>
<BasicStmnt CovItemId="S22" CovItemPrefix="csse376_puerto_rico.Player.java" Intrnl_Id="98">
<LocList>
<Loc EndOffset="1679" SrcFileId="3" StartOffset="1665"/>
</LocList>
</BasicStmnt>
</StmntSeq>
</HierarchyLvl>
<HierarchyLvl HierarchyLvlId="181" HierarchyLvlTypeId="15" Intrnl_Id="99" Name="getPlayerNum">
<Header>
<Loc EndOffset="1715" SrcFileId="3" StartOffset="1690"/>
</Header>
<LocList>
<Loc EndOffset="1742" SrcFileId="3" StartOffset="1690"/>
</LocList>
<StmntSeq Intrnl_Id="100">
<LocList>
<Loc EndOffset="1738" SrcFileId="3" StartOffset="1721"/>
</LocList>
<BasicStmnt CovItemId="S23" CovItemPrefix="csse376_puerto_rico.Player.java" Intrnl_Id="101">
<LocList>
<Loc EndOffset="1738" SrcFileId="3" StartOffset="1721"/>
</LocList>
</BasicStmnt>
</StmntSeq>
</HierarchyLvl>
<HierarchyLvl HierarchyLvlId="182" HierarchyLvlTypeId="15" Intrnl_Id="102" Name="getRole">
<Header>
<Loc EndOffset="1770" SrcFileId="3" StartOffset="1747"/>
</Header>
<LocList>
<Loc EndOffset="1797" SrcFileId="3" StartOffset="1747"/>
</LocList>
<StmntSeq Intrnl_Id="103">
<LocList>
<Loc EndOffset="1793" SrcFileId="3" StartOffset="1776"/>
</LocList>
<BasicStmnt CovItemId="S24" CovItemPrefix="csse376_puerto_rico.Player.java" Intrnl_Id="104">
<LocList>
<Loc EndOffset="1793" SrcFileId="3" StartOffset="1776"/>
</LocList>
</BasicStmnt>
</StmntSeq>
</HierarchyLvl>
<HierarchyLvl HierarchyLvlId="183" HierarchyLvlTypeId="15" Intrnl_Id="105" Name="getRoles">
<Header>
<Loc EndOffset="1839" SrcFileId="3" StartOffset="1802"/>
</Header>
<LocList>
<Loc EndOffset="1864" SrcFileId="3" StartOffset="1802"/>
</LocList>
<StmntSeq Intrnl_Id="106">
<LocList>
<Loc EndOffset="1860" SrcFileId="3" StartOffset="1847"/>
</LocList>
<BasicStmnt CovItemId="S25" CovItemPrefix="csse376_puerto_rico.Player.java" Intrnl_Id="107">
<LocList>
<Loc EndOffset="1860" SrcFileId="3" StartOffset="1847"/>
</LocList>
</BasicStmnt>
</StmntSeq>
</HierarchyLvl>
<HierarchyLvl HierarchyLvlId="184" HierarchyLvlTypeId="15" Intrnl_Id="108" Name="getPoints">
<Header>
<Loc EndOffset="1891" SrcFileId="3" StartOffset="1869"/>
</Header>
<LocList>
<Loc EndOffset="1915" SrcFileId="3" StartOffset="1869"/>
</LocList>
<StmntSeq Intrnl_Id="109">
<LocList>
<Loc EndOffset="1911" SrcFileId="3" StartOffset="1897"/>
</LocList>
<BasicStmnt CovItemId="S26" CovItemPrefix="csse376_puerto_rico.Player.java" Intrnl_Id="110">
<LocList>
<Loc EndOffset="1911" SrcFileId="3" StartOffset="1897"/>
</LocList>
</BasicStmnt>
</StmntSeq>
</HierarchyLvl>
<HierarchyLvl HierarchyLvlId="185" HierarchyLvlTypeId="15" Intrnl_Id="111" Name="getHUD">
<Header>
<Loc EndOffset="1945" SrcFileId="3" StartOffset="1920"/>
</Header>
<LocList>
<Loc EndOffset="1971" SrcFileId="3" StartOffset="1920"/>
</LocList>
<StmntSeq Intrnl_Id="112">
<LocList>
<Loc EndOffset="1967" SrcFileId="3" StartOffset="1951"/>
</LocList>
<BasicStmnt CovItemId="S27" CovItemPrefix="csse376_puerto_rico.Player.java" Intrnl_Id="113">
<LocList>
<Loc EndOffset="1967" SrcFileId="3" StartOffset="1951"/>
</LocList>
</BasicStmnt>
</StmntSeq>
</HierarchyLvl>
<HierarchyLvl HierarchyLvlId="186" HierarchyLvlTypeId="15" Intrnl_Id="114" Name="setHUD">
<Header>
<Loc EndOffset="2009" SrcFileId="3" StartOffset="1976"/>
</Header>
<LocList>
<Loc EndOffset="2034" SrcFileId="3" StartOffset="1976"/>
</LocList>
<StmntSeq Intrnl_Id="115">
<LocList>
<Loc EndOffset="2030" SrcFileId="3" StartOffset="2015"/>
</LocList>
<BasicStmnt CovItemId="S28" CovItemPrefix="csse376_puerto_rico.Player.java" Intrnl_Id="116">
<LocList>
<Loc EndOffset="2030" SrcFileId="3" StartOffset="2015"/>
</LocList>
</BasicStmnt>
</StmntSeq>
</HierarchyLvl>
<HierarchyLvl HierarchyLvlId="187" HierarchyLvlTypeId="15" Intrnl_Id="117" Name="isGovernor">
<Header>
<Loc EndOffset="2066" SrcFileId="3" StartOffset="2039"/>
</Header>
<LocList>
<Loc EndOffset="2094" SrcFileId="3" StartOffset="2039"/>
</LocList>
<StmntSeq Intrnl_Id="118">
<LocList>
<Loc EndOffset="2090" SrcFileId="3" StartOffset="2072"/>
</LocList>
<BasicStmnt CovItemId="S29" CovItemPrefix="csse376_puerto_rico.Player.java" Intrnl_Id="119">
<LocList>
<Loc EndOffset="2090" SrcFileId="3" StartOffset="2072"/>
</LocList>
</BasicStmnt>
</StmntSeq>
</HierarchyLvl>
<HierarchyLvl HierarchyLvlId="188" HierarchyLvlTypeId="15" Intrnl_Id="120" Name="addPoints">
<Header>
<Loc EndOffset="2134" SrcFileId="3" StartOffset="2099"/>
</Header>
<LocList>
<Loc EndOffset="2181" SrcFileId="3" StartOffset="2099"/>
</LocList>
<StmntSeq Intrnl_Id="121">
<LocList>
<Loc EndOffset="2177" SrcFileId="3" StartOffset="2140"/>
</LocList>
<BasicStmnt CovItemId="S30" CovItemPrefix="csse376_puerto_rico.Player.java" Intrnl_Id="122">
<LocList>
<Loc EndOffset="2177" SrcFileId="3" StartOffset="2140"/>
</LocList>
</BasicStmnt>
</StmntSeq>
</HierarchyLvl>
<HierarchyLvl HierarchyLvlId="189" HierarchyLvlTypeId="15" Intrnl_Id="123" Name="setPoints">
<Header>
<Loc EndOffset="2236" SrcFileId="3" StartOffset="2203"/>
</Header>
<LocList>
<Loc EndOffset="2316" SrcFileId="3" StartOffset="2203"/>
</LocList>
<StmntSeq Intrnl_Id="124">
<LocList>
<Loc EndOffset="2312" SrcFileId="3" StartOffset="2291"/>
</LocList>
<BasicStmnt CovItemId="S31" CovItemPrefix="csse376_puerto_rico.Player.java" Intrnl_Id="125">
<LocList>
<Loc EndOffset="2312" SrcFileId="3" StartOffset="2291"/>
</LocList>
</BasicStmnt>
</StmntSeq>
</HierarchyLvl>
<HierarchyLvl HierarchyLvlId="190" HierarchyLvlTypeId="15" Intrnl_Id="126" Name="setRole">
<Header>
<Loc EndOffset="2355" SrcFileId="3" StartOffset="2321"/>
</Header>
<LocList>
<Loc EndOffset="2384" SrcFileId="3" StartOffset="2321"/>
</LocList>
<StmntSeq Intrnl_Id="127">
<LocList>
<Loc EndOffset="2380" SrcFileId="3" StartOffset="2361"/>
</LocList>
<BasicStmnt CovItemId="S32" CovItemPrefix="csse376_puerto_rico.Player.java" Intrnl_Id="128">
<LocList>
<Loc EndOffset="2380" SrcFileId="3" StartOffset="2361"/>
</LocList>
</BasicStmnt>
</StmntSeq>
</HierarchyLvl>
<HierarchyLvl HierarchyLvlId="191" HierarchyLvlTypeId="15" Intrnl_Id="129" Name="addBuilding">
<Header>
<Loc EndOffset="2431" SrcFileId="3" StartOffset="2389"/>
</Header>
<LocList>
<Loc EndOffset="2465" SrcFileId="3" StartOffset="2389"/>
</LocList>
<StmntSeq Intrnl_Id="130">
<LocList>
<Loc EndOffset="2461" SrcFileId="3" StartOffset="2437"/>
</LocList>
<BasicStmnt CovItemId="S33" CovItemPrefix="csse376_puerto_rico.Player.java" Intrnl_Id="131">
<LocList>
<Loc EndOffset="2461" SrcFileId="3" StartOffset="2437"/>
</LocList>
</BasicStmnt>
</StmntSeq>
</HierarchyLvl>
<HierarchyLvl HierarchyLvlId="192" HierarchyLvlTypeId="15" Intrnl_Id="132" Name="ownsBuilding">
<Header>
<Loc EndOffset="2515" SrcFileId="3" StartOffset="2471"/>
</Header>
<LocList>
<Loc EndOffset="2575" SrcFileId="3" StartOffset="2471"/>
</LocList>
<StmntSeq Intrnl_Id="133">
<LocList>
<Loc EndOffset="2571" SrcFileId="3" StartOffset="2520"/>
</LocList>
<BasicStmnt CovItemId="S34" CovItemPrefix="csse376_puerto_rico.Player.java" Intrnl_Id="134">
<LocList>
<Loc EndOffset="2571" SrcFileId="3" StartOffset="2520"/>
</LocList>
</BasicStmnt>
</StmntSeq>
</HierarchyLvl>
<HierarchyLvl HierarchyLvlId="193" HierarchyLvlTypeId="15" Intrnl_Id="135" Name="ownsOccupiedBuilding">
<Header>
<Loc EndOffset="2633" SrcFileId="3" StartOffset="2581"/>
</Header>
<LocList>
<Loc EndOffset="2701" SrcFileId="3" StartOffset="2581"/>
</LocList>
<StmntSeq Intrnl_Id="136">
<LocList>
<Loc EndOffset="2697" SrcFileId="3" StartOffset="2638"/>
</LocList>
<BasicStmnt CovItemId="S35" CovItemPrefix="csse376_puerto_rico.Player.java" Intrnl_Id="137">
<LocList>
<Loc EndOffset="2697" SrcFileId="3" StartOffset="2638"/>
</LocList>
</BasicStmnt>
</StmntSeq>
</HierarchyLvl>
<HierarchyLvl HierarchyLvlId="194" HierarchyLvlTypeId="15" Intrnl_Id="138" Name="getBuildingsStringList">
<Header>
<Loc EndOffset="2755" SrcFileId="3" StartOffset="2706"/>
</Header>
<LocList>
<Loc EndOffset="2893" SrcFileId="3" StartOffset="2706"/>
</LocList>
<StmntSeq Intrnl_Id="139">
<LocList>
<Loc EndOffset="2809" SrcFileId="3" StartOffset="2761"/>
<Loc EndOffset="2874" SrcFileId="3" StartOffset="2813"/>
<Loc EndOffset="2889" SrcFileId="3" StartOffset="2878"/>
</LocList>
<BasicStmnt CovItemId="S36" CovItemPrefix="csse376_puerto_rico.Player.java" Intrnl_Id="140">
<LocList>
<Loc EndOffset="2809" SrcFileId="3" StartOffset="2761"/>
</LocList>
</BasicStmnt>
<LoopStmnt CovItemId="S37" CovItemPrefix="csse376_puerto_rico.Player.java" Intrnl_Id="141" MltplExecId="L3-2" MltplExecPrefix="csse376_puerto_rico.Player.java" NvrExecId="L3-0" NvrExecPrefix="csse376_puerto_rico.Player.java" OnceExecutedId="L3-1" OnceExecutedPrefix="csse376_puerto_rico.Player.java" OptBodyExec="true">
<StmntSeq Intrnl_Id="142">
<LocList>
<Loc EndOffset="2869" SrcFileId="3" StartOffset="2853"/>
</LocList>
<BasicStmnt CovItemId="S38" CovItemPrefix="csse376_puerto_rico.Player.java" Intrnl_Id="143">
<LocList>
<Loc EndOffset="2869" SrcFileId="3" StartOffset="2853"/>
</LocList>
</BasicStmnt>
</StmntSeq>
<Keyword EndOffset="2816" SrcFileId="3" StartOffset="2813"/>
<LocList>
<Loc EndOffset="2874" SrcFileId="3" StartOffset="2813"/>
</LocList>
</LoopStmnt>
<BasicStmnt CovItemId="S39" CovItemPrefix="csse376_puerto_rico.Player.java" Intrnl_Id="144">
<LocList>
<Loc EndOffset="2889" SrcFileId="3" StartOffset="2878"/>
</LocList>
</BasicStmnt>
</StmntSeq>
</HierarchyLvl>
<HierarchyLvl HierarchyLvlId="195" HierarchyLvlTypeId="15" Intrnl_Id="145" Name="getBuildings">
<Header>
<Loc EndOffset="2939" SrcFileId="3" StartOffset="2898"/>
</Header>
<LocList>
<Loc EndOffset="2971" SrcFileId="3" StartOffset="2898"/>
</LocList>
<StmntSeq Intrnl_Id="146">
<LocList>
<Loc EndOffset="2967" SrcFileId="3" StartOffset="2945"/>
</LocList>
<BasicStmnt CovItemId="S40" CovItemPrefix="csse376_puerto_rico.Player.java" Intrnl_Id="147">
<LocList>
<Loc EndOffset="2967" SrcFileId="3" StartOffset="2945"/>
</LocList>
</BasicStmnt>
</StmntSeq>
</HierarchyLvl>
<HierarchyLvl HierarchyLvlId="196" HierarchyLvlTypeId="15" Intrnl_Id="148" Name="getBuilding">
<Header>
<Loc EndOffset="3021" SrcFileId="3" StartOffset="2977"/>
</Header>
<LocList>
<Loc EndOffset="3200" SrcFileId="3" StartOffset="2977"/>
</LocList>
<StmntSeq Intrnl_Id="149">
<LocList>
<Loc EndOffset="3180" SrcFileId="3" StartOffset="3026"/>
<Loc EndOffset="3196" SrcFileId="3" StartOffset="3184"/>
</LocList>
<CondStmnt CovItemId="S41" CovItemPrefix="csse376_puerto_rico.Player.java" Intrnl_Id="150">
<Branch CovItemId="B1" CovItemPrefix="csse376_puerto_rico.Player.java" Implct="false" Intrnl_Id="151">
<Cond/>
<LocList>
<Loc EndOffset="3180" SrcFileId="3" StartOffset="3078"/>
</LocList>
<StmntSeq Intrnl_Id="152">
<LocList>
<Loc EndOffset="3175" SrcFileId="3" StartOffset="3084"/>
</LocList>
<LoopStmnt CovItemId="S42" CovItemPrefix="csse376_puerto_rico.Player.java" Intrnl_Id="153" MltplExecId="L4-2" MltplExecPrefix="csse376_puerto_rico.Player.java" NvrExecId="L4-0" NvrExecPrefix="csse376_puerto_rico.Player.java" OnceExecutedId="L4-1" OnceExecutedPrefix="csse376_puerto_rico.Player.java" OptBodyExec="true">
<StmntSeq Intrnl_Id="154">
<LocList>
<Loc EndOffset="3169" SrcFileId="3" StartOffset="3123"/>
</LocList>
<CondStmnt CovItemId="S43" CovItemPrefix="csse376_puerto_rico.Player.java" Intrnl_Id="155">
<Branch CovItemId="B3" CovItemPrefix="csse376_puerto_rico.Player.java" Implct="false" Intrnl_Id="156">
<Cond/>
<LocList>
<Loc EndOffset="3169" SrcFileId="3" StartOffset="3145"/>
</LocList>
<StmntSeq Intrnl_Id="157">
<LocList>
<Loc EndOffset="3162" SrcFileId="3" StartOffset="3153"/>
</LocList>
<BasicStmnt CovItemId="S44" CovItemPrefix="csse376_puerto_rico.Player.java" Intrnl_Id="158">
<LocList>
<Loc EndOffset="3162" SrcFileId="3" StartOffset="3153"/>
</LocList>
</BasicStmnt>
</StmntSeq>
</Branch>
<Branch CovItemId="B4" CovItemPrefix="csse376_puerto_rico.Player.java" Implct="true" Intrnl_Id="159">
<Cond/>
<LocList/>
<StmntSeq Intrnl_Id="160">
<LocList/>
</StmntSeq>
</Branch>
<Keyword EndOffset="3125" SrcFileId="3" StartOffset="3123"/>
<LocList>
<Loc EndOffset="3169" SrcFileId="3" StartOffset="3123"/>
</LocList>
<RootTerm CovItemId="C2" CovItemPrefix="csse376_puerto_rico.Player.java" Intrnl_Id="161">
<BasicBoolTerm Intrnl_Id="162">
<LocList>
<Loc EndOffset="3144" SrcFileId="3" StartOffset="3126"/>
</LocList>
</BasicBoolTerm>
</RootTerm>
</CondStmnt>
</StmntSeq>
<Keyword EndOffset="3087" SrcFileId="3" StartOffset="3084"/>
<LocList>
<Loc EndOffset="3175" SrcFileId="3" StartOffset="3084"/>
</LocList>
</LoopStmnt>
</StmntSeq>
</Branch>
<Branch CovItemId="B2" CovItemPrefix="csse376_puerto_rico.Player.java" Implct="true" Intrnl_Id="163">
<Cond/>
<LocList/>
<StmntSeq Intrnl_Id="164">
<LocList/>
</StmntSeq>
</Branch>
<Keyword EndOffset="3028" SrcFileId="3" StartOffset="3026"/>
<LocList>
<Loc EndOffset="3180" SrcFileId="3" StartOffset="3026"/>
</LocList>
<RootTerm CovItemId="C1" CovItemPrefix="csse376_puerto_rico.Player.java" Intrnl_Id="165">
<BasicBoolTerm Intrnl_Id="166">
<LocList>
<Loc EndOffset="3077" SrcFileId="3" StartOffset="3029"/>
</LocList>
</BasicBoolTerm>
</RootTerm>
</CondStmnt>
<BasicStmnt CovItemId="S45" CovItemPrefix="csse376_puerto_rico.Player.java" Intrnl_Id="167">
<LocList>
<Loc EndOffset="3196" SrcFileId="3" StartOffset="3184"/>
</LocList>
</BasicStmnt>
</StmntSeq>
</HierarchyLvl>
<HierarchyLvl HierarchyLvlId="197" HierarchyLvlTypeId="15" Intrnl_Id="168" Name="getOccupiedBuildings">
<Header>
<Loc EndOffset="3255" SrcFileId="3" StartOffset="3206"/>
</Header>
<LocList>
<Loc EndOffset="3473" SrcFileId="3" StartOffset="3206"/>
</LocList>
<StmntSeq Intrnl_Id="169">
<LocList>
<Loc EndOffset="3321" SrcFileId="3" StartOffset="3260"/>
<Loc EndOffset="3445" SrcFileId="3" StartOffset="3325"/>
<Loc EndOffset="3469" SrcFileId="3" StartOffset="3449"/>
</LocList>
<BasicStmnt CovItemId="S46" CovItemPrefix="csse376_puerto_rico.Player.java" Intrnl_Id="170">
<LocList>
<Loc EndOffset="3321" SrcFileId="3" StartOffset="3260"/>
</LocList>
</BasicStmnt>
<LoopStmnt CovItemId="S47" CovItemPrefix="csse376_puerto_rico.Player.java" Intrnl_Id="171" MltplExecId="L5-2" MltplExecPrefix="csse376_puerto_rico.Player.java" NvrExecId="L5-0" NvrExecPrefix="csse376_puerto_rico.Player.java" OnceExecutedId="L5-1" OnceExecutedPrefix="csse376_puerto_rico.Player.java" OptBodyExec="true">
<StmntSeq Intrnl_Id="172">
<LocList>
<Loc EndOffset="3440" SrcFileId="3" StartOffset="3362"/>
</LocList>
<CondStmnt CovItemId="S48" CovItemPrefix="csse376_puerto_rico.Player.java" Intrnl_Id="173">
<Branch CovItemId="B5" CovItemPrefix="csse376_puerto_rico.Player.java" Implct="false" Intrnl_Id="174">
<Cond/>
<LocList>
<Loc EndOffset="3440" SrcFileId="3" StartOffset="3407"/>
</LocList>
<StmntSeq Intrnl_Id="175">
<LocList>
<Loc EndOffset="3434" SrcFileId="3" StartOffset="3414"/>
</LocList>
<BasicStmnt CovItemId="S49" CovItemPrefix="csse376_puerto_rico.Player.java" Intrnl_Id="176">
<LocList>
<Loc EndOffset="3434" SrcFileId="3" StartOffset="3414"/>
</LocList>
</BasicStmnt>
</StmntSeq>
</Branch>
<Branch CovItemId="B6" CovItemPrefix="csse376_puerto_rico.Player.java" Implct="true" Intrnl_Id="177">
<Cond/>
<LocList/>
<StmntSeq Intrnl_Id="178">
<LocList/>
</StmntSeq>
</Branch>
<Keyword EndOffset="3364" SrcFileId="3" StartOffset="3362"/>
<LocList>
<Loc EndOffset="3440" SrcFileId="3" StartOffset="3362"/>
</LocList>
<RootTerm CovItemId="C3" CovItemPrefix="csse376_puerto_rico.Player.java" Intrnl_Id="179">
<BasicBoolTerm Intrnl_Id="180">
<LocList>
<Loc EndOffset="3406" SrcFileId="3" StartOffset="3365"/>
</LocList>
</BasicBoolTerm>
</RootTerm>
</CondStmnt>
</StmntSeq>
<Keyword EndOffset="3328" SrcFileId="3" StartOffset="3325"/>
<LocList>
<Loc EndOffset="3445" SrcFileId="3" StartOffset="3325"/>
</LocList>
</LoopStmnt>
<BasicStmnt CovItemId="S50" CovItemPrefix="csse376_puerto_rico.Player.java" Intrnl_Id="181">
<LocList>
<Loc EndOffset="3469" SrcFileId="3" StartOffset="3449"/>
</LocList>
</BasicStmnt>
</StmntSeq>
</HierarchyLvl>
<HierarchyLvl HierarchyLvlId="198" HierarchyLvlTypeId="15" Intrnl_Id="182" Name="getOccupiedBuildingsStringList">
<Header>
<Loc EndOffset="3536" SrcFileId="3" StartOffset="3479"/>
</Header>
<LocList>
<Loc EndOffset="3687" SrcFileId="3" StartOffset="3479"/>
</LocList>
<StmntSeq Intrnl_Id="183">
<LocList>
<Loc EndOffset="3590" SrcFileId="3" StartOffset="3542"/>
<Loc EndOffset="3668" SrcFileId="3" StartOffset="3594"/>
<Loc EndOffset="3683" SrcFileId="3" StartOffset="3672"/>
</LocList>
<BasicStmnt CovItemId="S51" CovItemPrefix="csse376_puerto_rico.Player.java" Intrnl_Id="184">
<LocList>
<Loc EndOffset="3590" SrcFileId="3" StartOffset="3542"/>
</LocList>
</BasicStmnt>
<LoopStmnt CovItemId="S52" CovItemPrefix="csse376_puerto_rico.Player.java" Intrnl_Id="185" MltplExecId="L6-2" MltplExecPrefix="csse376_puerto_rico.Player.java" NvrExecId="L6-0" NvrExecPrefix="csse376_puerto_rico.Player.java" OnceExecutedId="L6-1" OnceExecutedPrefix="csse376_puerto_rico.Player.java" OptBodyExec="true">
<StmntSeq Intrnl_Id="186">
<LocList>
<Loc EndOffset="3663" SrcFileId="3" StartOffset="3647"/>
</LocList>
<BasicStmnt CovItemId="S53" CovItemPrefix="csse376_puerto_rico.Player.java" Intrnl_Id="187">
<LocList>
<Loc EndOffset="3663" SrcFileId="3" StartOffset="3647"/>
</LocList>
</BasicStmnt>
</StmntSeq>
<Keyword EndOffset="3597" SrcFileId="3" StartOffset="3594"/>
<LocList>
<Loc EndOffset="3668" SrcFileId="3" StartOffset="3594"/>
</LocList>
</LoopStmnt>
<BasicStmnt CovItemId="S54" CovItemPrefix="csse376_puerto_rico.Player.java" Intrnl_Id="188">
<LocList>
<Loc EndOffset="3683" SrcFileId="3" StartOffset="3672"/>
</LocList>
</BasicStmnt>
</StmntSeq>
</HierarchyLvl>
<HierarchyLvl HierarchyLvlId="199" HierarchyLvlTypeId="15" Intrnl_Id="189" Name="getGoods">
<Header>
<Loc EndOffset="3722" SrcFileId="3" StartOffset="3692"/>
</Header>
<LocList>
<Loc EndOffset="4268" SrcFileId="3" StartOffset="3692"/>
</LocList>
<StmntSeq Intrnl_Id="190">
<LocList>
<Loc EndOffset="3777" SrcFileId="3" StartOffset="3734"/>
<Loc EndOffset="3861" SrcFileId="3" StartOffset="3781"/>
<Loc EndOffset="3948" SrcFileId="3" StartOffset="3865"/>
<Loc EndOffset="4021" SrcFileId="3" StartOffset="3952"/>
<Loc EndOffset="4097" SrcFileId="3" StartOffset="4025"/>
<Loc EndOffset="4181" SrcFileId="3" StartOffset="4101"/>
<Loc EndOffset="4249" SrcFileId="3" StartOffset="4185"/>
<Loc EndOffset="4264" SrcFileId="3" StartOffset="4253"/>
</LocList>
<BasicStmnt CovItemId="S55" CovItemPrefix="csse376_puerto_rico.Player.java" Intrnl_Id="191">
<LocList>
<Loc EndOffset="3777" SrcFileId="3" StartOffset="3734"/>
</LocList>
</BasicStmnt>
<BasicStmnt CovItemId="S56" CovItemPrefix="csse376_puerto_rico.Player.java" Intrnl_Id="192">
<LocList>
<Loc EndOffset="3861" SrcFileId="3" StartOffset="3781"/>
</LocList>
</BasicStmnt>
<BasicStmnt CovItemId="S57" CovItemPrefix="csse376_puerto_rico.Player.java" Intrnl_Id="193">
<LocList>
<Loc EndOffset="3948" SrcFileId="3" StartOffset="3865"/>
</LocList>
</BasicStmnt>
<BasicStmnt CovItemId="S58" CovItemPrefix="csse376_puerto_rico.Player.java" Intrnl_Id="194">
<LocList>
<Loc EndOffset="4021" SrcFileId="3" StartOffset="3952"/>
</LocList>
</BasicStmnt>
<BasicStmnt CovItemId="S59" CovItemPrefix="csse376_puerto_rico.Player.java" Intrnl_Id="195">
<LocList>
<Loc EndOffset="4097" SrcFileId="3" StartOffset="4025"/>
</LocList>
</BasicStmnt>
<BasicStmnt CovItemId="S60" CovItemPrefix="csse376_puerto_rico.Player.java" Intrnl_Id="196">
<LocList>
<Loc EndOffset="4181" SrcFileId="3" StartOffset="4101"/>
</LocList>
</BasicStmnt>
<BasicStmnt CovItemId="S61" CovItemPrefix="csse376_puerto_rico.Player.java" Intrnl_Id="197">
<LocList>
<Loc EndOffset="4249" SrcFileId="3" StartOffset="4185"/>
</LocList>
</BasicStmnt>
<BasicStmnt CovItemId="S62" CovItemPrefix="csse376_puerto_rico.Player.java" Intrnl_Id="198">
<LocList>
<Loc EndOffset="4264" SrcFileId="3" StartOffset="4253"/>
</LocList>
</BasicStmnt>
</StmntSeq>
</HierarchyLvl>
<HierarchyLvl HierarchyLvlId="200" HierarchyLvlTypeId="15" Intrnl_Id="199" Name="getNumberOfGood">
<Header>
<Loc EndOffset="4312" SrcFileId="3" StartOffset="4273"/>
</Header>
<LocList>
<Loc EndOffset="4453" SrcFileId="3" StartOffset="4273"/>
</LocList>
<StmntSeq Intrnl_Id="200">
<LocList>
<Loc EndOffset="4415" SrcFileId="3" StartOffset="4361"/>
<Loc EndOffset="4447" SrcFileId="3" StartOffset="4419"/>
</LocList>
<CondStmnt CovItemId="S63" CovItemPrefix="csse376_puerto_rico.Player.java" Intrnl_Id="201">
<Branch CovItemId="B7" CovItemPrefix="csse376_puerto_rico.Player.java" Implct="false" Intrnl_Id="202">
<Cond/>
<LocList>
<Loc EndOffset="4415" SrcFileId="3" StartOffset="4395"/>
</LocList>
<StmntSeq Intrnl_Id="203">
<LocList>
<Loc EndOffset="4410" SrcFileId="3" StartOffset="4401"/>
</LocList>
<BasicStmnt CovItemId="S64" CovItemPrefix="csse376_puerto_rico.Player.java" Intrnl_Id="204">
<LocList>
<Loc EndOffset="4410" SrcFileId="3" StartOffset="4401"/>
</LocList>
</BasicStmnt>
</StmntSeq>
</Branch>
<Branch CovItemId="B8" CovItemPrefix="csse376_puerto_rico.Player.java" Implct="true" Intrnl_Id="205">
<Cond/>
<LocList/>
<StmntSeq Intrnl_Id="206">
<LocList/>
</StmntSeq>
</Branch>
<Keyword EndOffset="4363" SrcFileId="3" StartOffset="4361"/>
<LocList>
<Loc EndOffset="4415" SrcFileId="3" StartOffset="4361"/>
</LocList>
<RootTerm CovItemId="C4" CovItemPrefix="csse376_puerto_rico.Player.java" Intrnl_Id="207">
<BasicBoolTerm Intrnl_Id="208">
<LocList>
<Loc EndOffset="4393" SrcFileId="3" StartOffset="4365"/>
</LocList>
</BasicBoolTerm>
</RootTerm>
</CondStmnt>
<BasicStmnt CovItemId="S65" CovItemPrefix="csse376_puerto_rico.Player.java" Intrnl_Id="209">
<LocList>
<Loc EndOffset="4447" SrcFileId="3" StartOffset="4419"/>
</LocList>
</BasicStmnt>
</StmntSeq>
</HierarchyLvl>
<HierarchyLvl HierarchyLvlId="201" HierarchyLvlTypeId="15" Intrnl_Id="210" Name="getAllGoods">
<Header>
<Loc EndOffset="4491" SrcFileId="3" StartOffset="4458"/>
</Header>
<LocList>
<Loc EndOffset="4657" SrcFileId="3" StartOffset="4458"/>
</LocList>
<StmntSeq Intrnl_Id="211">
<LocList>
<Loc EndOffset="4540" SrcFileId="3" StartOffset="4497"/>
<Loc EndOffset="4638" SrcFileId="3" StartOffset="4544"/>
<Loc EndOffset="4653" SrcFileId="3" StartOffset="4642"/>
</LocList>
<BasicStmnt CovItemId="S66" CovItemPrefix="csse376_puerto_rico.Player.java" Intrnl_Id="212">
<LocList>
<Loc EndOffset="4540" SrcFileId="3" StartOffset="4497"/>
</LocList>
</BasicStmnt>
<BasicStmnt CovItemId="S67" CovItemPrefix="csse376_puerto_rico.Player.java" Intrnl_Id="213">
<LocList>
<Loc EndOffset="4638" SrcFileId="3" StartOffset="4544"/>
</LocList>
</BasicStmnt>
<BasicStmnt CovItemId="S68" CovItemPrefix="csse376_puerto_rico.Player.java" Intrnl_Id="214">
<LocList>
<Loc EndOffset="4653" SrcFileId="3" StartOffset="4642"/>
</LocList>
</BasicStmnt>
</StmntSeq>
</HierarchyLvl>
<HierarchyLvl HierarchyLvlId="202" HierarchyLvlTypeId="15" Intrnl_Id="215" Name="addGood">
<Header>
<Loc EndOffset="4706" SrcFileId="3" StartOffset="4662"/>
</Header>
<LocList>
<Loc EndOffset="4806" SrcFileId="3" StartOffset="4662"/>
</LocList>
<StmntSeq Intrnl_Id="216">
<LocList>
<Loc EndOffset="4802" SrcFileId="3" StartOffset="4750"/>
</LocList>
<BasicStmnt CovItemId="S69" CovItemPrefix="csse376_puerto_rico.Player.java" Intrnl_Id="217">
<LocList>
<Loc EndOffset="4802" SrcFileId="3" StartOffset="4750"/>
</LocList>
</BasicStmnt>
</StmntSeq>
</HierarchyLvl>
<HierarchyLvl HierarchyLvlId="203" HierarchyLvlTypeId="15" Intrnl_Id="218" Name="toString">
<Header>
<Loc EndOffset="4847" SrcFileId="3" StartOffset="4811"/>
</Header>
<LocList>
<Loc EndOffset="5745" SrcFileId="3" StartOffset="4811"/>
</LocList>
<StmntSeq Intrnl_Id="219">
<LocList>
<Loc EndOffset="4869" SrcFileId="3" StartOffset="4853"/>
<Loc EndOffset="4898" SrcFileId="3" StartOffset="4873"/>
<Loc EndOffset="4948" SrcFileId="3" StartOffset="4902"/>
<Loc EndOffset="4979" SrcFileId="3" StartOffset="4952"/>
<Loc EndOffset="5105" SrcFileId="3" StartOffset="4983"/>
<Loc EndOffset="5245" SrcFileId="3" StartOffset="5109"/>
<Loc EndOffset="5726" SrcFileId="3" StartOffset="5249"/>
<Loc EndOffset="5741" SrcFileId="3" StartOffset="5730"/>
</LocList>
<BasicStmnt CovItemId="S70" CovItemPrefix="csse376_puerto_rico.Player.java" Intrnl_Id="220">
<LocList>
<Loc EndOffset="4869" SrcFileId="3" StartOffset="4853"/>
</LocList>
</BasicStmnt>
<BasicStmnt CovItemId="S71" CovItemPrefix="csse376_puerto_rico.Player.java" Intrnl_Id="221">
<LocList>
<Loc EndOffset="4898" SrcFileId="3" StartOffset="4873"/>
</LocList>
</BasicStmnt>
<BasicStmnt CovItemId="S72" CovItemPrefix="csse376_puerto_rico.Player.java" Intrnl_Id="222">
<LocList>
<Loc EndOffset="4948" SrcFileId="3" StartOffset="4902"/>
</LocList>
</BasicStmnt>
<BasicStmnt CovItemId="S73" CovItemPrefix="csse376_puerto_rico.Player.java" Intrnl_Id="223">
<LocList>
<Loc EndOffset="4979" SrcFileId="3" StartOffset="4952"/>
</LocList>
</BasicStmnt>
<LoopStmnt CovItemId="S74" CovItemPrefix="csse376_puerto_rico.Player.java" Intrnl_Id="224" MltplExecId="L7-2" MltplExecPrefix="csse376_puerto_rico.Player.java" NvrExecId="L7-0" NvrExecPrefix="csse376_puerto_rico.Player.java" OnceExecutedId="L7-1" OnceExecutedPrefix="csse376_puerto_rico.Player.java" OptBodyExec="true">
<StmntSeq Intrnl_Id="225">
<LocList>
<Loc EndOffset="5100" SrcFileId="3" StartOffset="5037"/>
</LocList>
<BasicStmnt CovItemId="S75" CovItemPrefix="csse376_puerto_rico.Player.java" Intrnl_Id="226">
<LocList>
<Loc EndOffset="5100" SrcFileId="3" StartOffset="5037"/>
</LocList>
</BasicStmnt>
</StmntSeq>
<Keyword EndOffset="4986" SrcFileId="3" StartOffset="4983"/>
<LocList>
<Loc EndOffset="5105" SrcFileId="3" StartOffset="4983"/>
</LocList>
<RootTerm CovItemId="C5" CovItemPrefix="csse376_puerto_rico.Player.java" Intrnl_Id="227">
<BasicBoolTerm Intrnl_Id="228">
<LocList>
<Loc EndOffset="5024" SrcFileId="3" StartOffset="4999"/>
</LocList>
</BasicBoolTerm>
</RootTerm>
</LoopStmnt>
<LoopStmnt CovItemId="S76" CovItemPrefix="csse376_puerto_rico.Player.java" Intrnl_Id="229" MltplExecId="L8-2" MltplExecPrefix="csse376_puerto_rico.Player.java" NvrExecId="L8-0" NvrExecPrefix="csse376_puerto_rico.Player.java" OnceExecutedId="L8-1" OnceExecutedPrefix="csse376_puerto_rico.Player.java" OptBodyExec="true">
<StmntSeq Intrnl_Id="230">
<LocList>
<Loc EndOffset="5240" SrcFileId="3" StartOffset="5165"/>
</LocList>
<BasicStmnt CovItemId="S77" CovItemPrefix="csse376_puerto_rico.Player.java" Intrnl_Id="231">
<LocList>
<Loc EndOffset="5240" SrcFileId="3" StartOffset="5165"/>
</LocList>
</BasicStmnt>
</StmntSeq>
<Keyword EndOffset="5112" SrcFileId="3" StartOffset="5109"/>
<LocList>
<Loc EndOffset="5245" SrcFileId="3" StartOffset="5109"/>
</LocList>
<RootTerm CovItemId="C6" CovItemPrefix="csse376_puerto_rico.Player.java" Intrnl_Id="232">
<BasicBoolTerm Intrnl_Id="233">
<LocList>
<Loc EndOffset="5152" SrcFileId="3" StartOffset="5125"/>
</LocList>
</BasicBoolTerm>
</RootTerm>
</LoopStmnt>
<CondStmnt CovItemId="S78" CovItemPrefix="csse376_puerto_rico.Player.java" Intrnl_Id="234">
<Branch CovItemId="B9" CovItemPrefix="csse376_puerto_rico.Player.java" Implct="false" Intrnl_Id="235">
<Cond/>
<LocList>
<Loc EndOffset="5498" SrcFileId="3" StartOffset="5265"/>
</LocList>
<StmntSeq Intrnl_Id="236">
<LocList>
<Loc EndOffset="5493" SrcFileId="3" StartOffset="5271"/>
</LocList>
<BasicStmnt CovItemId="S79" CovItemPrefix="csse376_puerto_rico.Player.java" Intrnl_Id="237">
<LocList>
<Loc EndOffset="5493" SrcFileId="3" StartOffset="5271"/>
</LocList>
</BasicStmnt>
</StmntSeq>
</Branch>
<Branch CovItemId="B10" CovItemPrefix="csse376_puerto_rico.Player.java" Implct="false" Intrnl_Id="238">
<Cond>
<Loc EndOffset="5503" SrcFileId="3" StartOffset="5499"/>
</Cond>
<LocList>
<Loc EndOffset="5726" SrcFileId="3" StartOffset="5504"/>
</LocList>
<StmntSeq Intrnl_Id="239">
<LocList>
<Loc EndOffset="5721" SrcFileId="3" StartOffset="5510"/>
</LocList>
<BasicStmnt CovItemId="S80" CovItemPrefix="csse376_puerto_rico.Player.java" Intrnl_Id="240">
<LocList>
<Loc EndOffset="5721" SrcFileId="3" StartOffset="5510"/>
</LocList>
</BasicStmnt>
</StmntSeq>
</Branch>
<Keyword EndOffset="5251" SrcFileId="3" StartOffset="5249"/>
<LocList>
<Loc EndOffset="5726" SrcFileId="3" StartOffset="5249"/>
</LocList>
<RootTerm CovItemId="C7" CovItemPrefix="csse376_puerto_rico.Player.java" Intrnl_Id="241">
<BasicBoolTerm Intrnl_Id="242">
<LocList>
<Loc EndOffset="5263" SrcFileId="3" StartOffset="5253"/>
</LocList>
</BasicBoolTerm>
</RootTerm>
</CondStmnt>
<BasicStmnt CovItemId="S81" CovItemPrefix="csse376_puerto_rico.Player.java" Intrnl_Id="243">
<LocList>
<Loc EndOffset="5741" SrcFileId="3" StartOffset="5730"/>
</LocList>
</BasicStmnt>
</StmntSeq>
</HierarchyLvl>
<HierarchyLvl HierarchyLvlId="204" HierarchyLvlTypeId="15" Intrnl_Id="244" Name="updatePlayerInfo">
<Header>
<Loc EndOffset="5780" SrcFileId="3" StartOffset="5750"/>
</Header>
<LocList>
<Loc EndOffset="5824" SrcFileId="3" StartOffset="5750"/>
</LocList>
<StmntSeq Intrnl_Id="245">
<LocList>
<Loc EndOffset="5820" SrcFileId="3" StartOffset="5786"/>
</LocList>
<BasicStmnt CovItemId="S82" CovItemPrefix="csse376_puerto_rico.Player.java" Intrnl_Id="246">
<LocList>
<Loc EndOffset="5820" SrcFileId="3" StartOffset="5786"/>
</LocList>
</BasicStmnt>
</StmntSeq>
</HierarchyLvl>
<HierarchyLvl HierarchyLvlId="205" HierarchyLvlTypeId="15" Intrnl_Id="247" Name="getPlantations">
<Header>
<Loc EndOffset="5874" SrcFileId="3" StartOffset="5829"/>
</Header>
<LocList>
<Loc EndOffset="5908" SrcFileId="3" StartOffset="5829"/>
</LocList>
<StmntSeq Intrnl_Id="248">
<LocList>
<Loc EndOffset="5904" SrcFileId="3" StartOffset="5880"/>
</LocList>
<BasicStmnt CovItemId="S83" CovItemPrefix="csse376_puerto_rico.Player.java" Intrnl_Id="249">
<LocList>
<Loc EndOffset="5904" SrcFileId="3" StartOffset="5880"/>
</LocList>
</BasicStmnt>
</StmntSeq>
</HierarchyLvl>
<HierarchyLvl HierarchyLvlId="206" HierarchyLvlTypeId="15" Intrnl_Id="250" Name="addPlantations">
<Header>
<Loc EndOffset="5955" SrcFileId="3" StartOffset="5913"/>
</Header>
<LocList>
<Loc EndOffset="5991" SrcFileId="3" StartOffset="5913"/>
</LocList>
<StmntSeq Intrnl_Id="251">
<LocList>
<Loc EndOffset="5987" SrcFileId="3" StartOffset="5961"/>
</LocList>
<BasicStmnt CovItemId="S84" CovItemPrefix="csse376_puerto_rico.Player.java" Intrnl_Id="252">
<LocList>
<Loc EndOffset="5987" SrcFileId="3" StartOffset="5961"/>
</LocList>
</BasicStmnt>
</StmntSeq>
</HierarchyLvl>
<HierarchyLvl HierarchyLvlId="207" HierarchyLvlTypeId="15" Intrnl_Id="253" Name="getPlantationsStringList">
<Header>
<Loc EndOffset="6047" SrcFileId="3" StartOffset="5996"/>
</Header>
<LocList>
<Loc EndOffset="6189" SrcFileId="3" StartOffset="5996"/>
</LocList>
<StmntSeq Intrnl_Id="254">
<LocList>
<Loc EndOffset="6101" SrcFileId="3" StartOffset="6053"/>
<Loc EndOffset="6170" SrcFileId="3" StartOffset="6105"/>
<Loc EndOffset="6185" SrcFileId="3" StartOffset="6174"/>
</LocList>
<BasicStmnt CovItemId="S85" CovItemPrefix="csse376_puerto_rico.Player.java" Intrnl_Id="255">
<LocList>
<Loc EndOffset="6101" SrcFileId="3" StartOffset="6053"/>
</LocList>
</BasicStmnt>
<LoopStmnt CovItemId="S86" CovItemPrefix="csse376_puerto_rico.Player.java" Intrnl_Id="256" MltplExecId="L9-2" MltplExecPrefix="csse376_puerto_rico.Player.java" NvrExecId="L9-0" NvrExecPrefix="csse376_puerto_rico.Player.java" OnceExecutedId="L9-1" OnceExecutedPrefix="csse376_puerto_rico.Player.java" OptBodyExec="true">
<StmntSeq Intrnl_Id="257">
<LocList>
<Loc EndOffset="6165" SrcFileId="3" StartOffset="6149"/>
</LocList>
<BasicStmnt CovItemId="S87" CovItemPrefix="csse376_puerto_rico.Player.java" Intrnl_Id="258">
<LocList>
<Loc EndOffset="6165" SrcFileId="3" StartOffset="6149"/>
</LocList>
</BasicStmnt>
</StmntSeq>
<Keyword EndOffset="6108" SrcFileId="3" StartOffset="6105"/>
<LocList>
<Loc EndOffset="6170" SrcFileId="3" StartOffset="6105"/>
</LocList>
</LoopStmnt>
<BasicStmnt CovItemId="S88" CovItemPrefix="csse376_puerto_rico.Player.java" Intrnl_Id="259">
<LocList>
<Loc EndOffset="6185" SrcFileId="3" StartOffset="6174"/>
</LocList>
</BasicStmnt>
</StmntSeq>
</HierarchyLvl>
<HierarchyLvl HierarchyLvlId="208" HierarchyLvlTypeId="15" Intrnl_Id="260" Name="checkPlantation">
<Header>
<Loc EndOffset="6346" SrcFileId="3" StartOffset="6317"/>
</Header>
<LocList>
<Loc EndOffset="6491" SrcFileId="3" StartOffset="6317"/>
</LocList>
<StmntSeq Intrnl_Id="261">
<LocList>
<Loc EndOffset="6487" SrcFileId="3" StartOffset="6352"/>
</LocList>
<LoopStmnt CovItemId="S89" CovItemPrefix="csse376_puerto_rico.Player.java" Intrnl_Id="262" MltplExecId="L10-2" MltplExecPrefix="csse376_puerto_rico.Player.java" NvrExecId="L10-0" NvrExecPrefix="csse376_puerto_rico.Player.java" OnceExecutedId="L10-1" OnceExecutedPrefix="csse376_puerto_rico.Player.java" OptBodyExec="true">
<StmntSeq Intrnl_Id="263">
<LocList>
<Loc EndOffset="6482" SrcFileId="3" StartOffset="6396"/>
</LocList>
<CondStmnt CovItemId="S90" CovItemPrefix="csse376_puerto_rico.Player.java" Intrnl_Id="264">
<Branch CovItemId="B11" CovItemPrefix="csse376_puerto_rico.Player.java" Implct="false" Intrnl_Id="265">
<Cond/>
<LocList>
<Loc EndOffset="6482" SrcFileId="3" StartOffset="6413"/>
</LocList>
<StmntSeq Intrnl_Id="266">
<LocList>
<Loc EndOffset="6476" SrcFileId="3" StartOffset="6452"/>
</LocList>
<BasicStmnt CovItemId="S91" CovItemPrefix="csse376_puerto_rico.Player.java" Intrnl_Id="267">
<LocList>
<Loc EndOffset="6476" SrcFileId="3" StartOffset="6452"/>
</LocList>
</BasicStmnt>
</StmntSeq>
</Branch>
<Branch CovItemId="B12" CovItemPrefix="csse376_puerto_rico.Player.java" Implct="true" Intrnl_Id="268">
<Cond/>
<LocList/>
<StmntSeq Intrnl_Id="269">
<LocList/>
</StmntSeq>
</Branch>
<Keyword EndOffset="6398" SrcFileId="3" StartOffset="6396"/>
<LocList>
<Loc EndOffset="6482" SrcFileId="3" StartOffset="6396"/>
</LocList>
<RootTerm CovItemId="C8" CovItemPrefix="csse376_puerto_rico.Player.java" Intrnl_Id="270">
<BasicBoolTerm Intrnl_Id="271">
<LocList>
<Loc EndOffset="6411" SrcFileId="3" StartOffset="6400"/>
</LocList>
</BasicBoolTerm>
</RootTerm>
</CondStmnt>
</StmntSeq>
<Keyword EndOffset="6355" SrcFileId="3" StartOffset="6352"/>
<LocList>
<Loc EndOffset="6487" SrcFileId="3" StartOffset="6352"/>
</LocList>
</LoopStmnt>
</StmntSeq>
</HierarchyLvl>
<HierarchyLvl HierarchyLvlId="209" HierarchyLvlTypeId="15" Intrnl_Id="272" Name="getDoubloons">
<Header>
<Loc EndOffset="6521" SrcFileId="3" StartOffset="6496"/>
</Header>
<LocList>
<Loc EndOffset="6553" SrcFileId="3" StartOffset="6496"/>
</LocList>
<StmntSeq Intrnl_Id="273">
<LocList>
<Loc EndOffset="6549" SrcFileId="3" StartOffset="6527"/>
</LocList>
<BasicStmnt CovItemId="S92" CovItemPrefix="csse376_puerto_rico.Player.java" Intrnl_Id="274">
<LocList>
<Loc EndOffset="6549" SrcFileId="3" StartOffset="6527"/>
</LocList>
</BasicStmnt>
</StmntSeq>
</HierarchyLvl>
<HierarchyLvl HierarchyLvlId="210" HierarchyLvlTypeId="15" Intrnl_Id="275" Name="setDoubloons">
<Header>
<Loc EndOffset="6591" SrcFileId="3" StartOffset="6558"/>
</Header>
<LocList>
<Loc EndOffset="6622" SrcFileId="3" StartOffset="6558"/>
</LocList>
<StmntSeq Intrnl_Id="276">
<LocList>
<Loc EndOffset="6618" SrcFileId="3" StartOffset="6597"/>
</LocList>
<BasicStmnt CovItemId="S93" CovItemPrefix="csse376_puerto_rico.Player.java" Intrnl_Id="277">
<LocList>
<Loc EndOffset="6618" SrcFileId="3" StartOffset="6597"/>
</LocList>
</BasicStmnt>
</StmntSeq>
</HierarchyLvl>
<HierarchyLvl HierarchyLvlId="211" HierarchyLvlTypeId="15" Intrnl_Id="278" Name="sellGood">
<Header>
<Loc EndOffset="6664" SrcFileId="3" StartOffset="6627"/>
</Header>
<LocList>
<Loc EndOffset="6717" SrcFileId="3" StartOffset="6627"/>
</LocList>
<StmntSeq Intrnl_Id="279">
<LocList>
<Loc EndOffset="6711" SrcFileId="3" StartOffset="6670"/>
</LocList>
<BasicStmnt CovItemId="S94" CovItemPrefix="csse376_puerto_rico.Player.java" Intrnl_Id="280">
<LocList>
<Loc EndOffset="6711" SrcFileId="3" StartOffset="6670"/>
</LocList>
</BasicStmnt>
</StmntSeq>
</HierarchyLvl>
</HierarchyLvl>
<HierarchyLvl HierarchyLvlId="214" HierarchyLvlTypeId="14" Intrnl_Id="281" Name="MenuGUI">
<Header>
<Loc EndOffset="297" SrcFileId="4" StartOffset="277"/>
</Header>
<LocList>
<Loc EndOffset="1547" SrcFileId="4" StartOffset="277"/>
</LocList>
<StmntSeq Intrnl_Id="282">
<LocList>
<Loc EndOffset="372" SrcFileId="4" StartOffset="340"/>
</LocList>
<BasicStmnt CovItemId="S1" CovItemPrefix="csse376_puerto_rico.MenuGUI.java" Intrnl_Id="283">
<LocList>
<Loc EndOffset="372" SrcFileId="4" StartOffset="340"/>
</LocList>
</BasicStmnt>
</StmntSeq>
<HierarchyLvl HierarchyLvlId="213" HierarchyLvlTypeId="15" Intrnl_Id="284" Name="MenuGUI">
<Header>
<Loc EndOffset="459" SrcFileId="4" StartOffset="443"/>
</Header>
<LocList>
<Loc EndOffset="1542" SrcFileId="4" StartOffset="443"/>
</LocList>
<StmntSeq Intrnl_Id="285">
<LocList>
<Loc EndOffset="513" SrcFileId="4" StartOffset="474"/>
<Loc EndOffset="560" SrcFileId="4" StartOffset="526"/>
<Loc EndOffset="605" SrcFileId="4" StartOffset="573"/>
<Loc EndOffset="680" SrcFileId="4" StartOffset="618"/>
<Loc EndOffset="882" SrcFileId="4" StartOffset="851"/>
<Loc EndOffset="929" SrcFileId="4" StartOffset="895"/>
<Loc EndOffset="996" SrcFileId="4" StartOffset="955"/>
<Loc EndOffset="1055" SrcFileId="4" StartOffset="1009"/>
<Loc EndOffset="1117" SrcFileId="4" StartOffset="1081"/>
<Loc EndOffset="1185" SrcFileId="4" StartOffset="1143"/>
<Loc EndOffset="1260" SrcFileId="4" StartOffset="1198"/>
<Loc EndOffset="1308" SrcFileId="4" StartOffset="1273"/>
<Loc EndOffset="1359" SrcFileId="4" StartOffset="1334"/>
<Loc EndOffset="1394" SrcFileId="4" StartOffset="1372"/>
<Loc EndOffset="1469" SrcFileId="4" StartOffset="1420"/>
<Loc EndOffset="1534" SrcFileId="4" StartOffset="1482"/>
</LocList>
<BasicStmnt CovItemId="S2" CovItemPrefix="csse376_puerto_rico.MenuGUI.java" Intrnl_Id="286">
<LocList>
<Loc EndOffset="513" SrcFileId="4" StartOffset="474"/>
</LocList>
</BasicStmnt>
<BasicStmnt CovItemId="S3" CovItemPrefix="csse376_puerto_rico.MenuGUI.java" Intrnl_Id="287">
<LocList>
<Loc EndOffset="560" SrcFileId="4" StartOffset="526"/>
</LocList>
</BasicStmnt>
<BasicStmnt CovItemId="S4" CovItemPrefix="csse376_puerto_rico.MenuGUI.java" Intrnl_Id="288">
<LocList>
<Loc EndOffset="605" SrcFileId="4" StartOffset="573"/>
</LocList>
</BasicStmnt>
<BasicStmnt CovItemId="S5" CovItemPrefix="csse376_puerto_rico.MenuGUI.java" Intrnl_Id="289">
<LocList>
<Loc EndOffset="680" SrcFileId="4" StartOffset="618"/>
</LocList>
</BasicStmnt>
<BasicStmnt CovItemId="S6" CovItemPrefix="csse376_puerto_rico.MenuGUI.java" Intrnl_Id="290">
<LocList>
<Loc EndOffset="882" SrcFileId="4" StartOffset="851"/>
</LocList>
</BasicStmnt>
<BasicStmnt CovItemId="S7" CovItemPrefix="csse376_puerto_rico.MenuGUI.java" Intrnl_Id="291">
<LocList>
<Loc EndOffset="929" SrcFileId="4" StartOffset="895"/>
</LocList>
</BasicStmnt>
<BasicStmnt CovItemId="S8" CovItemPrefix="csse376_puerto_rico.MenuGUI.java" Intrnl_Id="292">
<LocList>
<Loc EndOffset="996" SrcFileId="4" StartOffset="955"/>
</LocList>
</BasicStmnt>
<BasicStmnt CovItemId="S9" CovItemPrefix="csse376_puerto_rico.MenuGUI.java" Intrnl_Id="293">
<LocList>
<Loc EndOffset="1055" SrcFileId="4" StartOffset="1009"/>
</LocList>
</BasicStmnt>
<BasicStmnt CovItemId="S10" CovItemPrefix="csse376_puerto_rico.MenuGUI.java" Intrnl_Id="294">
<LocList>
<Loc EndOffset="1117" SrcFileId="4" StartOffset="1081"/>
</LocList>
</BasicStmnt>
<BasicStmnt CovItemId="S11" CovItemPrefix="csse376_puerto_rico.MenuGUI.java" Intrnl_Id="295">
<LocList>
<Loc EndOffset="1185" SrcFileId="4" StartOffset="1143"/>
</LocList>
</BasicStmnt>
<BasicStmnt CovItemId="S12" CovItemPrefix="csse376_puerto_rico.MenuGUI.java" Intrnl_Id="296">
<LocList>
<Loc EndOffset="1260" SrcFileId="4" StartOffset="1198"/>
</LocList>
</BasicStmnt>
<BasicStmnt CovItemId="S13" CovItemPrefix="csse376_puerto_rico.MenuGUI.java" Intrnl_Id="297">
<LocList>
<Loc EndOffset="1308" SrcFileId="4" StartOffset="1273"/>
</LocList>
</BasicStmnt>
<BasicStmnt CovItemId="S14" CovItemPrefix="csse376_puerto_rico.MenuGUI.java" Intrnl_Id="298">
<LocList>
<Loc EndOffset="1359" SrcFileId="4" StartOffset="1334"/>
</LocList>
</BasicStmnt>
<BasicStmnt CovItemId="S15" CovItemPrefix="csse376_puerto_rico.MenuGUI.java" Intrnl_Id="299">
<LocList>
<Loc EndOffset="1394" SrcFileId="4" StartOffset="1372"/>
</LocList>
</BasicStmnt>
<BasicStmnt CovItemId="S16" CovItemPrefix="csse376_puerto_rico.MenuGUI.java" Intrnl_Id="300">
<LocList>
<Loc EndOffset="1469" SrcFileId="4" StartOffset="1420"/>
</LocList>
</BasicStmnt>
<BasicStmnt CovItemId="S17" CovItemPrefix="csse376_puerto_rico.MenuGUI.java" Intrnl_Id="301">
<LocList>
<Loc EndOffset="1534" SrcFileId="4" StartOffset="1482"/>
</LocList>
</BasicStmnt>
</StmntSeq>
</HierarchyLvl>
</HierarchyLvl>
<HierarchyLvl HierarchyLvlId="216" HierarchyLvlTypeId="14" Intrnl_Id="302" Name="Main">
<Header>
<Loc EndOffset="47" SrcFileId="5" StartOffset="30"/>
</Header>
<LocList>
<Loc EndOffset="149" SrcFileId="5" StartOffset="30"/>
</LocList>
<HierarchyLvl HierarchyLvlId="215" HierarchyLvlTypeId="15" Intrnl_Id="303" Name="main">
<Header>
<Loc EndOffset="125" SrcFileId="5" StartOffset="87"/>
</Header>
<LocList>
<Loc EndOffset="147" SrcFileId="5" StartOffset="87"/>
</LocList>
<StmntSeq Intrnl_Id="304">
<LocList>
<Loc EndOffset="144" SrcFileId="5" StartOffset="130"/>
</LocList>
<BasicStmnt CovItemId="S1" CovItemPrefix="csse376_puerto_rico.Main.java" Intrnl_Id="305">
<LocList>
<Loc EndOffset="144" SrcFileId="5" StartOffset="130"/>
</LocList>
</BasicStmnt>
</StmntSeq>
</HierarchyLvl>
</HierarchyLvl>
<HierarchyLvl HierarchyLvlId="232" HierarchyLvlTypeId="14" Intrnl_Id="306" Name="GameState">
<Header>
<Loc EndOffset="226" SrcFileId="6" StartOffset="204"/>
</Header>
<LocList>
<Loc EndOffset="7185" SrcFileId="6" StartOffset="204"/>
</LocList>
<StmntSeq Intrnl_Id="307">
<LocList>
<Loc EndOffset="305" SrcFileId="6" StartOffset="233"/>
<Loc EndOffset="394" SrcFileId="6" StartOffset="368"/>
<Loc EndOffset="431" SrcFileId="6" StartOffset="397"/>
<Loc EndOffset="460" SrcFileId="6" StartOffset="434"/>
<Loc EndOffset="497" SrcFileId="6" StartOffset="463"/>
<Loc EndOffset="526" SrcFileId="6" StartOffset="500"/>
<Loc EndOffset="563" SrcFileId="6" StartOffset="529"/>
<Loc EndOffset="604" SrcFileId="6" StartOffset="566"/>
<Loc EndOffset="856" SrcFileId="6" StartOffset="820"/>
</LocList>
<BasicStmnt CovItemId="S1" CovItemPrefix="csse376_puerto_rico.GameState.java" Intrnl_Id="308">
<LocList>
<Loc EndOffset="305" SrcFileId="6" StartOffset="233"/>
</LocList>
</BasicStmnt>
<BasicStmnt CovItemId="S2" CovItemPrefix="csse376_puerto_rico.GameState.java" Intrnl_Id="309">
<LocList>
<Loc EndOffset="394" SrcFileId="6" StartOffset="368"/>
</LocList>
</BasicStmnt>
<BasicStmnt CovItemId="S3" CovItemPrefix="csse376_puerto_rico.GameState.java" Intrnl_Id="310">
<LocList>
<Loc EndOffset="431" SrcFileId="6" StartOffset="397"/>
</LocList>
</BasicStmnt>
<BasicStmnt CovItemId="S4" CovItemPrefix="csse376_puerto_rico.GameState.java" Intrnl_Id="311">
<LocList>
<Loc EndOffset="460" SrcFileId="6" StartOffset="434"/>
</LocList>
</BasicStmnt>
<BasicStmnt CovItemId="S5" CovItemPrefix="csse376_puerto_rico.GameState.java" Intrnl_Id="312">
<LocList>
<Loc EndOffset="497" SrcFileId="6" StartOffset="463"/>
</LocList>
</BasicStmnt>
<BasicStmnt CovItemId="S6" CovItemPrefix="csse376_puerto_rico.GameState.java" Intrnl_Id="313">
<LocList>
<Loc EndOffset="526" SrcFileId="6" StartOffset="500"/>
</LocList>
</BasicStmnt>
<BasicStmnt CovItemId="S7" CovItemPrefix="csse376_puerto_rico.GameState.java" Intrnl_Id="314">
<LocList>
<Loc EndOffset="563" SrcFileId="6" StartOffset="529"/>
</LocList>
</BasicStmnt>
<BasicStmnt CovItemId="S8" CovItemPrefix="csse376_puerto_rico.GameState.java" Intrnl_Id="315">
<LocList>
<Loc EndOffset="604" SrcFileId="6" StartOffset="566"/>
</LocList>
</BasicStmnt>
<BasicStmnt CovItemId="S9" CovItemPrefix="csse376_puerto_rico.GameState.java" Intrnl_Id="316">
<LocList>
<Loc EndOffset="856" SrcFileId="6" StartOffset="820"/>
</LocList>
</BasicStmnt>
</StmntSeq>
<HierarchyLvl HierarchyLvlId="217" HierarchyLvlTypeId="15" Intrnl_Id="317" Name="GameState">
<Header>
<Loc EndOffset="879" SrcFileId="6" StartOffset="861"/>
</Header>
<LocList>
<Loc EndOffset="1337" SrcFileId="6" StartOffset="861"/>
</LocList>
<StmntSeq Intrnl_Id="318">
<LocList>
<Loc EndOffset="959" SrcFileId="6" StartOffset="926"/>
<Loc EndOffset="994" SrcFileId="6" StartOffset="963"/>
<Loc EndOffset="1031" SrcFileId="6" StartOffset="998"/>
<Loc EndOffset="1067" SrcFileId="6" StartOffset="1035"/>
<Loc EndOffset="1105" SrcFileId="6" StartOffset="1071"/>
<Loc EndOffset="1148" SrcFileId="6" StartOffset="1129"/>
<Loc EndOffset="1173" SrcFileId="6" StartOffset="1152"/>
<Loc EndOffset="1221" SrcFileId="6" StartOffset="1207"/>
<Loc EndOffset="1262" SrcFileId="6" StartOffset="1225"/>
<Loc EndOffset="1310" SrcFileId="6" StartOffset="1266"/>
<Loc EndOffset="1333" SrcFileId="6" StartOffset="1314"/>
</LocList>
<BasicStmnt CovItemId="S10" CovItemPrefix="csse376_puerto_rico.GameState.java" Intrnl_Id="319">
<LocList>
<Loc EndOffset="959" SrcFileId="6" StartOffset="926"/>
</LocList>
</BasicStmnt>
<BasicStmnt CovItemId="S11" CovItemPrefix="csse376_puerto_rico.GameState.java" Intrnl_Id="320">
<LocList>
<Loc EndOffset="994" SrcFileId="6" StartOffset="963"/>
</LocList>
</BasicStmnt>
<BasicStmnt CovItemId="S12" CovItemPrefix="csse376_puerto_rico.GameState.java" Intrnl_Id="321">
<LocList>
<Loc EndOffset="1031" SrcFileId="6" StartOffset="998"/>
</LocList>
</BasicStmnt>
<BasicStmnt CovItemId="S13" CovItemPrefix="csse376_puerto_rico.GameState.java" Intrnl_Id="322">
<LocList>
<Loc EndOffset="1067" SrcFileId="6" StartOffset="1035"/>
</LocList>
</BasicStmnt>
<BasicStmnt CovItemId="S14" CovItemPrefix="csse376_puerto_rico.GameState.java" Intrnl_Id="323">
<LocList>
<Loc EndOffset="1105" SrcFileId="6" StartOffset="1071"/>
</LocList>
</BasicStmnt>
<BasicStmnt CovItemId="S15" CovItemPrefix="csse376_puerto_rico.GameState.java" Intrnl_Id="324">
<LocList>
<Loc EndOffset="1148" SrcFileId="6" StartOffset="1129"/>
</LocList>
</BasicStmnt>
<BasicStmnt CovItemId="S16" CovItemPrefix="csse376_puerto_rico.GameState.java" Intrnl_Id="325">
<LocList>
<Loc EndOffset="1173" SrcFileId="6" StartOffset="1152"/>
</LocList>
</BasicStmnt>
<BasicStmnt CovItemId="S17" CovItemPrefix="csse376_puerto_rico.GameState.java" Intrnl_Id="326">
<LocList>
<Loc EndOffset="1221" SrcFileId="6" StartOffset="1207"/>
</LocList>
</BasicStmnt>
<BasicStmnt CovItemId="S18" CovItemPrefix="csse376_puerto_rico.GameState.java" Intrnl_Id="327">
<LocList>
<Loc EndOffset="1262" SrcFileId="6" StartOffset="1225"/>
</LocList>
</BasicStmnt>
<BasicStmnt CovItemId="S19" CovItemPrefix="csse376_puerto_rico.GameState.java" Intrnl_Id="328">
<LocList>
<Loc EndOffset="1310" SrcFileId="6" StartOffset="1266"/>
</LocList>
</BasicStmnt>
<BasicStmnt CovItemId="S20" CovItemPrefix="csse376_puerto_rico.GameState.java" Intrnl_Id="329">
<LocList>
<Loc EndOffset="1333" SrcFileId="6" StartOffset="1314"/>
</LocList>
</BasicStmnt>
</StmntSeq>
</HierarchyLvl>
<HierarchyLvl HierarchyLvlId="218" HierarchyLvlTypeId="15" Intrnl_Id="330" Name="GameState">
<Header>
<Loc EndOffset="1380" SrcFileId="6" StartOffset="1342"/>
</Header>
<LocList>
<Loc EndOffset="2877" SrcFileId="6" StartOffset="1342"/>
</LocList>
<StmntSeq Intrnl_Id="331">
<LocList>
<Loc EndOffset="1490" SrcFileId="6" StartOffset="1419"/>
<Loc EndOffset="1541" SrcFileId="6" StartOffset="1508"/>
<Loc EndOffset="1577" SrcFileId="6" StartOffset="1545"/>
<Loc EndOffset="1615" SrcFileId="6" StartOffset="1581"/>
<Loc EndOffset="1652" SrcFileId="6" StartOffset="1619"/>
<Loc EndOffset="1690" SrcFileId="6" StartOffset="1656"/>
<Loc EndOffset="1767" SrcFileId="6" StartOffset="1744"/>
<Loc EndOffset="1801" SrcFileId="6" StartOffset="1771"/>
<Loc EndOffset="1837" SrcFileId="6" StartOffset="1805"/>
<Loc EndOffset="1914" SrcFileId="6" StartOffset="1843"/>
<Loc EndOffset="1989" SrcFileId="6" StartOffset="1918"/>
<Loc EndOffset="2733" SrcFileId="6" StartOffset="1995"/>
<Loc EndOffset="2782" SrcFileId="6" StartOffset="2767"/>
<Loc EndOffset="2823" SrcFileId="6" StartOffset="2786"/>
<Loc EndOffset="2871" SrcFileId="6" StartOffset="2827"/>
</LocList>
<LoopStmnt CovItemId="S21" CovItemPrefix="csse376_puerto_rico.GameState.java" Intrnl_Id="332" MltplExecId="L1-2" MltplExecPrefix="csse376_puerto_rico.GameState.java" NvrExecId="L1-0" NvrExecPrefix="csse376_puerto_rico.GameState.java" OnceExecutedId="L1-1" OnceExecutedPrefix="csse376_puerto_rico.GameState.java" OptBodyExec="true">
<StmntSeq Intrnl_Id="333">
<LocList>
<Loc EndOffset="1485" SrcFileId="6" StartOffset="1450"/>
</LocList>
<BasicStmnt CovItemId="S22" CovItemPrefix="csse376_puerto_rico.GameState.java" Intrnl_Id="334">
<LocList>
<Loc EndOffset="1485" SrcFileId="6" StartOffset="1450"/>
</LocList>
</BasicStmnt>
</StmntSeq>
<Keyword EndOffset="1422" SrcFileId="6" StartOffset="1419"/>
<LocList>
<Loc EndOffset="1490" SrcFileId="6" StartOffset="1419"/>
</LocList>
</LoopStmnt>
<BasicStmnt CovItemId="S23" CovItemPrefix="csse376_puerto_rico.GameState.java" Intrnl_Id="335">
<LocList>
<Loc EndOffset="1541" SrcFileId="6" StartOffset="1508"/>
</LocList>
</BasicStmnt>
<BasicStmnt CovItemId="S24" CovItemPrefix="csse376_puerto_rico.GameState.java" Intrnl_Id="336">
<LocList>
<Loc EndOffset="1577" SrcFileId="6" StartOffset="1545"/>
</LocList>
</BasicStmnt>
<BasicStmnt CovItemId="S25" CovItemPrefix="csse376_puerto_rico.GameState.java" Intrnl_Id="337">
<LocList>
<Loc EndOffset="1615" SrcFileId="6" StartOffset="1581"/>
</LocList>
</BasicStmnt>
<BasicStmnt CovItemId="S26" CovItemPrefix="csse376_puerto_rico.GameState.java" Intrnl_Id="338">
<LocList>
<Loc EndOffset="1652" SrcFileId="6" StartOffset="1619"/>
</LocList>
</BasicStmnt>
<BasicStmnt CovItemId="S27" CovItemPrefix="csse376_puerto_rico.GameState.java" Intrnl_Id="339">
<LocList>
<Loc EndOffset="1690" SrcFileId="6" StartOffset="1656"/>
</LocList>
</BasicStmnt>
<BasicStmnt CovItemId="S28" CovItemPrefix="csse376_puerto_rico.GameState.java" Intrnl_Id="340">
<LocList>
<Loc EndOffset="1767" SrcFileId="6" StartOffset="1744"/>
</LocList>
</BasicStmnt>
<BasicStmnt CovItemId="S29" CovItemPrefix="csse376_puerto_rico.GameState.java" Intrnl_Id="341">
<LocList>
<Loc EndOffset="1801" SrcFileId="6" StartOffset="1771"/>
</LocList>
</BasicStmnt>
<BasicStmnt CovItemId="S30" CovItemPrefix="csse376_puerto_rico.GameState.java" Intrnl_Id="342">
<LocList>
<Loc EndOffset="1837" SrcFileId="6" StartOffset="1805"/>
</LocList>
</BasicStmnt>
<BasicStmnt CovItemId="S31" CovItemPrefix="csse376_puerto_rico.GameState.java" Intrnl_Id="343">
<LocList>
<Loc EndOffset="1914" SrcFileId="6" StartOffset="1843"/>
</LocList>
</BasicStmnt>
<BasicStmnt CovItemId="S32" CovItemPrefix="csse376_puerto_rico.GameState.java" Intrnl_Id="344">
<LocList>
<Loc EndOffset="1989" SrcFileId="6" StartOffset="1918"/>
</LocList>
</BasicStmnt>
<CondStmnt CovItemId="S33" CovItemPrefix="csse376_puerto_rico.GameState.java" Intrnl_Id="345">
<Branch CovItemId="B1" CovItemPrefix="csse376_puerto_rico.GameState.java" Implct="false" Intrnl_Id="346">
<Cond/>
<LocList>
<Loc EndOffset="2154" SrcFileId="6" StartOffset="2018"/>
</LocList>
<StmntSeq Intrnl_Id="347">
<LocList>
<Loc EndOffset="2044" SrcFileId="6" StartOffset="2024"/>
<Loc EndOffset="2068" SrcFileId="6" StartOffset="2049"/>
<Loc EndOffset="2149" SrcFileId="6" StartOffset="2073"/>
</LocList>
<BasicStmnt CovItemId="S34" CovItemPrefix="csse376_puerto_rico.GameState.java" Intrnl_Id="348">
<LocList>
<Loc EndOffset="2044" SrcFileId="6" StartOffset="2024"/>
</LocList>
</BasicStmnt>
<BasicStmnt CovItemId="S35" CovItemPrefix="csse376_puerto_rico.GameState.java" Intrnl_Id="349">
<LocList>
<Loc EndOffset="2068" SrcFileId="6" StartOffset="2049"/>
</LocList>
</BasicStmnt>
<BasicStmnt CovItemId="S36" CovItemPrefix="csse376_puerto_rico.GameState.java" Intrnl_Id="350">
<LocList>
<Loc EndOffset="2149" SrcFileId="6" StartOffset="2073"/>
</LocList>
</BasicStmnt>
</StmntSeq>
</Branch>
<Branch CovItemId="B2" CovItemPrefix="csse376_puerto_rico.GameState.java" Implct="false" Intrnl_Id="351">
<Cond>
<Loc EndOffset="2159" SrcFileId="6" StartOffset="2155"/>
</Cond>
<LocList>
<Loc EndOffset="2733" SrcFileId="6" StartOffset="2160"/>
</LocList>
<StmntSeq Intrnl_Id="352">
<LocList>
<Loc EndOffset="2733" SrcFileId="6" StartOffset="2160"/>
</LocList>
<CondStmnt CovItemId="S37" CovItemPrefix="csse376_puerto_rico.GameState.java" Intrnl_Id="353">
<Branch CovItemId="B3" CovItemPrefix="csse376_puerto_rico.GameState.java" Implct="false" Intrnl_Id="354">
<Cond/>
<LocList>
<Loc EndOffset="2403" SrcFileId="6" StartOffset="2183"/>
</LocList>
<StmntSeq Intrnl_Id="355">
<LocList>
<Loc EndOffset="2209" SrcFileId="6" StartOffset="2189"/>
<Loc EndOffset="2234" SrcFileId="6" StartOffset="2214"/>
<Loc EndOffset="2315" SrcFileId="6" StartOffset="2239"/>
<Loc EndOffset="2396" SrcFileId="6" StartOffset="2320"/>
</LocList>
<BasicStmnt CovItemId="S38" CovItemPrefix="csse376_puerto_rico.GameState.java" Intrnl_Id="356">
<LocList>
<Loc EndOffset="2209" SrcFileId="6" StartOffset="2189"/>
</LocList>
</BasicStmnt>
<BasicStmnt CovItemId="S39" CovItemPrefix="csse376_puerto_rico.GameState.java" Intrnl_Id="357">
<LocList>
<Loc EndOffset="2234" SrcFileId="6" StartOffset="2214"/>
</LocList>
</BasicStmnt>
<BasicStmnt CovItemId="S40" CovItemPrefix="csse376_puerto_rico.GameState.java" Intrnl_Id="358">
<LocList>
<Loc EndOffset="2315" SrcFileId="6" StartOffset="2239"/>
</LocList>
</BasicStmnt>
<BasicStmnt CovItemId="S41" CovItemPrefix="csse376_puerto_rico.GameState.java" Intrnl_Id="359">
<LocList>
<Loc EndOffset="2396" SrcFileId="6" StartOffset="2320"/>
</LocList>
</BasicStmnt>
</StmntSeq>
</Branch>
<Branch CovItemId="B4" CovItemPrefix="csse376_puerto_rico.GameState.java" Implct="false" Intrnl_Id="360">
<Cond>
<Loc EndOffset="2408" SrcFileId="6" StartOffset="2404"/>
</Cond>
<LocList>
<Loc EndOffset="2733" SrcFileId="6" StartOffset="2409"/>
</LocList>
<StmntSeq Intrnl_Id="361">
<LocList>
<Loc EndOffset="2733" SrcFileId="6" StartOffset="2409"/>
</LocList>
<CondStmnt CovItemId="S42" CovItemPrefix="csse376_puerto_rico.GameState.java" Intrnl_Id="362">
<Branch CovItemId="B5" CovItemPrefix="csse376_puerto_rico.GameState.java" Implct="false" Intrnl_Id="363">
<Cond/>
<LocList>
<Loc EndOffset="2733" SrcFileId="6" StartOffset="2432"/>
</LocList>
<StmntSeq Intrnl_Id="364">
<LocList>
<Loc EndOffset="2458" SrcFileId="6" StartOffset="2438"/>
<Loc EndOffset="2483" SrcFileId="6" StartOffset="2463"/>
<Loc EndOffset="2566" SrcFileId="6" StartOffset="2488"/>
<Loc EndOffset="2647" SrcFileId="6" StartOffset="2571"/>
<Loc EndOffset="2728" SrcFileId="6" StartOffset="2652"/>
</LocList>
<BasicStmnt CovItemId="S43" CovItemPrefix="csse376_puerto_rico.GameState.java" Intrnl_Id="365">
<LocList>
<Loc EndOffset="2458" SrcFileId="6" StartOffset="2438"/>
</LocList>
</BasicStmnt>
<BasicStmnt CovItemId="S44" CovItemPrefix="csse376_puerto_rico.GameState.java" Intrnl_Id="366">
<LocList>
<Loc EndOffset="2483" SrcFileId="6" StartOffset="2463"/>
</LocList>
</BasicStmnt>
<BasicStmnt CovItemId="S45" CovItemPrefix="csse376_puerto_rico.GameState.java" Intrnl_Id="367">
<LocList>
<Loc EndOffset="2566" SrcFileId="6" StartOffset="2488"/>
</LocList>
</BasicStmnt>
<BasicStmnt CovItemId="S46" CovItemPrefix="csse376_puerto_rico.GameState.java" Intrnl_Id="368">
<LocList>
<Loc EndOffset="2647" SrcFileId="6" StartOffset="2571"/>
</LocList>
</BasicStmnt>
<BasicStmnt CovItemId="S47" CovItemPrefix="csse376_puerto_rico.GameState.java" Intrnl_Id="369">
<LocList>
<Loc EndOffset="2728" SrcFileId="6" StartOffset="2652"/>
</LocList>
</BasicStmnt>
</StmntSeq>
</Branch>
<Branch CovItemId="B6" CovItemPrefix="csse376_puerto_rico.GameState.java" Implct="true" Intrnl_Id="370">
<Cond/>
<LocList/>
<StmntSeq Intrnl_Id="371">
<LocList/>
</StmntSeq>
</Branch>
<Keyword EndOffset="2411" SrcFileId="6" StartOffset="2409"/>
<LocList>
<Loc EndOffset="2733" SrcFileId="6" StartOffset="2409"/>
</LocList>
<RootTerm CovItemId="C3" CovItemPrefix="csse376_puerto_rico.GameState.java" Intrnl_Id="372">
<BasicBoolTerm Intrnl_Id="373">
<LocList>
<Loc EndOffset="2430" SrcFileId="6" StartOffset="2413"/>
</LocList>
</BasicBoolTerm>
</RootTerm>
</CondStmnt>
</StmntSeq>
</Branch>
<Keyword EndOffset="2162" SrcFileId="6" StartOffset="2160"/>
<LocList>
<Loc EndOffset="2733" SrcFileId="6" StartOffset="2160"/>
</LocList>
<RootTerm CovItemId="C2" CovItemPrefix="csse376_puerto_rico.GameState.java" Intrnl_Id="374">
<BasicBoolTerm Intrnl_Id="375">
<LocList>
<Loc EndOffset="2181" SrcFileId="6" StartOffset="2164"/>
</LocList>
</BasicBoolTerm>
</RootTerm>
</CondStmnt>
</StmntSeq>
</Branch>
<Keyword EndOffset="1997" SrcFileId="6" StartOffset="1995"/>
<LocList>
<Loc EndOffset="2733" SrcFileId="6" StartOffset="1995"/>
</LocList>
<RootTerm CovItemId="C1" CovItemPrefix="csse376_puerto_rico.GameState.java" Intrnl_Id="376">
<BasicBoolTerm Intrnl_Id="377">
<LocList>
<Loc EndOffset="2016" SrcFileId="6" StartOffset="1999"/>
</LocList>
</BasicBoolTerm>
</RootTerm>
</CondStmnt>
<BasicStmnt CovItemId="S48" CovItemPrefix="csse376_puerto_rico.GameState.java" Intrnl_Id="378">
<LocList>
<Loc EndOffset="2782" SrcFileId="6" StartOffset="2767"/>
</LocList>
</BasicStmnt>
<BasicStmnt CovItemId="S49" CovItemPrefix="csse376_puerto_rico.GameState.java" Intrnl_Id="379">
<LocList>
<Loc EndOffset="2823" SrcFileId="6" StartOffset="2786"/>
</LocList>
</BasicStmnt>
<BasicStmnt CovItemId="S50" CovItemPrefix="csse376_puerto_rico.GameState.java" Intrnl_Id="380">
<LocList>
<Loc EndOffset="2871" SrcFileId="6" StartOffset="2827"/>
</LocList>
</BasicStmnt>
</StmntSeq>
</HierarchyLvl>
<HierarchyLvl HierarchyLvlId="219" HierarchyLvlTypeId="15" Intrnl_Id="381" Name="getGood">
<Header>
<Loc EndOffset="2913" SrcFileId="6" StartOffset="2882"/>
</Header>
<LocList>
<Loc EndOffset="2948" SrcFileId="6" StartOffset="2882"/>
</LocList>
<StmntSeq Intrnl_Id="382">
<LocList>
<Loc EndOffset="2944" SrcFileId="6" StartOffset="2921"/>
</LocList>
<BasicStmnt CovItemId="S51" CovItemPrefix="csse376_puerto_rico.GameState.java" Intrnl_Id="383">
<LocList>
<Loc EndOffset="2944" SrcFileId="6" StartOffset="2921"/>
</LocList>
</BasicStmnt>
</StmntSeq>
</HierarchyLvl>
<HierarchyLvl HierarchyLvlId="220" HierarchyLvlTypeId="15" Intrnl_Id="384" Name="addGood">
<Header>
<Loc EndOffset="2985" SrcFileId="6" StartOffset="2953"/>
</Header>
<LocList>
<Loc EndOffset="3034" SrcFileId="6" StartOffset="2953"/>
</LocList>
<StmntSeq Intrnl_Id="385">
<LocList>
<Loc EndOffset="3030" SrcFileId="6" StartOffset="2993"/>
</LocList>
<BasicStmnt CovItemId="S52" CovItemPrefix="csse376_puerto_rico.GameState.java" Intrnl_Id="386">
<LocList>
<Loc EndOffset="3030" SrcFileId="6" StartOffset="2993"/>
</LocList>
</BasicStmnt>
</StmntSeq>
</HierarchyLvl>
<HierarchyLvl HierarchyLvlId="221" HierarchyLvlTypeId="15" Intrnl_Id="387" Name="getColonistsOnBoard">
<Header>
<Loc EndOffset="3071" SrcFileId="6" StartOffset="3039"/>
</Header>
<LocList>
<Loc EndOffset="3111" SrcFileId="6" StartOffset="3039"/>
</LocList>
<StmntSeq Intrnl_Id="388">
<LocList>
<Loc EndOffset="3107" SrcFileId="6" StartOffset="3083"/>
</LocList>
<BasicStmnt CovItemId="S53" CovItemPrefix="csse376_puerto_rico.GameState.java" Intrnl_Id="389">
<LocList>
<Loc EndOffset="3107" SrcFileId="6" StartOffset="3083"/>
</LocList>
</BasicStmnt>
</StmntSeq>
</HierarchyLvl>
<HierarchyLvl HierarchyLvlId="222" HierarchyLvlTypeId="15" Intrnl_Id="390" Name="getColonistsTotal">
<Header>
<Loc EndOffset="3146" SrcFileId="6" StartOffset="3116"/>
</Header>
<LocList>
<Loc EndOffset="3184" SrcFileId="6" StartOffset="3116"/>
</LocList>
<StmntSeq Intrnl_Id="391">
<LocList>
<Loc EndOffset="3180" SrcFileId="6" StartOffset="3158"/>
</LocList>
<BasicStmnt CovItemId="S54" CovItemPrefix="csse376_puerto_rico.GameState.java" Intrnl_Id="392">
<LocList>
<Loc EndOffset="3180" SrcFileId="6" StartOffset="3158"/>
</LocList>
</BasicStmnt>
</StmntSeq>
</HierarchyLvl>
<HierarchyLvl HierarchyLvlId="223" HierarchyLvlTypeId="15" Intrnl_Id="393" Name="addRolesToList">
<Header>
<Loc EndOffset="3229" SrcFileId="6" StartOffset="3189"/>
</Header>
<LocList>
<Loc EndOffset="3525" SrcFileId="6" StartOffset="3189"/>
</LocList>
<StmntSeq Intrnl_Id="394">
<LocList>
<Loc EndOffset="3257" SrcFileId="6" StartOffset="3235"/>
<Loc EndOffset="3521" SrcFileId="6" StartOffset="3261"/>
</LocList>
<BasicStmnt CovItemId="S55" CovItemPrefix="csse376_puerto_rico.GameState.java" Intrnl_Id="395">
<LocList>
<Loc EndOffset="3257" SrcFileId="6" StartOffset="3235"/>
</LocList>
</BasicStmnt>
<CondStmnt CovItemId="S56" CovItemPrefix="csse376_puerto_rico.GameState.java" Intrnl_Id="396">
<Branch CovItemId="B7" CovItemPrefix="csse376_puerto_rico.GameState.java" Implct="false" Intrnl_Id="397">
<Cond/>
<LocList>
<Loc EndOffset="3521" SrcFileId="6" StartOffset="3289"/>
</LocList>
<StmntSeq Intrnl_Id="398">
<LocList>
<Loc EndOffset="3339" SrcFileId="6" StartOffset="3295"/>
<Loc EndOffset="3438" SrcFileId="6" StartOffset="3344"/>
<Loc EndOffset="3474" SrcFileId="6" StartOffset="3443"/>
<Loc EndOffset="3516" SrcFileId="6" StartOffset="3479"/>
</LocList>
<BasicStmnt CovItemId="S57" CovItemPrefix="csse376_puerto_rico.GameState.java" Intrnl_Id="399">
<LocList>
<Loc EndOffset="3339" SrcFileId="6" StartOffset="3295"/>
</LocList>
</BasicStmnt>
<LoopStmnt CovItemId="S58" CovItemPrefix="csse376_puerto_rico.GameState.java" Intrnl_Id="400" MltplExecId="L2-2" MltplExecPrefix="csse376_puerto_rico.GameState.java" NvrExecId="L2-0" NvrExecPrefix="csse376_puerto_rico.GameState.java" OnceExecutedId="L2-1" OnceExecutedPrefix="csse376_puerto_rico.GameState.java" OptBodyExec="true">
<StmntSeq Intrnl_Id="401">
<LocList>
<Loc EndOffset="3432" SrcFileId="6" StartOffset="3395"/>
</LocList>
<BasicStmnt CovItemId="S59" CovItemPrefix="csse376_puerto_rico.GameState.java" Intrnl_Id="402">
<LocList>
<Loc EndOffset="3432" SrcFileId="6" StartOffset="3395"/>
</LocList>
</BasicStmnt>
</StmntSeq>
<Keyword EndOffset="3347" SrcFileId="6" StartOffset="3344"/>
<LocList>
<Loc EndOffset="3438" SrcFileId="6" StartOffset="3344"/>
</LocList>
<RootTerm CovItemId="C5" CovItemPrefix="csse376_puerto_rico.GameState.java" Intrnl_Id="403">
<BasicBoolTerm Intrnl_Id="404">
<LocList>
<Loc EndOffset="3381" SrcFileId="6" StartOffset="3360"/>
</LocList>
</BasicBoolTerm>
</RootTerm>
</LoopStmnt>
<BasicStmnt CovItemId="S60" CovItemPrefix="csse376_puerto_rico.GameState.java" Intrnl_Id="405">
<LocList>
<Loc EndOffset="3474" SrcFileId="6" StartOffset="3443"/>
</LocList>
</BasicStmnt>
<BasicStmnt CovItemId="S61" CovItemPrefix="csse376_puerto_rico.GameState.java" Intrnl_Id="406">
<LocList>
<Loc EndOffset="3516" SrcFileId="6" StartOffset="3479"/>
</LocList>
</BasicStmnt>
</StmntSeq>
</Branch>
<Branch CovItemId="B8" CovItemPrefix="csse376_puerto_rico.GameState.java" Implct="true" Intrnl_Id="407">
<Cond/>
<LocList/>
<StmntSeq Intrnl_Id="408">
<LocList/>
</StmntSeq>
</Branch>
<Keyword EndOffset="3263" SrcFileId="6" StartOffset="3261"/>
<LocList>
<Loc EndOffset="3521" SrcFileId="6" StartOffset="3261"/>
</LocList>
<RootTerm CovItemId="C4" CovItemPrefix="csse376_puerto_rico.GameState.java" Intrnl_Id="409">
<BasicBoolTerm Intrnl_Id="410">
<LocList>
<Loc EndOffset="3287" SrcFileId="6" StartOffset="3265"/>
</LocList>
</BasicBoolTerm>
</RootTerm>
</CondStmnt>
</StmntSeq>
</HierarchyLvl>
<HierarchyLvl HierarchyLvlId="224" HierarchyLvlTypeId="15" Intrnl_Id="411" Name="addDoubloon">
<Header>
<Loc EndOffset="3581" SrcFileId="6" StartOffset="3530"/>
</Header>
<LocList>
<Loc EndOffset="3755" SrcFileId="6" StartOffset="3530"/>
</LocList>
<StmntSeq Intrnl_Id="412">
<LocList>
<Loc EndOffset="3751" SrcFileId="6" StartOffset="3587"/>
</LocList>
<CondStmnt CovItemId="S62" CovItemPrefix="csse376_puerto_rico.GameState.java" Intrnl_Id="413">
<Branch CovItemId="B9" CovItemPrefix="csse376_puerto_rico.GameState.java" Implct="false" Intrnl_Id="414">
<Cond/>
<LocList>
<Loc EndOffset="3751" SrcFileId="6" StartOffset="3657"/>
</LocList>
<StmntSeq Intrnl_Id="415">
<LocList>
<Loc EndOffset="3710" SrcFileId="6" StartOffset="3663"/>
<Loc EndOffset="3746" SrcFileId="6" StartOffset="3715"/>
</LocList>
<BasicStmnt CovItemId="S63" CovItemPrefix="csse376_puerto_rico.GameState.java" Intrnl_Id="416">
<LocList>
<Loc EndOffset="3710" SrcFileId="6" StartOffset="3663"/>
</LocList>
</BasicStmnt>
<BasicStmnt CovItemId="S64" CovItemPrefix="csse376_puerto_rico.GameState.java" Intrnl_Id="417">
<LocList>
<Loc EndOffset="3746" SrcFileId="6" StartOffset="3715"/>
</LocList>
</BasicStmnt>
</StmntSeq>
</Branch>
<Branch CovItemId="B10" CovItemPrefix="csse376_puerto_rico.GameState.java" Implct="true" Intrnl_Id="418">
<Cond/>
<LocList/>
<StmntSeq Intrnl_Id="419">
<LocList/>
</StmntSeq>
</Branch>
<Keyword EndOffset="3589" SrcFileId="6" StartOffset="3587"/>
<LocList>
<Loc EndOffset="3751" SrcFileId="6" StartOffset="3587"/>
</LocList>
<RootTerm CovItemId="C6" CovItemPrefix="csse376_puerto_rico.GameState.java" Intrnl_Id="420">
<OpTerm BooleanOpId="11" Intrnl_Id="421">
<BasicBoolTerm Intrnl_Id="422">
<LocList>
<Loc EndOffset="3623" SrcFileId="6" StartOffset="3591"/>
</LocList>
</BasicBoolTerm>
<BasicBoolTerm Intrnl_Id="423">
<LocList>
<Loc EndOffset="3655" SrcFileId="6" StartOffset="3627"/>
</LocList>
</BasicBoolTerm>
<LocList>
<Loc EndOffset="3626" SrcFileId="6" StartOffset="3624"/>
</LocList>
</OpTerm>
</RootTerm>
</CondStmnt>
</StmntSeq>
</HierarchyLvl>
<HierarchyLvl HierarchyLvlId="225" HierarchyLvlTypeId="15" Intrnl_Id="424" Name="addColonistsToBoard">
<Header>
<Loc EndOffset="3793" SrcFileId="6" StartOffset="3760"/>
</Header>
<LocList>
<Loc EndOffset="4577" SrcFileId="6" StartOffset="3760"/>
</LocList>
<StmntSeq Intrnl_Id="425">
<LocList>
<Loc EndOffset="4212" SrcFileId="6" StartOffset="4199"/>
<Loc EndOffset="4460" SrcFileId="6" StartOffset="4216"/>
<Loc EndOffset="4573" SrcFileId="6" StartOffset="4464"/>
</LocList>
<BasicStmnt CovItemId="S65" CovItemPrefix="csse376_puerto_rico.GameState.java" Intrnl_Id="426">
<LocList>
<Loc EndOffset="4212" SrcFileId="6" StartOffset="4199"/>
</LocList>
</BasicStmnt>
<LoopStmnt CovItemId="S66" CovItemPrefix="csse376_puerto_rico.GameState.java" Intrnl_Id="427" MltplExecId="L3-2" MltplExecPrefix="csse376_puerto_rico.GameState.java" NvrExecId="L3-0" NvrExecPrefix="csse376_puerto_rico.GameState.java" OnceExecutedId="L3-1" OnceExecutedPrefix="csse376_puerto_rico.GameState.java" OptBodyExec="true">
<StmntSeq Intrnl_Id="428">
<LocList>
<Loc EndOffset="4349" SrcFileId="6" StartOffset="4252"/>
<Loc EndOffset="4455" SrcFileId="6" StartOffset="4354"/>
</LocList>
<LoopStmnt CovItemId="S67" CovItemPrefix="csse376_puerto_rico.GameState.java" Intrnl_Id="429" MltplExecId="L4-2" MltplExecPrefix="csse376_puerto_rico.GameState.java" NvrExecId="L4-0" NvrExecPrefix="csse376_puerto_rico.GameState.java" OnceExecutedId="L4-1" OnceExecutedPrefix="csse376_puerto_rico.GameState.java" OptBodyExec="true">
<StmntSeq Intrnl_Id="430">
<LocList>
<Loc EndOffset="4343" SrcFileId="6" StartOffset="4300"/>
</LocList>
<BasicStmnt CovItemId="S68" CovItemPrefix="csse376_puerto_rico.GameState.java" Intrnl_Id="431">
<LocList>
<Loc EndOffset="4343" SrcFileId="6" StartOffset="4300"/>
</LocList>
</BasicStmnt>
</StmntSeq>
<Keyword EndOffset="4255" SrcFileId="6" StartOffset="4252"/>
<LocList>
<Loc EndOffset="4349" SrcFileId="6" StartOffset="4252"/>
</LocList>
</LoopStmnt>
<LoopStmnt CovItemId="S69" CovItemPrefix="csse376_puerto_rico.GameState.java" Intrnl_Id="432" MltplExecId="L5-2" MltplExecPrefix="csse376_puerto_rico.GameState.java" NvrExecId="L5-0" NvrExecPrefix="csse376_puerto_rico.GameState.java" OnceExecutedId="L5-1" OnceExecutedPrefix="csse376_puerto_rico.GameState.java" OptBodyExec="true">
<StmntSeq Intrnl_Id="433">
<LocList>
<Loc EndOffset="4449" SrcFileId="6" StartOffset="4406"/>
</LocList>
<CondStmnt CovItemId="S70" CovItemPrefix="csse376_puerto_rico.GameState.java" Intrnl_Id="434">
<Branch CovItemId="B11" CovItemPrefix="csse376_puerto_rico.GameState.java" Implct="false" Intrnl_Id="435">
<Cond/>
<LocList>
<Loc EndOffset="4449" SrcFileId="6" StartOffset="4424"/>
</LocList>
<StmntSeq Intrnl_Id="436">
<LocList>
<Loc EndOffset="4442" SrcFileId="6" StartOffset="4432"/>
</LocList>
<BasicStmnt CovItemId="S71" CovItemPrefix="csse376_puerto_rico.GameState.java" Intrnl_Id="437">
<LocList>
<Loc EndOffset="4442" SrcFileId="6" StartOffset="4432"/>
</LocList>
</BasicStmnt>
</StmntSeq>
</Branch>
<Branch CovItemId="B12" CovItemPrefix="csse376_puerto_rico.GameState.java" Implct="true" Intrnl_Id="438">
<Cond/>
<LocList/>
<StmntSeq Intrnl_Id="439">
<LocList/>
</StmntSeq>
</Branch>
<Keyword EndOffset="4408" SrcFileId="6" StartOffset="4406"/>
<LocList>
<Loc EndOffset="4449" SrcFileId="6" StartOffset="4406"/>
</LocList>
<RootTerm CovItemId="C7" CovItemPrefix="csse376_puerto_rico.GameState.java" Intrnl_Id="440">
<OpTerm BooleanOpId="10" Intrnl_Id="441">
<BasicBoolTerm Intrnl_Id="442">
<LocList>
<Loc EndOffset="4422" SrcFileId="6" StartOffset="4411"/>
</LocList>
</BasicBoolTerm>
<LocList>
<Loc EndOffset="4411" SrcFileId="6" StartOffset="4410"/>
</LocList>
</OpTerm>
</RootTerm>
</CondStmnt>
</StmntSeq>
<Keyword EndOffset="4357" SrcFileId="6" StartOffset="4354"/>
<LocList>
<Loc EndOffset="4455" SrcFileId="6" StartOffset="4354"/>
</LocList>
</LoopStmnt>
</StmntSeq>
<Keyword EndOffset="4219" SrcFileId="6" StartOffset="4216"/>
<LocList>
<Loc EndOffset="4460" SrcFileId="6" StartOffset="4216"/>
</LocList>
</LoopStmnt>
<CondStmnt CovItemId="S72" CovItemPrefix="csse376_puerto_rico.GameState.java" Intrnl_Id="443">
<Branch CovItemId="B13" CovItemPrefix="csse376_puerto_rico.GameState.java" Implct="false" Intrnl_Id="444">
<Cond/>
<LocList>
<Loc EndOffset="4532" SrcFileId="6" StartOffset="4489"/>
</LocList>
<StmntSeq Intrnl_Id="445">
<LocList>
<Loc EndOffset="4527" SrcFileId="6" StartOffset="4495"/>
</LocList>
<BasicStmnt CovItemId="S73" CovItemPrefix="csse376_puerto_rico.GameState.java" Intrnl_Id="446">
<LocList>
<Loc EndOffset="4527" SrcFileId="6" StartOffset="4495"/>
</LocList>
</BasicStmnt>
</StmntSeq>
</Branch>
<Branch CovItemId="B14" CovItemPrefix="csse376_puerto_rico.GameState.java" Implct="false" Intrnl_Id="447">
<Cond>
<Loc EndOffset="4537" SrcFileId="6" StartOffset="4533"/>
</Cond>
<LocList>
<Loc EndOffset="4573" SrcFileId="6" StartOffset="4538"/>
</LocList>
<StmntSeq Intrnl_Id="448">
<LocList>
<Loc EndOffset="4568" SrcFileId="6" StartOffset="4544"/>
</LocList>
<BasicStmnt CovItemId="S74" CovItemPrefix="csse376_puerto_rico.GameState.java" Intrnl_Id="449">
<LocList>
<Loc EndOffset="4568" SrcFileId="6" StartOffset="4544"/>
</LocList>
</BasicStmnt>
</StmntSeq>
</Branch>
<Keyword EndOffset="4466" SrcFileId="6" StartOffset="4464"/>
<LocList>
<Loc EndOffset="4573" SrcFileId="6" StartOffset="4464"/>
</LocList>
<RootTerm CovItemId="C8" CovItemPrefix="csse376_puerto_rico.GameState.java" Intrnl_Id="450">
<BasicBoolTerm Intrnl_Id="451">
<LocList>
<Loc EndOffset="4487" SrcFileId="6" StartOffset="4468"/>
</LocList>
</BasicBoolTerm>
</RootTerm>
</CondStmnt>
</StmntSeq>
</HierarchyLvl>
<HierarchyLvl HierarchyLvlId="226" HierarchyLvlTypeId="15" Intrnl_Id="452" Name="addGoodToCargoShip">
<Header>
<Loc EndOffset="4841" SrcFileId="6" StartOffset="4773"/>
</Header>
<LocList>
<Loc EndOffset="6092" SrcFileId="6" StartOffset="4773"/>
</LocList>
<StmntSeq Intrnl_Id="453">
<LocList>
<Loc EndOffset="4864" SrcFileId="6" StartOffset="4847"/>
<Loc EndOffset="6068" SrcFileId="6" StartOffset="4868"/>
<Loc EndOffset="6088" SrcFileId="6" StartOffset="6072"/>
</LocList>
<BasicStmnt CovItemId="S75" CovItemPrefix="csse376_puerto_rico.GameState.java" Intrnl_Id="454">
<LocList>
<Loc EndOffset="4864" SrcFileId="6" StartOffset="4847"/>
</LocList>
</BasicStmnt>
<CondStmnt CovItemId="S76" CovItemPrefix="csse376_puerto_rico.GameState.java" Intrnl_Id="455">
<Branch CovItemId="B15" CovItemPrefix="csse376_puerto_rico.GameState.java" Implct="false" Intrnl_Id="456">
<Cond/>
<LocList>
<Loc EndOffset="5266" SrcFileId="6" StartOffset="4886"/>
</LocList>
<StmntSeq Intrnl_Id="457">
<LocList>
<Loc EndOffset="4920" SrcFileId="6" StartOffset="4892"/>
<Loc EndOffset="5261" SrcFileId="6" StartOffset="4925"/>
</LocList>
<BasicStmnt CovItemId="S77" CovItemPrefix="csse376_puerto_rico.GameState.java" Intrnl_Id="458">
<LocList>
<Loc EndOffset="4920" SrcFileId="6" StartOffset="4892"/>
</LocList>
</BasicStmnt>
<CondStmnt CovItemId="S78" CovItemPrefix="csse376_puerto_rico.GameState.java" Intrnl_Id="459">
<Branch CovItemId="B17" CovItemPrefix="csse376_puerto_rico.GameState.java" Implct="false" Intrnl_Id="460">
<Cond/>
<LocList>
<Loc EndOffset="5225" SrcFileId="6" StartOffset="5003"/>
</LocList>
<StmntSeq Intrnl_Id="461">
<LocList>
<Loc EndOffset="5046" SrcFileId="6" StartOffset="5010"/>
<Loc EndOffset="5098" SrcFileId="6" StartOffset="5052"/>
<Loc EndOffset="5217" SrcFileId="6" StartOffset="5106"/>
</LocList>
<BasicStmnt CovItemId="S79" CovItemPrefix="csse376_puerto_rico.GameState.java" Intrnl_Id="462">
<LocList>
<Loc EndOffset="5046" SrcFileId="6" StartOffset="5010"/>
</LocList>
</BasicStmnt>
<CondStmnt CovItemId="S80" CovItemPrefix="csse376_puerto_rico.GameState.java" Intrnl_Id="463">
<Branch CovItemId="B19" CovItemPrefix="csse376_puerto_rico.GameState.java" Implct="false" Intrnl_Id="464">
<Cond/>
<LocList>
<Loc EndOffset="5098" SrcFileId="6" StartOffset="5076"/>
</LocList>
<StmntSeq Intrnl_Id="465">
<LocList>
<Loc EndOffset="5098" SrcFileId="6" StartOffset="5076"/>
</LocList>
<BasicStmnt CovItemId="S81" CovItemPrefix="csse376_puerto_rico.GameState.java" Intrnl_Id="466">
<LocList>
<Loc EndOffset="5098" SrcFileId="6" StartOffset="5076"/>
</LocList>
</BasicStmnt>
</StmntSeq>
</Branch>
<Branch CovItemId="B20" CovItemPrefix="csse376_puerto_rico.GameState.java" Implct="true" Intrnl_Id="467">
<Cond/>
<LocList/>
<StmntSeq Intrnl_Id="468">
<LocList/>
</StmntSeq>
</Branch>
<Keyword EndOffset="5054" SrcFileId="6" StartOffset="5052"/>
<LocList>
<Loc EndOffset="5098" SrcFileId="6" StartOffset="5052"/>
</LocList>
<RootTerm CovItemId="C11" CovItemPrefix="csse376_puerto_rico.GameState.java" Intrnl_Id="469">
<BasicBoolTerm Intrnl_Id="470">
<LocList>
<Loc EndOffset="5068" SrcFileId="6" StartOffset="5056"/>
</LocList>
</BasicBoolTerm>
</RootTerm>
</CondStmnt>
<CondStmnt CovItemId="S82" CovItemPrefix="csse376_puerto_rico.GameState.java" Intrnl_Id="471">
<Branch CovItemId="B21" CovItemPrefix="csse376_puerto_rico.GameState.java" Implct="false" Intrnl_Id="472">
<Cond/>
<LocList>
<Loc EndOffset="5154" SrcFileId="6" StartOffset="5124"/>
</LocList>
<StmntSeq Intrnl_Id="473">
<LocList>
<Loc EndOffset="5147" SrcFileId="6" StartOffset="5132"/>
</LocList>
<BasicStmnt CovItemId="S83" CovItemPrefix="csse376_puerto_rico.GameState.java" Intrnl_Id="474">
<LocList>
<Loc EndOffset="5147" SrcFileId="6" StartOffset="5132"/>
</LocList>
</BasicStmnt>
</StmntSeq>
</Branch>
<Branch CovItemId="B22" CovItemPrefix="csse376_puerto_rico.GameState.java" Implct="false" Intrnl_Id="475">
<Cond>
<Loc EndOffset="5159" SrcFileId="6" StartOffset="5155"/>
</Cond>
<LocList>
<Loc EndOffset="5217" SrcFileId="6" StartOffset="5160"/>
</LocList>
<StmntSeq Intrnl_Id="476">
<LocList>
<Loc EndOffset="5190" SrcFileId="6" StartOffset="5168"/>
<Loc EndOffset="5210" SrcFileId="6" StartOffset="5197"/>
</LocList>
<BasicStmnt CovItemId="S84" CovItemPrefix="csse376_puerto_rico.GameState.java" Intrnl_Id="477">
<LocList>
<Loc EndOffset="5190" SrcFileId="6" StartOffset="5168"/>
</LocList>
</BasicStmnt>
<BasicStmnt CovItemId="S85" CovItemPrefix="csse376_puerto_rico.GameState.java" Intrnl_Id="478">
<LocList>
<Loc EndOffset="5210" SrcFileId="6" StartOffset="5197"/>
</LocList>
</BasicStmnt>
</StmntSeq>
</Branch>
<Keyword EndOffset="5108" SrcFileId="6" StartOffset="5106"/>
<LocList>
<Loc EndOffset="5217" SrcFileId="6" StartOffset="5106"/>
</LocList>
<RootTerm CovItemId="C12" CovItemPrefix="csse376_puerto_rico.GameState.java" Intrnl_Id="479">
<BasicBoolTerm Intrnl_Id="480">
<LocList>
<Loc EndOffset="5122" SrcFileId="6" StartOffset="5110"/>
</LocList>
</BasicBoolTerm>
</RootTerm>
</CondStmnt>
</StmntSeq>
</Branch>
<Branch CovItemId="B18" CovItemPrefix="csse376_puerto_rico.GameState.java" Implct="false" Intrnl_Id="481">
<Cond>
<Loc EndOffset="5230" SrcFileId="6" StartOffset="5226"/>
</Cond>
<LocList>
<Loc EndOffset="5261" SrcFileId="6" StartOffset="5231"/>
</LocList>
<StmntSeq Intrnl_Id="482">
<LocList>
<Loc EndOffset="5255" SrcFileId="6" StartOffset="5238"/>
</LocList>
<BasicStmnt CovItemId="S86" CovItemPrefix="csse376_puerto_rico.GameState.java" Intrnl_Id="483">
<LocList>
<Loc EndOffset="5255" SrcFileId="6" StartOffset="5238"/>
</LocList>
</BasicStmnt>
</StmntSeq>
</Branch>
<Keyword EndOffset="4927" SrcFileId="6" StartOffset="4925"/>
<LocList>
<Loc EndOffset="5261" SrcFileId="6" StartOffset="4925"/>
</LocList>
<RootTerm CovItemId="C10" CovItemPrefix="csse376_puerto_rico.GameState.java" Intrnl_Id="484">
<OpTerm BooleanOpId="12" Intrnl_Id="485">
<BasicBoolTerm Intrnl_Id="486">
<LocList>
<Loc EndOffset="4944" SrcFileId="6" StartOffset="4929"/>
</LocList>
</BasicBoolTerm>
<OpTerm BooleanOpId="11" Intrnl_Id="487">
<BasicBoolTerm Intrnl_Id="488">
<LocList>
<Loc EndOffset="4969" SrcFileId="6" StartOffset="4955"/>
</LocList>
</BasicBoolTerm>
<BasicBoolTerm Intrnl_Id="489">
<LocList>
<Loc EndOffset="5000" SrcFileId="6" StartOffset="4973"/>
</LocList>
</BasicBoolTerm>
<LocList>
<Loc EndOffset="4972" SrcFileId="6" StartOffset="4970"/>
</LocList>
</OpTerm>
<LocList>
<Loc EndOffset="4953" SrcFileId="6" StartOffset="4951"/>
</LocList>
</OpTerm>
</RootTerm>
</CondStmnt>
</StmntSeq>
</Branch>
<Branch CovItemId="B16" CovItemPrefix="csse376_puerto_rico.GameState.java" Implct="false" Intrnl_Id="490">
<Cond>
<Loc EndOffset="5271" SrcFileId="6" StartOffset="5267"/>
</Cond>
<LocList>
<Loc EndOffset="6068" SrcFileId="6" StartOffset="5272"/>
</LocList>
<StmntSeq Intrnl_Id="491">
<LocList>
<Loc EndOffset="6068" SrcFileId="6" StartOffset="5272"/>
</LocList>
<CondStmnt CovItemId="S87" CovItemPrefix="csse376_puerto_rico.GameState.java" Intrnl_Id="492">
<Branch CovItemId="B23" CovItemPrefix="csse376_puerto_rico.GameState.java" Implct="false" Intrnl_Id="493">
<Cond/>
<LocList>
<Loc EndOffset="5668" SrcFileId="6" StartOffset="5290"/>
</LocList>
<StmntSeq Intrnl_Id="494">
<LocList>
<Loc EndOffset="5324" SrcFileId="6" StartOffset="5296"/>
<Loc EndOffset="5661" SrcFileId="6" StartOffset="5329"/>
</LocList>
<BasicStmnt CovItemId="S88" CovItemPrefix="csse376_puerto_rico.GameState.java" Intrnl_Id="495">
<LocList>
<Loc EndOffset="5324" SrcFileId="6" StartOffset="5296"/>
</LocList>
</BasicStmnt>
<CondStmnt CovItemId="S89" CovItemPrefix="csse376_puerto_rico.GameState.java" Intrnl_Id="496">
<Branch CovItemId="B25" CovItemPrefix="csse376_puerto_rico.GameState.java" Implct="false" Intrnl_Id="497">
<Cond/>
<LocList>
<Loc EndOffset="5625" SrcFileId="6" StartOffset="5407"/>
</LocList>
<StmntSeq Intrnl_Id="498">
<LocList>
<Loc EndOffset="5450" SrcFileId="6" StartOffset="5414"/>
<Loc EndOffset="5502" SrcFileId="6" StartOffset="5456"/>
<Loc EndOffset="5619" SrcFileId="6" StartOffset="5508"/>
</LocList>
<BasicStmnt CovItemId="S90" CovItemPrefix="csse376_puerto_rico.GameState.java" Intrnl_Id="499">
<LocList>
<Loc EndOffset="5450" SrcFileId="6" StartOffset="5414"/>
</LocList>
</BasicStmnt>
<CondStmnt CovItemId="S91" CovItemPrefix="csse376_puerto_rico.GameState.java" Intrnl_Id="500">
<Branch CovItemId="B27" CovItemPrefix="csse376_puerto_rico.GameState.java" Implct="false" Intrnl_Id="501">
<Cond/>
<LocList>
<Loc EndOffset="5502" SrcFileId="6" StartOffset="5480"/>
</LocList>
<StmntSeq Intrnl_Id="502">
<LocList>
<Loc EndOffset="5502" SrcFileId="6" StartOffset="5480"/>
</LocList>
<BasicStmnt CovItemId="S92" CovItemPrefix="csse376_puerto_rico.GameState.java" Intrnl_Id="503">
<LocList>
<Loc EndOffset="5502" SrcFileId="6" StartOffset="5480"/>
</LocList>
</BasicStmnt>
</StmntSeq>
</Branch>
<Branch CovItemId="B28" CovItemPrefix="csse376_puerto_rico.GameState.java" Implct="true" Intrnl_Id="504">
<Cond/>
<LocList/>
<StmntSeq Intrnl_Id="505">
<LocList/>
</StmntSeq>
</Branch>
<Keyword EndOffset="5458" SrcFileId="6" StartOffset="5456"/>
<LocList>
<Loc EndOffset="5502" SrcFileId="6" StartOffset="5456"/>
</LocList>
<RootTerm CovItemId="C15" CovItemPrefix="csse376_puerto_rico.GameState.java" Intrnl_Id="506">
<BasicBoolTerm Intrnl_Id="507">
<LocList>
<Loc EndOffset="5472" SrcFileId="6" StartOffset="5460"/>
</LocList>
</BasicBoolTerm>
</RootTerm>
</CondStmnt>
<CondStmnt CovItemId="S93" CovItemPrefix="csse376_puerto_rico.GameState.java" Intrnl_Id="508">
<Branch CovItemId="B29" CovItemPrefix="csse376_puerto_rico.GameState.java" Implct="false" Intrnl_Id="509">
<Cond/>
<LocList>
<Loc EndOffset="5556" SrcFileId="6" StartOffset="5526"/>
</LocList>
<StmntSeq Intrnl_Id="510">
<LocList>
<Loc EndOffset="5549" SrcFileId="6" StartOffset="5534"/>
</LocList>
<BasicStmnt CovItemId="S94" CovItemPrefix="csse376_puerto_rico.GameState.java" Intrnl_Id="511">
<LocList>
<Loc EndOffset="5549" SrcFileId="6" StartOffset="5534"/>
</LocList>
</BasicStmnt>
</StmntSeq>
</Branch>
<Branch CovItemId="B30" CovItemPrefix="csse376_puerto_rico.GameState.java" Implct="false" Intrnl_Id="512">
<Cond>
<Loc EndOffset="5561" SrcFileId="6" StartOffset="5557"/>
</Cond>
<LocList>
<Loc EndOffset="5619" SrcFileId="6" StartOffset="5562"/>
</LocList>
<StmntSeq Intrnl_Id="513">
<LocList>
<Loc EndOffset="5592" SrcFileId="6" StartOffset="5570"/>
<Loc EndOffset="5612" SrcFileId="6" StartOffset="5599"/>
</LocList>
<BasicStmnt CovItemId="S95" CovItemPrefix="csse376_puerto_rico.GameState.java" Intrnl_Id="514">
<LocList>
<Loc EndOffset="5592" SrcFileId="6" StartOffset="5570"/>
</LocList>
</BasicStmnt>
<BasicStmnt CovItemId="S96" CovItemPrefix="csse376_puerto_rico.GameState.java" Intrnl_Id="515">
<LocList>
<Loc EndOffset="5612" SrcFileId="6" StartOffset="5599"/>
</LocList>
</BasicStmnt>
</StmntSeq>
</Branch>
<Keyword EndOffset="5510" SrcFileId="6" StartOffset="5508"/>
<LocList>
<Loc EndOffset="5619" SrcFileId="6" StartOffset="5508"/>
</LocList>
<RootTerm CovItemId="C16" CovItemPrefix="csse376_puerto_rico.GameState.java" Intrnl_Id="516">
<BasicBoolTerm Intrnl_Id="517">
<LocList>
<Loc EndOffset="5524" SrcFileId="6" StartOffset="5512"/>
</LocList>
</BasicBoolTerm>
</RootTerm>
</CondStmnt>
</StmntSeq>
</Branch>
<Branch CovItemId="B26" CovItemPrefix="csse376_puerto_rico.GameState.java" Implct="false" Intrnl_Id="518">
<Cond>
<Loc EndOffset="5630" SrcFileId="6" StartOffset="5626"/>
</Cond>
<LocList>
<Loc EndOffset="5661" SrcFileId="6" StartOffset="5631"/>
</LocList>
<StmntSeq Intrnl_Id="519">
<LocList>
<Loc EndOffset="5655" SrcFileId="6" StartOffset="5638"/>
</LocList>
<BasicStmnt CovItemId="S97" CovItemPrefix="csse376_puerto_rico.GameState.java" Intrnl_Id="520">
<LocList>
<Loc EndOffset="5655" SrcFileId="6" StartOffset="5638"/>
</LocList>
</BasicStmnt>
</StmntSeq>
</Branch>
<Keyword EndOffset="5331" SrcFileId="6" StartOffset="5329"/>
<LocList>
<Loc EndOffset="5661" SrcFileId="6" StartOffset="5329"/>
</LocList>
<RootTerm CovItemId="C14" CovItemPrefix="csse376_puerto_rico.GameState.java" Intrnl_Id="521">
<OpTerm BooleanOpId="12" Intrnl_Id="522">
<BasicBoolTerm Intrnl_Id="523">
<LocList>
<Loc EndOffset="5348" SrcFileId="6" StartOffset="5333"/>
</LocList>
</BasicBoolTerm>
<OpTerm BooleanOpId="11" Intrnl_Id="524">
<BasicBoolTerm Intrnl_Id="525">
<LocList>
<Loc EndOffset="5373" SrcFileId="6" StartOffset="5359"/>
</LocList>
</BasicBoolTerm>
<BasicBoolTerm Intrnl_Id="526">
<LocList>
<Loc EndOffset="5404" SrcFileId="6" StartOffset="5377"/>
</LocList>
</BasicBoolTerm>
<LocList>
<Loc EndOffset="5376" SrcFileId="6" StartOffset="5374"/>
</LocList>
</OpTerm>
<LocList>
<Loc EndOffset="5357" SrcFileId="6" StartOffset="5355"/>
</LocList>
</OpTerm>
</RootTerm>
</CondStmnt>
</StmntSeq>
</Branch>
<Branch CovItemId="B24" CovItemPrefix="csse376_puerto_rico.GameState.java" Implct="false" Intrnl_Id="527">
<Cond>
<Loc EndOffset="5673" SrcFileId="6" StartOffset="5669"/>
</Cond>
<LocList>
<Loc EndOffset="6068" SrcFileId="6" StartOffset="5674"/>
</LocList>
<StmntSeq Intrnl_Id="528">
<LocList>
<Loc EndOffset="6068" SrcFileId="6" StartOffset="5674"/>
</LocList>
<CondStmnt CovItemId="S98" CovItemPrefix="csse376_puerto_rico.GameState.java" Intrnl_Id="529">
<Branch CovItemId="B31" CovItemPrefix="csse376_puerto_rico.GameState.java" Implct="false" Intrnl_Id="530">
<Cond/>
<LocList>
<Loc EndOffset="6068" SrcFileId="6" StartOffset="5692"/>
</LocList>
<StmntSeq Intrnl_Id="531">
<LocList>
<Loc EndOffset="5726" SrcFileId="6" StartOffset="5698"/>
<Loc EndOffset="6063" SrcFileId="6" StartOffset="5731"/>
</LocList>
<BasicStmnt CovItemId="S99" CovItemPrefix="csse376_puerto_rico.GameState.java" Intrnl_Id="532">
<LocList>
<Loc EndOffset="5726" SrcFileId="6" StartOffset="5698"/>
</LocList>
</BasicStmnt>
<CondStmnt CovItemId="S100" CovItemPrefix="csse376_puerto_rico.GameState.java" Intrnl_Id="533">
<Branch CovItemId="B33" CovItemPrefix="csse376_puerto_rico.GameState.java" Implct="false" Intrnl_Id="534">
<Cond/>
<LocList>
<Loc EndOffset="6027" SrcFileId="6" StartOffset="5809"/>
</LocList>
<StmntSeq Intrnl_Id="535">
<LocList>
<Loc EndOffset="5852" SrcFileId="6" StartOffset="5816"/>
<Loc EndOffset="5904" SrcFileId="6" StartOffset="5858"/>
<Loc EndOffset="6021" SrcFileId="6" StartOffset="5910"/>
</LocList>
<BasicStmnt CovItemId="S101" CovItemPrefix="csse376_puerto_rico.GameState.java" Intrnl_Id="536">
<LocList>
<Loc EndOffset="5852" SrcFileId="6" StartOffset="5816"/>
</LocList>
</BasicStmnt>
<CondStmnt CovItemId="S102" CovItemPrefix="csse376_puerto_rico.GameState.java" Intrnl_Id="537">
<Branch CovItemId="B35" CovItemPrefix="csse376_puerto_rico.GameState.java" Implct="false" Intrnl_Id="538">
<Cond/>
<LocList>
<Loc EndOffset="5904" SrcFileId="6" StartOffset="5882"/>
</LocList>
<StmntSeq Intrnl_Id="539">
<LocList>
<Loc EndOffset="5904" SrcFileId="6" StartOffset="5882"/>
</LocList>
<BasicStmnt CovItemId="S103" CovItemPrefix="csse376_puerto_rico.GameState.java" Intrnl_Id="540">
<LocList>
<Loc EndOffset="5904" SrcFileId="6" StartOffset="5882"/>
</LocList>
</BasicStmnt>
</StmntSeq>
</Branch>
<Branch CovItemId="B36" CovItemPrefix="csse376_puerto_rico.GameState.java" Implct="true" Intrnl_Id="541">
<Cond/>
<LocList/>
<StmntSeq Intrnl_Id="542">
<LocList/>
</StmntSeq>
</Branch>
<Keyword EndOffset="5860" SrcFileId="6" StartOffset="5858"/>
<LocList>
<Loc EndOffset="5904" SrcFileId="6" StartOffset="5858"/>
</LocList>
<RootTerm CovItemId="C19" CovItemPrefix="csse376_puerto_rico.GameState.java" Intrnl_Id="543">
<BasicBoolTerm Intrnl_Id="544">
<LocList>
<Loc EndOffset="5874" SrcFileId="6" StartOffset="5862"/>
</LocList>
</BasicBoolTerm>
</RootTerm>
</CondStmnt>
<CondStmnt CovItemId="S104" CovItemPrefix="csse376_puerto_rico.GameState.java" Intrnl_Id="545">
<Branch CovItemId="B37" CovItemPrefix="csse376_puerto_rico.GameState.java" Implct="false" Intrnl_Id="546">
<Cond/>
<LocList>
<Loc EndOffset="5958" SrcFileId="6" StartOffset="5928"/>
</LocList>
<StmntSeq Intrnl_Id="547">
<LocList>
<Loc EndOffset="5951" SrcFileId="6" StartOffset="5936"/>
</LocList>
<BasicStmnt CovItemId="S105" CovItemPrefix="csse376_puerto_rico.GameState.java" Intrnl_Id="548">
<LocList>
<Loc EndOffset="5951" SrcFileId="6" StartOffset="5936"/>
</LocList>
</BasicStmnt>
</StmntSeq>
</Branch>
<Branch CovItemId="B38" CovItemPrefix="csse376_puerto_rico.GameState.java" Implct="false" Intrnl_Id="549">
<Cond>
<Loc EndOffset="5963" SrcFileId="6" StartOffset="5959"/>
</Cond>
<LocList>
<Loc EndOffset="6021" SrcFileId="6" StartOffset="5964"/>
</LocList>
<StmntSeq Intrnl_Id="550">
<LocList>
<Loc EndOffset="5994" SrcFileId="6" StartOffset="5972"/>
<Loc EndOffset="6014" SrcFileId="6" StartOffset="6001"/>
</LocList>
<BasicStmnt CovItemId="S106" CovItemPrefix="csse376_puerto_rico.GameState.java" Intrnl_Id="551">
<LocList>
<Loc EndOffset="5994" SrcFileId="6" StartOffset="5972"/>
</LocList>
</BasicStmnt>
<BasicStmnt CovItemId="S107" CovItemPrefix="csse376_puerto_rico.GameState.java" Intrnl_Id="552">
<LocList>
<Loc EndOffset="6014" SrcFileId="6" StartOffset="6001"/>
</LocList>
</BasicStmnt>
</StmntSeq>
</Branch>
<Keyword EndOffset="5912" SrcFileId="6" StartOffset="5910"/>
<LocList>
<Loc EndOffset="6021" SrcFileId="6" StartOffset="5910"/>
</LocList>
<RootTerm CovItemId="C20" CovItemPrefix="csse376_puerto_rico.GameState.java" Intrnl_Id="553">
<BasicBoolTerm Intrnl_Id="554">
<LocList>
<Loc EndOffset="5926" SrcFileId="6" StartOffset="5914"/>
</LocList>
</BasicBoolTerm>
</RootTerm>
</CondStmnt>
</StmntSeq>
</Branch>
<Branch CovItemId="B34" CovItemPrefix="csse376_puerto_rico.GameState.java" Implct="false" Intrnl_Id="555">
<Cond>
<Loc EndOffset="6032" SrcFileId="6" StartOffset="6028"/>
</Cond>
<LocList>
<Loc EndOffset="6063" SrcFileId="6" StartOffset="6033"/>
</LocList>
<StmntSeq Intrnl_Id="556">
<LocList>
<Loc EndOffset="6057" SrcFileId="6" StartOffset="6040"/>
</LocList>
<BasicStmnt CovItemId="S108" CovItemPrefix="csse376_puerto_rico.GameState.java" Intrnl_Id="557">
<LocList>
<Loc EndOffset="6057" SrcFileId="6" StartOffset="6040"/>
</LocList>
</BasicStmnt>
</StmntSeq>
</Branch>
<Keyword EndOffset="5733" SrcFileId="6" StartOffset="5731"/>
<LocList>
<Loc EndOffset="6063" SrcFileId="6" StartOffset="5731"/>
</LocList>
<RootTerm CovItemId="C18" CovItemPrefix="csse376_puerto_rico.GameState.java" Intrnl_Id="558">
<OpTerm BooleanOpId="12" Intrnl_Id="559">
<BasicBoolTerm Intrnl_Id="560">
<LocList>
<Loc EndOffset="5750" SrcFileId="6" StartOffset="5735"/>
</LocList>
</BasicBoolTerm>
<OpTerm BooleanOpId="11" Intrnl_Id="561">
<BasicBoolTerm Intrnl_Id="562">
<LocList>
<Loc EndOffset="5775" SrcFileId="6" StartOffset="5761"/>
</LocList>
</BasicBoolTerm>
<BasicBoolTerm Intrnl_Id="563">
<LocList>
<Loc EndOffset="5806" SrcFileId="6" StartOffset="5779"/>
</LocList>
</BasicBoolTerm>
<LocList>
<Loc EndOffset="5778" SrcFileId="6" StartOffset="5776"/>
</LocList>
</OpTerm>
<LocList>
<Loc EndOffset="5759" SrcFileId="6" StartOffset="5757"/>
</LocList>
</OpTerm>
</RootTerm>
</CondStmnt>
</StmntSeq>
</Branch>
<Branch CovItemId="B32" CovItemPrefix="csse376_puerto_rico.GameState.java" Implct="true" Intrnl_Id="564">
<Cond/>
<LocList/>
<StmntSeq Intrnl_Id="565">
<LocList/>
</StmntSeq>
</Branch>
<Keyword EndOffset="5676" SrcFileId="6" StartOffset="5674"/>
<LocList>
<Loc EndOffset="6068" SrcFileId="6" StartOffset="5674"/>
</LocList>
<RootTerm CovItemId="C17" CovItemPrefix="csse376_puerto_rico.GameState.java" Intrnl_Id="566">
<BasicBoolTerm Intrnl_Id="567">
<LocList>
<Loc EndOffset="5690" SrcFileId="6" StartOffset="5678"/>
</LocList>
</BasicBoolTerm>
</RootTerm>
</CondStmnt>
</StmntSeq>
</Branch>
<Keyword EndOffset="5274" SrcFileId="6" StartOffset="5272"/>
<LocList>
<Loc EndOffset="6068" SrcFileId="6" StartOffset="5272"/>
</LocList>
<RootTerm CovItemId="C13" CovItemPrefix="csse376_puerto_rico.GameState.java" Intrnl_Id="568">
<BasicBoolTerm Intrnl_Id="569">
<LocList>
<Loc EndOffset="5288" SrcFileId="6" StartOffset="5276"/>
</LocList>
</BasicBoolTerm>
</RootTerm>
</CondStmnt>
</StmntSeq>
</Branch>
<Keyword EndOffset="4870" SrcFileId="6" StartOffset="4868"/>
<LocList>
<Loc EndOffset="6068" SrcFileId="6" StartOffset="4868"/>
</LocList>
<RootTerm CovItemId="C9" CovItemPrefix="csse376_puerto_rico.GameState.java" Intrnl_Id="570">
<BasicBoolTerm Intrnl_Id="571">
<LocList>
<Loc EndOffset="4884" SrcFileId="6" StartOffset="4872"/>
</LocList>
</BasicBoolTerm>
</RootTerm>
</CondStmnt>
<BasicStmnt CovItemId="S109" CovItemPrefix="csse376_puerto_rico.GameState.java" Intrnl_Id="572">
<LocList>
<Loc EndOffset="6088" SrcFileId="6" StartOffset="6072"/>
</LocList>
</BasicStmnt>
</StmntSeq>
</HierarchyLvl>
<HierarchyLvl HierarchyLvlId="227" HierarchyLvlTypeId="15" Intrnl_Id="573" Name="isAbleToAddGood">
<Header>
<Loc EndOffset="6129" SrcFileId="6" StartOffset="6097"/>
</Header>
<LocList>
<Loc EndOffset="6243" SrcFileId="6" StartOffset="6097"/>
</LocList>
<StmntSeq Intrnl_Id="574">
<LocList>
<Loc EndOffset="6222" SrcFileId="6" StartOffset="6137"/>
<Loc EndOffset="6239" SrcFileId="6" StartOffset="6226"/>
</LocList>
<LoopStmnt CovItemId="S110" CovItemPrefix="csse376_puerto_rico.GameState.java" Intrnl_Id="575" MltplExecId="L6-2" MltplExecPrefix="csse376_puerto_rico.GameState.java" NvrExecId="L6-0" NvrExecPrefix="csse376_puerto_rico.GameState.java" OnceExecutedId="L6-1" OnceExecutedPrefix="csse376_puerto_rico.GameState.java" OptBodyExec="true">
<StmntSeq Intrnl_Id="576">
<LocList>
<Loc EndOffset="6217" SrcFileId="6" StartOffset="6168"/>
</LocList>
<CondStmnt CovItemId="S111" CovItemPrefix="csse376_puerto_rico.GameState.java" Intrnl_Id="577">
<Branch CovItemId="B39" CovItemPrefix="csse376_puerto_rico.GameState.java" Implct="false" Intrnl_Id="578">
<Cond/>
<LocList>
<Loc EndOffset="6217" SrcFileId="6" StartOffset="6192"/>
</LocList>
<StmntSeq Intrnl_Id="579">
<LocList>
<Loc EndOffset="6211" SrcFileId="6" StartOffset="6199"/>
</LocList>
<BasicStmnt CovItemId="S112" CovItemPrefix="csse376_puerto_rico.GameState.java" Intrnl_Id="580">
<LocList>
<Loc EndOffset="6211" SrcFileId="6" StartOffset="6199"/>
</LocList>
</BasicStmnt>
</StmntSeq>
</Branch>
<Branch CovItemId="B40" CovItemPrefix="csse376_puerto_rico.GameState.java" Implct="true" Intrnl_Id="581">
<Cond/>
<LocList/>
<StmntSeq Intrnl_Id="582">
<LocList/>
</StmntSeq>
</Branch>
<Keyword EndOffset="6170" SrcFileId="6" StartOffset="6168"/>
<LocList>
<Loc EndOffset="6217" SrcFileId="6" StartOffset="6168"/>
</LocList>
<RootTerm CovItemId="C21" CovItemPrefix="csse376_puerto_rico.GameState.java" Intrnl_Id="583">
<BasicBoolTerm Intrnl_Id="584">
<LocList>
<Loc EndOffset="6190" SrcFileId="6" StartOffset="6172"/>
</LocList>
</BasicBoolTerm>
</RootTerm>
</CondStmnt>
</StmntSeq>
<Keyword EndOffset="6140" SrcFileId="6" StartOffset="6137"/>
<LocList>
<Loc EndOffset="6222" SrcFileId="6" StartOffset="6137"/>
</LocList>
</LoopStmnt>
<BasicStmnt CovItemId="S113" CovItemPrefix="csse376_puerto_rico.GameState.java" Intrnl_Id="585">
<LocList>
<Loc EndOffset="6239" SrcFileId="6" StartOffset="6226"/>
</LocList>
</BasicStmnt>
</StmntSeq>
</HierarchyLvl>
<HierarchyLvl HierarchyLvlId="228" HierarchyLvlTypeId="15" Intrnl_Id="586" Name="isAbleToAddGood">
<Header>
<Loc EndOffset="6288" SrcFileId="6" StartOffset="6248"/>
</Header>
<LocList>
<Loc EndOffset="6596" SrcFileId="6" StartOffset="6248"/>
</LocList>
<StmntSeq Intrnl_Id="587">
<LocList>
<Loc EndOffset="6340" SrcFileId="6" StartOffset="6294"/>
<Loc EndOffset="6575" SrcFileId="6" StartOffset="6344"/>
<Loc EndOffset="6592" SrcFileId="6" StartOffset="6579"/>
</LocList>
<BasicStmnt CovItemId="S114" CovItemPrefix="csse376_puerto_rico.GameState.java" Intrnl_Id="588">
<LocList>
<Loc EndOffset="6340" SrcFileId="6" StartOffset="6294"/>
</LocList>
</BasicStmnt>
<LoopStmnt CovItemId="S115" CovItemPrefix="csse376_puerto_rico.GameState.java" Intrnl_Id="589" MltplExecId="L7-2" MltplExecPrefix="csse376_puerto_rico.GameState.java" NvrExecId="L7-0" NvrExecPrefix="csse376_puerto_rico.GameState.java" OnceExecutedId="L7-1" OnceExecutedPrefix="csse376_puerto_rico.GameState.java" OptBodyExec="true">
<StmntSeq Intrnl_Id="590">
<LocList>
<Loc EndOffset="6570" SrcFileId="6" StartOffset="6387"/>
</LocList>
<CondStmnt CovItemId="S116" CovItemPrefix="csse376_puerto_rico.GameState.java" Intrnl_Id="591">
<Branch CovItemId="B41" CovItemPrefix="csse376_puerto_rico.GameState.java" Implct="false" Intrnl_Id="592">
<Cond/>
<LocList>
<Loc EndOffset="6570" SrcFileId="6" StartOffset="6420"/>
</LocList>
<StmntSeq Intrnl_Id="593">
<LocList>
<Loc EndOffset="6564" SrcFileId="6" StartOffset="6427"/>
</LocList>
<LoopStmnt CovItemId="S117" CovItemPrefix="csse376_puerto_rico.GameState.java" Intrnl_Id="594" MltplExecId="L8-2" MltplExecPrefix="csse376_puerto_rico.GameState.java" NvrExecId="L8-0" NvrExecPrefix="csse376_puerto_rico.GameState.java" OnceExecutedId="L8-1" OnceExecutedPrefix="csse376_puerto_rico.GameState.java" OptBodyExec="true">
<StmntSeq Intrnl_Id="595">
<LocList>
<Loc EndOffset="6503" SrcFileId="6" StartOffset="6464"/>
<Loc EndOffset="6557" SrcFileId="6" StartOffset="6510"/>
</LocList>
<BasicStmnt CovItemId="S118" CovItemPrefix="csse376_puerto_rico.GameState.java" Intrnl_Id="596">
<LocList>
<Loc EndOffset="6503" SrcFileId="6" StartOffset="6464"/>
</LocList>
</BasicStmnt>
<CondStmnt CovItemId="S119" CovItemPrefix="csse376_puerto_rico.GameState.java" Intrnl_Id="597">
<Branch CovItemId="B43" CovItemPrefix="csse376_puerto_rico.GameState.java" Implct="false" Intrnl_Id="598">
<Cond/>
<LocList>
<Loc EndOffset="6557" SrcFileId="6" StartOffset="6526"/>
</LocList>
<StmntSeq Intrnl_Id="599">
<LocList>
<Loc EndOffset="6547" SrcFileId="6" StartOffset="6535"/>
</LocList>
<BasicStmnt CovItemId="S120" CovItemPrefix="csse376_puerto_rico.GameState.java" Intrnl_Id="600">
<LocList>
<Loc EndOffset="6547" SrcFileId="6" StartOffset="6535"/>
</LocList>
</BasicStmnt>
</StmntSeq>
</Branch>
<Branch CovItemId="B44" CovItemPrefix="csse376_puerto_rico.GameState.java" Implct="true" Intrnl_Id="601">
<Cond/>
<LocList/>
<StmntSeq Intrnl_Id="602">
<LocList/>
</StmntSeq>
</Branch>
<Keyword EndOffset="6512" SrcFileId="6" StartOffset="6510"/>
<LocList>
<Loc EndOffset="6557" SrcFileId="6" StartOffset="6510"/>
</LocList>
<RootTerm CovItemId="C24" CovItemPrefix="csse376_puerto_rico.GameState.java" Intrnl_Id="603">
<BasicBoolTerm Intrnl_Id="604">
<LocList>
<Loc EndOffset="6524" SrcFileId="6" StartOffset="6514"/>
</LocList>
</BasicBoolTerm>
</RootTerm>
</CondStmnt>
</StmntSeq>
<Keyword EndOffset="6430" SrcFileId="6" StartOffset="6427"/>
<LocList>
<Loc EndOffset="6564" SrcFileId="6" StartOffset="6427"/>
</LocList>
<RootTerm CovItemId="C23" CovItemPrefix="csse376_puerto_rico.GameState.java" Intrnl_Id="605">
<BasicBoolTerm Intrnl_Id="606">
<LocList>
<Loc EndOffset="6449" SrcFileId="6" StartOffset="6443"/>
</LocList>
</BasicBoolTerm>
</RootTerm>
</LoopStmnt>
</StmntSeq>
</Branch>
<Branch CovItemId="B42" CovItemPrefix="csse376_puerto_rico.GameState.java" Implct="true" Intrnl_Id="607">
<Cond/>
<LocList/>
<StmntSeq Intrnl_Id="608">
<LocList/>
</StmntSeq>
</Branch>
<Keyword EndOffset="6389" SrcFileId="6" StartOffset="6387"/>
<LocList>
<Loc EndOffset="6570" SrcFileId="6" StartOffset="6387"/>
</LocList>
<RootTerm CovItemId="C22" CovItemPrefix="csse376_puerto_rico.GameState.java" Intrnl_Id="609">
<BasicBoolTerm Intrnl_Id="610">
<LocList>
<Loc EndOffset="6418" SrcFileId="6" StartOffset="6391"/>
</LocList>
</BasicBoolTerm>
</RootTerm>
</CondStmnt>
</StmntSeq>
<Keyword EndOffset="6347" SrcFileId="6" StartOffset="6344"/>
<LocList>
<Loc EndOffset="6575" SrcFileId="6" StartOffset="6344"/>
</LocList>
</LoopStmnt>
<BasicStmnt CovItemId="S121" CovItemPrefix="csse376_puerto_rico.GameState.java" Intrnl_Id="611">
<LocList>
<Loc EndOffset="6592" SrcFileId="6" StartOffset="6579"/>
</LocList>
</BasicStmnt>
</StmntSeq>
</HierarchyLvl>
<HierarchyLvl HierarchyLvlId="229" HierarchyLvlTypeId="15" Intrnl_Id="612" Name="isGameEndState">
<Header>
<Loc EndOffset="6632" SrcFileId="6" StartOffset="6601"/>
</Header>
<LocList>
<Loc EndOffset="6666" SrcFileId="6" StartOffset="6601"/>
</LocList>
<StmntSeq Intrnl_Id="613">
<LocList>
<Loc EndOffset="6662" SrcFileId="6" StartOffset="6640"/>
</LocList>
<BasicStmnt CovItemId="S122" CovItemPrefix="csse376_puerto_rico.GameState.java" Intrnl_Id="614">
<LocList>
<Loc EndOffset="6662" SrcFileId="6" StartOffset="6640"/>
</LocList>
</BasicStmnt>
</StmntSeq>
</HierarchyLvl>
<HierarchyLvl HierarchyLvlId="230" HierarchyLvlTypeId="15" Intrnl_Id="615" Name="getWinner">
<Header>
<Loc EndOffset="6696" SrcFileId="6" StartOffset="6671"/>
</Header>
<LocList>
<Loc EndOffset="6860" SrcFileId="6" StartOffset="6671"/>
</LocList>
<StmntSeq Intrnl_Id="616">
<LocList>
<Loc EndOffset="6735" SrcFileId="6" StartOffset="6702"/>
<Loc EndOffset="6839" SrcFileId="6" StartOffset="6739"/>
<Loc EndOffset="6856" SrcFileId="6" StartOffset="6845"/>
</LocList>
<BasicStmnt CovItemId="S123" CovItemPrefix="csse376_puerto_rico.GameState.java" Intrnl_Id="617">
<LocList>
<Loc EndOffset="6735" SrcFileId="6" StartOffset="6702"/>
</LocList>
</BasicStmnt>
<LoopStmnt CovItemId="S124" CovItemPrefix="csse376_puerto_rico.GameState.java" Intrnl_Id="618" MltplExecId="L9-2" MltplExecPrefix="csse376_puerto_rico.GameState.java" NvrExecId="L9-0" NvrExecPrefix="csse376_puerto_rico.GameState.java" OnceExecutedId="L9-1" OnceExecutedPrefix="csse376_puerto_rico.GameState.java" OptBodyExec="true">
<StmntSeq Intrnl_Id="619">
<LocList>
<Loc EndOffset="6834" SrcFileId="6" StartOffset="6775"/>
</LocList>
<CondStmnt CovItemId="S125" CovItemPrefix="csse376_puerto_rico.GameState.java" Intrnl_Id="620">
<Branch CovItemId="B45" CovItemPrefix="csse376_puerto_rico.GameState.java" Implct="false" Intrnl_Id="621">
<Cond/>
<LocList>
<Loc EndOffset="6834" SrcFileId="6" StartOffset="6813"/>
</LocList>
<StmntSeq Intrnl_Id="622">
<LocList>
<Loc EndOffset="6828" SrcFileId="6" StartOffset="6820"/>
</LocList>
<BasicStmnt CovItemId="S126" CovItemPrefix="csse376_puerto_rico.GameState.java" Intrnl_Id="623">
<LocList>
<Loc EndOffset="6828" SrcFileId="6" StartOffset="6820"/>
</LocList>
</BasicStmnt>
</StmntSeq>
</Branch>
<Branch CovItemId="B46" CovItemPrefix="csse376_puerto_rico.GameState.java" Implct="true" Intrnl_Id="624">
<Cond/>
<LocList/>
<StmntSeq Intrnl_Id="625">
<LocList/>
</StmntSeq>
</Branch>
<Keyword EndOffset="6777" SrcFileId="6" StartOffset="6775"/>
<LocList>
<Loc EndOffset="6834" SrcFileId="6" StartOffset="6775"/>
</LocList>
<RootTerm CovItemId="C25" CovItemPrefix="csse376_puerto_rico.GameState.java" Intrnl_Id="626">
<BasicBoolTerm Intrnl_Id="627">
<LocList>
<Loc EndOffset="6811" SrcFileId="6" StartOffset="6779"/>
</LocList>
</BasicBoolTerm>
</RootTerm>
</CondStmnt>
</StmntSeq>
<Keyword EndOffset="6742" SrcFileId="6" StartOffset="6739"/>
<LocList>
<Loc EndOffset="6839" SrcFileId="6" StartOffset="6739"/>
</LocList>
</LoopStmnt>
<BasicStmnt CovItemId="S127" CovItemPrefix="csse376_puerto_rico.GameState.java" Intrnl_Id="628">
<LocList>
<Loc EndOffset="6856" SrcFileId="6" StartOffset="6845"/>
</LocList>
</BasicStmnt>
</StmntSeq>
</HierarchyLvl>
<HierarchyLvl HierarchyLvlId="231" HierarchyLvlTypeId="15" Intrnl_Id="629" Name="updateAtEndOfTurn">
<Header>
<Loc EndOffset="6896" SrcFileId="6" StartOffset="6865"/>
</Header>
<LocList>
<Loc EndOffset="7180" SrcFileId="6" StartOffset="6865"/>
</LocList>
<StmntSeq Intrnl_Id="630">
<LocList>
<Loc EndOffset="6924" SrcFileId="6" StartOffset="6902"/>
<Loc EndOffset="7024" SrcFileId="6" StartOffset="6952"/>
<Loc EndOffset="7100" SrcFileId="6" StartOffset="7028"/>
<Loc EndOffset="7176" SrcFileId="6" StartOffset="7104"/>
</LocList>
<BasicStmnt CovItemId="S128" CovItemPrefix="csse376_puerto_rico.GameState.java" Intrnl_Id="631">
<LocList>
<Loc EndOffset="6924" SrcFileId="6" StartOffset="6902"/>
</LocList>
</BasicStmnt>
<CondStmnt CovItemId="S129" CovItemPrefix="csse376_puerto_rico.GameState.java" Intrnl_Id="632">
<Branch CovItemId="B47" CovItemPrefix="csse376_puerto_rico.GameState.java" Implct="false" Intrnl_Id="633">
<Cond/>
<LocList>
<Loc EndOffset="7024" SrcFileId="6" StartOffset="6973"/>
</LocList>
<StmntSeq Intrnl_Id="634">
<LocList>
<Loc EndOffset="6994" SrcFileId="6" StartOffset="6979"/>
<Loc EndOffset="7019" SrcFileId="6" StartOffset="6999"/>
</LocList>
<BasicStmnt CovItemId="S130" CovItemPrefix="csse376_puerto_rico.GameState.java" Intrnl_Id="635">
<LocList>
<Loc EndOffset="6994" SrcFileId="6" StartOffset="6979"/>
</LocList>
</BasicStmnt>
<BasicStmnt CovItemId="S131" CovItemPrefix="csse376_puerto_rico.GameState.java" Intrnl_Id="636">
<LocList>
<Loc EndOffset="7019" SrcFileId="6" StartOffset="6999"/>
</LocList>
</BasicStmnt>
</StmntSeq>
</Branch>
<Branch CovItemId="B48" CovItemPrefix="csse376_puerto_rico.GameState.java" Implct="true" Intrnl_Id="637">
<Cond/>
<LocList/>
<StmntSeq Intrnl_Id="638">
<LocList/>
</StmntSeq>
</Branch>
<Keyword EndOffset="6954" SrcFileId="6" StartOffset="6952"/>
<LocList>
<Loc EndOffset="7024" SrcFileId="6" StartOffset="6952"/>
</LocList>
<RootTerm CovItemId="C26" CovItemPrefix="csse376_puerto_rico.GameState.java" Intrnl_Id="639">
<BasicBoolTerm Intrnl_Id="640">
<LocList>
<Loc EndOffset="6971" SrcFileId="6" StartOffset="6956"/>
</LocList>
</BasicBoolTerm>
</RootTerm>
</CondStmnt>
<CondStmnt CovItemId="S132" CovItemPrefix="csse376_puerto_rico.GameState.java" Intrnl_Id="641">
<Branch CovItemId="B49" CovItemPrefix="csse376_puerto_rico.GameState.java" Implct="false" Intrnl_Id="642">
<Cond/>
<LocList>
<Loc EndOffset="7100" SrcFileId="6" StartOffset="7049"/>
</LocList>
<StmntSeq Intrnl_Id="643">
<LocList>
<Loc EndOffset="7070" SrcFileId="6" StartOffset="7055"/>
<Loc EndOffset="7095" SrcFileId="6" StartOffset="7075"/>
</LocList>
<BasicStmnt CovItemId="S133" CovItemPrefix="csse376_puerto_rico.GameState.java" Intrnl_Id="644">
<LocList>
<Loc EndOffset="7070" SrcFileId="6" StartOffset="7055"/>
</LocList>
</BasicStmnt>
<BasicStmnt CovItemId="S134" CovItemPrefix="csse376_puerto_rico.GameState.java" Intrnl_Id="645">
<LocList>
<Loc EndOffset="7095" SrcFileId="6" StartOffset="7075"/>
</LocList>
</BasicStmnt>
</StmntSeq>
</Branch>
<Branch CovItemId="B50" CovItemPrefix="csse376_puerto_rico.GameState.java" Implct="true" Intrnl_Id="646">
<Cond/>
<LocList/>
<StmntSeq Intrnl_Id="647">
<LocList/>
</StmntSeq>
</Branch>
<Keyword EndOffset="7030" SrcFileId="6" StartOffset="7028"/>
<LocList>
<Loc EndOffset="7100" SrcFileId="6" StartOffset="7028"/>
</LocList>
<RootTerm CovItemId="C27" CovItemPrefix="csse376_puerto_rico.GameState.java" Intrnl_Id="648">
<BasicBoolTerm Intrnl_Id="649">
<LocList>
<Loc EndOffset="7047" SrcFileId="6" StartOffset="7032"/>
</LocList>
</BasicBoolTerm>
</RootTerm>
</CondStmnt>
<CondStmnt CovItemId="S135" CovItemPrefix="csse376_puerto_rico.GameState.java" Intrnl_Id="650">
<Branch CovItemId="B51" CovItemPrefix="csse376_puerto_rico.GameState.java" Implct="false" Intrnl_Id="651">
<Cond/>
<LocList>
<Loc EndOffset="7176" SrcFileId="6" StartOffset="7125"/>
</LocList>
<StmntSeq Intrnl_Id="652">
<LocList>
<Loc EndOffset="7146" SrcFileId="6" StartOffset="7131"/>
<Loc EndOffset="7171" SrcFileId="6" StartOffset="7151"/>
</LocList>
<BasicStmnt CovItemId="S136" CovItemPrefix="csse376_puerto_rico.GameState.java" Intrnl_Id="653">
<LocList>
<Loc EndOffset="7146" SrcFileId="6" StartOffset="7131"/>
</LocList>
</BasicStmnt>
<BasicStmnt CovItemId="S137" CovItemPrefix="csse376_puerto_rico.GameState.java" Intrnl_Id="654">
<LocList>
<Loc EndOffset="7171" SrcFileId="6" StartOffset="7151"/>
</LocList>
</BasicStmnt>
</StmntSeq>
</Branch>
<Branch CovItemId="B52" CovItemPrefix="csse376_puerto_rico.GameState.java" Implct="true" Intrnl_Id="655">
<Cond/>
<LocList/>
<StmntSeq Intrnl_Id="656">
<LocList/>
</StmntSeq>
</Branch>
<Keyword EndOffset="7106" SrcFileId="6" StartOffset="7104"/>
<LocList>
<Loc EndOffset="7176" SrcFileId="6" StartOffset="7104"/>
</LocList>
<RootTerm CovItemId="C28" CovItemPrefix="csse376_puerto_rico.GameState.java" Intrnl_Id="657">
<BasicBoolTerm Intrnl_Id="658">
<LocList>
<Loc EndOffset="7123" SrcFileId="6" StartOffset="7108"/>
</LocList>
</BasicBoolTerm>
</RootTerm>
</CondStmnt>
</StmntSeq>
</HierarchyLvl>
</HierarchyLvl>
<HierarchyLvl HierarchyLvlId="245" HierarchyLvlTypeId="14" Intrnl_Id="659" Name="GameBoardGUI">
<Header>
<Loc EndOffset="460" SrcFileId="7" StartOffset="435"/>
</Header>
<LocList>
<Loc EndOffset="22478" SrcFileId="7" StartOffset="435"/>
</LocList>
<HierarchyLvl HierarchyLvlId="233" HierarchyLvlTypeId="15" Intrnl_Id="660" Name="GameBoardGUI">
<Header>
<Loc EndOffset="774" SrcFileId="7" StartOffset="753"/>
</Header>
<LocList>
<Loc EndOffset="997" SrcFileId="7" StartOffset="753"/>
</LocList>
<StmntSeq Intrnl_Id="661">
<LocList>
<Loc EndOffset="838" SrcFileId="7" StartOffset="808"/>
<Loc EndOffset="879" SrcFileId="7" StartOffset="842"/>
<Loc EndOffset="922" SrcFileId="7" StartOffset="883"/>
<Loc EndOffset="956" SrcFileId="7" StartOffset="926"/>
<Loc EndOffset="993" SrcFileId="7" StartOffset="960"/>
</LocList>
<BasicStmnt CovItemId="S1" CovItemPrefix="csse376_puerto_rico.GameBoardGUI.java" Intrnl_Id="662">
<LocList>
<Loc EndOffset="838" SrcFileId="7" StartOffset="808"/>
</LocList>
</BasicStmnt>
<BasicStmnt CovItemId="S2" CovItemPrefix="csse376_puerto_rico.GameBoardGUI.java" Intrnl_Id="663">
<LocList>
<Loc EndOffset="879" SrcFileId="7" StartOffset="842"/>
</LocList>
</BasicStmnt>
<BasicStmnt CovItemId="S3" CovItemPrefix="csse376_puerto_rico.GameBoardGUI.java" Intrnl_Id="664">
<LocList>
<Loc EndOffset="922" SrcFileId="7" StartOffset="883"/>
</LocList>
</BasicStmnt>
<BasicStmnt CovItemId="S4" CovItemPrefix="csse376_puerto_rico.GameBoardGUI.java" Intrnl_Id="665">
<LocList>
<Loc EndOffset="956" SrcFileId="7" StartOffset="926"/>
</LocList>
</BasicStmnt>
<BasicStmnt CovItemId="S5" CovItemPrefix="csse376_puerto_rico.GameBoardGUI.java" Intrnl_Id="666">
<LocList>
<Loc EndOffset="993" SrcFileId="7" StartOffset="960"/>
</LocList>
</BasicStmnt>
</StmntSeq>
</HierarchyLvl>
<HierarchyLvl HierarchyLvlId="234" HierarchyLvlTypeId="15" Intrnl_Id="667" Name="GameBoardGUI">
<Header>
<Loc EndOffset="1054" SrcFileId="7" StartOffset="1002"/>
</Header>
<LocList>
<Loc EndOffset="1831" SrcFileId="7" StartOffset="1002"/>
</LocList>
<StmntSeq Intrnl_Id="668">
<LocList>
<Loc EndOffset="1099" SrcFileId="7" StartOffset="1060"/>
<Loc EndOffset="1126" SrcFileId="7" StartOffset="1103"/>
<Loc EndOffset="1169" SrcFileId="7" StartOffset="1130"/>
<Loc EndOffset="1217" SrcFileId="7" StartOffset="1173"/>
<Loc EndOffset="1266" SrcFileId="7" StartOffset="1221"/>
<Loc EndOffset="1312" SrcFileId="7" StartOffset="1270"/>
<Loc EndOffset="1351" SrcFileId="7" StartOffset="1316"/>
<Loc EndOffset="1388" SrcFileId="7" StartOffset="1355"/>
<Loc EndOffset="1412" SrcFileId="7" StartOffset="1392"/>
<Loc EndOffset="1446" SrcFileId="7" StartOffset="1416"/>
<Loc EndOffset="1487" SrcFileId="7" StartOffset="1450"/>
<Loc EndOffset="1511" SrcFileId="7" StartOffset="1493"/>
<Loc EndOffset="1743" SrcFileId="7" StartOffset="1515"/>
<Loc EndOffset="1790" SrcFileId="7" StartOffset="1747"/>
<Loc EndOffset="1827" SrcFileId="7" StartOffset="1796"/>
</LocList>
<BasicStmnt CovItemId="S6" CovItemPrefix="csse376_puerto_rico.GameBoardGUI.java" Intrnl_Id="669">
<LocList>
<Loc EndOffset="1099" SrcFileId="7" StartOffset="1060"/>
</LocList>
</BasicStmnt>
<BasicStmnt CovItemId="S7" CovItemPrefix="csse376_puerto_rico.GameBoardGUI.java" Intrnl_Id="670">
<LocList>
<Loc EndOffset="1126" SrcFileId="7" StartOffset="1103"/>
</LocList>
</BasicStmnt>
<BasicStmnt CovItemId="S8" CovItemPrefix="csse376_puerto_rico.GameBoardGUI.java" Intrnl_Id="671">
<LocList>
<Loc EndOffset="1169" SrcFileId="7" StartOffset="1130"/>
</LocList>
</BasicStmnt>
<BasicStmnt CovItemId="S9" CovItemPrefix="csse376_puerto_rico.GameBoardGUI.java" Intrnl_Id="672">
<LocList>
<Loc EndOffset="1217" SrcFileId="7" StartOffset="1173"/>
</LocList>
</BasicStmnt>
<BasicStmnt CovItemId="S10" CovItemPrefix="csse376_puerto_rico.GameBoardGUI.java" Intrnl_Id="673">
<LocList>
<Loc EndOffset="1266" SrcFileId="7" StartOffset="1221"/>
</LocList>
</BasicStmnt>
<BasicStmnt CovItemId="S11" CovItemPrefix="csse376_puerto_rico.GameBoardGUI.java" Intrnl_Id="674">
<LocList>
<Loc EndOffset="1312" SrcFileId="7" StartOffset="1270"/>
</LocList>
</BasicStmnt>
<BasicStmnt CovItemId="S12" CovItemPrefix="csse376_puerto_rico.GameBoardGUI.java" Intrnl_Id="675">
<LocList>
<Loc EndOffset="1351" SrcFileId="7" StartOffset="1316"/>
</LocList>
</BasicStmnt>
<BasicStmnt CovItemId="S13" CovItemPrefix="csse376_puerto_rico.GameBoardGUI.java" Intrnl_Id="676">
<LocList>
<Loc EndOffset="1388" SrcFileId="7" StartOffset="1355"/>
</LocList>
</BasicStmnt>
<BasicStmnt CovItemId="S14" CovItemPrefix="csse376_puerto_rico.GameBoardGUI.java" Intrnl_Id="677">
<LocList>
<Loc EndOffset="1412" SrcFileId="7" StartOffset="1392"/>
</LocList>
</BasicStmnt>
<BasicStmnt CovItemId="S15" CovItemPrefix="csse376_puerto_rico.GameBoardGUI.java" Intrnl_Id="678">
<LocList>
<Loc EndOffset="1446" SrcFileId="7" StartOffset="1416"/>
</LocList>
</BasicStmnt>
<BasicStmnt CovItemId="S16" CovItemPrefix="csse376_puerto_rico.GameBoardGUI.java" Intrnl_Id="679">
<LocList>
<Loc EndOffset="1487" SrcFileId="7" StartOffset="1450"/>
</LocList>
</BasicStmnt>
<BasicStmnt CovItemId="S17" CovItemPrefix="csse376_puerto_rico.GameBoardGUI.java" Intrnl_Id="680">
<LocList>
<Loc EndOffset="1511" SrcFileId="7" StartOffset="1493"/>
</LocList>
</BasicStmnt>
<LoopStmnt CovItemId="S18" CovItemPrefix="csse376_puerto_rico.GameBoardGUI.java" Intrnl_Id="681" MltplExecId="L1-2" MltplExecPrefix="csse376_puerto_rico.GameBoardGUI.java" NvrExecId="L1-0" NvrExecPrefix="csse376_puerto_rico.GameBoardGUI.java" OnceExecutedId="L1-1" OnceExecutedPrefix="csse376_puerto_rico.GameBoardGUI.java" OptBodyExec="true">
<StmntSeq Intrnl_Id="682">
<LocList>
<Loc EndOffset="1671" SrcFileId="7" StartOffset="1625"/>
<Loc EndOffset="1738" SrcFileId="7" StartOffset="1676"/>
</LocList>
<BasicStmnt CovItemId="S19" CovItemPrefix="csse376_puerto_rico.GameBoardGUI.java" Intrnl_Id="683">
<LocList>
<Loc EndOffset="1671" SrcFileId="7" StartOffset="1625"/>
</LocList>
</BasicStmnt>
<CondStmnt CovItemId="S20" CovItemPrefix="csse376_puerto_rico.GameBoardGUI.java" Intrnl_Id="684">
<Branch CovItemId="B1" CovItemPrefix="csse376_puerto_rico.GameBoardGUI.java" Implct="false" Intrnl_Id="685">
<Cond/>
<LocList>
<Loc EndOffset="1738" SrcFileId="7" StartOffset="1701"/>
</LocList>
<StmntSeq Intrnl_Id="686">
<LocList>
<Loc EndOffset="1732" SrcFileId="7" StartOffset="1708"/>
</LocList>
<BasicStmnt CovItemId="S21" CovItemPrefix="csse376_puerto_rico.GameBoardGUI.java" Intrnl_Id="687">
<LocList>
<Loc EndOffset="1732" SrcFileId="7" StartOffset="1708"/>
</LocList>
</BasicStmnt>
</StmntSeq>
</Branch>
<Branch CovItemId="B2" CovItemPrefix="csse376_puerto_rico.GameBoardGUI.java" Implct="true" Intrnl_Id="688">
<Cond/>
<LocList/>
<StmntSeq Intrnl_Id="689">
<LocList/>
</StmntSeq>
</Branch>
<Keyword EndOffset="1678" SrcFileId="7" StartOffset="1676"/>
<LocList>
<Loc EndOffset="1738" SrcFileId="7" StartOffset="1676"/>
</LocList>
<RootTerm CovItemId="C2" CovItemPrefix="csse376_puerto_rico.GameBoardGUI.java" Intrnl_Id="690">
<BasicBoolTerm Intrnl_Id="691">
<LocList>
<Loc EndOffset="1699" SrcFileId="7" StartOffset="1680"/>
</LocList>
</BasicBoolTerm>
</RootTerm>
</CondStmnt>
</StmntSeq>
<Keyword EndOffset="1518" SrcFileId="7" StartOffset="1515"/>
<LocList>
<Loc EndOffset="1743" SrcFileId="7" StartOffset="1515"/>
</LocList>
<RootTerm CovItemId="C1" CovItemPrefix="csse376_puerto_rico.GameBoardGUI.java" Intrnl_Id="692">
<BasicBoolTerm Intrnl_Id="693">
<LocList>
<Loc EndOffset="1616" SrcFileId="7" StartOffset="1585"/>
</LocList>
</BasicBoolTerm>
</RootTerm>
</LoopStmnt>
<BasicStmnt CovItemId="S22" CovItemPrefix="csse376_puerto_rico.GameBoardGUI.java" Intrnl_Id="694">
<LocList>
<Loc EndOffset="1790" SrcFileId="7" StartOffset="1747"/>
</LocList>
</BasicStmnt>
<BasicStmnt CovItemId="S23" CovItemPrefix="csse376_puerto_rico.GameBoardGUI.java" Intrnl_Id="695">
<LocList>
<Loc EndOffset="1827" SrcFileId="7" StartOffset="1796"/>
</LocList>
</BasicStmnt>
</StmntSeq>
</HierarchyLvl>
<HierarchyLvl HierarchyLvlId="235" HierarchyLvlTypeId="15" Intrnl_Id="696" Name="displayGameState">
<Header>
<Loc EndOffset="1867" SrcFileId="7" StartOffset="1836"/>
</Header>
<LocList>
<Loc EndOffset="3113" SrcFileId="7" StartOffset="1836"/>
</LocList>
<StmntSeq Intrnl_Id="697">
<LocList>
<Loc EndOffset="1929" SrcFileId="7" StartOffset="1873"/>
<Loc EndOffset="1985" SrcFileId="7" StartOffset="1933"/>
<Loc EndOffset="2045" SrcFileId="7" StartOffset="1989"/>
<Loc EndOffset="2103" SrcFileId="7" StartOffset="2049"/>
<Loc EndOffset="2165" SrcFileId="7" StartOffset="2107"/>
<Loc EndOffset="2222" SrcFileId="7" StartOffset="2169"/>
<Loc EndOffset="2282" SrcFileId="7" StartOffset="2226"/>
<Loc EndOffset="2328" SrcFileId="7" StartOffset="2286"/>
<Loc EndOffset="2951" SrcFileId="7" StartOffset="2334"/>
<Loc EndOffset="2984" SrcFileId="7" StartOffset="2955"/>
<Loc EndOffset="3013" SrcFileId="7" StartOffset="2988"/>
<Loc EndOffset="3051" SrcFileId="7" StartOffset="3017"/>
<Loc EndOffset="3109" SrcFileId="7" StartOffset="3055"/>
</LocList>
<BasicStmnt CovItemId="S24" CovItemPrefix="csse376_puerto_rico.GameBoardGUI.java" Intrnl_Id="698">
<LocList>
<Loc EndOffset="1929" SrcFileId="7" StartOffset="1873"/>
</LocList>
</BasicStmnt>
<BasicStmnt CovItemId="S25" CovItemPrefix="csse376_puerto_rico.GameBoardGUI.java" Intrnl_Id="699">
<LocList>
<Loc EndOffset="1985" SrcFileId="7" StartOffset="1933"/>
</LocList>
</BasicStmnt>
<BasicStmnt CovItemId="S26" CovItemPrefix="csse376_puerto_rico.GameBoardGUI.java" Intrnl_Id="700">
<LocList>
<Loc EndOffset="2045" SrcFileId="7" StartOffset="1989"/>
</LocList>
</BasicStmnt>
<BasicStmnt CovItemId="S27" CovItemPrefix="csse376_puerto_rico.GameBoardGUI.java" Intrnl_Id="701">
<LocList>
<Loc EndOffset="2103" SrcFileId="7" StartOffset="2049"/>
</LocList>
</BasicStmnt>
<BasicStmnt CovItemId="S28" CovItemPrefix="csse376_puerto_rico.GameBoardGUI.java" Intrnl_Id="702">
<LocList>
<Loc EndOffset="2165" SrcFileId="7" StartOffset="2107"/>
</LocList>
</BasicStmnt>
<BasicStmnt CovItemId="S29" CovItemPrefix="csse376_puerto_rico.GameBoardGUI.java" Intrnl_Id="703">
<LocList>
<Loc EndOffset="2222" SrcFileId="7" StartOffset="2169"/>
</LocList>
</BasicStmnt>
<BasicStmnt CovItemId="S30" CovItemPrefix="csse376_puerto_rico.GameBoardGUI.java" Intrnl_Id="704">
<LocList>
<Loc EndOffset="2282" SrcFileId="7" StartOffset="2226"/>
</LocList>
</BasicStmnt>
<BasicStmnt CovItemId="S31" CovItemPrefix="csse376_puerto_rico.GameBoardGUI.java" Intrnl_Id="705">
<LocList>
<Loc EndOffset="2328" SrcFileId="7" StartOffset="2286"/>
</LocList>
</BasicStmnt>
<BasicStmnt CovItemId="S32" CovItemPrefix="csse376_puerto_rico.GameBoardGUI.java" Intrnl_Id="706">
<LocList>
<Loc EndOffset="2951" SrcFileId="7" StartOffset="2334"/>
</LocList>
</BasicStmnt>
<BasicStmnt CovItemId="S33" CovItemPrefix="csse376_puerto_rico.GameBoardGUI.java" Intrnl_Id="707">
<LocList>
<Loc EndOffset="2984" SrcFileId="7" StartOffset="2955"/>
</LocList>
</BasicStmnt>
<BasicStmnt CovItemId="S34" CovItemPrefix="csse376_puerto_rico.GameBoardGUI.java" Intrnl_Id="708">
<LocList>
<Loc EndOffset="3013" SrcFileId="7" StartOffset="2988"/>
</LocList>
</BasicStmnt>
<BasicStmnt CovItemId="S35" CovItemPrefix="csse376_puerto_rico.GameBoardGUI.java" Intrnl_Id="709">
<LocList>
<Loc EndOffset="3051" SrcFileId="7" StartOffset="3017"/>
</LocList>
</BasicStmnt>
<BasicStmnt CovItemId="S36" CovItemPrefix="csse376_puerto_rico.GameBoardGUI.java" Intrnl_Id="710">
<LocList>
<Loc EndOffset="3109" SrcFileId="7" StartOffset="3055"/>
</LocList>
</BasicStmnt>
</StmntSeq>
</HierarchyLvl>
<HierarchyLvl HierarchyLvlId="236" HierarchyLvlTypeId="15" Intrnl_Id="711" Name="updateGameStateDisplay">
<Header>
<Loc EndOffset="3155" SrcFileId="7" StartOffset="3118"/>
</Header>
<LocList>
<Loc EndOffset="4274" SrcFileId="7" StartOffset="3118"/>
</LocList>
<StmntSeq Intrnl_Id="712">
<LocList>
<Loc EndOffset="3217" SrcFileId="7" StartOffset="3161"/>
<Loc EndOffset="3273" SrcFileId="7" StartOffset="3221"/>
<Loc EndOffset="3333" SrcFileId="7" StartOffset="3277"/>
<Loc EndOffset="3391" SrcFileId="7" StartOffset="3337"/>
<Loc EndOffset="3453" SrcFileId="7" StartOffset="3395"/>
<Loc EndOffset="3510" SrcFileId="7" StartOffset="3457"/>
<Loc EndOffset="3570" SrcFileId="7" StartOffset="3514"/>
<Loc EndOffset="3616" SrcFileId="7" StartOffset="3574"/>
<Loc EndOffset="4230" SrcFileId="7" StartOffset="3622"/>
<Loc EndOffset="4270" SrcFileId="7" StartOffset="4236"/>
</LocList>
<BasicStmnt CovItemId="S37" CovItemPrefix="csse376_puerto_rico.GameBoardGUI.java" Intrnl_Id="713">
<LocList>
<Loc EndOffset="3217" SrcFileId="7" StartOffset="3161"/>
</LocList>
</BasicStmnt>
<BasicStmnt CovItemId="S38" CovItemPrefix="csse376_puerto_rico.GameBoardGUI.java" Intrnl_Id="714">
<LocList>
<Loc EndOffset="3273" SrcFileId="7" StartOffset="3221"/>
</LocList>
</BasicStmnt>
<BasicStmnt CovItemId="S39" CovItemPrefix="csse376_puerto_rico.GameBoardGUI.java" Intrnl_Id="715">
<LocList>
<Loc EndOffset="3333" SrcFileId="7" StartOffset="3277"/>
</LocList>
</BasicStmnt>
<BasicStmnt CovItemId="S40" CovItemPrefix="csse376_puerto_rico.GameBoardGUI.java" Intrnl_Id="716">
<LocList>
<Loc EndOffset="3391" SrcFileId="7" StartOffset="3337"/>
</LocList>
</BasicStmnt>
<BasicStmnt CovItemId="S41" CovItemPrefix="csse376_puerto_rico.GameBoardGUI.java" Intrnl_Id="717">
<LocList>
<Loc EndOffset="3453" SrcFileId="7" StartOffset="3395"/>
</LocList>
</BasicStmnt>
<BasicStmnt CovItemId="S42" CovItemPrefix="csse376_puerto_rico.GameBoardGUI.java" Intrnl_Id="718">
<LocList>
<Loc EndOffset="3510" SrcFileId="7" StartOffset="3457"/>
</LocList>
</BasicStmnt>
<BasicStmnt CovItemId="S43" CovItemPrefix="csse376_puerto_rico.GameBoardGUI.java" Intrnl_Id="719">
<LocList>
<Loc EndOffset="3570" SrcFileId="7" StartOffset="3514"/>
</LocList>
</BasicStmnt>
<BasicStmnt CovItemId="S44" CovItemPrefix="csse376_puerto_rico.GameBoardGUI.java" Intrnl_Id="720">
<LocList>
<Loc EndOffset="3616" SrcFileId="7" StartOffset="3574"/>
</LocList>
</BasicStmnt>
<BasicStmnt CovItemId="S45" CovItemPrefix="csse376_puerto_rico.GameBoardGUI.java" Intrnl_Id="721">
<LocList>
<Loc EndOffset="4230" SrcFileId="7" StartOffset="3622"/>
</LocList>
</BasicStmnt>
<BasicStmnt CovItemId="S46" CovItemPrefix="csse376_puerto_rico.GameBoardGUI.java" Intrnl_Id="722">
<LocList>
<Loc EndOffset="4270" SrcFileId="7" StartOffset="4236"/>
</LocList>
</BasicStmnt>
</StmntSeq>
</HierarchyLvl>
<HierarchyLvl HierarchyLvlId="237" HierarchyLvlTypeId="15" Intrnl_Id="723" Name="displayMessageBar">
<Header>
<Loc EndOffset="4311" SrcFileId="7" StartOffset="4279"/>
</Header>
<LocList>
<Loc EndOffset="4415" SrcFileId="7" StartOffset="4279"/>
</LocList>
<StmntSeq Intrnl_Id="724">
<LocList>
<Loc EndOffset="4339" SrcFileId="7" StartOffset="4317"/>
<Loc EndOffset="4411" SrcFileId="7" StartOffset="4343"/>
</LocList>
<BasicStmnt CovItemId="S47" CovItemPrefix="csse376_puerto_rico.GameBoardGUI.java" Intrnl_Id="725">
<LocList>
<Loc EndOffset="4339" SrcFileId="7" StartOffset="4317"/>
</LocList>
</BasicStmnt>
<BasicStmnt CovItemId="S48" CovItemPrefix="csse376_puerto_rico.GameBoardGUI.java" Intrnl_Id="726">
<LocList>
<Loc EndOffset="4411" SrcFileId="7" StartOffset="4343"/>
</LocList>
</BasicStmnt>
</StmntSeq>
</HierarchyLvl>
<HierarchyLvl HierarchyLvlId="238" HierarchyLvlTypeId="15" Intrnl_Id="727" Name="addPlayers">
<Header>
<Loc EndOffset="4471" SrcFileId="7" StartOffset="4420"/>
</Header>
<LocList>
<Loc EndOffset="5155" SrcFileId="7" StartOffset="4420"/>
</LocList>
<StmntSeq Intrnl_Id="728">
<LocList>
<Loc EndOffset="5009" SrcFileId="7" StartOffset="4521"/>
<Loc EndOffset="5058" SrcFileId="7" StartOffset="5013"/>
<Loc EndOffset="5083" SrcFileId="7" StartOffset="5064"/>
<Loc EndOffset="5107" SrcFileId="7" StartOffset="5087"/>
<Loc EndOffset="5125" SrcFileId="7" StartOffset="5111"/>
<Loc EndOffset="5151" SrcFileId="7" StartOffset="5131"/>
</LocList>
<LoopStmnt CovItemId="S49" CovItemPrefix="csse376_puerto_rico.GameBoardGUI.java" Intrnl_Id="729" MltplExecId="L2-2" MltplExecPrefix="csse376_puerto_rico.GameBoardGUI.java" NvrExecId="L2-0" NvrExecPrefix="csse376_puerto_rico.GameBoardGUI.java" OnceExecutedId="L2-1" OnceExecutedPrefix="csse376_puerto_rico.GameBoardGUI.java" OptBodyExec="true">
<StmntSeq Intrnl_Id="730">
<LocList>
<Loc EndOffset="4593" SrcFileId="7" StartOffset="4569"/>
<Loc EndOffset="4643" SrcFileId="7" StartOffset="4598"/>
<Loc EndOffset="4666" SrcFileId="7" StartOffset="4648"/>
<Loc EndOffset="4838" SrcFileId="7" StartOffset="4671"/>
<Loc EndOffset="4859" SrcFileId="7" StartOffset="4843"/>
<Loc EndOffset="4883" SrcFileId="7" StartOffset="4864"/>
<Loc EndOffset="4902" SrcFileId="7" StartOffset="4888"/>
<Loc EndOffset="4927" SrcFileId="7" StartOffset="4907"/>
<Loc EndOffset="4976" SrcFileId="7" StartOffset="4932"/>
<Loc EndOffset="5002" SrcFileId="7" StartOffset="4981"/>
</LocList>
<BasicStmnt CovItemId="S50" CovItemPrefix="csse376_puerto_rico.GameBoardGUI.java" Intrnl_Id="731">
<LocList>
<Loc EndOffset="4593" SrcFileId="7" StartOffset="4569"/>
</LocList>
</BasicStmnt>
<CondStmnt CovItemId="S51" CovItemPrefix="csse376_puerto_rico.GameBoardGUI.java" Intrnl_Id="732">
<Branch CovItemId="B3" CovItemPrefix="csse376_puerto_rico.GameBoardGUI.java" Implct="false" Intrnl_Id="733">
<Cond/>
<LocList>
<Loc EndOffset="4643" SrcFileId="7" StartOffset="4610"/>
</LocList>
<StmntSeq Intrnl_Id="734">
<LocList>
<Loc EndOffset="4637" SrcFileId="7" StartOffset="4617"/>
</LocList>
<BasicStmnt CovItemId="S52" CovItemPrefix="csse376_puerto_rico.GameBoardGUI.java" Intrnl_Id="735">
<LocList>
<Loc EndOffset="4637" SrcFileId="7" StartOffset="4617"/>
</LocList>
</BasicStmnt>
</StmntSeq>
</Branch>
<Branch CovItemId="B4" CovItemPrefix="csse376_puerto_rico.GameBoardGUI.java" Implct="true" Intrnl_Id="736">
<Cond/>
<LocList/>
<StmntSeq Intrnl_Id="737">
<LocList/>
</StmntSeq>
</Branch>
<Keyword EndOffset="4600" SrcFileId="7" StartOffset="4598"/>
<LocList>
<Loc EndOffset="4643" SrcFileId="7" StartOffset="4598"/>
</LocList>
<RootTerm CovItemId="C4" CovItemPrefix="csse376_puerto_rico.GameBoardGUI.java" Intrnl_Id="738">
<BasicBoolTerm Intrnl_Id="739">
<LocList>
<Loc EndOffset="4608" SrcFileId="7" StartOffset="4602"/>
</LocList>
</BasicBoolTerm>
</RootTerm>
</CondStmnt>
<BasicStmnt CovItemId="S53" CovItemPrefix="csse376_puerto_rico.GameBoardGUI.java" Intrnl_Id="740">
<LocList>
<Loc EndOffset="4666" SrcFileId="7" StartOffset="4648"/>
</LocList>
</BasicStmnt>
<BasicStmnt CovItemId="S54" CovItemPrefix="csse376_puerto_rico.GameBoardGUI.java" Intrnl_Id="741">
<LocList>
<Loc EndOffset="4838" SrcFileId="7" StartOffset="4671"/>
</LocList>
</BasicStmnt>
<BasicStmnt CovItemId="S55" CovItemPrefix="csse376_puerto_rico.GameBoardGUI.java" Intrnl_Id="742">
<LocList>
<Loc EndOffset="4859" SrcFileId="7" StartOffset="4843"/>
</LocList>
</BasicStmnt>
<BasicStmnt CovItemId="S56" CovItemPrefix="csse376_puerto_rico.GameBoardGUI.java" Intrnl_Id="743">
<LocList>
<Loc EndOffset="4883" SrcFileId="7" StartOffset="4864"/>
</LocList>
</BasicStmnt>
<BasicStmnt CovItemId="S57" CovItemPrefix="csse376_puerto_rico.GameBoardGUI.java" Intrnl_Id="744">
<LocList>
<Loc EndOffset="4902" SrcFileId="7" StartOffset="4888"/>
</LocList>
</BasicStmnt>
<BasicStmnt CovItemId="S58" CovItemPrefix="csse376_puerto_rico.GameBoardGUI.java" Intrnl_Id="745">
<LocList>
<Loc EndOffset="4927" SrcFileId="7" StartOffset="4907"/>
</LocList>
</BasicStmnt>
<BasicStmnt CovItemId="S59" CovItemPrefix="csse376_puerto_rico.GameBoardGUI.java" Intrnl_Id="746">
<LocList>
<Loc EndOffset="4976" SrcFileId="7" StartOffset="4932"/>
</LocList>
</BasicStmnt>
<BasicStmnt CovItemId="S60" CovItemPrefix="csse376_puerto_rico.GameBoardGUI.java" Intrnl_Id="747">
<LocList>
<Loc EndOffset="5002" SrcFileId="7" StartOffset="4981"/>
</LocList>
</BasicStmnt>
</StmntSeq>
<Keyword EndOffset="4524" SrcFileId="7" StartOffset="4521"/>
<LocList>
<Loc EndOffset="5009" SrcFileId="7" StartOffset="4521"/>
</LocList>
<RootTerm CovItemId="C3" CovItemPrefix="csse376_puerto_rico.GameBoardGUI.java" Intrnl_Id="748">
<BasicBoolTerm Intrnl_Id="749">
<LocList>
<Loc EndOffset="4556" SrcFileId="7" StartOffset="4537"/>
</LocList>
</BasicBoolTerm>
</RootTerm>
</LoopStmnt>
<BasicStmnt CovItemId="S61" CovItemPrefix="csse376_puerto_rico.GameBoardGUI.java" Intrnl_Id="750">
<LocList>
<Loc EndOffset="5058" SrcFileId="7" StartOffset="5013"/>
</LocList>
</BasicStmnt>
<BasicStmnt CovItemId="S62" CovItemPrefix="csse376_puerto_rico.GameBoardGUI.java" Intrnl_Id="751">
<LocList>
<Loc EndOffset="5083" SrcFileId="7" StartOffset="5064"/>
</LocList>
</BasicStmnt>
<BasicStmnt CovItemId="S63" CovItemPrefix="csse376_puerto_rico.GameBoardGUI.java" Intrnl_Id="752">
<LocList>
<Loc EndOffset="5107" SrcFileId="7" StartOffset="5087"/>
</LocList>
</BasicStmnt>
<BasicStmnt CovItemId="S64" CovItemPrefix="csse376_puerto_rico.GameBoardGUI.java" Intrnl_Id="753">
<LocList>
<Loc EndOffset="5125" SrcFileId="7" StartOffset="5111"/>
</LocList>
</BasicStmnt>
<BasicStmnt CovItemId="S65" CovItemPrefix="csse376_puerto_rico.GameBoardGUI.java" Intrnl_Id="754">
<LocList>
<Loc EndOffset="5151" SrcFileId="7" StartOffset="5131"/>
</LocList>
</BasicStmnt>
</StmntSeq>
</HierarchyLvl>
<HierarchyLvl HierarchyLvlId="239" HierarchyLvlTypeId="15" Intrnl_Id="755" Name="getPlayers">
<Header>
<Loc EndOffset="5192" SrcFileId="7" StartOffset="5160"/>
</Header>
<LocList>
<Loc EndOffset="5222" SrcFileId="7" StartOffset="5160"/>
</LocList>
<StmntSeq Intrnl_Id="756">
<LocList>
<Loc EndOffset="5218" SrcFileId="7" StartOffset="5198"/>
</LocList>
<BasicStmnt CovItemId="S66" CovItemPrefix="csse376_puerto_rico.GameBoardGUI.java" Intrnl_Id="757">
<LocList>
<Loc EndOffset="5218" SrcFileId="7" StartOffset="5198"/>
</LocList>
</BasicStmnt>
</StmntSeq>
</HierarchyLvl>
<HierarchyLvl HierarchyLvlId="240" HierarchyLvlTypeId="15" Intrnl_Id="758" Name="getTurnCount">
<Header>
<Loc EndOffset="5259" SrcFileId="7" StartOffset="5227"/>
</Header>
<LocList>
<Loc EndOffset="5286" SrcFileId="7" StartOffset="5227"/>
</LocList>
<StmntSeq Intrnl_Id="759">
<LocList>
<Loc EndOffset="5282" SrcFileId="7" StartOffset="5265"/>
</LocList>
<BasicStmnt CovItemId="S67" CovItemPrefix="csse376_puerto_rico.GameBoardGUI.java" Intrnl_Id="760">
<LocList>
<Loc EndOffset="5282" SrcFileId="7" StartOffset="5265"/>
</LocList>
</BasicStmnt>
</StmntSeq>
</HierarchyLvl>
<HierarchyLvl HierarchyLvlId="241" HierarchyLvlTypeId="15" Intrnl_Id="761" Name="updateRoles">
<Header>
<Loc EndOffset="5316" SrcFileId="7" StartOffset="5291"/>
</Header>
<LocList>
<Loc EndOffset="6627" SrcFileId="7" StartOffset="5291"/>
</LocList>
<StmntSeq Intrnl_Id="762">
<LocList>
<Loc EndOffset="5371" SrcFileId="7" StartOffset="5324"/>
<Loc EndOffset="6532" SrcFileId="7" StartOffset="5375"/>
<Loc EndOffset="6621" SrcFileId="7" StartOffset="6536"/>
</LocList>
<BasicStmnt CovItemId="S68" CovItemPrefix="csse376_puerto_rico.GameBoardGUI.java" Intrnl_Id="763">
<LocList>
<Loc EndOffset="5371" SrcFileId="7" StartOffset="5324"/>
</LocList>
</BasicStmnt>
<LoopStmnt CovItemId="S69" CovItemPrefix="csse376_puerto_rico.GameBoardGUI.java" Intrnl_Id="764" MltplExecId="L3-2" MltplExecPrefix="csse376_puerto_rico.GameBoardGUI.java" NvrExecId="L3-0" NvrExecPrefix="csse376_puerto_rico.GameBoardGUI.java" OnceExecutedId="L3-1" OnceExecutedPrefix="csse376_puerto_rico.GameBoardGUI.java" OptBodyExec="true">
<StmntSeq Intrnl_Id="765">
<LocList>
<Loc EndOffset="5443" SrcFileId="7" StartOffset="5405"/>
<Loc EndOffset="6525" SrcFileId="7" StartOffset="5448"/>
</LocList>
<BasicStmnt CovItemId="S70" CovItemPrefix="csse376_puerto_rico.GameBoardGUI.java" Intrnl_Id="766">
<LocList>
<Loc EndOffset="5443" SrcFileId="7" StartOffset="5405"/>
</LocList>
</BasicStmnt>
<LoopStmnt CovItemId="S71" CovItemPrefix="csse376_puerto_rico.GameBoardGUI.java" Intrnl_Id="767" MltplExecId="L4-2" MltplExecPrefix="csse376_puerto_rico.GameBoardGUI.java" NvrExecId="L4-0" NvrExecPrefix="csse376_puerto_rico.GameBoardGUI.java" OnceExecutedId="L4-1" OnceExecutedPrefix="csse376_puerto_rico.GameBoardGUI.java" OptBodyExec="true">
<StmntSeq Intrnl_Id="768">
<LocList>
<Loc EndOffset="5537" SrcFileId="7" StartOffset="5501"/>
<Loc EndOffset="5861" SrcFileId="7" StartOffset="5636"/>
<Loc EndOffset="6006" SrcFileId="7" StartOffset="5972"/>
<Loc EndOffset="6129" SrcFileId="7" StartOffset="6082"/>
<Loc EndOffset="6157" SrcFileId="7" StartOffset="6135"/>
<Loc EndOffset="6186" SrcFileId="7" StartOffset="6165"/>
<Loc EndOffset="6220" SrcFileId="7" StartOffset="6194"/>
<Loc EndOffset="6240" SrcFileId="7" StartOffset="6228"/>
<Loc EndOffset="6298" SrcFileId="7" StartOffset="6263"/>
<Loc EndOffset="6376" SrcFileId="7" StartOffset="6332"/>
<Loc EndOffset="6488" SrcFileId="7" StartOffset="6382"/>
<Loc EndOffset="6519" SrcFileId="7" StartOffset="6494"/>
</LocList>
<BasicStmnt CovItemId="S72" CovItemPrefix="csse376_puerto_rico.GameBoardGUI.java" Intrnl_Id="769">
<LocList>
<Loc EndOffset="5537" SrcFileId="7" StartOffset="5501"/>
</LocList>
</BasicStmnt>
<BasicStmnt CovItemId="S73" CovItemPrefix="csse376_puerto_rico.GameBoardGUI.java" Intrnl_Id="770">
<LocList>
<Loc EndOffset="5861" SrcFileId="7" StartOffset="5636"/>
</LocList>
</BasicStmnt>
<BasicStmnt CovItemId="S74" CovItemPrefix="csse376_puerto_rico.GameBoardGUI.java" Intrnl_Id="771">
<LocList>
<Loc EndOffset="6006" SrcFileId="7" StartOffset="5972"/>
</LocList>
</BasicStmnt>
<BasicStmnt CovItemId="S75" CovItemPrefix="csse376_puerto_rico.GameBoardGUI.java" Intrnl_Id="772">
<LocList>
<Loc EndOffset="6129" SrcFileId="7" StartOffset="6082"/>
</LocList>
</BasicStmnt>
<BasicStmnt CovItemId="S76" CovItemPrefix="csse376_puerto_rico.GameBoardGUI.java" Intrnl_Id="773">
<LocList>
<Loc EndOffset="6157" SrcFileId="7" StartOffset="6135"/>
</LocList>
</BasicStmnt>
<BasicStmnt CovItemId="S77" CovItemPrefix="csse376_puerto_rico.GameBoardGUI.java" Intrnl_Id="774">
<LocList>
<Loc EndOffset="6186" SrcFileId="7" StartOffset="6165"/>
</LocList>
</BasicStmnt>
<BasicStmnt CovItemId="S78" CovItemPrefix="csse376_puerto_rico.GameBoardGUI.java" Intrnl_Id="775">
<LocList>
<Loc EndOffset="6220" SrcFileId="7" StartOffset="6194"/>
</LocList>
</BasicStmnt>
<BasicStmnt CovItemId="S79" CovItemPrefix="csse376_puerto_rico.GameBoardGUI.java" Intrnl_Id="776">
<LocList>
<Loc EndOffset="6240" SrcFileId="7" StartOffset="6228"/>
</LocList>
</BasicStmnt>
<BasicStmnt CovItemId="S80" CovItemPrefix="csse376_puerto_rico.GameBoardGUI.java" Intrnl_Id="777">
<LocList>
<Loc EndOffset="6298" SrcFileId="7" StartOffset="6263"/>
</LocList>
</BasicStmnt>
<BasicStmnt CovItemId="S81" CovItemPrefix="csse376_puerto_rico.GameBoardGUI.java" Intrnl_Id="778">
<LocList>
<Loc EndOffset="6376" SrcFileId="7" StartOffset="6332"/>
</LocList>
</BasicStmnt>
<LoopStmnt CovItemId="S82" CovItemPrefix="csse376_puerto_rico.GameBoardGUI.java" Intrnl_Id="779" MltplExecId="L5-2" MltplExecPrefix="csse376_puerto_rico.GameBoardGUI.java" NvrExecId="L5-0" NvrExecPrefix="csse376_puerto_rico.GameBoardGUI.java" OnceExecutedId="L5-1" OnceExecutedPrefix="csse376_puerto_rico.GameBoardGUI.java" OptBodyExec="true">
<StmntSeq Intrnl_Id="780">
<LocList>
<Loc EndOffset="6481" SrcFileId="7" StartOffset="6431"/>
</LocList>
<CondStmnt CovItemId="S83" CovItemPrefix="csse376_puerto_rico.GameBoardGUI.java" Intrnl_Id="781">
<Branch CovItemId="B5" CovItemPrefix="csse376_puerto_rico.GameBoardGUI.java" Implct="false" Intrnl_Id="782">
<Cond/>
<LocList>
<Loc EndOffset="6481" SrcFileId="7" StartOffset="6443"/>
</LocList>
<StmntSeq Intrnl_Id="783">
<LocList>
<Loc EndOffset="6473" SrcFileId="7" StartOffset="6452"/>
</LocList>
<BasicStmnt CovItemId="S84" CovItemPrefix="csse376_puerto_rico.GameBoardGUI.java" Intrnl_Id="784">
<LocList>
<Loc EndOffset="6473" SrcFileId="7" StartOffset="6452"/>
</LocList>
</BasicStmnt>
</StmntSeq>
</Branch>
<Branch CovItemId="B6" CovItemPrefix="csse376_puerto_rico.GameBoardGUI.java" Implct="true" Intrnl_Id="785">
<Cond/>
<LocList/>
<StmntSeq Intrnl_Id="786">
<LocList/>
</StmntSeq>
</Branch>
<Keyword EndOffset="6433" SrcFileId="7" StartOffset="6431"/>
<LocList>
<Loc EndOffset="6481" SrcFileId="7" StartOffset="6431"/>
</LocList>
<RootTerm CovItemId="C8" CovItemPrefix="csse376_puerto_rico.GameBoardGUI.java" Intrnl_Id="787">
<BasicBoolTerm Intrnl_Id="788">
<LocList>
<Loc EndOffset="6441" SrcFileId="7" StartOffset="6435"/>
</LocList>
</BasicBoolTerm>
</RootTerm>
</CondStmnt>
</StmntSeq>
<Keyword EndOffset="6385" SrcFileId="7" StartOffset="6382"/>
<LocList>
<Loc EndOffset="6488" SrcFileId="7" StartOffset="6382"/>
</LocList>
<RootTerm CovItemId="C7" CovItemPrefix="csse376_puerto_rico.GameBoardGUI.java" Intrnl_Id="789">
<BasicBoolTerm Intrnl_Id="790">
<LocList>
<Loc EndOffset="6416" SrcFileId="7" StartOffset="6398"/>
</LocList>
</BasicBoolTerm>
</RootTerm>
</LoopStmnt>
<BasicStmnt CovItemId="S85" CovItemPrefix="csse376_puerto_rico.GameBoardGUI.java" Intrnl_Id="791">
<LocList>
<Loc EndOffset="6519" SrcFileId="7" StartOffset="6494"/>
</LocList>
</BasicStmnt>
</StmntSeq>
<Keyword EndOffset="5451" SrcFileId="7" StartOffset="5448"/>
<LocList>
<Loc EndOffset="6525" SrcFileId="7" StartOffset="5448"/>
</LocList>
<RootTerm CovItemId="C6" CovItemPrefix="csse376_puerto_rico.GameBoardGUI.java" Intrnl_Id="792">
<BasicBoolTerm Intrnl_Id="793">
<LocList>
<Loc EndOffset="5487" SrcFileId="7" StartOffset="5464"/>
</LocList>
</BasicBoolTerm>
</RootTerm>
</LoopStmnt>
</StmntSeq>
<Keyword EndOffset="5380" SrcFileId="7" StartOffset="5375"/>
<LocList>
<Loc EndOffset="6532" SrcFileId="7" StartOffset="5375"/>
</LocList>
<RootTerm CovItemId="C5" CovItemPrefix="csse376_puerto_rico.GameBoardGUI.java" Intrnl_Id="794">
<OpTerm BooleanOpId="10" Intrnl_Id="795">
<BasicBoolTerm Intrnl_Id="796">
<LocList>
<Loc EndOffset="5397" SrcFileId="7" StartOffset="5383"/>
</LocList>
</BasicBoolTerm>
<LocList>
<Loc EndOffset="5383" SrcFileId="7" StartOffset="5382"/>
</LocList>
</OpTerm>
</RootTerm>
</LoopStmnt>
<BasicStmnt CovItemId="S86" CovItemPrefix="csse376_puerto_rico.GameBoardGUI.java" Intrnl_Id="797">
<LocList>
<Loc EndOffset="6621" SrcFileId="7" StartOffset="6536"/>
</LocList>
</BasicStmnt>
</StmntSeq>
</HierarchyLvl>
<HierarchyLvl HierarchyLvlId="242" HierarchyLvlTypeId="15" Intrnl_Id="798" Name="checkEndGame">
<Header>
<Loc EndOffset="6661" SrcFileId="7" StartOffset="6632"/>
</Header>
<LocList>
<Loc EndOffset="6790" SrcFileId="7" StartOffset="6632"/>
</LocList>
<StmntSeq Intrnl_Id="799">
<LocList>
<Loc EndOffset="6786" SrcFileId="7" StartOffset="6752"/>
</LocList>
<BasicStmnt CovItemId="S87" CovItemPrefix="csse376_puerto_rico.GameBoardGUI.java" Intrnl_Id="800">
<LocList>
<Loc EndOffset="6786" SrcFileId="7" StartOffset="6752"/>
</LocList>
</BasicStmnt>
</StmntSeq>
</HierarchyLvl>
<HierarchyLvl HierarchyLvlId="243" HierarchyLvlTypeId="15" Intrnl_Id="801" Name="updateMsgBar">
<Header>
<Loc EndOffset="6831" SrcFileId="7" StartOffset="6795"/>
</Header>
<LocList>
<Loc EndOffset="6866" SrcFileId="7" StartOffset="6795"/>
</LocList>
<StmntSeq Intrnl_Id="802">
<LocList>
<Loc EndOffset="6862" SrcFileId="7" StartOffset="6837"/>
</LocList>
<BasicStmnt CovItemId="S88" CovItemPrefix="csse376_puerto_rico.GameBoardGUI.java" Intrnl_Id="803">
<LocList>
<Loc EndOffset="6862" SrcFileId="7" StartOffset="6837"/>
</LocList>
</BasicStmnt>
</StmntSeq>
</HierarchyLvl>
<HierarchyLvl HierarchyLvlId="244" HierarchyLvlTypeId="15" Intrnl_Id="804" Name="playRole">
<Header>
<Loc EndOffset="6904" SrcFileId="7" StartOffset="6871"/>
</Header>
<LocList>
<Loc EndOffset="22473" SrcFileId="7" StartOffset="6871"/>
</LocList>
<StmntSeq Intrnl_Id="805">
<LocList>
<Loc EndOffset="6953" SrcFileId="7" StartOffset="6916"/>
<Loc EndOffset="6988" SrcFileId="7" StartOffset="6957"/>
<Loc EndOffset="22404" SrcFileId="7" StartOffset="6994"/>
<Loc EndOffset="22438" SrcFileId="7" StartOffset="22408"/>
<Loc EndOffset="22467" SrcFileId="7" StartOffset="22442"/>
</LocList>
<BasicStmnt CovItemId="S89" CovItemPrefix="csse376_puerto_rico.GameBoardGUI.java" Intrnl_Id="806">
<LocList>
<Loc EndOffset="6953" SrcFileId="7" StartOffset="6916"/>
</LocList>
</BasicStmnt>
<BasicStmnt CovItemId="S90" CovItemPrefix="csse376_puerto_rico.GameBoardGUI.java" Intrnl_Id="807">
<LocList>
<Loc EndOffset="6988" SrcFileId="7" StartOffset="6957"/>
</LocList>
</BasicStmnt>
<CondStmnt CovItemId="S91" CovItemPrefix="csse376_puerto_rico.GameBoardGUI.java" Intrnl_Id="808">
<Branch CovItemId="B7" CovItemPrefix="csse376_puerto_rico.GameBoardGUI.java" Implct="false" Intrnl_Id="809">
<Cond/>
<LocList>
<Loc EndOffset="10089" SrcFileId="7" StartOffset="7030"/>
</LocList>
<StmntSeq Intrnl_Id="810">
<LocList>
<Loc EndOffset="7084" SrcFileId="7" StartOffset="7036"/>
<Loc EndOffset="7153" SrcFileId="7" StartOffset="7089"/>
<Loc EndOffset="10084" SrcFileId="7" StartOffset="7160"/>
</LocList>
<BasicStmnt CovItemId="S92" CovItemPrefix="csse376_puerto_rico.GameBoardGUI.java" Intrnl_Id="811">
<LocList>
<Loc EndOffset="7084" SrcFileId="7" StartOffset="7036"/>
</LocList>
</BasicStmnt>
<BasicStmnt CovItemId="S93" CovItemPrefix="csse376_puerto_rico.GameBoardGUI.java" Intrnl_Id="812">
<LocList>
<Loc EndOffset="7153" SrcFileId="7" StartOffset="7089"/>
</LocList>
</BasicStmnt>
<LoopStmnt CovItemId="S94" CovItemPrefix="csse376_puerto_rico.GameBoardGUI.java" Intrnl_Id="813" MltplExecId="L6-2" MltplExecPrefix="csse376_puerto_rico.GameBoardGUI.java" NvrExecId="L6-0" NvrExecPrefix="csse376_puerto_rico.GameBoardGUI.java" OnceExecutedId="L6-1" OnceExecutedPrefix="csse376_puerto_rico.GameBoardGUI.java" OptBodyExec="true">
<StmntSeq Intrnl_Id="814">
<LocList>
<Loc EndOffset="7221" SrcFileId="7" StartOffset="7191"/>
<Loc EndOffset="7291" SrcFileId="7" StartOffset="7229"/>
<Loc EndOffset="7322" SrcFileId="7" StartOffset="7297"/>
<Loc EndOffset="10011" SrcFileId="7" StartOffset="7328"/>
<Loc EndOffset="10058" SrcFileId="7" StartOffset="10017"/>
<Loc EndOffset="10076" SrcFileId="7" StartOffset="10064"/>
</LocList>
<BasicStmnt CovItemId="S95" CovItemPrefix="csse376_puerto_rico.GameBoardGUI.java" Intrnl_Id="815">
<LocList>
<Loc EndOffset="7221" SrcFileId="7" StartOffset="7191"/>
</LocList>
</BasicStmnt>
<BasicStmnt CovItemId="S96" CovItemPrefix="csse376_puerto_rico.GameBoardGUI.java" Intrnl_Id="816">
<LocList>
<Loc EndOffset="7291" SrcFileId="7" StartOffset="7229"/>
</LocList>
</BasicStmnt>
<BasicStmnt CovItemId="S97" CovItemPrefix="csse376_puerto_rico.GameBoardGUI.java" Intrnl_Id="817">
<LocList>
<Loc EndOffset="7322" SrcFileId="7" StartOffset="7297"/>
</LocList>
</BasicStmnt>
<LoopStmnt CovItemId="S98" CovItemPrefix="csse376_puerto_rico.GameBoardGUI.java" Intrnl_Id="818" MltplExecId="L7-2" MltplExecPrefix="csse376_puerto_rico.GameBoardGUI.java" NvrExecId="L7-0" NvrExecPrefix="csse376_puerto_rico.GameBoardGUI.java" OnceExecutedId="L7-1" OnceExecutedPrefix="csse376_puerto_rico.GameBoardGUI.java" OptBodyExec="true">
<StmntSeq Intrnl_Id="819">
<LocList>
<Loc EndOffset="7659" SrcFileId="7" StartOffset="7354"/>
<Loc EndOffset="9969" SrcFileId="7" StartOffset="7666"/>
<Loc EndOffset="10004" SrcFileId="7" StartOffset="9978"/>
</LocList>
<BasicStmnt CovItemId="S99" CovItemPrefix="csse376_puerto_rico.GameBoardGUI.java" Intrnl_Id="820">
<LocList>
<Loc EndOffset="7659" SrcFileId="7" StartOffset="7354"/>
</LocList>
</BasicStmnt>
<CondStmnt CovItemId="S100" CovItemPrefix="csse376_puerto_rico.GameBoardGUI.java" Intrnl_Id="821">
<Branch CovItemId="B9" CovItemPrefix="csse376_puerto_rico.GameBoardGUI.java" Implct="false" Intrnl_Id="822">
<Cond/>
<LocList>
<Loc EndOffset="8838" SrcFileId="7" StartOffset="7678"/>
</LocList>
<StmntSeq Intrnl_Id="823">
<LocList>
<Loc EndOffset="7793" SrcFileId="7" StartOffset="7687"/>
<Loc EndOffset="7832" SrcFileId="7" StartOffset="7801"/>
<Loc EndOffset="7882" SrcFileId="7" StartOffset="7840"/>
<Loc EndOffset="8188" SrcFileId="7" StartOffset="7892"/>
<Loc EndOffset="8828" SrcFileId="7" StartOffset="8196"/>
</LocList>
<BasicStmnt CovItemId="S101" CovItemPrefix="csse376_puerto_rico.GameBoardGUI.java" Intrnl_Id="824">
<LocList>
<Loc EndOffset="7793" SrcFileId="7" StartOffset="7687"/>
</LocList>
</BasicStmnt>
<BasicStmnt CovItemId="S102" CovItemPrefix="csse376_puerto_rico.GameBoardGUI.java" Intrnl_Id="825">
<LocList>
<Loc EndOffset="7832" SrcFileId="7" StartOffset="7801"/>
</LocList>
</BasicStmnt>
<BasicStmnt CovItemId="S103" CovItemPrefix="csse376_puerto_rico.GameBoardGUI.java" Intrnl_Id="826">
<LocList>
<Loc EndOffset="7882" SrcFileId="7" StartOffset="7840"/>
</LocList>
</BasicStmnt>
<BasicStmnt CovItemId="S104" CovItemPrefix="csse376_puerto_rico.GameBoardGUI.java" Intrnl_Id="827">
<LocList>
<Loc EndOffset="8188" SrcFileId="7" StartOffset="7892"/>
</LocList>
</BasicStmnt>
<CondStmnt CovItemId="S105" CovItemPrefix="csse376_puerto_rico.GameBoardGUI.java" Intrnl_Id="828">
<Branch CovItemId="B11" CovItemPrefix="csse376_puerto_rico.GameBoardGUI.java" Implct="false" Intrnl_Id="829">
<Cond/>
<LocList>
<Loc EndOffset="8709" SrcFileId="7" StartOffset="8232"/>
</LocList>
<StmntSeq Intrnl_Id="830">
<LocList>
<Loc EndOffset="8311" SrcFileId="7" StartOffset="8242"/>
<Loc EndOffset="8700" SrcFileId="7" StartOffset="8320"/>
</LocList>
<BasicStmnt CovItemId="S106" CovItemPrefix="csse376_puerto_rico.GameBoardGUI.java" Intrnl_Id="831">
<LocList>
<Loc EndOffset="8311" SrcFileId="7" StartOffset="8242"/>
</LocList>
</BasicStmnt>
<CondStmnt CovItemId="S107" CovItemPrefix="csse376_puerto_rico.GameBoardGUI.java" Intrnl_Id="832">
<Branch CovItemId="B13" CovItemPrefix="csse376_puerto_rico.GameBoardGUI.java" Implct="false" Intrnl_Id="833">
<Cond/>
<LocList>
<Loc EndOffset="8588" SrcFileId="7" StartOffset="8372"/>
</LocList>
<StmntSeq Intrnl_Id="834">
<LocList>
<Loc EndOffset="8440" SrcFileId="7" StartOffset="8383"/>
<Loc EndOffset="8466" SrcFileId="7" StartOffset="8450"/>
<Loc EndOffset="8578" SrcFileId="7" StartOffset="8476"/>
</LocList>
<BasicStmnt CovItemId="S108" CovItemPrefix="csse376_puerto_rico.GameBoardGUI.java" Intrnl_Id="835">
<LocList>
<Loc EndOffset="8440" SrcFileId="7" StartOffset="8383"/>
</LocList>
</BasicStmnt>
<BasicStmnt CovItemId="S109" CovItemPrefix="csse376_puerto_rico.GameBoardGUI.java" Intrnl_Id="836">
<LocList>
<Loc EndOffset="8466" SrcFileId="7" StartOffset="8450"/>
</LocList>
</BasicStmnt>
<BasicStmnt CovItemId="S110" CovItemPrefix="csse376_puerto_rico.GameBoardGUI.java" Intrnl_Id="837">
<LocList>
<Loc EndOffset="8578" SrcFileId="7" StartOffset="8476"/>
</LocList>
</BasicStmnt>
</StmntSeq>
</Branch>
<Branch CovItemId="B14" CovItemPrefix="csse376_puerto_rico.GameBoardGUI.java" Implct="false" Intrnl_Id="838">
<Cond>
<Loc EndOffset="8593" SrcFileId="7" StartOffset="8589"/>
</Cond>
<LocList>
<Loc EndOffset="8700" SrcFileId="7" StartOffset="8594"/>
</LocList>
<StmntSeq Intrnl_Id="839">
<LocList>
<Loc EndOffset="8690" SrcFileId="7" StartOffset="8605"/>
</LocList>
<BasicStmnt CovItemId="S111" CovItemPrefix="csse376_puerto_rico.GameBoardGUI.java" Intrnl_Id="840">
<LocList>
<Loc EndOffset="8690" SrcFileId="7" StartOffset="8605"/>
</LocList>
</BasicStmnt>
</StmntSeq>
</Branch>
<Keyword EndOffset="8322" SrcFileId="7" StartOffset="8320"/>
<LocList>
<Loc EndOffset="8700" SrcFileId="7" StartOffset="8320"/>
</LocList>
<RootTerm CovItemId="C14" CovItemPrefix="csse376_puerto_rico.GameBoardGUI.java" Intrnl_Id="841">
<BasicBoolTerm Intrnl_Id="842">
<LocList>
<Loc EndOffset="8370" SrcFileId="7" StartOffset="8324"/>
</LocList>
</BasicBoolTerm>
</RootTerm>
</CondStmnt>
</StmntSeq>
</Branch>
<Branch CovItemId="B12" CovItemPrefix="csse376_puerto_rico.GameBoardGUI.java" Implct="false" Intrnl_Id="843">
<Cond>
<Loc EndOffset="8714" SrcFileId="7" StartOffset="8710"/>
</Cond>
<LocList>
<Loc EndOffset="8828" SrcFileId="7" StartOffset="8715"/>
</LocList>
<StmntSeq Intrnl_Id="844">
<LocList>
<Loc EndOffset="8793" SrcFileId="7" StartOffset="8727"/>
<Loc EndOffset="8819" SrcFileId="7" StartOffset="8802"/>
</LocList>
<BasicStmnt CovItemId="S112" CovItemPrefix="csse376_puerto_rico.GameBoardGUI.java" Intrnl_Id="845">
<LocList>
<Loc EndOffset="8793" SrcFileId="7" StartOffset="8727"/>
</LocList>
</BasicStmnt>
<BasicStmnt CovItemId="S113" CovItemPrefix="csse376_puerto_rico.GameBoardGUI.java" Intrnl_Id="846">
<LocList>
<Loc EndOffset="8819" SrcFileId="7" StartOffset="8802"/>
</LocList>
</BasicStmnt>
</StmntSeq>
</Branch>
<Keyword EndOffset="8198" SrcFileId="7" StartOffset="8196"/>
<LocList>
<Loc EndOffset="8828" SrcFileId="7" StartOffset="8196"/>
</LocList>
<RootTerm CovItemId="C13" CovItemPrefix="csse376_puerto_rico.GameBoardGUI.java" Intrnl_Id="847">
<BasicBoolTerm Intrnl_Id="848">
<LocList>
<Loc EndOffset="8230" SrcFileId="7" StartOffset="8200"/>
</LocList>
</BasicBoolTerm>
</RootTerm>
</CondStmnt>
</StmntSeq>
</Branch>
<Branch CovItemId="B10" CovItemPrefix="csse376_puerto_rico.GameBoardGUI.java" Implct="false" Intrnl_Id="849">
<Cond>
<Loc EndOffset="8843" SrcFileId="7" StartOffset="8839"/>
</Cond>
<LocList>
<Loc EndOffset="9969" SrcFileId="7" StartOffset="8844"/>
</LocList>
<StmntSeq Intrnl_Id="850">
<LocList>
<Loc EndOffset="9969" SrcFileId="7" StartOffset="8844"/>
</LocList>
<CondStmnt CovItemId="S114" CovItemPrefix="csse376_puerto_rico.GameBoardGUI.java" Intrnl_Id="851">
<Branch CovItemId="B15" CovItemPrefix="csse376_puerto_rico.GameBoardGUI.java" Implct="false" Intrnl_Id="852">
<Cond/>
<LocList>
<Loc EndOffset="9909" SrcFileId="7" StartOffset="8856"/>
</LocList>
<StmntSeq Intrnl_Id="853">
<LocList>
<Loc EndOffset="8970" SrcFileId="7" StartOffset="8865"/>
<Loc EndOffset="9006" SrcFileId="7" StartOffset="8978"/>
<Loc EndOffset="9053" SrcFileId="7" StartOffset="9014"/>
<Loc EndOffset="9363" SrcFileId="7" StartOffset="9063"/>
<Loc EndOffset="9901" SrcFileId="7" StartOffset="9371"/>
</LocList>
<BasicStmnt CovItemId="S115" CovItemPrefix="csse376_puerto_rico.GameBoardGUI.java" Intrnl_Id="854">
<LocList>
<Loc EndOffset="8970" SrcFileId="7" StartOffset="8865"/>
</LocList>
</BasicStmnt>
<BasicStmnt CovItemId="S116" CovItemPrefix="csse376_puerto_rico.GameBoardGUI.java" Intrnl_Id="855">
<LocList>
<Loc EndOffset="9006" SrcFileId="7" StartOffset="8978"/>
</LocList>
</BasicStmnt>
<BasicStmnt CovItemId="S117" CovItemPrefix="csse376_puerto_rico.GameBoardGUI.java" Intrnl_Id="856">
<LocList>
<Loc EndOffset="9053" SrcFileId="7" StartOffset="9014"/>
</LocList>
</BasicStmnt>
<BasicStmnt CovItemId="S118" CovItemPrefix="csse376_puerto_rico.GameBoardGUI.java" Intrnl_Id="857">
<LocList>
<Loc EndOffset="9363" SrcFileId="7" StartOffset="9063"/>
</LocList>
</BasicStmnt>
<CondStmnt CovItemId="S119" CovItemPrefix="csse376_puerto_rico.GameBoardGUI.java" Intrnl_Id="858">
<Branch CovItemId="B17" CovItemPrefix="csse376_puerto_rico.GameBoardGUI.java" Implct="false" Intrnl_Id="859">
<Cond/>
<LocList>
<Loc EndOffset="9782" SrcFileId="7" StartOffset="9409"/>
</LocList>
<StmntSeq Intrnl_Id="860">
<LocList>
<Loc EndOffset="9498" SrcFileId="7" StartOffset="9419"/>
<Loc EndOffset="9773" SrcFileId="7" StartOffset="9507"/>
</LocList>
<BasicStmnt CovItemId="S120" CovItemPrefix="csse376_puerto_rico.GameBoardGUI.java" Intrnl_Id="861">
<LocList>
<Loc EndOffset="9498" SrcFileId="7" StartOffset="9419"/>
</LocList>
</BasicStmnt>
<CondStmnt CovItemId="S121" CovItemPrefix="csse376_puerto_rico.GameBoardGUI.java" Intrnl_Id="862">
<Branch CovItemId="B19" CovItemPrefix="csse376_puerto_rico.GameBoardGUI.java" Implct="false" Intrnl_Id="863">
<Cond/>
<LocList>
<Loc EndOffset="9604" SrcFileId="7" StartOffset="9534"/>
</LocList>
<StmntSeq Intrnl_Id="864">
<LocList>
<Loc EndOffset="9594" SrcFileId="7" StartOffset="9545"/>
</LocList>
<BasicStmnt CovItemId="S122" CovItemPrefix="csse376_puerto_rico.GameBoardGUI.java" Intrnl_Id="865">
<LocList>
<Loc EndOffset="9594" SrcFileId="7" StartOffset="9545"/>
</LocList>
</BasicStmnt>
</StmntSeq>
</Branch>
<Branch CovItemId="B20" CovItemPrefix="csse376_puerto_rico.GameBoardGUI.java" Implct="false" Intrnl_Id="866">
<Cond>
<Loc EndOffset="9609" SrcFileId="7" StartOffset="9605"/>
</Cond>
<LocList>
<Loc EndOffset="9773" SrcFileId="7" StartOffset="9610"/>
</LocList>
<StmntSeq Intrnl_Id="867">
<LocList>
<Loc EndOffset="9650" SrcFileId="7" StartOffset="9621"/>
<Loc EndOffset="9676" SrcFileId="7" StartOffset="9660"/>
<Loc EndOffset="9763" SrcFileId="7" StartOffset="9686"/>
</LocList>
<BasicStmnt CovItemId="S123" CovItemPrefix="csse376_puerto_rico.GameBoardGUI.java" Intrnl_Id="868">
<LocList>
<Loc EndOffset="9650" SrcFileId="7" StartOffset="9621"/>
</LocList>
</BasicStmnt>
<BasicStmnt CovItemId="S124" CovItemPrefix="csse376_puerto_rico.GameBoardGUI.java" Intrnl_Id="869">
<LocList>
<Loc EndOffset="9676" SrcFileId="7" StartOffset="9660"/>
</LocList>
</BasicStmnt>
<BasicStmnt CovItemId="S125" CovItemPrefix="csse376_puerto_rico.GameBoardGUI.java" Intrnl_Id="870">
<LocList>
<Loc EndOffset="9763" SrcFileId="7" StartOffset="9686"/>
</LocList>
</BasicStmnt>
</StmntSeq>
</Branch>
<Keyword EndOffset="9509" SrcFileId="7" StartOffset="9507"/>
<LocList>
<Loc EndOffset="9773" SrcFileId="7" StartOffset="9507"/>
</LocList>
<RootTerm CovItemId="C17" CovItemPrefix="csse376_puerto_rico.GameBoardGUI.java" Intrnl_Id="871">
<BasicBoolTerm Intrnl_Id="872">
<LocList>
<Loc EndOffset="9532" SrcFileId="7" StartOffset="9511"/>
</LocList>
</BasicBoolTerm>
</RootTerm>
</CondStmnt>
</StmntSeq>
</Branch>
<Branch CovItemId="B18" CovItemPrefix="csse376_puerto_rico.GameBoardGUI.java" Implct="false" Intrnl_Id="873">
<Cond>
<Loc EndOffset="9787" SrcFileId="7" StartOffset="9783"/>
</Cond>
<LocList>
<Loc EndOffset="9901" SrcFileId="7" StartOffset="9788"/>
</LocList>
<StmntSeq Intrnl_Id="874">
<LocList>
<Loc EndOffset="9866" SrcFileId="7" StartOffset="9800"/>
<Loc EndOffset="9892" SrcFileId="7" StartOffset="9875"/>
</LocList>
<BasicStmnt CovItemId="S126" CovItemPrefix="csse376_puerto_rico.GameBoardGUI.java" Intrnl_Id="875">
<LocList>
<Loc EndOffset="9866" SrcFileId="7" StartOffset="9800"/>
</LocList>
</BasicStmnt>
<BasicStmnt CovItemId="S127" CovItemPrefix="csse376_puerto_rico.GameBoardGUI.java" Intrnl_Id="876">
<LocList>
<Loc EndOffset="9892" SrcFileId="7" StartOffset="9875"/>
</LocList>
</BasicStmnt>
</StmntSeq>
</Branch>
<Keyword EndOffset="9373" SrcFileId="7" StartOffset="9371"/>
<LocList>
<Loc EndOffset="9901" SrcFileId="7" StartOffset="9371"/>
</LocList>
<RootTerm CovItemId="C16" CovItemPrefix="csse376_puerto_rico.GameBoardGUI.java" Intrnl_Id="877">
<BasicBoolTerm Intrnl_Id="878">
<LocList>
<Loc EndOffset="9407" SrcFileId="7" StartOffset="9375"/>
</LocList>
</BasicBoolTerm>
</RootTerm>
</CondStmnt>
</StmntSeq>
</Branch>
<Branch CovItemId="B16" CovItemPrefix="csse376_puerto_rico.GameBoardGUI.java" Implct="false" Intrnl_Id="879">
<Cond>
<Loc EndOffset="9914" SrcFileId="7" StartOffset="9910"/>
</Cond>
<LocList>
<Loc EndOffset="9969" SrcFileId="7" StartOffset="9915"/>
</LocList>
<StmntSeq Intrnl_Id="880">
<LocList>
<Loc EndOffset="9961" SrcFileId="7" StartOffset="9945"/>
</LocList>
<BasicStmnt CovItemId="S128" CovItemPrefix="csse376_puerto_rico.GameBoardGUI.java" Intrnl_Id="881">
<LocList>
<Loc EndOffset="9961" SrcFileId="7" StartOffset="9945"/>
</LocList>
</BasicStmnt>
</StmntSeq>
</Branch>
<Keyword EndOffset="8846" SrcFileId="7" StartOffset="8844"/>
<LocList>
<Loc EndOffset="9969" SrcFileId="7" StartOffset="8844"/>
</LocList>
<RootTerm CovItemId="C15" CovItemPrefix="csse376_puerto_rico.GameBoardGUI.java" Intrnl_Id="882">
<BasicBoolTerm Intrnl_Id="883">
<LocList>
<Loc EndOffset="8854" SrcFileId="7" StartOffset="8848"/>
</LocList>
</BasicBoolTerm>
</RootTerm>
</CondStmnt>
</StmntSeq>
</Branch>
<Keyword EndOffset="7668" SrcFileId="7" StartOffset="7666"/>
<LocList>
<Loc EndOffset="9969" SrcFileId="7" StartOffset="7666"/>
</LocList>
<RootTerm CovItemId="C12" CovItemPrefix="csse376_puerto_rico.GameBoardGUI.java" Intrnl_Id="884">
<BasicBoolTerm Intrnl_Id="885">
<LocList>
<Loc EndOffset="7676" SrcFileId="7" StartOffset="7670"/>
</LocList>
</BasicBoolTerm>
</RootTerm>
</CondStmnt>
<BasicStmnt CovItemId="S129" CovItemPrefix="csse376_puerto_rico.GameBoardGUI.java" Intrnl_Id="886">
<LocList>
<Loc EndOffset="10004" SrcFileId="7" StartOffset="9978"/>
</LocList>
</BasicStmnt>
</StmntSeq>
<Keyword EndOffset="7333" SrcFileId="7" StartOffset="7328"/>
<LocList>
<Loc EndOffset="10011" SrcFileId="7" StartOffset="7328"/>
</LocList>
<RootTerm CovItemId="C11" CovItemPrefix="csse376_puerto_rico.GameBoardGUI.java" Intrnl_Id="887">
<OpTerm BooleanOpId="10" Intrnl_Id="888">
<BasicBoolTerm Intrnl_Id="889">
<LocList>
<Loc EndOffset="7344" SrcFileId="7" StartOffset="7336"/>
</LocList>
</BasicBoolTerm>
<LocList>
<Loc EndOffset="7336" SrcFileId="7" StartOffset="7335"/>
</LocList>
</OpTerm>
</RootTerm>
</LoopStmnt>
<BasicStmnt CovItemId="S130" CovItemPrefix="csse376_puerto_rico.GameBoardGUI.java" Intrnl_Id="890">
<LocList>
<Loc EndOffset="10058" SrcFileId="7" StartOffset="10017"/>
</LocList>
</BasicStmnt>
<BasicStmnt CovItemId="S131" CovItemPrefix="csse376_puerto_rico.GameBoardGUI.java" Intrnl_Id="891">
<LocList>
<Loc EndOffset="10076" SrcFileId="7" StartOffset="10064"/>
</LocList>
</BasicStmnt>
</StmntSeq>
<Keyword EndOffset="7165" SrcFileId="7" StartOffset="7160"/>
<LocList>
<Loc EndOffset="10084" SrcFileId="7" StartOffset="7160"/>
</LocList>
<RootTerm CovItemId="C10" CovItemPrefix="csse376_puerto_rico.GameBoardGUI.java" Intrnl_Id="892">
<BasicBoolTerm Intrnl_Id="893">
<LocList>
<Loc EndOffset="7180" SrcFileId="7" StartOffset="7167"/>
</LocList>
</BasicBoolTerm>
</RootTerm>
</LoopStmnt>
</StmntSeq>
</Branch>
<Branch CovItemId="B8" CovItemPrefix="csse376_puerto_rico.GameBoardGUI.java" Implct="false" Intrnl_Id="894">
<Cond>
<Loc EndOffset="10094" SrcFileId="7" StartOffset="10090"/>
</Cond>
<LocList>
<Loc EndOffset="22404" SrcFileId="7" StartOffset="10095"/>
</LocList>
<StmntSeq Intrnl_Id="895">
<LocList>
<Loc EndOffset="22404" SrcFileId="7" StartOffset="10095"/>
</LocList>
<CondStmnt CovItemId="S132" CovItemPrefix="csse376_puerto_rico.GameBoardGUI.java" Intrnl_Id="896">
<Branch CovItemId="B21" CovItemPrefix="csse376_puerto_rico.GameBoardGUI.java" Implct="false" Intrnl_Id="897">
<Cond/>
<LocList>
<Loc EndOffset="11492" SrcFileId="7" StartOffset="10133"/>
</LocList>
<StmntSeq Intrnl_Id="898">
<LocList>
<Loc EndOffset="10186" SrcFileId="7" StartOffset="10139"/>
<Loc EndOffset="10221" SrcFileId="7" StartOffset="10191"/>
<Loc EndOffset="11487" SrcFileId="7" StartOffset="10228"/>
</LocList>
<BasicStmnt CovItemId="S133" CovItemPrefix="csse376_puerto_rico.GameBoardGUI.java" Intrnl_Id="899">
<LocList>
<Loc EndOffset="10186" SrcFileId="7" StartOffset="10139"/>
</LocList>
</BasicStmnt>
<BasicStmnt CovItemId="S134" CovItemPrefix="csse376_puerto_rico.GameBoardGUI.java" Intrnl_Id="900">
<LocList>
<Loc EndOffset="10221" SrcFileId="7" StartOffset="10191"/>
</LocList>
</BasicStmnt>
<LoopStmnt CovItemId="S135" CovItemPrefix="csse376_puerto_rico.GameBoardGUI.java" Intrnl_Id="901" MltplExecId="L8-2" MltplExecPrefix="csse376_puerto_rico.GameBoardGUI.java" NvrExecId="L8-0" NvrExecPrefix="csse376_puerto_rico.GameBoardGUI.java" OnceExecutedId="L8-1" OnceExecutedPrefix="csse376_puerto_rico.GameBoardGUI.java" OptBodyExec="true">
<StmntSeq Intrnl_Id="902">
<LocList>
<Loc EndOffset="10306" SrcFileId="7" StartOffset="10276"/>
<Loc EndOffset="10340" SrcFileId="7" StartOffset="10312"/>
<Loc EndOffset="10390" SrcFileId="7" StartOffset="10348"/>
<Loc EndOffset="10447" SrcFileId="7" StartOffset="10396"/>
<Loc EndOffset="10584" SrcFileId="7" StartOffset="10453"/>
<Loc EndOffset="10612" SrcFileId="7" StartOffset="10590"/>
<Loc EndOffset="10654" SrcFileId="7" StartOffset="10618"/>
<Loc EndOffset="10945" SrcFileId="7" StartOffset="10702"/>
<Loc EndOffset="11305" SrcFileId="7" StartOffset="10951"/>
<Loc EndOffset="11432" SrcFileId="7" StartOffset="11406"/>
<Loc EndOffset="11479" SrcFileId="7" StartOffset="11438"/>
</LocList>
<BasicStmnt CovItemId="S136" CovItemPrefix="csse376_puerto_rico.GameBoardGUI.java" Intrnl_Id="903">
<LocList>
<Loc EndOffset="10306" SrcFileId="7" StartOffset="10276"/>
</LocList>
</BasicStmnt>
<BasicStmnt CovItemId="S137" CovItemPrefix="csse376_puerto_rico.GameBoardGUI.java" Intrnl_Id="904">
<LocList>
<Loc EndOffset="10340" SrcFileId="7" StartOffset="10312"/>
</LocList>
</BasicStmnt>
<BasicStmnt CovItemId="S138" CovItemPrefix="csse376_puerto_rico.GameBoardGUI.java" Intrnl_Id="905">
<LocList>
<Loc EndOffset="10390" SrcFileId="7" StartOffset="10348"/>
</LocList>
</BasicStmnt>
<BasicStmnt CovItemId="S139" CovItemPrefix="csse376_puerto_rico.GameBoardGUI.java" Intrnl_Id="906">
<LocList>
<Loc EndOffset="10447" SrcFileId="7" StartOffset="10396"/>
</LocList>
</BasicStmnt>
<LoopStmnt CovItemId="S140" CovItemPrefix="csse376_puerto_rico.GameBoardGUI.java" Intrnl_Id="907" MltplExecId="L9-2" MltplExecPrefix="csse376_puerto_rico.GameBoardGUI.java" NvrExecId="L9-0" NvrExecPrefix="csse376_puerto_rico.GameBoardGUI.java" OnceExecutedId="L9-1" OnceExecutedPrefix="csse376_puerto_rico.GameBoardGUI.java" OptBodyExec="true">
<StmntSeq Intrnl_Id="908">
<LocList>
<Loc EndOffset="10577" SrcFileId="7" StartOffset="10490"/>
</LocList>
<CondStmnt CovItemId="S141" CovItemPrefix="csse376_puerto_rico.GameBoardGUI.java" Intrnl_Id="909">
<Branch CovItemId="B23" CovItemPrefix="csse376_puerto_rico.GameBoardGUI.java" Implct="false" Intrnl_Id="910">
<Cond/>
<LocList>
<Loc EndOffset="10577" SrcFileId="7" StartOffset="10534"/>
</LocList>
<StmntSeq Intrnl_Id="911">
<LocList>
<Loc EndOffset="10569" SrcFileId="7" StartOffset="10543"/>
</LocList>
<BasicStmnt CovItemId="S142" CovItemPrefix="csse376_puerto_rico.GameBoardGUI.java" Intrnl_Id="912">
<LocList>
<Loc EndOffset="10569" SrcFileId="7" StartOffset="10543"/>
</LocList>
</BasicStmnt>
</StmntSeq>
</Branch>
<Branch CovItemId="B24" CovItemPrefix="csse376_puerto_rico.GameBoardGUI.java" Implct="true" Intrnl_Id="913">
<Cond/>
<LocList/>
<StmntSeq Intrnl_Id="914">
<LocList/>
</StmntSeq>
</Branch>
<Keyword EndOffset="10492" SrcFileId="7" StartOffset="10490"/>
<LocList>
<Loc EndOffset="10577" SrcFileId="7" StartOffset="10490"/>
</LocList>
<RootTerm CovItemId="C20" CovItemPrefix="csse376_puerto_rico.GameBoardGUI.java" Intrnl_Id="915">
<BasicBoolTerm Intrnl_Id="916">
<LocList>
<Loc EndOffset="10532" SrcFileId="7" StartOffset="10494"/>
</LocList>
</BasicBoolTerm>
</RootTerm>
</CondStmnt>
</StmntSeq>
<Keyword EndOffset="10456" SrcFileId="7" StartOffset="10453"/>
<LocList>
<Loc EndOffset="10584" SrcFileId="7" StartOffset="10453"/>
</LocList>
</LoopStmnt>
<BasicStmnt CovItemId="S143" CovItemPrefix="csse376_puerto_rico.GameBoardGUI.java" Intrnl_Id="917">
<LocList>
<Loc EndOffset="10612" SrcFileId="7" StartOffset="10590"/>
</LocList>
</BasicStmnt>
<BasicStmnt CovItemId="S144" CovItemPrefix="csse376_puerto_rico.GameBoardGUI.java" Intrnl_Id="918">
<LocList>
<Loc EndOffset="10654" SrcFileId="7" StartOffset="10618"/>
</LocList>
</BasicStmnt>
<BasicStmnt CovItemId="S145" CovItemPrefix="csse376_puerto_rico.GameBoardGUI.java" Intrnl_Id="919">
<LocList>
<Loc EndOffset="10945" SrcFileId="7" StartOffset="10702"/>
</LocList>
</BasicStmnt>
<CondStmnt CovItemId="S146" CovItemPrefix="csse376_puerto_rico.GameBoardGUI.java" Intrnl_Id="920">
<Branch CovItemId="B25" CovItemPrefix="csse376_puerto_rico.GameBoardGUI.java" Implct="false" Intrnl_Id="921">
<Cond/>
<LocList>
<Loc EndOffset="11305" SrcFileId="7" StartOffset="10979"/>
</LocList>
<StmntSeq Intrnl_Id="922">
<LocList>
<Loc EndOffset="11035" SrcFileId="7" StartOffset="10987"/>
<Loc EndOffset="11197" SrcFileId="7" StartOffset="11042"/>
<Loc EndOffset="11298" SrcFileId="7" StartOffset="11204"/>
</LocList>
<BasicStmnt CovItemId="S147" CovItemPrefix="csse376_puerto_rico.GameBoardGUI.java" Intrnl_Id="923">
<LocList>
<Loc EndOffset="11035" SrcFileId="7" StartOffset="10987"/>
</LocList>
</BasicStmnt>
<CondStmnt CovItemId="S148" CovItemPrefix="csse376_puerto_rico.GameBoardGUI.java" Intrnl_Id="924">
<Branch CovItemId="B27" CovItemPrefix="csse376_puerto_rico.GameBoardGUI.java" Implct="false" Intrnl_Id="925">
<Cond/>
<LocList>
<Loc EndOffset="11197" SrcFileId="7" StartOffset="11089"/>
</LocList>
<StmntSeq Intrnl_Id="926">
<LocList>
<Loc EndOffset="11149" SrcFileId="7" StartOffset="11098"/>
<Loc EndOffset="11189" SrcFileId="7" StartOffset="11157"/>
</LocList>
<BasicStmnt CovItemId="S149" CovItemPrefix="csse376_puerto_rico.GameBoardGUI.java" Intrnl_Id="927">
<LocList>
<Loc EndOffset="11149" SrcFileId="7" StartOffset="11098"/>
</LocList>
</BasicStmnt>
<BasicStmnt CovItemId="S150" CovItemPrefix="csse376_puerto_rico.GameBoardGUI.java" Intrnl_Id="928">
<LocList>
<Loc EndOffset="11189" SrcFileId="7" StartOffset="11157"/>
</LocList>
</BasicStmnt>
</StmntSeq>
</Branch>
<Branch CovItemId="B28" CovItemPrefix="csse376_puerto_rico.GameBoardGUI.java" Implct="true" Intrnl_Id="929">
<Cond/>
<LocList/>
<StmntSeq Intrnl_Id="930">
<LocList/>
</StmntSeq>
</Branch>
<Keyword EndOffset="11044" SrcFileId="7" StartOffset="11042"/>
<LocList>
<Loc EndOffset="11197" SrcFileId="7" StartOffset="11042"/>
</LocList>
<RootTerm CovItemId="C22" CovItemPrefix="csse376_puerto_rico.GameBoardGUI.java" Intrnl_Id="931">
<BasicBoolTerm Intrnl_Id="932">
<LocList>
<Loc EndOffset="11087" SrcFileId="7" StartOffset="11046"/>
</LocList>
</BasicBoolTerm>
</RootTerm>
</CondStmnt>
<CondStmnt CovItemId="S151" CovItemPrefix="csse376_puerto_rico.GameBoardGUI.java" Intrnl_Id="933">
<Branch CovItemId="B29" CovItemPrefix="csse376_puerto_rico.GameBoardGUI.java" Implct="false" Intrnl_Id="934">
<Cond/>
<LocList>
<Loc EndOffset="11298" SrcFileId="7" StartOffset="11244"/>
</LocList>
<StmntSeq Intrnl_Id="935">
<LocList>
<Loc EndOffset="11290" SrcFileId="7" StartOffset="11253"/>
</LocList>
<BasicStmnt CovItemId="S152" CovItemPrefix="csse376_puerto_rico.GameBoardGUI.java" Intrnl_Id="936">
<LocList>
<Loc EndOffset="11290" SrcFileId="7" StartOffset="11253"/>
</LocList>
</BasicStmnt>
</StmntSeq>
</Branch>
<Branch CovItemId="B30" CovItemPrefix="csse376_puerto_rico.GameBoardGUI.java" Implct="true" Intrnl_Id="937">
<Cond/>
<LocList/>
<StmntSeq Intrnl_Id="938">
<LocList/>
</StmntSeq>
</Branch>
<Keyword EndOffset="11206" SrcFileId="7" StartOffset="11204"/>
<LocList>
<Loc EndOffset="11298" SrcFileId="7" StartOffset="11204"/>
</LocList>
<RootTerm CovItemId="C23" CovItemPrefix="csse376_puerto_rico.GameBoardGUI.java" Intrnl_Id="939">
<BasicBoolTerm Intrnl_Id="940">
<LocList>
<Loc EndOffset="11242" SrcFileId="7" StartOffset="11208"/>
</LocList>
</BasicBoolTerm>
</RootTerm>
</CondStmnt>
</StmntSeq>
</Branch>
<Branch CovItemId="B26" CovItemPrefix="csse376_puerto_rico.GameBoardGUI.java" Implct="true" Intrnl_Id="941">
<Cond/>
<LocList/>
<StmntSeq Intrnl_Id="942">
<LocList/>
</StmntSeq>
</Branch>
<Keyword EndOffset="10953" SrcFileId="7" StartOffset="10951"/>
<LocList>
<Loc EndOffset="11305" SrcFileId="7" StartOffset="10951"/>
</LocList>
<RootTerm CovItemId="C21" CovItemPrefix="csse376_puerto_rico.GameBoardGUI.java" Intrnl_Id="943">
<BasicBoolTerm Intrnl_Id="944">
<LocList>
<Loc EndOffset="10977" SrcFileId="7" StartOffset="10955"/>
</LocList>
</BasicBoolTerm>
</RootTerm>
</CondStmnt>
<BasicStmnt CovItemId="S153" CovItemPrefix="csse376_puerto_rico.GameBoardGUI.java" Intrnl_Id="945">
<LocList>
<Loc EndOffset="11432" SrcFileId="7" StartOffset="11406"/>
</LocList>
</BasicStmnt>
<BasicStmnt CovItemId="S154" CovItemPrefix="csse376_puerto_rico.GameBoardGUI.java" Intrnl_Id="946">
<LocList>
<Loc EndOffset="11479" SrcFileId="7" StartOffset="11438"/>
</LocList>
</BasicStmnt>
</StmntSeq>
<Keyword EndOffset="10231" SrcFileId="7" StartOffset="10228"/>
<LocList>
<Loc EndOffset="11487" SrcFileId="7" StartOffset="10228"/>
</LocList>
<RootTerm CovItemId="C19" CovItemPrefix="csse376_puerto_rico.GameBoardGUI.java" Intrnl_Id="947">
<BasicBoolTerm Intrnl_Id="948">
<LocList>
<Loc EndOffset="10262" SrcFileId="7" StartOffset="10244"/>
</LocList>
</BasicBoolTerm>
</RootTerm>
</LoopStmnt>
</StmntSeq>
</Branch>
<Branch CovItemId="B22" CovItemPrefix="csse376_puerto_rico.GameBoardGUI.java" Implct="false" Intrnl_Id="949">
<Cond>
<Loc EndOffset="11497" SrcFileId="7" StartOffset="11493"/>
</Cond>
<LocList>
<Loc EndOffset="22404" SrcFileId="7" StartOffset="11498"/>
</LocList>
<StmntSeq Intrnl_Id="950">
<LocList>
<Loc EndOffset="22404" SrcFileId="7" StartOffset="11498"/>
</LocList>
<CondStmnt CovItemId="S155" CovItemPrefix="csse376_puerto_rico.GameBoardGUI.java" Intrnl_Id="951">
<Branch CovItemId="B31" CovItemPrefix="csse376_puerto_rico.GameBoardGUI.java" Implct="false" Intrnl_Id="952">
<Cond/>
<LocList>
<Loc EndOffset="13463" SrcFileId="7" StartOffset="11536"/>
</LocList>
<StmntSeq Intrnl_Id="953">
<LocList>
<Loc EndOffset="11614" SrcFileId="7" StartOffset="11562"/>
<Loc EndOffset="11650" SrcFileId="7" StartOffset="11619"/>
<Loc EndOffset="11700" SrcFileId="7" StartOffset="11655"/>
<Loc EndOffset="13458" SrcFileId="7" StartOffset="11746"/>
</LocList>
<BasicStmnt CovItemId="S156" CovItemPrefix="csse376_puerto_rico.GameBoardGUI.java" Intrnl_Id="954">
<LocList>
<Loc EndOffset="11614" SrcFileId="7" StartOffset="11562"/>
</LocList>
</BasicStmnt>
<BasicStmnt CovItemId="S157" CovItemPrefix="csse376_puerto_rico.GameBoardGUI.java" Intrnl_Id="955">
<LocList>
<Loc EndOffset="11650" SrcFileId="7" StartOffset="11619"/>
</LocList>
</BasicStmnt>
<BasicStmnt CovItemId="S158" CovItemPrefix="csse376_puerto_rico.GameBoardGUI.java" Intrnl_Id="956">
<LocList>
<Loc EndOffset="11700" SrcFileId="7" StartOffset="11655"/>
</LocList>
</BasicStmnt>
<LoopStmnt CovItemId="S159" CovItemPrefix="csse376_puerto_rico.GameBoardGUI.java" Intrnl_Id="957" MltplExecId="L10-2" MltplExecPrefix="csse376_puerto_rico.GameBoardGUI.java" NvrExecId="L10-0" NvrExecPrefix="csse376_puerto_rico.GameBoardGUI.java" OnceExecutedId="L10-1" OnceExecutedPrefix="csse376_puerto_rico.GameBoardGUI.java" OptBodyExec="true">
<StmntSeq Intrnl_Id="958">
<LocList>
<Loc EndOffset="11827" SrcFileId="7" StartOffset="11797"/>
<Loc EndOffset="11991" SrcFileId="7" StartOffset="11835"/>
<Loc EndOffset="12104" SrcFileId="7" StartOffset="11999"/>
<Loc EndOffset="12391" SrcFileId="7" StartOffset="12150"/>
<Loc EndOffset="12440" SrcFileId="7" StartOffset="12397"/>
<Loc EndOffset="12672" SrcFileId="7" StartOffset="12446"/>
<Loc EndOffset="13278" SrcFileId="7" StartOffset="12678"/>
<Loc EndOffset="13405" SrcFileId="7" StartOffset="13379"/>
<Loc EndOffset="13452" SrcFileId="7" StartOffset="13411"/>
</LocList>
<BasicStmnt CovItemId="S160" CovItemPrefix="csse376_puerto_rico.GameBoardGUI.java" Intrnl_Id="959">
<LocList>
<Loc EndOffset="11827" SrcFileId="7" StartOffset="11797"/>
</LocList>
</BasicStmnt>
<CondStmnt CovItemId="S161" CovItemPrefix="csse376_puerto_rico.GameBoardGUI.java" Intrnl_Id="960">
<Branch CovItemId="B33" CovItemPrefix="csse376_puerto_rico.GameBoardGUI.java" Implct="false" Intrnl_Id="961">
<Cond/>
<LocList>
<Loc EndOffset="11991" SrcFileId="7" StartOffset="11888"/>
</LocList>
<StmntSeq Intrnl_Id="962">
<LocList/>
</StmntSeq>
</Branch>
<Branch CovItemId="B34" CovItemPrefix="csse376_puerto_rico.GameBoardGUI.java" Implct="true" Intrnl_Id="963">
<Cond/>
<LocList/>
<StmntSeq Intrnl_Id="964">
<LocList/>
</StmntSeq>
</Branch>
<Keyword EndOffset="11837" SrcFileId="7" StartOffset="11835"/>
<LocList>
<Loc EndOffset="11991" SrcFileId="7" StartOffset="11835"/>
</LocList>
<RootTerm CovItemId="C26" CovItemPrefix="csse376_puerto_rico.GameBoardGUI.java" Intrnl_Id="965">
<BasicBoolTerm Intrnl_Id="966">
<LocList>
<Loc EndOffset="11886" SrcFileId="7" StartOffset="11839"/>
</LocList>
</BasicBoolTerm>
</RootTerm>
</CondStmnt>
<CondStmnt CovItemId="S162" CovItemPrefix="csse376_puerto_rico.GameBoardGUI.java" Intrnl_Id="967">
<Branch CovItemId="B35" CovItemPrefix="csse376_puerto_rico.GameBoardGUI.java" Implct="false" Intrnl_Id="968">
<Cond/>
<LocList>
<Loc EndOffset="12104" SrcFileId="7" StartOffset="12044"/>
</LocList>
<StmntSeq Intrnl_Id="969">
<LocList/>
</StmntSeq>
</Branch>
<Branch CovItemId="B36" CovItemPrefix="csse376_puerto_rico.GameBoardGUI.java" Implct="true" Intrnl_Id="970">
<Cond/>
<LocList/>
<StmntSeq Intrnl_Id="971">
<LocList/>
</StmntSeq>
</Branch>
<Keyword EndOffset="12001" SrcFileId="7" StartOffset="11999"/>
<LocList>
<Loc EndOffset="12104" SrcFileId="7" StartOffset="11999"/>
</LocList>
<RootTerm CovItemId="C27" CovItemPrefix="csse376_puerto_rico.GameBoardGUI.java" Intrnl_Id="972">
<BasicBoolTerm Intrnl_Id="973">
<LocList>
<Loc EndOffset="12042" SrcFileId="7" StartOffset="12003"/>
</LocList>
</BasicBoolTerm>
</RootTerm>
</CondStmnt>
<BasicStmnt CovItemId="S163" CovItemPrefix="csse376_puerto_rico.GameBoardGUI.java" Intrnl_Id="974">
<LocList>
<Loc EndOffset="12391" SrcFileId="7" StartOffset="12150"/>
</LocList>
</BasicStmnt>
<BasicStmnt CovItemId="S164" CovItemPrefix="csse376_puerto_rico.GameBoardGUI.java" Intrnl_Id="975">
<LocList>
<Loc EndOffset="12440" SrcFileId="7" StartOffset="12397"/>
</LocList>
</BasicStmnt>
<CondStmnt CovItemId="S165" CovItemPrefix="csse376_puerto_rico.GameBoardGUI.java" Intrnl_Id="976">
<Branch CovItemId="B37" CovItemPrefix="csse376_puerto_rico.GameBoardGUI.java" Implct="false" Intrnl_Id="977">
<Cond/>
<LocList>
<Loc EndOffset="12672" SrcFileId="7" StartOffset="12483"/>
</LocList>
<StmntSeq Intrnl_Id="978">
<LocList>
<Loc EndOffset="12569" SrcFileId="7" StartOffset="12491"/>
<Loc EndOffset="12665" SrcFileId="7" StartOffset="12576"/>
</LocList>
<BasicStmnt CovItemId="S166" CovItemPrefix="csse376_puerto_rico.GameBoardGUI.java" Intrnl_Id="979">
<LocList>
<Loc EndOffset="12569" SrcFileId="7" StartOffset="12491"/>
</LocList>
</BasicStmnt>
<BasicStmnt CovItemId="S167" CovItemPrefix="csse376_puerto_rico.GameBoardGUI.java" Intrnl_Id="980">
<LocList>
<Loc EndOffset="12665" SrcFileId="7" StartOffset="12576"/>
</LocList>
</BasicStmnt>
</StmntSeq>
</Branch>
<Branch CovItemId="B38" CovItemPrefix="csse376_puerto_rico.GameBoardGUI.java" Implct="true" Intrnl_Id="981">
<Cond/>
<LocList/>
<StmntSeq Intrnl_Id="982">
<LocList/>
</StmntSeq>
</Branch>
<Keyword EndOffset="12448" SrcFileId="7" StartOffset="12446"/>
<LocList>
<Loc EndOffset="12672" SrcFileId="7" StartOffset="12446"/>
</LocList>
<RootTerm CovItemId="C28" CovItemPrefix="csse376_puerto_rico.GameBoardGUI.java" Intrnl_Id="983">
<BasicBoolTerm Intrnl_Id="984">
<LocList>
<Loc EndOffset="12481" SrcFileId="7" StartOffset="12450"/>
</LocList>
</BasicBoolTerm>
</RootTerm>
</CondStmnt>
<CondStmnt CovItemId="S168" CovItemPrefix="csse376_puerto_rico.GameBoardGUI.java" Intrnl_Id="985">
<Branch CovItemId="B39" CovItemPrefix="csse376_puerto_rico.GameBoardGUI.java" Implct="false" Intrnl_Id="986">
<Cond/>
<LocList>
<Loc EndOffset="13278" SrcFileId="7" StartOffset="12722"/>
</LocList>
<StmntSeq Intrnl_Id="987">
<LocList>
<Loc EndOffset="12829" SrcFileId="7" StartOffset="12796"/>
<Loc EndOffset="13142" SrcFileId="7" StartOffset="12836"/>
<Loc EndOffset="13269" SrcFileId="7" StartOffset="13149"/>
</LocList>
<BasicStmnt CovItemId="S169" CovItemPrefix="csse376_puerto_rico.GameBoardGUI.java" Intrnl_Id="988">
<LocList>
<Loc EndOffset="12829" SrcFileId="7" StartOffset="12796"/>
</LocList>
</BasicStmnt>
<BasicStmnt CovItemId="S170" CovItemPrefix="csse376_puerto_rico.GameBoardGUI.java" Intrnl_Id="989">
<LocList>
<Loc EndOffset="13142" SrcFileId="7" StartOffset="12836"/>
</LocList>
</BasicStmnt>
<CondStmnt CovItemId="S171" CovItemPrefix="csse376_puerto_rico.GameBoardGUI.java" Intrnl_Id="990">
<Branch CovItemId="B41" CovItemPrefix="csse376_puerto_rico.GameBoardGUI.java" Implct="false" Intrnl_Id="991">
<Cond/>
<LocList>
<Loc EndOffset="13269" SrcFileId="7" StartOffset="13164"/>
</LocList>
<StmntSeq Intrnl_Id="992">
<LocList>
<Loc EndOffset="13221" SrcFileId="7" StartOffset="13173"/>
<Loc EndOffset="13261" SrcFileId="7" StartOffset="13229"/>
</LocList>
<BasicStmnt CovItemId="S172" CovItemPrefix="csse376_puerto_rico.GameBoardGUI.java" Intrnl_Id="993">
<LocList>
<Loc EndOffset="13221" SrcFileId="7" StartOffset="13173"/>
</LocList>
</BasicStmnt>
<BasicStmnt CovItemId="S173" CovItemPrefix="csse376_puerto_rico.GameBoardGUI.java" Intrnl_Id="994">
<LocList>
<Loc EndOffset="13261" SrcFileId="7" StartOffset="13229"/>
</LocList>
</BasicStmnt>
</StmntSeq>
</Branch>
<Branch CovItemId="B42" CovItemPrefix="csse376_puerto_rico.GameBoardGUI.java" Implct="true" Intrnl_Id="995">
<Cond/>
<LocList/>
<StmntSeq Intrnl_Id="996">
<LocList/>
</StmntSeq>
</Branch>
<Keyword EndOffset="13151" SrcFileId="7" StartOffset="13149"/>
<LocList>
<Loc EndOffset="13269" SrcFileId="7" StartOffset="13149"/>
</LocList>
<RootTerm CovItemId="C30" CovItemPrefix="csse376_puerto_rico.GameBoardGUI.java" Intrnl_Id="997">
<BasicBoolTerm Intrnl_Id="998">
<LocList>
<Loc EndOffset="13162" SrcFileId="7" StartOffset="13153"/>
</LocList>
</BasicBoolTerm>
</RootTerm>
</CondStmnt>
</StmntSeq>
</Branch>
<Branch CovItemId="B40" CovItemPrefix="csse376_puerto_rico.GameBoardGUI.java" Implct="true" Intrnl_Id="999">
<Cond/>
<LocList/>
<StmntSeq Intrnl_Id="1000">
<LocList/>
</StmntSeq>
</Branch>
<Keyword EndOffset="12680" SrcFileId="7" StartOffset="12678"/>
<LocList>
<Loc EndOffset="13278" SrcFileId="7" StartOffset="12678"/>
</LocList>
<RootTerm CovItemId="C29" CovItemPrefix="csse376_puerto_rico.GameBoardGUI.java" Intrnl_Id="1001">
<BasicBoolTerm Intrnl_Id="1002">
<LocList>
<Loc EndOffset="12720" SrcFileId="7" StartOffset="12682"/>
</LocList>
</BasicBoolTerm>
</RootTerm>
</CondStmnt>
<BasicStmnt CovItemId="S174" CovItemPrefix="csse376_puerto_rico.GameBoardGUI.java" Intrnl_Id="1003">
<LocList>
<Loc EndOffset="13405" SrcFileId="7" StartOffset="13379"/>
</LocList>
</BasicStmnt>
<BasicStmnt CovItemId="S175" CovItemPrefix="csse376_puerto_rico.GameBoardGUI.java" Intrnl_Id="1004">
<LocList>
<Loc EndOffset="13452" SrcFileId="7" StartOffset="13411"/>
</LocList>
</BasicStmnt>
</StmntSeq>
<Keyword EndOffset="11749" SrcFileId="7" StartOffset="11746"/>
<LocList>
<Loc EndOffset="13458" SrcFileId="7" StartOffset="11746"/>
</LocList>
<RootTerm CovItemId="C25" CovItemPrefix="csse376_puerto_rico.GameBoardGUI.java" Intrnl_Id="1005">
<BasicBoolTerm Intrnl_Id="1006">
<LocList>
<Loc EndOffset="11781" SrcFileId="7" StartOffset="11762"/>
</LocList>
</BasicBoolTerm>
</RootTerm>
</LoopStmnt>
</StmntSeq>
</Branch>
<Branch CovItemId="B32" CovItemPrefix="csse376_puerto_rico.GameBoardGUI.java" Implct="false" Intrnl_Id="1007">
<Cond>
<Loc EndOffset="13468" SrcFileId="7" StartOffset="13464"/>
</Cond>
<LocList>
<Loc EndOffset="22404" SrcFileId="7" StartOffset="13469"/>
</LocList>
<StmntSeq Intrnl_Id="1008">
<LocList>
<Loc EndOffset="22404" SrcFileId="7" StartOffset="13469"/>
</LocList>
<CondStmnt CovItemId="S176" CovItemPrefix="csse376_puerto_rico.GameBoardGUI.java" Intrnl_Id="1009">
<Branch CovItemId="B43" CovItemPrefix="csse376_puerto_rico.GameBoardGUI.java" Implct="false" Intrnl_Id="1010">
<Cond/>
<LocList>
<Loc EndOffset="14272" SrcFileId="7" StartOffset="13509"/>
</LocList>
<StmntSeq Intrnl_Id="1011">
<LocList>
<Loc EndOffset="14265" SrcFileId="7" StartOffset="13535"/>
</LocList>
<LoopStmnt CovItemId="S177" CovItemPrefix="csse376_puerto_rico.GameBoardGUI.java" Intrnl_Id="1012" MltplExecId="L11-2" MltplExecPrefix="csse376_puerto_rico.GameBoardGUI.java" NvrExecId="L11-0" NvrExecPrefix="csse376_puerto_rico.GameBoardGUI.java" OnceExecutedId="L11-1" OnceExecutedPrefix="csse376_puerto_rico.GameBoardGUI.java" OptBodyExec="true">
<StmntSeq Intrnl_Id="1013">
<LocList>
<Loc EndOffset="13615" SrcFileId="7" StartOffset="13585"/>
<Loc EndOffset="13646" SrcFileId="7" StartOffset="13621"/>
<Loc EndOffset="14176" SrcFileId="7" StartOffset="13679"/>
<Loc EndOffset="14210" SrcFileId="7" StartOffset="14184"/>
<Loc EndOffset="14257" SrcFileId="7" StartOffset="14216"/>
</LocList>
<BasicStmnt CovItemId="S178" CovItemPrefix="csse376_puerto_rico.GameBoardGUI.java" Intrnl_Id="1014">
<LocList>
<Loc EndOffset="13615" SrcFileId="7" StartOffset="13585"/>
</LocList>
</BasicStmnt>
<BasicStmnt CovItemId="S179" CovItemPrefix="csse376_puerto_rico.GameBoardGUI.java" Intrnl_Id="1015">
<LocList>
<Loc EndOffset="13646" SrcFileId="7" StartOffset="13621"/>
</LocList>
</BasicStmnt>
<CondStmnt CovItemId="S180" CovItemPrefix="csse376_puerto_rico.GameBoardGUI.java" Intrnl_Id="1016">
<Branch CovItemId="B45" CovItemPrefix="csse376_puerto_rico.GameBoardGUI.java" Implct="false" Intrnl_Id="1017">
<Cond/>
<LocList>
<Loc EndOffset="14176" SrcFileId="7" StartOffset="13723"/>
</LocList>
<StmntSeq Intrnl_Id="1018">
<LocList>
<Loc EndOffset="14169" SrcFileId="7" StartOffset="13731"/>
</LocList>
<CondStmnt CovItemId="S181" CovItemPrefix="csse376_puerto_rico.GameBoardGUI.java" Intrnl_Id="1019">
<Branch CovItemId="B47" CovItemPrefix="csse376_puerto_rico.GameBoardGUI.java" Implct="false" Intrnl_Id="1020">
<Cond/>
<LocList>
<Loc EndOffset="13836" SrcFileId="7" StartOffset="13772"/>
</LocList>
<StmntSeq Intrnl_Id="1021">
<LocList>
<Loc EndOffset="13828" SrcFileId="7" StartOffset="13781"/>
</LocList>
<BasicStmnt CovItemId="S182" CovItemPrefix="csse376_puerto_rico.GameBoardGUI.java" Intrnl_Id="1022">
<LocList>
<Loc EndOffset="13828" SrcFileId="7" StartOffset="13781"/>
</LocList>
</BasicStmnt>
</StmntSeq>
</Branch>
<Branch CovItemId="B48" CovItemPrefix="csse376_puerto_rico.GameBoardGUI.java" Implct="false" Intrnl_Id="1023">
<Cond>
<Loc EndOffset="13841" SrcFileId="7" StartOffset="13837"/>
</Cond>
<LocList>
<Loc EndOffset="14169" SrcFileId="7" StartOffset="13842"/>
</LocList>
<StmntSeq Intrnl_Id="1024">
<LocList>
<Loc EndOffset="14169" SrcFileId="7" StartOffset="13842"/>
</LocList>
<CondStmnt CovItemId="S183" CovItemPrefix="csse376_puerto_rico.GameBoardGUI.java" Intrnl_Id="1025">
<Branch CovItemId="B49" CovItemPrefix="csse376_puerto_rico.GameBoardGUI.java" Implct="false" Intrnl_Id="1026">
<Cond/>
<LocList>
<Loc EndOffset="13947" SrcFileId="7" StartOffset="13883"/>
</LocList>
<StmntSeq Intrnl_Id="1027">
<LocList>
<Loc EndOffset="13939" SrcFileId="7" StartOffset="13892"/>
</LocList>
<BasicStmnt CovItemId="S184" CovItemPrefix="csse376_puerto_rico.GameBoardGUI.java" Intrnl_Id="1028">
<LocList>
<Loc EndOffset="13939" SrcFileId="7" StartOffset="13892"/>
</LocList>
</BasicStmnt>
</StmntSeq>
</Branch>
<Branch CovItemId="B50" CovItemPrefix="csse376_puerto_rico.GameBoardGUI.java" Implct="false" Intrnl_Id="1029">
<Cond>
<Loc EndOffset="13952" SrcFileId="7" StartOffset="13948"/>
</Cond>
<LocList>
<Loc EndOffset="14169" SrcFileId="7" StartOffset="13953"/>
</LocList>
<StmntSeq Intrnl_Id="1030">
<LocList>
<Loc EndOffset="14169" SrcFileId="7" StartOffset="13953"/>
</LocList>
<CondStmnt CovItemId="S185" CovItemPrefix="csse376_puerto_rico.GameBoardGUI.java" Intrnl_Id="1031">
<Branch CovItemId="B51" CovItemPrefix="csse376_puerto_rico.GameBoardGUI.java" Implct="false" Intrnl_Id="1032">
<Cond/>
<LocList>
<Loc EndOffset="14058" SrcFileId="7" StartOffset="13994"/>
</LocList>
<StmntSeq Intrnl_Id="1033">
<LocList>
<Loc EndOffset="14050" SrcFileId="7" StartOffset="14003"/>
</LocList>
<BasicStmnt CovItemId="S186" CovItemPrefix="csse376_puerto_rico.GameBoardGUI.java" Intrnl_Id="1034">
<LocList>
<Loc EndOffset="14050" SrcFileId="7" StartOffset="14003"/>
</LocList>
</BasicStmnt>
</StmntSeq>
</Branch>
<Branch CovItemId="B52" CovItemPrefix="csse376_puerto_rico.GameBoardGUI.java" Implct="false" Intrnl_Id="1035">
<Cond>
<Loc EndOffset="14063" SrcFileId="7" StartOffset="14059"/>
</Cond>
<LocList>
<Loc EndOffset="14169" SrcFileId="7" StartOffset="14064"/>
</LocList>
<StmntSeq Intrnl_Id="1036">
<LocList>
<Loc EndOffset="14169" SrcFileId="7" StartOffset="14064"/>
</LocList>
<CondStmnt CovItemId="S187" CovItemPrefix="csse376_puerto_rico.GameBoardGUI.java" Intrnl_Id="1037">
<Branch CovItemId="B53" CovItemPrefix="csse376_puerto_rico.GameBoardGUI.java" Implct="false" Intrnl_Id="1038">
<Cond/>
<LocList>
<Loc EndOffset="14169" SrcFileId="7" StartOffset="14105"/>
</LocList>
<StmntSeq Intrnl_Id="1039">
<LocList>
<Loc EndOffset="14161" SrcFileId="7" StartOffset="14114"/>
</LocList>
<BasicStmnt CovItemId="S188" CovItemPrefix="csse376_puerto_rico.GameBoardGUI.java" Intrnl_Id="1040">
<LocList>
<Loc EndOffset="14161" SrcFileId="7" StartOffset="14114"/>
</LocList>
</BasicStmnt>
</StmntSeq>
</Branch>
<Branch CovItemId="B54" CovItemPrefix="csse376_puerto_rico.GameBoardGUI.java" Implct="true" Intrnl_Id="1041">
<Cond/>
<LocList/>
<StmntSeq Intrnl_Id="1042">
<LocList/>
</StmntSeq>
</Branch>
<Keyword EndOffset="14066" SrcFileId="7" StartOffset="14064"/>
<LocList>
<Loc EndOffset="14169" SrcFileId="7" StartOffset="14064"/>
</LocList>
<RootTerm CovItemId="C37" CovItemPrefix="csse376_puerto_rico.GameBoardGUI.java" Intrnl_Id="1043">
<BasicBoolTerm Intrnl_Id="1044">
<LocList>
<Loc EndOffset="14103" SrcFileId="7" StartOffset="14068"/>
</LocList>
</BasicBoolTerm>
</RootTerm>
</CondStmnt>
</StmntSeq>
</Branch>
<Keyword EndOffset="13955" SrcFileId="7" StartOffset="13953"/>
<LocList>
<Loc EndOffset="14169" SrcFileId="7" StartOffset="13953"/>
</LocList>
<RootTerm CovItemId="C36" CovItemPrefix="csse376_puerto_rico.GameBoardGUI.java" Intrnl_Id="1045">
<BasicBoolTerm Intrnl_Id="1046">
<LocList>
<Loc EndOffset="13992" SrcFileId="7" StartOffset="13957"/>
</LocList>
</BasicBoolTerm>
</RootTerm>
</CondStmnt>
</StmntSeq>
</Branch>
<Keyword EndOffset="13844" SrcFileId="7" StartOffset="13842"/>
<LocList>
<Loc EndOffset="14169" SrcFileId="7" StartOffset="13842"/>
</LocList>
<RootTerm CovItemId="C35" CovItemPrefix="csse376_puerto_rico.GameBoardGUI.java" Intrnl_Id="1047">
<BasicBoolTerm Intrnl_Id="1048">
<LocList>
<Loc EndOffset="13881" SrcFileId="7" StartOffset="13846"/>
</LocList>
</BasicBoolTerm>
</RootTerm>
</CondStmnt>
</StmntSeq>
</Branch>
<Keyword EndOffset="13733" SrcFileId="7" StartOffset="13731"/>
<LocList>
<Loc EndOffset="14169" SrcFileId="7" StartOffset="13731"/>
</LocList>
<RootTerm CovItemId="C34" CovItemPrefix="csse376_puerto_rico.GameBoardGUI.java" Intrnl_Id="1049">
<BasicBoolTerm Intrnl_Id="1050">
<LocList>
<Loc EndOffset="13770" SrcFileId="7" StartOffset="13735"/>
</LocList>
</BasicBoolTerm>
</RootTerm>
</CondStmnt>
</StmntSeq>
</Branch>
<Branch CovItemId="B46" CovItemPrefix="csse376_puerto_rico.GameBoardGUI.java" Implct="true" Intrnl_Id="1051">
<Cond/>
<LocList/>
<StmntSeq Intrnl_Id="1052">
<LocList/>
</StmntSeq>
</Branch>
<Keyword EndOffset="13681" SrcFileId="7" StartOffset="13679"/>
<LocList>
<Loc EndOffset="14176" SrcFileId="7" StartOffset="13679"/>
</LocList>
<RootTerm CovItemId="C33" CovItemPrefix="csse376_puerto_rico.GameBoardGUI.java" Intrnl_Id="1053">
<BasicBoolTerm Intrnl_Id="1054">
<LocList>
<Loc EndOffset="13721" SrcFileId="7" StartOffset="13683"/>
</LocList>
</BasicBoolTerm>
</RootTerm>
</CondStmnt>
<BasicStmnt CovItemId="S189" CovItemPrefix="csse376_puerto_rico.GameBoardGUI.java" Intrnl_Id="1055">
<LocList>
<Loc EndOffset="14210" SrcFileId="7" StartOffset="14184"/>
</LocList>
</BasicStmnt>
<BasicStmnt CovItemId="S190" CovItemPrefix="csse376_puerto_rico.GameBoardGUI.java" Intrnl_Id="1056">
<LocList>
<Loc EndOffset="14257" SrcFileId="7" StartOffset="14216"/>
</LocList>
</BasicStmnt>
</StmntSeq>
<Keyword EndOffset="13538" SrcFileId="7" StartOffset="13535"/>
<LocList>
<Loc EndOffset="14265" SrcFileId="7" StartOffset="13535"/>
</LocList>
<RootTerm CovItemId="C32" CovItemPrefix="csse376_puerto_rico.GameBoardGUI.java" Intrnl_Id="1057">
<BasicBoolTerm Intrnl_Id="1058">
<LocList>
<Loc EndOffset="13569" SrcFileId="7" StartOffset="13551"/>
</LocList>
</BasicBoolTerm>
</RootTerm>
</LoopStmnt>
</StmntSeq>
</Branch>
<Branch CovItemId="B44" CovItemPrefix="csse376_puerto_rico.GameBoardGUI.java" Implct="false" Intrnl_Id="1059">
<Cond>
<Loc EndOffset="14277" SrcFileId="7" StartOffset="14273"/>
</Cond>
<LocList>
<Loc EndOffset="22404" SrcFileId="7" StartOffset="14278"/>
</LocList>
<StmntSeq Intrnl_Id="1060">
<LocList>
<Loc EndOffset="22404" SrcFileId="7" StartOffset="14278"/>
</LocList>
<CondStmnt CovItemId="S191" CovItemPrefix="csse376_puerto_rico.GameBoardGUI.java" Intrnl_Id="1061">
<Branch CovItemId="B55" CovItemPrefix="csse376_puerto_rico.GameBoardGUI.java" Implct="false" Intrnl_Id="1062">
<Cond/>
<LocList>
<Loc EndOffset="16285" SrcFileId="7" StartOffset="14315"/>
</LocList>
<StmntSeq Intrnl_Id="1063">
<LocList>
<Loc EndOffset="16280" SrcFileId="7" StartOffset="14328"/>
</LocList>
<LoopStmnt CovItemId="S192" CovItemPrefix="csse376_puerto_rico.GameBoardGUI.java" Intrnl_Id="1064" MltplExecId="L12-2" MltplExecPrefix="csse376_puerto_rico.GameBoardGUI.java" NvrExecId="L12-0" NvrExecPrefix="csse376_puerto_rico.GameBoardGUI.java" OnceExecutedId="L12-1" OnceExecutedPrefix="csse376_puerto_rico.GameBoardGUI.java" OptBodyExec="true">
<StmntSeq Intrnl_Id="1065">
<LocList>
<Loc EndOffset="14408" SrcFileId="7" StartOffset="14378"/>
<Loc EndOffset="14558" SrcFileId="7" StartOffset="14447"/>
<Loc EndOffset="14708" SrcFileId="7" StartOffset="14597"/>
<Loc EndOffset="14833" SrcFileId="7" StartOffset="14716"/>
<Loc EndOffset="14892" SrcFileId="7" StartOffset="14839"/>
<Loc EndOffset="15036" SrcFileId="7" StartOffset="14898"/>
<Loc EndOffset="15066" SrcFileId="7" StartOffset="15042"/>
<Loc EndOffset="15110" SrcFileId="7" StartOffset="15072"/>
<Loc EndOffset="15357" SrcFileId="7" StartOffset="15118"/>
<Loc EndOffset="16098" SrcFileId="7" StartOffset="15363"/>
<Loc EndOffset="16225" SrcFileId="7" StartOffset="16199"/>
<Loc EndOffset="16272" SrcFileId="7" StartOffset="16231"/>
</LocList>
<BasicStmnt CovItemId="S193" CovItemPrefix="csse376_puerto_rico.GameBoardGUI.java" Intrnl_Id="1066">
<LocList>
<Loc EndOffset="14408" SrcFileId="7" StartOffset="14378"/>
</LocList>
</BasicStmnt>
<CondStmnt CovItemId="S194" CovItemPrefix="csse376_puerto_rico.GameBoardGUI.java" Intrnl_Id="1067">
<Branch CovItemId="B57" CovItemPrefix="csse376_puerto_rico.GameBoardGUI.java" Implct="false" Intrnl_Id="1068">
<Cond/>
<LocList>
<Loc EndOffset="14558" SrcFileId="7" StartOffset="14496"/>
</LocList>
<StmntSeq Intrnl_Id="1069">
<LocList>
<Loc EndOffset="14551" SrcFileId="7" StartOffset="14504"/>
</LocList>
<BasicStmnt CovItemId="S195" CovItemPrefix="csse376_puerto_rico.GameBoardGUI.java" Intrnl_Id="1070">
<LocList>
<Loc EndOffset="14551" SrcFileId="7" StartOffset="14504"/>
</LocList>
</BasicStmnt>
</StmntSeq>
</Branch>
<Branch CovItemId="B58" CovItemPrefix="csse376_puerto_rico.GameBoardGUI.java" Implct="true" Intrnl_Id="1071">
<Cond/>
<LocList/>
<StmntSeq Intrnl_Id="1072">
<LocList/>
</StmntSeq>
</Branch>
<Keyword EndOffset="14449" SrcFileId="7" StartOffset="14447"/>
<LocList>
<Loc EndOffset="14558" SrcFileId="7" StartOffset="14447"/>
</LocList>
<RootTerm CovItemId="C40" CovItemPrefix="csse376_puerto_rico.GameBoardGUI.java" Intrnl_Id="1073">
<BasicBoolTerm Intrnl_Id="1074">
<LocList>
<Loc EndOffset="14494" SrcFileId="7" StartOffset="14451"/>
</LocList>
</BasicBoolTerm>
</RootTerm>
</CondStmnt>
<CondStmnt CovItemId="S196" CovItemPrefix="csse376_puerto_rico.GameBoardGUI.java" Intrnl_Id="1075">
<Branch CovItemId="B59" CovItemPrefix="csse376_puerto_rico.GameBoardGUI.java" Implct="false" Intrnl_Id="1076">
<Cond/>
<LocList>
<Loc EndOffset="14708" SrcFileId="7" StartOffset="14646"/>
</LocList>
<StmntSeq Intrnl_Id="1077">
<LocList>
<Loc EndOffset="14701" SrcFileId="7" StartOffset="14654"/>
</LocList>
<BasicStmnt CovItemId="S197" CovItemPrefix="csse376_puerto_rico.GameBoardGUI.java" Intrnl_Id="1078">
<LocList>
<Loc EndOffset="14701" SrcFileId="7" StartOffset="14654"/>
</LocList>
</BasicStmnt>
</StmntSeq>
</Branch>
<Branch CovItemId="B60" CovItemPrefix="csse376_puerto_rico.GameBoardGUI.java" Implct="true" Intrnl_Id="1079">
<Cond/>
<LocList/>
<StmntSeq Intrnl_Id="1080">
<LocList/>
</StmntSeq>
</Branch>
<Keyword EndOffset="14599" SrcFileId="7" StartOffset="14597"/>
<LocList>
<Loc EndOffset="14708" SrcFileId="7" StartOffset="14597"/>
</LocList>
<RootTerm CovItemId="C41" CovItemPrefix="csse376_puerto_rico.GameBoardGUI.java" Intrnl_Id="1081">
<BasicBoolTerm Intrnl_Id="1082">
<LocList>
<Loc EndOffset="14644" SrcFileId="7" StartOffset="14601"/>
</LocList>
</BasicBoolTerm>
</RootTerm>
</CondStmnt>
<CondStmnt CovItemId="S198" CovItemPrefix="csse376_puerto_rico.GameBoardGUI.java" Intrnl_Id="1083">
<Branch CovItemId="B61" CovItemPrefix="csse376_puerto_rico.GameBoardGUI.java" Implct="false" Intrnl_Id="1084">
<Cond/>
<LocList>
<Loc EndOffset="14833" SrcFileId="7" StartOffset="14759"/>
</LocList>
<StmntSeq Intrnl_Id="1085">
<LocList/>
</StmntSeq>
</Branch>
<Branch CovItemId="B62" CovItemPrefix="csse376_puerto_rico.GameBoardGUI.java" Implct="true" Intrnl_Id="1086">
<Cond/>
<LocList/>
<StmntSeq Intrnl_Id="1087">
<LocList/>
</StmntSeq>
</Branch>
<Keyword EndOffset="14718" SrcFileId="7" StartOffset="14716"/>
<LocList>
<Loc EndOffset="14833" SrcFileId="7" StartOffset="14716"/>
</LocList>
<RootTerm CovItemId="C42" CovItemPrefix="csse376_puerto_rico.GameBoardGUI.java" Intrnl_Id="1088">
<BasicBoolTerm Intrnl_Id="1089">
<LocList>
<Loc EndOffset="14757" SrcFileId="7" StartOffset="14720"/>
</LocList>
</BasicBoolTerm>
</RootTerm>
</CondStmnt>
<BasicStmnt CovItemId="S199" CovItemPrefix="csse376_puerto_rico.GameBoardGUI.java" Intrnl_Id="1090">
<LocList>
<Loc EndOffset="14892" SrcFileId="7" StartOffset="14839"/>
</LocList>
</BasicStmnt>
<LoopStmnt CovItemId="S200" CovItemPrefix="csse376_puerto_rico.GameBoardGUI.java" Intrnl_Id="1091" MltplExecId="L13-2" MltplExecPrefix="csse376_puerto_rico.GameBoardGUI.java" NvrExecId="L13-0" NvrExecPrefix="csse376_puerto_rico.GameBoardGUI.java" OnceExecutedId="L13-1" OnceExecutedPrefix="csse376_puerto_rico.GameBoardGUI.java" OptBodyExec="true">
<StmntSeq Intrnl_Id="1092">
<LocList>
<Loc EndOffset="14978" SrcFileId="7" StartOffset="14944"/>
<Loc EndOffset="15029" SrcFileId="7" StartOffset="14985"/>
</LocList>
<BasicStmnt CovItemId="S201" CovItemPrefix="csse376_puerto_rico.GameBoardGUI.java" Intrnl_Id="1093">
<LocList>
<Loc EndOffset="14978" SrcFileId="7" StartOffset="14944"/>
</LocList>
</BasicStmnt>
<CondStmnt CovItemId="S202" CovItemPrefix="csse376_puerto_rico.GameBoardGUI.java" Intrnl_Id="1094">
<Branch CovItemId="B63" CovItemPrefix="csse376_puerto_rico.GameBoardGUI.java" Implct="false" Intrnl_Id="1095">
<Cond/>
<LocList>
<Loc EndOffset="15029" SrcFileId="7" StartOffset="14996"/>
</LocList>
<StmntSeq Intrnl_Id="1096">
<LocList>
<Loc EndOffset="15021" SrcFileId="7" StartOffset="15005"/>
</LocList>
<BasicStmnt CovItemId="S203" CovItemPrefix="csse376_puerto_rico.GameBoardGUI.java" Intrnl_Id="1097">
<LocList>
<Loc EndOffset="15021" SrcFileId="7" StartOffset="15005"/>
</LocList>
</BasicStmnt>
</StmntSeq>
</Branch>
<Branch CovItemId="B64" CovItemPrefix="csse376_puerto_rico.GameBoardGUI.java" Implct="true" Intrnl_Id="1098">
<Cond/>
<LocList/>
<StmntSeq Intrnl_Id="1099">
<LocList/>
</StmntSeq>
</Branch>
<Keyword EndOffset="14987" SrcFileId="7" StartOffset="14985"/>
<LocList>
<Loc EndOffset="15029" SrcFileId="7" StartOffset="14985"/>
</LocList>
<RootTerm CovItemId="C43" CovItemPrefix="csse376_puerto_rico.GameBoardGUI.java" Intrnl_Id="1100">
<BasicBoolTerm Intrnl_Id="1101">
<LocList>
<Loc EndOffset="14994" SrcFileId="7" StartOffset="14989"/>
</LocList>
</BasicBoolTerm>
</RootTerm>
</CondStmnt>
</StmntSeq>
<Keyword EndOffset="14901" SrcFileId="7" StartOffset="14898"/>
<LocList>
<Loc EndOffset="15036" SrcFileId="7" StartOffset="14898"/>
</LocList>
</LoopStmnt>
<BasicStmnt CovItemId="S204" CovItemPrefix="csse376_puerto_rico.GameBoardGUI.java" Intrnl_Id="1102">
<LocList>
<Loc EndOffset="15066" SrcFileId="7" StartOffset="15042"/>
</LocList>
</BasicStmnt>
<BasicStmnt CovItemId="S205" CovItemPrefix="csse376_puerto_rico.GameBoardGUI.java" Intrnl_Id="1103">
<LocList>
<Loc EndOffset="15110" SrcFileId="7" StartOffset="15072"/>
</LocList>
</BasicStmnt>
<BasicStmnt CovItemId="S206" CovItemPrefix="csse376_puerto_rico.GameBoardGUI.java" Intrnl_Id="1104">
<LocList>
<Loc EndOffset="15357" SrcFileId="7" StartOffset="15118"/>
</LocList>
</BasicStmnt>
<CondStmnt CovItemId="S207" CovItemPrefix="csse376_puerto_rico.GameBoardGUI.java" Intrnl_Id="1105">
<Branch CovItemId="B65" CovItemPrefix="csse376_puerto_rico.GameBoardGUI.java" Implct="false" Intrnl_Id="1106">
<Cond/>
<LocList>
<Loc EndOffset="16098" SrcFileId="7" StartOffset="15393"/>
</LocList>
<StmntSeq Intrnl_Id="1107">
<LocList>
<Loc EndOffset="16091" SrcFileId="7" StartOffset="15401"/>
</LocList>
<CondStmnt CovItemId="S208" CovItemPrefix="csse376_puerto_rico.GameBoardGUI.java" Intrnl_Id="1108">
<Branch CovItemId="B67" CovItemPrefix="csse376_puerto_rico.GameBoardGUI.java" Implct="false" Intrnl_Id="1109">
<Cond/>
<LocList>
<Loc EndOffset="15546" SrcFileId="7" StartOffset="15442"/>
</LocList>
<StmntSeq Intrnl_Id="1110">
<LocList>
<Loc EndOffset="15498" SrcFileId="7" StartOffset="15451"/>
<Loc EndOffset="15538" SrcFileId="7" StartOffset="15506"/>
</LocList>
<BasicStmnt CovItemId="S209" CovItemPrefix="csse376_puerto_rico.GameBoardGUI.java" Intrnl_Id="1111">
<LocList>
<Loc EndOffset="15498" SrcFileId="7" StartOffset="15451"/>
</LocList>
</BasicStmnt>
<BasicStmnt CovItemId="S210" CovItemPrefix="csse376_puerto_rico.GameBoardGUI.java" Intrnl_Id="1112">
<LocList>
<Loc EndOffset="15538" SrcFileId="7" StartOffset="15506"/>
</LocList>
</BasicStmnt>
</StmntSeq>
</Branch>
<Branch CovItemId="B68" CovItemPrefix="csse376_puerto_rico.GameBoardGUI.java" Implct="false" Intrnl_Id="1113">
<Cond>
<Loc EndOffset="15551" SrcFileId="7" StartOffset="15547"/>
</Cond>
<LocList>
<Loc EndOffset="16091" SrcFileId="7" StartOffset="15552"/>
</LocList>
<StmntSeq Intrnl_Id="1114">
<LocList>
<Loc EndOffset="16091" SrcFileId="7" StartOffset="15552"/>
</LocList>
<CondStmnt CovItemId="S211" CovItemPrefix="csse376_puerto_rico.GameBoardGUI.java" Intrnl_Id="1115">
<Branch CovItemId="B69" CovItemPrefix="csse376_puerto_rico.GameBoardGUI.java" Implct="false" Intrnl_Id="1116">
<Cond/>
<LocList>
<Loc EndOffset="15638" SrcFileId="7" StartOffset="15591"/>
</LocList>
<StmntSeq Intrnl_Id="1117">
<LocList>
<Loc EndOffset="15630" SrcFileId="7" StartOffset="15600"/>
</LocList>
<BasicStmnt CovItemId="S212" CovItemPrefix="csse376_puerto_rico.GameBoardGUI.java" Intrnl_Id="1118">
<LocList>
<Loc EndOffset="15630" SrcFileId="7" StartOffset="15600"/>
</LocList>
</BasicStmnt>
</StmntSeq>
</Branch>
<Branch CovItemId="B70" CovItemPrefix="csse376_puerto_rico.GameBoardGUI.java" Implct="false" Intrnl_Id="1119">
<Cond>
<Loc EndOffset="15643" SrcFileId="7" StartOffset="15639"/>
</Cond>
<LocList>
<Loc EndOffset="16091" SrcFileId="7" StartOffset="15644"/>
</LocList>
<StmntSeq Intrnl_Id="1120">
<LocList>
<Loc EndOffset="16091" SrcFileId="7" StartOffset="15644"/>
</LocList>
<CondStmnt CovItemId="S213" CovItemPrefix="csse376_puerto_rico.GameBoardGUI.java" Intrnl_Id="1121">
<Branch CovItemId="B71" CovItemPrefix="csse376_puerto_rico.GameBoardGUI.java" Implct="false" Intrnl_Id="1122">
<Cond/>
<LocList>
<Loc EndOffset="15789" SrcFileId="7" StartOffset="15685"/>
</LocList>
<StmntSeq Intrnl_Id="1123">
<LocList>
<Loc EndOffset="15741" SrcFileId="7" StartOffset="15694"/>
<Loc EndOffset="15781" SrcFileId="7" StartOffset="15749"/>
</LocList>
<BasicStmnt CovItemId="S214" CovItemPrefix="csse376_puerto_rico.GameBoardGUI.java" Intrnl_Id="1124">
<LocList>
<Loc EndOffset="15741" SrcFileId="7" StartOffset="15694"/>
</LocList>
</BasicStmnt>
<BasicStmnt CovItemId="S215" CovItemPrefix="csse376_puerto_rico.GameBoardGUI.java" Intrnl_Id="1125">
<LocList>
<Loc EndOffset="15781" SrcFileId="7" StartOffset="15749"/>
</LocList>
</BasicStmnt>
</StmntSeq>
</Branch>
<Branch CovItemId="B72" CovItemPrefix="csse376_puerto_rico.GameBoardGUI.java" Implct="false" Intrnl_Id="1126">
<Cond>
<Loc EndOffset="15794" SrcFileId="7" StartOffset="15790"/>
</Cond>
<LocList>
<Loc EndOffset="16091" SrcFileId="7" StartOffset="15795"/>
</LocList>
<StmntSeq Intrnl_Id="1127">
<LocList>
<Loc EndOffset="16091" SrcFileId="7" StartOffset="15795"/>
</LocList>
<CondStmnt CovItemId="S216" CovItemPrefix="csse376_puerto_rico.GameBoardGUI.java" Intrnl_Id="1128">
<Branch CovItemId="B73" CovItemPrefix="csse376_puerto_rico.GameBoardGUI.java" Implct="false" Intrnl_Id="1129">
<Cond/>
<LocList>
<Loc EndOffset="15938" SrcFileId="7" StartOffset="15835"/>
</LocList>
<StmntSeq Intrnl_Id="1130">
<LocList>
<Loc EndOffset="15891" SrcFileId="7" StartOffset="15844"/>
<Loc EndOffset="15930" SrcFileId="7" StartOffset="15899"/>
</LocList>
<BasicStmnt CovItemId="S217" CovItemPrefix="csse376_puerto_rico.GameBoardGUI.java" Intrnl_Id="1131">
<LocList>
<Loc EndOffset="15891" SrcFileId="7" StartOffset="15844"/>
</LocList>
</BasicStmnt>
<BasicStmnt CovItemId="S218" CovItemPrefix="csse376_puerto_rico.GameBoardGUI.java" Intrnl_Id="1132">
<LocList>
<Loc EndOffset="15930" SrcFileId="7" StartOffset="15899"/>
</LocList>
</BasicStmnt>
</StmntSeq>
</Branch>
<Branch CovItemId="B74" CovItemPrefix="csse376_puerto_rico.GameBoardGUI.java" Implct="false" Intrnl_Id="1133">
<Cond>
<Loc EndOffset="15943" SrcFileId="7" StartOffset="15939"/>
</Cond>
<LocList>
<Loc EndOffset="16091" SrcFileId="7" StartOffset="15944"/>
</LocList>
<StmntSeq Intrnl_Id="1134">
<LocList>
<Loc EndOffset="16091" SrcFileId="7" StartOffset="15944"/>
</LocList>
<CondStmnt CovItemId="S219" CovItemPrefix="csse376_puerto_rico.GameBoardGUI.java" Intrnl_Id="1135">
<Branch CovItemId="B75" CovItemPrefix="csse376_puerto_rico.GameBoardGUI.java" Implct="false" Intrnl_Id="1136">
<Cond/>
<LocList>
<Loc EndOffset="16091" SrcFileId="7" StartOffset="15986"/>
</LocList>
<StmntSeq Intrnl_Id="1137">
<LocList>
<Loc EndOffset="16042" SrcFileId="7" StartOffset="15995"/>
<Loc EndOffset="16083" SrcFileId="7" StartOffset="16050"/>
</LocList>
<BasicStmnt CovItemId="S220" CovItemPrefix="csse376_puerto_rico.GameBoardGUI.java" Intrnl_Id="1138">
<LocList>
<Loc EndOffset="16042" SrcFileId="7" StartOffset="15995"/>
</LocList>
</BasicStmnt>
<BasicStmnt CovItemId="S221" CovItemPrefix="csse376_puerto_rico.GameBoardGUI.java" Intrnl_Id="1139">
<LocList>
<Loc EndOffset="16083" SrcFileId="7" StartOffset="16050"/>
</LocList>
</BasicStmnt>
</StmntSeq>
</Branch>
<Branch CovItemId="B76" CovItemPrefix="csse376_puerto_rico.GameBoardGUI.java" Implct="true" Intrnl_Id="1140">
<Cond/>
<LocList/>
<StmntSeq Intrnl_Id="1141">
<LocList/>
</StmntSeq>
</Branch>
<Keyword EndOffset="15946" SrcFileId="7" StartOffset="15944"/>
<LocList>
<Loc EndOffset="16091" SrcFileId="7" StartOffset="15944"/>
</LocList>
<RootTerm CovItemId="C49" CovItemPrefix="csse376_puerto_rico.GameBoardGUI.java" Intrnl_Id="1142">
<BasicBoolTerm Intrnl_Id="1143">
<LocList>
<Loc EndOffset="15984" SrcFileId="7" StartOffset="15948"/>
</LocList>
</BasicBoolTerm>
</RootTerm>
</CondStmnt>
</StmntSeq>
</Branch>
<Keyword EndOffset="15797" SrcFileId="7" StartOffset="15795"/>
<LocList>
<Loc EndOffset="16091" SrcFileId="7" StartOffset="15795"/>
</LocList>
<RootTerm CovItemId="C48" CovItemPrefix="csse376_puerto_rico.GameBoardGUI.java" Intrnl_Id="1144">
<BasicBoolTerm Intrnl_Id="1145">
<LocList>
<Loc EndOffset="15833" SrcFileId="7" StartOffset="15799"/>
</LocList>
</BasicBoolTerm>
</RootTerm>
</CondStmnt>
</StmntSeq>
</Branch>
<Keyword EndOffset="15646" SrcFileId="7" StartOffset="15644"/>
<LocList>
<Loc EndOffset="16091" SrcFileId="7" StartOffset="15644"/>
</LocList>
<RootTerm CovItemId="C47" CovItemPrefix="csse376_puerto_rico.GameBoardGUI.java" Intrnl_Id="1146">
<BasicBoolTerm Intrnl_Id="1147">
<LocList>
<Loc EndOffset="15683" SrcFileId="7" StartOffset="15648"/>
</LocList>
</BasicBoolTerm>
</RootTerm>
</CondStmnt>
</StmntSeq>
</Branch>
<Keyword EndOffset="15554" SrcFileId="7" StartOffset="15552"/>
<LocList>
<Loc EndOffset="16091" SrcFileId="7" StartOffset="15552"/>
</LocList>
<RootTerm CovItemId="C46" CovItemPrefix="csse376_puerto_rico.GameBoardGUI.java" Intrnl_Id="1148">
<BasicBoolTerm Intrnl_Id="1149">
<LocList>
<Loc EndOffset="15589" SrcFileId="7" StartOffset="15556"/>
</LocList>
</BasicBoolTerm>
</RootTerm>
</CondStmnt>
</StmntSeq>
</Branch>
<Keyword EndOffset="15403" SrcFileId="7" StartOffset="15401"/>
<LocList>
<Loc EndOffset="16091" SrcFileId="7" StartOffset="15401"/>
</LocList>
<RootTerm CovItemId="C45" CovItemPrefix="csse376_puerto_rico.GameBoardGUI.java" Intrnl_Id="1150">
<BasicBoolTerm Intrnl_Id="1151">
<LocList>
<Loc EndOffset="15440" SrcFileId="7" StartOffset="15405"/>
</LocList>
</BasicBoolTerm>
</RootTerm>
</CondStmnt>
</StmntSeq>
</Branch>
<Branch CovItemId="B66" CovItemPrefix="csse376_puerto_rico.GameBoardGUI.java" Implct="true" Intrnl_Id="1152">
<Cond/>
<LocList/>
<StmntSeq Intrnl_Id="1153">
<LocList/>
</StmntSeq>
</Branch>
<Keyword EndOffset="15365" SrcFileId="7" StartOffset="15363"/>
<LocList>
<Loc EndOffset="16098" SrcFileId="7" StartOffset="15363"/>
</LocList>
<RootTerm CovItemId="C44" CovItemPrefix="csse376_puerto_rico.GameBoardGUI.java" Intrnl_Id="1154">
<BasicBoolTerm Intrnl_Id="1155">
<LocList>
<Loc EndOffset="15391" SrcFileId="7" StartOffset="15367"/>
</LocList>
</BasicBoolTerm>
</RootTerm>
</CondStmnt>
<BasicStmnt CovItemId="S222" CovItemPrefix="csse376_puerto_rico.GameBoardGUI.java" Intrnl_Id="1156">
<LocList>
<Loc EndOffset="16225" SrcFileId="7" StartOffset="16199"/>
</LocList>
</BasicStmnt>
<BasicStmnt CovItemId="S223" CovItemPrefix="csse376_puerto_rico.GameBoardGUI.java" Intrnl_Id="1157">
<LocList>
<Loc EndOffset="16272" SrcFileId="7" StartOffset="16231"/>
</LocList>
</BasicStmnt>
</StmntSeq>
<Keyword EndOffset="14331" SrcFileId="7" StartOffset="14328"/>
<LocList>
<Loc EndOffset="16280" SrcFileId="7" StartOffset="14328"/>
</LocList>
<RootTerm CovItemId="C39" CovItemPrefix="csse376_puerto_rico.GameBoardGUI.java" Intrnl_Id="1158">
<BasicBoolTerm Intrnl_Id="1159">
<LocList>
<Loc EndOffset="14362" SrcFileId="7" StartOffset="14344"/>
</LocList>
</BasicBoolTerm>
</RootTerm>
</LoopStmnt>
</StmntSeq>
</Branch>
<Branch CovItemId="B56" CovItemPrefix="csse376_puerto_rico.GameBoardGUI.java" Implct="false" Intrnl_Id="1160">
<Cond>
<Loc EndOffset="16290" SrcFileId="7" StartOffset="16286"/>
</Cond>
<LocList>
<Loc EndOffset="22404" SrcFileId="7" StartOffset="16291"/>
</LocList>
<StmntSeq Intrnl_Id="1161">
<LocList>
<Loc EndOffset="22404" SrcFileId="7" StartOffset="16291"/>
</LocList>
<CondStmnt CovItemId="S224" CovItemPrefix="csse376_puerto_rico.GameBoardGUI.java" Intrnl_Id="1162">
<Branch CovItemId="B77" CovItemPrefix="csse376_puerto_rico.GameBoardGUI.java" Implct="false" Intrnl_Id="1163">
<Cond/>
<LocList>
<Loc EndOffset="22280" SrcFileId="7" StartOffset="16329"/>
</LocList>
<StmntSeq Intrnl_Id="1164">
<LocList>
<Loc EndOffset="18415" SrcFileId="7" StartOffset="16337"/>
<Loc EndOffset="18499" SrcFileId="7" StartOffset="18420"/>
<Loc EndOffset="22273" SrcFileId="7" StartOffset="18527"/>
</LocList>
<LoopStmnt CovItemId="S225" CovItemPrefix="csse376_puerto_rico.GameBoardGUI.java" Intrnl_Id="1165" MltplExecId="L14-2" MltplExecPrefix="csse376_puerto_rico.GameBoardGUI.java" NvrExecId="L14-0" NvrExecPrefix="csse376_puerto_rico.GameBoardGUI.java" OnceExecutedId="L14-1" OnceExecutedPrefix="csse376_puerto_rico.GameBoardGUI.java" OptBodyExec="true">
<StmntSeq Intrnl_Id="1166">
<LocList>
<Loc EndOffset="16410" SrcFileId="7" StartOffset="16380"/>
<Loc EndOffset="18293" SrcFileId="7" StartOffset="16416"/>
<Loc EndOffset="18326" SrcFileId="7" StartOffset="18301"/>
<Loc EndOffset="18360" SrcFileId="7" StartOffset="18334"/>
<Loc EndOffset="18407" SrcFileId="7" StartOffset="18366"/>
</LocList>
<BasicStmnt CovItemId="S226" CovItemPrefix="csse376_puerto_rico.GameBoardGUI.java" Intrnl_Id="1167">
<LocList>
<Loc EndOffset="16410" SrcFileId="7" StartOffset="16380"/>
</LocList>
</BasicStmnt>
<CondStmnt CovItemId="S227" CovItemPrefix="csse376_puerto_rico.GameBoardGUI.java" Intrnl_Id="1168">
<Branch CovItemId="B79" CovItemPrefix="csse376_puerto_rico.GameBoardGUI.java" Implct="false" Intrnl_Id="1169">
<Cond/>
<LocList>
<Loc EndOffset="18293" SrcFileId="7" StartOffset="16455"/>
</LocList>
<StmntSeq Intrnl_Id="1170">
<LocList>
<Loc EndOffset="16516" SrcFileId="7" StartOffset="16463"/>
<Loc EndOffset="16666" SrcFileId="7" StartOffset="16523"/>
<Loc EndOffset="16698" SrcFileId="7" StartOffset="16673"/>
<Loc EndOffset="16745" SrcFileId="7" StartOffset="16707"/>
<Loc EndOffset="18286" SrcFileId="7" StartOffset="16752"/>
</LocList>
<BasicStmnt CovItemId="S228" CovItemPrefix="csse376_puerto_rico.GameBoardGUI.java" Intrnl_Id="1171">
<LocList>
<Loc EndOffset="16516" SrcFileId="7" StartOffset="16463"/>
</LocList>
</BasicStmnt>
<LoopStmnt CovItemId="S229" CovItemPrefix="csse376_puerto_rico.GameBoardGUI.java" Intrnl_Id="1172" MltplExecId="L15-2" MltplExecPrefix="csse376_puerto_rico.GameBoardGUI.java" NvrExecId="L15-0" NvrExecPrefix="csse376_puerto_rico.GameBoardGUI.java" OnceExecutedId="L15-1" OnceExecutedPrefix="csse376_puerto_rico.GameBoardGUI.java" OptBodyExec="true">
<StmntSeq Intrnl_Id="1173">
<LocList>
<Loc EndOffset="16604" SrcFileId="7" StartOffset="16570"/>
<Loc EndOffset="16658" SrcFileId="7" StartOffset="16612"/>
</LocList>
<BasicStmnt CovItemId="S230" CovItemPrefix="csse376_puerto_rico.GameBoardGUI.java" Intrnl_Id="1174">
<LocList>
<Loc EndOffset="16604" SrcFileId="7" StartOffset="16570"/>
</LocList>
</BasicStmnt>
<CondStmnt CovItemId="S231" CovItemPrefix="csse376_puerto_rico.GameBoardGUI.java" Intrnl_Id="1175">
<Branch CovItemId="B81" CovItemPrefix="csse376_puerto_rico.GameBoardGUI.java" Implct="false" Intrnl_Id="1176">
<Cond/>
<LocList>
<Loc EndOffset="16658" SrcFileId="7" StartOffset="16623"/>
</LocList>
<StmntSeq Intrnl_Id="1177">
<LocList>
<Loc EndOffset="16649" SrcFileId="7" StartOffset="16633"/>
</LocList>
<BasicStmnt CovItemId="S232" CovItemPrefix="csse376_puerto_rico.GameBoardGUI.java" Intrnl_Id="1178">
<LocList>
<Loc EndOffset="16649" SrcFileId="7" StartOffset="16633"/>
</LocList>
</BasicStmnt>
</StmntSeq>
</Branch>
<Branch CovItemId="B82" CovItemPrefix="csse376_puerto_rico.GameBoardGUI.java" Implct="true" Intrnl_Id="1179">
<Cond/>
<LocList/>
<StmntSeq Intrnl_Id="1180">
<LocList/>
</StmntSeq>
</Branch>
<Keyword EndOffset="16614" SrcFileId="7" StartOffset="16612"/>
<LocList>
<Loc EndOffset="16658" SrcFileId="7" StartOffset="16612"/>
</LocList>
<RootTerm CovItemId="C53" CovItemPrefix="csse376_puerto_rico.GameBoardGUI.java" Intrnl_Id="1181">
<BasicBoolTerm Intrnl_Id="1182">
<LocList>
<Loc EndOffset="16621" SrcFileId="7" StartOffset="16616"/>
</LocList>
</BasicBoolTerm>
</RootTerm>
</CondStmnt>
</StmntSeq>
<Keyword EndOffset="16526" SrcFileId="7" StartOffset="16523"/>
<LocList>
<Loc EndOffset="16666" SrcFileId="7" StartOffset="16523"/>
</LocList>
</LoopStmnt>
<BasicStmnt CovItemId="S233" CovItemPrefix="csse376_puerto_rico.GameBoardGUI.java" Intrnl_Id="1183">
<LocList>
<Loc EndOffset="16698" SrcFileId="7" StartOffset="16673"/>
</LocList>
</BasicStmnt>
<BasicStmnt CovItemId="S234" CovItemPrefix="csse376_puerto_rico.GameBoardGUI.java" Intrnl_Id="1184">
<LocList>
<Loc EndOffset="16745" SrcFileId="7" StartOffset="16707"/>
</LocList>
</BasicStmnt>
<LoopStmnt CovItemId="S235" CovItemPrefix="csse376_puerto_rico.GameBoardGUI.java" Intrnl_Id="1185" MltplExecId="L16-2" MltplExecPrefix="csse376_puerto_rico.GameBoardGUI.java" NvrExecId="L16-0" NvrExecPrefix="csse376_puerto_rico.GameBoardGUI.java" OnceExecutedId="L16-1" OnceExecutedPrefix="csse376_puerto_rico.GameBoardGUI.java" OptBodyExec="true">
<StmntSeq Intrnl_Id="1186">
<LocList>
<Loc EndOffset="17037" SrcFileId="7" StartOffset="16779"/>
<Loc EndOffset="17084" SrcFileId="7" StartOffset="17047"/>
<Loc EndOffset="17111" SrcFileId="7" StartOffset="17092"/>
<Loc EndOffset="17138" SrcFileId="7" StartOffset="17119"/>
<Loc EndOffset="17165" SrcFileId="7" StartOffset="17146"/>
<Loc EndOffset="17212" SrcFileId="7" StartOffset="17175"/>
<Loc EndOffset="17511" SrcFileId="7" StartOffset="17220"/>
<Loc EndOffset="17562" SrcFileId="7" StartOffset="17519"/>
<Loc EndOffset="17621" SrcFileId="7" StartOffset="17570"/>
<Loc EndOffset="17738" SrcFileId="7" StartOffset="17631"/>
<Loc EndOffset="18278" SrcFileId="7" StartOffset="17746"/>
</LocList>
<BasicStmnt CovItemId="S236" CovItemPrefix="csse376_puerto_rico.GameBoardGUI.java" Intrnl_Id="1187">
<LocList>
<Loc EndOffset="17037" SrcFileId="7" StartOffset="16779"/>
</LocList>
</BasicStmnt>
<BasicStmnt CovItemId="S237" CovItemPrefix="csse376_puerto_rico.GameBoardGUI.java" Intrnl_Id="1188">
<LocList>
<Loc EndOffset="17084" SrcFileId="7" StartOffset="17047"/>
</LocList>
</BasicStmnt>
<BasicStmnt CovItemId="S238" CovItemPrefix="csse376_puerto_rico.GameBoardGUI.java" Intrnl_Id="1189">
<LocList>
<Loc EndOffset="17111" SrcFileId="7" StartOffset="17092"/>
</LocList>
</BasicStmnt>
<BasicStmnt CovItemId="S239" CovItemPrefix="csse376_puerto_rico.GameBoardGUI.java" Intrnl_Id="1190">
<LocList>
<Loc EndOffset="17138" SrcFileId="7" StartOffset="17119"/>
</LocList>
</BasicStmnt>
<BasicStmnt CovItemId="S240" CovItemPrefix="csse376_puerto_rico.GameBoardGUI.java" Intrnl_Id="1191">
<LocList>
<Loc EndOffset="17165" SrcFileId="7" StartOffset="17146"/>
</LocList>
</BasicStmnt>
<BasicStmnt CovItemId="S241" CovItemPrefix="csse376_puerto_rico.GameBoardGUI.java" Intrnl_Id="1192">
<LocList>
<Loc EndOffset="17212" SrcFileId="7" StartOffset="17175"/>
</LocList>
</BasicStmnt>
<BasicStmnt CovItemId="S242" CovItemPrefix="csse376_puerto_rico.GameBoardGUI.java" Intrnl_Id="1193">
<LocList>
<Loc EndOffset="17511" SrcFileId="7" StartOffset="17220"/>
</LocList>
</BasicStmnt>
<BasicStmnt CovItemId="S243" CovItemPrefix="csse376_puerto_rico.GameBoardGUI.java" Intrnl_Id="1194">
<LocList>
<Loc EndOffset="17562" SrcFileId="7" StartOffset="17519"/>
</LocList>
</BasicStmnt>
<BasicStmnt CovItemId="S244" CovItemPrefix="csse376_puerto_rico.GameBoardGUI.java" Intrnl_Id="1195">
<LocList>
<Loc EndOffset="17621" SrcFileId="7" StartOffset="17570"/>
</LocList>
</BasicStmnt>
<BasicStmnt CovItemId="S245" CovItemPrefix="csse376_puerto_rico.GameBoardGUI.java" Intrnl_Id="1196">
<LocList>
<Loc EndOffset="17738" SrcFileId="7" StartOffset="17631"/>
</LocList>
</BasicStmnt>
<CondStmnt CovItemId="S246" CovItemPrefix="csse376_puerto_rico.GameBoardGUI.java" Intrnl_Id="1197">
<Branch CovItemId="B83" CovItemPrefix="csse376_puerto_rico.GameBoardGUI.java" Implct="false" Intrnl_Id="1198">
<Cond/>
<LocList>
<Loc EndOffset="18178" SrcFileId="7" StartOffset="17767"/>
</LocList>
<StmntSeq Intrnl_Id="1199">
<LocList>
<Loc EndOffset="17814" SrcFileId="7" StartOffset="17777"/>
<Loc EndOffset="17873" SrcFileId="7" StartOffset="17823"/>
<Loc EndOffset="17921" SrcFileId="7" StartOffset="17882"/>
<Loc EndOffset="18015" SrcFileId="7" StartOffset="17930"/>
<Loc EndOffset="18144" SrcFileId="7" StartOffset="18024"/>
<Loc EndOffset="18169" SrcFileId="7" StartOffset="18153"/>
</LocList>
<BasicStmnt CovItemId="S247" CovItemPrefix="csse376_puerto_rico.GameBoardGUI.java" Intrnl_Id="1200">
<LocList>
<Loc EndOffset="17814" SrcFileId="7" StartOffset="17777"/>
</LocList>
</BasicStmnt>
<BasicStmnt CovItemId="S248" CovItemPrefix="csse376_puerto_rico.GameBoardGUI.java" Intrnl_Id="1201">
<LocList>
<Loc EndOffset="17873" SrcFileId="7" StartOffset="17823"/>
</LocList>
</BasicStmnt>
<BasicStmnt CovItemId="S249" CovItemPrefix="csse376_puerto_rico.GameBoardGUI.java" Intrnl_Id="1202">
<LocList>
<Loc EndOffset="17921" SrcFileId="7" StartOffset="17882"/>
</LocList>
</BasicStmnt>
<BasicStmnt CovItemId="S250" CovItemPrefix="csse376_puerto_rico.GameBoardGUI.java" Intrnl_Id="1203">
<LocList>
<Loc EndOffset="18015" SrcFileId="7" StartOffset="17930"/>
</LocList>
</BasicStmnt>
<CondStmnt CovItemId="S251" CovItemPrefix="csse376_puerto_rico.GameBoardGUI.java" Intrnl_Id="1204">
<Branch CovItemId="B85" CovItemPrefix="csse376_puerto_rico.GameBoardGUI.java" Implct="false" Intrnl_Id="1205">
<Cond/>
<LocList>
<Loc EndOffset="18144" SrcFileId="7" StartOffset="18067"/>
</LocList>
<StmntSeq Intrnl_Id="1206">
<LocList>
<Loc EndOffset="18098" SrcFileId="7" StartOffset="18078"/>
<Loc EndOffset="18134" SrcFileId="7" StartOffset="18108"/>
</LocList>
<BasicStmnt CovItemId="S252" CovItemPrefix="csse376_puerto_rico.GameBoardGUI.java" Intrnl_Id="1207">
<LocList>
<Loc EndOffset="18098" SrcFileId="7" StartOffset="18078"/>
</LocList>
</BasicStmnt>
<BasicStmnt CovItemId="S253" CovItemPrefix="csse376_puerto_rico.GameBoardGUI.java" Intrnl_Id="1208">
<LocList>
<Loc EndOffset="18134" SrcFileId="7" StartOffset="18108"/>
</LocList>
</BasicStmnt>
</StmntSeq>
</Branch>
<Branch CovItemId="B86" CovItemPrefix="csse376_puerto_rico.GameBoardGUI.java" Implct="true" Intrnl_Id="1209">
<Cond/>
<LocList/>
<StmntSeq Intrnl_Id="1210">
<LocList/>
</StmntSeq>
</Branch>
<Keyword EndOffset="18026" SrcFileId="7" StartOffset="18024"/>
<LocList>
<Loc EndOffset="18144" SrcFileId="7" StartOffset="18024"/>
</LocList>
<RootTerm CovItemId="C56" CovItemPrefix="csse376_puerto_rico.GameBoardGUI.java" Intrnl_Id="1211">
<BasicBoolTerm Intrnl_Id="1212">
<LocList>
<Loc EndOffset="18065" SrcFileId="7" StartOffset="18028"/>
</LocList>
</BasicBoolTerm>
</RootTerm>
</CondStmnt>
<BasicStmnt CovItemId="S254" CovItemPrefix="csse376_puerto_rico.GameBoardGUI.java" Intrnl_Id="1213">
<LocList>
<Loc EndOffset="18169" SrcFileId="7" StartOffset="18153"/>
</LocList>
</BasicStmnt>
</StmntSeq>
</Branch>
<Branch CovItemId="B84" CovItemPrefix="csse376_puerto_rico.GameBoardGUI.java" Implct="false" Intrnl_Id="1214">
<Cond>
<Loc EndOffset="18183" SrcFileId="7" StartOffset="18179"/>
</Cond>
<LocList>
<Loc EndOffset="18278" SrcFileId="7" StartOffset="18184"/>
</LocList>
<StmntSeq Intrnl_Id="1215">
<LocList>
<Loc EndOffset="18269" SrcFileId="7" StartOffset="18194"/>
</LocList>
<BasicStmnt CovItemId="S255" CovItemPrefix="csse376_puerto_rico.GameBoardGUI.java" Intrnl_Id="1216">
<LocList>
<Loc EndOffset="18269" SrcFileId="7" StartOffset="18194"/>
</LocList>
</BasicStmnt>
</StmntSeq>
</Branch>
<Keyword EndOffset="17748" SrcFileId="7" StartOffset="17746"/>
<LocList>
<Loc EndOffset="18278" SrcFileId="7" StartOffset="17746"/>
</LocList>
<RootTerm CovItemId="C55" CovItemPrefix="csse376_puerto_rico.GameBoardGUI.java" Intrnl_Id="1217">
<BasicBoolTerm Intrnl_Id="1218">
<LocList>
<Loc EndOffset="17765" SrcFileId="7" StartOffset="17750"/>
</LocList>
</BasicBoolTerm>
</RootTerm>
</CondStmnt>
</StmntSeq>
<Keyword EndOffset="16757" SrcFileId="7" StartOffset="16752"/>
<LocList>
<Loc EndOffset="18286" SrcFileId="7" StartOffset="16752"/>
</LocList>
<RootTerm CovItemId="C54" CovItemPrefix="csse376_puerto_rico.GameBoardGUI.java" Intrnl_Id="1219">
<OpTerm BooleanOpId="10" Intrnl_Id="1220">
<BasicBoolTerm Intrnl_Id="1221">
<LocList>
<Loc EndOffset="16768" SrcFileId="7" StartOffset="16760"/>
</LocList>
</BasicBoolTerm>
<LocList>
<Loc EndOffset="16760" SrcFileId="7" StartOffset="16759"/>
</LocList>
</OpTerm>
</RootTerm>
</LoopStmnt>
</StmntSeq>
</Branch>
<Branch CovItemId="B80" CovItemPrefix="csse376_puerto_rico.GameBoardGUI.java" Implct="true" Intrnl_Id="1222">
<Cond/>
<LocList/>
<StmntSeq Intrnl_Id="1223">
<LocList/>
</StmntSeq>
</Branch>
<Keyword EndOffset="16418" SrcFileId="7" StartOffset="16416"/>
<LocList>
<Loc EndOffset="18293" SrcFileId="7" StartOffset="16416"/>
</LocList>
<RootTerm CovItemId="C52" CovItemPrefix="csse376_puerto_rico.GameBoardGUI.java" Intrnl_Id="1224">
<BasicBoolTerm Intrnl_Id="1225">
<LocList>
<Loc EndOffset="16453" SrcFileId="7" StartOffset="16420"/>
</LocList>
</BasicBoolTerm>
</RootTerm>
</CondStmnt>
<BasicStmnt CovItemId="S256" CovItemPrefix="csse376_puerto_rico.GameBoardGUI.java" Intrnl_Id="1226">
<LocList>
<Loc EndOffset="18326" SrcFileId="7" StartOffset="18301"/>
</LocList>
</BasicStmnt>
<BasicStmnt CovItemId="S257" CovItemPrefix="csse376_puerto_rico.GameBoardGUI.java" Intrnl_Id="1227">
<LocList>
<Loc EndOffset="18360" SrcFileId="7" StartOffset="18334"/>
</LocList>
</BasicStmnt>
<BasicStmnt CovItemId="S258" CovItemPrefix="csse376_puerto_rico.GameBoardGUI.java" Intrnl_Id="1228">
<LocList>
<Loc EndOffset="18407" SrcFileId="7" StartOffset="18366"/>
</LocList>
</BasicStmnt>
</StmntSeq>
<Keyword EndOffset="16342" SrcFileId="7" StartOffset="16337"/>
<LocList>
<Loc EndOffset="18415" SrcFileId="7" StartOffset="16337"/>
</LocList>
<RootTerm CovItemId="C51" CovItemPrefix="csse376_puerto_rico.GameBoardGUI.java" Intrnl_Id="1229">
<BasicBoolTerm Intrnl_Id="1230">
<LocList>
<Loc EndOffset="16371" SrcFileId="7" StartOffset="16344"/>
</LocList>
</BasicBoolTerm>
</RootTerm>
</LoopStmnt>
<CondStmnt CovItemId="S259" CovItemPrefix="csse376_puerto_rico.GameBoardGUI.java" Intrnl_Id="1231">
<Branch CovItemId="B87" CovItemPrefix="csse376_puerto_rico.GameBoardGUI.java" Implct="false" Intrnl_Id="1232">
<Cond/>
<LocList>
<Loc EndOffset="18499" SrcFileId="7" StartOffset="18454"/>
</LocList>
<StmntSeq Intrnl_Id="1233">
<LocList>
<Loc EndOffset="18493" SrcFileId="7" StartOffset="18461"/>
</LocList>
<BasicStmnt CovItemId="S260" CovItemPrefix="csse376_puerto_rico.GameBoardGUI.java" Intrnl_Id="1234">
<LocList>
<Loc EndOffset="18493" SrcFileId="7" StartOffset="18461"/>
</LocList>
</BasicStmnt>
</StmntSeq>
</Branch>
<Branch CovItemId="B88" CovItemPrefix="csse376_puerto_rico.GameBoardGUI.java" Implct="true" Intrnl_Id="1235">
<Cond/>
<LocList/>
<StmntSeq Intrnl_Id="1236">
<LocList/>
</StmntSeq>
</Branch>
<Keyword EndOffset="18422" SrcFileId="7" StartOffset="18420"/>
<LocList>
<Loc EndOffset="18499" SrcFileId="7" StartOffset="18420"/>
</LocList>
<RootTerm CovItemId="C57" CovItemPrefix="csse376_puerto_rico.GameBoardGUI.java" Intrnl_Id="1237">
<BasicBoolTerm Intrnl_Id="1238">
<LocList>
<Loc EndOffset="18452" SrcFileId="7" StartOffset="18424"/>
</LocList>
</BasicBoolTerm>
</RootTerm>
</CondStmnt>
<LoopStmnt CovItemId="S261" CovItemPrefix="csse376_puerto_rico.GameBoardGUI.java" Intrnl_Id="1239" MltplExecId="L17-2" MltplExecPrefix="csse376_puerto_rico.GameBoardGUI.java" NvrExecId="L17-0" NvrExecPrefix="csse376_puerto_rico.GameBoardGUI.java" OnceExecutedId="L17-1" OnceExecutedPrefix="csse376_puerto_rico.GameBoardGUI.java" OptBodyExec="true">
<StmntSeq Intrnl_Id="1240">
<LocList>
<Loc EndOffset="18605" SrcFileId="7" StartOffset="18575"/>
<Loc EndOffset="18666" SrcFileId="7" StartOffset="18613"/>
<Loc EndOffset="18810" SrcFileId="7" StartOffset="18672"/>
<Loc EndOffset="18840" SrcFileId="7" StartOffset="18816"/>
<Loc EndOffset="18884" SrcFileId="7" StartOffset="18846"/>
<Loc EndOffset="18946" SrcFileId="7" StartOffset="18892"/>
<Loc EndOffset="19194" SrcFileId="7" StartOffset="18952"/>
<Loc EndOffset="19363" SrcFileId="7" StartOffset="19202"/>
<Loc EndOffset="21185" SrcFileId="7" StartOffset="19371"/>
<Loc EndOffset="22084" SrcFileId="7" StartOffset="21191"/>
<Loc EndOffset="22155" SrcFileId="7" StartOffset="22092"/>
<Loc EndOffset="22188" SrcFileId="7" StartOffset="22163"/>
<Loc EndOffset="22220" SrcFileId="7" StartOffset="22194"/>
<Loc EndOffset="22267" SrcFileId="7" StartOffset="22226"/>
</LocList>
<BasicStmnt CovItemId="S262" CovItemPrefix="csse376_puerto_rico.GameBoardGUI.java" Intrnl_Id="1241">
<LocList>
<Loc EndOffset="18605" SrcFileId="7" StartOffset="18575"/>
</LocList>
</BasicStmnt>
<BasicStmnt CovItemId="S263" CovItemPrefix="csse376_puerto_rico.GameBoardGUI.java" Intrnl_Id="1242">
<LocList>
<Loc EndOffset="18666" SrcFileId="7" StartOffset="18613"/>
</LocList>
</BasicStmnt>
<LoopStmnt CovItemId="S264" CovItemPrefix="csse376_puerto_rico.GameBoardGUI.java" Intrnl_Id="1243" MltplExecId="L18-2" MltplExecPrefix="csse376_puerto_rico.GameBoardGUI.java" NvrExecId="L18-0" NvrExecPrefix="csse376_puerto_rico.GameBoardGUI.java" OnceExecutedId="L18-1" OnceExecutedPrefix="csse376_puerto_rico.GameBoardGUI.java" OptBodyExec="true">
<StmntSeq Intrnl_Id="1244">
<LocList>
<Loc EndOffset="18752" SrcFileId="7" StartOffset="18718"/>
<Loc EndOffset="18803" SrcFileId="7" StartOffset="18759"/>
</LocList>
<BasicStmnt CovItemId="S265" CovItemPrefix="csse376_puerto_rico.GameBoardGUI.java" Intrnl_Id="1245">
<LocList>
<Loc EndOffset="18752" SrcFileId="7" StartOffset="18718"/>
</LocList>
</BasicStmnt>
<CondStmnt CovItemId="S266" CovItemPrefix="csse376_puerto_rico.GameBoardGUI.java" Intrnl_Id="1246">
<Branch CovItemId="B89" CovItemPrefix="csse376_puerto_rico.GameBoardGUI.java" Implct="false" Intrnl_Id="1247">
<Cond/>
<LocList>
<Loc EndOffset="18803" SrcFileId="7" StartOffset="18770"/>
</LocList>
<StmntSeq Intrnl_Id="1248">
<LocList>
<Loc EndOffset="18795" SrcFileId="7" StartOffset="18779"/>
</LocList>
<BasicStmnt CovItemId="S267" CovItemPrefix="csse376_puerto_rico.GameBoardGUI.java" Intrnl_Id="1249">
<LocList>
<Loc EndOffset="18795" SrcFileId="7" StartOffset="18779"/>
</LocList>
</BasicStmnt>
</StmntSeq>
</Branch>
<Branch CovItemId="B90" CovItemPrefix="csse376_puerto_rico.GameBoardGUI.java" Implct="true" Intrnl_Id="1250">
<Cond/>
<LocList/>
<StmntSeq Intrnl_Id="1251">
<LocList/>
</StmntSeq>
</Branch>
<Keyword EndOffset="18761" SrcFileId="7" StartOffset="18759"/>
<LocList>
<Loc EndOffset="18803" SrcFileId="7" StartOffset="18759"/>
</LocList>
<RootTerm CovItemId="C59" CovItemPrefix="csse376_puerto_rico.GameBoardGUI.java" Intrnl_Id="1252">
<BasicBoolTerm Intrnl_Id="1253">
<LocList>
<Loc EndOffset="18768" SrcFileId="7" StartOffset="18763"/>
</LocList>
</BasicBoolTerm>
</RootTerm>
</CondStmnt>
</StmntSeq>
<Keyword EndOffset="18675" SrcFileId="7" StartOffset="18672"/>
<LocList>
<Loc EndOffset="18810" SrcFileId="7" StartOffset="18672"/>
</LocList>
</LoopStmnt>
<BasicStmnt CovItemId="S268" CovItemPrefix="csse376_puerto_rico.GameBoardGUI.java" Intrnl_Id="1254">
<LocList>
<Loc EndOffset="18840" SrcFileId="7" StartOffset="18816"/>
</LocList>
</BasicStmnt>
<BasicStmnt CovItemId="S269" CovItemPrefix="csse376_puerto_rico.GameBoardGUI.java" Intrnl_Id="1255">
<LocList>
<Loc EndOffset="18884" SrcFileId="7" StartOffset="18846"/>
</LocList>
</BasicStmnt>
<BasicStmnt CovItemId="S270" CovItemPrefix="csse376_puerto_rico.GameBoardGUI.java" Intrnl_Id="1256">
<LocList>
<Loc EndOffset="18946" SrcFileId="7" StartOffset="18892"/>
</LocList>
</BasicStmnt>
<BasicStmnt CovItemId="S271" CovItemPrefix="csse376_puerto_rico.GameBoardGUI.java" Intrnl_Id="1257">
<LocList>
<Loc EndOffset="19194" SrcFileId="7" StartOffset="18952"/>
</LocList>
</BasicStmnt>
<CondStmnt CovItemId="S272" CovItemPrefix="csse376_puerto_rico.GameBoardGUI.java" Intrnl_Id="1258">
<Branch CovItemId="B91" CovItemPrefix="csse376_puerto_rico.GameBoardGUI.java" Implct="false" Intrnl_Id="1259">
<Cond/>
<LocList>
<Loc EndOffset="19363" SrcFileId="7" StartOffset="19234"/>
</LocList>
<StmntSeq Intrnl_Id="1260">
<LocList>
<Loc EndOffset="19285" SrcFileId="7" StartOffset="19242"/>
<Loc EndOffset="19318" SrcFileId="7" StartOffset="19292"/>
<Loc EndOffset="19356" SrcFileId="7" StartOffset="19325"/>
</LocList>
<BasicStmnt CovItemId="S273" CovItemPrefix="csse376_puerto_rico.GameBoardGUI.java" Intrnl_Id="1261">
<LocList>
<Loc EndOffset="19285" SrcFileId="7" StartOffset="19242"/>
</LocList>
</BasicStmnt>
<BasicStmnt CovItemId="S274" CovItemPrefix="csse376_puerto_rico.GameBoardGUI.java" Intrnl_Id="1262">
<LocList>
<Loc EndOffset="19318" SrcFileId="7" StartOffset="19292"/>
</LocList>
</BasicStmnt>
<BasicStmnt CovItemId="S275" CovItemPrefix="csse376_puerto_rico.GameBoardGUI.java" Intrnl_Id="1263">
<LocList>
<Loc EndOffset="19356" SrcFileId="7" StartOffset="19325"/>
</LocList>
</BasicStmnt>
</StmntSeq>
</Branch>
<Branch CovItemId="B92" CovItemPrefix="csse376_puerto_rico.GameBoardGUI.java" Implct="true" Intrnl_Id="1264">
<Cond/>
<LocList/>
<StmntSeq Intrnl_Id="1265">
<LocList/>
</StmntSeq>
</Branch>
<Keyword EndOffset="19204" SrcFileId="7" StartOffset="19202"/>
<LocList>
<Loc EndOffset="19363" SrcFileId="7" StartOffset="19202"/>
</LocList>
<RootTerm CovItemId="C60" CovItemPrefix="csse376_puerto_rico.GameBoardGUI.java" Intrnl_Id="1266">
<BasicBoolTerm Intrnl_Id="1267">
<LocList>
<Loc EndOffset="19232" SrcFileId="7" StartOffset="19206"/>
</LocList>
</BasicBoolTerm>
</RootTerm>
</CondStmnt>
<CondStmnt CovItemId="S276" CovItemPrefix="csse376_puerto_rico.GameBoardGUI.java" Intrnl_Id="1268">
<Branch CovItemId="B93" CovItemPrefix="csse376_puerto_rico.GameBoardGUI.java" Implct="false" Intrnl_Id="1269">
<Cond/>
<LocList>
<Loc EndOffset="21185" SrcFileId="7" StartOffset="19423"/>
</LocList>
<StmntSeq Intrnl_Id="1270">
<LocList>
<Loc EndOffset="19466" SrcFileId="7" StartOffset="19431"/>
<Loc EndOffset="19616" SrcFileId="7" StartOffset="19473"/>
<Loc EndOffset="19647" SrcFileId="7" StartOffset="19623"/>
<Loc EndOffset="19683" SrcFileId="7" StartOffset="19654"/>
<Loc EndOffset="19950" SrcFileId="7" StartOffset="19690"/>
<Loc EndOffset="20298" SrcFileId="7" StartOffset="19957"/>
<Loc EndOffset="20340" SrcFileId="7" StartOffset="20305"/>
<Loc EndOffset="20490" SrcFileId="7" StartOffset="20347"/>
<Loc EndOffset="20521" SrcFileId="7" StartOffset="20497"/>
<Loc EndOffset="20557" SrcFileId="7" StartOffset="20528"/>
<Loc EndOffset="20825" SrcFileId="7" StartOffset="20564"/>
<Loc EndOffset="21178" SrcFileId="7" StartOffset="20834"/>
</LocList>
<BasicStmnt CovItemId="S277" CovItemPrefix="csse376_puerto_rico.GameBoardGUI.java" Intrnl_Id="1271">
<LocList>
<Loc EndOffset="19466" SrcFileId="7" StartOffset="19431"/>
</LocList>
</BasicStmnt>
<LoopStmnt CovItemId="S278" CovItemPrefix="csse376_puerto_rico.GameBoardGUI.java" Intrnl_Id="1272" MltplExecId="L19-2" MltplExecPrefix="csse376_puerto_rico.GameBoardGUI.java" NvrExecId="L19-0" NvrExecPrefix="csse376_puerto_rico.GameBoardGUI.java" OnceExecutedId="L19-1" OnceExecutedPrefix="csse376_puerto_rico.GameBoardGUI.java" OptBodyExec="true">
<StmntSeq Intrnl_Id="1273">
<LocList>
<Loc EndOffset="19554" SrcFileId="7" StartOffset="19520"/>
<Loc EndOffset="19608" SrcFileId="7" StartOffset="19562"/>
</LocList>
<BasicStmnt CovItemId="S279" CovItemPrefix="csse376_puerto_rico.GameBoardGUI.java" Intrnl_Id="1274">
<LocList>
<Loc EndOffset="19554" SrcFileId="7" StartOffset="19520"/>
</LocList>
</BasicStmnt>
<CondStmnt CovItemId="S280" CovItemPrefix="csse376_puerto_rico.GameBoardGUI.java" Intrnl_Id="1275">
<Branch CovItemId="B95" CovItemPrefix="csse376_puerto_rico.GameBoardGUI.java" Implct="false" Intrnl_Id="1276">
<Cond/>
<LocList>
<Loc EndOffset="19608" SrcFileId="7" StartOffset="19573"/>
</LocList>
<StmntSeq Intrnl_Id="1277">
<LocList>
<Loc EndOffset="19599" SrcFileId="7" StartOffset="19583"/>
</LocList>
<BasicStmnt CovItemId="S281" CovItemPrefix="csse376_puerto_rico.GameBoardGUI.java" Intrnl_Id="1278">
<LocList>
<Loc EndOffset="19599" SrcFileId="7" StartOffset="19583"/>
</LocList>
</BasicStmnt>
</StmntSeq>
</Branch>
<Branch CovItemId="B96" CovItemPrefix="csse376_puerto_rico.GameBoardGUI.java" Implct="true" Intrnl_Id="1279">
<Cond/>
<LocList/>
<StmntSeq Intrnl_Id="1280">
<LocList/>
</StmntSeq>
</Branch>
<Keyword EndOffset="19564" SrcFileId="7" StartOffset="19562"/>
<LocList>
<Loc EndOffset="19608" SrcFileId="7" StartOffset="19562"/>
</LocList>
<RootTerm CovItemId="C62" CovItemPrefix="csse376_puerto_rico.GameBoardGUI.java" Intrnl_Id="1281">
<BasicBoolTerm Intrnl_Id="1282">
<LocList>
<Loc EndOffset="19571" SrcFileId="7" StartOffset="19566"/>
</LocList>
</BasicBoolTerm>
</RootTerm>
</CondStmnt>
</StmntSeq>
<Keyword EndOffset="19476" SrcFileId="7" StartOffset="19473"/>
<LocList>
<Loc EndOffset="19616" SrcFileId="7" StartOffset="19473"/>
</LocList>
</LoopStmnt>
<BasicStmnt CovItemId="S282" CovItemPrefix="csse376_puerto_rico.GameBoardGUI.java" Intrnl_Id="1283">
<LocList>
<Loc EndOffset="19647" SrcFileId="7" StartOffset="19623"/>
</LocList>
</BasicStmnt>
<BasicStmnt CovItemId="S283" CovItemPrefix="csse376_puerto_rico.GameBoardGUI.java" Intrnl_Id="1284">
<LocList>
<Loc EndOffset="19683" SrcFileId="7" StartOffset="19654"/>
</LocList>
</BasicStmnt>
<BasicStmnt CovItemId="S284" CovItemPrefix="csse376_puerto_rico.GameBoardGUI.java" Intrnl_Id="1285">
<LocList>
<Loc EndOffset="19950" SrcFileId="7" StartOffset="19690"/>
</LocList>
</BasicStmnt>
<CondStmnt CovItemId="S285" CovItemPrefix="csse376_puerto_rico.GameBoardGUI.java" Intrnl_Id="1286">
<Branch CovItemId="B97" CovItemPrefix="csse376_puerto_rico.GameBoardGUI.java" Implct="false" Intrnl_Id="1287">
<Cond/>
<LocList>
<Loc EndOffset="20298" SrcFileId="7" StartOffset="19994"/>
</LocList>
<StmntSeq Intrnl_Id="1288">
<LocList>
<Loc EndOffset="20051" SrcFileId="7" StartOffset="20003"/>
<Loc EndOffset="20085" SrcFileId="7" StartOffset="20059"/>
<Loc EndOffset="20124" SrcFileId="7" StartOffset="20093"/>
<Loc EndOffset="20223" SrcFileId="7" StartOffset="20132"/>
<Loc EndOffset="20290" SrcFileId="7" StartOffset="20231"/>
</LocList>
<BasicStmnt CovItemId="S286" CovItemPrefix="csse376_puerto_rico.GameBoardGUI.java" Intrnl_Id="1289">
<LocList>
<Loc EndOffset="20051" SrcFileId="7" StartOffset="20003"/>
</LocList>
</BasicStmnt>
<BasicStmnt CovItemId="S287" CovItemPrefix="csse376_puerto_rico.GameBoardGUI.java" Intrnl_Id="1290">
<LocList>
<Loc EndOffset="20085" SrcFileId="7" StartOffset="20059"/>
</LocList>
</BasicStmnt>
<BasicStmnt CovItemId="S288" CovItemPrefix="csse376_puerto_rico.GameBoardGUI.java" Intrnl_Id="1291">
<LocList>
<Loc EndOffset="20124" SrcFileId="7" StartOffset="20093"/>
</LocList>
</BasicStmnt>
<BasicStmnt CovItemId="S289" CovItemPrefix="csse376_puerto_rico.GameBoardGUI.java" Intrnl_Id="1292">
<LocList>
<Loc EndOffset="20223" SrcFileId="7" StartOffset="20132"/>
</LocList>
</BasicStmnt>
<BasicStmnt CovItemId="S290" CovItemPrefix="csse376_puerto_rico.GameBoardGUI.java" Intrnl_Id="1293">
<LocList>
<Loc EndOffset="20290" SrcFileId="7" StartOffset="20231"/>
</LocList>
</BasicStmnt>
</StmntSeq>
</Branch>
<Branch CovItemId="B98" CovItemPrefix="csse376_puerto_rico.GameBoardGUI.java" Implct="true" Intrnl_Id="1294">
<Cond/>
<LocList/>
<StmntSeq Intrnl_Id="1295">
<LocList/>
</StmntSeq>
</Branch>
<Keyword EndOffset="19959" SrcFileId="7" StartOffset="19957"/>
<LocList>
<Loc EndOffset="20298" SrcFileId="7" StartOffset="19957"/>
</LocList>
<RootTerm CovItemId="C63" CovItemPrefix="csse376_puerto_rico.GameBoardGUI.java" Intrnl_Id="1296">
<BasicBoolTerm Intrnl_Id="1297">
<LocList>
<Loc EndOffset="19992" SrcFileId="7" StartOffset="19961"/>
</LocList>
</BasicBoolTerm>
</RootTerm>
</CondStmnt>
<BasicStmnt CovItemId="S291" CovItemPrefix="csse376_puerto_rico.GameBoardGUI.java" Intrnl_Id="1298">
<LocList>
<Loc EndOffset="20340" SrcFileId="7" StartOffset="20305"/>
</LocList>
</BasicStmnt>
<LoopStmnt CovItemId="S292" CovItemPrefix="csse376_puerto_rico.GameBoardGUI.java" Intrnl_Id="1299" MltplExecId="L20-2" MltplExecPrefix="csse376_puerto_rico.GameBoardGUI.java" NvrExecId="L20-0" NvrExecPrefix="csse376_puerto_rico.GameBoardGUI.java" OnceExecutedId="L20-1" OnceExecutedPrefix="csse376_puerto_rico.GameBoardGUI.java" OptBodyExec="true">
<StmntSeq Intrnl_Id="1300">
<LocList>
<Loc EndOffset="20428" SrcFileId="7" StartOffset="20394"/>
<Loc EndOffset="20482" SrcFileId="7" StartOffset="20436"/>
</LocList>
<BasicStmnt CovItemId="S293" CovItemPrefix="csse376_puerto_rico.GameBoardGUI.java" Intrnl_Id="1301">
<LocList>
<Loc EndOffset="20428" SrcFileId="7" StartOffset="20394"/>
</LocList>
</BasicStmnt>
<CondStmnt CovItemId="S294" CovItemPrefix="csse376_puerto_rico.GameBoardGUI.java" Intrnl_Id="1302">
<Branch CovItemId="B99" CovItemPrefix="csse376_puerto_rico.GameBoardGUI.java" Implct="false" Intrnl_Id="1303">
<Cond/>
<LocList>
<Loc EndOffset="20482" SrcFileId="7" StartOffset="20447"/>
</LocList>
<StmntSeq Intrnl_Id="1304">
<LocList>
<Loc EndOffset="20473" SrcFileId="7" StartOffset="20457"/>
</LocList>
<BasicStmnt CovItemId="S295" CovItemPrefix="csse376_puerto_rico.GameBoardGUI.java" Intrnl_Id="1305">
<LocList>
<Loc EndOffset="20473" SrcFileId="7" StartOffset="20457"/>
</LocList>
</BasicStmnt>
</StmntSeq>
</Branch>
<Branch CovItemId="B100" CovItemPrefix="csse376_puerto_rico.GameBoardGUI.java" Implct="true" Intrnl_Id="1306">
<Cond/>
<LocList/>
<StmntSeq Intrnl_Id="1307">
<LocList/>
</StmntSeq>
</Branch>
<Keyword EndOffset="20438" SrcFileId="7" StartOffset="20436"/>
<LocList>
<Loc EndOffset="20482" SrcFileId="7" StartOffset="20436"/>
</LocList>
<RootTerm CovItemId="C64" CovItemPrefix="csse376_puerto_rico.GameBoardGUI.java" Intrnl_Id="1308">
<BasicBoolTerm Intrnl_Id="1309">
<LocList>
<Loc EndOffset="20445" SrcFileId="7" StartOffset="20440"/>
</LocList>
</BasicBoolTerm>
</RootTerm>
</CondStmnt>
</StmntSeq>
<Keyword EndOffset="20350" SrcFileId="7" StartOffset="20347"/>
<LocList>
<Loc EndOffset="20490" SrcFileId="7" StartOffset="20347"/>
</LocList>
</LoopStmnt>
<BasicStmnt CovItemId="S296" CovItemPrefix="csse376_puerto_rico.GameBoardGUI.java" Intrnl_Id="1310">
<LocList>
<Loc EndOffset="20521" SrcFileId="7" StartOffset="20497"/>
</LocList>
</BasicStmnt>
<BasicStmnt CovItemId="S297" CovItemPrefix="csse376_puerto_rico.GameBoardGUI.java" Intrnl_Id="1311">
<LocList>
<Loc EndOffset="20557" SrcFileId="7" StartOffset="20528"/>
</LocList>
</BasicStmnt>
<BasicStmnt CovItemId="S298" CovItemPrefix="csse376_puerto_rico.GameBoardGUI.java" Intrnl_Id="1312">
<LocList>
<Loc EndOffset="20825" SrcFileId="7" StartOffset="20564"/>
</LocList>
</BasicStmnt>
<CondStmnt CovItemId="S299" CovItemPrefix="csse376_puerto_rico.GameBoardGUI.java" Intrnl_Id="1313">
<Branch CovItemId="B101" CovItemPrefix="csse376_puerto_rico.GameBoardGUI.java" Implct="false" Intrnl_Id="1314">
<Cond/>
<LocList>
<Loc EndOffset="21178" SrcFileId="7" StartOffset="20872"/>
</LocList>
<StmntSeq Intrnl_Id="1315">
<LocList>
<Loc EndOffset="20930" SrcFileId="7" StartOffset="20881"/>
<Loc EndOffset="20964" SrcFileId="7" StartOffset="20938"/>
<Loc EndOffset="21003" SrcFileId="7" StartOffset="20972"/>
<Loc EndOffset="21103" SrcFileId="7" StartOffset="21011"/>
<Loc EndOffset="21170" SrcFileId="7" StartOffset="21111"/>
</LocList>
<BasicStmnt CovItemId="S300" CovItemPrefix="csse376_puerto_rico.GameBoardGUI.java" Intrnl_Id="1316">
<LocList>
<Loc EndOffset="20930" SrcFileId="7" StartOffset="20881"/>
</LocList>
</BasicStmnt>
<BasicStmnt CovItemId="S301" CovItemPrefix="csse376_puerto_rico.GameBoardGUI.java" Intrnl_Id="1317">
<LocList>
<Loc EndOffset="20964" SrcFileId="7" StartOffset="20938"/>
</LocList>
</BasicStmnt>
<BasicStmnt CovItemId="S302" CovItemPrefix="csse376_puerto_rico.GameBoardGUI.java" Intrnl_Id="1318">
<LocList>
<Loc EndOffset="21003" SrcFileId="7" StartOffset="20972"/>
</LocList>
</BasicStmnt>
<BasicStmnt CovItemId="S303" CovItemPrefix="csse376_puerto_rico.GameBoardGUI.java" Intrnl_Id="1319">
<LocList>
<Loc EndOffset="21103" SrcFileId="7" StartOffset="21011"/>
</LocList>
</BasicStmnt>
<BasicStmnt CovItemId="S304" CovItemPrefix="csse376_puerto_rico.GameBoardGUI.java" Intrnl_Id="1320">
<LocList>
<Loc EndOffset="21170" SrcFileId="7" StartOffset="21111"/>
</LocList>
</BasicStmnt>
</StmntSeq>
</Branch>
<Branch CovItemId="B102" CovItemPrefix="csse376_puerto_rico.GameBoardGUI.java" Implct="true" Intrnl_Id="1321">
<Cond/>
<LocList/>
<StmntSeq Intrnl_Id="1322">
<LocList/>
</StmntSeq>
</Branch>
<Keyword EndOffset="20836" SrcFileId="7" StartOffset="20834"/>
<LocList>
<Loc EndOffset="21178" SrcFileId="7" StartOffset="20834"/>
</LocList>
<RootTerm CovItemId="C65" CovItemPrefix="csse376_puerto_rico.GameBoardGUI.java" Intrnl_Id="1323">
<BasicBoolTerm Intrnl_Id="1324">
<LocList>
<Loc EndOffset="20870" SrcFileId="7" StartOffset="20838"/>
</LocList>
</BasicBoolTerm>
</RootTerm>
</CondStmnt>
</StmntSeq>
</Branch>
<Branch CovItemId="B94" CovItemPrefix="csse376_puerto_rico.GameBoardGUI.java" Implct="true" Intrnl_Id="1325">
<Cond/>
<LocList/>
<StmntSeq Intrnl_Id="1326">
<LocList/>
</StmntSeq>
</Branch>
<Keyword EndOffset="19373" SrcFileId="7" StartOffset="19371"/>
<LocList>
<Loc EndOffset="21185" SrcFileId="7" StartOffset="19371"/>
</LocList>
<RootTerm CovItemId="C61" CovItemPrefix="csse376_puerto_rico.GameBoardGUI.java" Intrnl_Id="1327">
<BasicBoolTerm Intrnl_Id="1328">
<LocList>
<Loc EndOffset="19421" SrcFileId="7" StartOffset="19375"/>
</LocList>
</BasicBoolTerm>
</RootTerm>
</CondStmnt>
<CondStmnt CovItemId="S305" CovItemPrefix="csse376_puerto_rico.GameBoardGUI.java" Intrnl_Id="1329">
<Branch CovItemId="B103" CovItemPrefix="csse376_puerto_rico.GameBoardGUI.java" Implct="false" Intrnl_Id="1330">
<Cond/>
<LocList>
<Loc EndOffset="22084" SrcFileId="7" StartOffset="21243"/>
</LocList>
<StmntSeq Intrnl_Id="1331">
<LocList>
<Loc EndOffset="21286" SrcFileId="7" StartOffset="21251"/>
<Loc EndOffset="21436" SrcFileId="7" StartOffset="21293"/>
<Loc EndOffset="21467" SrcFileId="7" StartOffset="21443"/>
<Loc EndOffset="21503" SrcFileId="7" StartOffset="21474"/>
<Loc EndOffset="21753" SrcFileId="7" StartOffset="21510"/>
<Loc EndOffset="22077" SrcFileId="7" StartOffset="21760"/>
</LocList>
<BasicStmnt CovItemId="S306" CovItemPrefix="csse376_puerto_rico.GameBoardGUI.java" Intrnl_Id="1332">
<LocList>
<Loc EndOffset="21286" SrcFileId="7" StartOffset="21251"/>
</LocList>
</BasicStmnt>
<LoopStmnt CovItemId="S307" CovItemPrefix="csse376_puerto_rico.GameBoardGUI.java" Intrnl_Id="1333" MltplExecId="L21-2" MltplExecPrefix="csse376_puerto_rico.GameBoardGUI.java" NvrExecId="L21-0" NvrExecPrefix="csse376_puerto_rico.GameBoardGUI.java" OnceExecutedId="L21-1" OnceExecutedPrefix="csse376_puerto_rico.GameBoardGUI.java" OptBodyExec="true">
<StmntSeq Intrnl_Id="1334">
<LocList>
<Loc EndOffset="21374" SrcFileId="7" StartOffset="21340"/>
<Loc EndOffset="21428" SrcFileId="7" StartOffset="21382"/>
</LocList>
<BasicStmnt CovItemId="S308" CovItemPrefix="csse376_puerto_rico.GameBoardGUI.java" Intrnl_Id="1335">
<LocList>
<Loc EndOffset="21374" SrcFileId="7" StartOffset="21340"/>
</LocList>
</BasicStmnt>
<CondStmnt CovItemId="S309" CovItemPrefix="csse376_puerto_rico.GameBoardGUI.java" Intrnl_Id="1336">
<Branch CovItemId="B105" CovItemPrefix="csse376_puerto_rico.GameBoardGUI.java" Implct="false" Intrnl_Id="1337">
<Cond/>
<LocList>
<Loc EndOffset="21428" SrcFileId="7" StartOffset="21393"/>
</LocList>
<StmntSeq Intrnl_Id="1338">
<LocList>
<Loc EndOffset="21419" SrcFileId="7" StartOffset="21403"/>
</LocList>
<BasicStmnt CovItemId="S310" CovItemPrefix="csse376_puerto_rico.GameBoardGUI.java" Intrnl_Id="1339">
<LocList>
<Loc EndOffset="21419" SrcFileId="7" StartOffset="21403"/>
</LocList>
</BasicStmnt>
</StmntSeq>
</Branch>
<Branch CovItemId="B106" CovItemPrefix="csse376_puerto_rico.GameBoardGUI.java" Implct="true" Intrnl_Id="1340">
<Cond/>
<LocList/>
<StmntSeq Intrnl_Id="1341">
<LocList/>
</StmntSeq>
</Branch>
<Keyword EndOffset="21384" SrcFileId="7" StartOffset="21382"/>
<LocList>
<Loc EndOffset="21428" SrcFileId="7" StartOffset="21382"/>
</LocList>
<RootTerm CovItemId="C67" CovItemPrefix="csse376_puerto_rico.GameBoardGUI.java" Intrnl_Id="1342">
<BasicBoolTerm Intrnl_Id="1343">
<LocList>
<Loc EndOffset="21391" SrcFileId="7" StartOffset="21386"/>
</LocList>
</BasicBoolTerm>
</RootTerm>
</CondStmnt>
</StmntSeq>
<Keyword EndOffset="21296" SrcFileId="7" StartOffset="21293"/>
<LocList>
<Loc EndOffset="21436" SrcFileId="7" StartOffset="21293"/>
</LocList>
</LoopStmnt>
<BasicStmnt CovItemId="S311" CovItemPrefix="csse376_puerto_rico.GameBoardGUI.java" Intrnl_Id="1344">
<LocList>
<Loc EndOffset="21467" SrcFileId="7" StartOffset="21443"/>
</LocList>
</BasicStmnt>
<BasicStmnt CovItemId="S312" CovItemPrefix="csse376_puerto_rico.GameBoardGUI.java" Intrnl_Id="1345">
<LocList>
<Loc EndOffset="21503" SrcFileId="7" StartOffset="21474"/>
</LocList>
</BasicStmnt>
<BasicStmnt CovItemId="S313" CovItemPrefix="csse376_puerto_rico.GameBoardGUI.java" Intrnl_Id="1346">
<LocList>
<Loc EndOffset="21753" SrcFileId="7" StartOffset="21510"/>
</LocList>
</BasicStmnt>
<CondStmnt CovItemId="S314" CovItemPrefix="csse376_puerto_rico.GameBoardGUI.java" Intrnl_Id="1347">
<Branch CovItemId="B107" CovItemPrefix="csse376_puerto_rico.GameBoardGUI.java" Implct="false" Intrnl_Id="1348">
<Cond/>
<LocList>
<Loc EndOffset="22077" SrcFileId="7" StartOffset="21789"/>
</LocList>
<StmntSeq Intrnl_Id="1349">
<LocList>
<Loc EndOffset="21838" SrcFileId="7" StartOffset="21798"/>
<Loc EndOffset="21872" SrcFileId="7" StartOffset="21846"/>
<Loc EndOffset="21911" SrcFileId="7" StartOffset="21880"/>
<Loc EndOffset="22002" SrcFileId="7" StartOffset="21919"/>
<Loc EndOffset="22069" SrcFileId="7" StartOffset="22010"/>
</LocList>
<BasicStmnt CovItemId="S315" CovItemPrefix="csse376_puerto_rico.GameBoardGUI.java" Intrnl_Id="1350">
<LocList>
<Loc EndOffset="21838" SrcFileId="7" StartOffset="21798"/>
</LocList>
</BasicStmnt>
<BasicStmnt CovItemId="S316" CovItemPrefix="csse376_puerto_rico.GameBoardGUI.java" Intrnl_Id="1351">
<LocList>
<Loc EndOffset="21872" SrcFileId="7" StartOffset="21846"/>
</LocList>
</BasicStmnt>
<BasicStmnt CovItemId="S317" CovItemPrefix="csse376_puerto_rico.GameBoardGUI.java" Intrnl_Id="1352">
<LocList>
<Loc EndOffset="21911" SrcFileId="7" StartOffset="21880"/>
</LocList>
</BasicStmnt>
<BasicStmnt CovItemId="S318" CovItemPrefix="csse376_puerto_rico.GameBoardGUI.java" Intrnl_Id="1353">
<LocList>
<Loc EndOffset="22002" SrcFileId="7" StartOffset="21919"/>
</LocList>
</BasicStmnt>
<BasicStmnt CovItemId="S319" CovItemPrefix="csse376_puerto_rico.GameBoardGUI.java" Intrnl_Id="1354">
<LocList>
<Loc EndOffset="22069" SrcFileId="7" StartOffset="22010"/>
</LocList>
</BasicStmnt>
</StmntSeq>
</Branch>
<Branch CovItemId="B108" CovItemPrefix="csse376_puerto_rico.GameBoardGUI.java" Implct="true" Intrnl_Id="1355">
<Cond/>
<LocList/>
<StmntSeq Intrnl_Id="1356">
<LocList/>
</StmntSeq>
</Branch>
<Keyword EndOffset="21762" SrcFileId="7" StartOffset="21760"/>
<LocList>
<Loc EndOffset="22077" SrcFileId="7" StartOffset="21760"/>
</LocList>
<RootTerm CovItemId="C68" CovItemPrefix="csse376_puerto_rico.GameBoardGUI.java" Intrnl_Id="1357">
<BasicBoolTerm Intrnl_Id="1358">
<LocList>
<Loc EndOffset="21787" SrcFileId="7" StartOffset="21764"/>
</LocList>
</BasicBoolTerm>
</RootTerm>
</CondStmnt>
</StmntSeq>
</Branch>
<Branch CovItemId="B104" CovItemPrefix="csse376_puerto_rico.GameBoardGUI.java" Implct="true" Intrnl_Id="1359">
<Cond/>
<LocList/>
<StmntSeq Intrnl_Id="1360">
<LocList/>
</StmntSeq>
</Branch>
<Keyword EndOffset="21193" SrcFileId="7" StartOffset="21191"/>
<LocList>
<Loc EndOffset="22084" SrcFileId="7" StartOffset="21191"/>
</LocList>
<RootTerm CovItemId="C66" CovItemPrefix="csse376_puerto_rico.GameBoardGUI.java" Intrnl_Id="1361">
<BasicBoolTerm Intrnl_Id="1362">
<LocList>
<Loc EndOffset="21241" SrcFileId="7" StartOffset="21195"/>
</LocList>
</BasicBoolTerm>
</RootTerm>
</CondStmnt>
<LoopStmnt CovItemId="S320" CovItemPrefix="csse376_puerto_rico.GameBoardGUI.java" Intrnl_Id="1363" MltplExecId="L22-2" MltplExecPrefix="csse376_puerto_rico.GameBoardGUI.java" NvrExecId="L22-0" NvrExecPrefix="csse376_puerto_rico.GameBoardGUI.java" OnceExecutedId="L22-1" OnceExecutedPrefix="csse376_puerto_rico.GameBoardGUI.java" OptBodyExec="true">
<StmntSeq Intrnl_Id="1364">
<LocList>
<Loc EndOffset="22148" SrcFileId="7" StartOffset="22127"/>
</LocList>
<BasicStmnt CovItemId="S321" CovItemPrefix="csse376_puerto_rico.GameBoardGUI.java" Intrnl_Id="1365">
<LocList>
<Loc EndOffset="22148" SrcFileId="7" StartOffset="22127"/>
</LocList>
</BasicStmnt>
</StmntSeq>
<Keyword EndOffset="22095" SrcFileId="7" StartOffset="22092"/>
<LocList>
<Loc EndOffset="22155" SrcFileId="7" StartOffset="22092"/>
</LocList>
</LoopStmnt>
<BasicStmnt CovItemId="S322" CovItemPrefix="csse376_puerto_rico.GameBoardGUI.java" Intrnl_Id="1366">
<LocList>
<Loc EndOffset="22188" SrcFileId="7" StartOffset="22163"/>
</LocList>
</BasicStmnt>
<BasicStmnt CovItemId="S323" CovItemPrefix="csse376_puerto_rico.GameBoardGUI.java" Intrnl_Id="1367">
<LocList>
<Loc EndOffset="22220" SrcFileId="7" StartOffset="22194"/>
</LocList>
</BasicStmnt>
<BasicStmnt CovItemId="S324" CovItemPrefix="csse376_puerto_rico.GameBoardGUI.java" Intrnl_Id="1368">
<LocList>
<Loc EndOffset="22267" SrcFileId="7" StartOffset="22226"/>
</LocList>
</BasicStmnt>
</StmntSeq>
<Keyword EndOffset="18530" SrcFileId="7" StartOffset="18527"/>
<LocList>
<Loc EndOffset="22273" SrcFileId="7" StartOffset="18527"/>
</LocList>
<RootTerm CovItemId="C58" CovItemPrefix="csse376_puerto_rico.GameBoardGUI.java" Intrnl_Id="1369">
<BasicBoolTerm Intrnl_Id="1370">
<LocList>
<Loc EndOffset="18561" SrcFileId="7" StartOffset="18543"/>
</LocList>
</BasicBoolTerm>
</RootTerm>
</LoopStmnt>
</StmntSeq>
</Branch>
<Branch CovItemId="B78" CovItemPrefix="csse376_puerto_rico.GameBoardGUI.java" Implct="false" Intrnl_Id="1371">
<Cond>
<Loc EndOffset="22285" SrcFileId="7" StartOffset="22281"/>
</Cond>
<LocList>
<Loc EndOffset="22404" SrcFileId="7" StartOffset="22286"/>
</LocList>
<StmntSeq Intrnl_Id="1372">
<LocList>
<Loc EndOffset="22404" SrcFileId="7" StartOffset="22286"/>
</LocList>
<CondStmnt CovItemId="S325" CovItemPrefix="csse376_puerto_rico.GameBoardGUI.java" Intrnl_Id="1373">
<Branch CovItemId="B109" CovItemPrefix="csse376_puerto_rico.GameBoardGUI.java" Implct="false" Intrnl_Id="1374">
<Cond/>
<LocList>
<Loc EndOffset="22404" SrcFileId="7" StartOffset="22327"/>
</LocList>
<StmntSeq Intrnl_Id="1375">
<LocList>
<Loc EndOffset="22399" SrcFileId="7" StartOffset="22352"/>
</LocList>
<BasicStmnt CovItemId="S326" CovItemPrefix="csse376_puerto_rico.GameBoardGUI.java" Intrnl_Id="1376">
<LocList>
<Loc EndOffset="22399" SrcFileId="7" StartOffset="22352"/>
</LocList>
</BasicStmnt>
</StmntSeq>
</Branch>
<Branch CovItemId="B110" CovItemPrefix="csse376_puerto_rico.GameBoardGUI.java" Implct="true" Intrnl_Id="1377">
<Cond/>
<LocList/>
<StmntSeq Intrnl_Id="1378">
<LocList/>
</StmntSeq>
</Branch>
<Keyword EndOffset="22288" SrcFileId="7" StartOffset="22286"/>
<LocList>
<Loc EndOffset="22404" SrcFileId="7" StartOffset="22286"/>
</LocList>
<RootTerm CovItemId="C69" CovItemPrefix="csse376_puerto_rico.GameBoardGUI.java" Intrnl_Id="1379">
<BasicBoolTerm Intrnl_Id="1380">
<LocList>
<Loc EndOffset="22325" SrcFileId="7" StartOffset="22290"/>
</LocList>
</BasicBoolTerm>
</RootTerm>
</CondStmnt>
</StmntSeq>
</Branch>
<Keyword EndOffset="16293" SrcFileId="7" StartOffset="16291"/>
<LocList>
<Loc EndOffset="22404" SrcFileId="7" StartOffset="16291"/>
</LocList>
<RootTerm CovItemId="C50" CovItemPrefix="csse376_puerto_rico.GameBoardGUI.java" Intrnl_Id="1381">
<BasicBoolTerm Intrnl_Id="1382">
<LocList>
<Loc EndOffset="16327" SrcFileId="7" StartOffset="16295"/>
</LocList>
</BasicBoolTerm>
</RootTerm>
</CondStmnt>
</StmntSeq>
</Branch>
<Keyword EndOffset="14280" SrcFileId="7" StartOffset="14278"/>
<LocList>
<Loc EndOffset="22404" SrcFileId="7" StartOffset="14278"/>
</LocList>
<RootTerm CovItemId="C38" CovItemPrefix="csse376_puerto_rico.GameBoardGUI.java" Intrnl_Id="1383">
<BasicBoolTerm Intrnl_Id="1384">
<LocList>
<Loc EndOffset="14313" SrcFileId="7" StartOffset="14282"/>
</LocList>
</BasicBoolTerm>
</RootTerm>
</CondStmnt>
</StmntSeq>
</Branch>
<Keyword EndOffset="13471" SrcFileId="7" StartOffset="13469"/>
<LocList>
<Loc EndOffset="22404" SrcFileId="7" StartOffset="13469"/>
</LocList>
<RootTerm CovItemId="C31" CovItemPrefix="csse376_puerto_rico.GameBoardGUI.java" Intrnl_Id="1385">
<BasicBoolTerm Intrnl_Id="1386">
<LocList>
<Loc EndOffset="13507" SrcFileId="7" StartOffset="13473"/>
</LocList>
</BasicBoolTerm>
</RootTerm>
</CondStmnt>
</StmntSeq>
</Branch>
<Keyword EndOffset="11500" SrcFileId="7" StartOffset="11498"/>
<LocList>
<Loc EndOffset="22404" SrcFileId="7" StartOffset="11498"/>
</LocList>
<RootTerm CovItemId="C24" CovItemPrefix="csse376_puerto_rico.GameBoardGUI.java" Intrnl_Id="1387">
<BasicBoolTerm Intrnl_Id="1388">
<LocList>
<Loc EndOffset="11534" SrcFileId="7" StartOffset="11502"/>
</LocList>
</BasicBoolTerm>
</RootTerm>
</CondStmnt>
</StmntSeq>
</Branch>
<Keyword EndOffset="10097" SrcFileId="7" StartOffset="10095"/>
<LocList>
<Loc EndOffset="22404" SrcFileId="7" StartOffset="10095"/>
</LocList>
<RootTerm CovItemId="C18" CovItemPrefix="csse376_puerto_rico.GameBoardGUI.java" Intrnl_Id="1389">
<BasicBoolTerm Intrnl_Id="1390">
<LocList>
<Loc EndOffset="10131" SrcFileId="7" StartOffset="10099"/>
</LocList>
</BasicBoolTerm>
</RootTerm>
</CondStmnt>
</StmntSeq>
</Branch>
<Keyword EndOffset="6996" SrcFileId="7" StartOffset="6994"/>
<LocList>
<Loc EndOffset="22404" SrcFileId="7" StartOffset="6994"/>
</LocList>
<RootTerm CovItemId="C9" CovItemPrefix="csse376_puerto_rico.GameBoardGUI.java" Intrnl_Id="1391">
<BasicBoolTerm Intrnl_Id="1392">
<LocList>
<Loc EndOffset="7028" SrcFileId="7" StartOffset="6998"/>
</LocList>
</BasicBoolTerm>
</RootTerm>
</CondStmnt>
<BasicStmnt CovItemId="S327" CovItemPrefix="csse376_puerto_rico.GameBoardGUI.java" Intrnl_Id="1393">
<LocList>
<Loc EndOffset="22438" SrcFileId="7" StartOffset="22408"/>
</LocList>
</BasicStmnt>
<BasicStmnt CovItemId="S328" CovItemPrefix="csse376_puerto_rico.GameBoardGUI.java" Intrnl_Id="1394">
<LocList>
<Loc EndOffset="22467" SrcFileId="7" StartOffset="22442"/>
</LocList>
</BasicStmnt>
</StmntSeq>
</HierarchyLvl>
</HierarchyLvl>
<HierarchyLvl HierarchyLvlId="248" HierarchyLvlTypeId="14" Intrnl_Id="1395" Name="ButtonHandler">
<Header>
<Loc EndOffset="224" SrcFileId="8" StartOffset="172"/>
</Header>
<LocList>
<Loc EndOffset="790" SrcFileId="8" StartOffset="172"/>
</LocList>
<HierarchyLvl HierarchyLvlId="246" HierarchyLvlTypeId="15" Intrnl_Id="1396" Name="ButtonHandler">
<Header>
<Loc EndOffset="345" SrcFileId="8" StartOffset="292"/>
</Header>
<LocList>
<Loc EndOffset="402" SrcFileId="8" StartOffset="292"/>
</LocList>
<StmntSeq Intrnl_Id="1397">
<LocList>
<Loc EndOffset="374" SrcFileId="8" StartOffset="351"/>
<Loc EndOffset="398" SrcFileId="8" StartOffset="378"/>
</LocList>
<BasicStmnt CovItemId="S1" CovItemPrefix="csse376_puerto_rico.ButtonHandler.java" Intrnl_Id="1398">
<LocList>
<Loc EndOffset="374" SrcFileId="8" StartOffset="351"/>
</LocList>
</BasicStmnt>
<BasicStmnt CovItemId="S2" CovItemPrefix="csse376_puerto_rico.ButtonHandler.java" Intrnl_Id="1399">
<LocList>
<Loc EndOffset="398" SrcFileId="8" StartOffset="378"/>
</LocList>
</BasicStmnt>
</StmntSeq>
</HierarchyLvl>
<HierarchyLvl HierarchyLvlId="247" HierarchyLvlTypeId="15" Intrnl_Id="1400" Name="actionPerformed">
<Header>
<Loc EndOffset="462" SrcFileId="8" StartOffset="407"/>
</Header>
<LocList>
<Loc EndOffset="785" SrcFileId="8" StartOffset="407"/>
</LocList>
<StmntSeq Intrnl_Id="1401">
<LocList>
<Loc EndOffset="506" SrcFileId="8" StartOffset="468"/>
<Loc EndOffset="781" SrcFileId="8" StartOffset="510"/>
</LocList>
<BasicStmnt CovItemId="S3" CovItemPrefix="csse376_puerto_rico.ButtonHandler.java" Intrnl_Id="1402">
<LocList>
<Loc EndOffset="506" SrcFileId="8" StartOffset="468"/>
</LocList>
</BasicStmnt>
<CondStmnt CovItemId="S4" CovItemPrefix="csse376_puerto_rico.ButtonHandler.java" Intrnl_Id="1403">
<Branch CovItemId="B1" CovItemPrefix="csse376_puerto_rico.ButtonHandler.java" Implct="false" Intrnl_Id="1404">
<Cond/>
<LocList>
<Loc EndOffset="561" SrcFileId="8" StartOffset="535"/>
</LocList>
<StmntSeq Intrnl_Id="1405">
<LocList>
<Loc EndOffset="556" SrcFileId="8" StartOffset="541"/>
</LocList>
<BasicStmnt CovItemId="S5" CovItemPrefix="csse376_puerto_rico.ButtonHandler.java" Intrnl_Id="1406">
<LocList>
<Loc EndOffset="556" SrcFileId="8" StartOffset="541"/>
</LocList>
</BasicStmnt>
</StmntSeq>
</Branch>
<Branch CovItemId="B2" CovItemPrefix="csse376_puerto_rico.ButtonHandler.java" Implct="false" Intrnl_Id="1407">
<Cond>
<Loc EndOffset="565" SrcFileId="8" StartOffset="561"/>
</Cond>
<LocList>
<Loc EndOffset="781" SrcFileId="8" StartOffset="566"/>
</LocList>
<StmntSeq Intrnl_Id="1408">
<LocList>
<Loc EndOffset="781" SrcFileId="8" StartOffset="566"/>
</LocList>
<CondStmnt CovItemId="S6" CovItemPrefix="csse376_puerto_rico.ButtonHandler.java" Intrnl_Id="1409">
<Branch CovItemId="B3" CovItemPrefix="csse376_puerto_rico.ButtonHandler.java" Implct="false" Intrnl_Id="1410">
<Cond/>
<LocList>
<Loc EndOffset="646" SrcFileId="8" StartOffset="595"/>
</LocList>
<StmntSeq Intrnl_Id="1411">
<LocList>
<Loc EndOffset="641" SrcFileId="8" StartOffset="601"/>
</LocList>
<BasicStmnt CovItemId="S7" CovItemPrefix="csse376_puerto_rico.ButtonHandler.java" Intrnl_Id="1412">
<LocList>
<Loc EndOffset="641" SrcFileId="8" StartOffset="601"/>
</LocList>
</BasicStmnt>
</StmntSeq>
</Branch>
<Branch CovItemId="B4" CovItemPrefix="csse376_puerto_rico.ButtonHandler.java" Implct="false" Intrnl_Id="1413">
<Cond>
<Loc EndOffset="650" SrcFileId="8" StartOffset="646"/>
</Cond>
<LocList>
<Loc EndOffset="781" SrcFileId="8" StartOffset="651"/>
</LocList>
<StmntSeq Intrnl_Id="1414">
<LocList>
<Loc EndOffset="781" SrcFileId="8" StartOffset="651"/>
</LocList>
<CondStmnt CovItemId="S8" CovItemPrefix="csse376_puerto_rico.ButtonHandler.java" Intrnl_Id="1415">
<Branch CovItemId="B5" CovItemPrefix="csse376_puerto_rico.ButtonHandler.java" Implct="false" Intrnl_Id="1416">
<Cond/>
<LocList>
<Loc EndOffset="734" SrcFileId="8" StartOffset="677"/>
</LocList>
<StmntSeq Intrnl_Id="1417">
<LocList>
<Loc EndOffset="729" SrcFileId="8" StartOffset="683"/>
</LocList>
<BasicStmnt CovItemId="S9" CovItemPrefix="csse376_puerto_rico.ButtonHandler.java" Intrnl_Id="1418">
<LocList>
<Loc EndOffset="729" SrcFileId="8" StartOffset="683"/>
</LocList>
</BasicStmnt>
</StmntSeq>
</Branch>
<Branch CovItemId="B6" CovItemPrefix="csse376_puerto_rico.ButtonHandler.java" Implct="false" Intrnl_Id="1419">
<Cond>
<Loc EndOffset="738" SrcFileId="8" StartOffset="734"/>
</Cond>
<LocList>
<Loc EndOffset="781" SrcFileId="8" StartOffset="739"/>
</LocList>
<StmntSeq Intrnl_Id="1420">
<LocList>
<Loc EndOffset="781" SrcFileId="8" StartOffset="739"/>
</LocList>
<CondStmnt CovItemId="S10" CovItemPrefix="csse376_puerto_rico.ButtonHandler.java" Intrnl_Id="1421">
<Branch CovItemId="B7" CovItemPrefix="csse376_puerto_rico.ButtonHandler.java" Implct="false" Intrnl_Id="1422">
<Cond/>
<LocList>
<Loc EndOffset="781" SrcFileId="8" StartOffset="770"/>
</LocList>
<StmntSeq Intrnl_Id="1423">
<LocList/>
</StmntSeq>
</Branch>
<Branch CovItemId="B8" CovItemPrefix="csse376_puerto_rico.ButtonHandler.java" Implct="true" Intrnl_Id="1424">
<Cond/>
<LocList/>
<StmntSeq Intrnl_Id="1425">
<LocList/>
</StmntSeq>
</Branch>
<Keyword EndOffset="741" SrcFileId="8" StartOffset="739"/>
<LocList>
<Loc EndOffset="781" SrcFileId="8" StartOffset="739"/>
</LocList>
<RootTerm CovItemId="C4" CovItemPrefix="csse376_puerto_rico.ButtonHandler.java" Intrnl_Id="1426">
<BasicBoolTerm Intrnl_Id="1427">
<LocList>
<Loc EndOffset="769" SrcFileId="8" StartOffset="742"/>
</LocList>
</BasicBoolTerm>
</RootTerm>
</CondStmnt>
</StmntSeq>
</Branch>
<Keyword EndOffset="653" SrcFileId="8" StartOffset="651"/>
<LocList>
<Loc EndOffset="781" SrcFileId="8" StartOffset="651"/>
</LocList>
<RootTerm CovItemId="C3" CovItemPrefix="csse376_puerto_rico.ButtonHandler.java" Intrnl_Id="1428">
<BasicBoolTerm Intrnl_Id="1429">
<LocList>
<Loc EndOffset="676" SrcFileId="8" StartOffset="654"/>
</LocList>
</BasicBoolTerm>
</RootTerm>
</CondStmnt>
</StmntSeq>
</Branch>
<Keyword EndOffset="568" SrcFileId="8" StartOffset="566"/>
<LocList>
<Loc EndOffset="781" SrcFileId="8" StartOffset="566"/>
</LocList>
<RootTerm CovItemId="C2" CovItemPrefix="csse376_puerto_rico.ButtonHandler.java" Intrnl_Id="1430">
<BasicBoolTerm Intrnl_Id="1431">
<LocList>
<Loc EndOffset="594" SrcFileId="8" StartOffset="569"/>
</LocList>
</BasicBoolTerm>
</RootTerm>
</CondStmnt>
</StmntSeq>
</Branch>
<Keyword EndOffset="512" SrcFileId="8" StartOffset="510"/>
<LocList>
<Loc EndOffset="781" SrcFileId="8" StartOffset="510"/>
</LocList>
<RootTerm CovItemId="C1" CovItemPrefix="csse376_puerto_rico.ButtonHandler.java" Intrnl_Id="1432">
<BasicBoolTerm Intrnl_Id="1433">
<LocList>
<Loc EndOffset="534" SrcFileId="8" StartOffset="513"/>
</LocList>
</BasicBoolTerm>
</RootTerm>
</CondStmnt>
</StmntSeq>
</HierarchyLvl>
</HierarchyLvl>
<HierarchyLvl HierarchyLvlId="252" HierarchyLvlTypeId="14" Intrnl_Id="1434" Name="Buildings">
<Header>
<Loc EndOffset="135" SrcFileId="9" StartOffset="113"/>
</Header>
<LocList>
<Loc EndOffset="873" SrcFileId="9" StartOffset="113"/>
</LocList>
<StmntSeq Intrnl_Id="1435">
<LocList>
<Loc EndOffset="554" SrcFileId="9" StartOffset="183"/>
</LocList>
<BasicStmnt CovItemId="S1" CovItemPrefix="csse376_puerto_rico.Buildings.java" Intrnl_Id="1436">
<LocList>
<Loc EndOffset="554" SrcFileId="9" StartOffset="183"/>
</LocList>
</BasicStmnt>
</StmntSeq>
<HierarchyLvl HierarchyLvlId="249" HierarchyLvlTypeId="15" Intrnl_Id="1437" Name="Buildings">
<Header>
<Loc EndOffset="577" SrcFileId="9" StartOffset="559"/>
</Header>
<LocList>
<Loc EndOffset="712" SrcFileId="9" StartOffset="559"/>
</LocList>
<StmntSeq Intrnl_Id="1438">
<LocList>
<Loc EndOffset="621" SrcFileId="9" StartOffset="583"/>
<Loc EndOffset="706" SrcFileId="9" StartOffset="627"/>
</LocList>
<BasicStmnt CovItemId="S2" CovItemPrefix="csse376_puerto_rico.Buildings.java" Intrnl_Id="1439">
<LocList>
<Loc EndOffset="621" SrcFileId="9" StartOffset="583"/>
</LocList>
</BasicStmnt>
<LoopStmnt CovItemId="S3" CovItemPrefix="csse376_puerto_rico.Buildings.java" Intrnl_Id="1440" MltplExecId="L1-2" MltplExecPrefix="csse376_puerto_rico.Buildings.java" NvrExecId="L1-0" NvrExecPrefix="csse376_puerto_rico.Buildings.java" OnceExecutedId="L1-1" OnceExecutedPrefix="csse376_puerto_rico.Buildings.java" OptBodyExec="true">
<StmntSeq Intrnl_Id="1441">
<LocList>
<Loc EndOffset="701" SrcFileId="9" StartOffset="667"/>
</LocList>
<BasicStmnt CovItemId="S4" CovItemPrefix="csse376_puerto_rico.Buildings.java" Intrnl_Id="1442">
<LocList>
<Loc EndOffset="701" SrcFileId="9" StartOffset="667"/>
</LocList>
</BasicStmnt>
</StmntSeq>
<Keyword EndOffset="630" SrcFileId="9" StartOffset="627"/>
<LocList>
<Loc EndOffset="706" SrcFileId="9" StartOffset="627"/>
</LocList>
</LoopStmnt>
</StmntSeq>
</HierarchyLvl>
<HierarchyLvl HierarchyLvlId="250" HierarchyLvlTypeId="15" Intrnl_Id="1443" Name="getBuildings">
<Header>
<Loc EndOffset="758" SrcFileId="9" StartOffset="717"/>
</Header>
<LocList>
<Loc EndOffset="787" SrcFileId="9" StartOffset="717"/>
</LocList>
<StmntSeq Intrnl_Id="1444">
<LocList>
<Loc EndOffset="783" SrcFileId="9" StartOffset="766"/>
</LocList>
<BasicStmnt CovItemId="S5" CovItemPrefix="csse376_puerto_rico.Buildings.java" Intrnl_Id="1445">
<LocList>
<Loc EndOffset="783" SrcFileId="9" StartOffset="766"/>
</LocList>
</BasicStmnt>
</StmntSeq>
</HierarchyLvl>
<HierarchyLvl HierarchyLvlId="251" HierarchyLvlTypeId="15" Intrnl_Id="1446" Name="getBuildingNames">
<Header>
<Loc EndOffset="835" SrcFileId="9" StartOffset="792"/>
</Header>
<LocList>
<Loc EndOffset="866" SrcFileId="9" StartOffset="792"/>
</LocList>
<StmntSeq Intrnl_Id="1447">
<LocList>
<Loc EndOffset="862" SrcFileId="9" StartOffset="841"/>
</LocList>
<BasicStmnt CovItemId="S6" CovItemPrefix="csse376_puerto_rico.Buildings.java" Intrnl_Id="1448">
<LocList>
<Loc EndOffset="862" SrcFileId="9" StartOffset="841"/>
</LocList>
</BasicStmnt>
</StmntSeq>
</HierarchyLvl>
</HierarchyLvl>
</HierarchyLvl>
</HierarchyLvl>
</MASTRoot>
<TestSession Comment="" Date="1432248700635" Name="May 21, 2015 6:51:40 PM">
<TestCase Comment="This is a test case containing all coverage results cause no startTestCase methods where captured." Date="1432248700198" Name="UNNAMED TESTCASE">
<CovList>
<CovPrefix CovItemPrefix="csse376_puerto_rico.Buildings.java">
<Cov CovItemId="L1-2" Value="5"/>
<Cov CovItemId="S1" Value="5"/>
<Cov CovItemId="S2" Value="5"/>
<Cov CovItemId="S3" Value="5"/>
<Cov CovItemId="S4" Value="90"/>
<Cov CovItemId="S5" Value="3"/>
<Cov CovItemId="S6" Value="1"/>
</CovPrefix>
<CovPrefix CovItemPrefix="csse376_puerto_rico.GameBoardGUI.java">
<Cov CovItemId="S1" Value="2"/>
<Cov CovItemId="S2" Value="2"/>
<Cov CovItemId="S3" Value="2"/>
<Cov CovItemId="S4" Value="2"/>
<Cov CovItemId="S5" Value="2"/>
<Cov CovItemId="S88" Value="1"/>
</CovPrefix>
<CovPrefix CovItemPrefix="csse376_puerto_rico.GameState.java">
<Cov CovItemId="S1" Value="2"/>
<Cov CovItemId="S10" Value="2"/>
<Cov CovItemId="S11" Value="2"/>
<Cov CovItemId="S12" Value="2"/>
<Cov CovItemId="S13" Value="2"/>
<Cov CovItemId="S14" Value="2"/>
<Cov CovItemId="S15" Value="2"/>
<Cov CovItemId="S16" Value="2"/>
<Cov CovItemId="S17" Value="2"/>
<Cov CovItemId="S18" Value="2"/>
<Cov CovItemId="S19" Value="2"/>
<Cov CovItemId="S2" Value="2"/>
<Cov CovItemId="S20" Value="2"/>
<Cov CovItemId="S3" Value="2"/>
<Cov CovItemId="S4" Value="2"/>
<Cov CovItemId="S5" Value="2"/>
<Cov CovItemId="S6" Value="2"/>
<Cov CovItemId="S7" Value="2"/>
<Cov CovItemId="S8" Value="2"/>
<Cov CovItemId="S9" Value="1"/>
</CovPrefix>
<CovPrefix CovItemPrefix="csse376_puerto_rico.Player.java">
<Cov CovItemId="B10" Value="1"/>
<Cov CovItemId="B8" Value="22"/>
<Cov CovItemId="L1-2" Value="34"/>
<Cov CovItemId="L2-2" Value="10"/>
<Cov CovItemId="L3-1" Value="4"/>
<Cov CovItemId="L7-0" Value="1"/>
<Cov CovItemId="L8-0" Value="1"/>
<Cov CovItemId="L9-0" Value="1"/>
<Cov CovItemId="L9-1" Value="6"/>
<Cov CovItemId="L9-2" Value="1"/>
<Cov CovItemId="S1" Value="44"/>
<Cov CovItemId="S10" Value="34"/>
<Cov CovItemId="S11" Value="34"/>
<Cov CovItemId="S12" Value="34"/>
<Cov CovItemId="S13" Value="34"/>
<Cov CovItemId="S14" Value="170"/>
<Cov CovItemId="S15" Value="10"/>
<Cov CovItemId="S16" Value="10"/>
<Cov CovItemId="S17" Value="10"/>
<Cov CovItemId="S18" Value="10"/>
<Cov CovItemId="S19" Value="10"/>
<Cov CovItemId="S2" Value="44"/>
<Cov CovItemId="S20" Value="10"/>
<Cov CovItemId="S21" Value="50"/>
<Cov CovItemId="S22" Value="1"/>
<Cov CovItemId="S23" Value="1"/>
<Cov CovItemId="S24" Value="8"/>
<Cov CovItemId="S25" Value="5"/>
<Cov CovItemId="S26" Value="6"/>
<Cov CovItemId="S27" Value="2"/>
<Cov CovItemId="S28" Value="1"/>
<Cov CovItemId="S29" Value="2"/>
<Cov CovItemId="S3" Value="8"/>
<Cov CovItemId="S30" Value="2"/>
<Cov CovItemId="S31" Value="2"/>
<Cov CovItemId="S32" Value="1"/>
<Cov CovItemId="S33" Value="3"/>
<Cov CovItemId="S34" Value="3"/>
<Cov CovItemId="S36" Value="4"/>
<Cov CovItemId="S37" Value="4"/>
<Cov CovItemId="S38" Value="4"/>
<Cov CovItemId="S39" Value="4"/>
<Cov CovItemId="S4" Value="8"/>
<Cov CovItemId="S5" Value="44"/>
<Cov CovItemId="S55" Value="2"/>
<Cov CovItemId="S56" Value="2"/>
<Cov CovItemId="S57" Value="2"/>
<Cov CovItemId="S58" Value="2"/>
<Cov CovItemId="S59" Value="2"/>
<Cov CovItemId="S6" Value="44"/>
<Cov CovItemId="S60" Value="2"/>
<Cov CovItemId="S61" Value="2"/>
<Cov CovItemId="S62" Value="2"/>
<Cov CovItemId="S63" Value="22"/>
<Cov CovItemId="S65" Value="22"/>
<Cov CovItemId="S66" Value="44"/>
<Cov CovItemId="S67" Value="44"/>
<Cov CovItemId="S68" Value="44"/>
<Cov CovItemId="S69" Value="11"/>
<Cov CovItemId="S7" Value="1"/>
<Cov CovItemId="S70" Value="1"/>
<Cov CovItemId="S71" Value="1"/>
<Cov CovItemId="S72" Value="1"/>
<Cov CovItemId="S73" Value="1"/>
<Cov CovItemId="S74" Value="1"/>
<Cov CovItemId="S76" Value="1"/>
<Cov CovItemId="S78" Value="1"/>
<Cov CovItemId="S8" Value="34"/>
<Cov CovItemId="S80" Value="1"/>
<Cov CovItemId="S81" Value="1"/>
<Cov CovItemId="S83" Value="9"/>
<Cov CovItemId="S85" Value="8"/>
<Cov CovItemId="S86" Value="8"/>
<Cov CovItemId="S87" Value="8"/>
<Cov CovItemId="S88" Value="8"/>
<Cov CovItemId="S9" Value="34"/>
<Cov CovItemId="S94" Value="1"/>
</CovPrefix>
<CovPrefix CovItemPrefix="csse376_puerto_rico.PlayerRoles.java">
<Cov CovItemId="S1" Value="1"/>
<Cov CovItemId="S10" Value="2"/>
<Cov CovItemId="S11" Value="2"/>
<Cov CovItemId="S12" Value="2"/>
<Cov CovItemId="S13" Value="2"/>
<Cov CovItemId="S14" Value="2"/>
<Cov CovItemId="S15" Value="2"/>
<Cov CovItemId="S16" Value="2"/>
<Cov CovItemId="S2" Value="1"/>
<Cov CovItemId="S3" Value="1"/>
<Cov CovItemId="S4" Value="1"/>
<Cov CovItemId="S5" Value="1"/>
<Cov CovItemId="S6" Value="1"/>
<Cov CovItemId="S7" Value="1"/>
<Cov CovItemId="S8" Value="2"/>
<Cov CovItemId="S9" Value="2"/>
</CovPrefix>
</CovList>
<AssgnmntList>
<AssgnmntPrefix RootTermCovItemPrefix="csse376_puerto_rico.Player.java">
<AssgnmntListEntry Length="1" RootTermCovItemId="C4">
<MapEntry BoolAssgnmnt="0" Value="22"/>
</AssgnmntListEntry>
<AssgnmntListEntry Length="1" RootTermCovItemId="C5">
<MapEntry BoolAssgnmnt="0" Value="1"/>
</AssgnmntListEntry>
<AssgnmntListEntry Length="1" RootTermCovItemId="C6">
<MapEntry BoolAssgnmnt="0" Value="1"/>
</AssgnmntListEntry>
<AssgnmntListEntry Length="1" RootTermCovItemId="C7">
<MapEntry BoolAssgnmnt="0" Value="1"/>
</AssgnmntListEntry>
</AssgnmntPrefix>
</AssgnmntList>
<ObjMetaDataList/>
<MetaDataList/>
</TestCase>
<MetaDataList/>
</TestSession>
<TestSession Comment="" Date="1432248735454" Name="May 21, 2015 6:52:15 PM">
<TestCase Comment="This is a test case containing all coverage results cause no startTestCase methods where captured." Date="1432248735101" Name="UNNAMED TESTCASE">
<CovList>
<CovPrefix CovItemPrefix="csse376_puerto_rico.Buildings.java">
<Cov CovItemId="L1-2" Value="5"/>
<Cov CovItemId="S1" Value="5"/>
<Cov CovItemId="S2" Value="5"/>
<Cov CovItemId="S3" Value="5"/>
<Cov CovItemId="S4" Value="90"/>
<Cov CovItemId="S5" Value="3"/>
<Cov CovItemId="S6" Value="1"/>
</CovPrefix>
<CovPrefix CovItemPrefix="csse376_puerto_rico.GameBoardGUI.java">
<Cov CovItemId="S1" Value="2"/>
<Cov CovItemId="S2" Value="2"/>
<Cov CovItemId="S3" Value="2"/>
<Cov CovItemId="S4" Value="2"/>
<Cov CovItemId="S5" Value="2"/>
<Cov CovItemId="S88" Value="1"/>
</CovPrefix>
<CovPrefix CovItemPrefix="csse376_puerto_rico.GameState.java">
<Cov CovItemId="S1" Value="2"/>
<Cov CovItemId="S10" Value="2"/>
<Cov CovItemId="S11" Value="2"/>
<Cov CovItemId="S12" Value="2"/>
<Cov CovItemId="S13" Value="2"/>
<Cov CovItemId="S14" Value="2"/>
<Cov CovItemId="S15" Value="2"/>
<Cov CovItemId="S16" Value="2"/>
<Cov CovItemId="S17" Value="2"/>
<Cov CovItemId="S18" Value="2"/>
<Cov CovItemId="S19" Value="2"/>
<Cov CovItemId="S2" Value="2"/>
<Cov CovItemId="S20" Value="2"/>
<Cov CovItemId="S3" Value="2"/>
<Cov CovItemId="S4" Value="2"/>
<Cov CovItemId="S5" Value="2"/>
<Cov CovItemId="S6" Value="2"/>
<Cov CovItemId="S7" Value="2"/>
<Cov CovItemId="S8" Value="2"/>
<Cov CovItemId="S9" Value="1"/>
</CovPrefix>
<CovPrefix CovItemPrefix="csse376_puerto_rico.Player.java">
<Cov CovItemId="B10" Value="1"/>
<Cov CovItemId="B8" Value="22"/>
<Cov CovItemId="L1-2" Value="34"/>
<Cov CovItemId="L2-2" Value="10"/>
<Cov CovItemId="L3-1" Value="4"/>
<Cov CovItemId="L7-0" Value="1"/>
<Cov CovItemId="L8-0" Value="1"/>
<Cov CovItemId="L9-0" Value="1"/>
<Cov CovItemId="L9-1" Value="6"/>
<Cov CovItemId="L9-2" Value="1"/>
<Cov CovItemId="S1" Value="44"/>
<Cov CovItemId="S10" Value="34"/>
<Cov CovItemId="S11" Value="34"/>
<Cov CovItemId="S12" Value="34"/>
<Cov CovItemId="S13" Value="34"/>
<Cov CovItemId="S14" Value="170"/>
<Cov CovItemId="S15" Value="10"/>
<Cov CovItemId="S16" Value="10"/>
<Cov CovItemId="S17" Value="10"/>
<Cov CovItemId="S18" Value="10"/>
<Cov CovItemId="S19" Value="10"/>
<Cov CovItemId="S2" Value="44"/>
<Cov CovItemId="S20" Value="10"/>
<Cov CovItemId="S21" Value="50"/>
<Cov CovItemId="S22" Value="1"/>
<Cov CovItemId="S23" Value="1"/>
<Cov CovItemId="S24" Value="8"/>
<Cov CovItemId="S25" Value="5"/>
<Cov CovItemId="S26" Value="6"/>
<Cov CovItemId="S27" Value="2"/>
<Cov CovItemId="S28" Value="1"/>
<Cov CovItemId="S29" Value="2"/>
<Cov CovItemId="S3" Value="8"/>
<Cov CovItemId="S30" Value="2"/>
<Cov CovItemId="S31" Value="2"/>
<Cov CovItemId="S32" Value="1"/>
<Cov CovItemId="S33" Value="3"/>
<Cov CovItemId="S34" Value="3"/>
<Cov CovItemId="S36" Value="4"/>
<Cov CovItemId="S37" Value="4"/>
<Cov CovItemId="S38" Value="4"/>
<Cov CovItemId="S39" Value="4"/>
<Cov CovItemId="S4" Value="8"/>
<Cov CovItemId="S5" Value="44"/>
<Cov CovItemId="S55" Value="2"/>
<Cov CovItemId="S56" Value="2"/>
<Cov CovItemId="S57" Value="2"/>
<Cov CovItemId="S58" Value="2"/>
<Cov CovItemId="S59" Value="2"/>
<Cov CovItemId="S6" Value="44"/>
<Cov CovItemId="S60" Value="2"/>
<Cov CovItemId="S61" Value="2"/>
<Cov CovItemId="S62" Value="2"/>
<Cov CovItemId="S63" Value="22"/>
<Cov CovItemId="S65" Value="22"/>
<Cov CovItemId="S66" Value="44"/>
<Cov CovItemId="S67" Value="44"/>
<Cov CovItemId="S68" Value="44"/>
<Cov CovItemId="S69" Value="11"/>
<Cov CovItemId="S7" Value="1"/>
<Cov CovItemId="S70" Value="1"/>
<Cov CovItemId="S71" Value="1"/>
<Cov CovItemId="S72" Value="1"/>
<Cov CovItemId="S73" Value="1"/>
<Cov CovItemId="S74" Value="1"/>
<Cov CovItemId="S76" Value="1"/>
<Cov CovItemId="S78" Value="1"/>
<Cov CovItemId="S8" Value="34"/>
<Cov CovItemId="S80" Value="1"/>
<Cov CovItemId="S81" Value="1"/>
<Cov CovItemId="S83" Value="9"/>
<Cov CovItemId="S85" Value="8"/>
<Cov CovItemId="S86" Value="8"/>
<Cov CovItemId="S87" Value="8"/>
<Cov CovItemId="S88" Value="8"/>
<Cov CovItemId="S9" Value="34"/>
<Cov CovItemId="S94" Value="1"/>
</CovPrefix>
<CovPrefix CovItemPrefix="csse376_puerto_rico.PlayerRoles.java">
<Cov CovItemId="S1" Value="1"/>
<Cov CovItemId="S10" Value="2"/>
<Cov CovItemId="S11" Value="2"/>
<Cov CovItemId="S12" Value="2"/>
<Cov CovItemId="S13" Value="2"/>
<Cov CovItemId="S14" Value="2"/>
<Cov CovItemId="S15" Value="2"/>
<Cov CovItemId="S16" Value="2"/>
<Cov CovItemId="S2" Value="1"/>
<Cov CovItemId="S3" Value="1"/>
<Cov CovItemId="S4" Value="1"/>
<Cov CovItemId="S5" Value="1"/>
<Cov CovItemId="S6" Value="1"/>
<Cov CovItemId="S7" Value="1"/>
<Cov CovItemId="S8" Value="2"/>
<Cov CovItemId="S9" Value="2"/>
</CovPrefix>
</CovList>
<AssgnmntList>
<AssgnmntPrefix RootTermCovItemPrefix="csse376_puerto_rico.Player.java">
<AssgnmntListEntry Length="1" RootTermCovItemId="C4">
<MapEntry BoolAssgnmnt="0" Value="22"/>
</AssgnmntListEntry>
<AssgnmntListEntry Length="1" RootTermCovItemId="C5">
<MapEntry BoolAssgnmnt="0" Value="1"/>
</AssgnmntListEntry>
<AssgnmntListEntry Length="1" RootTermCovItemId="C6">
<MapEntry BoolAssgnmnt="0" Value="1"/>
</AssgnmntListEntry>
<AssgnmntListEntry Length="1" RootTermCovItemId="C7">
<MapEntry BoolAssgnmnt="0" Value="1"/>
</AssgnmntListEntry>
</AssgnmntPrefix>
</AssgnmntList>
<ObjMetaDataList/>
<MetaDataList/>
</TestCase>
<MetaDataList/>
</TestSession>
</TestSessionContainer>
