<?xml version="1.0" encoding="UTF-8"?><TestSessionContainer xmlns="http://www.codecover.org/xml/testsession-container" Date="1431104632107" TestSessionContainerId="9b8971eb-fe7f-401c-ac01-65dc5dc69581" version="1.0">
<SrcFileList>
<SrcFile Content="package csse376_puerto_rico;&#10;&#10;import java.awt.Color;&#10;&#10;import javax.swing.ButtonGroup;&#10;import javax.swing.JButton;&#10;import javax.swing.JFrame;&#10;import javax.swing.JPanel;&#10;import javax.swing.JRadioButton;&#10;&#10;public class StartUpGameBoardGUI {&#10;&#10;&#9;private JFrame mainframe;&#10;&#10;&#9;public StartUpGameBoardGUI(JFrame frame) {&#10;&#9;&#9;this.mainframe = frame;&#10;&#9;&#9;this.mainframe.getContentPane().removeAll();&#10;&#9;&#9;this.mainframe.getContentPane().revalidate();&#10;&#9;&#9;this.mainframe.setBackground(Color.BLACK);&#10;&#9;&#9;this.mainframe.setTitle(&quot;Choose Players&quot;);&#10;&#10;&#9;&#9;JPanel mainPanel = new JPanel();&#10;&#9;&#9;&#10;&#9;&#9;ButtonGroup group = new ButtonGroup();&#10;&#9;&#9;JRadioButton rb3 = new JRadioButton(&quot;3&quot;, true);&#10;&#9;&#9;JRadioButton rb4 = new JRadioButton(&quot;4&quot;, false);&#10;&#9;&#9;JRadioButton rb5 = new JRadioButton(&quot;5&quot;, false);&#10;&#9;&#9;group.add(rb3);&#10;&#9;&#9;group.add(rb4);&#10;&#9;&#9;group.add(rb5);&#10;&#9;&#9;&#10;&#9;&#9;JButton startButton = new JButton(&quot;Start&quot;);&#10;&#9;&#9;startButton.addActionListener(new ButtonHandler(this.mainframe, group));&#10;&#9;&#9;&#10;&#9;&#9;mainPanel.add(rb3);&#10;&#9;&#9;mainPanel.add(rb4);&#10;&#9;&#9;mainPanel.add(rb5);&#10;&#9;&#9;mainPanel.add(startButton);&#10;&#9;&#9;&#10;&#9;&#9;this.mainframe.add(mainPanel);&#10;&#9;}&#10;&#10;}&#10;" Filename="StartUpGameBoardGUI.java" Intrnl_Id="1"/>
<SrcFile Content="package csse376_puerto_rico;&#13;&#10;&#13;&#10;import java.util.ArrayList;&#13;&#10;import java.util.List;&#13;&#10;&#13;&#10;/**&#13;&#10; * List of roles&#13;&#10; *&#13;&#10; * @author songm. Created Apr 22, 2015.&#13;&#10; */&#13;&#10;public class PlayerRoles {&#13;&#10;&#9;public static final String Settler = &quot;Settler&quot;;&#13;&#10;&#9;public static final String Builder = &quot;Builder&quot;;&#13;&#10;&#9;public static final String Craftsman = &quot;Craftsman&quot;;&#13;&#10;&#9;public static final String Trader = &quot;Trader&quot;;&#13;&#10;&#9;public static final String Captain = &quot;Captain&quot;;&#13;&#10;&#9;public static final String Prospector = &quot;Prospector&quot;;&#13;&#10;&#9;public static final String Mayor = &quot;Mayor&quot;;&#13;&#10;&#13;&#10;&#9;private PlayerRoles() {&#13;&#10;&#9;&#9;// null constructor&#13;&#10;&#9;}&#13;&#10;&#13;&#10;&#9;public static List&lt;String&gt; getValues() {&#13;&#10;&#9;&#9;List&lt;String&gt; rtn = new ArrayList&lt;String&gt;();&#13;&#10;&#13;&#10;&#9;&#9;rtn.add(Settler);&#13;&#10;&#9;&#9;rtn.add(Builder);&#13;&#10;&#9;&#9;rtn.add(Craftsman);&#13;&#10;&#9;&#9;rtn.add(Trader);&#13;&#10;&#9;&#9;rtn.add(Captain);&#13;&#10;&#9;&#9;rtn.add(Prospector);&#13;&#10;&#9;&#9;rtn.add(Mayor);&#13;&#10;&#13;&#10;&#9;&#9;return rtn;&#13;&#10;&#9;}&#13;&#10;}&#13;&#10;" Filename="PlayerRoles.java" Intrnl_Id="2"/>
<SrcFile Content="package csse376_puerto_rico;&#13;&#10;&#13;&#10;import java.util.ArrayList;&#13;&#10;import java.util.Arrays;&#13;&#10;import java.util.HashMap;&#13;&#10;import java.util.List;&#13;&#10;&#13;&#10;import javax.swing.JTextArea;&#13;&#10;&#13;&#10;import csse376_puerto_rico.Buildings.Building;&#13;&#10;&#13;&#10;public class Player {&#13;&#10;&#13;&#10;&#9;private int pNum;&#13;&#10;&#9;private String role;&#13;&#10;&#9;private JTextArea hud;&#13;&#10;&#9;public boolean isTurn;&#13;&#10;&#9;public boolean isGovernor;&#13;&#10;&#9;private int points = 0;&#13;&#10;&#13;&#10;&#9;private ArrayList&lt;Building&gt; buildings = new ArrayList&lt;Building&gt;();&#13;&#10;&#13;&#10;&#9;public static class Good {&#13;&#10;&#9;&#9;public static final String COFFEE = &quot;Coffee&quot;;&#13;&#10;&#9;&#9;public static final String TOBACCO = &quot;Tobacco&quot;;&#13;&#10;&#9;&#9;public static final String CORN = &quot;Corn&quot;;&#13;&#10;&#9;&#9;public static final String SUGAR = &quot;Sugar&quot;;&#13;&#10;&#9;&#9;public static final String INDIGO = &quot;Indigo&quot;;&#13;&#10;&#9;}&#13;&#10;&#13;&#10;&#9;public static class Plantation {&#13;&#10;&#9;&#9;public String good;&#13;&#10;&#9;&#9;public boolean hasWorker;&#13;&#10;&#13;&#10;&#9;&#9;public Plantation(String good, boolean hasWorker) {&#13;&#10;&#9;&#9;&#9;this.good = good;&#13;&#10;&#9;&#9;&#9;this.hasWorker = hasWorker;&#13;&#10;&#9;&#9;}&#13;&#10;&#9;}&#13;&#10;&#13;&#10;&#9;private ArrayList&lt;Plantation&gt; plantations = new ArrayList&lt;Plantation&gt;();&#13;&#10;&#9;private HashMap&lt;String, Integer&gt; goods = new HashMap&lt;String, Integer&gt;();&#13;&#10;&#9;private static List&lt;String&gt; roles = PlayerRoles.getValues();&#13;&#10;&#13;&#10;&#9;// For Testing purposes, null player&#13;&#10;&#9;public Player() {&#13;&#10;&#9;&#9;this.pNum = 0;&#13;&#10;&#9;&#9;this.role = &quot;&quot;;&#13;&#10;&#9;&#9;this.isGovernor = false;&#13;&#10;&#9;&#9;this.hud = new JTextArea();&#13;&#10;&#9;&#9;for (String s : this.getAllGoods()) {&#13;&#10;&#9;&#9;&#9;this.goods.put(s, 0);&#13;&#10;&#9;&#9;}&#13;&#10;&#9;}&#13;&#10;&#13;&#10;&#9;public Player(String role) {&#13;&#10;&#9;&#9;this.role = role;&#13;&#10;&#9;&#9;this.isGovernor = false;&#13;&#10;&#9;&#9;this.isTurn = false;&#13;&#10;&#9;&#9;this.hud = null;&#13;&#10;&#9;&#9;for (String s : this.getAllGoods()) {&#13;&#10;&#9;&#9;&#9;this.goods.put(s, 0);&#13;&#10;&#9;&#9;}&#13;&#10;&#9;}&#13;&#10;&#13;&#10;&#9;public void setPlayerNum(int i) {&#13;&#10;&#9;&#9;this.pNum = i;&#13;&#10;&#13;&#10;&#9;}&#13;&#10;&#13;&#10;&#9;public int getPlayerNum() {&#13;&#10;&#9;&#9;return this.pNum;&#13;&#10;&#9;}&#13;&#10;&#13;&#10;&#9;public String getRole() {&#13;&#10;&#9;&#9;return this.role;&#13;&#10;&#9;}&#13;&#10;&#13;&#10;&#9;public static List&lt;String&gt; getRoles() {&#13;&#10;&#13;&#10;&#9;&#9;return roles;&#13;&#10;&#9;}&#13;&#10;&#13;&#10;&#9;public int getPoints() {&#13;&#10;&#9;&#9;return points;&#13;&#10;&#9;}&#13;&#10;&#13;&#10;&#9;public JTextArea getHUD() {&#13;&#10;&#9;&#9;return this.hud;&#13;&#10;&#9;}&#13;&#10;&#13;&#10;&#9;public void setHUD(JTextArea hud) {&#13;&#10;&#9;&#9;this.hud = hud;&#13;&#10;&#9;}&#13;&#10;&#13;&#10;&#9;public boolean isGovernor() {&#13;&#10;&#9;&#9;return isGovernor;&#13;&#10;&#9;}&#13;&#10;&#13;&#10;&#13;&#10;&#9;public void addPoints(int addition) {&#13;&#10;&#9;&#9;this.points = this.points + addition;&#13;&#10;&#9;}&#13;&#10;&#9;&#13;&#10;&#9;// Test method&#13;&#10;&#9;public void setPoints(int points) {&#13;&#10;&#9;&#9;// This method is strictly for setting points&#13;&#10;&#9;&#9;this.points = points;&#13;&#10;&#9;}&#13;&#10;&#13;&#10;&#9;public void setRole(String string) {&#13;&#10;&#9;&#9;this.role = string;&#13;&#10;&#9;}&#13;&#10;&#13;&#10;&#9;public void addBuilding(Building building) {&#13;&#10;&#9;&#9;buildings.add(building);&#13;&#10;&#9;}&#13;&#10;&#13;&#10;&#9;public ArrayList&lt;String&gt; getBuildingsStringList() {&#13;&#10;&#9;&#9;ArrayList&lt;String&gt; rtn = new ArrayList&lt;String&gt;();&#13;&#10;&#9;&#9;for (Building b : this.buildings) {&#13;&#10;&#9;&#9;&#9;rtn.add(b.name);&#13;&#10;&#9;&#9;}&#13;&#10;&#9;&#9;return rtn;&#13;&#10;&#9;}&#13;&#10;&#13;&#10;&#9;public ArrayList&lt;Building&gt; getBuildings() {&#13;&#10;&#9;&#9;return this.buildings;&#13;&#10;&#9;}&#13;&#10;&#13;&#10;&#9;public List&lt;String&gt; getGoods() {&#13;&#10;&#9;&#9;//&#13;&#10;&#9;&#9;List&lt;String&gt; rtn = new ArrayList&lt;String&gt;();&#13;&#10;&#9;&#9;String coffee = &quot;Coffee: &quot;&#13;&#10;&#9;&#9;&#9;&#9;+ Integer.toString((getNumberOfGood(&quot;Coffee&quot;)));&#13;&#10;&#9;&#9;String tobacco = &quot;Tobacco: &quot;&#13;&#10;&#9;&#9;&#9;&#9;+ Integer.toString((getNumberOfGood(&quot;Tobacco&quot;)));&#13;&#10;&#9;&#9;String corn = &quot;Corn: &quot; + Integer.toString((getNumberOfGood(&quot;Corn&quot;)));&#13;&#10;&#9;&#9;String sugar = &quot;Sugar: &quot; + Integer.toString((getNumberOfGood(&quot;Sugar&quot;)));&#13;&#10;&#9;&#9;String indigo = &quot;Indigo: &quot;&#13;&#10;&#9;&#9;&#9;&#9;+ Integer.toString((getNumberOfGood(&quot;Indigo&quot;)));&#13;&#10;&#9;&#9;rtn.addAll(Arrays.asList(coffee, corn, tobacco, sugar, indigo));&#13;&#10;&#9;&#9;return rtn;&#13;&#10;&#9;}&#13;&#10;&#13;&#10;&#9;public int getNumberOfGood(String good) {&#13;&#10;&#9;&#9;// added case where there were no goods&#13;&#10;&#9;&#9;if (this.goods.get(good) == null) {&#13;&#10;&#9;&#9;&#9;return 0;&#13;&#10;&#9;&#9;}&#13;&#10;&#9;&#9;return this.goods.get(good);&#13;&#10;&#13;&#10;&#9;}&#13;&#10;&#13;&#10;&#9;public List&lt;String&gt; getAllGoods() {&#13;&#10;&#9;&#9;List&lt;String&gt; rtn = new ArrayList&lt;String&gt;();&#13;&#10;&#9;&#9;rtn.addAll(Arrays.asList(Good.COFFEE, Good.CORN, Good.INDIGO,&#13;&#10;&#9;&#9;&#9;&#9;Good.SUGAR, Good.TOBACCO));&#13;&#10;&#9;&#9;return rtn;&#13;&#10;&#9;}&#13;&#10;&#13;&#10;&#9;public void addGood(String good, int number) {&#13;&#10;&#9;&#9;// adds the number to the original&#13;&#10;&#9;&#9;this.goods.put(good, this.goods.get(good) + number);&#13;&#10;&#9;}&#13;&#10;&#13;&#10;&#9;@Override&#13;&#10;&#9;public String toString() {&#13;&#10;&#9;&#9;String rtn = &quot;&quot;;&#13;&#10;&#9;&#9;String buildingList = &quot;&quot;;&#13;&#10;&#9;&#9;String goodsList = this.getGoods().toString();&#13;&#10;&#9;&#9;String plantationList= &quot;&quot;;&#13;&#10;&#9;&#9;for (int i = 0; i &lt; this.buildings.size(); i++) {&#13;&#10;&#9;&#9;&#9;buildingList = buildingList + &quot; &quot; + this.buildings.get(i).name;&#13;&#10;&#9;&#9;}&#13;&#10;&#9;&#9;for (int i = 0; i &lt; this.plantations.size(); i++) {&#13;&#10;&#9;&#9;&#9;plantationList += this.plantations.get(i).good;&#13;&#10;&#9;&#9;}&#13;&#10;&#9;&#9;if (isGovernor) {&#13;&#10;&#9;&#9;&#9;rtn = String&#13;&#10;&#9;&#9;&#9;&#9;&#9;.format(&quot;Player %d \nRole: %s \nScore: %d \nBuilding: %s \nPlantation: %s \nGoods: %s \nGovernor&quot;,&#13;&#10;&#9;&#9;&#9;&#9;&#9;&#9;&#9;pNum, role, points, buildingList, plantationList,&#13;&#10;&#9;&#9;&#9;&#9;&#9;&#9;&#9;goodsList);&#13;&#10;&#9;&#9;} else {&#13;&#10;&#9;&#9;&#9;rtn = String&#13;&#10;&#9;&#9;&#9;&#9;&#9;.format(&quot;Player %d \nRole: %s \nScore: %d \nBuilding: %s \nPlantation: %s \nGoods: %s&quot;,&#13;&#10;&#9;&#9;&#9;&#9;&#9;&#9;&#9;pNum, role, points, buildingList, plantationList,&#13;&#10;&#9;&#9;&#9;&#9;&#9;&#9;&#9;goodsList);&#13;&#10;&#9;&#9;}&#13;&#10;&#9;&#9;return rtn;&#13;&#10;&#9;}&#13;&#10;&#13;&#10;&#9;public void updatePlayerInfo() {&#13;&#10;&#9;&#9;this.hud.setText(this.toString());&#13;&#10;&#9;}&#13;&#10;&#13;&#10;&#9;public ArrayList&lt;Plantation&gt; getPlantations() {&#13;&#10;&#9;&#9;return this.plantations;&#13;&#10;&#9;}&#13;&#10;&#9;&#13;&#10;&#13;&#10;&#9;public ArrayList&lt;String&gt; getPlantationsStringList() {&#13;&#10;&#9;&#9;ArrayList&lt;String&gt; rtn = new ArrayList&lt;String&gt;();&#13;&#10;&#9;&#9;for (Plantation p : this.plantations) {&#13;&#10;&#9;&#9;&#9;rtn.add(p.good);&#13;&#10;&#9;&#9;}&#13;&#10;&#9;&#9;return rtn;&#13;&#10;&#9;}&#13;&#10;&#9;&#13;&#10;&#9;//Only used by the Craftsman: checks if the plantation has a worker and adds one&#13;&#10;&#9;//to the respective good count&#13;&#10;&#9;public void checkPlantation()&#13;&#10;&#9;{&#13;&#10;&#9;&#9;for (Plantation p : this.plantations)&#13;&#10;&#9;&#9;{&#13;&#10;&#9;&#9;&#9;//TODO: Change this once mayor gets fixed. Must only work if the mayor places a colonist&#13;&#10;&#9;&#9;&#9;// on the plantation.&#13;&#10;&#9;&#9;&#9;&#9;this.addGood(p.good, 1);&#13;&#10;&#9;&#9;}&#13;&#10;&#9;}&#13;&#10;&#13;&#10;&#13;&#10;&#13;&#10;}&#13;&#10;" Filename="Player.java" Intrnl_Id="3"/>
<SrcFile Content="package csse376_puerto_rico;&#13;&#10;&#13;&#10;import java.awt.event.ActionEvent;&#13;&#10;import java.awt.event.ActionListener;&#13;&#10;import java.util.ArrayList;&#13;&#10;import java.util.List;&#13;&#10;&#13;&#10;import javax.swing.JButton;&#13;&#10;&#13;&#10;public class NextMoveButton extends JButton &#13;&#10;{&#13;&#10;&#9;private List&lt;Player&gt; players;&#13;&#10;&#9;public NextMoveButton()&#13;&#10;&#9;{&#13;&#10;&#9;&#9;players = GameBoardGUI.players;&#13;&#10;&#9;&#9;final ArrayList&lt;Integer&gt; count = new ArrayList&lt;Integer&gt;();&#13;&#10;&#9;&#9;final Integer zero = 0;&#13;&#10;&#9;&#9;count.add(zero);&#13;&#10;&#9;&#9;this.addActionListener(new ActionListener() {&#13;&#10;&#9;&#9;&#9;&#13;&#10;&#9;&#9;&#9;@Override&#13;&#10;&#9;&#9;&#9;public void actionPerformed(ActionEvent e) {&#13;&#10;&#9;&#9;&#9;&#9;Integer newCount = count.get(0);&#13;&#10;&#9;&#9;&#9;&#9;newCount = newCount +1;&#13;&#10;&#9;&#9;&#9;&#9;count.remove(0);&#13;&#10;&#9;&#9;&#9;&#9;count.add(newCount);&#13;&#10;&#9;&#9;&#9;&#9;if(newCount &gt; 0 &amp;&amp; newCount % players.size() ==0)&#13;&#10;&#9;&#9;&#9;&#9;{&#13;&#10;&#9;&#9;&#9;&#9;&#9;Integer finalCount = newCount/players.size();&#13;&#10;&#9;&#9;&#9;&#9;&#9;setText(&quot;Turn &quot; +finalCount.toString());&#13;&#10;&#9;&#9;&#9;&#9;}&#13;&#10;&#9;&#9;&#9;&#9;&#13;&#10;&#9;&#9;&#9;&#9;makeMove();&#13;&#10;&#9;&#9;&#9;}&#13;&#10;&#9;&#9;});&#13;&#10;&#9;}&#13;&#10;&#9;public void makeMove()&#13;&#10;&#9;{&#13;&#10;&#9;&#9;//once you find the first true isTurn value, &#13;&#10;&#9;&#9;//you should set it off to mark that player's turn has ended&#13;&#10;&#9;&#9;//then you mark the next player's turn has started by turning its isTurn value as true&#13;&#10;&#9;&#9;//once these changes are made, this new players list replaces the mainboard's player's list&#13;&#10;&#9;&#9;for(int i=0;i&lt;players.size();i++)&#13;&#10;&#9;&#9;{&#13;&#10;&#9;&#9;&#9;if(players.get(i).isTurn)&#13;&#10;&#9;&#9;&#9;{&#13;&#10;&#9;&#9;&#9;&#9;players.get(i).isTurn = false;&#13;&#10;&#9;&#9;&#9;&#9;if(i == players.size()-1)&#13;&#10;&#9;&#9;&#9;&#9;{&#13;&#10;&#9;&#9;&#9;&#9;&#9;players.get(0).isTurn = true;&#13;&#10;&#9;&#9;&#9;&#9;}&#13;&#10;&#9;&#9;&#9;&#9;else&#13;&#10;&#9;&#9;&#9;&#9;{&#13;&#10;&#9;&#9;&#9;&#9;&#9;players.get(i+1).isTurn = true;&#13;&#10;&#9;&#9;&#9;&#9;}&#13;&#10;&#9;&#9;&#9;&#9;break;&#13;&#10;&#9;&#9;&#9;}&#13;&#10;&#9;&#9;}&#13;&#10;&#9;&#9;GameBoardGUI.players = players;&#13;&#10;&#9;}&#13;&#10;}&#13;&#10;&#13;&#10;&#9;&#13;&#10;&#13;&#10;" Filename="NextMoveButton.java" Intrnl_Id="4"/>
<SrcFile Content="package csse376_puerto_rico;&#13;&#10;&#13;&#10;import java.awt.BorderLayout;&#13;&#10;import java.awt.Image;&#13;&#10;&#13;&#10;import javax.swing.ImageIcon;&#13;&#10;import javax.swing.JButton;&#13;&#10;import javax.swing.JFrame;&#13;&#10;import javax.swing.JLabel;&#13;&#10;import javax.swing.JPanel;&#13;&#10;&#13;&#10;import net.miginfocom.swing.MigLayout;&#13;&#10;&#13;&#10;public class MenuGUI {&#13;&#10;&#9;/**&#13;&#10;     * Mainframe.&#13;&#10;     */&#13;&#10;     JFrame mainframe = new JFrame();&#13;&#10;     &#13;&#10;     /**&#13;&#10;     * Constructs the Menu.&#13;&#10;     * &#13;&#10;     */&#13;&#10;     public MenuGUI() {&#13;&#10;           this.mainframe.setTitle(&quot;Puerto Rico&quot;);&#13;&#10;           this.mainframe.setSize(1366, 800);&#13;&#10;           this.mainframe.setVisible(true);&#13;&#10;           this.mainframe.setDefaultCloseOperation(JFrame.EXIT_ON_CLOSE);&#13;&#10;//           this.mainframe.setResizable(false);&#13;&#10;//           MigLayout layout = new MigLayout();&#13;&#10;//   &#9;&#9;   this.mainframe.setLayout(layout);&#13;&#10;           &#13;&#10;           JPanel imgPanel = new JPanel();&#13;&#10;           JPanel buttonPanel = new JPanel();&#13;&#10;           &#13;&#10;           String imageLoc = &quot;puerto-ricosmall.jpg&quot;;&#13;&#10;           ImageIcon imageIcon = new ImageIcon(imageLoc);&#13;&#10;           &#13;&#10;           imgPanel.add(new JLabel(imageIcon));&#13;&#10;           &#13;&#10;           JButton newGame = new JButton(&quot;New Game&quot;);&#13;&#10;           newGame.addActionListener(new ButtonHandler(mainframe, null));&#13;&#10;           JButton quit = new JButton(&quot;Quit&quot;);&#13;&#10;           &#13;&#10;           buttonPanel.add(newGame);&#13;&#10;           buttonPanel.add(quit);&#13;&#10;           &#13;&#10;           this.mainframe.add(imgPanel, BorderLayout.NORTH);&#13;&#10;           this.mainframe.add(buttonPanel, BorderLayout.SOUTH);&#13;&#10;     }&#13;&#10;&#13;&#10;}&#13;&#10;" Filename="MenuGUI.java" Intrnl_Id="5"/>
<SrcFile Content="package csse376_puerto_rico;&#10;&#10;public class Main {&#10;&#9;/**&#10;&#9; * @param args&#10;&#9; * &#10;&#9; * &#10;&#9; */&#10;&#9;public static void main(String[] args) {&#10;&#9;&#9;new MenuGUI();&#10;&#9;}&#10;}&#10;" Filename="Main.java" Intrnl_Id="6"/>
<SrcFile Content="package csse376_puerto_rico;&#13;&#10;&#13;&#10;import java.awt.event.ActionEvent;&#13;&#10;import java.awt.event.ActionListener;&#13;&#10;import java.util.ArrayList;&#13;&#10;import java.util.List;&#13;&#10;&#13;&#10;import javax.swing.JButton;&#13;&#10;import javax.swing.JTextArea;&#13;&#10;&#13;&#10;public class GoodsButton extends JButton &#13;&#10;{&#13;&#10;&#9;private List&lt;Player&gt; players;&#13;&#10;&#9;private String goodsName;&#13;&#10;&#9;private JTextArea msgBar;&#13;&#10;&#9;private GameBoardGUI gbGUI;&#13;&#10;&#9;public GoodsButton(String good, GameBoardGUI gbg)&#13;&#10;&#9;{&#13;&#10;&#9;&#9;gbGUI = gbg;&#13;&#10;&#9;&#9;goodsName = good;&#13;&#10;&#9;&#9;setText(goodsName);&#13;&#10;&#9;&#9;players = gbg.players;&#13;&#10;&#9;&#9;msgBar = gbg.msgBar;&#13;&#10;&#9;&#9;this.addActionListener(new ActionListener() {&#13;&#10;&#9;&#9;&#9;&#13;&#10;&#9;&#9;&#9;@Override&#13;&#10;&#9;&#9;&#9;public void actionPerformed(ActionEvent e) &#13;&#10;&#9;&#9;&#9;{&#13;&#10;&#9;&#9;&#9;&#13;&#10;&#9;&#9;&#9;&#9;&#9;for(int i=0;i&lt;players.size();i++)&#13;&#10;&#9;&#9;&#9;&#9;&#9;{&#13;&#10;&#9;&#9;&#9;&#9;&#9;&#9;int playerNumber = i+1;&#13;&#10;&#9;&#9;&#9;&#9;&#9;&#9;System.out.println( &quot;Player &quot;+playerNumber+&quot;: &quot;+ players.get(i).getGoods());&#13;&#10;&#9;&#9;&#9;&#9;&#9;&#9;players.get(i).addGood(goodsName, 1);&#13;&#10;&#9;&#9;&#9;&#9;&#9;&#9;gbGUI.updateMsgBar(&quot;You pressed a button&quot;);&#13;&#10;&#9;&#9;&#9;&#9;&#9;}&#13;&#10;&#9;&#9;&#9;}&#13;&#10;&#9;&#9;});&#13;&#10;&#9;&#9;&#13;&#10;&#9;&#9;GameBoardGUI.players = players;&#13;&#10;&#9;}&#13;&#10;}&#13;&#10;" Filename="GoodsButton.java" Intrnl_Id="7"/>
<SrcFile Content="package csse376_puerto_rico;&#13;&#10;&#13;&#10;import java.awt.Color;&#13;&#10;import java.util.ArrayList;&#13;&#10;import java.util.Enumeration;&#13;&#10;import java.util.List;&#13;&#10;&#13;&#10;import javax.swing.AbstractButton;&#13;&#10;import javax.swing.ButtonGroup;&#13;&#10;import javax.swing.JFrame;&#13;&#10;import javax.swing.JOptionPane;&#13;&#10;import javax.swing.JTextArea;&#13;&#10;&#13;&#10;import net.miginfocom.swing.MigLayout;&#13;&#10;import csse376_puerto_rico.Buildings.Building;&#13;&#10;import csse376_puerto_rico.Player.Plantation;&#13;&#10;&#13;&#10;public class GameBoardGUI {&#13;&#10;&#13;&#10;&#9;private JFrame mainframe;&#13;&#10;&#9;public static List&lt;Player&gt; players;&#13;&#10;&#9;public static JTextArea msgBar;&#13;&#10;&#9;public static JTextArea gameStateInfo;&#13;&#10;&#9;// public static ArrayList&lt;JPanel&gt; playerCards;&#13;&#10;&#9;private ButtonGroup bGroup;&#13;&#10;&#9;private static int turnCount;&#13;&#10;&#9;private GameState gameState;&#13;&#10;&#13;&#10;&#9;public GameBoardGUI() {&#13;&#10;&#9;&#9;// For testing purposes.&#13;&#10;&#9;&#9;this.msgBar = new JTextArea();&#13;&#10;&#9;&#9;this.gameStateInfo = new JTextArea();&#13;&#10;&#9;&#9;this.players = new ArrayList&lt;Player&gt;();&#13;&#10;&#9;&#9;this.mainframe = new JFrame();&#13;&#10;&#9;&#9;this.gameState = new GameState();&#13;&#10;&#9;}&#13;&#10;&#13;&#10;&#9;public GameBoardGUI(JFrame frame, ButtonGroup group) {&#13;&#10;&#9;&#9;this.players = new ArrayList&lt;Player&gt;();&#13;&#10;&#9;&#9;this.mainframe = frame;&#13;&#10;&#9;&#9;this.mainframe.setTitle(&quot;Puerto Rico&quot;);&#13;&#10;&#9;&#9;this.mainframe.getContentPane().removeAll();&#13;&#10;&#9;&#9;this.mainframe.getContentPane().revalidate();&#13;&#10;&#9;&#9;this.mainframe.setBackground(Color.GREEN);&#13;&#10;&#9;&#9;MigLayout layout = new MigLayout();&#13;&#10;&#9;&#9;this.mainframe.setLayout(layout);&#13;&#10;&#9;&#9;this.bGroup = group;&#13;&#10;&#9;&#9;this.msgBar = new JTextArea();&#13;&#10;&#9;&#9;this.gameStateInfo = new JTextArea();&#13;&#10;&#13;&#10;&#13;&#10;&#9;&#9;String temp = &quot;0&quot;;&#13;&#10;&#9;&#9;for (Enumeration&lt;AbstractButton&gt; buttons = this.bGroup.getElements(); buttons&#13;&#10;&#9;&#9;&#9;&#9;.hasMoreElements();) {&#13;&#10;&#9;&#9;&#9;AbstractButton button = buttons.nextElement();&#13;&#10;&#9;&#9;&#9;if (button.isSelected()) {&#13;&#10;&#9;&#9;&#9;&#9;temp = button.getText();&#13;&#10;&#9;&#9;&#9;}&#13;&#10;&#9;&#9;}&#13;&#10;&#9;&#9;int numberPlayers = Integer.parseInt(temp);&#13;&#10;&#9;&#9;&#13;&#10;&#9;&#9;this.addPlayers(numberPlayers);&#13;&#10;&#9;}&#13;&#10;&#9;&#13;&#10;&#9;private void displayGameState() {&#13;&#10;&#9;&#9;int coffee = this.gameState.getGood(Player.Good.COFFEE);&#13;&#10;&#9;&#9;int corn = this.gameState.getGood(Player.Good.CORN);&#13;&#10;&#9;&#9;int indigo = this.gameState.getGood(Player.Good.INDIGO);&#13;&#10;&#9;&#9;int sugar = this.gameState.getGood(Player.Good.SUGAR);&#13;&#10;&#9;&#9;int tobacco = this.gameState.getGood(Player.Good.TOBACCO);&#13;&#10;&#9;&#9;int colonists = this.gameState.getColonistsOnBoard();&#13;&#10;&#9;&#9;&#13;&#10;&#9;&#9;String parsedInfo = &quot;Coffe: &quot;+coffee+&quot;    Corn: &quot;+corn+&quot;    Indigo: &quot;+indigo+&#13;&#10;&#9;&#9;&#9;&#9;&quot;\nSugar: &quot;+sugar+&quot;        Tobacco: &quot;+tobacco+&#13;&#10;&#9;&#9;&#9;&#9;&quot;\nColonists: &quot;+colonists+&#13;&#10;&#9;&#9;&#9;&#9;&quot;\n&quot;+&#13;&#10;&#9;&#9;&#9;&#9;&quot;\nCargo Ship: &quot;+(4 - this.gameState.cargoship4)+&quot; spots for &quot;+this.gameState.cargoship4Good+&#13;&#10;&#9;&#9;&#9;&#9;&quot;    Cargo Ship: &quot;+(5 - this.gameState.cargoship5)+&quot; spots for &quot;+this.gameState.cargoship5Good+&#13;&#10;&#9;&#9;&#9;&#9;&quot;    Cargo Ship: &quot;+(6 - this.gameState.cargoship6)+&quot; spots for &quot;+this.gameState.cargoship6Good;&#13;&#10;&#9;&#9;gameStateInfo.setColumns(20);&#13;&#10;&#9;&#9;gameStateInfo.setRows(7);&#13;&#10;&#9;&#9;gameStateInfo.setText(parsedInfo);&#13;&#10;&#9;&#9;this.mainframe.add(gameStateInfo, &quot;cell 2 3&quot;);&#13;&#10;&#9;}&#13;&#10;&#9;&#13;&#10;&#9;private void updateGameStateDisplay(){&#13;&#10;&#9;&#9;int coffee = this.gameState.getGood(Player.Good.COFFEE);&#13;&#10;&#9;&#9;int corn = this.gameState.getGood(Player.Good.CORN);&#13;&#10;&#9;&#9;int indigo = this.gameState.getGood(Player.Good.INDIGO);&#13;&#10;&#9;&#9;int sugar = this.gameState.getGood(Player.Good.SUGAR);&#13;&#10;&#9;&#9;int tobacco = this.gameState.getGood(Player.Good.TOBACCO);&#13;&#10;&#9;&#9;int colonists = this.gameState.getColonistsOnBoard();&#13;&#10;&#9;&#9;&#13;&#10;&#9;&#9;String parsedInfo = &quot;Coffe: &quot;+coffee+&quot;    Corn: &quot;+corn+&quot;    Indigo: &quot;+indigo+&#13;&#10;&#9;&#9;&#9;&#9;&quot;\nSugar: &quot;+sugar+&quot;        Tobacco: &quot;+tobacco+&#13;&#10;&#9;&#9;&#9;&#9;&quot;\nColonists: &quot;+colonists+&#13;&#10;&#9;&#9;&#9;&#9;&quot;\n&quot;+&#13;&#10;&#9;&#9;&#9;&#9;&quot;\nCargo Ship: &quot;+(4 - this.gameState.cargoship4)+&quot; spots for &quot;+this.gameState.cargoship4Good+&#13;&#10;&#9;&#9;&#9;&#9;&quot;    Cargo Ship: &quot;+(5 - this.gameState.cargoship5)+&quot; spots for &quot;+this.gameState.cargoship5Good+&#13;&#10;&#9;&#9;&#9;&#9;&quot;    Cargo Ship: &quot;+(6 - this.gameState.cargoship6)+&quot; spots for &quot;+this.gameState.cargoship6Good;&#13;&#10;&#9;&#9;&#13;&#10;&#9;&#9;gameStateInfo.setText(parsedInfo);&#13;&#10;&#9;}&#13;&#10;&#13;&#10;&#9;private void displayMessageBar() {&#13;&#10;&#9;&#9;msgBar.setColumns(90);&#13;&#10;&#9;&#9;this.mainframe.add(msgBar, &quot;cell 0 0, span &quot; + this.players.size());&#13;&#10;&#9;}&#13;&#10;&#13;&#10;&#9;private void addGoodsButtons() {&#13;&#10;&#9;&#9;GoodsButton CoffeeButton = new GoodsButton(&quot;Coffee&quot;, this);&#13;&#10;&#9;&#9;GoodsButton CornButton = new GoodsButton(&quot;Corn&quot;, this);&#13;&#10;&#9;&#9;GoodsButton TobaccoButton = new GoodsButton(&quot;Tobacco&quot;, this);&#13;&#10;&#9;&#9;GoodsButton IndigoButton = new GoodsButton(&quot;Indigo&quot;, this);&#13;&#10;&#9;&#9;GoodsButton SugarButton = new GoodsButton(&quot;Sugar&quot;, this);&#13;&#10;&#9;&#9;this.mainframe.add(CoffeeButton, &quot;cell 0 2&quot;);&#13;&#10;&#9;&#9;this.mainframe.add(CornButton, &quot;cell 0 2&quot;);&#13;&#10;&#9;&#9;this.mainframe.add(TobaccoButton, &quot;cell 0 2&quot;);&#13;&#10;&#9;&#9;this.mainframe.add(SugarButton, &quot;cell 0 2&quot;);&#13;&#10;&#9;&#9;this.mainframe.add(IndigoButton, &quot;cell 0 2&quot;);&#13;&#10;&#9;}&#13;&#10;&#13;&#10;&#9;public List&lt;Player&gt; addPlayers(int numberOfPlayers) {&#13;&#10;&#9;&#9;// this.addPlayerCards(numberOfPlayers);&#13;&#10;&#9;&#9;for (int i = 0; i &lt; numberOfPlayers; i++) {&#13;&#10;&#9;&#9;&#9;Player p = new Player();&#13;&#10;&#9;&#9;&#9;if (i == 0) {&#13;&#10;&#9;&#9;&#9;&#9;p.isGovernor = true;&#13;&#10;&#9;&#9;&#9;}&#13;&#10;&#9;&#9;&#9;p.setPlayerNum(i);&#13;&#10;&#9;&#9;&#9;JTextArea jta = new JTextArea(&quot;Player &quot; + i + &quot;\nRole: &quot;&#13;&#10;&#9;&#9;&#9;&#9;&#9;+ &quot;\nScore: &quot; + p.getPoints() + &quot;\nBuildings:&quot;&#13;&#10;&#9;&#9;&#9;&#9;&#9;+ p.getBuildingsStringList() + &quot;\nPlantations:\n&quot;);&#13;&#10;&#9;&#9;&#9;jta.setRows(15);&#13;&#10;&#9;&#9;&#9;jta.setColumns(15);&#13;&#10;&#9;&#9;&#9;p.setHUD(jta);&#13;&#10;&#9;&#9;&#9;this.players.add(p);&#13;&#10;&#9;&#9;&#9;this.mainframe.add(jta, &quot;cell &quot; + i + &quot; 1&quot;);&#13;&#10;&#13;&#10;&#9;&#9;}&#13;&#10;&#9;&#9;this.gameState = new GameState(this.players);&#13;&#10;&#9;&#9;&#13;&#10;&#9;&#9;displayGameState();&#13;&#10;&#9;&#9;displayMessageBar();&#13;&#10;&#9;&#9;addGoodsButtons();&#13;&#10;&#9;&#9;updateRoles();&#13;&#10;&#13;&#10;&#9;&#9;return this.players;&#13;&#10;&#9;}&#13;&#10;&#13;&#10;&#9;public List&lt;Player&gt; getPlayers() {&#13;&#10;&#9;&#9;return this.players;&#13;&#10;&#9;}&#13;&#10;&#13;&#10;&#9;public static int getTurnCount() {&#13;&#10;&#9;&#9;return turnCount;&#13;&#10;&#9;}&#13;&#10;&#13;&#10;&#9;// Will be deleted&#13;&#10;&#9;@Deprecated&#13;&#10;&#9;public String getPlayerText(int playerNum, String role, int points,&#13;&#10;&#9;&#9;&#9;String buildingList, String plantationList, boolean isGovernor) {&#13;&#10;&#9;&#9;String rtn = null;&#13;&#10;&#9;&#9;if (isGovernor) {&#13;&#10;&#9;&#9;&#9;rtn = String&#13;&#10;&#9;&#9;&#9;&#9;&#9;.format(&quot;Player %d \nRole: %s \nScore: %d \nBuilding: %s \nPlantation: %s \nGovernor&quot;,&#13;&#10;&#9;&#9;&#9;&#9;&#9;&#9;&#9;playerNum, role, points, buildingList,&#13;&#10;&#9;&#9;&#9;&#9;&#9;&#9;&#9;plantationList);&#13;&#10;&#13;&#10;&#9;&#9;} else {&#13;&#10;&#9;&#9;&#9;rtn = String&#13;&#10;&#9;&#9;&#9;&#9;&#9;.format(&quot;Player %d \nRole: %s \nScore: %d \nBuilding: %s \nPlantation: %s&quot;,&#13;&#10;&#9;&#9;&#9;&#9;&#9;&#9;&#9;playerNum, role, points, buildingList,&#13;&#10;&#9;&#9;&#9;&#9;&#9;&#9;&#9;plantationList);&#13;&#10;&#13;&#10;&#9;&#9;}&#13;&#10;&#9;&#9;return rtn;&#13;&#10;&#9;}&#13;&#10;&#13;&#10;&#9;public void updateRoles() {&#13;&#10;&#13;&#10;&#9;&#9;Object[] options = Player.getRoles().toArray();&#13;&#10;&#9;&#9;while (!checkEndGame()) {&#13;&#10;&#9;&#9;&#9;options = Player.getRoles().toArray();&#13;&#10;&#9;&#9;&#9;for (int i = 0; i &lt; this.players.size(); i++) {&#13;&#10;&#9;&#9;&#9;&#9;Player player = this.players.get(i);&#13;&#10;&#9;&#9;&#9;&#9;// DONE: Min, make player not able to choose role already chosen&#13;&#10;&#9;&#9;&#9;&#9;// for this turn.&#13;&#10;&#9;&#9;&#9;&#9;int n = JOptionPane.showOptionDialog(this.mainframe,&#13;&#10;&#9;&#9;&#9;&#9;&#9;&#9;&quot;Choose your role!&quot;, &quot;Player &quot; + i,&#13;&#10;&#9;&#9;&#9;&#9;&#9;&#9;JOptionPane.YES_NO_CANCEL_OPTION,&#13;&#10;&#9;&#9;&#9;&#9;&#9;&#9;JOptionPane.QUESTION_MESSAGE, null, options,&#13;&#10;&#9;&#9;&#9;&#9;&#9;&#9;options[options.length - 1]);&#13;&#10;&#9;&#9;&#9;&#9;// in this block of code I had to convert the lists of&#13;&#10;&#9;&#9;&#9;&#9;// buildings,plantations into Strings&#13;&#10;&#13;&#10;&#9;&#9;&#9;&#9;// TODO: move the building, plantation string builder to&#13;&#10;&#9;&#9;&#9;&#9;// getPlayerText method.&#13;&#10;&#9;&#9;&#9;&#9;// kurian&#13;&#10;&#13;&#10;&#9;&#9;&#9;&#9;String role = (String) options[n];&#13;&#10;&#9;&#9;&#9;&#9;player.setRole(role);&#13;&#10;&#13;&#10;&#9;&#9;&#9;&#9;player.updatePlayerInfo();&#13;&#10;&#13;&#10;&#9;&#9;&#9;&#9;playRole(i);&#13;&#10;&#9;&#9;&#9;&#9;&#13;&#10;&#9;&#9;&#9;&#9;// update&#13;&#10;&#9;&#9;&#9;&#9;this.gameState.updateAtEndOfTurn();&#13;&#10;&#9;&#9;&#9;&#9;&#13;&#10;&#9;&#9;&#9;&#9;// removing selected&#13;&#10;&#9;&#9;&#9;&#9;List&lt;Object&gt; temp = new ArrayList&lt;Object&gt;();&#13;&#10;&#9;&#9;&#9;&#9;for (int j = 0; j &lt; options.length; j++) {&#13;&#10;&#9;&#9;&#9;&#9;&#9;if (j != n) {&#13;&#10;&#9;&#9;&#9;&#9;&#9;&#9;temp.add(options[j]);&#13;&#10;&#9;&#9;&#9;&#9;&#9;}&#13;&#10;&#9;&#9;&#9;&#9;}&#13;&#10;&#9;&#9;&#9;&#9;options = temp.toArray();&#13;&#10;&#9;&#9;&#9;}&#13;&#10;&#13;&#10;&#9;&#9;}&#13;&#10;&#13;&#10;&#9;}&#13;&#10;&#13;&#10;&#9;public boolean checkEndGame() {&#13;&#10;&#9;&#9;// checks the end of the game, default to true for testing, otherwise false&#13;&#10;&#9;&#9;return gameState.isGameEndState();&#13;&#10;&#9;}&#13;&#10;&#13;&#10;&#9;public void updateMsgBar(String msg) {&#13;&#10;&#9;&#9;this.msgBar.setText(msg);&#13;&#10;&#9;}&#13;&#10;&#9;&#13;&#10;&#9;&#13;&#10;&#13;&#10;&#9;public void playRole(int roleNum) {&#13;&#10;&#9;&#9;// &#13;&#10;&#9;&#9;Player player = players.get(roleNum);&#13;&#10;&#9;&#9;String role = player.getRole();&#13;&#10;&#13;&#10;&#9;&#9;if (role.equals(PlayerRoles.Mayor)) {&#13;&#10;&#13;&#10;&#9;&#9;&#9;for (int i = 0; i &lt; players.size(); i++) {&#13;&#10;&#9;&#9;&#9;&#9;// TODO: player goes to next person, it should not start with&#13;&#10;&#13;&#10;&#9;&#9;&#9;&#9;player = players.get(roleNum);&#13;&#10;&#13;&#10;&#9;&#9;&#9;&#9;Object[] options = { &quot;Building&quot;, &quot;Plantation&quot;, &quot;Do Nothing&quot; };&#13;&#10;&#9;&#9;&#9;&#9;boolean selected = false;&#13;&#10;&#9;&#9;&#9;&#9;while (!selected) {&#13;&#10;&#9;&#9;&#9;&#9;&#9;int n = JOptionPane&#13;&#10;&#9;&#9;&#9;&#9;&#9;&#9;&#9;.showOptionDialog(&#13;&#10;&#9;&#9;&#9;&#9;&#9;&#9;&#9;&#9;&#9;this.mainframe,&#13;&#10;&#9;&#9;&#9;&#9;&#9;&#9;&#9;&#9;&#9;&quot;Give the colonosists a job! \nChoose a structure.&quot;,&#13;&#10;&#9;&#9;&#9;&#9;&#9;&#9;&#9;&#9;&#9;&quot;Player &quot; + roleNum,&#13;&#10;&#9;&#9;&#9;&#9;&#9;&#9;&#9;&#9;&#9;JOptionPane.YES_NO_CANCEL_OPTION,&#13;&#10;&#9;&#9;&#9;&#9;&#9;&#9;&#9;&#9;&#9;JOptionPane.QUESTION_MESSAGE, null,&#13;&#10;&#9;&#9;&#9;&#9;&#9;&#9;&#9;&#9;&#9;options, options[options.length - 1]);&#13;&#10;&#9;&#9;&#9;&#9;&#9;if (n == 0) {&#13;&#10;&#9;&#9;&#9;&#9;&#9;&#9;ArrayList&lt;String&gt; pBuildingsNames = (ArrayList&lt;String&gt;) player&#13;&#10;&#9;&#9;&#9;&#9;&#9;&#9;&#9;&#9;.getBuildingsStringList().clone();&#13;&#10;&#9;&#9;&#9;&#9;&#9;&#9;pBuildingsNames.add(&quot;Go Back&quot;);&#13;&#10;&#9;&#9;&#9;&#9;&#9;&#9;Object[] temp = pBuildingsNames.toArray();&#13;&#10;&#13;&#10;&#9;&#9;&#9;&#9;&#9;&#9;int buildingNum = JOptionPane&#13;&#10;&#9;&#9;&#9;&#9;&#9;&#9;&#9;&#9;.showOptionDialog(&#13;&#10;&#9;&#9;&#9;&#9;&#9;&#9;&#9;&#9;&#9;&#9;this.mainframe,&#13;&#10;&#9;&#9;&#9;&#9;&#9;&#9;&#9;&#9;&#9;&#9;&quot;Give the colonosists a job! \nChoose a building&quot;,&#13;&#10;&#9;&#9;&#9;&#9;&#9;&#9;&#9;&#9;&#9;&#9;&quot;Player &quot; + (roleNum),&#13;&#10;&#9;&#9;&#9;&#9;&#9;&#9;&#9;&#9;&#9;&#9;JOptionPane.YES_NO_CANCEL_OPTION,&#13;&#10;&#9;&#9;&#9;&#9;&#9;&#9;&#9;&#9;&#9;&#9;JOptionPane.QUESTION_MESSAGE, null,&#13;&#10;&#9;&#9;&#9;&#9;&#9;&#9;&#9;&#9;&#9;&#9;temp, null);&#13;&#10;&#9;&#9;&#9;&#9;&#9;&#9;if (buildingNum != temp.length - 1) {&#13;&#10;&#9;&#9;&#9;&#9;&#9;&#9;&#9;// TODO: need a check on this, adding workers.&#13;&#10;&#9;&#9;&#9;&#9;&#9;&#9;&#9;player.getBuildings().get(buildingNum).numberOfWorkers++;&#13;&#10;&#9;&#9;&#9;&#9;&#9;&#9;&#9;selected = true;&#13;&#10;&#9;&#9;&#9;&#9;&#9;&#9;} else {&#13;&#10;//&#9;&#9;&#9;&#9;&#9;&#9;&#9;updateMsgBar(&quot;You have no buildings&quot;);&#13;&#10;&#9;&#9;&#9;&#9;&#9;&#9;&#9;selected = false;&#13;&#10;&#9;&#9;&#9;&#9;&#9;&#9;}&#13;&#10;&#13;&#10;&#9;&#9;&#9;&#9;&#9;} else if (n == 1) {&#13;&#10;&#9;&#9;&#9;&#9;&#9;&#9;ArrayList&lt;String&gt; pPlantations = (ArrayList&lt;String&gt;) player&#13;&#10;&#9;&#9;&#9;&#9;&#9;&#9;&#9;&#9;.getPlantationsStringList().clone();&#13;&#10;&#9;&#9;&#9;&#9;&#9;&#9;pPlantations.add(&quot;Go Back&quot;);&#13;&#10;&#9;&#9;&#9;&#9;&#9;&#9;Object[] temp = pPlantations.toArray();&#13;&#10;&#13;&#10;&#9;&#9;&#9;&#9;&#9;&#9;int plantationNum = JOptionPane&#13;&#10;&#9;&#9;&#9;&#9;&#9;&#9;&#9;&#9;.showOptionDialog(&#13;&#10;&#9;&#9;&#9;&#9;&#9;&#9;&#9;&#9;&#9;&#9;this.mainframe,&#13;&#10;&#9;&#9;&#9;&#9;&#9;&#9;&#9;&#9;&#9;&#9;&quot;Give the colonosists a job! \nChoose a plantation&quot;,&#13;&#10;&#9;&#9;&#9;&#9;&#9;&#9;&#9;&#9;&#9;&#9;&quot;Player &quot; + (roleNum),&#13;&#10;&#9;&#9;&#9;&#9;&#9;&#9;&#9;&#9;&#9;&#9;JOptionPane.YES_NO_CANCEL_OPTION,&#13;&#10;&#9;&#9;&#9;&#9;&#9;&#9;&#9;&#9;&#9;&#9;JOptionPane.QUESTION_MESSAGE, null,&#13;&#10;&#9;&#9;&#9;&#9;&#9;&#9;&#9;&#9;&#9;&#9;temp, null);&#13;&#10;&#9;&#9;&#9;&#9;&#9;&#9;if (plantationNum != temp.length - 1) {&#13;&#10;&#9;&#9;&#9;&#9;&#9;&#9;&#9;selected = true;&#13;&#10;&#9;&#9;&#9;&#9;&#9;&#9;} else {&#13;&#10;//&#9;&#9;&#9;&#9;&#9;&#9;&#9;updateMsgBar(&quot;You have no plantions&quot;);&#13;&#10;&#9;&#9;&#9;&#9;&#9;&#9;&#9;selected = false;&#13;&#10;&#9;&#9;&#9;&#9;&#9;&#9;}&#13;&#10;&#9;&#9;&#9;&#9;&#9;} else {&#13;&#10;&#9;&#9;&#9;&#9;&#9;&#9;// Do nothing&#13;&#10;&#9;&#9;&#9;&#9;&#9;&#9;selected = true;&#13;&#10;&#9;&#9;&#9;&#9;&#9;}&#13;&#10;&#9;&#9;&#9;&#9;&#9;player.updatePlayerInfo();&#13;&#10;&#9;&#9;&#9;&#9;}&#13;&#10;&#9;&#9;&#9;&#9;roleNum = (roleNum + 1) % players.size();&#13;&#10;&#13;&#10;&#9;&#9;&#9;}&#13;&#10;&#9;&#9;} else if (role.equals(PlayerRoles.Builder)) {&#13;&#10;&#9;&#9;&#9;Buildings b = new Buildings();&#13;&#10;&#9;&#9;&#9;ArrayList&lt;String&gt; bNames = b.getBuildingNames();&#13;&#10;&#9;&#9;&#9;bNames.add(&quot;Nothing&quot;);&#13;&#10;&#9;&#9;&#9;Object[] options = bNames.toArray();&#13;&#10;&#9;&#9;&#9;// TODO: add condition that builder gets discount,&#13;&#10;&#9;&#9;&#9;for (int i = 0; i &lt; players.size(); i++) {&#13;&#10;&#13;&#10;&#9;&#9;&#9;&#9;player = players.get(roleNum);&#13;&#10;&#9;&#9;&#9;&#9;System.out.println(roleNum);&#13;&#10;&#9;&#9;&#9;&#9;// player = player.next at the end&#13;&#10;&#9;&#9;&#9;&#9;int n = JOptionPane.showOptionDialog(this.mainframe,&#13;&#10;&#9;&#9;&#9;&#9;&#9;&#9;&quot;Choose a building to build!&quot;, &quot;Player &quot; + (roleNum),&#13;&#10;&#9;&#9;&#9;&#9;&#9;&#9;JOptionPane.YES_NO_CANCEL_OPTION,&#13;&#10;&#9;&#9;&#9;&#9;&#9;&#9;JOptionPane.QUESTION_MESSAGE, null, options,&#13;&#10;&#9;&#9;&#9;&#9;&#9;&#9;options[options.length - 1]);&#13;&#10;&#9;&#9;&#9;&#9;if (n != bNames.size() - 1) {&#13;&#10;&#9;&#9;&#9;&#9;&#9;player.addBuilding(new Building(bNames.get(n)));&#13;&#10;&#9;&#9;&#9;&#9;}&#13;&#10;&#9;&#9;&#9;&#9;player.updatePlayerInfo();&#13;&#10;&#9;&#9;&#9;&#9;roleNum = (roleNum + 1) % players.size();&#13;&#10;&#13;&#10;&#9;&#9;&#9;}&#13;&#10;&#9;&#9;}else if(role.equals(PlayerRoles.Settler)){&#13;&#10;&#9;&#9;&#9;//DONE: kurian&#13;&#10;&#9;&#9;&#9;List&lt;String&gt; gNames = player.getAllGoods();&#13;&#10;&#9;&#9;&#9;gNames.add(&quot;Quarry&quot;);&#13;&#10;&#9;&#9;&#9;Object[] options = gNames.toArray();&#13;&#10;&#9;&#9;&#9;for (int i = 0; i &lt; players.size(); i++) {&#13;&#10;&#13;&#10;&#9;&#9;&#9;&#9;player = players.get(roleNum);&#13;&#10;&#9;&#9;&#9;&#9;// player = player.next at the end&#13;&#10;&#9;&#9;&#9;&#9;int n = JOptionPane.showOptionDialog(this.mainframe,&#13;&#10;&#9;&#9;&#9;&#9;&#9;&#9;&quot;Choose a Good to harvest!&quot;, &quot;Player &quot; + (roleNum),&#13;&#10;&#9;&#9;&#9;&#9;&#9;&#9;JOptionPane.YES_NO_CANCEL_OPTION,&#13;&#10;&#9;&#9;&#9;&#9;&#9;&#9;JOptionPane.QUESTION_MESSAGE, null, options,&#13;&#10;&#9;&#9;&#9;&#9;&#9;&#9;options[options.length - 1]);&#13;&#10;&#9;&#9;&#9;&#9;&#9;System.out.println(gNames.get(n));&#13;&#10;&#9;&#9;&#9;&#9;if (n != gNames.size() - 1 &amp;&amp; gNames.get(n) != &quot;Quarry&quot;) {&#13;&#10;&#9;&#9;&#9;&#9;&#9;player.getPlantations().add(new Plantation(gNames.get(n), false));&#13;&#10;&#9;&#9;&#9;&#9;}&#13;&#10;&#9;&#9;&#9;&#9;player.updatePlayerInfo();&#13;&#10;&#9;&#9;&#9;&#9;roleNum = (roleNum + 1) % players.size();&#13;&#10;&#9;&#9;&#9;}&#13;&#10;&#9;&#9;}else if(role.equals(PlayerRoles.Craftsman)){&#13;&#10;&#9;&#9;&#9;//DONE: kurian&#13;&#10;&#9;&#9;&#9;for (int i = 0; i &lt; players.size(); i++) {&#13;&#10;&#13;&#10;&#9;&#9;&#9;&#9;player = players.get(roleNum);&#13;&#10;&#9;&#9;&#9;&#9;player.checkPlantation();&#13;&#10;&#9;&#9;&#9;&#9;player.updatePlayerInfo();&#13;&#10;&#9;&#9;&#9;&#9;roleNum = (roleNum + 1) % players.size();&#13;&#10;&#13;&#10;&#9;&#9;&#9;}&#13;&#10;&#9;&#9;}else if(role.equals(PlayerRoles.Trader)){&#13;&#10;&#9;&#9;&#9;//TODO: Min&#13;&#10;&#9;&#9;&#9;for (int i = 0; i &lt; players.size(); i++) {&#13;&#10;&#13;&#10;&#9;&#9;&#9;&#9;player = players.get(roleNum);&#13;&#10;&#9;&#9;&#9;&#9;//TODO:&#13;&#10;&#9;&#9;&#9;&#9;player.updatePlayerInfo();&#13;&#10;&#9;&#9;&#9;&#9;roleNum = (roleNum + 1) % players.size();&#13;&#10;&#13;&#10;&#9;&#9;&#9;}&#13;&#10;&#9;&#9;}else if(role.equals(PlayerRoles.Captain)){&#13;&#10;&#9;&#9;&#9;&#13;&#10;&#9;&#9;&#9;for (int i = 0; i &lt; players.size(); i++) {&#13;&#10;&#9;&#9;&#9;&#9;//TODO:&#13;&#10;&#9;&#9;&#9;&#9;player = players.get(roleNum);&#13;&#10;&#9;&#9;&#9;&#9;Object[] goodOptions = player.getAllGoods().toArray();&#13;&#10;&#9;&#9;&#9;&#9;&#13;&#10;&#9;&#9;&#9;&#9;int good = JOptionPane.showOptionDialog(this.mainframe,&#13;&#10;&#9;&#9;&#9;&#9;&#9;&#9;&quot;Choose a good to ship!&quot;, &quot;Player &quot; + (roleNum),&#13;&#10;&#9;&#9;&#9;&#9;&#9;&#9;JOptionPane.YES_NO_CANCEL_OPTION,&#13;&#10;&#9;&#9;&#9;&#9;&#9;&#9;JOptionPane.QUESTION_MESSAGE, null, goodOptions,&#13;&#10;&#9;&#9;&#9;&#9;&#9;&#9;goodOptions[goodOptions.length - 1]);&#13;&#10;&#9;&#9;&#9;&#9;&#13;&#10;&#9;&#9;&#9;&#9;Object[] shipOptions = new Object[3];&#13;&#10;&#9;&#9;&#9;&#9;shipOptions[0] = 4;&#13;&#10;&#9;&#9;&#9;&#9;shipOptions[1] = 5;&#13;&#10;&#9;&#9;&#9;&#9;shipOptions[2] = 6;&#13;&#10;&#9;&#9;&#9;&#9;int ship = JOptionPane.showOptionDialog(this.mainframe,&#13;&#10;&#9;&#9;&#9;&#9;&#9;&#9;&quot;Choose a cargo ship to put good!&quot;, &quot;Player &quot; + (roleNum),&#13;&#10;&#9;&#9;&#9;&#9;&#9;&#9;JOptionPane.YES_NO_CANCEL_OPTION,&#13;&#10;&#9;&#9;&#9;&#9;&#9;&#9;JOptionPane.QUESTION_MESSAGE, null, shipOptions,&#13;&#10;&#9;&#9;&#9;&#9;&#9;&#9;shipOptions[shipOptions.length - 1]);&#13;&#10;&#9;&#9;&#9;&#9;&#13;&#10;&#9;&#9;&#9;&#9;if(ship == 0){&#13;&#10;&#9;&#9;&#9;&#9;&#9;this.gameState.cargoship4Good = (String) goodOptions[good];&#13;&#10;&#9;&#9;&#9;&#9;&#9;this.gameState.cargoship4++;&#13;&#10;&#9;&#9;&#9;&#9;}else if(ship == 1){&#13;&#10;&#9;&#9;&#9;&#9;&#9;this.gameState.cargoship5Good = (String) goodOptions[good];&#13;&#10;&#9;&#9;&#9;&#9;&#9;this.gameState.cargoship5++;&#13;&#10;&#9;&#9;&#9;&#9;}else if(ship == 2){&#13;&#10;&#9;&#9;&#9;&#9;&#9;this.gameState.cargoship6Good = (String) goodOptions[good];&#13;&#10;&#9;&#9;&#9;&#9;&#9;this.gameState.cargoship6++;&#13;&#10;&#9;&#9;&#9;&#9;}&#13;&#10;&#9;&#9;&#9;&#9;&#13;&#10;&#9;&#9;&#9;&#9;updateGameStateDisplay();&#13;&#10;&#9;&#9;&#9;&#9;player.updatePlayerInfo();&#13;&#10;&#9;&#9;&#9;&#9;roleNum = (roleNum + 1) % players.size();&#13;&#10;&#13;&#10;&#9;&#9;&#9;}&#13;&#10;&#9;&#9;}else if(role.equals(PlayerRoles.Prospector)){&#13;&#10;&#9;&#9;&#9;//:do nothing&#13;&#10;&#9;&#9;&#9;for (int i = 0; i &lt; players.size(); i++) {&#13;&#10;&#13;&#10;&#9;&#9;&#9;&#9;player = players.get(roleNum);&#13;&#10;&#9;&#9;&#9;&#9;//:&#13;&#10;&#9;&#9;&#9;&#9;player.updatePlayerInfo();&#13;&#10;&#9;&#9;&#9;&#9;roleNum = (roleNum + 1) % players.size();&#13;&#10;&#13;&#10;&#9;&#9;&#9;}&#13;&#10;&#9;&#9;}&#13;&#10;&#13;&#10;&#9;}&#13;&#10;&#13;&#10;}&#13;&#10;" Filename="GameBoardGUI.java" Intrnl_Id="8"/>
<SrcFile Content="package csse376_puerto_rico;&#13;&#10;&#13;&#10;import java.awt.event.ActionEvent;&#13;&#10;import java.awt.event.ActionListener;&#13;&#10;&#13;&#10;import javax.swing.ButtonGroup;&#13;&#10;import javax.swing.JFrame;&#13;&#10;&#13;&#10;public class ButtonHandler implements ActionListener {&#13;&#10;&#9;&#13;&#10;&#9;private JFrame mainframe;&#13;&#10;&#9;private ButtonGroup bGroup;&#13;&#10;&#13;&#10;&#9;public ButtonHandler(JFrame frame, ButtonGroup group) {&#13;&#10;&#9;&#9;this.mainframe = frame;&#13;&#10;&#9;&#9;this.bGroup = group;&#13;&#10;&#9;}&#13;&#10;&#13;&#10;&#9;@Override&#13;&#10;&#9;public void actionPerformed(ActionEvent ae) {&#13;&#10;&#9;&#9;String action = ae.getActionCommand();&#13;&#10;&#9;&#9;if(action.equals(&quot;Quit&quot;)){&#13;&#10;&#9;&#9;&#9;System.exit(0);&#13;&#10;&#9;&#9;}else if(action.equals(&quot;New Game&quot;)){&#13;&#10;&#9;&#9;&#9;new StartUpGameBoardGUI(this.mainframe);&#13;&#10;&#9;&#9;}else if(action.equals(&quot;Start&quot;)){&#13;&#10;&#9;&#9;&#9;new GameBoardGUI(this.mainframe, this.bGroup);&#13;&#10;&#9;&#9;}else if(action.equals(&quot;Add Points&quot;)){&#13;&#10;&#9;&#9;&#9;&#13;&#10;&#9;&#9;}&#13;&#10;&#9;}&#13;&#10;&#13;&#10;}&#13;&#10;" Filename="ButtonHandler.java" Intrnl_Id="9"/>
<SrcFile Content="package csse376_puerto_rico;&#13;&#10;&#13;&#10;import java.util.ArrayList;&#13;&#10;import java.util.Arrays;&#13;&#10;import java.util.List;&#13;&#10;&#13;&#10;public class Buildings {&#13;&#10;&#13;&#10;&#9;private ArrayList&lt;Building&gt; buildings;&#13;&#10;&#9;private ArrayList&lt;String&gt; buildingNames = new ArrayList&lt;String&gt;(Arrays.asList(&quot;Small Indigo Plant&quot;,&#13;&#10;&#9;&#9;&#9;&quot;Small Sugar Mill&quot;, &quot;Small Market&quot;, &quot;Hacienda&quot;, &quot;ConstructionHut&quot;,&#13;&#10;&#9;&#9;&#9;&quot;Small Warehouse&quot;, &quot;Indigo Plant&quot;, &quot;Surgar Mill&quot;, &quot;Hospice&quot;));&#13;&#10;&#13;&#10;&#9;public Buildings() {&#13;&#10;&#9;&#9;buildings = new ArrayList&lt;Building&gt;();&#13;&#10;&#9;&#9;// TODO:&#13;&#10;&#9;&#9;// add&#13;&#10;&#9;&#9;// more&#13;&#10;&#13;&#10;&#9;&#9;for (String name : buildingNames) {&#13;&#10;&#9;&#9;&#9;buildings.add(new Building(name));&#13;&#10;&#9;&#9;}&#13;&#10;&#13;&#10;&#9;}&#13;&#10;&#13;&#10;&#9;public ArrayList&lt;Building&gt; getBuildings() {&#13;&#10;&#13;&#10;&#9;&#9;return buildings;&#13;&#10;&#9;}&#13;&#10;&#13;&#10;&#9;public ArrayList&lt;String&gt; getBuildingNames() {&#13;&#10;&#9;&#9;return buildingNames;&#13;&#10;&#9;}&#13;&#10;&#13;&#10;&#9;public static class Building {&#13;&#10;&#13;&#10;&#9;&#9;public String name;&#13;&#10;&#9;&#9;public int cost;&#13;&#10;&#9;&#9;public int points;&#13;&#10;&#9;&#9;public int numberOfJobs;&#13;&#10;&#9;&#9;public int numberOfWorkers;&#13;&#10;&#13;&#10;&#9;&#9;public Building(String name) {&#13;&#10;&#9;&#9;&#9;this.name = name;&#13;&#10;&#9;&#9;&#9;switch (name) {&#13;&#10;&#9;&#9;&#9;case &quot;Small Indigo Plant&quot;:&#13;&#10;&#9;&#9;&#9;&#9;cost = 1;&#13;&#10;&#9;&#9;&#9;&#9;points = 1;&#13;&#10;&#9;&#9;&#9;&#9;numberOfJobs = 1;&#13;&#10;&#9;&#9;&#9;&#9;numberOfWorkers = 0;&#13;&#10;&#9;&#9;&#9;&#9;break;&#13;&#10;&#13;&#10;&#9;&#9;&#9;// TODO: Add all cases for all buildings&#13;&#10;&#9;&#9;&#9;default:&#13;&#10;&#9;&#9;&#9;&#9;cost = 0;&#13;&#10;&#9;&#9;&#9;&#9;points = 0;&#13;&#10;&#9;&#9;&#9;&#9;numberOfJobs = 0;&#13;&#10;&#9;&#9;&#9;&#9;numberOfWorkers = 0;&#13;&#10;&#9;&#9;&#9;}&#13;&#10;&#9;&#9;}&#13;&#10;&#9;}&#13;&#10;}&#13;&#10;" Filename="Buildings.java" Intrnl_Id="10"/>
</SrcFileList>
<CritList>
<CritListEntry Name="org.codecover.model.utils.criteria.LoopCoverage" PluginName="org.codecover"/>
<CritListEntry Name="org.codecover.model.utils.criteria.BranchCoverage" PluginName="org.codecover"/>
<CritListEntry Name="org.codecover.model.utils.criteria.ConditionCoverage" PluginName="org.codecover"/>
<CritListEntry Name="org.codecover.model.utils.criteria.SynchronizedStatementCoverage" PluginName="org.codecover"/>
<CritListEntry Name="org.codecover.model.utils.criteria.QMOCoverage" PluginName="org.codecover"/>
<CritListEntry Name="org.codecover.model.utils.criteria.StatementCoverage" PluginName="org.codecover"/>
</CritList>
<BoolOpList>
<BoolOp Arity="1" Intrnl_Id="11" Name="not (!)">
<BoolAssgnmntBoolMapList>
<MapEntry BoolAssgnmnt="0" Value="true"/>
<MapEntry BoolAssgnmnt="1" Value="false"/>
</BoolAssgnmntBoolMapList>
</BoolOp>
<BoolOp Arity="2" Intrnl_Id="12" Name="conditional and (&amp;&amp;)">
<BoolAssgnmntBoolMapList>
<MapEntry BoolAssgnmnt="10" Value="false"/>
<MapEntry BoolAssgnmnt="02" Value="false"/>
<MapEntry BoolAssgnmnt="11" Value="true"/>
</BoolAssgnmntBoolMapList>
</BoolOp>
</BoolOpList>
<HierarchyLvlTypeList>
<HierarchyLvlType EnglishName="package" IntrnlName="package" Intrnl_Id="13"/>
<HierarchyLvlType EnglishName="class" IntrnlName="class" Intrnl_Id="14"/>
<HierarchyLvlType EnglishName="method" IntrnlName="method" Intrnl_Id="15"/>
<HierarchyLvlType EnglishName="default package" IntrnlName="default package" Intrnl_Id="16"/>
<HierarchyLvlType EnglishName="anonymous class" IntrnlName="class" Intrnl_Id="17"/>
</HierarchyLvlTypeList>
<MASTRoot>
<HierarchyLvl HierarchyLvlId="219" HierarchyLvlTypeId="16" Intrnl_Id="18" Name="default package">
<Header/>
<LocList/>
<HierarchyLvl HierarchyLvlId="218" HierarchyLvlTypeId="13" Intrnl_Id="19" Name="csse376_puerto_rico">
<Header/>
<LocList/>
<HierarchyLvl HierarchyLvlId="148" HierarchyLvlTypeId="14" Intrnl_Id="20" Name="StartUpGameBoardGUI">
<Header>
<Loc EndOffset="234" SrcFileId="1" StartOffset="202"/>
</Header>
<LocList>
<Loc EndOffset="1071" SrcFileId="1" StartOffset="202"/>
</LocList>
<HierarchyLvl HierarchyLvlId="147" HierarchyLvlTypeId="15" Intrnl_Id="21" Name="StartUpGameBoardGUI">
<Header>
<Loc EndOffset="307" SrcFileId="1" StartOffset="267"/>
</Header>
<LocList>
<Loc EndOffset="1068" SrcFileId="1" StartOffset="267"/>
</LocList>
<StmntSeq Intrnl_Id="22">
<LocList>
<Loc EndOffset="335" SrcFileId="1" StartOffset="312"/>
<Loc EndOffset="382" SrcFileId="1" StartOffset="338"/>
<Loc EndOffset="430" SrcFileId="1" StartOffset="385"/>
<Loc EndOffset="475" SrcFileId="1" StartOffset="433"/>
<Loc EndOffset="520" SrcFileId="1" StartOffset="478"/>
<Loc EndOffset="556" SrcFileId="1" StartOffset="524"/>
<Loc EndOffset="600" SrcFileId="1" StartOffset="562"/>
<Loc EndOffset="650" SrcFileId="1" StartOffset="603"/>
<Loc EndOffset="701" SrcFileId="1" StartOffset="653"/>
<Loc EndOffset="752" SrcFileId="1" StartOffset="704"/>
<Loc EndOffset="770" SrcFileId="1" StartOffset="755"/>
<Loc EndOffset="788" SrcFileId="1" StartOffset="773"/>
<Loc EndOffset="806" SrcFileId="1" StartOffset="791"/>
<Loc EndOffset="855" SrcFileId="1" StartOffset="812"/>
<Loc EndOffset="930" SrcFileId="1" StartOffset="858"/>
<Loc EndOffset="955" SrcFileId="1" StartOffset="936"/>
<Loc EndOffset="977" SrcFileId="1" StartOffset="958"/>
<Loc EndOffset="999" SrcFileId="1" StartOffset="980"/>
<Loc EndOffset="1029" SrcFileId="1" StartOffset="1002"/>
<Loc EndOffset="1065" SrcFileId="1" StartOffset="1035"/>
</LocList>
<BasicStmnt CovItemId="S1" CovItemPrefix="csse376_puerto_rico.StartUpGameBoardGUI.java" Intrnl_Id="23">
<LocList>
<Loc EndOffset="335" SrcFileId="1" StartOffset="312"/>
</LocList>
</BasicStmnt>
<BasicStmnt CovItemId="S2" CovItemPrefix="csse376_puerto_rico.StartUpGameBoardGUI.java" Intrnl_Id="24">
<LocList>
<Loc EndOffset="382" SrcFileId="1" StartOffset="338"/>
</LocList>
</BasicStmnt>
<BasicStmnt CovItemId="S3" CovItemPrefix="csse376_puerto_rico.StartUpGameBoardGUI.java" Intrnl_Id="25">
<LocList>
<Loc EndOffset="430" SrcFileId="1" StartOffset="385"/>
</LocList>
</BasicStmnt>
<BasicStmnt CovItemId="S4" CovItemPrefix="csse376_puerto_rico.StartUpGameBoardGUI.java" Intrnl_Id="26">
<LocList>
<Loc EndOffset="475" SrcFileId="1" StartOffset="433"/>
</LocList>
</BasicStmnt>
<BasicStmnt CovItemId="S5" CovItemPrefix="csse376_puerto_rico.StartUpGameBoardGUI.java" Intrnl_Id="27">
<LocList>
<Loc EndOffset="520" SrcFileId="1" StartOffset="478"/>
</LocList>
</BasicStmnt>
<BasicStmnt CovItemId="S6" CovItemPrefix="csse376_puerto_rico.StartUpGameBoardGUI.java" Intrnl_Id="28">
<LocList>
<Loc EndOffset="556" SrcFileId="1" StartOffset="524"/>
</LocList>
</BasicStmnt>
<BasicStmnt CovItemId="S7" CovItemPrefix="csse376_puerto_rico.StartUpGameBoardGUI.java" Intrnl_Id="29">
<LocList>
<Loc EndOffset="600" SrcFileId="1" StartOffset="562"/>
</LocList>
</BasicStmnt>
<BasicStmnt CovItemId="S8" CovItemPrefix="csse376_puerto_rico.StartUpGameBoardGUI.java" Intrnl_Id="30">
<LocList>
<Loc EndOffset="650" SrcFileId="1" StartOffset="603"/>
</LocList>
</BasicStmnt>
<BasicStmnt CovItemId="S9" CovItemPrefix="csse376_puerto_rico.StartUpGameBoardGUI.java" Intrnl_Id="31">
<LocList>
<Loc EndOffset="701" SrcFileId="1" StartOffset="653"/>
</LocList>
</BasicStmnt>
<BasicStmnt CovItemId="S10" CovItemPrefix="csse376_puerto_rico.StartUpGameBoardGUI.java" Intrnl_Id="32">
<LocList>
<Loc EndOffset="752" SrcFileId="1" StartOffset="704"/>
</LocList>
</BasicStmnt>
<BasicStmnt CovItemId="S11" CovItemPrefix="csse376_puerto_rico.StartUpGameBoardGUI.java" Intrnl_Id="33">
<LocList>
<Loc EndOffset="770" SrcFileId="1" StartOffset="755"/>
</LocList>
</BasicStmnt>
<BasicStmnt CovItemId="S12" CovItemPrefix="csse376_puerto_rico.StartUpGameBoardGUI.java" Intrnl_Id="34">
<LocList>
<Loc EndOffset="788" SrcFileId="1" StartOffset="773"/>
</LocList>
</BasicStmnt>
<BasicStmnt CovItemId="S13" CovItemPrefix="csse376_puerto_rico.StartUpGameBoardGUI.java" Intrnl_Id="35">
<LocList>
<Loc EndOffset="806" SrcFileId="1" StartOffset="791"/>
</LocList>
</BasicStmnt>
<BasicStmnt CovItemId="S14" CovItemPrefix="csse376_puerto_rico.StartUpGameBoardGUI.java" Intrnl_Id="36">
<LocList>
<Loc EndOffset="855" SrcFileId="1" StartOffset="812"/>
</LocList>
</BasicStmnt>
<BasicStmnt CovItemId="S15" CovItemPrefix="csse376_puerto_rico.StartUpGameBoardGUI.java" Intrnl_Id="37">
<LocList>
<Loc EndOffset="930" SrcFileId="1" StartOffset="858"/>
</LocList>
</BasicStmnt>
<BasicStmnt CovItemId="S16" CovItemPrefix="csse376_puerto_rico.StartUpGameBoardGUI.java" Intrnl_Id="38">
<LocList>
<Loc EndOffset="955" SrcFileId="1" StartOffset="936"/>
</LocList>
</BasicStmnt>
<BasicStmnt CovItemId="S17" CovItemPrefix="csse376_puerto_rico.StartUpGameBoardGUI.java" Intrnl_Id="39">
<LocList>
<Loc EndOffset="977" SrcFileId="1" StartOffset="958"/>
</LocList>
</BasicStmnt>
<BasicStmnt CovItemId="S18" CovItemPrefix="csse376_puerto_rico.StartUpGameBoardGUI.java" Intrnl_Id="40">
<LocList>
<Loc EndOffset="999" SrcFileId="1" StartOffset="980"/>
</LocList>
</BasicStmnt>
<BasicStmnt CovItemId="S19" CovItemPrefix="csse376_puerto_rico.StartUpGameBoardGUI.java" Intrnl_Id="41">
<LocList>
<Loc EndOffset="1029" SrcFileId="1" StartOffset="1002"/>
</LocList>
</BasicStmnt>
<BasicStmnt CovItemId="S20" CovItemPrefix="csse376_puerto_rico.StartUpGameBoardGUI.java" Intrnl_Id="42">
<LocList>
<Loc EndOffset="1065" SrcFileId="1" StartOffset="1035"/>
</LocList>
</BasicStmnt>
</StmntSeq>
</HierarchyLvl>
</HierarchyLvl>
<HierarchyLvl HierarchyLvlId="151" HierarchyLvlTypeId="14" Intrnl_Id="43" Name="PlayerRoles">
<Header>
<Loc EndOffset="184" SrcFileId="2" StartOffset="160"/>
</Header>
<LocList>
<Loc EndOffset="862" SrcFileId="2" StartOffset="160"/>
</LocList>
<StmntSeq Intrnl_Id="44">
<LocList>
<Loc EndOffset="236" SrcFileId="2" StartOffset="189"/>
<Loc EndOffset="286" SrcFileId="2" StartOffset="239"/>
<Loc EndOffset="340" SrcFileId="2" StartOffset="289"/>
<Loc EndOffset="388" SrcFileId="2" StartOffset="343"/>
<Loc EndOffset="438" SrcFileId="2" StartOffset="391"/>
<Loc EndOffset="494" SrcFileId="2" StartOffset="441"/>
<Loc EndOffset="540" SrcFileId="2" StartOffset="497"/>
</LocList>
<BasicStmnt CovItemId="S1" CovItemPrefix="csse376_puerto_rico.PlayerRoles.java" Intrnl_Id="45">
<LocList>
<Loc EndOffset="236" SrcFileId="2" StartOffset="189"/>
</LocList>
</BasicStmnt>
<BasicStmnt CovItemId="S2" CovItemPrefix="csse376_puerto_rico.PlayerRoles.java" Intrnl_Id="46">
<LocList>
<Loc EndOffset="286" SrcFileId="2" StartOffset="239"/>
</LocList>
</BasicStmnt>
<BasicStmnt CovItemId="S3" CovItemPrefix="csse376_puerto_rico.PlayerRoles.java" Intrnl_Id="47">
<LocList>
<Loc EndOffset="340" SrcFileId="2" StartOffset="289"/>
</LocList>
</BasicStmnt>
<BasicStmnt CovItemId="S4" CovItemPrefix="csse376_puerto_rico.PlayerRoles.java" Intrnl_Id="48">
<LocList>
<Loc EndOffset="388" SrcFileId="2" StartOffset="343"/>
</LocList>
</BasicStmnt>
<BasicStmnt CovItemId="S5" CovItemPrefix="csse376_puerto_rico.PlayerRoles.java" Intrnl_Id="49">
<LocList>
<Loc EndOffset="438" SrcFileId="2" StartOffset="391"/>
</LocList>
</BasicStmnt>
<BasicStmnt CovItemId="S6" CovItemPrefix="csse376_puerto_rico.PlayerRoles.java" Intrnl_Id="50">
<LocList>
<Loc EndOffset="494" SrcFileId="2" StartOffset="441"/>
</LocList>
</BasicStmnt>
<BasicStmnt CovItemId="S7" CovItemPrefix="csse376_puerto_rico.PlayerRoles.java" Intrnl_Id="51">
<LocList>
<Loc EndOffset="540" SrcFileId="2" StartOffset="497"/>
</LocList>
</BasicStmnt>
</StmntSeq>
<HierarchyLvl HierarchyLvlId="149" HierarchyLvlTypeId="15" Intrnl_Id="52" Name="PlayerRoles">
<Header>
<Loc EndOffset="566" SrcFileId="2" StartOffset="545"/>
</Header>
<LocList>
<Loc EndOffset="595" SrcFileId="2" StartOffset="545"/>
</LocList>
</HierarchyLvl>
<HierarchyLvl HierarchyLvlId="150" HierarchyLvlTypeId="15" Intrnl_Id="53" Name="getValues">
<Header>
<Loc EndOffset="638" SrcFileId="2" StartOffset="600"/>
</Header>
<LocList>
<Loc EndOffset="859" SrcFileId="2" StartOffset="600"/>
</LocList>
<StmntSeq Intrnl_Id="54">
<LocList>
<Loc EndOffset="687" SrcFileId="2" StartOffset="644"/>
<Loc EndOffset="710" SrcFileId="2" StartOffset="693"/>
<Loc EndOffset="731" SrcFileId="2" StartOffset="714"/>
<Loc EndOffset="754" SrcFileId="2" StartOffset="735"/>
<Loc EndOffset="774" SrcFileId="2" StartOffset="758"/>
<Loc EndOffset="795" SrcFileId="2" StartOffset="778"/>
<Loc EndOffset="819" SrcFileId="2" StartOffset="799"/>
<Loc EndOffset="838" SrcFileId="2" StartOffset="823"/>
<Loc EndOffset="855" SrcFileId="2" StartOffset="844"/>
</LocList>
<BasicStmnt CovItemId="S8" CovItemPrefix="csse376_puerto_rico.PlayerRoles.java" Intrnl_Id="55">
<LocList>
<Loc EndOffset="687" SrcFileId="2" StartOffset="644"/>
</LocList>
</BasicStmnt>
<BasicStmnt CovItemId="S9" CovItemPrefix="csse376_puerto_rico.PlayerRoles.java" Intrnl_Id="56">
<LocList>
<Loc EndOffset="710" SrcFileId="2" StartOffset="693"/>
</LocList>
</BasicStmnt>
<BasicStmnt CovItemId="S10" CovItemPrefix="csse376_puerto_rico.PlayerRoles.java" Intrnl_Id="57">
<LocList>
<Loc EndOffset="731" SrcFileId="2" StartOffset="714"/>
</LocList>
</BasicStmnt>
<BasicStmnt CovItemId="S11" CovItemPrefix="csse376_puerto_rico.PlayerRoles.java" Intrnl_Id="58">
<LocList>
<Loc EndOffset="754" SrcFileId="2" StartOffset="735"/>
</LocList>
</BasicStmnt>
<BasicStmnt CovItemId="S12" CovItemPrefix="csse376_puerto_rico.PlayerRoles.java" Intrnl_Id="59">
<LocList>
<Loc EndOffset="774" SrcFileId="2" StartOffset="758"/>
</LocList>
</BasicStmnt>
<BasicStmnt CovItemId="S13" CovItemPrefix="csse376_puerto_rico.PlayerRoles.java" Intrnl_Id="60">
<LocList>
<Loc EndOffset="795" SrcFileId="2" StartOffset="778"/>
</LocList>
</BasicStmnt>
<BasicStmnt CovItemId="S14" CovItemPrefix="csse376_puerto_rico.PlayerRoles.java" Intrnl_Id="61">
<LocList>
<Loc EndOffset="819" SrcFileId="2" StartOffset="799"/>
</LocList>
</BasicStmnt>
<BasicStmnt CovItemId="S15" CovItemPrefix="csse376_puerto_rico.PlayerRoles.java" Intrnl_Id="62">
<LocList>
<Loc EndOffset="838" SrcFileId="2" StartOffset="823"/>
</LocList>
</BasicStmnt>
<BasicStmnt CovItemId="S16" CovItemPrefix="csse376_puerto_rico.PlayerRoles.java" Intrnl_Id="63">
<LocList>
<Loc EndOffset="855" SrcFileId="2" StartOffset="844"/>
</LocList>
</BasicStmnt>
</StmntSeq>
</HierarchyLvl>
</HierarchyLvl>
<HierarchyLvl HierarchyLvlId="180" HierarchyLvlTypeId="14" Intrnl_Id="64" Name="Player">
<Header>
<Loc EndOffset="242" SrcFileId="3" StartOffset="223"/>
</Header>
<LocList>
<Loc EndOffset="470" SrcFileId="3" StartOffset="223"/>
<Loc EndOffset="746" SrcFileId="3" StartOffset="741"/>
<Loc EndOffset="5422" SrcFileId="3" StartOffset="950"/>
</LocList>
<StmntSeq Intrnl_Id="65">
<LocList>
<Loc EndOffset="394" SrcFileId="3" StartOffset="371"/>
<Loc EndOffset="465" SrcFileId="3" StartOffset="399"/>
<Loc EndOffset="1027" SrcFileId="3" StartOffset="955"/>
<Loc EndOffset="1102" SrcFileId="3" StartOffset="1030"/>
<Loc EndOffset="1165" SrcFileId="3" StartOffset="1105"/>
</LocList>
<BasicStmnt CovItemId="S1" CovItemPrefix="csse376_puerto_rico.Player.java" Intrnl_Id="66">
<LocList>
<Loc EndOffset="394" SrcFileId="3" StartOffset="371"/>
</LocList>
</BasicStmnt>
<BasicStmnt CovItemId="S2" CovItemPrefix="csse376_puerto_rico.Player.java" Intrnl_Id="67">
<LocList>
<Loc EndOffset="465" SrcFileId="3" StartOffset="399"/>
</LocList>
</BasicStmnt>
<BasicStmnt CovItemId="S5" CovItemPrefix="csse376_puerto_rico.Player.java" Intrnl_Id="68">
<LocList>
<Loc EndOffset="1027" SrcFileId="3" StartOffset="955"/>
</LocList>
</BasicStmnt>
<BasicStmnt CovItemId="S6" CovItemPrefix="csse376_puerto_rico.Player.java" Intrnl_Id="69">
<LocList>
<Loc EndOffset="1102" SrcFileId="3" StartOffset="1030"/>
</LocList>
</BasicStmnt>
<BasicStmnt CovItemId="S7" CovItemPrefix="csse376_puerto_rico.Player.java" Intrnl_Id="70">
<LocList>
<Loc EndOffset="1165" SrcFileId="3" StartOffset="1105"/>
</LocList>
</BasicStmnt>
</StmntSeq>
<HierarchyLvl HierarchyLvlId="152" HierarchyLvlTypeId="14" Intrnl_Id="71" Name="Good">
<Header>
<Loc EndOffset="494" SrcFileId="3" StartOffset="470"/>
</Header>
<LocList>
<Loc EndOffset="741" SrcFileId="3" StartOffset="470"/>
</LocList>
</HierarchyLvl>
<HierarchyLvl HierarchyLvlId="154" HierarchyLvlTypeId="14" Intrnl_Id="72" Name="Plantation">
<Header>
<Loc EndOffset="776" SrcFileId="3" StartOffset="746"/>
</Header>
<LocList>
<Loc EndOffset="950" SrcFileId="3" StartOffset="746"/>
</LocList>
<HierarchyLvl HierarchyLvlId="153" HierarchyLvlTypeId="15" Intrnl_Id="73" Name="Plantation">
<Header>
<Loc EndOffset="885" SrcFileId="3" StartOffset="836"/>
</Header>
<LocList>
<Loc EndOffset="946" SrcFileId="3" StartOffset="836"/>
</LocList>
<StmntSeq Intrnl_Id="74">
<LocList>
<Loc EndOffset="909" SrcFileId="3" StartOffset="892"/>
<Loc EndOffset="941" SrcFileId="3" StartOffset="914"/>
</LocList>
<BasicStmnt CovItemId="S3" CovItemPrefix="csse376_puerto_rico.Player.java" Intrnl_Id="75">
<LocList>
<Loc EndOffset="909" SrcFileId="3" StartOffset="892"/>
</LocList>
</BasicStmnt>
<BasicStmnt CovItemId="S4" CovItemPrefix="csse376_puerto_rico.Player.java" Intrnl_Id="76">
<LocList>
<Loc EndOffset="941" SrcFileId="3" StartOffset="914"/>
</LocList>
</BasicStmnt>
</StmntSeq>
</HierarchyLvl>
</HierarchyLvl>
<HierarchyLvl HierarchyLvlId="155" HierarchyLvlTypeId="15" Intrnl_Id="77" Name="Player">
<Header>
<Loc EndOffset="1224" SrcFileId="3" StartOffset="1209"/>
</Header>
<LocList>
<Loc EndOffset="1398" SrcFileId="3" StartOffset="1209"/>
</LocList>
<StmntSeq Intrnl_Id="78">
<LocList>
<Loc EndOffset="1244" SrcFileId="3" StartOffset="1230"/>
<Loc EndOffset="1263" SrcFileId="3" StartOffset="1248"/>
<Loc EndOffset="1291" SrcFileId="3" StartOffset="1267"/>
<Loc EndOffset="1322" SrcFileId="3" StartOffset="1295"/>
<Loc EndOffset="1394" SrcFileId="3" StartOffset="1326"/>
</LocList>
<BasicStmnt CovItemId="S8" CovItemPrefix="csse376_puerto_rico.Player.java" Intrnl_Id="79">
<LocList>
<Loc EndOffset="1244" SrcFileId="3" StartOffset="1230"/>
</LocList>
</BasicStmnt>
<BasicStmnt CovItemId="S9" CovItemPrefix="csse376_puerto_rico.Player.java" Intrnl_Id="80">
<LocList>
<Loc EndOffset="1263" SrcFileId="3" StartOffset="1248"/>
</LocList>
</BasicStmnt>
<BasicStmnt CovItemId="S10" CovItemPrefix="csse376_puerto_rico.Player.java" Intrnl_Id="81">
<LocList>
<Loc EndOffset="1291" SrcFileId="3" StartOffset="1267"/>
</LocList>
</BasicStmnt>
<BasicStmnt CovItemId="S11" CovItemPrefix="csse376_puerto_rico.Player.java" Intrnl_Id="82">
<LocList>
<Loc EndOffset="1322" SrcFileId="3" StartOffset="1295"/>
</LocList>
</BasicStmnt>
<LoopStmnt CovItemId="S12" CovItemPrefix="csse376_puerto_rico.Player.java" Intrnl_Id="83" MltplExecId="L1-2" MltplExecPrefix="csse376_puerto_rico.Player.java" NvrExecId="L1-0" NvrExecPrefix="csse376_puerto_rico.Player.java" OnceExecutedId="L1-1" OnceExecutedPrefix="csse376_puerto_rico.Player.java" OptBodyExec="true">
<StmntSeq Intrnl_Id="84">
<LocList>
<Loc EndOffset="1389" SrcFileId="3" StartOffset="1368"/>
</LocList>
<BasicStmnt CovItemId="S13" CovItemPrefix="csse376_puerto_rico.Player.java" Intrnl_Id="85">
<LocList>
<Loc EndOffset="1389" SrcFileId="3" StartOffset="1368"/>
</LocList>
</BasicStmnt>
</StmntSeq>
<Keyword EndOffset="1329" SrcFileId="3" StartOffset="1326"/>
<LocList>
<Loc EndOffset="1394" SrcFileId="3" StartOffset="1326"/>
</LocList>
</LoopStmnt>
</StmntSeq>
</HierarchyLvl>
<HierarchyLvl HierarchyLvlId="156" HierarchyLvlTypeId="15" Intrnl_Id="86" Name="Player">
<Header>
<Loc EndOffset="1429" SrcFileId="3" StartOffset="1403"/>
</Header>
<LocList>
<Loc EndOffset="1600" SrcFileId="3" StartOffset="1403"/>
</LocList>
<StmntSeq Intrnl_Id="87">
<LocList>
<Loc EndOffset="1452" SrcFileId="3" StartOffset="1435"/>
<Loc EndOffset="1480" SrcFileId="3" StartOffset="1456"/>
<Loc EndOffset="1504" SrcFileId="3" StartOffset="1484"/>
<Loc EndOffset="1524" SrcFileId="3" StartOffset="1508"/>
<Loc EndOffset="1596" SrcFileId="3" StartOffset="1528"/>
</LocList>
<BasicStmnt CovItemId="S14" CovItemPrefix="csse376_puerto_rico.Player.java" Intrnl_Id="88">
<LocList>
<Loc EndOffset="1452" SrcFileId="3" StartOffset="1435"/>
</LocList>
</BasicStmnt>
<BasicStmnt CovItemId="S15" CovItemPrefix="csse376_puerto_rico.Player.java" Intrnl_Id="89">
<LocList>
<Loc EndOffset="1480" SrcFileId="3" StartOffset="1456"/>
</LocList>
</BasicStmnt>
<BasicStmnt CovItemId="S16" CovItemPrefix="csse376_puerto_rico.Player.java" Intrnl_Id="90">
<LocList>
<Loc EndOffset="1504" SrcFileId="3" StartOffset="1484"/>
</LocList>
</BasicStmnt>
<BasicStmnt CovItemId="S17" CovItemPrefix="csse376_puerto_rico.Player.java" Intrnl_Id="91">
<LocList>
<Loc EndOffset="1524" SrcFileId="3" StartOffset="1508"/>
</LocList>
</BasicStmnt>
<LoopStmnt CovItemId="S18" CovItemPrefix="csse376_puerto_rico.Player.java" Intrnl_Id="92" MltplExecId="L2-2" MltplExecPrefix="csse376_puerto_rico.Player.java" NvrExecId="L2-0" NvrExecPrefix="csse376_puerto_rico.Player.java" OnceExecutedId="L2-1" OnceExecutedPrefix="csse376_puerto_rico.Player.java" OptBodyExec="true">
<StmntSeq Intrnl_Id="93">
<LocList>
<Loc EndOffset="1591" SrcFileId="3" StartOffset="1570"/>
</LocList>
<BasicStmnt CovItemId="S19" CovItemPrefix="csse376_puerto_rico.Player.java" Intrnl_Id="94">
<LocList>
<Loc EndOffset="1591" SrcFileId="3" StartOffset="1570"/>
</LocList>
</BasicStmnt>
</StmntSeq>
<Keyword EndOffset="1531" SrcFileId="3" StartOffset="1528"/>
<LocList>
<Loc EndOffset="1596" SrcFileId="3" StartOffset="1528"/>
</LocList>
</LoopStmnt>
</StmntSeq>
</HierarchyLvl>
<HierarchyLvl HierarchyLvlId="157" HierarchyLvlTypeId="15" Intrnl_Id="95" Name="setPlayerNum">
<Header>
<Loc EndOffset="1636" SrcFileId="3" StartOffset="1605"/>
</Header>
<LocList>
<Loc EndOffset="1662" SrcFileId="3" StartOffset="1605"/>
</LocList>
<StmntSeq Intrnl_Id="96">
<LocList>
<Loc EndOffset="1656" SrcFileId="3" StartOffset="1642"/>
</LocList>
<BasicStmnt CovItemId="S20" CovItemPrefix="csse376_puerto_rico.Player.java" Intrnl_Id="97">
<LocList>
<Loc EndOffset="1656" SrcFileId="3" StartOffset="1642"/>
</LocList>
</BasicStmnt>
</StmntSeq>
</HierarchyLvl>
<HierarchyLvl HierarchyLvlId="158" HierarchyLvlTypeId="15" Intrnl_Id="98" Name="getPlayerNum">
<Header>
<Loc EndOffset="1692" SrcFileId="3" StartOffset="1667"/>
</Header>
<LocList>
<Loc EndOffset="1719" SrcFileId="3" StartOffset="1667"/>
</LocList>
<StmntSeq Intrnl_Id="99">
<LocList>
<Loc EndOffset="1715" SrcFileId="3" StartOffset="1698"/>
</LocList>
<BasicStmnt CovItemId="S21" CovItemPrefix="csse376_puerto_rico.Player.java" Intrnl_Id="100">
<LocList>
<Loc EndOffset="1715" SrcFileId="3" StartOffset="1698"/>
</LocList>
</BasicStmnt>
</StmntSeq>
</HierarchyLvl>
<HierarchyLvl HierarchyLvlId="159" HierarchyLvlTypeId="15" Intrnl_Id="101" Name="getRole">
<Header>
<Loc EndOffset="1747" SrcFileId="3" StartOffset="1724"/>
</Header>
<LocList>
<Loc EndOffset="1774" SrcFileId="3" StartOffset="1724"/>
</LocList>
<StmntSeq Intrnl_Id="102">
<LocList>
<Loc EndOffset="1770" SrcFileId="3" StartOffset="1753"/>
</LocList>
<BasicStmnt CovItemId="S22" CovItemPrefix="csse376_puerto_rico.Player.java" Intrnl_Id="103">
<LocList>
<Loc EndOffset="1770" SrcFileId="3" StartOffset="1753"/>
</LocList>
</BasicStmnt>
</StmntSeq>
</HierarchyLvl>
<HierarchyLvl HierarchyLvlId="160" HierarchyLvlTypeId="15" Intrnl_Id="104" Name="getRoles">
<Header>
<Loc EndOffset="1816" SrcFileId="3" StartOffset="1779"/>
</Header>
<LocList>
<Loc EndOffset="1841" SrcFileId="3" StartOffset="1779"/>
</LocList>
<StmntSeq Intrnl_Id="105">
<LocList>
<Loc EndOffset="1837" SrcFileId="3" StartOffset="1824"/>
</LocList>
<BasicStmnt CovItemId="S23" CovItemPrefix="csse376_puerto_rico.Player.java" Intrnl_Id="106">
<LocList>
<Loc EndOffset="1837" SrcFileId="3" StartOffset="1824"/>
</LocList>
</BasicStmnt>
</StmntSeq>
</HierarchyLvl>
<HierarchyLvl HierarchyLvlId="161" HierarchyLvlTypeId="15" Intrnl_Id="107" Name="getPoints">
<Header>
<Loc EndOffset="1868" SrcFileId="3" StartOffset="1846"/>
</Header>
<LocList>
<Loc EndOffset="1892" SrcFileId="3" StartOffset="1846"/>
</LocList>
<StmntSeq Intrnl_Id="108">
<LocList>
<Loc EndOffset="1888" SrcFileId="3" StartOffset="1874"/>
</LocList>
<BasicStmnt CovItemId="S24" CovItemPrefix="csse376_puerto_rico.Player.java" Intrnl_Id="109">
<LocList>
<Loc EndOffset="1888" SrcFileId="3" StartOffset="1874"/>
</LocList>
</BasicStmnt>
</StmntSeq>
</HierarchyLvl>
<HierarchyLvl HierarchyLvlId="162" HierarchyLvlTypeId="15" Intrnl_Id="110" Name="getHUD">
<Header>
<Loc EndOffset="1922" SrcFileId="3" StartOffset="1897"/>
</Header>
<LocList>
<Loc EndOffset="1948" SrcFileId="3" StartOffset="1897"/>
</LocList>
<StmntSeq Intrnl_Id="111">
<LocList>
<Loc EndOffset="1944" SrcFileId="3" StartOffset="1928"/>
</LocList>
<BasicStmnt CovItemId="S25" CovItemPrefix="csse376_puerto_rico.Player.java" Intrnl_Id="112">
<LocList>
<Loc EndOffset="1944" SrcFileId="3" StartOffset="1928"/>
</LocList>
</BasicStmnt>
</StmntSeq>
</HierarchyLvl>
<HierarchyLvl HierarchyLvlId="163" HierarchyLvlTypeId="15" Intrnl_Id="113" Name="setHUD">
<Header>
<Loc EndOffset="1986" SrcFileId="3" StartOffset="1953"/>
</Header>
<LocList>
<Loc EndOffset="2011" SrcFileId="3" StartOffset="1953"/>
</LocList>
<StmntSeq Intrnl_Id="114">
<LocList>
<Loc EndOffset="2007" SrcFileId="3" StartOffset="1992"/>
</LocList>
<BasicStmnt CovItemId="S26" CovItemPrefix="csse376_puerto_rico.Player.java" Intrnl_Id="115">
<LocList>
<Loc EndOffset="2007" SrcFileId="3" StartOffset="1992"/>
</LocList>
</BasicStmnt>
</StmntSeq>
</HierarchyLvl>
<HierarchyLvl HierarchyLvlId="164" HierarchyLvlTypeId="15" Intrnl_Id="116" Name="isGovernor">
<Header>
<Loc EndOffset="2043" SrcFileId="3" StartOffset="2016"/>
</Header>
<LocList>
<Loc EndOffset="2071" SrcFileId="3" StartOffset="2016"/>
</LocList>
<StmntSeq Intrnl_Id="117">
<LocList>
<Loc EndOffset="2067" SrcFileId="3" StartOffset="2049"/>
</LocList>
<BasicStmnt CovItemId="S27" CovItemPrefix="csse376_puerto_rico.Player.java" Intrnl_Id="118">
<LocList>
<Loc EndOffset="2067" SrcFileId="3" StartOffset="2049"/>
</LocList>
</BasicStmnt>
</StmntSeq>
</HierarchyLvl>
<HierarchyLvl HierarchyLvlId="165" HierarchyLvlTypeId="15" Intrnl_Id="119" Name="addPoints">
<Header>
<Loc EndOffset="2113" SrcFileId="3" StartOffset="2078"/>
</Header>
<LocList>
<Loc EndOffset="2160" SrcFileId="3" StartOffset="2078"/>
</LocList>
<StmntSeq Intrnl_Id="120">
<LocList>
<Loc EndOffset="2156" SrcFileId="3" StartOffset="2119"/>
</LocList>
<BasicStmnt CovItemId="S28" CovItemPrefix="csse376_puerto_rico.Player.java" Intrnl_Id="121">
<LocList>
<Loc EndOffset="2156" SrcFileId="3" StartOffset="2119"/>
</LocList>
</BasicStmnt>
</StmntSeq>
</HierarchyLvl>
<HierarchyLvl HierarchyLvlId="166" HierarchyLvlTypeId="15" Intrnl_Id="122" Name="setPoints">
<Header>
<Loc EndOffset="2216" SrcFileId="3" StartOffset="2183"/>
</Header>
<LocList>
<Loc EndOffset="2296" SrcFileId="3" StartOffset="2183"/>
</LocList>
<StmntSeq Intrnl_Id="123">
<LocList>
<Loc EndOffset="2292" SrcFileId="3" StartOffset="2271"/>
</LocList>
<BasicStmnt CovItemId="S29" CovItemPrefix="csse376_puerto_rico.Player.java" Intrnl_Id="124">
<LocList>
<Loc EndOffset="2292" SrcFileId="3" StartOffset="2271"/>
</LocList>
</BasicStmnt>
</StmntSeq>
</HierarchyLvl>
<HierarchyLvl HierarchyLvlId="167" HierarchyLvlTypeId="15" Intrnl_Id="125" Name="setRole">
<Header>
<Loc EndOffset="2335" SrcFileId="3" StartOffset="2301"/>
</Header>
<LocList>
<Loc EndOffset="2364" SrcFileId="3" StartOffset="2301"/>
</LocList>
<StmntSeq Intrnl_Id="126">
<LocList>
<Loc EndOffset="2360" SrcFileId="3" StartOffset="2341"/>
</LocList>
<BasicStmnt CovItemId="S30" CovItemPrefix="csse376_puerto_rico.Player.java" Intrnl_Id="127">
<LocList>
<Loc EndOffset="2360" SrcFileId="3" StartOffset="2341"/>
</LocList>
</BasicStmnt>
</StmntSeq>
</HierarchyLvl>
<HierarchyLvl HierarchyLvlId="168" HierarchyLvlTypeId="15" Intrnl_Id="128" Name="addBuilding">
<Header>
<Loc EndOffset="2411" SrcFileId="3" StartOffset="2369"/>
</Header>
<LocList>
<Loc EndOffset="2445" SrcFileId="3" StartOffset="2369"/>
</LocList>
<StmntSeq Intrnl_Id="129">
<LocList>
<Loc EndOffset="2441" SrcFileId="3" StartOffset="2417"/>
</LocList>
<BasicStmnt CovItemId="S31" CovItemPrefix="csse376_puerto_rico.Player.java" Intrnl_Id="130">
<LocList>
<Loc EndOffset="2441" SrcFileId="3" StartOffset="2417"/>
</LocList>
</BasicStmnt>
</StmntSeq>
</HierarchyLvl>
<HierarchyLvl HierarchyLvlId="169" HierarchyLvlTypeId="15" Intrnl_Id="131" Name="getBuildingsStringList">
<Header>
<Loc EndOffset="2499" SrcFileId="3" StartOffset="2450"/>
</Header>
<LocList>
<Loc EndOffset="2637" SrcFileId="3" StartOffset="2450"/>
</LocList>
<StmntSeq Intrnl_Id="132">
<LocList>
<Loc EndOffset="2553" SrcFileId="3" StartOffset="2505"/>
<Loc EndOffset="2618" SrcFileId="3" StartOffset="2557"/>
<Loc EndOffset="2633" SrcFileId="3" StartOffset="2622"/>
</LocList>
<BasicStmnt CovItemId="S32" CovItemPrefix="csse376_puerto_rico.Player.java" Intrnl_Id="133">
<LocList>
<Loc EndOffset="2553" SrcFileId="3" StartOffset="2505"/>
</LocList>
</BasicStmnt>
<LoopStmnt CovItemId="S33" CovItemPrefix="csse376_puerto_rico.Player.java" Intrnl_Id="134" MltplExecId="L3-2" MltplExecPrefix="csse376_puerto_rico.Player.java" NvrExecId="L3-0" NvrExecPrefix="csse376_puerto_rico.Player.java" OnceExecutedId="L3-1" OnceExecutedPrefix="csse376_puerto_rico.Player.java" OptBodyExec="true">
<StmntSeq Intrnl_Id="135">
<LocList>
<Loc EndOffset="2613" SrcFileId="3" StartOffset="2597"/>
</LocList>
<BasicStmnt CovItemId="S34" CovItemPrefix="csse376_puerto_rico.Player.java" Intrnl_Id="136">
<LocList>
<Loc EndOffset="2613" SrcFileId="3" StartOffset="2597"/>
</LocList>
</BasicStmnt>
</StmntSeq>
<Keyword EndOffset="2560" SrcFileId="3" StartOffset="2557"/>
<LocList>
<Loc EndOffset="2618" SrcFileId="3" StartOffset="2557"/>
</LocList>
</LoopStmnt>
<BasicStmnt CovItemId="S35" CovItemPrefix="csse376_puerto_rico.Player.java" Intrnl_Id="137">
<LocList>
<Loc EndOffset="2633" SrcFileId="3" StartOffset="2622"/>
</LocList>
</BasicStmnt>
</StmntSeq>
</HierarchyLvl>
<HierarchyLvl HierarchyLvlId="170" HierarchyLvlTypeId="15" Intrnl_Id="138" Name="getBuildings">
<Header>
<Loc EndOffset="2683" SrcFileId="3" StartOffset="2642"/>
</Header>
<LocList>
<Loc EndOffset="2715" SrcFileId="3" StartOffset="2642"/>
</LocList>
<StmntSeq Intrnl_Id="139">
<LocList>
<Loc EndOffset="2711" SrcFileId="3" StartOffset="2689"/>
</LocList>
<BasicStmnt CovItemId="S36" CovItemPrefix="csse376_puerto_rico.Player.java" Intrnl_Id="140">
<LocList>
<Loc EndOffset="2711" SrcFileId="3" StartOffset="2689"/>
</LocList>
</BasicStmnt>
</StmntSeq>
</HierarchyLvl>
<HierarchyLvl HierarchyLvlId="171" HierarchyLvlTypeId="15" Intrnl_Id="141" Name="getGoods">
<Header>
<Loc EndOffset="2750" SrcFileId="3" StartOffset="2720"/>
</Header>
<LocList>
<Loc EndOffset="3296" SrcFileId="3" StartOffset="2720"/>
</LocList>
<StmntSeq Intrnl_Id="142">
<LocList>
<Loc EndOffset="2805" SrcFileId="3" StartOffset="2762"/>
<Loc EndOffset="2889" SrcFileId="3" StartOffset="2809"/>
<Loc EndOffset="2976" SrcFileId="3" StartOffset="2893"/>
<Loc EndOffset="3049" SrcFileId="3" StartOffset="2980"/>
<Loc EndOffset="3125" SrcFileId="3" StartOffset="3053"/>
<Loc EndOffset="3209" SrcFileId="3" StartOffset="3129"/>
<Loc EndOffset="3277" SrcFileId="3" StartOffset="3213"/>
<Loc EndOffset="3292" SrcFileId="3" StartOffset="3281"/>
</LocList>
<BasicStmnt CovItemId="S37" CovItemPrefix="csse376_puerto_rico.Player.java" Intrnl_Id="143">
<LocList>
<Loc EndOffset="2805" SrcFileId="3" StartOffset="2762"/>
</LocList>
</BasicStmnt>
<BasicStmnt CovItemId="S38" CovItemPrefix="csse376_puerto_rico.Player.java" Intrnl_Id="144">
<LocList>
<Loc EndOffset="2889" SrcFileId="3" StartOffset="2809"/>
</LocList>
</BasicStmnt>
<BasicStmnt CovItemId="S39" CovItemPrefix="csse376_puerto_rico.Player.java" Intrnl_Id="145">
<LocList>
<Loc EndOffset="2976" SrcFileId="3" StartOffset="2893"/>
</LocList>
</BasicStmnt>
<BasicStmnt CovItemId="S40" CovItemPrefix="csse376_puerto_rico.Player.java" Intrnl_Id="146">
<LocList>
<Loc EndOffset="3049" SrcFileId="3" StartOffset="2980"/>
</LocList>
</BasicStmnt>
<BasicStmnt CovItemId="S41" CovItemPrefix="csse376_puerto_rico.Player.java" Intrnl_Id="147">
<LocList>
<Loc EndOffset="3125" SrcFileId="3" StartOffset="3053"/>
</LocList>
</BasicStmnt>
<BasicStmnt CovItemId="S42" CovItemPrefix="csse376_puerto_rico.Player.java" Intrnl_Id="148">
<LocList>
<Loc EndOffset="3209" SrcFileId="3" StartOffset="3129"/>
</LocList>
</BasicStmnt>
<BasicStmnt CovItemId="S43" CovItemPrefix="csse376_puerto_rico.Player.java" Intrnl_Id="149">
<LocList>
<Loc EndOffset="3277" SrcFileId="3" StartOffset="3213"/>
</LocList>
</BasicStmnt>
<BasicStmnt CovItemId="S44" CovItemPrefix="csse376_puerto_rico.Player.java" Intrnl_Id="150">
<LocList>
<Loc EndOffset="3292" SrcFileId="3" StartOffset="3281"/>
</LocList>
</BasicStmnt>
</StmntSeq>
</HierarchyLvl>
<HierarchyLvl HierarchyLvlId="172" HierarchyLvlTypeId="15" Intrnl_Id="151" Name="getNumberOfGood">
<Header>
<Loc EndOffset="3340" SrcFileId="3" StartOffset="3301"/>
</Header>
<LocList>
<Loc EndOffset="3481" SrcFileId="3" StartOffset="3301"/>
</LocList>
<StmntSeq Intrnl_Id="152">
<LocList>
<Loc EndOffset="3443" SrcFileId="3" StartOffset="3389"/>
<Loc EndOffset="3475" SrcFileId="3" StartOffset="3447"/>
</LocList>
<CondStmnt CovItemId="S45" CovItemPrefix="csse376_puerto_rico.Player.java" Intrnl_Id="153">
<Branch CovItemId="B1" CovItemPrefix="csse376_puerto_rico.Player.java" Implct="false" Intrnl_Id="154">
<Cond/>
<LocList>
<Loc EndOffset="3443" SrcFileId="3" StartOffset="3423"/>
</LocList>
<StmntSeq Intrnl_Id="155">
<LocList>
<Loc EndOffset="3438" SrcFileId="3" StartOffset="3429"/>
</LocList>
<BasicStmnt CovItemId="S46" CovItemPrefix="csse376_puerto_rico.Player.java" Intrnl_Id="156">
<LocList>
<Loc EndOffset="3438" SrcFileId="3" StartOffset="3429"/>
</LocList>
</BasicStmnt>
</StmntSeq>
</Branch>
<Branch CovItemId="B2" CovItemPrefix="csse376_puerto_rico.Player.java" Implct="true" Intrnl_Id="157">
<Cond/>
<LocList/>
<StmntSeq Intrnl_Id="158">
<LocList/>
</StmntSeq>
</Branch>
<Keyword EndOffset="3391" SrcFileId="3" StartOffset="3389"/>
<LocList>
<Loc EndOffset="3443" SrcFileId="3" StartOffset="3389"/>
</LocList>
<RootTerm CovItemId="C1" CovItemPrefix="csse376_puerto_rico.Player.java" Intrnl_Id="159">
<BasicBoolTerm Intrnl_Id="160">
<LocList>
<Loc EndOffset="3421" SrcFileId="3" StartOffset="3393"/>
</LocList>
</BasicBoolTerm>
</RootTerm>
</CondStmnt>
<BasicStmnt CovItemId="S47" CovItemPrefix="csse376_puerto_rico.Player.java" Intrnl_Id="161">
<LocList>
<Loc EndOffset="3475" SrcFileId="3" StartOffset="3447"/>
</LocList>
</BasicStmnt>
</StmntSeq>
</HierarchyLvl>
<HierarchyLvl HierarchyLvlId="173" HierarchyLvlTypeId="15" Intrnl_Id="162" Name="getAllGoods">
<Header>
<Loc EndOffset="3519" SrcFileId="3" StartOffset="3486"/>
</Header>
<LocList>
<Loc EndOffset="3685" SrcFileId="3" StartOffset="3486"/>
</LocList>
<StmntSeq Intrnl_Id="163">
<LocList>
<Loc EndOffset="3568" SrcFileId="3" StartOffset="3525"/>
<Loc EndOffset="3666" SrcFileId="3" StartOffset="3572"/>
<Loc EndOffset="3681" SrcFileId="3" StartOffset="3670"/>
</LocList>
<BasicStmnt CovItemId="S48" CovItemPrefix="csse376_puerto_rico.Player.java" Intrnl_Id="164">
<LocList>
<Loc EndOffset="3568" SrcFileId="3" StartOffset="3525"/>
</LocList>
</BasicStmnt>
<BasicStmnt CovItemId="S49" CovItemPrefix="csse376_puerto_rico.Player.java" Intrnl_Id="165">
<LocList>
<Loc EndOffset="3666" SrcFileId="3" StartOffset="3572"/>
</LocList>
</BasicStmnt>
<BasicStmnt CovItemId="S50" CovItemPrefix="csse376_puerto_rico.Player.java" Intrnl_Id="166">
<LocList>
<Loc EndOffset="3681" SrcFileId="3" StartOffset="3670"/>
</LocList>
</BasicStmnt>
</StmntSeq>
</HierarchyLvl>
<HierarchyLvl HierarchyLvlId="174" HierarchyLvlTypeId="15" Intrnl_Id="167" Name="addGood">
<Header>
<Loc EndOffset="3734" SrcFileId="3" StartOffset="3690"/>
</Header>
<LocList>
<Loc EndOffset="3834" SrcFileId="3" StartOffset="3690"/>
</LocList>
<StmntSeq Intrnl_Id="168">
<LocList>
<Loc EndOffset="3830" SrcFileId="3" StartOffset="3778"/>
</LocList>
<BasicStmnt CovItemId="S51" CovItemPrefix="csse376_puerto_rico.Player.java" Intrnl_Id="169">
<LocList>
<Loc EndOffset="3830" SrcFileId="3" StartOffset="3778"/>
</LocList>
</BasicStmnt>
</StmntSeq>
</HierarchyLvl>
<HierarchyLvl HierarchyLvlId="175" HierarchyLvlTypeId="15" Intrnl_Id="170" Name="toString">
<Header>
<Loc EndOffset="3875" SrcFileId="3" StartOffset="3839"/>
</Header>
<LocList>
<Loc EndOffset="4690" SrcFileId="3" StartOffset="3839"/>
</LocList>
<StmntSeq Intrnl_Id="171">
<LocList>
<Loc EndOffset="3897" SrcFileId="3" StartOffset="3881"/>
<Loc EndOffset="3926" SrcFileId="3" StartOffset="3901"/>
<Loc EndOffset="3976" SrcFileId="3" StartOffset="3930"/>
<Loc EndOffset="4006" SrcFileId="3" StartOffset="3980"/>
<Loc EndOffset="4132" SrcFileId="3" StartOffset="4010"/>
<Loc EndOffset="4244" SrcFileId="3" StartOffset="4136"/>
<Loc EndOffset="4671" SrcFileId="3" StartOffset="4248"/>
<Loc EndOffset="4686" SrcFileId="3" StartOffset="4675"/>
</LocList>
<BasicStmnt CovItemId="S52" CovItemPrefix="csse376_puerto_rico.Player.java" Intrnl_Id="172">
<LocList>
<Loc EndOffset="3897" SrcFileId="3" StartOffset="3881"/>
</LocList>
</BasicStmnt>
<BasicStmnt CovItemId="S53" CovItemPrefix="csse376_puerto_rico.Player.java" Intrnl_Id="173">
<LocList>
<Loc EndOffset="3926" SrcFileId="3" StartOffset="3901"/>
</LocList>
</BasicStmnt>
<BasicStmnt CovItemId="S54" CovItemPrefix="csse376_puerto_rico.Player.java" Intrnl_Id="174">
<LocList>
<Loc EndOffset="3976" SrcFileId="3" StartOffset="3930"/>
</LocList>
</BasicStmnt>
<BasicStmnt CovItemId="S55" CovItemPrefix="csse376_puerto_rico.Player.java" Intrnl_Id="175">
<LocList>
<Loc EndOffset="4006" SrcFileId="3" StartOffset="3980"/>
</LocList>
</BasicStmnt>
<LoopStmnt CovItemId="S56" CovItemPrefix="csse376_puerto_rico.Player.java" Intrnl_Id="176" MltplExecId="L4-2" MltplExecPrefix="csse376_puerto_rico.Player.java" NvrExecId="L4-0" NvrExecPrefix="csse376_puerto_rico.Player.java" OnceExecutedId="L4-1" OnceExecutedPrefix="csse376_puerto_rico.Player.java" OptBodyExec="true">
<StmntSeq Intrnl_Id="177">
<LocList>
<Loc EndOffset="4127" SrcFileId="3" StartOffset="4064"/>
</LocList>
<BasicStmnt CovItemId="S57" CovItemPrefix="csse376_puerto_rico.Player.java" Intrnl_Id="178">
<LocList>
<Loc EndOffset="4127" SrcFileId="3" StartOffset="4064"/>
</LocList>
</BasicStmnt>
</StmntSeq>
<Keyword EndOffset="4013" SrcFileId="3" StartOffset="4010"/>
<LocList>
<Loc EndOffset="4132" SrcFileId="3" StartOffset="4010"/>
</LocList>
<RootTerm CovItemId="C2" CovItemPrefix="csse376_puerto_rico.Player.java" Intrnl_Id="179">
<BasicBoolTerm Intrnl_Id="180">
<LocList>
<Loc EndOffset="4051" SrcFileId="3" StartOffset="4026"/>
</LocList>
</BasicBoolTerm>
</RootTerm>
</LoopStmnt>
<LoopStmnt CovItemId="S58" CovItemPrefix="csse376_puerto_rico.Player.java" Intrnl_Id="181" MltplExecId="L5-2" MltplExecPrefix="csse376_puerto_rico.Player.java" NvrExecId="L5-0" NvrExecPrefix="csse376_puerto_rico.Player.java" OnceExecutedId="L5-1" OnceExecutedPrefix="csse376_puerto_rico.Player.java" OptBodyExec="true">
<StmntSeq Intrnl_Id="182">
<LocList>
<Loc EndOffset="4239" SrcFileId="3" StartOffset="4192"/>
</LocList>
<BasicStmnt CovItemId="S59" CovItemPrefix="csse376_puerto_rico.Player.java" Intrnl_Id="183">
<LocList>
<Loc EndOffset="4239" SrcFileId="3" StartOffset="4192"/>
</LocList>
</BasicStmnt>
</StmntSeq>
<Keyword EndOffset="4139" SrcFileId="3" StartOffset="4136"/>
<LocList>
<Loc EndOffset="4244" SrcFileId="3" StartOffset="4136"/>
</LocList>
<RootTerm CovItemId="C3" CovItemPrefix="csse376_puerto_rico.Player.java" Intrnl_Id="184">
<BasicBoolTerm Intrnl_Id="185">
<LocList>
<Loc EndOffset="4179" SrcFileId="3" StartOffset="4152"/>
</LocList>
</BasicBoolTerm>
</RootTerm>
</LoopStmnt>
<CondStmnt CovItemId="S60" CovItemPrefix="csse376_puerto_rico.Player.java" Intrnl_Id="186">
<Branch CovItemId="B3" CovItemPrefix="csse376_puerto_rico.Player.java" Implct="false" Intrnl_Id="187">
<Cond/>
<LocList>
<Loc EndOffset="4470" SrcFileId="3" StartOffset="4264"/>
</LocList>
<StmntSeq Intrnl_Id="188">
<LocList>
<Loc EndOffset="4465" SrcFileId="3" StartOffset="4270"/>
</LocList>
<BasicStmnt CovItemId="S61" CovItemPrefix="csse376_puerto_rico.Player.java" Intrnl_Id="189">
<LocList>
<Loc EndOffset="4465" SrcFileId="3" StartOffset="4270"/>
</LocList>
</BasicStmnt>
</StmntSeq>
</Branch>
<Branch CovItemId="B4" CovItemPrefix="csse376_puerto_rico.Player.java" Implct="false" Intrnl_Id="190">
<Cond>
<Loc EndOffset="4475" SrcFileId="3" StartOffset="4471"/>
</Cond>
<LocList>
<Loc EndOffset="4671" SrcFileId="3" StartOffset="4476"/>
</LocList>
<StmntSeq Intrnl_Id="191">
<LocList>
<Loc EndOffset="4666" SrcFileId="3" StartOffset="4482"/>
</LocList>
<BasicStmnt CovItemId="S62" CovItemPrefix="csse376_puerto_rico.Player.java" Intrnl_Id="192">
<LocList>
<Loc EndOffset="4666" SrcFileId="3" StartOffset="4482"/>
</LocList>
</BasicStmnt>
</StmntSeq>
</Branch>
<Keyword EndOffset="4250" SrcFileId="3" StartOffset="4248"/>
<LocList>
<Loc EndOffset="4671" SrcFileId="3" StartOffset="4248"/>
</LocList>
<RootTerm CovItemId="C4" CovItemPrefix="csse376_puerto_rico.Player.java" Intrnl_Id="193">
<BasicBoolTerm Intrnl_Id="194">
<LocList>
<Loc EndOffset="4262" SrcFileId="3" StartOffset="4252"/>
</LocList>
</BasicBoolTerm>
</RootTerm>
</CondStmnt>
<BasicStmnt CovItemId="S63" CovItemPrefix="csse376_puerto_rico.Player.java" Intrnl_Id="195">
<LocList>
<Loc EndOffset="4686" SrcFileId="3" StartOffset="4675"/>
</LocList>
</BasicStmnt>
</StmntSeq>
</HierarchyLvl>
<HierarchyLvl HierarchyLvlId="176" HierarchyLvlTypeId="15" Intrnl_Id="196" Name="updatePlayerInfo">
<Header>
<Loc EndOffset="4725" SrcFileId="3" StartOffset="4695"/>
</Header>
<LocList>
<Loc EndOffset="4769" SrcFileId="3" StartOffset="4695"/>
</LocList>
<StmntSeq Intrnl_Id="197">
<LocList>
<Loc EndOffset="4765" SrcFileId="3" StartOffset="4731"/>
</LocList>
<BasicStmnt CovItemId="S64" CovItemPrefix="csse376_puerto_rico.Player.java" Intrnl_Id="198">
<LocList>
<Loc EndOffset="4765" SrcFileId="3" StartOffset="4731"/>
</LocList>
</BasicStmnt>
</StmntSeq>
</HierarchyLvl>
<HierarchyLvl HierarchyLvlId="177" HierarchyLvlTypeId="15" Intrnl_Id="199" Name="getPlantations">
<Header>
<Loc EndOffset="4819" SrcFileId="3" StartOffset="4774"/>
</Header>
<LocList>
<Loc EndOffset="4853" SrcFileId="3" StartOffset="4774"/>
</LocList>
<StmntSeq Intrnl_Id="200">
<LocList>
<Loc EndOffset="4849" SrcFileId="3" StartOffset="4825"/>
</LocList>
<BasicStmnt CovItemId="S65" CovItemPrefix="csse376_puerto_rico.Player.java" Intrnl_Id="201">
<LocList>
<Loc EndOffset="4849" SrcFileId="3" StartOffset="4825"/>
</LocList>
</BasicStmnt>
</StmntSeq>
</HierarchyLvl>
<HierarchyLvl HierarchyLvlId="178" HierarchyLvlTypeId="15" Intrnl_Id="202" Name="getPlantationsStringList">
<Header>
<Loc EndOffset="4912" SrcFileId="3" StartOffset="4861"/>
</Header>
<LocList>
<Loc EndOffset="5054" SrcFileId="3" StartOffset="4861"/>
</LocList>
<StmntSeq Intrnl_Id="203">
<LocList>
<Loc EndOffset="4966" SrcFileId="3" StartOffset="4918"/>
<Loc EndOffset="5035" SrcFileId="3" StartOffset="4970"/>
<Loc EndOffset="5050" SrcFileId="3" StartOffset="5039"/>
</LocList>
<BasicStmnt CovItemId="S66" CovItemPrefix="csse376_puerto_rico.Player.java" Intrnl_Id="204">
<LocList>
<Loc EndOffset="4966" SrcFileId="3" StartOffset="4918"/>
</LocList>
</BasicStmnt>
<LoopStmnt CovItemId="S67" CovItemPrefix="csse376_puerto_rico.Player.java" Intrnl_Id="205" MltplExecId="L6-2" MltplExecPrefix="csse376_puerto_rico.Player.java" NvrExecId="L6-0" NvrExecPrefix="csse376_puerto_rico.Player.java" OnceExecutedId="L6-1" OnceExecutedPrefix="csse376_puerto_rico.Player.java" OptBodyExec="true">
<StmntSeq Intrnl_Id="206">
<LocList>
<Loc EndOffset="5030" SrcFileId="3" StartOffset="5014"/>
</LocList>
<BasicStmnt CovItemId="S68" CovItemPrefix="csse376_puerto_rico.Player.java" Intrnl_Id="207">
<LocList>
<Loc EndOffset="5030" SrcFileId="3" StartOffset="5014"/>
</LocList>
</BasicStmnt>
</StmntSeq>
<Keyword EndOffset="4973" SrcFileId="3" StartOffset="4970"/>
<LocList>
<Loc EndOffset="5035" SrcFileId="3" StartOffset="4970"/>
</LocList>
</LoopStmnt>
<BasicStmnt CovItemId="S69" CovItemPrefix="csse376_puerto_rico.Player.java" Intrnl_Id="208">
<LocList>
<Loc EndOffset="5050" SrcFileId="3" StartOffset="5039"/>
</LocList>
</BasicStmnt>
</StmntSeq>
</HierarchyLvl>
<HierarchyLvl HierarchyLvlId="179" HierarchyLvlTypeId="15" Intrnl_Id="209" Name="checkPlantation">
<Header>
<Loc EndOffset="5205" SrcFileId="3" StartOffset="5176"/>
</Header>
<LocList>
<Loc EndOffset="5413" SrcFileId="3" StartOffset="5176"/>
</LocList>
<StmntSeq Intrnl_Id="210">
<LocList>
<Loc EndOffset="5409" SrcFileId="3" StartOffset="5213"/>
</LocList>
<LoopStmnt CovItemId="S70" CovItemPrefix="csse376_puerto_rico.Player.java" Intrnl_Id="211" MltplExecId="L7-2" MltplExecPrefix="csse376_puerto_rico.Player.java" NvrExecId="L7-0" NvrExecPrefix="csse376_puerto_rico.Player.java" OnceExecutedId="L7-1" OnceExecutedPrefix="csse376_puerto_rico.Player.java" OptBodyExec="true">
<StmntSeq Intrnl_Id="212">
<LocList>
<Loc EndOffset="5404" SrcFileId="3" StartOffset="5380"/>
</LocList>
<BasicStmnt CovItemId="S71" CovItemPrefix="csse376_puerto_rico.Player.java" Intrnl_Id="213">
<LocList>
<Loc EndOffset="5404" SrcFileId="3" StartOffset="5380"/>
</LocList>
</BasicStmnt>
</StmntSeq>
<Keyword EndOffset="5216" SrcFileId="3" StartOffset="5213"/>
<LocList>
<Loc EndOffset="5409" SrcFileId="3" StartOffset="5213"/>
</LocList>
</LoopStmnt>
</StmntSeq>
</HierarchyLvl>
</HierarchyLvl>
<HierarchyLvl HierarchyLvlId="185" HierarchyLvlTypeId="14" Intrnl_Id="214" Name="NextMoveButton">
<Header>
<Loc EndOffset="236" SrcFileId="4" StartOffset="193"/>
</Header>
<LocList>
<Loc EndOffset="1535" SrcFileId="4" StartOffset="193"/>
</LocList>
<HierarchyLvl HierarchyLvlId="183" HierarchyLvlTypeId="15" Intrnl_Id="215" Name="NextMoveButton">
<Header>
<Loc EndOffset="298" SrcFileId="4" StartOffset="275"/>
</Header>
<LocList>
<Loc EndOffset="886" SrcFileId="4" StartOffset="275"/>
</LocList>
<StmntSeq Intrnl_Id="216">
<LocList>
<Loc EndOffset="337" SrcFileId="4" StartOffset="306"/>
<Loc EndOffset="399" SrcFileId="4" StartOffset="341"/>
<Loc EndOffset="426" SrcFileId="4" StartOffset="403"/>
<Loc EndOffset="446" SrcFileId="4" StartOffset="430"/>
<Loc EndOffset="473" SrcFileId="4" StartOffset="450"/>
<Loc EndOffset="882" SrcFileId="4" StartOffset="880"/>
</LocList>
<BasicStmnt CovItemId="S1" CovItemPrefix="csse376_puerto_rico.NextMoveButton.java" Intrnl_Id="217">
<LocList>
<Loc EndOffset="337" SrcFileId="4" StartOffset="306"/>
</LocList>
</BasicStmnt>
<BasicStmnt CovItemId="S2" CovItemPrefix="csse376_puerto_rico.NextMoveButton.java" Intrnl_Id="218">
<LocList>
<Loc EndOffset="399" SrcFileId="4" StartOffset="341"/>
</LocList>
</BasicStmnt>
<BasicStmnt CovItemId="S3" CovItemPrefix="csse376_puerto_rico.NextMoveButton.java" Intrnl_Id="219">
<LocList>
<Loc EndOffset="426" SrcFileId="4" StartOffset="403"/>
</LocList>
</BasicStmnt>
<BasicStmnt CovItemId="S4" CovItemPrefix="csse376_puerto_rico.NextMoveButton.java" Intrnl_Id="220">
<LocList>
<Loc EndOffset="446" SrcFileId="4" StartOffset="430"/>
</LocList>
</BasicStmnt>
<BasicStmnt CovItemId="S5" CovItemPrefix="csse376_puerto_rico.NextMoveButton.java" Intrnl_Id="221">
<LocList>
<Loc EndOffset="473" SrcFileId="4" StartOffset="450"/>
<Loc EndOffset="882" SrcFileId="4" StartOffset="880"/>
</LocList>
</BasicStmnt>
</StmntSeq>
<HierarchyLvl HierarchyLvlId="182" HierarchyLvlTypeId="17" Intrnl_Id="222" Name="ActionListener">
<Header>
<Loc EndOffset="493" SrcFileId="4" StartOffset="477"/>
</Header>
<LocList>
<Loc EndOffset="880" SrcFileId="4" StartOffset="473"/>
</LocList>
<HierarchyLvl HierarchyLvlId="181" HierarchyLvlTypeId="15" Intrnl_Id="223" Name="actionPerformed">
<Header>
<Loc EndOffset="561" SrcFileId="4" StartOffset="505"/>
</Header>
<LocList>
<Loc EndOffset="875" SrcFileId="4" StartOffset="505"/>
</LocList>
<StmntSeq Intrnl_Id="224">
<LocList>
<Loc EndOffset="601" SrcFileId="4" StartOffset="569"/>
<Loc EndOffset="630" SrcFileId="4" StartOffset="607"/>
<Loc EndOffset="652" SrcFileId="4" StartOffset="636"/>
<Loc EndOffset="678" SrcFileId="4" StartOffset="658"/>
<Loc EndOffset="846" SrcFileId="4" StartOffset="684"/>
<Loc EndOffset="869" SrcFileId="4" StartOffset="858"/>
</LocList>
<BasicStmnt CovItemId="S6" CovItemPrefix="csse376_puerto_rico.NextMoveButton.java" Intrnl_Id="225">
<LocList>
<Loc EndOffset="601" SrcFileId="4" StartOffset="569"/>
</LocList>
</BasicStmnt>
<BasicStmnt CovItemId="S7" CovItemPrefix="csse376_puerto_rico.NextMoveButton.java" Intrnl_Id="226">
<LocList>
<Loc EndOffset="630" SrcFileId="4" StartOffset="607"/>
</LocList>
</BasicStmnt>
<BasicStmnt CovItemId="S8" CovItemPrefix="csse376_puerto_rico.NextMoveButton.java" Intrnl_Id="227">
<LocList>
<Loc EndOffset="652" SrcFileId="4" StartOffset="636"/>
</LocList>
</BasicStmnt>
<BasicStmnt CovItemId="S9" CovItemPrefix="csse376_puerto_rico.NextMoveButton.java" Intrnl_Id="228">
<LocList>
<Loc EndOffset="678" SrcFileId="4" StartOffset="658"/>
</LocList>
</BasicStmnt>
<CondStmnt CovItemId="S10" CovItemPrefix="csse376_puerto_rico.NextMoveButton.java" Intrnl_Id="229">
<Branch CovItemId="B1" CovItemPrefix="csse376_puerto_rico.NextMoveButton.java" Implct="false" Intrnl_Id="230">
<Cond/>
<LocList>
<Loc EndOffset="846" SrcFileId="4" StartOffset="739"/>
</LocList>
<StmntSeq Intrnl_Id="231">
<LocList>
<Loc EndOffset="792" SrcFileId="4" StartOffset="747"/>
<Loc EndOffset="839" SrcFileId="4" StartOffset="799"/>
</LocList>
<BasicStmnt CovItemId="S11" CovItemPrefix="csse376_puerto_rico.NextMoveButton.java" Intrnl_Id="232">
<LocList>
<Loc EndOffset="792" SrcFileId="4" StartOffset="747"/>
</LocList>
</BasicStmnt>
<BasicStmnt CovItemId="S12" CovItemPrefix="csse376_puerto_rico.NextMoveButton.java" Intrnl_Id="233">
<LocList>
<Loc EndOffset="839" SrcFileId="4" StartOffset="799"/>
</LocList>
</BasicStmnt>
</StmntSeq>
</Branch>
<Branch CovItemId="B2" CovItemPrefix="csse376_puerto_rico.NextMoveButton.java" Implct="true" Intrnl_Id="234">
<Cond/>
<LocList/>
<StmntSeq Intrnl_Id="235">
<LocList/>
</StmntSeq>
</Branch>
<Keyword EndOffset="686" SrcFileId="4" StartOffset="684"/>
<LocList>
<Loc EndOffset="846" SrcFileId="4" StartOffset="684"/>
</LocList>
<RootTerm CovItemId="C1" CovItemPrefix="csse376_puerto_rico.NextMoveButton.java" Intrnl_Id="236">
<OpTerm BooleanOpId="12" Intrnl_Id="237">
<BasicBoolTerm Intrnl_Id="238">
<LocList>
<Loc EndOffset="699" SrcFileId="4" StartOffset="687"/>
</LocList>
</BasicBoolTerm>
<BasicBoolTerm Intrnl_Id="239">
<LocList>
<Loc EndOffset="732" SrcFileId="4" StartOffset="703"/>
</LocList>
</BasicBoolTerm>
<LocList>
<Loc EndOffset="702" SrcFileId="4" StartOffset="700"/>
</LocList>
</OpTerm>
</RootTerm>
</CondStmnt>
<BasicStmnt CovItemId="S13" CovItemPrefix="csse376_puerto_rico.NextMoveButton.java" Intrnl_Id="240">
<LocList>
<Loc EndOffset="869" SrcFileId="4" StartOffset="858"/>
</LocList>
</BasicStmnt>
</StmntSeq>
</HierarchyLvl>
</HierarchyLvl>
</HierarchyLvl>
<HierarchyLvl HierarchyLvlId="184" HierarchyLvlTypeId="15" Intrnl_Id="241" Name="makeMove">
<Header>
<Loc EndOffset="911" SrcFileId="4" StartOffset="889"/>
</Header>
<LocList>
<Loc EndOffset="1532" SrcFileId="4" StartOffset="889"/>
</LocList>
<StmntSeq Intrnl_Id="242">
<LocList>
<Loc EndOffset="1493" SrcFileId="4" StartOffset="1217"/>
<Loc EndOffset="1528" SrcFileId="4" StartOffset="1497"/>
</LocList>
<LoopStmnt CovItemId="S14" CovItemPrefix="csse376_puerto_rico.NextMoveButton.java" Intrnl_Id="243" MltplExecId="L1-2" MltplExecPrefix="csse376_puerto_rico.NextMoveButton.java" NvrExecId="L1-0" NvrExecPrefix="csse376_puerto_rico.NextMoveButton.java" OnceExecutedId="L1-1" OnceExecutedPrefix="csse376_puerto_rico.NextMoveButton.java" OptBodyExec="true">
<StmntSeq Intrnl_Id="244">
<LocList>
<Loc EndOffset="1488" SrcFileId="4" StartOffset="1260"/>
</LocList>
<CondStmnt CovItemId="S15" CovItemPrefix="csse376_puerto_rico.NextMoveButton.java" Intrnl_Id="245">
<Branch CovItemId="B3" CovItemPrefix="csse376_puerto_rico.NextMoveButton.java" Implct="false" Intrnl_Id="246">
<Cond/>
<LocList>
<Loc EndOffset="1488" SrcFileId="4" StartOffset="1290"/>
</LocList>
<StmntSeq Intrnl_Id="247">
<LocList>
<Loc EndOffset="1327" SrcFileId="4" StartOffset="1297"/>
<Loc EndOffset="1470" SrcFileId="4" StartOffset="1333"/>
<Loc EndOffset="1482" SrcFileId="4" StartOffset="1476"/>
</LocList>
<BasicStmnt CovItemId="S16" CovItemPrefix="csse376_puerto_rico.NextMoveButton.java" Intrnl_Id="248">
<LocList>
<Loc EndOffset="1327" SrcFileId="4" StartOffset="1297"/>
</LocList>
</BasicStmnt>
<CondStmnt CovItemId="S17" CovItemPrefix="csse376_puerto_rico.NextMoveButton.java" Intrnl_Id="249">
<Branch CovItemId="B5" CovItemPrefix="csse376_puerto_rico.NextMoveButton.java" Implct="false" Intrnl_Id="250">
<Cond/>
<LocList>
<Loc EndOffset="1408" SrcFileId="4" StartOffset="1364"/>
</LocList>
<StmntSeq Intrnl_Id="251">
<LocList>
<Loc EndOffset="1401" SrcFileId="4" StartOffset="1372"/>
</LocList>
<BasicStmnt CovItemId="S18" CovItemPrefix="csse376_puerto_rico.NextMoveButton.java" Intrnl_Id="252">
<LocList>
<Loc EndOffset="1401" SrcFileId="4" StartOffset="1372"/>
</LocList>
</BasicStmnt>
</StmntSeq>
</Branch>
<Branch CovItemId="B6" CovItemPrefix="csse376_puerto_rico.NextMoveButton.java" Implct="false" Intrnl_Id="253">
<Cond>
<Loc EndOffset="1418" SrcFileId="4" StartOffset="1414"/>
</Cond>
<LocList>
<Loc EndOffset="1470" SrcFileId="4" StartOffset="1424"/>
</LocList>
<StmntSeq Intrnl_Id="254">
<LocList>
<Loc EndOffset="1463" SrcFileId="4" StartOffset="1432"/>
</LocList>
<BasicStmnt CovItemId="S19" CovItemPrefix="csse376_puerto_rico.NextMoveButton.java" Intrnl_Id="255">
<LocList>
<Loc EndOffset="1463" SrcFileId="4" StartOffset="1432"/>
</LocList>
</BasicStmnt>
</StmntSeq>
</Branch>
<Keyword EndOffset="1335" SrcFileId="4" StartOffset="1333"/>
<LocList>
<Loc EndOffset="1470" SrcFileId="4" StartOffset="1333"/>
</LocList>
<RootTerm CovItemId="C4" CovItemPrefix="csse376_puerto_rico.NextMoveButton.java" Intrnl_Id="256">
<BasicBoolTerm Intrnl_Id="257">
<LocList>
<Loc EndOffset="1357" SrcFileId="4" StartOffset="1336"/>
</LocList>
</BasicBoolTerm>
</RootTerm>
</CondStmnt>
<BasicStmnt CovItemId="S20" CovItemPrefix="csse376_puerto_rico.NextMoveButton.java" Intrnl_Id="258">
<LocList>
<Loc EndOffset="1482" SrcFileId="4" StartOffset="1476"/>
</LocList>
</BasicStmnt>
</StmntSeq>
</Branch>
<Branch CovItemId="B4" CovItemPrefix="csse376_puerto_rico.NextMoveButton.java" Implct="true" Intrnl_Id="259">
<Cond/>
<LocList/>
<StmntSeq Intrnl_Id="260">
<LocList/>
</StmntSeq>
</Branch>
<Keyword EndOffset="1262" SrcFileId="4" StartOffset="1260"/>
<LocList>
<Loc EndOffset="1488" SrcFileId="4" StartOffset="1260"/>
</LocList>
<RootTerm CovItemId="C3" CovItemPrefix="csse376_puerto_rico.NextMoveButton.java" Intrnl_Id="261">
<BasicBoolTerm Intrnl_Id="262">
<LocList>
<Loc EndOffset="1284" SrcFileId="4" StartOffset="1263"/>
</LocList>
</BasicBoolTerm>
</RootTerm>
</CondStmnt>
</StmntSeq>
<Keyword EndOffset="1220" SrcFileId="4" StartOffset="1217"/>
<LocList>
<Loc EndOffset="1493" SrcFileId="4" StartOffset="1217"/>
</LocList>
<RootTerm CovItemId="C2" CovItemPrefix="csse376_puerto_rico.NextMoveButton.java" Intrnl_Id="263">
<BasicBoolTerm Intrnl_Id="264">
<LocList>
<Loc EndOffset="1245" SrcFileId="4" StartOffset="1229"/>
</LocList>
</BasicBoolTerm>
</RootTerm>
</LoopStmnt>
<BasicStmnt CovItemId="S21" CovItemPrefix="csse376_puerto_rico.NextMoveButton.java" Intrnl_Id="265">
<LocList>
<Loc EndOffset="1528" SrcFileId="4" StartOffset="1497"/>
</LocList>
</BasicStmnt>
</StmntSeq>
</HierarchyLvl>
</HierarchyLvl>
<HierarchyLvl HierarchyLvlId="187" HierarchyLvlTypeId="14" Intrnl_Id="266" Name="MenuGUI">
<Header>
<Loc EndOffset="297" SrcFileId="5" StartOffset="277"/>
</Header>
<LocList>
<Loc EndOffset="1547" SrcFileId="5" StartOffset="277"/>
</LocList>
<StmntSeq Intrnl_Id="267">
<LocList>
<Loc EndOffset="372" SrcFileId="5" StartOffset="340"/>
</LocList>
<BasicStmnt CovItemId="S1" CovItemPrefix="csse376_puerto_rico.MenuGUI.java" Intrnl_Id="268">
<LocList>
<Loc EndOffset="372" SrcFileId="5" StartOffset="340"/>
</LocList>
</BasicStmnt>
</StmntSeq>
<HierarchyLvl HierarchyLvlId="186" HierarchyLvlTypeId="15" Intrnl_Id="269" Name="MenuGUI">
<Header>
<Loc EndOffset="459" SrcFileId="5" StartOffset="443"/>
</Header>
<LocList>
<Loc EndOffset="1542" SrcFileId="5" StartOffset="443"/>
</LocList>
<StmntSeq Intrnl_Id="270">
<LocList>
<Loc EndOffset="513" SrcFileId="5" StartOffset="474"/>
<Loc EndOffset="560" SrcFileId="5" StartOffset="526"/>
<Loc EndOffset="605" SrcFileId="5" StartOffset="573"/>
<Loc EndOffset="680" SrcFileId="5" StartOffset="618"/>
<Loc EndOffset="882" SrcFileId="5" StartOffset="851"/>
<Loc EndOffset="929" SrcFileId="5" StartOffset="895"/>
<Loc EndOffset="996" SrcFileId="5" StartOffset="955"/>
<Loc EndOffset="1055" SrcFileId="5" StartOffset="1009"/>
<Loc EndOffset="1117" SrcFileId="5" StartOffset="1081"/>
<Loc EndOffset="1185" SrcFileId="5" StartOffset="1143"/>
<Loc EndOffset="1260" SrcFileId="5" StartOffset="1198"/>
<Loc EndOffset="1308" SrcFileId="5" StartOffset="1273"/>
<Loc EndOffset="1359" SrcFileId="5" StartOffset="1334"/>
<Loc EndOffset="1394" SrcFileId="5" StartOffset="1372"/>
<Loc EndOffset="1469" SrcFileId="5" StartOffset="1420"/>
<Loc EndOffset="1534" SrcFileId="5" StartOffset="1482"/>
</LocList>
<BasicStmnt CovItemId="S2" CovItemPrefix="csse376_puerto_rico.MenuGUI.java" Intrnl_Id="271">
<LocList>
<Loc EndOffset="513" SrcFileId="5" StartOffset="474"/>
</LocList>
</BasicStmnt>
<BasicStmnt CovItemId="S3" CovItemPrefix="csse376_puerto_rico.MenuGUI.java" Intrnl_Id="272">
<LocList>
<Loc EndOffset="560" SrcFileId="5" StartOffset="526"/>
</LocList>
</BasicStmnt>
<BasicStmnt CovItemId="S4" CovItemPrefix="csse376_puerto_rico.MenuGUI.java" Intrnl_Id="273">
<LocList>
<Loc EndOffset="605" SrcFileId="5" StartOffset="573"/>
</LocList>
</BasicStmnt>
<BasicStmnt CovItemId="S5" CovItemPrefix="csse376_puerto_rico.MenuGUI.java" Intrnl_Id="274">
<LocList>
<Loc EndOffset="680" SrcFileId="5" StartOffset="618"/>
</LocList>
</BasicStmnt>
<BasicStmnt CovItemId="S6" CovItemPrefix="csse376_puerto_rico.MenuGUI.java" Intrnl_Id="275">
<LocList>
<Loc EndOffset="882" SrcFileId="5" StartOffset="851"/>
</LocList>
</BasicStmnt>
<BasicStmnt CovItemId="S7" CovItemPrefix="csse376_puerto_rico.MenuGUI.java" Intrnl_Id="276">
<LocList>
<Loc EndOffset="929" SrcFileId="5" StartOffset="895"/>
</LocList>
</BasicStmnt>
<BasicStmnt CovItemId="S8" CovItemPrefix="csse376_puerto_rico.MenuGUI.java" Intrnl_Id="277">
<LocList>
<Loc EndOffset="996" SrcFileId="5" StartOffset="955"/>
</LocList>
</BasicStmnt>
<BasicStmnt CovItemId="S9" CovItemPrefix="csse376_puerto_rico.MenuGUI.java" Intrnl_Id="278">
<LocList>
<Loc EndOffset="1055" SrcFileId="5" StartOffset="1009"/>
</LocList>
</BasicStmnt>
<BasicStmnt CovItemId="S10" CovItemPrefix="csse376_puerto_rico.MenuGUI.java" Intrnl_Id="279">
<LocList>
<Loc EndOffset="1117" SrcFileId="5" StartOffset="1081"/>
</LocList>
</BasicStmnt>
<BasicStmnt CovItemId="S11" CovItemPrefix="csse376_puerto_rico.MenuGUI.java" Intrnl_Id="280">
<LocList>
<Loc EndOffset="1185" SrcFileId="5" StartOffset="1143"/>
</LocList>
</BasicStmnt>
<BasicStmnt CovItemId="S12" CovItemPrefix="csse376_puerto_rico.MenuGUI.java" Intrnl_Id="281">
<LocList>
<Loc EndOffset="1260" SrcFileId="5" StartOffset="1198"/>
</LocList>
</BasicStmnt>
<BasicStmnt CovItemId="S13" CovItemPrefix="csse376_puerto_rico.MenuGUI.java" Intrnl_Id="282">
<LocList>
<Loc EndOffset="1308" SrcFileId="5" StartOffset="1273"/>
</LocList>
</BasicStmnt>
<BasicStmnt CovItemId="S14" CovItemPrefix="csse376_puerto_rico.MenuGUI.java" Intrnl_Id="283">
<LocList>
<Loc EndOffset="1359" SrcFileId="5" StartOffset="1334"/>
</LocList>
</BasicStmnt>
<BasicStmnt CovItemId="S15" CovItemPrefix="csse376_puerto_rico.MenuGUI.java" Intrnl_Id="284">
<LocList>
<Loc EndOffset="1394" SrcFileId="5" StartOffset="1372"/>
</LocList>
</BasicStmnt>
<BasicStmnt CovItemId="S16" CovItemPrefix="csse376_puerto_rico.MenuGUI.java" Intrnl_Id="285">
<LocList>
<Loc EndOffset="1469" SrcFileId="5" StartOffset="1420"/>
</LocList>
</BasicStmnt>
<BasicStmnt CovItemId="S17" CovItemPrefix="csse376_puerto_rico.MenuGUI.java" Intrnl_Id="286">
<LocList>
<Loc EndOffset="1534" SrcFileId="5" StartOffset="1482"/>
</LocList>
</BasicStmnt>
</StmntSeq>
</HierarchyLvl>
</HierarchyLvl>
<HierarchyLvl HierarchyLvlId="189" HierarchyLvlTypeId="14" Intrnl_Id="287" Name="Main">
<Header>
<Loc EndOffset="47" SrcFileId="6" StartOffset="30"/>
</Header>
<LocList>
<Loc EndOffset="149" SrcFileId="6" StartOffset="30"/>
</LocList>
<HierarchyLvl HierarchyLvlId="188" HierarchyLvlTypeId="15" Intrnl_Id="288" Name="main">
<Header>
<Loc EndOffset="125" SrcFileId="6" StartOffset="87"/>
</Header>
<LocList>
<Loc EndOffset="147" SrcFileId="6" StartOffset="87"/>
</LocList>
<StmntSeq Intrnl_Id="289">
<LocList>
<Loc EndOffset="144" SrcFileId="6" StartOffset="130"/>
</LocList>
<BasicStmnt CovItemId="S1" CovItemPrefix="csse376_puerto_rico.Main.java" Intrnl_Id="290">
<LocList>
<Loc EndOffset="144" SrcFileId="6" StartOffset="130"/>
</LocList>
</BasicStmnt>
</StmntSeq>
</HierarchyLvl>
</HierarchyLvl>
<HierarchyLvl HierarchyLvlId="193" HierarchyLvlTypeId="14" Intrnl_Id="291" Name="GoodsButton">
<Header>
<Loc EndOffset="264" SrcFileId="7" StartOffset="224"/>
</Header>
<LocList>
<Loc EndOffset="1005" SrcFileId="7" StartOffset="224"/>
</LocList>
<HierarchyLvl HierarchyLvlId="192" HierarchyLvlTypeId="15" Intrnl_Id="292" Name="GoodsButton">
<Header>
<Loc EndOffset="438" SrcFileId="7" StartOffset="389"/>
</Header>
<LocList>
<Loc EndOffset="1002" SrcFileId="7" StartOffset="389"/>
</LocList>
<StmntSeq Intrnl_Id="293">
<LocList>
<Loc EndOffset="458" SrcFileId="7" StartOffset="446"/>
<Loc EndOffset="479" SrcFileId="7" StartOffset="462"/>
<Loc EndOffset="502" SrcFileId="7" StartOffset="483"/>
<Loc EndOffset="528" SrcFileId="7" StartOffset="506"/>
<Loc EndOffset="552" SrcFileId="7" StartOffset="532"/>
<Loc EndOffset="579" SrcFileId="7" StartOffset="556"/>
<Loc EndOffset="959" SrcFileId="7" StartOffset="957"/>
<Loc EndOffset="998" SrcFileId="7" StartOffset="967"/>
</LocList>
<BasicStmnt CovItemId="S1" CovItemPrefix="csse376_puerto_rico.GoodsButton.java" Intrnl_Id="294">
<LocList>
<Loc EndOffset="458" SrcFileId="7" StartOffset="446"/>
</LocList>
</BasicStmnt>
<BasicStmnt CovItemId="S2" CovItemPrefix="csse376_puerto_rico.GoodsButton.java" Intrnl_Id="295">
<LocList>
<Loc EndOffset="479" SrcFileId="7" StartOffset="462"/>
</LocList>
</BasicStmnt>
<BasicStmnt CovItemId="S3" CovItemPrefix="csse376_puerto_rico.GoodsButton.java" Intrnl_Id="296">
<LocList>
<Loc EndOffset="502" SrcFileId="7" StartOffset="483"/>
</LocList>
</BasicStmnt>
<BasicStmnt CovItemId="S4" CovItemPrefix="csse376_puerto_rico.GoodsButton.java" Intrnl_Id="297">
<LocList>
<Loc EndOffset="528" SrcFileId="7" StartOffset="506"/>
</LocList>
</BasicStmnt>
<BasicStmnt CovItemId="S5" CovItemPrefix="csse376_puerto_rico.GoodsButton.java" Intrnl_Id="298">
<LocList>
<Loc EndOffset="552" SrcFileId="7" StartOffset="532"/>
</LocList>
</BasicStmnt>
<BasicStmnt CovItemId="S6" CovItemPrefix="csse376_puerto_rico.GoodsButton.java" Intrnl_Id="299">
<LocList>
<Loc EndOffset="579" SrcFileId="7" StartOffset="556"/>
<Loc EndOffset="959" SrcFileId="7" StartOffset="957"/>
</LocList>
</BasicStmnt>
<BasicStmnt CovItemId="S12" CovItemPrefix="csse376_puerto_rico.GoodsButton.java" Intrnl_Id="300">
<LocList>
<Loc EndOffset="998" SrcFileId="7" StartOffset="967"/>
</LocList>
</BasicStmnt>
</StmntSeq>
<HierarchyLvl HierarchyLvlId="191" HierarchyLvlTypeId="17" Intrnl_Id="301" Name="ActionListener">
<Header>
<Loc EndOffset="599" SrcFileId="7" StartOffset="583"/>
</Header>
<LocList>
<Loc EndOffset="957" SrcFileId="7" StartOffset="579"/>
</LocList>
<HierarchyLvl HierarchyLvlId="190" HierarchyLvlTypeId="15" Intrnl_Id="302" Name="actionPerformed">
<Header>
<Loc EndOffset="667" SrcFileId="7" StartOffset="611"/>
</Header>
<LocList>
<Loc EndOffset="952" SrcFileId="7" StartOffset="611"/>
</LocList>
<StmntSeq Intrnl_Id="303">
<LocList>
<Loc EndOffset="946" SrcFileId="7" StartOffset="686"/>
</LocList>
<LoopStmnt CovItemId="S7" CovItemPrefix="csse376_puerto_rico.GoodsButton.java" Intrnl_Id="304" MltplExecId="L1-2" MltplExecPrefix="csse376_puerto_rico.GoodsButton.java" NvrExecId="L1-0" NvrExecPrefix="csse376_puerto_rico.GoodsButton.java" OnceExecutedId="L1-1" OnceExecutedPrefix="csse376_puerto_rico.GoodsButton.java" OptBodyExec="true">
<StmntSeq Intrnl_Id="305">
<LocList>
<Loc EndOffset="758" SrcFileId="7" StartOffset="735"/>
<Loc EndOffset="842" SrcFileId="7" StartOffset="766"/>
<Loc EndOffset="887" SrcFileId="7" StartOffset="850"/>
<Loc EndOffset="938" SrcFileId="7" StartOffset="895"/>
</LocList>
<BasicStmnt CovItemId="S8" CovItemPrefix="csse376_puerto_rico.GoodsButton.java" Intrnl_Id="306">
<LocList>
<Loc EndOffset="758" SrcFileId="7" StartOffset="735"/>
</LocList>
</BasicStmnt>
<BasicStmnt CovItemId="S9" CovItemPrefix="csse376_puerto_rico.GoodsButton.java" Intrnl_Id="307">
<LocList>
<Loc EndOffset="842" SrcFileId="7" StartOffset="766"/>
</LocList>
</BasicStmnt>
<BasicStmnt CovItemId="S10" CovItemPrefix="csse376_puerto_rico.GoodsButton.java" Intrnl_Id="308">
<LocList>
<Loc EndOffset="887" SrcFileId="7" StartOffset="850"/>
</LocList>
</BasicStmnt>
<BasicStmnt CovItemId="S11" CovItemPrefix="csse376_puerto_rico.GoodsButton.java" Intrnl_Id="309">
<LocList>
<Loc EndOffset="938" SrcFileId="7" StartOffset="895"/>
</LocList>
</BasicStmnt>
</StmntSeq>
<Keyword EndOffset="689" SrcFileId="7" StartOffset="686"/>
<LocList>
<Loc EndOffset="946" SrcFileId="7" StartOffset="686"/>
</LocList>
<RootTerm CovItemId="C1" CovItemPrefix="csse376_puerto_rico.GoodsButton.java" Intrnl_Id="310">
<BasicBoolTerm Intrnl_Id="311">
<LocList>
<Loc EndOffset="714" SrcFileId="7" StartOffset="698"/>
</LocList>
</BasicBoolTerm>
</RootTerm>
</LoopStmnt>
</StmntSeq>
</HierarchyLvl>
</HierarchyLvl>
</HierarchyLvl>
</HierarchyLvl>
<HierarchyLvl HierarchyLvlId="208" HierarchyLvlTypeId="14" Intrnl_Id="312" Name="GameBoardGUI">
<Header>
<Loc EndOffset="467" SrcFileId="8" StartOffset="442"/>
</Header>
<LocList>
<Loc EndOffset="13751" SrcFileId="8" StartOffset="442"/>
</LocList>
<HierarchyLvl HierarchyLvlId="194" HierarchyLvlTypeId="15" Intrnl_Id="313" Name="GameBoardGUI">
<Header>
<Loc EndOffset="781" SrcFileId="8" StartOffset="760"/>
</Header>
<LocList>
<Loc EndOffset="1004" SrcFileId="8" StartOffset="760"/>
</LocList>
<StmntSeq Intrnl_Id="314">
<LocList>
<Loc EndOffset="845" SrcFileId="8" StartOffset="815"/>
<Loc EndOffset="886" SrcFileId="8" StartOffset="849"/>
<Loc EndOffset="929" SrcFileId="8" StartOffset="890"/>
<Loc EndOffset="963" SrcFileId="8" StartOffset="933"/>
<Loc EndOffset="1000" SrcFileId="8" StartOffset="967"/>
</LocList>
<BasicStmnt CovItemId="S1" CovItemPrefix="csse376_puerto_rico.GameBoardGUI.java" Intrnl_Id="315">
<LocList>
<Loc EndOffset="845" SrcFileId="8" StartOffset="815"/>
</LocList>
</BasicStmnt>
<BasicStmnt CovItemId="S2" CovItemPrefix="csse376_puerto_rico.GameBoardGUI.java" Intrnl_Id="316">
<LocList>
<Loc EndOffset="886" SrcFileId="8" StartOffset="849"/>
</LocList>
</BasicStmnt>
<BasicStmnt CovItemId="S3" CovItemPrefix="csse376_puerto_rico.GameBoardGUI.java" Intrnl_Id="317">
<LocList>
<Loc EndOffset="929" SrcFileId="8" StartOffset="890"/>
</LocList>
</BasicStmnt>
<BasicStmnt CovItemId="S4" CovItemPrefix="csse376_puerto_rico.GameBoardGUI.java" Intrnl_Id="318">
<LocList>
<Loc EndOffset="963" SrcFileId="8" StartOffset="933"/>
</LocList>
</BasicStmnt>
<BasicStmnt CovItemId="S5" CovItemPrefix="csse376_puerto_rico.GameBoardGUI.java" Intrnl_Id="319">
<LocList>
<Loc EndOffset="1000" SrcFileId="8" StartOffset="967"/>
</LocList>
</BasicStmnt>
</StmntSeq>
</HierarchyLvl>
<HierarchyLvl HierarchyLvlId="195" HierarchyLvlTypeId="15" Intrnl_Id="320" Name="GameBoardGUI">
<Header>
<Loc EndOffset="1061" SrcFileId="8" StartOffset="1009"/>
</Header>
<LocList>
<Loc EndOffset="1842" SrcFileId="8" StartOffset="1009"/>
</LocList>
<StmntSeq Intrnl_Id="321">
<LocList>
<Loc EndOffset="1106" SrcFileId="8" StartOffset="1067"/>
<Loc EndOffset="1133" SrcFileId="8" StartOffset="1110"/>
<Loc EndOffset="1176" SrcFileId="8" StartOffset="1137"/>
<Loc EndOffset="1224" SrcFileId="8" StartOffset="1180"/>
<Loc EndOffset="1273" SrcFileId="8" StartOffset="1228"/>
<Loc EndOffset="1319" SrcFileId="8" StartOffset="1277"/>
<Loc EndOffset="1358" SrcFileId="8" StartOffset="1323"/>
<Loc EndOffset="1395" SrcFileId="8" StartOffset="1362"/>
<Loc EndOffset="1419" SrcFileId="8" StartOffset="1399"/>
<Loc EndOffset="1453" SrcFileId="8" StartOffset="1423"/>
<Loc EndOffset="1494" SrcFileId="8" StartOffset="1457"/>
<Loc EndOffset="1520" SrcFileId="8" StartOffset="1502"/>
<Loc EndOffset="1752" SrcFileId="8" StartOffset="1524"/>
<Loc EndOffset="1799" SrcFileId="8" StartOffset="1756"/>
<Loc EndOffset="1838" SrcFileId="8" StartOffset="1807"/>
</LocList>
<BasicStmnt CovItemId="S6" CovItemPrefix="csse376_puerto_rico.GameBoardGUI.java" Intrnl_Id="322">
<LocList>
<Loc EndOffset="1106" SrcFileId="8" StartOffset="1067"/>
</LocList>
</BasicStmnt>
<BasicStmnt CovItemId="S7" CovItemPrefix="csse376_puerto_rico.GameBoardGUI.java" Intrnl_Id="323">
<LocList>
<Loc EndOffset="1133" SrcFileId="8" StartOffset="1110"/>
</LocList>
</BasicStmnt>
<BasicStmnt CovItemId="S8" CovItemPrefix="csse376_puerto_rico.GameBoardGUI.java" Intrnl_Id="324">
<LocList>
<Loc EndOffset="1176" SrcFileId="8" StartOffset="1137"/>
</LocList>
</BasicStmnt>
<BasicStmnt CovItemId="S9" CovItemPrefix="csse376_puerto_rico.GameBoardGUI.java" Intrnl_Id="325">
<LocList>
<Loc EndOffset="1224" SrcFileId="8" StartOffset="1180"/>
</LocList>
</BasicStmnt>
<BasicStmnt CovItemId="S10" CovItemPrefix="csse376_puerto_rico.GameBoardGUI.java" Intrnl_Id="326">
<LocList>
<Loc EndOffset="1273" SrcFileId="8" StartOffset="1228"/>
</LocList>
</BasicStmnt>
<BasicStmnt CovItemId="S11" CovItemPrefix="csse376_puerto_rico.GameBoardGUI.java" Intrnl_Id="327">
<LocList>
<Loc EndOffset="1319" SrcFileId="8" StartOffset="1277"/>
</LocList>
</BasicStmnt>
<BasicStmnt CovItemId="S12" CovItemPrefix="csse376_puerto_rico.GameBoardGUI.java" Intrnl_Id="328">
<LocList>
<Loc EndOffset="1358" SrcFileId="8" StartOffset="1323"/>
</LocList>
</BasicStmnt>
<BasicStmnt CovItemId="S13" CovItemPrefix="csse376_puerto_rico.GameBoardGUI.java" Intrnl_Id="329">
<LocList>
<Loc EndOffset="1395" SrcFileId="8" StartOffset="1362"/>
</LocList>
</BasicStmnt>
<BasicStmnt CovItemId="S14" CovItemPrefix="csse376_puerto_rico.GameBoardGUI.java" Intrnl_Id="330">
<LocList>
<Loc EndOffset="1419" SrcFileId="8" StartOffset="1399"/>
</LocList>
</BasicStmnt>
<BasicStmnt CovItemId="S15" CovItemPrefix="csse376_puerto_rico.GameBoardGUI.java" Intrnl_Id="331">
<LocList>
<Loc EndOffset="1453" SrcFileId="8" StartOffset="1423"/>
</LocList>
</BasicStmnt>
<BasicStmnt CovItemId="S16" CovItemPrefix="csse376_puerto_rico.GameBoardGUI.java" Intrnl_Id="332">
<LocList>
<Loc EndOffset="1494" SrcFileId="8" StartOffset="1457"/>
</LocList>
</BasicStmnt>
<BasicStmnt CovItemId="S17" CovItemPrefix="csse376_puerto_rico.GameBoardGUI.java" Intrnl_Id="333">
<LocList>
<Loc EndOffset="1520" SrcFileId="8" StartOffset="1502"/>
</LocList>
</BasicStmnt>
<LoopStmnt CovItemId="S18" CovItemPrefix="csse376_puerto_rico.GameBoardGUI.java" Intrnl_Id="334" MltplExecId="L1-2" MltplExecPrefix="csse376_puerto_rico.GameBoardGUI.java" NvrExecId="L1-0" NvrExecPrefix="csse376_puerto_rico.GameBoardGUI.java" OnceExecutedId="L1-1" OnceExecutedPrefix="csse376_puerto_rico.GameBoardGUI.java" OptBodyExec="true">
<StmntSeq Intrnl_Id="335">
<LocList>
<Loc EndOffset="1680" SrcFileId="8" StartOffset="1634"/>
<Loc EndOffset="1747" SrcFileId="8" StartOffset="1685"/>
</LocList>
<BasicStmnt CovItemId="S19" CovItemPrefix="csse376_puerto_rico.GameBoardGUI.java" Intrnl_Id="336">
<LocList>
<Loc EndOffset="1680" SrcFileId="8" StartOffset="1634"/>
</LocList>
</BasicStmnt>
<CondStmnt CovItemId="S20" CovItemPrefix="csse376_puerto_rico.GameBoardGUI.java" Intrnl_Id="337">
<Branch CovItemId="B1" CovItemPrefix="csse376_puerto_rico.GameBoardGUI.java" Implct="false" Intrnl_Id="338">
<Cond/>
<LocList>
<Loc EndOffset="1747" SrcFileId="8" StartOffset="1710"/>
</LocList>
<StmntSeq Intrnl_Id="339">
<LocList>
<Loc EndOffset="1741" SrcFileId="8" StartOffset="1717"/>
</LocList>
<BasicStmnt CovItemId="S21" CovItemPrefix="csse376_puerto_rico.GameBoardGUI.java" Intrnl_Id="340">
<LocList>
<Loc EndOffset="1741" SrcFileId="8" StartOffset="1717"/>
</LocList>
</BasicStmnt>
</StmntSeq>
</Branch>
<Branch CovItemId="B2" CovItemPrefix="csse376_puerto_rico.GameBoardGUI.java" Implct="true" Intrnl_Id="341">
<Cond/>
<LocList/>
<StmntSeq Intrnl_Id="342">
<LocList/>
</StmntSeq>
</Branch>
<Keyword EndOffset="1687" SrcFileId="8" StartOffset="1685"/>
<LocList>
<Loc EndOffset="1747" SrcFileId="8" StartOffset="1685"/>
</LocList>
<RootTerm CovItemId="C2" CovItemPrefix="csse376_puerto_rico.GameBoardGUI.java" Intrnl_Id="343">
<BasicBoolTerm Intrnl_Id="344">
<LocList>
<Loc EndOffset="1708" SrcFileId="8" StartOffset="1689"/>
</LocList>
</BasicBoolTerm>
</RootTerm>
</CondStmnt>
</StmntSeq>
<Keyword EndOffset="1527" SrcFileId="8" StartOffset="1524"/>
<LocList>
<Loc EndOffset="1752" SrcFileId="8" StartOffset="1524"/>
</LocList>
<RootTerm CovItemId="C1" CovItemPrefix="csse376_puerto_rico.GameBoardGUI.java" Intrnl_Id="345">
<BasicBoolTerm Intrnl_Id="346">
<LocList>
<Loc EndOffset="1625" SrcFileId="8" StartOffset="1594"/>
</LocList>
</BasicBoolTerm>
</RootTerm>
</LoopStmnt>
<BasicStmnt CovItemId="S22" CovItemPrefix="csse376_puerto_rico.GameBoardGUI.java" Intrnl_Id="347">
<LocList>
<Loc EndOffset="1799" SrcFileId="8" StartOffset="1756"/>
</LocList>
</BasicStmnt>
<BasicStmnt CovItemId="S23" CovItemPrefix="csse376_puerto_rico.GameBoardGUI.java" Intrnl_Id="348">
<LocList>
<Loc EndOffset="1838" SrcFileId="8" StartOffset="1807"/>
</LocList>
</BasicStmnt>
</StmntSeq>
</HierarchyLvl>
<HierarchyLvl HierarchyLvlId="196" HierarchyLvlTypeId="15" Intrnl_Id="349" Name="displayGameState">
<Header>
<Loc EndOffset="1879" SrcFileId="8" StartOffset="1848"/>
</Header>
<LocList>
<Loc EndOffset="2869" SrcFileId="8" StartOffset="1848"/>
</LocList>
<StmntSeq Intrnl_Id="350">
<LocList>
<Loc EndOffset="1941" SrcFileId="8" StartOffset="1885"/>
<Loc EndOffset="1997" SrcFileId="8" StartOffset="1945"/>
<Loc EndOffset="2057" SrcFileId="8" StartOffset="2001"/>
<Loc EndOffset="2115" SrcFileId="8" StartOffset="2061"/>
<Loc EndOffset="2177" SrcFileId="8" StartOffset="2119"/>
<Loc EndOffset="2234" SrcFileId="8" StartOffset="2181"/>
<Loc EndOffset="2715" SrcFileId="8" StartOffset="2242"/>
<Loc EndOffset="2748" SrcFileId="8" StartOffset="2719"/>
<Loc EndOffset="2777" SrcFileId="8" StartOffset="2752"/>
<Loc EndOffset="2815" SrcFileId="8" StartOffset="2781"/>
<Loc EndOffset="2865" SrcFileId="8" StartOffset="2819"/>
</LocList>
<BasicStmnt CovItemId="S24" CovItemPrefix="csse376_puerto_rico.GameBoardGUI.java" Intrnl_Id="351">
<LocList>
<Loc EndOffset="1941" SrcFileId="8" StartOffset="1885"/>
</LocList>
</BasicStmnt>
<BasicStmnt CovItemId="S25" CovItemPrefix="csse376_puerto_rico.GameBoardGUI.java" Intrnl_Id="352">
<LocList>
<Loc EndOffset="1997" SrcFileId="8" StartOffset="1945"/>
</LocList>
</BasicStmnt>
<BasicStmnt CovItemId="S26" CovItemPrefix="csse376_puerto_rico.GameBoardGUI.java" Intrnl_Id="353">
<LocList>
<Loc EndOffset="2057" SrcFileId="8" StartOffset="2001"/>
</LocList>
</BasicStmnt>
<BasicStmnt CovItemId="S27" CovItemPrefix="csse376_puerto_rico.GameBoardGUI.java" Intrnl_Id="354">
<LocList>
<Loc EndOffset="2115" SrcFileId="8" StartOffset="2061"/>
</LocList>
</BasicStmnt>
<BasicStmnt CovItemId="S28" CovItemPrefix="csse376_puerto_rico.GameBoardGUI.java" Intrnl_Id="355">
<LocList>
<Loc EndOffset="2177" SrcFileId="8" StartOffset="2119"/>
</LocList>
</BasicStmnt>
<BasicStmnt CovItemId="S29" CovItemPrefix="csse376_puerto_rico.GameBoardGUI.java" Intrnl_Id="356">
<LocList>
<Loc EndOffset="2234" SrcFileId="8" StartOffset="2181"/>
</LocList>
</BasicStmnt>
<BasicStmnt CovItemId="S30" CovItemPrefix="csse376_puerto_rico.GameBoardGUI.java" Intrnl_Id="357">
<LocList>
<Loc EndOffset="2715" SrcFileId="8" StartOffset="2242"/>
</LocList>
</BasicStmnt>
<BasicStmnt CovItemId="S31" CovItemPrefix="csse376_puerto_rico.GameBoardGUI.java" Intrnl_Id="358">
<LocList>
<Loc EndOffset="2748" SrcFileId="8" StartOffset="2719"/>
</LocList>
</BasicStmnt>
<BasicStmnt CovItemId="S32" CovItemPrefix="csse376_puerto_rico.GameBoardGUI.java" Intrnl_Id="359">
<LocList>
<Loc EndOffset="2777" SrcFileId="8" StartOffset="2752"/>
</LocList>
</BasicStmnt>
<BasicStmnt CovItemId="S33" CovItemPrefix="csse376_puerto_rico.GameBoardGUI.java" Intrnl_Id="360">
<LocList>
<Loc EndOffset="2815" SrcFileId="8" StartOffset="2781"/>
</LocList>
</BasicStmnt>
<BasicStmnt CovItemId="S34" CovItemPrefix="csse376_puerto_rico.GameBoardGUI.java" Intrnl_Id="361">
<LocList>
<Loc EndOffset="2865" SrcFileId="8" StartOffset="2819"/>
</LocList>
</BasicStmnt>
</StmntSeq>
</HierarchyLvl>
<HierarchyLvl HierarchyLvlId="197" HierarchyLvlTypeId="15" Intrnl_Id="362" Name="updateGameStateDisplay">
<Header>
<Loc EndOffset="2912" SrcFileId="8" StartOffset="2875"/>
</Header>
<LocList>
<Loc EndOffset="3793" SrcFileId="8" StartOffset="2875"/>
</LocList>
<StmntSeq Intrnl_Id="363">
<LocList>
<Loc EndOffset="2973" SrcFileId="8" StartOffset="2917"/>
<Loc EndOffset="3029" SrcFileId="8" StartOffset="2977"/>
<Loc EndOffset="3089" SrcFileId="8" StartOffset="3033"/>
<Loc EndOffset="3147" SrcFileId="8" StartOffset="3093"/>
<Loc EndOffset="3209" SrcFileId="8" StartOffset="3151"/>
<Loc EndOffset="3266" SrcFileId="8" StartOffset="3213"/>
<Loc EndOffset="3747" SrcFileId="8" StartOffset="3274"/>
<Loc EndOffset="3789" SrcFileId="8" StartOffset="3755"/>
</LocList>
<BasicStmnt CovItemId="S35" CovItemPrefix="csse376_puerto_rico.GameBoardGUI.java" Intrnl_Id="364">
<LocList>
<Loc EndOffset="2973" SrcFileId="8" StartOffset="2917"/>
</LocList>
</BasicStmnt>
<BasicStmnt CovItemId="S36" CovItemPrefix="csse376_puerto_rico.GameBoardGUI.java" Intrnl_Id="365">
<LocList>
<Loc EndOffset="3029" SrcFileId="8" StartOffset="2977"/>
</LocList>
</BasicStmnt>
<BasicStmnt CovItemId="S37" CovItemPrefix="csse376_puerto_rico.GameBoardGUI.java" Intrnl_Id="366">
<LocList>
<Loc EndOffset="3089" SrcFileId="8" StartOffset="3033"/>
</LocList>
</BasicStmnt>
<BasicStmnt CovItemId="S38" CovItemPrefix="csse376_puerto_rico.GameBoardGUI.java" Intrnl_Id="367">
<LocList>
<Loc EndOffset="3147" SrcFileId="8" StartOffset="3093"/>
</LocList>
</BasicStmnt>
<BasicStmnt CovItemId="S39" CovItemPrefix="csse376_puerto_rico.GameBoardGUI.java" Intrnl_Id="368">
<LocList>
<Loc EndOffset="3209" SrcFileId="8" StartOffset="3151"/>
</LocList>
</BasicStmnt>
<BasicStmnt CovItemId="S40" CovItemPrefix="csse376_puerto_rico.GameBoardGUI.java" Intrnl_Id="369">
<LocList>
<Loc EndOffset="3266" SrcFileId="8" StartOffset="3213"/>
</LocList>
</BasicStmnt>
<BasicStmnt CovItemId="S41" CovItemPrefix="csse376_puerto_rico.GameBoardGUI.java" Intrnl_Id="370">
<LocList>
<Loc EndOffset="3747" SrcFileId="8" StartOffset="3274"/>
</LocList>
</BasicStmnt>
<BasicStmnt CovItemId="S42" CovItemPrefix="csse376_puerto_rico.GameBoardGUI.java" Intrnl_Id="371">
<LocList>
<Loc EndOffset="3789" SrcFileId="8" StartOffset="3755"/>
</LocList>
</BasicStmnt>
</StmntSeq>
</HierarchyLvl>
<HierarchyLvl HierarchyLvlId="198" HierarchyLvlTypeId="15" Intrnl_Id="372" Name="displayMessageBar">
<Header>
<Loc EndOffset="3830" SrcFileId="8" StartOffset="3798"/>
</Header>
<LocList>
<Loc EndOffset="3934" SrcFileId="8" StartOffset="3798"/>
</LocList>
<StmntSeq Intrnl_Id="373">
<LocList>
<Loc EndOffset="3858" SrcFileId="8" StartOffset="3836"/>
<Loc EndOffset="3930" SrcFileId="8" StartOffset="3862"/>
</LocList>
<BasicStmnt CovItemId="S43" CovItemPrefix="csse376_puerto_rico.GameBoardGUI.java" Intrnl_Id="374">
<LocList>
<Loc EndOffset="3858" SrcFileId="8" StartOffset="3836"/>
</LocList>
</BasicStmnt>
<BasicStmnt CovItemId="S44" CovItemPrefix="csse376_puerto_rico.GameBoardGUI.java" Intrnl_Id="375">
<LocList>
<Loc EndOffset="3930" SrcFileId="8" StartOffset="3862"/>
</LocList>
</BasicStmnt>
</StmntSeq>
</HierarchyLvl>
<HierarchyLvl HierarchyLvlId="199" HierarchyLvlTypeId="15" Intrnl_Id="376" Name="addGoodsButtons">
<Header>
<Loc EndOffset="3969" SrcFileId="8" StartOffset="3939"/>
</Header>
<LocList>
<Loc EndOffset="4529" SrcFileId="8" StartOffset="3939"/>
</LocList>
<StmntSeq Intrnl_Id="377">
<LocList>
<Loc EndOffset="4034" SrcFileId="8" StartOffset="3975"/>
<Loc EndOffset="4093" SrcFileId="8" StartOffset="4038"/>
<Loc EndOffset="4158" SrcFileId="8" StartOffset="4097"/>
<Loc EndOffset="4221" SrcFileId="8" StartOffset="4162"/>
<Loc EndOffset="4282" SrcFileId="8" StartOffset="4225"/>
<Loc EndOffset="4331" SrcFileId="8" StartOffset="4286"/>
<Loc EndOffset="4378" SrcFileId="8" StartOffset="4335"/>
<Loc EndOffset="4428" SrcFileId="8" StartOffset="4382"/>
<Loc EndOffset="4476" SrcFileId="8" StartOffset="4432"/>
<Loc EndOffset="4525" SrcFileId="8" StartOffset="4480"/>
</LocList>
<BasicStmnt CovItemId="S45" CovItemPrefix="csse376_puerto_rico.GameBoardGUI.java" Intrnl_Id="378">
<LocList>
<Loc EndOffset="4034" SrcFileId="8" StartOffset="3975"/>
</LocList>
</BasicStmnt>
<BasicStmnt CovItemId="S46" CovItemPrefix="csse376_puerto_rico.GameBoardGUI.java" Intrnl_Id="379">
<LocList>
<Loc EndOffset="4093" SrcFileId="8" StartOffset="4038"/>
</LocList>
</BasicStmnt>
<BasicStmnt CovItemId="S47" CovItemPrefix="csse376_puerto_rico.GameBoardGUI.java" Intrnl_Id="380">
<LocList>
<Loc EndOffset="4158" SrcFileId="8" StartOffset="4097"/>
</LocList>
</BasicStmnt>
<BasicStmnt CovItemId="S48" CovItemPrefix="csse376_puerto_rico.GameBoardGUI.java" Intrnl_Id="381">
<LocList>
<Loc EndOffset="4221" SrcFileId="8" StartOffset="4162"/>
</LocList>
</BasicStmnt>
<BasicStmnt CovItemId="S49" CovItemPrefix="csse376_puerto_rico.GameBoardGUI.java" Intrnl_Id="382">
<LocList>
<Loc EndOffset="4282" SrcFileId="8" StartOffset="4225"/>
</LocList>
</BasicStmnt>
<BasicStmnt CovItemId="S50" CovItemPrefix="csse376_puerto_rico.GameBoardGUI.java" Intrnl_Id="383">
<LocList>
<Loc EndOffset="4331" SrcFileId="8" StartOffset="4286"/>
</LocList>
</BasicStmnt>
<BasicStmnt CovItemId="S51" CovItemPrefix="csse376_puerto_rico.GameBoardGUI.java" Intrnl_Id="384">
<LocList>
<Loc EndOffset="4378" SrcFileId="8" StartOffset="4335"/>
</LocList>
</BasicStmnt>
<BasicStmnt CovItemId="S52" CovItemPrefix="csse376_puerto_rico.GameBoardGUI.java" Intrnl_Id="385">
<LocList>
<Loc EndOffset="4428" SrcFileId="8" StartOffset="4382"/>
</LocList>
</BasicStmnt>
<BasicStmnt CovItemId="S53" CovItemPrefix="csse376_puerto_rico.GameBoardGUI.java" Intrnl_Id="386">
<LocList>
<Loc EndOffset="4476" SrcFileId="8" StartOffset="4432"/>
</LocList>
</BasicStmnt>
<BasicStmnt CovItemId="S54" CovItemPrefix="csse376_puerto_rico.GameBoardGUI.java" Intrnl_Id="387">
<LocList>
<Loc EndOffset="4525" SrcFileId="8" StartOffset="4480"/>
</LocList>
</BasicStmnt>
</StmntSeq>
</HierarchyLvl>
<HierarchyLvl HierarchyLvlId="200" HierarchyLvlTypeId="15" Intrnl_Id="388" Name="addPlayers">
<Header>
<Loc EndOffset="4585" SrcFileId="8" StartOffset="4534"/>
</Header>
<LocList>
<Loc EndOffset="5267" SrcFileId="8" StartOffset="4534"/>
</LocList>
<StmntSeq Intrnl_Id="389">
<LocList>
<Loc EndOffset="5097" SrcFileId="8" StartOffset="4635"/>
<Loc EndOffset="5146" SrcFileId="8" StartOffset="5101"/>
<Loc EndOffset="5173" SrcFileId="8" StartOffset="5154"/>
<Loc EndOffset="5197" SrcFileId="8" StartOffset="5177"/>
<Loc EndOffset="5219" SrcFileId="8" StartOffset="5201"/>
<Loc EndOffset="5237" SrcFileId="8" StartOffset="5223"/>
<Loc EndOffset="5263" SrcFileId="8" StartOffset="5243"/>
</LocList>
<LoopStmnt CovItemId="S55" CovItemPrefix="csse376_puerto_rico.GameBoardGUI.java" Intrnl_Id="390" MltplExecId="L2-2" MltplExecPrefix="csse376_puerto_rico.GameBoardGUI.java" NvrExecId="L2-0" NvrExecPrefix="csse376_puerto_rico.GameBoardGUI.java" OnceExecutedId="L2-1" OnceExecutedPrefix="csse376_puerto_rico.GameBoardGUI.java" OptBodyExec="true">
<StmntSeq Intrnl_Id="391">
<LocList>
<Loc EndOffset="4707" SrcFileId="8" StartOffset="4683"/>
<Loc EndOffset="4757" SrcFileId="8" StartOffset="4712"/>
<Loc EndOffset="4780" SrcFileId="8" StartOffset="4762"/>
<Loc EndOffset="4952" SrcFileId="8" StartOffset="4785"/>
<Loc EndOffset="4973" SrcFileId="8" StartOffset="4957"/>
<Loc EndOffset="4997" SrcFileId="8" StartOffset="4978"/>
<Loc EndOffset="5016" SrcFileId="8" StartOffset="5002"/>
<Loc EndOffset="5041" SrcFileId="8" StartOffset="5021"/>
<Loc EndOffset="5090" SrcFileId="8" StartOffset="5046"/>
</LocList>
<BasicStmnt CovItemId="S56" CovItemPrefix="csse376_puerto_rico.GameBoardGUI.java" Intrnl_Id="392">
<LocList>
<Loc EndOffset="4707" SrcFileId="8" StartOffset="4683"/>
</LocList>
</BasicStmnt>
<CondStmnt CovItemId="S57" CovItemPrefix="csse376_puerto_rico.GameBoardGUI.java" Intrnl_Id="393">
<Branch CovItemId="B3" CovItemPrefix="csse376_puerto_rico.GameBoardGUI.java" Implct="false" Intrnl_Id="394">
<Cond/>
<LocList>
<Loc EndOffset="4757" SrcFileId="8" StartOffset="4724"/>
</LocList>
<StmntSeq Intrnl_Id="395">
<LocList>
<Loc EndOffset="4751" SrcFileId="8" StartOffset="4731"/>
</LocList>
<BasicStmnt CovItemId="S58" CovItemPrefix="csse376_puerto_rico.GameBoardGUI.java" Intrnl_Id="396">
<LocList>
<Loc EndOffset="4751" SrcFileId="8" StartOffset="4731"/>
</LocList>
</BasicStmnt>
</StmntSeq>
</Branch>
<Branch CovItemId="B4" CovItemPrefix="csse376_puerto_rico.GameBoardGUI.java" Implct="true" Intrnl_Id="397">
<Cond/>
<LocList/>
<StmntSeq Intrnl_Id="398">
<LocList/>
</StmntSeq>
</Branch>
<Keyword EndOffset="4714" SrcFileId="8" StartOffset="4712"/>
<LocList>
<Loc EndOffset="4757" SrcFileId="8" StartOffset="4712"/>
</LocList>
<RootTerm CovItemId="C4" CovItemPrefix="csse376_puerto_rico.GameBoardGUI.java" Intrnl_Id="399">
<BasicBoolTerm Intrnl_Id="400">
<LocList>
<Loc EndOffset="4722" SrcFileId="8" StartOffset="4716"/>
</LocList>
</BasicBoolTerm>
</RootTerm>
</CondStmnt>
<BasicStmnt CovItemId="S59" CovItemPrefix="csse376_puerto_rico.GameBoardGUI.java" Intrnl_Id="401">
<LocList>
<Loc EndOffset="4780" SrcFileId="8" StartOffset="4762"/>
</LocList>
</BasicStmnt>
<BasicStmnt CovItemId="S60" CovItemPrefix="csse376_puerto_rico.GameBoardGUI.java" Intrnl_Id="402">
<LocList>
<Loc EndOffset="4952" SrcFileId="8" StartOffset="4785"/>
</LocList>
</BasicStmnt>
<BasicStmnt CovItemId="S61" CovItemPrefix="csse376_puerto_rico.GameBoardGUI.java" Intrnl_Id="403">
<LocList>
<Loc EndOffset="4973" SrcFileId="8" StartOffset="4957"/>
</LocList>
</BasicStmnt>
<BasicStmnt CovItemId="S62" CovItemPrefix="csse376_puerto_rico.GameBoardGUI.java" Intrnl_Id="404">
<LocList>
<Loc EndOffset="4997" SrcFileId="8" StartOffset="4978"/>
</LocList>
</BasicStmnt>
<BasicStmnt CovItemId="S63" CovItemPrefix="csse376_puerto_rico.GameBoardGUI.java" Intrnl_Id="405">
<LocList>
<Loc EndOffset="5016" SrcFileId="8" StartOffset="5002"/>
</LocList>
</BasicStmnt>
<BasicStmnt CovItemId="S64" CovItemPrefix="csse376_puerto_rico.GameBoardGUI.java" Intrnl_Id="406">
<LocList>
<Loc EndOffset="5041" SrcFileId="8" StartOffset="5021"/>
</LocList>
</BasicStmnt>
<BasicStmnt CovItemId="S65" CovItemPrefix="csse376_puerto_rico.GameBoardGUI.java" Intrnl_Id="407">
<LocList>
<Loc EndOffset="5090" SrcFileId="8" StartOffset="5046"/>
</LocList>
</BasicStmnt>
</StmntSeq>
<Keyword EndOffset="4638" SrcFileId="8" StartOffset="4635"/>
<LocList>
<Loc EndOffset="5097" SrcFileId="8" StartOffset="4635"/>
</LocList>
<RootTerm CovItemId="C3" CovItemPrefix="csse376_puerto_rico.GameBoardGUI.java" Intrnl_Id="408">
<BasicBoolTerm Intrnl_Id="409">
<LocList>
<Loc EndOffset="4670" SrcFileId="8" StartOffset="4651"/>
</LocList>
</BasicBoolTerm>
</RootTerm>
</LoopStmnt>
<BasicStmnt CovItemId="S66" CovItemPrefix="csse376_puerto_rico.GameBoardGUI.java" Intrnl_Id="410">
<LocList>
<Loc EndOffset="5146" SrcFileId="8" StartOffset="5101"/>
</LocList>
</BasicStmnt>
<BasicStmnt CovItemId="S67" CovItemPrefix="csse376_puerto_rico.GameBoardGUI.java" Intrnl_Id="411">
<LocList>
<Loc EndOffset="5173" SrcFileId="8" StartOffset="5154"/>
</LocList>
</BasicStmnt>
<BasicStmnt CovItemId="S68" CovItemPrefix="csse376_puerto_rico.GameBoardGUI.java" Intrnl_Id="412">
<LocList>
<Loc EndOffset="5197" SrcFileId="8" StartOffset="5177"/>
</LocList>
</BasicStmnt>
<BasicStmnt CovItemId="S69" CovItemPrefix="csse376_puerto_rico.GameBoardGUI.java" Intrnl_Id="413">
<LocList>
<Loc EndOffset="5219" SrcFileId="8" StartOffset="5201"/>
</LocList>
</BasicStmnt>
<BasicStmnt CovItemId="S70" CovItemPrefix="csse376_puerto_rico.GameBoardGUI.java" Intrnl_Id="414">
<LocList>
<Loc EndOffset="5237" SrcFileId="8" StartOffset="5223"/>
</LocList>
</BasicStmnt>
<BasicStmnt CovItemId="S71" CovItemPrefix="csse376_puerto_rico.GameBoardGUI.java" Intrnl_Id="415">
<LocList>
<Loc EndOffset="5263" SrcFileId="8" StartOffset="5243"/>
</LocList>
</BasicStmnt>
</StmntSeq>
</HierarchyLvl>
<HierarchyLvl HierarchyLvlId="201" HierarchyLvlTypeId="15" Intrnl_Id="416" Name="getPlayers">
<Header>
<Loc EndOffset="5304" SrcFileId="8" StartOffset="5272"/>
</Header>
<LocList>
<Loc EndOffset="5334" SrcFileId="8" StartOffset="5272"/>
</LocList>
<StmntSeq Intrnl_Id="417">
<LocList>
<Loc EndOffset="5330" SrcFileId="8" StartOffset="5310"/>
</LocList>
<BasicStmnt CovItemId="S72" CovItemPrefix="csse376_puerto_rico.GameBoardGUI.java" Intrnl_Id="418">
<LocList>
<Loc EndOffset="5330" SrcFileId="8" StartOffset="5310"/>
</LocList>
</BasicStmnt>
</StmntSeq>
</HierarchyLvl>
<HierarchyLvl HierarchyLvlId="202" HierarchyLvlTypeId="15" Intrnl_Id="419" Name="getTurnCount">
<Header>
<Loc EndOffset="5371" SrcFileId="8" StartOffset="5339"/>
</Header>
<LocList>
<Loc EndOffset="5398" SrcFileId="8" StartOffset="5339"/>
</LocList>
<StmntSeq Intrnl_Id="420">
<LocList>
<Loc EndOffset="5394" SrcFileId="8" StartOffset="5377"/>
</LocList>
<BasicStmnt CovItemId="S73" CovItemPrefix="csse376_puerto_rico.GameBoardGUI.java" Intrnl_Id="421">
<LocList>
<Loc EndOffset="5394" SrcFileId="8" StartOffset="5377"/>
</LocList>
</BasicStmnt>
</StmntSeq>
</HierarchyLvl>
<HierarchyLvl HierarchyLvlId="203" HierarchyLvlTypeId="15" Intrnl_Id="422" Name="getPlayerText">
<Header>
<Loc EndOffset="5573" SrcFileId="8" StartOffset="5424"/>
</Header>
<LocList>
<Loc EndOffset="6011" SrcFileId="8" StartOffset="5424"/>
</LocList>
<StmntSeq Intrnl_Id="423">
<LocList>
<Loc EndOffset="5597" SrcFileId="8" StartOffset="5579"/>
<Loc EndOffset="5992" SrcFileId="8" StartOffset="5601"/>
<Loc EndOffset="6007" SrcFileId="8" StartOffset="5996"/>
</LocList>
<BasicStmnt CovItemId="S74" CovItemPrefix="csse376_puerto_rico.GameBoardGUI.java" Intrnl_Id="424">
<LocList>
<Loc EndOffset="5597" SrcFileId="8" StartOffset="5579"/>
</LocList>
</BasicStmnt>
<CondStmnt CovItemId="S75" CovItemPrefix="csse376_puerto_rico.GameBoardGUI.java" Intrnl_Id="425">
<Branch CovItemId="B5" CovItemPrefix="csse376_puerto_rico.GameBoardGUI.java" Implct="false" Intrnl_Id="426">
<Cond/>
<LocList>
<Loc EndOffset="5807" SrcFileId="8" StartOffset="5617"/>
</LocList>
<StmntSeq Intrnl_Id="427">
<LocList>
<Loc EndOffset="5800" SrcFileId="8" StartOffset="5623"/>
</LocList>
<BasicStmnt CovItemId="S76" CovItemPrefix="csse376_puerto_rico.GameBoardGUI.java" Intrnl_Id="428">
<LocList>
<Loc EndOffset="5800" SrcFileId="8" StartOffset="5623"/>
</LocList>
</BasicStmnt>
</StmntSeq>
</Branch>
<Branch CovItemId="B6" CovItemPrefix="csse376_puerto_rico.GameBoardGUI.java" Implct="false" Intrnl_Id="429">
<Cond>
<Loc EndOffset="5812" SrcFileId="8" StartOffset="5808"/>
</Cond>
<LocList>
<Loc EndOffset="5992" SrcFileId="8" StartOffset="5813"/>
</LocList>
<StmntSeq Intrnl_Id="430">
<LocList>
<Loc EndOffset="5985" SrcFileId="8" StartOffset="5819"/>
</LocList>
<BasicStmnt CovItemId="S77" CovItemPrefix="csse376_puerto_rico.GameBoardGUI.java" Intrnl_Id="431">
<LocList>
<Loc EndOffset="5985" SrcFileId="8" StartOffset="5819"/>
</LocList>
</BasicStmnt>
</StmntSeq>
</Branch>
<Keyword EndOffset="5603" SrcFileId="8" StartOffset="5601"/>
<LocList>
<Loc EndOffset="5992" SrcFileId="8" StartOffset="5601"/>
</LocList>
<RootTerm CovItemId="C5" CovItemPrefix="csse376_puerto_rico.GameBoardGUI.java" Intrnl_Id="432">
<BasicBoolTerm Intrnl_Id="433">
<LocList>
<Loc EndOffset="5615" SrcFileId="8" StartOffset="5605"/>
</LocList>
</BasicBoolTerm>
</RootTerm>
</CondStmnt>
<BasicStmnt CovItemId="S78" CovItemPrefix="csse376_puerto_rico.GameBoardGUI.java" Intrnl_Id="434">
<LocList>
<Loc EndOffset="6007" SrcFileId="8" StartOffset="5996"/>
</LocList>
</BasicStmnt>
</StmntSeq>
</HierarchyLvl>
<HierarchyLvl HierarchyLvlId="204" HierarchyLvlTypeId="15" Intrnl_Id="435" Name="updateRoles">
<Header>
<Loc EndOffset="6041" SrcFileId="8" StartOffset="6016"/>
</Header>
<LocList>
<Loc EndOffset="7227" SrcFileId="8" StartOffset="6016"/>
</LocList>
<StmntSeq Intrnl_Id="436">
<LocList>
<Loc EndOffset="6096" SrcFileId="8" StartOffset="6049"/>
<Loc EndOffset="7221" SrcFileId="8" StartOffset="6100"/>
</LocList>
<BasicStmnt CovItemId="S79" CovItemPrefix="csse376_puerto_rico.GameBoardGUI.java" Intrnl_Id="437">
<LocList>
<Loc EndOffset="6096" SrcFileId="8" StartOffset="6049"/>
</LocList>
</BasicStmnt>
<LoopStmnt CovItemId="S80" CovItemPrefix="csse376_puerto_rico.GameBoardGUI.java" Intrnl_Id="438" MltplExecId="L3-2" MltplExecPrefix="csse376_puerto_rico.GameBoardGUI.java" NvrExecId="L3-0" NvrExecPrefix="csse376_puerto_rico.GameBoardGUI.java" OnceExecutedId="L3-1" OnceExecutedPrefix="csse376_puerto_rico.GameBoardGUI.java" OptBodyExec="true">
<StmntSeq Intrnl_Id="439">
<LocList>
<Loc EndOffset="6168" SrcFileId="8" StartOffset="6130"/>
<Loc EndOffset="7214" SrcFileId="8" StartOffset="6173"/>
</LocList>
<BasicStmnt CovItemId="S81" CovItemPrefix="csse376_puerto_rico.GameBoardGUI.java" Intrnl_Id="440">
<LocList>
<Loc EndOffset="6168" SrcFileId="8" StartOffset="6130"/>
</LocList>
</BasicStmnt>
<LoopStmnt CovItemId="S82" CovItemPrefix="csse376_puerto_rico.GameBoardGUI.java" Intrnl_Id="441" MltplExecId="L4-2" MltplExecPrefix="csse376_puerto_rico.GameBoardGUI.java" NvrExecId="L4-0" NvrExecPrefix="csse376_puerto_rico.GameBoardGUI.java" OnceExecutedId="L4-1" OnceExecutedPrefix="csse376_puerto_rico.GameBoardGUI.java" OptBodyExec="true">
<StmntSeq Intrnl_Id="442">
<LocList>
<Loc EndOffset="6262" SrcFileId="8" StartOffset="6226"/>
<Loc EndOffset="6586" SrcFileId="8" StartOffset="6361"/>
<Loc EndOffset="6840" SrcFileId="8" StartOffset="6806"/>
<Loc EndOffset="6867" SrcFileId="8" StartOffset="6846"/>
<Loc EndOffset="6901" SrcFileId="8" StartOffset="6875"/>
<Loc EndOffset="6921" SrcFileId="8" StartOffset="6909"/>
<Loc EndOffset="6983" SrcFileId="8" StartOffset="6948"/>
<Loc EndOffset="7065" SrcFileId="8" StartOffset="7021"/>
<Loc EndOffset="7177" SrcFileId="8" StartOffset="7071"/>
<Loc EndOffset="7208" SrcFileId="8" StartOffset="7183"/>
</LocList>
<BasicStmnt CovItemId="S83" CovItemPrefix="csse376_puerto_rico.GameBoardGUI.java" Intrnl_Id="443">
<LocList>
<Loc EndOffset="6262" SrcFileId="8" StartOffset="6226"/>
</LocList>
</BasicStmnt>
<BasicStmnt CovItemId="S84" CovItemPrefix="csse376_puerto_rico.GameBoardGUI.java" Intrnl_Id="444">
<LocList>
<Loc EndOffset="6586" SrcFileId="8" StartOffset="6361"/>
</LocList>
</BasicStmnt>
<BasicStmnt CovItemId="S85" CovItemPrefix="csse376_puerto_rico.GameBoardGUI.java" Intrnl_Id="445">
<LocList>
<Loc EndOffset="6840" SrcFileId="8" StartOffset="6806"/>
</LocList>
</BasicStmnt>
<BasicStmnt CovItemId="S86" CovItemPrefix="csse376_puerto_rico.GameBoardGUI.java" Intrnl_Id="446">
<LocList>
<Loc EndOffset="6867" SrcFileId="8" StartOffset="6846"/>
</LocList>
</BasicStmnt>
<BasicStmnt CovItemId="S87" CovItemPrefix="csse376_puerto_rico.GameBoardGUI.java" Intrnl_Id="447">
<LocList>
<Loc EndOffset="6901" SrcFileId="8" StartOffset="6875"/>
</LocList>
</BasicStmnt>
<BasicStmnt CovItemId="S88" CovItemPrefix="csse376_puerto_rico.GameBoardGUI.java" Intrnl_Id="448">
<LocList>
<Loc EndOffset="6921" SrcFileId="8" StartOffset="6909"/>
</LocList>
</BasicStmnt>
<BasicStmnt CovItemId="S89" CovItemPrefix="csse376_puerto_rico.GameBoardGUI.java" Intrnl_Id="449">
<LocList>
<Loc EndOffset="6983" SrcFileId="8" StartOffset="6948"/>
</LocList>
</BasicStmnt>
<BasicStmnt CovItemId="S90" CovItemPrefix="csse376_puerto_rico.GameBoardGUI.java" Intrnl_Id="450">
<LocList>
<Loc EndOffset="7065" SrcFileId="8" StartOffset="7021"/>
</LocList>
</BasicStmnt>
<LoopStmnt CovItemId="S91" CovItemPrefix="csse376_puerto_rico.GameBoardGUI.java" Intrnl_Id="451" MltplExecId="L5-2" MltplExecPrefix="csse376_puerto_rico.GameBoardGUI.java" NvrExecId="L5-0" NvrExecPrefix="csse376_puerto_rico.GameBoardGUI.java" OnceExecutedId="L5-1" OnceExecutedPrefix="csse376_puerto_rico.GameBoardGUI.java" OptBodyExec="true">
<StmntSeq Intrnl_Id="452">
<LocList>
<Loc EndOffset="7170" SrcFileId="8" StartOffset="7120"/>
</LocList>
<CondStmnt CovItemId="S92" CovItemPrefix="csse376_puerto_rico.GameBoardGUI.java" Intrnl_Id="453">
<Branch CovItemId="B7" CovItemPrefix="csse376_puerto_rico.GameBoardGUI.java" Implct="false" Intrnl_Id="454">
<Cond/>
<LocList>
<Loc EndOffset="7170" SrcFileId="8" StartOffset="7132"/>
</LocList>
<StmntSeq Intrnl_Id="455">
<LocList>
<Loc EndOffset="7162" SrcFileId="8" StartOffset="7141"/>
</LocList>
<BasicStmnt CovItemId="S93" CovItemPrefix="csse376_puerto_rico.GameBoardGUI.java" Intrnl_Id="456">
<LocList>
<Loc EndOffset="7162" SrcFileId="8" StartOffset="7141"/>
</LocList>
</BasicStmnt>
</StmntSeq>
</Branch>
<Branch CovItemId="B8" CovItemPrefix="csse376_puerto_rico.GameBoardGUI.java" Implct="true" Intrnl_Id="457">
<Cond/>
<LocList/>
<StmntSeq Intrnl_Id="458">
<LocList/>
</StmntSeq>
</Branch>
<Keyword EndOffset="7122" SrcFileId="8" StartOffset="7120"/>
<LocList>
<Loc EndOffset="7170" SrcFileId="8" StartOffset="7120"/>
</LocList>
<RootTerm CovItemId="C9" CovItemPrefix="csse376_puerto_rico.GameBoardGUI.java" Intrnl_Id="459">
<BasicBoolTerm Intrnl_Id="460">
<LocList>
<Loc EndOffset="7130" SrcFileId="8" StartOffset="7124"/>
</LocList>
</BasicBoolTerm>
</RootTerm>
</CondStmnt>
</StmntSeq>
<Keyword EndOffset="7074" SrcFileId="8" StartOffset="7071"/>
<LocList>
<Loc EndOffset="7177" SrcFileId="8" StartOffset="7071"/>
</LocList>
<RootTerm CovItemId="C8" CovItemPrefix="csse376_puerto_rico.GameBoardGUI.java" Intrnl_Id="461">
<BasicBoolTerm Intrnl_Id="462">
<LocList>
<Loc EndOffset="7105" SrcFileId="8" StartOffset="7087"/>
</LocList>
</BasicBoolTerm>
</RootTerm>
</LoopStmnt>
<BasicStmnt CovItemId="S94" CovItemPrefix="csse376_puerto_rico.GameBoardGUI.java" Intrnl_Id="463">
<LocList>
<Loc EndOffset="7208" SrcFileId="8" StartOffset="7183"/>
</LocList>
</BasicStmnt>
</StmntSeq>
<Keyword EndOffset="6176" SrcFileId="8" StartOffset="6173"/>
<LocList>
<Loc EndOffset="7214" SrcFileId="8" StartOffset="6173"/>
</LocList>
<RootTerm CovItemId="C7" CovItemPrefix="csse376_puerto_rico.GameBoardGUI.java" Intrnl_Id="464">
<BasicBoolTerm Intrnl_Id="465">
<LocList>
<Loc EndOffset="6212" SrcFileId="8" StartOffset="6189"/>
</LocList>
</BasicBoolTerm>
</RootTerm>
</LoopStmnt>
</StmntSeq>
<Keyword EndOffset="6105" SrcFileId="8" StartOffset="6100"/>
<LocList>
<Loc EndOffset="7221" SrcFileId="8" StartOffset="6100"/>
</LocList>
<RootTerm CovItemId="C6" CovItemPrefix="csse376_puerto_rico.GameBoardGUI.java" Intrnl_Id="466">
<OpTerm BooleanOpId="11" Intrnl_Id="467">
<BasicBoolTerm Intrnl_Id="468">
<LocList>
<Loc EndOffset="6122" SrcFileId="8" StartOffset="6108"/>
</LocList>
</BasicBoolTerm>
<LocList>
<Loc EndOffset="6108" SrcFileId="8" StartOffset="6107"/>
</LocList>
</OpTerm>
</RootTerm>
</LoopStmnt>
</StmntSeq>
</HierarchyLvl>
<HierarchyLvl HierarchyLvlId="205" HierarchyLvlTypeId="15" Intrnl_Id="469" Name="checkEndGame">
<Header>
<Loc EndOffset="7261" SrcFileId="8" StartOffset="7232"/>
</Header>
<LocList>
<Loc EndOffset="7384" SrcFileId="8" StartOffset="7232"/>
</LocList>
<StmntSeq Intrnl_Id="470">
<LocList>
<Loc EndOffset="7380" SrcFileId="8" StartOffset="7346"/>
</LocList>
<BasicStmnt CovItemId="S95" CovItemPrefix="csse376_puerto_rico.GameBoardGUI.java" Intrnl_Id="471">
<LocList>
<Loc EndOffset="7380" SrcFileId="8" StartOffset="7346"/>
</LocList>
</BasicStmnt>
</StmntSeq>
</HierarchyLvl>
<HierarchyLvl HierarchyLvlId="206" HierarchyLvlTypeId="15" Intrnl_Id="472" Name="updateMsgBar">
<Header>
<Loc EndOffset="7425" SrcFileId="8" StartOffset="7389"/>
</Header>
<LocList>
<Loc EndOffset="7460" SrcFileId="8" StartOffset="7389"/>
</LocList>
<StmntSeq Intrnl_Id="473">
<LocList>
<Loc EndOffset="7456" SrcFileId="8" StartOffset="7431"/>
</LocList>
<BasicStmnt CovItemId="S96" CovItemPrefix="csse376_puerto_rico.GameBoardGUI.java" Intrnl_Id="474">
<LocList>
<Loc EndOffset="7456" SrcFileId="8" StartOffset="7431"/>
</LocList>
</BasicStmnt>
</StmntSeq>
</HierarchyLvl>
<HierarchyLvl HierarchyLvlId="207" HierarchyLvlTypeId="15" Intrnl_Id="475" Name="playRole">
<Header>
<Loc EndOffset="7504" SrcFileId="8" StartOffset="7471"/>
</Header>
<LocList>
<Loc EndOffset="13746" SrcFileId="8" StartOffset="7471"/>
</LocList>
<StmntSeq Intrnl_Id="476">
<LocList>
<Loc EndOffset="7554" SrcFileId="8" StartOffset="7517"/>
<Loc EndOffset="7589" SrcFileId="8" StartOffset="7558"/>
<Loc EndOffset="13740" SrcFileId="8" StartOffset="7595"/>
</LocList>
<BasicStmnt CovItemId="S97" CovItemPrefix="csse376_puerto_rico.GameBoardGUI.java" Intrnl_Id="477">
<LocList>
<Loc EndOffset="7554" SrcFileId="8" StartOffset="7517"/>
</LocList>
</BasicStmnt>
<BasicStmnt CovItemId="S98" CovItemPrefix="csse376_puerto_rico.GameBoardGUI.java" Intrnl_Id="478">
<LocList>
<Loc EndOffset="7589" SrcFileId="8" StartOffset="7558"/>
</LocList>
</BasicStmnt>
<CondStmnt CovItemId="S99" CovItemPrefix="csse376_puerto_rico.GameBoardGUI.java" Intrnl_Id="479">
<Branch CovItemId="B9" CovItemPrefix="csse376_puerto_rico.GameBoardGUI.java" Implct="false" Intrnl_Id="480">
<Cond/>
<LocList>
<Loc EndOffset="9919" SrcFileId="8" StartOffset="7631"/>
</LocList>
<StmntSeq Intrnl_Id="481">
<LocList>
<Loc EndOffset="9914" SrcFileId="8" StartOffset="7639"/>
</LocList>
<LoopStmnt CovItemId="S100" CovItemPrefix="csse376_puerto_rico.GameBoardGUI.java" Intrnl_Id="482" MltplExecId="L6-2" MltplExecPrefix="csse376_puerto_rico.GameBoardGUI.java" NvrExecId="L6-0" NvrExecPrefix="csse376_puerto_rico.GameBoardGUI.java" OnceExecutedId="L6-1" OnceExecutedPrefix="csse376_puerto_rico.GameBoardGUI.java" OptBodyExec="true">
<StmntSeq Intrnl_Id="483">
<LocList>
<Loc EndOffset="7786" SrcFileId="8" StartOffset="7756"/>
<Loc EndOffset="7856" SrcFileId="8" StartOffset="7794"/>
<Loc EndOffset="7887" SrcFileId="8" StartOffset="7862"/>
<Loc EndOffset="9859" SrcFileId="8" StartOffset="7893"/>
<Loc EndOffset="9906" SrcFileId="8" StartOffset="9865"/>
</LocList>
<BasicStmnt CovItemId="S101" CovItemPrefix="csse376_puerto_rico.GameBoardGUI.java" Intrnl_Id="484">
<LocList>
<Loc EndOffset="7786" SrcFileId="8" StartOffset="7756"/>
</LocList>
</BasicStmnt>
<BasicStmnt CovItemId="S102" CovItemPrefix="csse376_puerto_rico.GameBoardGUI.java" Intrnl_Id="485">
<LocList>
<Loc EndOffset="7856" SrcFileId="8" StartOffset="7794"/>
</LocList>
</BasicStmnt>
<BasicStmnt CovItemId="S103" CovItemPrefix="csse376_puerto_rico.GameBoardGUI.java" Intrnl_Id="486">
<LocList>
<Loc EndOffset="7887" SrcFileId="8" StartOffset="7862"/>
</LocList>
</BasicStmnt>
<LoopStmnt CovItemId="S104" CovItemPrefix="csse376_puerto_rico.GameBoardGUI.java" Intrnl_Id="487" MltplExecId="L7-2" MltplExecPrefix="csse376_puerto_rico.GameBoardGUI.java" NvrExecId="L7-0" NvrExecPrefix="csse376_puerto_rico.GameBoardGUI.java" OnceExecutedId="L7-1" OnceExecutedPrefix="csse376_puerto_rico.GameBoardGUI.java" OptBodyExec="true">
<StmntSeq Intrnl_Id="488">
<LocList>
<Loc EndOffset="8224" SrcFileId="8" StartOffset="7919"/>
<Loc EndOffset="9819" SrcFileId="8" StartOffset="8231"/>
<Loc EndOffset="9852" SrcFileId="8" StartOffset="9826"/>
</LocList>
<BasicStmnt CovItemId="S105" CovItemPrefix="csse376_puerto_rico.GameBoardGUI.java" Intrnl_Id="489">
<LocList>
<Loc EndOffset="8224" SrcFileId="8" StartOffset="7919"/>
</LocList>
</BasicStmnt>
<CondStmnt CovItemId="S106" CovItemPrefix="csse376_puerto_rico.GameBoardGUI.java" Intrnl_Id="490">
<Branch CovItemId="B11" CovItemPrefix="csse376_puerto_rico.GameBoardGUI.java" Implct="false" Intrnl_Id="491">
<Cond/>
<LocList>
<Loc EndOffset="9054" SrcFileId="8" StartOffset="8243"/>
</LocList>
<StmntSeq Intrnl_Id="492">
<LocList>
<Loc EndOffset="8358" SrcFileId="8" StartOffset="8252"/>
<Loc EndOffset="8397" SrcFileId="8" StartOffset="8366"/>
<Loc EndOffset="8447" SrcFileId="8" StartOffset="8405"/>
<Loc EndOffset="8753" SrcFileId="8" StartOffset="8457"/>
<Loc EndOffset="9044" SrcFileId="8" StartOffset="8761"/>
</LocList>
<BasicStmnt CovItemId="S107" CovItemPrefix="csse376_puerto_rico.GameBoardGUI.java" Intrnl_Id="493">
<LocList>
<Loc EndOffset="8358" SrcFileId="8" StartOffset="8252"/>
</LocList>
</BasicStmnt>
<BasicStmnt CovItemId="S108" CovItemPrefix="csse376_puerto_rico.GameBoardGUI.java" Intrnl_Id="494">
<LocList>
<Loc EndOffset="8397" SrcFileId="8" StartOffset="8366"/>
</LocList>
</BasicStmnt>
<BasicStmnt CovItemId="S109" CovItemPrefix="csse376_puerto_rico.GameBoardGUI.java" Intrnl_Id="495">
<LocList>
<Loc EndOffset="8447" SrcFileId="8" StartOffset="8405"/>
</LocList>
</BasicStmnt>
<BasicStmnt CovItemId="S110" CovItemPrefix="csse376_puerto_rico.GameBoardGUI.java" Intrnl_Id="496">
<LocList>
<Loc EndOffset="8753" SrcFileId="8" StartOffset="8457"/>
</LocList>
</BasicStmnt>
<CondStmnt CovItemId="S111" CovItemPrefix="csse376_puerto_rico.GameBoardGUI.java" Intrnl_Id="497">
<Branch CovItemId="B13" CovItemPrefix="csse376_puerto_rico.GameBoardGUI.java" Implct="false" Intrnl_Id="498">
<Cond/>
<LocList>
<Loc EndOffset="8953" SrcFileId="8" StartOffset="8797"/>
</LocList>
<StmntSeq Intrnl_Id="499">
<LocList>
<Loc EndOffset="8919" SrcFileId="8" StartOffset="8862"/>
<Loc EndOffset="8944" SrcFileId="8" StartOffset="8928"/>
</LocList>
<BasicStmnt CovItemId="S112" CovItemPrefix="csse376_puerto_rico.GameBoardGUI.java" Intrnl_Id="500">
<LocList>
<Loc EndOffset="8919" SrcFileId="8" StartOffset="8862"/>
</LocList>
</BasicStmnt>
<BasicStmnt CovItemId="S113" CovItemPrefix="csse376_puerto_rico.GameBoardGUI.java" Intrnl_Id="501">
<LocList>
<Loc EndOffset="8944" SrcFileId="8" StartOffset="8928"/>
</LocList>
</BasicStmnt>
</StmntSeq>
</Branch>
<Branch CovItemId="B14" CovItemPrefix="csse376_puerto_rico.GameBoardGUI.java" Implct="false" Intrnl_Id="502">
<Cond>
<Loc EndOffset="8958" SrcFileId="8" StartOffset="8954"/>
</Cond>
<LocList>
<Loc EndOffset="9044" SrcFileId="8" StartOffset="8959"/>
</LocList>
<StmntSeq Intrnl_Id="503">
<LocList>
<Loc EndOffset="9035" SrcFileId="8" StartOffset="9018"/>
</LocList>
<BasicStmnt CovItemId="S114" CovItemPrefix="csse376_puerto_rico.GameBoardGUI.java" Intrnl_Id="504">
<LocList>
<Loc EndOffset="9035" SrcFileId="8" StartOffset="9018"/>
</LocList>
</BasicStmnt>
</StmntSeq>
</Branch>
<Keyword EndOffset="8763" SrcFileId="8" StartOffset="8761"/>
<LocList>
<Loc EndOffset="9044" SrcFileId="8" StartOffset="8761"/>
</LocList>
<RootTerm CovItemId="C14" CovItemPrefix="csse376_puerto_rico.GameBoardGUI.java" Intrnl_Id="505">
<BasicBoolTerm Intrnl_Id="506">
<LocList>
<Loc EndOffset="8795" SrcFileId="8" StartOffset="8765"/>
</LocList>
</BasicBoolTerm>
</RootTerm>
</CondStmnt>
</StmntSeq>
</Branch>
<Branch CovItemId="B12" CovItemPrefix="csse376_puerto_rico.GameBoardGUI.java" Implct="false" Intrnl_Id="507">
<Cond>
<Loc EndOffset="9059" SrcFileId="8" StartOffset="9055"/>
</Cond>
<LocList>
<Loc EndOffset="9819" SrcFileId="8" StartOffset="9060"/>
</LocList>
<StmntSeq Intrnl_Id="508">
<LocList>
<Loc EndOffset="9819" SrcFileId="8" StartOffset="9060"/>
</LocList>
<CondStmnt CovItemId="S115" CovItemPrefix="csse376_puerto_rico.GameBoardGUI.java" Intrnl_Id="509">
<Branch CovItemId="B15" CovItemPrefix="csse376_puerto_rico.GameBoardGUI.java" Implct="false" Intrnl_Id="510">
<Cond/>
<LocList>
<Loc EndOffset="9759" SrcFileId="8" StartOffset="9072"/>
</LocList>
<StmntSeq Intrnl_Id="511">
<LocList>
<Loc EndOffset="9186" SrcFileId="8" StartOffset="9081"/>
<Loc EndOffset="9222" SrcFileId="8" StartOffset="9194"/>
<Loc EndOffset="9269" SrcFileId="8" StartOffset="9230"/>
<Loc EndOffset="9579" SrcFileId="8" StartOffset="9279"/>
<Loc EndOffset="9751" SrcFileId="8" StartOffset="9587"/>
</LocList>
<BasicStmnt CovItemId="S116" CovItemPrefix="csse376_puerto_rico.GameBoardGUI.java" Intrnl_Id="512">
<LocList>
<Loc EndOffset="9186" SrcFileId="8" StartOffset="9081"/>
</LocList>
</BasicStmnt>
<BasicStmnt CovItemId="S117" CovItemPrefix="csse376_puerto_rico.GameBoardGUI.java" Intrnl_Id="513">
<LocList>
<Loc EndOffset="9222" SrcFileId="8" StartOffset="9194"/>
</LocList>
</BasicStmnt>
<BasicStmnt CovItemId="S118" CovItemPrefix="csse376_puerto_rico.GameBoardGUI.java" Intrnl_Id="514">
<LocList>
<Loc EndOffset="9269" SrcFileId="8" StartOffset="9230"/>
</LocList>
</BasicStmnt>
<BasicStmnt CovItemId="S119" CovItemPrefix="csse376_puerto_rico.GameBoardGUI.java" Intrnl_Id="515">
<LocList>
<Loc EndOffset="9579" SrcFileId="8" StartOffset="9279"/>
</LocList>
</BasicStmnt>
<CondStmnt CovItemId="S120" CovItemPrefix="csse376_puerto_rico.GameBoardGUI.java" Intrnl_Id="516">
<Branch CovItemId="B17" CovItemPrefix="csse376_puerto_rico.GameBoardGUI.java" Implct="false" Intrnl_Id="517">
<Cond/>
<LocList>
<Loc EndOffset="9660" SrcFileId="8" StartOffset="9625"/>
</LocList>
<StmntSeq Intrnl_Id="518">
<LocList>
<Loc EndOffset="9651" SrcFileId="8" StartOffset="9635"/>
</LocList>
<BasicStmnt CovItemId="S121" CovItemPrefix="csse376_puerto_rico.GameBoardGUI.java" Intrnl_Id="519">
<LocList>
<Loc EndOffset="9651" SrcFileId="8" StartOffset="9635"/>
</LocList>
</BasicStmnt>
</StmntSeq>
</Branch>
<Branch CovItemId="B18" CovItemPrefix="csse376_puerto_rico.GameBoardGUI.java" Implct="false" Intrnl_Id="520">
<Cond>
<Loc EndOffset="9665" SrcFileId="8" StartOffset="9661"/>
</Cond>
<LocList>
<Loc EndOffset="9751" SrcFileId="8" StartOffset="9666"/>
</LocList>
<StmntSeq Intrnl_Id="521">
<LocList>
<Loc EndOffset="9742" SrcFileId="8" StartOffset="9725"/>
</LocList>
<BasicStmnt CovItemId="S122" CovItemPrefix="csse376_puerto_rico.GameBoardGUI.java" Intrnl_Id="522">
<LocList>
<Loc EndOffset="9742" SrcFileId="8" StartOffset="9725"/>
</LocList>
</BasicStmnt>
</StmntSeq>
</Branch>
<Keyword EndOffset="9589" SrcFileId="8" StartOffset="9587"/>
<LocList>
<Loc EndOffset="9751" SrcFileId="8" StartOffset="9587"/>
</LocList>
<RootTerm CovItemId="C16" CovItemPrefix="csse376_puerto_rico.GameBoardGUI.java" Intrnl_Id="523">
<BasicBoolTerm Intrnl_Id="524">
<LocList>
<Loc EndOffset="9623" SrcFileId="8" StartOffset="9591"/>
</LocList>
</BasicBoolTerm>
</RootTerm>
</CondStmnt>
</StmntSeq>
</Branch>
<Branch CovItemId="B16" CovItemPrefix="csse376_puerto_rico.GameBoardGUI.java" Implct="false" Intrnl_Id="525">
<Cond>
<Loc EndOffset="9764" SrcFileId="8" StartOffset="9760"/>
</Cond>
<LocList>
<Loc EndOffset="9819" SrcFileId="8" StartOffset="9765"/>
</LocList>
<StmntSeq Intrnl_Id="526">
<LocList>
<Loc EndOffset="9811" SrcFileId="8" StartOffset="9795"/>
</LocList>
<BasicStmnt CovItemId="S123" CovItemPrefix="csse376_puerto_rico.GameBoardGUI.java" Intrnl_Id="527">
<LocList>
<Loc EndOffset="9811" SrcFileId="8" StartOffset="9795"/>
</LocList>
</BasicStmnt>
</StmntSeq>
</Branch>
<Keyword EndOffset="9062" SrcFileId="8" StartOffset="9060"/>
<LocList>
<Loc EndOffset="9819" SrcFileId="8" StartOffset="9060"/>
</LocList>
<RootTerm CovItemId="C15" CovItemPrefix="csse376_puerto_rico.GameBoardGUI.java" Intrnl_Id="528">
<BasicBoolTerm Intrnl_Id="529">
<LocList>
<Loc EndOffset="9070" SrcFileId="8" StartOffset="9064"/>
</LocList>
</BasicBoolTerm>
</RootTerm>
</CondStmnt>
</StmntSeq>
</Branch>
<Keyword EndOffset="8233" SrcFileId="8" StartOffset="8231"/>
<LocList>
<Loc EndOffset="9819" SrcFileId="8" StartOffset="8231"/>
</LocList>
<RootTerm CovItemId="C13" CovItemPrefix="csse376_puerto_rico.GameBoardGUI.java" Intrnl_Id="530">
<BasicBoolTerm Intrnl_Id="531">
<LocList>
<Loc EndOffset="8241" SrcFileId="8" StartOffset="8235"/>
</LocList>
</BasicBoolTerm>
</RootTerm>
</CondStmnt>
<BasicStmnt CovItemId="S124" CovItemPrefix="csse376_puerto_rico.GameBoardGUI.java" Intrnl_Id="532">
<LocList>
<Loc EndOffset="9852" SrcFileId="8" StartOffset="9826"/>
</LocList>
</BasicStmnt>
</StmntSeq>
<Keyword EndOffset="7898" SrcFileId="8" StartOffset="7893"/>
<LocList>
<Loc EndOffset="9859" SrcFileId="8" StartOffset="7893"/>
</LocList>
<RootTerm CovItemId="C12" CovItemPrefix="csse376_puerto_rico.GameBoardGUI.java" Intrnl_Id="533">
<OpTerm BooleanOpId="11" Intrnl_Id="534">
<BasicBoolTerm Intrnl_Id="535">
<LocList>
<Loc EndOffset="7909" SrcFileId="8" StartOffset="7901"/>
</LocList>
</BasicBoolTerm>
<LocList>
<Loc EndOffset="7901" SrcFileId="8" StartOffset="7900"/>
</LocList>
</OpTerm>
</RootTerm>
</LoopStmnt>
<BasicStmnt CovItemId="S125" CovItemPrefix="csse376_puerto_rico.GameBoardGUI.java" Intrnl_Id="536">
<LocList>
<Loc EndOffset="9906" SrcFileId="8" StartOffset="9865"/>
</LocList>
</BasicStmnt>
</StmntSeq>
<Keyword EndOffset="7642" SrcFileId="8" StartOffset="7639"/>
<LocList>
<Loc EndOffset="9914" SrcFileId="8" StartOffset="7639"/>
</LocList>
<RootTerm CovItemId="C11" CovItemPrefix="csse376_puerto_rico.GameBoardGUI.java" Intrnl_Id="537">
<BasicBoolTerm Intrnl_Id="538">
<LocList>
<Loc EndOffset="7673" SrcFileId="8" StartOffset="7655"/>
</LocList>
</BasicBoolTerm>
</RootTerm>
</LoopStmnt>
</StmntSeq>
</Branch>
<Branch CovItemId="B10" CovItemPrefix="csse376_puerto_rico.GameBoardGUI.java" Implct="false" Intrnl_Id="539">
<Cond>
<Loc EndOffset="9924" SrcFileId="8" StartOffset="9920"/>
</Cond>
<LocList>
<Loc EndOffset="13740" SrcFileId="8" StartOffset="9925"/>
</LocList>
<StmntSeq Intrnl_Id="540">
<LocList>
<Loc EndOffset="13740" SrcFileId="8" StartOffset="9925"/>
</LocList>
<CondStmnt CovItemId="S126" CovItemPrefix="csse376_puerto_rico.GameBoardGUI.java" Intrnl_Id="541">
<Branch CovItemId="B19" CovItemPrefix="csse376_puerto_rico.GameBoardGUI.java" Implct="false" Intrnl_Id="542">
<Cond/>
<LocList>
<Loc EndOffset="10772" SrcFileId="8" StartOffset="9963"/>
</LocList>
<StmntSeq Intrnl_Id="543">
<LocList>
<Loc EndOffset="9999" SrcFileId="8" StartOffset="9969"/>
<Loc EndOffset="10052" SrcFileId="8" StartOffset="10004"/>
<Loc EndOffset="10079" SrcFileId="8" StartOffset="10057"/>
<Loc EndOffset="10120" SrcFileId="8" StartOffset="10084"/>
<Loc EndOffset="10767" SrcFileId="8" StartOffset="10180"/>
</LocList>
<BasicStmnt CovItemId="S127" CovItemPrefix="csse376_puerto_rico.GameBoardGUI.java" Intrnl_Id="544">
<LocList>
<Loc EndOffset="9999" SrcFileId="8" StartOffset="9969"/>
</LocList>
</BasicStmnt>
<BasicStmnt CovItemId="S128" CovItemPrefix="csse376_puerto_rico.GameBoardGUI.java" Intrnl_Id="545">
<LocList>
<Loc EndOffset="10052" SrcFileId="8" StartOffset="10004"/>
</LocList>
</BasicStmnt>
<BasicStmnt CovItemId="S129" CovItemPrefix="csse376_puerto_rico.GameBoardGUI.java" Intrnl_Id="546">
<LocList>
<Loc EndOffset="10079" SrcFileId="8" StartOffset="10057"/>
</LocList>
</BasicStmnt>
<BasicStmnt CovItemId="S130" CovItemPrefix="csse376_puerto_rico.GameBoardGUI.java" Intrnl_Id="547">
<LocList>
<Loc EndOffset="10120" SrcFileId="8" StartOffset="10084"/>
</LocList>
</BasicStmnt>
<LoopStmnt CovItemId="S131" CovItemPrefix="csse376_puerto_rico.GameBoardGUI.java" Intrnl_Id="548" MltplExecId="L8-2" MltplExecPrefix="csse376_puerto_rico.GameBoardGUI.java" NvrExecId="L8-0" NvrExecPrefix="csse376_puerto_rico.GameBoardGUI.java" OnceExecutedId="L8-1" OnceExecutedPrefix="csse376_puerto_rico.GameBoardGUI.java" OptBodyExec="true">
<StmntSeq Intrnl_Id="549">
<LocList>
<Loc EndOffset="10260" SrcFileId="8" StartOffset="10230"/>
<Loc EndOffset="10294" SrcFileId="8" StartOffset="10266"/>
<Loc EndOffset="10583" SrcFileId="8" StartOffset="10340"/>
<Loc EndOffset="10680" SrcFileId="8" StartOffset="10589"/>
<Loc EndOffset="10712" SrcFileId="8" StartOffset="10686"/>
<Loc EndOffset="10759" SrcFileId="8" StartOffset="10718"/>
</LocList>
<BasicStmnt CovItemId="S132" CovItemPrefix="csse376_puerto_rico.GameBoardGUI.java" Intrnl_Id="550">
<LocList>
<Loc EndOffset="10260" SrcFileId="8" StartOffset="10230"/>
</LocList>
</BasicStmnt>
<BasicStmnt CovItemId="S133" CovItemPrefix="csse376_puerto_rico.GameBoardGUI.java" Intrnl_Id="551">
<LocList>
<Loc EndOffset="10294" SrcFileId="8" StartOffset="10266"/>
</LocList>
</BasicStmnt>
<BasicStmnt CovItemId="S134" CovItemPrefix="csse376_puerto_rico.GameBoardGUI.java" Intrnl_Id="552">
<LocList>
<Loc EndOffset="10583" SrcFileId="8" StartOffset="10340"/>
</LocList>
</BasicStmnt>
<CondStmnt CovItemId="S135" CovItemPrefix="csse376_puerto_rico.GameBoardGUI.java" Intrnl_Id="553">
<Branch CovItemId="B21" CovItemPrefix="csse376_puerto_rico.GameBoardGUI.java" Implct="false" Intrnl_Id="554">
<Cond/>
<LocList>
<Loc EndOffset="10680" SrcFileId="8" StartOffset="10617"/>
</LocList>
<StmntSeq Intrnl_Id="555">
<LocList>
<Loc EndOffset="10673" SrcFileId="8" StartOffset="10625"/>
</LocList>
<BasicStmnt CovItemId="S136" CovItemPrefix="csse376_puerto_rico.GameBoardGUI.java" Intrnl_Id="556">
<LocList>
<Loc EndOffset="10673" SrcFileId="8" StartOffset="10625"/>
</LocList>
</BasicStmnt>
</StmntSeq>
</Branch>
<Branch CovItemId="B22" CovItemPrefix="csse376_puerto_rico.GameBoardGUI.java" Implct="true" Intrnl_Id="557">
<Cond/>
<LocList/>
<StmntSeq Intrnl_Id="558">
<LocList/>
</StmntSeq>
</Branch>
<Keyword EndOffset="10591" SrcFileId="8" StartOffset="10589"/>
<LocList>
<Loc EndOffset="10680" SrcFileId="8" StartOffset="10589"/>
</LocList>
<RootTerm CovItemId="C19" CovItemPrefix="csse376_puerto_rico.GameBoardGUI.java" Intrnl_Id="559">
<BasicBoolTerm Intrnl_Id="560">
<LocList>
<Loc EndOffset="10615" SrcFileId="8" StartOffset="10593"/>
</LocList>
</BasicBoolTerm>
</RootTerm>
</CondStmnt>
<BasicStmnt CovItemId="S137" CovItemPrefix="csse376_puerto_rico.GameBoardGUI.java" Intrnl_Id="561">
<LocList>
<Loc EndOffset="10712" SrcFileId="8" StartOffset="10686"/>
</LocList>
</BasicStmnt>
<BasicStmnt CovItemId="S138" CovItemPrefix="csse376_puerto_rico.GameBoardGUI.java" Intrnl_Id="562">
<LocList>
<Loc EndOffset="10759" SrcFileId="8" StartOffset="10718"/>
</LocList>
</BasicStmnt>
</StmntSeq>
<Keyword EndOffset="10183" SrcFileId="8" StartOffset="10180"/>
<LocList>
<Loc EndOffset="10767" SrcFileId="8" StartOffset="10180"/>
</LocList>
<RootTerm CovItemId="C18" CovItemPrefix="csse376_puerto_rico.GameBoardGUI.java" Intrnl_Id="563">
<BasicBoolTerm Intrnl_Id="564">
<LocList>
<Loc EndOffset="10214" SrcFileId="8" StartOffset="10196"/>
</LocList>
</BasicBoolTerm>
</RootTerm>
</LoopStmnt>
</StmntSeq>
</Branch>
<Branch CovItemId="B20" CovItemPrefix="csse376_puerto_rico.GameBoardGUI.java" Implct="false" Intrnl_Id="565">
<Cond>
<Loc EndOffset="10776" SrcFileId="8" StartOffset="10772"/>
</Cond>
<LocList>
<Loc EndOffset="13740" SrcFileId="8" StartOffset="10777"/>
</LocList>
<StmntSeq Intrnl_Id="566">
<LocList>
<Loc EndOffset="13740" SrcFileId="8" StartOffset="10777"/>
</LocList>
<CondStmnt CovItemId="S139" CovItemPrefix="csse376_puerto_rico.GameBoardGUI.java" Intrnl_Id="567">
<Branch CovItemId="B23" CovItemPrefix="csse376_puerto_rico.GameBoardGUI.java" Implct="false" Intrnl_Id="568">
<Cond/>
<LocList>
<Loc EndOffset="11595" SrcFileId="8" StartOffset="10813"/>
</LocList>
<StmntSeq Intrnl_Id="569">
<LocList>
<Loc EndOffset="10881" SrcFileId="8" StartOffset="10838"/>
<Loc EndOffset="10907" SrcFileId="8" StartOffset="10886"/>
<Loc EndOffset="10948" SrcFileId="8" StartOffset="10912"/>
<Loc EndOffset="11590" SrcFileId="8" StartOffset="10953"/>
</LocList>
<BasicStmnt CovItemId="S140" CovItemPrefix="csse376_puerto_rico.GameBoardGUI.java" Intrnl_Id="570">
<LocList>
<Loc EndOffset="10881" SrcFileId="8" StartOffset="10838"/>
</LocList>
</BasicStmnt>
<BasicStmnt CovItemId="S141" CovItemPrefix="csse376_puerto_rico.GameBoardGUI.java" Intrnl_Id="571">
<LocList>
<Loc EndOffset="10907" SrcFileId="8" StartOffset="10886"/>
</LocList>
</BasicStmnt>
<BasicStmnt CovItemId="S142" CovItemPrefix="csse376_puerto_rico.GameBoardGUI.java" Intrnl_Id="572">
<LocList>
<Loc EndOffset="10948" SrcFileId="8" StartOffset="10912"/>
</LocList>
</BasicStmnt>
<LoopStmnt CovItemId="S143" CovItemPrefix="csse376_puerto_rico.GameBoardGUI.java" Intrnl_Id="573" MltplExecId="L9-2" MltplExecPrefix="csse376_puerto_rico.GameBoardGUI.java" NvrExecId="L9-0" NvrExecPrefix="csse376_puerto_rico.GameBoardGUI.java" OnceExecutedId="L9-1" OnceExecutedPrefix="csse376_puerto_rico.GameBoardGUI.java" OptBodyExec="true">
<StmntSeq Intrnl_Id="574">
<LocList>
<Loc EndOffset="11033" SrcFileId="8" StartOffset="11003"/>
<Loc EndOffset="11320" SrcFileId="8" StartOffset="11079"/>
<Loc EndOffset="11361" SrcFileId="8" StartOffset="11327"/>
<Loc EndOffset="11505" SrcFileId="8" StartOffset="11367"/>
<Loc EndOffset="11537" SrcFileId="8" StartOffset="11511"/>
<Loc EndOffset="11584" SrcFileId="8" StartOffset="11543"/>
</LocList>
<BasicStmnt CovItemId="S144" CovItemPrefix="csse376_puerto_rico.GameBoardGUI.java" Intrnl_Id="575">
<LocList>
<Loc EndOffset="11033" SrcFileId="8" StartOffset="11003"/>
</LocList>
</BasicStmnt>
<BasicStmnt CovItemId="S145" CovItemPrefix="csse376_puerto_rico.GameBoardGUI.java" Intrnl_Id="576">
<LocList>
<Loc EndOffset="11320" SrcFileId="8" StartOffset="11079"/>
</LocList>
</BasicStmnt>
<BasicStmnt CovItemId="S146" CovItemPrefix="csse376_puerto_rico.GameBoardGUI.java" Intrnl_Id="577">
<LocList>
<Loc EndOffset="11361" SrcFileId="8" StartOffset="11327"/>
</LocList>
</BasicStmnt>
<CondStmnt CovItemId="S147" CovItemPrefix="csse376_puerto_rico.GameBoardGUI.java" Intrnl_Id="578">
<Branch CovItemId="B25" CovItemPrefix="csse376_puerto_rico.GameBoardGUI.java" Implct="false" Intrnl_Id="579">
<Cond/>
<LocList>
<Loc EndOffset="11505" SrcFileId="8" StartOffset="11424"/>
</LocList>
<StmntSeq Intrnl_Id="580">
<LocList>
<Loc EndOffset="11498" SrcFileId="8" StartOffset="11432"/>
</LocList>
<BasicStmnt CovItemId="S148" CovItemPrefix="csse376_puerto_rico.GameBoardGUI.java" Intrnl_Id="581">
<LocList>
<Loc EndOffset="11498" SrcFileId="8" StartOffset="11432"/>
</LocList>
</BasicStmnt>
</StmntSeq>
</Branch>
<Branch CovItemId="B26" CovItemPrefix="csse376_puerto_rico.GameBoardGUI.java" Implct="true" Intrnl_Id="582">
<Cond/>
<LocList/>
<StmntSeq Intrnl_Id="583">
<LocList/>
</StmntSeq>
</Branch>
<Keyword EndOffset="11369" SrcFileId="8" StartOffset="11367"/>
<LocList>
<Loc EndOffset="11505" SrcFileId="8" StartOffset="11367"/>
</LocList>
<RootTerm CovItemId="C22" CovItemPrefix="csse376_puerto_rico.GameBoardGUI.java" Intrnl_Id="584">
<OpTerm BooleanOpId="12" Intrnl_Id="585">
<BasicBoolTerm Intrnl_Id="586">
<LocList>
<Loc EndOffset="11393" SrcFileId="8" StartOffset="11371"/>
</LocList>
</BasicBoolTerm>
<BasicBoolTerm Intrnl_Id="587">
<LocList>
<Loc EndOffset="11422" SrcFileId="8" StartOffset="11397"/>
</LocList>
</BasicBoolTerm>
<LocList>
<Loc EndOffset="11396" SrcFileId="8" StartOffset="11394"/>
</LocList>
</OpTerm>
</RootTerm>
</CondStmnt>
<BasicStmnt CovItemId="S149" CovItemPrefix="csse376_puerto_rico.GameBoardGUI.java" Intrnl_Id="588">
<LocList>
<Loc EndOffset="11537" SrcFileId="8" StartOffset="11511"/>
</LocList>
</BasicStmnt>
<BasicStmnt CovItemId="S150" CovItemPrefix="csse376_puerto_rico.GameBoardGUI.java" Intrnl_Id="589">
<LocList>
<Loc EndOffset="11584" SrcFileId="8" StartOffset="11543"/>
</LocList>
</BasicStmnt>
</StmntSeq>
<Keyword EndOffset="10956" SrcFileId="8" StartOffset="10953"/>
<LocList>
<Loc EndOffset="11590" SrcFileId="8" StartOffset="10953"/>
</LocList>
<RootTerm CovItemId="C21" CovItemPrefix="csse376_puerto_rico.GameBoardGUI.java" Intrnl_Id="590">
<BasicBoolTerm Intrnl_Id="591">
<LocList>
<Loc EndOffset="10987" SrcFileId="8" StartOffset="10969"/>
</LocList>
</BasicBoolTerm>
</RootTerm>
</LoopStmnt>
</StmntSeq>
</Branch>
<Branch CovItemId="B24" CovItemPrefix="csse376_puerto_rico.GameBoardGUI.java" Implct="false" Intrnl_Id="592">
<Cond>
<Loc EndOffset="11599" SrcFileId="8" StartOffset="11595"/>
</Cond>
<LocList>
<Loc EndOffset="13740" SrcFileId="8" StartOffset="11600"/>
</LocList>
<StmntSeq Intrnl_Id="593">
<LocList>
<Loc EndOffset="13740" SrcFileId="8" StartOffset="11600"/>
</LocList>
<CondStmnt CovItemId="S151" CovItemPrefix="csse376_puerto_rico.GameBoardGUI.java" Intrnl_Id="594">
<Branch CovItemId="B27" CovItemPrefix="csse376_puerto_rico.GameBoardGUI.java" Implct="false" Intrnl_Id="595">
<Cond/>
<LocList>
<Loc EndOffset="11866" SrcFileId="8" StartOffset="11638"/>
</LocList>
<StmntSeq Intrnl_Id="596">
<LocList>
<Loc EndOffset="11861" SrcFileId="8" StartOffset="11663"/>
</LocList>
<LoopStmnt CovItemId="S152" CovItemPrefix="csse376_puerto_rico.GameBoardGUI.java" Intrnl_Id="597" MltplExecId="L10-2" MltplExecPrefix="csse376_puerto_rico.GameBoardGUI.java" NvrExecId="L10-0" NvrExecPrefix="csse376_puerto_rico.GameBoardGUI.java" OnceExecutedId="L10-1" OnceExecutedPrefix="csse376_puerto_rico.GameBoardGUI.java" OptBodyExec="true">
<StmntSeq Intrnl_Id="598">
<LocList>
<Loc EndOffset="11743" SrcFileId="8" StartOffset="11713"/>
<Loc EndOffset="11774" SrcFileId="8" StartOffset="11749"/>
<Loc EndOffset="11806" SrcFileId="8" StartOffset="11780"/>
<Loc EndOffset="11853" SrcFileId="8" StartOffset="11812"/>
</LocList>
<BasicStmnt CovItemId="S153" CovItemPrefix="csse376_puerto_rico.GameBoardGUI.java" Intrnl_Id="599">
<LocList>
<Loc EndOffset="11743" SrcFileId="8" StartOffset="11713"/>
</LocList>
</BasicStmnt>
<BasicStmnt CovItemId="S154" CovItemPrefix="csse376_puerto_rico.GameBoardGUI.java" Intrnl_Id="600">
<LocList>
<Loc EndOffset="11774" SrcFileId="8" StartOffset="11749"/>
</LocList>
</BasicStmnt>
<BasicStmnt CovItemId="S155" CovItemPrefix="csse376_puerto_rico.GameBoardGUI.java" Intrnl_Id="601">
<LocList>
<Loc EndOffset="11806" SrcFileId="8" StartOffset="11780"/>
</LocList>
</BasicStmnt>
<BasicStmnt CovItemId="S156" CovItemPrefix="csse376_puerto_rico.GameBoardGUI.java" Intrnl_Id="602">
<LocList>
<Loc EndOffset="11853" SrcFileId="8" StartOffset="11812"/>
</LocList>
</BasicStmnt>
</StmntSeq>
<Keyword EndOffset="11666" SrcFileId="8" StartOffset="11663"/>
<LocList>
<Loc EndOffset="11861" SrcFileId="8" StartOffset="11663"/>
</LocList>
<RootTerm CovItemId="C24" CovItemPrefix="csse376_puerto_rico.GameBoardGUI.java" Intrnl_Id="603">
<BasicBoolTerm Intrnl_Id="604">
<LocList>
<Loc EndOffset="11697" SrcFileId="8" StartOffset="11679"/>
</LocList>
</BasicBoolTerm>
</RootTerm>
</LoopStmnt>
</StmntSeq>
</Branch>
<Branch CovItemId="B28" CovItemPrefix="csse376_puerto_rico.GameBoardGUI.java" Implct="false" Intrnl_Id="605">
<Cond>
<Loc EndOffset="11870" SrcFileId="8" StartOffset="11866"/>
</Cond>
<LocList>
<Loc EndOffset="13740" SrcFileId="8" StartOffset="11871"/>
</LocList>
<StmntSeq Intrnl_Id="606">
<LocList>
<Loc EndOffset="13740" SrcFileId="8" StartOffset="11871"/>
</LocList>
<CondStmnt CovItemId="S157" CovItemPrefix="csse376_puerto_rico.GameBoardGUI.java" Intrnl_Id="607">
<Branch CovItemId="B29" CovItemPrefix="csse376_puerto_rico.GameBoardGUI.java" Implct="false" Intrnl_Id="608">
<Cond/>
<LocList>
<Loc EndOffset="12113" SrcFileId="8" StartOffset="11906"/>
</LocList>
<StmntSeq Intrnl_Id="609">
<LocList>
<Loc EndOffset="12108" SrcFileId="8" StartOffset="11928"/>
</LocList>
<LoopStmnt CovItemId="S158" CovItemPrefix="csse376_puerto_rico.GameBoardGUI.java" Intrnl_Id="610" MltplExecId="L11-2" MltplExecPrefix="csse376_puerto_rico.GameBoardGUI.java" NvrExecId="L11-0" NvrExecPrefix="csse376_puerto_rico.GameBoardGUI.java" OnceExecutedId="L11-1" OnceExecutedPrefix="csse376_puerto_rico.GameBoardGUI.java" OptBodyExec="true">
<StmntSeq Intrnl_Id="611">
<LocList>
<Loc EndOffset="12008" SrcFileId="8" StartOffset="11978"/>
<Loc EndOffset="12053" SrcFileId="8" StartOffset="12027"/>
<Loc EndOffset="12100" SrcFileId="8" StartOffset="12059"/>
</LocList>
<BasicStmnt CovItemId="S159" CovItemPrefix="csse376_puerto_rico.GameBoardGUI.java" Intrnl_Id="612">
<LocList>
<Loc EndOffset="12008" SrcFileId="8" StartOffset="11978"/>
</LocList>
</BasicStmnt>
<BasicStmnt CovItemId="S160" CovItemPrefix="csse376_puerto_rico.GameBoardGUI.java" Intrnl_Id="613">
<LocList>
<Loc EndOffset="12053" SrcFileId="8" StartOffset="12027"/>
</LocList>
</BasicStmnt>
<BasicStmnt CovItemId="S161" CovItemPrefix="csse376_puerto_rico.GameBoardGUI.java" Intrnl_Id="614">
<LocList>
<Loc EndOffset="12100" SrcFileId="8" StartOffset="12059"/>
</LocList>
</BasicStmnt>
</StmntSeq>
<Keyword EndOffset="11931" SrcFileId="8" StartOffset="11928"/>
<LocList>
<Loc EndOffset="12108" SrcFileId="8" StartOffset="11928"/>
</LocList>
<RootTerm CovItemId="C26" CovItemPrefix="csse376_puerto_rico.GameBoardGUI.java" Intrnl_Id="615">
<BasicBoolTerm Intrnl_Id="616">
<LocList>
<Loc EndOffset="11962" SrcFileId="8" StartOffset="11944"/>
</LocList>
</BasicBoolTerm>
</RootTerm>
</LoopStmnt>
</StmntSeq>
</Branch>
<Branch CovItemId="B30" CovItemPrefix="csse376_puerto_rico.GameBoardGUI.java" Implct="false" Intrnl_Id="617">
<Cond>
<Loc EndOffset="12117" SrcFileId="8" StartOffset="12113"/>
</Cond>
<LocList>
<Loc EndOffset="13740" SrcFileId="8" StartOffset="12118"/>
</LocList>
<StmntSeq Intrnl_Id="618">
<LocList>
<Loc EndOffset="13740" SrcFileId="8" StartOffset="12118"/>
</LocList>
<CondStmnt CovItemId="S162" CovItemPrefix="csse376_puerto_rico.GameBoardGUI.java" Intrnl_Id="619">
<Branch CovItemId="B31" CovItemPrefix="csse376_puerto_rico.GameBoardGUI.java" Implct="false" Intrnl_Id="620">
<Cond/>
<LocList>
<Loc EndOffset="13491" SrcFileId="8" StartOffset="12154"/>
</LocList>
<StmntSeq Intrnl_Id="621">
<LocList>
<Loc EndOffset="13486" SrcFileId="8" StartOffset="12165"/>
</LocList>
<LoopStmnt CovItemId="S163" CovItemPrefix="csse376_puerto_rico.GameBoardGUI.java" Intrnl_Id="622" MltplExecId="L12-2" MltplExecPrefix="csse376_puerto_rico.GameBoardGUI.java" NvrExecId="L12-0" NvrExecPrefix="csse376_puerto_rico.GameBoardGUI.java" OnceExecutedId="L12-1" OnceExecutedPrefix="csse376_puerto_rico.GameBoardGUI.java" OptBodyExec="true">
<StmntSeq Intrnl_Id="623">
<LocList>
<Loc EndOffset="12256" SrcFileId="8" StartOffset="12226"/>
<Loc EndOffset="12316" SrcFileId="8" StartOffset="12262"/>
<Loc EndOffset="12581" SrcFileId="8" StartOffset="12328"/>
<Loc EndOffset="12630" SrcFileId="8" StartOffset="12593"/>
<Loc EndOffset="12655" SrcFileId="8" StartOffset="12636"/>
<Loc EndOffset="12680" SrcFileId="8" StartOffset="12661"/>
<Loc EndOffset="12705" SrcFileId="8" StartOffset="12686"/>
<Loc EndOffset="12974" SrcFileId="8" StartOffset="12711"/>
<Loc EndOffset="13362" SrcFileId="8" StartOffset="12986"/>
<Loc EndOffset="13399" SrcFileId="8" StartOffset="13374"/>
<Loc EndOffset="13431" SrcFileId="8" StartOffset="13405"/>
<Loc EndOffset="13478" SrcFileId="8" StartOffset="13437"/>
</LocList>
<BasicStmnt CovItemId="S164" CovItemPrefix="csse376_puerto_rico.GameBoardGUI.java" Intrnl_Id="624">
<LocList>
<Loc EndOffset="12256" SrcFileId="8" StartOffset="12226"/>
</LocList>
</BasicStmnt>
<BasicStmnt CovItemId="S165" CovItemPrefix="csse376_puerto_rico.GameBoardGUI.java" Intrnl_Id="625">
<LocList>
<Loc EndOffset="12316" SrcFileId="8" StartOffset="12262"/>
</LocList>
</BasicStmnt>
<BasicStmnt CovItemId="S166" CovItemPrefix="csse376_puerto_rico.GameBoardGUI.java" Intrnl_Id="626">
<LocList>
<Loc EndOffset="12581" SrcFileId="8" StartOffset="12328"/>
</LocList>
</BasicStmnt>
<BasicStmnt CovItemId="S167" CovItemPrefix="csse376_puerto_rico.GameBoardGUI.java" Intrnl_Id="627">
<LocList>
<Loc EndOffset="12630" SrcFileId="8" StartOffset="12593"/>
</LocList>
</BasicStmnt>
<BasicStmnt CovItemId="S168" CovItemPrefix="csse376_puerto_rico.GameBoardGUI.java" Intrnl_Id="628">
<LocList>
<Loc EndOffset="12655" SrcFileId="8" StartOffset="12636"/>
</LocList>
</BasicStmnt>
<BasicStmnt CovItemId="S169" CovItemPrefix="csse376_puerto_rico.GameBoardGUI.java" Intrnl_Id="629">
<LocList>
<Loc EndOffset="12680" SrcFileId="8" StartOffset="12661"/>
</LocList>
</BasicStmnt>
<BasicStmnt CovItemId="S170" CovItemPrefix="csse376_puerto_rico.GameBoardGUI.java" Intrnl_Id="630">
<LocList>
<Loc EndOffset="12705" SrcFileId="8" StartOffset="12686"/>
</LocList>
</BasicStmnt>
<BasicStmnt CovItemId="S171" CovItemPrefix="csse376_puerto_rico.GameBoardGUI.java" Intrnl_Id="631">
<LocList>
<Loc EndOffset="12974" SrcFileId="8" StartOffset="12711"/>
</LocList>
</BasicStmnt>
<CondStmnt CovItemId="S172" CovItemPrefix="csse376_puerto_rico.GameBoardGUI.java" Intrnl_Id="632">
<Branch CovItemId="B33" CovItemPrefix="csse376_puerto_rico.GameBoardGUI.java" Implct="false" Intrnl_Id="633">
<Cond/>
<LocList>
<Loc EndOffset="13108" SrcFileId="8" StartOffset="12999"/>
</LocList>
<StmntSeq Intrnl_Id="634">
<LocList>
<Loc EndOffset="13066" SrcFileId="8" StartOffset="13007"/>
<Loc EndOffset="13101" SrcFileId="8" StartOffset="13073"/>
</LocList>
<BasicStmnt CovItemId="S173" CovItemPrefix="csse376_puerto_rico.GameBoardGUI.java" Intrnl_Id="635">
<LocList>
<Loc EndOffset="13066" SrcFileId="8" StartOffset="13007"/>
</LocList>
</BasicStmnt>
<BasicStmnt CovItemId="S174" CovItemPrefix="csse376_puerto_rico.GameBoardGUI.java" Intrnl_Id="636">
<LocList>
<Loc EndOffset="13101" SrcFileId="8" StartOffset="13073"/>
</LocList>
</BasicStmnt>
</StmntSeq>
</Branch>
<Branch CovItemId="B34" CovItemPrefix="csse376_puerto_rico.GameBoardGUI.java" Implct="false" Intrnl_Id="637">
<Cond>
<Loc EndOffset="13112" SrcFileId="8" StartOffset="13108"/>
</Cond>
<LocList>
<Loc EndOffset="13362" SrcFileId="8" StartOffset="13113"/>
</LocList>
<StmntSeq Intrnl_Id="638">
<LocList>
<Loc EndOffset="13362" SrcFileId="8" StartOffset="13113"/>
</LocList>
<CondStmnt CovItemId="S175" CovItemPrefix="csse376_puerto_rico.GameBoardGUI.java" Intrnl_Id="639">
<Branch CovItemId="B35" CovItemPrefix="csse376_puerto_rico.GameBoardGUI.java" Implct="false" Intrnl_Id="640">
<Cond/>
<LocList>
<Loc EndOffset="13235" SrcFileId="8" StartOffset="13126"/>
</LocList>
<StmntSeq Intrnl_Id="641">
<LocList>
<Loc EndOffset="13193" SrcFileId="8" StartOffset="13134"/>
<Loc EndOffset="13228" SrcFileId="8" StartOffset="13200"/>
</LocList>
<BasicStmnt CovItemId="S176" CovItemPrefix="csse376_puerto_rico.GameBoardGUI.java" Intrnl_Id="642">
<LocList>
<Loc EndOffset="13193" SrcFileId="8" StartOffset="13134"/>
</LocList>
</BasicStmnt>
<BasicStmnt CovItemId="S177" CovItemPrefix="csse376_puerto_rico.GameBoardGUI.java" Intrnl_Id="643">
<LocList>
<Loc EndOffset="13228" SrcFileId="8" StartOffset="13200"/>
</LocList>
</BasicStmnt>
</StmntSeq>
</Branch>
<Branch CovItemId="B36" CovItemPrefix="csse376_puerto_rico.GameBoardGUI.java" Implct="false" Intrnl_Id="644">
<Cond>
<Loc EndOffset="13239" SrcFileId="8" StartOffset="13235"/>
</Cond>
<LocList>
<Loc EndOffset="13362" SrcFileId="8" StartOffset="13240"/>
</LocList>
<StmntSeq Intrnl_Id="645">
<LocList>
<Loc EndOffset="13362" SrcFileId="8" StartOffset="13240"/>
</LocList>
<CondStmnt CovItemId="S178" CovItemPrefix="csse376_puerto_rico.GameBoardGUI.java" Intrnl_Id="646">
<Branch CovItemId="B37" CovItemPrefix="csse376_puerto_rico.GameBoardGUI.java" Implct="false" Intrnl_Id="647">
<Cond/>
<LocList>
<Loc EndOffset="13362" SrcFileId="8" StartOffset="13253"/>
</LocList>
<StmntSeq Intrnl_Id="648">
<LocList>
<Loc EndOffset="13320" SrcFileId="8" StartOffset="13261"/>
<Loc EndOffset="13355" SrcFileId="8" StartOffset="13327"/>
</LocList>
<BasicStmnt CovItemId="S179" CovItemPrefix="csse376_puerto_rico.GameBoardGUI.java" Intrnl_Id="649">
<LocList>
<Loc EndOffset="13320" SrcFileId="8" StartOffset="13261"/>
</LocList>
</BasicStmnt>
<BasicStmnt CovItemId="S180" CovItemPrefix="csse376_puerto_rico.GameBoardGUI.java" Intrnl_Id="650">
<LocList>
<Loc EndOffset="13355" SrcFileId="8" StartOffset="13327"/>
</LocList>
</BasicStmnt>
</StmntSeq>
</Branch>
<Branch CovItemId="B38" CovItemPrefix="csse376_puerto_rico.GameBoardGUI.java" Implct="true" Intrnl_Id="651">
<Cond/>
<LocList/>
<StmntSeq Intrnl_Id="652">
<LocList/>
</StmntSeq>
</Branch>
<Keyword EndOffset="13242" SrcFileId="8" StartOffset="13240"/>
<LocList>
<Loc EndOffset="13362" SrcFileId="8" StartOffset="13240"/>
</LocList>
<RootTerm CovItemId="C31" CovItemPrefix="csse376_puerto_rico.GameBoardGUI.java" Intrnl_Id="653">
<BasicBoolTerm Intrnl_Id="654">
<LocList>
<Loc EndOffset="13252" SrcFileId="8" StartOffset="13243"/>
</LocList>
</BasicBoolTerm>
</RootTerm>
</CondStmnt>
</StmntSeq>
</Branch>
<Keyword EndOffset="13115" SrcFileId="8" StartOffset="13113"/>
<LocList>
<Loc EndOffset="13362" SrcFileId="8" StartOffset="13113"/>
</LocList>
<RootTerm CovItemId="C30" CovItemPrefix="csse376_puerto_rico.GameBoardGUI.java" Intrnl_Id="655">
<BasicBoolTerm Intrnl_Id="656">
<LocList>
<Loc EndOffset="13125" SrcFileId="8" StartOffset="13116"/>
</LocList>
</BasicBoolTerm>
</RootTerm>
</CondStmnt>
</StmntSeq>
</Branch>
<Keyword EndOffset="12988" SrcFileId="8" StartOffset="12986"/>
<LocList>
<Loc EndOffset="13362" SrcFileId="8" StartOffset="12986"/>
</LocList>
<RootTerm CovItemId="C29" CovItemPrefix="csse376_puerto_rico.GameBoardGUI.java" Intrnl_Id="657">
<BasicBoolTerm Intrnl_Id="658">
<LocList>
<Loc EndOffset="12998" SrcFileId="8" StartOffset="12989"/>
</LocList>
</BasicBoolTerm>
</RootTerm>
</CondStmnt>
<BasicStmnt CovItemId="S181" CovItemPrefix="csse376_puerto_rico.GameBoardGUI.java" Intrnl_Id="659">
<LocList>
<Loc EndOffset="13399" SrcFileId="8" StartOffset="13374"/>
</LocList>
</BasicStmnt>
<BasicStmnt CovItemId="S182" CovItemPrefix="csse376_puerto_rico.GameBoardGUI.java" Intrnl_Id="660">
<LocList>
<Loc EndOffset="13431" SrcFileId="8" StartOffset="13405"/>
</LocList>
</BasicStmnt>
<BasicStmnt CovItemId="S183" CovItemPrefix="csse376_puerto_rico.GameBoardGUI.java" Intrnl_Id="661">
<LocList>
<Loc EndOffset="13478" SrcFileId="8" StartOffset="13437"/>
</LocList>
</BasicStmnt>
</StmntSeq>
<Keyword EndOffset="12168" SrcFileId="8" StartOffset="12165"/>
<LocList>
<Loc EndOffset="13486" SrcFileId="8" StartOffset="12165"/>
</LocList>
<RootTerm CovItemId="C28" CovItemPrefix="csse376_puerto_rico.GameBoardGUI.java" Intrnl_Id="662">
<BasicBoolTerm Intrnl_Id="663">
<LocList>
<Loc EndOffset="12199" SrcFileId="8" StartOffset="12181"/>
</LocList>
</BasicBoolTerm>
</RootTerm>
</LoopStmnt>
</StmntSeq>
</Branch>
<Branch CovItemId="B32" CovItemPrefix="csse376_puerto_rico.GameBoardGUI.java" Implct="false" Intrnl_Id="664">
<Cond>
<Loc EndOffset="13495" SrcFileId="8" StartOffset="13491"/>
</Cond>
<LocList>
<Loc EndOffset="13740" SrcFileId="8" StartOffset="13496"/>
</LocList>
<StmntSeq Intrnl_Id="665">
<LocList>
<Loc EndOffset="13740" SrcFileId="8" StartOffset="13496"/>
</LocList>
<CondStmnt CovItemId="S184" CovItemPrefix="csse376_puerto_rico.GameBoardGUI.java" Intrnl_Id="666">
<Branch CovItemId="B39" CovItemPrefix="csse376_puerto_rico.GameBoardGUI.java" Implct="false" Intrnl_Id="667">
<Cond/>
<LocList>
<Loc EndOffset="13740" SrcFileId="8" StartOffset="13535"/>
</LocList>
<StmntSeq Intrnl_Id="668">
<LocList>
<Loc EndOffset="13735" SrcFileId="8" StartOffset="13559"/>
</LocList>
<LoopStmnt CovItemId="S185" CovItemPrefix="csse376_puerto_rico.GameBoardGUI.java" Intrnl_Id="669" MltplExecId="L13-2" MltplExecPrefix="csse376_puerto_rico.GameBoardGUI.java" NvrExecId="L13-0" NvrExecPrefix="csse376_puerto_rico.GameBoardGUI.java" OnceExecutedId="L13-1" OnceExecutedPrefix="csse376_puerto_rico.GameBoardGUI.java" OptBodyExec="true">
<StmntSeq Intrnl_Id="670">
<LocList>
<Loc EndOffset="13639" SrcFileId="8" StartOffset="13609"/>
<Loc EndOffset="13680" SrcFileId="8" StartOffset="13654"/>
<Loc EndOffset="13727" SrcFileId="8" StartOffset="13686"/>
</LocList>
<BasicStmnt CovItemId="S186" CovItemPrefix="csse376_puerto_rico.GameBoardGUI.java" Intrnl_Id="671">
<LocList>
<Loc EndOffset="13639" SrcFileId="8" StartOffset="13609"/>
</LocList>
</BasicStmnt>
<BasicStmnt CovItemId="S187" CovItemPrefix="csse376_puerto_rico.GameBoardGUI.java" Intrnl_Id="672">
<LocList>
<Loc EndOffset="13680" SrcFileId="8" StartOffset="13654"/>
</LocList>
</BasicStmnt>
<BasicStmnt CovItemId="S188" CovItemPrefix="csse376_puerto_rico.GameBoardGUI.java" Intrnl_Id="673">
<LocList>
<Loc EndOffset="13727" SrcFileId="8" StartOffset="13686"/>
</LocList>
</BasicStmnt>
</StmntSeq>
<Keyword EndOffset="13562" SrcFileId="8" StartOffset="13559"/>
<LocList>
<Loc EndOffset="13735" SrcFileId="8" StartOffset="13559"/>
</LocList>
<RootTerm CovItemId="C33" CovItemPrefix="csse376_puerto_rico.GameBoardGUI.java" Intrnl_Id="674">
<BasicBoolTerm Intrnl_Id="675">
<LocList>
<Loc EndOffset="13593" SrcFileId="8" StartOffset="13575"/>
</LocList>
</BasicBoolTerm>
</RootTerm>
</LoopStmnt>
</StmntSeq>
</Branch>
<Branch CovItemId="B40" CovItemPrefix="csse376_puerto_rico.GameBoardGUI.java" Implct="true" Intrnl_Id="676">
<Cond/>
<LocList/>
<StmntSeq Intrnl_Id="677">
<LocList/>
</StmntSeq>
</Branch>
<Keyword EndOffset="13498" SrcFileId="8" StartOffset="13496"/>
<LocList>
<Loc EndOffset="13740" SrcFileId="8" StartOffset="13496"/>
</LocList>
<RootTerm CovItemId="C32" CovItemPrefix="csse376_puerto_rico.GameBoardGUI.java" Intrnl_Id="678">
<BasicBoolTerm Intrnl_Id="679">
<LocList>
<Loc EndOffset="13534" SrcFileId="8" StartOffset="13499"/>
</LocList>
</BasicBoolTerm>
</RootTerm>
</CondStmnt>
</StmntSeq>
</Branch>
<Keyword EndOffset="12120" SrcFileId="8" StartOffset="12118"/>
<LocList>
<Loc EndOffset="13740" SrcFileId="8" StartOffset="12118"/>
</LocList>
<RootTerm CovItemId="C27" CovItemPrefix="csse376_puerto_rico.GameBoardGUI.java" Intrnl_Id="680">
<BasicBoolTerm Intrnl_Id="681">
<LocList>
<Loc EndOffset="12153" SrcFileId="8" StartOffset="12121"/>
</LocList>
</BasicBoolTerm>
</RootTerm>
</CondStmnt>
</StmntSeq>
</Branch>
<Keyword EndOffset="11873" SrcFileId="8" StartOffset="11871"/>
<LocList>
<Loc EndOffset="13740" SrcFileId="8" StartOffset="11871"/>
</LocList>
<RootTerm CovItemId="C25" CovItemPrefix="csse376_puerto_rico.GameBoardGUI.java" Intrnl_Id="682">
<BasicBoolTerm Intrnl_Id="683">
<LocList>
<Loc EndOffset="11905" SrcFileId="8" StartOffset="11874"/>
</LocList>
</BasicBoolTerm>
</RootTerm>
</CondStmnt>
</StmntSeq>
</Branch>
<Keyword EndOffset="11602" SrcFileId="8" StartOffset="11600"/>
<LocList>
<Loc EndOffset="13740" SrcFileId="8" StartOffset="11600"/>
</LocList>
<RootTerm CovItemId="C23" CovItemPrefix="csse376_puerto_rico.GameBoardGUI.java" Intrnl_Id="684">
<BasicBoolTerm Intrnl_Id="685">
<LocList>
<Loc EndOffset="11637" SrcFileId="8" StartOffset="11603"/>
</LocList>
</BasicBoolTerm>
</RootTerm>
</CondStmnt>
</StmntSeq>
</Branch>
<Keyword EndOffset="10779" SrcFileId="8" StartOffset="10777"/>
<LocList>
<Loc EndOffset="13740" SrcFileId="8" StartOffset="10777"/>
</LocList>
<RootTerm CovItemId="C20" CovItemPrefix="csse376_puerto_rico.GameBoardGUI.java" Intrnl_Id="686">
<BasicBoolTerm Intrnl_Id="687">
<LocList>
<Loc EndOffset="10812" SrcFileId="8" StartOffset="10780"/>
</LocList>
</BasicBoolTerm>
</RootTerm>
</CondStmnt>
</StmntSeq>
</Branch>
<Keyword EndOffset="9927" SrcFileId="8" StartOffset="9925"/>
<LocList>
<Loc EndOffset="13740" SrcFileId="8" StartOffset="9925"/>
</LocList>
<RootTerm CovItemId="C17" CovItemPrefix="csse376_puerto_rico.GameBoardGUI.java" Intrnl_Id="688">
<BasicBoolTerm Intrnl_Id="689">
<LocList>
<Loc EndOffset="9961" SrcFileId="8" StartOffset="9929"/>
</LocList>
</BasicBoolTerm>
</RootTerm>
</CondStmnt>
</StmntSeq>
</Branch>
<Keyword EndOffset="7597" SrcFileId="8" StartOffset="7595"/>
<LocList>
<Loc EndOffset="13740" SrcFileId="8" StartOffset="7595"/>
</LocList>
<RootTerm CovItemId="C10" CovItemPrefix="csse376_puerto_rico.GameBoardGUI.java" Intrnl_Id="690">
<BasicBoolTerm Intrnl_Id="691">
<LocList>
<Loc EndOffset="7629" SrcFileId="8" StartOffset="7599"/>
</LocList>
</BasicBoolTerm>
</RootTerm>
</CondStmnt>
</StmntSeq>
</HierarchyLvl>
</HierarchyLvl>
<HierarchyLvl HierarchyLvlId="211" HierarchyLvlTypeId="14" Intrnl_Id="692" Name="ButtonHandler">
<Header>
<Loc EndOffset="224" SrcFileId="9" StartOffset="172"/>
</Header>
<LocList>
<Loc EndOffset="790" SrcFileId="9" StartOffset="172"/>
</LocList>
<HierarchyLvl HierarchyLvlId="209" HierarchyLvlTypeId="15" Intrnl_Id="693" Name="ButtonHandler">
<Header>
<Loc EndOffset="345" SrcFileId="9" StartOffset="292"/>
</Header>
<LocList>
<Loc EndOffset="402" SrcFileId="9" StartOffset="292"/>
</LocList>
<StmntSeq Intrnl_Id="694">
<LocList>
<Loc EndOffset="374" SrcFileId="9" StartOffset="351"/>
<Loc EndOffset="398" SrcFileId="9" StartOffset="378"/>
</LocList>
<BasicStmnt CovItemId="S1" CovItemPrefix="csse376_puerto_rico.ButtonHandler.java" Intrnl_Id="695">
<LocList>
<Loc EndOffset="374" SrcFileId="9" StartOffset="351"/>
</LocList>
</BasicStmnt>
<BasicStmnt CovItemId="S2" CovItemPrefix="csse376_puerto_rico.ButtonHandler.java" Intrnl_Id="696">
<LocList>
<Loc EndOffset="398" SrcFileId="9" StartOffset="378"/>
</LocList>
</BasicStmnt>
</StmntSeq>
</HierarchyLvl>
<HierarchyLvl HierarchyLvlId="210" HierarchyLvlTypeId="15" Intrnl_Id="697" Name="actionPerformed">
<Header>
<Loc EndOffset="462" SrcFileId="9" StartOffset="407"/>
</Header>
<LocList>
<Loc EndOffset="785" SrcFileId="9" StartOffset="407"/>
</LocList>
<StmntSeq Intrnl_Id="698">
<LocList>
<Loc EndOffset="506" SrcFileId="9" StartOffset="468"/>
<Loc EndOffset="781" SrcFileId="9" StartOffset="510"/>
</LocList>
<BasicStmnt CovItemId="S3" CovItemPrefix="csse376_puerto_rico.ButtonHandler.java" Intrnl_Id="699">
<LocList>
<Loc EndOffset="506" SrcFileId="9" StartOffset="468"/>
</LocList>
</BasicStmnt>
<CondStmnt CovItemId="S4" CovItemPrefix="csse376_puerto_rico.ButtonHandler.java" Intrnl_Id="700">
<Branch CovItemId="B1" CovItemPrefix="csse376_puerto_rico.ButtonHandler.java" Implct="false" Intrnl_Id="701">
<Cond/>
<LocList>
<Loc EndOffset="561" SrcFileId="9" StartOffset="535"/>
</LocList>
<StmntSeq Intrnl_Id="702">
<LocList>
<Loc EndOffset="556" SrcFileId="9" StartOffset="541"/>
</LocList>
<BasicStmnt CovItemId="S5" CovItemPrefix="csse376_puerto_rico.ButtonHandler.java" Intrnl_Id="703">
<LocList>
<Loc EndOffset="556" SrcFileId="9" StartOffset="541"/>
</LocList>
</BasicStmnt>
</StmntSeq>
</Branch>
<Branch CovItemId="B2" CovItemPrefix="csse376_puerto_rico.ButtonHandler.java" Implct="false" Intrnl_Id="704">
<Cond>
<Loc EndOffset="565" SrcFileId="9" StartOffset="561"/>
</Cond>
<LocList>
<Loc EndOffset="781" SrcFileId="9" StartOffset="566"/>
</LocList>
<StmntSeq Intrnl_Id="705">
<LocList>
<Loc EndOffset="781" SrcFileId="9" StartOffset="566"/>
</LocList>
<CondStmnt CovItemId="S6" CovItemPrefix="csse376_puerto_rico.ButtonHandler.java" Intrnl_Id="706">
<Branch CovItemId="B3" CovItemPrefix="csse376_puerto_rico.ButtonHandler.java" Implct="false" Intrnl_Id="707">
<Cond/>
<LocList>
<Loc EndOffset="646" SrcFileId="9" StartOffset="595"/>
</LocList>
<StmntSeq Intrnl_Id="708">
<LocList>
<Loc EndOffset="641" SrcFileId="9" StartOffset="601"/>
</LocList>
<BasicStmnt CovItemId="S7" CovItemPrefix="csse376_puerto_rico.ButtonHandler.java" Intrnl_Id="709">
<LocList>
<Loc EndOffset="641" SrcFileId="9" StartOffset="601"/>
</LocList>
</BasicStmnt>
</StmntSeq>
</Branch>
<Branch CovItemId="B4" CovItemPrefix="csse376_puerto_rico.ButtonHandler.java" Implct="false" Intrnl_Id="710">
<Cond>
<Loc EndOffset="650" SrcFileId="9" StartOffset="646"/>
</Cond>
<LocList>
<Loc EndOffset="781" SrcFileId="9" StartOffset="651"/>
</LocList>
<StmntSeq Intrnl_Id="711">
<LocList>
<Loc EndOffset="781" SrcFileId="9" StartOffset="651"/>
</LocList>
<CondStmnt CovItemId="S8" CovItemPrefix="csse376_puerto_rico.ButtonHandler.java" Intrnl_Id="712">
<Branch CovItemId="B5" CovItemPrefix="csse376_puerto_rico.ButtonHandler.java" Implct="false" Intrnl_Id="713">
<Cond/>
<LocList>
<Loc EndOffset="734" SrcFileId="9" StartOffset="677"/>
</LocList>
<StmntSeq Intrnl_Id="714">
<LocList>
<Loc EndOffset="729" SrcFileId="9" StartOffset="683"/>
</LocList>
<BasicStmnt CovItemId="S9" CovItemPrefix="csse376_puerto_rico.ButtonHandler.java" Intrnl_Id="715">
<LocList>
<Loc EndOffset="729" SrcFileId="9" StartOffset="683"/>
</LocList>
</BasicStmnt>
</StmntSeq>
</Branch>
<Branch CovItemId="B6" CovItemPrefix="csse376_puerto_rico.ButtonHandler.java" Implct="false" Intrnl_Id="716">
<Cond>
<Loc EndOffset="738" SrcFileId="9" StartOffset="734"/>
</Cond>
<LocList>
<Loc EndOffset="781" SrcFileId="9" StartOffset="739"/>
</LocList>
<StmntSeq Intrnl_Id="717">
<LocList>
<Loc EndOffset="781" SrcFileId="9" StartOffset="739"/>
</LocList>
<CondStmnt CovItemId="S10" CovItemPrefix="csse376_puerto_rico.ButtonHandler.java" Intrnl_Id="718">
<Branch CovItemId="B7" CovItemPrefix="csse376_puerto_rico.ButtonHandler.java" Implct="false" Intrnl_Id="719">
<Cond/>
<LocList>
<Loc EndOffset="781" SrcFileId="9" StartOffset="770"/>
</LocList>
<StmntSeq Intrnl_Id="720">
<LocList/>
</StmntSeq>
</Branch>
<Branch CovItemId="B8" CovItemPrefix="csse376_puerto_rico.ButtonHandler.java" Implct="true" Intrnl_Id="721">
<Cond/>
<LocList/>
<StmntSeq Intrnl_Id="722">
<LocList/>
</StmntSeq>
</Branch>
<Keyword EndOffset="741" SrcFileId="9" StartOffset="739"/>
<LocList>
<Loc EndOffset="781" SrcFileId="9" StartOffset="739"/>
</LocList>
<RootTerm CovItemId="C4" CovItemPrefix="csse376_puerto_rico.ButtonHandler.java" Intrnl_Id="723">
<BasicBoolTerm Intrnl_Id="724">
<LocList>
<Loc EndOffset="769" SrcFileId="9" StartOffset="742"/>
</LocList>
</BasicBoolTerm>
</RootTerm>
</CondStmnt>
</StmntSeq>
</Branch>
<Keyword EndOffset="653" SrcFileId="9" StartOffset="651"/>
<LocList>
<Loc EndOffset="781" SrcFileId="9" StartOffset="651"/>
</LocList>
<RootTerm CovItemId="C3" CovItemPrefix="csse376_puerto_rico.ButtonHandler.java" Intrnl_Id="725">
<BasicBoolTerm Intrnl_Id="726">
<LocList>
<Loc EndOffset="676" SrcFileId="9" StartOffset="654"/>
</LocList>
</BasicBoolTerm>
</RootTerm>
</CondStmnt>
</StmntSeq>
</Branch>
<Keyword EndOffset="568" SrcFileId="9" StartOffset="566"/>
<LocList>
<Loc EndOffset="781" SrcFileId="9" StartOffset="566"/>
</LocList>
<RootTerm CovItemId="C2" CovItemPrefix="csse376_puerto_rico.ButtonHandler.java" Intrnl_Id="727">
<BasicBoolTerm Intrnl_Id="728">
<LocList>
<Loc EndOffset="594" SrcFileId="9" StartOffset="569"/>
</LocList>
</BasicBoolTerm>
</RootTerm>
</CondStmnt>
</StmntSeq>
</Branch>
<Keyword EndOffset="512" SrcFileId="9" StartOffset="510"/>
<LocList>
<Loc EndOffset="781" SrcFileId="9" StartOffset="510"/>
</LocList>
<RootTerm CovItemId="C1" CovItemPrefix="csse376_puerto_rico.ButtonHandler.java" Intrnl_Id="729">
<BasicBoolTerm Intrnl_Id="730">
<LocList>
<Loc EndOffset="534" SrcFileId="9" StartOffset="513"/>
</LocList>
</BasicBoolTerm>
</RootTerm>
</CondStmnt>
</StmntSeq>
</HierarchyLvl>
</HierarchyLvl>
<HierarchyLvl HierarchyLvlId="217" HierarchyLvlTypeId="14" Intrnl_Id="731" Name="Buildings">
<Header>
<Loc EndOffset="135" SrcFileId="10" StartOffset="113"/>
</Header>
<LocList>
<Loc EndOffset="770" SrcFileId="10" StartOffset="113"/>
<Loc EndOffset="1287" SrcFileId="10" StartOffset="1284"/>
</LocList>
<StmntSeq Intrnl_Id="732">
<LocList>
<Loc EndOffset="420" SrcFileId="10" StartOffset="183"/>
</LocList>
<BasicStmnt CovItemId="S1" CovItemPrefix="csse376_puerto_rico.Buildings.java" Intrnl_Id="733">
<LocList>
<Loc EndOffset="420" SrcFileId="10" StartOffset="183"/>
</LocList>
</BasicStmnt>
</StmntSeq>
<HierarchyLvl HierarchyLvlId="212" HierarchyLvlTypeId="15" Intrnl_Id="734" Name="Buildings">
<Header>
<Loc EndOffset="443" SrcFileId="10" StartOffset="425"/>
</Header>
<LocList>
<Loc EndOffset="611" SrcFileId="10" StartOffset="425"/>
</LocList>
<StmntSeq Intrnl_Id="735">
<LocList>
<Loc EndOffset="487" SrcFileId="10" StartOffset="449"/>
<Loc EndOffset="605" SrcFileId="10" StartOffset="526"/>
</LocList>
<BasicStmnt CovItemId="S2" CovItemPrefix="csse376_puerto_rico.Buildings.java" Intrnl_Id="736">
<LocList>
<Loc EndOffset="487" SrcFileId="10" StartOffset="449"/>
</LocList>
</BasicStmnt>
<LoopStmnt CovItemId="S3" CovItemPrefix="csse376_puerto_rico.Buildings.java" Intrnl_Id="737" MltplExecId="L1-2" MltplExecPrefix="csse376_puerto_rico.Buildings.java" NvrExecId="L1-0" NvrExecPrefix="csse376_puerto_rico.Buildings.java" OnceExecutedId="L1-1" OnceExecutedPrefix="csse376_puerto_rico.Buildings.java" OptBodyExec="true">
<StmntSeq Intrnl_Id="738">
<LocList>
<Loc EndOffset="600" SrcFileId="10" StartOffset="566"/>
</LocList>
<BasicStmnt CovItemId="S4" CovItemPrefix="csse376_puerto_rico.Buildings.java" Intrnl_Id="739">
<LocList>
<Loc EndOffset="600" SrcFileId="10" StartOffset="566"/>
</LocList>
</BasicStmnt>
</StmntSeq>
<Keyword EndOffset="529" SrcFileId="10" StartOffset="526"/>
<LocList>
<Loc EndOffset="605" SrcFileId="10" StartOffset="526"/>
</LocList>
</LoopStmnt>
</StmntSeq>
</HierarchyLvl>
<HierarchyLvl HierarchyLvlId="213" HierarchyLvlTypeId="15" Intrnl_Id="740" Name="getBuildings">
<Header>
<Loc EndOffset="657" SrcFileId="10" StartOffset="616"/>
</Header>
<LocList>
<Loc EndOffset="686" SrcFileId="10" StartOffset="616"/>
</LocList>
<StmntSeq Intrnl_Id="741">
<LocList>
<Loc EndOffset="682" SrcFileId="10" StartOffset="665"/>
</LocList>
<BasicStmnt CovItemId="S5" CovItemPrefix="csse376_puerto_rico.Buildings.java" Intrnl_Id="742">
<LocList>
<Loc EndOffset="682" SrcFileId="10" StartOffset="665"/>
</LocList>
</BasicStmnt>
</StmntSeq>
</HierarchyLvl>
<HierarchyLvl HierarchyLvlId="214" HierarchyLvlTypeId="15" Intrnl_Id="743" Name="getBuildingNames">
<Header>
<Loc EndOffset="734" SrcFileId="10" StartOffset="691"/>
</Header>
<LocList>
<Loc EndOffset="765" SrcFileId="10" StartOffset="691"/>
</LocList>
<StmntSeq Intrnl_Id="744">
<LocList>
<Loc EndOffset="761" SrcFileId="10" StartOffset="740"/>
</LocList>
<BasicStmnt CovItemId="S6" CovItemPrefix="csse376_puerto_rico.Buildings.java" Intrnl_Id="745">
<LocList>
<Loc EndOffset="761" SrcFileId="10" StartOffset="740"/>
</LocList>
</BasicStmnt>
</StmntSeq>
</HierarchyLvl>
<HierarchyLvl HierarchyLvlId="216" HierarchyLvlTypeId="14" Intrnl_Id="746" Name="Building">
<Header>
<Loc EndOffset="798" SrcFileId="10" StartOffset="770"/>
</Header>
<LocList>
<Loc EndOffset="1284" SrcFileId="10" StartOffset="770"/>
</LocList>
<HierarchyLvl HierarchyLvlId="215" HierarchyLvlTypeId="15" Intrnl_Id="747" Name="Building">
<Header>
<Loc EndOffset="960" SrcFileId="10" StartOffset="932"/>
</Header>
<LocList>
<Loc EndOffset="1280" SrcFileId="10" StartOffset="932"/>
</LocList>
<StmntSeq Intrnl_Id="748">
<LocList>
<Loc EndOffset="984" SrcFileId="10" StartOffset="967"/>
<Loc EndOffset="1275" SrcFileId="10" StartOffset="989"/>
</LocList>
<BasicStmnt CovItemId="S7" CovItemPrefix="csse376_puerto_rico.Buildings.java" Intrnl_Id="749">
<LocList>
<Loc EndOffset="984" SrcFileId="10" StartOffset="967"/>
</LocList>
</BasicStmnt>
<CondStmnt CovItemId="S8" CovItemPrefix="csse376_puerto_rico.Buildings.java" Intrnl_Id="750">
<Branch CovItemId="B1" CovItemPrefix="csse376_puerto_rico.Buildings.java" Implct="false" Intrnl_Id="751">
<Cond>
<Loc EndOffset="1034" SrcFileId="10" StartOffset="1009"/>
</Cond>
<LocList>
<Loc EndOffset="1128" SrcFileId="10" StartOffset="1041"/>
</LocList>
<StmntSeq Intrnl_Id="752">
<LocList>
<Loc EndOffset="1050" SrcFileId="10" StartOffset="1041"/>
<Loc EndOffset="1067" SrcFileId="10" StartOffset="1056"/>
<Loc EndOffset="1090" SrcFileId="10" StartOffset="1073"/>
<Loc EndOffset="1116" SrcFileId="10" StartOffset="1096"/>
<Loc EndOffset="1128" SrcFileId="10" StartOffset="1122"/>
</LocList>
<BasicStmnt CovItemId="S9" CovItemPrefix="csse376_puerto_rico.Buildings.java" Intrnl_Id="753">
<LocList>
<Loc EndOffset="1050" SrcFileId="10" StartOffset="1041"/>
</LocList>
</BasicStmnt>
<BasicStmnt CovItemId="S10" CovItemPrefix="csse376_puerto_rico.Buildings.java" Intrnl_Id="754">
<LocList>
<Loc EndOffset="1067" SrcFileId="10" StartOffset="1056"/>
</LocList>
</BasicStmnt>
<BasicStmnt CovItemId="S11" CovItemPrefix="csse376_puerto_rico.Buildings.java" Intrnl_Id="755">
<LocList>
<Loc EndOffset="1090" SrcFileId="10" StartOffset="1073"/>
</LocList>
</BasicStmnt>
<BasicStmnt CovItemId="S12" CovItemPrefix="csse376_puerto_rico.Buildings.java" Intrnl_Id="756">
<LocList>
<Loc EndOffset="1116" SrcFileId="10" StartOffset="1096"/>
</LocList>
</BasicStmnt>
<BasicStmnt CovItemId="S13" CovItemPrefix="csse376_puerto_rico.Buildings.java" Intrnl_Id="757">
<LocList>
<Loc EndOffset="1128" SrcFileId="10" StartOffset="1122"/>
</LocList>
</BasicStmnt>
</StmntSeq>
</Branch>
<Branch CovItemId="B2" CovItemPrefix="csse376_puerto_rico.Buildings.java" Implct="false" Intrnl_Id="758">
<Cond>
<Loc EndOffset="1187" SrcFileId="10" StartOffset="1180"/>
</Cond>
<LocList>
<Loc EndOffset="1269" SrcFileId="10" StartOffset="1194"/>
</LocList>
<StmntSeq Intrnl_Id="759">
<LocList>
<Loc EndOffset="1203" SrcFileId="10" StartOffset="1194"/>
<Loc EndOffset="1220" SrcFileId="10" StartOffset="1209"/>
<Loc EndOffset="1243" SrcFileId="10" StartOffset="1226"/>
<Loc EndOffset="1269" SrcFileId="10" StartOffset="1249"/>
</LocList>
<BasicStmnt CovItemId="S14" CovItemPrefix="csse376_puerto_rico.Buildings.java" Intrnl_Id="760">
<LocList>
<Loc EndOffset="1203" SrcFileId="10" StartOffset="1194"/>
</LocList>
</BasicStmnt>
<BasicStmnt CovItemId="S15" CovItemPrefix="csse376_puerto_rico.Buildings.java" Intrnl_Id="761">
<LocList>
<Loc EndOffset="1220" SrcFileId="10" StartOffset="1209"/>
</LocList>
</BasicStmnt>
<BasicStmnt CovItemId="S16" CovItemPrefix="csse376_puerto_rico.Buildings.java" Intrnl_Id="762">
<LocList>
<Loc EndOffset="1243" SrcFileId="10" StartOffset="1226"/>
</LocList>
</BasicStmnt>
<BasicStmnt CovItemId="S17" CovItemPrefix="csse376_puerto_rico.Buildings.java" Intrnl_Id="763">
<LocList>
<Loc EndOffset="1269" SrcFileId="10" StartOffset="1249"/>
</LocList>
</BasicStmnt>
</StmntSeq>
</Branch>
<Keyword EndOffset="995" SrcFileId="10" StartOffset="989"/>
<LocList>
<Loc EndOffset="1275" SrcFileId="10" StartOffset="989"/>
</LocList>
</CondStmnt>
</StmntSeq>
</HierarchyLvl>
</HierarchyLvl>
</HierarchyLvl>
</HierarchyLvl>
</HierarchyLvl>
</MASTRoot>
<TestSession Comment="" Date="1431104640928" Name="May 8, 2015 1:04:00 PM">
<TestCase Comment="This is a test case containing all coverage results cause no startTestCase methods where captured." Date="1431104640490" Name="UNNAMED TESTCASE">
<CovList>
<CovPrefix CovItemPrefix="csse376_puerto_rico.Buildings.java">
<Cov CovItemId="B1" Value="4"/>
<Cov CovItemId="B2" Value="33"/>
<Cov CovItemId="L1-2" Value="4"/>
<Cov CovItemId="S1" Value="4"/>
<Cov CovItemId="S10" Value="4"/>
<Cov CovItemId="S11" Value="4"/>
<Cov CovItemId="S12" Value="4"/>
<Cov CovItemId="S13" Value="4"/>
<Cov CovItemId="S14" Value="33"/>
<Cov CovItemId="S15" Value="33"/>
<Cov CovItemId="S16" Value="33"/>
<Cov CovItemId="S17" Value="33"/>
<Cov CovItemId="S2" Value="4"/>
<Cov CovItemId="S3" Value="4"/>
<Cov CovItemId="S4" Value="36"/>
<Cov CovItemId="S5" Value="2"/>
<Cov CovItemId="S6" Value="1"/>
<Cov CovItemId="S7" Value="37"/>
<Cov CovItemId="S8" Value="37"/>
<Cov CovItemId="S9" Value="4"/>
</CovPrefix>
<CovPrefix CovItemPrefix="csse376_puerto_rico.GameBoardGUI.java">
<Cov CovItemId="B3" Value="8"/>
<Cov CovItemId="B4" Value="22"/>
<Cov CovItemId="B5" Value="1"/>
<Cov CovItemId="B6" Value="1"/>
<Cov CovItemId="L1-0" Value="11"/>
<Cov CovItemId="L2-0" Value="11"/>
<Cov CovItemId="L2-2" Value="8"/>
<Cov CovItemId="L3-0" Value="19"/>
<Cov CovItemId="S1" Value="4"/>
<Cov CovItemId="S10" Value="11"/>
<Cov CovItemId="S11" Value="11"/>
<Cov CovItemId="S12" Value="11"/>
<Cov CovItemId="S13" Value="11"/>
<Cov CovItemId="S14" Value="11"/>
<Cov CovItemId="S15" Value="11"/>
<Cov CovItemId="S16" Value="11"/>
<Cov CovItemId="S17" Value="11"/>
<Cov CovItemId="S18" Value="11"/>
<Cov CovItemId="S2" Value="4"/>
<Cov CovItemId="S22" Value="11"/>
<Cov CovItemId="S23" Value="11"/>
<Cov CovItemId="S24" Value="19"/>
<Cov CovItemId="S25" Value="19"/>
<Cov CovItemId="S26" Value="19"/>
<Cov CovItemId="S27" Value="19"/>
<Cov CovItemId="S28" Value="19"/>
<Cov CovItemId="S29" Value="19"/>
<Cov CovItemId="S3" Value="4"/>
<Cov CovItemId="S30" Value="19"/>
<Cov CovItemId="S31" Value="19"/>
<Cov CovItemId="S32" Value="19"/>
<Cov CovItemId="S33" Value="19"/>
<Cov CovItemId="S34" Value="19"/>
<Cov CovItemId="S4" Value="4"/>
<Cov CovItemId="S43" Value="19"/>
<Cov CovItemId="S44" Value="19"/>
<Cov CovItemId="S45" Value="19"/>
<Cov CovItemId="S46" Value="19"/>
<Cov CovItemId="S47" Value="19"/>
<Cov CovItemId="S48" Value="19"/>
<Cov CovItemId="S49" Value="19"/>
<Cov CovItemId="S5" Value="4"/>
<Cov CovItemId="S50" Value="19"/>
<Cov CovItemId="S51" Value="19"/>
<Cov CovItemId="S52" Value="19"/>
<Cov CovItemId="S53" Value="19"/>
<Cov CovItemId="S54" Value="19"/>
<Cov CovItemId="S55" Value="19"/>
<Cov CovItemId="S56" Value="30"/>
<Cov CovItemId="S57" Value="30"/>
<Cov CovItemId="S58" Value="8"/>
<Cov CovItemId="S59" Value="30"/>
<Cov CovItemId="S6" Value="11"/>
<Cov CovItemId="S60" Value="30"/>
<Cov CovItemId="S61" Value="30"/>
<Cov CovItemId="S62" Value="30"/>
<Cov CovItemId="S63" Value="30"/>
<Cov CovItemId="S64" Value="30"/>
<Cov CovItemId="S65" Value="30"/>
<Cov CovItemId="S66" Value="19"/>
<Cov CovItemId="S67" Value="19"/>
<Cov CovItemId="S68" Value="19"/>
<Cov CovItemId="S69" Value="19"/>
<Cov CovItemId="S7" Value="11"/>
<Cov CovItemId="S70" Value="19"/>
<Cov CovItemId="S71" Value="19"/>
<Cov CovItemId="S72" Value="2"/>
<Cov CovItemId="S74" Value="2"/>
<Cov CovItemId="S75" Value="2"/>
<Cov CovItemId="S76" Value="1"/>
<Cov CovItemId="S77" Value="1"/>
<Cov CovItemId="S78" Value="2"/>
<Cov CovItemId="S79" Value="19"/>
<Cov CovItemId="S8" Value="11"/>
<Cov CovItemId="S80" Value="19"/>
<Cov CovItemId="S9" Value="11"/>
<Cov CovItemId="S95" Value="20"/>
<Cov CovItemId="S96" Value="1"/>
</CovPrefix>
<CovPrefix CovItemPrefix="csse376_puerto_rico.GoodsButton.java">
<Cov CovItemId="S1" Value="95"/>
<Cov CovItemId="S12" Value="95"/>
<Cov CovItemId="S2" Value="95"/>
<Cov CovItemId="S3" Value="95"/>
<Cov CovItemId="S4" Value="95"/>
<Cov CovItemId="S5" Value="95"/>
<Cov CovItemId="S6" Value="95"/>
</CovPrefix>
<CovPrefix CovItemPrefix="csse376_puerto_rico.Player.java">
<Cov CovItemId="B2" Value="50"/>
<Cov CovItemId="B4" Value="6"/>
<Cov CovItemId="L1-2" Value="67"/>
<Cov CovItemId="L2-2" Value="15"/>
<Cov CovItemId="L3-0" Value="30"/>
<Cov CovItemId="L3-1" Value="1"/>
<Cov CovItemId="L4-0" Value="6"/>
<Cov CovItemId="L5-0" Value="6"/>
<Cov CovItemId="L6-0" Value="1"/>
<Cov CovItemId="L6-1" Value="6"/>
<Cov CovItemId="L6-2" Value="1"/>
<Cov CovItemId="L7-1" Value="6"/>
<Cov CovItemId="S1" Value="82"/>
<Cov CovItemId="S10" Value="67"/>
<Cov CovItemId="S11" Value="67"/>
<Cov CovItemId="S12" Value="67"/>
<Cov CovItemId="S13" Value="335"/>
<Cov CovItemId="S14" Value="15"/>
<Cov CovItemId="S15" Value="15"/>
<Cov CovItemId="S16" Value="15"/>
<Cov CovItemId="S17" Value="15"/>
<Cov CovItemId="S18" Value="15"/>
<Cov CovItemId="S19" Value="75"/>
<Cov CovItemId="S2" Value="82"/>
<Cov CovItemId="S20" Value="31"/>
<Cov CovItemId="S21" Value="1"/>
<Cov CovItemId="S22" Value="8"/>
<Cov CovItemId="S23" Value="24"/>
<Cov CovItemId="S24" Value="36"/>
<Cov CovItemId="S25" Value="2"/>
<Cov CovItemId="S26" Value="31"/>
<Cov CovItemId="S27" Value="4"/>
<Cov CovItemId="S28" Value="2"/>
<Cov CovItemId="S29" Value="2"/>
<Cov CovItemId="S3" Value="14"/>
<Cov CovItemId="S30" Value="1"/>
<Cov CovItemId="S31" Value="1"/>
<Cov CovItemId="S32" Value="31"/>
<Cov CovItemId="S33" Value="31"/>
<Cov CovItemId="S34" Value="1"/>
<Cov CovItemId="S35" Value="31"/>
<Cov CovItemId="S37" Value="7"/>
<Cov CovItemId="S38" Value="7"/>
<Cov CovItemId="S39" Value="7"/>
<Cov CovItemId="S4" Value="14"/>
<Cov CovItemId="S40" Value="7"/>
<Cov CovItemId="S41" Value="7"/>
<Cov CovItemId="S42" Value="7"/>
<Cov CovItemId="S43" Value="7"/>
<Cov CovItemId="S44" Value="7"/>
<Cov CovItemId="S45" Value="50"/>
<Cov CovItemId="S47" Value="50"/>
<Cov CovItemId="S48" Value="82"/>
<Cov CovItemId="S49" Value="82"/>
<Cov CovItemId="S5" Value="82"/>
<Cov CovItemId="S50" Value="82"/>
<Cov CovItemId="S51" Value="16"/>
<Cov CovItemId="S52" Value="6"/>
<Cov CovItemId="S53" Value="6"/>
<Cov CovItemId="S54" Value="6"/>
<Cov CovItemId="S55" Value="6"/>
<Cov CovItemId="S56" Value="6"/>
<Cov CovItemId="S58" Value="6"/>
<Cov CovItemId="S6" Value="82"/>
<Cov CovItemId="S60" Value="6"/>
<Cov CovItemId="S62" Value="6"/>
<Cov CovItemId="S63" Value="6"/>
<Cov CovItemId="S65" Value="15"/>
<Cov CovItemId="S66" Value="8"/>
<Cov CovItemId="S67" Value="8"/>
<Cov CovItemId="S68" Value="8"/>
<Cov CovItemId="S69" Value="8"/>
<Cov CovItemId="S7" Value="1"/>
<Cov CovItemId="S70" Value="6"/>
<Cov CovItemId="S71" Value="6"/>
<Cov CovItemId="S8" Value="67"/>
<Cov CovItemId="S9" Value="67"/>
</CovPrefix>
<CovPrefix CovItemPrefix="csse376_puerto_rico.PlayerRoles.java">
<Cov CovItemId="S1" Value="1"/>
<Cov CovItemId="S10" Value="2"/>
<Cov CovItemId="S11" Value="2"/>
<Cov CovItemId="S12" Value="2"/>
<Cov CovItemId="S13" Value="2"/>
<Cov CovItemId="S14" Value="2"/>
<Cov CovItemId="S15" Value="2"/>
<Cov CovItemId="S16" Value="2"/>
<Cov CovItemId="S2" Value="1"/>
<Cov CovItemId="S3" Value="1"/>
<Cov CovItemId="S4" Value="1"/>
<Cov CovItemId="S5" Value="1"/>
<Cov CovItemId="S6" Value="1"/>
<Cov CovItemId="S7" Value="1"/>
<Cov CovItemId="S8" Value="2"/>
<Cov CovItemId="S9" Value="2"/>
</CovPrefix>
</CovList>
<AssgnmntList>
<AssgnmntPrefix RootTermCovItemPrefix="csse376_puerto_rico.GameBoardGUI.java">
<AssgnmntListEntry Length="1" RootTermCovItemId="C1">
<MapEntry BoolAssgnmnt="0" Value="11"/>
</AssgnmntListEntry>
<AssgnmntListEntry Length="1" RootTermCovItemId="C3">
<MapEntry BoolAssgnmnt="0" Value="19"/>
<MapEntry BoolAssgnmnt="1" Value="30"/>
</AssgnmntListEntry>
<AssgnmntListEntry Length="1" RootTermCovItemId="C4">
<MapEntry BoolAssgnmnt="0" Value="22"/>
<MapEntry BoolAssgnmnt="1" Value="8"/>
</AssgnmntListEntry>
<AssgnmntListEntry Length="1" RootTermCovItemId="C5">
<MapEntry BoolAssgnmnt="0" Value="1"/>
<MapEntry BoolAssgnmnt="1" Value="1"/>
</AssgnmntListEntry>
<AssgnmntListEntry Length="1" RootTermCovItemId="C6">
<MapEntry BoolAssgnmnt="1" Value="19"/>
</AssgnmntListEntry>
</AssgnmntPrefix>
<AssgnmntPrefix RootTermCovItemPrefix="csse376_puerto_rico.Player.java">
<AssgnmntListEntry Length="1" RootTermCovItemId="C1">
<MapEntry BoolAssgnmnt="0" Value="50"/>
</AssgnmntListEntry>
<AssgnmntListEntry Length="1" RootTermCovItemId="C2">
<MapEntry BoolAssgnmnt="0" Value="6"/>
</AssgnmntListEntry>
<AssgnmntListEntry Length="1" RootTermCovItemId="C3">
<MapEntry BoolAssgnmnt="0" Value="6"/>
</AssgnmntListEntry>
<AssgnmntListEntry Length="1" RootTermCovItemId="C4">
<MapEntry BoolAssgnmnt="0" Value="6"/>
</AssgnmntListEntry>
</AssgnmntPrefix>
</AssgnmntList>
<ObjMetaDataList/>
<MetaDataList/>
</TestCase>
<MetaDataList/>
</TestSession>
</TestSessionContainer>
