<?xml version="1.0" encoding="UTF-8"?><TestSessionContainer xmlns="http://www.codecover.org/xml/testsession-container" Date="1431704288515" TestSessionContainerId="d3b78db4-0403-4c63-9bf7-920408d7135f" version="1.0">
<SrcFileList>
<SrcFile Content="package csse376_puerto_rico;&#10;&#10;import java.awt.Color;&#10;&#10;import javax.swing.ButtonGroup;&#10;import javax.swing.JButton;&#10;import javax.swing.JFrame;&#10;import javax.swing.JPanel;&#10;import javax.swing.JRadioButton;&#10;&#10;public class StartUpGameBoardGUI {&#10;&#10;&#9;private JFrame mainframe;&#10;&#10;&#9;public StartUpGameBoardGUI(JFrame frame) {&#10;&#9;&#9;this.mainframe = frame;&#10;&#9;&#9;this.mainframe.getContentPane().removeAll();&#10;&#9;&#9;this.mainframe.getContentPane().revalidate();&#10;&#9;&#9;this.mainframe.setBackground(Color.BLACK);&#10;&#9;&#9;this.mainframe.setTitle(&quot;Choose Players&quot;);&#10;&#10;&#9;&#9;JPanel mainPanel = new JPanel();&#10;&#9;&#9;&#10;&#9;&#9;ButtonGroup group = new ButtonGroup();&#10;&#9;&#9;JRadioButton rb3 = new JRadioButton(&quot;3&quot;, true);&#10;&#9;&#9;JRadioButton rb4 = new JRadioButton(&quot;4&quot;, false);&#10;&#9;&#9;JRadioButton rb5 = new JRadioButton(&quot;5&quot;, false);&#10;&#9;&#9;group.add(rb3);&#10;&#9;&#9;group.add(rb4);&#10;&#9;&#9;group.add(rb5);&#10;&#9;&#9;&#10;&#9;&#9;JButton startButton = new JButton(&quot;Start&quot;);&#10;&#9;&#9;startButton.addActionListener(new ButtonHandler(this.mainframe, group));&#10;&#9;&#9;&#10;&#9;&#9;mainPanel.add(rb3);&#10;&#9;&#9;mainPanel.add(rb4);&#10;&#9;&#9;mainPanel.add(rb5);&#10;&#9;&#9;mainPanel.add(startButton);&#10;&#9;&#9;&#10;&#9;&#9;this.mainframe.add(mainPanel);&#10;&#9;}&#10;&#10;}&#10;" Filename="StartUpGameBoardGUI.java" Intrnl_Id="1"/>
<SrcFile Content="package csse376_puerto_rico;&#13;&#10;&#13;&#10;import java.util.ArrayList;&#13;&#10;import java.util.List;&#13;&#10;&#13;&#10;/**&#13;&#10; * List of roles&#13;&#10; *&#13;&#10; * @author songm. Created Apr 22, 2015.&#13;&#10; */&#13;&#10;public class PlayerRoles {&#13;&#10;&#9;public static final String Settler = &quot;Settler&quot;;&#13;&#10;&#9;public static final String Builder = &quot;Builder&quot;;&#13;&#10;&#9;public static final String Craftsman = &quot;Craftsman&quot;;&#13;&#10;&#9;public static final String Trader = &quot;Trader&quot;;&#13;&#10;&#9;public static final String Captain = &quot;Captain&quot;;&#13;&#10;&#9;public static final String Prospector = &quot;Prospector&quot;;&#13;&#10;&#9;public static final String Mayor = &quot;Mayor&quot;;&#13;&#10;&#13;&#10;&#9;private PlayerRoles() {&#13;&#10;&#9;&#9;// null constructor&#13;&#10;&#9;}&#13;&#10;&#13;&#10;&#9;public static List&lt;String&gt; getValues() {&#13;&#10;&#9;&#9;List&lt;String&gt; rtn = new ArrayList&lt;String&gt;();&#13;&#10;&#13;&#10;&#9;&#9;rtn.add(Settler);&#13;&#10;&#9;&#9;rtn.add(Builder);&#13;&#10;&#9;&#9;rtn.add(Craftsman);&#13;&#10;&#9;&#9;rtn.add(Trader);&#13;&#10;&#9;&#9;rtn.add(Captain);&#13;&#10;&#9;&#9;rtn.add(Prospector);&#13;&#10;&#9;&#9;rtn.add(Mayor);&#13;&#10;&#13;&#10;&#9;&#9;return rtn;&#13;&#10;&#9;}&#13;&#10;}&#13;&#10;" Filename="PlayerRoles.java" Intrnl_Id="2"/>
<SrcFile Content="package csse376_puerto_rico;&#13;&#10;&#13;&#10;import java.util.ArrayList;&#13;&#10;import java.util.Arrays;&#13;&#10;import java.util.HashMap;&#13;&#10;import java.util.List;&#13;&#10;&#13;&#10;import javax.swing.JTextArea;&#13;&#10;&#13;&#10;import csse376_puerto_rico.Buildings.Building;&#13;&#10;&#13;&#10;public class Player {&#13;&#10;&#13;&#10;&#9;private int pNum;&#13;&#10;&#9;private int doubloons;&#13;&#10;&#9;private String role;&#13;&#10;&#9;private JTextArea hud;&#13;&#10;&#9;public boolean isTurn;&#13;&#10;&#9;public boolean isGovernor;&#13;&#10;&#9;private int points = 0;&#13;&#10;&#13;&#10;&#9;private ArrayList&lt;Building&gt; buildings = new ArrayList&lt;Building&gt;();&#13;&#10;&#13;&#10;&#9;public static class Good {&#13;&#10;&#9;&#9;public static final String COFFEE = &quot;Coffee&quot;;&#13;&#10;&#9;&#9;public static final String TOBACCO = &quot;Tobacco&quot;;&#13;&#10;&#9;&#9;public static final String CORN = &quot;Corn&quot;;&#13;&#10;&#9;&#9;public static final String SUGAR = &quot;Sugar&quot;;&#13;&#10;&#9;&#9;public static final String INDIGO = &quot;Indigo&quot;;&#13;&#10;&#9;}&#13;&#10;&#13;&#10;&#9;public static class Plantation {&#13;&#10;&#9;&#9;public String good;&#13;&#10;&#9;&#9;public boolean hasWorker;&#13;&#10;&#13;&#10;&#9;&#9;public Plantation(String good, boolean hasWorker) {&#13;&#10;&#9;&#9;&#9;this.good = good;&#13;&#10;&#9;&#9;&#9;this.hasWorker = hasWorker;&#13;&#10;&#9;&#9;}&#13;&#10;&#9;}&#13;&#10;&#13;&#10;&#9;private ArrayList&lt;Plantation&gt; plantations = new ArrayList&lt;Plantation&gt;();&#13;&#10;&#9;private HashMap&lt;String, Integer&gt; goods = new HashMap&lt;String, Integer&gt;();&#13;&#10;&#9;private static List&lt;String&gt; roles = PlayerRoles.getValues();&#13;&#10;&#13;&#10;&#9;// For Testing purposes, null player&#13;&#10;&#9;public Player() {&#13;&#10;&#9;&#9;this.doubloons = 0;&#13;&#10;&#9;&#9;this.pNum = 0;&#13;&#10;&#9;&#9;this.role = &quot;&quot;;&#13;&#10;&#9;&#9;this.isGovernor = false;&#13;&#10;&#9;&#9;this.hud = new JTextArea();&#13;&#10;&#9;&#9;for (String s : this.getAllGoods()) {&#13;&#10;&#9;&#9;&#9;this.goods.put(s, 0);&#13;&#10;&#9;&#9;}&#13;&#10;&#9;}&#13;&#10;&#13;&#10;&#9;public Player(String role) {&#13;&#10;&#9;&#9;this.role = role;&#13;&#10;&#9;&#9;this.doubloons = 0;&#13;&#10;&#9;&#9;this.isGovernor = false;&#13;&#10;&#9;&#9;this.isTurn = false;&#13;&#10;&#9;&#9;this.hud = null;&#13;&#10;&#9;&#9;for (String s : this.getAllGoods()) {&#13;&#10;&#9;&#9;&#9;this.goods.put(s, 0);&#13;&#10;&#9;&#9;}&#13;&#10;&#9;}&#13;&#10;&#13;&#10;&#9;public void setPlayerNum(int i) {&#13;&#10;&#9;&#9;this.pNum = i;&#13;&#10;&#13;&#10;&#9;}&#13;&#10;&#13;&#10;&#9;public int getPlayerNum() {&#13;&#10;&#9;&#9;return this.pNum;&#13;&#10;&#9;}&#13;&#10;&#13;&#10;&#9;public String getRole() {&#13;&#10;&#9;&#9;return this.role;&#13;&#10;&#9;}&#13;&#10;&#13;&#10;&#9;public static List&lt;String&gt; getRoles() {&#13;&#10;&#13;&#10;&#9;&#9;return roles;&#13;&#10;&#9;}&#13;&#10;&#13;&#10;&#9;public int getPoints() {&#13;&#10;&#9;&#9;return points;&#13;&#10;&#9;}&#13;&#10;&#13;&#10;&#9;public JTextArea getHUD() {&#13;&#10;&#9;&#9;return this.hud;&#13;&#10;&#9;}&#13;&#10;&#13;&#10;&#9;public void setHUD(JTextArea hud) {&#13;&#10;&#9;&#9;this.hud = hud;&#13;&#10;&#9;}&#13;&#10;&#13;&#10;&#9;public boolean isGovernor() {&#13;&#10;&#9;&#9;return isGovernor;&#13;&#10;&#9;}&#13;&#10;&#13;&#10;&#9;public void addPoints(int addition) {&#13;&#10;&#9;&#9;this.points = this.points + addition;&#13;&#10;&#9;}&#13;&#10;&#13;&#10;&#9;// Test method&#13;&#10;&#9;public void setPoints(int points) {&#13;&#10;&#9;&#9;// This method is strictly for setting points&#13;&#10;&#9;&#9;this.points = points;&#13;&#10;&#9;}&#13;&#10;&#13;&#10;&#9;public void setRole(String string) {&#13;&#10;&#9;&#9;this.role = string;&#13;&#10;&#9;}&#13;&#10;&#13;&#10;&#9;public void addBuilding(Building building) {&#13;&#10;&#9;&#9;buildings.add(building);&#13;&#10;&#9;}&#13;&#10;&#13;&#10;&#9;public ArrayList&lt;String&gt; getBuildingsStringList() {&#13;&#10;&#9;&#9;ArrayList&lt;String&gt; rtn = new ArrayList&lt;String&gt;();&#13;&#10;&#9;&#9;for (Building b : this.buildings) {&#13;&#10;&#9;&#9;&#9;rtn.add(b.name);&#13;&#10;&#9;&#9;}&#13;&#10;&#9;&#9;return rtn;&#13;&#10;&#9;}&#13;&#10;&#13;&#10;&#9;public ArrayList&lt;Building&gt; getBuildings() {&#13;&#10;&#9;&#9;return this.buildings;&#13;&#10;&#9;}&#13;&#10;&#13;&#10;&#9;public List&lt;String&gt; getGoods() {&#13;&#10;&#9;&#9;//&#13;&#10;&#9;&#9;List&lt;String&gt; rtn = new ArrayList&lt;String&gt;();&#13;&#10;&#9;&#9;String coffee = &quot;Coffee: &quot;&#13;&#10;&#9;&#9;&#9;&#9;+ Integer.toString((getNumberOfGood(&quot;Coffee&quot;)));&#13;&#10;&#9;&#9;String tobacco = &quot;Tobacco: &quot;&#13;&#10;&#9;&#9;&#9;&#9;+ Integer.toString((getNumberOfGood(&quot;Tobacco&quot;)));&#13;&#10;&#9;&#9;String corn = &quot;Corn: &quot; + Integer.toString((getNumberOfGood(&quot;Corn&quot;)));&#13;&#10;&#9;&#9;String sugar = &quot;Sugar: &quot; + Integer.toString((getNumberOfGood(&quot;Sugar&quot;)));&#13;&#10;&#9;&#9;String indigo = &quot;Indigo: &quot;&#13;&#10;&#9;&#9;&#9;&#9;+ Integer.toString((getNumberOfGood(&quot;Indigo&quot;)));&#13;&#10;&#9;&#9;rtn.addAll(Arrays.asList(coffee, corn, tobacco, sugar, indigo));&#13;&#10;&#9;&#9;return rtn;&#13;&#10;&#9;}&#13;&#10;&#13;&#10;&#9;public int getNumberOfGood(String good) {&#13;&#10;&#9;&#9;// added case where there were no goods&#13;&#10;&#9;&#9;if (this.goods.get(good) == null) {&#13;&#10;&#9;&#9;&#9;return 0;&#13;&#10;&#9;&#9;}&#13;&#10;&#9;&#9;return this.goods.get(good);&#13;&#10;&#13;&#10;&#9;}&#13;&#10;&#13;&#10;&#9;public List&lt;String&gt; getAllGoods() {&#13;&#10;&#9;&#9;List&lt;String&gt; rtn = new ArrayList&lt;String&gt;();&#13;&#10;&#9;&#9;rtn.addAll(Arrays.asList(Good.COFFEE, Good.CORN, Good.INDIGO,&#13;&#10;&#9;&#9;&#9;&#9;Good.SUGAR, Good.TOBACCO));&#13;&#10;&#9;&#9;return rtn;&#13;&#10;&#9;}&#13;&#10;&#13;&#10;&#9;public void addGood(String good, int number) {&#13;&#10;&#9;&#9;// adds the number to the original&#13;&#10;&#9;&#9;this.goods.put(good, this.goods.get(good) + number);&#13;&#10;&#9;}&#13;&#10;&#13;&#10;&#9;@Override&#13;&#10;&#9;public String toString() {&#13;&#10;&#9;&#9;String rtn = &quot;&quot;;&#13;&#10;&#9;&#9;String buildingList = &quot;&quot;;&#13;&#10;&#9;&#9;String goodsList = this.getGoods().toString();&#13;&#10;&#9;&#9;String plantationList = &quot;&quot;;&#13;&#10;&#9;&#9;for (int i = 0; i &lt; this.buildings.size(); i++) {&#13;&#10;&#9;&#9;&#9;buildingList = buildingList + &quot; &quot; + this.buildings.get(i).name;&#13;&#10;&#9;&#9;}&#13;&#10;&#9;&#9;for (int i = 0; i &lt; this.plantations.size(); i++) {&#13;&#10;&#9;&#9;&#9;plantationList = plantationList + &quot; &quot; + this.plantations.get(i).good ;&#13;&#10;&#9;&#9;}&#13;&#10;&#9;&#9;if (isGovernor) {&#13;&#10;&#9;&#9;&#9;rtn = String&#13;&#10;&#9;&#9;&#9;&#9;&#9;.format(&quot;Player %d \nRole: %s \nScore: %d \nDoubloons: $d \nBuilding: %s \nPlantation: %s \nGoods: %s \nGovernor&quot;,&#13;&#10;&#9;&#9;&#9;&#9;&#9;&#9;&#9;pNum, role, points, doubloons, buildingList, plantationList,&#13;&#10;&#9;&#9;&#9;&#9;&#9;&#9;&#9;goodsList);&#13;&#10;&#9;&#9;} else {&#13;&#10;&#9;&#9;&#9;rtn = String&#13;&#10;&#9;&#9;&#9;&#9;&#9;.format(&quot;Player %d \nRole: %s \nScore: %d \nDoubloons: $d \nBuilding: %s \nPlantation: %s \nGoods: %s&quot;,&#13;&#10;&#9;&#9;&#9;&#9;&#9;&#9;&#9;pNum, role, points, doubloons, buildingList, plantationList,&#13;&#10;&#9;&#9;&#9;&#9;&#9;&#9;&#9;goodsList);&#13;&#10;&#9;&#9;}&#13;&#10;&#9;&#9;return rtn;&#13;&#10;&#9;}&#13;&#10;&#13;&#10;&#9;public void updatePlayerInfo() {&#13;&#10;&#9;&#9;this.hud.setText(this.toString());&#13;&#10;&#9;}&#13;&#10;&#13;&#10;&#9;public ArrayList&lt;Plantation&gt; getPlantations() {&#13;&#10;&#9;&#9;return this.plantations;&#13;&#10;&#9;}&#13;&#10;&#9;public void addPlantations(Plantation add) {&#13;&#10;&#9;&#9;this.plantations.add(add);&#13;&#10;&#9;}&#13;&#10;&#9;public ArrayList&lt;String&gt; getPlantationsStringList() {&#13;&#10;&#9;&#9;ArrayList&lt;String&gt; rtn = new ArrayList&lt;String&gt;();&#13;&#10;&#9;&#9;for (Plantation p : this.plantations) {&#13;&#10;&#9;&#9;&#9;rtn.add(p.good);&#13;&#10;&#9;&#9;}&#13;&#10;&#9;&#9;return rtn;&#13;&#10;&#9;}&#13;&#10;&#13;&#10;&#9;// Only used by the Craftsman: checks if the plantation has a worker and&#13;&#10;&#9;// adds one&#13;&#10;&#9;// to the respective good count&#13;&#10;&#9;public void checkPlantation() {&#13;&#10;&#9;&#9;for (Plantation p : this.plantations) {&#13;&#10;&#9;&#9;&#9;if (p.hasWorker) {&#13;&#10;&#9;&#9;&#9;&#9;// Building condition here&#13;&#10;&#9;&#9;&#9;&#9;this.addGood(p.good, 1);&#13;&#10;&#9;&#9;&#9;}&#13;&#10;&#9;&#9;}&#13;&#10;&#9;}&#13;&#10;&#9;&#13;&#10;&#9;public int getDoubloons()&#13;&#10;&#9;{&#13;&#10;&#9;&#9;return this.doubloons;&#13;&#10;&#9;}&#13;&#10;&#9;&#13;&#10;&#9;public void setDoubloons(int add)&#13;&#10;&#9;{&#13;&#10;&#9;&#9;this.doubloons = add;&#13;&#10;&#9;}&#13;&#10;&#13;&#10;}&#13;&#10;" Filename="Player.java" Intrnl_Id="3"/>
<SrcFile Content="package csse376_puerto_rico;&#13;&#10;&#13;&#10;import java.awt.event.ActionEvent;&#13;&#10;import java.awt.event.ActionListener;&#13;&#10;import java.util.ArrayList;&#13;&#10;import java.util.List;&#13;&#10;&#13;&#10;import javax.swing.JButton;&#13;&#10;&#13;&#10;public class NextMoveButton extends JButton &#13;&#10;{&#13;&#10;&#9;private List&lt;Player&gt; players;&#13;&#10;&#9;public NextMoveButton()&#13;&#10;&#9;{&#13;&#10;&#9;&#9;players = GameBoardGUI.players;&#13;&#10;&#9;&#9;final ArrayList&lt;Integer&gt; count = new ArrayList&lt;Integer&gt;();&#13;&#10;&#9;&#9;final Integer zero = 0;&#13;&#10;&#9;&#9;count.add(zero);&#13;&#10;&#9;&#9;this.addActionListener(new ActionListener() {&#13;&#10;&#9;&#9;&#9;&#13;&#10;&#9;&#9;&#9;@Override&#13;&#10;&#9;&#9;&#9;public void actionPerformed(ActionEvent e) {&#13;&#10;&#9;&#9;&#9;&#9;Integer newCount = count.get(0);&#13;&#10;&#9;&#9;&#9;&#9;newCount = newCount +1;&#13;&#10;&#9;&#9;&#9;&#9;count.remove(0);&#13;&#10;&#9;&#9;&#9;&#9;count.add(newCount);&#13;&#10;&#9;&#9;&#9;&#9;if(newCount &gt; 0 &amp;&amp; newCount % players.size() ==0)&#13;&#10;&#9;&#9;&#9;&#9;{&#13;&#10;&#9;&#9;&#9;&#9;&#9;Integer finalCount = newCount/players.size();&#13;&#10;&#9;&#9;&#9;&#9;&#9;setText(&quot;Turn &quot; +finalCount.toString());&#13;&#10;&#9;&#9;&#9;&#9;}&#13;&#10;&#9;&#9;&#9;&#9;&#13;&#10;&#9;&#9;&#9;&#9;makeMove();&#13;&#10;&#9;&#9;&#9;}&#13;&#10;&#9;&#9;});&#13;&#10;&#9;}&#13;&#10;&#9;public void makeMove()&#13;&#10;&#9;{&#13;&#10;&#9;&#9;//once you find the first true isTurn value, &#13;&#10;&#9;&#9;//you should set it off to mark that player's turn has ended&#13;&#10;&#9;&#9;//then you mark the next player's turn has started by turning its isTurn value as true&#13;&#10;&#9;&#9;//once these changes are made, this new players list replaces the mainboard's player's list&#13;&#10;&#9;&#9;for(int i=0;i&lt;players.size();i++)&#13;&#10;&#9;&#9;{&#13;&#10;&#9;&#9;&#9;if(players.get(i).isTurn)&#13;&#10;&#9;&#9;&#9;{&#13;&#10;&#9;&#9;&#9;&#9;players.get(i).isTurn = false;&#13;&#10;&#9;&#9;&#9;&#9;if(i == players.size()-1)&#13;&#10;&#9;&#9;&#9;&#9;{&#13;&#10;&#9;&#9;&#9;&#9;&#9;players.get(0).isTurn = true;&#13;&#10;&#9;&#9;&#9;&#9;}&#13;&#10;&#9;&#9;&#9;&#9;else&#13;&#10;&#9;&#9;&#9;&#9;{&#13;&#10;&#9;&#9;&#9;&#9;&#9;players.get(i+1).isTurn = true;&#13;&#10;&#9;&#9;&#9;&#9;}&#13;&#10;&#9;&#9;&#9;&#9;break;&#13;&#10;&#9;&#9;&#9;}&#13;&#10;&#9;&#9;}&#13;&#10;&#9;&#9;GameBoardGUI.players = players;&#13;&#10;&#9;}&#13;&#10;}&#13;&#10;&#13;&#10;&#9;&#13;&#10;&#13;&#10;" Filename="NextMoveButton.java" Intrnl_Id="4"/>
<SrcFile Content="package csse376_puerto_rico;&#13;&#10;&#13;&#10;import java.awt.BorderLayout;&#13;&#10;import java.awt.Image;&#13;&#10;&#13;&#10;import javax.swing.ImageIcon;&#13;&#10;import javax.swing.JButton;&#13;&#10;import javax.swing.JFrame;&#13;&#10;import javax.swing.JLabel;&#13;&#10;import javax.swing.JPanel;&#13;&#10;&#13;&#10;import net.miginfocom.swing.MigLayout;&#13;&#10;&#13;&#10;public class MenuGUI {&#13;&#10;&#9;/**&#13;&#10;     * Mainframe.&#13;&#10;     */&#13;&#10;     JFrame mainframe = new JFrame();&#13;&#10;     &#13;&#10;     /**&#13;&#10;     * Constructs the Menu.&#13;&#10;     * &#13;&#10;     */&#13;&#10;     public MenuGUI() {&#13;&#10;           this.mainframe.setTitle(&quot;Puerto Rico&quot;);&#13;&#10;           this.mainframe.setSize(1366, 800);&#13;&#10;           this.mainframe.setVisible(true);&#13;&#10;           this.mainframe.setDefaultCloseOperation(JFrame.EXIT_ON_CLOSE);&#13;&#10;//           this.mainframe.setResizable(false);&#13;&#10;//           MigLayout layout = new MigLayout();&#13;&#10;//   &#9;&#9;   this.mainframe.setLayout(layout);&#13;&#10;           &#13;&#10;           JPanel imgPanel = new JPanel();&#13;&#10;           JPanel buttonPanel = new JPanel();&#13;&#10;           &#13;&#10;           String imageLoc = &quot;puerto-ricosmall.jpg&quot;;&#13;&#10;           ImageIcon imageIcon = new ImageIcon(imageLoc);&#13;&#10;           &#13;&#10;           imgPanel.add(new JLabel(imageIcon));&#13;&#10;           &#13;&#10;           JButton newGame = new JButton(&quot;New Game&quot;);&#13;&#10;           newGame.addActionListener(new ButtonHandler(mainframe, null));&#13;&#10;           JButton quit = new JButton(&quot;Quit&quot;);&#13;&#10;           &#13;&#10;           buttonPanel.add(newGame);&#13;&#10;           buttonPanel.add(quit);&#13;&#10;           &#13;&#10;           this.mainframe.add(imgPanel, BorderLayout.NORTH);&#13;&#10;           this.mainframe.add(buttonPanel, BorderLayout.SOUTH);&#13;&#10;     }&#13;&#10;&#13;&#10;}&#13;&#10;" Filename="MenuGUI.java" Intrnl_Id="5"/>
<SrcFile Content="package csse376_puerto_rico;&#10;&#10;public class Main {&#10;&#9;/**&#10;&#9; * @param args&#10;&#9; * &#10;&#9; * &#10;&#9; */&#10;&#9;public static void main(String[] args) {&#10;&#9;&#9;new MenuGUI();&#10;&#9;}&#10;}&#10;" Filename="Main.java" Intrnl_Id="6"/>
<SrcFile Content="package csse376_puerto_rico;&#13;&#10;&#13;&#10;import java.awt.event.ActionEvent;&#13;&#10;import java.awt.event.ActionListener;&#13;&#10;import java.util.ArrayList;&#13;&#10;import java.util.List;&#13;&#10;&#13;&#10;import javax.swing.JButton;&#13;&#10;import javax.swing.JTextArea;&#13;&#10;&#13;&#10;public class GoodsButton extends JButton &#13;&#10;{&#13;&#10;&#9;private List&lt;Player&gt; players;&#13;&#10;&#9;private String goodsName;&#13;&#10;&#9;private JTextArea msgBar;&#13;&#10;&#9;private GameBoardGUI gbGUI;&#13;&#10;&#9;public GoodsButton(String good, GameBoardGUI gbg)&#13;&#10;&#9;{&#13;&#10;&#9;&#9;gbGUI = gbg;&#13;&#10;&#9;&#9;goodsName = good;&#13;&#10;&#9;&#9;setText(goodsName);&#13;&#10;&#9;&#9;players = gbg.players;&#13;&#10;&#9;&#9;msgBar = gbg.msgBar;&#13;&#10;&#9;&#9;this.addActionListener(new ActionListener() {&#13;&#10;&#9;&#9;&#9;&#13;&#10;&#9;&#9;&#9;@Override&#13;&#10;&#9;&#9;&#9;public void actionPerformed(ActionEvent e) &#13;&#10;&#9;&#9;&#9;{&#13;&#10;&#9;&#9;&#9;&#13;&#10;&#9;&#9;&#9;&#9;&#9;for(int i=0;i&lt;players.size();i++)&#13;&#10;&#9;&#9;&#9;&#9;&#9;{&#13;&#10;&#9;&#9;&#9;&#9;&#9;&#9;int playerNumber = i+1;&#13;&#10;&#9;&#9;&#9;&#9;&#9;&#9;System.out.println( &quot;Player &quot;+playerNumber+&quot;: &quot;+ players.get(i).getGoods());&#13;&#10;&#9;&#9;&#9;&#9;&#9;&#9;players.get(i).addGood(goodsName, 1);&#13;&#10;&#9;&#9;&#9;&#9;&#9;&#9;gbGUI.updateMsgBar(&quot;You pressed a button&quot;);&#13;&#10;&#9;&#9;&#9;&#9;&#9;}&#13;&#10;&#9;&#9;&#9;}&#13;&#10;&#9;&#9;});&#13;&#10;&#9;&#9;&#13;&#10;&#9;&#9;GameBoardGUI.players = players;&#13;&#10;&#9;}&#13;&#10;}&#13;&#10;" Filename="GoodsButton.java" Intrnl_Id="7"/>
<SrcFile Content="package csse376_puerto_rico;&#13;&#10;&#13;&#10;import java.util.ArrayList;&#13;&#10;import java.util.HashMap;&#13;&#10;import java.util.List;&#13;&#10;&#13;&#10;import csse376_puerto_rico.Buildings.Building;&#13;&#10;import csse376_puerto_rico.Player.Good;&#13;&#10;import csse376_puerto_rico.Player.Plantation;&#13;&#10;&#13;&#10;public class GameState {&#13;&#10;&#13;&#10;&#9;private HashMap&lt;String, Integer&gt; goods = new HashMap&lt;String, Integer&gt;();&#13;&#10;&#9;public int colonistsTotal;&#13;&#10;&#9;public int colonistsOnBoard;&#13;&#10;&#9;public int cargoship4 = 0;&#13;&#10;&#9;public String cargoship4Good;&#13;&#10;&#9;public int cargoship5 = 0;&#13;&#10;&#9;public String cargoship5Good;&#13;&#10;&#9;public int cargoship6 = 0;&#13;&#10;&#9;public String cargoship6Good;&#13;&#10;&#9;public boolean isGameEndState = false;&#13;&#10;&#9;public int doubloons;&#13;&#10;&#9;private int numOfPlayers;&#13;&#10;&#9;private List&lt;Player&gt; players;&#13;&#10;&#9;public int victoryPoints;&#13;&#10;&#13;&#10;&#9;public static final int ERROR = -99;&#13;&#10;&#13;&#10;&#9;public GameState() {&#13;&#10;&#13;&#10;&#9;&#9;// for testing purposes&#13;&#10;&#9;&#9;// goods&#13;&#10;&#9;&#9;goods.put(Player.Good.COFFEE, 0);&#13;&#10;&#9;&#9;goods.put(Player.Good.CORN, 0);&#13;&#10;&#9;&#9;goods.put(Player.Good.INDIGO, 0);&#13;&#10;&#9;&#9;goods.put(Player.Good.SUGAR, 0);&#13;&#10;&#9;&#9;goods.put(Player.Good.TOBACCO, 0);&#13;&#10;&#13;&#10;&#9;&#9;// colonists&#13;&#10;&#13;&#10;&#9;&#9;colonistsTotal = 0;&#13;&#10;&#9;&#9;colonistsOnBoard = 0;&#13;&#10;&#9;&#9;// ships&#13;&#10;&#13;&#10;&#9;&#9;// doubloons&#13;&#10;&#9;&#9;doubloons = 0;&#13;&#10;&#13;&#10;&#9;&#9;victoryPoints = 50;&#13;&#10;&#9;}&#13;&#10;&#13;&#10;&#9;public GameState(List&lt;Player&gt; players) {&#13;&#10;&#13;&#10;&#9;&#9;// game start state - Min&#13;&#10;&#13;&#10;&#9;&#9;for (Player p : players) {&#13;&#10;&#9;&#9;&#9;p.setDoubloons(players.size() - 1);&#13;&#10;&#9;&#9;}&#13;&#10;&#13;&#10;&#9;&#9;// goods&#13;&#10;&#9;&#9;goods.put(Player.Good.COFFEE, 9);&#13;&#10;&#9;&#9;goods.put(Player.Good.CORN, 10);&#13;&#10;&#9;&#9;goods.put(Player.Good.INDIGO, 11);&#13;&#10;&#9;&#9;goods.put(Player.Good.SUGAR, 11);&#13;&#10;&#9;&#9;goods.put(Player.Good.TOBACCO, 9);&#13;&#10;&#13;&#10;&#9;&#9;// colonists. victory points and plantations&#13;&#10;&#9;&#9;this.players = players;&#13;&#10;&#9;&#9;numOfPlayers = players.size();&#13;&#10;&#9;&#9;colonistsOnBoard = numOfPlayers;&#13;&#10;&#13;&#10;&#9;&#9;this.players.get(0).addPlantations(new Plantation(Good.INDIGO, false));&#13;&#10;&#9;&#9;this.players.get(1).addPlantations(new Plantation(Good.INDIGO, false));&#13;&#10;&#13;&#10;&#9;&#9;if (numOfPlayers == 3) {&#13;&#10;&#9;&#9;&#9;colonistsTotal = 55;&#13;&#10;&#9;&#9;&#9;victoryPoints = 75;&#13;&#10;&#9;&#9;&#9;this.players.get(2)&#13;&#10;&#9;&#9;&#9;&#9;&#9;.addPlantations(new Plantation(Good.CORN, false));&#13;&#10;&#9;&#9;} else if (numOfPlayers == 4) {&#13;&#10;&#9;&#9;&#9;colonistsTotal = 75;&#13;&#10;&#9;&#9;&#9;victoryPoints = 100;&#13;&#10;&#9;&#9;&#9;this.players.get(2)&#13;&#10;&#9;&#9;&#9;&#9;&#9;.addPlantations(new Plantation(Good.CORN, false));&#13;&#10;&#9;&#9;&#9;this.players.get(3)&#13;&#10;&#9;&#9;&#9;&#9;&#9;.addPlantations(new Plantation(Good.CORN, false));&#13;&#10;&#13;&#10;&#9;&#9;} else if (numOfPlayers == 5) {&#13;&#10;&#9;&#9;&#9;colonistsTotal = 95;&#13;&#10;&#9;&#9;&#9;victoryPoints = 122;&#13;&#10;&#9;&#9;&#9;this.players.get(2).addPlantations(&#13;&#10;&#9;&#9;&#9;&#9;&#9;new Plantation(Good.INDIGO, false));&#13;&#10;&#9;&#9;&#9;this.players.get(3)&#13;&#10;&#9;&#9;&#9;&#9;&#9;.addPlantations(new Plantation(Good.CORN, false));&#13;&#10;&#9;&#9;&#9;this.players.get(4)&#13;&#10;&#9;&#9;&#9;&#9;&#9;.addPlantations(new Plantation(Good.CORN, false));&#13;&#10;&#9;&#9;}&#13;&#10;&#9;&#9;// ships&#13;&#10;&#13;&#10;&#9;&#9;// doubloons&#13;&#10;&#9;&#9;doubloons = 54;&#13;&#10;&#13;&#10;&#9;}&#13;&#10;&#13;&#10;&#9;public int getGood(String good) {&#13;&#10;&#13;&#10;&#9;&#9;return goods.get(good);&#13;&#10;&#9;}&#13;&#10;&#13;&#10;&#9;public void addGood(String good) {&#13;&#10;&#13;&#10;&#9;&#9;goods.put(good, goods.get(good) + 1);&#13;&#10;&#9;}&#13;&#10;&#13;&#10;&#9;public int getColonistsOnBoard() {&#13;&#10;&#9;&#9;//&#13;&#10;&#9;&#9;return colonistsOnBoard;&#13;&#10;&#9;}&#13;&#10;&#13;&#10;&#9;public int getColonistsTotal() {&#13;&#10;&#9;&#9;//&#13;&#10;&#9;&#9;return colonistsTotal;&#13;&#10;&#9;}&#13;&#10;&#13;&#10;&#9;public void addColonistsToBoard() {&#13;&#10;&#9;&#9;/**&#13;&#10;&#9;&#9; * For each empty circle on the buildings on the player boards of all&#13;&#10;&#9;&#9; * players (empty circles on plantations and quarries do not count!),&#13;&#10;&#9;&#9; * the mayor takes one colonist from the colonist supply and places it&#13;&#10;&#9;&#9; * on the colonist ship. However, as a minimum, the mayor should always&#13;&#10;&#9;&#9; * place at least as many colonists on the ship as there are players in&#13;&#10;&#9;&#9; * the game.&#13;&#10;&#9;&#9; */&#13;&#10;&#9;&#9;int temp = 0;&#13;&#10;&#9;&#9;for (Player player : players) {&#13;&#10;&#9;&#9;&#9;for (Building b : player.getBuildings()) {&#13;&#10;&#9;&#9;&#9;&#9;temp += b.numberOfJobs - b.numberOfWorkers;&#13;&#10;&#9;&#9;&#9;}&#13;&#10;&#9;&#9;&#9;for (Plantation p : player.getPlantations()) {&#13;&#10;&#9;&#9;&#9;&#9;if (!p.hasWorker) {&#13;&#10;&#9;&#9;&#9;&#9;&#9;temp += 1;&#13;&#10;&#9;&#9;&#9;&#9;}&#13;&#10;&#9;&#9;&#9;}&#13;&#10;&#9;&#9;}&#13;&#10;&#9;&#9;if (temp &lt; numOfPlayers) {&#13;&#10;&#9;&#9;&#9;colonistsOnBoard = numOfPlayers;&#13;&#10;&#9;&#9;} else {&#13;&#10;&#9;&#9;&#9;colonistsOnBoard = temp;&#13;&#10;&#9;&#9;}&#13;&#10;&#9;}&#13;&#10;&#13;&#10;&#9;/**&#13;&#10;&#9; * &#13;&#10;&#9; * returns leftover, if 99 then that means it is an error or wrong good on&#13;&#10;&#9; * cargo&#13;&#10;&#9; * &#13;&#10;&#9; * @param shipNum&#13;&#10;&#9; * @param goodNum&#13;&#10;&#9; * @param good&#13;&#10;&#9; * @return int&#13;&#10;&#9; *&#13;&#10;&#9; */&#13;&#10;&#9;public int addGoodToCargoShip(int shipNum, int goodNum, String good) {&#13;&#10;&#9;&#9;int leftover = 0;&#13;&#10;&#9;&#9;switch (shipNum) {&#13;&#10;&#9;&#9;case 4:&#13;&#10;&#9;&#9;&#9;if (cargoship4 == 0&#13;&#10;&#9;&#9;&#9;&#9;&#9;|| (cargoship4 &lt; 4 &amp;&amp; cargoship4Good.equals(good))) {&#13;&#10;&#9;&#9;&#9;&#9;leftover = cargoship4 + goodNum - 4;&#13;&#10;&#9;&#9;&#9;} else {&#13;&#10;&#9;&#9;&#9;&#9;leftover = ERROR;&#13;&#10;&#9;&#9;&#9;}&#13;&#10;&#9;&#9;&#9;break;&#13;&#10;&#9;&#9;case 5:&#13;&#10;&#9;&#9;&#9;if (cargoship5 == 0&#13;&#10;&#9;&#9;&#9;&#9;&#9;|| (cargoship5 &lt; 5 &amp;&amp; cargoship5Good.equals(good))) {&#13;&#10;&#9;&#9;&#9;&#9;leftover = cargoship4 + goodNum - 5;&#13;&#10;&#9;&#9;&#9;} else {&#13;&#10;&#9;&#9;&#9;&#9;leftover = ERROR;&#13;&#10;&#9;&#9;&#9;}&#13;&#10;&#9;&#9;&#9;break;&#13;&#10;&#9;&#9;case 6:&#13;&#10;&#9;&#9;&#9;if (cargoship6 == 0&#13;&#10;&#9;&#9;&#9;&#9;&#9;|| (cargoship6 &lt; 6 &amp;&amp; cargoship6Good.equals(good))) {&#13;&#10;&#9;&#9;&#9;&#9;leftover = cargoship6 + goodNum - 6;&#13;&#10;&#9;&#9;&#9;} else {&#13;&#10;&#9;&#9;&#9;&#9;leftover = ERROR;&#13;&#10;&#9;&#9;&#9;}&#13;&#10;&#9;&#9;&#9;break;&#13;&#10;&#9;&#9;default:&#13;&#10;&#9;&#9;&#9;break;&#13;&#10;&#9;&#9;}&#13;&#10;&#9;&#9;return leftover;&#13;&#10;&#9;}&#13;&#10;&#13;&#10;&#9;public boolean isGameEndState() {&#13;&#10;&#13;&#10;&#9;&#9;return isGameEndState;&#13;&#10;&#9;}&#13;&#10;&#13;&#10;&#9;public Player getWinner() {&#13;&#10;&#9;&#9;Player max = this.players.get(0);&#13;&#10;&#9;&#9;for (Player p : this.players) {&#13;&#10;&#9;&#9;&#9;if (max.getPoints() &lt;= p.getPoints()) {&#13;&#10;&#9;&#9;&#9;&#9;max = p;&#13;&#10;&#9;&#9;&#9;}&#13;&#10;&#9;&#9;}&#13;&#10;&#13;&#10;&#9;&#9;return max;&#13;&#10;&#9;}&#13;&#10;&#13;&#10;&#9;public void updateAtEndOfTurn() {&#13;&#10;&#9;&#9;addColonistsToBoard();&#13;&#10;&#13;&#10;&#9;&#9;// Must ship these&#13;&#10;&#9;&#9;if (cargoship4 == 4) {&#13;&#10;&#9;&#9;&#9;cargoship4 = 0;&#13;&#10;&#9;&#9;}&#13;&#10;&#9;&#9;if (cargoship5 == 5) {&#13;&#10;&#9;&#9;&#9;cargoship5 = 0;&#13;&#10;&#9;&#9;}&#13;&#10;&#9;&#9;if (cargoship6 == 6) {&#13;&#10;&#9;&#9;&#9;cargoship6 = 0;&#13;&#10;&#9;&#9;}&#13;&#10;&#9;}&#13;&#10;&#13;&#10;}&#13;&#10;" Filename="GameState.java" Intrnl_Id="8"/>
<SrcFile Content="package csse376_puerto_rico;&#13;&#10;&#13;&#10;import java.awt.Color;&#13;&#10;import java.util.ArrayList;&#13;&#10;import java.util.Enumeration;&#13;&#10;import java.util.List;&#13;&#10;&#13;&#10;import javax.swing.AbstractButton;&#13;&#10;import javax.swing.ButtonGroup;&#13;&#10;import javax.swing.JFrame;&#13;&#10;import javax.swing.JOptionPane;&#13;&#10;import javax.swing.JTextArea;&#13;&#10;&#13;&#10;import net.miginfocom.swing.MigLayout;&#13;&#10;import csse376_puerto_rico.Buildings.Building;&#13;&#10;import csse376_puerto_rico.Player.Good;&#13;&#10;import csse376_puerto_rico.Player.Plantation;&#13;&#10;&#13;&#10;public class GameBoardGUI {&#13;&#10;&#13;&#10;&#9;private JFrame mainframe;&#13;&#10;&#9;public static List&lt;Player&gt; players;&#13;&#10;&#9;public static JTextArea msgBar;&#13;&#10;&#9;public static JTextArea gameStateInfo;&#13;&#10;&#9;// public static ArrayList&lt;JPanel&gt; playerCards;&#13;&#10;&#9;private ButtonGroup bGroup;&#13;&#10;&#9;private static int turnCount;&#13;&#10;&#9;private GameState gameState;&#13;&#10;&#13;&#10;&#9;public GameBoardGUI() {&#13;&#10;&#9;&#9;// For testing purposes.&#13;&#10;&#9;&#9;this.msgBar = new JTextArea();&#13;&#10;&#9;&#9;this.gameStateInfo = new JTextArea();&#13;&#10;&#9;&#9;this.players = new ArrayList&lt;Player&gt;();&#13;&#10;&#9;&#9;this.mainframe = new JFrame();&#13;&#10;&#9;&#9;this.gameState = new GameState();&#13;&#10;&#9;}&#13;&#10;&#13;&#10;&#9;public GameBoardGUI(JFrame frame, ButtonGroup group) {&#13;&#10;&#9;&#9;this.players = new ArrayList&lt;Player&gt;();&#13;&#10;&#9;&#9;this.mainframe = frame;&#13;&#10;&#9;&#9;this.mainframe.setTitle(&quot;Puerto Rico&quot;);&#13;&#10;&#9;&#9;this.mainframe.getContentPane().removeAll();&#13;&#10;&#9;&#9;this.mainframe.getContentPane().revalidate();&#13;&#10;&#9;&#9;this.mainframe.setBackground(Color.GREEN);&#13;&#10;&#9;&#9;MigLayout layout = new MigLayout();&#13;&#10;&#9;&#9;this.mainframe.setLayout(layout);&#13;&#10;&#9;&#9;this.bGroup = group;&#13;&#10;&#9;&#9;this.msgBar = new JTextArea();&#13;&#10;&#9;&#9;this.gameStateInfo = new JTextArea();&#13;&#10;&#13;&#10;&#9;&#9;String temp = &quot;0&quot;;&#13;&#10;&#9;&#9;for (Enumeration&lt;AbstractButton&gt; buttons = this.bGroup.getElements(); buttons&#13;&#10;&#9;&#9;&#9;&#9;.hasMoreElements();) {&#13;&#10;&#9;&#9;&#9;AbstractButton button = buttons.nextElement();&#13;&#10;&#9;&#9;&#9;if (button.isSelected()) {&#13;&#10;&#9;&#9;&#9;&#9;temp = button.getText();&#13;&#10;&#9;&#9;&#9;}&#13;&#10;&#9;&#9;}&#13;&#10;&#9;&#9;int numberPlayers = Integer.parseInt(temp);&#13;&#10;&#13;&#10;&#9;&#9;this.addPlayers(numberPlayers);&#13;&#10;&#9;}&#13;&#10;&#13;&#10;&#9;private void displayGameState() {&#13;&#10;&#9;&#9;int coffee = this.gameState.getGood(Player.Good.COFFEE);&#13;&#10;&#9;&#9;int corn = this.gameState.getGood(Player.Good.CORN);&#13;&#10;&#9;&#9;int indigo = this.gameState.getGood(Player.Good.INDIGO);&#13;&#10;&#9;&#9;int sugar = this.gameState.getGood(Player.Good.SUGAR);&#13;&#10;&#9;&#9;int tobacco = this.gameState.getGood(Player.Good.TOBACCO);&#13;&#10;&#9;&#9;int colonists = this.gameState.getColonistsOnBoard();&#13;&#10;&#13;&#10;&#9;&#9;String parsedInfo = &quot;Coffe: &quot; + coffee + &quot;    Corn: &quot; + corn&#13;&#10;&#9;&#9;&#9;&#9;+ &quot;    Indigo: &quot; + indigo + &quot;\nSugar: &quot; + sugar&#13;&#10;&#9;&#9;&#9;&#9;+ &quot;        Tobacco: &quot; + tobacco + &quot;\nColonists: &quot; + colonists&#13;&#10;&#9;&#9;&#9;&#9;+ &quot;\n&quot; + &quot;\nCargo Ship: &quot; + (4 - this.gameState.cargoship4)&#13;&#10;&#9;&#9;&#9;&#9;+ &quot; spots for &quot; + this.gameState.cargoship4Good&#13;&#10;&#9;&#9;&#9;&#9;+ &quot;    Cargo Ship: &quot; + (5 - this.gameState.cargoship5)&#13;&#10;&#9;&#9;&#9;&#9;+ &quot; spots for &quot; + this.gameState.cargoship5Good&#13;&#10;&#9;&#9;&#9;&#9;+ &quot;    Cargo Ship: &quot; + (6 - this.gameState.cargoship6)&#13;&#10;&#9;&#9;&#9;&#9;+ &quot; spots for &quot; + this.gameState.cargoship6Good;&#13;&#10;&#9;&#9;gameStateInfo.setColumns(20);&#13;&#10;&#9;&#9;gameStateInfo.setRows(7);&#13;&#10;&#9;&#9;gameStateInfo.setText(parsedInfo);&#13;&#10;&#9;&#9;this.mainframe.add(gameStateInfo, &quot;cell 0 5, span 5&quot;);&#13;&#10;&#9;}&#13;&#10;&#13;&#10;&#9;private void updateGameStateDisplay() {&#13;&#10;&#9;&#9;int coffee = this.gameState.getGood(Player.Good.COFFEE);&#13;&#10;&#9;&#9;int corn = this.gameState.getGood(Player.Good.CORN);&#13;&#10;&#9;&#9;int indigo = this.gameState.getGood(Player.Good.INDIGO);&#13;&#10;&#9;&#9;int sugar = this.gameState.getGood(Player.Good.SUGAR);&#13;&#10;&#9;&#9;int tobacco = this.gameState.getGood(Player.Good.TOBACCO);&#13;&#10;&#9;&#9;int colonists = this.gameState.getColonistsOnBoard();&#13;&#10;&#13;&#10;&#9;&#9;String parsedInfo = &quot;Coffe: &quot; + coffee + &quot;    Corn: &quot; + corn&#13;&#10;&#9;&#9;&#9;&#9;+ &quot;    Indigo: &quot; + indigo + &quot;\nSugar: &quot; + sugar&#13;&#10;&#9;&#9;&#9;&#9;+ &quot;        Tobacco: &quot; + tobacco + &quot;\nColonists: &quot; + colonists&#13;&#10;&#9;&#9;&#9;&#9;+ &quot;\n&quot; + &quot;\nCargo Ship: &quot; + (4 - this.gameState.cargoship4)&#13;&#10;&#9;&#9;&#9;&#9;+ &quot; spots for &quot; + this.gameState.cargoship4Good&#13;&#10;&#9;&#9;&#9;&#9;+ &quot;    Cargo Ship: &quot; + (5 - this.gameState.cargoship5)&#13;&#10;&#9;&#9;&#9;&#9;+ &quot; spots for &quot; + this.gameState.cargoship5Good&#13;&#10;&#9;&#9;&#9;&#9;+ &quot;    Cargo Ship: &quot; + (6 - this.gameState.cargoship6)&#13;&#10;&#9;&#9;&#9;&#9;+ &quot; spots for &quot; + this.gameState.cargoship6Good;&#13;&#10;&#13;&#10;&#9;&#9;gameStateInfo.setText(parsedInfo);&#13;&#10;&#9;}&#13;&#10;&#13;&#10;&#9;private void displayMessageBar() {&#13;&#10;&#9;&#9;msgBar.setColumns(90);&#13;&#10;&#9;&#9;this.mainframe.add(msgBar, &quot;cell 0 0, span &quot; + this.players.size());&#13;&#10;&#9;}&#13;&#10;&#13;&#10;&#9;public List&lt;Player&gt; addPlayers(int numberOfPlayers) {&#13;&#10;&#9;&#9;// this.addPlayerCards(numberOfPlayers);&#13;&#10;&#9;&#9;for (int i = 0; i &lt; numberOfPlayers; i++) {&#13;&#10;&#9;&#9;&#9;Player p = new Player();&#13;&#10;&#9;&#9;&#9;if (i == 0) {&#13;&#10;&#9;&#9;&#9;&#9;p.isGovernor = true;&#13;&#10;&#9;&#9;&#9;}&#13;&#10;&#9;&#9;&#9;p.setPlayerNum(i);&#13;&#10;&#9;&#9;&#9;JTextArea jta = new JTextArea(&quot;Player &quot; + i + &quot;\nRole: &quot;&#13;&#10;&#9;&#9;&#9;&#9;&#9;+ &quot;\nScore: &quot; + p.getPoints() + &quot;\nBuildings:&quot;&#13;&#10;&#9;&#9;&#9;&#9;&#9;+ p.getBuildingsStringList() + &quot;\nPlantations:\n&quot;);&#13;&#10;&#9;&#9;&#9;jta.setRows(15);&#13;&#10;&#9;&#9;&#9;jta.setColumns(15);&#13;&#10;&#9;&#9;&#9;p.setHUD(jta);&#13;&#10;&#9;&#9;&#9;this.players.add(p);&#13;&#10;&#9;&#9;&#9;this.mainframe.add(jta, &quot;cell &quot; + i + &quot; 1&quot;);&#13;&#10;&#13;&#10;&#9;&#9;}&#13;&#10;&#9;&#9;this.gameState = new GameState(this.players);&#13;&#10;&#13;&#10;&#9;&#9;displayGameState();&#13;&#10;&#9;&#9;displayMessageBar();&#13;&#10;&#9;&#9;updateRoles();&#13;&#10;&#13;&#10;&#9;&#9;return this.players;&#13;&#10;&#9;}&#13;&#10;&#13;&#10;&#9;public List&lt;Player&gt; getPlayers() {&#13;&#10;&#9;&#9;return this.players;&#13;&#10;&#9;}&#13;&#10;&#13;&#10;&#9;public static int getTurnCount() {&#13;&#10;&#9;&#9;return turnCount;&#13;&#10;&#9;}&#13;&#10;&#13;&#10;&#9;// Will be deleted&#13;&#10;&#9;@Deprecated&#13;&#10;&#9;public String getPlayerText(int playerNum, String role, int points,&#13;&#10;&#9;&#9;&#9;String buildingList, String plantationList, boolean isGovernor) {&#13;&#10;&#9;&#9;String rtn = null;&#13;&#10;&#9;&#9;if (isGovernor) {&#13;&#10;&#9;&#9;&#9;rtn = String&#13;&#10;&#9;&#9;&#9;&#9;&#9;.format(&quot;Player %d \nRole: %s \nScore: %d \nBuilding: %s \nPlantation: %s \nGovernor&quot;,&#13;&#10;&#9;&#9;&#9;&#9;&#9;&#9;&#9;playerNum, role, points, buildingList,&#13;&#10;&#9;&#9;&#9;&#9;&#9;&#9;&#9;plantationList);&#13;&#10;&#13;&#10;&#9;&#9;} else {&#13;&#10;&#9;&#9;&#9;rtn = String&#13;&#10;&#9;&#9;&#9;&#9;&#9;.format(&quot;Player %d \nRole: %s \nScore: %d \nBuilding: %s \nPlantation: %s&quot;,&#13;&#10;&#9;&#9;&#9;&#9;&#9;&#9;&#9;playerNum, role, points, buildingList,&#13;&#10;&#9;&#9;&#9;&#9;&#9;&#9;&#9;plantationList);&#13;&#10;&#13;&#10;&#9;&#9;}&#13;&#10;&#9;&#9;return rtn;&#13;&#10;&#9;}&#13;&#10;&#13;&#10;&#9;public void updateRoles() {&#13;&#10;&#13;&#10;&#9;&#9;Object[] options = Player.getRoles().toArray();&#13;&#10;&#9;&#9;while (!checkEndGame()) {&#13;&#10;&#9;&#9;&#9;options = Player.getRoles().toArray();&#13;&#10;&#9;&#9;&#9;for (int i = 0; i &lt; this.players.size(); i++) {&#13;&#10;&#9;&#9;&#9;&#9;Player player = this.players.get(i);&#13;&#10;&#9;&#9;&#9;&#9;// DONE: Min, make player not able to choose role already chosen&#13;&#10;&#9;&#9;&#9;&#9;// for this turn.&#13;&#10;&#9;&#9;&#9;&#9;int n = JOptionPane.showOptionDialog(this.mainframe,&#13;&#10;&#9;&#9;&#9;&#9;&#9;&#9;&quot;Choose your role!&quot;, &quot;Player &quot; + i,&#13;&#10;&#9;&#9;&#9;&#9;&#9;&#9;JOptionPane.YES_NO_CANCEL_OPTION,&#13;&#10;&#9;&#9;&#9;&#9;&#9;&#9;JOptionPane.QUESTION_MESSAGE, null, options,&#13;&#10;&#9;&#9;&#9;&#9;&#9;&#9;options[options.length - 1]);&#13;&#10;&#9;&#9;&#9;&#9;// in this block of code I had to convert the lists of&#13;&#10;&#9;&#9;&#9;&#9;// buildings,plantations into Strings&#13;&#10;&#13;&#10;&#9;&#9;&#9;&#9;String role = (String) options[n];&#13;&#10;&#9;&#9;&#9;&#9;player.setRole(role);&#13;&#10;&#9;&#9;&#9;&#9;// Every start of the role each player gets an extra doubloon.&#13;&#10;&#9;&#9;&#9;&#9;player.setDoubloons(player.getDoubloons() + 1);&#13;&#10;&#9;&#9;&#9;&#9;gameState.doubloons--;&#13;&#10;&#9;&#9;&#9;&#9;player.updatePlayerInfo();&#13;&#10;&#13;&#10;&#9;&#9;&#9;&#9;playRole(i);&#13;&#10;&#13;&#10;&#9;&#9;&#9;&#9;// update&#13;&#10;&#9;&#9;&#9;&#9;this.gameState.updateAtEndOfTurn();&#13;&#10;&#13;&#10;&#9;&#9;&#9;&#9;// removing selected&#13;&#10;&#9;&#9;&#9;&#9;List&lt;Object&gt; temp = new ArrayList&lt;Object&gt;();&#13;&#10;&#9;&#9;&#9;&#9;for (int j = 0; j &lt; options.length; j++) {&#13;&#10;&#9;&#9;&#9;&#9;&#9;if (j != n) {&#13;&#10;&#9;&#9;&#9;&#9;&#9;&#9;temp.add(options[j]);&#13;&#10;&#9;&#9;&#9;&#9;&#9;}&#13;&#10;&#9;&#9;&#9;&#9;}&#13;&#10;&#9;&#9;&#9;&#9;options = temp.toArray();&#13;&#10;&#9;&#9;&#9;}&#13;&#10;&#13;&#10;&#9;&#9;}&#13;&#10;&#9;&#9;updateMsgBar(&quot;Winner is Player : &quot;&#13;&#10;&#9;&#9;&#9;&#9;+ this.gameState.getWinner().getPlayerNum());&#13;&#10;&#13;&#10;&#9;}&#13;&#10;&#13;&#10;&#9;public boolean checkEndGame() {&#13;&#10;&#9;&#9;// checks the end of the game, default to true for testing, otherwise&#13;&#10;&#9;&#9;// false&#13;&#10;&#9;&#9;return gameState.isGameEndState();&#13;&#10;&#9;}&#13;&#10;&#13;&#10;&#9;public void updateMsgBar(String msg) {&#13;&#10;&#9;&#9;this.msgBar.setText(msg);&#13;&#10;&#9;}&#13;&#10;&#13;&#10;&#9;public void playRole(int roleNum) {&#13;&#10;&#9;&#9;//&#13;&#10;&#9;&#9;Player player = players.get(roleNum);&#13;&#10;&#9;&#9;String role = player.getRole();&#13;&#10;&#13;&#10;&#9;&#9;if (role.equals(PlayerRoles.Mayor)) {&#13;&#10;&#13;&#10;&#9;&#9;&#9;for (int i = 0; i &lt; players.size(); i++) {&#13;&#10;&#9;&#9;&#9;&#9;// TODO: player goes to next person, it should not start with&#13;&#10;&#13;&#10;&#9;&#9;&#9;&#9;player = players.get(roleNum);&#13;&#10;&#13;&#10;&#9;&#9;&#9;&#9;Object[] options = { &quot;Building&quot;, &quot;Plantation&quot;, &quot;Do Nothing&quot; };&#13;&#10;&#9;&#9;&#9;&#9;boolean selected = false;&#13;&#10;&#9;&#9;&#9;&#9;while (!selected) {&#13;&#10;&#9;&#9;&#9;&#9;&#9;int n = JOptionPane&#13;&#10;&#9;&#9;&#9;&#9;&#9;&#9;&#9;.showOptionDialog(&#13;&#10;&#9;&#9;&#9;&#9;&#9;&#9;&#9;&#9;&#9;this.mainframe,&#13;&#10;&#9;&#9;&#9;&#9;&#9;&#9;&#9;&#9;&#9;&quot;Give the colonosists a job! \nChoose a structure.&quot;,&#13;&#10;&#9;&#9;&#9;&#9;&#9;&#9;&#9;&#9;&#9;&quot;Player &quot; + roleNum,&#13;&#10;&#9;&#9;&#9;&#9;&#9;&#9;&#9;&#9;&#9;JOptionPane.YES_NO_CANCEL_OPTION,&#13;&#10;&#9;&#9;&#9;&#9;&#9;&#9;&#9;&#9;&#9;JOptionPane.QUESTION_MESSAGE, null,&#13;&#10;&#9;&#9;&#9;&#9;&#9;&#9;&#9;&#9;&#9;options, options[options.length - 1]);&#13;&#10;&#9;&#9;&#9;&#9;&#9;if (n == 0) {&#13;&#10;&#9;&#9;&#9;&#9;&#9;&#9;ArrayList&lt;String&gt; pBuildingsNames = (ArrayList&lt;String&gt;) player&#13;&#10;&#9;&#9;&#9;&#9;&#9;&#9;&#9;&#9;.getBuildingsStringList().clone();&#13;&#10;&#9;&#9;&#9;&#9;&#9;&#9;pBuildingsNames.add(&quot;Go Back&quot;);&#13;&#10;&#9;&#9;&#9;&#9;&#9;&#9;Object[] temp = pBuildingsNames.toArray();&#13;&#10;&#13;&#10;&#9;&#9;&#9;&#9;&#9;&#9;int buildingNum = JOptionPane&#13;&#10;&#9;&#9;&#9;&#9;&#9;&#9;&#9;&#9;.showOptionDialog(&#13;&#10;&#9;&#9;&#9;&#9;&#9;&#9;&#9;&#9;&#9;&#9;this.mainframe,&#13;&#10;&#9;&#9;&#9;&#9;&#9;&#9;&#9;&#9;&#9;&#9;&quot;Give the colonosists a job! \nChoose a building&quot;,&#13;&#10;&#9;&#9;&#9;&#9;&#9;&#9;&#9;&#9;&#9;&#9;&quot;Player &quot; + (roleNum),&#13;&#10;&#9;&#9;&#9;&#9;&#9;&#9;&#9;&#9;&#9;&#9;JOptionPane.YES_NO_CANCEL_OPTION,&#13;&#10;&#9;&#9;&#9;&#9;&#9;&#9;&#9;&#9;&#9;&#9;JOptionPane.QUESTION_MESSAGE, null,&#13;&#10;&#9;&#9;&#9;&#9;&#9;&#9;&#9;&#9;&#9;&#9;temp, null);&#13;&#10;&#9;&#9;&#9;&#9;&#9;&#9;if (buildingNum != temp.length - 1) {&#13;&#10;&#9;&#9;&#9;&#9;&#9;&#9;&#9;Building playerB = player.getBuildings().get(&#13;&#10;&#9;&#9;&#9;&#9;&#9;&#9;&#9;&#9;&#9;buildingNum);&#13;&#10;&#9;&#9;&#9;&#9;&#9;&#9;&#9;if (playerB.numberOfJobs &gt; playerB.numberOfWorkers) {&#13;&#10;&#9;&#9;&#9;&#9;&#9;&#9;&#9;&#9;player.getBuildings().get(buildingNum).numberOfWorkers++;&#13;&#10;&#9;&#9;&#9;&#9;&#9;&#9;&#9;&#9;selected = true;&#13;&#10;&#9;&#9;&#9;&#9;&#9;&#9;&#9;&#9;updateMsgBar(&quot;Player &quot; + i&#13;&#10;&#9;&#9;&#9;&#9;&#9;&#9;&#9;&#9;&#9;&#9;+ &quot; added worker to building &quot;&#13;&#10;&#9;&#9;&#9;&#9;&#9;&#9;&#9;&#9;&#9;&#9;+ playerB.name);&#13;&#10;&#9;&#9;&#9;&#9;&#9;&#9;&#9;} else {&#13;&#10;&#9;&#9;&#9;&#9;&#9;&#9;&#9;&#9;updateMsgBar(&quot;Building &quot; + playerB.name&#13;&#10;&#9;&#9;&#9;&#9;&#9;&#9;&#9;&#9;&#9;&#9;+ &quot; is already full of workers.&quot;);&#13;&#10;&#9;&#9;&#9;&#9;&#9;&#9;&#9;}&#13;&#10;&#9;&#9;&#9;&#9;&#9;&#9;} else {&#13;&#10;&#9;&#9;&#9;&#9;&#9;&#9;&#9;updateMsgBar(&quot;Player &quot; + i + &quot; has no buildings&quot;);&#13;&#10;&#9;&#9;&#9;&#9;&#9;&#9;&#9;selected = false;&#13;&#10;&#9;&#9;&#9;&#9;&#9;&#9;}&#13;&#10;&#13;&#10;&#9;&#9;&#9;&#9;&#9;} else if (n == 1) {&#13;&#10;&#9;&#9;&#9;&#9;&#9;&#9;ArrayList&lt;String&gt; pPlantations = (ArrayList&lt;String&gt;) player&#13;&#10;&#9;&#9;&#9;&#9;&#9;&#9;&#9;&#9;.getPlantationsStringList().clone();&#13;&#10;&#9;&#9;&#9;&#9;&#9;&#9;pPlantations.add(&quot;Go Back&quot;);&#13;&#10;&#9;&#9;&#9;&#9;&#9;&#9;Object[] temp = pPlantations.toArray();&#13;&#10;&#13;&#10;&#9;&#9;&#9;&#9;&#9;&#9;int plantationNum = JOptionPane&#13;&#10;&#9;&#9;&#9;&#9;&#9;&#9;&#9;&#9;.showOptionDialog(&#13;&#10;&#9;&#9;&#9;&#9;&#9;&#9;&#9;&#9;&#9;&#9;this.mainframe,&#13;&#10;&#9;&#9;&#9;&#9;&#9;&#9;&#9;&#9;&#9;&#9;&quot;Give the colonosists a job! \nChoose a plantation&quot;,&#13;&#10;&#9;&#9;&#9;&#9;&#9;&#9;&#9;&#9;&#9;&#9;&quot;Player &quot; + (roleNum),&#13;&#10;&#9;&#9;&#9;&#9;&#9;&#9;&#9;&#9;&#9;&#9;JOptionPane.YES_NO_CANCEL_OPTION,&#13;&#10;&#9;&#9;&#9;&#9;&#9;&#9;&#9;&#9;&#9;&#9;JOptionPane.QUESTION_MESSAGE, null,&#13;&#10;&#9;&#9;&#9;&#9;&#9;&#9;&#9;&#9;&#9;&#9;temp, null);&#13;&#10;&#9;&#9;&#9;&#9;&#9;&#9;if (plantationNum != temp.length - 1) {&#13;&#10;&#9;&#9;&#9;&#9;&#9;&#9;&#9;Plantation pPlantation = player.getPlantations()&#13;&#10;&#9;&#9;&#9;&#9;&#9;&#9;&#9;&#9;&#9;.get(plantationNum);&#13;&#10;&#9;&#9;&#9;&#9;&#9;&#9;&#9;if (pPlantation.hasWorker) {&#13;&#10;&#9;&#9;&#9;&#9;&#9;&#9;&#9;&#9;updateMsgBar(&quot;Plantation already has a worker.&quot;);&#13;&#10;&#9;&#9;&#9;&#9;&#9;&#9;&#9;} else {&#13;&#10;&#9;&#9;&#9;&#9;&#9;&#9;&#9;&#9;pPlantation.hasWorker = true;&#13;&#10;&#9;&#9;&#9;&#9;&#9;&#9;&#9;&#9;selected = true;&#13;&#10;&#9;&#9;&#9;&#9;&#9;&#9;&#9;&#9;updateMsgBar(&quot;Player &quot; + i&#13;&#10;&#9;&#9;&#9;&#9;&#9;&#9;&#9;&#9;&#9;&#9;+ &quot; added worker to plantation&quot;);&#13;&#10;&#9;&#9;&#9;&#9;&#9;&#9;&#9;}&#13;&#10;&#9;&#9;&#9;&#9;&#9;&#9;} else {&#13;&#10;&#9;&#9;&#9;&#9;&#9;&#9;&#9;updateMsgBar(&quot;Player &quot; + i + &quot; has no plantions&quot;);&#13;&#10;&#9;&#9;&#9;&#9;&#9;&#9;&#9;selected = false;&#13;&#10;&#9;&#9;&#9;&#9;&#9;&#9;}&#13;&#10;&#9;&#9;&#9;&#9;&#9;} else {&#13;&#10;&#9;&#9;&#9;&#9;&#9;&#9;// Do nothing&#13;&#10;&#9;&#9;&#9;&#9;&#9;&#9;selected = true;&#13;&#10;&#9;&#9;&#9;&#9;&#9;}&#13;&#10;&#9;&#9;&#9;&#9;&#9;player.updatePlayerInfo();&#13;&#10;&#9;&#9;&#9;&#9;}&#13;&#10;&#9;&#9;&#9;&#9;roleNum = (roleNum + 1) % players.size();&#13;&#10;&#13;&#10;&#9;&#9;&#9;}&#13;&#10;&#9;&#9;} else if (role.equals(PlayerRoles.Builder)) {&#13;&#10;&#9;&#9;&#9;player.setDoubloons(player.getDoubloons() + 1);&#13;&#10;&#9;&#9;&#9;Buildings b = new Buildings();&#13;&#10;&#13;&#10;&#9;&#9;&#9;for (int i = 0; i &lt; players.size(); i++) {&#13;&#10;&#9;&#9;&#9;&#9;player = players.get(roleNum);&#13;&#10;&#9;&#9;&#9;&#9;System.out.println(roleNum);&#13;&#10;&#13;&#10;&#9;&#9;&#9;&#9;ArrayList&lt;Building&gt; bs = b.getBuildings();&#13;&#10;&#9;&#9;&#9;&#9;ArrayList&lt;String&gt; bNames = new ArrayList&lt;String&gt;();&#13;&#10;&#9;&#9;&#9;&#9;for (Building building : bs) {&#13;&#10;&#9;&#9;&#9;&#9;&#9;if (building.cost &lt;= player.getDoubloons()) {&#13;&#10;&#9;&#9;&#9;&#9;&#9;&#9;bNames.add(building.name);&#13;&#10;&#9;&#9;&#9;&#9;&#9;}&#13;&#10;&#9;&#9;&#9;&#9;}&#13;&#10;&#9;&#9;&#9;&#9;bNames.add(&quot;Nothing&quot;);&#13;&#10;&#9;&#9;&#9;&#9;Object[] options = bNames.toArray();&#13;&#10;&#13;&#10;&#9;&#9;&#9;&#9;// player = player.next at the end&#13;&#10;&#9;&#9;&#9;&#9;int n = JOptionPane.showOptionDialog(this.mainframe,&#13;&#10;&#9;&#9;&#9;&#9;&#9;&#9;&quot;Choose a building to build!&quot;, &quot;Player &quot; + (roleNum),&#13;&#10;&#9;&#9;&#9;&#9;&#9;&#9;JOptionPane.YES_NO_CANCEL_OPTION,&#13;&#10;&#9;&#9;&#9;&#9;&#9;&#9;JOptionPane.QUESTION_MESSAGE, null, options,&#13;&#10;&#9;&#9;&#9;&#9;&#9;&#9;options[options.length - 1]);&#13;&#10;&#9;&#9;&#9;&#9;if (n != bNames.size() - 1) {&#13;&#10;&#9;&#9;&#9;&#9;&#9;player.addBuilding(new Building(bNames.get(n)));&#13;&#10;&#9;&#9;&#9;&#9;&#9;if (player.getBuildings().size() &gt;= 12) {&#13;&#10;&#9;&#9;&#9;&#9;&#9;&#9;this.gameState.isGameEndState = true;&#13;&#10;&#9;&#9;&#9;&#9;&#9;}&#13;&#10;&#9;&#9;&#9;&#9;}&#13;&#10;&#9;&#9;&#9;&#9;player.updatePlayerInfo();&#13;&#10;&#9;&#9;&#9;&#9;roleNum = (roleNum + 1) % players.size();&#13;&#10;&#13;&#10;&#9;&#9;&#9;}&#13;&#10;&#9;&#9;} else if (role.equals(PlayerRoles.Settler)) {&#13;&#10;&#9;&#9;&#9;// DONE: kurian&#13;&#10;&#9;&#9;&#9;List&lt;String&gt; gNames = player.getAllGoods();&#13;&#10;&#9;&#9;&#9;gNames.add(&quot;Nothing&quot;);&#13;&#10;&#9;&#9;&#9;Object[] options = gNames.toArray();&#13;&#10;&#9;&#9;&#9;// Settler picks one more plantation&#13;&#10;&#9;&#9;&#9;for (int i = 0; i &lt;= players.size(); i++) {&#13;&#10;&#13;&#10;&#9;&#9;&#9;&#9;player = players.get(roleNum);&#13;&#10;&#9;&#9;&#9;&#9;// player = player.next at the end&#13;&#10;&#9;&#9;&#9;&#9;int n = JOptionPane.showOptionDialog(this.mainframe,&#13;&#10;&#9;&#9;&#9;&#9;&#9;&#9;&quot;Choose a Good to harvest!&quot;, &quot;Player &quot; + (roleNum),&#13;&#10;&#9;&#9;&#9;&#9;&#9;&#9;JOptionPane.YES_NO_CANCEL_OPTION,&#13;&#10;&#9;&#9;&#9;&#9;&#9;&#9;JOptionPane.QUESTION_MESSAGE, null, options,&#13;&#10;&#9;&#9;&#9;&#9;&#9;&#9;options[options.length - 1]);&#13;&#10;&#9;&#9;&#9;&#9;System.out.println(gNames.get(n));&#13;&#10;&#9;&#9;&#9;&#9;if (n != gNames.size() - 1) {&#13;&#10;&#9;&#9;&#9;&#9;&#9;player.getPlantations().add(&#13;&#10;&#9;&#9;&#9;&#9;&#9;&#9;&#9;new Plantation(gNames.get(n), false));&#13;&#10;&#9;&#9;&#9;&#9;}&#13;&#10;&#9;&#9;&#9;&#9;player.updatePlayerInfo();&#13;&#10;&#9;&#9;&#9;&#9;roleNum = (roleNum + 1) % players.size();&#13;&#10;&#9;&#9;&#9;}&#13;&#10;&#9;&#9;} else if (role.equals(PlayerRoles.Craftsman)) {&#13;&#10;&#9;&#9;&#9;// DONE: kurian&#13;&#10;&#9;&#9;&#9;for (int i = 0; i &lt; players.size(); i++) {&#13;&#10;&#13;&#10;&#9;&#9;&#9;&#9;player = players.get(roleNum);&#13;&#10;&#9;&#9;&#9;&#9;player.checkPlantation();&#13;&#10;&#9;&#9;&#9;&#9;player.updatePlayerInfo();&#13;&#10;&#9;&#9;&#9;&#9;roleNum = (roleNum + 1) % players.size();&#13;&#10;&#13;&#10;&#9;&#9;&#9;}&#13;&#10;&#9;&#9;} else if (role.equals(PlayerRoles.Trader)) {&#13;&#10;&#9;&#9;&#9;// &#13;&#10;&#9;&#9;&#9;for (int i = 0; i &lt; players.size(); i++) {&#13;&#10;&#13;&#10;&#9;&#9;&#9;&#9;player = players.get(roleNum);&#13;&#10;&#9;&#9;&#9;&#9;// TODO:&#13;&#10;&#9;&#9;&#9;&#9;&#13;&#10;&#9;&#9;&#9;&#9;ArrayList&lt;String&gt; goodList = new ArrayList&lt;String&gt;();&#13;&#10;&#9;&#9;&#9;&#9;for (String s : player.getAllGoods()){&#13;&#10;&#9;&#9;&#9;&#9;&#9;int n = player.getNumberOfGood(s);&#13;&#10;&#9;&#9;&#9;&#9;&#9;if(n&gt;0){&#13;&#10;&#9;&#9;&#9;&#9;&#9;&#9;goodList.add(s);&#13;&#10;&#9;&#9;&#9;&#9;&#9;}&#13;&#10;&#9;&#9;&#9;&#9;}&#13;&#10;&#9;&#9;&#9;&#9;goodList.add(&quot;Nothing&quot;);&#13;&#10;&#9;&#9;&#9;&#9;Object[] options = goodList.toArray();&#13;&#10;&#9;&#9;&#9;&#9;&#13;&#10;&#9;&#9;&#9;&#9;int n = JOptionPane.showOptionDialog(this.mainframe,&#13;&#10;&#9;&#9;&#9;&#9;&#9;&#9;&quot;Choose a Good to trade!&quot;, &quot;Player &quot; + (roleNum),&#13;&#10;&#9;&#9;&#9;&#9;&#9;&#9;JOptionPane.YES_NO_CANCEL_OPTION,&#13;&#10;&#9;&#9;&#9;&#9;&#9;&#9;JOptionPane.QUESTION_MESSAGE, null, options,&#13;&#10;&#9;&#9;&#9;&#9;&#9;&#9;options[options.length - 1]);&#13;&#10;&#9;&#9;&#9;&#9;if(n!=goodList.size()-1){&#13;&#10;&#9;&#9;&#9;&#9;&#9;if(goodList.get(n).equals(Good.COFFEE)){&#13;&#10;&#9;&#9;&#9;&#9;&#9;&#9;&#13;&#10;&#9;&#9;&#9;&#9;&#9;}else if(goodList.get(n).equals(Good.CORN)){&#13;&#10;&#9;&#9;&#9;&#9;&#9;&#9;&#13;&#10;&#9;&#9;&#9;&#9;&#9;}else if(goodList.get(n).equals(Good.INDIGO)){&#13;&#10;&#9;&#9;&#9;&#9;&#9;&#9;&#13;&#10;&#9;&#9;&#9;&#9;&#9;}else if(goodList.get(n).equals(Good.SUGAR)){&#13;&#10;&#9;&#9;&#9;&#9;&#9;&#9;&#13;&#10;&#9;&#9;&#9;&#9;&#9;}else if(goodList.get(n).equals(Good.TOBACCO)){&#13;&#10;&#9;&#9;&#9;&#9;&#9;&#9;&#13;&#10;&#9;&#9;&#9;&#9;&#9;}&#13;&#10;&#9;&#9;&#9;&#9;}&#13;&#10;&#9;&#9;&#9;&#9;player.updatePlayerInfo();&#13;&#10;&#9;&#9;&#9;&#9;roleNum = (roleNum + 1) % players.size();&#13;&#10;&#13;&#10;&#9;&#9;&#9;}&#13;&#10;&#9;&#9;} else if (role.equals(PlayerRoles.Captain)) {&#13;&#10;&#13;&#10;&#9;&#9;&#9;for (int i = 0; i &lt; players.size(); i++) {&#13;&#10;&#9;&#9;&#9;&#9;// TODO:&#13;&#10;&#9;&#9;&#9;&#9;player = players.get(roleNum);&#13;&#10;&#9;&#9;&#9;&#9;Object[] goodOptions = player.getAllGoods().toArray();&#13;&#10;&#13;&#10;&#9;&#9;&#9;&#9;int good = JOptionPane.showOptionDialog(this.mainframe,&#13;&#10;&#9;&#9;&#9;&#9;&#9;&#9;&quot;Choose a good to ship!&quot;, &quot;Player &quot; + (roleNum),&#13;&#10;&#9;&#9;&#9;&#9;&#9;&#9;JOptionPane.YES_NO_CANCEL_OPTION,&#13;&#10;&#9;&#9;&#9;&#9;&#9;&#9;JOptionPane.QUESTION_MESSAGE, null, goodOptions,&#13;&#10;&#9;&#9;&#9;&#9;&#9;&#9;goodOptions[goodOptions.length - 1]);&#13;&#10;&#13;&#10;&#9;&#9;&#9;&#9;Object[] shipOptions = new Object[3];&#13;&#10;&#9;&#9;&#9;&#9;shipOptions[0] = 4;&#13;&#10;&#9;&#9;&#9;&#9;shipOptions[1] = 5;&#13;&#10;&#9;&#9;&#9;&#9;shipOptions[2] = 6;&#13;&#10;&#9;&#9;&#9;&#9;int ship = JOptionPane.showOptionDialog(this.mainframe,&#13;&#10;&#9;&#9;&#9;&#9;&#9;&#9;&quot;Choose a cargo ship to put good!&quot;, &quot;Player &quot;&#13;&#10;&#9;&#9;&#9;&#9;&#9;&#9;&#9;&#9;+ (roleNum), JOptionPane.YES_NO_CANCEL_OPTION,&#13;&#10;&#9;&#9;&#9;&#9;&#9;&#9;JOptionPane.QUESTION_MESSAGE, null, shipOptions,&#13;&#10;&#9;&#9;&#9;&#9;&#9;&#9;shipOptions[shipOptions.length - 1]);&#13;&#10;&#13;&#10;&#9;&#9;&#9;&#9;if (ship == 0) {&#13;&#10;&#9;&#9;&#9;&#9;&#9;this.gameState.cargoship4Good = (String) goodOptions[good];&#13;&#10;&#9;&#9;&#9;&#9;&#9;this.gameState.cargoship4++;&#13;&#10;&#9;&#9;&#9;&#9;} else if (ship == 1) {&#13;&#10;&#9;&#9;&#9;&#9;&#9;this.gameState.cargoship5Good = (String) goodOptions[good];&#13;&#10;&#9;&#9;&#9;&#9;&#9;this.gameState.cargoship5++;&#13;&#10;&#9;&#9;&#9;&#9;} else if (ship == 2) {&#13;&#10;&#9;&#9;&#9;&#9;&#9;this.gameState.cargoship6Good = (String) goodOptions[good];&#13;&#10;&#9;&#9;&#9;&#9;&#9;this.gameState.cargoship6++;&#13;&#10;&#9;&#9;&#9;&#9;}&#13;&#10;&#13;&#10;&#9;&#9;&#9;&#9;updateGameStateDisplay();&#13;&#10;&#9;&#9;&#9;&#9;player.updatePlayerInfo();&#13;&#10;&#9;&#9;&#9;&#9;roleNum = (roleNum + 1) % players.size();&#13;&#10;&#13;&#10;&#9;&#9;&#9;}&#13;&#10;&#9;&#9;} else if (role.equals(PlayerRoles.Prospector)) {&#13;&#10;&#9;&#9;&#9;// :do nothing&#13;&#10;&#9;&#9;&#9;for (int i = 0; i &lt; players.size(); i++) {&#13;&#10;&#13;&#10;&#9;&#9;&#9;&#9;player = players.get(roleNum);&#13;&#10;&#9;&#9;&#9;&#9;// :&#13;&#10;&#9;&#9;&#9;&#9;player.updatePlayerInfo();&#13;&#10;&#9;&#9;&#9;&#9;roleNum = (roleNum + 1) % players.size();&#13;&#10;&#13;&#10;&#9;&#9;&#9;}&#13;&#10;&#9;&#9;}&#13;&#10;&#13;&#10;&#9;}&#13;&#10;&#13;&#10;}&#13;&#10;" Filename="GameBoardGUI.java" Intrnl_Id="9"/>
<SrcFile Content="package csse376_puerto_rico;&#13;&#10;&#13;&#10;import java.awt.event.ActionEvent;&#13;&#10;import java.awt.event.ActionListener;&#13;&#10;&#13;&#10;import javax.swing.ButtonGroup;&#13;&#10;import javax.swing.JFrame;&#13;&#10;&#13;&#10;public class ButtonHandler implements ActionListener {&#13;&#10;&#9;&#13;&#10;&#9;private JFrame mainframe;&#13;&#10;&#9;private ButtonGroup bGroup;&#13;&#10;&#13;&#10;&#9;public ButtonHandler(JFrame frame, ButtonGroup group) {&#13;&#10;&#9;&#9;this.mainframe = frame;&#13;&#10;&#9;&#9;this.bGroup = group;&#13;&#10;&#9;}&#13;&#10;&#13;&#10;&#9;@Override&#13;&#10;&#9;public void actionPerformed(ActionEvent ae) {&#13;&#10;&#9;&#9;String action = ae.getActionCommand();&#13;&#10;&#9;&#9;if(action.equals(&quot;Quit&quot;)){&#13;&#10;&#9;&#9;&#9;System.exit(0);&#13;&#10;&#9;&#9;}else if(action.equals(&quot;New Game&quot;)){&#13;&#10;&#9;&#9;&#9;new StartUpGameBoardGUI(this.mainframe);&#13;&#10;&#9;&#9;}else if(action.equals(&quot;Start&quot;)){&#13;&#10;&#9;&#9;&#9;new GameBoardGUI(this.mainframe, this.bGroup);&#13;&#10;&#9;&#9;}else if(action.equals(&quot;Add Points&quot;)){&#13;&#10;&#9;&#9;&#9;&#13;&#10;&#9;&#9;}&#13;&#10;&#9;}&#13;&#10;&#13;&#10;}&#13;&#10;" Filename="ButtonHandler.java" Intrnl_Id="10"/>
<SrcFile Content="package csse376_puerto_rico;&#13;&#10;&#13;&#10;import java.util.ArrayList;&#13;&#10;import java.util.Arrays;&#13;&#10;import java.util.List;&#13;&#10;&#13;&#10;public class Buildings {&#13;&#10;&#13;&#10;&#9;private ArrayList&lt;Building&gt; buildings;&#13;&#10;&#9;private ArrayList&lt;String&gt; buildingNames = new ArrayList&lt;String&gt;(Arrays.asList(&quot;Small Indigo Plant&quot;,&#13;&#10;&#9;&#9;&#9;&quot;Small Sugar Mill&quot;, &quot;Small Market&quot;, &quot;Hacienda&quot;, &quot;ConstructionHut&quot;,&#13;&#10;&#9;&#9;&#9;&quot;Small Warehouse&quot;, &quot;Indigo Plant&quot;, &quot;Surgar Mill&quot;, &quot;Hospice&quot;));&#13;&#10;&#13;&#10;&#9;public Buildings() {&#13;&#10;&#9;&#9;buildings = new ArrayList&lt;Building&gt;();&#13;&#10;&#9;&#9;// TODO:&#13;&#10;&#9;&#9;// add&#13;&#10;&#9;&#9;// more&#13;&#10;&#13;&#10;&#9;&#9;for (String name : buildingNames) {&#13;&#10;&#9;&#9;&#9;buildings.add(new Building(name));&#13;&#10;&#9;&#9;}&#13;&#10;&#13;&#10;&#9;}&#13;&#10;&#13;&#10;&#9;public ArrayList&lt;Building&gt; getBuildings() {&#13;&#10;&#13;&#10;&#9;&#9;return buildings;&#13;&#10;&#9;}&#13;&#10;&#13;&#10;&#9;public ArrayList&lt;String&gt; getBuildingNames() {&#13;&#10;&#9;&#9;return buildingNames;&#13;&#10;&#9;}&#13;&#10;&#13;&#10;&#9;public static class Building {&#13;&#10;&#13;&#10;&#9;&#9;public String name;&#13;&#10;&#9;&#9;public int cost;&#13;&#10;&#9;&#9;public int points;&#13;&#10;&#9;&#9;public int numberOfJobs;&#13;&#10;&#9;&#9;public int numberOfWorkers;&#13;&#10;&#13;&#10;&#9;&#9;public Building(String name) {&#13;&#10;&#9;&#9;&#9;this.name = name;&#13;&#10;&#9;&#9;&#9;switch (name) {&#13;&#10;&#9;&#9;&#9;case &quot;Small Indigo Plant&quot;:&#13;&#10;&#9;&#9;&#9;&#9;cost = 1;&#13;&#10;&#9;&#9;&#9;&#9;points = 1;&#13;&#10;&#9;&#9;&#9;&#9;numberOfJobs = 1;&#13;&#10;&#9;&#9;&#9;&#9;numberOfWorkers = 0;&#13;&#10;&#9;&#9;&#9;&#9;break;&#13;&#10;&#13;&#10;&#9;&#9;&#9;// TODO: Add all cases for all buildings&#13;&#10;&#9;&#9;&#9;default:&#13;&#10;&#9;&#9;&#9;&#9;cost = 0;&#13;&#10;&#9;&#9;&#9;&#9;points = 0;&#13;&#10;&#9;&#9;&#9;&#9;numberOfJobs = 0;&#13;&#10;&#9;&#9;&#9;&#9;numberOfWorkers = 0;&#13;&#10;&#9;&#9;&#9;}&#13;&#10;&#9;&#9;}&#13;&#10;&#9;}&#13;&#10;}&#13;&#10;" Filename="Buildings.java" Intrnl_Id="11"/>
</SrcFileList>
<CritList>
<CritListEntry Name="org.codecover.model.utils.criteria.LoopCoverage" PluginName="org.codecover"/>
<CritListEntry Name="org.codecover.model.utils.criteria.BranchCoverage" PluginName="org.codecover"/>
<CritListEntry Name="org.codecover.model.utils.criteria.ConditionCoverage" PluginName="org.codecover"/>
<CritListEntry Name="org.codecover.model.utils.criteria.SynchronizedStatementCoverage" PluginName="org.codecover"/>
<CritListEntry Name="org.codecover.model.utils.criteria.QMOCoverage" PluginName="org.codecover"/>
<CritListEntry Name="org.codecover.model.utils.criteria.StatementCoverage" PluginName="org.codecover"/>
</CritList>
<BoolOpList>
<BoolOp Arity="1" Intrnl_Id="12" Name="not (!)">
<BoolAssgnmntBoolMapList>
<MapEntry BoolAssgnmnt="0" Value="true"/>
<MapEntry BoolAssgnmnt="1" Value="false"/>
</BoolAssgnmntBoolMapList>
</BoolOp>
<BoolOp Arity="2" Intrnl_Id="13" Name="conditional and (&amp;&amp;)">
<BoolAssgnmntBoolMapList>
<MapEntry BoolAssgnmnt="10" Value="false"/>
<MapEntry BoolAssgnmnt="02" Value="false"/>
<MapEntry BoolAssgnmnt="11" Value="true"/>
</BoolAssgnmntBoolMapList>
</BoolOp>
<BoolOp Arity="2" Intrnl_Id="14" Name="conditional or (||)">
<BoolAssgnmntBoolMapList>
<MapEntry BoolAssgnmnt="01" Value="true"/>
<MapEntry BoolAssgnmnt="00" Value="false"/>
<MapEntry BoolAssgnmnt="12" Value="true"/>
</BoolAssgnmntBoolMapList>
</BoolOp>
</BoolOpList>
<HierarchyLvlTypeList>
<HierarchyLvlType EnglishName="package" IntrnlName="package" Intrnl_Id="15"/>
<HierarchyLvlType EnglishName="class" IntrnlName="class" Intrnl_Id="16"/>
<HierarchyLvlType EnglishName="method" IntrnlName="method" Intrnl_Id="17"/>
<HierarchyLvlType EnglishName="default package" IntrnlName="default package" Intrnl_Id="18"/>
<HierarchyLvlType EnglishName="anonymous class" IntrnlName="class" Intrnl_Id="19"/>
</HierarchyLvlTypeList>
<MASTRoot>
<HierarchyLvl HierarchyLvlId="2330" HierarchyLvlTypeId="18" Intrnl_Id="20" Name="default package">
<Header/>
<LocList/>
<HierarchyLvl HierarchyLvlId="2329" HierarchyLvlTypeId="15" Intrnl_Id="21" Name="csse376_puerto_rico">
<Header/>
<LocList/>
<HierarchyLvl HierarchyLvlId="2245" HierarchyLvlTypeId="16" Intrnl_Id="22" Name="StartUpGameBoardGUI">
<Header>
<Loc EndOffset="234" SrcFileId="1" StartOffset="202"/>
</Header>
<LocList>
<Loc EndOffset="1071" SrcFileId="1" StartOffset="202"/>
</LocList>
<HierarchyLvl HierarchyLvlId="2244" HierarchyLvlTypeId="17" Intrnl_Id="23" Name="StartUpGameBoardGUI">
<Header>
<Loc EndOffset="307" SrcFileId="1" StartOffset="267"/>
</Header>
<LocList>
<Loc EndOffset="1068" SrcFileId="1" StartOffset="267"/>
</LocList>
<StmntSeq Intrnl_Id="24">
<LocList>
<Loc EndOffset="335" SrcFileId="1" StartOffset="312"/>
<Loc EndOffset="382" SrcFileId="1" StartOffset="338"/>
<Loc EndOffset="430" SrcFileId="1" StartOffset="385"/>
<Loc EndOffset="475" SrcFileId="1" StartOffset="433"/>
<Loc EndOffset="520" SrcFileId="1" StartOffset="478"/>
<Loc EndOffset="556" SrcFileId="1" StartOffset="524"/>
<Loc EndOffset="600" SrcFileId="1" StartOffset="562"/>
<Loc EndOffset="650" SrcFileId="1" StartOffset="603"/>
<Loc EndOffset="701" SrcFileId="1" StartOffset="653"/>
<Loc EndOffset="752" SrcFileId="1" StartOffset="704"/>
<Loc EndOffset="770" SrcFileId="1" StartOffset="755"/>
<Loc EndOffset="788" SrcFileId="1" StartOffset="773"/>
<Loc EndOffset="806" SrcFileId="1" StartOffset="791"/>
<Loc EndOffset="855" SrcFileId="1" StartOffset="812"/>
<Loc EndOffset="930" SrcFileId="1" StartOffset="858"/>
<Loc EndOffset="955" SrcFileId="1" StartOffset="936"/>
<Loc EndOffset="977" SrcFileId="1" StartOffset="958"/>
<Loc EndOffset="999" SrcFileId="1" StartOffset="980"/>
<Loc EndOffset="1029" SrcFileId="1" StartOffset="1002"/>
<Loc EndOffset="1065" SrcFileId="1" StartOffset="1035"/>
</LocList>
<BasicStmnt CovItemId="S1" CovItemPrefix="csse376_puerto_rico.StartUpGameBoardGUI.java" Intrnl_Id="25">
<LocList>
<Loc EndOffset="335" SrcFileId="1" StartOffset="312"/>
</LocList>
</BasicStmnt>
<BasicStmnt CovItemId="S2" CovItemPrefix="csse376_puerto_rico.StartUpGameBoardGUI.java" Intrnl_Id="26">
<LocList>
<Loc EndOffset="382" SrcFileId="1" StartOffset="338"/>
</LocList>
</BasicStmnt>
<BasicStmnt CovItemId="S3" CovItemPrefix="csse376_puerto_rico.StartUpGameBoardGUI.java" Intrnl_Id="27">
<LocList>
<Loc EndOffset="430" SrcFileId="1" StartOffset="385"/>
</LocList>
</BasicStmnt>
<BasicStmnt CovItemId="S4" CovItemPrefix="csse376_puerto_rico.StartUpGameBoardGUI.java" Intrnl_Id="28">
<LocList>
<Loc EndOffset="475" SrcFileId="1" StartOffset="433"/>
</LocList>
</BasicStmnt>
<BasicStmnt CovItemId="S5" CovItemPrefix="csse376_puerto_rico.StartUpGameBoardGUI.java" Intrnl_Id="29">
<LocList>
<Loc EndOffset="520" SrcFileId="1" StartOffset="478"/>
</LocList>
</BasicStmnt>
<BasicStmnt CovItemId="S6" CovItemPrefix="csse376_puerto_rico.StartUpGameBoardGUI.java" Intrnl_Id="30">
<LocList>
<Loc EndOffset="556" SrcFileId="1" StartOffset="524"/>
</LocList>
</BasicStmnt>
<BasicStmnt CovItemId="S7" CovItemPrefix="csse376_puerto_rico.StartUpGameBoardGUI.java" Intrnl_Id="31">
<LocList>
<Loc EndOffset="600" SrcFileId="1" StartOffset="562"/>
</LocList>
</BasicStmnt>
<BasicStmnt CovItemId="S8" CovItemPrefix="csse376_puerto_rico.StartUpGameBoardGUI.java" Intrnl_Id="32">
<LocList>
<Loc EndOffset="650" SrcFileId="1" StartOffset="603"/>
</LocList>
</BasicStmnt>
<BasicStmnt CovItemId="S9" CovItemPrefix="csse376_puerto_rico.StartUpGameBoardGUI.java" Intrnl_Id="33">
<LocList>
<Loc EndOffset="701" SrcFileId="1" StartOffset="653"/>
</LocList>
</BasicStmnt>
<BasicStmnt CovItemId="S10" CovItemPrefix="csse376_puerto_rico.StartUpGameBoardGUI.java" Intrnl_Id="34">
<LocList>
<Loc EndOffset="752" SrcFileId="1" StartOffset="704"/>
</LocList>
</BasicStmnt>
<BasicStmnt CovItemId="S11" CovItemPrefix="csse376_puerto_rico.StartUpGameBoardGUI.java" Intrnl_Id="35">
<LocList>
<Loc EndOffset="770" SrcFileId="1" StartOffset="755"/>
</LocList>
</BasicStmnt>
<BasicStmnt CovItemId="S12" CovItemPrefix="csse376_puerto_rico.StartUpGameBoardGUI.java" Intrnl_Id="36">
<LocList>
<Loc EndOffset="788" SrcFileId="1" StartOffset="773"/>
</LocList>
</BasicStmnt>
<BasicStmnt CovItemId="S13" CovItemPrefix="csse376_puerto_rico.StartUpGameBoardGUI.java" Intrnl_Id="37">
<LocList>
<Loc EndOffset="806" SrcFileId="1" StartOffset="791"/>
</LocList>
</BasicStmnt>
<BasicStmnt CovItemId="S14" CovItemPrefix="csse376_puerto_rico.StartUpGameBoardGUI.java" Intrnl_Id="38">
<LocList>
<Loc EndOffset="855" SrcFileId="1" StartOffset="812"/>
</LocList>
</BasicStmnt>
<BasicStmnt CovItemId="S15" CovItemPrefix="csse376_puerto_rico.StartUpGameBoardGUI.java" Intrnl_Id="39">
<LocList>
<Loc EndOffset="930" SrcFileId="1" StartOffset="858"/>
</LocList>
</BasicStmnt>
<BasicStmnt CovItemId="S16" CovItemPrefix="csse376_puerto_rico.StartUpGameBoardGUI.java" Intrnl_Id="40">
<LocList>
<Loc EndOffset="955" SrcFileId="1" StartOffset="936"/>
</LocList>
</BasicStmnt>
<BasicStmnt CovItemId="S17" CovItemPrefix="csse376_puerto_rico.StartUpGameBoardGUI.java" Intrnl_Id="41">
<LocList>
<Loc EndOffset="977" SrcFileId="1" StartOffset="958"/>
</LocList>
</BasicStmnt>
<BasicStmnt CovItemId="S18" CovItemPrefix="csse376_puerto_rico.StartUpGameBoardGUI.java" Intrnl_Id="42">
<LocList>
<Loc EndOffset="999" SrcFileId="1" StartOffset="980"/>
</LocList>
</BasicStmnt>
<BasicStmnt CovItemId="S19" CovItemPrefix="csse376_puerto_rico.StartUpGameBoardGUI.java" Intrnl_Id="43">
<LocList>
<Loc EndOffset="1029" SrcFileId="1" StartOffset="1002"/>
</LocList>
</BasicStmnt>
<BasicStmnt CovItemId="S20" CovItemPrefix="csse376_puerto_rico.StartUpGameBoardGUI.java" Intrnl_Id="44">
<LocList>
<Loc EndOffset="1065" SrcFileId="1" StartOffset="1035"/>
</LocList>
</BasicStmnt>
</StmntSeq>
</HierarchyLvl>
</HierarchyLvl>
<HierarchyLvl HierarchyLvlId="2248" HierarchyLvlTypeId="16" Intrnl_Id="45" Name="PlayerRoles">
<Header>
<Loc EndOffset="184" SrcFileId="2" StartOffset="160"/>
</Header>
<LocList>
<Loc EndOffset="862" SrcFileId="2" StartOffset="160"/>
</LocList>
<StmntSeq Intrnl_Id="46">
<LocList>
<Loc EndOffset="236" SrcFileId="2" StartOffset="189"/>
<Loc EndOffset="286" SrcFileId="2" StartOffset="239"/>
<Loc EndOffset="340" SrcFileId="2" StartOffset="289"/>
<Loc EndOffset="388" SrcFileId="2" StartOffset="343"/>
<Loc EndOffset="438" SrcFileId="2" StartOffset="391"/>
<Loc EndOffset="494" SrcFileId="2" StartOffset="441"/>
<Loc EndOffset="540" SrcFileId="2" StartOffset="497"/>
</LocList>
<BasicStmnt CovItemId="S1" CovItemPrefix="csse376_puerto_rico.PlayerRoles.java" Intrnl_Id="47">
<LocList>
<Loc EndOffset="236" SrcFileId="2" StartOffset="189"/>
</LocList>
</BasicStmnt>
<BasicStmnt CovItemId="S2" CovItemPrefix="csse376_puerto_rico.PlayerRoles.java" Intrnl_Id="48">
<LocList>
<Loc EndOffset="286" SrcFileId="2" StartOffset="239"/>
</LocList>
</BasicStmnt>
<BasicStmnt CovItemId="S3" CovItemPrefix="csse376_puerto_rico.PlayerRoles.java" Intrnl_Id="49">
<LocList>
<Loc EndOffset="340" SrcFileId="2" StartOffset="289"/>
</LocList>
</BasicStmnt>
<BasicStmnt CovItemId="S4" CovItemPrefix="csse376_puerto_rico.PlayerRoles.java" Intrnl_Id="50">
<LocList>
<Loc EndOffset="388" SrcFileId="2" StartOffset="343"/>
</LocList>
</BasicStmnt>
<BasicStmnt CovItemId="S5" CovItemPrefix="csse376_puerto_rico.PlayerRoles.java" Intrnl_Id="51">
<LocList>
<Loc EndOffset="438" SrcFileId="2" StartOffset="391"/>
</LocList>
</BasicStmnt>
<BasicStmnt CovItemId="S6" CovItemPrefix="csse376_puerto_rico.PlayerRoles.java" Intrnl_Id="52">
<LocList>
<Loc EndOffset="494" SrcFileId="2" StartOffset="441"/>
</LocList>
</BasicStmnt>
<BasicStmnt CovItemId="S7" CovItemPrefix="csse376_puerto_rico.PlayerRoles.java" Intrnl_Id="53">
<LocList>
<Loc EndOffset="540" SrcFileId="2" StartOffset="497"/>
</LocList>
</BasicStmnt>
</StmntSeq>
<HierarchyLvl HierarchyLvlId="2246" HierarchyLvlTypeId="17" Intrnl_Id="54" Name="PlayerRoles">
<Header>
<Loc EndOffset="566" SrcFileId="2" StartOffset="545"/>
</Header>
<LocList>
<Loc EndOffset="595" SrcFileId="2" StartOffset="545"/>
</LocList>
</HierarchyLvl>
<HierarchyLvl HierarchyLvlId="2247" HierarchyLvlTypeId="17" Intrnl_Id="55" Name="getValues">
<Header>
<Loc EndOffset="638" SrcFileId="2" StartOffset="600"/>
</Header>
<LocList>
<Loc EndOffset="859" SrcFileId="2" StartOffset="600"/>
</LocList>
<StmntSeq Intrnl_Id="56">
<LocList>
<Loc EndOffset="687" SrcFileId="2" StartOffset="644"/>
<Loc EndOffset="710" SrcFileId="2" StartOffset="693"/>
<Loc EndOffset="731" SrcFileId="2" StartOffset="714"/>
<Loc EndOffset="754" SrcFileId="2" StartOffset="735"/>
<Loc EndOffset="774" SrcFileId="2" StartOffset="758"/>
<Loc EndOffset="795" SrcFileId="2" StartOffset="778"/>
<Loc EndOffset="819" SrcFileId="2" StartOffset="799"/>
<Loc EndOffset="838" SrcFileId="2" StartOffset="823"/>
<Loc EndOffset="855" SrcFileId="2" StartOffset="844"/>
</LocList>
<BasicStmnt CovItemId="S8" CovItemPrefix="csse376_puerto_rico.PlayerRoles.java" Intrnl_Id="57">
<LocList>
<Loc EndOffset="687" SrcFileId="2" StartOffset="644"/>
</LocList>
</BasicStmnt>
<BasicStmnt CovItemId="S9" CovItemPrefix="csse376_puerto_rico.PlayerRoles.java" Intrnl_Id="58">
<LocList>
<Loc EndOffset="710" SrcFileId="2" StartOffset="693"/>
</LocList>
</BasicStmnt>
<BasicStmnt CovItemId="S10" CovItemPrefix="csse376_puerto_rico.PlayerRoles.java" Intrnl_Id="59">
<LocList>
<Loc EndOffset="731" SrcFileId="2" StartOffset="714"/>
</LocList>
</BasicStmnt>
<BasicStmnt CovItemId="S11" CovItemPrefix="csse376_puerto_rico.PlayerRoles.java" Intrnl_Id="60">
<LocList>
<Loc EndOffset="754" SrcFileId="2" StartOffset="735"/>
</LocList>
</BasicStmnt>
<BasicStmnt CovItemId="S12" CovItemPrefix="csse376_puerto_rico.PlayerRoles.java" Intrnl_Id="61">
<LocList>
<Loc EndOffset="774" SrcFileId="2" StartOffset="758"/>
</LocList>
</BasicStmnt>
<BasicStmnt CovItemId="S13" CovItemPrefix="csse376_puerto_rico.PlayerRoles.java" Intrnl_Id="62">
<LocList>
<Loc EndOffset="795" SrcFileId="2" StartOffset="778"/>
</LocList>
</BasicStmnt>
<BasicStmnt CovItemId="S14" CovItemPrefix="csse376_puerto_rico.PlayerRoles.java" Intrnl_Id="63">
<LocList>
<Loc EndOffset="819" SrcFileId="2" StartOffset="799"/>
</LocList>
</BasicStmnt>
<BasicStmnt CovItemId="S15" CovItemPrefix="csse376_puerto_rico.PlayerRoles.java" Intrnl_Id="64">
<LocList>
<Loc EndOffset="838" SrcFileId="2" StartOffset="823"/>
</LocList>
</BasicStmnt>
<BasicStmnt CovItemId="S16" CovItemPrefix="csse376_puerto_rico.PlayerRoles.java" Intrnl_Id="65">
<LocList>
<Loc EndOffset="855" SrcFileId="2" StartOffset="844"/>
</LocList>
</BasicStmnt>
</StmntSeq>
</HierarchyLvl>
</HierarchyLvl>
<HierarchyLvl HierarchyLvlId="2280" HierarchyLvlTypeId="16" Intrnl_Id="66" Name="Player">
<Header>
<Loc EndOffset="242" SrcFileId="3" StartOffset="223"/>
</Header>
<LocList>
<Loc EndOffset="495" SrcFileId="3" StartOffset="223"/>
<Loc EndOffset="771" SrcFileId="3" StartOffset="766"/>
<Loc EndOffset="5720" SrcFileId="3" StartOffset="975"/>
</LocList>
<StmntSeq Intrnl_Id="67">
<LocList>
<Loc EndOffset="419" SrcFileId="3" StartOffset="396"/>
<Loc EndOffset="490" SrcFileId="3" StartOffset="424"/>
<Loc EndOffset="1052" SrcFileId="3" StartOffset="980"/>
<Loc EndOffset="1127" SrcFileId="3" StartOffset="1055"/>
<Loc EndOffset="1190" SrcFileId="3" StartOffset="1130"/>
</LocList>
<BasicStmnt CovItemId="S1" CovItemPrefix="csse376_puerto_rico.Player.java" Intrnl_Id="68">
<LocList>
<Loc EndOffset="419" SrcFileId="3" StartOffset="396"/>
</LocList>
</BasicStmnt>
<BasicStmnt CovItemId="S2" CovItemPrefix="csse376_puerto_rico.Player.java" Intrnl_Id="69">
<LocList>
<Loc EndOffset="490" SrcFileId="3" StartOffset="424"/>
</LocList>
</BasicStmnt>
<BasicStmnt CovItemId="S5" CovItemPrefix="csse376_puerto_rico.Player.java" Intrnl_Id="70">
<LocList>
<Loc EndOffset="1052" SrcFileId="3" StartOffset="980"/>
</LocList>
</BasicStmnt>
<BasicStmnt CovItemId="S6" CovItemPrefix="csse376_puerto_rico.Player.java" Intrnl_Id="71">
<LocList>
<Loc EndOffset="1127" SrcFileId="3" StartOffset="1055"/>
</LocList>
</BasicStmnt>
<BasicStmnt CovItemId="S7" CovItemPrefix="csse376_puerto_rico.Player.java" Intrnl_Id="72">
<LocList>
<Loc EndOffset="1190" SrcFileId="3" StartOffset="1130"/>
</LocList>
</BasicStmnt>
</StmntSeq>
<HierarchyLvl HierarchyLvlId="2249" HierarchyLvlTypeId="16" Intrnl_Id="73" Name="Good">
<Header>
<Loc EndOffset="519" SrcFileId="3" StartOffset="495"/>
</Header>
<LocList>
<Loc EndOffset="766" SrcFileId="3" StartOffset="495"/>
</LocList>
</HierarchyLvl>
<HierarchyLvl HierarchyLvlId="2251" HierarchyLvlTypeId="16" Intrnl_Id="74" Name="Plantation">
<Header>
<Loc EndOffset="801" SrcFileId="3" StartOffset="771"/>
</Header>
<LocList>
<Loc EndOffset="975" SrcFileId="3" StartOffset="771"/>
</LocList>
<HierarchyLvl HierarchyLvlId="2250" HierarchyLvlTypeId="17" Intrnl_Id="75" Name="Plantation">
<Header>
<Loc EndOffset="910" SrcFileId="3" StartOffset="861"/>
</Header>
<LocList>
<Loc EndOffset="971" SrcFileId="3" StartOffset="861"/>
</LocList>
<StmntSeq Intrnl_Id="76">
<LocList>
<Loc EndOffset="934" SrcFileId="3" StartOffset="917"/>
<Loc EndOffset="966" SrcFileId="3" StartOffset="939"/>
</LocList>
<BasicStmnt CovItemId="S3" CovItemPrefix="csse376_puerto_rico.Player.java" Intrnl_Id="77">
<LocList>
<Loc EndOffset="934" SrcFileId="3" StartOffset="917"/>
</LocList>
</BasicStmnt>
<BasicStmnt CovItemId="S4" CovItemPrefix="csse376_puerto_rico.Player.java" Intrnl_Id="78">
<LocList>
<Loc EndOffset="966" SrcFileId="3" StartOffset="939"/>
</LocList>
</BasicStmnt>
</StmntSeq>
</HierarchyLvl>
</HierarchyLvl>
<HierarchyLvl HierarchyLvlId="2252" HierarchyLvlTypeId="17" Intrnl_Id="79" Name="Player">
<Header>
<Loc EndOffset="1249" SrcFileId="3" StartOffset="1234"/>
</Header>
<LocList>
<Loc EndOffset="1446" SrcFileId="3" StartOffset="1234"/>
</LocList>
<StmntSeq Intrnl_Id="80">
<LocList>
<Loc EndOffset="1274" SrcFileId="3" StartOffset="1255"/>
<Loc EndOffset="1292" SrcFileId="3" StartOffset="1278"/>
<Loc EndOffset="1311" SrcFileId="3" StartOffset="1296"/>
<Loc EndOffset="1339" SrcFileId="3" StartOffset="1315"/>
<Loc EndOffset="1370" SrcFileId="3" StartOffset="1343"/>
<Loc EndOffset="1442" SrcFileId="3" StartOffset="1374"/>
</LocList>
<BasicStmnt CovItemId="S8" CovItemPrefix="csse376_puerto_rico.Player.java" Intrnl_Id="81">
<LocList>
<Loc EndOffset="1274" SrcFileId="3" StartOffset="1255"/>
</LocList>
</BasicStmnt>
<BasicStmnt CovItemId="S9" CovItemPrefix="csse376_puerto_rico.Player.java" Intrnl_Id="82">
<LocList>
<Loc EndOffset="1292" SrcFileId="3" StartOffset="1278"/>
</LocList>
</BasicStmnt>
<BasicStmnt CovItemId="S10" CovItemPrefix="csse376_puerto_rico.Player.java" Intrnl_Id="83">
<LocList>
<Loc EndOffset="1311" SrcFileId="3" StartOffset="1296"/>
</LocList>
</BasicStmnt>
<BasicStmnt CovItemId="S11" CovItemPrefix="csse376_puerto_rico.Player.java" Intrnl_Id="84">
<LocList>
<Loc EndOffset="1339" SrcFileId="3" StartOffset="1315"/>
</LocList>
</BasicStmnt>
<BasicStmnt CovItemId="S12" CovItemPrefix="csse376_puerto_rico.Player.java" Intrnl_Id="85">
<LocList>
<Loc EndOffset="1370" SrcFileId="3" StartOffset="1343"/>
</LocList>
</BasicStmnt>
<LoopStmnt CovItemId="S13" CovItemPrefix="csse376_puerto_rico.Player.java" Intrnl_Id="86" MltplExecId="L1-2" MltplExecPrefix="csse376_puerto_rico.Player.java" NvrExecId="L1-0" NvrExecPrefix="csse376_puerto_rico.Player.java" OnceExecutedId="L1-1" OnceExecutedPrefix="csse376_puerto_rico.Player.java" OptBodyExec="true">
<StmntSeq Intrnl_Id="87">
<LocList>
<Loc EndOffset="1437" SrcFileId="3" StartOffset="1416"/>
</LocList>
<BasicStmnt CovItemId="S14" CovItemPrefix="csse376_puerto_rico.Player.java" Intrnl_Id="88">
<LocList>
<Loc EndOffset="1437" SrcFileId="3" StartOffset="1416"/>
</LocList>
</BasicStmnt>
</StmntSeq>
<Keyword EndOffset="1377" SrcFileId="3" StartOffset="1374"/>
<LocList>
<Loc EndOffset="1442" SrcFileId="3" StartOffset="1374"/>
</LocList>
</LoopStmnt>
</StmntSeq>
</HierarchyLvl>
<HierarchyLvl HierarchyLvlId="2253" HierarchyLvlTypeId="17" Intrnl_Id="89" Name="Player">
<Header>
<Loc EndOffset="1477" SrcFileId="3" StartOffset="1451"/>
</Header>
<LocList>
<Loc EndOffset="1671" SrcFileId="3" StartOffset="1451"/>
</LocList>
<StmntSeq Intrnl_Id="90">
<LocList>
<Loc EndOffset="1500" SrcFileId="3" StartOffset="1483"/>
<Loc EndOffset="1523" SrcFileId="3" StartOffset="1504"/>
<Loc EndOffset="1551" SrcFileId="3" StartOffset="1527"/>
<Loc EndOffset="1575" SrcFileId="3" StartOffset="1555"/>
<Loc EndOffset="1595" SrcFileId="3" StartOffset="1579"/>
<Loc EndOffset="1667" SrcFileId="3" StartOffset="1599"/>
</LocList>
<BasicStmnt CovItemId="S15" CovItemPrefix="csse376_puerto_rico.Player.java" Intrnl_Id="91">
<LocList>
<Loc EndOffset="1500" SrcFileId="3" StartOffset="1483"/>
</LocList>
</BasicStmnt>
<BasicStmnt CovItemId="S16" CovItemPrefix="csse376_puerto_rico.Player.java" Intrnl_Id="92">
<LocList>
<Loc EndOffset="1523" SrcFileId="3" StartOffset="1504"/>
</LocList>
</BasicStmnt>
<BasicStmnt CovItemId="S17" CovItemPrefix="csse376_puerto_rico.Player.java" Intrnl_Id="93">
<LocList>
<Loc EndOffset="1551" SrcFileId="3" StartOffset="1527"/>
</LocList>
</BasicStmnt>
<BasicStmnt CovItemId="S18" CovItemPrefix="csse376_puerto_rico.Player.java" Intrnl_Id="94">
<LocList>
<Loc EndOffset="1575" SrcFileId="3" StartOffset="1555"/>
</LocList>
</BasicStmnt>
<BasicStmnt CovItemId="S19" CovItemPrefix="csse376_puerto_rico.Player.java" Intrnl_Id="95">
<LocList>
<Loc EndOffset="1595" SrcFileId="3" StartOffset="1579"/>
</LocList>
</BasicStmnt>
<LoopStmnt CovItemId="S20" CovItemPrefix="csse376_puerto_rico.Player.java" Intrnl_Id="96" MltplExecId="L2-2" MltplExecPrefix="csse376_puerto_rico.Player.java" NvrExecId="L2-0" NvrExecPrefix="csse376_puerto_rico.Player.java" OnceExecutedId="L2-1" OnceExecutedPrefix="csse376_puerto_rico.Player.java" OptBodyExec="true">
<StmntSeq Intrnl_Id="97">
<LocList>
<Loc EndOffset="1662" SrcFileId="3" StartOffset="1641"/>
</LocList>
<BasicStmnt CovItemId="S21" CovItemPrefix="csse376_puerto_rico.Player.java" Intrnl_Id="98">
<LocList>
<Loc EndOffset="1662" SrcFileId="3" StartOffset="1641"/>
</LocList>
</BasicStmnt>
</StmntSeq>
<Keyword EndOffset="1602" SrcFileId="3" StartOffset="1599"/>
<LocList>
<Loc EndOffset="1667" SrcFileId="3" StartOffset="1599"/>
</LocList>
</LoopStmnt>
</StmntSeq>
</HierarchyLvl>
<HierarchyLvl HierarchyLvlId="2254" HierarchyLvlTypeId="17" Intrnl_Id="99" Name="setPlayerNum">
<Header>
<Loc EndOffset="1707" SrcFileId="3" StartOffset="1676"/>
</Header>
<LocList>
<Loc EndOffset="1733" SrcFileId="3" StartOffset="1676"/>
</LocList>
<StmntSeq Intrnl_Id="100">
<LocList>
<Loc EndOffset="1727" SrcFileId="3" StartOffset="1713"/>
</LocList>
<BasicStmnt CovItemId="S22" CovItemPrefix="csse376_puerto_rico.Player.java" Intrnl_Id="101">
<LocList>
<Loc EndOffset="1727" SrcFileId="3" StartOffset="1713"/>
</LocList>
</BasicStmnt>
</StmntSeq>
</HierarchyLvl>
<HierarchyLvl HierarchyLvlId="2255" HierarchyLvlTypeId="17" Intrnl_Id="102" Name="getPlayerNum">
<Header>
<Loc EndOffset="1763" SrcFileId="3" StartOffset="1738"/>
</Header>
<LocList>
<Loc EndOffset="1790" SrcFileId="3" StartOffset="1738"/>
</LocList>
<StmntSeq Intrnl_Id="103">
<LocList>
<Loc EndOffset="1786" SrcFileId="3" StartOffset="1769"/>
</LocList>
<BasicStmnt CovItemId="S23" CovItemPrefix="csse376_puerto_rico.Player.java" Intrnl_Id="104">
<LocList>
<Loc EndOffset="1786" SrcFileId="3" StartOffset="1769"/>
</LocList>
</BasicStmnt>
</StmntSeq>
</HierarchyLvl>
<HierarchyLvl HierarchyLvlId="2256" HierarchyLvlTypeId="17" Intrnl_Id="105" Name="getRole">
<Header>
<Loc EndOffset="1818" SrcFileId="3" StartOffset="1795"/>
</Header>
<LocList>
<Loc EndOffset="1845" SrcFileId="3" StartOffset="1795"/>
</LocList>
<StmntSeq Intrnl_Id="106">
<LocList>
<Loc EndOffset="1841" SrcFileId="3" StartOffset="1824"/>
</LocList>
<BasicStmnt CovItemId="S24" CovItemPrefix="csse376_puerto_rico.Player.java" Intrnl_Id="107">
<LocList>
<Loc EndOffset="1841" SrcFileId="3" StartOffset="1824"/>
</LocList>
</BasicStmnt>
</StmntSeq>
</HierarchyLvl>
<HierarchyLvl HierarchyLvlId="2257" HierarchyLvlTypeId="17" Intrnl_Id="108" Name="getRoles">
<Header>
<Loc EndOffset="1887" SrcFileId="3" StartOffset="1850"/>
</Header>
<LocList>
<Loc EndOffset="1912" SrcFileId="3" StartOffset="1850"/>
</LocList>
<StmntSeq Intrnl_Id="109">
<LocList>
<Loc EndOffset="1908" SrcFileId="3" StartOffset="1895"/>
</LocList>
<BasicStmnt CovItemId="S25" CovItemPrefix="csse376_puerto_rico.Player.java" Intrnl_Id="110">
<LocList>
<Loc EndOffset="1908" SrcFileId="3" StartOffset="1895"/>
</LocList>
</BasicStmnt>
</StmntSeq>
</HierarchyLvl>
<HierarchyLvl HierarchyLvlId="2258" HierarchyLvlTypeId="17" Intrnl_Id="111" Name="getPoints">
<Header>
<Loc EndOffset="1939" SrcFileId="3" StartOffset="1917"/>
</Header>
<LocList>
<Loc EndOffset="1963" SrcFileId="3" StartOffset="1917"/>
</LocList>
<StmntSeq Intrnl_Id="112">
<LocList>
<Loc EndOffset="1959" SrcFileId="3" StartOffset="1945"/>
</LocList>
<BasicStmnt CovItemId="S26" CovItemPrefix="csse376_puerto_rico.Player.java" Intrnl_Id="113">
<LocList>
<Loc EndOffset="1959" SrcFileId="3" StartOffset="1945"/>
</LocList>
</BasicStmnt>
</StmntSeq>
</HierarchyLvl>
<HierarchyLvl HierarchyLvlId="2259" HierarchyLvlTypeId="17" Intrnl_Id="114" Name="getHUD">
<Header>
<Loc EndOffset="1993" SrcFileId="3" StartOffset="1968"/>
</Header>
<LocList>
<Loc EndOffset="2019" SrcFileId="3" StartOffset="1968"/>
</LocList>
<StmntSeq Intrnl_Id="115">
<LocList>
<Loc EndOffset="2015" SrcFileId="3" StartOffset="1999"/>
</LocList>
<BasicStmnt CovItemId="S27" CovItemPrefix="csse376_puerto_rico.Player.java" Intrnl_Id="116">
<LocList>
<Loc EndOffset="2015" SrcFileId="3" StartOffset="1999"/>
</LocList>
</BasicStmnt>
</StmntSeq>
</HierarchyLvl>
<HierarchyLvl HierarchyLvlId="2260" HierarchyLvlTypeId="17" Intrnl_Id="117" Name="setHUD">
<Header>
<Loc EndOffset="2057" SrcFileId="3" StartOffset="2024"/>
</Header>
<LocList>
<Loc EndOffset="2082" SrcFileId="3" StartOffset="2024"/>
</LocList>
<StmntSeq Intrnl_Id="118">
<LocList>
<Loc EndOffset="2078" SrcFileId="3" StartOffset="2063"/>
</LocList>
<BasicStmnt CovItemId="S28" CovItemPrefix="csse376_puerto_rico.Player.java" Intrnl_Id="119">
<LocList>
<Loc EndOffset="2078" SrcFileId="3" StartOffset="2063"/>
</LocList>
</BasicStmnt>
</StmntSeq>
</HierarchyLvl>
<HierarchyLvl HierarchyLvlId="2261" HierarchyLvlTypeId="17" Intrnl_Id="120" Name="isGovernor">
<Header>
<Loc EndOffset="2114" SrcFileId="3" StartOffset="2087"/>
</Header>
<LocList>
<Loc EndOffset="2142" SrcFileId="3" StartOffset="2087"/>
</LocList>
<StmntSeq Intrnl_Id="121">
<LocList>
<Loc EndOffset="2138" SrcFileId="3" StartOffset="2120"/>
</LocList>
<BasicStmnt CovItemId="S29" CovItemPrefix="csse376_puerto_rico.Player.java" Intrnl_Id="122">
<LocList>
<Loc EndOffset="2138" SrcFileId="3" StartOffset="2120"/>
</LocList>
</BasicStmnt>
</StmntSeq>
</HierarchyLvl>
<HierarchyLvl HierarchyLvlId="2262" HierarchyLvlTypeId="17" Intrnl_Id="123" Name="addPoints">
<Header>
<Loc EndOffset="2182" SrcFileId="3" StartOffset="2147"/>
</Header>
<LocList>
<Loc EndOffset="2229" SrcFileId="3" StartOffset="2147"/>
</LocList>
<StmntSeq Intrnl_Id="124">
<LocList>
<Loc EndOffset="2225" SrcFileId="3" StartOffset="2188"/>
</LocList>
<BasicStmnt CovItemId="S30" CovItemPrefix="csse376_puerto_rico.Player.java" Intrnl_Id="125">
<LocList>
<Loc EndOffset="2225" SrcFileId="3" StartOffset="2188"/>
</LocList>
</BasicStmnt>
</StmntSeq>
</HierarchyLvl>
<HierarchyLvl HierarchyLvlId="2263" HierarchyLvlTypeId="17" Intrnl_Id="126" Name="setPoints">
<Header>
<Loc EndOffset="2284" SrcFileId="3" StartOffset="2251"/>
</Header>
<LocList>
<Loc EndOffset="2364" SrcFileId="3" StartOffset="2251"/>
</LocList>
<StmntSeq Intrnl_Id="127">
<LocList>
<Loc EndOffset="2360" SrcFileId="3" StartOffset="2339"/>
</LocList>
<BasicStmnt CovItemId="S31" CovItemPrefix="csse376_puerto_rico.Player.java" Intrnl_Id="128">
<LocList>
<Loc EndOffset="2360" SrcFileId="3" StartOffset="2339"/>
</LocList>
</BasicStmnt>
</StmntSeq>
</HierarchyLvl>
<HierarchyLvl HierarchyLvlId="2264" HierarchyLvlTypeId="17" Intrnl_Id="129" Name="setRole">
<Header>
<Loc EndOffset="2403" SrcFileId="3" StartOffset="2369"/>
</Header>
<LocList>
<Loc EndOffset="2432" SrcFileId="3" StartOffset="2369"/>
</LocList>
<StmntSeq Intrnl_Id="130">
<LocList>
<Loc EndOffset="2428" SrcFileId="3" StartOffset="2409"/>
</LocList>
<BasicStmnt CovItemId="S32" CovItemPrefix="csse376_puerto_rico.Player.java" Intrnl_Id="131">
<LocList>
<Loc EndOffset="2428" SrcFileId="3" StartOffset="2409"/>
</LocList>
</BasicStmnt>
</StmntSeq>
</HierarchyLvl>
<HierarchyLvl HierarchyLvlId="2265" HierarchyLvlTypeId="17" Intrnl_Id="132" Name="addBuilding">
<Header>
<Loc EndOffset="2479" SrcFileId="3" StartOffset="2437"/>
</Header>
<LocList>
<Loc EndOffset="2513" SrcFileId="3" StartOffset="2437"/>
</LocList>
<StmntSeq Intrnl_Id="133">
<LocList>
<Loc EndOffset="2509" SrcFileId="3" StartOffset="2485"/>
</LocList>
<BasicStmnt CovItemId="S33" CovItemPrefix="csse376_puerto_rico.Player.java" Intrnl_Id="134">
<LocList>
<Loc EndOffset="2509" SrcFileId="3" StartOffset="2485"/>
</LocList>
</BasicStmnt>
</StmntSeq>
</HierarchyLvl>
<HierarchyLvl HierarchyLvlId="2266" HierarchyLvlTypeId="17" Intrnl_Id="135" Name="getBuildingsStringList">
<Header>
<Loc EndOffset="2567" SrcFileId="3" StartOffset="2518"/>
</Header>
<LocList>
<Loc EndOffset="2705" SrcFileId="3" StartOffset="2518"/>
</LocList>
<StmntSeq Intrnl_Id="136">
<LocList>
<Loc EndOffset="2621" SrcFileId="3" StartOffset="2573"/>
<Loc EndOffset="2686" SrcFileId="3" StartOffset="2625"/>
<Loc EndOffset="2701" SrcFileId="3" StartOffset="2690"/>
</LocList>
<BasicStmnt CovItemId="S34" CovItemPrefix="csse376_puerto_rico.Player.java" Intrnl_Id="137">
<LocList>
<Loc EndOffset="2621" SrcFileId="3" StartOffset="2573"/>
</LocList>
</BasicStmnt>
<LoopStmnt CovItemId="S35" CovItemPrefix="csse376_puerto_rico.Player.java" Intrnl_Id="138" MltplExecId="L3-2" MltplExecPrefix="csse376_puerto_rico.Player.java" NvrExecId="L3-0" NvrExecPrefix="csse376_puerto_rico.Player.java" OnceExecutedId="L3-1" OnceExecutedPrefix="csse376_puerto_rico.Player.java" OptBodyExec="true">
<StmntSeq Intrnl_Id="139">
<LocList>
<Loc EndOffset="2681" SrcFileId="3" StartOffset="2665"/>
</LocList>
<BasicStmnt CovItemId="S36" CovItemPrefix="csse376_puerto_rico.Player.java" Intrnl_Id="140">
<LocList>
<Loc EndOffset="2681" SrcFileId="3" StartOffset="2665"/>
</LocList>
</BasicStmnt>
</StmntSeq>
<Keyword EndOffset="2628" SrcFileId="3" StartOffset="2625"/>
<LocList>
<Loc EndOffset="2686" SrcFileId="3" StartOffset="2625"/>
</LocList>
</LoopStmnt>
<BasicStmnt CovItemId="S37" CovItemPrefix="csse376_puerto_rico.Player.java" Intrnl_Id="141">
<LocList>
<Loc EndOffset="2701" SrcFileId="3" StartOffset="2690"/>
</LocList>
</BasicStmnt>
</StmntSeq>
</HierarchyLvl>
<HierarchyLvl HierarchyLvlId="2267" HierarchyLvlTypeId="17" Intrnl_Id="142" Name="getBuildings">
<Header>
<Loc EndOffset="2751" SrcFileId="3" StartOffset="2710"/>
</Header>
<LocList>
<Loc EndOffset="2783" SrcFileId="3" StartOffset="2710"/>
</LocList>
<StmntSeq Intrnl_Id="143">
<LocList>
<Loc EndOffset="2779" SrcFileId="3" StartOffset="2757"/>
</LocList>
<BasicStmnt CovItemId="S38" CovItemPrefix="csse376_puerto_rico.Player.java" Intrnl_Id="144">
<LocList>
<Loc EndOffset="2779" SrcFileId="3" StartOffset="2757"/>
</LocList>
</BasicStmnt>
</StmntSeq>
</HierarchyLvl>
<HierarchyLvl HierarchyLvlId="2268" HierarchyLvlTypeId="17" Intrnl_Id="145" Name="getGoods">
<Header>
<Loc EndOffset="2818" SrcFileId="3" StartOffset="2788"/>
</Header>
<LocList>
<Loc EndOffset="3364" SrcFileId="3" StartOffset="2788"/>
</LocList>
<StmntSeq Intrnl_Id="146">
<LocList>
<Loc EndOffset="2873" SrcFileId="3" StartOffset="2830"/>
<Loc EndOffset="2957" SrcFileId="3" StartOffset="2877"/>
<Loc EndOffset="3044" SrcFileId="3" StartOffset="2961"/>
<Loc EndOffset="3117" SrcFileId="3" StartOffset="3048"/>
<Loc EndOffset="3193" SrcFileId="3" StartOffset="3121"/>
<Loc EndOffset="3277" SrcFileId="3" StartOffset="3197"/>
<Loc EndOffset="3345" SrcFileId="3" StartOffset="3281"/>
<Loc EndOffset="3360" SrcFileId="3" StartOffset="3349"/>
</LocList>
<BasicStmnt CovItemId="S39" CovItemPrefix="csse376_puerto_rico.Player.java" Intrnl_Id="147">
<LocList>
<Loc EndOffset="2873" SrcFileId="3" StartOffset="2830"/>
</LocList>
</BasicStmnt>
<BasicStmnt CovItemId="S40" CovItemPrefix="csse376_puerto_rico.Player.java" Intrnl_Id="148">
<LocList>
<Loc EndOffset="2957" SrcFileId="3" StartOffset="2877"/>
</LocList>
</BasicStmnt>
<BasicStmnt CovItemId="S41" CovItemPrefix="csse376_puerto_rico.Player.java" Intrnl_Id="149">
<LocList>
<Loc EndOffset="3044" SrcFileId="3" StartOffset="2961"/>
</LocList>
</BasicStmnt>
<BasicStmnt CovItemId="S42" CovItemPrefix="csse376_puerto_rico.Player.java" Intrnl_Id="150">
<LocList>
<Loc EndOffset="3117" SrcFileId="3" StartOffset="3048"/>
</LocList>
</BasicStmnt>
<BasicStmnt CovItemId="S43" CovItemPrefix="csse376_puerto_rico.Player.java" Intrnl_Id="151">
<LocList>
<Loc EndOffset="3193" SrcFileId="3" StartOffset="3121"/>
</LocList>
</BasicStmnt>
<BasicStmnt CovItemId="S44" CovItemPrefix="csse376_puerto_rico.Player.java" Intrnl_Id="152">
<LocList>
<Loc EndOffset="3277" SrcFileId="3" StartOffset="3197"/>
</LocList>
</BasicStmnt>
<BasicStmnt CovItemId="S45" CovItemPrefix="csse376_puerto_rico.Player.java" Intrnl_Id="153">
<LocList>
<Loc EndOffset="3345" SrcFileId="3" StartOffset="3281"/>
</LocList>
</BasicStmnt>
<BasicStmnt CovItemId="S46" CovItemPrefix="csse376_puerto_rico.Player.java" Intrnl_Id="154">
<LocList>
<Loc EndOffset="3360" SrcFileId="3" StartOffset="3349"/>
</LocList>
</BasicStmnt>
</StmntSeq>
</HierarchyLvl>
<HierarchyLvl HierarchyLvlId="2269" HierarchyLvlTypeId="17" Intrnl_Id="155" Name="getNumberOfGood">
<Header>
<Loc EndOffset="3408" SrcFileId="3" StartOffset="3369"/>
</Header>
<LocList>
<Loc EndOffset="3549" SrcFileId="3" StartOffset="3369"/>
</LocList>
<StmntSeq Intrnl_Id="156">
<LocList>
<Loc EndOffset="3511" SrcFileId="3" StartOffset="3457"/>
<Loc EndOffset="3543" SrcFileId="3" StartOffset="3515"/>
</LocList>
<CondStmnt CovItemId="S47" CovItemPrefix="csse376_puerto_rico.Player.java" Intrnl_Id="157">
<Branch CovItemId="B1" CovItemPrefix="csse376_puerto_rico.Player.java" Implct="false" Intrnl_Id="158">
<Cond/>
<LocList>
<Loc EndOffset="3511" SrcFileId="3" StartOffset="3491"/>
</LocList>
<StmntSeq Intrnl_Id="159">
<LocList>
<Loc EndOffset="3506" SrcFileId="3" StartOffset="3497"/>
</LocList>
<BasicStmnt CovItemId="S48" CovItemPrefix="csse376_puerto_rico.Player.java" Intrnl_Id="160">
<LocList>
<Loc EndOffset="3506" SrcFileId="3" StartOffset="3497"/>
</LocList>
</BasicStmnt>
</StmntSeq>
</Branch>
<Branch CovItemId="B2" CovItemPrefix="csse376_puerto_rico.Player.java" Implct="true" Intrnl_Id="161">
<Cond/>
<LocList/>
<StmntSeq Intrnl_Id="162">
<LocList/>
</StmntSeq>
</Branch>
<Keyword EndOffset="3459" SrcFileId="3" StartOffset="3457"/>
<LocList>
<Loc EndOffset="3511" SrcFileId="3" StartOffset="3457"/>
</LocList>
<RootTerm CovItemId="C1" CovItemPrefix="csse376_puerto_rico.Player.java" Intrnl_Id="163">
<BasicBoolTerm Intrnl_Id="164">
<LocList>
<Loc EndOffset="3489" SrcFileId="3" StartOffset="3461"/>
</LocList>
</BasicBoolTerm>
</RootTerm>
</CondStmnt>
<BasicStmnt CovItemId="S49" CovItemPrefix="csse376_puerto_rico.Player.java" Intrnl_Id="165">
<LocList>
<Loc EndOffset="3543" SrcFileId="3" StartOffset="3515"/>
</LocList>
</BasicStmnt>
</StmntSeq>
</HierarchyLvl>
<HierarchyLvl HierarchyLvlId="2270" HierarchyLvlTypeId="17" Intrnl_Id="166" Name="getAllGoods">
<Header>
<Loc EndOffset="3587" SrcFileId="3" StartOffset="3554"/>
</Header>
<LocList>
<Loc EndOffset="3753" SrcFileId="3" StartOffset="3554"/>
</LocList>
<StmntSeq Intrnl_Id="167">
<LocList>
<Loc EndOffset="3636" SrcFileId="3" StartOffset="3593"/>
<Loc EndOffset="3734" SrcFileId="3" StartOffset="3640"/>
<Loc EndOffset="3749" SrcFileId="3" StartOffset="3738"/>
</LocList>
<BasicStmnt CovItemId="S50" CovItemPrefix="csse376_puerto_rico.Player.java" Intrnl_Id="168">
<LocList>
<Loc EndOffset="3636" SrcFileId="3" StartOffset="3593"/>
</LocList>
</BasicStmnt>
<BasicStmnt CovItemId="S51" CovItemPrefix="csse376_puerto_rico.Player.java" Intrnl_Id="169">
<LocList>
<Loc EndOffset="3734" SrcFileId="3" StartOffset="3640"/>
</LocList>
</BasicStmnt>
<BasicStmnt CovItemId="S52" CovItemPrefix="csse376_puerto_rico.Player.java" Intrnl_Id="170">
<LocList>
<Loc EndOffset="3749" SrcFileId="3" StartOffset="3738"/>
</LocList>
</BasicStmnt>
</StmntSeq>
</HierarchyLvl>
<HierarchyLvl HierarchyLvlId="2271" HierarchyLvlTypeId="17" Intrnl_Id="171" Name="addGood">
<Header>
<Loc EndOffset="3802" SrcFileId="3" StartOffset="3758"/>
</Header>
<LocList>
<Loc EndOffset="3902" SrcFileId="3" StartOffset="3758"/>
</LocList>
<StmntSeq Intrnl_Id="172">
<LocList>
<Loc EndOffset="3898" SrcFileId="3" StartOffset="3846"/>
</LocList>
<BasicStmnt CovItemId="S53" CovItemPrefix="csse376_puerto_rico.Player.java" Intrnl_Id="173">
<LocList>
<Loc EndOffset="3898" SrcFileId="3" StartOffset="3846"/>
</LocList>
</BasicStmnt>
</StmntSeq>
</HierarchyLvl>
<HierarchyLvl HierarchyLvlId="2272" HierarchyLvlTypeId="17" Intrnl_Id="174" Name="toString">
<Header>
<Loc EndOffset="3943" SrcFileId="3" StartOffset="3907"/>
</Header>
<LocList>
<Loc EndOffset="4836" SrcFileId="3" StartOffset="3907"/>
</LocList>
<StmntSeq Intrnl_Id="175">
<LocList>
<Loc EndOffset="3965" SrcFileId="3" StartOffset="3949"/>
<Loc EndOffset="3994" SrcFileId="3" StartOffset="3969"/>
<Loc EndOffset="4044" SrcFileId="3" StartOffset="3998"/>
<Loc EndOffset="4075" SrcFileId="3" StartOffset="4048"/>
<Loc EndOffset="4201" SrcFileId="3" StartOffset="4079"/>
<Loc EndOffset="4336" SrcFileId="3" StartOffset="4205"/>
<Loc EndOffset="4817" SrcFileId="3" StartOffset="4340"/>
<Loc EndOffset="4832" SrcFileId="3" StartOffset="4821"/>
</LocList>
<BasicStmnt CovItemId="S54" CovItemPrefix="csse376_puerto_rico.Player.java" Intrnl_Id="176">
<LocList>
<Loc EndOffset="3965" SrcFileId="3" StartOffset="3949"/>
</LocList>
</BasicStmnt>
<BasicStmnt CovItemId="S55" CovItemPrefix="csse376_puerto_rico.Player.java" Intrnl_Id="177">
<LocList>
<Loc EndOffset="3994" SrcFileId="3" StartOffset="3969"/>
</LocList>
</BasicStmnt>
<BasicStmnt CovItemId="S56" CovItemPrefix="csse376_puerto_rico.Player.java" Intrnl_Id="178">
<LocList>
<Loc EndOffset="4044" SrcFileId="3" StartOffset="3998"/>
</LocList>
</BasicStmnt>
<BasicStmnt CovItemId="S57" CovItemPrefix="csse376_puerto_rico.Player.java" Intrnl_Id="179">
<LocList>
<Loc EndOffset="4075" SrcFileId="3" StartOffset="4048"/>
</LocList>
</BasicStmnt>
<LoopStmnt CovItemId="S58" CovItemPrefix="csse376_puerto_rico.Player.java" Intrnl_Id="180" MltplExecId="L4-2" MltplExecPrefix="csse376_puerto_rico.Player.java" NvrExecId="L4-0" NvrExecPrefix="csse376_puerto_rico.Player.java" OnceExecutedId="L4-1" OnceExecutedPrefix="csse376_puerto_rico.Player.java" OptBodyExec="true">
<StmntSeq Intrnl_Id="181">
<LocList>
<Loc EndOffset="4196" SrcFileId="3" StartOffset="4133"/>
</LocList>
<BasicStmnt CovItemId="S59" CovItemPrefix="csse376_puerto_rico.Player.java" Intrnl_Id="182">
<LocList>
<Loc EndOffset="4196" SrcFileId="3" StartOffset="4133"/>
</LocList>
</BasicStmnt>
</StmntSeq>
<Keyword EndOffset="4082" SrcFileId="3" StartOffset="4079"/>
<LocList>
<Loc EndOffset="4201" SrcFileId="3" StartOffset="4079"/>
</LocList>
<RootTerm CovItemId="C2" CovItemPrefix="csse376_puerto_rico.Player.java" Intrnl_Id="183">
<BasicBoolTerm Intrnl_Id="184">
<LocList>
<Loc EndOffset="4120" SrcFileId="3" StartOffset="4095"/>
</LocList>
</BasicBoolTerm>
</RootTerm>
</LoopStmnt>
<LoopStmnt CovItemId="S60" CovItemPrefix="csse376_puerto_rico.Player.java" Intrnl_Id="185" MltplExecId="L5-2" MltplExecPrefix="csse376_puerto_rico.Player.java" NvrExecId="L5-0" NvrExecPrefix="csse376_puerto_rico.Player.java" OnceExecutedId="L5-1" OnceExecutedPrefix="csse376_puerto_rico.Player.java" OptBodyExec="true">
<StmntSeq Intrnl_Id="186">
<LocList>
<Loc EndOffset="4331" SrcFileId="3" StartOffset="4261"/>
</LocList>
<BasicStmnt CovItemId="S61" CovItemPrefix="csse376_puerto_rico.Player.java" Intrnl_Id="187">
<LocList>
<Loc EndOffset="4331" SrcFileId="3" StartOffset="4261"/>
</LocList>
</BasicStmnt>
</StmntSeq>
<Keyword EndOffset="4208" SrcFileId="3" StartOffset="4205"/>
<LocList>
<Loc EndOffset="4336" SrcFileId="3" StartOffset="4205"/>
</LocList>
<RootTerm CovItemId="C3" CovItemPrefix="csse376_puerto_rico.Player.java" Intrnl_Id="188">
<BasicBoolTerm Intrnl_Id="189">
<LocList>
<Loc EndOffset="4248" SrcFileId="3" StartOffset="4221"/>
</LocList>
</BasicBoolTerm>
</RootTerm>
</LoopStmnt>
<CondStmnt CovItemId="S62" CovItemPrefix="csse376_puerto_rico.Player.java" Intrnl_Id="190">
<Branch CovItemId="B3" CovItemPrefix="csse376_puerto_rico.Player.java" Implct="false" Intrnl_Id="191">
<Cond/>
<LocList>
<Loc EndOffset="4589" SrcFileId="3" StartOffset="4356"/>
</LocList>
<StmntSeq Intrnl_Id="192">
<LocList>
<Loc EndOffset="4584" SrcFileId="3" StartOffset="4362"/>
</LocList>
<BasicStmnt CovItemId="S63" CovItemPrefix="csse376_puerto_rico.Player.java" Intrnl_Id="193">
<LocList>
<Loc EndOffset="4584" SrcFileId="3" StartOffset="4362"/>
</LocList>
</BasicStmnt>
</StmntSeq>
</Branch>
<Branch CovItemId="B4" CovItemPrefix="csse376_puerto_rico.Player.java" Implct="false" Intrnl_Id="194">
<Cond>
<Loc EndOffset="4594" SrcFileId="3" StartOffset="4590"/>
</Cond>
<LocList>
<Loc EndOffset="4817" SrcFileId="3" StartOffset="4595"/>
</LocList>
<StmntSeq Intrnl_Id="195">
<LocList>
<Loc EndOffset="4812" SrcFileId="3" StartOffset="4601"/>
</LocList>
<BasicStmnt CovItemId="S64" CovItemPrefix="csse376_puerto_rico.Player.java" Intrnl_Id="196">
<LocList>
<Loc EndOffset="4812" SrcFileId="3" StartOffset="4601"/>
</LocList>
</BasicStmnt>
</StmntSeq>
</Branch>
<Keyword EndOffset="4342" SrcFileId="3" StartOffset="4340"/>
<LocList>
<Loc EndOffset="4817" SrcFileId="3" StartOffset="4340"/>
</LocList>
<RootTerm CovItemId="C4" CovItemPrefix="csse376_puerto_rico.Player.java" Intrnl_Id="197">
<BasicBoolTerm Intrnl_Id="198">
<LocList>
<Loc EndOffset="4354" SrcFileId="3" StartOffset="4344"/>
</LocList>
</BasicBoolTerm>
</RootTerm>
</CondStmnt>
<BasicStmnt CovItemId="S65" CovItemPrefix="csse376_puerto_rico.Player.java" Intrnl_Id="199">
<LocList>
<Loc EndOffset="4832" SrcFileId="3" StartOffset="4821"/>
</LocList>
</BasicStmnt>
</StmntSeq>
</HierarchyLvl>
<HierarchyLvl HierarchyLvlId="2273" HierarchyLvlTypeId="17" Intrnl_Id="200" Name="updatePlayerInfo">
<Header>
<Loc EndOffset="4871" SrcFileId="3" StartOffset="4841"/>
</Header>
<LocList>
<Loc EndOffset="4915" SrcFileId="3" StartOffset="4841"/>
</LocList>
<StmntSeq Intrnl_Id="201">
<LocList>
<Loc EndOffset="4911" SrcFileId="3" StartOffset="4877"/>
</LocList>
<BasicStmnt CovItemId="S66" CovItemPrefix="csse376_puerto_rico.Player.java" Intrnl_Id="202">
<LocList>
<Loc EndOffset="4911" SrcFileId="3" StartOffset="4877"/>
</LocList>
</BasicStmnt>
</StmntSeq>
</HierarchyLvl>
<HierarchyLvl HierarchyLvlId="2274" HierarchyLvlTypeId="17" Intrnl_Id="203" Name="getPlantations">
<Header>
<Loc EndOffset="4965" SrcFileId="3" StartOffset="4920"/>
</Header>
<LocList>
<Loc EndOffset="4999" SrcFileId="3" StartOffset="4920"/>
</LocList>
<StmntSeq Intrnl_Id="204">
<LocList>
<Loc EndOffset="4995" SrcFileId="3" StartOffset="4971"/>
</LocList>
<BasicStmnt CovItemId="S67" CovItemPrefix="csse376_puerto_rico.Player.java" Intrnl_Id="205">
<LocList>
<Loc EndOffset="4995" SrcFileId="3" StartOffset="4971"/>
</LocList>
</BasicStmnt>
</StmntSeq>
</HierarchyLvl>
<HierarchyLvl HierarchyLvlId="2275" HierarchyLvlTypeId="17" Intrnl_Id="206" Name="addPlantations">
<Header>
<Loc EndOffset="5044" SrcFileId="3" StartOffset="5002"/>
</Header>
<LocList>
<Loc EndOffset="5080" SrcFileId="3" StartOffset="5002"/>
</LocList>
<StmntSeq Intrnl_Id="207">
<LocList>
<Loc EndOffset="5076" SrcFileId="3" StartOffset="5050"/>
</LocList>
<BasicStmnt CovItemId="S68" CovItemPrefix="csse376_puerto_rico.Player.java" Intrnl_Id="208">
<LocList>
<Loc EndOffset="5076" SrcFileId="3" StartOffset="5050"/>
</LocList>
</BasicStmnt>
</StmntSeq>
</HierarchyLvl>
<HierarchyLvl HierarchyLvlId="2276" HierarchyLvlTypeId="17" Intrnl_Id="209" Name="getPlantationsStringList">
<Header>
<Loc EndOffset="5134" SrcFileId="3" StartOffset="5083"/>
</Header>
<LocList>
<Loc EndOffset="5276" SrcFileId="3" StartOffset="5083"/>
</LocList>
<StmntSeq Intrnl_Id="210">
<LocList>
<Loc EndOffset="5188" SrcFileId="3" StartOffset="5140"/>
<Loc EndOffset="5257" SrcFileId="3" StartOffset="5192"/>
<Loc EndOffset="5272" SrcFileId="3" StartOffset="5261"/>
</LocList>
<BasicStmnt CovItemId="S69" CovItemPrefix="csse376_puerto_rico.Player.java" Intrnl_Id="211">
<LocList>
<Loc EndOffset="5188" SrcFileId="3" StartOffset="5140"/>
</LocList>
</BasicStmnt>
<LoopStmnt CovItemId="S70" CovItemPrefix="csse376_puerto_rico.Player.java" Intrnl_Id="212" MltplExecId="L6-2" MltplExecPrefix="csse376_puerto_rico.Player.java" NvrExecId="L6-0" NvrExecPrefix="csse376_puerto_rico.Player.java" OnceExecutedId="L6-1" OnceExecutedPrefix="csse376_puerto_rico.Player.java" OptBodyExec="true">
<StmntSeq Intrnl_Id="213">
<LocList>
<Loc EndOffset="5252" SrcFileId="3" StartOffset="5236"/>
</LocList>
<BasicStmnt CovItemId="S71" CovItemPrefix="csse376_puerto_rico.Player.java" Intrnl_Id="214">
<LocList>
<Loc EndOffset="5252" SrcFileId="3" StartOffset="5236"/>
</LocList>
</BasicStmnt>
</StmntSeq>
<Keyword EndOffset="5195" SrcFileId="3" StartOffset="5192"/>
<LocList>
<Loc EndOffset="5257" SrcFileId="3" StartOffset="5192"/>
</LocList>
</LoopStmnt>
<BasicStmnt CovItemId="S72" CovItemPrefix="csse376_puerto_rico.Player.java" Intrnl_Id="215">
<LocList>
<Loc EndOffset="5272" SrcFileId="3" StartOffset="5261"/>
</LocList>
</BasicStmnt>
</StmntSeq>
</HierarchyLvl>
<HierarchyLvl HierarchyLvlId="2277" HierarchyLvlTypeId="17" Intrnl_Id="216" Name="checkPlantation">
<Header>
<Loc EndOffset="5433" SrcFileId="3" StartOffset="5404"/>
</Header>
<LocList>
<Loc EndOffset="5578" SrcFileId="3" StartOffset="5404"/>
</LocList>
<StmntSeq Intrnl_Id="217">
<LocList>
<Loc EndOffset="5574" SrcFileId="3" StartOffset="5439"/>
</LocList>
<LoopStmnt CovItemId="S73" CovItemPrefix="csse376_puerto_rico.Player.java" Intrnl_Id="218" MltplExecId="L7-2" MltplExecPrefix="csse376_puerto_rico.Player.java" NvrExecId="L7-0" NvrExecPrefix="csse376_puerto_rico.Player.java" OnceExecutedId="L7-1" OnceExecutedPrefix="csse376_puerto_rico.Player.java" OptBodyExec="true">
<StmntSeq Intrnl_Id="219">
<LocList>
<Loc EndOffset="5569" SrcFileId="3" StartOffset="5483"/>
</LocList>
<CondStmnt CovItemId="S74" CovItemPrefix="csse376_puerto_rico.Player.java" Intrnl_Id="220">
<Branch CovItemId="B5" CovItemPrefix="csse376_puerto_rico.Player.java" Implct="false" Intrnl_Id="221">
<Cond/>
<LocList>
<Loc EndOffset="5569" SrcFileId="3" StartOffset="5500"/>
</LocList>
<StmntSeq Intrnl_Id="222">
<LocList>
<Loc EndOffset="5563" SrcFileId="3" StartOffset="5539"/>
</LocList>
<BasicStmnt CovItemId="S75" CovItemPrefix="csse376_puerto_rico.Player.java" Intrnl_Id="223">
<LocList>
<Loc EndOffset="5563" SrcFileId="3" StartOffset="5539"/>
</LocList>
</BasicStmnt>
</StmntSeq>
</Branch>
<Branch CovItemId="B6" CovItemPrefix="csse376_puerto_rico.Player.java" Implct="true" Intrnl_Id="224">
<Cond/>
<LocList/>
<StmntSeq Intrnl_Id="225">
<LocList/>
</StmntSeq>
</Branch>
<Keyword EndOffset="5485" SrcFileId="3" StartOffset="5483"/>
<LocList>
<Loc EndOffset="5569" SrcFileId="3" StartOffset="5483"/>
</LocList>
<RootTerm CovItemId="C5" CovItemPrefix="csse376_puerto_rico.Player.java" Intrnl_Id="226">
<BasicBoolTerm Intrnl_Id="227">
<LocList>
<Loc EndOffset="5498" SrcFileId="3" StartOffset="5487"/>
</LocList>
</BasicBoolTerm>
</RootTerm>
</CondStmnt>
</StmntSeq>
<Keyword EndOffset="5442" SrcFileId="3" StartOffset="5439"/>
<LocList>
<Loc EndOffset="5574" SrcFileId="3" StartOffset="5439"/>
</LocList>
</LoopStmnt>
</StmntSeq>
</HierarchyLvl>
<HierarchyLvl HierarchyLvlId="2278" HierarchyLvlTypeId="17" Intrnl_Id="228" Name="getDoubloons">
<Header>
<Loc EndOffset="5609" SrcFileId="3" StartOffset="5584"/>
</Header>
<LocList>
<Loc EndOffset="5643" SrcFileId="3" StartOffset="5584"/>
</LocList>
<StmntSeq Intrnl_Id="229">
<LocList>
<Loc EndOffset="5639" SrcFileId="3" StartOffset="5617"/>
</LocList>
<BasicStmnt CovItemId="S76" CovItemPrefix="csse376_puerto_rico.Player.java" Intrnl_Id="230">
<LocList>
<Loc EndOffset="5639" SrcFileId="3" StartOffset="5617"/>
</LocList>
</BasicStmnt>
</StmntSeq>
</HierarchyLvl>
<HierarchyLvl HierarchyLvlId="2279" HierarchyLvlTypeId="17" Intrnl_Id="231" Name="setDoubloons">
<Header>
<Loc EndOffset="5682" SrcFileId="3" StartOffset="5649"/>
</Header>
<LocList>
<Loc EndOffset="5715" SrcFileId="3" StartOffset="5649"/>
</LocList>
<StmntSeq Intrnl_Id="232">
<LocList>
<Loc EndOffset="5711" SrcFileId="3" StartOffset="5690"/>
</LocList>
<BasicStmnt CovItemId="S77" CovItemPrefix="csse376_puerto_rico.Player.java" Intrnl_Id="233">
<LocList>
<Loc EndOffset="5711" SrcFileId="3" StartOffset="5690"/>
</LocList>
</BasicStmnt>
</StmntSeq>
</HierarchyLvl>
</HierarchyLvl>
<HierarchyLvl HierarchyLvlId="2285" HierarchyLvlTypeId="16" Intrnl_Id="234" Name="NextMoveButton">
<Header>
<Loc EndOffset="236" SrcFileId="4" StartOffset="193"/>
</Header>
<LocList>
<Loc EndOffset="1535" SrcFileId="4" StartOffset="193"/>
</LocList>
<HierarchyLvl HierarchyLvlId="2283" HierarchyLvlTypeId="17" Intrnl_Id="235" Name="NextMoveButton">
<Header>
<Loc EndOffset="298" SrcFileId="4" StartOffset="275"/>
</Header>
<LocList>
<Loc EndOffset="886" SrcFileId="4" StartOffset="275"/>
</LocList>
<StmntSeq Intrnl_Id="236">
<LocList>
<Loc EndOffset="337" SrcFileId="4" StartOffset="306"/>
<Loc EndOffset="399" SrcFileId="4" StartOffset="341"/>
<Loc EndOffset="426" SrcFileId="4" StartOffset="403"/>
<Loc EndOffset="446" SrcFileId="4" StartOffset="430"/>
<Loc EndOffset="473" SrcFileId="4" StartOffset="450"/>
<Loc EndOffset="882" SrcFileId="4" StartOffset="880"/>
</LocList>
<BasicStmnt CovItemId="S1" CovItemPrefix="csse376_puerto_rico.NextMoveButton.java" Intrnl_Id="237">
<LocList>
<Loc EndOffset="337" SrcFileId="4" StartOffset="306"/>
</LocList>
</BasicStmnt>
<BasicStmnt CovItemId="S2" CovItemPrefix="csse376_puerto_rico.NextMoveButton.java" Intrnl_Id="238">
<LocList>
<Loc EndOffset="399" SrcFileId="4" StartOffset="341"/>
</LocList>
</BasicStmnt>
<BasicStmnt CovItemId="S3" CovItemPrefix="csse376_puerto_rico.NextMoveButton.java" Intrnl_Id="239">
<LocList>
<Loc EndOffset="426" SrcFileId="4" StartOffset="403"/>
</LocList>
</BasicStmnt>
<BasicStmnt CovItemId="S4" CovItemPrefix="csse376_puerto_rico.NextMoveButton.java" Intrnl_Id="240">
<LocList>
<Loc EndOffset="446" SrcFileId="4" StartOffset="430"/>
</LocList>
</BasicStmnt>
<BasicStmnt CovItemId="S5" CovItemPrefix="csse376_puerto_rico.NextMoveButton.java" Intrnl_Id="241">
<LocList>
<Loc EndOffset="473" SrcFileId="4" StartOffset="450"/>
<Loc EndOffset="882" SrcFileId="4" StartOffset="880"/>
</LocList>
</BasicStmnt>
</StmntSeq>
<HierarchyLvl HierarchyLvlId="2282" HierarchyLvlTypeId="19" Intrnl_Id="242" Name="ActionListener">
<Header>
<Loc EndOffset="493" SrcFileId="4" StartOffset="477"/>
</Header>
<LocList>
<Loc EndOffset="880" SrcFileId="4" StartOffset="473"/>
</LocList>
<HierarchyLvl HierarchyLvlId="2281" HierarchyLvlTypeId="17" Intrnl_Id="243" Name="actionPerformed">
<Header>
<Loc EndOffset="561" SrcFileId="4" StartOffset="505"/>
</Header>
<LocList>
<Loc EndOffset="875" SrcFileId="4" StartOffset="505"/>
</LocList>
<StmntSeq Intrnl_Id="244">
<LocList>
<Loc EndOffset="601" SrcFileId="4" StartOffset="569"/>
<Loc EndOffset="630" SrcFileId="4" StartOffset="607"/>
<Loc EndOffset="652" SrcFileId="4" StartOffset="636"/>
<Loc EndOffset="678" SrcFileId="4" StartOffset="658"/>
<Loc EndOffset="846" SrcFileId="4" StartOffset="684"/>
<Loc EndOffset="869" SrcFileId="4" StartOffset="858"/>
</LocList>
<BasicStmnt CovItemId="S6" CovItemPrefix="csse376_puerto_rico.NextMoveButton.java" Intrnl_Id="245">
<LocList>
<Loc EndOffset="601" SrcFileId="4" StartOffset="569"/>
</LocList>
</BasicStmnt>
<BasicStmnt CovItemId="S7" CovItemPrefix="csse376_puerto_rico.NextMoveButton.java" Intrnl_Id="246">
<LocList>
<Loc EndOffset="630" SrcFileId="4" StartOffset="607"/>
</LocList>
</BasicStmnt>
<BasicStmnt CovItemId="S8" CovItemPrefix="csse376_puerto_rico.NextMoveButton.java" Intrnl_Id="247">
<LocList>
<Loc EndOffset="652" SrcFileId="4" StartOffset="636"/>
</LocList>
</BasicStmnt>
<BasicStmnt CovItemId="S9" CovItemPrefix="csse376_puerto_rico.NextMoveButton.java" Intrnl_Id="248">
<LocList>
<Loc EndOffset="678" SrcFileId="4" StartOffset="658"/>
</LocList>
</BasicStmnt>
<CondStmnt CovItemId="S10" CovItemPrefix="csse376_puerto_rico.NextMoveButton.java" Intrnl_Id="249">
<Branch CovItemId="B1" CovItemPrefix="csse376_puerto_rico.NextMoveButton.java" Implct="false" Intrnl_Id="250">
<Cond/>
<LocList>
<Loc EndOffset="846" SrcFileId="4" StartOffset="739"/>
</LocList>
<StmntSeq Intrnl_Id="251">
<LocList>
<Loc EndOffset="792" SrcFileId="4" StartOffset="747"/>
<Loc EndOffset="839" SrcFileId="4" StartOffset="799"/>
</LocList>
<BasicStmnt CovItemId="S11" CovItemPrefix="csse376_puerto_rico.NextMoveButton.java" Intrnl_Id="252">
<LocList>
<Loc EndOffset="792" SrcFileId="4" StartOffset="747"/>
</LocList>
</BasicStmnt>
<BasicStmnt CovItemId="S12" CovItemPrefix="csse376_puerto_rico.NextMoveButton.java" Intrnl_Id="253">
<LocList>
<Loc EndOffset="839" SrcFileId="4" StartOffset="799"/>
</LocList>
</BasicStmnt>
</StmntSeq>
</Branch>
<Branch CovItemId="B2" CovItemPrefix="csse376_puerto_rico.NextMoveButton.java" Implct="true" Intrnl_Id="254">
<Cond/>
<LocList/>
<StmntSeq Intrnl_Id="255">
<LocList/>
</StmntSeq>
</Branch>
<Keyword EndOffset="686" SrcFileId="4" StartOffset="684"/>
<LocList>
<Loc EndOffset="846" SrcFileId="4" StartOffset="684"/>
</LocList>
<RootTerm CovItemId="C1" CovItemPrefix="csse376_puerto_rico.NextMoveButton.java" Intrnl_Id="256">
<OpTerm BooleanOpId="13" Intrnl_Id="257">
<BasicBoolTerm Intrnl_Id="258">
<LocList>
<Loc EndOffset="699" SrcFileId="4" StartOffset="687"/>
</LocList>
</BasicBoolTerm>
<BasicBoolTerm Intrnl_Id="259">
<LocList>
<Loc EndOffset="732" SrcFileId="4" StartOffset="703"/>
</LocList>
</BasicBoolTerm>
<LocList>
<Loc EndOffset="702" SrcFileId="4" StartOffset="700"/>
</LocList>
</OpTerm>
</RootTerm>
</CondStmnt>
<BasicStmnt CovItemId="S13" CovItemPrefix="csse376_puerto_rico.NextMoveButton.java" Intrnl_Id="260">
<LocList>
<Loc EndOffset="869" SrcFileId="4" StartOffset="858"/>
</LocList>
</BasicStmnt>
</StmntSeq>
</HierarchyLvl>
</HierarchyLvl>
</HierarchyLvl>
<HierarchyLvl HierarchyLvlId="2284" HierarchyLvlTypeId="17" Intrnl_Id="261" Name="makeMove">
<Header>
<Loc EndOffset="911" SrcFileId="4" StartOffset="889"/>
</Header>
<LocList>
<Loc EndOffset="1532" SrcFileId="4" StartOffset="889"/>
</LocList>
<StmntSeq Intrnl_Id="262">
<LocList>
<Loc EndOffset="1493" SrcFileId="4" StartOffset="1217"/>
<Loc EndOffset="1528" SrcFileId="4" StartOffset="1497"/>
</LocList>
<LoopStmnt CovItemId="S14" CovItemPrefix="csse376_puerto_rico.NextMoveButton.java" Intrnl_Id="263" MltplExecId="L1-2" MltplExecPrefix="csse376_puerto_rico.NextMoveButton.java" NvrExecId="L1-0" NvrExecPrefix="csse376_puerto_rico.NextMoveButton.java" OnceExecutedId="L1-1" OnceExecutedPrefix="csse376_puerto_rico.NextMoveButton.java" OptBodyExec="true">
<StmntSeq Intrnl_Id="264">
<LocList>
<Loc EndOffset="1488" SrcFileId="4" StartOffset="1260"/>
</LocList>
<CondStmnt CovItemId="S15" CovItemPrefix="csse376_puerto_rico.NextMoveButton.java" Intrnl_Id="265">
<Branch CovItemId="B3" CovItemPrefix="csse376_puerto_rico.NextMoveButton.java" Implct="false" Intrnl_Id="266">
<Cond/>
<LocList>
<Loc EndOffset="1488" SrcFileId="4" StartOffset="1290"/>
</LocList>
<StmntSeq Intrnl_Id="267">
<LocList>
<Loc EndOffset="1327" SrcFileId="4" StartOffset="1297"/>
<Loc EndOffset="1470" SrcFileId="4" StartOffset="1333"/>
<Loc EndOffset="1482" SrcFileId="4" StartOffset="1476"/>
</LocList>
<BasicStmnt CovItemId="S16" CovItemPrefix="csse376_puerto_rico.NextMoveButton.java" Intrnl_Id="268">
<LocList>
<Loc EndOffset="1327" SrcFileId="4" StartOffset="1297"/>
</LocList>
</BasicStmnt>
<CondStmnt CovItemId="S17" CovItemPrefix="csse376_puerto_rico.NextMoveButton.java" Intrnl_Id="269">
<Branch CovItemId="B5" CovItemPrefix="csse376_puerto_rico.NextMoveButton.java" Implct="false" Intrnl_Id="270">
<Cond/>
<LocList>
<Loc EndOffset="1408" SrcFileId="4" StartOffset="1364"/>
</LocList>
<StmntSeq Intrnl_Id="271">
<LocList>
<Loc EndOffset="1401" SrcFileId="4" StartOffset="1372"/>
</LocList>
<BasicStmnt CovItemId="S18" CovItemPrefix="csse376_puerto_rico.NextMoveButton.java" Intrnl_Id="272">
<LocList>
<Loc EndOffset="1401" SrcFileId="4" StartOffset="1372"/>
</LocList>
</BasicStmnt>
</StmntSeq>
</Branch>
<Branch CovItemId="B6" CovItemPrefix="csse376_puerto_rico.NextMoveButton.java" Implct="false" Intrnl_Id="273">
<Cond>
<Loc EndOffset="1418" SrcFileId="4" StartOffset="1414"/>
</Cond>
<LocList>
<Loc EndOffset="1470" SrcFileId="4" StartOffset="1424"/>
</LocList>
<StmntSeq Intrnl_Id="274">
<LocList>
<Loc EndOffset="1463" SrcFileId="4" StartOffset="1432"/>
</LocList>
<BasicStmnt CovItemId="S19" CovItemPrefix="csse376_puerto_rico.NextMoveButton.java" Intrnl_Id="275">
<LocList>
<Loc EndOffset="1463" SrcFileId="4" StartOffset="1432"/>
</LocList>
</BasicStmnt>
</StmntSeq>
</Branch>
<Keyword EndOffset="1335" SrcFileId="4" StartOffset="1333"/>
<LocList>
<Loc EndOffset="1470" SrcFileId="4" StartOffset="1333"/>
</LocList>
<RootTerm CovItemId="C4" CovItemPrefix="csse376_puerto_rico.NextMoveButton.java" Intrnl_Id="276">
<BasicBoolTerm Intrnl_Id="277">
<LocList>
<Loc EndOffset="1357" SrcFileId="4" StartOffset="1336"/>
</LocList>
</BasicBoolTerm>
</RootTerm>
</CondStmnt>
<BasicStmnt CovItemId="S20" CovItemPrefix="csse376_puerto_rico.NextMoveButton.java" Intrnl_Id="278">
<LocList>
<Loc EndOffset="1482" SrcFileId="4" StartOffset="1476"/>
</LocList>
</BasicStmnt>
</StmntSeq>
</Branch>
<Branch CovItemId="B4" CovItemPrefix="csse376_puerto_rico.NextMoveButton.java" Implct="true" Intrnl_Id="279">
<Cond/>
<LocList/>
<StmntSeq Intrnl_Id="280">
<LocList/>
</StmntSeq>
</Branch>
<Keyword EndOffset="1262" SrcFileId="4" StartOffset="1260"/>
<LocList>
<Loc EndOffset="1488" SrcFileId="4" StartOffset="1260"/>
</LocList>
<RootTerm CovItemId="C3" CovItemPrefix="csse376_puerto_rico.NextMoveButton.java" Intrnl_Id="281">
<BasicBoolTerm Intrnl_Id="282">
<LocList>
<Loc EndOffset="1284" SrcFileId="4" StartOffset="1263"/>
</LocList>
</BasicBoolTerm>
</RootTerm>
</CondStmnt>
</StmntSeq>
<Keyword EndOffset="1220" SrcFileId="4" StartOffset="1217"/>
<LocList>
<Loc EndOffset="1493" SrcFileId="4" StartOffset="1217"/>
</LocList>
<RootTerm CovItemId="C2" CovItemPrefix="csse376_puerto_rico.NextMoveButton.java" Intrnl_Id="283">
<BasicBoolTerm Intrnl_Id="284">
<LocList>
<Loc EndOffset="1245" SrcFileId="4" StartOffset="1229"/>
</LocList>
</BasicBoolTerm>
</RootTerm>
</LoopStmnt>
<BasicStmnt CovItemId="S21" CovItemPrefix="csse376_puerto_rico.NextMoveButton.java" Intrnl_Id="285">
<LocList>
<Loc EndOffset="1528" SrcFileId="4" StartOffset="1497"/>
</LocList>
</BasicStmnt>
</StmntSeq>
</HierarchyLvl>
</HierarchyLvl>
<HierarchyLvl HierarchyLvlId="2287" HierarchyLvlTypeId="16" Intrnl_Id="286" Name="MenuGUI">
<Header>
<Loc EndOffset="297" SrcFileId="5" StartOffset="277"/>
</Header>
<LocList>
<Loc EndOffset="1547" SrcFileId="5" StartOffset="277"/>
</LocList>
<StmntSeq Intrnl_Id="287">
<LocList>
<Loc EndOffset="372" SrcFileId="5" StartOffset="340"/>
</LocList>
<BasicStmnt CovItemId="S1" CovItemPrefix="csse376_puerto_rico.MenuGUI.java" Intrnl_Id="288">
<LocList>
<Loc EndOffset="372" SrcFileId="5" StartOffset="340"/>
</LocList>
</BasicStmnt>
</StmntSeq>
<HierarchyLvl HierarchyLvlId="2286" HierarchyLvlTypeId="17" Intrnl_Id="289" Name="MenuGUI">
<Header>
<Loc EndOffset="459" SrcFileId="5" StartOffset="443"/>
</Header>
<LocList>
<Loc EndOffset="1542" SrcFileId="5" StartOffset="443"/>
</LocList>
<StmntSeq Intrnl_Id="290">
<LocList>
<Loc EndOffset="513" SrcFileId="5" StartOffset="474"/>
<Loc EndOffset="560" SrcFileId="5" StartOffset="526"/>
<Loc EndOffset="605" SrcFileId="5" StartOffset="573"/>
<Loc EndOffset="680" SrcFileId="5" StartOffset="618"/>
<Loc EndOffset="882" SrcFileId="5" StartOffset="851"/>
<Loc EndOffset="929" SrcFileId="5" StartOffset="895"/>
<Loc EndOffset="996" SrcFileId="5" StartOffset="955"/>
<Loc EndOffset="1055" SrcFileId="5" StartOffset="1009"/>
<Loc EndOffset="1117" SrcFileId="5" StartOffset="1081"/>
<Loc EndOffset="1185" SrcFileId="5" StartOffset="1143"/>
<Loc EndOffset="1260" SrcFileId="5" StartOffset="1198"/>
<Loc EndOffset="1308" SrcFileId="5" StartOffset="1273"/>
<Loc EndOffset="1359" SrcFileId="5" StartOffset="1334"/>
<Loc EndOffset="1394" SrcFileId="5" StartOffset="1372"/>
<Loc EndOffset="1469" SrcFileId="5" StartOffset="1420"/>
<Loc EndOffset="1534" SrcFileId="5" StartOffset="1482"/>
</LocList>
<BasicStmnt CovItemId="S2" CovItemPrefix="csse376_puerto_rico.MenuGUI.java" Intrnl_Id="291">
<LocList>
<Loc EndOffset="513" SrcFileId="5" StartOffset="474"/>
</LocList>
</BasicStmnt>
<BasicStmnt CovItemId="S3" CovItemPrefix="csse376_puerto_rico.MenuGUI.java" Intrnl_Id="292">
<LocList>
<Loc EndOffset="560" SrcFileId="5" StartOffset="526"/>
</LocList>
</BasicStmnt>
<BasicStmnt CovItemId="S4" CovItemPrefix="csse376_puerto_rico.MenuGUI.java" Intrnl_Id="293">
<LocList>
<Loc EndOffset="605" SrcFileId="5" StartOffset="573"/>
</LocList>
</BasicStmnt>
<BasicStmnt CovItemId="S5" CovItemPrefix="csse376_puerto_rico.MenuGUI.java" Intrnl_Id="294">
<LocList>
<Loc EndOffset="680" SrcFileId="5" StartOffset="618"/>
</LocList>
</BasicStmnt>
<BasicStmnt CovItemId="S6" CovItemPrefix="csse376_puerto_rico.MenuGUI.java" Intrnl_Id="295">
<LocList>
<Loc EndOffset="882" SrcFileId="5" StartOffset="851"/>
</LocList>
</BasicStmnt>
<BasicStmnt CovItemId="S7" CovItemPrefix="csse376_puerto_rico.MenuGUI.java" Intrnl_Id="296">
<LocList>
<Loc EndOffset="929" SrcFileId="5" StartOffset="895"/>
</LocList>
</BasicStmnt>
<BasicStmnt CovItemId="S8" CovItemPrefix="csse376_puerto_rico.MenuGUI.java" Intrnl_Id="297">
<LocList>
<Loc EndOffset="996" SrcFileId="5" StartOffset="955"/>
</LocList>
</BasicStmnt>
<BasicStmnt CovItemId="S9" CovItemPrefix="csse376_puerto_rico.MenuGUI.java" Intrnl_Id="298">
<LocList>
<Loc EndOffset="1055" SrcFileId="5" StartOffset="1009"/>
</LocList>
</BasicStmnt>
<BasicStmnt CovItemId="S10" CovItemPrefix="csse376_puerto_rico.MenuGUI.java" Intrnl_Id="299">
<LocList>
<Loc EndOffset="1117" SrcFileId="5" StartOffset="1081"/>
</LocList>
</BasicStmnt>
<BasicStmnt CovItemId="S11" CovItemPrefix="csse376_puerto_rico.MenuGUI.java" Intrnl_Id="300">
<LocList>
<Loc EndOffset="1185" SrcFileId="5" StartOffset="1143"/>
</LocList>
</BasicStmnt>
<BasicStmnt CovItemId="S12" CovItemPrefix="csse376_puerto_rico.MenuGUI.java" Intrnl_Id="301">
<LocList>
<Loc EndOffset="1260" SrcFileId="5" StartOffset="1198"/>
</LocList>
</BasicStmnt>
<BasicStmnt CovItemId="S13" CovItemPrefix="csse376_puerto_rico.MenuGUI.java" Intrnl_Id="302">
<LocList>
<Loc EndOffset="1308" SrcFileId="5" StartOffset="1273"/>
</LocList>
</BasicStmnt>
<BasicStmnt CovItemId="S14" CovItemPrefix="csse376_puerto_rico.MenuGUI.java" Intrnl_Id="303">
<LocList>
<Loc EndOffset="1359" SrcFileId="5" StartOffset="1334"/>
</LocList>
</BasicStmnt>
<BasicStmnt CovItemId="S15" CovItemPrefix="csse376_puerto_rico.MenuGUI.java" Intrnl_Id="304">
<LocList>
<Loc EndOffset="1394" SrcFileId="5" StartOffset="1372"/>
</LocList>
</BasicStmnt>
<BasicStmnt CovItemId="S16" CovItemPrefix="csse376_puerto_rico.MenuGUI.java" Intrnl_Id="305">
<LocList>
<Loc EndOffset="1469" SrcFileId="5" StartOffset="1420"/>
</LocList>
</BasicStmnt>
<BasicStmnt CovItemId="S17" CovItemPrefix="csse376_puerto_rico.MenuGUI.java" Intrnl_Id="306">
<LocList>
<Loc EndOffset="1534" SrcFileId="5" StartOffset="1482"/>
</LocList>
</BasicStmnt>
</StmntSeq>
</HierarchyLvl>
</HierarchyLvl>
<HierarchyLvl HierarchyLvlId="2289" HierarchyLvlTypeId="16" Intrnl_Id="307" Name="Main">
<Header>
<Loc EndOffset="47" SrcFileId="6" StartOffset="30"/>
</Header>
<LocList>
<Loc EndOffset="149" SrcFileId="6" StartOffset="30"/>
</LocList>
<HierarchyLvl HierarchyLvlId="2288" HierarchyLvlTypeId="17" Intrnl_Id="308" Name="main">
<Header>
<Loc EndOffset="125" SrcFileId="6" StartOffset="87"/>
</Header>
<LocList>
<Loc EndOffset="147" SrcFileId="6" StartOffset="87"/>
</LocList>
<StmntSeq Intrnl_Id="309">
<LocList>
<Loc EndOffset="144" SrcFileId="6" StartOffset="130"/>
</LocList>
<BasicStmnt CovItemId="S1" CovItemPrefix="csse376_puerto_rico.Main.java" Intrnl_Id="310">
<LocList>
<Loc EndOffset="144" SrcFileId="6" StartOffset="130"/>
</LocList>
</BasicStmnt>
</StmntSeq>
</HierarchyLvl>
</HierarchyLvl>
<HierarchyLvl HierarchyLvlId="2293" HierarchyLvlTypeId="16" Intrnl_Id="311" Name="GoodsButton">
<Header>
<Loc EndOffset="264" SrcFileId="7" StartOffset="224"/>
</Header>
<LocList>
<Loc EndOffset="1005" SrcFileId="7" StartOffset="224"/>
</LocList>
<HierarchyLvl HierarchyLvlId="2292" HierarchyLvlTypeId="17" Intrnl_Id="312" Name="GoodsButton">
<Header>
<Loc EndOffset="438" SrcFileId="7" StartOffset="389"/>
</Header>
<LocList>
<Loc EndOffset="1002" SrcFileId="7" StartOffset="389"/>
</LocList>
<StmntSeq Intrnl_Id="313">
<LocList>
<Loc EndOffset="458" SrcFileId="7" StartOffset="446"/>
<Loc EndOffset="479" SrcFileId="7" StartOffset="462"/>
<Loc EndOffset="502" SrcFileId="7" StartOffset="483"/>
<Loc EndOffset="528" SrcFileId="7" StartOffset="506"/>
<Loc EndOffset="552" SrcFileId="7" StartOffset="532"/>
<Loc EndOffset="579" SrcFileId="7" StartOffset="556"/>
<Loc EndOffset="959" SrcFileId="7" StartOffset="957"/>
<Loc EndOffset="998" SrcFileId="7" StartOffset="967"/>
</LocList>
<BasicStmnt CovItemId="S1" CovItemPrefix="csse376_puerto_rico.GoodsButton.java" Intrnl_Id="314">
<LocList>
<Loc EndOffset="458" SrcFileId="7" StartOffset="446"/>
</LocList>
</BasicStmnt>
<BasicStmnt CovItemId="S2" CovItemPrefix="csse376_puerto_rico.GoodsButton.java" Intrnl_Id="315">
<LocList>
<Loc EndOffset="479" SrcFileId="7" StartOffset="462"/>
</LocList>
</BasicStmnt>
<BasicStmnt CovItemId="S3" CovItemPrefix="csse376_puerto_rico.GoodsButton.java" Intrnl_Id="316">
<LocList>
<Loc EndOffset="502" SrcFileId="7" StartOffset="483"/>
</LocList>
</BasicStmnt>
<BasicStmnt CovItemId="S4" CovItemPrefix="csse376_puerto_rico.GoodsButton.java" Intrnl_Id="317">
<LocList>
<Loc EndOffset="528" SrcFileId="7" StartOffset="506"/>
</LocList>
</BasicStmnt>
<BasicStmnt CovItemId="S5" CovItemPrefix="csse376_puerto_rico.GoodsButton.java" Intrnl_Id="318">
<LocList>
<Loc EndOffset="552" SrcFileId="7" StartOffset="532"/>
</LocList>
</BasicStmnt>
<BasicStmnt CovItemId="S6" CovItemPrefix="csse376_puerto_rico.GoodsButton.java" Intrnl_Id="319">
<LocList>
<Loc EndOffset="579" SrcFileId="7" StartOffset="556"/>
<Loc EndOffset="959" SrcFileId="7" StartOffset="957"/>
</LocList>
</BasicStmnt>
<BasicStmnt CovItemId="S12" CovItemPrefix="csse376_puerto_rico.GoodsButton.java" Intrnl_Id="320">
<LocList>
<Loc EndOffset="998" SrcFileId="7" StartOffset="967"/>
</LocList>
</BasicStmnt>
</StmntSeq>
<HierarchyLvl HierarchyLvlId="2291" HierarchyLvlTypeId="19" Intrnl_Id="321" Name="ActionListener">
<Header>
<Loc EndOffset="599" SrcFileId="7" StartOffset="583"/>
</Header>
<LocList>
<Loc EndOffset="957" SrcFileId="7" StartOffset="579"/>
</LocList>
<HierarchyLvl HierarchyLvlId="2290" HierarchyLvlTypeId="17" Intrnl_Id="322" Name="actionPerformed">
<Header>
<Loc EndOffset="667" SrcFileId="7" StartOffset="611"/>
</Header>
<LocList>
<Loc EndOffset="952" SrcFileId="7" StartOffset="611"/>
</LocList>
<StmntSeq Intrnl_Id="323">
<LocList>
<Loc EndOffset="946" SrcFileId="7" StartOffset="686"/>
</LocList>
<LoopStmnt CovItemId="S7" CovItemPrefix="csse376_puerto_rico.GoodsButton.java" Intrnl_Id="324" MltplExecId="L1-2" MltplExecPrefix="csse376_puerto_rico.GoodsButton.java" NvrExecId="L1-0" NvrExecPrefix="csse376_puerto_rico.GoodsButton.java" OnceExecutedId="L1-1" OnceExecutedPrefix="csse376_puerto_rico.GoodsButton.java" OptBodyExec="true">
<StmntSeq Intrnl_Id="325">
<LocList>
<Loc EndOffset="758" SrcFileId="7" StartOffset="735"/>
<Loc EndOffset="842" SrcFileId="7" StartOffset="766"/>
<Loc EndOffset="887" SrcFileId="7" StartOffset="850"/>
<Loc EndOffset="938" SrcFileId="7" StartOffset="895"/>
</LocList>
<BasicStmnt CovItemId="S8" CovItemPrefix="csse376_puerto_rico.GoodsButton.java" Intrnl_Id="326">
<LocList>
<Loc EndOffset="758" SrcFileId="7" StartOffset="735"/>
</LocList>
</BasicStmnt>
<BasicStmnt CovItemId="S9" CovItemPrefix="csse376_puerto_rico.GoodsButton.java" Intrnl_Id="327">
<LocList>
<Loc EndOffset="842" SrcFileId="7" StartOffset="766"/>
</LocList>
</BasicStmnt>
<BasicStmnt CovItemId="S10" CovItemPrefix="csse376_puerto_rico.GoodsButton.java" Intrnl_Id="328">
<LocList>
<Loc EndOffset="887" SrcFileId="7" StartOffset="850"/>
</LocList>
</BasicStmnt>
<BasicStmnt CovItemId="S11" CovItemPrefix="csse376_puerto_rico.GoodsButton.java" Intrnl_Id="329">
<LocList>
<Loc EndOffset="938" SrcFileId="7" StartOffset="895"/>
</LocList>
</BasicStmnt>
</StmntSeq>
<Keyword EndOffset="689" SrcFileId="7" StartOffset="686"/>
<LocList>
<Loc EndOffset="946" SrcFileId="7" StartOffset="686"/>
</LocList>
<RootTerm CovItemId="C1" CovItemPrefix="csse376_puerto_rico.GoodsButton.java" Intrnl_Id="330">
<BasicBoolTerm Intrnl_Id="331">
<LocList>
<Loc EndOffset="714" SrcFileId="7" StartOffset="698"/>
</LocList>
</BasicBoolTerm>
</RootTerm>
</LoopStmnt>
</StmntSeq>
</HierarchyLvl>
</HierarchyLvl>
</HierarchyLvl>
</HierarchyLvl>
<HierarchyLvl HierarchyLvlId="2305" HierarchyLvlTypeId="16" Intrnl_Id="332" Name="GameState">
<Header>
<Loc EndOffset="274" SrcFileId="8" StartOffset="252"/>
</Header>
<LocList>
<Loc EndOffset="5209" SrcFileId="8" StartOffset="252"/>
</LocList>
<StmntSeq Intrnl_Id="333">
<LocList>
<Loc EndOffset="353" SrcFileId="8" StartOffset="281"/>
<Loc EndOffset="442" SrcFileId="8" StartOffset="416"/>
<Loc EndOffset="503" SrcFileId="8" StartOffset="477"/>
<Loc EndOffset="564" SrcFileId="8" StartOffset="538"/>
<Loc EndOffset="637" SrcFileId="8" StartOffset="599"/>
<Loc EndOffset="790" SrcFileId="8" StartOffset="754"/>
</LocList>
<BasicStmnt CovItemId="S1" CovItemPrefix="csse376_puerto_rico.GameState.java" Intrnl_Id="334">
<LocList>
<Loc EndOffset="353" SrcFileId="8" StartOffset="281"/>
</LocList>
</BasicStmnt>
<BasicStmnt CovItemId="S2" CovItemPrefix="csse376_puerto_rico.GameState.java" Intrnl_Id="335">
<LocList>
<Loc EndOffset="442" SrcFileId="8" StartOffset="416"/>
</LocList>
</BasicStmnt>
<BasicStmnt CovItemId="S3" CovItemPrefix="csse376_puerto_rico.GameState.java" Intrnl_Id="336">
<LocList>
<Loc EndOffset="503" SrcFileId="8" StartOffset="477"/>
</LocList>
</BasicStmnt>
<BasicStmnt CovItemId="S4" CovItemPrefix="csse376_puerto_rico.GameState.java" Intrnl_Id="337">
<LocList>
<Loc EndOffset="564" SrcFileId="8" StartOffset="538"/>
</LocList>
</BasicStmnt>
<BasicStmnt CovItemId="S5" CovItemPrefix="csse376_puerto_rico.GameState.java" Intrnl_Id="338">
<LocList>
<Loc EndOffset="637" SrcFileId="8" StartOffset="599"/>
</LocList>
</BasicStmnt>
<BasicStmnt CovItemId="S6" CovItemPrefix="csse376_puerto_rico.GameState.java" Intrnl_Id="339">
<LocList>
<Loc EndOffset="790" SrcFileId="8" StartOffset="754"/>
</LocList>
</BasicStmnt>
</StmntSeq>
<HierarchyLvl HierarchyLvlId="2294" HierarchyLvlTypeId="17" Intrnl_Id="340" Name="GameState">
<Header>
<Loc EndOffset="813" SrcFileId="8" StartOffset="795"/>
</Header>
<LocList>
<Loc EndOffset="1184" SrcFileId="8" StartOffset="795"/>
</LocList>
<StmntSeq Intrnl_Id="341">
<LocList>
<Loc EndOffset="893" SrcFileId="8" StartOffset="860"/>
<Loc EndOffset="928" SrcFileId="8" StartOffset="897"/>
<Loc EndOffset="965" SrcFileId="8" StartOffset="932"/>
<Loc EndOffset="1001" SrcFileId="8" StartOffset="969"/>
<Loc EndOffset="1039" SrcFileId="8" StartOffset="1005"/>
<Loc EndOffset="1082" SrcFileId="8" StartOffset="1063"/>
<Loc EndOffset="1107" SrcFileId="8" StartOffset="1086"/>
<Loc EndOffset="1155" SrcFileId="8" StartOffset="1141"/>
<Loc EndOffset="1180" SrcFileId="8" StartOffset="1161"/>
</LocList>
<BasicStmnt CovItemId="S7" CovItemPrefix="csse376_puerto_rico.GameState.java" Intrnl_Id="342">
<LocList>
<Loc EndOffset="893" SrcFileId="8" StartOffset="860"/>
</LocList>
</BasicStmnt>
<BasicStmnt CovItemId="S8" CovItemPrefix="csse376_puerto_rico.GameState.java" Intrnl_Id="343">
<LocList>
<Loc EndOffset="928" SrcFileId="8" StartOffset="897"/>
</LocList>
</BasicStmnt>
<BasicStmnt CovItemId="S9" CovItemPrefix="csse376_puerto_rico.GameState.java" Intrnl_Id="344">
<LocList>
<Loc EndOffset="965" SrcFileId="8" StartOffset="932"/>
</LocList>
</BasicStmnt>
<BasicStmnt CovItemId="S10" CovItemPrefix="csse376_puerto_rico.GameState.java" Intrnl_Id="345">
<LocList>
<Loc EndOffset="1001" SrcFileId="8" StartOffset="969"/>
</LocList>
</BasicStmnt>
<BasicStmnt CovItemId="S11" CovItemPrefix="csse376_puerto_rico.GameState.java" Intrnl_Id="346">
<LocList>
<Loc EndOffset="1039" SrcFileId="8" StartOffset="1005"/>
</LocList>
</BasicStmnt>
<BasicStmnt CovItemId="S12" CovItemPrefix="csse376_puerto_rico.GameState.java" Intrnl_Id="347">
<LocList>
<Loc EndOffset="1082" SrcFileId="8" StartOffset="1063"/>
</LocList>
</BasicStmnt>
<BasicStmnt CovItemId="S13" CovItemPrefix="csse376_puerto_rico.GameState.java" Intrnl_Id="348">
<LocList>
<Loc EndOffset="1107" SrcFileId="8" StartOffset="1086"/>
</LocList>
</BasicStmnt>
<BasicStmnt CovItemId="S14" CovItemPrefix="csse376_puerto_rico.GameState.java" Intrnl_Id="349">
<LocList>
<Loc EndOffset="1155" SrcFileId="8" StartOffset="1141"/>
</LocList>
</BasicStmnt>
<BasicStmnt CovItemId="S15" CovItemPrefix="csse376_puerto_rico.GameState.java" Intrnl_Id="350">
<LocList>
<Loc EndOffset="1180" SrcFileId="8" StartOffset="1161"/>
</LocList>
</BasicStmnt>
</StmntSeq>
</HierarchyLvl>
<HierarchyLvl HierarchyLvlId="2295" HierarchyLvlTypeId="17" Intrnl_Id="351" Name="GameState">
<Header>
<Loc EndOffset="1227" SrcFileId="8" StartOffset="1189"/>
</Header>
<LocList>
<Loc EndOffset="2635" SrcFileId="8" StartOffset="1189"/>
</LocList>
<StmntSeq Intrnl_Id="352">
<LocList>
<Loc EndOffset="1337" SrcFileId="8" StartOffset="1266"/>
<Loc EndOffset="1388" SrcFileId="8" StartOffset="1355"/>
<Loc EndOffset="1424" SrcFileId="8" StartOffset="1392"/>
<Loc EndOffset="1462" SrcFileId="8" StartOffset="1428"/>
<Loc EndOffset="1499" SrcFileId="8" StartOffset="1466"/>
<Loc EndOffset="1537" SrcFileId="8" StartOffset="1503"/>
<Loc EndOffset="1614" SrcFileId="8" StartOffset="1591"/>
<Loc EndOffset="1648" SrcFileId="8" StartOffset="1618"/>
<Loc EndOffset="1684" SrcFileId="8" StartOffset="1652"/>
<Loc EndOffset="1761" SrcFileId="8" StartOffset="1690"/>
<Loc EndOffset="1836" SrcFileId="8" StartOffset="1765"/>
<Loc EndOffset="2580" SrcFileId="8" StartOffset="1842"/>
<Loc EndOffset="2629" SrcFileId="8" StartOffset="2614"/>
</LocList>
<LoopStmnt CovItemId="S16" CovItemPrefix="csse376_puerto_rico.GameState.java" Intrnl_Id="353" MltplExecId="L1-2" MltplExecPrefix="csse376_puerto_rico.GameState.java" NvrExecId="L1-0" NvrExecPrefix="csse376_puerto_rico.GameState.java" OnceExecutedId="L1-1" OnceExecutedPrefix="csse376_puerto_rico.GameState.java" OptBodyExec="true">
<StmntSeq Intrnl_Id="354">
<LocList>
<Loc EndOffset="1332" SrcFileId="8" StartOffset="1297"/>
</LocList>
<BasicStmnt CovItemId="S17" CovItemPrefix="csse376_puerto_rico.GameState.java" Intrnl_Id="355">
<LocList>
<Loc EndOffset="1332" SrcFileId="8" StartOffset="1297"/>
</LocList>
</BasicStmnt>
</StmntSeq>
<Keyword EndOffset="1269" SrcFileId="8" StartOffset="1266"/>
<LocList>
<Loc EndOffset="1337" SrcFileId="8" StartOffset="1266"/>
</LocList>
</LoopStmnt>
<BasicStmnt CovItemId="S18" CovItemPrefix="csse376_puerto_rico.GameState.java" Intrnl_Id="356">
<LocList>
<Loc EndOffset="1388" SrcFileId="8" StartOffset="1355"/>
</LocList>
</BasicStmnt>
<BasicStmnt CovItemId="S19" CovItemPrefix="csse376_puerto_rico.GameState.java" Intrnl_Id="357">
<LocList>
<Loc EndOffset="1424" SrcFileId="8" StartOffset="1392"/>
</LocList>
</BasicStmnt>
<BasicStmnt CovItemId="S20" CovItemPrefix="csse376_puerto_rico.GameState.java" Intrnl_Id="358">
<LocList>
<Loc EndOffset="1462" SrcFileId="8" StartOffset="1428"/>
</LocList>
</BasicStmnt>
<BasicStmnt CovItemId="S21" CovItemPrefix="csse376_puerto_rico.GameState.java" Intrnl_Id="359">
<LocList>
<Loc EndOffset="1499" SrcFileId="8" StartOffset="1466"/>
</LocList>
</BasicStmnt>
<BasicStmnt CovItemId="S22" CovItemPrefix="csse376_puerto_rico.GameState.java" Intrnl_Id="360">
<LocList>
<Loc EndOffset="1537" SrcFileId="8" StartOffset="1503"/>
</LocList>
</BasicStmnt>
<BasicStmnt CovItemId="S23" CovItemPrefix="csse376_puerto_rico.GameState.java" Intrnl_Id="361">
<LocList>
<Loc EndOffset="1614" SrcFileId="8" StartOffset="1591"/>
</LocList>
</BasicStmnt>
<BasicStmnt CovItemId="S24" CovItemPrefix="csse376_puerto_rico.GameState.java" Intrnl_Id="362">
<LocList>
<Loc EndOffset="1648" SrcFileId="8" StartOffset="1618"/>
</LocList>
</BasicStmnt>
<BasicStmnt CovItemId="S25" CovItemPrefix="csse376_puerto_rico.GameState.java" Intrnl_Id="363">
<LocList>
<Loc EndOffset="1684" SrcFileId="8" StartOffset="1652"/>
</LocList>
</BasicStmnt>
<BasicStmnt CovItemId="S26" CovItemPrefix="csse376_puerto_rico.GameState.java" Intrnl_Id="364">
<LocList>
<Loc EndOffset="1761" SrcFileId="8" StartOffset="1690"/>
</LocList>
</BasicStmnt>
<BasicStmnt CovItemId="S27" CovItemPrefix="csse376_puerto_rico.GameState.java" Intrnl_Id="365">
<LocList>
<Loc EndOffset="1836" SrcFileId="8" StartOffset="1765"/>
</LocList>
</BasicStmnt>
<CondStmnt CovItemId="S28" CovItemPrefix="csse376_puerto_rico.GameState.java" Intrnl_Id="366">
<Branch CovItemId="B1" CovItemPrefix="csse376_puerto_rico.GameState.java" Implct="false" Intrnl_Id="367">
<Cond/>
<LocList>
<Loc EndOffset="2001" SrcFileId="8" StartOffset="1865"/>
</LocList>
<StmntSeq Intrnl_Id="368">
<LocList>
<Loc EndOffset="1891" SrcFileId="8" StartOffset="1871"/>
<Loc EndOffset="1915" SrcFileId="8" StartOffset="1896"/>
<Loc EndOffset="1996" SrcFileId="8" StartOffset="1920"/>
</LocList>
<BasicStmnt CovItemId="S29" CovItemPrefix="csse376_puerto_rico.GameState.java" Intrnl_Id="369">
<LocList>
<Loc EndOffset="1891" SrcFileId="8" StartOffset="1871"/>
</LocList>
</BasicStmnt>
<BasicStmnt CovItemId="S30" CovItemPrefix="csse376_puerto_rico.GameState.java" Intrnl_Id="370">
<LocList>
<Loc EndOffset="1915" SrcFileId="8" StartOffset="1896"/>
</LocList>
</BasicStmnt>
<BasicStmnt CovItemId="S31" CovItemPrefix="csse376_puerto_rico.GameState.java" Intrnl_Id="371">
<LocList>
<Loc EndOffset="1996" SrcFileId="8" StartOffset="1920"/>
</LocList>
</BasicStmnt>
</StmntSeq>
</Branch>
<Branch CovItemId="B2" CovItemPrefix="csse376_puerto_rico.GameState.java" Implct="false" Intrnl_Id="372">
<Cond>
<Loc EndOffset="2006" SrcFileId="8" StartOffset="2002"/>
</Cond>
<LocList>
<Loc EndOffset="2580" SrcFileId="8" StartOffset="2007"/>
</LocList>
<StmntSeq Intrnl_Id="373">
<LocList>
<Loc EndOffset="2580" SrcFileId="8" StartOffset="2007"/>
</LocList>
<CondStmnt CovItemId="S32" CovItemPrefix="csse376_puerto_rico.GameState.java" Intrnl_Id="374">
<Branch CovItemId="B3" CovItemPrefix="csse376_puerto_rico.GameState.java" Implct="false" Intrnl_Id="375">
<Cond/>
<LocList>
<Loc EndOffset="2250" SrcFileId="8" StartOffset="2030"/>
</LocList>
<StmntSeq Intrnl_Id="376">
<LocList>
<Loc EndOffset="2056" SrcFileId="8" StartOffset="2036"/>
<Loc EndOffset="2081" SrcFileId="8" StartOffset="2061"/>
<Loc EndOffset="2162" SrcFileId="8" StartOffset="2086"/>
<Loc EndOffset="2243" SrcFileId="8" StartOffset="2167"/>
</LocList>
<BasicStmnt CovItemId="S33" CovItemPrefix="csse376_puerto_rico.GameState.java" Intrnl_Id="377">
<LocList>
<Loc EndOffset="2056" SrcFileId="8" StartOffset="2036"/>
</LocList>
</BasicStmnt>
<BasicStmnt CovItemId="S34" CovItemPrefix="csse376_puerto_rico.GameState.java" Intrnl_Id="378">
<LocList>
<Loc EndOffset="2081" SrcFileId="8" StartOffset="2061"/>
</LocList>
</BasicStmnt>
<BasicStmnt CovItemId="S35" CovItemPrefix="csse376_puerto_rico.GameState.java" Intrnl_Id="379">
<LocList>
<Loc EndOffset="2162" SrcFileId="8" StartOffset="2086"/>
</LocList>
</BasicStmnt>
<BasicStmnt CovItemId="S36" CovItemPrefix="csse376_puerto_rico.GameState.java" Intrnl_Id="380">
<LocList>
<Loc EndOffset="2243" SrcFileId="8" StartOffset="2167"/>
</LocList>
</BasicStmnt>
</StmntSeq>
</Branch>
<Branch CovItemId="B4" CovItemPrefix="csse376_puerto_rico.GameState.java" Implct="false" Intrnl_Id="381">
<Cond>
<Loc EndOffset="2255" SrcFileId="8" StartOffset="2251"/>
</Cond>
<LocList>
<Loc EndOffset="2580" SrcFileId="8" StartOffset="2256"/>
</LocList>
<StmntSeq Intrnl_Id="382">
<LocList>
<Loc EndOffset="2580" SrcFileId="8" StartOffset="2256"/>
</LocList>
<CondStmnt CovItemId="S37" CovItemPrefix="csse376_puerto_rico.GameState.java" Intrnl_Id="383">
<Branch CovItemId="B5" CovItemPrefix="csse376_puerto_rico.GameState.java" Implct="false" Intrnl_Id="384">
<Cond/>
<LocList>
<Loc EndOffset="2580" SrcFileId="8" StartOffset="2279"/>
</LocList>
<StmntSeq Intrnl_Id="385">
<LocList>
<Loc EndOffset="2305" SrcFileId="8" StartOffset="2285"/>
<Loc EndOffset="2330" SrcFileId="8" StartOffset="2310"/>
<Loc EndOffset="2413" SrcFileId="8" StartOffset="2335"/>
<Loc EndOffset="2494" SrcFileId="8" StartOffset="2418"/>
<Loc EndOffset="2575" SrcFileId="8" StartOffset="2499"/>
</LocList>
<BasicStmnt CovItemId="S38" CovItemPrefix="csse376_puerto_rico.GameState.java" Intrnl_Id="386">
<LocList>
<Loc EndOffset="2305" SrcFileId="8" StartOffset="2285"/>
</LocList>
</BasicStmnt>
<BasicStmnt CovItemId="S39" CovItemPrefix="csse376_puerto_rico.GameState.java" Intrnl_Id="387">
<LocList>
<Loc EndOffset="2330" SrcFileId="8" StartOffset="2310"/>
</LocList>
</BasicStmnt>
<BasicStmnt CovItemId="S40" CovItemPrefix="csse376_puerto_rico.GameState.java" Intrnl_Id="388">
<LocList>
<Loc EndOffset="2413" SrcFileId="8" StartOffset="2335"/>
</LocList>
</BasicStmnt>
<BasicStmnt CovItemId="S41" CovItemPrefix="csse376_puerto_rico.GameState.java" Intrnl_Id="389">
<LocList>
<Loc EndOffset="2494" SrcFileId="8" StartOffset="2418"/>
</LocList>
</BasicStmnt>
<BasicStmnt CovItemId="S42" CovItemPrefix="csse376_puerto_rico.GameState.java" Intrnl_Id="390">
<LocList>
<Loc EndOffset="2575" SrcFileId="8" StartOffset="2499"/>
</LocList>
</BasicStmnt>
</StmntSeq>
</Branch>
<Branch CovItemId="B6" CovItemPrefix="csse376_puerto_rico.GameState.java" Implct="true" Intrnl_Id="391">
<Cond/>
<LocList/>
<StmntSeq Intrnl_Id="392">
<LocList/>
</StmntSeq>
</Branch>
<Keyword EndOffset="2258" SrcFileId="8" StartOffset="2256"/>
<LocList>
<Loc EndOffset="2580" SrcFileId="8" StartOffset="2256"/>
</LocList>
<RootTerm CovItemId="C3" CovItemPrefix="csse376_puerto_rico.GameState.java" Intrnl_Id="393">
<BasicBoolTerm Intrnl_Id="394">
<LocList>
<Loc EndOffset="2277" SrcFileId="8" StartOffset="2260"/>
</LocList>
</BasicBoolTerm>
</RootTerm>
</CondStmnt>
</StmntSeq>
</Branch>
<Keyword EndOffset="2009" SrcFileId="8" StartOffset="2007"/>
<LocList>
<Loc EndOffset="2580" SrcFileId="8" StartOffset="2007"/>
</LocList>
<RootTerm CovItemId="C2" CovItemPrefix="csse376_puerto_rico.GameState.java" Intrnl_Id="395">
<BasicBoolTerm Intrnl_Id="396">
<LocList>
<Loc EndOffset="2028" SrcFileId="8" StartOffset="2011"/>
</LocList>
</BasicBoolTerm>
</RootTerm>
</CondStmnt>
</StmntSeq>
</Branch>
<Keyword EndOffset="1844" SrcFileId="8" StartOffset="1842"/>
<LocList>
<Loc EndOffset="2580" SrcFileId="8" StartOffset="1842"/>
</LocList>
<RootTerm CovItemId="C1" CovItemPrefix="csse376_puerto_rico.GameState.java" Intrnl_Id="397">
<BasicBoolTerm Intrnl_Id="398">
<LocList>
<Loc EndOffset="1863" SrcFileId="8" StartOffset="1846"/>
</LocList>
</BasicBoolTerm>
</RootTerm>
</CondStmnt>
<BasicStmnt CovItemId="S43" CovItemPrefix="csse376_puerto_rico.GameState.java" Intrnl_Id="399">
<LocList>
<Loc EndOffset="2629" SrcFileId="8" StartOffset="2614"/>
</LocList>
</BasicStmnt>
</StmntSeq>
</HierarchyLvl>
<HierarchyLvl HierarchyLvlId="2296" HierarchyLvlTypeId="17" Intrnl_Id="400" Name="getGood">
<Header>
<Loc EndOffset="2671" SrcFileId="8" StartOffset="2640"/>
</Header>
<LocList>
<Loc EndOffset="2706" SrcFileId="8" StartOffset="2640"/>
</LocList>
<StmntSeq Intrnl_Id="401">
<LocList>
<Loc EndOffset="2702" SrcFileId="8" StartOffset="2679"/>
</LocList>
<BasicStmnt CovItemId="S44" CovItemPrefix="csse376_puerto_rico.GameState.java" Intrnl_Id="402">
<LocList>
<Loc EndOffset="2702" SrcFileId="8" StartOffset="2679"/>
</LocList>
</BasicStmnt>
</StmntSeq>
</HierarchyLvl>
<HierarchyLvl HierarchyLvlId="2297" HierarchyLvlTypeId="17" Intrnl_Id="403" Name="addGood">
<Header>
<Loc EndOffset="2743" SrcFileId="8" StartOffset="2711"/>
</Header>
<LocList>
<Loc EndOffset="2792" SrcFileId="8" StartOffset="2711"/>
</LocList>
<StmntSeq Intrnl_Id="404">
<LocList>
<Loc EndOffset="2788" SrcFileId="8" StartOffset="2751"/>
</LocList>
<BasicStmnt CovItemId="S45" CovItemPrefix="csse376_puerto_rico.GameState.java" Intrnl_Id="405">
<LocList>
<Loc EndOffset="2788" SrcFileId="8" StartOffset="2751"/>
</LocList>
</BasicStmnt>
</StmntSeq>
</HierarchyLvl>
<HierarchyLvl HierarchyLvlId="2298" HierarchyLvlTypeId="17" Intrnl_Id="406" Name="getColonistsOnBoard">
<Header>
<Loc EndOffset="2829" SrcFileId="8" StartOffset="2797"/>
</Header>
<LocList>
<Loc EndOffset="2869" SrcFileId="8" StartOffset="2797"/>
</LocList>
<StmntSeq Intrnl_Id="407">
<LocList>
<Loc EndOffset="2865" SrcFileId="8" StartOffset="2841"/>
</LocList>
<BasicStmnt CovItemId="S46" CovItemPrefix="csse376_puerto_rico.GameState.java" Intrnl_Id="408">
<LocList>
<Loc EndOffset="2865" SrcFileId="8" StartOffset="2841"/>
</LocList>
</BasicStmnt>
</StmntSeq>
</HierarchyLvl>
<HierarchyLvl HierarchyLvlId="2299" HierarchyLvlTypeId="17" Intrnl_Id="409" Name="getColonistsTotal">
<Header>
<Loc EndOffset="2904" SrcFileId="8" StartOffset="2874"/>
</Header>
<LocList>
<Loc EndOffset="2942" SrcFileId="8" StartOffset="2874"/>
</LocList>
<StmntSeq Intrnl_Id="410">
<LocList>
<Loc EndOffset="2938" SrcFileId="8" StartOffset="2916"/>
</LocList>
<BasicStmnt CovItemId="S47" CovItemPrefix="csse376_puerto_rico.GameState.java" Intrnl_Id="411">
<LocList>
<Loc EndOffset="2938" SrcFileId="8" StartOffset="2916"/>
</LocList>
</BasicStmnt>
</StmntSeq>
</HierarchyLvl>
<HierarchyLvl HierarchyLvlId="2300" HierarchyLvlTypeId="17" Intrnl_Id="412" Name="addColonistsToBoard">
<Header>
<Loc EndOffset="2980" SrcFileId="8" StartOffset="2947"/>
</Header>
<LocList>
<Loc EndOffset="3764" SrcFileId="8" StartOffset="2947"/>
</LocList>
<StmntSeq Intrnl_Id="413">
<LocList>
<Loc EndOffset="3399" SrcFileId="8" StartOffset="3386"/>
<Loc EndOffset="3647" SrcFileId="8" StartOffset="3403"/>
<Loc EndOffset="3760" SrcFileId="8" StartOffset="3651"/>
</LocList>
<BasicStmnt CovItemId="S48" CovItemPrefix="csse376_puerto_rico.GameState.java" Intrnl_Id="414">
<LocList>
<Loc EndOffset="3399" SrcFileId="8" StartOffset="3386"/>
</LocList>
</BasicStmnt>
<LoopStmnt CovItemId="S49" CovItemPrefix="csse376_puerto_rico.GameState.java" Intrnl_Id="415" MltplExecId="L2-2" MltplExecPrefix="csse376_puerto_rico.GameState.java" NvrExecId="L2-0" NvrExecPrefix="csse376_puerto_rico.GameState.java" OnceExecutedId="L2-1" OnceExecutedPrefix="csse376_puerto_rico.GameState.java" OptBodyExec="true">
<StmntSeq Intrnl_Id="416">
<LocList>
<Loc EndOffset="3536" SrcFileId="8" StartOffset="3439"/>
<Loc EndOffset="3642" SrcFileId="8" StartOffset="3541"/>
</LocList>
<LoopStmnt CovItemId="S50" CovItemPrefix="csse376_puerto_rico.GameState.java" Intrnl_Id="417" MltplExecId="L3-2" MltplExecPrefix="csse376_puerto_rico.GameState.java" NvrExecId="L3-0" NvrExecPrefix="csse376_puerto_rico.GameState.java" OnceExecutedId="L3-1" OnceExecutedPrefix="csse376_puerto_rico.GameState.java" OptBodyExec="true">
<StmntSeq Intrnl_Id="418">
<LocList>
<Loc EndOffset="3530" SrcFileId="8" StartOffset="3487"/>
</LocList>
<BasicStmnt CovItemId="S51" CovItemPrefix="csse376_puerto_rico.GameState.java" Intrnl_Id="419">
<LocList>
<Loc EndOffset="3530" SrcFileId="8" StartOffset="3487"/>
</LocList>
</BasicStmnt>
</StmntSeq>
<Keyword EndOffset="3442" SrcFileId="8" StartOffset="3439"/>
<LocList>
<Loc EndOffset="3536" SrcFileId="8" StartOffset="3439"/>
</LocList>
</LoopStmnt>
<LoopStmnt CovItemId="S52" CovItemPrefix="csse376_puerto_rico.GameState.java" Intrnl_Id="420" MltplExecId="L4-2" MltplExecPrefix="csse376_puerto_rico.GameState.java" NvrExecId="L4-0" NvrExecPrefix="csse376_puerto_rico.GameState.java" OnceExecutedId="L4-1" OnceExecutedPrefix="csse376_puerto_rico.GameState.java" OptBodyExec="true">
<StmntSeq Intrnl_Id="421">
<LocList>
<Loc EndOffset="3636" SrcFileId="8" StartOffset="3593"/>
</LocList>
<CondStmnt CovItemId="S53" CovItemPrefix="csse376_puerto_rico.GameState.java" Intrnl_Id="422">
<Branch CovItemId="B7" CovItemPrefix="csse376_puerto_rico.GameState.java" Implct="false" Intrnl_Id="423">
<Cond/>
<LocList>
<Loc EndOffset="3636" SrcFileId="8" StartOffset="3611"/>
</LocList>
<StmntSeq Intrnl_Id="424">
<LocList>
<Loc EndOffset="3629" SrcFileId="8" StartOffset="3619"/>
</LocList>
<BasicStmnt CovItemId="S54" CovItemPrefix="csse376_puerto_rico.GameState.java" Intrnl_Id="425">
<LocList>
<Loc EndOffset="3629" SrcFileId="8" StartOffset="3619"/>
</LocList>
</BasicStmnt>
</StmntSeq>
</Branch>
<Branch CovItemId="B8" CovItemPrefix="csse376_puerto_rico.GameState.java" Implct="true" Intrnl_Id="426">
<Cond/>
<LocList/>
<StmntSeq Intrnl_Id="427">
<LocList/>
</StmntSeq>
</Branch>
<Keyword EndOffset="3595" SrcFileId="8" StartOffset="3593"/>
<LocList>
<Loc EndOffset="3636" SrcFileId="8" StartOffset="3593"/>
</LocList>
<RootTerm CovItemId="C4" CovItemPrefix="csse376_puerto_rico.GameState.java" Intrnl_Id="428">
<OpTerm BooleanOpId="12" Intrnl_Id="429">
<BasicBoolTerm Intrnl_Id="430">
<LocList>
<Loc EndOffset="3609" SrcFileId="8" StartOffset="3598"/>
</LocList>
</BasicBoolTerm>
<LocList>
<Loc EndOffset="3598" SrcFileId="8" StartOffset="3597"/>
</LocList>
</OpTerm>
</RootTerm>
</CondStmnt>
</StmntSeq>
<Keyword EndOffset="3544" SrcFileId="8" StartOffset="3541"/>
<LocList>
<Loc EndOffset="3642" SrcFileId="8" StartOffset="3541"/>
</LocList>
</LoopStmnt>
</StmntSeq>
<Keyword EndOffset="3406" SrcFileId="8" StartOffset="3403"/>
<LocList>
<Loc EndOffset="3647" SrcFileId="8" StartOffset="3403"/>
</LocList>
</LoopStmnt>
<CondStmnt CovItemId="S55" CovItemPrefix="csse376_puerto_rico.GameState.java" Intrnl_Id="431">
<Branch CovItemId="B9" CovItemPrefix="csse376_puerto_rico.GameState.java" Implct="false" Intrnl_Id="432">
<Cond/>
<LocList>
<Loc EndOffset="3719" SrcFileId="8" StartOffset="3676"/>
</LocList>
<StmntSeq Intrnl_Id="433">
<LocList>
<Loc EndOffset="3714" SrcFileId="8" StartOffset="3682"/>
</LocList>
<BasicStmnt CovItemId="S56" CovItemPrefix="csse376_puerto_rico.GameState.java" Intrnl_Id="434">
<LocList>
<Loc EndOffset="3714" SrcFileId="8" StartOffset="3682"/>
</LocList>
</BasicStmnt>
</StmntSeq>
</Branch>
<Branch CovItemId="B10" CovItemPrefix="csse376_puerto_rico.GameState.java" Implct="false" Intrnl_Id="435">
<Cond>
<Loc EndOffset="3724" SrcFileId="8" StartOffset="3720"/>
</Cond>
<LocList>
<Loc EndOffset="3760" SrcFileId="8" StartOffset="3725"/>
</LocList>
<StmntSeq Intrnl_Id="436">
<LocList>
<Loc EndOffset="3755" SrcFileId="8" StartOffset="3731"/>
</LocList>
<BasicStmnt CovItemId="S57" CovItemPrefix="csse376_puerto_rico.GameState.java" Intrnl_Id="437">
<LocList>
<Loc EndOffset="3755" SrcFileId="8" StartOffset="3731"/>
</LocList>
</BasicStmnt>
</StmntSeq>
</Branch>
<Keyword EndOffset="3653" SrcFileId="8" StartOffset="3651"/>
<LocList>
<Loc EndOffset="3760" SrcFileId="8" StartOffset="3651"/>
</LocList>
<RootTerm CovItemId="C5" CovItemPrefix="csse376_puerto_rico.GameState.java" Intrnl_Id="438">
<BasicBoolTerm Intrnl_Id="439">
<LocList>
<Loc EndOffset="3674" SrcFileId="8" StartOffset="3655"/>
</LocList>
</BasicBoolTerm>
</RootTerm>
</CondStmnt>
</StmntSeq>
</HierarchyLvl>
<HierarchyLvl HierarchyLvlId="2301" HierarchyLvlTypeId="17" Intrnl_Id="440" Name="addGoodToCargoShip">
<Header>
<Loc EndOffset="4028" SrcFileId="8" StartOffset="3960"/>
</Header>
<LocList>
<Loc EndOffset="4695" SrcFileId="8" StartOffset="3960"/>
</LocList>
<StmntSeq Intrnl_Id="441">
<LocList>
<Loc EndOffset="4051" SrcFileId="8" StartOffset="4034"/>
<Loc EndOffset="4671" SrcFileId="8" StartOffset="4055"/>
<Loc EndOffset="4691" SrcFileId="8" StartOffset="4675"/>
</LocList>
<BasicStmnt CovItemId="S58" CovItemPrefix="csse376_puerto_rico.GameState.java" Intrnl_Id="442">
<LocList>
<Loc EndOffset="4051" SrcFileId="8" StartOffset="4034"/>
</LocList>
</BasicStmnt>
<CondStmnt CovItemId="S59" CovItemPrefix="csse376_puerto_rico.GameState.java" Intrnl_Id="443">
<Branch CovItemId="B11" CovItemPrefix="csse376_puerto_rico.GameState.java" Implct="false" Intrnl_Id="444">
<Cond>
<Loc EndOffset="4083" SrcFileId="8" StartOffset="4077"/>
</Cond>
<LocList>
<Loc EndOffset="4263" SrcFileId="8" StartOffset="4089"/>
</LocList>
<StmntSeq Intrnl_Id="445">
<LocList>
<Loc EndOffset="4252" SrcFileId="8" StartOffset="4089"/>
<Loc EndOffset="4263" SrcFileId="8" StartOffset="4257"/>
</LocList>
<CondStmnt CovItemId="S60" CovItemPrefix="csse376_puerto_rico.GameState.java" Intrnl_Id="446">
<Branch CovItemId="B12" CovItemPrefix="csse376_puerto_rico.GameState.java" Implct="false" Intrnl_Id="447">
<Cond/>
<LocList>
<Loc EndOffset="4216" SrcFileId="8" StartOffset="4167"/>
</LocList>
<StmntSeq Intrnl_Id="448">
<LocList>
<Loc EndOffset="4210" SrcFileId="8" StartOffset="4174"/>
</LocList>
<BasicStmnt CovItemId="S61" CovItemPrefix="csse376_puerto_rico.GameState.java" Intrnl_Id="449">
<LocList>
<Loc EndOffset="4210" SrcFileId="8" StartOffset="4174"/>
</LocList>
</BasicStmnt>
</StmntSeq>
</Branch>
<Branch CovItemId="B13" CovItemPrefix="csse376_puerto_rico.GameState.java" Implct="false" Intrnl_Id="450">
<Cond>
<Loc EndOffset="4221" SrcFileId="8" StartOffset="4217"/>
</Cond>
<LocList>
<Loc EndOffset="4252" SrcFileId="8" StartOffset="4222"/>
</LocList>
<StmntSeq Intrnl_Id="451">
<LocList>
<Loc EndOffset="4246" SrcFileId="8" StartOffset="4229"/>
</LocList>
<BasicStmnt CovItemId="S62" CovItemPrefix="csse376_puerto_rico.GameState.java" Intrnl_Id="452">
<LocList>
<Loc EndOffset="4246" SrcFileId="8" StartOffset="4229"/>
</LocList>
</BasicStmnt>
</StmntSeq>
</Branch>
<Keyword EndOffset="4091" SrcFileId="8" StartOffset="4089"/>
<LocList>
<Loc EndOffset="4252" SrcFileId="8" StartOffset="4089"/>
</LocList>
<RootTerm CovItemId="C6" CovItemPrefix="csse376_puerto_rico.GameState.java" Intrnl_Id="453">
<OpTerm BooleanOpId="14" Intrnl_Id="454">
<BasicBoolTerm Intrnl_Id="455">
<LocList>
<Loc EndOffset="4108" SrcFileId="8" StartOffset="4093"/>
</LocList>
</BasicBoolTerm>
<OpTerm BooleanOpId="13" Intrnl_Id="456">
<BasicBoolTerm Intrnl_Id="457">
<LocList>
<Loc EndOffset="4133" SrcFileId="8" StartOffset="4119"/>
</LocList>
</BasicBoolTerm>
<BasicBoolTerm Intrnl_Id="458">
<LocList>
<Loc EndOffset="4164" SrcFileId="8" StartOffset="4137"/>
</LocList>
</BasicBoolTerm>
<LocList>
<Loc EndOffset="4136" SrcFileId="8" StartOffset="4134"/>
</LocList>
</OpTerm>
<LocList>
<Loc EndOffset="4117" SrcFileId="8" StartOffset="4115"/>
</LocList>
</OpTerm>
</RootTerm>
</CondStmnt>
<BasicStmnt CovItemId="S63" CovItemPrefix="csse376_puerto_rico.GameState.java" Intrnl_Id="459">
<LocList>
<Loc EndOffset="4263" SrcFileId="8" StartOffset="4257"/>
</LocList>
</BasicStmnt>
</StmntSeq>
</Branch>
<Branch CovItemId="B14" CovItemPrefix="csse376_puerto_rico.GameState.java" Implct="false" Intrnl_Id="460">
<Cond>
<Loc EndOffset="4273" SrcFileId="8" StartOffset="4267"/>
</Cond>
<LocList>
<Loc EndOffset="4453" SrcFileId="8" StartOffset="4279"/>
</LocList>
<StmntSeq Intrnl_Id="461">
<LocList>
<Loc EndOffset="4442" SrcFileId="8" StartOffset="4279"/>
<Loc EndOffset="4453" SrcFileId="8" StartOffset="4447"/>
</LocList>
<CondStmnt CovItemId="S64" CovItemPrefix="csse376_puerto_rico.GameState.java" Intrnl_Id="462">
<Branch CovItemId="B15" CovItemPrefix="csse376_puerto_rico.GameState.java" Implct="false" Intrnl_Id="463">
<Cond/>
<LocList>
<Loc EndOffset="4406" SrcFileId="8" StartOffset="4357"/>
</LocList>
<StmntSeq Intrnl_Id="464">
<LocList>
<Loc EndOffset="4400" SrcFileId="8" StartOffset="4364"/>
</LocList>
<BasicStmnt CovItemId="S65" CovItemPrefix="csse376_puerto_rico.GameState.java" Intrnl_Id="465">
<LocList>
<Loc EndOffset="4400" SrcFileId="8" StartOffset="4364"/>
</LocList>
</BasicStmnt>
</StmntSeq>
</Branch>
<Branch CovItemId="B16" CovItemPrefix="csse376_puerto_rico.GameState.java" Implct="false" Intrnl_Id="466">
<Cond>
<Loc EndOffset="4411" SrcFileId="8" StartOffset="4407"/>
</Cond>
<LocList>
<Loc EndOffset="4442" SrcFileId="8" StartOffset="4412"/>
</LocList>
<StmntSeq Intrnl_Id="467">
<LocList>
<Loc EndOffset="4436" SrcFileId="8" StartOffset="4419"/>
</LocList>
<BasicStmnt CovItemId="S66" CovItemPrefix="csse376_puerto_rico.GameState.java" Intrnl_Id="468">
<LocList>
<Loc EndOffset="4436" SrcFileId="8" StartOffset="4419"/>
</LocList>
</BasicStmnt>
</StmntSeq>
</Branch>
<Keyword EndOffset="4281" SrcFileId="8" StartOffset="4279"/>
<LocList>
<Loc EndOffset="4442" SrcFileId="8" StartOffset="4279"/>
</LocList>
<RootTerm CovItemId="C7" CovItemPrefix="csse376_puerto_rico.GameState.java" Intrnl_Id="469">
<OpTerm BooleanOpId="14" Intrnl_Id="470">
<BasicBoolTerm Intrnl_Id="471">
<LocList>
<Loc EndOffset="4298" SrcFileId="8" StartOffset="4283"/>
</LocList>
</BasicBoolTerm>
<OpTerm BooleanOpId="13" Intrnl_Id="472">
<BasicBoolTerm Intrnl_Id="473">
<LocList>
<Loc EndOffset="4323" SrcFileId="8" StartOffset="4309"/>
</LocList>
</BasicBoolTerm>
<BasicBoolTerm Intrnl_Id="474">
<LocList>
<Loc EndOffset="4354" SrcFileId="8" StartOffset="4327"/>
</LocList>
</BasicBoolTerm>
<LocList>
<Loc EndOffset="4326" SrcFileId="8" StartOffset="4324"/>
</LocList>
</OpTerm>
<LocList>
<Loc EndOffset="4307" SrcFileId="8" StartOffset="4305"/>
</LocList>
</OpTerm>
</RootTerm>
</CondStmnt>
<BasicStmnt CovItemId="S67" CovItemPrefix="csse376_puerto_rico.GameState.java" Intrnl_Id="475">
<LocList>
<Loc EndOffset="4453" SrcFileId="8" StartOffset="4447"/>
</LocList>
</BasicStmnt>
</StmntSeq>
</Branch>
<Branch CovItemId="B17" CovItemPrefix="csse376_puerto_rico.GameState.java" Implct="false" Intrnl_Id="476">
<Cond>
<Loc EndOffset="4463" SrcFileId="8" StartOffset="4457"/>
</Cond>
<LocList>
<Loc EndOffset="4643" SrcFileId="8" StartOffset="4469"/>
</LocList>
<StmntSeq Intrnl_Id="477">
<LocList>
<Loc EndOffset="4632" SrcFileId="8" StartOffset="4469"/>
<Loc EndOffset="4643" SrcFileId="8" StartOffset="4637"/>
</LocList>
<CondStmnt CovItemId="S68" CovItemPrefix="csse376_puerto_rico.GameState.java" Intrnl_Id="478">
<Branch CovItemId="B18" CovItemPrefix="csse376_puerto_rico.GameState.java" Implct="false" Intrnl_Id="479">
<Cond/>
<LocList>
<Loc EndOffset="4596" SrcFileId="8" StartOffset="4547"/>
</LocList>
<StmntSeq Intrnl_Id="480">
<LocList>
<Loc EndOffset="4590" SrcFileId="8" StartOffset="4554"/>
</LocList>
<BasicStmnt CovItemId="S69" CovItemPrefix="csse376_puerto_rico.GameState.java" Intrnl_Id="481">
<LocList>
<Loc EndOffset="4590" SrcFileId="8" StartOffset="4554"/>
</LocList>
</BasicStmnt>
</StmntSeq>
</Branch>
<Branch CovItemId="B19" CovItemPrefix="csse376_puerto_rico.GameState.java" Implct="false" Intrnl_Id="482">
<Cond>
<Loc EndOffset="4601" SrcFileId="8" StartOffset="4597"/>
</Cond>
<LocList>
<Loc EndOffset="4632" SrcFileId="8" StartOffset="4602"/>
</LocList>
<StmntSeq Intrnl_Id="483">
<LocList>
<Loc EndOffset="4626" SrcFileId="8" StartOffset="4609"/>
</LocList>
<BasicStmnt CovItemId="S70" CovItemPrefix="csse376_puerto_rico.GameState.java" Intrnl_Id="484">
<LocList>
<Loc EndOffset="4626" SrcFileId="8" StartOffset="4609"/>
</LocList>
</BasicStmnt>
</StmntSeq>
</Branch>
<Keyword EndOffset="4471" SrcFileId="8" StartOffset="4469"/>
<LocList>
<Loc EndOffset="4632" SrcFileId="8" StartOffset="4469"/>
</LocList>
<RootTerm CovItemId="C8" CovItemPrefix="csse376_puerto_rico.GameState.java" Intrnl_Id="485">
<OpTerm BooleanOpId="14" Intrnl_Id="486">
<BasicBoolTerm Intrnl_Id="487">
<LocList>
<Loc EndOffset="4488" SrcFileId="8" StartOffset="4473"/>
</LocList>
</BasicBoolTerm>
<OpTerm BooleanOpId="13" Intrnl_Id="488">
<BasicBoolTerm Intrnl_Id="489">
<LocList>
<Loc EndOffset="4513" SrcFileId="8" StartOffset="4499"/>
</LocList>
</BasicBoolTerm>
<BasicBoolTerm Intrnl_Id="490">
<LocList>
<Loc EndOffset="4544" SrcFileId="8" StartOffset="4517"/>
</LocList>
</BasicBoolTerm>
<LocList>
<Loc EndOffset="4516" SrcFileId="8" StartOffset="4514"/>
</LocList>
</OpTerm>
<LocList>
<Loc EndOffset="4497" SrcFileId="8" StartOffset="4495"/>
</LocList>
</OpTerm>
</RootTerm>
</CondStmnt>
<BasicStmnt CovItemId="S71" CovItemPrefix="csse376_puerto_rico.GameState.java" Intrnl_Id="491">
<LocList>
<Loc EndOffset="4643" SrcFileId="8" StartOffset="4637"/>
</LocList>
</BasicStmnt>
</StmntSeq>
</Branch>
<Branch CovItemId="B20" CovItemPrefix="csse376_puerto_rico.GameState.java" Implct="false" Intrnl_Id="492">
<Cond>
<Loc EndOffset="4654" SrcFileId="8" StartOffset="4647"/>
</Cond>
<LocList>
<Loc EndOffset="4666" SrcFileId="8" StartOffset="4660"/>
</LocList>
<StmntSeq Intrnl_Id="493">
<LocList>
<Loc EndOffset="4666" SrcFileId="8" StartOffset="4660"/>
</LocList>
<BasicStmnt CovItemId="S72" CovItemPrefix="csse376_puerto_rico.GameState.java" Intrnl_Id="494">
<LocList>
<Loc EndOffset="4666" SrcFileId="8" StartOffset="4660"/>
</LocList>
</BasicStmnt>
</StmntSeq>
</Branch>
<Keyword EndOffset="4061" SrcFileId="8" StartOffset="4055"/>
<LocList>
<Loc EndOffset="4671" SrcFileId="8" StartOffset="4055"/>
</LocList>
</CondStmnt>
<BasicStmnt CovItemId="S73" CovItemPrefix="csse376_puerto_rico.GameState.java" Intrnl_Id="495">
<LocList>
<Loc EndOffset="4691" SrcFileId="8" StartOffset="4675"/>
</LocList>
</BasicStmnt>
</StmntSeq>
</HierarchyLvl>
<HierarchyLvl HierarchyLvlId="2302" HierarchyLvlTypeId="17" Intrnl_Id="496" Name="isGameEndState">
<Header>
<Loc EndOffset="4731" SrcFileId="8" StartOffset="4700"/>
</Header>
<LocList>
<Loc EndOffset="4765" SrcFileId="8" StartOffset="4700"/>
</LocList>
<StmntSeq Intrnl_Id="497">
<LocList>
<Loc EndOffset="4761" SrcFileId="8" StartOffset="4739"/>
</LocList>
<BasicStmnt CovItemId="S74" CovItemPrefix="csse376_puerto_rico.GameState.java" Intrnl_Id="498">
<LocList>
<Loc EndOffset="4761" SrcFileId="8" StartOffset="4739"/>
</LocList>
</BasicStmnt>
</StmntSeq>
</HierarchyLvl>
<HierarchyLvl HierarchyLvlId="2303" HierarchyLvlTypeId="17" Intrnl_Id="499" Name="getWinner">
<Header>
<Loc EndOffset="4795" SrcFileId="8" StartOffset="4770"/>
</Header>
<LocList>
<Loc EndOffset="4959" SrcFileId="8" StartOffset="4770"/>
</LocList>
<StmntSeq Intrnl_Id="500">
<LocList>
<Loc EndOffset="4834" SrcFileId="8" StartOffset="4801"/>
<Loc EndOffset="4938" SrcFileId="8" StartOffset="4838"/>
<Loc EndOffset="4955" SrcFileId="8" StartOffset="4944"/>
</LocList>
<BasicStmnt CovItemId="S75" CovItemPrefix="csse376_puerto_rico.GameState.java" Intrnl_Id="501">
<LocList>
<Loc EndOffset="4834" SrcFileId="8" StartOffset="4801"/>
</LocList>
</BasicStmnt>
<LoopStmnt CovItemId="S76" CovItemPrefix="csse376_puerto_rico.GameState.java" Intrnl_Id="502" MltplExecId="L5-2" MltplExecPrefix="csse376_puerto_rico.GameState.java" NvrExecId="L5-0" NvrExecPrefix="csse376_puerto_rico.GameState.java" OnceExecutedId="L5-1" OnceExecutedPrefix="csse376_puerto_rico.GameState.java" OptBodyExec="true">
<StmntSeq Intrnl_Id="503">
<LocList>
<Loc EndOffset="4933" SrcFileId="8" StartOffset="4874"/>
</LocList>
<CondStmnt CovItemId="S77" CovItemPrefix="csse376_puerto_rico.GameState.java" Intrnl_Id="504">
<Branch CovItemId="B21" CovItemPrefix="csse376_puerto_rico.GameState.java" Implct="false" Intrnl_Id="505">
<Cond/>
<LocList>
<Loc EndOffset="4933" SrcFileId="8" StartOffset="4912"/>
</LocList>
<StmntSeq Intrnl_Id="506">
<LocList>
<Loc EndOffset="4927" SrcFileId="8" StartOffset="4919"/>
</LocList>
<BasicStmnt CovItemId="S78" CovItemPrefix="csse376_puerto_rico.GameState.java" Intrnl_Id="507">
<LocList>
<Loc EndOffset="4927" SrcFileId="8" StartOffset="4919"/>
</LocList>
</BasicStmnt>
</StmntSeq>
</Branch>
<Branch CovItemId="B22" CovItemPrefix="csse376_puerto_rico.GameState.java" Implct="true" Intrnl_Id="508">
<Cond/>
<LocList/>
<StmntSeq Intrnl_Id="509">
<LocList/>
</StmntSeq>
</Branch>
<Keyword EndOffset="4876" SrcFileId="8" StartOffset="4874"/>
<LocList>
<Loc EndOffset="4933" SrcFileId="8" StartOffset="4874"/>
</LocList>
<RootTerm CovItemId="C9" CovItemPrefix="csse376_puerto_rico.GameState.java" Intrnl_Id="510">
<BasicBoolTerm Intrnl_Id="511">
<LocList>
<Loc EndOffset="4910" SrcFileId="8" StartOffset="4878"/>
</LocList>
</BasicBoolTerm>
</RootTerm>
</CondStmnt>
</StmntSeq>
<Keyword EndOffset="4841" SrcFileId="8" StartOffset="4838"/>
<LocList>
<Loc EndOffset="4938" SrcFileId="8" StartOffset="4838"/>
</LocList>
</LoopStmnt>
<BasicStmnt CovItemId="S79" CovItemPrefix="csse376_puerto_rico.GameState.java" Intrnl_Id="512">
<LocList>
<Loc EndOffset="4955" SrcFileId="8" StartOffset="4944"/>
</LocList>
</BasicStmnt>
</StmntSeq>
</HierarchyLvl>
<HierarchyLvl HierarchyLvlId="2304" HierarchyLvlTypeId="17" Intrnl_Id="513" Name="updateAtEndOfTurn">
<Header>
<Loc EndOffset="4995" SrcFileId="8" StartOffset="4964"/>
</Header>
<LocList>
<Loc EndOffset="5204" SrcFileId="8" StartOffset="4964"/>
</LocList>
<StmntSeq Intrnl_Id="514">
<LocList>
<Loc EndOffset="5023" SrcFileId="8" StartOffset="5001"/>
<Loc EndOffset="5098" SrcFileId="8" StartOffset="5051"/>
<Loc EndOffset="5149" SrcFileId="8" StartOffset="5102"/>
<Loc EndOffset="5200" SrcFileId="8" StartOffset="5153"/>
</LocList>
<BasicStmnt CovItemId="S80" CovItemPrefix="csse376_puerto_rico.GameState.java" Intrnl_Id="515">
<LocList>
<Loc EndOffset="5023" SrcFileId="8" StartOffset="5001"/>
</LocList>
</BasicStmnt>
<CondStmnt CovItemId="S81" CovItemPrefix="csse376_puerto_rico.GameState.java" Intrnl_Id="516">
<Branch CovItemId="B23" CovItemPrefix="csse376_puerto_rico.GameState.java" Implct="false" Intrnl_Id="517">
<Cond/>
<LocList>
<Loc EndOffset="5098" SrcFileId="8" StartOffset="5072"/>
</LocList>
<StmntSeq Intrnl_Id="518">
<LocList>
<Loc EndOffset="5093" SrcFileId="8" StartOffset="5078"/>
</LocList>
<BasicStmnt CovItemId="S82" CovItemPrefix="csse376_puerto_rico.GameState.java" Intrnl_Id="519">
<LocList>
<Loc EndOffset="5093" SrcFileId="8" StartOffset="5078"/>
</LocList>
</BasicStmnt>
</StmntSeq>
</Branch>
<Branch CovItemId="B24" CovItemPrefix="csse376_puerto_rico.GameState.java" Implct="true" Intrnl_Id="520">
<Cond/>
<LocList/>
<StmntSeq Intrnl_Id="521">
<LocList/>
</StmntSeq>
</Branch>
<Keyword EndOffset="5053" SrcFileId="8" StartOffset="5051"/>
<LocList>
<Loc EndOffset="5098" SrcFileId="8" StartOffset="5051"/>
</LocList>
<RootTerm CovItemId="C10" CovItemPrefix="csse376_puerto_rico.GameState.java" Intrnl_Id="522">
<BasicBoolTerm Intrnl_Id="523">
<LocList>
<Loc EndOffset="5070" SrcFileId="8" StartOffset="5055"/>
</LocList>
</BasicBoolTerm>
</RootTerm>
</CondStmnt>
<CondStmnt CovItemId="S83" CovItemPrefix="csse376_puerto_rico.GameState.java" Intrnl_Id="524">
<Branch CovItemId="B25" CovItemPrefix="csse376_puerto_rico.GameState.java" Implct="false" Intrnl_Id="525">
<Cond/>
<LocList>
<Loc EndOffset="5149" SrcFileId="8" StartOffset="5123"/>
</LocList>
<StmntSeq Intrnl_Id="526">
<LocList>
<Loc EndOffset="5144" SrcFileId="8" StartOffset="5129"/>
</LocList>
<BasicStmnt CovItemId="S84" CovItemPrefix="csse376_puerto_rico.GameState.java" Intrnl_Id="527">
<LocList>
<Loc EndOffset="5144" SrcFileId="8" StartOffset="5129"/>
</LocList>
</BasicStmnt>
</StmntSeq>
</Branch>
<Branch CovItemId="B26" CovItemPrefix="csse376_puerto_rico.GameState.java" Implct="true" Intrnl_Id="528">
<Cond/>
<LocList/>
<StmntSeq Intrnl_Id="529">
<LocList/>
</StmntSeq>
</Branch>
<Keyword EndOffset="5104" SrcFileId="8" StartOffset="5102"/>
<LocList>
<Loc EndOffset="5149" SrcFileId="8" StartOffset="5102"/>
</LocList>
<RootTerm CovItemId="C11" CovItemPrefix="csse376_puerto_rico.GameState.java" Intrnl_Id="530">
<BasicBoolTerm Intrnl_Id="531">
<LocList>
<Loc EndOffset="5121" SrcFileId="8" StartOffset="5106"/>
</LocList>
</BasicBoolTerm>
</RootTerm>
</CondStmnt>
<CondStmnt CovItemId="S85" CovItemPrefix="csse376_puerto_rico.GameState.java" Intrnl_Id="532">
<Branch CovItemId="B27" CovItemPrefix="csse376_puerto_rico.GameState.java" Implct="false" Intrnl_Id="533">
<Cond/>
<LocList>
<Loc EndOffset="5200" SrcFileId="8" StartOffset="5174"/>
</LocList>
<StmntSeq Intrnl_Id="534">
<LocList>
<Loc EndOffset="5195" SrcFileId="8" StartOffset="5180"/>
</LocList>
<BasicStmnt CovItemId="S86" CovItemPrefix="csse376_puerto_rico.GameState.java" Intrnl_Id="535">
<LocList>
<Loc EndOffset="5195" SrcFileId="8" StartOffset="5180"/>
</LocList>
</BasicStmnt>
</StmntSeq>
</Branch>
<Branch CovItemId="B28" CovItemPrefix="csse376_puerto_rico.GameState.java" Implct="true" Intrnl_Id="536">
<Cond/>
<LocList/>
<StmntSeq Intrnl_Id="537">
<LocList/>
</StmntSeq>
</Branch>
<Keyword EndOffset="5155" SrcFileId="8" StartOffset="5153"/>
<LocList>
<Loc EndOffset="5200" SrcFileId="8" StartOffset="5153"/>
</LocList>
<RootTerm CovItemId="C12" CovItemPrefix="csse376_puerto_rico.GameState.java" Intrnl_Id="538">
<BasicBoolTerm Intrnl_Id="539">
<LocList>
<Loc EndOffset="5172" SrcFileId="8" StartOffset="5157"/>
</LocList>
</BasicBoolTerm>
</RootTerm>
</CondStmnt>
</StmntSeq>
</HierarchyLvl>
</HierarchyLvl>
<HierarchyLvl HierarchyLvlId="2319" HierarchyLvlTypeId="16" Intrnl_Id="540" Name="GameBoardGUI">
<Header>
<Loc EndOffset="508" SrcFileId="9" StartOffset="483"/>
</Header>
<LocList>
<Loc EndOffset="15250" SrcFileId="9" StartOffset="483"/>
</LocList>
<HierarchyLvl HierarchyLvlId="2306" HierarchyLvlTypeId="17" Intrnl_Id="541" Name="GameBoardGUI">
<Header>
<Loc EndOffset="822" SrcFileId="9" StartOffset="801"/>
</Header>
<LocList>
<Loc EndOffset="1045" SrcFileId="9" StartOffset="801"/>
</LocList>
<StmntSeq Intrnl_Id="542">
<LocList>
<Loc EndOffset="886" SrcFileId="9" StartOffset="856"/>
<Loc EndOffset="927" SrcFileId="9" StartOffset="890"/>
<Loc EndOffset="970" SrcFileId="9" StartOffset="931"/>
<Loc EndOffset="1004" SrcFileId="9" StartOffset="974"/>
<Loc EndOffset="1041" SrcFileId="9" StartOffset="1008"/>
</LocList>
<BasicStmnt CovItemId="S1" CovItemPrefix="csse376_puerto_rico.GameBoardGUI.java" Intrnl_Id="543">
<LocList>
<Loc EndOffset="886" SrcFileId="9" StartOffset="856"/>
</LocList>
</BasicStmnt>
<BasicStmnt CovItemId="S2" CovItemPrefix="csse376_puerto_rico.GameBoardGUI.java" Intrnl_Id="544">
<LocList>
<Loc EndOffset="927" SrcFileId="9" StartOffset="890"/>
</LocList>
</BasicStmnt>
<BasicStmnt CovItemId="S3" CovItemPrefix="csse376_puerto_rico.GameBoardGUI.java" Intrnl_Id="545">
<LocList>
<Loc EndOffset="970" SrcFileId="9" StartOffset="931"/>
</LocList>
</BasicStmnt>
<BasicStmnt CovItemId="S4" CovItemPrefix="csse376_puerto_rico.GameBoardGUI.java" Intrnl_Id="546">
<LocList>
<Loc EndOffset="1004" SrcFileId="9" StartOffset="974"/>
</LocList>
</BasicStmnt>
<BasicStmnt CovItemId="S5" CovItemPrefix="csse376_puerto_rico.GameBoardGUI.java" Intrnl_Id="547">
<LocList>
<Loc EndOffset="1041" SrcFileId="9" StartOffset="1008"/>
</LocList>
</BasicStmnt>
</StmntSeq>
</HierarchyLvl>
<HierarchyLvl HierarchyLvlId="2307" HierarchyLvlTypeId="17" Intrnl_Id="548" Name="GameBoardGUI">
<Header>
<Loc EndOffset="1102" SrcFileId="9" StartOffset="1050"/>
</Header>
<LocList>
<Loc EndOffset="1879" SrcFileId="9" StartOffset="1050"/>
</LocList>
<StmntSeq Intrnl_Id="549">
<LocList>
<Loc EndOffset="1147" SrcFileId="9" StartOffset="1108"/>
<Loc EndOffset="1174" SrcFileId="9" StartOffset="1151"/>
<Loc EndOffset="1217" SrcFileId="9" StartOffset="1178"/>
<Loc EndOffset="1265" SrcFileId="9" StartOffset="1221"/>
<Loc EndOffset="1314" SrcFileId="9" StartOffset="1269"/>
<Loc EndOffset="1360" SrcFileId="9" StartOffset="1318"/>
<Loc EndOffset="1399" SrcFileId="9" StartOffset="1364"/>
<Loc EndOffset="1436" SrcFileId="9" StartOffset="1403"/>
<Loc EndOffset="1460" SrcFileId="9" StartOffset="1440"/>
<Loc EndOffset="1494" SrcFileId="9" StartOffset="1464"/>
<Loc EndOffset="1535" SrcFileId="9" StartOffset="1498"/>
<Loc EndOffset="1559" SrcFileId="9" StartOffset="1541"/>
<Loc EndOffset="1791" SrcFileId="9" StartOffset="1563"/>
<Loc EndOffset="1838" SrcFileId="9" StartOffset="1795"/>
<Loc EndOffset="1875" SrcFileId="9" StartOffset="1844"/>
</LocList>
<BasicStmnt CovItemId="S6" CovItemPrefix="csse376_puerto_rico.GameBoardGUI.java" Intrnl_Id="550">
<LocList>
<Loc EndOffset="1147" SrcFileId="9" StartOffset="1108"/>
</LocList>
</BasicStmnt>
<BasicStmnt CovItemId="S7" CovItemPrefix="csse376_puerto_rico.GameBoardGUI.java" Intrnl_Id="551">
<LocList>
<Loc EndOffset="1174" SrcFileId="9" StartOffset="1151"/>
</LocList>
</BasicStmnt>
<BasicStmnt CovItemId="S8" CovItemPrefix="csse376_puerto_rico.GameBoardGUI.java" Intrnl_Id="552">
<LocList>
<Loc EndOffset="1217" SrcFileId="9" StartOffset="1178"/>
</LocList>
</BasicStmnt>
<BasicStmnt CovItemId="S9" CovItemPrefix="csse376_puerto_rico.GameBoardGUI.java" Intrnl_Id="553">
<LocList>
<Loc EndOffset="1265" SrcFileId="9" StartOffset="1221"/>
</LocList>
</BasicStmnt>
<BasicStmnt CovItemId="S10" CovItemPrefix="csse376_puerto_rico.GameBoardGUI.java" Intrnl_Id="554">
<LocList>
<Loc EndOffset="1314" SrcFileId="9" StartOffset="1269"/>
</LocList>
</BasicStmnt>
<BasicStmnt CovItemId="S11" CovItemPrefix="csse376_puerto_rico.GameBoardGUI.java" Intrnl_Id="555">
<LocList>
<Loc EndOffset="1360" SrcFileId="9" StartOffset="1318"/>
</LocList>
</BasicStmnt>
<BasicStmnt CovItemId="S12" CovItemPrefix="csse376_puerto_rico.GameBoardGUI.java" Intrnl_Id="556">
<LocList>
<Loc EndOffset="1399" SrcFileId="9" StartOffset="1364"/>
</LocList>
</BasicStmnt>
<BasicStmnt CovItemId="S13" CovItemPrefix="csse376_puerto_rico.GameBoardGUI.java" Intrnl_Id="557">
<LocList>
<Loc EndOffset="1436" SrcFileId="9" StartOffset="1403"/>
</LocList>
</BasicStmnt>
<BasicStmnt CovItemId="S14" CovItemPrefix="csse376_puerto_rico.GameBoardGUI.java" Intrnl_Id="558">
<LocList>
<Loc EndOffset="1460" SrcFileId="9" StartOffset="1440"/>
</LocList>
</BasicStmnt>
<BasicStmnt CovItemId="S15" CovItemPrefix="csse376_puerto_rico.GameBoardGUI.java" Intrnl_Id="559">
<LocList>
<Loc EndOffset="1494" SrcFileId="9" StartOffset="1464"/>
</LocList>
</BasicStmnt>
<BasicStmnt CovItemId="S16" CovItemPrefix="csse376_puerto_rico.GameBoardGUI.java" Intrnl_Id="560">
<LocList>
<Loc EndOffset="1535" SrcFileId="9" StartOffset="1498"/>
</LocList>
</BasicStmnt>
<BasicStmnt CovItemId="S17" CovItemPrefix="csse376_puerto_rico.GameBoardGUI.java" Intrnl_Id="561">
<LocList>
<Loc EndOffset="1559" SrcFileId="9" StartOffset="1541"/>
</LocList>
</BasicStmnt>
<LoopStmnt CovItemId="S18" CovItemPrefix="csse376_puerto_rico.GameBoardGUI.java" Intrnl_Id="562" MltplExecId="L1-2" MltplExecPrefix="csse376_puerto_rico.GameBoardGUI.java" NvrExecId="L1-0" NvrExecPrefix="csse376_puerto_rico.GameBoardGUI.java" OnceExecutedId="L1-1" OnceExecutedPrefix="csse376_puerto_rico.GameBoardGUI.java" OptBodyExec="true">
<StmntSeq Intrnl_Id="563">
<LocList>
<Loc EndOffset="1719" SrcFileId="9" StartOffset="1673"/>
<Loc EndOffset="1786" SrcFileId="9" StartOffset="1724"/>
</LocList>
<BasicStmnt CovItemId="S19" CovItemPrefix="csse376_puerto_rico.GameBoardGUI.java" Intrnl_Id="564">
<LocList>
<Loc EndOffset="1719" SrcFileId="9" StartOffset="1673"/>
</LocList>
</BasicStmnt>
<CondStmnt CovItemId="S20" CovItemPrefix="csse376_puerto_rico.GameBoardGUI.java" Intrnl_Id="565">
<Branch CovItemId="B1" CovItemPrefix="csse376_puerto_rico.GameBoardGUI.java" Implct="false" Intrnl_Id="566">
<Cond/>
<LocList>
<Loc EndOffset="1786" SrcFileId="9" StartOffset="1749"/>
</LocList>
<StmntSeq Intrnl_Id="567">
<LocList>
<Loc EndOffset="1780" SrcFileId="9" StartOffset="1756"/>
</LocList>
<BasicStmnt CovItemId="S21" CovItemPrefix="csse376_puerto_rico.GameBoardGUI.java" Intrnl_Id="568">
<LocList>
<Loc EndOffset="1780" SrcFileId="9" StartOffset="1756"/>
</LocList>
</BasicStmnt>
</StmntSeq>
</Branch>
<Branch CovItemId="B2" CovItemPrefix="csse376_puerto_rico.GameBoardGUI.java" Implct="true" Intrnl_Id="569">
<Cond/>
<LocList/>
<StmntSeq Intrnl_Id="570">
<LocList/>
</StmntSeq>
</Branch>
<Keyword EndOffset="1726" SrcFileId="9" StartOffset="1724"/>
<LocList>
<Loc EndOffset="1786" SrcFileId="9" StartOffset="1724"/>
</LocList>
<RootTerm CovItemId="C2" CovItemPrefix="csse376_puerto_rico.GameBoardGUI.java" Intrnl_Id="571">
<BasicBoolTerm Intrnl_Id="572">
<LocList>
<Loc EndOffset="1747" SrcFileId="9" StartOffset="1728"/>
</LocList>
</BasicBoolTerm>
</RootTerm>
</CondStmnt>
</StmntSeq>
<Keyword EndOffset="1566" SrcFileId="9" StartOffset="1563"/>
<LocList>
<Loc EndOffset="1791" SrcFileId="9" StartOffset="1563"/>
</LocList>
<RootTerm CovItemId="C1" CovItemPrefix="csse376_puerto_rico.GameBoardGUI.java" Intrnl_Id="573">
<BasicBoolTerm Intrnl_Id="574">
<LocList>
<Loc EndOffset="1664" SrcFileId="9" StartOffset="1633"/>
</LocList>
</BasicBoolTerm>
</RootTerm>
</LoopStmnt>
<BasicStmnt CovItemId="S22" CovItemPrefix="csse376_puerto_rico.GameBoardGUI.java" Intrnl_Id="575">
<LocList>
<Loc EndOffset="1838" SrcFileId="9" StartOffset="1795"/>
</LocList>
</BasicStmnt>
<BasicStmnt CovItemId="S23" CovItemPrefix="csse376_puerto_rico.GameBoardGUI.java" Intrnl_Id="576">
<LocList>
<Loc EndOffset="1875" SrcFileId="9" StartOffset="1844"/>
</LocList>
</BasicStmnt>
</StmntSeq>
</HierarchyLvl>
<HierarchyLvl HierarchyLvlId="2308" HierarchyLvlTypeId="17" Intrnl_Id="577" Name="displayGameState">
<Header>
<Loc EndOffset="1915" SrcFileId="9" StartOffset="1884"/>
</Header>
<LocList>
<Loc EndOffset="2963" SrcFileId="9" StartOffset="1884"/>
</LocList>
<StmntSeq Intrnl_Id="578">
<LocList>
<Loc EndOffset="1977" SrcFileId="9" StartOffset="1921"/>
<Loc EndOffset="2033" SrcFileId="9" StartOffset="1981"/>
<Loc EndOffset="2093" SrcFileId="9" StartOffset="2037"/>
<Loc EndOffset="2151" SrcFileId="9" StartOffset="2097"/>
<Loc EndOffset="2213" SrcFileId="9" StartOffset="2155"/>
<Loc EndOffset="2270" SrcFileId="9" StartOffset="2217"/>
<Loc EndOffset="2801" SrcFileId="9" StartOffset="2276"/>
<Loc EndOffset="2834" SrcFileId="9" StartOffset="2805"/>
<Loc EndOffset="2863" SrcFileId="9" StartOffset="2838"/>
<Loc EndOffset="2901" SrcFileId="9" StartOffset="2867"/>
<Loc EndOffset="2959" SrcFileId="9" StartOffset="2905"/>
</LocList>
<BasicStmnt CovItemId="S24" CovItemPrefix="csse376_puerto_rico.GameBoardGUI.java" Intrnl_Id="579">
<LocList>
<Loc EndOffset="1977" SrcFileId="9" StartOffset="1921"/>
</LocList>
</BasicStmnt>
<BasicStmnt CovItemId="S25" CovItemPrefix="csse376_puerto_rico.GameBoardGUI.java" Intrnl_Id="580">
<LocList>
<Loc EndOffset="2033" SrcFileId="9" StartOffset="1981"/>
</LocList>
</BasicStmnt>
<BasicStmnt CovItemId="S26" CovItemPrefix="csse376_puerto_rico.GameBoardGUI.java" Intrnl_Id="581">
<LocList>
<Loc EndOffset="2093" SrcFileId="9" StartOffset="2037"/>
</LocList>
</BasicStmnt>
<BasicStmnt CovItemId="S27" CovItemPrefix="csse376_puerto_rico.GameBoardGUI.java" Intrnl_Id="582">
<LocList>
<Loc EndOffset="2151" SrcFileId="9" StartOffset="2097"/>
</LocList>
</BasicStmnt>
<BasicStmnt CovItemId="S28" CovItemPrefix="csse376_puerto_rico.GameBoardGUI.java" Intrnl_Id="583">
<LocList>
<Loc EndOffset="2213" SrcFileId="9" StartOffset="2155"/>
</LocList>
</BasicStmnt>
<BasicStmnt CovItemId="S29" CovItemPrefix="csse376_puerto_rico.GameBoardGUI.java" Intrnl_Id="584">
<LocList>
<Loc EndOffset="2270" SrcFileId="9" StartOffset="2217"/>
</LocList>
</BasicStmnt>
<BasicStmnt CovItemId="S30" CovItemPrefix="csse376_puerto_rico.GameBoardGUI.java" Intrnl_Id="585">
<LocList>
<Loc EndOffset="2801" SrcFileId="9" StartOffset="2276"/>
</LocList>
</BasicStmnt>
<BasicStmnt CovItemId="S31" CovItemPrefix="csse376_puerto_rico.GameBoardGUI.java" Intrnl_Id="586">
<LocList>
<Loc EndOffset="2834" SrcFileId="9" StartOffset="2805"/>
</LocList>
</BasicStmnt>
<BasicStmnt CovItemId="S32" CovItemPrefix="csse376_puerto_rico.GameBoardGUI.java" Intrnl_Id="587">
<LocList>
<Loc EndOffset="2863" SrcFileId="9" StartOffset="2838"/>
</LocList>
</BasicStmnt>
<BasicStmnt CovItemId="S33" CovItemPrefix="csse376_puerto_rico.GameBoardGUI.java" Intrnl_Id="588">
<LocList>
<Loc EndOffset="2901" SrcFileId="9" StartOffset="2867"/>
</LocList>
</BasicStmnt>
<BasicStmnt CovItemId="S34" CovItemPrefix="csse376_puerto_rico.GameBoardGUI.java" Intrnl_Id="589">
<LocList>
<Loc EndOffset="2959" SrcFileId="9" StartOffset="2905"/>
</LocList>
</BasicStmnt>
</StmntSeq>
</HierarchyLvl>
<HierarchyLvl HierarchyLvlId="2309" HierarchyLvlTypeId="17" Intrnl_Id="590" Name="updateGameStateDisplay">
<Header>
<Loc EndOffset="3005" SrcFileId="9" StartOffset="2968"/>
</Header>
<LocList>
<Loc EndOffset="3935" SrcFileId="9" StartOffset="2968"/>
</LocList>
<StmntSeq Intrnl_Id="591">
<LocList>
<Loc EndOffset="3067" SrcFileId="9" StartOffset="3011"/>
<Loc EndOffset="3123" SrcFileId="9" StartOffset="3071"/>
<Loc EndOffset="3183" SrcFileId="9" StartOffset="3127"/>
<Loc EndOffset="3241" SrcFileId="9" StartOffset="3187"/>
<Loc EndOffset="3303" SrcFileId="9" StartOffset="3245"/>
<Loc EndOffset="3360" SrcFileId="9" StartOffset="3307"/>
<Loc EndOffset="3891" SrcFileId="9" StartOffset="3366"/>
<Loc EndOffset="3931" SrcFileId="9" StartOffset="3897"/>
</LocList>
<BasicStmnt CovItemId="S35" CovItemPrefix="csse376_puerto_rico.GameBoardGUI.java" Intrnl_Id="592">
<LocList>
<Loc EndOffset="3067" SrcFileId="9" StartOffset="3011"/>
</LocList>
</BasicStmnt>
<BasicStmnt CovItemId="S36" CovItemPrefix="csse376_puerto_rico.GameBoardGUI.java" Intrnl_Id="593">
<LocList>
<Loc EndOffset="3123" SrcFileId="9" StartOffset="3071"/>
</LocList>
</BasicStmnt>
<BasicStmnt CovItemId="S37" CovItemPrefix="csse376_puerto_rico.GameBoardGUI.java" Intrnl_Id="594">
<LocList>
<Loc EndOffset="3183" SrcFileId="9" StartOffset="3127"/>
</LocList>
</BasicStmnt>
<BasicStmnt CovItemId="S38" CovItemPrefix="csse376_puerto_rico.GameBoardGUI.java" Intrnl_Id="595">
<LocList>
<Loc EndOffset="3241" SrcFileId="9" StartOffset="3187"/>
</LocList>
</BasicStmnt>
<BasicStmnt CovItemId="S39" CovItemPrefix="csse376_puerto_rico.GameBoardGUI.java" Intrnl_Id="596">
<LocList>
<Loc EndOffset="3303" SrcFileId="9" StartOffset="3245"/>
</LocList>
</BasicStmnt>
<BasicStmnt CovItemId="S40" CovItemPrefix="csse376_puerto_rico.GameBoardGUI.java" Intrnl_Id="597">
<LocList>
<Loc EndOffset="3360" SrcFileId="9" StartOffset="3307"/>
</LocList>
</BasicStmnt>
<BasicStmnt CovItemId="S41" CovItemPrefix="csse376_puerto_rico.GameBoardGUI.java" Intrnl_Id="598">
<LocList>
<Loc EndOffset="3891" SrcFileId="9" StartOffset="3366"/>
</LocList>
</BasicStmnt>
<BasicStmnt CovItemId="S42" CovItemPrefix="csse376_puerto_rico.GameBoardGUI.java" Intrnl_Id="599">
<LocList>
<Loc EndOffset="3931" SrcFileId="9" StartOffset="3897"/>
</LocList>
</BasicStmnt>
</StmntSeq>
</HierarchyLvl>
<HierarchyLvl HierarchyLvlId="2310" HierarchyLvlTypeId="17" Intrnl_Id="600" Name="displayMessageBar">
<Header>
<Loc EndOffset="3972" SrcFileId="9" StartOffset="3940"/>
</Header>
<LocList>
<Loc EndOffset="4076" SrcFileId="9" StartOffset="3940"/>
</LocList>
<StmntSeq Intrnl_Id="601">
<LocList>
<Loc EndOffset="4000" SrcFileId="9" StartOffset="3978"/>
<Loc EndOffset="4072" SrcFileId="9" StartOffset="4004"/>
</LocList>
<BasicStmnt CovItemId="S43" CovItemPrefix="csse376_puerto_rico.GameBoardGUI.java" Intrnl_Id="602">
<LocList>
<Loc EndOffset="4000" SrcFileId="9" StartOffset="3978"/>
</LocList>
</BasicStmnt>
<BasicStmnt CovItemId="S44" CovItemPrefix="csse376_puerto_rico.GameBoardGUI.java" Intrnl_Id="603">
<LocList>
<Loc EndOffset="4072" SrcFileId="9" StartOffset="4004"/>
</LocList>
</BasicStmnt>
</StmntSeq>
</HierarchyLvl>
<HierarchyLvl HierarchyLvlId="2311" HierarchyLvlTypeId="17" Intrnl_Id="604" Name="addPlayers">
<Header>
<Loc EndOffset="4132" SrcFileId="9" StartOffset="4081"/>
</Header>
<LocList>
<Loc EndOffset="4790" SrcFileId="9" StartOffset="4081"/>
</LocList>
<StmntSeq Intrnl_Id="605">
<LocList>
<Loc EndOffset="4644" SrcFileId="9" StartOffset="4182"/>
<Loc EndOffset="4693" SrcFileId="9" StartOffset="4648"/>
<Loc EndOffset="4718" SrcFileId="9" StartOffset="4699"/>
<Loc EndOffset="4742" SrcFileId="9" StartOffset="4722"/>
<Loc EndOffset="4760" SrcFileId="9" StartOffset="4746"/>
<Loc EndOffset="4786" SrcFileId="9" StartOffset="4766"/>
</LocList>
<LoopStmnt CovItemId="S45" CovItemPrefix="csse376_puerto_rico.GameBoardGUI.java" Intrnl_Id="606" MltplExecId="L2-2" MltplExecPrefix="csse376_puerto_rico.GameBoardGUI.java" NvrExecId="L2-0" NvrExecPrefix="csse376_puerto_rico.GameBoardGUI.java" OnceExecutedId="L2-1" OnceExecutedPrefix="csse376_puerto_rico.GameBoardGUI.java" OptBodyExec="true">
<StmntSeq Intrnl_Id="607">
<LocList>
<Loc EndOffset="4254" SrcFileId="9" StartOffset="4230"/>
<Loc EndOffset="4304" SrcFileId="9" StartOffset="4259"/>
<Loc EndOffset="4327" SrcFileId="9" StartOffset="4309"/>
<Loc EndOffset="4499" SrcFileId="9" StartOffset="4332"/>
<Loc EndOffset="4520" SrcFileId="9" StartOffset="4504"/>
<Loc EndOffset="4544" SrcFileId="9" StartOffset="4525"/>
<Loc EndOffset="4563" SrcFileId="9" StartOffset="4549"/>
<Loc EndOffset="4588" SrcFileId="9" StartOffset="4568"/>
<Loc EndOffset="4637" SrcFileId="9" StartOffset="4593"/>
</LocList>
<BasicStmnt CovItemId="S46" CovItemPrefix="csse376_puerto_rico.GameBoardGUI.java" Intrnl_Id="608">
<LocList>
<Loc EndOffset="4254" SrcFileId="9" StartOffset="4230"/>
</LocList>
</BasicStmnt>
<CondStmnt CovItemId="S47" CovItemPrefix="csse376_puerto_rico.GameBoardGUI.java" Intrnl_Id="609">
<Branch CovItemId="B3" CovItemPrefix="csse376_puerto_rico.GameBoardGUI.java" Implct="false" Intrnl_Id="610">
<Cond/>
<LocList>
<Loc EndOffset="4304" SrcFileId="9" StartOffset="4271"/>
</LocList>
<StmntSeq Intrnl_Id="611">
<LocList>
<Loc EndOffset="4298" SrcFileId="9" StartOffset="4278"/>
</LocList>
<BasicStmnt CovItemId="S48" CovItemPrefix="csse376_puerto_rico.GameBoardGUI.java" Intrnl_Id="612">
<LocList>
<Loc EndOffset="4298" SrcFileId="9" StartOffset="4278"/>
</LocList>
</BasicStmnt>
</StmntSeq>
</Branch>
<Branch CovItemId="B4" CovItemPrefix="csse376_puerto_rico.GameBoardGUI.java" Implct="true" Intrnl_Id="613">
<Cond/>
<LocList/>
<StmntSeq Intrnl_Id="614">
<LocList/>
</StmntSeq>
</Branch>
<Keyword EndOffset="4261" SrcFileId="9" StartOffset="4259"/>
<LocList>
<Loc EndOffset="4304" SrcFileId="9" StartOffset="4259"/>
</LocList>
<RootTerm CovItemId="C4" CovItemPrefix="csse376_puerto_rico.GameBoardGUI.java" Intrnl_Id="615">
<BasicBoolTerm Intrnl_Id="616">
<LocList>
<Loc EndOffset="4269" SrcFileId="9" StartOffset="4263"/>
</LocList>
</BasicBoolTerm>
</RootTerm>
</CondStmnt>
<BasicStmnt CovItemId="S49" CovItemPrefix="csse376_puerto_rico.GameBoardGUI.java" Intrnl_Id="617">
<LocList>
<Loc EndOffset="4327" SrcFileId="9" StartOffset="4309"/>
</LocList>
</BasicStmnt>
<BasicStmnt CovItemId="S50" CovItemPrefix="csse376_puerto_rico.GameBoardGUI.java" Intrnl_Id="618">
<LocList>
<Loc EndOffset="4499" SrcFileId="9" StartOffset="4332"/>
</LocList>
</BasicStmnt>
<BasicStmnt CovItemId="S51" CovItemPrefix="csse376_puerto_rico.GameBoardGUI.java" Intrnl_Id="619">
<LocList>
<Loc EndOffset="4520" SrcFileId="9" StartOffset="4504"/>
</LocList>
</BasicStmnt>
<BasicStmnt CovItemId="S52" CovItemPrefix="csse376_puerto_rico.GameBoardGUI.java" Intrnl_Id="620">
<LocList>
<Loc EndOffset="4544" SrcFileId="9" StartOffset="4525"/>
</LocList>
</BasicStmnt>
<BasicStmnt CovItemId="S53" CovItemPrefix="csse376_puerto_rico.GameBoardGUI.java" Intrnl_Id="621">
<LocList>
<Loc EndOffset="4563" SrcFileId="9" StartOffset="4549"/>
</LocList>
</BasicStmnt>
<BasicStmnt CovItemId="S54" CovItemPrefix="csse376_puerto_rico.GameBoardGUI.java" Intrnl_Id="622">
<LocList>
<Loc EndOffset="4588" SrcFileId="9" StartOffset="4568"/>
</LocList>
</BasicStmnt>
<BasicStmnt CovItemId="S55" CovItemPrefix="csse376_puerto_rico.GameBoardGUI.java" Intrnl_Id="623">
<LocList>
<Loc EndOffset="4637" SrcFileId="9" StartOffset="4593"/>
</LocList>
</BasicStmnt>
</StmntSeq>
<Keyword EndOffset="4185" SrcFileId="9" StartOffset="4182"/>
<LocList>
<Loc EndOffset="4644" SrcFileId="9" StartOffset="4182"/>
</LocList>
<RootTerm CovItemId="C3" CovItemPrefix="csse376_puerto_rico.GameBoardGUI.java" Intrnl_Id="624">
<BasicBoolTerm Intrnl_Id="625">
<LocList>
<Loc EndOffset="4217" SrcFileId="9" StartOffset="4198"/>
</LocList>
</BasicBoolTerm>
</RootTerm>
</LoopStmnt>
<BasicStmnt CovItemId="S56" CovItemPrefix="csse376_puerto_rico.GameBoardGUI.java" Intrnl_Id="626">
<LocList>
<Loc EndOffset="4693" SrcFileId="9" StartOffset="4648"/>
</LocList>
</BasicStmnt>
<BasicStmnt CovItemId="S57" CovItemPrefix="csse376_puerto_rico.GameBoardGUI.java" Intrnl_Id="627">
<LocList>
<Loc EndOffset="4718" SrcFileId="9" StartOffset="4699"/>
</LocList>
</BasicStmnt>
<BasicStmnt CovItemId="S58" CovItemPrefix="csse376_puerto_rico.GameBoardGUI.java" Intrnl_Id="628">
<LocList>
<Loc EndOffset="4742" SrcFileId="9" StartOffset="4722"/>
</LocList>
</BasicStmnt>
<BasicStmnt CovItemId="S59" CovItemPrefix="csse376_puerto_rico.GameBoardGUI.java" Intrnl_Id="629">
<LocList>
<Loc EndOffset="4760" SrcFileId="9" StartOffset="4746"/>
</LocList>
</BasicStmnt>
<BasicStmnt CovItemId="S60" CovItemPrefix="csse376_puerto_rico.GameBoardGUI.java" Intrnl_Id="630">
<LocList>
<Loc EndOffset="4786" SrcFileId="9" StartOffset="4766"/>
</LocList>
</BasicStmnt>
</StmntSeq>
</HierarchyLvl>
<HierarchyLvl HierarchyLvlId="2312" HierarchyLvlTypeId="17" Intrnl_Id="631" Name="getPlayers">
<Header>
<Loc EndOffset="4827" SrcFileId="9" StartOffset="4795"/>
</Header>
<LocList>
<Loc EndOffset="4857" SrcFileId="9" StartOffset="4795"/>
</LocList>
<StmntSeq Intrnl_Id="632">
<LocList>
<Loc EndOffset="4853" SrcFileId="9" StartOffset="4833"/>
</LocList>
<BasicStmnt CovItemId="S61" CovItemPrefix="csse376_puerto_rico.GameBoardGUI.java" Intrnl_Id="633">
<LocList>
<Loc EndOffset="4853" SrcFileId="9" StartOffset="4833"/>
</LocList>
</BasicStmnt>
</StmntSeq>
</HierarchyLvl>
<HierarchyLvl HierarchyLvlId="2313" HierarchyLvlTypeId="17" Intrnl_Id="634" Name="getTurnCount">
<Header>
<Loc EndOffset="4894" SrcFileId="9" StartOffset="4862"/>
</Header>
<LocList>
<Loc EndOffset="4921" SrcFileId="9" StartOffset="4862"/>
</LocList>
<StmntSeq Intrnl_Id="635">
<LocList>
<Loc EndOffset="4917" SrcFileId="9" StartOffset="4900"/>
</LocList>
<BasicStmnt CovItemId="S62" CovItemPrefix="csse376_puerto_rico.GameBoardGUI.java" Intrnl_Id="636">
<LocList>
<Loc EndOffset="4917" SrcFileId="9" StartOffset="4900"/>
</LocList>
</BasicStmnt>
</StmntSeq>
</HierarchyLvl>
<HierarchyLvl HierarchyLvlId="2314" HierarchyLvlTypeId="17" Intrnl_Id="637" Name="getPlayerText">
<Header>
<Loc EndOffset="5096" SrcFileId="9" StartOffset="4947"/>
</Header>
<LocList>
<Loc EndOffset="5534" SrcFileId="9" StartOffset="4947"/>
</LocList>
<StmntSeq Intrnl_Id="638">
<LocList>
<Loc EndOffset="5120" SrcFileId="9" StartOffset="5102"/>
<Loc EndOffset="5515" SrcFileId="9" StartOffset="5124"/>
<Loc EndOffset="5530" SrcFileId="9" StartOffset="5519"/>
</LocList>
<BasicStmnt CovItemId="S63" CovItemPrefix="csse376_puerto_rico.GameBoardGUI.java" Intrnl_Id="639">
<LocList>
<Loc EndOffset="5120" SrcFileId="9" StartOffset="5102"/>
</LocList>
</BasicStmnt>
<CondStmnt CovItemId="S64" CovItemPrefix="csse376_puerto_rico.GameBoardGUI.java" Intrnl_Id="640">
<Branch CovItemId="B5" CovItemPrefix="csse376_puerto_rico.GameBoardGUI.java" Implct="false" Intrnl_Id="641">
<Cond/>
<LocList>
<Loc EndOffset="5330" SrcFileId="9" StartOffset="5140"/>
</LocList>
<StmntSeq Intrnl_Id="642">
<LocList>
<Loc EndOffset="5323" SrcFileId="9" StartOffset="5146"/>
</LocList>
<BasicStmnt CovItemId="S65" CovItemPrefix="csse376_puerto_rico.GameBoardGUI.java" Intrnl_Id="643">
<LocList>
<Loc EndOffset="5323" SrcFileId="9" StartOffset="5146"/>
</LocList>
</BasicStmnt>
</StmntSeq>
</Branch>
<Branch CovItemId="B6" CovItemPrefix="csse376_puerto_rico.GameBoardGUI.java" Implct="false" Intrnl_Id="644">
<Cond>
<Loc EndOffset="5335" SrcFileId="9" StartOffset="5331"/>
</Cond>
<LocList>
<Loc EndOffset="5515" SrcFileId="9" StartOffset="5336"/>
</LocList>
<StmntSeq Intrnl_Id="645">
<LocList>
<Loc EndOffset="5508" SrcFileId="9" StartOffset="5342"/>
</LocList>
<BasicStmnt CovItemId="S66" CovItemPrefix="csse376_puerto_rico.GameBoardGUI.java" Intrnl_Id="646">
<LocList>
<Loc EndOffset="5508" SrcFileId="9" StartOffset="5342"/>
</LocList>
</BasicStmnt>
</StmntSeq>
</Branch>
<Keyword EndOffset="5126" SrcFileId="9" StartOffset="5124"/>
<LocList>
<Loc EndOffset="5515" SrcFileId="9" StartOffset="5124"/>
</LocList>
<RootTerm CovItemId="C5" CovItemPrefix="csse376_puerto_rico.GameBoardGUI.java" Intrnl_Id="647">
<BasicBoolTerm Intrnl_Id="648">
<LocList>
<Loc EndOffset="5138" SrcFileId="9" StartOffset="5128"/>
</LocList>
</BasicBoolTerm>
</RootTerm>
</CondStmnt>
<BasicStmnt CovItemId="S67" CovItemPrefix="csse376_puerto_rico.GameBoardGUI.java" Intrnl_Id="649">
<LocList>
<Loc EndOffset="5530" SrcFileId="9" StartOffset="5519"/>
</LocList>
</BasicStmnt>
</StmntSeq>
</HierarchyLvl>
<HierarchyLvl HierarchyLvlId="2315" HierarchyLvlTypeId="17" Intrnl_Id="650" Name="updateRoles">
<Header>
<Loc EndOffset="5564" SrcFileId="9" StartOffset="5539"/>
</Header>
<LocList>
<Loc EndOffset="6869" SrcFileId="9" StartOffset="5539"/>
</LocList>
<StmntSeq Intrnl_Id="651">
<LocList>
<Loc EndOffset="5619" SrcFileId="9" StartOffset="5572"/>
<Loc EndOffset="6774" SrcFileId="9" StartOffset="5623"/>
<Loc EndOffset="6863" SrcFileId="9" StartOffset="6778"/>
</LocList>
<BasicStmnt CovItemId="S68" CovItemPrefix="csse376_puerto_rico.GameBoardGUI.java" Intrnl_Id="652">
<LocList>
<Loc EndOffset="5619" SrcFileId="9" StartOffset="5572"/>
</LocList>
</BasicStmnt>
<LoopStmnt CovItemId="S69" CovItemPrefix="csse376_puerto_rico.GameBoardGUI.java" Intrnl_Id="653" MltplExecId="L3-2" MltplExecPrefix="csse376_puerto_rico.GameBoardGUI.java" NvrExecId="L3-0" NvrExecPrefix="csse376_puerto_rico.GameBoardGUI.java" OnceExecutedId="L3-1" OnceExecutedPrefix="csse376_puerto_rico.GameBoardGUI.java" OptBodyExec="true">
<StmntSeq Intrnl_Id="654">
<LocList>
<Loc EndOffset="5691" SrcFileId="9" StartOffset="5653"/>
<Loc EndOffset="6767" SrcFileId="9" StartOffset="5696"/>
</LocList>
<BasicStmnt CovItemId="S70" CovItemPrefix="csse376_puerto_rico.GameBoardGUI.java" Intrnl_Id="655">
<LocList>
<Loc EndOffset="5691" SrcFileId="9" StartOffset="5653"/>
</LocList>
</BasicStmnt>
<LoopStmnt CovItemId="S71" CovItemPrefix="csse376_puerto_rico.GameBoardGUI.java" Intrnl_Id="656" MltplExecId="L4-2" MltplExecPrefix="csse376_puerto_rico.GameBoardGUI.java" NvrExecId="L4-0" NvrExecPrefix="csse376_puerto_rico.GameBoardGUI.java" OnceExecutedId="L4-1" OnceExecutedPrefix="csse376_puerto_rico.GameBoardGUI.java" OptBodyExec="true">
<StmntSeq Intrnl_Id="657">
<LocList>
<Loc EndOffset="5785" SrcFileId="9" StartOffset="5749"/>
<Loc EndOffset="6109" SrcFileId="9" StartOffset="5884"/>
<Loc EndOffset="6254" SrcFileId="9" StartOffset="6220"/>
<Loc EndOffset="6281" SrcFileId="9" StartOffset="6260"/>
<Loc EndOffset="6402" SrcFileId="9" StartOffset="6355"/>
<Loc EndOffset="6430" SrcFileId="9" StartOffset="6408"/>
<Loc EndOffset="6462" SrcFileId="9" StartOffset="6436"/>
<Loc EndOffset="6482" SrcFileId="9" StartOffset="6470"/>
<Loc EndOffset="6540" SrcFileId="9" StartOffset="6505"/>
<Loc EndOffset="6618" SrcFileId="9" StartOffset="6574"/>
<Loc EndOffset="6730" SrcFileId="9" StartOffset="6624"/>
<Loc EndOffset="6761" SrcFileId="9" StartOffset="6736"/>
</LocList>
<BasicStmnt CovItemId="S72" CovItemPrefix="csse376_puerto_rico.GameBoardGUI.java" Intrnl_Id="658">
<LocList>
<Loc EndOffset="5785" SrcFileId="9" StartOffset="5749"/>
</LocList>
</BasicStmnt>
<BasicStmnt CovItemId="S73" CovItemPrefix="csse376_puerto_rico.GameBoardGUI.java" Intrnl_Id="659">
<LocList>
<Loc EndOffset="6109" SrcFileId="9" StartOffset="5884"/>
</LocList>
</BasicStmnt>
<BasicStmnt CovItemId="S74" CovItemPrefix="csse376_puerto_rico.GameBoardGUI.java" Intrnl_Id="660">
<LocList>
<Loc EndOffset="6254" SrcFileId="9" StartOffset="6220"/>
</LocList>
</BasicStmnt>
<BasicStmnt CovItemId="S75" CovItemPrefix="csse376_puerto_rico.GameBoardGUI.java" Intrnl_Id="661">
<LocList>
<Loc EndOffset="6281" SrcFileId="9" StartOffset="6260"/>
</LocList>
</BasicStmnt>
<BasicStmnt CovItemId="S76" CovItemPrefix="csse376_puerto_rico.GameBoardGUI.java" Intrnl_Id="662">
<LocList>
<Loc EndOffset="6402" SrcFileId="9" StartOffset="6355"/>
</LocList>
</BasicStmnt>
<BasicStmnt CovItemId="S77" CovItemPrefix="csse376_puerto_rico.GameBoardGUI.java" Intrnl_Id="663">
<LocList>
<Loc EndOffset="6430" SrcFileId="9" StartOffset="6408"/>
</LocList>
</BasicStmnt>
<BasicStmnt CovItemId="S78" CovItemPrefix="csse376_puerto_rico.GameBoardGUI.java" Intrnl_Id="664">
<LocList>
<Loc EndOffset="6462" SrcFileId="9" StartOffset="6436"/>
</LocList>
</BasicStmnt>
<BasicStmnt CovItemId="S79" CovItemPrefix="csse376_puerto_rico.GameBoardGUI.java" Intrnl_Id="665">
<LocList>
<Loc EndOffset="6482" SrcFileId="9" StartOffset="6470"/>
</LocList>
</BasicStmnt>
<BasicStmnt CovItemId="S80" CovItemPrefix="csse376_puerto_rico.GameBoardGUI.java" Intrnl_Id="666">
<LocList>
<Loc EndOffset="6540" SrcFileId="9" StartOffset="6505"/>
</LocList>
</BasicStmnt>
<BasicStmnt CovItemId="S81" CovItemPrefix="csse376_puerto_rico.GameBoardGUI.java" Intrnl_Id="667">
<LocList>
<Loc EndOffset="6618" SrcFileId="9" StartOffset="6574"/>
</LocList>
</BasicStmnt>
<LoopStmnt CovItemId="S82" CovItemPrefix="csse376_puerto_rico.GameBoardGUI.java" Intrnl_Id="668" MltplExecId="L5-2" MltplExecPrefix="csse376_puerto_rico.GameBoardGUI.java" NvrExecId="L5-0" NvrExecPrefix="csse376_puerto_rico.GameBoardGUI.java" OnceExecutedId="L5-1" OnceExecutedPrefix="csse376_puerto_rico.GameBoardGUI.java" OptBodyExec="true">
<StmntSeq Intrnl_Id="669">
<LocList>
<Loc EndOffset="6723" SrcFileId="9" StartOffset="6673"/>
</LocList>
<CondStmnt CovItemId="S83" CovItemPrefix="csse376_puerto_rico.GameBoardGUI.java" Intrnl_Id="670">
<Branch CovItemId="B7" CovItemPrefix="csse376_puerto_rico.GameBoardGUI.java" Implct="false" Intrnl_Id="671">
<Cond/>
<LocList>
<Loc EndOffset="6723" SrcFileId="9" StartOffset="6685"/>
</LocList>
<StmntSeq Intrnl_Id="672">
<LocList>
<Loc EndOffset="6715" SrcFileId="9" StartOffset="6694"/>
</LocList>
<BasicStmnt CovItemId="S84" CovItemPrefix="csse376_puerto_rico.GameBoardGUI.java" Intrnl_Id="673">
<LocList>
<Loc EndOffset="6715" SrcFileId="9" StartOffset="6694"/>
</LocList>
</BasicStmnt>
</StmntSeq>
</Branch>
<Branch CovItemId="B8" CovItemPrefix="csse376_puerto_rico.GameBoardGUI.java" Implct="true" Intrnl_Id="674">
<Cond/>
<LocList/>
<StmntSeq Intrnl_Id="675">
<LocList/>
</StmntSeq>
</Branch>
<Keyword EndOffset="6675" SrcFileId="9" StartOffset="6673"/>
<LocList>
<Loc EndOffset="6723" SrcFileId="9" StartOffset="6673"/>
</LocList>
<RootTerm CovItemId="C9" CovItemPrefix="csse376_puerto_rico.GameBoardGUI.java" Intrnl_Id="676">
<BasicBoolTerm Intrnl_Id="677">
<LocList>
<Loc EndOffset="6683" SrcFileId="9" StartOffset="6677"/>
</LocList>
</BasicBoolTerm>
</RootTerm>
</CondStmnt>
</StmntSeq>
<Keyword EndOffset="6627" SrcFileId="9" StartOffset="6624"/>
<LocList>
<Loc EndOffset="6730" SrcFileId="9" StartOffset="6624"/>
</LocList>
<RootTerm CovItemId="C8" CovItemPrefix="csse376_puerto_rico.GameBoardGUI.java" Intrnl_Id="678">
<BasicBoolTerm Intrnl_Id="679">
<LocList>
<Loc EndOffset="6658" SrcFileId="9" StartOffset="6640"/>
</LocList>
</BasicBoolTerm>
</RootTerm>
</LoopStmnt>
<BasicStmnt CovItemId="S85" CovItemPrefix="csse376_puerto_rico.GameBoardGUI.java" Intrnl_Id="680">
<LocList>
<Loc EndOffset="6761" SrcFileId="9" StartOffset="6736"/>
</LocList>
</BasicStmnt>
</StmntSeq>
<Keyword EndOffset="5699" SrcFileId="9" StartOffset="5696"/>
<LocList>
<Loc EndOffset="6767" SrcFileId="9" StartOffset="5696"/>
</LocList>
<RootTerm CovItemId="C7" CovItemPrefix="csse376_puerto_rico.GameBoardGUI.java" Intrnl_Id="681">
<BasicBoolTerm Intrnl_Id="682">
<LocList>
<Loc EndOffset="5735" SrcFileId="9" StartOffset="5712"/>
</LocList>
</BasicBoolTerm>
</RootTerm>
</LoopStmnt>
</StmntSeq>
<Keyword EndOffset="5628" SrcFileId="9" StartOffset="5623"/>
<LocList>
<Loc EndOffset="6774" SrcFileId="9" StartOffset="5623"/>
</LocList>
<RootTerm CovItemId="C6" CovItemPrefix="csse376_puerto_rico.GameBoardGUI.java" Intrnl_Id="683">
<OpTerm BooleanOpId="12" Intrnl_Id="684">
<BasicBoolTerm Intrnl_Id="685">
<LocList>
<Loc EndOffset="5645" SrcFileId="9" StartOffset="5631"/>
</LocList>
</BasicBoolTerm>
<LocList>
<Loc EndOffset="5631" SrcFileId="9" StartOffset="5630"/>
</LocList>
</OpTerm>
</RootTerm>
</LoopStmnt>
<BasicStmnt CovItemId="S86" CovItemPrefix="csse376_puerto_rico.GameBoardGUI.java" Intrnl_Id="686">
<LocList>
<Loc EndOffset="6863" SrcFileId="9" StartOffset="6778"/>
</LocList>
</BasicStmnt>
</StmntSeq>
</HierarchyLvl>
<HierarchyLvl HierarchyLvlId="2316" HierarchyLvlTypeId="17" Intrnl_Id="687" Name="checkEndGame">
<Header>
<Loc EndOffset="6903" SrcFileId="9" StartOffset="6874"/>
</Header>
<LocList>
<Loc EndOffset="7032" SrcFileId="9" StartOffset="6874"/>
</LocList>
<StmntSeq Intrnl_Id="688">
<LocList>
<Loc EndOffset="7028" SrcFileId="9" StartOffset="6994"/>
</LocList>
<BasicStmnt CovItemId="S87" CovItemPrefix="csse376_puerto_rico.GameBoardGUI.java" Intrnl_Id="689">
<LocList>
<Loc EndOffset="7028" SrcFileId="9" StartOffset="6994"/>
</LocList>
</BasicStmnt>
</StmntSeq>
</HierarchyLvl>
<HierarchyLvl HierarchyLvlId="2317" HierarchyLvlTypeId="17" Intrnl_Id="690" Name="updateMsgBar">
<Header>
<Loc EndOffset="7073" SrcFileId="9" StartOffset="7037"/>
</Header>
<LocList>
<Loc EndOffset="7108" SrcFileId="9" StartOffset="7037"/>
</LocList>
<StmntSeq Intrnl_Id="691">
<LocList>
<Loc EndOffset="7104" SrcFileId="9" StartOffset="7079"/>
</LocList>
<BasicStmnt CovItemId="S88" CovItemPrefix="csse376_puerto_rico.GameBoardGUI.java" Intrnl_Id="692">
<LocList>
<Loc EndOffset="7104" SrcFileId="9" StartOffset="7079"/>
</LocList>
</BasicStmnt>
</StmntSeq>
</HierarchyLvl>
<HierarchyLvl HierarchyLvlId="2318" HierarchyLvlTypeId="17" Intrnl_Id="693" Name="playRole">
<Header>
<Loc EndOffset="7146" SrcFileId="9" StartOffset="7113"/>
</Header>
<LocList>
<Loc EndOffset="15245" SrcFileId="9" StartOffset="7113"/>
</LocList>
<StmntSeq Intrnl_Id="694">
<LocList>
<Loc EndOffset="7195" SrcFileId="9" StartOffset="7158"/>
<Loc EndOffset="7230" SrcFileId="9" StartOffset="7199"/>
<Loc EndOffset="15239" SrcFileId="9" StartOffset="7236"/>
</LocList>
<BasicStmnt CovItemId="S89" CovItemPrefix="csse376_puerto_rico.GameBoardGUI.java" Intrnl_Id="695">
<LocList>
<Loc EndOffset="7195" SrcFileId="9" StartOffset="7158"/>
</LocList>
</BasicStmnt>
<BasicStmnt CovItemId="S90" CovItemPrefix="csse376_puerto_rico.GameBoardGUI.java" Intrnl_Id="696">
<LocList>
<Loc EndOffset="7230" SrcFileId="9" StartOffset="7199"/>
</LocList>
</BasicStmnt>
<CondStmnt CovItemId="S91" CovItemPrefix="csse376_puerto_rico.GameBoardGUI.java" Intrnl_Id="697">
<Branch CovItemId="B9" CovItemPrefix="csse376_puerto_rico.GameBoardGUI.java" Implct="false" Intrnl_Id="698">
<Cond/>
<LocList>
<Loc EndOffset="10227" SrcFileId="9" StartOffset="7272"/>
</LocList>
<StmntSeq Intrnl_Id="699">
<LocList>
<Loc EndOffset="10222" SrcFileId="9" StartOffset="7280"/>
</LocList>
<LoopStmnt CovItemId="S92" CovItemPrefix="csse376_puerto_rico.GameBoardGUI.java" Intrnl_Id="700" MltplExecId="L6-2" MltplExecPrefix="csse376_puerto_rico.GameBoardGUI.java" NvrExecId="L6-0" NvrExecPrefix="csse376_puerto_rico.GameBoardGUI.java" OnceExecutedId="L6-1" OnceExecutedPrefix="csse376_puerto_rico.GameBoardGUI.java" OptBodyExec="true">
<StmntSeq Intrnl_Id="701">
<LocList>
<Loc EndOffset="7427" SrcFileId="9" StartOffset="7397"/>
<Loc EndOffset="7497" SrcFileId="9" StartOffset="7435"/>
<Loc EndOffset="7528" SrcFileId="9" StartOffset="7503"/>
<Loc EndOffset="10167" SrcFileId="9" StartOffset="7534"/>
<Loc EndOffset="10214" SrcFileId="9" StartOffset="10173"/>
</LocList>
<BasicStmnt CovItemId="S93" CovItemPrefix="csse376_puerto_rico.GameBoardGUI.java" Intrnl_Id="702">
<LocList>
<Loc EndOffset="7427" SrcFileId="9" StartOffset="7397"/>
</LocList>
</BasicStmnt>
<BasicStmnt CovItemId="S94" CovItemPrefix="csse376_puerto_rico.GameBoardGUI.java" Intrnl_Id="703">
<LocList>
<Loc EndOffset="7497" SrcFileId="9" StartOffset="7435"/>
</LocList>
</BasicStmnt>
<BasicStmnt CovItemId="S95" CovItemPrefix="csse376_puerto_rico.GameBoardGUI.java" Intrnl_Id="704">
<LocList>
<Loc EndOffset="7528" SrcFileId="9" StartOffset="7503"/>
</LocList>
</BasicStmnt>
<LoopStmnt CovItemId="S96" CovItemPrefix="csse376_puerto_rico.GameBoardGUI.java" Intrnl_Id="705" MltplExecId="L7-2" MltplExecPrefix="csse376_puerto_rico.GameBoardGUI.java" NvrExecId="L7-0" NvrExecPrefix="csse376_puerto_rico.GameBoardGUI.java" OnceExecutedId="L7-1" OnceExecutedPrefix="csse376_puerto_rico.GameBoardGUI.java" OptBodyExec="true">
<StmntSeq Intrnl_Id="706">
<LocList>
<Loc EndOffset="7865" SrcFileId="9" StartOffset="7560"/>
<Loc EndOffset="10127" SrcFileId="9" StartOffset="7872"/>
<Loc EndOffset="10160" SrcFileId="9" StartOffset="10134"/>
</LocList>
<BasicStmnt CovItemId="S97" CovItemPrefix="csse376_puerto_rico.GameBoardGUI.java" Intrnl_Id="707">
<LocList>
<Loc EndOffset="7865" SrcFileId="9" StartOffset="7560"/>
</LocList>
</BasicStmnt>
<CondStmnt CovItemId="S98" CovItemPrefix="csse376_puerto_rico.GameBoardGUI.java" Intrnl_Id="708">
<Branch CovItemId="B11" CovItemPrefix="csse376_puerto_rico.GameBoardGUI.java" Implct="false" Intrnl_Id="709">
<Cond/>
<LocList>
<Loc EndOffset="9020" SrcFileId="9" StartOffset="7884"/>
</LocList>
<StmntSeq Intrnl_Id="710">
<LocList>
<Loc EndOffset="7999" SrcFileId="9" StartOffset="7893"/>
<Loc EndOffset="8038" SrcFileId="9" StartOffset="8007"/>
<Loc EndOffset="8088" SrcFileId="9" StartOffset="8046"/>
<Loc EndOffset="8394" SrcFileId="9" StartOffset="8098"/>
<Loc EndOffset="9010" SrcFileId="9" StartOffset="8402"/>
</LocList>
<BasicStmnt CovItemId="S99" CovItemPrefix="csse376_puerto_rico.GameBoardGUI.java" Intrnl_Id="711">
<LocList>
<Loc EndOffset="7999" SrcFileId="9" StartOffset="7893"/>
</LocList>
</BasicStmnt>
<BasicStmnt CovItemId="S100" CovItemPrefix="csse376_puerto_rico.GameBoardGUI.java" Intrnl_Id="712">
<LocList>
<Loc EndOffset="8038" SrcFileId="9" StartOffset="8007"/>
</LocList>
</BasicStmnt>
<BasicStmnt CovItemId="S101" CovItemPrefix="csse376_puerto_rico.GameBoardGUI.java" Intrnl_Id="713">
<LocList>
<Loc EndOffset="8088" SrcFileId="9" StartOffset="8046"/>
</LocList>
</BasicStmnt>
<BasicStmnt CovItemId="S102" CovItemPrefix="csse376_puerto_rico.GameBoardGUI.java" Intrnl_Id="714">
<LocList>
<Loc EndOffset="8394" SrcFileId="9" StartOffset="8098"/>
</LocList>
</BasicStmnt>
<CondStmnt CovItemId="S103" CovItemPrefix="csse376_puerto_rico.GameBoardGUI.java" Intrnl_Id="715">
<Branch CovItemId="B13" CovItemPrefix="csse376_puerto_rico.GameBoardGUI.java" Implct="false" Intrnl_Id="716">
<Cond/>
<LocList>
<Loc EndOffset="8909" SrcFileId="9" StartOffset="8438"/>
</LocList>
<StmntSeq Intrnl_Id="717">
<LocList>
<Loc EndOffset="8517" SrcFileId="9" StartOffset="8448"/>
<Loc EndOffset="8900" SrcFileId="9" StartOffset="8526"/>
</LocList>
<BasicStmnt CovItemId="S104" CovItemPrefix="csse376_puerto_rico.GameBoardGUI.java" Intrnl_Id="718">
<LocList>
<Loc EndOffset="8517" SrcFileId="9" StartOffset="8448"/>
</LocList>
</BasicStmnt>
<CondStmnt CovItemId="S105" CovItemPrefix="csse376_puerto_rico.GameBoardGUI.java" Intrnl_Id="719">
<Branch CovItemId="B15" CovItemPrefix="csse376_puerto_rico.GameBoardGUI.java" Implct="false" Intrnl_Id="720">
<Cond/>
<LocList>
<Loc EndOffset="8788" SrcFileId="9" StartOffset="8578"/>
</LocList>
<StmntSeq Intrnl_Id="721">
<LocList>
<Loc EndOffset="8646" SrcFileId="9" StartOffset="8589"/>
<Loc EndOffset="8672" SrcFileId="9" StartOffset="8656"/>
<Loc EndOffset="8778" SrcFileId="9" StartOffset="8682"/>
</LocList>
<BasicStmnt CovItemId="S106" CovItemPrefix="csse376_puerto_rico.GameBoardGUI.java" Intrnl_Id="722">
<LocList>
<Loc EndOffset="8646" SrcFileId="9" StartOffset="8589"/>
</LocList>
</BasicStmnt>
<BasicStmnt CovItemId="S107" CovItemPrefix="csse376_puerto_rico.GameBoardGUI.java" Intrnl_Id="723">
<LocList>
<Loc EndOffset="8672" SrcFileId="9" StartOffset="8656"/>
</LocList>
</BasicStmnt>
<BasicStmnt CovItemId="S108" CovItemPrefix="csse376_puerto_rico.GameBoardGUI.java" Intrnl_Id="724">
<LocList>
<Loc EndOffset="8778" SrcFileId="9" StartOffset="8682"/>
</LocList>
</BasicStmnt>
</StmntSeq>
</Branch>
<Branch CovItemId="B16" CovItemPrefix="csse376_puerto_rico.GameBoardGUI.java" Implct="false" Intrnl_Id="725">
<Cond>
<Loc EndOffset="8793" SrcFileId="9" StartOffset="8789"/>
</Cond>
<LocList>
<Loc EndOffset="8900" SrcFileId="9" StartOffset="8794"/>
</LocList>
<StmntSeq Intrnl_Id="726">
<LocList>
<Loc EndOffset="8890" SrcFileId="9" StartOffset="8805"/>
</LocList>
<BasicStmnt CovItemId="S109" CovItemPrefix="csse376_puerto_rico.GameBoardGUI.java" Intrnl_Id="727">
<LocList>
<Loc EndOffset="8890" SrcFileId="9" StartOffset="8805"/>
</LocList>
</BasicStmnt>
</StmntSeq>
</Branch>
<Keyword EndOffset="8528" SrcFileId="9" StartOffset="8526"/>
<LocList>
<Loc EndOffset="8900" SrcFileId="9" StartOffset="8526"/>
</LocList>
<RootTerm CovItemId="C15" CovItemPrefix="csse376_puerto_rico.GameBoardGUI.java" Intrnl_Id="728">
<BasicBoolTerm Intrnl_Id="729">
<LocList>
<Loc EndOffset="8576" SrcFileId="9" StartOffset="8530"/>
</LocList>
</BasicBoolTerm>
</RootTerm>
</CondStmnt>
</StmntSeq>
</Branch>
<Branch CovItemId="B14" CovItemPrefix="csse376_puerto_rico.GameBoardGUI.java" Implct="false" Intrnl_Id="730">
<Cond>
<Loc EndOffset="8914" SrcFileId="9" StartOffset="8910"/>
</Cond>
<LocList>
<Loc EndOffset="9010" SrcFileId="9" StartOffset="8915"/>
</LocList>
<StmntSeq Intrnl_Id="731">
<LocList>
<Loc EndOffset="8975" SrcFileId="9" StartOffset="8925"/>
<Loc EndOffset="9001" SrcFileId="9" StartOffset="8984"/>
</LocList>
<BasicStmnt CovItemId="S110" CovItemPrefix="csse376_puerto_rico.GameBoardGUI.java" Intrnl_Id="732">
<LocList>
<Loc EndOffset="8975" SrcFileId="9" StartOffset="8925"/>
</LocList>
</BasicStmnt>
<BasicStmnt CovItemId="S111" CovItemPrefix="csse376_puerto_rico.GameBoardGUI.java" Intrnl_Id="733">
<LocList>
<Loc EndOffset="9001" SrcFileId="9" StartOffset="8984"/>
</LocList>
</BasicStmnt>
</StmntSeq>
</Branch>
<Keyword EndOffset="8404" SrcFileId="9" StartOffset="8402"/>
<LocList>
<Loc EndOffset="9010" SrcFileId="9" StartOffset="8402"/>
</LocList>
<RootTerm CovItemId="C14" CovItemPrefix="csse376_puerto_rico.GameBoardGUI.java" Intrnl_Id="734">
<BasicBoolTerm Intrnl_Id="735">
<LocList>
<Loc EndOffset="8436" SrcFileId="9" StartOffset="8406"/>
</LocList>
</BasicBoolTerm>
</RootTerm>
</CondStmnt>
</StmntSeq>
</Branch>
<Branch CovItemId="B12" CovItemPrefix="csse376_puerto_rico.GameBoardGUI.java" Implct="false" Intrnl_Id="736">
<Cond>
<Loc EndOffset="9025" SrcFileId="9" StartOffset="9021"/>
</Cond>
<LocList>
<Loc EndOffset="10127" SrcFileId="9" StartOffset="9026"/>
</LocList>
<StmntSeq Intrnl_Id="737">
<LocList>
<Loc EndOffset="10127" SrcFileId="9" StartOffset="9026"/>
</LocList>
<CondStmnt CovItemId="S112" CovItemPrefix="csse376_puerto_rico.GameBoardGUI.java" Intrnl_Id="738">
<Branch CovItemId="B17" CovItemPrefix="csse376_puerto_rico.GameBoardGUI.java" Implct="false" Intrnl_Id="739">
<Cond/>
<LocList>
<Loc EndOffset="10067" SrcFileId="9" StartOffset="9038"/>
</LocList>
<StmntSeq Intrnl_Id="740">
<LocList>
<Loc EndOffset="9152" SrcFileId="9" StartOffset="9047"/>
<Loc EndOffset="9188" SrcFileId="9" StartOffset="9160"/>
<Loc EndOffset="9235" SrcFileId="9" StartOffset="9196"/>
<Loc EndOffset="9545" SrcFileId="9" StartOffset="9245"/>
<Loc EndOffset="10059" SrcFileId="9" StartOffset="9553"/>
</LocList>
<BasicStmnt CovItemId="S113" CovItemPrefix="csse376_puerto_rico.GameBoardGUI.java" Intrnl_Id="741">
<LocList>
<Loc EndOffset="9152" SrcFileId="9" StartOffset="9047"/>
</LocList>
</BasicStmnt>
<BasicStmnt CovItemId="S114" CovItemPrefix="csse376_puerto_rico.GameBoardGUI.java" Intrnl_Id="742">
<LocList>
<Loc EndOffset="9188" SrcFileId="9" StartOffset="9160"/>
</LocList>
</BasicStmnt>
<BasicStmnt CovItemId="S115" CovItemPrefix="csse376_puerto_rico.GameBoardGUI.java" Intrnl_Id="743">
<LocList>
<Loc EndOffset="9235" SrcFileId="9" StartOffset="9196"/>
</LocList>
</BasicStmnt>
<BasicStmnt CovItemId="S116" CovItemPrefix="csse376_puerto_rico.GameBoardGUI.java" Intrnl_Id="744">
<LocList>
<Loc EndOffset="9545" SrcFileId="9" StartOffset="9245"/>
</LocList>
</BasicStmnt>
<CondStmnt CovItemId="S117" CovItemPrefix="csse376_puerto_rico.GameBoardGUI.java" Intrnl_Id="745">
<Branch CovItemId="B19" CovItemPrefix="csse376_puerto_rico.GameBoardGUI.java" Implct="false" Intrnl_Id="746">
<Cond/>
<LocList>
<Loc EndOffset="9958" SrcFileId="9" StartOffset="9591"/>
</LocList>
<StmntSeq Intrnl_Id="747">
<LocList>
<Loc EndOffset="9680" SrcFileId="9" StartOffset="9601"/>
<Loc EndOffset="9949" SrcFileId="9" StartOffset="9689"/>
</LocList>
<BasicStmnt CovItemId="S118" CovItemPrefix="csse376_puerto_rico.GameBoardGUI.java" Intrnl_Id="748">
<LocList>
<Loc EndOffset="9680" SrcFileId="9" StartOffset="9601"/>
</LocList>
</BasicStmnt>
<CondStmnt CovItemId="S119" CovItemPrefix="csse376_puerto_rico.GameBoardGUI.java" Intrnl_Id="749">
<Branch CovItemId="B21" CovItemPrefix="csse376_puerto_rico.GameBoardGUI.java" Implct="false" Intrnl_Id="750">
<Cond/>
<LocList>
<Loc EndOffset="9786" SrcFileId="9" StartOffset="9716"/>
</LocList>
<StmntSeq Intrnl_Id="751">
<LocList>
<Loc EndOffset="9776" SrcFileId="9" StartOffset="9727"/>
</LocList>
<BasicStmnt CovItemId="S120" CovItemPrefix="csse376_puerto_rico.GameBoardGUI.java" Intrnl_Id="752">
<LocList>
<Loc EndOffset="9776" SrcFileId="9" StartOffset="9727"/>
</LocList>
</BasicStmnt>
</StmntSeq>
</Branch>
<Branch CovItemId="B22" CovItemPrefix="csse376_puerto_rico.GameBoardGUI.java" Implct="false" Intrnl_Id="753">
<Cond>
<Loc EndOffset="9791" SrcFileId="9" StartOffset="9787"/>
</Cond>
<LocList>
<Loc EndOffset="9949" SrcFileId="9" StartOffset="9792"/>
</LocList>
<StmntSeq Intrnl_Id="754">
<LocList>
<Loc EndOffset="9832" SrcFileId="9" StartOffset="9803"/>
<Loc EndOffset="9858" SrcFileId="9" StartOffset="9842"/>
<Loc EndOffset="9939" SrcFileId="9" StartOffset="9868"/>
</LocList>
<BasicStmnt CovItemId="S121" CovItemPrefix="csse376_puerto_rico.GameBoardGUI.java" Intrnl_Id="755">
<LocList>
<Loc EndOffset="9832" SrcFileId="9" StartOffset="9803"/>
</LocList>
</BasicStmnt>
<BasicStmnt CovItemId="S122" CovItemPrefix="csse376_puerto_rico.GameBoardGUI.java" Intrnl_Id="756">
<LocList>
<Loc EndOffset="9858" SrcFileId="9" StartOffset="9842"/>
</LocList>
</BasicStmnt>
<BasicStmnt CovItemId="S123" CovItemPrefix="csse376_puerto_rico.GameBoardGUI.java" Intrnl_Id="757">
<LocList>
<Loc EndOffset="9939" SrcFileId="9" StartOffset="9868"/>
</LocList>
</BasicStmnt>
</StmntSeq>
</Branch>
<Keyword EndOffset="9691" SrcFileId="9" StartOffset="9689"/>
<LocList>
<Loc EndOffset="9949" SrcFileId="9" StartOffset="9689"/>
</LocList>
<RootTerm CovItemId="C18" CovItemPrefix="csse376_puerto_rico.GameBoardGUI.java" Intrnl_Id="758">
<BasicBoolTerm Intrnl_Id="759">
<LocList>
<Loc EndOffset="9714" SrcFileId="9" StartOffset="9693"/>
</LocList>
</BasicBoolTerm>
</RootTerm>
</CondStmnt>
</StmntSeq>
</Branch>
<Branch CovItemId="B20" CovItemPrefix="csse376_puerto_rico.GameBoardGUI.java" Implct="false" Intrnl_Id="760">
<Cond>
<Loc EndOffset="9963" SrcFileId="9" StartOffset="9959"/>
</Cond>
<LocList>
<Loc EndOffset="10059" SrcFileId="9" StartOffset="9964"/>
</LocList>
<StmntSeq Intrnl_Id="761">
<LocList>
<Loc EndOffset="10024" SrcFileId="9" StartOffset="9974"/>
<Loc EndOffset="10050" SrcFileId="9" StartOffset="10033"/>
</LocList>
<BasicStmnt CovItemId="S124" CovItemPrefix="csse376_puerto_rico.GameBoardGUI.java" Intrnl_Id="762">
<LocList>
<Loc EndOffset="10024" SrcFileId="9" StartOffset="9974"/>
</LocList>
</BasicStmnt>
<BasicStmnt CovItemId="S125" CovItemPrefix="csse376_puerto_rico.GameBoardGUI.java" Intrnl_Id="763">
<LocList>
<Loc EndOffset="10050" SrcFileId="9" StartOffset="10033"/>
</LocList>
</BasicStmnt>
</StmntSeq>
</Branch>
<Keyword EndOffset="9555" SrcFileId="9" StartOffset="9553"/>
<LocList>
<Loc EndOffset="10059" SrcFileId="9" StartOffset="9553"/>
</LocList>
<RootTerm CovItemId="C17" CovItemPrefix="csse376_puerto_rico.GameBoardGUI.java" Intrnl_Id="764">
<BasicBoolTerm Intrnl_Id="765">
<LocList>
<Loc EndOffset="9589" SrcFileId="9" StartOffset="9557"/>
</LocList>
</BasicBoolTerm>
</RootTerm>
</CondStmnt>
</StmntSeq>
</Branch>
<Branch CovItemId="B18" CovItemPrefix="csse376_puerto_rico.GameBoardGUI.java" Implct="false" Intrnl_Id="766">
<Cond>
<Loc EndOffset="10072" SrcFileId="9" StartOffset="10068"/>
</Cond>
<LocList>
<Loc EndOffset="10127" SrcFileId="9" StartOffset="10073"/>
</LocList>
<StmntSeq Intrnl_Id="767">
<LocList>
<Loc EndOffset="10119" SrcFileId="9" StartOffset="10103"/>
</LocList>
<BasicStmnt CovItemId="S126" CovItemPrefix="csse376_puerto_rico.GameBoardGUI.java" Intrnl_Id="768">
<LocList>
<Loc EndOffset="10119" SrcFileId="9" StartOffset="10103"/>
</LocList>
</BasicStmnt>
</StmntSeq>
</Branch>
<Keyword EndOffset="9028" SrcFileId="9" StartOffset="9026"/>
<LocList>
<Loc EndOffset="10127" SrcFileId="9" StartOffset="9026"/>
</LocList>
<RootTerm CovItemId="C16" CovItemPrefix="csse376_puerto_rico.GameBoardGUI.java" Intrnl_Id="769">
<BasicBoolTerm Intrnl_Id="770">
<LocList>
<Loc EndOffset="9036" SrcFileId="9" StartOffset="9030"/>
</LocList>
</BasicBoolTerm>
</RootTerm>
</CondStmnt>
</StmntSeq>
</Branch>
<Keyword EndOffset="7874" SrcFileId="9" StartOffset="7872"/>
<LocList>
<Loc EndOffset="10127" SrcFileId="9" StartOffset="7872"/>
</LocList>
<RootTerm CovItemId="C13" CovItemPrefix="csse376_puerto_rico.GameBoardGUI.java" Intrnl_Id="771">
<BasicBoolTerm Intrnl_Id="772">
<LocList>
<Loc EndOffset="7882" SrcFileId="9" StartOffset="7876"/>
</LocList>
</BasicBoolTerm>
</RootTerm>
</CondStmnt>
<BasicStmnt CovItemId="S127" CovItemPrefix="csse376_puerto_rico.GameBoardGUI.java" Intrnl_Id="773">
<LocList>
<Loc EndOffset="10160" SrcFileId="9" StartOffset="10134"/>
</LocList>
</BasicStmnt>
</StmntSeq>
<Keyword EndOffset="7539" SrcFileId="9" StartOffset="7534"/>
<LocList>
<Loc EndOffset="10167" SrcFileId="9" StartOffset="7534"/>
</LocList>
<RootTerm CovItemId="C12" CovItemPrefix="csse376_puerto_rico.GameBoardGUI.java" Intrnl_Id="774">
<OpTerm BooleanOpId="12" Intrnl_Id="775">
<BasicBoolTerm Intrnl_Id="776">
<LocList>
<Loc EndOffset="7550" SrcFileId="9" StartOffset="7542"/>
</LocList>
</BasicBoolTerm>
<LocList>
<Loc EndOffset="7542" SrcFileId="9" StartOffset="7541"/>
</LocList>
</OpTerm>
</RootTerm>
</LoopStmnt>
<BasicStmnt CovItemId="S128" CovItemPrefix="csse376_puerto_rico.GameBoardGUI.java" Intrnl_Id="777">
<LocList>
<Loc EndOffset="10214" SrcFileId="9" StartOffset="10173"/>
</LocList>
</BasicStmnt>
</StmntSeq>
<Keyword EndOffset="7283" SrcFileId="9" StartOffset="7280"/>
<LocList>
<Loc EndOffset="10222" SrcFileId="9" StartOffset="7280"/>
</LocList>
<RootTerm CovItemId="C11" CovItemPrefix="csse376_puerto_rico.GameBoardGUI.java" Intrnl_Id="778">
<BasicBoolTerm Intrnl_Id="779">
<LocList>
<Loc EndOffset="7314" SrcFileId="9" StartOffset="7296"/>
</LocList>
</BasicBoolTerm>
</RootTerm>
</LoopStmnt>
</StmntSeq>
</Branch>
<Branch CovItemId="B10" CovItemPrefix="csse376_puerto_rico.GameBoardGUI.java" Implct="false" Intrnl_Id="780">
<Cond>
<Loc EndOffset="10232" SrcFileId="9" StartOffset="10228"/>
</Cond>
<LocList>
<Loc EndOffset="15239" SrcFileId="9" StartOffset="10233"/>
</LocList>
<StmntSeq Intrnl_Id="781">
<LocList>
<Loc EndOffset="15239" SrcFileId="9" StartOffset="10233"/>
</LocList>
<CondStmnt CovItemId="S129" CovItemPrefix="csse376_puerto_rico.GameBoardGUI.java" Intrnl_Id="782">
<Branch CovItemId="B23" CovItemPrefix="csse376_puerto_rico.GameBoardGUI.java" Implct="false" Intrnl_Id="783">
<Cond/>
<LocList>
<Loc EndOffset="11373" SrcFileId="9" StartOffset="10271"/>
</LocList>
<StmntSeq Intrnl_Id="784">
<LocList>
<Loc EndOffset="10324" SrcFileId="9" StartOffset="10277"/>
<Loc EndOffset="10359" SrcFileId="9" StartOffset="10329"/>
<Loc EndOffset="11368" SrcFileId="9" StartOffset="10366"/>
</LocList>
<BasicStmnt CovItemId="S130" CovItemPrefix="csse376_puerto_rico.GameBoardGUI.java" Intrnl_Id="785">
<LocList>
<Loc EndOffset="10324" SrcFileId="9" StartOffset="10277"/>
</LocList>
</BasicStmnt>
<BasicStmnt CovItemId="S131" CovItemPrefix="csse376_puerto_rico.GameBoardGUI.java" Intrnl_Id="786">
<LocList>
<Loc EndOffset="10359" SrcFileId="9" StartOffset="10329"/>
</LocList>
</BasicStmnt>
<LoopStmnt CovItemId="S132" CovItemPrefix="csse376_puerto_rico.GameBoardGUI.java" Intrnl_Id="787" MltplExecId="L8-2" MltplExecPrefix="csse376_puerto_rico.GameBoardGUI.java" NvrExecId="L8-0" NvrExecPrefix="csse376_puerto_rico.GameBoardGUI.java" OnceExecutedId="L8-1" OnceExecutedPrefix="csse376_puerto_rico.GameBoardGUI.java" OptBodyExec="true">
<StmntSeq Intrnl_Id="788">
<LocList>
<Loc EndOffset="10444" SrcFileId="9" StartOffset="10414"/>
<Loc EndOffset="10478" SrcFileId="9" StartOffset="10450"/>
<Loc EndOffset="10528" SrcFileId="9" StartOffset="10486"/>
<Loc EndOffset="10585" SrcFileId="9" StartOffset="10534"/>
<Loc EndOffset="10722" SrcFileId="9" StartOffset="10591"/>
<Loc EndOffset="10750" SrcFileId="9" StartOffset="10728"/>
<Loc EndOffset="10792" SrcFileId="9" StartOffset="10756"/>
<Loc EndOffset="11083" SrcFileId="9" StartOffset="10840"/>
<Loc EndOffset="11281" SrcFileId="9" StartOffset="11089"/>
<Loc EndOffset="11313" SrcFileId="9" StartOffset="11287"/>
<Loc EndOffset="11360" SrcFileId="9" StartOffset="11319"/>
</LocList>
<BasicStmnt CovItemId="S133" CovItemPrefix="csse376_puerto_rico.GameBoardGUI.java" Intrnl_Id="789">
<LocList>
<Loc EndOffset="10444" SrcFileId="9" StartOffset="10414"/>
</LocList>
</BasicStmnt>
<BasicStmnt CovItemId="S134" CovItemPrefix="csse376_puerto_rico.GameBoardGUI.java" Intrnl_Id="790">
<LocList>
<Loc EndOffset="10478" SrcFileId="9" StartOffset="10450"/>
</LocList>
</BasicStmnt>
<BasicStmnt CovItemId="S135" CovItemPrefix="csse376_puerto_rico.GameBoardGUI.java" Intrnl_Id="791">
<LocList>
<Loc EndOffset="10528" SrcFileId="9" StartOffset="10486"/>
</LocList>
</BasicStmnt>
<BasicStmnt CovItemId="S136" CovItemPrefix="csse376_puerto_rico.GameBoardGUI.java" Intrnl_Id="792">
<LocList>
<Loc EndOffset="10585" SrcFileId="9" StartOffset="10534"/>
</LocList>
</BasicStmnt>
<LoopStmnt CovItemId="S137" CovItemPrefix="csse376_puerto_rico.GameBoardGUI.java" Intrnl_Id="793" MltplExecId="L9-2" MltplExecPrefix="csse376_puerto_rico.GameBoardGUI.java" NvrExecId="L9-0" NvrExecPrefix="csse376_puerto_rico.GameBoardGUI.java" OnceExecutedId="L9-1" OnceExecutedPrefix="csse376_puerto_rico.GameBoardGUI.java" OptBodyExec="true">
<StmntSeq Intrnl_Id="794">
<LocList>
<Loc EndOffset="10715" SrcFileId="9" StartOffset="10628"/>
</LocList>
<CondStmnt CovItemId="S138" CovItemPrefix="csse376_puerto_rico.GameBoardGUI.java" Intrnl_Id="795">
<Branch CovItemId="B25" CovItemPrefix="csse376_puerto_rico.GameBoardGUI.java" Implct="false" Intrnl_Id="796">
<Cond/>
<LocList>
<Loc EndOffset="10715" SrcFileId="9" StartOffset="10672"/>
</LocList>
<StmntSeq Intrnl_Id="797">
<LocList>
<Loc EndOffset="10707" SrcFileId="9" StartOffset="10681"/>
</LocList>
<BasicStmnt CovItemId="S139" CovItemPrefix="csse376_puerto_rico.GameBoardGUI.java" Intrnl_Id="798">
<LocList>
<Loc EndOffset="10707" SrcFileId="9" StartOffset="10681"/>
</LocList>
</BasicStmnt>
</StmntSeq>
</Branch>
<Branch CovItemId="B26" CovItemPrefix="csse376_puerto_rico.GameBoardGUI.java" Implct="true" Intrnl_Id="799">
<Cond/>
<LocList/>
<StmntSeq Intrnl_Id="800">
<LocList/>
</StmntSeq>
</Branch>
<Keyword EndOffset="10630" SrcFileId="9" StartOffset="10628"/>
<LocList>
<Loc EndOffset="10715" SrcFileId="9" StartOffset="10628"/>
</LocList>
<RootTerm CovItemId="C21" CovItemPrefix="csse376_puerto_rico.GameBoardGUI.java" Intrnl_Id="801">
<BasicBoolTerm Intrnl_Id="802">
<LocList>
<Loc EndOffset="10670" SrcFileId="9" StartOffset="10632"/>
</LocList>
</BasicBoolTerm>
</RootTerm>
</CondStmnt>
</StmntSeq>
<Keyword EndOffset="10594" SrcFileId="9" StartOffset="10591"/>
<LocList>
<Loc EndOffset="10722" SrcFileId="9" StartOffset="10591"/>
</LocList>
</LoopStmnt>
<BasicStmnt CovItemId="S140" CovItemPrefix="csse376_puerto_rico.GameBoardGUI.java" Intrnl_Id="803">
<LocList>
<Loc EndOffset="10750" SrcFileId="9" StartOffset="10728"/>
</LocList>
</BasicStmnt>
<BasicStmnt CovItemId="S141" CovItemPrefix="csse376_puerto_rico.GameBoardGUI.java" Intrnl_Id="804">
<LocList>
<Loc EndOffset="10792" SrcFileId="9" StartOffset="10756"/>
</LocList>
</BasicStmnt>
<BasicStmnt CovItemId="S142" CovItemPrefix="csse376_puerto_rico.GameBoardGUI.java" Intrnl_Id="805">
<LocList>
<Loc EndOffset="11083" SrcFileId="9" StartOffset="10840"/>
</LocList>
</BasicStmnt>
<CondStmnt CovItemId="S143" CovItemPrefix="csse376_puerto_rico.GameBoardGUI.java" Intrnl_Id="806">
<Branch CovItemId="B27" CovItemPrefix="csse376_puerto_rico.GameBoardGUI.java" Implct="false" Intrnl_Id="807">
<Cond/>
<LocList>
<Loc EndOffset="11281" SrcFileId="9" StartOffset="11117"/>
</LocList>
<StmntSeq Intrnl_Id="808">
<LocList>
<Loc EndOffset="11173" SrcFileId="9" StartOffset="11125"/>
<Loc EndOffset="11274" SrcFileId="9" StartOffset="11180"/>
</LocList>
<BasicStmnt CovItemId="S144" CovItemPrefix="csse376_puerto_rico.GameBoardGUI.java" Intrnl_Id="809">
<LocList>
<Loc EndOffset="11173" SrcFileId="9" StartOffset="11125"/>
</LocList>
</BasicStmnt>
<CondStmnt CovItemId="S145" CovItemPrefix="csse376_puerto_rico.GameBoardGUI.java" Intrnl_Id="810">
<Branch CovItemId="B29" CovItemPrefix="csse376_puerto_rico.GameBoardGUI.java" Implct="false" Intrnl_Id="811">
<Cond/>
<LocList>
<Loc EndOffset="11274" SrcFileId="9" StartOffset="11220"/>
</LocList>
<StmntSeq Intrnl_Id="812">
<LocList>
<Loc EndOffset="11266" SrcFileId="9" StartOffset="11229"/>
</LocList>
<BasicStmnt CovItemId="S146" CovItemPrefix="csse376_puerto_rico.GameBoardGUI.java" Intrnl_Id="813">
<LocList>
<Loc EndOffset="11266" SrcFileId="9" StartOffset="11229"/>
</LocList>
</BasicStmnt>
</StmntSeq>
</Branch>
<Branch CovItemId="B30" CovItemPrefix="csse376_puerto_rico.GameBoardGUI.java" Implct="true" Intrnl_Id="814">
<Cond/>
<LocList/>
<StmntSeq Intrnl_Id="815">
<LocList/>
</StmntSeq>
</Branch>
<Keyword EndOffset="11182" SrcFileId="9" StartOffset="11180"/>
<LocList>
<Loc EndOffset="11274" SrcFileId="9" StartOffset="11180"/>
</LocList>
<RootTerm CovItemId="C23" CovItemPrefix="csse376_puerto_rico.GameBoardGUI.java" Intrnl_Id="816">
<BasicBoolTerm Intrnl_Id="817">
<LocList>
<Loc EndOffset="11218" SrcFileId="9" StartOffset="11184"/>
</LocList>
</BasicBoolTerm>
</RootTerm>
</CondStmnt>
</StmntSeq>
</Branch>
<Branch CovItemId="B28" CovItemPrefix="csse376_puerto_rico.GameBoardGUI.java" Implct="true" Intrnl_Id="818">
<Cond/>
<LocList/>
<StmntSeq Intrnl_Id="819">
<LocList/>
</StmntSeq>
</Branch>
<Keyword EndOffset="11091" SrcFileId="9" StartOffset="11089"/>
<LocList>
<Loc EndOffset="11281" SrcFileId="9" StartOffset="11089"/>
</LocList>
<RootTerm CovItemId="C22" CovItemPrefix="csse376_puerto_rico.GameBoardGUI.java" Intrnl_Id="820">
<BasicBoolTerm Intrnl_Id="821">
<LocList>
<Loc EndOffset="11115" SrcFileId="9" StartOffset="11093"/>
</LocList>
</BasicBoolTerm>
</RootTerm>
</CondStmnt>
<BasicStmnt CovItemId="S147" CovItemPrefix="csse376_puerto_rico.GameBoardGUI.java" Intrnl_Id="822">
<LocList>
<Loc EndOffset="11313" SrcFileId="9" StartOffset="11287"/>
</LocList>
</BasicStmnt>
<BasicStmnt CovItemId="S148" CovItemPrefix="csse376_puerto_rico.GameBoardGUI.java" Intrnl_Id="823">
<LocList>
<Loc EndOffset="11360" SrcFileId="9" StartOffset="11319"/>
</LocList>
</BasicStmnt>
</StmntSeq>
<Keyword EndOffset="10369" SrcFileId="9" StartOffset="10366"/>
<LocList>
<Loc EndOffset="11368" SrcFileId="9" StartOffset="10366"/>
</LocList>
<RootTerm CovItemId="C20" CovItemPrefix="csse376_puerto_rico.GameBoardGUI.java" Intrnl_Id="824">
<BasicBoolTerm Intrnl_Id="825">
<LocList>
<Loc EndOffset="10400" SrcFileId="9" StartOffset="10382"/>
</LocList>
</BasicBoolTerm>
</RootTerm>
</LoopStmnt>
</StmntSeq>
</Branch>
<Branch CovItemId="B24" CovItemPrefix="csse376_puerto_rico.GameBoardGUI.java" Implct="false" Intrnl_Id="826">
<Cond>
<Loc EndOffset="11378" SrcFileId="9" StartOffset="11374"/>
</Cond>
<LocList>
<Loc EndOffset="15239" SrcFileId="9" StartOffset="11379"/>
</LocList>
<StmntSeq Intrnl_Id="827">
<LocList>
<Loc EndOffset="15239" SrcFileId="9" StartOffset="11379"/>
</LocList>
<CondStmnt CovItemId="S149" CovItemPrefix="csse376_puerto_rico.GameBoardGUI.java" Intrnl_Id="828">
<Branch CovItemId="B31" CovItemPrefix="csse376_puerto_rico.GameBoardGUI.java" Implct="false" Intrnl_Id="829">
<Cond/>
<LocList>
<Loc EndOffset="12222" SrcFileId="9" StartOffset="11417"/>
</LocList>
<StmntSeq Intrnl_Id="830">
<LocList>
<Loc EndOffset="11486" SrcFileId="9" StartOffset="11443"/>
<Loc EndOffset="11513" SrcFileId="9" StartOffset="11491"/>
<Loc EndOffset="11554" SrcFileId="9" StartOffset="11518"/>
<Loc EndOffset="12217" SrcFileId="9" StartOffset="11600"/>
</LocList>
<BasicStmnt CovItemId="S150" CovItemPrefix="csse376_puerto_rico.GameBoardGUI.java" Intrnl_Id="831">
<LocList>
<Loc EndOffset="11486" SrcFileId="9" StartOffset="11443"/>
</LocList>
</BasicStmnt>
<BasicStmnt CovItemId="S151" CovItemPrefix="csse376_puerto_rico.GameBoardGUI.java" Intrnl_Id="832">
<LocList>
<Loc EndOffset="11513" SrcFileId="9" StartOffset="11491"/>
</LocList>
</BasicStmnt>
<BasicStmnt CovItemId="S152" CovItemPrefix="csse376_puerto_rico.GameBoardGUI.java" Intrnl_Id="833">
<LocList>
<Loc EndOffset="11554" SrcFileId="9" StartOffset="11518"/>
</LocList>
</BasicStmnt>
<LoopStmnt CovItemId="S153" CovItemPrefix="csse376_puerto_rico.GameBoardGUI.java" Intrnl_Id="834" MltplExecId="L10-2" MltplExecPrefix="csse376_puerto_rico.GameBoardGUI.java" NvrExecId="L10-0" NvrExecPrefix="csse376_puerto_rico.GameBoardGUI.java" OnceExecutedId="L10-1" OnceExecutedPrefix="csse376_puerto_rico.GameBoardGUI.java" OptBodyExec="true">
<StmntSeq Intrnl_Id="835">
<LocList>
<Loc EndOffset="11681" SrcFileId="9" StartOffset="11651"/>
<Loc EndOffset="11968" SrcFileId="9" StartOffset="11727"/>
<Loc EndOffset="12008" SrcFileId="9" StartOffset="11974"/>
<Loc EndOffset="12132" SrcFileId="9" StartOffset="12014"/>
<Loc EndOffset="12164" SrcFileId="9" StartOffset="12138"/>
<Loc EndOffset="12211" SrcFileId="9" StartOffset="12170"/>
</LocList>
<BasicStmnt CovItemId="S154" CovItemPrefix="csse376_puerto_rico.GameBoardGUI.java" Intrnl_Id="836">
<LocList>
<Loc EndOffset="11681" SrcFileId="9" StartOffset="11651"/>
</LocList>
</BasicStmnt>
<BasicStmnt CovItemId="S155" CovItemPrefix="csse376_puerto_rico.GameBoardGUI.java" Intrnl_Id="837">
<LocList>
<Loc EndOffset="11968" SrcFileId="9" StartOffset="11727"/>
</LocList>
</BasicStmnt>
<BasicStmnt CovItemId="S156" CovItemPrefix="csse376_puerto_rico.GameBoardGUI.java" Intrnl_Id="838">
<LocList>
<Loc EndOffset="12008" SrcFileId="9" StartOffset="11974"/>
</LocList>
</BasicStmnt>
<CondStmnt CovItemId="S157" CovItemPrefix="csse376_puerto_rico.GameBoardGUI.java" Intrnl_Id="839">
<Branch CovItemId="B33" CovItemPrefix="csse376_puerto_rico.GameBoardGUI.java" Implct="false" Intrnl_Id="840">
<Cond/>
<LocList>
<Loc EndOffset="12132" SrcFileId="9" StartOffset="12042"/>
</LocList>
<StmntSeq Intrnl_Id="841">
<LocList>
<Loc EndOffset="12125" SrcFileId="9" StartOffset="12050"/>
</LocList>
<BasicStmnt CovItemId="S158" CovItemPrefix="csse376_puerto_rico.GameBoardGUI.java" Intrnl_Id="842">
<LocList>
<Loc EndOffset="12125" SrcFileId="9" StartOffset="12050"/>
</LocList>
</BasicStmnt>
</StmntSeq>
</Branch>
<Branch CovItemId="B34" CovItemPrefix="csse376_puerto_rico.GameBoardGUI.java" Implct="true" Intrnl_Id="843">
<Cond/>
<LocList/>
<StmntSeq Intrnl_Id="844">
<LocList/>
</StmntSeq>
</Branch>
<Keyword EndOffset="12016" SrcFileId="9" StartOffset="12014"/>
<LocList>
<Loc EndOffset="12132" SrcFileId="9" StartOffset="12014"/>
</LocList>
<RootTerm CovItemId="C26" CovItemPrefix="csse376_puerto_rico.GameBoardGUI.java" Intrnl_Id="845">
<BasicBoolTerm Intrnl_Id="846">
<LocList>
<Loc EndOffset="12040" SrcFileId="9" StartOffset="12018"/>
</LocList>
</BasicBoolTerm>
</RootTerm>
</CondStmnt>
<BasicStmnt CovItemId="S159" CovItemPrefix="csse376_puerto_rico.GameBoardGUI.java" Intrnl_Id="847">
<LocList>
<Loc EndOffset="12164" SrcFileId="9" StartOffset="12138"/>
</LocList>
</BasicStmnt>
<BasicStmnt CovItemId="S160" CovItemPrefix="csse376_puerto_rico.GameBoardGUI.java" Intrnl_Id="848">
<LocList>
<Loc EndOffset="12211" SrcFileId="9" StartOffset="12170"/>
</LocList>
</BasicStmnt>
</StmntSeq>
<Keyword EndOffset="11603" SrcFileId="9" StartOffset="11600"/>
<LocList>
<Loc EndOffset="12217" SrcFileId="9" StartOffset="11600"/>
</LocList>
<RootTerm CovItemId="C25" CovItemPrefix="csse376_puerto_rico.GameBoardGUI.java" Intrnl_Id="849">
<BasicBoolTerm Intrnl_Id="850">
<LocList>
<Loc EndOffset="11635" SrcFileId="9" StartOffset="11616"/>
</LocList>
</BasicBoolTerm>
</RootTerm>
</LoopStmnt>
</StmntSeq>
</Branch>
<Branch CovItemId="B32" CovItemPrefix="csse376_puerto_rico.GameBoardGUI.java" Implct="false" Intrnl_Id="851">
<Cond>
<Loc EndOffset="12227" SrcFileId="9" StartOffset="12223"/>
</Cond>
<LocList>
<Loc EndOffset="15239" SrcFileId="9" StartOffset="12228"/>
</LocList>
<StmntSeq Intrnl_Id="852">
<LocList>
<Loc EndOffset="15239" SrcFileId="9" StartOffset="12228"/>
</LocList>
<CondStmnt CovItemId="S161" CovItemPrefix="csse376_puerto_rico.GameBoardGUI.java" Intrnl_Id="853">
<Branch CovItemId="B35" CovItemPrefix="csse376_puerto_rico.GameBoardGUI.java" Implct="false" Intrnl_Id="854">
<Cond/>
<LocList>
<Loc EndOffset="12497" SrcFileId="9" StartOffset="12268"/>
</LocList>
<StmntSeq Intrnl_Id="855">
<LocList>
<Loc EndOffset="12492" SrcFileId="9" StartOffset="12294"/>
</LocList>
<LoopStmnt CovItemId="S162" CovItemPrefix="csse376_puerto_rico.GameBoardGUI.java" Intrnl_Id="856" MltplExecId="L11-2" MltplExecPrefix="csse376_puerto_rico.GameBoardGUI.java" NvrExecId="L11-0" NvrExecPrefix="csse376_puerto_rico.GameBoardGUI.java" OnceExecutedId="L11-1" OnceExecutedPrefix="csse376_puerto_rico.GameBoardGUI.java" OptBodyExec="true">
<StmntSeq Intrnl_Id="857">
<LocList>
<Loc EndOffset="12374" SrcFileId="9" StartOffset="12344"/>
<Loc EndOffset="12405" SrcFileId="9" StartOffset="12380"/>
<Loc EndOffset="12437" SrcFileId="9" StartOffset="12411"/>
<Loc EndOffset="12484" SrcFileId="9" StartOffset="12443"/>
</LocList>
<BasicStmnt CovItemId="S163" CovItemPrefix="csse376_puerto_rico.GameBoardGUI.java" Intrnl_Id="858">
<LocList>
<Loc EndOffset="12374" SrcFileId="9" StartOffset="12344"/>
</LocList>
</BasicStmnt>
<BasicStmnt CovItemId="S164" CovItemPrefix="csse376_puerto_rico.GameBoardGUI.java" Intrnl_Id="859">
<LocList>
<Loc EndOffset="12405" SrcFileId="9" StartOffset="12380"/>
</LocList>
</BasicStmnt>
<BasicStmnt CovItemId="S165" CovItemPrefix="csse376_puerto_rico.GameBoardGUI.java" Intrnl_Id="860">
<LocList>
<Loc EndOffset="12437" SrcFileId="9" StartOffset="12411"/>
</LocList>
</BasicStmnt>
<BasicStmnt CovItemId="S166" CovItemPrefix="csse376_puerto_rico.GameBoardGUI.java" Intrnl_Id="861">
<LocList>
<Loc EndOffset="12484" SrcFileId="9" StartOffset="12443"/>
</LocList>
</BasicStmnt>
</StmntSeq>
<Keyword EndOffset="12297" SrcFileId="9" StartOffset="12294"/>
<LocList>
<Loc EndOffset="12492" SrcFileId="9" StartOffset="12294"/>
</LocList>
<RootTerm CovItemId="C28" CovItemPrefix="csse376_puerto_rico.GameBoardGUI.java" Intrnl_Id="862">
<BasicBoolTerm Intrnl_Id="863">
<LocList>
<Loc EndOffset="12328" SrcFileId="9" StartOffset="12310"/>
</LocList>
</BasicBoolTerm>
</RootTerm>
</LoopStmnt>
</StmntSeq>
</Branch>
<Branch CovItemId="B36" CovItemPrefix="csse376_puerto_rico.GameBoardGUI.java" Implct="false" Intrnl_Id="864">
<Cond>
<Loc EndOffset="12502" SrcFileId="9" StartOffset="12498"/>
</Cond>
<LocList>
<Loc EndOffset="15239" SrcFileId="9" StartOffset="12503"/>
</LocList>
<StmntSeq Intrnl_Id="865">
<LocList>
<Loc EndOffset="15239" SrcFileId="9" StartOffset="12503"/>
</LocList>
<CondStmnt CovItemId="S167" CovItemPrefix="csse376_puerto_rico.GameBoardGUI.java" Intrnl_Id="866">
<Branch CovItemId="B37" CovItemPrefix="csse376_puerto_rico.GameBoardGUI.java" Implct="false" Intrnl_Id="867">
<Cond/>
<LocList>
<Loc EndOffset="13612" SrcFileId="9" StartOffset="12540"/>
</LocList>
<StmntSeq Intrnl_Id="868">
<LocList>
<Loc EndOffset="13607" SrcFileId="9" StartOffset="12554"/>
</LocList>
<LoopStmnt CovItemId="S168" CovItemPrefix="csse376_puerto_rico.GameBoardGUI.java" Intrnl_Id="869" MltplExecId="L12-2" MltplExecPrefix="csse376_puerto_rico.GameBoardGUI.java" NvrExecId="L12-0" NvrExecPrefix="csse376_puerto_rico.GameBoardGUI.java" OnceExecutedId="L12-1" OnceExecutedPrefix="csse376_puerto_rico.GameBoardGUI.java" OptBodyExec="true">
<StmntSeq Intrnl_Id="870">
<LocList>
<Loc EndOffset="12634" SrcFileId="9" StartOffset="12604"/>
<Loc EndOffset="12713" SrcFileId="9" StartOffset="12660"/>
<Loc EndOffset="12852" SrcFileId="9" StartOffset="12719"/>
<Loc EndOffset="12882" SrcFileId="9" StartOffset="12858"/>
<Loc EndOffset="12926" SrcFileId="9" StartOffset="12888"/>
<Loc EndOffset="13177" SrcFileId="9" StartOffset="12938"/>
<Loc EndOffset="13520" SrcFileId="9" StartOffset="13183"/>
<Loc EndOffset="13552" SrcFileId="9" StartOffset="13526"/>
<Loc EndOffset="13599" SrcFileId="9" StartOffset="13558"/>
</LocList>
<BasicStmnt CovItemId="S169" CovItemPrefix="csse376_puerto_rico.GameBoardGUI.java" Intrnl_Id="871">
<LocList>
<Loc EndOffset="12634" SrcFileId="9" StartOffset="12604"/>
</LocList>
</BasicStmnt>
<BasicStmnt CovItemId="S170" CovItemPrefix="csse376_puerto_rico.GameBoardGUI.java" Intrnl_Id="872">
<LocList>
<Loc EndOffset="12713" SrcFileId="9" StartOffset="12660"/>
</LocList>
</BasicStmnt>
<LoopStmnt CovItemId="S171" CovItemPrefix="csse376_puerto_rico.GameBoardGUI.java" Intrnl_Id="873" MltplExecId="L13-2" MltplExecPrefix="csse376_puerto_rico.GameBoardGUI.java" NvrExecId="L13-0" NvrExecPrefix="csse376_puerto_rico.GameBoardGUI.java" OnceExecutedId="L13-1" OnceExecutedPrefix="csse376_puerto_rico.GameBoardGUI.java" OptBodyExec="true">
<StmntSeq Intrnl_Id="874">
<LocList>
<Loc EndOffset="12798" SrcFileId="9" StartOffset="12764"/>
<Loc EndOffset="12845" SrcFileId="9" StartOffset="12805"/>
</LocList>
<BasicStmnt CovItemId="S172" CovItemPrefix="csse376_puerto_rico.GameBoardGUI.java" Intrnl_Id="875">
<LocList>
<Loc EndOffset="12798" SrcFileId="9" StartOffset="12764"/>
</LocList>
</BasicStmnt>
<CondStmnt CovItemId="S173" CovItemPrefix="csse376_puerto_rico.GameBoardGUI.java" Intrnl_Id="876">
<Branch CovItemId="B39" CovItemPrefix="csse376_puerto_rico.GameBoardGUI.java" Implct="false" Intrnl_Id="877">
<Cond/>
<LocList>
<Loc EndOffset="12845" SrcFileId="9" StartOffset="12812"/>
</LocList>
<StmntSeq Intrnl_Id="878">
<LocList>
<Loc EndOffset="12837" SrcFileId="9" StartOffset="12821"/>
</LocList>
<BasicStmnt CovItemId="S174" CovItemPrefix="csse376_puerto_rico.GameBoardGUI.java" Intrnl_Id="879">
<LocList>
<Loc EndOffset="12837" SrcFileId="9" StartOffset="12821"/>
</LocList>
</BasicStmnt>
</StmntSeq>
</Branch>
<Branch CovItemId="B40" CovItemPrefix="csse376_puerto_rico.GameBoardGUI.java" Implct="true" Intrnl_Id="880">
<Cond/>
<LocList/>
<StmntSeq Intrnl_Id="881">
<LocList/>
</StmntSeq>
</Branch>
<Keyword EndOffset="12807" SrcFileId="9" StartOffset="12805"/>
<LocList>
<Loc EndOffset="12845" SrcFileId="9" StartOffset="12805"/>
</LocList>
<RootTerm CovItemId="C31" CovItemPrefix="csse376_puerto_rico.GameBoardGUI.java" Intrnl_Id="882">
<BasicBoolTerm Intrnl_Id="883">
<LocList>
<Loc EndOffset="12811" SrcFileId="9" StartOffset="12808"/>
</LocList>
</BasicBoolTerm>
</RootTerm>
</CondStmnt>
</StmntSeq>
<Keyword EndOffset="12722" SrcFileId="9" StartOffset="12719"/>
<LocList>
<Loc EndOffset="12852" SrcFileId="9" StartOffset="12719"/>
</LocList>
</LoopStmnt>
<BasicStmnt CovItemId="S175" CovItemPrefix="csse376_puerto_rico.GameBoardGUI.java" Intrnl_Id="884">
<LocList>
<Loc EndOffset="12882" SrcFileId="9" StartOffset="12858"/>
</LocList>
</BasicStmnt>
<BasicStmnt CovItemId="S176" CovItemPrefix="csse376_puerto_rico.GameBoardGUI.java" Intrnl_Id="885">
<LocList>
<Loc EndOffset="12926" SrcFileId="9" StartOffset="12888"/>
</LocList>
</BasicStmnt>
<BasicStmnt CovItemId="S177" CovItemPrefix="csse376_puerto_rico.GameBoardGUI.java" Intrnl_Id="886">
<LocList>
<Loc EndOffset="13177" SrcFileId="9" StartOffset="12938"/>
</LocList>
</BasicStmnt>
<CondStmnt CovItemId="S178" CovItemPrefix="csse376_puerto_rico.GameBoardGUI.java" Intrnl_Id="887">
<Branch CovItemId="B41" CovItemPrefix="csse376_puerto_rico.GameBoardGUI.java" Implct="false" Intrnl_Id="888">
<Cond/>
<LocList>
<Loc EndOffset="13520" SrcFileId="9" StartOffset="13207"/>
</LocList>
<StmntSeq Intrnl_Id="889">
<LocList>
<Loc EndOffset="13513" SrcFileId="9" StartOffset="13215"/>
</LocList>
<CondStmnt CovItemId="S179" CovItemPrefix="csse376_puerto_rico.GameBoardGUI.java" Intrnl_Id="890">
<Branch CovItemId="B43" CovItemPrefix="csse376_puerto_rico.GameBoardGUI.java" Implct="false" Intrnl_Id="891">
<Cond/>
<LocList>
<Loc EndOffset="13271" SrcFileId="9" StartOffset="13254"/>
</LocList>
<StmntSeq Intrnl_Id="892">
<LocList/>
</StmntSeq>
</Branch>
<Branch CovItemId="B44" CovItemPrefix="csse376_puerto_rico.GameBoardGUI.java" Implct="false" Intrnl_Id="893">
<Cond>
<Loc EndOffset="13275" SrcFileId="9" StartOffset="13271"/>
</Cond>
<LocList>
<Loc EndOffset="13513" SrcFileId="9" StartOffset="13276"/>
</LocList>
<StmntSeq Intrnl_Id="894">
<LocList>
<Loc EndOffset="13513" SrcFileId="9" StartOffset="13276"/>
</LocList>
<CondStmnt CovItemId="S180" CovItemPrefix="csse376_puerto_rico.GameBoardGUI.java" Intrnl_Id="895">
<Branch CovItemId="B45" CovItemPrefix="csse376_puerto_rico.GameBoardGUI.java" Implct="false" Intrnl_Id="896">
<Cond/>
<LocList>
<Loc EndOffset="13330" SrcFileId="9" StartOffset="13313"/>
</LocList>
<StmntSeq Intrnl_Id="897">
<LocList/>
</StmntSeq>
</Branch>
<Branch CovItemId="B46" CovItemPrefix="csse376_puerto_rico.GameBoardGUI.java" Implct="false" Intrnl_Id="898">
<Cond>
<Loc EndOffset="13334" SrcFileId="9" StartOffset="13330"/>
</Cond>
<LocList>
<Loc EndOffset="13513" SrcFileId="9" StartOffset="13335"/>
</LocList>
<StmntSeq Intrnl_Id="899">
<LocList>
<Loc EndOffset="13513" SrcFileId="9" StartOffset="13335"/>
</LocList>
<CondStmnt CovItemId="S181" CovItemPrefix="csse376_puerto_rico.GameBoardGUI.java" Intrnl_Id="900">
<Branch CovItemId="B47" CovItemPrefix="csse376_puerto_rico.GameBoardGUI.java" Implct="false" Intrnl_Id="901">
<Cond/>
<LocList>
<Loc EndOffset="13391" SrcFileId="9" StartOffset="13374"/>
</LocList>
<StmntSeq Intrnl_Id="902">
<LocList/>
</StmntSeq>
</Branch>
<Branch CovItemId="B48" CovItemPrefix="csse376_puerto_rico.GameBoardGUI.java" Implct="false" Intrnl_Id="903">
<Cond>
<Loc EndOffset="13395" SrcFileId="9" StartOffset="13391"/>
</Cond>
<LocList>
<Loc EndOffset="13513" SrcFileId="9" StartOffset="13396"/>
</LocList>
<StmntSeq Intrnl_Id="904">
<LocList>
<Loc EndOffset="13513" SrcFileId="9" StartOffset="13396"/>
</LocList>
<CondStmnt CovItemId="S182" CovItemPrefix="csse376_puerto_rico.GameBoardGUI.java" Intrnl_Id="905">
<Branch CovItemId="B49" CovItemPrefix="csse376_puerto_rico.GameBoardGUI.java" Implct="false" Intrnl_Id="906">
<Cond/>
<LocList>
<Loc EndOffset="13451" SrcFileId="9" StartOffset="13434"/>
</LocList>
<StmntSeq Intrnl_Id="907">
<LocList/>
</StmntSeq>
</Branch>
<Branch CovItemId="B50" CovItemPrefix="csse376_puerto_rico.GameBoardGUI.java" Implct="false" Intrnl_Id="908">
<Cond>
<Loc EndOffset="13455" SrcFileId="9" StartOffset="13451"/>
</Cond>
<LocList>
<Loc EndOffset="13513" SrcFileId="9" StartOffset="13456"/>
</LocList>
<StmntSeq Intrnl_Id="909">
<LocList>
<Loc EndOffset="13513" SrcFileId="9" StartOffset="13456"/>
</LocList>
<CondStmnt CovItemId="S183" CovItemPrefix="csse376_puerto_rico.GameBoardGUI.java" Intrnl_Id="910">
<Branch CovItemId="B51" CovItemPrefix="csse376_puerto_rico.GameBoardGUI.java" Implct="false" Intrnl_Id="911">
<Cond/>
<LocList>
<Loc EndOffset="13513" SrcFileId="9" StartOffset="13496"/>
</LocList>
<StmntSeq Intrnl_Id="912">
<LocList/>
</StmntSeq>
</Branch>
<Branch CovItemId="B52" CovItemPrefix="csse376_puerto_rico.GameBoardGUI.java" Implct="true" Intrnl_Id="913">
<Cond/>
<LocList/>
<StmntSeq Intrnl_Id="914">
<LocList/>
</StmntSeq>
</Branch>
<Keyword EndOffset="13458" SrcFileId="9" StartOffset="13456"/>
<LocList>
<Loc EndOffset="13513" SrcFileId="9" StartOffset="13456"/>
</LocList>
<RootTerm CovItemId="C37" CovItemPrefix="csse376_puerto_rico.GameBoardGUI.java" Intrnl_Id="915">
<BasicBoolTerm Intrnl_Id="916">
<LocList>
<Loc EndOffset="13495" SrcFileId="9" StartOffset="13459"/>
</LocList>
</BasicBoolTerm>
</RootTerm>
</CondStmnt>
</StmntSeq>
</Branch>
<Keyword EndOffset="13398" SrcFileId="9" StartOffset="13396"/>
<LocList>
<Loc EndOffset="13513" SrcFileId="9" StartOffset="13396"/>
</LocList>
<RootTerm CovItemId="C36" CovItemPrefix="csse376_puerto_rico.GameBoardGUI.java" Intrnl_Id="917">
<BasicBoolTerm Intrnl_Id="918">
<LocList>
<Loc EndOffset="13433" SrcFileId="9" StartOffset="13399"/>
</LocList>
</BasicBoolTerm>
</RootTerm>
</CondStmnt>
</StmntSeq>
</Branch>
<Keyword EndOffset="13337" SrcFileId="9" StartOffset="13335"/>
<LocList>
<Loc EndOffset="13513" SrcFileId="9" StartOffset="13335"/>
</LocList>
<RootTerm CovItemId="C35" CovItemPrefix="csse376_puerto_rico.GameBoardGUI.java" Intrnl_Id="919">
<BasicBoolTerm Intrnl_Id="920">
<LocList>
<Loc EndOffset="13373" SrcFileId="9" StartOffset="13338"/>
</LocList>
</BasicBoolTerm>
</RootTerm>
</CondStmnt>
</StmntSeq>
</Branch>
<Keyword EndOffset="13278" SrcFileId="9" StartOffset="13276"/>
<LocList>
<Loc EndOffset="13513" SrcFileId="9" StartOffset="13276"/>
</LocList>
<RootTerm CovItemId="C34" CovItemPrefix="csse376_puerto_rico.GameBoardGUI.java" Intrnl_Id="921">
<BasicBoolTerm Intrnl_Id="922">
<LocList>
<Loc EndOffset="13312" SrcFileId="9" StartOffset="13279"/>
</LocList>
</BasicBoolTerm>
</RootTerm>
</CondStmnt>
</StmntSeq>
</Branch>
<Keyword EndOffset="13217" SrcFileId="9" StartOffset="13215"/>
<LocList>
<Loc EndOffset="13513" SrcFileId="9" StartOffset="13215"/>
</LocList>
<RootTerm CovItemId="C33" CovItemPrefix="csse376_puerto_rico.GameBoardGUI.java" Intrnl_Id="923">
<BasicBoolTerm Intrnl_Id="924">
<LocList>
<Loc EndOffset="13253" SrcFileId="9" StartOffset="13218"/>
</LocList>
</BasicBoolTerm>
</RootTerm>
</CondStmnt>
</StmntSeq>
</Branch>
<Branch CovItemId="B42" CovItemPrefix="csse376_puerto_rico.GameBoardGUI.java" Implct="true" Intrnl_Id="925">
<Cond/>
<LocList/>
<StmntSeq Intrnl_Id="926">
<LocList/>
</StmntSeq>
</Branch>
<Keyword EndOffset="13185" SrcFileId="9" StartOffset="13183"/>
<LocList>
<Loc EndOffset="13520" SrcFileId="9" StartOffset="13183"/>
</LocList>
<RootTerm CovItemId="C32" CovItemPrefix="csse376_puerto_rico.GameBoardGUI.java" Intrnl_Id="927">
<BasicBoolTerm Intrnl_Id="928">
<LocList>
<Loc EndOffset="13206" SrcFileId="9" StartOffset="13186"/>
</LocList>
</BasicBoolTerm>
</RootTerm>
</CondStmnt>
<BasicStmnt CovItemId="S184" CovItemPrefix="csse376_puerto_rico.GameBoardGUI.java" Intrnl_Id="929">
<LocList>
<Loc EndOffset="13552" SrcFileId="9" StartOffset="13526"/>
</LocList>
</BasicStmnt>
<BasicStmnt CovItemId="S185" CovItemPrefix="csse376_puerto_rico.GameBoardGUI.java" Intrnl_Id="930">
<LocList>
<Loc EndOffset="13599" SrcFileId="9" StartOffset="13558"/>
</LocList>
</BasicStmnt>
</StmntSeq>
<Keyword EndOffset="12557" SrcFileId="9" StartOffset="12554"/>
<LocList>
<Loc EndOffset="13607" SrcFileId="9" StartOffset="12554"/>
</LocList>
<RootTerm CovItemId="C30" CovItemPrefix="csse376_puerto_rico.GameBoardGUI.java" Intrnl_Id="931">
<BasicBoolTerm Intrnl_Id="932">
<LocList>
<Loc EndOffset="12588" SrcFileId="9" StartOffset="12570"/>
</LocList>
</BasicBoolTerm>
</RootTerm>
</LoopStmnt>
</StmntSeq>
</Branch>
<Branch CovItemId="B38" CovItemPrefix="csse376_puerto_rico.GameBoardGUI.java" Implct="false" Intrnl_Id="933">
<Cond>
<Loc EndOffset="13617" SrcFileId="9" StartOffset="13613"/>
</Cond>
<LocList>
<Loc EndOffset="15239" SrcFileId="9" StartOffset="13618"/>
</LocList>
<StmntSeq Intrnl_Id="934">
<LocList>
<Loc EndOffset="15239" SrcFileId="9" StartOffset="13618"/>
</LocList>
<CondStmnt CovItemId="S186" CovItemPrefix="csse376_puerto_rico.GameBoardGUI.java" Intrnl_Id="935">
<Branch CovItemId="B53" CovItemPrefix="csse376_puerto_rico.GameBoardGUI.java" Implct="false" Intrnl_Id="936">
<Cond/>
<LocList>
<Loc EndOffset="14985" SrcFileId="9" StartOffset="13656"/>
</LocList>
<StmntSeq Intrnl_Id="937">
<LocList>
<Loc EndOffset="14980" SrcFileId="9" StartOffset="13664"/>
</LocList>
<LoopStmnt CovItemId="S187" CovItemPrefix="csse376_puerto_rico.GameBoardGUI.java" Intrnl_Id="938" MltplExecId="L14-2" MltplExecPrefix="csse376_puerto_rico.GameBoardGUI.java" NvrExecId="L14-0" NvrExecPrefix="csse376_puerto_rico.GameBoardGUI.java" OnceExecutedId="L14-1" OnceExecutedPrefix="csse376_puerto_rico.GameBoardGUI.java" OptBodyExec="true">
<StmntSeq Intrnl_Id="939">
<LocList>
<Loc EndOffset="13756" SrcFileId="9" StartOffset="13726"/>
<Loc EndOffset="13816" SrcFileId="9" StartOffset="13762"/>
<Loc EndOffset="14077" SrcFileId="9" StartOffset="13824"/>
<Loc EndOffset="14122" SrcFileId="9" StartOffset="14085"/>
<Loc EndOffset="14147" SrcFileId="9" StartOffset="14128"/>
<Loc EndOffset="14172" SrcFileId="9" StartOffset="14153"/>
<Loc EndOffset="14197" SrcFileId="9" StartOffset="14178"/>
<Loc EndOffset="14468" SrcFileId="9" StartOffset="14203"/>
<Loc EndOffset="14860" SrcFileId="9" StartOffset="14476"/>
<Loc EndOffset="14893" SrcFileId="9" StartOffset="14868"/>
<Loc EndOffset="14925" SrcFileId="9" StartOffset="14899"/>
<Loc EndOffset="14972" SrcFileId="9" StartOffset="14931"/>
</LocList>
<BasicStmnt CovItemId="S188" CovItemPrefix="csse376_puerto_rico.GameBoardGUI.java" Intrnl_Id="940">
<LocList>
<Loc EndOffset="13756" SrcFileId="9" StartOffset="13726"/>
</LocList>
</BasicStmnt>
<BasicStmnt CovItemId="S189" CovItemPrefix="csse376_puerto_rico.GameBoardGUI.java" Intrnl_Id="941">
<LocList>
<Loc EndOffset="13816" SrcFileId="9" StartOffset="13762"/>
</LocList>
</BasicStmnt>
<BasicStmnt CovItemId="S190" CovItemPrefix="csse376_puerto_rico.GameBoardGUI.java" Intrnl_Id="942">
<LocList>
<Loc EndOffset="14077" SrcFileId="9" StartOffset="13824"/>
</LocList>
</BasicStmnt>
<BasicStmnt CovItemId="S191" CovItemPrefix="csse376_puerto_rico.GameBoardGUI.java" Intrnl_Id="943">
<LocList>
<Loc EndOffset="14122" SrcFileId="9" StartOffset="14085"/>
</LocList>
</BasicStmnt>
<BasicStmnt CovItemId="S192" CovItemPrefix="csse376_puerto_rico.GameBoardGUI.java" Intrnl_Id="944">
<LocList>
<Loc EndOffset="14147" SrcFileId="9" StartOffset="14128"/>
</LocList>
</BasicStmnt>
<BasicStmnt CovItemId="S193" CovItemPrefix="csse376_puerto_rico.GameBoardGUI.java" Intrnl_Id="945">
<LocList>
<Loc EndOffset="14172" SrcFileId="9" StartOffset="14153"/>
</LocList>
</BasicStmnt>
<BasicStmnt CovItemId="S194" CovItemPrefix="csse376_puerto_rico.GameBoardGUI.java" Intrnl_Id="946">
<LocList>
<Loc EndOffset="14197" SrcFileId="9" StartOffset="14178"/>
</LocList>
</BasicStmnt>
<BasicStmnt CovItemId="S195" CovItemPrefix="csse376_puerto_rico.GameBoardGUI.java" Intrnl_Id="947">
<LocList>
<Loc EndOffset="14468" SrcFileId="9" StartOffset="14203"/>
</LocList>
</BasicStmnt>
<CondStmnt CovItemId="S196" CovItemPrefix="csse376_puerto_rico.GameBoardGUI.java" Intrnl_Id="948">
<Branch CovItemId="B55" CovItemPrefix="csse376_puerto_rico.GameBoardGUI.java" Implct="false" Intrnl_Id="949">
<Cond/>
<LocList>
<Loc EndOffset="14600" SrcFileId="9" StartOffset="14491"/>
</LocList>
<StmntSeq Intrnl_Id="950">
<LocList>
<Loc EndOffset="14558" SrcFileId="9" StartOffset="14499"/>
<Loc EndOffset="14593" SrcFileId="9" StartOffset="14565"/>
</LocList>
<BasicStmnt CovItemId="S197" CovItemPrefix="csse376_puerto_rico.GameBoardGUI.java" Intrnl_Id="951">
<LocList>
<Loc EndOffset="14558" SrcFileId="9" StartOffset="14499"/>
</LocList>
</BasicStmnt>
<BasicStmnt CovItemId="S198" CovItemPrefix="csse376_puerto_rico.GameBoardGUI.java" Intrnl_Id="952">
<LocList>
<Loc EndOffset="14593" SrcFileId="9" StartOffset="14565"/>
</LocList>
</BasicStmnt>
</StmntSeq>
</Branch>
<Branch CovItemId="B56" CovItemPrefix="csse376_puerto_rico.GameBoardGUI.java" Implct="false" Intrnl_Id="953">
<Cond>
<Loc EndOffset="14605" SrcFileId="9" StartOffset="14601"/>
</Cond>
<LocList>
<Loc EndOffset="14860" SrcFileId="9" StartOffset="14606"/>
</LocList>
<StmntSeq Intrnl_Id="954">
<LocList>
<Loc EndOffset="14860" SrcFileId="9" StartOffset="14606"/>
</LocList>
<CondStmnt CovItemId="S199" CovItemPrefix="csse376_puerto_rico.GameBoardGUI.java" Intrnl_Id="955">
<Branch CovItemId="B57" CovItemPrefix="csse376_puerto_rico.GameBoardGUI.java" Implct="false" Intrnl_Id="956">
<Cond/>
<LocList>
<Loc EndOffset="14730" SrcFileId="9" StartOffset="14621"/>
</LocList>
<StmntSeq Intrnl_Id="957">
<LocList>
<Loc EndOffset="14688" SrcFileId="9" StartOffset="14629"/>
<Loc EndOffset="14723" SrcFileId="9" StartOffset="14695"/>
</LocList>
<BasicStmnt CovItemId="S200" CovItemPrefix="csse376_puerto_rico.GameBoardGUI.java" Intrnl_Id="958">
<LocList>
<Loc EndOffset="14688" SrcFileId="9" StartOffset="14629"/>
</LocList>
</BasicStmnt>
<BasicStmnt CovItemId="S201" CovItemPrefix="csse376_puerto_rico.GameBoardGUI.java" Intrnl_Id="959">
<LocList>
<Loc EndOffset="14723" SrcFileId="9" StartOffset="14695"/>
</LocList>
</BasicStmnt>
</StmntSeq>
</Branch>
<Branch CovItemId="B58" CovItemPrefix="csse376_puerto_rico.GameBoardGUI.java" Implct="false" Intrnl_Id="960">
<Cond>
<Loc EndOffset="14735" SrcFileId="9" StartOffset="14731"/>
</Cond>
<LocList>
<Loc EndOffset="14860" SrcFileId="9" StartOffset="14736"/>
</LocList>
<StmntSeq Intrnl_Id="961">
<LocList>
<Loc EndOffset="14860" SrcFileId="9" StartOffset="14736"/>
</LocList>
<CondStmnt CovItemId="S202" CovItemPrefix="csse376_puerto_rico.GameBoardGUI.java" Intrnl_Id="962">
<Branch CovItemId="B59" CovItemPrefix="csse376_puerto_rico.GameBoardGUI.java" Implct="false" Intrnl_Id="963">
<Cond/>
<LocList>
<Loc EndOffset="14860" SrcFileId="9" StartOffset="14751"/>
</LocList>
<StmntSeq Intrnl_Id="964">
<LocList>
<Loc EndOffset="14818" SrcFileId="9" StartOffset="14759"/>
<Loc EndOffset="14853" SrcFileId="9" StartOffset="14825"/>
</LocList>
<BasicStmnt CovItemId="S203" CovItemPrefix="csse376_puerto_rico.GameBoardGUI.java" Intrnl_Id="965">
<LocList>
<Loc EndOffset="14818" SrcFileId="9" StartOffset="14759"/>
</LocList>
</BasicStmnt>
<BasicStmnt CovItemId="S204" CovItemPrefix="csse376_puerto_rico.GameBoardGUI.java" Intrnl_Id="966">
<LocList>
<Loc EndOffset="14853" SrcFileId="9" StartOffset="14825"/>
</LocList>
</BasicStmnt>
</StmntSeq>
</Branch>
<Branch CovItemId="B60" CovItemPrefix="csse376_puerto_rico.GameBoardGUI.java" Implct="true" Intrnl_Id="967">
<Cond/>
<LocList/>
<StmntSeq Intrnl_Id="968">
<LocList/>
</StmntSeq>
</Branch>
<Keyword EndOffset="14738" SrcFileId="9" StartOffset="14736"/>
<LocList>
<Loc EndOffset="14860" SrcFileId="9" StartOffset="14736"/>
</LocList>
<RootTerm CovItemId="C42" CovItemPrefix="csse376_puerto_rico.GameBoardGUI.java" Intrnl_Id="969">
<BasicBoolTerm Intrnl_Id="970">
<LocList>
<Loc EndOffset="14749" SrcFileId="9" StartOffset="14740"/>
</LocList>
</BasicBoolTerm>
</RootTerm>
</CondStmnt>
</StmntSeq>
</Branch>
<Keyword EndOffset="14608" SrcFileId="9" StartOffset="14606"/>
<LocList>
<Loc EndOffset="14860" SrcFileId="9" StartOffset="14606"/>
</LocList>
<RootTerm CovItemId="C41" CovItemPrefix="csse376_puerto_rico.GameBoardGUI.java" Intrnl_Id="971">
<BasicBoolTerm Intrnl_Id="972">
<LocList>
<Loc EndOffset="14619" SrcFileId="9" StartOffset="14610"/>
</LocList>
</BasicBoolTerm>
</RootTerm>
</CondStmnt>
</StmntSeq>
</Branch>
<Keyword EndOffset="14478" SrcFileId="9" StartOffset="14476"/>
<LocList>
<Loc EndOffset="14860" SrcFileId="9" StartOffset="14476"/>
</LocList>
<RootTerm CovItemId="C40" CovItemPrefix="csse376_puerto_rico.GameBoardGUI.java" Intrnl_Id="973">
<BasicBoolTerm Intrnl_Id="974">
<LocList>
<Loc EndOffset="14489" SrcFileId="9" StartOffset="14480"/>
</LocList>
</BasicBoolTerm>
</RootTerm>
</CondStmnt>
<BasicStmnt CovItemId="S205" CovItemPrefix="csse376_puerto_rico.GameBoardGUI.java" Intrnl_Id="975">
<LocList>
<Loc EndOffset="14893" SrcFileId="9" StartOffset="14868"/>
</LocList>
</BasicStmnt>
<BasicStmnt CovItemId="S206" CovItemPrefix="csse376_puerto_rico.GameBoardGUI.java" Intrnl_Id="976">
<LocList>
<Loc EndOffset="14925" SrcFileId="9" StartOffset="14899"/>
</LocList>
</BasicStmnt>
<BasicStmnt CovItemId="S207" CovItemPrefix="csse376_puerto_rico.GameBoardGUI.java" Intrnl_Id="977">
<LocList>
<Loc EndOffset="14972" SrcFileId="9" StartOffset="14931"/>
</LocList>
</BasicStmnt>
</StmntSeq>
<Keyword EndOffset="13667" SrcFileId="9" StartOffset="13664"/>
<LocList>
<Loc EndOffset="14980" SrcFileId="9" StartOffset="13664"/>
</LocList>
<RootTerm CovItemId="C39" CovItemPrefix="csse376_puerto_rico.GameBoardGUI.java" Intrnl_Id="978">
<BasicBoolTerm Intrnl_Id="979">
<LocList>
<Loc EndOffset="13698" SrcFileId="9" StartOffset="13680"/>
</LocList>
</BasicBoolTerm>
</RootTerm>
</LoopStmnt>
</StmntSeq>
</Branch>
<Branch CovItemId="B54" CovItemPrefix="csse376_puerto_rico.GameBoardGUI.java" Implct="false" Intrnl_Id="980">
<Cond>
<Loc EndOffset="14990" SrcFileId="9" StartOffset="14986"/>
</Cond>
<LocList>
<Loc EndOffset="15239" SrcFileId="9" StartOffset="14991"/>
</LocList>
<StmntSeq Intrnl_Id="981">
<LocList>
<Loc EndOffset="15239" SrcFileId="9" StartOffset="14991"/>
</LocList>
<CondStmnt CovItemId="S208" CovItemPrefix="csse376_puerto_rico.GameBoardGUI.java" Intrnl_Id="982">
<Branch CovItemId="B61" CovItemPrefix="csse376_puerto_rico.GameBoardGUI.java" Implct="false" Intrnl_Id="983">
<Cond/>
<LocList>
<Loc EndOffset="15239" SrcFileId="9" StartOffset="15032"/>
</LocList>
<StmntSeq Intrnl_Id="984">
<LocList>
<Loc EndOffset="15234" SrcFileId="9" StartOffset="15057"/>
</LocList>
<LoopStmnt CovItemId="S209" CovItemPrefix="csse376_puerto_rico.GameBoardGUI.java" Intrnl_Id="985" MltplExecId="L15-2" MltplExecPrefix="csse376_puerto_rico.GameBoardGUI.java" NvrExecId="L15-0" NvrExecPrefix="csse376_puerto_rico.GameBoardGUI.java" OnceExecutedId="L15-1" OnceExecutedPrefix="csse376_puerto_rico.GameBoardGUI.java" OptBodyExec="true">
<StmntSeq Intrnl_Id="986">
<LocList>
<Loc EndOffset="15137" SrcFileId="9" StartOffset="15107"/>
<Loc EndOffset="15179" SrcFileId="9" StartOffset="15153"/>
<Loc EndOffset="15226" SrcFileId="9" StartOffset="15185"/>
</LocList>
<BasicStmnt CovItemId="S210" CovItemPrefix="csse376_puerto_rico.GameBoardGUI.java" Intrnl_Id="987">
<LocList>
<Loc EndOffset="15137" SrcFileId="9" StartOffset="15107"/>
</LocList>
</BasicStmnt>
<BasicStmnt CovItemId="S211" CovItemPrefix="csse376_puerto_rico.GameBoardGUI.java" Intrnl_Id="988">
<LocList>
<Loc EndOffset="15179" SrcFileId="9" StartOffset="15153"/>
</LocList>
</BasicStmnt>
<BasicStmnt CovItemId="S212" CovItemPrefix="csse376_puerto_rico.GameBoardGUI.java" Intrnl_Id="989">
<LocList>
<Loc EndOffset="15226" SrcFileId="9" StartOffset="15185"/>
</LocList>
</BasicStmnt>
</StmntSeq>
<Keyword EndOffset="15060" SrcFileId="9" StartOffset="15057"/>
<LocList>
<Loc EndOffset="15234" SrcFileId="9" StartOffset="15057"/>
</LocList>
<RootTerm CovItemId="C44" CovItemPrefix="csse376_puerto_rico.GameBoardGUI.java" Intrnl_Id="990">
<BasicBoolTerm Intrnl_Id="991">
<LocList>
<Loc EndOffset="15091" SrcFileId="9" StartOffset="15073"/>
</LocList>
</BasicBoolTerm>
</RootTerm>
</LoopStmnt>
</StmntSeq>
</Branch>
<Branch CovItemId="B62" CovItemPrefix="csse376_puerto_rico.GameBoardGUI.java" Implct="true" Intrnl_Id="992">
<Cond/>
<LocList/>
<StmntSeq Intrnl_Id="993">
<LocList/>
</StmntSeq>
</Branch>
<Keyword EndOffset="14993" SrcFileId="9" StartOffset="14991"/>
<LocList>
<Loc EndOffset="15239" SrcFileId="9" StartOffset="14991"/>
</LocList>
<RootTerm CovItemId="C43" CovItemPrefix="csse376_puerto_rico.GameBoardGUI.java" Intrnl_Id="994">
<BasicBoolTerm Intrnl_Id="995">
<LocList>
<Loc EndOffset="15030" SrcFileId="9" StartOffset="14995"/>
</LocList>
</BasicBoolTerm>
</RootTerm>
</CondStmnt>
</StmntSeq>
</Branch>
<Keyword EndOffset="13620" SrcFileId="9" StartOffset="13618"/>
<LocList>
<Loc EndOffset="15239" SrcFileId="9" StartOffset="13618"/>
</LocList>
<RootTerm CovItemId="C38" CovItemPrefix="csse376_puerto_rico.GameBoardGUI.java" Intrnl_Id="996">
<BasicBoolTerm Intrnl_Id="997">
<LocList>
<Loc EndOffset="13654" SrcFileId="9" StartOffset="13622"/>
</LocList>
</BasicBoolTerm>
</RootTerm>
</CondStmnt>
</StmntSeq>
</Branch>
<Keyword EndOffset="12505" SrcFileId="9" StartOffset="12503"/>
<LocList>
<Loc EndOffset="15239" SrcFileId="9" StartOffset="12503"/>
</LocList>
<RootTerm CovItemId="C29" CovItemPrefix="csse376_puerto_rico.GameBoardGUI.java" Intrnl_Id="998">
<BasicBoolTerm Intrnl_Id="999">
<LocList>
<Loc EndOffset="12538" SrcFileId="9" StartOffset="12507"/>
</LocList>
</BasicBoolTerm>
</RootTerm>
</CondStmnt>
</StmntSeq>
</Branch>
<Keyword EndOffset="12230" SrcFileId="9" StartOffset="12228"/>
<LocList>
<Loc EndOffset="15239" SrcFileId="9" StartOffset="12228"/>
</LocList>
<RootTerm CovItemId="C27" CovItemPrefix="csse376_puerto_rico.GameBoardGUI.java" Intrnl_Id="1000">
<BasicBoolTerm Intrnl_Id="1001">
<LocList>
<Loc EndOffset="12266" SrcFileId="9" StartOffset="12232"/>
</LocList>
</BasicBoolTerm>
</RootTerm>
</CondStmnt>
</StmntSeq>
</Branch>
<Keyword EndOffset="11381" SrcFileId="9" StartOffset="11379"/>
<LocList>
<Loc EndOffset="15239" SrcFileId="9" StartOffset="11379"/>
</LocList>
<RootTerm CovItemId="C24" CovItemPrefix="csse376_puerto_rico.GameBoardGUI.java" Intrnl_Id="1002">
<BasicBoolTerm Intrnl_Id="1003">
<LocList>
<Loc EndOffset="11415" SrcFileId="9" StartOffset="11383"/>
</LocList>
</BasicBoolTerm>
</RootTerm>
</CondStmnt>
</StmntSeq>
</Branch>
<Keyword EndOffset="10235" SrcFileId="9" StartOffset="10233"/>
<LocList>
<Loc EndOffset="15239" SrcFileId="9" StartOffset="10233"/>
</LocList>
<RootTerm CovItemId="C19" CovItemPrefix="csse376_puerto_rico.GameBoardGUI.java" Intrnl_Id="1004">
<BasicBoolTerm Intrnl_Id="1005">
<LocList>
<Loc EndOffset="10269" SrcFileId="9" StartOffset="10237"/>
</LocList>
</BasicBoolTerm>
</RootTerm>
</CondStmnt>
</StmntSeq>
</Branch>
<Keyword EndOffset="7238" SrcFileId="9" StartOffset="7236"/>
<LocList>
<Loc EndOffset="15239" SrcFileId="9" StartOffset="7236"/>
</LocList>
<RootTerm CovItemId="C10" CovItemPrefix="csse376_puerto_rico.GameBoardGUI.java" Intrnl_Id="1006">
<BasicBoolTerm Intrnl_Id="1007">
<LocList>
<Loc EndOffset="7270" SrcFileId="9" StartOffset="7240"/>
</LocList>
</BasicBoolTerm>
</RootTerm>
</CondStmnt>
</StmntSeq>
</HierarchyLvl>
</HierarchyLvl>
<HierarchyLvl HierarchyLvlId="2322" HierarchyLvlTypeId="16" Intrnl_Id="1008" Name="ButtonHandler">
<Header>
<Loc EndOffset="224" SrcFileId="10" StartOffset="172"/>
</Header>
<LocList>
<Loc EndOffset="790" SrcFileId="10" StartOffset="172"/>
</LocList>
<HierarchyLvl HierarchyLvlId="2320" HierarchyLvlTypeId="17" Intrnl_Id="1009" Name="ButtonHandler">
<Header>
<Loc EndOffset="345" SrcFileId="10" StartOffset="292"/>
</Header>
<LocList>
<Loc EndOffset="402" SrcFileId="10" StartOffset="292"/>
</LocList>
<StmntSeq Intrnl_Id="1010">
<LocList>
<Loc EndOffset="374" SrcFileId="10" StartOffset="351"/>
<Loc EndOffset="398" SrcFileId="10" StartOffset="378"/>
</LocList>
<BasicStmnt CovItemId="S1" CovItemPrefix="csse376_puerto_rico.ButtonHandler.java" Intrnl_Id="1011">
<LocList>
<Loc EndOffset="374" SrcFileId="10" StartOffset="351"/>
</LocList>
</BasicStmnt>
<BasicStmnt CovItemId="S2" CovItemPrefix="csse376_puerto_rico.ButtonHandler.java" Intrnl_Id="1012">
<LocList>
<Loc EndOffset="398" SrcFileId="10" StartOffset="378"/>
</LocList>
</BasicStmnt>
</StmntSeq>
</HierarchyLvl>
<HierarchyLvl HierarchyLvlId="2321" HierarchyLvlTypeId="17" Intrnl_Id="1013" Name="actionPerformed">
<Header>
<Loc EndOffset="462" SrcFileId="10" StartOffset="407"/>
</Header>
<LocList>
<Loc EndOffset="785" SrcFileId="10" StartOffset="407"/>
</LocList>
<StmntSeq Intrnl_Id="1014">
<LocList>
<Loc EndOffset="506" SrcFileId="10" StartOffset="468"/>
<Loc EndOffset="781" SrcFileId="10" StartOffset="510"/>
</LocList>
<BasicStmnt CovItemId="S3" CovItemPrefix="csse376_puerto_rico.ButtonHandler.java" Intrnl_Id="1015">
<LocList>
<Loc EndOffset="506" SrcFileId="10" StartOffset="468"/>
</LocList>
</BasicStmnt>
<CondStmnt CovItemId="S4" CovItemPrefix="csse376_puerto_rico.ButtonHandler.java" Intrnl_Id="1016">
<Branch CovItemId="B1" CovItemPrefix="csse376_puerto_rico.ButtonHandler.java" Implct="false" Intrnl_Id="1017">
<Cond/>
<LocList>
<Loc EndOffset="561" SrcFileId="10" StartOffset="535"/>
</LocList>
<StmntSeq Intrnl_Id="1018">
<LocList>
<Loc EndOffset="556" SrcFileId="10" StartOffset="541"/>
</LocList>
<BasicStmnt CovItemId="S5" CovItemPrefix="csse376_puerto_rico.ButtonHandler.java" Intrnl_Id="1019">
<LocList>
<Loc EndOffset="556" SrcFileId="10" StartOffset="541"/>
</LocList>
</BasicStmnt>
</StmntSeq>
</Branch>
<Branch CovItemId="B2" CovItemPrefix="csse376_puerto_rico.ButtonHandler.java" Implct="false" Intrnl_Id="1020">
<Cond>
<Loc EndOffset="565" SrcFileId="10" StartOffset="561"/>
</Cond>
<LocList>
<Loc EndOffset="781" SrcFileId="10" StartOffset="566"/>
</LocList>
<StmntSeq Intrnl_Id="1021">
<LocList>
<Loc EndOffset="781" SrcFileId="10" StartOffset="566"/>
</LocList>
<CondStmnt CovItemId="S6" CovItemPrefix="csse376_puerto_rico.ButtonHandler.java" Intrnl_Id="1022">
<Branch CovItemId="B3" CovItemPrefix="csse376_puerto_rico.ButtonHandler.java" Implct="false" Intrnl_Id="1023">
<Cond/>
<LocList>
<Loc EndOffset="646" SrcFileId="10" StartOffset="595"/>
</LocList>
<StmntSeq Intrnl_Id="1024">
<LocList>
<Loc EndOffset="641" SrcFileId="10" StartOffset="601"/>
</LocList>
<BasicStmnt CovItemId="S7" CovItemPrefix="csse376_puerto_rico.ButtonHandler.java" Intrnl_Id="1025">
<LocList>
<Loc EndOffset="641" SrcFileId="10" StartOffset="601"/>
</LocList>
</BasicStmnt>
</StmntSeq>
</Branch>
<Branch CovItemId="B4" CovItemPrefix="csse376_puerto_rico.ButtonHandler.java" Implct="false" Intrnl_Id="1026">
<Cond>
<Loc EndOffset="650" SrcFileId="10" StartOffset="646"/>
</Cond>
<LocList>
<Loc EndOffset="781" SrcFileId="10" StartOffset="651"/>
</LocList>
<StmntSeq Intrnl_Id="1027">
<LocList>
<Loc EndOffset="781" SrcFileId="10" StartOffset="651"/>
</LocList>
<CondStmnt CovItemId="S8" CovItemPrefix="csse376_puerto_rico.ButtonHandler.java" Intrnl_Id="1028">
<Branch CovItemId="B5" CovItemPrefix="csse376_puerto_rico.ButtonHandler.java" Implct="false" Intrnl_Id="1029">
<Cond/>
<LocList>
<Loc EndOffset="734" SrcFileId="10" StartOffset="677"/>
</LocList>
<StmntSeq Intrnl_Id="1030">
<LocList>
<Loc EndOffset="729" SrcFileId="10" StartOffset="683"/>
</LocList>
<BasicStmnt CovItemId="S9" CovItemPrefix="csse376_puerto_rico.ButtonHandler.java" Intrnl_Id="1031">
<LocList>
<Loc EndOffset="729" SrcFileId="10" StartOffset="683"/>
</LocList>
</BasicStmnt>
</StmntSeq>
</Branch>
<Branch CovItemId="B6" CovItemPrefix="csse376_puerto_rico.ButtonHandler.java" Implct="false" Intrnl_Id="1032">
<Cond>
<Loc EndOffset="738" SrcFileId="10" StartOffset="734"/>
</Cond>
<LocList>
<Loc EndOffset="781" SrcFileId="10" StartOffset="739"/>
</LocList>
<StmntSeq Intrnl_Id="1033">
<LocList>
<Loc EndOffset="781" SrcFileId="10" StartOffset="739"/>
</LocList>
<CondStmnt CovItemId="S10" CovItemPrefix="csse376_puerto_rico.ButtonHandler.java" Intrnl_Id="1034">
<Branch CovItemId="B7" CovItemPrefix="csse376_puerto_rico.ButtonHandler.java" Implct="false" Intrnl_Id="1035">
<Cond/>
<LocList>
<Loc EndOffset="781" SrcFileId="10" StartOffset="770"/>
</LocList>
<StmntSeq Intrnl_Id="1036">
<LocList/>
</StmntSeq>
</Branch>
<Branch CovItemId="B8" CovItemPrefix="csse376_puerto_rico.ButtonHandler.java" Implct="true" Intrnl_Id="1037">
<Cond/>
<LocList/>
<StmntSeq Intrnl_Id="1038">
<LocList/>
</StmntSeq>
</Branch>
<Keyword EndOffset="741" SrcFileId="10" StartOffset="739"/>
<LocList>
<Loc EndOffset="781" SrcFileId="10" StartOffset="739"/>
</LocList>
<RootTerm CovItemId="C4" CovItemPrefix="csse376_puerto_rico.ButtonHandler.java" Intrnl_Id="1039">
<BasicBoolTerm Intrnl_Id="1040">
<LocList>
<Loc EndOffset="769" SrcFileId="10" StartOffset="742"/>
</LocList>
</BasicBoolTerm>
</RootTerm>
</CondStmnt>
</StmntSeq>
</Branch>
<Keyword EndOffset="653" SrcFileId="10" StartOffset="651"/>
<LocList>
<Loc EndOffset="781" SrcFileId="10" StartOffset="651"/>
</LocList>
<RootTerm CovItemId="C3" CovItemPrefix="csse376_puerto_rico.ButtonHandler.java" Intrnl_Id="1041">
<BasicBoolTerm Intrnl_Id="1042">
<LocList>
<Loc EndOffset="676" SrcFileId="10" StartOffset="654"/>
</LocList>
</BasicBoolTerm>
</RootTerm>
</CondStmnt>
</StmntSeq>
</Branch>
<Keyword EndOffset="568" SrcFileId="10" StartOffset="566"/>
<LocList>
<Loc EndOffset="781" SrcFileId="10" StartOffset="566"/>
</LocList>
<RootTerm CovItemId="C2" CovItemPrefix="csse376_puerto_rico.ButtonHandler.java" Intrnl_Id="1043">
<BasicBoolTerm Intrnl_Id="1044">
<LocList>
<Loc EndOffset="594" SrcFileId="10" StartOffset="569"/>
</LocList>
</BasicBoolTerm>
</RootTerm>
</CondStmnt>
</StmntSeq>
</Branch>
<Keyword EndOffset="512" SrcFileId="10" StartOffset="510"/>
<LocList>
<Loc EndOffset="781" SrcFileId="10" StartOffset="510"/>
</LocList>
<RootTerm CovItemId="C1" CovItemPrefix="csse376_puerto_rico.ButtonHandler.java" Intrnl_Id="1045">
<BasicBoolTerm Intrnl_Id="1046">
<LocList>
<Loc EndOffset="534" SrcFileId="10" StartOffset="513"/>
</LocList>
</BasicBoolTerm>
</RootTerm>
</CondStmnt>
</StmntSeq>
</HierarchyLvl>
</HierarchyLvl>
<HierarchyLvl HierarchyLvlId="2328" HierarchyLvlTypeId="16" Intrnl_Id="1047" Name="Buildings">
<Header>
<Loc EndOffset="135" SrcFileId="11" StartOffset="113"/>
</Header>
<LocList>
<Loc EndOffset="770" SrcFileId="11" StartOffset="113"/>
<Loc EndOffset="1287" SrcFileId="11" StartOffset="1284"/>
</LocList>
<StmntSeq Intrnl_Id="1048">
<LocList>
<Loc EndOffset="420" SrcFileId="11" StartOffset="183"/>
</LocList>
<BasicStmnt CovItemId="S1" CovItemPrefix="csse376_puerto_rico.Buildings.java" Intrnl_Id="1049">
<LocList>
<Loc EndOffset="420" SrcFileId="11" StartOffset="183"/>
</LocList>
</BasicStmnt>
</StmntSeq>
<HierarchyLvl HierarchyLvlId="2323" HierarchyLvlTypeId="17" Intrnl_Id="1050" Name="Buildings">
<Header>
<Loc EndOffset="443" SrcFileId="11" StartOffset="425"/>
</Header>
<LocList>
<Loc EndOffset="611" SrcFileId="11" StartOffset="425"/>
</LocList>
<StmntSeq Intrnl_Id="1051">
<LocList>
<Loc EndOffset="487" SrcFileId="11" StartOffset="449"/>
<Loc EndOffset="605" SrcFileId="11" StartOffset="526"/>
</LocList>
<BasicStmnt CovItemId="S2" CovItemPrefix="csse376_puerto_rico.Buildings.java" Intrnl_Id="1052">
<LocList>
<Loc EndOffset="487" SrcFileId="11" StartOffset="449"/>
</LocList>
</BasicStmnt>
<LoopStmnt CovItemId="S3" CovItemPrefix="csse376_puerto_rico.Buildings.java" Intrnl_Id="1053" MltplExecId="L1-2" MltplExecPrefix="csse376_puerto_rico.Buildings.java" NvrExecId="L1-0" NvrExecPrefix="csse376_puerto_rico.Buildings.java" OnceExecutedId="L1-1" OnceExecutedPrefix="csse376_puerto_rico.Buildings.java" OptBodyExec="true">
<StmntSeq Intrnl_Id="1054">
<LocList>
<Loc EndOffset="600" SrcFileId="11" StartOffset="566"/>
</LocList>
<BasicStmnt CovItemId="S4" CovItemPrefix="csse376_puerto_rico.Buildings.java" Intrnl_Id="1055">
<LocList>
<Loc EndOffset="600" SrcFileId="11" StartOffset="566"/>
</LocList>
</BasicStmnt>
</StmntSeq>
<Keyword EndOffset="529" SrcFileId="11" StartOffset="526"/>
<LocList>
<Loc EndOffset="605" SrcFileId="11" StartOffset="526"/>
</LocList>
</LoopStmnt>
</StmntSeq>
</HierarchyLvl>
<HierarchyLvl HierarchyLvlId="2324" HierarchyLvlTypeId="17" Intrnl_Id="1056" Name="getBuildings">
<Header>
<Loc EndOffset="657" SrcFileId="11" StartOffset="616"/>
</Header>
<LocList>
<Loc EndOffset="686" SrcFileId="11" StartOffset="616"/>
</LocList>
<StmntSeq Intrnl_Id="1057">
<LocList>
<Loc EndOffset="682" SrcFileId="11" StartOffset="665"/>
</LocList>
<BasicStmnt CovItemId="S5" CovItemPrefix="csse376_puerto_rico.Buildings.java" Intrnl_Id="1058">
<LocList>
<Loc EndOffset="682" SrcFileId="11" StartOffset="665"/>
</LocList>
</BasicStmnt>
</StmntSeq>
</HierarchyLvl>
<HierarchyLvl HierarchyLvlId="2325" HierarchyLvlTypeId="17" Intrnl_Id="1059" Name="getBuildingNames">
<Header>
<Loc EndOffset="734" SrcFileId="11" StartOffset="691"/>
</Header>
<LocList>
<Loc EndOffset="765" SrcFileId="11" StartOffset="691"/>
</LocList>
<StmntSeq Intrnl_Id="1060">
<LocList>
<Loc EndOffset="761" SrcFileId="11" StartOffset="740"/>
</LocList>
<BasicStmnt CovItemId="S6" CovItemPrefix="csse376_puerto_rico.Buildings.java" Intrnl_Id="1061">
<LocList>
<Loc EndOffset="761" SrcFileId="11" StartOffset="740"/>
</LocList>
</BasicStmnt>
</StmntSeq>
</HierarchyLvl>
<HierarchyLvl HierarchyLvlId="2327" HierarchyLvlTypeId="16" Intrnl_Id="1062" Name="Building">
<Header>
<Loc EndOffset="798" SrcFileId="11" StartOffset="770"/>
</Header>
<LocList>
<Loc EndOffset="1284" SrcFileId="11" StartOffset="770"/>
</LocList>
<HierarchyLvl HierarchyLvlId="2326" HierarchyLvlTypeId="17" Intrnl_Id="1063" Name="Building">
<Header>
<Loc EndOffset="960" SrcFileId="11" StartOffset="932"/>
</Header>
<LocList>
<Loc EndOffset="1280" SrcFileId="11" StartOffset="932"/>
</LocList>
<StmntSeq Intrnl_Id="1064">
<LocList>
<Loc EndOffset="984" SrcFileId="11" StartOffset="967"/>
<Loc EndOffset="1275" SrcFileId="11" StartOffset="989"/>
</LocList>
<BasicStmnt CovItemId="S7" CovItemPrefix="csse376_puerto_rico.Buildings.java" Intrnl_Id="1065">
<LocList>
<Loc EndOffset="984" SrcFileId="11" StartOffset="967"/>
</LocList>
</BasicStmnt>
<CondStmnt CovItemId="S8" CovItemPrefix="csse376_puerto_rico.Buildings.java" Intrnl_Id="1066">
<Branch CovItemId="B1" CovItemPrefix="csse376_puerto_rico.Buildings.java" Implct="false" Intrnl_Id="1067">
<Cond>
<Loc EndOffset="1034" SrcFileId="11" StartOffset="1009"/>
</Cond>
<LocList>
<Loc EndOffset="1128" SrcFileId="11" StartOffset="1041"/>
</LocList>
<StmntSeq Intrnl_Id="1068">
<LocList>
<Loc EndOffset="1050" SrcFileId="11" StartOffset="1041"/>
<Loc EndOffset="1067" SrcFileId="11" StartOffset="1056"/>
<Loc EndOffset="1090" SrcFileId="11" StartOffset="1073"/>
<Loc EndOffset="1116" SrcFileId="11" StartOffset="1096"/>
<Loc EndOffset="1128" SrcFileId="11" StartOffset="1122"/>
</LocList>
<BasicStmnt CovItemId="S9" CovItemPrefix="csse376_puerto_rico.Buildings.java" Intrnl_Id="1069">
<LocList>
<Loc EndOffset="1050" SrcFileId="11" StartOffset="1041"/>
</LocList>
</BasicStmnt>
<BasicStmnt CovItemId="S10" CovItemPrefix="csse376_puerto_rico.Buildings.java" Intrnl_Id="1070">
<LocList>
<Loc EndOffset="1067" SrcFileId="11" StartOffset="1056"/>
</LocList>
</BasicStmnt>
<BasicStmnt CovItemId="S11" CovItemPrefix="csse376_puerto_rico.Buildings.java" Intrnl_Id="1071">
<LocList>
<Loc EndOffset="1090" SrcFileId="11" StartOffset="1073"/>
</LocList>
</BasicStmnt>
<BasicStmnt CovItemId="S12" CovItemPrefix="csse376_puerto_rico.Buildings.java" Intrnl_Id="1072">
<LocList>
<Loc EndOffset="1116" SrcFileId="11" StartOffset="1096"/>
</LocList>
</BasicStmnt>
<BasicStmnt CovItemId="S13" CovItemPrefix="csse376_puerto_rico.Buildings.java" Intrnl_Id="1073">
<LocList>
<Loc EndOffset="1128" SrcFileId="11" StartOffset="1122"/>
</LocList>
</BasicStmnt>
</StmntSeq>
</Branch>
<Branch CovItemId="B2" CovItemPrefix="csse376_puerto_rico.Buildings.java" Implct="false" Intrnl_Id="1074">
<Cond>
<Loc EndOffset="1187" SrcFileId="11" StartOffset="1180"/>
</Cond>
<LocList>
<Loc EndOffset="1269" SrcFileId="11" StartOffset="1194"/>
</LocList>
<StmntSeq Intrnl_Id="1075">
<LocList>
<Loc EndOffset="1203" SrcFileId="11" StartOffset="1194"/>
<Loc EndOffset="1220" SrcFileId="11" StartOffset="1209"/>
<Loc EndOffset="1243" SrcFileId="11" StartOffset="1226"/>
<Loc EndOffset="1269" SrcFileId="11" StartOffset="1249"/>
</LocList>
<BasicStmnt CovItemId="S14" CovItemPrefix="csse376_puerto_rico.Buildings.java" Intrnl_Id="1076">
<LocList>
<Loc EndOffset="1203" SrcFileId="11" StartOffset="1194"/>
</LocList>
</BasicStmnt>
<BasicStmnt CovItemId="S15" CovItemPrefix="csse376_puerto_rico.Buildings.java" Intrnl_Id="1077">
<LocList>
<Loc EndOffset="1220" SrcFileId="11" StartOffset="1209"/>
</LocList>
</BasicStmnt>
<BasicStmnt CovItemId="S16" CovItemPrefix="csse376_puerto_rico.Buildings.java" Intrnl_Id="1078">
<LocList>
<Loc EndOffset="1243" SrcFileId="11" StartOffset="1226"/>
</LocList>
</BasicStmnt>
<BasicStmnt CovItemId="S17" CovItemPrefix="csse376_puerto_rico.Buildings.java" Intrnl_Id="1079">
<LocList>
<Loc EndOffset="1269" SrcFileId="11" StartOffset="1249"/>
</LocList>
</BasicStmnt>
</StmntSeq>
</Branch>
<Keyword EndOffset="995" SrcFileId="11" StartOffset="989"/>
<LocList>
<Loc EndOffset="1275" SrcFileId="11" StartOffset="989"/>
</LocList>
</CondStmnt>
</StmntSeq>
</HierarchyLvl>
</HierarchyLvl>
</HierarchyLvl>
</HierarchyLvl>
</HierarchyLvl>
</MASTRoot>
</TestSessionContainer>
