<?xml version="1.0" encoding="UTF-8"?><TestSessionContainer xmlns="http://www.codecover.org/xml/testsession-container" Date="1431661371157" TestSessionContainerId="f80bf7e9-c7ed-4d16-8151-85f692a32c80" version="1.0">
<SrcFileList>
<SrcFile Content="package csse376_puerto_rico;&#10;&#10;import java.awt.Color;&#10;&#10;import javax.swing.ButtonGroup;&#10;import javax.swing.JButton;&#10;import javax.swing.JFrame;&#10;import javax.swing.JPanel;&#10;import javax.swing.JRadioButton;&#10;&#10;public class StartUpGameBoardGUI {&#10;&#10;&#9;private JFrame mainframe;&#10;&#10;&#9;public StartUpGameBoardGUI(JFrame frame) {&#10;&#9;&#9;this.mainframe = frame;&#10;&#9;&#9;this.mainframe.getContentPane().removeAll();&#10;&#9;&#9;this.mainframe.getContentPane().revalidate();&#10;&#9;&#9;this.mainframe.setBackground(Color.BLACK);&#10;&#9;&#9;this.mainframe.setTitle(&quot;Choose Players&quot;);&#10;&#10;&#9;&#9;JPanel mainPanel = new JPanel();&#10;&#9;&#9;&#10;&#9;&#9;ButtonGroup group = new ButtonGroup();&#10;&#9;&#9;JRadioButton rb3 = new JRadioButton(&quot;3&quot;, true);&#10;&#9;&#9;JRadioButton rb4 = new JRadioButton(&quot;4&quot;, false);&#10;&#9;&#9;JRadioButton rb5 = new JRadioButton(&quot;5&quot;, false);&#10;&#9;&#9;group.add(rb3);&#10;&#9;&#9;group.add(rb4);&#10;&#9;&#9;group.add(rb5);&#10;&#9;&#9;&#10;&#9;&#9;JButton startButton = new JButton(&quot;Start&quot;);&#10;&#9;&#9;startButton.addActionListener(new ButtonHandler(this.mainframe, group));&#10;&#9;&#9;&#10;&#9;&#9;mainPanel.add(rb3);&#10;&#9;&#9;mainPanel.add(rb4);&#10;&#9;&#9;mainPanel.add(rb5);&#10;&#9;&#9;mainPanel.add(startButton);&#10;&#9;&#9;&#10;&#9;&#9;this.mainframe.add(mainPanel);&#10;&#9;}&#10;&#10;}&#10;" Filename="StartUpGameBoardGUI.java" Intrnl_Id="1"/>
<SrcFile Content="package csse376_puerto_rico;&#13;&#10;&#13;&#10;import java.util.ArrayList;&#13;&#10;import java.util.List;&#13;&#10;&#13;&#10;/**&#13;&#10; * List of roles&#13;&#10; *&#13;&#10; * @author songm. Created Apr 22, 2015.&#13;&#10; */&#13;&#10;public class PlayerRoles {&#13;&#10;&#9;public static final String Settler = &quot;Settler&quot;;&#13;&#10;&#9;public static final String Builder = &quot;Builder&quot;;&#13;&#10;&#9;public static final String Craftsman = &quot;Craftsman&quot;;&#13;&#10;&#9;public static final String Trader = &quot;Trader&quot;;&#13;&#10;&#9;public static final String Captain = &quot;Captain&quot;;&#13;&#10;&#9;public static final String Prospector = &quot;Prospector&quot;;&#13;&#10;&#9;public static final String Mayor = &quot;Mayor&quot;;&#13;&#10;&#13;&#10;&#9;private PlayerRoles() {&#13;&#10;&#9;&#9;// null constructor&#13;&#10;&#9;}&#13;&#10;&#13;&#10;&#9;public static List&lt;String&gt; getValues() {&#13;&#10;&#9;&#9;List&lt;String&gt; rtn = new ArrayList&lt;String&gt;();&#13;&#10;&#13;&#10;&#9;&#9;rtn.add(Settler);&#13;&#10;&#9;&#9;rtn.add(Builder);&#13;&#10;&#9;&#9;rtn.add(Craftsman);&#13;&#10;&#9;&#9;rtn.add(Trader);&#13;&#10;&#9;&#9;rtn.add(Captain);&#13;&#10;&#9;&#9;rtn.add(Prospector);&#13;&#10;&#9;&#9;rtn.add(Mayor);&#13;&#10;&#13;&#10;&#9;&#9;return rtn;&#13;&#10;&#9;}&#13;&#10;}&#13;&#10;" Filename="PlayerRoles.java" Intrnl_Id="2"/>
<SrcFile Content="package csse376_puerto_rico;&#13;&#10;&#13;&#10;import java.util.ArrayList;&#13;&#10;import java.util.Arrays;&#13;&#10;import java.util.HashMap;&#13;&#10;import java.util.List;&#13;&#10;&#13;&#10;import javax.swing.JTextArea;&#13;&#10;&#13;&#10;import csse376_puerto_rico.Buildings.Building;&#13;&#10;&#13;&#10;public class Player {&#13;&#10;&#13;&#10;&#9;private int pNum;&#13;&#10;&#9;private int doubloons;&#13;&#10;&#9;private String role;&#13;&#10;&#9;private JTextArea hud;&#13;&#10;&#9;public boolean isTurn;&#13;&#10;&#9;public boolean isGovernor;&#13;&#10;&#9;private int points = 0;&#13;&#10;&#13;&#10;&#9;private ArrayList&lt;Building&gt; buildings = new ArrayList&lt;Building&gt;();&#13;&#10;&#13;&#10;&#9;public static class Good {&#13;&#10;&#9;&#9;public static final String COFFEE = &quot;Coffee&quot;;&#13;&#10;&#9;&#9;public static final String TOBACCO = &quot;Tobacco&quot;;&#13;&#10;&#9;&#9;public static final String CORN = &quot;Corn&quot;;&#13;&#10;&#9;&#9;public static final String SUGAR = &quot;Sugar&quot;;&#13;&#10;&#9;&#9;public static final String INDIGO = &quot;Indigo&quot;;&#13;&#10;&#9;}&#13;&#10;&#13;&#10;&#9;public static class Plantation {&#13;&#10;&#9;&#9;public String good;&#13;&#10;&#9;&#9;public boolean hasWorker;&#13;&#10;&#13;&#10;&#9;&#9;public Plantation(String good, boolean hasWorker) {&#13;&#10;&#9;&#9;&#9;this.good = good;&#13;&#10;&#9;&#9;&#9;this.hasWorker = hasWorker;&#13;&#10;&#9;&#9;}&#13;&#10;&#9;}&#13;&#10;&#13;&#10;&#9;private ArrayList&lt;Plantation&gt; plantations = new ArrayList&lt;Plantation&gt;();&#13;&#10;&#9;private HashMap&lt;String, Integer&gt; goods = new HashMap&lt;String, Integer&gt;();&#13;&#10;&#9;private static List&lt;String&gt; roles = PlayerRoles.getValues();&#13;&#10;&#13;&#10;&#9;// For Testing purposes, null player&#13;&#10;&#9;public Player() {&#13;&#10;&#9;&#9;this.doubloons = 0;&#13;&#10;&#9;&#9;this.pNum = 0;&#13;&#10;&#9;&#9;this.role = &quot;&quot;;&#13;&#10;&#9;&#9;this.isGovernor = false;&#13;&#10;&#9;&#9;this.hud = new JTextArea();&#13;&#10;&#9;&#9;for (String s : this.getAllGoods()) {&#13;&#10;&#9;&#9;&#9;this.goods.put(s, 0);&#13;&#10;&#9;&#9;}&#13;&#10;&#9;}&#13;&#10;&#13;&#10;&#9;public Player(String role) {&#13;&#10;&#9;&#9;this.role = role;&#13;&#10;&#9;&#9;this.doubloons = 0;&#13;&#10;&#9;&#9;this.isGovernor = false;&#13;&#10;&#9;&#9;this.isTurn = false;&#13;&#10;&#9;&#9;this.hud = null;&#13;&#10;&#9;&#9;for (String s : this.getAllGoods()) {&#13;&#10;&#9;&#9;&#9;this.goods.put(s, 0);&#13;&#10;&#9;&#9;}&#13;&#10;&#9;}&#13;&#10;&#13;&#10;&#9;public void setPlayerNum(int i) {&#13;&#10;&#9;&#9;this.pNum = i;&#13;&#10;&#13;&#10;&#9;}&#13;&#10;&#13;&#10;&#9;public int getPlayerNum() {&#13;&#10;&#9;&#9;return this.pNum;&#13;&#10;&#9;}&#13;&#10;&#13;&#10;&#9;public String getRole() {&#13;&#10;&#9;&#9;return this.role;&#13;&#10;&#9;}&#13;&#10;&#13;&#10;&#9;public static List&lt;String&gt; getRoles() {&#13;&#10;&#13;&#10;&#9;&#9;return roles;&#13;&#10;&#9;}&#13;&#10;&#13;&#10;&#9;public int getPoints() {&#13;&#10;&#9;&#9;return points;&#13;&#10;&#9;}&#13;&#10;&#13;&#10;&#9;public JTextArea getHUD() {&#13;&#10;&#9;&#9;return this.hud;&#13;&#10;&#9;}&#13;&#10;&#13;&#10;&#9;public void setHUD(JTextArea hud) {&#13;&#10;&#9;&#9;this.hud = hud;&#13;&#10;&#9;}&#13;&#10;&#13;&#10;&#9;public boolean isGovernor() {&#13;&#10;&#9;&#9;return isGovernor;&#13;&#10;&#9;}&#13;&#10;&#13;&#10;&#9;public void addPoints(int addition) {&#13;&#10;&#9;&#9;this.points = this.points + addition;&#13;&#10;&#9;}&#13;&#10;&#13;&#10;&#9;// Test method&#13;&#10;&#9;public void setPoints(int points) {&#13;&#10;&#9;&#9;// This method is strictly for setting points&#13;&#10;&#9;&#9;this.points = points;&#13;&#10;&#9;}&#13;&#10;&#13;&#10;&#9;public void setRole(String string) {&#13;&#10;&#9;&#9;this.role = string;&#13;&#10;&#9;}&#13;&#10;&#13;&#10;&#9;public void addBuilding(Building building) {&#13;&#10;&#9;&#9;buildings.add(building);&#13;&#10;&#9;}&#13;&#10;&#13;&#10;&#9;public ArrayList&lt;String&gt; getBuildingsStringList() {&#13;&#10;&#9;&#9;ArrayList&lt;String&gt; rtn = new ArrayList&lt;String&gt;();&#13;&#10;&#9;&#9;for (Building b : this.buildings) {&#13;&#10;&#9;&#9;&#9;rtn.add(b.name);&#13;&#10;&#9;&#9;}&#13;&#10;&#9;&#9;return rtn;&#13;&#10;&#9;}&#13;&#10;&#13;&#10;&#9;public ArrayList&lt;Building&gt; getBuildings() {&#13;&#10;&#9;&#9;return this.buildings;&#13;&#10;&#9;}&#13;&#10;&#13;&#10;&#9;public List&lt;String&gt; getGoods() {&#13;&#10;&#9;&#9;//&#13;&#10;&#9;&#9;List&lt;String&gt; rtn = new ArrayList&lt;String&gt;();&#13;&#10;&#9;&#9;String coffee = &quot;Coffee: &quot;&#13;&#10;&#9;&#9;&#9;&#9;+ Integer.toString((getNumberOfGood(&quot;Coffee&quot;)));&#13;&#10;&#9;&#9;String tobacco = &quot;Tobacco: &quot;&#13;&#10;&#9;&#9;&#9;&#9;+ Integer.toString((getNumberOfGood(&quot;Tobacco&quot;)));&#13;&#10;&#9;&#9;String corn = &quot;Corn: &quot; + Integer.toString((getNumberOfGood(&quot;Corn&quot;)));&#13;&#10;&#9;&#9;String sugar = &quot;Sugar: &quot; + Integer.toString((getNumberOfGood(&quot;Sugar&quot;)));&#13;&#10;&#9;&#9;String indigo = &quot;Indigo: &quot;&#13;&#10;&#9;&#9;&#9;&#9;+ Integer.toString((getNumberOfGood(&quot;Indigo&quot;)));&#13;&#10;&#9;&#9;rtn.addAll(Arrays.asList(coffee, corn, tobacco, sugar, indigo));&#13;&#10;&#9;&#9;return rtn;&#13;&#10;&#9;}&#13;&#10;&#13;&#10;&#9;public int getNumberOfGood(String good) {&#13;&#10;&#9;&#9;// added case where there were no goods&#13;&#10;&#9;&#9;if (this.goods.get(good) == null) {&#13;&#10;&#9;&#9;&#9;return 0;&#13;&#10;&#9;&#9;}&#13;&#10;&#9;&#9;return this.goods.get(good);&#13;&#10;&#13;&#10;&#9;}&#13;&#10;&#13;&#10;&#9;public List&lt;String&gt; getAllGoods() {&#13;&#10;&#9;&#9;List&lt;String&gt; rtn = new ArrayList&lt;String&gt;();&#13;&#10;&#9;&#9;rtn.addAll(Arrays.asList(Good.COFFEE, Good.CORN, Good.INDIGO,&#13;&#10;&#9;&#9;&#9;&#9;Good.SUGAR, Good.TOBACCO));&#13;&#10;&#9;&#9;return rtn;&#13;&#10;&#9;}&#13;&#10;&#13;&#10;&#9;public void addGood(String good, int number) {&#13;&#10;&#9;&#9;// adds the number to the original&#13;&#10;&#9;&#9;this.goods.put(good, this.goods.get(good) + number);&#13;&#10;&#9;}&#13;&#10;&#13;&#10;&#9;@Override&#13;&#10;&#9;public String toString() {&#13;&#10;&#9;&#9;String rtn = &quot;&quot;;&#13;&#10;&#9;&#9;String buildingList = &quot;&quot;;&#13;&#10;&#9;&#9;String goodsList = this.getGoods().toString();&#13;&#10;&#9;&#9;String plantationList = &quot;&quot;;&#13;&#10;&#9;&#9;for (int i = 0; i &lt; this.buildings.size(); i++) {&#13;&#10;&#9;&#9;&#9;buildingList = buildingList + &quot; &quot; + this.buildings.get(i).name;&#13;&#10;&#9;&#9;}&#13;&#10;&#9;&#9;for (int i = 0; i &lt; this.plantations.size(); i++) {&#13;&#10;&#9;&#9;&#9;plantationList += this.plantations.get(i).good;&#13;&#10;&#9;&#9;}&#13;&#10;&#9;&#9;if (isGovernor) {&#13;&#10;&#9;&#9;&#9;rtn = String&#13;&#10;&#9;&#9;&#9;&#9;&#9;.format(&quot;Player %d \nRole: %s \nScore: %d \nBuilding: %s \nPlantation: %s \nGoods: %s \nGovernor&quot;,&#13;&#10;&#9;&#9;&#9;&#9;&#9;&#9;&#9;pNum, role, points, buildingList, plantationList,&#13;&#10;&#9;&#9;&#9;&#9;&#9;&#9;&#9;goodsList);&#13;&#10;&#9;&#9;} else {&#13;&#10;&#9;&#9;&#9;rtn = String&#13;&#10;&#9;&#9;&#9;&#9;&#9;.format(&quot;Player %d \nRole: %s \nScore: %d \nBuilding: %s \nPlantation: %s \nGoods: %s&quot;,&#13;&#10;&#9;&#9;&#9;&#9;&#9;&#9;&#9;pNum, role, points, buildingList, plantationList,&#13;&#10;&#9;&#9;&#9;&#9;&#9;&#9;&#9;goodsList);&#13;&#10;&#9;&#9;}&#13;&#10;&#9;&#9;return rtn;&#13;&#10;&#9;}&#13;&#10;&#13;&#10;&#9;public void updatePlayerInfo() {&#13;&#10;&#9;&#9;this.hud.setText(this.toString());&#13;&#10;&#9;}&#13;&#10;&#13;&#10;&#9;public ArrayList&lt;Plantation&gt; getPlantations() {&#13;&#10;&#9;&#9;return this.plantations;&#13;&#10;&#9;}&#13;&#10;&#13;&#10;&#9;public ArrayList&lt;String&gt; getPlantationsStringList() {&#13;&#10;&#9;&#9;ArrayList&lt;String&gt; rtn = new ArrayList&lt;String&gt;();&#13;&#10;&#9;&#9;for (Plantation p : this.plantations) {&#13;&#10;&#9;&#9;&#9;rtn.add(p.good);&#13;&#10;&#9;&#9;}&#13;&#10;&#9;&#9;return rtn;&#13;&#10;&#9;}&#13;&#10;&#13;&#10;&#9;// Only used by the Craftsman: checks if the plantation has a worker and&#13;&#10;&#9;// adds one&#13;&#10;&#9;// to the respective good count&#13;&#10;&#9;public void checkPlantation() {&#13;&#10;&#9;&#9;for (Plantation p : this.plantations) {&#13;&#10;&#9;&#9;&#9;if (p.hasWorker) {&#13;&#10;&#9;&#9;&#9;&#9;// Building condition here&#13;&#10;&#9;&#9;&#9;&#9;this.addGood(p.good, 1);&#13;&#10;&#9;&#9;&#9;}&#13;&#10;&#9;&#9;}&#13;&#10;&#9;}&#13;&#10;&#9;&#13;&#10;&#9;public int getDoubloons()&#13;&#10;&#9;{&#13;&#10;&#9;&#9;return this.doubloons;&#13;&#10;&#9;}&#13;&#10;&#9;&#13;&#10;&#9;public void setDoubloons(int add)&#13;&#10;&#9;{&#13;&#10;&#9;&#9;this.doubloons = add;&#13;&#10;&#9;}&#13;&#10;&#13;&#10;}&#13;&#10;" Filename="Player.java" Intrnl_Id="3"/>
<SrcFile Content="package csse376_puerto_rico;&#13;&#10;&#13;&#10;import java.awt.event.ActionEvent;&#13;&#10;import java.awt.event.ActionListener;&#13;&#10;import java.util.ArrayList;&#13;&#10;import java.util.List;&#13;&#10;&#13;&#10;import javax.swing.JButton;&#13;&#10;&#13;&#10;public class NextMoveButton extends JButton &#13;&#10;{&#13;&#10;&#9;private List&lt;Player&gt; players;&#13;&#10;&#9;public NextMoveButton()&#13;&#10;&#9;{&#13;&#10;&#9;&#9;players = GameBoardGUI.players;&#13;&#10;&#9;&#9;final ArrayList&lt;Integer&gt; count = new ArrayList&lt;Integer&gt;();&#13;&#10;&#9;&#9;final Integer zero = 0;&#13;&#10;&#9;&#9;count.add(zero);&#13;&#10;&#9;&#9;this.addActionListener(new ActionListener() {&#13;&#10;&#9;&#9;&#9;&#13;&#10;&#9;&#9;&#9;@Override&#13;&#10;&#9;&#9;&#9;public void actionPerformed(ActionEvent e) {&#13;&#10;&#9;&#9;&#9;&#9;Integer newCount = count.get(0);&#13;&#10;&#9;&#9;&#9;&#9;newCount = newCount +1;&#13;&#10;&#9;&#9;&#9;&#9;count.remove(0);&#13;&#10;&#9;&#9;&#9;&#9;count.add(newCount);&#13;&#10;&#9;&#9;&#9;&#9;if(newCount &gt; 0 &amp;&amp; newCount % players.size() ==0)&#13;&#10;&#9;&#9;&#9;&#9;{&#13;&#10;&#9;&#9;&#9;&#9;&#9;Integer finalCount = newCount/players.size();&#13;&#10;&#9;&#9;&#9;&#9;&#9;setText(&quot;Turn &quot; +finalCount.toString());&#13;&#10;&#9;&#9;&#9;&#9;}&#13;&#10;&#9;&#9;&#9;&#9;&#13;&#10;&#9;&#9;&#9;&#9;makeMove();&#13;&#10;&#9;&#9;&#9;}&#13;&#10;&#9;&#9;});&#13;&#10;&#9;}&#13;&#10;&#9;public void makeMove()&#13;&#10;&#9;{&#13;&#10;&#9;&#9;//once you find the first true isTurn value, &#13;&#10;&#9;&#9;//you should set it off to mark that player's turn has ended&#13;&#10;&#9;&#9;//then you mark the next player's turn has started by turning its isTurn value as true&#13;&#10;&#9;&#9;//once these changes are made, this new players list replaces the mainboard's player's list&#13;&#10;&#9;&#9;for(int i=0;i&lt;players.size();i++)&#13;&#10;&#9;&#9;{&#13;&#10;&#9;&#9;&#9;if(players.get(i).isTurn)&#13;&#10;&#9;&#9;&#9;{&#13;&#10;&#9;&#9;&#9;&#9;players.get(i).isTurn = false;&#13;&#10;&#9;&#9;&#9;&#9;if(i == players.size()-1)&#13;&#10;&#9;&#9;&#9;&#9;{&#13;&#10;&#9;&#9;&#9;&#9;&#9;players.get(0).isTurn = true;&#13;&#10;&#9;&#9;&#9;&#9;}&#13;&#10;&#9;&#9;&#9;&#9;else&#13;&#10;&#9;&#9;&#9;&#9;{&#13;&#10;&#9;&#9;&#9;&#9;&#9;players.get(i+1).isTurn = true;&#13;&#10;&#9;&#9;&#9;&#9;}&#13;&#10;&#9;&#9;&#9;&#9;break;&#13;&#10;&#9;&#9;&#9;}&#13;&#10;&#9;&#9;}&#13;&#10;&#9;&#9;GameBoardGUI.players = players;&#13;&#10;&#9;}&#13;&#10;}&#13;&#10;&#13;&#10;&#9;&#13;&#10;&#13;&#10;" Filename="NextMoveButton.java" Intrnl_Id="4"/>
<SrcFile Content="package csse376_puerto_rico;&#13;&#10;&#13;&#10;import java.awt.BorderLayout;&#13;&#10;import java.awt.Image;&#13;&#10;&#13;&#10;import javax.swing.ImageIcon;&#13;&#10;import javax.swing.JButton;&#13;&#10;import javax.swing.JFrame;&#13;&#10;import javax.swing.JLabel;&#13;&#10;import javax.swing.JPanel;&#13;&#10;&#13;&#10;import net.miginfocom.swing.MigLayout;&#13;&#10;&#13;&#10;public class MenuGUI {&#13;&#10;&#9;/**&#13;&#10;     * Mainframe.&#13;&#10;     */&#13;&#10;     JFrame mainframe = new JFrame();&#13;&#10;     &#13;&#10;     /**&#13;&#10;     * Constructs the Menu.&#13;&#10;     * &#13;&#10;     */&#13;&#10;     public MenuGUI() {&#13;&#10;           this.mainframe.setTitle(&quot;Puerto Rico&quot;);&#13;&#10;           this.mainframe.setSize(1366, 800);&#13;&#10;           this.mainframe.setVisible(true);&#13;&#10;           this.mainframe.setDefaultCloseOperation(JFrame.EXIT_ON_CLOSE);&#13;&#10;//           this.mainframe.setResizable(false);&#13;&#10;//           MigLayout layout = new MigLayout();&#13;&#10;//   &#9;&#9;   this.mainframe.setLayout(layout);&#13;&#10;           &#13;&#10;           JPanel imgPanel = new JPanel();&#13;&#10;           JPanel buttonPanel = new JPanel();&#13;&#10;           &#13;&#10;           String imageLoc = &quot;puerto-ricosmall.jpg&quot;;&#13;&#10;           ImageIcon imageIcon = new ImageIcon(imageLoc);&#13;&#10;           &#13;&#10;           imgPanel.add(new JLabel(imageIcon));&#13;&#10;           &#13;&#10;           JButton newGame = new JButton(&quot;New Game&quot;);&#13;&#10;           newGame.addActionListener(new ButtonHandler(mainframe, null));&#13;&#10;           JButton quit = new JButton(&quot;Quit&quot;);&#13;&#10;           &#13;&#10;           buttonPanel.add(newGame);&#13;&#10;           buttonPanel.add(quit);&#13;&#10;           &#13;&#10;           this.mainframe.add(imgPanel, BorderLayout.NORTH);&#13;&#10;           this.mainframe.add(buttonPanel, BorderLayout.SOUTH);&#13;&#10;     }&#13;&#10;&#13;&#10;}&#13;&#10;" Filename="MenuGUI.java" Intrnl_Id="5"/>
<SrcFile Content="package csse376_puerto_rico;&#10;&#10;public class Main {&#10;&#9;/**&#10;&#9; * @param args&#10;&#9; * &#10;&#9; * &#10;&#9; */&#10;&#9;public static void main(String[] args) {&#10;&#9;&#9;new MenuGUI();&#10;&#9;}&#10;}&#10;" Filename="Main.java" Intrnl_Id="6"/>
<SrcFile Content="package csse376_puerto_rico;&#13;&#10;&#13;&#10;import java.awt.event.ActionEvent;&#13;&#10;import java.awt.event.ActionListener;&#13;&#10;import java.util.ArrayList;&#13;&#10;import java.util.List;&#13;&#10;&#13;&#10;import javax.swing.JButton;&#13;&#10;import javax.swing.JTextArea;&#13;&#10;&#13;&#10;public class GoodsButton extends JButton &#13;&#10;{&#13;&#10;&#9;private List&lt;Player&gt; players;&#13;&#10;&#9;private String goodsName;&#13;&#10;&#9;private JTextArea msgBar;&#13;&#10;&#9;private GameBoardGUI gbGUI;&#13;&#10;&#9;public GoodsButton(String good, GameBoardGUI gbg)&#13;&#10;&#9;{&#13;&#10;&#9;&#9;gbGUI = gbg;&#13;&#10;&#9;&#9;goodsName = good;&#13;&#10;&#9;&#9;setText(goodsName);&#13;&#10;&#9;&#9;players = gbg.players;&#13;&#10;&#9;&#9;msgBar = gbg.msgBar;&#13;&#10;&#9;&#9;this.addActionListener(new ActionListener() {&#13;&#10;&#9;&#9;&#9;&#13;&#10;&#9;&#9;&#9;@Override&#13;&#10;&#9;&#9;&#9;public void actionPerformed(ActionEvent e) &#13;&#10;&#9;&#9;&#9;{&#13;&#10;&#9;&#9;&#9;&#13;&#10;&#9;&#9;&#9;&#9;&#9;for(int i=0;i&lt;players.size();i++)&#13;&#10;&#9;&#9;&#9;&#9;&#9;{&#13;&#10;&#9;&#9;&#9;&#9;&#9;&#9;int playerNumber = i+1;&#13;&#10;&#9;&#9;&#9;&#9;&#9;&#9;System.out.println( &quot;Player &quot;+playerNumber+&quot;: &quot;+ players.get(i).getGoods());&#13;&#10;&#9;&#9;&#9;&#9;&#9;&#9;players.get(i).addGood(goodsName, 1);&#13;&#10;&#9;&#9;&#9;&#9;&#9;&#9;gbGUI.updateMsgBar(&quot;You pressed a button&quot;);&#13;&#10;&#9;&#9;&#9;&#9;&#9;}&#13;&#10;&#9;&#9;&#9;}&#13;&#10;&#9;&#9;});&#13;&#10;&#9;&#9;&#13;&#10;&#9;&#9;GameBoardGUI.players = players;&#13;&#10;&#9;}&#13;&#10;}&#13;&#10;" Filename="GoodsButton.java" Intrnl_Id="7"/>
<SrcFile Content="package csse376_puerto_rico;&#13;&#10;&#13;&#10;import java.util.ArrayList;&#13;&#10;import java.util.HashMap;&#13;&#10;import java.util.List;&#13;&#10;&#13;&#10;import csse376_puerto_rico.Buildings.Building;&#13;&#10;import csse376_puerto_rico.Player.Plantation;&#13;&#10;&#13;&#10;public class GameState {&#13;&#10;&#13;&#10;&#9;private HashMap&lt;String, Integer&gt; goods = new HashMap&lt;String, Integer&gt;();&#13;&#10;&#9;public int colonistsTotal;&#13;&#10;&#9;public int colonistsOnBoard;&#13;&#10;&#9;public int cargoship4 = 0;&#13;&#10;&#9;public String cargoship4Good;&#13;&#10;&#9;public int cargoship5 = 0;&#13;&#10;&#9;public String cargoship5Good;&#13;&#10;&#9;public int cargoship6 = 0;&#13;&#10;&#9;public String cargoship6Good;&#13;&#10;&#9;public boolean isGameEndState = false;&#13;&#10;&#9;public int doubloons;&#13;&#10;&#9;private int numOfPlayers;&#13;&#10;&#9;private List&lt;Player&gt; players;&#13;&#10;&#13;&#10;&#9;public static final int ERROR = -99;&#13;&#10;&#13;&#10;&#9;public GameState() {&#13;&#10;&#13;&#10;&#9;&#9;// for testing purposes&#13;&#10;&#9;&#9;// goods&#13;&#10;&#9;&#9;goods.put(Player.Good.COFFEE, 0);&#13;&#10;&#9;&#9;goods.put(Player.Good.CORN, 0);&#13;&#10;&#9;&#9;goods.put(Player.Good.INDIGO, 0);&#13;&#10;&#9;&#9;goods.put(Player.Good.SUGAR, 0);&#13;&#10;&#9;&#9;goods.put(Player.Good.TOBACCO, 0);&#13;&#10;&#13;&#10;&#9;&#9;// colonists&#13;&#10;&#13;&#10;&#9;&#9;colonistsTotal = 0;&#13;&#10;&#9;&#9;colonistsOnBoard = 0;&#13;&#10;&#9;&#9;// ships&#13;&#10;&#13;&#10;&#9;&#9;// doubloons&#13;&#10;&#9;&#9;doubloons = 0;&#13;&#10;&#13;&#10;&#9;}&#13;&#10;&#13;&#10;&#9;public GameState(List&lt;Player&gt; players2) {&#13;&#10;&#13;&#10;&#9;&#9;// TODO: game start state - Min&#13;&#10;&#9;&#9;// goods&#13;&#10;&#9;&#9;goods.put(Player.Good.COFFEE, 0);&#13;&#10;&#9;&#9;goods.put(Player.Good.CORN, 0);&#13;&#10;&#9;&#9;goods.put(Player.Good.INDIGO, 0);&#13;&#10;&#9;&#9;goods.put(Player.Good.SUGAR, 0);&#13;&#10;&#9;&#9;goods.put(Player.Good.TOBACCO, 0);&#13;&#10;&#13;&#10;&#9;&#9;// colonists&#13;&#10;&#9;&#9;this.players = players2;&#13;&#10;&#9;&#9;numOfPlayers = players2.size();&#13;&#10;&#9;&#9;colonistsOnBoard = numOfPlayers;&#13;&#10;&#9;&#9;if (numOfPlayers == 3) {&#13;&#10;&#9;&#9;&#9;colonistsTotal = 55;&#13;&#10;&#9;&#9;} else if (numOfPlayers == 4) {&#13;&#10;&#9;&#9;&#9;colonistsTotal = 75;&#13;&#10;&#9;&#9;} else if (numOfPlayers == 5) {&#13;&#10;&#9;&#9;&#9;colonistsTotal = 95;&#13;&#10;&#9;&#9;}&#13;&#10;&#9;&#9;// ships&#13;&#10;&#13;&#10;&#9;&#9;// doubloons&#13;&#10;&#9;&#9;doubloons = 0;&#13;&#10;&#13;&#10;&#9;}&#13;&#10;&#13;&#10;&#9;public int getGood(String good) {&#13;&#10;&#13;&#10;&#9;&#9;return goods.get(good);&#13;&#10;&#9;}&#13;&#10;&#13;&#10;&#9;public void addGood(String good) {&#13;&#10;&#13;&#10;&#9;&#9;goods.put(good, goods.get(good) + 1);&#13;&#10;&#9;}&#13;&#10;&#13;&#10;&#9;public int getColonistsOnBoard() {&#13;&#10;&#9;&#9;//&#13;&#10;&#9;&#9;return colonistsOnBoard;&#13;&#10;&#9;}&#13;&#10;&#13;&#10;&#9;public int getColonistsTotal() {&#13;&#10;&#9;&#9;//&#13;&#10;&#9;&#9;return colonistsTotal;&#13;&#10;&#9;}&#13;&#10;&#13;&#10;&#9;public void addColonistsToBoard() {&#13;&#10;&#9;&#9;/**&#13;&#10;&#9;&#9; * For each empty circle on the buildings on the player boards of all&#13;&#10;&#9;&#9; * players (empty circles on plantations and quarries do not count!),&#13;&#10;&#9;&#9; * the mayor takes one colonist from the colonist supply and places it&#13;&#10;&#9;&#9; * on the colonist ship. However, as a minimum, the mayor should always&#13;&#10;&#9;&#9; * place at least as many colonists on the ship as there are players in&#13;&#10;&#9;&#9; * the game.&#13;&#10;&#9;&#9; */&#13;&#10;&#9;&#9;int temp = 0;&#13;&#10;&#9;&#9;for (Player player : players) {&#13;&#10;&#9;&#9;&#9;for (Building b : player.getBuildings()) {&#13;&#10;&#9;&#9;&#9;&#9;temp += b.numberOfJobs - b.numberOfWorkers;&#13;&#10;&#9;&#9;&#9;}&#13;&#10;&#9;&#9;&#9;for (Plantation p : player.getPlantations()) {&#13;&#10;&#9;&#9;&#9;&#9;if (!p.hasWorker) {&#13;&#10;&#9;&#9;&#9;&#9;&#9;temp += 1;&#13;&#10;&#9;&#9;&#9;&#9;}&#13;&#10;&#9;&#9;&#9;}&#13;&#10;&#9;&#9;}&#13;&#10;&#9;&#9;if (temp &lt; numOfPlayers) {&#13;&#10;&#9;&#9;&#9;colonistsOnBoard = numOfPlayers;&#13;&#10;&#9;&#9;} else {&#13;&#10;&#9;&#9;&#9;colonistsOnBoard = temp;&#13;&#10;&#9;&#9;}&#13;&#10;&#9;}&#13;&#10;&#13;&#10;&#9;/**&#13;&#10;&#9; * &#13;&#10;&#9; * returns leftover, if 99 then that means it is an error or wrong good on&#13;&#10;&#9; * cargo&#13;&#10;&#9; * &#13;&#10;&#9; * @param shipNum&#13;&#10;&#9; * @param goodNum&#13;&#10;&#9; * @param good&#13;&#10;&#9; * @return int&#13;&#10;&#9; *&#13;&#10;&#9; */&#13;&#10;&#9;public int addGoodToCargoShip(int shipNum, int goodNum, String good) {&#13;&#10;&#9;&#9;int leftover = 0;&#13;&#10;&#9;&#9;switch (shipNum) {&#13;&#10;&#9;&#9;case 4:&#13;&#10;&#9;&#9;&#9;if (cargoship4 == 0 || (cargoship4 &lt; 4 &amp;&amp; cargoship4Good.equals(good))) {&#13;&#10;&#9;&#9;&#9;&#9;leftover = cargoship4 + goodNum - 4;&#13;&#10;&#9;&#9;&#9;} else {&#13;&#10;&#9;&#9;&#9;&#9;leftover = ERROR;&#13;&#10;&#9;&#9;&#9;}&#13;&#10;&#9;&#9;&#9;break;&#13;&#10;&#9;&#9;case 5:&#13;&#10;&#9;&#9;&#9;if (cargoship5 == 0 ||(cargoship5 &lt; 5 &amp;&amp; cargoship5Good.equals(good))) {&#13;&#10;&#9;&#9;&#9;&#9;leftover = cargoship4 + goodNum - 5;&#13;&#10;&#9;&#9;&#9;} else {&#13;&#10;&#9;&#9;&#9;&#9;leftover = ERROR;&#13;&#10;&#9;&#9;&#9;}&#13;&#10;&#9;&#9;&#9;break;&#13;&#10;&#9;&#9;case 6:&#13;&#10;&#9;&#9;&#9;if (cargoship6 == 0 ||(cargoship6 &lt; 6 &amp;&amp; cargoship6Good.equals(good))) {&#13;&#10;&#9;&#9;&#9;&#9;leftover = cargoship6 + goodNum - 6;&#13;&#10;&#9;&#9;&#9;} else {&#13;&#10;&#9;&#9;&#9;&#9;leftover = ERROR;&#13;&#10;&#9;&#9;&#9;}&#13;&#10;&#9;&#9;&#9;break;&#13;&#10;&#9;&#9;default:&#13;&#10;&#9;&#9;&#9;break;&#13;&#10;&#9;&#9;}&#13;&#10;&#9;&#9;return leftover;&#13;&#10;&#9;}&#13;&#10;&#13;&#10;&#9;public boolean isGameEndState() {&#13;&#10;&#9;&#9;&#13;&#10;&#9;&#9;return isGameEndState;&#13;&#10;&#9;}&#13;&#10;&#13;&#10;&#9;public void updateAtEndOfTurn() {&#13;&#10;&#9;&#9;addColonistsToBoard();&#13;&#10;&#9;&#9;&#13;&#10;&#9;&#9;//Must ship these&#13;&#10;&#9;&#9;if (cargoship4 == 4) {&#13;&#10;&#9;&#9;&#9;cargoship4 = 0;&#13;&#10;&#9;&#9;}&#13;&#10;&#9;&#9;if (cargoship5 == 5) {&#13;&#10;&#9;&#9;&#9;cargoship5 = 0;&#13;&#10;&#9;&#9;}&#13;&#10;&#9;&#9;if (cargoship6 == 6) {&#13;&#10;&#9;&#9;&#9;cargoship6 = 0;&#13;&#10;&#9;&#9;}&#13;&#10;&#9;}&#13;&#10;&#13;&#10;}&#13;&#10;" Filename="GameState.java" Intrnl_Id="8"/>
<SrcFile Content="package csse376_puerto_rico;&#13;&#10;&#13;&#10;import java.awt.Color;&#13;&#10;import java.util.ArrayList;&#13;&#10;import java.util.Enumeration;&#13;&#10;import java.util.List;&#13;&#10;&#13;&#10;import javax.swing.AbstractButton;&#13;&#10;import javax.swing.ButtonGroup;&#13;&#10;import javax.swing.JFrame;&#13;&#10;import javax.swing.JOptionPane;&#13;&#10;import javax.swing.JTextArea;&#13;&#10;&#13;&#10;import net.miginfocom.swing.MigLayout;&#13;&#10;import csse376_puerto_rico.Buildings.Building;&#13;&#10;import csse376_puerto_rico.Player.Plantation;&#13;&#10;&#13;&#10;public class GameBoardGUI {&#13;&#10;&#13;&#10;&#9;private JFrame mainframe;&#13;&#10;&#9;public static List&lt;Player&gt; players;&#13;&#10;&#9;public static JTextArea msgBar;&#13;&#10;&#9;public static JTextArea gameStateInfo;&#13;&#10;&#9;// public static ArrayList&lt;JPanel&gt; playerCards;&#13;&#10;&#9;private ButtonGroup bGroup;&#13;&#10;&#9;private static int turnCount;&#13;&#10;&#9;private GameState gameState;&#13;&#10;&#13;&#10;&#9;public GameBoardGUI() {&#13;&#10;&#9;&#9;// For testing purposes.&#13;&#10;&#9;&#9;this.msgBar = new JTextArea();&#13;&#10;&#9;&#9;this.gameStateInfo = new JTextArea();&#13;&#10;&#9;&#9;this.players = new ArrayList&lt;Player&gt;();&#13;&#10;&#9;&#9;this.mainframe = new JFrame();&#13;&#10;&#9;&#9;this.gameState = new GameState();&#13;&#10;&#9;}&#13;&#10;&#13;&#10;&#9;public GameBoardGUI(JFrame frame, ButtonGroup group) {&#13;&#10;&#9;&#9;this.players = new ArrayList&lt;Player&gt;();&#13;&#10;&#9;&#9;this.mainframe = frame;&#13;&#10;&#9;&#9;this.mainframe.setTitle(&quot;Puerto Rico&quot;);&#13;&#10;&#9;&#9;this.mainframe.getContentPane().removeAll();&#13;&#10;&#9;&#9;this.mainframe.getContentPane().revalidate();&#13;&#10;&#9;&#9;this.mainframe.setBackground(Color.GREEN);&#13;&#10;&#9;&#9;MigLayout layout = new MigLayout();&#13;&#10;&#9;&#9;this.mainframe.setLayout(layout);&#13;&#10;&#9;&#9;this.bGroup = group;&#13;&#10;&#9;&#9;this.msgBar = new JTextArea();&#13;&#10;&#9;&#9;this.gameStateInfo = new JTextArea();&#13;&#10;&#13;&#10;&#13;&#10;&#9;&#9;String temp = &quot;0&quot;;&#13;&#10;&#9;&#9;for (Enumeration&lt;AbstractButton&gt; buttons = this.bGroup.getElements(); buttons&#13;&#10;&#9;&#9;&#9;&#9;.hasMoreElements();) {&#13;&#10;&#9;&#9;&#9;AbstractButton button = buttons.nextElement();&#13;&#10;&#9;&#9;&#9;if (button.isSelected()) {&#13;&#10;&#9;&#9;&#9;&#9;temp = button.getText();&#13;&#10;&#9;&#9;&#9;}&#13;&#10;&#9;&#9;}&#13;&#10;&#9;&#9;int numberPlayers = Integer.parseInt(temp);&#13;&#10;&#9;&#9;&#13;&#10;&#9;&#9;this.addPlayers(numberPlayers);&#13;&#10;&#9;}&#13;&#10;&#9;&#13;&#10;&#9;private void displayGameState() {&#13;&#10;&#9;&#9;int coffee = this.gameState.getGood(Player.Good.COFFEE);&#13;&#10;&#9;&#9;int corn = this.gameState.getGood(Player.Good.CORN);&#13;&#10;&#9;&#9;int indigo = this.gameState.getGood(Player.Good.INDIGO);&#13;&#10;&#9;&#9;int sugar = this.gameState.getGood(Player.Good.SUGAR);&#13;&#10;&#9;&#9;int tobacco = this.gameState.getGood(Player.Good.TOBACCO);&#13;&#10;&#9;&#9;int colonists = this.gameState.getColonistsOnBoard();&#13;&#10;&#9;&#9;&#13;&#10;&#9;&#9;String parsedInfo = &quot;Coffe: &quot;+coffee+&quot;    Corn: &quot;+corn+&quot;    Indigo: &quot;+indigo+&#13;&#10;&#9;&#9;&#9;&#9;&quot;\nSugar: &quot;+sugar+&quot;        Tobacco: &quot;+tobacco+&#13;&#10;&#9;&#9;&#9;&#9;&quot;\nColonists: &quot;+colonists+&#13;&#10;&#9;&#9;&#9;&#9;&quot;\n&quot;+&#13;&#10;&#9;&#9;&#9;&#9;&quot;\nCargo Ship: &quot;+(4 - this.gameState.cargoship4)+&quot; spots for &quot;+this.gameState.cargoship4Good+&#13;&#10;&#9;&#9;&#9;&#9;&quot;    Cargo Ship: &quot;+(5 - this.gameState.cargoship5)+&quot; spots for &quot;+this.gameState.cargoship5Good+&#13;&#10;&#9;&#9;&#9;&#9;&quot;    Cargo Ship: &quot;+(6 - this.gameState.cargoship6)+&quot; spots for &quot;+this.gameState.cargoship6Good;&#13;&#10;&#9;&#9;gameStateInfo.setColumns(20);&#13;&#10;&#9;&#9;gameStateInfo.setRows(7);&#13;&#10;&#9;&#9;gameStateInfo.setText(parsedInfo);&#13;&#10;&#9;&#9;this.mainframe.add(gameStateInfo, &quot;cell 0 5, span 5&quot;);&#13;&#10;&#9;}&#13;&#10;&#9;&#13;&#10;&#9;private void updateGameStateDisplay(){&#13;&#10;&#9;&#9;int coffee = this.gameState.getGood(Player.Good.COFFEE);&#13;&#10;&#9;&#9;int corn = this.gameState.getGood(Player.Good.CORN);&#13;&#10;&#9;&#9;int indigo = this.gameState.getGood(Player.Good.INDIGO);&#13;&#10;&#9;&#9;int sugar = this.gameState.getGood(Player.Good.SUGAR);&#13;&#10;&#9;&#9;int tobacco = this.gameState.getGood(Player.Good.TOBACCO);&#13;&#10;&#9;&#9;int colonists = this.gameState.getColonistsOnBoard();&#13;&#10;&#9;&#9;&#13;&#10;&#9;&#9;String parsedInfo = &quot;Coffe: &quot;+coffee+&quot;    Corn: &quot;+corn+&quot;    Indigo: &quot;+indigo+&#13;&#10;&#9;&#9;&#9;&#9;&quot;\nSugar: &quot;+sugar+&quot;        Tobacco: &quot;+tobacco+&#13;&#10;&#9;&#9;&#9;&#9;&quot;\nColonists: &quot;+colonists+&#13;&#10;&#9;&#9;&#9;&#9;&quot;\n&quot;+&#13;&#10;&#9;&#9;&#9;&#9;&quot;\nCargo Ship: &quot;+(4 - this.gameState.cargoship4)+&quot; spots for &quot;+this.gameState.cargoship4Good+&#13;&#10;&#9;&#9;&#9;&#9;&quot;    Cargo Ship: &quot;+(5 - this.gameState.cargoship5)+&quot; spots for &quot;+this.gameState.cargoship5Good+&#13;&#10;&#9;&#9;&#9;&#9;&quot;    Cargo Ship: &quot;+(6 - this.gameState.cargoship6)+&quot; spots for &quot;+this.gameState.cargoship6Good;&#13;&#10;&#9;&#9;&#13;&#10;&#9;&#9;gameStateInfo.setText(parsedInfo);&#13;&#10;&#9;}&#13;&#10;&#13;&#10;&#9;private void displayMessageBar() {&#13;&#10;&#9;&#9;msgBar.setColumns(90);&#13;&#10;&#9;&#9;this.mainframe.add(msgBar, &quot;cell 0 0, span &quot; + this.players.size());&#13;&#10;&#9;}&#13;&#10;&#13;&#10;&#9;public List&lt;Player&gt; addPlayers(int numberOfPlayers) {&#13;&#10;&#9;&#9;// this.addPlayerCards(numberOfPlayers);&#13;&#10;&#9;&#9;for (int i = 0; i &lt; numberOfPlayers; i++) {&#13;&#10;&#9;&#9;&#9;Player p = new Player();&#13;&#10;&#9;&#9;&#9;if (i == 0) {&#13;&#10;&#9;&#9;&#9;&#9;p.isGovernor = true;&#13;&#10;&#9;&#9;&#9;}&#13;&#10;&#9;&#9;&#9;p.setPlayerNum(i);&#13;&#10;&#9;&#9;&#9;JTextArea jta = new JTextArea(&quot;Player &quot; + i + &quot;\nRole: &quot;&#13;&#10;&#9;&#9;&#9;&#9;&#9;+ &quot;\nScore: &quot; + p.getPoints() + &quot;\nBuildings:&quot;&#13;&#10;&#9;&#9;&#9;&#9;&#9;+ p.getBuildingsStringList() + &quot;\nPlantations:\n&quot;);&#13;&#10;&#9;&#9;&#9;jta.setRows(15);&#13;&#10;&#9;&#9;&#9;jta.setColumns(15);&#13;&#10;&#9;&#9;&#9;p.setHUD(jta);&#13;&#10;&#9;&#9;&#9;this.players.add(p);&#13;&#10;&#9;&#9;&#9;this.mainframe.add(jta, &quot;cell &quot; + i + &quot; 1&quot;);&#13;&#10;&#13;&#10;&#9;&#9;}&#13;&#10;&#9;&#9;this.gameState = new GameState(this.players);&#13;&#10;&#9;&#9;&#13;&#10;&#9;&#9;displayGameState();&#13;&#10;&#9;&#9;displayMessageBar();&#13;&#10;&#9;&#9;updateRoles();&#13;&#10;&#13;&#10;&#9;&#9;return this.players;&#13;&#10;&#9;}&#13;&#10;&#13;&#10;&#9;public List&lt;Player&gt; getPlayers() {&#13;&#10;&#9;&#9;return this.players;&#13;&#10;&#9;}&#13;&#10;&#13;&#10;&#9;public static int getTurnCount() {&#13;&#10;&#9;&#9;return turnCount;&#13;&#10;&#9;}&#13;&#10;&#13;&#10;&#9;// Will be deleted&#13;&#10;&#9;@Deprecated&#13;&#10;&#9;public String getPlayerText(int playerNum, String role, int points,&#13;&#10;&#9;&#9;&#9;String buildingList, String plantationList, boolean isGovernor) {&#13;&#10;&#9;&#9;String rtn = null;&#13;&#10;&#9;&#9;if (isGovernor) {&#13;&#10;&#9;&#9;&#9;rtn = String&#13;&#10;&#9;&#9;&#9;&#9;&#9;.format(&quot;Player %d \nRole: %s \nScore: %d \nBuilding: %s \nPlantation: %s \nGovernor&quot;,&#13;&#10;&#9;&#9;&#9;&#9;&#9;&#9;&#9;playerNum, role, points, buildingList,&#13;&#10;&#9;&#9;&#9;&#9;&#9;&#9;&#9;plantationList);&#13;&#10;&#13;&#10;&#9;&#9;} else {&#13;&#10;&#9;&#9;&#9;rtn = String&#13;&#10;&#9;&#9;&#9;&#9;&#9;.format(&quot;Player %d \nRole: %s \nScore: %d \nBuilding: %s \nPlantation: %s&quot;,&#13;&#10;&#9;&#9;&#9;&#9;&#9;&#9;&#9;playerNum, role, points, buildingList,&#13;&#10;&#9;&#9;&#9;&#9;&#9;&#9;&#9;plantationList);&#13;&#10;&#13;&#10;&#9;&#9;}&#13;&#10;&#9;&#9;return rtn;&#13;&#10;&#9;}&#13;&#10;&#13;&#10;&#9;public void updateRoles() {&#13;&#10;&#13;&#10;&#9;&#9;Object[] options = Player.getRoles().toArray();&#13;&#10;&#9;&#9;while (!checkEndGame()) {&#13;&#10;&#9;&#9;&#9;options = Player.getRoles().toArray();&#13;&#10;&#9;&#9;&#9;for (int i = 0; i &lt; this.players.size(); i++) {&#13;&#10;&#9;&#9;&#9;&#9;Player player = this.players.get(i);&#13;&#10;&#9;&#9;&#9;&#9;// DONE: Min, make player not able to choose role already chosen&#13;&#10;&#9;&#9;&#9;&#9;// for this turn.&#13;&#10;&#9;&#9;&#9;&#9;int n = JOptionPane.showOptionDialog(this.mainframe,&#13;&#10;&#9;&#9;&#9;&#9;&#9;&#9;&quot;Choose your role!&quot;, &quot;Player &quot; + i,&#13;&#10;&#9;&#9;&#9;&#9;&#9;&#9;JOptionPane.YES_NO_CANCEL_OPTION,&#13;&#10;&#9;&#9;&#9;&#9;&#9;&#9;JOptionPane.QUESTION_MESSAGE, null, options,&#13;&#10;&#9;&#9;&#9;&#9;&#9;&#9;options[options.length - 1]);&#13;&#10;&#9;&#9;&#9;&#9;// in this block of code I had to convert the lists of&#13;&#10;&#9;&#9;&#9;&#9;// buildings,plantations into Strings&#13;&#10;&#13;&#10;&#9;&#9;&#9;&#9;// TODO: move the building, plantation string builder to&#13;&#10;&#9;&#9;&#9;&#9;// getPlayerText method.&#13;&#10;&#9;&#9;&#9;&#9;// kurian&#13;&#10;&#13;&#10;&#9;&#9;&#9;&#9;String role = (String) options[n];&#13;&#10;&#9;&#9;&#9;&#9;player.setRole(role);&#13;&#10;&#13;&#10;&#9;&#9;&#9;&#9;player.updatePlayerInfo();&#13;&#10;&#13;&#10;&#9;&#9;&#9;&#9;playRole(i);&#13;&#10;&#9;&#9;&#9;&#9;&#13;&#10;&#9;&#9;&#9;&#9;// update&#13;&#10;&#9;&#9;&#9;&#9;this.gameState.updateAtEndOfTurn();&#13;&#10;&#9;&#9;&#9;&#9;&#13;&#10;&#9;&#9;&#9;&#9;// removing selected&#13;&#10;&#9;&#9;&#9;&#9;List&lt;Object&gt; temp = new ArrayList&lt;Object&gt;();&#13;&#10;&#9;&#9;&#9;&#9;for (int j = 0; j &lt; options.length; j++) {&#13;&#10;&#9;&#9;&#9;&#9;&#9;if (j != n) {&#13;&#10;&#9;&#9;&#9;&#9;&#9;&#9;temp.add(options[j]);&#13;&#10;&#9;&#9;&#9;&#9;&#9;}&#13;&#10;&#9;&#9;&#9;&#9;}&#13;&#10;&#9;&#9;&#9;&#9;options = temp.toArray();&#13;&#10;&#9;&#9;&#9;}&#13;&#10;&#13;&#10;&#9;&#9;}&#13;&#10;&#13;&#10;&#9;}&#13;&#10;&#13;&#10;&#9;public boolean checkEndGame() {&#13;&#10;&#9;&#9;// checks the end of the game, default to true for testing, otherwise false&#13;&#10;&#9;&#9;return gameState.isGameEndState();&#13;&#10;&#9;}&#13;&#10;&#13;&#10;&#9;public void updateMsgBar(String msg) {&#13;&#10;&#9;&#9;this.msgBar.setText(msg);&#13;&#10;&#9;}&#13;&#10;&#9;&#13;&#10;&#9;&#13;&#10;&#13;&#10;&#9;public void playRole(int roleNum) {&#13;&#10;&#9;&#9;// &#13;&#10;&#9;&#9;Player player = players.get(roleNum);&#13;&#10;&#9;&#9;String role = player.getRole();&#13;&#10;&#13;&#10;&#9;&#9;if (role.equals(PlayerRoles.Mayor)) {&#13;&#10;&#13;&#10;&#9;&#9;&#9;for (int i = 0; i &lt; players.size(); i++) {&#13;&#10;&#9;&#9;&#9;&#9;// TODO: player goes to next person, it should not start with&#13;&#10;&#13;&#10;&#9;&#9;&#9;&#9;player = players.get(roleNum);&#13;&#10;&#13;&#10;&#9;&#9;&#9;&#9;Object[] options = { &quot;Building&quot;, &quot;Plantation&quot;, &quot;Do Nothing&quot; };&#13;&#10;&#9;&#9;&#9;&#9;boolean selected = false;&#13;&#10;&#9;&#9;&#9;&#9;while (!selected) {&#13;&#10;&#9;&#9;&#9;&#9;&#9;int n = JOptionPane&#13;&#10;&#9;&#9;&#9;&#9;&#9;&#9;&#9;.showOptionDialog(&#13;&#10;&#9;&#9;&#9;&#9;&#9;&#9;&#9;&#9;&#9;this.mainframe,&#13;&#10;&#9;&#9;&#9;&#9;&#9;&#9;&#9;&#9;&#9;&quot;Give the colonosists a job! \nChoose a structure.&quot;,&#13;&#10;&#9;&#9;&#9;&#9;&#9;&#9;&#9;&#9;&#9;&quot;Player &quot; + roleNum,&#13;&#10;&#9;&#9;&#9;&#9;&#9;&#9;&#9;&#9;&#9;JOptionPane.YES_NO_CANCEL_OPTION,&#13;&#10;&#9;&#9;&#9;&#9;&#9;&#9;&#9;&#9;&#9;JOptionPane.QUESTION_MESSAGE, null,&#13;&#10;&#9;&#9;&#9;&#9;&#9;&#9;&#9;&#9;&#9;options, options[options.length - 1]);&#13;&#10;&#9;&#9;&#9;&#9;&#9;if (n == 0) {&#13;&#10;&#9;&#9;&#9;&#9;&#9;&#9;ArrayList&lt;String&gt; pBuildingsNames = (ArrayList&lt;String&gt;) player&#13;&#10;&#9;&#9;&#9;&#9;&#9;&#9;&#9;&#9;.getBuildingsStringList().clone();&#13;&#10;&#9;&#9;&#9;&#9;&#9;&#9;pBuildingsNames.add(&quot;Go Back&quot;);&#13;&#10;&#9;&#9;&#9;&#9;&#9;&#9;Object[] temp = pBuildingsNames.toArray();&#13;&#10;&#13;&#10;&#9;&#9;&#9;&#9;&#9;&#9;int buildingNum = JOptionPane&#13;&#10;&#9;&#9;&#9;&#9;&#9;&#9;&#9;&#9;.showOptionDialog(&#13;&#10;&#9;&#9;&#9;&#9;&#9;&#9;&#9;&#9;&#9;&#9;this.mainframe,&#13;&#10;&#9;&#9;&#9;&#9;&#9;&#9;&#9;&#9;&#9;&#9;&quot;Give the colonosists a job! \nChoose a building&quot;,&#13;&#10;&#9;&#9;&#9;&#9;&#9;&#9;&#9;&#9;&#9;&#9;&quot;Player &quot; + (roleNum),&#13;&#10;&#9;&#9;&#9;&#9;&#9;&#9;&#9;&#9;&#9;&#9;JOptionPane.YES_NO_CANCEL_OPTION,&#13;&#10;&#9;&#9;&#9;&#9;&#9;&#9;&#9;&#9;&#9;&#9;JOptionPane.QUESTION_MESSAGE, null,&#13;&#10;&#9;&#9;&#9;&#9;&#9;&#9;&#9;&#9;&#9;&#9;temp, null);&#13;&#10;&#9;&#9;&#9;&#9;&#9;&#9;if (buildingNum != temp.length - 1) {&#13;&#10;&#9;&#9;&#9;&#9;&#9;&#9;&#9;// TODO: need a check on this, adding workers.&#13;&#10;&#9;&#9;&#9;&#9;&#9;&#9;&#9;player.getBuildings().get(buildingNum).numberOfWorkers++;&#13;&#10;&#9;&#9;&#9;&#9;&#9;&#9;&#9;selected = true;&#13;&#10;&#9;&#9;&#9;&#9;&#9;&#9;} else {&#13;&#10;//&#9;&#9;&#9;&#9;&#9;&#9;&#9;updateMsgBar(&quot;You have no buildings&quot;);&#13;&#10;&#9;&#9;&#9;&#9;&#9;&#9;&#9;selected = false;&#13;&#10;&#9;&#9;&#9;&#9;&#9;&#9;}&#13;&#10;&#13;&#10;&#9;&#9;&#9;&#9;&#9;} else if (n == 1) {&#13;&#10;&#9;&#9;&#9;&#9;&#9;&#9;ArrayList&lt;String&gt; pPlantations = (ArrayList&lt;String&gt;) player&#13;&#10;&#9;&#9;&#9;&#9;&#9;&#9;&#9;&#9;.getPlantationsStringList().clone();&#13;&#10;&#9;&#9;&#9;&#9;&#9;&#9;pPlantations.add(&quot;Go Back&quot;);&#13;&#10;&#9;&#9;&#9;&#9;&#9;&#9;Object[] temp = pPlantations.toArray();&#13;&#10;&#13;&#10;&#9;&#9;&#9;&#9;&#9;&#9;int plantationNum = JOptionPane&#13;&#10;&#9;&#9;&#9;&#9;&#9;&#9;&#9;&#9;.showOptionDialog(&#13;&#10;&#9;&#9;&#9;&#9;&#9;&#9;&#9;&#9;&#9;&#9;this.mainframe,&#13;&#10;&#9;&#9;&#9;&#9;&#9;&#9;&#9;&#9;&#9;&#9;&quot;Give the colonosists a job! \nChoose a plantation&quot;,&#13;&#10;&#9;&#9;&#9;&#9;&#9;&#9;&#9;&#9;&#9;&#9;&quot;Player &quot; + (roleNum),&#13;&#10;&#9;&#9;&#9;&#9;&#9;&#9;&#9;&#9;&#9;&#9;JOptionPane.YES_NO_CANCEL_OPTION,&#13;&#10;&#9;&#9;&#9;&#9;&#9;&#9;&#9;&#9;&#9;&#9;JOptionPane.QUESTION_MESSAGE, null,&#13;&#10;&#9;&#9;&#9;&#9;&#9;&#9;&#9;&#9;&#9;&#9;temp, null);&#13;&#10;&#9;&#9;&#9;&#9;&#9;&#9;if (plantationNum != temp.length - 1) {&#13;&#10;&#9;&#9;&#9;&#9;&#9;&#9;&#9;selected = true;&#13;&#10;&#9;&#9;&#9;&#9;&#9;&#9;} else {&#13;&#10;//&#9;&#9;&#9;&#9;&#9;&#9;&#9;updateMsgBar(&quot;You have no plantions&quot;);&#13;&#10;&#9;&#9;&#9;&#9;&#9;&#9;&#9;selected = false;&#13;&#10;&#9;&#9;&#9;&#9;&#9;&#9;}&#13;&#10;&#9;&#9;&#9;&#9;&#9;} else {&#13;&#10;&#9;&#9;&#9;&#9;&#9;&#9;// Do nothing&#13;&#10;&#9;&#9;&#9;&#9;&#9;&#9;selected = true;&#13;&#10;&#9;&#9;&#9;&#9;&#9;}&#13;&#10;&#9;&#9;&#9;&#9;&#9;player.updatePlayerInfo();&#13;&#10;&#9;&#9;&#9;&#9;}&#13;&#10;&#9;&#9;&#9;&#9;roleNum = (roleNum + 1) % players.size();&#13;&#10;&#13;&#10;&#9;&#9;&#9;}&#13;&#10;&#9;&#9;} else if (role.equals(PlayerRoles.Builder)) {&#13;&#10;&#9;&#9;&#9;Buildings b = new Buildings();&#13;&#10;&#9;&#9;&#9;ArrayList&lt;String&gt; bNames = b.getBuildingNames();&#13;&#10;&#9;&#9;&#9;bNames.add(&quot;Nothing&quot;);&#13;&#10;&#9;&#9;&#9;Object[] options = bNames.toArray();&#13;&#10;&#9;&#9;&#9;// TODO: add condition that builder gets discount,&#13;&#10;&#9;&#9;&#9;for (int i = 0; i &lt; players.size(); i++) {&#13;&#10;&#13;&#10;&#9;&#9;&#9;&#9;player = players.get(roleNum);&#13;&#10;&#9;&#9;&#9;&#9;System.out.println(roleNum);&#13;&#10;&#9;&#9;&#9;&#9;// player = player.next at the end&#13;&#10;&#9;&#9;&#9;&#9;int n = JOptionPane.showOptionDialog(this.mainframe,&#13;&#10;&#9;&#9;&#9;&#9;&#9;&#9;&quot;Choose a building to build!&quot;, &quot;Player &quot; + (roleNum),&#13;&#10;&#9;&#9;&#9;&#9;&#9;&#9;JOptionPane.YES_NO_CANCEL_OPTION,&#13;&#10;&#9;&#9;&#9;&#9;&#9;&#9;JOptionPane.QUESTION_MESSAGE, null, options,&#13;&#10;&#9;&#9;&#9;&#9;&#9;&#9;options[options.length - 1]);&#13;&#10;&#9;&#9;&#9;&#9;if (n != bNames.size() - 1) {&#13;&#10;&#9;&#9;&#9;&#9;&#9;player.addBuilding(new Building(bNames.get(n)));&#13;&#10;&#9;&#9;&#9;&#9;}&#13;&#10;&#9;&#9;&#9;&#9;player.updatePlayerInfo();&#13;&#10;&#9;&#9;&#9;&#9;roleNum = (roleNum + 1) % players.size();&#13;&#10;&#13;&#10;&#9;&#9;&#9;}&#13;&#10;&#9;&#9;}else if(role.equals(PlayerRoles.Settler)){&#13;&#10;&#9;&#9;&#9;//DONE: kurian&#13;&#10;&#9;&#9;&#9;List&lt;String&gt; gNames = player.getAllGoods();&#13;&#10;&#9;&#9;&#9;gNames.add(&quot;Quarry&quot;);&#13;&#10;&#9;&#9;&#9;Object[] options = gNames.toArray();&#13;&#10;&#9;&#9;&#9;for (int i = 0; i &lt; players.size(); i++) {&#13;&#10;&#13;&#10;&#9;&#9;&#9;&#9;player = players.get(roleNum);&#13;&#10;&#9;&#9;&#9;&#9;// player = player.next at the end&#13;&#10;&#9;&#9;&#9;&#9;int n = JOptionPane.showOptionDialog(this.mainframe,&#13;&#10;&#9;&#9;&#9;&#9;&#9;&#9;&quot;Choose a Good to harvest!&quot;, &quot;Player &quot; + (roleNum),&#13;&#10;&#9;&#9;&#9;&#9;&#9;&#9;JOptionPane.YES_NO_CANCEL_OPTION,&#13;&#10;&#9;&#9;&#9;&#9;&#9;&#9;JOptionPane.QUESTION_MESSAGE, null, options,&#13;&#10;&#9;&#9;&#9;&#9;&#9;&#9;options[options.length - 1]);&#13;&#10;&#9;&#9;&#9;&#9;&#9;System.out.println(gNames.get(n));&#13;&#10;&#9;&#9;&#9;&#9;if (n != gNames.size() - 1 &amp;&amp; gNames.get(n) != &quot;Quarry&quot;) {&#13;&#10;&#9;&#9;&#9;&#9;&#9;player.getPlantations().add(new Plantation(gNames.get(n), false));&#13;&#10;&#9;&#9;&#9;&#9;}&#13;&#10;&#9;&#9;&#9;&#9;player.updatePlayerInfo();&#13;&#10;&#9;&#9;&#9;&#9;roleNum = (roleNum + 1) % players.size();&#13;&#10;&#9;&#9;&#9;}&#13;&#10;&#9;&#9;}else if(role.equals(PlayerRoles.Craftsman)){&#13;&#10;&#9;&#9;&#9;//DONE: kurian&#13;&#10;&#9;&#9;&#9;for (int i = 0; i &lt; players.size(); i++) {&#13;&#10;&#13;&#10;&#9;&#9;&#9;&#9;player = players.get(roleNum);&#13;&#10;&#9;&#9;&#9;&#9;player.checkPlantation();&#13;&#10;&#9;&#9;&#9;&#9;player.updatePlayerInfo();&#13;&#10;&#9;&#9;&#9;&#9;roleNum = (roleNum + 1) % players.size();&#13;&#10;&#13;&#10;&#9;&#9;&#9;}&#13;&#10;&#9;&#9;}else if(role.equals(PlayerRoles.Trader)){&#13;&#10;&#9;&#9;&#9;//TODO: Min&#13;&#10;&#9;&#9;&#9;for (int i = 0; i &lt; players.size(); i++) {&#13;&#10;&#13;&#10;&#9;&#9;&#9;&#9;player = players.get(roleNum);&#13;&#10;&#9;&#9;&#9;&#9;//TODO:&#13;&#10;&#9;&#9;&#9;&#9;player.updatePlayerInfo();&#13;&#10;&#9;&#9;&#9;&#9;roleNum = (roleNum + 1) % players.size();&#13;&#10;&#13;&#10;&#9;&#9;&#9;}&#13;&#10;&#9;&#9;}else if(role.equals(PlayerRoles.Captain)){&#13;&#10;&#9;&#9;&#9;&#13;&#10;&#9;&#9;&#9;for (int i = 0; i &lt; players.size(); i++) {&#13;&#10;&#9;&#9;&#9;&#9;//TODO:&#13;&#10;&#9;&#9;&#9;&#9;player = players.get(roleNum);&#13;&#10;&#9;&#9;&#9;&#9;Object[] goodOptions = player.getAllGoods().toArray();&#13;&#10;&#9;&#9;&#9;&#9;&#13;&#10;&#9;&#9;&#9;&#9;int good = JOptionPane.showOptionDialog(this.mainframe,&#13;&#10;&#9;&#9;&#9;&#9;&#9;&#9;&quot;Choose a good to ship!&quot;, &quot;Player &quot; + (roleNum),&#13;&#10;&#9;&#9;&#9;&#9;&#9;&#9;JOptionPane.YES_NO_CANCEL_OPTION,&#13;&#10;&#9;&#9;&#9;&#9;&#9;&#9;JOptionPane.QUESTION_MESSAGE, null, goodOptions,&#13;&#10;&#9;&#9;&#9;&#9;&#9;&#9;goodOptions[goodOptions.length - 1]);&#13;&#10;&#9;&#9;&#9;&#9;&#13;&#10;&#9;&#9;&#9;&#9;Object[] shipOptions = new Object[3];&#13;&#10;&#9;&#9;&#9;&#9;shipOptions[0] = 4;&#13;&#10;&#9;&#9;&#9;&#9;shipOptions[1] = 5;&#13;&#10;&#9;&#9;&#9;&#9;shipOptions[2] = 6;&#13;&#10;&#9;&#9;&#9;&#9;int ship = JOptionPane.showOptionDialog(this.mainframe,&#13;&#10;&#9;&#9;&#9;&#9;&#9;&#9;&quot;Choose a cargo ship to put good!&quot;, &quot;Player &quot; + (roleNum),&#13;&#10;&#9;&#9;&#9;&#9;&#9;&#9;JOptionPane.YES_NO_CANCEL_OPTION,&#13;&#10;&#9;&#9;&#9;&#9;&#9;&#9;JOptionPane.QUESTION_MESSAGE, null, shipOptions,&#13;&#10;&#9;&#9;&#9;&#9;&#9;&#9;shipOptions[shipOptions.length - 1]);&#13;&#10;&#9;&#9;&#9;&#9;&#13;&#10;&#9;&#9;&#9;&#9;if(ship == 0){&#13;&#10;&#9;&#9;&#9;&#9;&#9;this.gameState.cargoship4Good = (String) goodOptions[good];&#13;&#10;&#9;&#9;&#9;&#9;&#9;this.gameState.cargoship4++;&#13;&#10;&#9;&#9;&#9;&#9;}else if(ship == 1){&#13;&#10;&#9;&#9;&#9;&#9;&#9;this.gameState.cargoship5Good = (String) goodOptions[good];&#13;&#10;&#9;&#9;&#9;&#9;&#9;this.gameState.cargoship5++;&#13;&#10;&#9;&#9;&#9;&#9;}else if(ship == 2){&#13;&#10;&#9;&#9;&#9;&#9;&#9;this.gameState.cargoship6Good = (String) goodOptions[good];&#13;&#10;&#9;&#9;&#9;&#9;&#9;this.gameState.cargoship6++;&#13;&#10;&#9;&#9;&#9;&#9;}&#13;&#10;&#9;&#9;&#9;&#9;&#13;&#10;&#9;&#9;&#9;&#9;updateGameStateDisplay();&#13;&#10;&#9;&#9;&#9;&#9;player.updatePlayerInfo();&#13;&#10;&#9;&#9;&#9;&#9;roleNum = (roleNum + 1) % players.size();&#13;&#10;&#13;&#10;&#9;&#9;&#9;}&#13;&#10;&#9;&#9;}else if(role.equals(PlayerRoles.Prospector)){&#13;&#10;&#9;&#9;&#9;//:do nothing&#13;&#10;&#9;&#9;&#9;for (int i = 0; i &lt; players.size(); i++) {&#13;&#10;&#13;&#10;&#9;&#9;&#9;&#9;player = players.get(roleNum);&#13;&#10;&#9;&#9;&#9;&#9;//:&#13;&#10;&#9;&#9;&#9;&#9;player.updatePlayerInfo();&#13;&#10;&#9;&#9;&#9;&#9;roleNum = (roleNum + 1) % players.size();&#13;&#10;&#13;&#10;&#9;&#9;&#9;}&#13;&#10;&#9;&#9;}&#13;&#10;&#13;&#10;&#9;}&#13;&#10;&#13;&#10;}&#13;&#10;" Filename="GameBoardGUI.java" Intrnl_Id="9"/>
<SrcFile Content="package csse376_puerto_rico;&#13;&#10;&#13;&#10;import java.awt.event.ActionEvent;&#13;&#10;import java.awt.event.ActionListener;&#13;&#10;&#13;&#10;import javax.swing.ButtonGroup;&#13;&#10;import javax.swing.JFrame;&#13;&#10;&#13;&#10;public class ButtonHandler implements ActionListener {&#13;&#10;&#9;&#13;&#10;&#9;private JFrame mainframe;&#13;&#10;&#9;private ButtonGroup bGroup;&#13;&#10;&#13;&#10;&#9;public ButtonHandler(JFrame frame, ButtonGroup group) {&#13;&#10;&#9;&#9;this.mainframe = frame;&#13;&#10;&#9;&#9;this.bGroup = group;&#13;&#10;&#9;}&#13;&#10;&#13;&#10;&#9;@Override&#13;&#10;&#9;public void actionPerformed(ActionEvent ae) {&#13;&#10;&#9;&#9;String action = ae.getActionCommand();&#13;&#10;&#9;&#9;if(action.equals(&quot;Quit&quot;)){&#13;&#10;&#9;&#9;&#9;System.exit(0);&#13;&#10;&#9;&#9;}else if(action.equals(&quot;New Game&quot;)){&#13;&#10;&#9;&#9;&#9;new StartUpGameBoardGUI(this.mainframe);&#13;&#10;&#9;&#9;}else if(action.equals(&quot;Start&quot;)){&#13;&#10;&#9;&#9;&#9;new GameBoardGUI(this.mainframe, this.bGroup);&#13;&#10;&#9;&#9;}else if(action.equals(&quot;Add Points&quot;)){&#13;&#10;&#9;&#9;&#9;&#13;&#10;&#9;&#9;}&#13;&#10;&#9;}&#13;&#10;&#13;&#10;}&#13;&#10;" Filename="ButtonHandler.java" Intrnl_Id="10"/>
<SrcFile Content="package csse376_puerto_rico;&#13;&#10;&#13;&#10;import java.util.ArrayList;&#13;&#10;import java.util.Arrays;&#13;&#10;import java.util.List;&#13;&#10;&#13;&#10;public class Buildings {&#13;&#10;&#13;&#10;&#9;private ArrayList&lt;Building&gt; buildings;&#13;&#10;&#9;private ArrayList&lt;String&gt; buildingNames = new ArrayList&lt;String&gt;(Arrays.asList(&quot;Small Indigo Plant&quot;,&#13;&#10;&#9;&#9;&#9;&quot;Small Sugar Mill&quot;, &quot;Small Market&quot;, &quot;Hacienda&quot;, &quot;ConstructionHut&quot;,&#13;&#10;&#9;&#9;&#9;&quot;Small Warehouse&quot;, &quot;Indigo Plant&quot;, &quot;Surgar Mill&quot;, &quot;Hospice&quot;));&#13;&#10;&#13;&#10;&#9;public Buildings() {&#13;&#10;&#9;&#9;buildings = new ArrayList&lt;Building&gt;();&#13;&#10;&#9;&#9;// TODO:&#13;&#10;&#9;&#9;// add&#13;&#10;&#9;&#9;// more&#13;&#10;&#13;&#10;&#9;&#9;for (String name : buildingNames) {&#13;&#10;&#9;&#9;&#9;buildings.add(new Building(name));&#13;&#10;&#9;&#9;}&#13;&#10;&#13;&#10;&#9;}&#13;&#10;&#13;&#10;&#9;public ArrayList&lt;Building&gt; getBuildings() {&#13;&#10;&#13;&#10;&#9;&#9;return buildings;&#13;&#10;&#9;}&#13;&#10;&#13;&#10;&#9;public ArrayList&lt;String&gt; getBuildingNames() {&#13;&#10;&#9;&#9;return buildingNames;&#13;&#10;&#9;}&#13;&#10;&#13;&#10;&#9;public static class Building {&#13;&#10;&#13;&#10;&#9;&#9;public String name;&#13;&#10;&#9;&#9;public int cost;&#13;&#10;&#9;&#9;public int points;&#13;&#10;&#9;&#9;public int numberOfJobs;&#13;&#10;&#9;&#9;public int numberOfWorkers;&#13;&#10;&#13;&#10;&#9;&#9;public Building(String name) {&#13;&#10;&#9;&#9;&#9;this.name = name;&#13;&#10;&#9;&#9;&#9;switch (name) {&#13;&#10;&#9;&#9;&#9;case &quot;Small Indigo Plant&quot;:&#13;&#10;&#9;&#9;&#9;&#9;cost = 1;&#13;&#10;&#9;&#9;&#9;&#9;points = 1;&#13;&#10;&#9;&#9;&#9;&#9;numberOfJobs = 1;&#13;&#10;&#9;&#9;&#9;&#9;numberOfWorkers = 0;&#13;&#10;&#9;&#9;&#9;&#9;break;&#13;&#10;&#13;&#10;&#9;&#9;&#9;// TODO: Add all cases for all buildings&#13;&#10;&#9;&#9;&#9;default:&#13;&#10;&#9;&#9;&#9;&#9;cost = 0;&#13;&#10;&#9;&#9;&#9;&#9;points = 0;&#13;&#10;&#9;&#9;&#9;&#9;numberOfJobs = 0;&#13;&#10;&#9;&#9;&#9;&#9;numberOfWorkers = 0;&#13;&#10;&#9;&#9;&#9;}&#13;&#10;&#9;&#9;}&#13;&#10;&#9;}&#13;&#10;}&#13;&#10;" Filename="Buildings.java" Intrnl_Id="11"/>
</SrcFileList>
<CritList>
<CritListEntry Name="org.codecover.model.utils.criteria.LoopCoverage" PluginName="org.codecover"/>
<CritListEntry Name="org.codecover.model.utils.criteria.BranchCoverage" PluginName="org.codecover"/>
<CritListEntry Name="org.codecover.model.utils.criteria.ConditionCoverage" PluginName="org.codecover"/>
<CritListEntry Name="org.codecover.model.utils.criteria.SynchronizedStatementCoverage" PluginName="org.codecover"/>
<CritListEntry Name="org.codecover.model.utils.criteria.QMOCoverage" PluginName="org.codecover"/>
<CritListEntry Name="org.codecover.model.utils.criteria.StatementCoverage" PluginName="org.codecover"/>
</CritList>
<BoolOpList>
<BoolOp Arity="1" Intrnl_Id="12" Name="not (!)">
<BoolAssgnmntBoolMapList>
<MapEntry BoolAssgnmnt="0" Value="true"/>
<MapEntry BoolAssgnmnt="1" Value="false"/>
</BoolAssgnmntBoolMapList>
</BoolOp>
<BoolOp Arity="2" Intrnl_Id="13" Name="conditional and (&amp;&amp;)">
<BoolAssgnmntBoolMapList>
<MapEntry BoolAssgnmnt="10" Value="false"/>
<MapEntry BoolAssgnmnt="02" Value="false"/>
<MapEntry BoolAssgnmnt="11" Value="true"/>
</BoolAssgnmntBoolMapList>
</BoolOp>
<BoolOp Arity="2" Intrnl_Id="14" Name="conditional or (||)">
<BoolAssgnmntBoolMapList>
<MapEntry BoolAssgnmnt="01" Value="true"/>
<MapEntry BoolAssgnmnt="00" Value="false"/>
<MapEntry BoolAssgnmnt="12" Value="true"/>
</BoolAssgnmntBoolMapList>
</BoolOp>
</BoolOpList>
<HierarchyLvlTypeList>
<HierarchyLvlType EnglishName="package" IntrnlName="package" Intrnl_Id="15"/>
<HierarchyLvlType EnglishName="class" IntrnlName="class" Intrnl_Id="16"/>
<HierarchyLvlType EnglishName="method" IntrnlName="method" Intrnl_Id="17"/>
<HierarchyLvlType EnglishName="default package" IntrnlName="default package" Intrnl_Id="18"/>
<HierarchyLvlType EnglishName="anonymous class" IntrnlName="class" Intrnl_Id="19"/>
</HierarchyLvlTypeList>
<MASTRoot>
<HierarchyLvl HierarchyLvlId="85" HierarchyLvlTypeId="18" Intrnl_Id="20" Name="default package">
<Header/>
<LocList/>
<HierarchyLvl HierarchyLvlId="84" HierarchyLvlTypeId="15" Intrnl_Id="21" Name="csse376_puerto_rico">
<Header/>
<LocList/>
<HierarchyLvl HierarchyLvlId="2" HierarchyLvlTypeId="16" Intrnl_Id="22" Name="StartUpGameBoardGUI">
<Header>
<Loc EndOffset="234" SrcFileId="1" StartOffset="202"/>
</Header>
<LocList>
<Loc EndOffset="1071" SrcFileId="1" StartOffset="202"/>
</LocList>
<HierarchyLvl HierarchyLvlId="1" HierarchyLvlTypeId="17" Intrnl_Id="23" Name="StartUpGameBoardGUI">
<Header>
<Loc EndOffset="307" SrcFileId="1" StartOffset="267"/>
</Header>
<LocList>
<Loc EndOffset="1068" SrcFileId="1" StartOffset="267"/>
</LocList>
<StmntSeq Intrnl_Id="24">
<LocList>
<Loc EndOffset="335" SrcFileId="1" StartOffset="312"/>
<Loc EndOffset="382" SrcFileId="1" StartOffset="338"/>
<Loc EndOffset="430" SrcFileId="1" StartOffset="385"/>
<Loc EndOffset="475" SrcFileId="1" StartOffset="433"/>
<Loc EndOffset="520" SrcFileId="1" StartOffset="478"/>
<Loc EndOffset="556" SrcFileId="1" StartOffset="524"/>
<Loc EndOffset="600" SrcFileId="1" StartOffset="562"/>
<Loc EndOffset="650" SrcFileId="1" StartOffset="603"/>
<Loc EndOffset="701" SrcFileId="1" StartOffset="653"/>
<Loc EndOffset="752" SrcFileId="1" StartOffset="704"/>
<Loc EndOffset="770" SrcFileId="1" StartOffset="755"/>
<Loc EndOffset="788" SrcFileId="1" StartOffset="773"/>
<Loc EndOffset="806" SrcFileId="1" StartOffset="791"/>
<Loc EndOffset="855" SrcFileId="1" StartOffset="812"/>
<Loc EndOffset="930" SrcFileId="1" StartOffset="858"/>
<Loc EndOffset="955" SrcFileId="1" StartOffset="936"/>
<Loc EndOffset="977" SrcFileId="1" StartOffset="958"/>
<Loc EndOffset="999" SrcFileId="1" StartOffset="980"/>
<Loc EndOffset="1029" SrcFileId="1" StartOffset="1002"/>
<Loc EndOffset="1065" SrcFileId="1" StartOffset="1035"/>
</LocList>
<BasicStmnt CovItemId="S1" CovItemPrefix="csse376_puerto_rico.StartUpGameBoardGUI.java" Intrnl_Id="25">
<LocList>
<Loc EndOffset="335" SrcFileId="1" StartOffset="312"/>
</LocList>
</BasicStmnt>
<BasicStmnt CovItemId="S2" CovItemPrefix="csse376_puerto_rico.StartUpGameBoardGUI.java" Intrnl_Id="26">
<LocList>
<Loc EndOffset="382" SrcFileId="1" StartOffset="338"/>
</LocList>
</BasicStmnt>
<BasicStmnt CovItemId="S3" CovItemPrefix="csse376_puerto_rico.StartUpGameBoardGUI.java" Intrnl_Id="27">
<LocList>
<Loc EndOffset="430" SrcFileId="1" StartOffset="385"/>
</LocList>
</BasicStmnt>
<BasicStmnt CovItemId="S4" CovItemPrefix="csse376_puerto_rico.StartUpGameBoardGUI.java" Intrnl_Id="28">
<LocList>
<Loc EndOffset="475" SrcFileId="1" StartOffset="433"/>
</LocList>
</BasicStmnt>
<BasicStmnt CovItemId="S5" CovItemPrefix="csse376_puerto_rico.StartUpGameBoardGUI.java" Intrnl_Id="29">
<LocList>
<Loc EndOffset="520" SrcFileId="1" StartOffset="478"/>
</LocList>
</BasicStmnt>
<BasicStmnt CovItemId="S6" CovItemPrefix="csse376_puerto_rico.StartUpGameBoardGUI.java" Intrnl_Id="30">
<LocList>
<Loc EndOffset="556" SrcFileId="1" StartOffset="524"/>
</LocList>
</BasicStmnt>
<BasicStmnt CovItemId="S7" CovItemPrefix="csse376_puerto_rico.StartUpGameBoardGUI.java" Intrnl_Id="31">
<LocList>
<Loc EndOffset="600" SrcFileId="1" StartOffset="562"/>
</LocList>
</BasicStmnt>
<BasicStmnt CovItemId="S8" CovItemPrefix="csse376_puerto_rico.StartUpGameBoardGUI.java" Intrnl_Id="32">
<LocList>
<Loc EndOffset="650" SrcFileId="1" StartOffset="603"/>
</LocList>
</BasicStmnt>
<BasicStmnt CovItemId="S9" CovItemPrefix="csse376_puerto_rico.StartUpGameBoardGUI.java" Intrnl_Id="33">
<LocList>
<Loc EndOffset="701" SrcFileId="1" StartOffset="653"/>
</LocList>
</BasicStmnt>
<BasicStmnt CovItemId="S10" CovItemPrefix="csse376_puerto_rico.StartUpGameBoardGUI.java" Intrnl_Id="34">
<LocList>
<Loc EndOffset="752" SrcFileId="1" StartOffset="704"/>
</LocList>
</BasicStmnt>
<BasicStmnt CovItemId="S11" CovItemPrefix="csse376_puerto_rico.StartUpGameBoardGUI.java" Intrnl_Id="35">
<LocList>
<Loc EndOffset="770" SrcFileId="1" StartOffset="755"/>
</LocList>
</BasicStmnt>
<BasicStmnt CovItemId="S12" CovItemPrefix="csse376_puerto_rico.StartUpGameBoardGUI.java" Intrnl_Id="36">
<LocList>
<Loc EndOffset="788" SrcFileId="1" StartOffset="773"/>
</LocList>
</BasicStmnt>
<BasicStmnt CovItemId="S13" CovItemPrefix="csse376_puerto_rico.StartUpGameBoardGUI.java" Intrnl_Id="37">
<LocList>
<Loc EndOffset="806" SrcFileId="1" StartOffset="791"/>
</LocList>
</BasicStmnt>
<BasicStmnt CovItemId="S14" CovItemPrefix="csse376_puerto_rico.StartUpGameBoardGUI.java" Intrnl_Id="38">
<LocList>
<Loc EndOffset="855" SrcFileId="1" StartOffset="812"/>
</LocList>
</BasicStmnt>
<BasicStmnt CovItemId="S15" CovItemPrefix="csse376_puerto_rico.StartUpGameBoardGUI.java" Intrnl_Id="39">
<LocList>
<Loc EndOffset="930" SrcFileId="1" StartOffset="858"/>
</LocList>
</BasicStmnt>
<BasicStmnt CovItemId="S16" CovItemPrefix="csse376_puerto_rico.StartUpGameBoardGUI.java" Intrnl_Id="40">
<LocList>
<Loc EndOffset="955" SrcFileId="1" StartOffset="936"/>
</LocList>
</BasicStmnt>
<BasicStmnt CovItemId="S17" CovItemPrefix="csse376_puerto_rico.StartUpGameBoardGUI.java" Intrnl_Id="41">
<LocList>
<Loc EndOffset="977" SrcFileId="1" StartOffset="958"/>
</LocList>
</BasicStmnt>
<BasicStmnt CovItemId="S18" CovItemPrefix="csse376_puerto_rico.StartUpGameBoardGUI.java" Intrnl_Id="42">
<LocList>
<Loc EndOffset="999" SrcFileId="1" StartOffset="980"/>
</LocList>
</BasicStmnt>
<BasicStmnt CovItemId="S19" CovItemPrefix="csse376_puerto_rico.StartUpGameBoardGUI.java" Intrnl_Id="43">
<LocList>
<Loc EndOffset="1029" SrcFileId="1" StartOffset="1002"/>
</LocList>
</BasicStmnt>
<BasicStmnt CovItemId="S20" CovItemPrefix="csse376_puerto_rico.StartUpGameBoardGUI.java" Intrnl_Id="44">
<LocList>
<Loc EndOffset="1065" SrcFileId="1" StartOffset="1035"/>
</LocList>
</BasicStmnt>
</StmntSeq>
</HierarchyLvl>
</HierarchyLvl>
<HierarchyLvl HierarchyLvlId="5" HierarchyLvlTypeId="16" Intrnl_Id="45" Name="PlayerRoles">
<Header>
<Loc EndOffset="184" SrcFileId="2" StartOffset="160"/>
</Header>
<LocList>
<Loc EndOffset="862" SrcFileId="2" StartOffset="160"/>
</LocList>
<StmntSeq Intrnl_Id="46">
<LocList>
<Loc EndOffset="236" SrcFileId="2" StartOffset="189"/>
<Loc EndOffset="286" SrcFileId="2" StartOffset="239"/>
<Loc EndOffset="340" SrcFileId="2" StartOffset="289"/>
<Loc EndOffset="388" SrcFileId="2" StartOffset="343"/>
<Loc EndOffset="438" SrcFileId="2" StartOffset="391"/>
<Loc EndOffset="494" SrcFileId="2" StartOffset="441"/>
<Loc EndOffset="540" SrcFileId="2" StartOffset="497"/>
</LocList>
<BasicStmnt CovItemId="S1" CovItemPrefix="csse376_puerto_rico.PlayerRoles.java" Intrnl_Id="47">
<LocList>
<Loc EndOffset="236" SrcFileId="2" StartOffset="189"/>
</LocList>
</BasicStmnt>
<BasicStmnt CovItemId="S2" CovItemPrefix="csse376_puerto_rico.PlayerRoles.java" Intrnl_Id="48">
<LocList>
<Loc EndOffset="286" SrcFileId="2" StartOffset="239"/>
</LocList>
</BasicStmnt>
<BasicStmnt CovItemId="S3" CovItemPrefix="csse376_puerto_rico.PlayerRoles.java" Intrnl_Id="49">
<LocList>
<Loc EndOffset="340" SrcFileId="2" StartOffset="289"/>
</LocList>
</BasicStmnt>
<BasicStmnt CovItemId="S4" CovItemPrefix="csse376_puerto_rico.PlayerRoles.java" Intrnl_Id="50">
<LocList>
<Loc EndOffset="388" SrcFileId="2" StartOffset="343"/>
</LocList>
</BasicStmnt>
<BasicStmnt CovItemId="S5" CovItemPrefix="csse376_puerto_rico.PlayerRoles.java" Intrnl_Id="51">
<LocList>
<Loc EndOffset="438" SrcFileId="2" StartOffset="391"/>
</LocList>
</BasicStmnt>
<BasicStmnt CovItemId="S6" CovItemPrefix="csse376_puerto_rico.PlayerRoles.java" Intrnl_Id="52">
<LocList>
<Loc EndOffset="494" SrcFileId="2" StartOffset="441"/>
</LocList>
</BasicStmnt>
<BasicStmnt CovItemId="S7" CovItemPrefix="csse376_puerto_rico.PlayerRoles.java" Intrnl_Id="53">
<LocList>
<Loc EndOffset="540" SrcFileId="2" StartOffset="497"/>
</LocList>
</BasicStmnt>
</StmntSeq>
<HierarchyLvl HierarchyLvlId="3" HierarchyLvlTypeId="17" Intrnl_Id="54" Name="PlayerRoles">
<Header>
<Loc EndOffset="566" SrcFileId="2" StartOffset="545"/>
</Header>
<LocList>
<Loc EndOffset="595" SrcFileId="2" StartOffset="545"/>
</LocList>
</HierarchyLvl>
<HierarchyLvl HierarchyLvlId="4" HierarchyLvlTypeId="17" Intrnl_Id="55" Name="getValues">
<Header>
<Loc EndOffset="638" SrcFileId="2" StartOffset="600"/>
</Header>
<LocList>
<Loc EndOffset="859" SrcFileId="2" StartOffset="600"/>
</LocList>
<StmntSeq Intrnl_Id="56">
<LocList>
<Loc EndOffset="687" SrcFileId="2" StartOffset="644"/>
<Loc EndOffset="710" SrcFileId="2" StartOffset="693"/>
<Loc EndOffset="731" SrcFileId="2" StartOffset="714"/>
<Loc EndOffset="754" SrcFileId="2" StartOffset="735"/>
<Loc EndOffset="774" SrcFileId="2" StartOffset="758"/>
<Loc EndOffset="795" SrcFileId="2" StartOffset="778"/>
<Loc EndOffset="819" SrcFileId="2" StartOffset="799"/>
<Loc EndOffset="838" SrcFileId="2" StartOffset="823"/>
<Loc EndOffset="855" SrcFileId="2" StartOffset="844"/>
</LocList>
<BasicStmnt CovItemId="S8" CovItemPrefix="csse376_puerto_rico.PlayerRoles.java" Intrnl_Id="57">
<LocList>
<Loc EndOffset="687" SrcFileId="2" StartOffset="644"/>
</LocList>
</BasicStmnt>
<BasicStmnt CovItemId="S9" CovItemPrefix="csse376_puerto_rico.PlayerRoles.java" Intrnl_Id="58">
<LocList>
<Loc EndOffset="710" SrcFileId="2" StartOffset="693"/>
</LocList>
</BasicStmnt>
<BasicStmnt CovItemId="S10" CovItemPrefix="csse376_puerto_rico.PlayerRoles.java" Intrnl_Id="59">
<LocList>
<Loc EndOffset="731" SrcFileId="2" StartOffset="714"/>
</LocList>
</BasicStmnt>
<BasicStmnt CovItemId="S11" CovItemPrefix="csse376_puerto_rico.PlayerRoles.java" Intrnl_Id="60">
<LocList>
<Loc EndOffset="754" SrcFileId="2" StartOffset="735"/>
</LocList>
</BasicStmnt>
<BasicStmnt CovItemId="S12" CovItemPrefix="csse376_puerto_rico.PlayerRoles.java" Intrnl_Id="61">
<LocList>
<Loc EndOffset="774" SrcFileId="2" StartOffset="758"/>
</LocList>
</BasicStmnt>
<BasicStmnt CovItemId="S13" CovItemPrefix="csse376_puerto_rico.PlayerRoles.java" Intrnl_Id="62">
<LocList>
<Loc EndOffset="795" SrcFileId="2" StartOffset="778"/>
</LocList>
</BasicStmnt>
<BasicStmnt CovItemId="S14" CovItemPrefix="csse376_puerto_rico.PlayerRoles.java" Intrnl_Id="63">
<LocList>
<Loc EndOffset="819" SrcFileId="2" StartOffset="799"/>
</LocList>
</BasicStmnt>
<BasicStmnt CovItemId="S15" CovItemPrefix="csse376_puerto_rico.PlayerRoles.java" Intrnl_Id="64">
<LocList>
<Loc EndOffset="838" SrcFileId="2" StartOffset="823"/>
</LocList>
</BasicStmnt>
<BasicStmnt CovItemId="S16" CovItemPrefix="csse376_puerto_rico.PlayerRoles.java" Intrnl_Id="65">
<LocList>
<Loc EndOffset="855" SrcFileId="2" StartOffset="844"/>
</LocList>
</BasicStmnt>
</StmntSeq>
</HierarchyLvl>
</HierarchyLvl>
<HierarchyLvl HierarchyLvlId="36" HierarchyLvlTypeId="16" Intrnl_Id="66" Name="Player">
<Header>
<Loc EndOffset="242" SrcFileId="3" StartOffset="223"/>
</Header>
<LocList>
<Loc EndOffset="495" SrcFileId="3" StartOffset="223"/>
<Loc EndOffset="771" SrcFileId="3" StartOffset="766"/>
<Loc EndOffset="5564" SrcFileId="3" StartOffset="975"/>
</LocList>
<StmntSeq Intrnl_Id="67">
<LocList>
<Loc EndOffset="419" SrcFileId="3" StartOffset="396"/>
<Loc EndOffset="490" SrcFileId="3" StartOffset="424"/>
<Loc EndOffset="1052" SrcFileId="3" StartOffset="980"/>
<Loc EndOffset="1127" SrcFileId="3" StartOffset="1055"/>
<Loc EndOffset="1190" SrcFileId="3" StartOffset="1130"/>
</LocList>
<BasicStmnt CovItemId="S1" CovItemPrefix="csse376_puerto_rico.Player.java" Intrnl_Id="68">
<LocList>
<Loc EndOffset="419" SrcFileId="3" StartOffset="396"/>
</LocList>
</BasicStmnt>
<BasicStmnt CovItemId="S2" CovItemPrefix="csse376_puerto_rico.Player.java" Intrnl_Id="69">
<LocList>
<Loc EndOffset="490" SrcFileId="3" StartOffset="424"/>
</LocList>
</BasicStmnt>
<BasicStmnt CovItemId="S5" CovItemPrefix="csse376_puerto_rico.Player.java" Intrnl_Id="70">
<LocList>
<Loc EndOffset="1052" SrcFileId="3" StartOffset="980"/>
</LocList>
</BasicStmnt>
<BasicStmnt CovItemId="S6" CovItemPrefix="csse376_puerto_rico.Player.java" Intrnl_Id="71">
<LocList>
<Loc EndOffset="1127" SrcFileId="3" StartOffset="1055"/>
</LocList>
</BasicStmnt>
<BasicStmnt CovItemId="S7" CovItemPrefix="csse376_puerto_rico.Player.java" Intrnl_Id="72">
<LocList>
<Loc EndOffset="1190" SrcFileId="3" StartOffset="1130"/>
</LocList>
</BasicStmnt>
</StmntSeq>
<HierarchyLvl HierarchyLvlId="6" HierarchyLvlTypeId="16" Intrnl_Id="73" Name="Good">
<Header>
<Loc EndOffset="519" SrcFileId="3" StartOffset="495"/>
</Header>
<LocList>
<Loc EndOffset="766" SrcFileId="3" StartOffset="495"/>
</LocList>
</HierarchyLvl>
<HierarchyLvl HierarchyLvlId="8" HierarchyLvlTypeId="16" Intrnl_Id="74" Name="Plantation">
<Header>
<Loc EndOffset="801" SrcFileId="3" StartOffset="771"/>
</Header>
<LocList>
<Loc EndOffset="975" SrcFileId="3" StartOffset="771"/>
</LocList>
<HierarchyLvl HierarchyLvlId="7" HierarchyLvlTypeId="17" Intrnl_Id="75" Name="Plantation">
<Header>
<Loc EndOffset="910" SrcFileId="3" StartOffset="861"/>
</Header>
<LocList>
<Loc EndOffset="971" SrcFileId="3" StartOffset="861"/>
</LocList>
<StmntSeq Intrnl_Id="76">
<LocList>
<Loc EndOffset="934" SrcFileId="3" StartOffset="917"/>
<Loc EndOffset="966" SrcFileId="3" StartOffset="939"/>
</LocList>
<BasicStmnt CovItemId="S3" CovItemPrefix="csse376_puerto_rico.Player.java" Intrnl_Id="77">
<LocList>
<Loc EndOffset="934" SrcFileId="3" StartOffset="917"/>
</LocList>
</BasicStmnt>
<BasicStmnt CovItemId="S4" CovItemPrefix="csse376_puerto_rico.Player.java" Intrnl_Id="78">
<LocList>
<Loc EndOffset="966" SrcFileId="3" StartOffset="939"/>
</LocList>
</BasicStmnt>
</StmntSeq>
</HierarchyLvl>
</HierarchyLvl>
<HierarchyLvl HierarchyLvlId="9" HierarchyLvlTypeId="17" Intrnl_Id="79" Name="Player">
<Header>
<Loc EndOffset="1249" SrcFileId="3" StartOffset="1234"/>
</Header>
<LocList>
<Loc EndOffset="1446" SrcFileId="3" StartOffset="1234"/>
</LocList>
<StmntSeq Intrnl_Id="80">
<LocList>
<Loc EndOffset="1274" SrcFileId="3" StartOffset="1255"/>
<Loc EndOffset="1292" SrcFileId="3" StartOffset="1278"/>
<Loc EndOffset="1311" SrcFileId="3" StartOffset="1296"/>
<Loc EndOffset="1339" SrcFileId="3" StartOffset="1315"/>
<Loc EndOffset="1370" SrcFileId="3" StartOffset="1343"/>
<Loc EndOffset="1442" SrcFileId="3" StartOffset="1374"/>
</LocList>
<BasicStmnt CovItemId="S8" CovItemPrefix="csse376_puerto_rico.Player.java" Intrnl_Id="81">
<LocList>
<Loc EndOffset="1274" SrcFileId="3" StartOffset="1255"/>
</LocList>
</BasicStmnt>
<BasicStmnt CovItemId="S9" CovItemPrefix="csse376_puerto_rico.Player.java" Intrnl_Id="82">
<LocList>
<Loc EndOffset="1292" SrcFileId="3" StartOffset="1278"/>
</LocList>
</BasicStmnt>
<BasicStmnt CovItemId="S10" CovItemPrefix="csse376_puerto_rico.Player.java" Intrnl_Id="83">
<LocList>
<Loc EndOffset="1311" SrcFileId="3" StartOffset="1296"/>
</LocList>
</BasicStmnt>
<BasicStmnt CovItemId="S11" CovItemPrefix="csse376_puerto_rico.Player.java" Intrnl_Id="84">
<LocList>
<Loc EndOffset="1339" SrcFileId="3" StartOffset="1315"/>
</LocList>
</BasicStmnt>
<BasicStmnt CovItemId="S12" CovItemPrefix="csse376_puerto_rico.Player.java" Intrnl_Id="85">
<LocList>
<Loc EndOffset="1370" SrcFileId="3" StartOffset="1343"/>
</LocList>
</BasicStmnt>
<LoopStmnt CovItemId="S13" CovItemPrefix="csse376_puerto_rico.Player.java" Intrnl_Id="86" MltplExecId="L1-2" MltplExecPrefix="csse376_puerto_rico.Player.java" NvrExecId="L1-0" NvrExecPrefix="csse376_puerto_rico.Player.java" OnceExecutedId="L1-1" OnceExecutedPrefix="csse376_puerto_rico.Player.java" OptBodyExec="true">
<StmntSeq Intrnl_Id="87">
<LocList>
<Loc EndOffset="1437" SrcFileId="3" StartOffset="1416"/>
</LocList>
<BasicStmnt CovItemId="S14" CovItemPrefix="csse376_puerto_rico.Player.java" Intrnl_Id="88">
<LocList>
<Loc EndOffset="1437" SrcFileId="3" StartOffset="1416"/>
</LocList>
</BasicStmnt>
</StmntSeq>
<Keyword EndOffset="1377" SrcFileId="3" StartOffset="1374"/>
<LocList>
<Loc EndOffset="1442" SrcFileId="3" StartOffset="1374"/>
</LocList>
</LoopStmnt>
</StmntSeq>
</HierarchyLvl>
<HierarchyLvl HierarchyLvlId="10" HierarchyLvlTypeId="17" Intrnl_Id="89" Name="Player">
<Header>
<Loc EndOffset="1477" SrcFileId="3" StartOffset="1451"/>
</Header>
<LocList>
<Loc EndOffset="1671" SrcFileId="3" StartOffset="1451"/>
</LocList>
<StmntSeq Intrnl_Id="90">
<LocList>
<Loc EndOffset="1500" SrcFileId="3" StartOffset="1483"/>
<Loc EndOffset="1523" SrcFileId="3" StartOffset="1504"/>
<Loc EndOffset="1551" SrcFileId="3" StartOffset="1527"/>
<Loc EndOffset="1575" SrcFileId="3" StartOffset="1555"/>
<Loc EndOffset="1595" SrcFileId="3" StartOffset="1579"/>
<Loc EndOffset="1667" SrcFileId="3" StartOffset="1599"/>
</LocList>
<BasicStmnt CovItemId="S15" CovItemPrefix="csse376_puerto_rico.Player.java" Intrnl_Id="91">
<LocList>
<Loc EndOffset="1500" SrcFileId="3" StartOffset="1483"/>
</LocList>
</BasicStmnt>
<BasicStmnt CovItemId="S16" CovItemPrefix="csse376_puerto_rico.Player.java" Intrnl_Id="92">
<LocList>
<Loc EndOffset="1523" SrcFileId="3" StartOffset="1504"/>
</LocList>
</BasicStmnt>
<BasicStmnt CovItemId="S17" CovItemPrefix="csse376_puerto_rico.Player.java" Intrnl_Id="93">
<LocList>
<Loc EndOffset="1551" SrcFileId="3" StartOffset="1527"/>
</LocList>
</BasicStmnt>
<BasicStmnt CovItemId="S18" CovItemPrefix="csse376_puerto_rico.Player.java" Intrnl_Id="94">
<LocList>
<Loc EndOffset="1575" SrcFileId="3" StartOffset="1555"/>
</LocList>
</BasicStmnt>
<BasicStmnt CovItemId="S19" CovItemPrefix="csse376_puerto_rico.Player.java" Intrnl_Id="95">
<LocList>
<Loc EndOffset="1595" SrcFileId="3" StartOffset="1579"/>
</LocList>
</BasicStmnt>
<LoopStmnt CovItemId="S20" CovItemPrefix="csse376_puerto_rico.Player.java" Intrnl_Id="96" MltplExecId="L2-2" MltplExecPrefix="csse376_puerto_rico.Player.java" NvrExecId="L2-0" NvrExecPrefix="csse376_puerto_rico.Player.java" OnceExecutedId="L2-1" OnceExecutedPrefix="csse376_puerto_rico.Player.java" OptBodyExec="true">
<StmntSeq Intrnl_Id="97">
<LocList>
<Loc EndOffset="1662" SrcFileId="3" StartOffset="1641"/>
</LocList>
<BasicStmnt CovItemId="S21" CovItemPrefix="csse376_puerto_rico.Player.java" Intrnl_Id="98">
<LocList>
<Loc EndOffset="1662" SrcFileId="3" StartOffset="1641"/>
</LocList>
</BasicStmnt>
</StmntSeq>
<Keyword EndOffset="1602" SrcFileId="3" StartOffset="1599"/>
<LocList>
<Loc EndOffset="1667" SrcFileId="3" StartOffset="1599"/>
</LocList>
</LoopStmnt>
</StmntSeq>
</HierarchyLvl>
<HierarchyLvl HierarchyLvlId="11" HierarchyLvlTypeId="17" Intrnl_Id="99" Name="setPlayerNum">
<Header>
<Loc EndOffset="1707" SrcFileId="3" StartOffset="1676"/>
</Header>
<LocList>
<Loc EndOffset="1733" SrcFileId="3" StartOffset="1676"/>
</LocList>
<StmntSeq Intrnl_Id="100">
<LocList>
<Loc EndOffset="1727" SrcFileId="3" StartOffset="1713"/>
</LocList>
<BasicStmnt CovItemId="S22" CovItemPrefix="csse376_puerto_rico.Player.java" Intrnl_Id="101">
<LocList>
<Loc EndOffset="1727" SrcFileId="3" StartOffset="1713"/>
</LocList>
</BasicStmnt>
</StmntSeq>
</HierarchyLvl>
<HierarchyLvl HierarchyLvlId="12" HierarchyLvlTypeId="17" Intrnl_Id="102" Name="getPlayerNum">
<Header>
<Loc EndOffset="1763" SrcFileId="3" StartOffset="1738"/>
</Header>
<LocList>
<Loc EndOffset="1790" SrcFileId="3" StartOffset="1738"/>
</LocList>
<StmntSeq Intrnl_Id="103">
<LocList>
<Loc EndOffset="1786" SrcFileId="3" StartOffset="1769"/>
</LocList>
<BasicStmnt CovItemId="S23" CovItemPrefix="csse376_puerto_rico.Player.java" Intrnl_Id="104">
<LocList>
<Loc EndOffset="1786" SrcFileId="3" StartOffset="1769"/>
</LocList>
</BasicStmnt>
</StmntSeq>
</HierarchyLvl>
<HierarchyLvl HierarchyLvlId="13" HierarchyLvlTypeId="17" Intrnl_Id="105" Name="getRole">
<Header>
<Loc EndOffset="1818" SrcFileId="3" StartOffset="1795"/>
</Header>
<LocList>
<Loc EndOffset="1845" SrcFileId="3" StartOffset="1795"/>
</LocList>
<StmntSeq Intrnl_Id="106">
<LocList>
<Loc EndOffset="1841" SrcFileId="3" StartOffset="1824"/>
</LocList>
<BasicStmnt CovItemId="S24" CovItemPrefix="csse376_puerto_rico.Player.java" Intrnl_Id="107">
<LocList>
<Loc EndOffset="1841" SrcFileId="3" StartOffset="1824"/>
</LocList>
</BasicStmnt>
</StmntSeq>
</HierarchyLvl>
<HierarchyLvl HierarchyLvlId="14" HierarchyLvlTypeId="17" Intrnl_Id="108" Name="getRoles">
<Header>
<Loc EndOffset="1887" SrcFileId="3" StartOffset="1850"/>
</Header>
<LocList>
<Loc EndOffset="1912" SrcFileId="3" StartOffset="1850"/>
</LocList>
<StmntSeq Intrnl_Id="109">
<LocList>
<Loc EndOffset="1908" SrcFileId="3" StartOffset="1895"/>
</LocList>
<BasicStmnt CovItemId="S25" CovItemPrefix="csse376_puerto_rico.Player.java" Intrnl_Id="110">
<LocList>
<Loc EndOffset="1908" SrcFileId="3" StartOffset="1895"/>
</LocList>
</BasicStmnt>
</StmntSeq>
</HierarchyLvl>
<HierarchyLvl HierarchyLvlId="15" HierarchyLvlTypeId="17" Intrnl_Id="111" Name="getPoints">
<Header>
<Loc EndOffset="1939" SrcFileId="3" StartOffset="1917"/>
</Header>
<LocList>
<Loc EndOffset="1963" SrcFileId="3" StartOffset="1917"/>
</LocList>
<StmntSeq Intrnl_Id="112">
<LocList>
<Loc EndOffset="1959" SrcFileId="3" StartOffset="1945"/>
</LocList>
<BasicStmnt CovItemId="S26" CovItemPrefix="csse376_puerto_rico.Player.java" Intrnl_Id="113">
<LocList>
<Loc EndOffset="1959" SrcFileId="3" StartOffset="1945"/>
</LocList>
</BasicStmnt>
</StmntSeq>
</HierarchyLvl>
<HierarchyLvl HierarchyLvlId="16" HierarchyLvlTypeId="17" Intrnl_Id="114" Name="getHUD">
<Header>
<Loc EndOffset="1993" SrcFileId="3" StartOffset="1968"/>
</Header>
<LocList>
<Loc EndOffset="2019" SrcFileId="3" StartOffset="1968"/>
</LocList>
<StmntSeq Intrnl_Id="115">
<LocList>
<Loc EndOffset="2015" SrcFileId="3" StartOffset="1999"/>
</LocList>
<BasicStmnt CovItemId="S27" CovItemPrefix="csse376_puerto_rico.Player.java" Intrnl_Id="116">
<LocList>
<Loc EndOffset="2015" SrcFileId="3" StartOffset="1999"/>
</LocList>
</BasicStmnt>
</StmntSeq>
</HierarchyLvl>
<HierarchyLvl HierarchyLvlId="17" HierarchyLvlTypeId="17" Intrnl_Id="117" Name="setHUD">
<Header>
<Loc EndOffset="2057" SrcFileId="3" StartOffset="2024"/>
</Header>
<LocList>
<Loc EndOffset="2082" SrcFileId="3" StartOffset="2024"/>
</LocList>
<StmntSeq Intrnl_Id="118">
<LocList>
<Loc EndOffset="2078" SrcFileId="3" StartOffset="2063"/>
</LocList>
<BasicStmnt CovItemId="S28" CovItemPrefix="csse376_puerto_rico.Player.java" Intrnl_Id="119">
<LocList>
<Loc EndOffset="2078" SrcFileId="3" StartOffset="2063"/>
</LocList>
</BasicStmnt>
</StmntSeq>
</HierarchyLvl>
<HierarchyLvl HierarchyLvlId="18" HierarchyLvlTypeId="17" Intrnl_Id="120" Name="isGovernor">
<Header>
<Loc EndOffset="2114" SrcFileId="3" StartOffset="2087"/>
</Header>
<LocList>
<Loc EndOffset="2142" SrcFileId="3" StartOffset="2087"/>
</LocList>
<StmntSeq Intrnl_Id="121">
<LocList>
<Loc EndOffset="2138" SrcFileId="3" StartOffset="2120"/>
</LocList>
<BasicStmnt CovItemId="S29" CovItemPrefix="csse376_puerto_rico.Player.java" Intrnl_Id="122">
<LocList>
<Loc EndOffset="2138" SrcFileId="3" StartOffset="2120"/>
</LocList>
</BasicStmnt>
</StmntSeq>
</HierarchyLvl>
<HierarchyLvl HierarchyLvlId="19" HierarchyLvlTypeId="17" Intrnl_Id="123" Name="addPoints">
<Header>
<Loc EndOffset="2182" SrcFileId="3" StartOffset="2147"/>
</Header>
<LocList>
<Loc EndOffset="2229" SrcFileId="3" StartOffset="2147"/>
</LocList>
<StmntSeq Intrnl_Id="124">
<LocList>
<Loc EndOffset="2225" SrcFileId="3" StartOffset="2188"/>
</LocList>
<BasicStmnt CovItemId="S30" CovItemPrefix="csse376_puerto_rico.Player.java" Intrnl_Id="125">
<LocList>
<Loc EndOffset="2225" SrcFileId="3" StartOffset="2188"/>
</LocList>
</BasicStmnt>
</StmntSeq>
</HierarchyLvl>
<HierarchyLvl HierarchyLvlId="20" HierarchyLvlTypeId="17" Intrnl_Id="126" Name="setPoints">
<Header>
<Loc EndOffset="2284" SrcFileId="3" StartOffset="2251"/>
</Header>
<LocList>
<Loc EndOffset="2364" SrcFileId="3" StartOffset="2251"/>
</LocList>
<StmntSeq Intrnl_Id="127">
<LocList>
<Loc EndOffset="2360" SrcFileId="3" StartOffset="2339"/>
</LocList>
<BasicStmnt CovItemId="S31" CovItemPrefix="csse376_puerto_rico.Player.java" Intrnl_Id="128">
<LocList>
<Loc EndOffset="2360" SrcFileId="3" StartOffset="2339"/>
</LocList>
</BasicStmnt>
</StmntSeq>
</HierarchyLvl>
<HierarchyLvl HierarchyLvlId="21" HierarchyLvlTypeId="17" Intrnl_Id="129" Name="setRole">
<Header>
<Loc EndOffset="2403" SrcFileId="3" StartOffset="2369"/>
</Header>
<LocList>
<Loc EndOffset="2432" SrcFileId="3" StartOffset="2369"/>
</LocList>
<StmntSeq Intrnl_Id="130">
<LocList>
<Loc EndOffset="2428" SrcFileId="3" StartOffset="2409"/>
</LocList>
<BasicStmnt CovItemId="S32" CovItemPrefix="csse376_puerto_rico.Player.java" Intrnl_Id="131">
<LocList>
<Loc EndOffset="2428" SrcFileId="3" StartOffset="2409"/>
</LocList>
</BasicStmnt>
</StmntSeq>
</HierarchyLvl>
<HierarchyLvl HierarchyLvlId="22" HierarchyLvlTypeId="17" Intrnl_Id="132" Name="addBuilding">
<Header>
<Loc EndOffset="2479" SrcFileId="3" StartOffset="2437"/>
</Header>
<LocList>
<Loc EndOffset="2513" SrcFileId="3" StartOffset="2437"/>
</LocList>
<StmntSeq Intrnl_Id="133">
<LocList>
<Loc EndOffset="2509" SrcFileId="3" StartOffset="2485"/>
</LocList>
<BasicStmnt CovItemId="S33" CovItemPrefix="csse376_puerto_rico.Player.java" Intrnl_Id="134">
<LocList>
<Loc EndOffset="2509" SrcFileId="3" StartOffset="2485"/>
</LocList>
</BasicStmnt>
</StmntSeq>
</HierarchyLvl>
<HierarchyLvl HierarchyLvlId="23" HierarchyLvlTypeId="17" Intrnl_Id="135" Name="getBuildingsStringList">
<Header>
<Loc EndOffset="2567" SrcFileId="3" StartOffset="2518"/>
</Header>
<LocList>
<Loc EndOffset="2705" SrcFileId="3" StartOffset="2518"/>
</LocList>
<StmntSeq Intrnl_Id="136">
<LocList>
<Loc EndOffset="2621" SrcFileId="3" StartOffset="2573"/>
<Loc EndOffset="2686" SrcFileId="3" StartOffset="2625"/>
<Loc EndOffset="2701" SrcFileId="3" StartOffset="2690"/>
</LocList>
<BasicStmnt CovItemId="S34" CovItemPrefix="csse376_puerto_rico.Player.java" Intrnl_Id="137">
<LocList>
<Loc EndOffset="2621" SrcFileId="3" StartOffset="2573"/>
</LocList>
</BasicStmnt>
<LoopStmnt CovItemId="S35" CovItemPrefix="csse376_puerto_rico.Player.java" Intrnl_Id="138" MltplExecId="L3-2" MltplExecPrefix="csse376_puerto_rico.Player.java" NvrExecId="L3-0" NvrExecPrefix="csse376_puerto_rico.Player.java" OnceExecutedId="L3-1" OnceExecutedPrefix="csse376_puerto_rico.Player.java" OptBodyExec="true">
<StmntSeq Intrnl_Id="139">
<LocList>
<Loc EndOffset="2681" SrcFileId="3" StartOffset="2665"/>
</LocList>
<BasicStmnt CovItemId="S36" CovItemPrefix="csse376_puerto_rico.Player.java" Intrnl_Id="140">
<LocList>
<Loc EndOffset="2681" SrcFileId="3" StartOffset="2665"/>
</LocList>
</BasicStmnt>
</StmntSeq>
<Keyword EndOffset="2628" SrcFileId="3" StartOffset="2625"/>
<LocList>
<Loc EndOffset="2686" SrcFileId="3" StartOffset="2625"/>
</LocList>
</LoopStmnt>
<BasicStmnt CovItemId="S37" CovItemPrefix="csse376_puerto_rico.Player.java" Intrnl_Id="141">
<LocList>
<Loc EndOffset="2701" SrcFileId="3" StartOffset="2690"/>
</LocList>
</BasicStmnt>
</StmntSeq>
</HierarchyLvl>
<HierarchyLvl HierarchyLvlId="24" HierarchyLvlTypeId="17" Intrnl_Id="142" Name="getBuildings">
<Header>
<Loc EndOffset="2751" SrcFileId="3" StartOffset="2710"/>
</Header>
<LocList>
<Loc EndOffset="2783" SrcFileId="3" StartOffset="2710"/>
</LocList>
<StmntSeq Intrnl_Id="143">
<LocList>
<Loc EndOffset="2779" SrcFileId="3" StartOffset="2757"/>
</LocList>
<BasicStmnt CovItemId="S38" CovItemPrefix="csse376_puerto_rico.Player.java" Intrnl_Id="144">
<LocList>
<Loc EndOffset="2779" SrcFileId="3" StartOffset="2757"/>
</LocList>
</BasicStmnt>
</StmntSeq>
</HierarchyLvl>
<HierarchyLvl HierarchyLvlId="25" HierarchyLvlTypeId="17" Intrnl_Id="145" Name="getGoods">
<Header>
<Loc EndOffset="2818" SrcFileId="3" StartOffset="2788"/>
</Header>
<LocList>
<Loc EndOffset="3364" SrcFileId="3" StartOffset="2788"/>
</LocList>
<StmntSeq Intrnl_Id="146">
<LocList>
<Loc EndOffset="2873" SrcFileId="3" StartOffset="2830"/>
<Loc EndOffset="2957" SrcFileId="3" StartOffset="2877"/>
<Loc EndOffset="3044" SrcFileId="3" StartOffset="2961"/>
<Loc EndOffset="3117" SrcFileId="3" StartOffset="3048"/>
<Loc EndOffset="3193" SrcFileId="3" StartOffset="3121"/>
<Loc EndOffset="3277" SrcFileId="3" StartOffset="3197"/>
<Loc EndOffset="3345" SrcFileId="3" StartOffset="3281"/>
<Loc EndOffset="3360" SrcFileId="3" StartOffset="3349"/>
</LocList>
<BasicStmnt CovItemId="S39" CovItemPrefix="csse376_puerto_rico.Player.java" Intrnl_Id="147">
<LocList>
<Loc EndOffset="2873" SrcFileId="3" StartOffset="2830"/>
</LocList>
</BasicStmnt>
<BasicStmnt CovItemId="S40" CovItemPrefix="csse376_puerto_rico.Player.java" Intrnl_Id="148">
<LocList>
<Loc EndOffset="2957" SrcFileId="3" StartOffset="2877"/>
</LocList>
</BasicStmnt>
<BasicStmnt CovItemId="S41" CovItemPrefix="csse376_puerto_rico.Player.java" Intrnl_Id="149">
<LocList>
<Loc EndOffset="3044" SrcFileId="3" StartOffset="2961"/>
</LocList>
</BasicStmnt>
<BasicStmnt CovItemId="S42" CovItemPrefix="csse376_puerto_rico.Player.java" Intrnl_Id="150">
<LocList>
<Loc EndOffset="3117" SrcFileId="3" StartOffset="3048"/>
</LocList>
</BasicStmnt>
<BasicStmnt CovItemId="S43" CovItemPrefix="csse376_puerto_rico.Player.java" Intrnl_Id="151">
<LocList>
<Loc EndOffset="3193" SrcFileId="3" StartOffset="3121"/>
</LocList>
</BasicStmnt>
<BasicStmnt CovItemId="S44" CovItemPrefix="csse376_puerto_rico.Player.java" Intrnl_Id="152">
<LocList>
<Loc EndOffset="3277" SrcFileId="3" StartOffset="3197"/>
</LocList>
</BasicStmnt>
<BasicStmnt CovItemId="S45" CovItemPrefix="csse376_puerto_rico.Player.java" Intrnl_Id="153">
<LocList>
<Loc EndOffset="3345" SrcFileId="3" StartOffset="3281"/>
</LocList>
</BasicStmnt>
<BasicStmnt CovItemId="S46" CovItemPrefix="csse376_puerto_rico.Player.java" Intrnl_Id="154">
<LocList>
<Loc EndOffset="3360" SrcFileId="3" StartOffset="3349"/>
</LocList>
</BasicStmnt>
</StmntSeq>
</HierarchyLvl>
<HierarchyLvl HierarchyLvlId="26" HierarchyLvlTypeId="17" Intrnl_Id="155" Name="getNumberOfGood">
<Header>
<Loc EndOffset="3408" SrcFileId="3" StartOffset="3369"/>
</Header>
<LocList>
<Loc EndOffset="3549" SrcFileId="3" StartOffset="3369"/>
</LocList>
<StmntSeq Intrnl_Id="156">
<LocList>
<Loc EndOffset="3511" SrcFileId="3" StartOffset="3457"/>
<Loc EndOffset="3543" SrcFileId="3" StartOffset="3515"/>
</LocList>
<CondStmnt CovItemId="S47" CovItemPrefix="csse376_puerto_rico.Player.java" Intrnl_Id="157">
<Branch CovItemId="B1" CovItemPrefix="csse376_puerto_rico.Player.java" Implct="false" Intrnl_Id="158">
<Cond/>
<LocList>
<Loc EndOffset="3511" SrcFileId="3" StartOffset="3491"/>
</LocList>
<StmntSeq Intrnl_Id="159">
<LocList>
<Loc EndOffset="3506" SrcFileId="3" StartOffset="3497"/>
</LocList>
<BasicStmnt CovItemId="S48" CovItemPrefix="csse376_puerto_rico.Player.java" Intrnl_Id="160">
<LocList>
<Loc EndOffset="3506" SrcFileId="3" StartOffset="3497"/>
</LocList>
</BasicStmnt>
</StmntSeq>
</Branch>
<Branch CovItemId="B2" CovItemPrefix="csse376_puerto_rico.Player.java" Implct="true" Intrnl_Id="161">
<Cond/>
<LocList/>
<StmntSeq Intrnl_Id="162">
<LocList/>
</StmntSeq>
</Branch>
<Keyword EndOffset="3459" SrcFileId="3" StartOffset="3457"/>
<LocList>
<Loc EndOffset="3511" SrcFileId="3" StartOffset="3457"/>
</LocList>
<RootTerm CovItemId="C1" CovItemPrefix="csse376_puerto_rico.Player.java" Intrnl_Id="163">
<BasicBoolTerm Intrnl_Id="164">
<LocList>
<Loc EndOffset="3489" SrcFileId="3" StartOffset="3461"/>
</LocList>
</BasicBoolTerm>
</RootTerm>
</CondStmnt>
<BasicStmnt CovItemId="S49" CovItemPrefix="csse376_puerto_rico.Player.java" Intrnl_Id="165">
<LocList>
<Loc EndOffset="3543" SrcFileId="3" StartOffset="3515"/>
</LocList>
</BasicStmnt>
</StmntSeq>
</HierarchyLvl>
<HierarchyLvl HierarchyLvlId="27" HierarchyLvlTypeId="17" Intrnl_Id="166" Name="getAllGoods">
<Header>
<Loc EndOffset="3587" SrcFileId="3" StartOffset="3554"/>
</Header>
<LocList>
<Loc EndOffset="3753" SrcFileId="3" StartOffset="3554"/>
</LocList>
<StmntSeq Intrnl_Id="167">
<LocList>
<Loc EndOffset="3636" SrcFileId="3" StartOffset="3593"/>
<Loc EndOffset="3734" SrcFileId="3" StartOffset="3640"/>
<Loc EndOffset="3749" SrcFileId="3" StartOffset="3738"/>
</LocList>
<BasicStmnt CovItemId="S50" CovItemPrefix="csse376_puerto_rico.Player.java" Intrnl_Id="168">
<LocList>
<Loc EndOffset="3636" SrcFileId="3" StartOffset="3593"/>
</LocList>
</BasicStmnt>
<BasicStmnt CovItemId="S51" CovItemPrefix="csse376_puerto_rico.Player.java" Intrnl_Id="169">
<LocList>
<Loc EndOffset="3734" SrcFileId="3" StartOffset="3640"/>
</LocList>
</BasicStmnt>
<BasicStmnt CovItemId="S52" CovItemPrefix="csse376_puerto_rico.Player.java" Intrnl_Id="170">
<LocList>
<Loc EndOffset="3749" SrcFileId="3" StartOffset="3738"/>
</LocList>
</BasicStmnt>
</StmntSeq>
</HierarchyLvl>
<HierarchyLvl HierarchyLvlId="28" HierarchyLvlTypeId="17" Intrnl_Id="171" Name="addGood">
<Header>
<Loc EndOffset="3802" SrcFileId="3" StartOffset="3758"/>
</Header>
<LocList>
<Loc EndOffset="3902" SrcFileId="3" StartOffset="3758"/>
</LocList>
<StmntSeq Intrnl_Id="172">
<LocList>
<Loc EndOffset="3898" SrcFileId="3" StartOffset="3846"/>
</LocList>
<BasicStmnt CovItemId="S53" CovItemPrefix="csse376_puerto_rico.Player.java" Intrnl_Id="173">
<LocList>
<Loc EndOffset="3898" SrcFileId="3" StartOffset="3846"/>
</LocList>
</BasicStmnt>
</StmntSeq>
</HierarchyLvl>
<HierarchyLvl HierarchyLvlId="29" HierarchyLvlTypeId="17" Intrnl_Id="174" Name="toString">
<Header>
<Loc EndOffset="3943" SrcFileId="3" StartOffset="3907"/>
</Header>
<LocList>
<Loc EndOffset="4759" SrcFileId="3" StartOffset="3907"/>
</LocList>
<StmntSeq Intrnl_Id="175">
<LocList>
<Loc EndOffset="3965" SrcFileId="3" StartOffset="3949"/>
<Loc EndOffset="3994" SrcFileId="3" StartOffset="3969"/>
<Loc EndOffset="4044" SrcFileId="3" StartOffset="3998"/>
<Loc EndOffset="4075" SrcFileId="3" StartOffset="4048"/>
<Loc EndOffset="4201" SrcFileId="3" StartOffset="4079"/>
<Loc EndOffset="4313" SrcFileId="3" StartOffset="4205"/>
<Loc EndOffset="4740" SrcFileId="3" StartOffset="4317"/>
<Loc EndOffset="4755" SrcFileId="3" StartOffset="4744"/>
</LocList>
<BasicStmnt CovItemId="S54" CovItemPrefix="csse376_puerto_rico.Player.java" Intrnl_Id="176">
<LocList>
<Loc EndOffset="3965" SrcFileId="3" StartOffset="3949"/>
</LocList>
</BasicStmnt>
<BasicStmnt CovItemId="S55" CovItemPrefix="csse376_puerto_rico.Player.java" Intrnl_Id="177">
<LocList>
<Loc EndOffset="3994" SrcFileId="3" StartOffset="3969"/>
</LocList>
</BasicStmnt>
<BasicStmnt CovItemId="S56" CovItemPrefix="csse376_puerto_rico.Player.java" Intrnl_Id="178">
<LocList>
<Loc EndOffset="4044" SrcFileId="3" StartOffset="3998"/>
</LocList>
</BasicStmnt>
<BasicStmnt CovItemId="S57" CovItemPrefix="csse376_puerto_rico.Player.java" Intrnl_Id="179">
<LocList>
<Loc EndOffset="4075" SrcFileId="3" StartOffset="4048"/>
</LocList>
</BasicStmnt>
<LoopStmnt CovItemId="S58" CovItemPrefix="csse376_puerto_rico.Player.java" Intrnl_Id="180" MltplExecId="L4-2" MltplExecPrefix="csse376_puerto_rico.Player.java" NvrExecId="L4-0" NvrExecPrefix="csse376_puerto_rico.Player.java" OnceExecutedId="L4-1" OnceExecutedPrefix="csse376_puerto_rico.Player.java" OptBodyExec="true">
<StmntSeq Intrnl_Id="181">
<LocList>
<Loc EndOffset="4196" SrcFileId="3" StartOffset="4133"/>
</LocList>
<BasicStmnt CovItemId="S59" CovItemPrefix="csse376_puerto_rico.Player.java" Intrnl_Id="182">
<LocList>
<Loc EndOffset="4196" SrcFileId="3" StartOffset="4133"/>
</LocList>
</BasicStmnt>
</StmntSeq>
<Keyword EndOffset="4082" SrcFileId="3" StartOffset="4079"/>
<LocList>
<Loc EndOffset="4201" SrcFileId="3" StartOffset="4079"/>
</LocList>
<RootTerm CovItemId="C2" CovItemPrefix="csse376_puerto_rico.Player.java" Intrnl_Id="183">
<BasicBoolTerm Intrnl_Id="184">
<LocList>
<Loc EndOffset="4120" SrcFileId="3" StartOffset="4095"/>
</LocList>
</BasicBoolTerm>
</RootTerm>
</LoopStmnt>
<LoopStmnt CovItemId="S60" CovItemPrefix="csse376_puerto_rico.Player.java" Intrnl_Id="185" MltplExecId="L5-2" MltplExecPrefix="csse376_puerto_rico.Player.java" NvrExecId="L5-0" NvrExecPrefix="csse376_puerto_rico.Player.java" OnceExecutedId="L5-1" OnceExecutedPrefix="csse376_puerto_rico.Player.java" OptBodyExec="true">
<StmntSeq Intrnl_Id="186">
<LocList>
<Loc EndOffset="4308" SrcFileId="3" StartOffset="4261"/>
</LocList>
<BasicStmnt CovItemId="S61" CovItemPrefix="csse376_puerto_rico.Player.java" Intrnl_Id="187">
<LocList>
<Loc EndOffset="4308" SrcFileId="3" StartOffset="4261"/>
</LocList>
</BasicStmnt>
</StmntSeq>
<Keyword EndOffset="4208" SrcFileId="3" StartOffset="4205"/>
<LocList>
<Loc EndOffset="4313" SrcFileId="3" StartOffset="4205"/>
</LocList>
<RootTerm CovItemId="C3" CovItemPrefix="csse376_puerto_rico.Player.java" Intrnl_Id="188">
<BasicBoolTerm Intrnl_Id="189">
<LocList>
<Loc EndOffset="4248" SrcFileId="3" StartOffset="4221"/>
</LocList>
</BasicBoolTerm>
</RootTerm>
</LoopStmnt>
<CondStmnt CovItemId="S62" CovItemPrefix="csse376_puerto_rico.Player.java" Intrnl_Id="190">
<Branch CovItemId="B3" CovItemPrefix="csse376_puerto_rico.Player.java" Implct="false" Intrnl_Id="191">
<Cond/>
<LocList>
<Loc EndOffset="4539" SrcFileId="3" StartOffset="4333"/>
</LocList>
<StmntSeq Intrnl_Id="192">
<LocList>
<Loc EndOffset="4534" SrcFileId="3" StartOffset="4339"/>
</LocList>
<BasicStmnt CovItemId="S63" CovItemPrefix="csse376_puerto_rico.Player.java" Intrnl_Id="193">
<LocList>
<Loc EndOffset="4534" SrcFileId="3" StartOffset="4339"/>
</LocList>
</BasicStmnt>
</StmntSeq>
</Branch>
<Branch CovItemId="B4" CovItemPrefix="csse376_puerto_rico.Player.java" Implct="false" Intrnl_Id="194">
<Cond>
<Loc EndOffset="4544" SrcFileId="3" StartOffset="4540"/>
</Cond>
<LocList>
<Loc EndOffset="4740" SrcFileId="3" StartOffset="4545"/>
</LocList>
<StmntSeq Intrnl_Id="195">
<LocList>
<Loc EndOffset="4735" SrcFileId="3" StartOffset="4551"/>
</LocList>
<BasicStmnt CovItemId="S64" CovItemPrefix="csse376_puerto_rico.Player.java" Intrnl_Id="196">
<LocList>
<Loc EndOffset="4735" SrcFileId="3" StartOffset="4551"/>
</LocList>
</BasicStmnt>
</StmntSeq>
</Branch>
<Keyword EndOffset="4319" SrcFileId="3" StartOffset="4317"/>
<LocList>
<Loc EndOffset="4740" SrcFileId="3" StartOffset="4317"/>
</LocList>
<RootTerm CovItemId="C4" CovItemPrefix="csse376_puerto_rico.Player.java" Intrnl_Id="197">
<BasicBoolTerm Intrnl_Id="198">
<LocList>
<Loc EndOffset="4331" SrcFileId="3" StartOffset="4321"/>
</LocList>
</BasicBoolTerm>
</RootTerm>
</CondStmnt>
<BasicStmnt CovItemId="S65" CovItemPrefix="csse376_puerto_rico.Player.java" Intrnl_Id="199">
<LocList>
<Loc EndOffset="4755" SrcFileId="3" StartOffset="4744"/>
</LocList>
</BasicStmnt>
</StmntSeq>
</HierarchyLvl>
<HierarchyLvl HierarchyLvlId="30" HierarchyLvlTypeId="17" Intrnl_Id="200" Name="updatePlayerInfo">
<Header>
<Loc EndOffset="4794" SrcFileId="3" StartOffset="4764"/>
</Header>
<LocList>
<Loc EndOffset="4838" SrcFileId="3" StartOffset="4764"/>
</LocList>
<StmntSeq Intrnl_Id="201">
<LocList>
<Loc EndOffset="4834" SrcFileId="3" StartOffset="4800"/>
</LocList>
<BasicStmnt CovItemId="S66" CovItemPrefix="csse376_puerto_rico.Player.java" Intrnl_Id="202">
<LocList>
<Loc EndOffset="4834" SrcFileId="3" StartOffset="4800"/>
</LocList>
</BasicStmnt>
</StmntSeq>
</HierarchyLvl>
<HierarchyLvl HierarchyLvlId="31" HierarchyLvlTypeId="17" Intrnl_Id="203" Name="getPlantations">
<Header>
<Loc EndOffset="4888" SrcFileId="3" StartOffset="4843"/>
</Header>
<LocList>
<Loc EndOffset="4922" SrcFileId="3" StartOffset="4843"/>
</LocList>
<StmntSeq Intrnl_Id="204">
<LocList>
<Loc EndOffset="4918" SrcFileId="3" StartOffset="4894"/>
</LocList>
<BasicStmnt CovItemId="S67" CovItemPrefix="csse376_puerto_rico.Player.java" Intrnl_Id="205">
<LocList>
<Loc EndOffset="4918" SrcFileId="3" StartOffset="4894"/>
</LocList>
</BasicStmnt>
</StmntSeq>
</HierarchyLvl>
<HierarchyLvl HierarchyLvlId="32" HierarchyLvlTypeId="17" Intrnl_Id="206" Name="getPlantationsStringList">
<Header>
<Loc EndOffset="4978" SrcFileId="3" StartOffset="4927"/>
</Header>
<LocList>
<Loc EndOffset="5120" SrcFileId="3" StartOffset="4927"/>
</LocList>
<StmntSeq Intrnl_Id="207">
<LocList>
<Loc EndOffset="5032" SrcFileId="3" StartOffset="4984"/>
<Loc EndOffset="5101" SrcFileId="3" StartOffset="5036"/>
<Loc EndOffset="5116" SrcFileId="3" StartOffset="5105"/>
</LocList>
<BasicStmnt CovItemId="S68" CovItemPrefix="csse376_puerto_rico.Player.java" Intrnl_Id="208">
<LocList>
<Loc EndOffset="5032" SrcFileId="3" StartOffset="4984"/>
</LocList>
</BasicStmnt>
<LoopStmnt CovItemId="S69" CovItemPrefix="csse376_puerto_rico.Player.java" Intrnl_Id="209" MltplExecId="L6-2" MltplExecPrefix="csse376_puerto_rico.Player.java" NvrExecId="L6-0" NvrExecPrefix="csse376_puerto_rico.Player.java" OnceExecutedId="L6-1" OnceExecutedPrefix="csse376_puerto_rico.Player.java" OptBodyExec="true">
<StmntSeq Intrnl_Id="210">
<LocList>
<Loc EndOffset="5096" SrcFileId="3" StartOffset="5080"/>
</LocList>
<BasicStmnt CovItemId="S70" CovItemPrefix="csse376_puerto_rico.Player.java" Intrnl_Id="211">
<LocList>
<Loc EndOffset="5096" SrcFileId="3" StartOffset="5080"/>
</LocList>
</BasicStmnt>
</StmntSeq>
<Keyword EndOffset="5039" SrcFileId="3" StartOffset="5036"/>
<LocList>
<Loc EndOffset="5101" SrcFileId="3" StartOffset="5036"/>
</LocList>
</LoopStmnt>
<BasicStmnt CovItemId="S71" CovItemPrefix="csse376_puerto_rico.Player.java" Intrnl_Id="212">
<LocList>
<Loc EndOffset="5116" SrcFileId="3" StartOffset="5105"/>
</LocList>
</BasicStmnt>
</StmntSeq>
</HierarchyLvl>
<HierarchyLvl HierarchyLvlId="33" HierarchyLvlTypeId="17" Intrnl_Id="213" Name="checkPlantation">
<Header>
<Loc EndOffset="5277" SrcFileId="3" StartOffset="5248"/>
</Header>
<LocList>
<Loc EndOffset="5422" SrcFileId="3" StartOffset="5248"/>
</LocList>
<StmntSeq Intrnl_Id="214">
<LocList>
<Loc EndOffset="5418" SrcFileId="3" StartOffset="5283"/>
</LocList>
<LoopStmnt CovItemId="S72" CovItemPrefix="csse376_puerto_rico.Player.java" Intrnl_Id="215" MltplExecId="L7-2" MltplExecPrefix="csse376_puerto_rico.Player.java" NvrExecId="L7-0" NvrExecPrefix="csse376_puerto_rico.Player.java" OnceExecutedId="L7-1" OnceExecutedPrefix="csse376_puerto_rico.Player.java" OptBodyExec="true">
<StmntSeq Intrnl_Id="216">
<LocList>
<Loc EndOffset="5413" SrcFileId="3" StartOffset="5327"/>
</LocList>
<CondStmnt CovItemId="S73" CovItemPrefix="csse376_puerto_rico.Player.java" Intrnl_Id="217">
<Branch CovItemId="B5" CovItemPrefix="csse376_puerto_rico.Player.java" Implct="false" Intrnl_Id="218">
<Cond/>
<LocList>
<Loc EndOffset="5413" SrcFileId="3" StartOffset="5344"/>
</LocList>
<StmntSeq Intrnl_Id="219">
<LocList>
<Loc EndOffset="5407" SrcFileId="3" StartOffset="5383"/>
</LocList>
<BasicStmnt CovItemId="S74" CovItemPrefix="csse376_puerto_rico.Player.java" Intrnl_Id="220">
<LocList>
<Loc EndOffset="5407" SrcFileId="3" StartOffset="5383"/>
</LocList>
</BasicStmnt>
</StmntSeq>
</Branch>
<Branch CovItemId="B6" CovItemPrefix="csse376_puerto_rico.Player.java" Implct="true" Intrnl_Id="221">
<Cond/>
<LocList/>
<StmntSeq Intrnl_Id="222">
<LocList/>
</StmntSeq>
</Branch>
<Keyword EndOffset="5329" SrcFileId="3" StartOffset="5327"/>
<LocList>
<Loc EndOffset="5413" SrcFileId="3" StartOffset="5327"/>
</LocList>
<RootTerm CovItemId="C5" CovItemPrefix="csse376_puerto_rico.Player.java" Intrnl_Id="223">
<BasicBoolTerm Intrnl_Id="224">
<LocList>
<Loc EndOffset="5342" SrcFileId="3" StartOffset="5331"/>
</LocList>
</BasicBoolTerm>
</RootTerm>
</CondStmnt>
</StmntSeq>
<Keyword EndOffset="5286" SrcFileId="3" StartOffset="5283"/>
<LocList>
<Loc EndOffset="5418" SrcFileId="3" StartOffset="5283"/>
</LocList>
</LoopStmnt>
</StmntSeq>
</HierarchyLvl>
<HierarchyLvl HierarchyLvlId="34" HierarchyLvlTypeId="17" Intrnl_Id="225" Name="getDoubloons">
<Header>
<Loc EndOffset="5453" SrcFileId="3" StartOffset="5428"/>
</Header>
<LocList>
<Loc EndOffset="5487" SrcFileId="3" StartOffset="5428"/>
</LocList>
<StmntSeq Intrnl_Id="226">
<LocList>
<Loc EndOffset="5483" SrcFileId="3" StartOffset="5461"/>
</LocList>
<BasicStmnt CovItemId="S75" CovItemPrefix="csse376_puerto_rico.Player.java" Intrnl_Id="227">
<LocList>
<Loc EndOffset="5483" SrcFileId="3" StartOffset="5461"/>
</LocList>
</BasicStmnt>
</StmntSeq>
</HierarchyLvl>
<HierarchyLvl HierarchyLvlId="35" HierarchyLvlTypeId="17" Intrnl_Id="228" Name="setDoubloons">
<Header>
<Loc EndOffset="5526" SrcFileId="3" StartOffset="5493"/>
</Header>
<LocList>
<Loc EndOffset="5559" SrcFileId="3" StartOffset="5493"/>
</LocList>
<StmntSeq Intrnl_Id="229">
<LocList>
<Loc EndOffset="5555" SrcFileId="3" StartOffset="5534"/>
</LocList>
<BasicStmnt CovItemId="S76" CovItemPrefix="csse376_puerto_rico.Player.java" Intrnl_Id="230">
<LocList>
<Loc EndOffset="5555" SrcFileId="3" StartOffset="5534"/>
</LocList>
</BasicStmnt>
</StmntSeq>
</HierarchyLvl>
</HierarchyLvl>
<HierarchyLvl HierarchyLvlId="41" HierarchyLvlTypeId="16" Intrnl_Id="231" Name="NextMoveButton">
<Header>
<Loc EndOffset="236" SrcFileId="4" StartOffset="193"/>
</Header>
<LocList>
<Loc EndOffset="1535" SrcFileId="4" StartOffset="193"/>
</LocList>
<HierarchyLvl HierarchyLvlId="39" HierarchyLvlTypeId="17" Intrnl_Id="232" Name="NextMoveButton">
<Header>
<Loc EndOffset="298" SrcFileId="4" StartOffset="275"/>
</Header>
<LocList>
<Loc EndOffset="886" SrcFileId="4" StartOffset="275"/>
</LocList>
<StmntSeq Intrnl_Id="233">
<LocList>
<Loc EndOffset="337" SrcFileId="4" StartOffset="306"/>
<Loc EndOffset="399" SrcFileId="4" StartOffset="341"/>
<Loc EndOffset="426" SrcFileId="4" StartOffset="403"/>
<Loc EndOffset="446" SrcFileId="4" StartOffset="430"/>
<Loc EndOffset="473" SrcFileId="4" StartOffset="450"/>
<Loc EndOffset="882" SrcFileId="4" StartOffset="880"/>
</LocList>
<BasicStmnt CovItemId="S1" CovItemPrefix="csse376_puerto_rico.NextMoveButton.java" Intrnl_Id="234">
<LocList>
<Loc EndOffset="337" SrcFileId="4" StartOffset="306"/>
</LocList>
</BasicStmnt>
<BasicStmnt CovItemId="S2" CovItemPrefix="csse376_puerto_rico.NextMoveButton.java" Intrnl_Id="235">
<LocList>
<Loc EndOffset="399" SrcFileId="4" StartOffset="341"/>
</LocList>
</BasicStmnt>
<BasicStmnt CovItemId="S3" CovItemPrefix="csse376_puerto_rico.NextMoveButton.java" Intrnl_Id="236">
<LocList>
<Loc EndOffset="426" SrcFileId="4" StartOffset="403"/>
</LocList>
</BasicStmnt>
<BasicStmnt CovItemId="S4" CovItemPrefix="csse376_puerto_rico.NextMoveButton.java" Intrnl_Id="237">
<LocList>
<Loc EndOffset="446" SrcFileId="4" StartOffset="430"/>
</LocList>
</BasicStmnt>
<BasicStmnt CovItemId="S5" CovItemPrefix="csse376_puerto_rico.NextMoveButton.java" Intrnl_Id="238">
<LocList>
<Loc EndOffset="473" SrcFileId="4" StartOffset="450"/>
<Loc EndOffset="882" SrcFileId="4" StartOffset="880"/>
</LocList>
</BasicStmnt>
</StmntSeq>
<HierarchyLvl HierarchyLvlId="38" HierarchyLvlTypeId="19" Intrnl_Id="239" Name="ActionListener">
<Header>
<Loc EndOffset="493" SrcFileId="4" StartOffset="477"/>
</Header>
<LocList>
<Loc EndOffset="880" SrcFileId="4" StartOffset="473"/>
</LocList>
<HierarchyLvl HierarchyLvlId="37" HierarchyLvlTypeId="17" Intrnl_Id="240" Name="actionPerformed">
<Header>
<Loc EndOffset="561" SrcFileId="4" StartOffset="505"/>
</Header>
<LocList>
<Loc EndOffset="875" SrcFileId="4" StartOffset="505"/>
</LocList>
<StmntSeq Intrnl_Id="241">
<LocList>
<Loc EndOffset="601" SrcFileId="4" StartOffset="569"/>
<Loc EndOffset="630" SrcFileId="4" StartOffset="607"/>
<Loc EndOffset="652" SrcFileId="4" StartOffset="636"/>
<Loc EndOffset="678" SrcFileId="4" StartOffset="658"/>
<Loc EndOffset="846" SrcFileId="4" StartOffset="684"/>
<Loc EndOffset="869" SrcFileId="4" StartOffset="858"/>
</LocList>
<BasicStmnt CovItemId="S6" CovItemPrefix="csse376_puerto_rico.NextMoveButton.java" Intrnl_Id="242">
<LocList>
<Loc EndOffset="601" SrcFileId="4" StartOffset="569"/>
</LocList>
</BasicStmnt>
<BasicStmnt CovItemId="S7" CovItemPrefix="csse376_puerto_rico.NextMoveButton.java" Intrnl_Id="243">
<LocList>
<Loc EndOffset="630" SrcFileId="4" StartOffset="607"/>
</LocList>
</BasicStmnt>
<BasicStmnt CovItemId="S8" CovItemPrefix="csse376_puerto_rico.NextMoveButton.java" Intrnl_Id="244">
<LocList>
<Loc EndOffset="652" SrcFileId="4" StartOffset="636"/>
</LocList>
</BasicStmnt>
<BasicStmnt CovItemId="S9" CovItemPrefix="csse376_puerto_rico.NextMoveButton.java" Intrnl_Id="245">
<LocList>
<Loc EndOffset="678" SrcFileId="4" StartOffset="658"/>
</LocList>
</BasicStmnt>
<CondStmnt CovItemId="S10" CovItemPrefix="csse376_puerto_rico.NextMoveButton.java" Intrnl_Id="246">
<Branch CovItemId="B1" CovItemPrefix="csse376_puerto_rico.NextMoveButton.java" Implct="false" Intrnl_Id="247">
<Cond/>
<LocList>
<Loc EndOffset="846" SrcFileId="4" StartOffset="739"/>
</LocList>
<StmntSeq Intrnl_Id="248">
<LocList>
<Loc EndOffset="792" SrcFileId="4" StartOffset="747"/>
<Loc EndOffset="839" SrcFileId="4" StartOffset="799"/>
</LocList>
<BasicStmnt CovItemId="S11" CovItemPrefix="csse376_puerto_rico.NextMoveButton.java" Intrnl_Id="249">
<LocList>
<Loc EndOffset="792" SrcFileId="4" StartOffset="747"/>
</LocList>
</BasicStmnt>
<BasicStmnt CovItemId="S12" CovItemPrefix="csse376_puerto_rico.NextMoveButton.java" Intrnl_Id="250">
<LocList>
<Loc EndOffset="839" SrcFileId="4" StartOffset="799"/>
</LocList>
</BasicStmnt>
</StmntSeq>
</Branch>
<Branch CovItemId="B2" CovItemPrefix="csse376_puerto_rico.NextMoveButton.java" Implct="true" Intrnl_Id="251">
<Cond/>
<LocList/>
<StmntSeq Intrnl_Id="252">
<LocList/>
</StmntSeq>
</Branch>
<Keyword EndOffset="686" SrcFileId="4" StartOffset="684"/>
<LocList>
<Loc EndOffset="846" SrcFileId="4" StartOffset="684"/>
</LocList>
<RootTerm CovItemId="C1" CovItemPrefix="csse376_puerto_rico.NextMoveButton.java" Intrnl_Id="253">
<OpTerm BooleanOpId="13" Intrnl_Id="254">
<BasicBoolTerm Intrnl_Id="255">
<LocList>
<Loc EndOffset="699" SrcFileId="4" StartOffset="687"/>
</LocList>
</BasicBoolTerm>
<BasicBoolTerm Intrnl_Id="256">
<LocList>
<Loc EndOffset="732" SrcFileId="4" StartOffset="703"/>
</LocList>
</BasicBoolTerm>
<LocList>
<Loc EndOffset="702" SrcFileId="4" StartOffset="700"/>
</LocList>
</OpTerm>
</RootTerm>
</CondStmnt>
<BasicStmnt CovItemId="S13" CovItemPrefix="csse376_puerto_rico.NextMoveButton.java" Intrnl_Id="257">
<LocList>
<Loc EndOffset="869" SrcFileId="4" StartOffset="858"/>
</LocList>
</BasicStmnt>
</StmntSeq>
</HierarchyLvl>
</HierarchyLvl>
</HierarchyLvl>
<HierarchyLvl HierarchyLvlId="40" HierarchyLvlTypeId="17" Intrnl_Id="258" Name="makeMove">
<Header>
<Loc EndOffset="911" SrcFileId="4" StartOffset="889"/>
</Header>
<LocList>
<Loc EndOffset="1532" SrcFileId="4" StartOffset="889"/>
</LocList>
<StmntSeq Intrnl_Id="259">
<LocList>
<Loc EndOffset="1493" SrcFileId="4" StartOffset="1217"/>
<Loc EndOffset="1528" SrcFileId="4" StartOffset="1497"/>
</LocList>
<LoopStmnt CovItemId="S14" CovItemPrefix="csse376_puerto_rico.NextMoveButton.java" Intrnl_Id="260" MltplExecId="L1-2" MltplExecPrefix="csse376_puerto_rico.NextMoveButton.java" NvrExecId="L1-0" NvrExecPrefix="csse376_puerto_rico.NextMoveButton.java" OnceExecutedId="L1-1" OnceExecutedPrefix="csse376_puerto_rico.NextMoveButton.java" OptBodyExec="true">
<StmntSeq Intrnl_Id="261">
<LocList>
<Loc EndOffset="1488" SrcFileId="4" StartOffset="1260"/>
</LocList>
<CondStmnt CovItemId="S15" CovItemPrefix="csse376_puerto_rico.NextMoveButton.java" Intrnl_Id="262">
<Branch CovItemId="B3" CovItemPrefix="csse376_puerto_rico.NextMoveButton.java" Implct="false" Intrnl_Id="263">
<Cond/>
<LocList>
<Loc EndOffset="1488" SrcFileId="4" StartOffset="1290"/>
</LocList>
<StmntSeq Intrnl_Id="264">
<LocList>
<Loc EndOffset="1327" SrcFileId="4" StartOffset="1297"/>
<Loc EndOffset="1470" SrcFileId="4" StartOffset="1333"/>
<Loc EndOffset="1482" SrcFileId="4" StartOffset="1476"/>
</LocList>
<BasicStmnt CovItemId="S16" CovItemPrefix="csse376_puerto_rico.NextMoveButton.java" Intrnl_Id="265">
<LocList>
<Loc EndOffset="1327" SrcFileId="4" StartOffset="1297"/>
</LocList>
</BasicStmnt>
<CondStmnt CovItemId="S17" CovItemPrefix="csse376_puerto_rico.NextMoveButton.java" Intrnl_Id="266">
<Branch CovItemId="B5" CovItemPrefix="csse376_puerto_rico.NextMoveButton.java" Implct="false" Intrnl_Id="267">
<Cond/>
<LocList>
<Loc EndOffset="1408" SrcFileId="4" StartOffset="1364"/>
</LocList>
<StmntSeq Intrnl_Id="268">
<LocList>
<Loc EndOffset="1401" SrcFileId="4" StartOffset="1372"/>
</LocList>
<BasicStmnt CovItemId="S18" CovItemPrefix="csse376_puerto_rico.NextMoveButton.java" Intrnl_Id="269">
<LocList>
<Loc EndOffset="1401" SrcFileId="4" StartOffset="1372"/>
</LocList>
</BasicStmnt>
</StmntSeq>
</Branch>
<Branch CovItemId="B6" CovItemPrefix="csse376_puerto_rico.NextMoveButton.java" Implct="false" Intrnl_Id="270">
<Cond>
<Loc EndOffset="1418" SrcFileId="4" StartOffset="1414"/>
</Cond>
<LocList>
<Loc EndOffset="1470" SrcFileId="4" StartOffset="1424"/>
</LocList>
<StmntSeq Intrnl_Id="271">
<LocList>
<Loc EndOffset="1463" SrcFileId="4" StartOffset="1432"/>
</LocList>
<BasicStmnt CovItemId="S19" CovItemPrefix="csse376_puerto_rico.NextMoveButton.java" Intrnl_Id="272">
<LocList>
<Loc EndOffset="1463" SrcFileId="4" StartOffset="1432"/>
</LocList>
</BasicStmnt>
</StmntSeq>
</Branch>
<Keyword EndOffset="1335" SrcFileId="4" StartOffset="1333"/>
<LocList>
<Loc EndOffset="1470" SrcFileId="4" StartOffset="1333"/>
</LocList>
<RootTerm CovItemId="C4" CovItemPrefix="csse376_puerto_rico.NextMoveButton.java" Intrnl_Id="273">
<BasicBoolTerm Intrnl_Id="274">
<LocList>
<Loc EndOffset="1357" SrcFileId="4" StartOffset="1336"/>
</LocList>
</BasicBoolTerm>
</RootTerm>
</CondStmnt>
<BasicStmnt CovItemId="S20" CovItemPrefix="csse376_puerto_rico.NextMoveButton.java" Intrnl_Id="275">
<LocList>
<Loc EndOffset="1482" SrcFileId="4" StartOffset="1476"/>
</LocList>
</BasicStmnt>
</StmntSeq>
</Branch>
<Branch CovItemId="B4" CovItemPrefix="csse376_puerto_rico.NextMoveButton.java" Implct="true" Intrnl_Id="276">
<Cond/>
<LocList/>
<StmntSeq Intrnl_Id="277">
<LocList/>
</StmntSeq>
</Branch>
<Keyword EndOffset="1262" SrcFileId="4" StartOffset="1260"/>
<LocList>
<Loc EndOffset="1488" SrcFileId="4" StartOffset="1260"/>
</LocList>
<RootTerm CovItemId="C3" CovItemPrefix="csse376_puerto_rico.NextMoveButton.java" Intrnl_Id="278">
<BasicBoolTerm Intrnl_Id="279">
<LocList>
<Loc EndOffset="1284" SrcFileId="4" StartOffset="1263"/>
</LocList>
</BasicBoolTerm>
</RootTerm>
</CondStmnt>
</StmntSeq>
<Keyword EndOffset="1220" SrcFileId="4" StartOffset="1217"/>
<LocList>
<Loc EndOffset="1493" SrcFileId="4" StartOffset="1217"/>
</LocList>
<RootTerm CovItemId="C2" CovItemPrefix="csse376_puerto_rico.NextMoveButton.java" Intrnl_Id="280">
<BasicBoolTerm Intrnl_Id="281">
<LocList>
<Loc EndOffset="1245" SrcFileId="4" StartOffset="1229"/>
</LocList>
</BasicBoolTerm>
</RootTerm>
</LoopStmnt>
<BasicStmnt CovItemId="S21" CovItemPrefix="csse376_puerto_rico.NextMoveButton.java" Intrnl_Id="282">
<LocList>
<Loc EndOffset="1528" SrcFileId="4" StartOffset="1497"/>
</LocList>
</BasicStmnt>
</StmntSeq>
</HierarchyLvl>
</HierarchyLvl>
<HierarchyLvl HierarchyLvlId="43" HierarchyLvlTypeId="16" Intrnl_Id="283" Name="MenuGUI">
<Header>
<Loc EndOffset="297" SrcFileId="5" StartOffset="277"/>
</Header>
<LocList>
<Loc EndOffset="1547" SrcFileId="5" StartOffset="277"/>
</LocList>
<StmntSeq Intrnl_Id="284">
<LocList>
<Loc EndOffset="372" SrcFileId="5" StartOffset="340"/>
</LocList>
<BasicStmnt CovItemId="S1" CovItemPrefix="csse376_puerto_rico.MenuGUI.java" Intrnl_Id="285">
<LocList>
<Loc EndOffset="372" SrcFileId="5" StartOffset="340"/>
</LocList>
</BasicStmnt>
</StmntSeq>
<HierarchyLvl HierarchyLvlId="42" HierarchyLvlTypeId="17" Intrnl_Id="286" Name="MenuGUI">
<Header>
<Loc EndOffset="459" SrcFileId="5" StartOffset="443"/>
</Header>
<LocList>
<Loc EndOffset="1542" SrcFileId="5" StartOffset="443"/>
</LocList>
<StmntSeq Intrnl_Id="287">
<LocList>
<Loc EndOffset="513" SrcFileId="5" StartOffset="474"/>
<Loc EndOffset="560" SrcFileId="5" StartOffset="526"/>
<Loc EndOffset="605" SrcFileId="5" StartOffset="573"/>
<Loc EndOffset="680" SrcFileId="5" StartOffset="618"/>
<Loc EndOffset="882" SrcFileId="5" StartOffset="851"/>
<Loc EndOffset="929" SrcFileId="5" StartOffset="895"/>
<Loc EndOffset="996" SrcFileId="5" StartOffset="955"/>
<Loc EndOffset="1055" SrcFileId="5" StartOffset="1009"/>
<Loc EndOffset="1117" SrcFileId="5" StartOffset="1081"/>
<Loc EndOffset="1185" SrcFileId="5" StartOffset="1143"/>
<Loc EndOffset="1260" SrcFileId="5" StartOffset="1198"/>
<Loc EndOffset="1308" SrcFileId="5" StartOffset="1273"/>
<Loc EndOffset="1359" SrcFileId="5" StartOffset="1334"/>
<Loc EndOffset="1394" SrcFileId="5" StartOffset="1372"/>
<Loc EndOffset="1469" SrcFileId="5" StartOffset="1420"/>
<Loc EndOffset="1534" SrcFileId="5" StartOffset="1482"/>
</LocList>
<BasicStmnt CovItemId="S2" CovItemPrefix="csse376_puerto_rico.MenuGUI.java" Intrnl_Id="288">
<LocList>
<Loc EndOffset="513" SrcFileId="5" StartOffset="474"/>
</LocList>
</BasicStmnt>
<BasicStmnt CovItemId="S3" CovItemPrefix="csse376_puerto_rico.MenuGUI.java" Intrnl_Id="289">
<LocList>
<Loc EndOffset="560" SrcFileId="5" StartOffset="526"/>
</LocList>
</BasicStmnt>
<BasicStmnt CovItemId="S4" CovItemPrefix="csse376_puerto_rico.MenuGUI.java" Intrnl_Id="290">
<LocList>
<Loc EndOffset="605" SrcFileId="5" StartOffset="573"/>
</LocList>
</BasicStmnt>
<BasicStmnt CovItemId="S5" CovItemPrefix="csse376_puerto_rico.MenuGUI.java" Intrnl_Id="291">
<LocList>
<Loc EndOffset="680" SrcFileId="5" StartOffset="618"/>
</LocList>
</BasicStmnt>
<BasicStmnt CovItemId="S6" CovItemPrefix="csse376_puerto_rico.MenuGUI.java" Intrnl_Id="292">
<LocList>
<Loc EndOffset="882" SrcFileId="5" StartOffset="851"/>
</LocList>
</BasicStmnt>
<BasicStmnt CovItemId="S7" CovItemPrefix="csse376_puerto_rico.MenuGUI.java" Intrnl_Id="293">
<LocList>
<Loc EndOffset="929" SrcFileId="5" StartOffset="895"/>
</LocList>
</BasicStmnt>
<BasicStmnt CovItemId="S8" CovItemPrefix="csse376_puerto_rico.MenuGUI.java" Intrnl_Id="294">
<LocList>
<Loc EndOffset="996" SrcFileId="5" StartOffset="955"/>
</LocList>
</BasicStmnt>
<BasicStmnt CovItemId="S9" CovItemPrefix="csse376_puerto_rico.MenuGUI.java" Intrnl_Id="295">
<LocList>
<Loc EndOffset="1055" SrcFileId="5" StartOffset="1009"/>
</LocList>
</BasicStmnt>
<BasicStmnt CovItemId="S10" CovItemPrefix="csse376_puerto_rico.MenuGUI.java" Intrnl_Id="296">
<LocList>
<Loc EndOffset="1117" SrcFileId="5" StartOffset="1081"/>
</LocList>
</BasicStmnt>
<BasicStmnt CovItemId="S11" CovItemPrefix="csse376_puerto_rico.MenuGUI.java" Intrnl_Id="297">
<LocList>
<Loc EndOffset="1185" SrcFileId="5" StartOffset="1143"/>
</LocList>
</BasicStmnt>
<BasicStmnt CovItemId="S12" CovItemPrefix="csse376_puerto_rico.MenuGUI.java" Intrnl_Id="298">
<LocList>
<Loc EndOffset="1260" SrcFileId="5" StartOffset="1198"/>
</LocList>
</BasicStmnt>
<BasicStmnt CovItemId="S13" CovItemPrefix="csse376_puerto_rico.MenuGUI.java" Intrnl_Id="299">
<LocList>
<Loc EndOffset="1308" SrcFileId="5" StartOffset="1273"/>
</LocList>
</BasicStmnt>
<BasicStmnt CovItemId="S14" CovItemPrefix="csse376_puerto_rico.MenuGUI.java" Intrnl_Id="300">
<LocList>
<Loc EndOffset="1359" SrcFileId="5" StartOffset="1334"/>
</LocList>
</BasicStmnt>
<BasicStmnt CovItemId="S15" CovItemPrefix="csse376_puerto_rico.MenuGUI.java" Intrnl_Id="301">
<LocList>
<Loc EndOffset="1394" SrcFileId="5" StartOffset="1372"/>
</LocList>
</BasicStmnt>
<BasicStmnt CovItemId="S16" CovItemPrefix="csse376_puerto_rico.MenuGUI.java" Intrnl_Id="302">
<LocList>
<Loc EndOffset="1469" SrcFileId="5" StartOffset="1420"/>
</LocList>
</BasicStmnt>
<BasicStmnt CovItemId="S17" CovItemPrefix="csse376_puerto_rico.MenuGUI.java" Intrnl_Id="303">
<LocList>
<Loc EndOffset="1534" SrcFileId="5" StartOffset="1482"/>
</LocList>
</BasicStmnt>
</StmntSeq>
</HierarchyLvl>
</HierarchyLvl>
<HierarchyLvl HierarchyLvlId="45" HierarchyLvlTypeId="16" Intrnl_Id="304" Name="Main">
<Header>
<Loc EndOffset="47" SrcFileId="6" StartOffset="30"/>
</Header>
<LocList>
<Loc EndOffset="149" SrcFileId="6" StartOffset="30"/>
</LocList>
<HierarchyLvl HierarchyLvlId="44" HierarchyLvlTypeId="17" Intrnl_Id="305" Name="main">
<Header>
<Loc EndOffset="125" SrcFileId="6" StartOffset="87"/>
</Header>
<LocList>
<Loc EndOffset="147" SrcFileId="6" StartOffset="87"/>
</LocList>
<StmntSeq Intrnl_Id="306">
<LocList>
<Loc EndOffset="144" SrcFileId="6" StartOffset="130"/>
</LocList>
<BasicStmnt CovItemId="S1" CovItemPrefix="csse376_puerto_rico.Main.java" Intrnl_Id="307">
<LocList>
<Loc EndOffset="144" SrcFileId="6" StartOffset="130"/>
</LocList>
</BasicStmnt>
</StmntSeq>
</HierarchyLvl>
</HierarchyLvl>
<HierarchyLvl HierarchyLvlId="49" HierarchyLvlTypeId="16" Intrnl_Id="308" Name="GoodsButton">
<Header>
<Loc EndOffset="264" SrcFileId="7" StartOffset="224"/>
</Header>
<LocList>
<Loc EndOffset="1005" SrcFileId="7" StartOffset="224"/>
</LocList>
<HierarchyLvl HierarchyLvlId="48" HierarchyLvlTypeId="17" Intrnl_Id="309" Name="GoodsButton">
<Header>
<Loc EndOffset="438" SrcFileId="7" StartOffset="389"/>
</Header>
<LocList>
<Loc EndOffset="1002" SrcFileId="7" StartOffset="389"/>
</LocList>
<StmntSeq Intrnl_Id="310">
<LocList>
<Loc EndOffset="458" SrcFileId="7" StartOffset="446"/>
<Loc EndOffset="479" SrcFileId="7" StartOffset="462"/>
<Loc EndOffset="502" SrcFileId="7" StartOffset="483"/>
<Loc EndOffset="528" SrcFileId="7" StartOffset="506"/>
<Loc EndOffset="552" SrcFileId="7" StartOffset="532"/>
<Loc EndOffset="579" SrcFileId="7" StartOffset="556"/>
<Loc EndOffset="959" SrcFileId="7" StartOffset="957"/>
<Loc EndOffset="998" SrcFileId="7" StartOffset="967"/>
</LocList>
<BasicStmnt CovItemId="S1" CovItemPrefix="csse376_puerto_rico.GoodsButton.java" Intrnl_Id="311">
<LocList>
<Loc EndOffset="458" SrcFileId="7" StartOffset="446"/>
</LocList>
</BasicStmnt>
<BasicStmnt CovItemId="S2" CovItemPrefix="csse376_puerto_rico.GoodsButton.java" Intrnl_Id="312">
<LocList>
<Loc EndOffset="479" SrcFileId="7" StartOffset="462"/>
</LocList>
</BasicStmnt>
<BasicStmnt CovItemId="S3" CovItemPrefix="csse376_puerto_rico.GoodsButton.java" Intrnl_Id="313">
<LocList>
<Loc EndOffset="502" SrcFileId="7" StartOffset="483"/>
</LocList>
</BasicStmnt>
<BasicStmnt CovItemId="S4" CovItemPrefix="csse376_puerto_rico.GoodsButton.java" Intrnl_Id="314">
<LocList>
<Loc EndOffset="528" SrcFileId="7" StartOffset="506"/>
</LocList>
</BasicStmnt>
<BasicStmnt CovItemId="S5" CovItemPrefix="csse376_puerto_rico.GoodsButton.java" Intrnl_Id="315">
<LocList>
<Loc EndOffset="552" SrcFileId="7" StartOffset="532"/>
</LocList>
</BasicStmnt>
<BasicStmnt CovItemId="S6" CovItemPrefix="csse376_puerto_rico.GoodsButton.java" Intrnl_Id="316">
<LocList>
<Loc EndOffset="579" SrcFileId="7" StartOffset="556"/>
<Loc EndOffset="959" SrcFileId="7" StartOffset="957"/>
</LocList>
</BasicStmnt>
<BasicStmnt CovItemId="S12" CovItemPrefix="csse376_puerto_rico.GoodsButton.java" Intrnl_Id="317">
<LocList>
<Loc EndOffset="998" SrcFileId="7" StartOffset="967"/>
</LocList>
</BasicStmnt>
</StmntSeq>
<HierarchyLvl HierarchyLvlId="47" HierarchyLvlTypeId="19" Intrnl_Id="318" Name="ActionListener">
<Header>
<Loc EndOffset="599" SrcFileId="7" StartOffset="583"/>
</Header>
<LocList>
<Loc EndOffset="957" SrcFileId="7" StartOffset="579"/>
</LocList>
<HierarchyLvl HierarchyLvlId="46" HierarchyLvlTypeId="17" Intrnl_Id="319" Name="actionPerformed">
<Header>
<Loc EndOffset="667" SrcFileId="7" StartOffset="611"/>
</Header>
<LocList>
<Loc EndOffset="952" SrcFileId="7" StartOffset="611"/>
</LocList>
<StmntSeq Intrnl_Id="320">
<LocList>
<Loc EndOffset="946" SrcFileId="7" StartOffset="686"/>
</LocList>
<LoopStmnt CovItemId="S7" CovItemPrefix="csse376_puerto_rico.GoodsButton.java" Intrnl_Id="321" MltplExecId="L1-2" MltplExecPrefix="csse376_puerto_rico.GoodsButton.java" NvrExecId="L1-0" NvrExecPrefix="csse376_puerto_rico.GoodsButton.java" OnceExecutedId="L1-1" OnceExecutedPrefix="csse376_puerto_rico.GoodsButton.java" OptBodyExec="true">
<StmntSeq Intrnl_Id="322">
<LocList>
<Loc EndOffset="758" SrcFileId="7" StartOffset="735"/>
<Loc EndOffset="842" SrcFileId="7" StartOffset="766"/>
<Loc EndOffset="887" SrcFileId="7" StartOffset="850"/>
<Loc EndOffset="938" SrcFileId="7" StartOffset="895"/>
</LocList>
<BasicStmnt CovItemId="S8" CovItemPrefix="csse376_puerto_rico.GoodsButton.java" Intrnl_Id="323">
<LocList>
<Loc EndOffset="758" SrcFileId="7" StartOffset="735"/>
</LocList>
</BasicStmnt>
<BasicStmnt CovItemId="S9" CovItemPrefix="csse376_puerto_rico.GoodsButton.java" Intrnl_Id="324">
<LocList>
<Loc EndOffset="842" SrcFileId="7" StartOffset="766"/>
</LocList>
</BasicStmnt>
<BasicStmnt CovItemId="S10" CovItemPrefix="csse376_puerto_rico.GoodsButton.java" Intrnl_Id="325">
<LocList>
<Loc EndOffset="887" SrcFileId="7" StartOffset="850"/>
</LocList>
</BasicStmnt>
<BasicStmnt CovItemId="S11" CovItemPrefix="csse376_puerto_rico.GoodsButton.java" Intrnl_Id="326">
<LocList>
<Loc EndOffset="938" SrcFileId="7" StartOffset="895"/>
</LocList>
</BasicStmnt>
</StmntSeq>
<Keyword EndOffset="689" SrcFileId="7" StartOffset="686"/>
<LocList>
<Loc EndOffset="946" SrcFileId="7" StartOffset="686"/>
</LocList>
<RootTerm CovItemId="C1" CovItemPrefix="csse376_puerto_rico.GoodsButton.java" Intrnl_Id="327">
<BasicBoolTerm Intrnl_Id="328">
<LocList>
<Loc EndOffset="714" SrcFileId="7" StartOffset="698"/>
</LocList>
</BasicBoolTerm>
</RootTerm>
</LoopStmnt>
</StmntSeq>
</HierarchyLvl>
</HierarchyLvl>
</HierarchyLvl>
</HierarchyLvl>
<HierarchyLvl HierarchyLvlId="60" HierarchyLvlTypeId="16" Intrnl_Id="329" Name="GameState">
<Header>
<Loc EndOffset="233" SrcFileId="8" StartOffset="211"/>
</Header>
<LocList>
<Loc EndOffset="4082" SrcFileId="8" StartOffset="211"/>
</LocList>
<StmntSeq Intrnl_Id="330">
<LocList>
<Loc EndOffset="312" SrcFileId="8" StartOffset="240"/>
<Loc EndOffset="401" SrcFileId="8" StartOffset="375"/>
<Loc EndOffset="462" SrcFileId="8" StartOffset="436"/>
<Loc EndOffset="523" SrcFileId="8" StartOffset="497"/>
<Loc EndOffset="596" SrcFileId="8" StartOffset="558"/>
<Loc EndOffset="721" SrcFileId="8" StartOffset="685"/>
</LocList>
<BasicStmnt CovItemId="S1" CovItemPrefix="csse376_puerto_rico.GameState.java" Intrnl_Id="331">
<LocList>
<Loc EndOffset="312" SrcFileId="8" StartOffset="240"/>
</LocList>
</BasicStmnt>
<BasicStmnt CovItemId="S2" CovItemPrefix="csse376_puerto_rico.GameState.java" Intrnl_Id="332">
<LocList>
<Loc EndOffset="401" SrcFileId="8" StartOffset="375"/>
</LocList>
</BasicStmnt>
<BasicStmnt CovItemId="S3" CovItemPrefix="csse376_puerto_rico.GameState.java" Intrnl_Id="333">
<LocList>
<Loc EndOffset="462" SrcFileId="8" StartOffset="436"/>
</LocList>
</BasicStmnt>
<BasicStmnt CovItemId="S4" CovItemPrefix="csse376_puerto_rico.GameState.java" Intrnl_Id="334">
<LocList>
<Loc EndOffset="523" SrcFileId="8" StartOffset="497"/>
</LocList>
</BasicStmnt>
<BasicStmnt CovItemId="S5" CovItemPrefix="csse376_puerto_rico.GameState.java" Intrnl_Id="335">
<LocList>
<Loc EndOffset="596" SrcFileId="8" StartOffset="558"/>
</LocList>
</BasicStmnt>
<BasicStmnt CovItemId="S6" CovItemPrefix="csse376_puerto_rico.GameState.java" Intrnl_Id="336">
<LocList>
<Loc EndOffset="721" SrcFileId="8" StartOffset="685"/>
</LocList>
</BasicStmnt>
</StmntSeq>
<HierarchyLvl HierarchyLvlId="50" HierarchyLvlTypeId="17" Intrnl_Id="337" Name="GameState">
<Header>
<Loc EndOffset="744" SrcFileId="8" StartOffset="726"/>
</Header>
<LocList>
<Loc EndOffset="1092" SrcFileId="8" StartOffset="726"/>
</LocList>
<StmntSeq Intrnl_Id="338">
<LocList>
<Loc EndOffset="824" SrcFileId="8" StartOffset="791"/>
<Loc EndOffset="859" SrcFileId="8" StartOffset="828"/>
<Loc EndOffset="896" SrcFileId="8" StartOffset="863"/>
<Loc EndOffset="932" SrcFileId="8" StartOffset="900"/>
<Loc EndOffset="970" SrcFileId="8" StartOffset="936"/>
<Loc EndOffset="1013" SrcFileId="8" StartOffset="994"/>
<Loc EndOffset="1038" SrcFileId="8" StartOffset="1017"/>
<Loc EndOffset="1086" SrcFileId="8" StartOffset="1072"/>
</LocList>
<BasicStmnt CovItemId="S7" CovItemPrefix="csse376_puerto_rico.GameState.java" Intrnl_Id="339">
<LocList>
<Loc EndOffset="824" SrcFileId="8" StartOffset="791"/>
</LocList>
</BasicStmnt>
<BasicStmnt CovItemId="S8" CovItemPrefix="csse376_puerto_rico.GameState.java" Intrnl_Id="340">
<LocList>
<Loc EndOffset="859" SrcFileId="8" StartOffset="828"/>
</LocList>
</BasicStmnt>
<BasicStmnt CovItemId="S9" CovItemPrefix="csse376_puerto_rico.GameState.java" Intrnl_Id="341">
<LocList>
<Loc EndOffset="896" SrcFileId="8" StartOffset="863"/>
</LocList>
</BasicStmnt>
<BasicStmnt CovItemId="S10" CovItemPrefix="csse376_puerto_rico.GameState.java" Intrnl_Id="342">
<LocList>
<Loc EndOffset="932" SrcFileId="8" StartOffset="900"/>
</LocList>
</BasicStmnt>
<BasicStmnt CovItemId="S11" CovItemPrefix="csse376_puerto_rico.GameState.java" Intrnl_Id="343">
<LocList>
<Loc EndOffset="970" SrcFileId="8" StartOffset="936"/>
</LocList>
</BasicStmnt>
<BasicStmnt CovItemId="S12" CovItemPrefix="csse376_puerto_rico.GameState.java" Intrnl_Id="344">
<LocList>
<Loc EndOffset="1013" SrcFileId="8" StartOffset="994"/>
</LocList>
</BasicStmnt>
<BasicStmnt CovItemId="S13" CovItemPrefix="csse376_puerto_rico.GameState.java" Intrnl_Id="345">
<LocList>
<Loc EndOffset="1038" SrcFileId="8" StartOffset="1017"/>
</LocList>
</BasicStmnt>
<BasicStmnt CovItemId="S14" CovItemPrefix="csse376_puerto_rico.GameState.java" Intrnl_Id="346">
<LocList>
<Loc EndOffset="1086" SrcFileId="8" StartOffset="1072"/>
</LocList>
</BasicStmnt>
</StmntSeq>
</HierarchyLvl>
<HierarchyLvl HierarchyLvlId="51" HierarchyLvlTypeId="17" Intrnl_Id="347" Name="GameState">
<Header>
<Loc EndOffset="1136" SrcFileId="8" StartOffset="1097"/>
</Header>
<LocList>
<Loc EndOffset="1719" SrcFileId="8" StartOffset="1097"/>
</LocList>
<StmntSeq Intrnl_Id="348">
<LocList>
<Loc EndOffset="1224" SrcFileId="8" StartOffset="1191"/>
<Loc EndOffset="1259" SrcFileId="8" StartOffset="1228"/>
<Loc EndOffset="1296" SrcFileId="8" StartOffset="1263"/>
<Loc EndOffset="1332" SrcFileId="8" StartOffset="1300"/>
<Loc EndOffset="1370" SrcFileId="8" StartOffset="1336"/>
<Loc EndOffset="1416" SrcFileId="8" StartOffset="1392"/>
<Loc EndOffset="1451" SrcFileId="8" StartOffset="1420"/>
<Loc EndOffset="1487" SrcFileId="8" StartOffset="1455"/>
<Loc EndOffset="1665" SrcFileId="8" StartOffset="1491"/>
<Loc EndOffset="1713" SrcFileId="8" StartOffset="1699"/>
</LocList>
<BasicStmnt CovItemId="S15" CovItemPrefix="csse376_puerto_rico.GameState.java" Intrnl_Id="349">
<LocList>
<Loc EndOffset="1224" SrcFileId="8" StartOffset="1191"/>
</LocList>
</BasicStmnt>
<BasicStmnt CovItemId="S16" CovItemPrefix="csse376_puerto_rico.GameState.java" Intrnl_Id="350">
<LocList>
<Loc EndOffset="1259" SrcFileId="8" StartOffset="1228"/>
</LocList>
</BasicStmnt>
<BasicStmnt CovItemId="S17" CovItemPrefix="csse376_puerto_rico.GameState.java" Intrnl_Id="351">
<LocList>
<Loc EndOffset="1296" SrcFileId="8" StartOffset="1263"/>
</LocList>
</BasicStmnt>
<BasicStmnt CovItemId="S18" CovItemPrefix="csse376_puerto_rico.GameState.java" Intrnl_Id="352">
<LocList>
<Loc EndOffset="1332" SrcFileId="8" StartOffset="1300"/>
</LocList>
</BasicStmnt>
<BasicStmnt CovItemId="S19" CovItemPrefix="csse376_puerto_rico.GameState.java" Intrnl_Id="353">
<LocList>
<Loc EndOffset="1370" SrcFileId="8" StartOffset="1336"/>
</LocList>
</BasicStmnt>
<BasicStmnt CovItemId="S20" CovItemPrefix="csse376_puerto_rico.GameState.java" Intrnl_Id="354">
<LocList>
<Loc EndOffset="1416" SrcFileId="8" StartOffset="1392"/>
</LocList>
</BasicStmnt>
<BasicStmnt CovItemId="S21" CovItemPrefix="csse376_puerto_rico.GameState.java" Intrnl_Id="355">
<LocList>
<Loc EndOffset="1451" SrcFileId="8" StartOffset="1420"/>
</LocList>
</BasicStmnt>
<BasicStmnt CovItemId="S22" CovItemPrefix="csse376_puerto_rico.GameState.java" Intrnl_Id="356">
<LocList>
<Loc EndOffset="1487" SrcFileId="8" StartOffset="1455"/>
</LocList>
</BasicStmnt>
<CondStmnt CovItemId="S23" CovItemPrefix="csse376_puerto_rico.GameState.java" Intrnl_Id="357">
<Branch CovItemId="B1" CovItemPrefix="csse376_puerto_rico.GameState.java" Implct="false" Intrnl_Id="358">
<Cond/>
<LocList>
<Loc EndOffset="1545" SrcFileId="8" StartOffset="1514"/>
</LocList>
<StmntSeq Intrnl_Id="359">
<LocList>
<Loc EndOffset="1540" SrcFileId="8" StartOffset="1520"/>
</LocList>
<BasicStmnt CovItemId="S24" CovItemPrefix="csse376_puerto_rico.GameState.java" Intrnl_Id="360">
<LocList>
<Loc EndOffset="1540" SrcFileId="8" StartOffset="1520"/>
</LocList>
</BasicStmnt>
</StmntSeq>
</Branch>
<Branch CovItemId="B2" CovItemPrefix="csse376_puerto_rico.GameState.java" Implct="false" Intrnl_Id="361">
<Cond>
<Loc EndOffset="1550" SrcFileId="8" StartOffset="1546"/>
</Cond>
<LocList>
<Loc EndOffset="1665" SrcFileId="8" StartOffset="1551"/>
</LocList>
<StmntSeq Intrnl_Id="362">
<LocList>
<Loc EndOffset="1665" SrcFileId="8" StartOffset="1551"/>
</LocList>
<CondStmnt CovItemId="S25" CovItemPrefix="csse376_puerto_rico.GameState.java" Intrnl_Id="363">
<Branch CovItemId="B3" CovItemPrefix="csse376_puerto_rico.GameState.java" Implct="false" Intrnl_Id="364">
<Cond/>
<LocList>
<Loc EndOffset="1605" SrcFileId="8" StartOffset="1574"/>
</LocList>
<StmntSeq Intrnl_Id="365">
<LocList>
<Loc EndOffset="1600" SrcFileId="8" StartOffset="1580"/>
</LocList>
<BasicStmnt CovItemId="S26" CovItemPrefix="csse376_puerto_rico.GameState.java" Intrnl_Id="366">
<LocList>
<Loc EndOffset="1600" SrcFileId="8" StartOffset="1580"/>
</LocList>
</BasicStmnt>
</StmntSeq>
</Branch>
<Branch CovItemId="B4" CovItemPrefix="csse376_puerto_rico.GameState.java" Implct="false" Intrnl_Id="367">
<Cond>
<Loc EndOffset="1610" SrcFileId="8" StartOffset="1606"/>
</Cond>
<LocList>
<Loc EndOffset="1665" SrcFileId="8" StartOffset="1611"/>
</LocList>
<StmntSeq Intrnl_Id="368">
<LocList>
<Loc EndOffset="1665" SrcFileId="8" StartOffset="1611"/>
</LocList>
<CondStmnt CovItemId="S27" CovItemPrefix="csse376_puerto_rico.GameState.java" Intrnl_Id="369">
<Branch CovItemId="B5" CovItemPrefix="csse376_puerto_rico.GameState.java" Implct="false" Intrnl_Id="370">
<Cond/>
<LocList>
<Loc EndOffset="1665" SrcFileId="8" StartOffset="1634"/>
</LocList>
<StmntSeq Intrnl_Id="371">
<LocList>
<Loc EndOffset="1660" SrcFileId="8" StartOffset="1640"/>
</LocList>
<BasicStmnt CovItemId="S28" CovItemPrefix="csse376_puerto_rico.GameState.java" Intrnl_Id="372">
<LocList>
<Loc EndOffset="1660" SrcFileId="8" StartOffset="1640"/>
</LocList>
</BasicStmnt>
</StmntSeq>
</Branch>
<Branch CovItemId="B6" CovItemPrefix="csse376_puerto_rico.GameState.java" Implct="true" Intrnl_Id="373">
<Cond/>
<LocList/>
<StmntSeq Intrnl_Id="374">
<LocList/>
</StmntSeq>
</Branch>
<Keyword EndOffset="1613" SrcFileId="8" StartOffset="1611"/>
<LocList>
<Loc EndOffset="1665" SrcFileId="8" StartOffset="1611"/>
</LocList>
<RootTerm CovItemId="C3" CovItemPrefix="csse376_puerto_rico.GameState.java" Intrnl_Id="375">
<BasicBoolTerm Intrnl_Id="376">
<LocList>
<Loc EndOffset="1632" SrcFileId="8" StartOffset="1615"/>
</LocList>
</BasicBoolTerm>
</RootTerm>
</CondStmnt>
</StmntSeq>
</Branch>
<Keyword EndOffset="1553" SrcFileId="8" StartOffset="1551"/>
<LocList>
<Loc EndOffset="1665" SrcFileId="8" StartOffset="1551"/>
</LocList>
<RootTerm CovItemId="C2" CovItemPrefix="csse376_puerto_rico.GameState.java" Intrnl_Id="377">
<BasicBoolTerm Intrnl_Id="378">
<LocList>
<Loc EndOffset="1572" SrcFileId="8" StartOffset="1555"/>
</LocList>
</BasicBoolTerm>
</RootTerm>
</CondStmnt>
</StmntSeq>
</Branch>
<Keyword EndOffset="1493" SrcFileId="8" StartOffset="1491"/>
<LocList>
<Loc EndOffset="1665" SrcFileId="8" StartOffset="1491"/>
</LocList>
<RootTerm CovItemId="C1" CovItemPrefix="csse376_puerto_rico.GameState.java" Intrnl_Id="379">
<BasicBoolTerm Intrnl_Id="380">
<LocList>
<Loc EndOffset="1512" SrcFileId="8" StartOffset="1495"/>
</LocList>
</BasicBoolTerm>
</RootTerm>
</CondStmnt>
<BasicStmnt CovItemId="S29" CovItemPrefix="csse376_puerto_rico.GameState.java" Intrnl_Id="381">
<LocList>
<Loc EndOffset="1713" SrcFileId="8" StartOffset="1699"/>
</LocList>
</BasicStmnt>
</StmntSeq>
</HierarchyLvl>
<HierarchyLvl HierarchyLvlId="52" HierarchyLvlTypeId="17" Intrnl_Id="382" Name="getGood">
<Header>
<Loc EndOffset="1755" SrcFileId="8" StartOffset="1724"/>
</Header>
<LocList>
<Loc EndOffset="1790" SrcFileId="8" StartOffset="1724"/>
</LocList>
<StmntSeq Intrnl_Id="383">
<LocList>
<Loc EndOffset="1786" SrcFileId="8" StartOffset="1763"/>
</LocList>
<BasicStmnt CovItemId="S30" CovItemPrefix="csse376_puerto_rico.GameState.java" Intrnl_Id="384">
<LocList>
<Loc EndOffset="1786" SrcFileId="8" StartOffset="1763"/>
</LocList>
</BasicStmnt>
</StmntSeq>
</HierarchyLvl>
<HierarchyLvl HierarchyLvlId="53" HierarchyLvlTypeId="17" Intrnl_Id="385" Name="addGood">
<Header>
<Loc EndOffset="1827" SrcFileId="8" StartOffset="1795"/>
</Header>
<LocList>
<Loc EndOffset="1876" SrcFileId="8" StartOffset="1795"/>
</LocList>
<StmntSeq Intrnl_Id="386">
<LocList>
<Loc EndOffset="1872" SrcFileId="8" StartOffset="1835"/>
</LocList>
<BasicStmnt CovItemId="S31" CovItemPrefix="csse376_puerto_rico.GameState.java" Intrnl_Id="387">
<LocList>
<Loc EndOffset="1872" SrcFileId="8" StartOffset="1835"/>
</LocList>
</BasicStmnt>
</StmntSeq>
</HierarchyLvl>
<HierarchyLvl HierarchyLvlId="54" HierarchyLvlTypeId="17" Intrnl_Id="388" Name="getColonistsOnBoard">
<Header>
<Loc EndOffset="1913" SrcFileId="8" StartOffset="1881"/>
</Header>
<LocList>
<Loc EndOffset="1953" SrcFileId="8" StartOffset="1881"/>
</LocList>
<StmntSeq Intrnl_Id="389">
<LocList>
<Loc EndOffset="1949" SrcFileId="8" StartOffset="1925"/>
</LocList>
<BasicStmnt CovItemId="S32" CovItemPrefix="csse376_puerto_rico.GameState.java" Intrnl_Id="390">
<LocList>
<Loc EndOffset="1949" SrcFileId="8" StartOffset="1925"/>
</LocList>
</BasicStmnt>
</StmntSeq>
</HierarchyLvl>
<HierarchyLvl HierarchyLvlId="55" HierarchyLvlTypeId="17" Intrnl_Id="391" Name="getColonistsTotal">
<Header>
<Loc EndOffset="1988" SrcFileId="8" StartOffset="1958"/>
</Header>
<LocList>
<Loc EndOffset="2026" SrcFileId="8" StartOffset="1958"/>
</LocList>
<StmntSeq Intrnl_Id="392">
<LocList>
<Loc EndOffset="2022" SrcFileId="8" StartOffset="2000"/>
</LocList>
<BasicStmnt CovItemId="S33" CovItemPrefix="csse376_puerto_rico.GameState.java" Intrnl_Id="393">
<LocList>
<Loc EndOffset="2022" SrcFileId="8" StartOffset="2000"/>
</LocList>
</BasicStmnt>
</StmntSeq>
</HierarchyLvl>
<HierarchyLvl HierarchyLvlId="56" HierarchyLvlTypeId="17" Intrnl_Id="394" Name="addColonistsToBoard">
<Header>
<Loc EndOffset="2064" SrcFileId="8" StartOffset="2031"/>
</Header>
<LocList>
<Loc EndOffset="2848" SrcFileId="8" StartOffset="2031"/>
</LocList>
<StmntSeq Intrnl_Id="395">
<LocList>
<Loc EndOffset="2483" SrcFileId="8" StartOffset="2470"/>
<Loc EndOffset="2731" SrcFileId="8" StartOffset="2487"/>
<Loc EndOffset="2844" SrcFileId="8" StartOffset="2735"/>
</LocList>
<BasicStmnt CovItemId="S34" CovItemPrefix="csse376_puerto_rico.GameState.java" Intrnl_Id="396">
<LocList>
<Loc EndOffset="2483" SrcFileId="8" StartOffset="2470"/>
</LocList>
</BasicStmnt>
<LoopStmnt CovItemId="S35" CovItemPrefix="csse376_puerto_rico.GameState.java" Intrnl_Id="397" MltplExecId="L1-2" MltplExecPrefix="csse376_puerto_rico.GameState.java" NvrExecId="L1-0" NvrExecPrefix="csse376_puerto_rico.GameState.java" OnceExecutedId="L1-1" OnceExecutedPrefix="csse376_puerto_rico.GameState.java" OptBodyExec="true">
<StmntSeq Intrnl_Id="398">
<LocList>
<Loc EndOffset="2620" SrcFileId="8" StartOffset="2523"/>
<Loc EndOffset="2726" SrcFileId="8" StartOffset="2625"/>
</LocList>
<LoopStmnt CovItemId="S36" CovItemPrefix="csse376_puerto_rico.GameState.java" Intrnl_Id="399" MltplExecId="L2-2" MltplExecPrefix="csse376_puerto_rico.GameState.java" NvrExecId="L2-0" NvrExecPrefix="csse376_puerto_rico.GameState.java" OnceExecutedId="L2-1" OnceExecutedPrefix="csse376_puerto_rico.GameState.java" OptBodyExec="true">
<StmntSeq Intrnl_Id="400">
<LocList>
<Loc EndOffset="2614" SrcFileId="8" StartOffset="2571"/>
</LocList>
<BasicStmnt CovItemId="S37" CovItemPrefix="csse376_puerto_rico.GameState.java" Intrnl_Id="401">
<LocList>
<Loc EndOffset="2614" SrcFileId="8" StartOffset="2571"/>
</LocList>
</BasicStmnt>
</StmntSeq>
<Keyword EndOffset="2526" SrcFileId="8" StartOffset="2523"/>
<LocList>
<Loc EndOffset="2620" SrcFileId="8" StartOffset="2523"/>
</LocList>
</LoopStmnt>
<LoopStmnt CovItemId="S38" CovItemPrefix="csse376_puerto_rico.GameState.java" Intrnl_Id="402" MltplExecId="L3-2" MltplExecPrefix="csse376_puerto_rico.GameState.java" NvrExecId="L3-0" NvrExecPrefix="csse376_puerto_rico.GameState.java" OnceExecutedId="L3-1" OnceExecutedPrefix="csse376_puerto_rico.GameState.java" OptBodyExec="true">
<StmntSeq Intrnl_Id="403">
<LocList>
<Loc EndOffset="2720" SrcFileId="8" StartOffset="2677"/>
</LocList>
<CondStmnt CovItemId="S39" CovItemPrefix="csse376_puerto_rico.GameState.java" Intrnl_Id="404">
<Branch CovItemId="B7" CovItemPrefix="csse376_puerto_rico.GameState.java" Implct="false" Intrnl_Id="405">
<Cond/>
<LocList>
<Loc EndOffset="2720" SrcFileId="8" StartOffset="2695"/>
</LocList>
<StmntSeq Intrnl_Id="406">
<LocList>
<Loc EndOffset="2713" SrcFileId="8" StartOffset="2703"/>
</LocList>
<BasicStmnt CovItemId="S40" CovItemPrefix="csse376_puerto_rico.GameState.java" Intrnl_Id="407">
<LocList>
<Loc EndOffset="2713" SrcFileId="8" StartOffset="2703"/>
</LocList>
</BasicStmnt>
</StmntSeq>
</Branch>
<Branch CovItemId="B8" CovItemPrefix="csse376_puerto_rico.GameState.java" Implct="true" Intrnl_Id="408">
<Cond/>
<LocList/>
<StmntSeq Intrnl_Id="409">
<LocList/>
</StmntSeq>
</Branch>
<Keyword EndOffset="2679" SrcFileId="8" StartOffset="2677"/>
<LocList>
<Loc EndOffset="2720" SrcFileId="8" StartOffset="2677"/>
</LocList>
<RootTerm CovItemId="C4" CovItemPrefix="csse376_puerto_rico.GameState.java" Intrnl_Id="410">
<OpTerm BooleanOpId="12" Intrnl_Id="411">
<BasicBoolTerm Intrnl_Id="412">
<LocList>
<Loc EndOffset="2693" SrcFileId="8" StartOffset="2682"/>
</LocList>
</BasicBoolTerm>
<LocList>
<Loc EndOffset="2682" SrcFileId="8" StartOffset="2681"/>
</LocList>
</OpTerm>
</RootTerm>
</CondStmnt>
</StmntSeq>
<Keyword EndOffset="2628" SrcFileId="8" StartOffset="2625"/>
<LocList>
<Loc EndOffset="2726" SrcFileId="8" StartOffset="2625"/>
</LocList>
</LoopStmnt>
</StmntSeq>
<Keyword EndOffset="2490" SrcFileId="8" StartOffset="2487"/>
<LocList>
<Loc EndOffset="2731" SrcFileId="8" StartOffset="2487"/>
</LocList>
</LoopStmnt>
<CondStmnt CovItemId="S41" CovItemPrefix="csse376_puerto_rico.GameState.java" Intrnl_Id="413">
<Branch CovItemId="B9" CovItemPrefix="csse376_puerto_rico.GameState.java" Implct="false" Intrnl_Id="414">
<Cond/>
<LocList>
<Loc EndOffset="2803" SrcFileId="8" StartOffset="2760"/>
</LocList>
<StmntSeq Intrnl_Id="415">
<LocList>
<Loc EndOffset="2798" SrcFileId="8" StartOffset="2766"/>
</LocList>
<BasicStmnt CovItemId="S42" CovItemPrefix="csse376_puerto_rico.GameState.java" Intrnl_Id="416">
<LocList>
<Loc EndOffset="2798" SrcFileId="8" StartOffset="2766"/>
</LocList>
</BasicStmnt>
</StmntSeq>
</Branch>
<Branch CovItemId="B10" CovItemPrefix="csse376_puerto_rico.GameState.java" Implct="false" Intrnl_Id="417">
<Cond>
<Loc EndOffset="2808" SrcFileId="8" StartOffset="2804"/>
</Cond>
<LocList>
<Loc EndOffset="2844" SrcFileId="8" StartOffset="2809"/>
</LocList>
<StmntSeq Intrnl_Id="418">
<LocList>
<Loc EndOffset="2839" SrcFileId="8" StartOffset="2815"/>
</LocList>
<BasicStmnt CovItemId="S43" CovItemPrefix="csse376_puerto_rico.GameState.java" Intrnl_Id="419">
<LocList>
<Loc EndOffset="2839" SrcFileId="8" StartOffset="2815"/>
</LocList>
</BasicStmnt>
</StmntSeq>
</Branch>
<Keyword EndOffset="2737" SrcFileId="8" StartOffset="2735"/>
<LocList>
<Loc EndOffset="2844" SrcFileId="8" StartOffset="2735"/>
</LocList>
<RootTerm CovItemId="C5" CovItemPrefix="csse376_puerto_rico.GameState.java" Intrnl_Id="420">
<BasicBoolTerm Intrnl_Id="421">
<LocList>
<Loc EndOffset="2758" SrcFileId="8" StartOffset="2739"/>
</LocList>
</BasicBoolTerm>
</RootTerm>
</CondStmnt>
</StmntSeq>
</HierarchyLvl>
<HierarchyLvl HierarchyLvlId="57" HierarchyLvlTypeId="17" Intrnl_Id="422" Name="addGoodToCargoShip">
<Header>
<Loc EndOffset="3112" SrcFileId="8" StartOffset="3044"/>
</Header>
<LocList>
<Loc EndOffset="3759" SrcFileId="8" StartOffset="3044"/>
</LocList>
<StmntSeq Intrnl_Id="423">
<LocList>
<Loc EndOffset="3135" SrcFileId="8" StartOffset="3118"/>
<Loc EndOffset="3735" SrcFileId="8" StartOffset="3139"/>
<Loc EndOffset="3755" SrcFileId="8" StartOffset="3739"/>
</LocList>
<BasicStmnt CovItemId="S44" CovItemPrefix="csse376_puerto_rico.GameState.java" Intrnl_Id="424">
<LocList>
<Loc EndOffset="3135" SrcFileId="8" StartOffset="3118"/>
</LocList>
</BasicStmnt>
<CondStmnt CovItemId="S45" CovItemPrefix="csse376_puerto_rico.GameState.java" Intrnl_Id="425">
<Branch CovItemId="B11" CovItemPrefix="csse376_puerto_rico.GameState.java" Implct="false" Intrnl_Id="426">
<Cond>
<Loc EndOffset="3167" SrcFileId="8" StartOffset="3161"/>
</Cond>
<LocList>
<Loc EndOffset="3341" SrcFileId="8" StartOffset="3173"/>
</LocList>
<StmntSeq Intrnl_Id="427">
<LocList>
<Loc EndOffset="3330" SrcFileId="8" StartOffset="3173"/>
<Loc EndOffset="3341" SrcFileId="8" StartOffset="3335"/>
</LocList>
<CondStmnt CovItemId="S46" CovItemPrefix="csse376_puerto_rico.GameState.java" Intrnl_Id="428">
<Branch CovItemId="B12" CovItemPrefix="csse376_puerto_rico.GameState.java" Implct="false" Intrnl_Id="429">
<Cond/>
<LocList>
<Loc EndOffset="3294" SrcFileId="8" StartOffset="3245"/>
</LocList>
<StmntSeq Intrnl_Id="430">
<LocList>
<Loc EndOffset="3288" SrcFileId="8" StartOffset="3252"/>
</LocList>
<BasicStmnt CovItemId="S47" CovItemPrefix="csse376_puerto_rico.GameState.java" Intrnl_Id="431">
<LocList>
<Loc EndOffset="3288" SrcFileId="8" StartOffset="3252"/>
</LocList>
</BasicStmnt>
</StmntSeq>
</Branch>
<Branch CovItemId="B13" CovItemPrefix="csse376_puerto_rico.GameState.java" Implct="false" Intrnl_Id="432">
<Cond>
<Loc EndOffset="3299" SrcFileId="8" StartOffset="3295"/>
</Cond>
<LocList>
<Loc EndOffset="3330" SrcFileId="8" StartOffset="3300"/>
</LocList>
<StmntSeq Intrnl_Id="433">
<LocList>
<Loc EndOffset="3324" SrcFileId="8" StartOffset="3307"/>
</LocList>
<BasicStmnt CovItemId="S48" CovItemPrefix="csse376_puerto_rico.GameState.java" Intrnl_Id="434">
<LocList>
<Loc EndOffset="3324" SrcFileId="8" StartOffset="3307"/>
</LocList>
</BasicStmnt>
</StmntSeq>
</Branch>
<Keyword EndOffset="3175" SrcFileId="8" StartOffset="3173"/>
<LocList>
<Loc EndOffset="3330" SrcFileId="8" StartOffset="3173"/>
</LocList>
<RootTerm CovItemId="C6" CovItemPrefix="csse376_puerto_rico.GameState.java" Intrnl_Id="435">
<OpTerm BooleanOpId="14" Intrnl_Id="436">
<BasicBoolTerm Intrnl_Id="437">
<LocList>
<Loc EndOffset="3192" SrcFileId="8" StartOffset="3177"/>
</LocList>
</BasicBoolTerm>
<OpTerm BooleanOpId="13" Intrnl_Id="438">
<BasicBoolTerm Intrnl_Id="439">
<LocList>
<Loc EndOffset="3211" SrcFileId="8" StartOffset="3197"/>
</LocList>
</BasicBoolTerm>
<BasicBoolTerm Intrnl_Id="440">
<LocList>
<Loc EndOffset="3242" SrcFileId="8" StartOffset="3215"/>
</LocList>
</BasicBoolTerm>
<LocList>
<Loc EndOffset="3214" SrcFileId="8" StartOffset="3212"/>
</LocList>
</OpTerm>
<LocList>
<Loc EndOffset="3195" SrcFileId="8" StartOffset="3193"/>
</LocList>
</OpTerm>
</RootTerm>
</CondStmnt>
<BasicStmnt CovItemId="S49" CovItemPrefix="csse376_puerto_rico.GameState.java" Intrnl_Id="441">
<LocList>
<Loc EndOffset="3341" SrcFileId="8" StartOffset="3335"/>
</LocList>
</BasicStmnt>
</StmntSeq>
</Branch>
<Branch CovItemId="B14" CovItemPrefix="csse376_puerto_rico.GameState.java" Implct="false" Intrnl_Id="442">
<Cond>
<Loc EndOffset="3351" SrcFileId="8" StartOffset="3345"/>
</Cond>
<LocList>
<Loc EndOffset="3524" SrcFileId="8" StartOffset="3357"/>
</LocList>
<StmntSeq Intrnl_Id="443">
<LocList>
<Loc EndOffset="3513" SrcFileId="8" StartOffset="3357"/>
<Loc EndOffset="3524" SrcFileId="8" StartOffset="3518"/>
</LocList>
<CondStmnt CovItemId="S50" CovItemPrefix="csse376_puerto_rico.GameState.java" Intrnl_Id="444">
<Branch CovItemId="B15" CovItemPrefix="csse376_puerto_rico.GameState.java" Implct="false" Intrnl_Id="445">
<Cond/>
<LocList>
<Loc EndOffset="3477" SrcFileId="8" StartOffset="3428"/>
</LocList>
<StmntSeq Intrnl_Id="446">
<LocList>
<Loc EndOffset="3471" SrcFileId="8" StartOffset="3435"/>
</LocList>
<BasicStmnt CovItemId="S51" CovItemPrefix="csse376_puerto_rico.GameState.java" Intrnl_Id="447">
<LocList>
<Loc EndOffset="3471" SrcFileId="8" StartOffset="3435"/>
</LocList>
</BasicStmnt>
</StmntSeq>
</Branch>
<Branch CovItemId="B16" CovItemPrefix="csse376_puerto_rico.GameState.java" Implct="false" Intrnl_Id="448">
<Cond>
<Loc EndOffset="3482" SrcFileId="8" StartOffset="3478"/>
</Cond>
<LocList>
<Loc EndOffset="3513" SrcFileId="8" StartOffset="3483"/>
</LocList>
<StmntSeq Intrnl_Id="449">
<LocList>
<Loc EndOffset="3507" SrcFileId="8" StartOffset="3490"/>
</LocList>
<BasicStmnt CovItemId="S52" CovItemPrefix="csse376_puerto_rico.GameState.java" Intrnl_Id="450">
<LocList>
<Loc EndOffset="3507" SrcFileId="8" StartOffset="3490"/>
</LocList>
</BasicStmnt>
</StmntSeq>
</Branch>
<Keyword EndOffset="3359" SrcFileId="8" StartOffset="3357"/>
<LocList>
<Loc EndOffset="3513" SrcFileId="8" StartOffset="3357"/>
</LocList>
<RootTerm CovItemId="C7" CovItemPrefix="csse376_puerto_rico.GameState.java" Intrnl_Id="451">
<OpTerm BooleanOpId="14" Intrnl_Id="452">
<BasicBoolTerm Intrnl_Id="453">
<LocList>
<Loc EndOffset="3376" SrcFileId="8" StartOffset="3361"/>
</LocList>
</BasicBoolTerm>
<OpTerm BooleanOpId="13" Intrnl_Id="454">
<BasicBoolTerm Intrnl_Id="455">
<LocList>
<Loc EndOffset="3394" SrcFileId="8" StartOffset="3380"/>
</LocList>
</BasicBoolTerm>
<BasicBoolTerm Intrnl_Id="456">
<LocList>
<Loc EndOffset="3425" SrcFileId="8" StartOffset="3398"/>
</LocList>
</BasicBoolTerm>
<LocList>
<Loc EndOffset="3397" SrcFileId="8" StartOffset="3395"/>
</LocList>
</OpTerm>
<LocList>
<Loc EndOffset="3379" SrcFileId="8" StartOffset="3377"/>
</LocList>
</OpTerm>
</RootTerm>
</CondStmnt>
<BasicStmnt CovItemId="S53" CovItemPrefix="csse376_puerto_rico.GameState.java" Intrnl_Id="457">
<LocList>
<Loc EndOffset="3524" SrcFileId="8" StartOffset="3518"/>
</LocList>
</BasicStmnt>
</StmntSeq>
</Branch>
<Branch CovItemId="B17" CovItemPrefix="csse376_puerto_rico.GameState.java" Implct="false" Intrnl_Id="458">
<Cond>
<Loc EndOffset="3534" SrcFileId="8" StartOffset="3528"/>
</Cond>
<LocList>
<Loc EndOffset="3707" SrcFileId="8" StartOffset="3540"/>
</LocList>
<StmntSeq Intrnl_Id="459">
<LocList>
<Loc EndOffset="3696" SrcFileId="8" StartOffset="3540"/>
<Loc EndOffset="3707" SrcFileId="8" StartOffset="3701"/>
</LocList>
<CondStmnt CovItemId="S54" CovItemPrefix="csse376_puerto_rico.GameState.java" Intrnl_Id="460">
<Branch CovItemId="B18" CovItemPrefix="csse376_puerto_rico.GameState.java" Implct="false" Intrnl_Id="461">
<Cond/>
<LocList>
<Loc EndOffset="3660" SrcFileId="8" StartOffset="3611"/>
</LocList>
<StmntSeq Intrnl_Id="462">
<LocList>
<Loc EndOffset="3654" SrcFileId="8" StartOffset="3618"/>
</LocList>
<BasicStmnt CovItemId="S55" CovItemPrefix="csse376_puerto_rico.GameState.java" Intrnl_Id="463">
<LocList>
<Loc EndOffset="3654" SrcFileId="8" StartOffset="3618"/>
</LocList>
</BasicStmnt>
</StmntSeq>
</Branch>
<Branch CovItemId="B19" CovItemPrefix="csse376_puerto_rico.GameState.java" Implct="false" Intrnl_Id="464">
<Cond>
<Loc EndOffset="3665" SrcFileId="8" StartOffset="3661"/>
</Cond>
<LocList>
<Loc EndOffset="3696" SrcFileId="8" StartOffset="3666"/>
</LocList>
<StmntSeq Intrnl_Id="465">
<LocList>
<Loc EndOffset="3690" SrcFileId="8" StartOffset="3673"/>
</LocList>
<BasicStmnt CovItemId="S56" CovItemPrefix="csse376_puerto_rico.GameState.java" Intrnl_Id="466">
<LocList>
<Loc EndOffset="3690" SrcFileId="8" StartOffset="3673"/>
</LocList>
</BasicStmnt>
</StmntSeq>
</Branch>
<Keyword EndOffset="3542" SrcFileId="8" StartOffset="3540"/>
<LocList>
<Loc EndOffset="3696" SrcFileId="8" StartOffset="3540"/>
</LocList>
<RootTerm CovItemId="C8" CovItemPrefix="csse376_puerto_rico.GameState.java" Intrnl_Id="467">
<OpTerm BooleanOpId="14" Intrnl_Id="468">
<BasicBoolTerm Intrnl_Id="469">
<LocList>
<Loc EndOffset="3559" SrcFileId="8" StartOffset="3544"/>
</LocList>
</BasicBoolTerm>
<OpTerm BooleanOpId="13" Intrnl_Id="470">
<BasicBoolTerm Intrnl_Id="471">
<LocList>
<Loc EndOffset="3577" SrcFileId="8" StartOffset="3563"/>
</LocList>
</BasicBoolTerm>
<BasicBoolTerm Intrnl_Id="472">
<LocList>
<Loc EndOffset="3608" SrcFileId="8" StartOffset="3581"/>
</LocList>
</BasicBoolTerm>
<LocList>
<Loc EndOffset="3580" SrcFileId="8" StartOffset="3578"/>
</LocList>
</OpTerm>
<LocList>
<Loc EndOffset="3562" SrcFileId="8" StartOffset="3560"/>
</LocList>
</OpTerm>
</RootTerm>
</CondStmnt>
<BasicStmnt CovItemId="S57" CovItemPrefix="csse376_puerto_rico.GameState.java" Intrnl_Id="473">
<LocList>
<Loc EndOffset="3707" SrcFileId="8" StartOffset="3701"/>
</LocList>
</BasicStmnt>
</StmntSeq>
</Branch>
<Branch CovItemId="B20" CovItemPrefix="csse376_puerto_rico.GameState.java" Implct="false" Intrnl_Id="474">
<Cond>
<Loc EndOffset="3718" SrcFileId="8" StartOffset="3711"/>
</Cond>
<LocList>
<Loc EndOffset="3730" SrcFileId="8" StartOffset="3724"/>
</LocList>
<StmntSeq Intrnl_Id="475">
<LocList>
<Loc EndOffset="3730" SrcFileId="8" StartOffset="3724"/>
</LocList>
<BasicStmnt CovItemId="S58" CovItemPrefix="csse376_puerto_rico.GameState.java" Intrnl_Id="476">
<LocList>
<Loc EndOffset="3730" SrcFileId="8" StartOffset="3724"/>
</LocList>
</BasicStmnt>
</StmntSeq>
</Branch>
<Keyword EndOffset="3145" SrcFileId="8" StartOffset="3139"/>
<LocList>
<Loc EndOffset="3735" SrcFileId="8" StartOffset="3139"/>
</LocList>
</CondStmnt>
<BasicStmnt CovItemId="S59" CovItemPrefix="csse376_puerto_rico.GameState.java" Intrnl_Id="477">
<LocList>
<Loc EndOffset="3755" SrcFileId="8" StartOffset="3739"/>
</LocList>
</BasicStmnt>
</StmntSeq>
</HierarchyLvl>
<HierarchyLvl HierarchyLvlId="58" HierarchyLvlTypeId="17" Intrnl_Id="478" Name="isGameEndState">
<Header>
<Loc EndOffset="3795" SrcFileId="8" StartOffset="3764"/>
</Header>
<LocList>
<Loc EndOffset="3831" SrcFileId="8" StartOffset="3764"/>
</LocList>
<StmntSeq Intrnl_Id="479">
<LocList>
<Loc EndOffset="3827" SrcFileId="8" StartOffset="3805"/>
</LocList>
<BasicStmnt CovItemId="S60" CovItemPrefix="csse376_puerto_rico.GameState.java" Intrnl_Id="480">
<LocList>
<Loc EndOffset="3827" SrcFileId="8" StartOffset="3805"/>
</LocList>
</BasicStmnt>
</StmntSeq>
</HierarchyLvl>
<HierarchyLvl HierarchyLvlId="59" HierarchyLvlTypeId="17" Intrnl_Id="481" Name="updateAtEndOfTurn">
<Header>
<Loc EndOffset="3867" SrcFileId="8" StartOffset="3836"/>
</Header>
<LocList>
<Loc EndOffset="4077" SrcFileId="8" StartOffset="3836"/>
</LocList>
<StmntSeq Intrnl_Id="482">
<LocList>
<Loc EndOffset="3895" SrcFileId="8" StartOffset="3873"/>
<Loc EndOffset="3971" SrcFileId="8" StartOffset="3924"/>
<Loc EndOffset="4022" SrcFileId="8" StartOffset="3975"/>
<Loc EndOffset="4073" SrcFileId="8" StartOffset="4026"/>
</LocList>
<BasicStmnt CovItemId="S61" CovItemPrefix="csse376_puerto_rico.GameState.java" Intrnl_Id="483">
<LocList>
<Loc EndOffset="3895" SrcFileId="8" StartOffset="3873"/>
</LocList>
</BasicStmnt>
<CondStmnt CovItemId="S62" CovItemPrefix="csse376_puerto_rico.GameState.java" Intrnl_Id="484">
<Branch CovItemId="B21" CovItemPrefix="csse376_puerto_rico.GameState.java" Implct="false" Intrnl_Id="485">
<Cond/>
<LocList>
<Loc EndOffset="3971" SrcFileId="8" StartOffset="3945"/>
</LocList>
<StmntSeq Intrnl_Id="486">
<LocList>
<Loc EndOffset="3966" SrcFileId="8" StartOffset="3951"/>
</LocList>
<BasicStmnt CovItemId="S63" CovItemPrefix="csse376_puerto_rico.GameState.java" Intrnl_Id="487">
<LocList>
<Loc EndOffset="3966" SrcFileId="8" StartOffset="3951"/>
</LocList>
</BasicStmnt>
</StmntSeq>
</Branch>
<Branch CovItemId="B22" CovItemPrefix="csse376_puerto_rico.GameState.java" Implct="true" Intrnl_Id="488">
<Cond/>
<LocList/>
<StmntSeq Intrnl_Id="489">
<LocList/>
</StmntSeq>
</Branch>
<Keyword EndOffset="3926" SrcFileId="8" StartOffset="3924"/>
<LocList>
<Loc EndOffset="3971" SrcFileId="8" StartOffset="3924"/>
</LocList>
<RootTerm CovItemId="C9" CovItemPrefix="csse376_puerto_rico.GameState.java" Intrnl_Id="490">
<BasicBoolTerm Intrnl_Id="491">
<LocList>
<Loc EndOffset="3943" SrcFileId="8" StartOffset="3928"/>
</LocList>
</BasicBoolTerm>
</RootTerm>
</CondStmnt>
<CondStmnt CovItemId="S64" CovItemPrefix="csse376_puerto_rico.GameState.java" Intrnl_Id="492">
<Branch CovItemId="B23" CovItemPrefix="csse376_puerto_rico.GameState.java" Implct="false" Intrnl_Id="493">
<Cond/>
<LocList>
<Loc EndOffset="4022" SrcFileId="8" StartOffset="3996"/>
</LocList>
<StmntSeq Intrnl_Id="494">
<LocList>
<Loc EndOffset="4017" SrcFileId="8" StartOffset="4002"/>
</LocList>
<BasicStmnt CovItemId="S65" CovItemPrefix="csse376_puerto_rico.GameState.java" Intrnl_Id="495">
<LocList>
<Loc EndOffset="4017" SrcFileId="8" StartOffset="4002"/>
</LocList>
</BasicStmnt>
</StmntSeq>
</Branch>
<Branch CovItemId="B24" CovItemPrefix="csse376_puerto_rico.GameState.java" Implct="true" Intrnl_Id="496">
<Cond/>
<LocList/>
<StmntSeq Intrnl_Id="497">
<LocList/>
</StmntSeq>
</Branch>
<Keyword EndOffset="3977" SrcFileId="8" StartOffset="3975"/>
<LocList>
<Loc EndOffset="4022" SrcFileId="8" StartOffset="3975"/>
</LocList>
<RootTerm CovItemId="C10" CovItemPrefix="csse376_puerto_rico.GameState.java" Intrnl_Id="498">
<BasicBoolTerm Intrnl_Id="499">
<LocList>
<Loc EndOffset="3994" SrcFileId="8" StartOffset="3979"/>
</LocList>
</BasicBoolTerm>
</RootTerm>
</CondStmnt>
<CondStmnt CovItemId="S66" CovItemPrefix="csse376_puerto_rico.GameState.java" Intrnl_Id="500">
<Branch CovItemId="B25" CovItemPrefix="csse376_puerto_rico.GameState.java" Implct="false" Intrnl_Id="501">
<Cond/>
<LocList>
<Loc EndOffset="4073" SrcFileId="8" StartOffset="4047"/>
</LocList>
<StmntSeq Intrnl_Id="502">
<LocList>
<Loc EndOffset="4068" SrcFileId="8" StartOffset="4053"/>
</LocList>
<BasicStmnt CovItemId="S67" CovItemPrefix="csse376_puerto_rico.GameState.java" Intrnl_Id="503">
<LocList>
<Loc EndOffset="4068" SrcFileId="8" StartOffset="4053"/>
</LocList>
</BasicStmnt>
</StmntSeq>
</Branch>
<Branch CovItemId="B26" CovItemPrefix="csse376_puerto_rico.GameState.java" Implct="true" Intrnl_Id="504">
<Cond/>
<LocList/>
<StmntSeq Intrnl_Id="505">
<LocList/>
</StmntSeq>
</Branch>
<Keyword EndOffset="4028" SrcFileId="8" StartOffset="4026"/>
<LocList>
<Loc EndOffset="4073" SrcFileId="8" StartOffset="4026"/>
</LocList>
<RootTerm CovItemId="C11" CovItemPrefix="csse376_puerto_rico.GameState.java" Intrnl_Id="506">
<BasicBoolTerm Intrnl_Id="507">
<LocList>
<Loc EndOffset="4045" SrcFileId="8" StartOffset="4030"/>
</LocList>
</BasicBoolTerm>
</RootTerm>
</CondStmnt>
</StmntSeq>
</HierarchyLvl>
</HierarchyLvl>
<HierarchyLvl HierarchyLvlId="74" HierarchyLvlTypeId="16" Intrnl_Id="508" Name="GameBoardGUI">
<Header>
<Loc EndOffset="467" SrcFileId="9" StartOffset="442"/>
</Header>
<LocList>
<Loc EndOffset="13142" SrcFileId="9" StartOffset="442"/>
</LocList>
<HierarchyLvl HierarchyLvlId="61" HierarchyLvlTypeId="17" Intrnl_Id="509" Name="GameBoardGUI">
<Header>
<Loc EndOffset="781" SrcFileId="9" StartOffset="760"/>
</Header>
<LocList>
<Loc EndOffset="1004" SrcFileId="9" StartOffset="760"/>
</LocList>
<StmntSeq Intrnl_Id="510">
<LocList>
<Loc EndOffset="845" SrcFileId="9" StartOffset="815"/>
<Loc EndOffset="886" SrcFileId="9" StartOffset="849"/>
<Loc EndOffset="929" SrcFileId="9" StartOffset="890"/>
<Loc EndOffset="963" SrcFileId="9" StartOffset="933"/>
<Loc EndOffset="1000" SrcFileId="9" StartOffset="967"/>
</LocList>
<BasicStmnt CovItemId="S1" CovItemPrefix="csse376_puerto_rico.GameBoardGUI.java" Intrnl_Id="511">
<LocList>
<Loc EndOffset="845" SrcFileId="9" StartOffset="815"/>
</LocList>
</BasicStmnt>
<BasicStmnt CovItemId="S2" CovItemPrefix="csse376_puerto_rico.GameBoardGUI.java" Intrnl_Id="512">
<LocList>
<Loc EndOffset="886" SrcFileId="9" StartOffset="849"/>
</LocList>
</BasicStmnt>
<BasicStmnt CovItemId="S3" CovItemPrefix="csse376_puerto_rico.GameBoardGUI.java" Intrnl_Id="513">
<LocList>
<Loc EndOffset="929" SrcFileId="9" StartOffset="890"/>
</LocList>
</BasicStmnt>
<BasicStmnt CovItemId="S4" CovItemPrefix="csse376_puerto_rico.GameBoardGUI.java" Intrnl_Id="514">
<LocList>
<Loc EndOffset="963" SrcFileId="9" StartOffset="933"/>
</LocList>
</BasicStmnt>
<BasicStmnt CovItemId="S5" CovItemPrefix="csse376_puerto_rico.GameBoardGUI.java" Intrnl_Id="515">
<LocList>
<Loc EndOffset="1000" SrcFileId="9" StartOffset="967"/>
</LocList>
</BasicStmnt>
</StmntSeq>
</HierarchyLvl>
<HierarchyLvl HierarchyLvlId="62" HierarchyLvlTypeId="17" Intrnl_Id="516" Name="GameBoardGUI">
<Header>
<Loc EndOffset="1061" SrcFileId="9" StartOffset="1009"/>
</Header>
<LocList>
<Loc EndOffset="1842" SrcFileId="9" StartOffset="1009"/>
</LocList>
<StmntSeq Intrnl_Id="517">
<LocList>
<Loc EndOffset="1106" SrcFileId="9" StartOffset="1067"/>
<Loc EndOffset="1133" SrcFileId="9" StartOffset="1110"/>
<Loc EndOffset="1176" SrcFileId="9" StartOffset="1137"/>
<Loc EndOffset="1224" SrcFileId="9" StartOffset="1180"/>
<Loc EndOffset="1273" SrcFileId="9" StartOffset="1228"/>
<Loc EndOffset="1319" SrcFileId="9" StartOffset="1277"/>
<Loc EndOffset="1358" SrcFileId="9" StartOffset="1323"/>
<Loc EndOffset="1395" SrcFileId="9" StartOffset="1362"/>
<Loc EndOffset="1419" SrcFileId="9" StartOffset="1399"/>
<Loc EndOffset="1453" SrcFileId="9" StartOffset="1423"/>
<Loc EndOffset="1494" SrcFileId="9" StartOffset="1457"/>
<Loc EndOffset="1520" SrcFileId="9" StartOffset="1502"/>
<Loc EndOffset="1752" SrcFileId="9" StartOffset="1524"/>
<Loc EndOffset="1799" SrcFileId="9" StartOffset="1756"/>
<Loc EndOffset="1838" SrcFileId="9" StartOffset="1807"/>
</LocList>
<BasicStmnt CovItemId="S6" CovItemPrefix="csse376_puerto_rico.GameBoardGUI.java" Intrnl_Id="518">
<LocList>
<Loc EndOffset="1106" SrcFileId="9" StartOffset="1067"/>
</LocList>
</BasicStmnt>
<BasicStmnt CovItemId="S7" CovItemPrefix="csse376_puerto_rico.GameBoardGUI.java" Intrnl_Id="519">
<LocList>
<Loc EndOffset="1133" SrcFileId="9" StartOffset="1110"/>
</LocList>
</BasicStmnt>
<BasicStmnt CovItemId="S8" CovItemPrefix="csse376_puerto_rico.GameBoardGUI.java" Intrnl_Id="520">
<LocList>
<Loc EndOffset="1176" SrcFileId="9" StartOffset="1137"/>
</LocList>
</BasicStmnt>
<BasicStmnt CovItemId="S9" CovItemPrefix="csse376_puerto_rico.GameBoardGUI.java" Intrnl_Id="521">
<LocList>
<Loc EndOffset="1224" SrcFileId="9" StartOffset="1180"/>
</LocList>
</BasicStmnt>
<BasicStmnt CovItemId="S10" CovItemPrefix="csse376_puerto_rico.GameBoardGUI.java" Intrnl_Id="522">
<LocList>
<Loc EndOffset="1273" SrcFileId="9" StartOffset="1228"/>
</LocList>
</BasicStmnt>
<BasicStmnt CovItemId="S11" CovItemPrefix="csse376_puerto_rico.GameBoardGUI.java" Intrnl_Id="523">
<LocList>
<Loc EndOffset="1319" SrcFileId="9" StartOffset="1277"/>
</LocList>
</BasicStmnt>
<BasicStmnt CovItemId="S12" CovItemPrefix="csse376_puerto_rico.GameBoardGUI.java" Intrnl_Id="524">
<LocList>
<Loc EndOffset="1358" SrcFileId="9" StartOffset="1323"/>
</LocList>
</BasicStmnt>
<BasicStmnt CovItemId="S13" CovItemPrefix="csse376_puerto_rico.GameBoardGUI.java" Intrnl_Id="525">
<LocList>
<Loc EndOffset="1395" SrcFileId="9" StartOffset="1362"/>
</LocList>
</BasicStmnt>
<BasicStmnt CovItemId="S14" CovItemPrefix="csse376_puerto_rico.GameBoardGUI.java" Intrnl_Id="526">
<LocList>
<Loc EndOffset="1419" SrcFileId="9" StartOffset="1399"/>
</LocList>
</BasicStmnt>
<BasicStmnt CovItemId="S15" CovItemPrefix="csse376_puerto_rico.GameBoardGUI.java" Intrnl_Id="527">
<LocList>
<Loc EndOffset="1453" SrcFileId="9" StartOffset="1423"/>
</LocList>
</BasicStmnt>
<BasicStmnt CovItemId="S16" CovItemPrefix="csse376_puerto_rico.GameBoardGUI.java" Intrnl_Id="528">
<LocList>
<Loc EndOffset="1494" SrcFileId="9" StartOffset="1457"/>
</LocList>
</BasicStmnt>
<BasicStmnt CovItemId="S17" CovItemPrefix="csse376_puerto_rico.GameBoardGUI.java" Intrnl_Id="529">
<LocList>
<Loc EndOffset="1520" SrcFileId="9" StartOffset="1502"/>
</LocList>
</BasicStmnt>
<LoopStmnt CovItemId="S18" CovItemPrefix="csse376_puerto_rico.GameBoardGUI.java" Intrnl_Id="530" MltplExecId="L1-2" MltplExecPrefix="csse376_puerto_rico.GameBoardGUI.java" NvrExecId="L1-0" NvrExecPrefix="csse376_puerto_rico.GameBoardGUI.java" OnceExecutedId="L1-1" OnceExecutedPrefix="csse376_puerto_rico.GameBoardGUI.java" OptBodyExec="true">
<StmntSeq Intrnl_Id="531">
<LocList>
<Loc EndOffset="1680" SrcFileId="9" StartOffset="1634"/>
<Loc EndOffset="1747" SrcFileId="9" StartOffset="1685"/>
</LocList>
<BasicStmnt CovItemId="S19" CovItemPrefix="csse376_puerto_rico.GameBoardGUI.java" Intrnl_Id="532">
<LocList>
<Loc EndOffset="1680" SrcFileId="9" StartOffset="1634"/>
</LocList>
</BasicStmnt>
<CondStmnt CovItemId="S20" CovItemPrefix="csse376_puerto_rico.GameBoardGUI.java" Intrnl_Id="533">
<Branch CovItemId="B1" CovItemPrefix="csse376_puerto_rico.GameBoardGUI.java" Implct="false" Intrnl_Id="534">
<Cond/>
<LocList>
<Loc EndOffset="1747" SrcFileId="9" StartOffset="1710"/>
</LocList>
<StmntSeq Intrnl_Id="535">
<LocList>
<Loc EndOffset="1741" SrcFileId="9" StartOffset="1717"/>
</LocList>
<BasicStmnt CovItemId="S21" CovItemPrefix="csse376_puerto_rico.GameBoardGUI.java" Intrnl_Id="536">
<LocList>
<Loc EndOffset="1741" SrcFileId="9" StartOffset="1717"/>
</LocList>
</BasicStmnt>
</StmntSeq>
</Branch>
<Branch CovItemId="B2" CovItemPrefix="csse376_puerto_rico.GameBoardGUI.java" Implct="true" Intrnl_Id="537">
<Cond/>
<LocList/>
<StmntSeq Intrnl_Id="538">
<LocList/>
</StmntSeq>
</Branch>
<Keyword EndOffset="1687" SrcFileId="9" StartOffset="1685"/>
<LocList>
<Loc EndOffset="1747" SrcFileId="9" StartOffset="1685"/>
</LocList>
<RootTerm CovItemId="C2" CovItemPrefix="csse376_puerto_rico.GameBoardGUI.java" Intrnl_Id="539">
<BasicBoolTerm Intrnl_Id="540">
<LocList>
<Loc EndOffset="1708" SrcFileId="9" StartOffset="1689"/>
</LocList>
</BasicBoolTerm>
</RootTerm>
</CondStmnt>
</StmntSeq>
<Keyword EndOffset="1527" SrcFileId="9" StartOffset="1524"/>
<LocList>
<Loc EndOffset="1752" SrcFileId="9" StartOffset="1524"/>
</LocList>
<RootTerm CovItemId="C1" CovItemPrefix="csse376_puerto_rico.GameBoardGUI.java" Intrnl_Id="541">
<BasicBoolTerm Intrnl_Id="542">
<LocList>
<Loc EndOffset="1625" SrcFileId="9" StartOffset="1594"/>
</LocList>
</BasicBoolTerm>
</RootTerm>
</LoopStmnt>
<BasicStmnt CovItemId="S22" CovItemPrefix="csse376_puerto_rico.GameBoardGUI.java" Intrnl_Id="543">
<LocList>
<Loc EndOffset="1799" SrcFileId="9" StartOffset="1756"/>
</LocList>
</BasicStmnt>
<BasicStmnt CovItemId="S23" CovItemPrefix="csse376_puerto_rico.GameBoardGUI.java" Intrnl_Id="544">
<LocList>
<Loc EndOffset="1838" SrcFileId="9" StartOffset="1807"/>
</LocList>
</BasicStmnt>
</StmntSeq>
</HierarchyLvl>
<HierarchyLvl HierarchyLvlId="63" HierarchyLvlTypeId="17" Intrnl_Id="545" Name="displayGameState">
<Header>
<Loc EndOffset="1879" SrcFileId="9" StartOffset="1848"/>
</Header>
<LocList>
<Loc EndOffset="2877" SrcFileId="9" StartOffset="1848"/>
</LocList>
<StmntSeq Intrnl_Id="546">
<LocList>
<Loc EndOffset="1941" SrcFileId="9" StartOffset="1885"/>
<Loc EndOffset="1997" SrcFileId="9" StartOffset="1945"/>
<Loc EndOffset="2057" SrcFileId="9" StartOffset="2001"/>
<Loc EndOffset="2115" SrcFileId="9" StartOffset="2061"/>
<Loc EndOffset="2177" SrcFileId="9" StartOffset="2119"/>
<Loc EndOffset="2234" SrcFileId="9" StartOffset="2181"/>
<Loc EndOffset="2715" SrcFileId="9" StartOffset="2242"/>
<Loc EndOffset="2748" SrcFileId="9" StartOffset="2719"/>
<Loc EndOffset="2777" SrcFileId="9" StartOffset="2752"/>
<Loc EndOffset="2815" SrcFileId="9" StartOffset="2781"/>
<Loc EndOffset="2873" SrcFileId="9" StartOffset="2819"/>
</LocList>
<BasicStmnt CovItemId="S24" CovItemPrefix="csse376_puerto_rico.GameBoardGUI.java" Intrnl_Id="547">
<LocList>
<Loc EndOffset="1941" SrcFileId="9" StartOffset="1885"/>
</LocList>
</BasicStmnt>
<BasicStmnt CovItemId="S25" CovItemPrefix="csse376_puerto_rico.GameBoardGUI.java" Intrnl_Id="548">
<LocList>
<Loc EndOffset="1997" SrcFileId="9" StartOffset="1945"/>
</LocList>
</BasicStmnt>
<BasicStmnt CovItemId="S26" CovItemPrefix="csse376_puerto_rico.GameBoardGUI.java" Intrnl_Id="549">
<LocList>
<Loc EndOffset="2057" SrcFileId="9" StartOffset="2001"/>
</LocList>
</BasicStmnt>
<BasicStmnt CovItemId="S27" CovItemPrefix="csse376_puerto_rico.GameBoardGUI.java" Intrnl_Id="550">
<LocList>
<Loc EndOffset="2115" SrcFileId="9" StartOffset="2061"/>
</LocList>
</BasicStmnt>
<BasicStmnt CovItemId="S28" CovItemPrefix="csse376_puerto_rico.GameBoardGUI.java" Intrnl_Id="551">
<LocList>
<Loc EndOffset="2177" SrcFileId="9" StartOffset="2119"/>
</LocList>
</BasicStmnt>
<BasicStmnt CovItemId="S29" CovItemPrefix="csse376_puerto_rico.GameBoardGUI.java" Intrnl_Id="552">
<LocList>
<Loc EndOffset="2234" SrcFileId="9" StartOffset="2181"/>
</LocList>
</BasicStmnt>
<BasicStmnt CovItemId="S30" CovItemPrefix="csse376_puerto_rico.GameBoardGUI.java" Intrnl_Id="553">
<LocList>
<Loc EndOffset="2715" SrcFileId="9" StartOffset="2242"/>
</LocList>
</BasicStmnt>
<BasicStmnt CovItemId="S31" CovItemPrefix="csse376_puerto_rico.GameBoardGUI.java" Intrnl_Id="554">
<LocList>
<Loc EndOffset="2748" SrcFileId="9" StartOffset="2719"/>
</LocList>
</BasicStmnt>
<BasicStmnt CovItemId="S32" CovItemPrefix="csse376_puerto_rico.GameBoardGUI.java" Intrnl_Id="555">
<LocList>
<Loc EndOffset="2777" SrcFileId="9" StartOffset="2752"/>
</LocList>
</BasicStmnt>
<BasicStmnt CovItemId="S33" CovItemPrefix="csse376_puerto_rico.GameBoardGUI.java" Intrnl_Id="556">
<LocList>
<Loc EndOffset="2815" SrcFileId="9" StartOffset="2781"/>
</LocList>
</BasicStmnt>
<BasicStmnt CovItemId="S34" CovItemPrefix="csse376_puerto_rico.GameBoardGUI.java" Intrnl_Id="557">
<LocList>
<Loc EndOffset="2873" SrcFileId="9" StartOffset="2819"/>
</LocList>
</BasicStmnt>
</StmntSeq>
</HierarchyLvl>
<HierarchyLvl HierarchyLvlId="64" HierarchyLvlTypeId="17" Intrnl_Id="558" Name="updateGameStateDisplay">
<Header>
<Loc EndOffset="2920" SrcFileId="9" StartOffset="2883"/>
</Header>
<LocList>
<Loc EndOffset="3801" SrcFileId="9" StartOffset="2883"/>
</LocList>
<StmntSeq Intrnl_Id="559">
<LocList>
<Loc EndOffset="2981" SrcFileId="9" StartOffset="2925"/>
<Loc EndOffset="3037" SrcFileId="9" StartOffset="2985"/>
<Loc EndOffset="3097" SrcFileId="9" StartOffset="3041"/>
<Loc EndOffset="3155" SrcFileId="9" StartOffset="3101"/>
<Loc EndOffset="3217" SrcFileId="9" StartOffset="3159"/>
<Loc EndOffset="3274" SrcFileId="9" StartOffset="3221"/>
<Loc EndOffset="3755" SrcFileId="9" StartOffset="3282"/>
<Loc EndOffset="3797" SrcFileId="9" StartOffset="3763"/>
</LocList>
<BasicStmnt CovItemId="S35" CovItemPrefix="csse376_puerto_rico.GameBoardGUI.java" Intrnl_Id="560">
<LocList>
<Loc EndOffset="2981" SrcFileId="9" StartOffset="2925"/>
</LocList>
</BasicStmnt>
<BasicStmnt CovItemId="S36" CovItemPrefix="csse376_puerto_rico.GameBoardGUI.java" Intrnl_Id="561">
<LocList>
<Loc EndOffset="3037" SrcFileId="9" StartOffset="2985"/>
</LocList>
</BasicStmnt>
<BasicStmnt CovItemId="S37" CovItemPrefix="csse376_puerto_rico.GameBoardGUI.java" Intrnl_Id="562">
<LocList>
<Loc EndOffset="3097" SrcFileId="9" StartOffset="3041"/>
</LocList>
</BasicStmnt>
<BasicStmnt CovItemId="S38" CovItemPrefix="csse376_puerto_rico.GameBoardGUI.java" Intrnl_Id="563">
<LocList>
<Loc EndOffset="3155" SrcFileId="9" StartOffset="3101"/>
</LocList>
</BasicStmnt>
<BasicStmnt CovItemId="S39" CovItemPrefix="csse376_puerto_rico.GameBoardGUI.java" Intrnl_Id="564">
<LocList>
<Loc EndOffset="3217" SrcFileId="9" StartOffset="3159"/>
</LocList>
</BasicStmnt>
<BasicStmnt CovItemId="S40" CovItemPrefix="csse376_puerto_rico.GameBoardGUI.java" Intrnl_Id="565">
<LocList>
<Loc EndOffset="3274" SrcFileId="9" StartOffset="3221"/>
</LocList>
</BasicStmnt>
<BasicStmnt CovItemId="S41" CovItemPrefix="csse376_puerto_rico.GameBoardGUI.java" Intrnl_Id="566">
<LocList>
<Loc EndOffset="3755" SrcFileId="9" StartOffset="3282"/>
</LocList>
</BasicStmnt>
<BasicStmnt CovItemId="S42" CovItemPrefix="csse376_puerto_rico.GameBoardGUI.java" Intrnl_Id="567">
<LocList>
<Loc EndOffset="3797" SrcFileId="9" StartOffset="3763"/>
</LocList>
</BasicStmnt>
</StmntSeq>
</HierarchyLvl>
<HierarchyLvl HierarchyLvlId="65" HierarchyLvlTypeId="17" Intrnl_Id="568" Name="displayMessageBar">
<Header>
<Loc EndOffset="3838" SrcFileId="9" StartOffset="3806"/>
</Header>
<LocList>
<Loc EndOffset="3942" SrcFileId="9" StartOffset="3806"/>
</LocList>
<StmntSeq Intrnl_Id="569">
<LocList>
<Loc EndOffset="3866" SrcFileId="9" StartOffset="3844"/>
<Loc EndOffset="3938" SrcFileId="9" StartOffset="3870"/>
</LocList>
<BasicStmnt CovItemId="S43" CovItemPrefix="csse376_puerto_rico.GameBoardGUI.java" Intrnl_Id="570">
<LocList>
<Loc EndOffset="3866" SrcFileId="9" StartOffset="3844"/>
</LocList>
</BasicStmnt>
<BasicStmnt CovItemId="S44" CovItemPrefix="csse376_puerto_rico.GameBoardGUI.java" Intrnl_Id="571">
<LocList>
<Loc EndOffset="3938" SrcFileId="9" StartOffset="3870"/>
</LocList>
</BasicStmnt>
</StmntSeq>
</HierarchyLvl>
<HierarchyLvl HierarchyLvlId="66" HierarchyLvlTypeId="17" Intrnl_Id="572" Name="addPlayers">
<Header>
<Loc EndOffset="3998" SrcFileId="9" StartOffset="3947"/>
</Header>
<LocList>
<Loc EndOffset="4658" SrcFileId="9" StartOffset="3947"/>
</LocList>
<StmntSeq Intrnl_Id="573">
<LocList>
<Loc EndOffset="4510" SrcFileId="9" StartOffset="4048"/>
<Loc EndOffset="4559" SrcFileId="9" StartOffset="4514"/>
<Loc EndOffset="4586" SrcFileId="9" StartOffset="4567"/>
<Loc EndOffset="4610" SrcFileId="9" StartOffset="4590"/>
<Loc EndOffset="4628" SrcFileId="9" StartOffset="4614"/>
<Loc EndOffset="4654" SrcFileId="9" StartOffset="4634"/>
</LocList>
<LoopStmnt CovItemId="S45" CovItemPrefix="csse376_puerto_rico.GameBoardGUI.java" Intrnl_Id="574" MltplExecId="L2-2" MltplExecPrefix="csse376_puerto_rico.GameBoardGUI.java" NvrExecId="L2-0" NvrExecPrefix="csse376_puerto_rico.GameBoardGUI.java" OnceExecutedId="L2-1" OnceExecutedPrefix="csse376_puerto_rico.GameBoardGUI.java" OptBodyExec="true">
<StmntSeq Intrnl_Id="575">
<LocList>
<Loc EndOffset="4120" SrcFileId="9" StartOffset="4096"/>
<Loc EndOffset="4170" SrcFileId="9" StartOffset="4125"/>
<Loc EndOffset="4193" SrcFileId="9" StartOffset="4175"/>
<Loc EndOffset="4365" SrcFileId="9" StartOffset="4198"/>
<Loc EndOffset="4386" SrcFileId="9" StartOffset="4370"/>
<Loc EndOffset="4410" SrcFileId="9" StartOffset="4391"/>
<Loc EndOffset="4429" SrcFileId="9" StartOffset="4415"/>
<Loc EndOffset="4454" SrcFileId="9" StartOffset="4434"/>
<Loc EndOffset="4503" SrcFileId="9" StartOffset="4459"/>
</LocList>
<BasicStmnt CovItemId="S46" CovItemPrefix="csse376_puerto_rico.GameBoardGUI.java" Intrnl_Id="576">
<LocList>
<Loc EndOffset="4120" SrcFileId="9" StartOffset="4096"/>
</LocList>
</BasicStmnt>
<CondStmnt CovItemId="S47" CovItemPrefix="csse376_puerto_rico.GameBoardGUI.java" Intrnl_Id="577">
<Branch CovItemId="B3" CovItemPrefix="csse376_puerto_rico.GameBoardGUI.java" Implct="false" Intrnl_Id="578">
<Cond/>
<LocList>
<Loc EndOffset="4170" SrcFileId="9" StartOffset="4137"/>
</LocList>
<StmntSeq Intrnl_Id="579">
<LocList>
<Loc EndOffset="4164" SrcFileId="9" StartOffset="4144"/>
</LocList>
<BasicStmnt CovItemId="S48" CovItemPrefix="csse376_puerto_rico.GameBoardGUI.java" Intrnl_Id="580">
<LocList>
<Loc EndOffset="4164" SrcFileId="9" StartOffset="4144"/>
</LocList>
</BasicStmnt>
</StmntSeq>
</Branch>
<Branch CovItemId="B4" CovItemPrefix="csse376_puerto_rico.GameBoardGUI.java" Implct="true" Intrnl_Id="581">
<Cond/>
<LocList/>
<StmntSeq Intrnl_Id="582">
<LocList/>
</StmntSeq>
</Branch>
<Keyword EndOffset="4127" SrcFileId="9" StartOffset="4125"/>
<LocList>
<Loc EndOffset="4170" SrcFileId="9" StartOffset="4125"/>
</LocList>
<RootTerm CovItemId="C4" CovItemPrefix="csse376_puerto_rico.GameBoardGUI.java" Intrnl_Id="583">
<BasicBoolTerm Intrnl_Id="584">
<LocList>
<Loc EndOffset="4135" SrcFileId="9" StartOffset="4129"/>
</LocList>
</BasicBoolTerm>
</RootTerm>
</CondStmnt>
<BasicStmnt CovItemId="S49" CovItemPrefix="csse376_puerto_rico.GameBoardGUI.java" Intrnl_Id="585">
<LocList>
<Loc EndOffset="4193" SrcFileId="9" StartOffset="4175"/>
</LocList>
</BasicStmnt>
<BasicStmnt CovItemId="S50" CovItemPrefix="csse376_puerto_rico.GameBoardGUI.java" Intrnl_Id="586">
<LocList>
<Loc EndOffset="4365" SrcFileId="9" StartOffset="4198"/>
</LocList>
</BasicStmnt>
<BasicStmnt CovItemId="S51" CovItemPrefix="csse376_puerto_rico.GameBoardGUI.java" Intrnl_Id="587">
<LocList>
<Loc EndOffset="4386" SrcFileId="9" StartOffset="4370"/>
</LocList>
</BasicStmnt>
<BasicStmnt CovItemId="S52" CovItemPrefix="csse376_puerto_rico.GameBoardGUI.java" Intrnl_Id="588">
<LocList>
<Loc EndOffset="4410" SrcFileId="9" StartOffset="4391"/>
</LocList>
</BasicStmnt>
<BasicStmnt CovItemId="S53" CovItemPrefix="csse376_puerto_rico.GameBoardGUI.java" Intrnl_Id="589">
<LocList>
<Loc EndOffset="4429" SrcFileId="9" StartOffset="4415"/>
</LocList>
</BasicStmnt>
<BasicStmnt CovItemId="S54" CovItemPrefix="csse376_puerto_rico.GameBoardGUI.java" Intrnl_Id="590">
<LocList>
<Loc EndOffset="4454" SrcFileId="9" StartOffset="4434"/>
</LocList>
</BasicStmnt>
<BasicStmnt CovItemId="S55" CovItemPrefix="csse376_puerto_rico.GameBoardGUI.java" Intrnl_Id="591">
<LocList>
<Loc EndOffset="4503" SrcFileId="9" StartOffset="4459"/>
</LocList>
</BasicStmnt>
</StmntSeq>
<Keyword EndOffset="4051" SrcFileId="9" StartOffset="4048"/>
<LocList>
<Loc EndOffset="4510" SrcFileId="9" StartOffset="4048"/>
</LocList>
<RootTerm CovItemId="C3" CovItemPrefix="csse376_puerto_rico.GameBoardGUI.java" Intrnl_Id="592">
<BasicBoolTerm Intrnl_Id="593">
<LocList>
<Loc EndOffset="4083" SrcFileId="9" StartOffset="4064"/>
</LocList>
</BasicBoolTerm>
</RootTerm>
</LoopStmnt>
<BasicStmnt CovItemId="S56" CovItemPrefix="csse376_puerto_rico.GameBoardGUI.java" Intrnl_Id="594">
<LocList>
<Loc EndOffset="4559" SrcFileId="9" StartOffset="4514"/>
</LocList>
</BasicStmnt>
<BasicStmnt CovItemId="S57" CovItemPrefix="csse376_puerto_rico.GameBoardGUI.java" Intrnl_Id="595">
<LocList>
<Loc EndOffset="4586" SrcFileId="9" StartOffset="4567"/>
</LocList>
</BasicStmnt>
<BasicStmnt CovItemId="S58" CovItemPrefix="csse376_puerto_rico.GameBoardGUI.java" Intrnl_Id="596">
<LocList>
<Loc EndOffset="4610" SrcFileId="9" StartOffset="4590"/>
</LocList>
</BasicStmnt>
<BasicStmnt CovItemId="S59" CovItemPrefix="csse376_puerto_rico.GameBoardGUI.java" Intrnl_Id="597">
<LocList>
<Loc EndOffset="4628" SrcFileId="9" StartOffset="4614"/>
</LocList>
</BasicStmnt>
<BasicStmnt CovItemId="S60" CovItemPrefix="csse376_puerto_rico.GameBoardGUI.java" Intrnl_Id="598">
<LocList>
<Loc EndOffset="4654" SrcFileId="9" StartOffset="4634"/>
</LocList>
</BasicStmnt>
</StmntSeq>
</HierarchyLvl>
<HierarchyLvl HierarchyLvlId="67" HierarchyLvlTypeId="17" Intrnl_Id="599" Name="getPlayers">
<Header>
<Loc EndOffset="4695" SrcFileId="9" StartOffset="4663"/>
</Header>
<LocList>
<Loc EndOffset="4725" SrcFileId="9" StartOffset="4663"/>
</LocList>
<StmntSeq Intrnl_Id="600">
<LocList>
<Loc EndOffset="4721" SrcFileId="9" StartOffset="4701"/>
</LocList>
<BasicStmnt CovItemId="S61" CovItemPrefix="csse376_puerto_rico.GameBoardGUI.java" Intrnl_Id="601">
<LocList>
<Loc EndOffset="4721" SrcFileId="9" StartOffset="4701"/>
</LocList>
</BasicStmnt>
</StmntSeq>
</HierarchyLvl>
<HierarchyLvl HierarchyLvlId="68" HierarchyLvlTypeId="17" Intrnl_Id="602" Name="getTurnCount">
<Header>
<Loc EndOffset="4762" SrcFileId="9" StartOffset="4730"/>
</Header>
<LocList>
<Loc EndOffset="4789" SrcFileId="9" StartOffset="4730"/>
</LocList>
<StmntSeq Intrnl_Id="603">
<LocList>
<Loc EndOffset="4785" SrcFileId="9" StartOffset="4768"/>
</LocList>
<BasicStmnt CovItemId="S62" CovItemPrefix="csse376_puerto_rico.GameBoardGUI.java" Intrnl_Id="604">
<LocList>
<Loc EndOffset="4785" SrcFileId="9" StartOffset="4768"/>
</LocList>
</BasicStmnt>
</StmntSeq>
</HierarchyLvl>
<HierarchyLvl HierarchyLvlId="69" HierarchyLvlTypeId="17" Intrnl_Id="605" Name="getPlayerText">
<Header>
<Loc EndOffset="4964" SrcFileId="9" StartOffset="4815"/>
</Header>
<LocList>
<Loc EndOffset="5402" SrcFileId="9" StartOffset="4815"/>
</LocList>
<StmntSeq Intrnl_Id="606">
<LocList>
<Loc EndOffset="4988" SrcFileId="9" StartOffset="4970"/>
<Loc EndOffset="5383" SrcFileId="9" StartOffset="4992"/>
<Loc EndOffset="5398" SrcFileId="9" StartOffset="5387"/>
</LocList>
<BasicStmnt CovItemId="S63" CovItemPrefix="csse376_puerto_rico.GameBoardGUI.java" Intrnl_Id="607">
<LocList>
<Loc EndOffset="4988" SrcFileId="9" StartOffset="4970"/>
</LocList>
</BasicStmnt>
<CondStmnt CovItemId="S64" CovItemPrefix="csse376_puerto_rico.GameBoardGUI.java" Intrnl_Id="608">
<Branch CovItemId="B5" CovItemPrefix="csse376_puerto_rico.GameBoardGUI.java" Implct="false" Intrnl_Id="609">
<Cond/>
<LocList>
<Loc EndOffset="5198" SrcFileId="9" StartOffset="5008"/>
</LocList>
<StmntSeq Intrnl_Id="610">
<LocList>
<Loc EndOffset="5191" SrcFileId="9" StartOffset="5014"/>
</LocList>
<BasicStmnt CovItemId="S65" CovItemPrefix="csse376_puerto_rico.GameBoardGUI.java" Intrnl_Id="611">
<LocList>
<Loc EndOffset="5191" SrcFileId="9" StartOffset="5014"/>
</LocList>
</BasicStmnt>
</StmntSeq>
</Branch>
<Branch CovItemId="B6" CovItemPrefix="csse376_puerto_rico.GameBoardGUI.java" Implct="false" Intrnl_Id="612">
<Cond>
<Loc EndOffset="5203" SrcFileId="9" StartOffset="5199"/>
</Cond>
<LocList>
<Loc EndOffset="5383" SrcFileId="9" StartOffset="5204"/>
</LocList>
<StmntSeq Intrnl_Id="613">
<LocList>
<Loc EndOffset="5376" SrcFileId="9" StartOffset="5210"/>
</LocList>
<BasicStmnt CovItemId="S66" CovItemPrefix="csse376_puerto_rico.GameBoardGUI.java" Intrnl_Id="614">
<LocList>
<Loc EndOffset="5376" SrcFileId="9" StartOffset="5210"/>
</LocList>
</BasicStmnt>
</StmntSeq>
</Branch>
<Keyword EndOffset="4994" SrcFileId="9" StartOffset="4992"/>
<LocList>
<Loc EndOffset="5383" SrcFileId="9" StartOffset="4992"/>
</LocList>
<RootTerm CovItemId="C5" CovItemPrefix="csse376_puerto_rico.GameBoardGUI.java" Intrnl_Id="615">
<BasicBoolTerm Intrnl_Id="616">
<LocList>
<Loc EndOffset="5006" SrcFileId="9" StartOffset="4996"/>
</LocList>
</BasicBoolTerm>
</RootTerm>
</CondStmnt>
<BasicStmnt CovItemId="S67" CovItemPrefix="csse376_puerto_rico.GameBoardGUI.java" Intrnl_Id="617">
<LocList>
<Loc EndOffset="5398" SrcFileId="9" StartOffset="5387"/>
</LocList>
</BasicStmnt>
</StmntSeq>
</HierarchyLvl>
<HierarchyLvl HierarchyLvlId="70" HierarchyLvlTypeId="17" Intrnl_Id="618" Name="updateRoles">
<Header>
<Loc EndOffset="5432" SrcFileId="9" StartOffset="5407"/>
</Header>
<LocList>
<Loc EndOffset="6618" SrcFileId="9" StartOffset="5407"/>
</LocList>
<StmntSeq Intrnl_Id="619">
<LocList>
<Loc EndOffset="5487" SrcFileId="9" StartOffset="5440"/>
<Loc EndOffset="6612" SrcFileId="9" StartOffset="5491"/>
</LocList>
<BasicStmnt CovItemId="S68" CovItemPrefix="csse376_puerto_rico.GameBoardGUI.java" Intrnl_Id="620">
<LocList>
<Loc EndOffset="5487" SrcFileId="9" StartOffset="5440"/>
</LocList>
</BasicStmnt>
<LoopStmnt CovItemId="S69" CovItemPrefix="csse376_puerto_rico.GameBoardGUI.java" Intrnl_Id="621" MltplExecId="L3-2" MltplExecPrefix="csse376_puerto_rico.GameBoardGUI.java" NvrExecId="L3-0" NvrExecPrefix="csse376_puerto_rico.GameBoardGUI.java" OnceExecutedId="L3-1" OnceExecutedPrefix="csse376_puerto_rico.GameBoardGUI.java" OptBodyExec="true">
<StmntSeq Intrnl_Id="622">
<LocList>
<Loc EndOffset="5559" SrcFileId="9" StartOffset="5521"/>
<Loc EndOffset="6605" SrcFileId="9" StartOffset="5564"/>
</LocList>
<BasicStmnt CovItemId="S70" CovItemPrefix="csse376_puerto_rico.GameBoardGUI.java" Intrnl_Id="623">
<LocList>
<Loc EndOffset="5559" SrcFileId="9" StartOffset="5521"/>
</LocList>
</BasicStmnt>
<LoopStmnt CovItemId="S71" CovItemPrefix="csse376_puerto_rico.GameBoardGUI.java" Intrnl_Id="624" MltplExecId="L4-2" MltplExecPrefix="csse376_puerto_rico.GameBoardGUI.java" NvrExecId="L4-0" NvrExecPrefix="csse376_puerto_rico.GameBoardGUI.java" OnceExecutedId="L4-1" OnceExecutedPrefix="csse376_puerto_rico.GameBoardGUI.java" OptBodyExec="true">
<StmntSeq Intrnl_Id="625">
<LocList>
<Loc EndOffset="5653" SrcFileId="9" StartOffset="5617"/>
<Loc EndOffset="5977" SrcFileId="9" StartOffset="5752"/>
<Loc EndOffset="6231" SrcFileId="9" StartOffset="6197"/>
<Loc EndOffset="6258" SrcFileId="9" StartOffset="6237"/>
<Loc EndOffset="6292" SrcFileId="9" StartOffset="6266"/>
<Loc EndOffset="6312" SrcFileId="9" StartOffset="6300"/>
<Loc EndOffset="6374" SrcFileId="9" StartOffset="6339"/>
<Loc EndOffset="6456" SrcFileId="9" StartOffset="6412"/>
<Loc EndOffset="6568" SrcFileId="9" StartOffset="6462"/>
<Loc EndOffset="6599" SrcFileId="9" StartOffset="6574"/>
</LocList>
<BasicStmnt CovItemId="S72" CovItemPrefix="csse376_puerto_rico.GameBoardGUI.java" Intrnl_Id="626">
<LocList>
<Loc EndOffset="5653" SrcFileId="9" StartOffset="5617"/>
</LocList>
</BasicStmnt>
<BasicStmnt CovItemId="S73" CovItemPrefix="csse376_puerto_rico.GameBoardGUI.java" Intrnl_Id="627">
<LocList>
<Loc EndOffset="5977" SrcFileId="9" StartOffset="5752"/>
</LocList>
</BasicStmnt>
<BasicStmnt CovItemId="S74" CovItemPrefix="csse376_puerto_rico.GameBoardGUI.java" Intrnl_Id="628">
<LocList>
<Loc EndOffset="6231" SrcFileId="9" StartOffset="6197"/>
</LocList>
</BasicStmnt>
<BasicStmnt CovItemId="S75" CovItemPrefix="csse376_puerto_rico.GameBoardGUI.java" Intrnl_Id="629">
<LocList>
<Loc EndOffset="6258" SrcFileId="9" StartOffset="6237"/>
</LocList>
</BasicStmnt>
<BasicStmnt CovItemId="S76" CovItemPrefix="csse376_puerto_rico.GameBoardGUI.java" Intrnl_Id="630">
<LocList>
<Loc EndOffset="6292" SrcFileId="9" StartOffset="6266"/>
</LocList>
</BasicStmnt>
<BasicStmnt CovItemId="S77" CovItemPrefix="csse376_puerto_rico.GameBoardGUI.java" Intrnl_Id="631">
<LocList>
<Loc EndOffset="6312" SrcFileId="9" StartOffset="6300"/>
</LocList>
</BasicStmnt>
<BasicStmnt CovItemId="S78" CovItemPrefix="csse376_puerto_rico.GameBoardGUI.java" Intrnl_Id="632">
<LocList>
<Loc EndOffset="6374" SrcFileId="9" StartOffset="6339"/>
</LocList>
</BasicStmnt>
<BasicStmnt CovItemId="S79" CovItemPrefix="csse376_puerto_rico.GameBoardGUI.java" Intrnl_Id="633">
<LocList>
<Loc EndOffset="6456" SrcFileId="9" StartOffset="6412"/>
</LocList>
</BasicStmnt>
<LoopStmnt CovItemId="S80" CovItemPrefix="csse376_puerto_rico.GameBoardGUI.java" Intrnl_Id="634" MltplExecId="L5-2" MltplExecPrefix="csse376_puerto_rico.GameBoardGUI.java" NvrExecId="L5-0" NvrExecPrefix="csse376_puerto_rico.GameBoardGUI.java" OnceExecutedId="L5-1" OnceExecutedPrefix="csse376_puerto_rico.GameBoardGUI.java" OptBodyExec="true">
<StmntSeq Intrnl_Id="635">
<LocList>
<Loc EndOffset="6561" SrcFileId="9" StartOffset="6511"/>
</LocList>
<CondStmnt CovItemId="S81" CovItemPrefix="csse376_puerto_rico.GameBoardGUI.java" Intrnl_Id="636">
<Branch CovItemId="B7" CovItemPrefix="csse376_puerto_rico.GameBoardGUI.java" Implct="false" Intrnl_Id="637">
<Cond/>
<LocList>
<Loc EndOffset="6561" SrcFileId="9" StartOffset="6523"/>
</LocList>
<StmntSeq Intrnl_Id="638">
<LocList>
<Loc EndOffset="6553" SrcFileId="9" StartOffset="6532"/>
</LocList>
<BasicStmnt CovItemId="S82" CovItemPrefix="csse376_puerto_rico.GameBoardGUI.java" Intrnl_Id="639">
<LocList>
<Loc EndOffset="6553" SrcFileId="9" StartOffset="6532"/>
</LocList>
</BasicStmnt>
</StmntSeq>
</Branch>
<Branch CovItemId="B8" CovItemPrefix="csse376_puerto_rico.GameBoardGUI.java" Implct="true" Intrnl_Id="640">
<Cond/>
<LocList/>
<StmntSeq Intrnl_Id="641">
<LocList/>
</StmntSeq>
</Branch>
<Keyword EndOffset="6513" SrcFileId="9" StartOffset="6511"/>
<LocList>
<Loc EndOffset="6561" SrcFileId="9" StartOffset="6511"/>
</LocList>
<RootTerm CovItemId="C9" CovItemPrefix="csse376_puerto_rico.GameBoardGUI.java" Intrnl_Id="642">
<BasicBoolTerm Intrnl_Id="643">
<LocList>
<Loc EndOffset="6521" SrcFileId="9" StartOffset="6515"/>
</LocList>
</BasicBoolTerm>
</RootTerm>
</CondStmnt>
</StmntSeq>
<Keyword EndOffset="6465" SrcFileId="9" StartOffset="6462"/>
<LocList>
<Loc EndOffset="6568" SrcFileId="9" StartOffset="6462"/>
</LocList>
<RootTerm CovItemId="C8" CovItemPrefix="csse376_puerto_rico.GameBoardGUI.java" Intrnl_Id="644">
<BasicBoolTerm Intrnl_Id="645">
<LocList>
<Loc EndOffset="6496" SrcFileId="9" StartOffset="6478"/>
</LocList>
</BasicBoolTerm>
</RootTerm>
</LoopStmnt>
<BasicStmnt CovItemId="S83" CovItemPrefix="csse376_puerto_rico.GameBoardGUI.java" Intrnl_Id="646">
<LocList>
<Loc EndOffset="6599" SrcFileId="9" StartOffset="6574"/>
</LocList>
</BasicStmnt>
</StmntSeq>
<Keyword EndOffset="5567" SrcFileId="9" StartOffset="5564"/>
<LocList>
<Loc EndOffset="6605" SrcFileId="9" StartOffset="5564"/>
</LocList>
<RootTerm CovItemId="C7" CovItemPrefix="csse376_puerto_rico.GameBoardGUI.java" Intrnl_Id="647">
<BasicBoolTerm Intrnl_Id="648">
<LocList>
<Loc EndOffset="5603" SrcFileId="9" StartOffset="5580"/>
</LocList>
</BasicBoolTerm>
</RootTerm>
</LoopStmnt>
</StmntSeq>
<Keyword EndOffset="5496" SrcFileId="9" StartOffset="5491"/>
<LocList>
<Loc EndOffset="6612" SrcFileId="9" StartOffset="5491"/>
</LocList>
<RootTerm CovItemId="C6" CovItemPrefix="csse376_puerto_rico.GameBoardGUI.java" Intrnl_Id="649">
<OpTerm BooleanOpId="12" Intrnl_Id="650">
<BasicBoolTerm Intrnl_Id="651">
<LocList>
<Loc EndOffset="5513" SrcFileId="9" StartOffset="5499"/>
</LocList>
</BasicBoolTerm>
<LocList>
<Loc EndOffset="5499" SrcFileId="9" StartOffset="5498"/>
</LocList>
</OpTerm>
</RootTerm>
</LoopStmnt>
</StmntSeq>
</HierarchyLvl>
<HierarchyLvl HierarchyLvlId="71" HierarchyLvlTypeId="17" Intrnl_Id="652" Name="checkEndGame">
<Header>
<Loc EndOffset="6652" SrcFileId="9" StartOffset="6623"/>
</Header>
<LocList>
<Loc EndOffset="6775" SrcFileId="9" StartOffset="6623"/>
</LocList>
<StmntSeq Intrnl_Id="653">
<LocList>
<Loc EndOffset="6771" SrcFileId="9" StartOffset="6737"/>
</LocList>
<BasicStmnt CovItemId="S84" CovItemPrefix="csse376_puerto_rico.GameBoardGUI.java" Intrnl_Id="654">
<LocList>
<Loc EndOffset="6771" SrcFileId="9" StartOffset="6737"/>
</LocList>
</BasicStmnt>
</StmntSeq>
</HierarchyLvl>
<HierarchyLvl HierarchyLvlId="72" HierarchyLvlTypeId="17" Intrnl_Id="655" Name="updateMsgBar">
<Header>
<Loc EndOffset="6816" SrcFileId="9" StartOffset="6780"/>
</Header>
<LocList>
<Loc EndOffset="6851" SrcFileId="9" StartOffset="6780"/>
</LocList>
<StmntSeq Intrnl_Id="656">
<LocList>
<Loc EndOffset="6847" SrcFileId="9" StartOffset="6822"/>
</LocList>
<BasicStmnt CovItemId="S85" CovItemPrefix="csse376_puerto_rico.GameBoardGUI.java" Intrnl_Id="657">
<LocList>
<Loc EndOffset="6847" SrcFileId="9" StartOffset="6822"/>
</LocList>
</BasicStmnt>
</StmntSeq>
</HierarchyLvl>
<HierarchyLvl HierarchyLvlId="73" HierarchyLvlTypeId="17" Intrnl_Id="658" Name="playRole">
<Header>
<Loc EndOffset="6895" SrcFileId="9" StartOffset="6862"/>
</Header>
<LocList>
<Loc EndOffset="13137" SrcFileId="9" StartOffset="6862"/>
</LocList>
<StmntSeq Intrnl_Id="659">
<LocList>
<Loc EndOffset="6945" SrcFileId="9" StartOffset="6908"/>
<Loc EndOffset="6980" SrcFileId="9" StartOffset="6949"/>
<Loc EndOffset="13131" SrcFileId="9" StartOffset="6986"/>
</LocList>
<BasicStmnt CovItemId="S86" CovItemPrefix="csse376_puerto_rico.GameBoardGUI.java" Intrnl_Id="660">
<LocList>
<Loc EndOffset="6945" SrcFileId="9" StartOffset="6908"/>
</LocList>
</BasicStmnt>
<BasicStmnt CovItemId="S87" CovItemPrefix="csse376_puerto_rico.GameBoardGUI.java" Intrnl_Id="661">
<LocList>
<Loc EndOffset="6980" SrcFileId="9" StartOffset="6949"/>
</LocList>
</BasicStmnt>
<CondStmnt CovItemId="S88" CovItemPrefix="csse376_puerto_rico.GameBoardGUI.java" Intrnl_Id="662">
<Branch CovItemId="B9" CovItemPrefix="csse376_puerto_rico.GameBoardGUI.java" Implct="false" Intrnl_Id="663">
<Cond/>
<LocList>
<Loc EndOffset="9310" SrcFileId="9" StartOffset="7022"/>
</LocList>
<StmntSeq Intrnl_Id="664">
<LocList>
<Loc EndOffset="9305" SrcFileId="9" StartOffset="7030"/>
</LocList>
<LoopStmnt CovItemId="S89" CovItemPrefix="csse376_puerto_rico.GameBoardGUI.java" Intrnl_Id="665" MltplExecId="L6-2" MltplExecPrefix="csse376_puerto_rico.GameBoardGUI.java" NvrExecId="L6-0" NvrExecPrefix="csse376_puerto_rico.GameBoardGUI.java" OnceExecutedId="L6-1" OnceExecutedPrefix="csse376_puerto_rico.GameBoardGUI.java" OptBodyExec="true">
<StmntSeq Intrnl_Id="666">
<LocList>
<Loc EndOffset="7177" SrcFileId="9" StartOffset="7147"/>
<Loc EndOffset="7247" SrcFileId="9" StartOffset="7185"/>
<Loc EndOffset="7278" SrcFileId="9" StartOffset="7253"/>
<Loc EndOffset="9250" SrcFileId="9" StartOffset="7284"/>
<Loc EndOffset="9297" SrcFileId="9" StartOffset="9256"/>
</LocList>
<BasicStmnt CovItemId="S90" CovItemPrefix="csse376_puerto_rico.GameBoardGUI.java" Intrnl_Id="667">
<LocList>
<Loc EndOffset="7177" SrcFileId="9" StartOffset="7147"/>
</LocList>
</BasicStmnt>
<BasicStmnt CovItemId="S91" CovItemPrefix="csse376_puerto_rico.GameBoardGUI.java" Intrnl_Id="668">
<LocList>
<Loc EndOffset="7247" SrcFileId="9" StartOffset="7185"/>
</LocList>
</BasicStmnt>
<BasicStmnt CovItemId="S92" CovItemPrefix="csse376_puerto_rico.GameBoardGUI.java" Intrnl_Id="669">
<LocList>
<Loc EndOffset="7278" SrcFileId="9" StartOffset="7253"/>
</LocList>
</BasicStmnt>
<LoopStmnt CovItemId="S93" CovItemPrefix="csse376_puerto_rico.GameBoardGUI.java" Intrnl_Id="670" MltplExecId="L7-2" MltplExecPrefix="csse376_puerto_rico.GameBoardGUI.java" NvrExecId="L7-0" NvrExecPrefix="csse376_puerto_rico.GameBoardGUI.java" OnceExecutedId="L7-1" OnceExecutedPrefix="csse376_puerto_rico.GameBoardGUI.java" OptBodyExec="true">
<StmntSeq Intrnl_Id="671">
<LocList>
<Loc EndOffset="7615" SrcFileId="9" StartOffset="7310"/>
<Loc EndOffset="9210" SrcFileId="9" StartOffset="7622"/>
<Loc EndOffset="9243" SrcFileId="9" StartOffset="9217"/>
</LocList>
<BasicStmnt CovItemId="S94" CovItemPrefix="csse376_puerto_rico.GameBoardGUI.java" Intrnl_Id="672">
<LocList>
<Loc EndOffset="7615" SrcFileId="9" StartOffset="7310"/>
</LocList>
</BasicStmnt>
<CondStmnt CovItemId="S95" CovItemPrefix="csse376_puerto_rico.GameBoardGUI.java" Intrnl_Id="673">
<Branch CovItemId="B11" CovItemPrefix="csse376_puerto_rico.GameBoardGUI.java" Implct="false" Intrnl_Id="674">
<Cond/>
<LocList>
<Loc EndOffset="8445" SrcFileId="9" StartOffset="7634"/>
</LocList>
<StmntSeq Intrnl_Id="675">
<LocList>
<Loc EndOffset="7749" SrcFileId="9" StartOffset="7643"/>
<Loc EndOffset="7788" SrcFileId="9" StartOffset="7757"/>
<Loc EndOffset="7838" SrcFileId="9" StartOffset="7796"/>
<Loc EndOffset="8144" SrcFileId="9" StartOffset="7848"/>
<Loc EndOffset="8435" SrcFileId="9" StartOffset="8152"/>
</LocList>
<BasicStmnt CovItemId="S96" CovItemPrefix="csse376_puerto_rico.GameBoardGUI.java" Intrnl_Id="676">
<LocList>
<Loc EndOffset="7749" SrcFileId="9" StartOffset="7643"/>
</LocList>
</BasicStmnt>
<BasicStmnt CovItemId="S97" CovItemPrefix="csse376_puerto_rico.GameBoardGUI.java" Intrnl_Id="677">
<LocList>
<Loc EndOffset="7788" SrcFileId="9" StartOffset="7757"/>
</LocList>
</BasicStmnt>
<BasicStmnt CovItemId="S98" CovItemPrefix="csse376_puerto_rico.GameBoardGUI.java" Intrnl_Id="678">
<LocList>
<Loc EndOffset="7838" SrcFileId="9" StartOffset="7796"/>
</LocList>
</BasicStmnt>
<BasicStmnt CovItemId="S99" CovItemPrefix="csse376_puerto_rico.GameBoardGUI.java" Intrnl_Id="679">
<LocList>
<Loc EndOffset="8144" SrcFileId="9" StartOffset="7848"/>
</LocList>
</BasicStmnt>
<CondStmnt CovItemId="S100" CovItemPrefix="csse376_puerto_rico.GameBoardGUI.java" Intrnl_Id="680">
<Branch CovItemId="B13" CovItemPrefix="csse376_puerto_rico.GameBoardGUI.java" Implct="false" Intrnl_Id="681">
<Cond/>
<LocList>
<Loc EndOffset="8344" SrcFileId="9" StartOffset="8188"/>
</LocList>
<StmntSeq Intrnl_Id="682">
<LocList>
<Loc EndOffset="8310" SrcFileId="9" StartOffset="8253"/>
<Loc EndOffset="8335" SrcFileId="9" StartOffset="8319"/>
</LocList>
<BasicStmnt CovItemId="S101" CovItemPrefix="csse376_puerto_rico.GameBoardGUI.java" Intrnl_Id="683">
<LocList>
<Loc EndOffset="8310" SrcFileId="9" StartOffset="8253"/>
</LocList>
</BasicStmnt>
<BasicStmnt CovItemId="S102" CovItemPrefix="csse376_puerto_rico.GameBoardGUI.java" Intrnl_Id="684">
<LocList>
<Loc EndOffset="8335" SrcFileId="9" StartOffset="8319"/>
</LocList>
</BasicStmnt>
</StmntSeq>
</Branch>
<Branch CovItemId="B14" CovItemPrefix="csse376_puerto_rico.GameBoardGUI.java" Implct="false" Intrnl_Id="685">
<Cond>
<Loc EndOffset="8349" SrcFileId="9" StartOffset="8345"/>
</Cond>
<LocList>
<Loc EndOffset="8435" SrcFileId="9" StartOffset="8350"/>
</LocList>
<StmntSeq Intrnl_Id="686">
<LocList>
<Loc EndOffset="8426" SrcFileId="9" StartOffset="8409"/>
</LocList>
<BasicStmnt CovItemId="S103" CovItemPrefix="csse376_puerto_rico.GameBoardGUI.java" Intrnl_Id="687">
<LocList>
<Loc EndOffset="8426" SrcFileId="9" StartOffset="8409"/>
</LocList>
</BasicStmnt>
</StmntSeq>
</Branch>
<Keyword EndOffset="8154" SrcFileId="9" StartOffset="8152"/>
<LocList>
<Loc EndOffset="8435" SrcFileId="9" StartOffset="8152"/>
</LocList>
<RootTerm CovItemId="C14" CovItemPrefix="csse376_puerto_rico.GameBoardGUI.java" Intrnl_Id="688">
<BasicBoolTerm Intrnl_Id="689">
<LocList>
<Loc EndOffset="8186" SrcFileId="9" StartOffset="8156"/>
</LocList>
</BasicBoolTerm>
</RootTerm>
</CondStmnt>
</StmntSeq>
</Branch>
<Branch CovItemId="B12" CovItemPrefix="csse376_puerto_rico.GameBoardGUI.java" Implct="false" Intrnl_Id="690">
<Cond>
<Loc EndOffset="8450" SrcFileId="9" StartOffset="8446"/>
</Cond>
<LocList>
<Loc EndOffset="9210" SrcFileId="9" StartOffset="8451"/>
</LocList>
<StmntSeq Intrnl_Id="691">
<LocList>
<Loc EndOffset="9210" SrcFileId="9" StartOffset="8451"/>
</LocList>
<CondStmnt CovItemId="S104" CovItemPrefix="csse376_puerto_rico.GameBoardGUI.java" Intrnl_Id="692">
<Branch CovItemId="B15" CovItemPrefix="csse376_puerto_rico.GameBoardGUI.java" Implct="false" Intrnl_Id="693">
<Cond/>
<LocList>
<Loc EndOffset="9150" SrcFileId="9" StartOffset="8463"/>
</LocList>
<StmntSeq Intrnl_Id="694">
<LocList>
<Loc EndOffset="8577" SrcFileId="9" StartOffset="8472"/>
<Loc EndOffset="8613" SrcFileId="9" StartOffset="8585"/>
<Loc EndOffset="8660" SrcFileId="9" StartOffset="8621"/>
<Loc EndOffset="8970" SrcFileId="9" StartOffset="8670"/>
<Loc EndOffset="9142" SrcFileId="9" StartOffset="8978"/>
</LocList>
<BasicStmnt CovItemId="S105" CovItemPrefix="csse376_puerto_rico.GameBoardGUI.java" Intrnl_Id="695">
<LocList>
<Loc EndOffset="8577" SrcFileId="9" StartOffset="8472"/>
</LocList>
</BasicStmnt>
<BasicStmnt CovItemId="S106" CovItemPrefix="csse376_puerto_rico.GameBoardGUI.java" Intrnl_Id="696">
<LocList>
<Loc EndOffset="8613" SrcFileId="9" StartOffset="8585"/>
</LocList>
</BasicStmnt>
<BasicStmnt CovItemId="S107" CovItemPrefix="csse376_puerto_rico.GameBoardGUI.java" Intrnl_Id="697">
<LocList>
<Loc EndOffset="8660" SrcFileId="9" StartOffset="8621"/>
</LocList>
</BasicStmnt>
<BasicStmnt CovItemId="S108" CovItemPrefix="csse376_puerto_rico.GameBoardGUI.java" Intrnl_Id="698">
<LocList>
<Loc EndOffset="8970" SrcFileId="9" StartOffset="8670"/>
</LocList>
</BasicStmnt>
<CondStmnt CovItemId="S109" CovItemPrefix="csse376_puerto_rico.GameBoardGUI.java" Intrnl_Id="699">
<Branch CovItemId="B17" CovItemPrefix="csse376_puerto_rico.GameBoardGUI.java" Implct="false" Intrnl_Id="700">
<Cond/>
<LocList>
<Loc EndOffset="9051" SrcFileId="9" StartOffset="9016"/>
</LocList>
<StmntSeq Intrnl_Id="701">
<LocList>
<Loc EndOffset="9042" SrcFileId="9" StartOffset="9026"/>
</LocList>
<BasicStmnt CovItemId="S110" CovItemPrefix="csse376_puerto_rico.GameBoardGUI.java" Intrnl_Id="702">
<LocList>
<Loc EndOffset="9042" SrcFileId="9" StartOffset="9026"/>
</LocList>
</BasicStmnt>
</StmntSeq>
</Branch>
<Branch CovItemId="B18" CovItemPrefix="csse376_puerto_rico.GameBoardGUI.java" Implct="false" Intrnl_Id="703">
<Cond>
<Loc EndOffset="9056" SrcFileId="9" StartOffset="9052"/>
</Cond>
<LocList>
<Loc EndOffset="9142" SrcFileId="9" StartOffset="9057"/>
</LocList>
<StmntSeq Intrnl_Id="704">
<LocList>
<Loc EndOffset="9133" SrcFileId="9" StartOffset="9116"/>
</LocList>
<BasicStmnt CovItemId="S111" CovItemPrefix="csse376_puerto_rico.GameBoardGUI.java" Intrnl_Id="705">
<LocList>
<Loc EndOffset="9133" SrcFileId="9" StartOffset="9116"/>
</LocList>
</BasicStmnt>
</StmntSeq>
</Branch>
<Keyword EndOffset="8980" SrcFileId="9" StartOffset="8978"/>
<LocList>
<Loc EndOffset="9142" SrcFileId="9" StartOffset="8978"/>
</LocList>
<RootTerm CovItemId="C16" CovItemPrefix="csse376_puerto_rico.GameBoardGUI.java" Intrnl_Id="706">
<BasicBoolTerm Intrnl_Id="707">
<LocList>
<Loc EndOffset="9014" SrcFileId="9" StartOffset="8982"/>
</LocList>
</BasicBoolTerm>
</RootTerm>
</CondStmnt>
</StmntSeq>
</Branch>
<Branch CovItemId="B16" CovItemPrefix="csse376_puerto_rico.GameBoardGUI.java" Implct="false" Intrnl_Id="708">
<Cond>
<Loc EndOffset="9155" SrcFileId="9" StartOffset="9151"/>
</Cond>
<LocList>
<Loc EndOffset="9210" SrcFileId="9" StartOffset="9156"/>
</LocList>
<StmntSeq Intrnl_Id="709">
<LocList>
<Loc EndOffset="9202" SrcFileId="9" StartOffset="9186"/>
</LocList>
<BasicStmnt CovItemId="S112" CovItemPrefix="csse376_puerto_rico.GameBoardGUI.java" Intrnl_Id="710">
<LocList>
<Loc EndOffset="9202" SrcFileId="9" StartOffset="9186"/>
</LocList>
</BasicStmnt>
</StmntSeq>
</Branch>
<Keyword EndOffset="8453" SrcFileId="9" StartOffset="8451"/>
<LocList>
<Loc EndOffset="9210" SrcFileId="9" StartOffset="8451"/>
</LocList>
<RootTerm CovItemId="C15" CovItemPrefix="csse376_puerto_rico.GameBoardGUI.java" Intrnl_Id="711">
<BasicBoolTerm Intrnl_Id="712">
<LocList>
<Loc EndOffset="8461" SrcFileId="9" StartOffset="8455"/>
</LocList>
</BasicBoolTerm>
</RootTerm>
</CondStmnt>
</StmntSeq>
</Branch>
<Keyword EndOffset="7624" SrcFileId="9" StartOffset="7622"/>
<LocList>
<Loc EndOffset="9210" SrcFileId="9" StartOffset="7622"/>
</LocList>
<RootTerm CovItemId="C13" CovItemPrefix="csse376_puerto_rico.GameBoardGUI.java" Intrnl_Id="713">
<BasicBoolTerm Intrnl_Id="714">
<LocList>
<Loc EndOffset="7632" SrcFileId="9" StartOffset="7626"/>
</LocList>
</BasicBoolTerm>
</RootTerm>
</CondStmnt>
<BasicStmnt CovItemId="S113" CovItemPrefix="csse376_puerto_rico.GameBoardGUI.java" Intrnl_Id="715">
<LocList>
<Loc EndOffset="9243" SrcFileId="9" StartOffset="9217"/>
</LocList>
</BasicStmnt>
</StmntSeq>
<Keyword EndOffset="7289" SrcFileId="9" StartOffset="7284"/>
<LocList>
<Loc EndOffset="9250" SrcFileId="9" StartOffset="7284"/>
</LocList>
<RootTerm CovItemId="C12" CovItemPrefix="csse376_puerto_rico.GameBoardGUI.java" Intrnl_Id="716">
<OpTerm BooleanOpId="12" Intrnl_Id="717">
<BasicBoolTerm Intrnl_Id="718">
<LocList>
<Loc EndOffset="7300" SrcFileId="9" StartOffset="7292"/>
</LocList>
</BasicBoolTerm>
<LocList>
<Loc EndOffset="7292" SrcFileId="9" StartOffset="7291"/>
</LocList>
</OpTerm>
</RootTerm>
</LoopStmnt>
<BasicStmnt CovItemId="S114" CovItemPrefix="csse376_puerto_rico.GameBoardGUI.java" Intrnl_Id="719">
<LocList>
<Loc EndOffset="9297" SrcFileId="9" StartOffset="9256"/>
</LocList>
</BasicStmnt>
</StmntSeq>
<Keyword EndOffset="7033" SrcFileId="9" StartOffset="7030"/>
<LocList>
<Loc EndOffset="9305" SrcFileId="9" StartOffset="7030"/>
</LocList>
<RootTerm CovItemId="C11" CovItemPrefix="csse376_puerto_rico.GameBoardGUI.java" Intrnl_Id="720">
<BasicBoolTerm Intrnl_Id="721">
<LocList>
<Loc EndOffset="7064" SrcFileId="9" StartOffset="7046"/>
</LocList>
</BasicBoolTerm>
</RootTerm>
</LoopStmnt>
</StmntSeq>
</Branch>
<Branch CovItemId="B10" CovItemPrefix="csse376_puerto_rico.GameBoardGUI.java" Implct="false" Intrnl_Id="722">
<Cond>
<Loc EndOffset="9315" SrcFileId="9" StartOffset="9311"/>
</Cond>
<LocList>
<Loc EndOffset="13131" SrcFileId="9" StartOffset="9316"/>
</LocList>
<StmntSeq Intrnl_Id="723">
<LocList>
<Loc EndOffset="13131" SrcFileId="9" StartOffset="9316"/>
</LocList>
<CondStmnt CovItemId="S115" CovItemPrefix="csse376_puerto_rico.GameBoardGUI.java" Intrnl_Id="724">
<Branch CovItemId="B19" CovItemPrefix="csse376_puerto_rico.GameBoardGUI.java" Implct="false" Intrnl_Id="725">
<Cond/>
<LocList>
<Loc EndOffset="10163" SrcFileId="9" StartOffset="9354"/>
</LocList>
<StmntSeq Intrnl_Id="726">
<LocList>
<Loc EndOffset="9390" SrcFileId="9" StartOffset="9360"/>
<Loc EndOffset="9443" SrcFileId="9" StartOffset="9395"/>
<Loc EndOffset="9470" SrcFileId="9" StartOffset="9448"/>
<Loc EndOffset="9511" SrcFileId="9" StartOffset="9475"/>
<Loc EndOffset="10158" SrcFileId="9" StartOffset="9571"/>
</LocList>
<BasicStmnt CovItemId="S116" CovItemPrefix="csse376_puerto_rico.GameBoardGUI.java" Intrnl_Id="727">
<LocList>
<Loc EndOffset="9390" SrcFileId="9" StartOffset="9360"/>
</LocList>
</BasicStmnt>
<BasicStmnt CovItemId="S117" CovItemPrefix="csse376_puerto_rico.GameBoardGUI.java" Intrnl_Id="728">
<LocList>
<Loc EndOffset="9443" SrcFileId="9" StartOffset="9395"/>
</LocList>
</BasicStmnt>
<BasicStmnt CovItemId="S118" CovItemPrefix="csse376_puerto_rico.GameBoardGUI.java" Intrnl_Id="729">
<LocList>
<Loc EndOffset="9470" SrcFileId="9" StartOffset="9448"/>
</LocList>
</BasicStmnt>
<BasicStmnt CovItemId="S119" CovItemPrefix="csse376_puerto_rico.GameBoardGUI.java" Intrnl_Id="730">
<LocList>
<Loc EndOffset="9511" SrcFileId="9" StartOffset="9475"/>
</LocList>
</BasicStmnt>
<LoopStmnt CovItemId="S120" CovItemPrefix="csse376_puerto_rico.GameBoardGUI.java" Intrnl_Id="731" MltplExecId="L8-2" MltplExecPrefix="csse376_puerto_rico.GameBoardGUI.java" NvrExecId="L8-0" NvrExecPrefix="csse376_puerto_rico.GameBoardGUI.java" OnceExecutedId="L8-1" OnceExecutedPrefix="csse376_puerto_rico.GameBoardGUI.java" OptBodyExec="true">
<StmntSeq Intrnl_Id="732">
<LocList>
<Loc EndOffset="9651" SrcFileId="9" StartOffset="9621"/>
<Loc EndOffset="9685" SrcFileId="9" StartOffset="9657"/>
<Loc EndOffset="9974" SrcFileId="9" StartOffset="9731"/>
<Loc EndOffset="10071" SrcFileId="9" StartOffset="9980"/>
<Loc EndOffset="10103" SrcFileId="9" StartOffset="10077"/>
<Loc EndOffset="10150" SrcFileId="9" StartOffset="10109"/>
</LocList>
<BasicStmnt CovItemId="S121" CovItemPrefix="csse376_puerto_rico.GameBoardGUI.java" Intrnl_Id="733">
<LocList>
<Loc EndOffset="9651" SrcFileId="9" StartOffset="9621"/>
</LocList>
</BasicStmnt>
<BasicStmnt CovItemId="S122" CovItemPrefix="csse376_puerto_rico.GameBoardGUI.java" Intrnl_Id="734">
<LocList>
<Loc EndOffset="9685" SrcFileId="9" StartOffset="9657"/>
</LocList>
</BasicStmnt>
<BasicStmnt CovItemId="S123" CovItemPrefix="csse376_puerto_rico.GameBoardGUI.java" Intrnl_Id="735">
<LocList>
<Loc EndOffset="9974" SrcFileId="9" StartOffset="9731"/>
</LocList>
</BasicStmnt>
<CondStmnt CovItemId="S124" CovItemPrefix="csse376_puerto_rico.GameBoardGUI.java" Intrnl_Id="736">
<Branch CovItemId="B21" CovItemPrefix="csse376_puerto_rico.GameBoardGUI.java" Implct="false" Intrnl_Id="737">
<Cond/>
<LocList>
<Loc EndOffset="10071" SrcFileId="9" StartOffset="10008"/>
</LocList>
<StmntSeq Intrnl_Id="738">
<LocList>
<Loc EndOffset="10064" SrcFileId="9" StartOffset="10016"/>
</LocList>
<BasicStmnt CovItemId="S125" CovItemPrefix="csse376_puerto_rico.GameBoardGUI.java" Intrnl_Id="739">
<LocList>
<Loc EndOffset="10064" SrcFileId="9" StartOffset="10016"/>
</LocList>
</BasicStmnt>
</StmntSeq>
</Branch>
<Branch CovItemId="B22" CovItemPrefix="csse376_puerto_rico.GameBoardGUI.java" Implct="true" Intrnl_Id="740">
<Cond/>
<LocList/>
<StmntSeq Intrnl_Id="741">
<LocList/>
</StmntSeq>
</Branch>
<Keyword EndOffset="9982" SrcFileId="9" StartOffset="9980"/>
<LocList>
<Loc EndOffset="10071" SrcFileId="9" StartOffset="9980"/>
</LocList>
<RootTerm CovItemId="C19" CovItemPrefix="csse376_puerto_rico.GameBoardGUI.java" Intrnl_Id="742">
<BasicBoolTerm Intrnl_Id="743">
<LocList>
<Loc EndOffset="10006" SrcFileId="9" StartOffset="9984"/>
</LocList>
</BasicBoolTerm>
</RootTerm>
</CondStmnt>
<BasicStmnt CovItemId="S126" CovItemPrefix="csse376_puerto_rico.GameBoardGUI.java" Intrnl_Id="744">
<LocList>
<Loc EndOffset="10103" SrcFileId="9" StartOffset="10077"/>
</LocList>
</BasicStmnt>
<BasicStmnt CovItemId="S127" CovItemPrefix="csse376_puerto_rico.GameBoardGUI.java" Intrnl_Id="745">
<LocList>
<Loc EndOffset="10150" SrcFileId="9" StartOffset="10109"/>
</LocList>
</BasicStmnt>
</StmntSeq>
<Keyword EndOffset="9574" SrcFileId="9" StartOffset="9571"/>
<LocList>
<Loc EndOffset="10158" SrcFileId="9" StartOffset="9571"/>
</LocList>
<RootTerm CovItemId="C18" CovItemPrefix="csse376_puerto_rico.GameBoardGUI.java" Intrnl_Id="746">
<BasicBoolTerm Intrnl_Id="747">
<LocList>
<Loc EndOffset="9605" SrcFileId="9" StartOffset="9587"/>
</LocList>
</BasicBoolTerm>
</RootTerm>
</LoopStmnt>
</StmntSeq>
</Branch>
<Branch CovItemId="B20" CovItemPrefix="csse376_puerto_rico.GameBoardGUI.java" Implct="false" Intrnl_Id="748">
<Cond>
<Loc EndOffset="10167" SrcFileId="9" StartOffset="10163"/>
</Cond>
<LocList>
<Loc EndOffset="13131" SrcFileId="9" StartOffset="10168"/>
</LocList>
<StmntSeq Intrnl_Id="749">
<LocList>
<Loc EndOffset="13131" SrcFileId="9" StartOffset="10168"/>
</LocList>
<CondStmnt CovItemId="S128" CovItemPrefix="csse376_puerto_rico.GameBoardGUI.java" Intrnl_Id="750">
<Branch CovItemId="B23" CovItemPrefix="csse376_puerto_rico.GameBoardGUI.java" Implct="false" Intrnl_Id="751">
<Cond/>
<LocList>
<Loc EndOffset="10986" SrcFileId="9" StartOffset="10204"/>
</LocList>
<StmntSeq Intrnl_Id="752">
<LocList>
<Loc EndOffset="10272" SrcFileId="9" StartOffset="10229"/>
<Loc EndOffset="10298" SrcFileId="9" StartOffset="10277"/>
<Loc EndOffset="10339" SrcFileId="9" StartOffset="10303"/>
<Loc EndOffset="10981" SrcFileId="9" StartOffset="10344"/>
</LocList>
<BasicStmnt CovItemId="S129" CovItemPrefix="csse376_puerto_rico.GameBoardGUI.java" Intrnl_Id="753">
<LocList>
<Loc EndOffset="10272" SrcFileId="9" StartOffset="10229"/>
</LocList>
</BasicStmnt>
<BasicStmnt CovItemId="S130" CovItemPrefix="csse376_puerto_rico.GameBoardGUI.java" Intrnl_Id="754">
<LocList>
<Loc EndOffset="10298" SrcFileId="9" StartOffset="10277"/>
</LocList>
</BasicStmnt>
<BasicStmnt CovItemId="S131" CovItemPrefix="csse376_puerto_rico.GameBoardGUI.java" Intrnl_Id="755">
<LocList>
<Loc EndOffset="10339" SrcFileId="9" StartOffset="10303"/>
</LocList>
</BasicStmnt>
<LoopStmnt CovItemId="S132" CovItemPrefix="csse376_puerto_rico.GameBoardGUI.java" Intrnl_Id="756" MltplExecId="L9-2" MltplExecPrefix="csse376_puerto_rico.GameBoardGUI.java" NvrExecId="L9-0" NvrExecPrefix="csse376_puerto_rico.GameBoardGUI.java" OnceExecutedId="L9-1" OnceExecutedPrefix="csse376_puerto_rico.GameBoardGUI.java" OptBodyExec="true">
<StmntSeq Intrnl_Id="757">
<LocList>
<Loc EndOffset="10424" SrcFileId="9" StartOffset="10394"/>
<Loc EndOffset="10711" SrcFileId="9" StartOffset="10470"/>
<Loc EndOffset="10752" SrcFileId="9" StartOffset="10718"/>
<Loc EndOffset="10896" SrcFileId="9" StartOffset="10758"/>
<Loc EndOffset="10928" SrcFileId="9" StartOffset="10902"/>
<Loc EndOffset="10975" SrcFileId="9" StartOffset="10934"/>
</LocList>
<BasicStmnt CovItemId="S133" CovItemPrefix="csse376_puerto_rico.GameBoardGUI.java" Intrnl_Id="758">
<LocList>
<Loc EndOffset="10424" SrcFileId="9" StartOffset="10394"/>
</LocList>
</BasicStmnt>
<BasicStmnt CovItemId="S134" CovItemPrefix="csse376_puerto_rico.GameBoardGUI.java" Intrnl_Id="759">
<LocList>
<Loc EndOffset="10711" SrcFileId="9" StartOffset="10470"/>
</LocList>
</BasicStmnt>
<BasicStmnt CovItemId="S135" CovItemPrefix="csse376_puerto_rico.GameBoardGUI.java" Intrnl_Id="760">
<LocList>
<Loc EndOffset="10752" SrcFileId="9" StartOffset="10718"/>
</LocList>
</BasicStmnt>
<CondStmnt CovItemId="S136" CovItemPrefix="csse376_puerto_rico.GameBoardGUI.java" Intrnl_Id="761">
<Branch CovItemId="B25" CovItemPrefix="csse376_puerto_rico.GameBoardGUI.java" Implct="false" Intrnl_Id="762">
<Cond/>
<LocList>
<Loc EndOffset="10896" SrcFileId="9" StartOffset="10815"/>
</LocList>
<StmntSeq Intrnl_Id="763">
<LocList>
<Loc EndOffset="10889" SrcFileId="9" StartOffset="10823"/>
</LocList>
<BasicStmnt CovItemId="S137" CovItemPrefix="csse376_puerto_rico.GameBoardGUI.java" Intrnl_Id="764">
<LocList>
<Loc EndOffset="10889" SrcFileId="9" StartOffset="10823"/>
</LocList>
</BasicStmnt>
</StmntSeq>
</Branch>
<Branch CovItemId="B26" CovItemPrefix="csse376_puerto_rico.GameBoardGUI.java" Implct="true" Intrnl_Id="765">
<Cond/>
<LocList/>
<StmntSeq Intrnl_Id="766">
<LocList/>
</StmntSeq>
</Branch>
<Keyword EndOffset="10760" SrcFileId="9" StartOffset="10758"/>
<LocList>
<Loc EndOffset="10896" SrcFileId="9" StartOffset="10758"/>
</LocList>
<RootTerm CovItemId="C22" CovItemPrefix="csse376_puerto_rico.GameBoardGUI.java" Intrnl_Id="767">
<OpTerm BooleanOpId="13" Intrnl_Id="768">
<BasicBoolTerm Intrnl_Id="769">
<LocList>
<Loc EndOffset="10784" SrcFileId="9" StartOffset="10762"/>
</LocList>
</BasicBoolTerm>
<BasicBoolTerm Intrnl_Id="770">
<LocList>
<Loc EndOffset="10813" SrcFileId="9" StartOffset="10788"/>
</LocList>
</BasicBoolTerm>
<LocList>
<Loc EndOffset="10787" SrcFileId="9" StartOffset="10785"/>
</LocList>
</OpTerm>
</RootTerm>
</CondStmnt>
<BasicStmnt CovItemId="S138" CovItemPrefix="csse376_puerto_rico.GameBoardGUI.java" Intrnl_Id="771">
<LocList>
<Loc EndOffset="10928" SrcFileId="9" StartOffset="10902"/>
</LocList>
</BasicStmnt>
<BasicStmnt CovItemId="S139" CovItemPrefix="csse376_puerto_rico.GameBoardGUI.java" Intrnl_Id="772">
<LocList>
<Loc EndOffset="10975" SrcFileId="9" StartOffset="10934"/>
</LocList>
</BasicStmnt>
</StmntSeq>
<Keyword EndOffset="10347" SrcFileId="9" StartOffset="10344"/>
<LocList>
<Loc EndOffset="10981" SrcFileId="9" StartOffset="10344"/>
</LocList>
<RootTerm CovItemId="C21" CovItemPrefix="csse376_puerto_rico.GameBoardGUI.java" Intrnl_Id="773">
<BasicBoolTerm Intrnl_Id="774">
<LocList>
<Loc EndOffset="10378" SrcFileId="9" StartOffset="10360"/>
</LocList>
</BasicBoolTerm>
</RootTerm>
</LoopStmnt>
</StmntSeq>
</Branch>
<Branch CovItemId="B24" CovItemPrefix="csse376_puerto_rico.GameBoardGUI.java" Implct="false" Intrnl_Id="775">
<Cond>
<Loc EndOffset="10990" SrcFileId="9" StartOffset="10986"/>
</Cond>
<LocList>
<Loc EndOffset="13131" SrcFileId="9" StartOffset="10991"/>
</LocList>
<StmntSeq Intrnl_Id="776">
<LocList>
<Loc EndOffset="13131" SrcFileId="9" StartOffset="10991"/>
</LocList>
<CondStmnt CovItemId="S140" CovItemPrefix="csse376_puerto_rico.GameBoardGUI.java" Intrnl_Id="777">
<Branch CovItemId="B27" CovItemPrefix="csse376_puerto_rico.GameBoardGUI.java" Implct="false" Intrnl_Id="778">
<Cond/>
<LocList>
<Loc EndOffset="11257" SrcFileId="9" StartOffset="11029"/>
</LocList>
<StmntSeq Intrnl_Id="779">
<LocList>
<Loc EndOffset="11252" SrcFileId="9" StartOffset="11054"/>
</LocList>
<LoopStmnt CovItemId="S141" CovItemPrefix="csse376_puerto_rico.GameBoardGUI.java" Intrnl_Id="780" MltplExecId="L10-2" MltplExecPrefix="csse376_puerto_rico.GameBoardGUI.java" NvrExecId="L10-0" NvrExecPrefix="csse376_puerto_rico.GameBoardGUI.java" OnceExecutedId="L10-1" OnceExecutedPrefix="csse376_puerto_rico.GameBoardGUI.java" OptBodyExec="true">
<StmntSeq Intrnl_Id="781">
<LocList>
<Loc EndOffset="11134" SrcFileId="9" StartOffset="11104"/>
<Loc EndOffset="11165" SrcFileId="9" StartOffset="11140"/>
<Loc EndOffset="11197" SrcFileId="9" StartOffset="11171"/>
<Loc EndOffset="11244" SrcFileId="9" StartOffset="11203"/>
</LocList>
<BasicStmnt CovItemId="S142" CovItemPrefix="csse376_puerto_rico.GameBoardGUI.java" Intrnl_Id="782">
<LocList>
<Loc EndOffset="11134" SrcFileId="9" StartOffset="11104"/>
</LocList>
</BasicStmnt>
<BasicStmnt CovItemId="S143" CovItemPrefix="csse376_puerto_rico.GameBoardGUI.java" Intrnl_Id="783">
<LocList>
<Loc EndOffset="11165" SrcFileId="9" StartOffset="11140"/>
</LocList>
</BasicStmnt>
<BasicStmnt CovItemId="S144" CovItemPrefix="csse376_puerto_rico.GameBoardGUI.java" Intrnl_Id="784">
<LocList>
<Loc EndOffset="11197" SrcFileId="9" StartOffset="11171"/>
</LocList>
</BasicStmnt>
<BasicStmnt CovItemId="S145" CovItemPrefix="csse376_puerto_rico.GameBoardGUI.java" Intrnl_Id="785">
<LocList>
<Loc EndOffset="11244" SrcFileId="9" StartOffset="11203"/>
</LocList>
</BasicStmnt>
</StmntSeq>
<Keyword EndOffset="11057" SrcFileId="9" StartOffset="11054"/>
<LocList>
<Loc EndOffset="11252" SrcFileId="9" StartOffset="11054"/>
</LocList>
<RootTerm CovItemId="C24" CovItemPrefix="csse376_puerto_rico.GameBoardGUI.java" Intrnl_Id="786">
<BasicBoolTerm Intrnl_Id="787">
<LocList>
<Loc EndOffset="11088" SrcFileId="9" StartOffset="11070"/>
</LocList>
</BasicBoolTerm>
</RootTerm>
</LoopStmnt>
</StmntSeq>
</Branch>
<Branch CovItemId="B28" CovItemPrefix="csse376_puerto_rico.GameBoardGUI.java" Implct="false" Intrnl_Id="788">
<Cond>
<Loc EndOffset="11261" SrcFileId="9" StartOffset="11257"/>
</Cond>
<LocList>
<Loc EndOffset="13131" SrcFileId="9" StartOffset="11262"/>
</LocList>
<StmntSeq Intrnl_Id="789">
<LocList>
<Loc EndOffset="13131" SrcFileId="9" StartOffset="11262"/>
</LocList>
<CondStmnt CovItemId="S146" CovItemPrefix="csse376_puerto_rico.GameBoardGUI.java" Intrnl_Id="790">
<Branch CovItemId="B29" CovItemPrefix="csse376_puerto_rico.GameBoardGUI.java" Implct="false" Intrnl_Id="791">
<Cond/>
<LocList>
<Loc EndOffset="11504" SrcFileId="9" StartOffset="11297"/>
</LocList>
<StmntSeq Intrnl_Id="792">
<LocList>
<Loc EndOffset="11499" SrcFileId="9" StartOffset="11319"/>
</LocList>
<LoopStmnt CovItemId="S147" CovItemPrefix="csse376_puerto_rico.GameBoardGUI.java" Intrnl_Id="793" MltplExecId="L11-2" MltplExecPrefix="csse376_puerto_rico.GameBoardGUI.java" NvrExecId="L11-0" NvrExecPrefix="csse376_puerto_rico.GameBoardGUI.java" OnceExecutedId="L11-1" OnceExecutedPrefix="csse376_puerto_rico.GameBoardGUI.java" OptBodyExec="true">
<StmntSeq Intrnl_Id="794">
<LocList>
<Loc EndOffset="11399" SrcFileId="9" StartOffset="11369"/>
<Loc EndOffset="11444" SrcFileId="9" StartOffset="11418"/>
<Loc EndOffset="11491" SrcFileId="9" StartOffset="11450"/>
</LocList>
<BasicStmnt CovItemId="S148" CovItemPrefix="csse376_puerto_rico.GameBoardGUI.java" Intrnl_Id="795">
<LocList>
<Loc EndOffset="11399" SrcFileId="9" StartOffset="11369"/>
</LocList>
</BasicStmnt>
<BasicStmnt CovItemId="S149" CovItemPrefix="csse376_puerto_rico.GameBoardGUI.java" Intrnl_Id="796">
<LocList>
<Loc EndOffset="11444" SrcFileId="9" StartOffset="11418"/>
</LocList>
</BasicStmnt>
<BasicStmnt CovItemId="S150" CovItemPrefix="csse376_puerto_rico.GameBoardGUI.java" Intrnl_Id="797">
<LocList>
<Loc EndOffset="11491" SrcFileId="9" StartOffset="11450"/>
</LocList>
</BasicStmnt>
</StmntSeq>
<Keyword EndOffset="11322" SrcFileId="9" StartOffset="11319"/>
<LocList>
<Loc EndOffset="11499" SrcFileId="9" StartOffset="11319"/>
</LocList>
<RootTerm CovItemId="C26" CovItemPrefix="csse376_puerto_rico.GameBoardGUI.java" Intrnl_Id="798">
<BasicBoolTerm Intrnl_Id="799">
<LocList>
<Loc EndOffset="11353" SrcFileId="9" StartOffset="11335"/>
</LocList>
</BasicBoolTerm>
</RootTerm>
</LoopStmnt>
</StmntSeq>
</Branch>
<Branch CovItemId="B30" CovItemPrefix="csse376_puerto_rico.GameBoardGUI.java" Implct="false" Intrnl_Id="800">
<Cond>
<Loc EndOffset="11508" SrcFileId="9" StartOffset="11504"/>
</Cond>
<LocList>
<Loc EndOffset="13131" SrcFileId="9" StartOffset="11509"/>
</LocList>
<StmntSeq Intrnl_Id="801">
<LocList>
<Loc EndOffset="13131" SrcFileId="9" StartOffset="11509"/>
</LocList>
<CondStmnt CovItemId="S151" CovItemPrefix="csse376_puerto_rico.GameBoardGUI.java" Intrnl_Id="802">
<Branch CovItemId="B31" CovItemPrefix="csse376_puerto_rico.GameBoardGUI.java" Implct="false" Intrnl_Id="803">
<Cond/>
<LocList>
<Loc EndOffset="12882" SrcFileId="9" StartOffset="11545"/>
</LocList>
<StmntSeq Intrnl_Id="804">
<LocList>
<Loc EndOffset="12877" SrcFileId="9" StartOffset="11556"/>
</LocList>
<LoopStmnt CovItemId="S152" CovItemPrefix="csse376_puerto_rico.GameBoardGUI.java" Intrnl_Id="805" MltplExecId="L12-2" MltplExecPrefix="csse376_puerto_rico.GameBoardGUI.java" NvrExecId="L12-0" NvrExecPrefix="csse376_puerto_rico.GameBoardGUI.java" OnceExecutedId="L12-1" OnceExecutedPrefix="csse376_puerto_rico.GameBoardGUI.java" OptBodyExec="true">
<StmntSeq Intrnl_Id="806">
<LocList>
<Loc EndOffset="11647" SrcFileId="9" StartOffset="11617"/>
<Loc EndOffset="11707" SrcFileId="9" StartOffset="11653"/>
<Loc EndOffset="11972" SrcFileId="9" StartOffset="11719"/>
<Loc EndOffset="12021" SrcFileId="9" StartOffset="11984"/>
<Loc EndOffset="12046" SrcFileId="9" StartOffset="12027"/>
<Loc EndOffset="12071" SrcFileId="9" StartOffset="12052"/>
<Loc EndOffset="12096" SrcFileId="9" StartOffset="12077"/>
<Loc EndOffset="12365" SrcFileId="9" StartOffset="12102"/>
<Loc EndOffset="12753" SrcFileId="9" StartOffset="12377"/>
<Loc EndOffset="12790" SrcFileId="9" StartOffset="12765"/>
<Loc EndOffset="12822" SrcFileId="9" StartOffset="12796"/>
<Loc EndOffset="12869" SrcFileId="9" StartOffset="12828"/>
</LocList>
<BasicStmnt CovItemId="S153" CovItemPrefix="csse376_puerto_rico.GameBoardGUI.java" Intrnl_Id="807">
<LocList>
<Loc EndOffset="11647" SrcFileId="9" StartOffset="11617"/>
</LocList>
</BasicStmnt>
<BasicStmnt CovItemId="S154" CovItemPrefix="csse376_puerto_rico.GameBoardGUI.java" Intrnl_Id="808">
<LocList>
<Loc EndOffset="11707" SrcFileId="9" StartOffset="11653"/>
</LocList>
</BasicStmnt>
<BasicStmnt CovItemId="S155" CovItemPrefix="csse376_puerto_rico.GameBoardGUI.java" Intrnl_Id="809">
<LocList>
<Loc EndOffset="11972" SrcFileId="9" StartOffset="11719"/>
</LocList>
</BasicStmnt>
<BasicStmnt CovItemId="S156" CovItemPrefix="csse376_puerto_rico.GameBoardGUI.java" Intrnl_Id="810">
<LocList>
<Loc EndOffset="12021" SrcFileId="9" StartOffset="11984"/>
</LocList>
</BasicStmnt>
<BasicStmnt CovItemId="S157" CovItemPrefix="csse376_puerto_rico.GameBoardGUI.java" Intrnl_Id="811">
<LocList>
<Loc EndOffset="12046" SrcFileId="9" StartOffset="12027"/>
</LocList>
</BasicStmnt>
<BasicStmnt CovItemId="S158" CovItemPrefix="csse376_puerto_rico.GameBoardGUI.java" Intrnl_Id="812">
<LocList>
<Loc EndOffset="12071" SrcFileId="9" StartOffset="12052"/>
</LocList>
</BasicStmnt>
<BasicStmnt CovItemId="S159" CovItemPrefix="csse376_puerto_rico.GameBoardGUI.java" Intrnl_Id="813">
<LocList>
<Loc EndOffset="12096" SrcFileId="9" StartOffset="12077"/>
</LocList>
</BasicStmnt>
<BasicStmnt CovItemId="S160" CovItemPrefix="csse376_puerto_rico.GameBoardGUI.java" Intrnl_Id="814">
<LocList>
<Loc EndOffset="12365" SrcFileId="9" StartOffset="12102"/>
</LocList>
</BasicStmnt>
<CondStmnt CovItemId="S161" CovItemPrefix="csse376_puerto_rico.GameBoardGUI.java" Intrnl_Id="815">
<Branch CovItemId="B33" CovItemPrefix="csse376_puerto_rico.GameBoardGUI.java" Implct="false" Intrnl_Id="816">
<Cond/>
<LocList>
<Loc EndOffset="12499" SrcFileId="9" StartOffset="12390"/>
</LocList>
<StmntSeq Intrnl_Id="817">
<LocList>
<Loc EndOffset="12457" SrcFileId="9" StartOffset="12398"/>
<Loc EndOffset="12492" SrcFileId="9" StartOffset="12464"/>
</LocList>
<BasicStmnt CovItemId="S162" CovItemPrefix="csse376_puerto_rico.GameBoardGUI.java" Intrnl_Id="818">
<LocList>
<Loc EndOffset="12457" SrcFileId="9" StartOffset="12398"/>
</LocList>
</BasicStmnt>
<BasicStmnt CovItemId="S163" CovItemPrefix="csse376_puerto_rico.GameBoardGUI.java" Intrnl_Id="819">
<LocList>
<Loc EndOffset="12492" SrcFileId="9" StartOffset="12464"/>
</LocList>
</BasicStmnt>
</StmntSeq>
</Branch>
<Branch CovItemId="B34" CovItemPrefix="csse376_puerto_rico.GameBoardGUI.java" Implct="false" Intrnl_Id="820">
<Cond>
<Loc EndOffset="12503" SrcFileId="9" StartOffset="12499"/>
</Cond>
<LocList>
<Loc EndOffset="12753" SrcFileId="9" StartOffset="12504"/>
</LocList>
<StmntSeq Intrnl_Id="821">
<LocList>
<Loc EndOffset="12753" SrcFileId="9" StartOffset="12504"/>
</LocList>
<CondStmnt CovItemId="S164" CovItemPrefix="csse376_puerto_rico.GameBoardGUI.java" Intrnl_Id="822">
<Branch CovItemId="B35" CovItemPrefix="csse376_puerto_rico.GameBoardGUI.java" Implct="false" Intrnl_Id="823">
<Cond/>
<LocList>
<Loc EndOffset="12626" SrcFileId="9" StartOffset="12517"/>
</LocList>
<StmntSeq Intrnl_Id="824">
<LocList>
<Loc EndOffset="12584" SrcFileId="9" StartOffset="12525"/>
<Loc EndOffset="12619" SrcFileId="9" StartOffset="12591"/>
</LocList>
<BasicStmnt CovItemId="S165" CovItemPrefix="csse376_puerto_rico.GameBoardGUI.java" Intrnl_Id="825">
<LocList>
<Loc EndOffset="12584" SrcFileId="9" StartOffset="12525"/>
</LocList>
</BasicStmnt>
<BasicStmnt CovItemId="S166" CovItemPrefix="csse376_puerto_rico.GameBoardGUI.java" Intrnl_Id="826">
<LocList>
<Loc EndOffset="12619" SrcFileId="9" StartOffset="12591"/>
</LocList>
</BasicStmnt>
</StmntSeq>
</Branch>
<Branch CovItemId="B36" CovItemPrefix="csse376_puerto_rico.GameBoardGUI.java" Implct="false" Intrnl_Id="827">
<Cond>
<Loc EndOffset="12630" SrcFileId="9" StartOffset="12626"/>
</Cond>
<LocList>
<Loc EndOffset="12753" SrcFileId="9" StartOffset="12631"/>
</LocList>
<StmntSeq Intrnl_Id="828">
<LocList>
<Loc EndOffset="12753" SrcFileId="9" StartOffset="12631"/>
</LocList>
<CondStmnt CovItemId="S167" CovItemPrefix="csse376_puerto_rico.GameBoardGUI.java" Intrnl_Id="829">
<Branch CovItemId="B37" CovItemPrefix="csse376_puerto_rico.GameBoardGUI.java" Implct="false" Intrnl_Id="830">
<Cond/>
<LocList>
<Loc EndOffset="12753" SrcFileId="9" StartOffset="12644"/>
</LocList>
<StmntSeq Intrnl_Id="831">
<LocList>
<Loc EndOffset="12711" SrcFileId="9" StartOffset="12652"/>
<Loc EndOffset="12746" SrcFileId="9" StartOffset="12718"/>
</LocList>
<BasicStmnt CovItemId="S168" CovItemPrefix="csse376_puerto_rico.GameBoardGUI.java" Intrnl_Id="832">
<LocList>
<Loc EndOffset="12711" SrcFileId="9" StartOffset="12652"/>
</LocList>
</BasicStmnt>
<BasicStmnt CovItemId="S169" CovItemPrefix="csse376_puerto_rico.GameBoardGUI.java" Intrnl_Id="833">
<LocList>
<Loc EndOffset="12746" SrcFileId="9" StartOffset="12718"/>
</LocList>
</BasicStmnt>
</StmntSeq>
</Branch>
<Branch CovItemId="B38" CovItemPrefix="csse376_puerto_rico.GameBoardGUI.java" Implct="true" Intrnl_Id="834">
<Cond/>
<LocList/>
<StmntSeq Intrnl_Id="835">
<LocList/>
</StmntSeq>
</Branch>
<Keyword EndOffset="12633" SrcFileId="9" StartOffset="12631"/>
<LocList>
<Loc EndOffset="12753" SrcFileId="9" StartOffset="12631"/>
</LocList>
<RootTerm CovItemId="C31" CovItemPrefix="csse376_puerto_rico.GameBoardGUI.java" Intrnl_Id="836">
<BasicBoolTerm Intrnl_Id="837">
<LocList>
<Loc EndOffset="12643" SrcFileId="9" StartOffset="12634"/>
</LocList>
</BasicBoolTerm>
</RootTerm>
</CondStmnt>
</StmntSeq>
</Branch>
<Keyword EndOffset="12506" SrcFileId="9" StartOffset="12504"/>
<LocList>
<Loc EndOffset="12753" SrcFileId="9" StartOffset="12504"/>
</LocList>
<RootTerm CovItemId="C30" CovItemPrefix="csse376_puerto_rico.GameBoardGUI.java" Intrnl_Id="838">
<BasicBoolTerm Intrnl_Id="839">
<LocList>
<Loc EndOffset="12516" SrcFileId="9" StartOffset="12507"/>
</LocList>
</BasicBoolTerm>
</RootTerm>
</CondStmnt>
</StmntSeq>
</Branch>
<Keyword EndOffset="12379" SrcFileId="9" StartOffset="12377"/>
<LocList>
<Loc EndOffset="12753" SrcFileId="9" StartOffset="12377"/>
</LocList>
<RootTerm CovItemId="C29" CovItemPrefix="csse376_puerto_rico.GameBoardGUI.java" Intrnl_Id="840">
<BasicBoolTerm Intrnl_Id="841">
<LocList>
<Loc EndOffset="12389" SrcFileId="9" StartOffset="12380"/>
</LocList>
</BasicBoolTerm>
</RootTerm>
</CondStmnt>
<BasicStmnt CovItemId="S170" CovItemPrefix="csse376_puerto_rico.GameBoardGUI.java" Intrnl_Id="842">
<LocList>
<Loc EndOffset="12790" SrcFileId="9" StartOffset="12765"/>
</LocList>
</BasicStmnt>
<BasicStmnt CovItemId="S171" CovItemPrefix="csse376_puerto_rico.GameBoardGUI.java" Intrnl_Id="843">
<LocList>
<Loc EndOffset="12822" SrcFileId="9" StartOffset="12796"/>
</LocList>
</BasicStmnt>
<BasicStmnt CovItemId="S172" CovItemPrefix="csse376_puerto_rico.GameBoardGUI.java" Intrnl_Id="844">
<LocList>
<Loc EndOffset="12869" SrcFileId="9" StartOffset="12828"/>
</LocList>
</BasicStmnt>
</StmntSeq>
<Keyword EndOffset="11559" SrcFileId="9" StartOffset="11556"/>
<LocList>
<Loc EndOffset="12877" SrcFileId="9" StartOffset="11556"/>
</LocList>
<RootTerm CovItemId="C28" CovItemPrefix="csse376_puerto_rico.GameBoardGUI.java" Intrnl_Id="845">
<BasicBoolTerm Intrnl_Id="846">
<LocList>
<Loc EndOffset="11590" SrcFileId="9" StartOffset="11572"/>
</LocList>
</BasicBoolTerm>
</RootTerm>
</LoopStmnt>
</StmntSeq>
</Branch>
<Branch CovItemId="B32" CovItemPrefix="csse376_puerto_rico.GameBoardGUI.java" Implct="false" Intrnl_Id="847">
<Cond>
<Loc EndOffset="12886" SrcFileId="9" StartOffset="12882"/>
</Cond>
<LocList>
<Loc EndOffset="13131" SrcFileId="9" StartOffset="12887"/>
</LocList>
<StmntSeq Intrnl_Id="848">
<LocList>
<Loc EndOffset="13131" SrcFileId="9" StartOffset="12887"/>
</LocList>
<CondStmnt CovItemId="S173" CovItemPrefix="csse376_puerto_rico.GameBoardGUI.java" Intrnl_Id="849">
<Branch CovItemId="B39" CovItemPrefix="csse376_puerto_rico.GameBoardGUI.java" Implct="false" Intrnl_Id="850">
<Cond/>
<LocList>
<Loc EndOffset="13131" SrcFileId="9" StartOffset="12926"/>
</LocList>
<StmntSeq Intrnl_Id="851">
<LocList>
<Loc EndOffset="13126" SrcFileId="9" StartOffset="12950"/>
</LocList>
<LoopStmnt CovItemId="S174" CovItemPrefix="csse376_puerto_rico.GameBoardGUI.java" Intrnl_Id="852" MltplExecId="L13-2" MltplExecPrefix="csse376_puerto_rico.GameBoardGUI.java" NvrExecId="L13-0" NvrExecPrefix="csse376_puerto_rico.GameBoardGUI.java" OnceExecutedId="L13-1" OnceExecutedPrefix="csse376_puerto_rico.GameBoardGUI.java" OptBodyExec="true">
<StmntSeq Intrnl_Id="853">
<LocList>
<Loc EndOffset="13030" SrcFileId="9" StartOffset="13000"/>
<Loc EndOffset="13071" SrcFileId="9" StartOffset="13045"/>
<Loc EndOffset="13118" SrcFileId="9" StartOffset="13077"/>
</LocList>
<BasicStmnt CovItemId="S175" CovItemPrefix="csse376_puerto_rico.GameBoardGUI.java" Intrnl_Id="854">
<LocList>
<Loc EndOffset="13030" SrcFileId="9" StartOffset="13000"/>
</LocList>
</BasicStmnt>
<BasicStmnt CovItemId="S176" CovItemPrefix="csse376_puerto_rico.GameBoardGUI.java" Intrnl_Id="855">
<LocList>
<Loc EndOffset="13071" SrcFileId="9" StartOffset="13045"/>
</LocList>
</BasicStmnt>
<BasicStmnt CovItemId="S177" CovItemPrefix="csse376_puerto_rico.GameBoardGUI.java" Intrnl_Id="856">
<LocList>
<Loc EndOffset="13118" SrcFileId="9" StartOffset="13077"/>
</LocList>
</BasicStmnt>
</StmntSeq>
<Keyword EndOffset="12953" SrcFileId="9" StartOffset="12950"/>
<LocList>
<Loc EndOffset="13126" SrcFileId="9" StartOffset="12950"/>
</LocList>
<RootTerm CovItemId="C33" CovItemPrefix="csse376_puerto_rico.GameBoardGUI.java" Intrnl_Id="857">
<BasicBoolTerm Intrnl_Id="858">
<LocList>
<Loc EndOffset="12984" SrcFileId="9" StartOffset="12966"/>
</LocList>
</BasicBoolTerm>
</RootTerm>
</LoopStmnt>
</StmntSeq>
</Branch>
<Branch CovItemId="B40" CovItemPrefix="csse376_puerto_rico.GameBoardGUI.java" Implct="true" Intrnl_Id="859">
<Cond/>
<LocList/>
<StmntSeq Intrnl_Id="860">
<LocList/>
</StmntSeq>
</Branch>
<Keyword EndOffset="12889" SrcFileId="9" StartOffset="12887"/>
<LocList>
<Loc EndOffset="13131" SrcFileId="9" StartOffset="12887"/>
</LocList>
<RootTerm CovItemId="C32" CovItemPrefix="csse376_puerto_rico.GameBoardGUI.java" Intrnl_Id="861">
<BasicBoolTerm Intrnl_Id="862">
<LocList>
<Loc EndOffset="12925" SrcFileId="9" StartOffset="12890"/>
</LocList>
</BasicBoolTerm>
</RootTerm>
</CondStmnt>
</StmntSeq>
</Branch>
<Keyword EndOffset="11511" SrcFileId="9" StartOffset="11509"/>
<LocList>
<Loc EndOffset="13131" SrcFileId="9" StartOffset="11509"/>
</LocList>
<RootTerm CovItemId="C27" CovItemPrefix="csse376_puerto_rico.GameBoardGUI.java" Intrnl_Id="863">
<BasicBoolTerm Intrnl_Id="864">
<LocList>
<Loc EndOffset="11544" SrcFileId="9" StartOffset="11512"/>
</LocList>
</BasicBoolTerm>
</RootTerm>
</CondStmnt>
</StmntSeq>
</Branch>
<Keyword EndOffset="11264" SrcFileId="9" StartOffset="11262"/>
<LocList>
<Loc EndOffset="13131" SrcFileId="9" StartOffset="11262"/>
</LocList>
<RootTerm CovItemId="C25" CovItemPrefix="csse376_puerto_rico.GameBoardGUI.java" Intrnl_Id="865">
<BasicBoolTerm Intrnl_Id="866">
<LocList>
<Loc EndOffset="11296" SrcFileId="9" StartOffset="11265"/>
</LocList>
</BasicBoolTerm>
</RootTerm>
</CondStmnt>
</StmntSeq>
</Branch>
<Keyword EndOffset="10993" SrcFileId="9" StartOffset="10991"/>
<LocList>
<Loc EndOffset="13131" SrcFileId="9" StartOffset="10991"/>
</LocList>
<RootTerm CovItemId="C23" CovItemPrefix="csse376_puerto_rico.GameBoardGUI.java" Intrnl_Id="867">
<BasicBoolTerm Intrnl_Id="868">
<LocList>
<Loc EndOffset="11028" SrcFileId="9" StartOffset="10994"/>
</LocList>
</BasicBoolTerm>
</RootTerm>
</CondStmnt>
</StmntSeq>
</Branch>
<Keyword EndOffset="10170" SrcFileId="9" StartOffset="10168"/>
<LocList>
<Loc EndOffset="13131" SrcFileId="9" StartOffset="10168"/>
</LocList>
<RootTerm CovItemId="C20" CovItemPrefix="csse376_puerto_rico.GameBoardGUI.java" Intrnl_Id="869">
<BasicBoolTerm Intrnl_Id="870">
<LocList>
<Loc EndOffset="10203" SrcFileId="9" StartOffset="10171"/>
</LocList>
</BasicBoolTerm>
</RootTerm>
</CondStmnt>
</StmntSeq>
</Branch>
<Keyword EndOffset="9318" SrcFileId="9" StartOffset="9316"/>
<LocList>
<Loc EndOffset="13131" SrcFileId="9" StartOffset="9316"/>
</LocList>
<RootTerm CovItemId="C17" CovItemPrefix="csse376_puerto_rico.GameBoardGUI.java" Intrnl_Id="871">
<BasicBoolTerm Intrnl_Id="872">
<LocList>
<Loc EndOffset="9352" SrcFileId="9" StartOffset="9320"/>
</LocList>
</BasicBoolTerm>
</RootTerm>
</CondStmnt>
</StmntSeq>
</Branch>
<Keyword EndOffset="6988" SrcFileId="9" StartOffset="6986"/>
<LocList>
<Loc EndOffset="13131" SrcFileId="9" StartOffset="6986"/>
</LocList>
<RootTerm CovItemId="C10" CovItemPrefix="csse376_puerto_rico.GameBoardGUI.java" Intrnl_Id="873">
<BasicBoolTerm Intrnl_Id="874">
<LocList>
<Loc EndOffset="7020" SrcFileId="9" StartOffset="6990"/>
</LocList>
</BasicBoolTerm>
</RootTerm>
</CondStmnt>
</StmntSeq>
</HierarchyLvl>
</HierarchyLvl>
<HierarchyLvl HierarchyLvlId="77" HierarchyLvlTypeId="16" Intrnl_Id="875" Name="ButtonHandler">
<Header>
<Loc EndOffset="224" SrcFileId="10" StartOffset="172"/>
</Header>
<LocList>
<Loc EndOffset="790" SrcFileId="10" StartOffset="172"/>
</LocList>
<HierarchyLvl HierarchyLvlId="75" HierarchyLvlTypeId="17" Intrnl_Id="876" Name="ButtonHandler">
<Header>
<Loc EndOffset="345" SrcFileId="10" StartOffset="292"/>
</Header>
<LocList>
<Loc EndOffset="402" SrcFileId="10" StartOffset="292"/>
</LocList>
<StmntSeq Intrnl_Id="877">
<LocList>
<Loc EndOffset="374" SrcFileId="10" StartOffset="351"/>
<Loc EndOffset="398" SrcFileId="10" StartOffset="378"/>
</LocList>
<BasicStmnt CovItemId="S1" CovItemPrefix="csse376_puerto_rico.ButtonHandler.java" Intrnl_Id="878">
<LocList>
<Loc EndOffset="374" SrcFileId="10" StartOffset="351"/>
</LocList>
</BasicStmnt>
<BasicStmnt CovItemId="S2" CovItemPrefix="csse376_puerto_rico.ButtonHandler.java" Intrnl_Id="879">
<LocList>
<Loc EndOffset="398" SrcFileId="10" StartOffset="378"/>
</LocList>
</BasicStmnt>
</StmntSeq>
</HierarchyLvl>
<HierarchyLvl HierarchyLvlId="76" HierarchyLvlTypeId="17" Intrnl_Id="880" Name="actionPerformed">
<Header>
<Loc EndOffset="462" SrcFileId="10" StartOffset="407"/>
</Header>
<LocList>
<Loc EndOffset="785" SrcFileId="10" StartOffset="407"/>
</LocList>
<StmntSeq Intrnl_Id="881">
<LocList>
<Loc EndOffset="506" SrcFileId="10" StartOffset="468"/>
<Loc EndOffset="781" SrcFileId="10" StartOffset="510"/>
</LocList>
<BasicStmnt CovItemId="S3" CovItemPrefix="csse376_puerto_rico.ButtonHandler.java" Intrnl_Id="882">
<LocList>
<Loc EndOffset="506" SrcFileId="10" StartOffset="468"/>
</LocList>
</BasicStmnt>
<CondStmnt CovItemId="S4" CovItemPrefix="csse376_puerto_rico.ButtonHandler.java" Intrnl_Id="883">
<Branch CovItemId="B1" CovItemPrefix="csse376_puerto_rico.ButtonHandler.java" Implct="false" Intrnl_Id="884">
<Cond/>
<LocList>
<Loc EndOffset="561" SrcFileId="10" StartOffset="535"/>
</LocList>
<StmntSeq Intrnl_Id="885">
<LocList>
<Loc EndOffset="556" SrcFileId="10" StartOffset="541"/>
</LocList>
<BasicStmnt CovItemId="S5" CovItemPrefix="csse376_puerto_rico.ButtonHandler.java" Intrnl_Id="886">
<LocList>
<Loc EndOffset="556" SrcFileId="10" StartOffset="541"/>
</LocList>
</BasicStmnt>
</StmntSeq>
</Branch>
<Branch CovItemId="B2" CovItemPrefix="csse376_puerto_rico.ButtonHandler.java" Implct="false" Intrnl_Id="887">
<Cond>
<Loc EndOffset="565" SrcFileId="10" StartOffset="561"/>
</Cond>
<LocList>
<Loc EndOffset="781" SrcFileId="10" StartOffset="566"/>
</LocList>
<StmntSeq Intrnl_Id="888">
<LocList>
<Loc EndOffset="781" SrcFileId="10" StartOffset="566"/>
</LocList>
<CondStmnt CovItemId="S6" CovItemPrefix="csse376_puerto_rico.ButtonHandler.java" Intrnl_Id="889">
<Branch CovItemId="B3" CovItemPrefix="csse376_puerto_rico.ButtonHandler.java" Implct="false" Intrnl_Id="890">
<Cond/>
<LocList>
<Loc EndOffset="646" SrcFileId="10" StartOffset="595"/>
</LocList>
<StmntSeq Intrnl_Id="891">
<LocList>
<Loc EndOffset="641" SrcFileId="10" StartOffset="601"/>
</LocList>
<BasicStmnt CovItemId="S7" CovItemPrefix="csse376_puerto_rico.ButtonHandler.java" Intrnl_Id="892">
<LocList>
<Loc EndOffset="641" SrcFileId="10" StartOffset="601"/>
</LocList>
</BasicStmnt>
</StmntSeq>
</Branch>
<Branch CovItemId="B4" CovItemPrefix="csse376_puerto_rico.ButtonHandler.java" Implct="false" Intrnl_Id="893">
<Cond>
<Loc EndOffset="650" SrcFileId="10" StartOffset="646"/>
</Cond>
<LocList>
<Loc EndOffset="781" SrcFileId="10" StartOffset="651"/>
</LocList>
<StmntSeq Intrnl_Id="894">
<LocList>
<Loc EndOffset="781" SrcFileId="10" StartOffset="651"/>
</LocList>
<CondStmnt CovItemId="S8" CovItemPrefix="csse376_puerto_rico.ButtonHandler.java" Intrnl_Id="895">
<Branch CovItemId="B5" CovItemPrefix="csse376_puerto_rico.ButtonHandler.java" Implct="false" Intrnl_Id="896">
<Cond/>
<LocList>
<Loc EndOffset="734" SrcFileId="10" StartOffset="677"/>
</LocList>
<StmntSeq Intrnl_Id="897">
<LocList>
<Loc EndOffset="729" SrcFileId="10" StartOffset="683"/>
</LocList>
<BasicStmnt CovItemId="S9" CovItemPrefix="csse376_puerto_rico.ButtonHandler.java" Intrnl_Id="898">
<LocList>
<Loc EndOffset="729" SrcFileId="10" StartOffset="683"/>
</LocList>
</BasicStmnt>
</StmntSeq>
</Branch>
<Branch CovItemId="B6" CovItemPrefix="csse376_puerto_rico.ButtonHandler.java" Implct="false" Intrnl_Id="899">
<Cond>
<Loc EndOffset="738" SrcFileId="10" StartOffset="734"/>
</Cond>
<LocList>
<Loc EndOffset="781" SrcFileId="10" StartOffset="739"/>
</LocList>
<StmntSeq Intrnl_Id="900">
<LocList>
<Loc EndOffset="781" SrcFileId="10" StartOffset="739"/>
</LocList>
<CondStmnt CovItemId="S10" CovItemPrefix="csse376_puerto_rico.ButtonHandler.java" Intrnl_Id="901">
<Branch CovItemId="B7" CovItemPrefix="csse376_puerto_rico.ButtonHandler.java" Implct="false" Intrnl_Id="902">
<Cond/>
<LocList>
<Loc EndOffset="781" SrcFileId="10" StartOffset="770"/>
</LocList>
<StmntSeq Intrnl_Id="903">
<LocList/>
</StmntSeq>
</Branch>
<Branch CovItemId="B8" CovItemPrefix="csse376_puerto_rico.ButtonHandler.java" Implct="true" Intrnl_Id="904">
<Cond/>
<LocList/>
<StmntSeq Intrnl_Id="905">
<LocList/>
</StmntSeq>
</Branch>
<Keyword EndOffset="741" SrcFileId="10" StartOffset="739"/>
<LocList>
<Loc EndOffset="781" SrcFileId="10" StartOffset="739"/>
</LocList>
<RootTerm CovItemId="C4" CovItemPrefix="csse376_puerto_rico.ButtonHandler.java" Intrnl_Id="906">
<BasicBoolTerm Intrnl_Id="907">
<LocList>
<Loc EndOffset="769" SrcFileId="10" StartOffset="742"/>
</LocList>
</BasicBoolTerm>
</RootTerm>
</CondStmnt>
</StmntSeq>
</Branch>
<Keyword EndOffset="653" SrcFileId="10" StartOffset="651"/>
<LocList>
<Loc EndOffset="781" SrcFileId="10" StartOffset="651"/>
</LocList>
<RootTerm CovItemId="C3" CovItemPrefix="csse376_puerto_rico.ButtonHandler.java" Intrnl_Id="908">
<BasicBoolTerm Intrnl_Id="909">
<LocList>
<Loc EndOffset="676" SrcFileId="10" StartOffset="654"/>
</LocList>
</BasicBoolTerm>
</RootTerm>
</CondStmnt>
</StmntSeq>
</Branch>
<Keyword EndOffset="568" SrcFileId="10" StartOffset="566"/>
<LocList>
<Loc EndOffset="781" SrcFileId="10" StartOffset="566"/>
</LocList>
<RootTerm CovItemId="C2" CovItemPrefix="csse376_puerto_rico.ButtonHandler.java" Intrnl_Id="910">
<BasicBoolTerm Intrnl_Id="911">
<LocList>
<Loc EndOffset="594" SrcFileId="10" StartOffset="569"/>
</LocList>
</BasicBoolTerm>
</RootTerm>
</CondStmnt>
</StmntSeq>
</Branch>
<Keyword EndOffset="512" SrcFileId="10" StartOffset="510"/>
<LocList>
<Loc EndOffset="781" SrcFileId="10" StartOffset="510"/>
</LocList>
<RootTerm CovItemId="C1" CovItemPrefix="csse376_puerto_rico.ButtonHandler.java" Intrnl_Id="912">
<BasicBoolTerm Intrnl_Id="913">
<LocList>
<Loc EndOffset="534" SrcFileId="10" StartOffset="513"/>
</LocList>
</BasicBoolTerm>
</RootTerm>
</CondStmnt>
</StmntSeq>
</HierarchyLvl>
</HierarchyLvl>
<HierarchyLvl HierarchyLvlId="83" HierarchyLvlTypeId="16" Intrnl_Id="914" Name="Buildings">
<Header>
<Loc EndOffset="135" SrcFileId="11" StartOffset="113"/>
</Header>
<LocList>
<Loc EndOffset="770" SrcFileId="11" StartOffset="113"/>
<Loc EndOffset="1287" SrcFileId="11" StartOffset="1284"/>
</LocList>
<StmntSeq Intrnl_Id="915">
<LocList>
<Loc EndOffset="420" SrcFileId="11" StartOffset="183"/>
</LocList>
<BasicStmnt CovItemId="S1" CovItemPrefix="csse376_puerto_rico.Buildings.java" Intrnl_Id="916">
<LocList>
<Loc EndOffset="420" SrcFileId="11" StartOffset="183"/>
</LocList>
</BasicStmnt>
</StmntSeq>
<HierarchyLvl HierarchyLvlId="78" HierarchyLvlTypeId="17" Intrnl_Id="917" Name="Buildings">
<Header>
<Loc EndOffset="443" SrcFileId="11" StartOffset="425"/>
</Header>
<LocList>
<Loc EndOffset="611" SrcFileId="11" StartOffset="425"/>
</LocList>
<StmntSeq Intrnl_Id="918">
<LocList>
<Loc EndOffset="487" SrcFileId="11" StartOffset="449"/>
<Loc EndOffset="605" SrcFileId="11" StartOffset="526"/>
</LocList>
<BasicStmnt CovItemId="S2" CovItemPrefix="csse376_puerto_rico.Buildings.java" Intrnl_Id="919">
<LocList>
<Loc EndOffset="487" SrcFileId="11" StartOffset="449"/>
</LocList>
</BasicStmnt>
<LoopStmnt CovItemId="S3" CovItemPrefix="csse376_puerto_rico.Buildings.java" Intrnl_Id="920" MltplExecId="L1-2" MltplExecPrefix="csse376_puerto_rico.Buildings.java" NvrExecId="L1-0" NvrExecPrefix="csse376_puerto_rico.Buildings.java" OnceExecutedId="L1-1" OnceExecutedPrefix="csse376_puerto_rico.Buildings.java" OptBodyExec="true">
<StmntSeq Intrnl_Id="921">
<LocList>
<Loc EndOffset="600" SrcFileId="11" StartOffset="566"/>
</LocList>
<BasicStmnt CovItemId="S4" CovItemPrefix="csse376_puerto_rico.Buildings.java" Intrnl_Id="922">
<LocList>
<Loc EndOffset="600" SrcFileId="11" StartOffset="566"/>
</LocList>
</BasicStmnt>
</StmntSeq>
<Keyword EndOffset="529" SrcFileId="11" StartOffset="526"/>
<LocList>
<Loc EndOffset="605" SrcFileId="11" StartOffset="526"/>
</LocList>
</LoopStmnt>
</StmntSeq>
</HierarchyLvl>
<HierarchyLvl HierarchyLvlId="79" HierarchyLvlTypeId="17" Intrnl_Id="923" Name="getBuildings">
<Header>
<Loc EndOffset="657" SrcFileId="11" StartOffset="616"/>
</Header>
<LocList>
<Loc EndOffset="686" SrcFileId="11" StartOffset="616"/>
</LocList>
<StmntSeq Intrnl_Id="924">
<LocList>
<Loc EndOffset="682" SrcFileId="11" StartOffset="665"/>
</LocList>
<BasicStmnt CovItemId="S5" CovItemPrefix="csse376_puerto_rico.Buildings.java" Intrnl_Id="925">
<LocList>
<Loc EndOffset="682" SrcFileId="11" StartOffset="665"/>
</LocList>
</BasicStmnt>
</StmntSeq>
</HierarchyLvl>
<HierarchyLvl HierarchyLvlId="80" HierarchyLvlTypeId="17" Intrnl_Id="926" Name="getBuildingNames">
<Header>
<Loc EndOffset="734" SrcFileId="11" StartOffset="691"/>
</Header>
<LocList>
<Loc EndOffset="765" SrcFileId="11" StartOffset="691"/>
</LocList>
<StmntSeq Intrnl_Id="927">
<LocList>
<Loc EndOffset="761" SrcFileId="11" StartOffset="740"/>
</LocList>
<BasicStmnt CovItemId="S6" CovItemPrefix="csse376_puerto_rico.Buildings.java" Intrnl_Id="928">
<LocList>
<Loc EndOffset="761" SrcFileId="11" StartOffset="740"/>
</LocList>
</BasicStmnt>
</StmntSeq>
</HierarchyLvl>
<HierarchyLvl HierarchyLvlId="82" HierarchyLvlTypeId="16" Intrnl_Id="929" Name="Building">
<Header>
<Loc EndOffset="798" SrcFileId="11" StartOffset="770"/>
</Header>
<LocList>
<Loc EndOffset="1284" SrcFileId="11" StartOffset="770"/>
</LocList>
<HierarchyLvl HierarchyLvlId="81" HierarchyLvlTypeId="17" Intrnl_Id="930" Name="Building">
<Header>
<Loc EndOffset="960" SrcFileId="11" StartOffset="932"/>
</Header>
<LocList>
<Loc EndOffset="1280" SrcFileId="11" StartOffset="932"/>
</LocList>
<StmntSeq Intrnl_Id="931">
<LocList>
<Loc EndOffset="984" SrcFileId="11" StartOffset="967"/>
<Loc EndOffset="1275" SrcFileId="11" StartOffset="989"/>
</LocList>
<BasicStmnt CovItemId="S7" CovItemPrefix="csse376_puerto_rico.Buildings.java" Intrnl_Id="932">
<LocList>
<Loc EndOffset="984" SrcFileId="11" StartOffset="967"/>
</LocList>
</BasicStmnt>
<CondStmnt CovItemId="S8" CovItemPrefix="csse376_puerto_rico.Buildings.java" Intrnl_Id="933">
<Branch CovItemId="B1" CovItemPrefix="csse376_puerto_rico.Buildings.java" Implct="false" Intrnl_Id="934">
<Cond>
<Loc EndOffset="1034" SrcFileId="11" StartOffset="1009"/>
</Cond>
<LocList>
<Loc EndOffset="1128" SrcFileId="11" StartOffset="1041"/>
</LocList>
<StmntSeq Intrnl_Id="935">
<LocList>
<Loc EndOffset="1050" SrcFileId="11" StartOffset="1041"/>
<Loc EndOffset="1067" SrcFileId="11" StartOffset="1056"/>
<Loc EndOffset="1090" SrcFileId="11" StartOffset="1073"/>
<Loc EndOffset="1116" SrcFileId="11" StartOffset="1096"/>
<Loc EndOffset="1128" SrcFileId="11" StartOffset="1122"/>
</LocList>
<BasicStmnt CovItemId="S9" CovItemPrefix="csse376_puerto_rico.Buildings.java" Intrnl_Id="936">
<LocList>
<Loc EndOffset="1050" SrcFileId="11" StartOffset="1041"/>
</LocList>
</BasicStmnt>
<BasicStmnt CovItemId="S10" CovItemPrefix="csse376_puerto_rico.Buildings.java" Intrnl_Id="937">
<LocList>
<Loc EndOffset="1067" SrcFileId="11" StartOffset="1056"/>
</LocList>
</BasicStmnt>
<BasicStmnt CovItemId="S11" CovItemPrefix="csse376_puerto_rico.Buildings.java" Intrnl_Id="938">
<LocList>
<Loc EndOffset="1090" SrcFileId="11" StartOffset="1073"/>
</LocList>
</BasicStmnt>
<BasicStmnt CovItemId="S12" CovItemPrefix="csse376_puerto_rico.Buildings.java" Intrnl_Id="939">
<LocList>
<Loc EndOffset="1116" SrcFileId="11" StartOffset="1096"/>
</LocList>
</BasicStmnt>
<BasicStmnt CovItemId="S13" CovItemPrefix="csse376_puerto_rico.Buildings.java" Intrnl_Id="940">
<LocList>
<Loc EndOffset="1128" SrcFileId="11" StartOffset="1122"/>
</LocList>
</BasicStmnt>
</StmntSeq>
</Branch>
<Branch CovItemId="B2" CovItemPrefix="csse376_puerto_rico.Buildings.java" Implct="false" Intrnl_Id="941">
<Cond>
<Loc EndOffset="1187" SrcFileId="11" StartOffset="1180"/>
</Cond>
<LocList>
<Loc EndOffset="1269" SrcFileId="11" StartOffset="1194"/>
</LocList>
<StmntSeq Intrnl_Id="942">
<LocList>
<Loc EndOffset="1203" SrcFileId="11" StartOffset="1194"/>
<Loc EndOffset="1220" SrcFileId="11" StartOffset="1209"/>
<Loc EndOffset="1243" SrcFileId="11" StartOffset="1226"/>
<Loc EndOffset="1269" SrcFileId="11" StartOffset="1249"/>
</LocList>
<BasicStmnt CovItemId="S14" CovItemPrefix="csse376_puerto_rico.Buildings.java" Intrnl_Id="943">
<LocList>
<Loc EndOffset="1203" SrcFileId="11" StartOffset="1194"/>
</LocList>
</BasicStmnt>
<BasicStmnt CovItemId="S15" CovItemPrefix="csse376_puerto_rico.Buildings.java" Intrnl_Id="944">
<LocList>
<Loc EndOffset="1220" SrcFileId="11" StartOffset="1209"/>
</LocList>
</BasicStmnt>
<BasicStmnt CovItemId="S16" CovItemPrefix="csse376_puerto_rico.Buildings.java" Intrnl_Id="945">
<LocList>
<Loc EndOffset="1243" SrcFileId="11" StartOffset="1226"/>
</LocList>
</BasicStmnt>
<BasicStmnt CovItemId="S17" CovItemPrefix="csse376_puerto_rico.Buildings.java" Intrnl_Id="946">
<LocList>
<Loc EndOffset="1269" SrcFileId="11" StartOffset="1249"/>
</LocList>
</BasicStmnt>
</StmntSeq>
</Branch>
<Keyword EndOffset="995" SrcFileId="11" StartOffset="989"/>
<LocList>
<Loc EndOffset="1275" SrcFileId="11" StartOffset="989"/>
</LocList>
</CondStmnt>
</StmntSeq>
</HierarchyLvl>
</HierarchyLvl>
</HierarchyLvl>
</HierarchyLvl>
</HierarchyLvl>
</MASTRoot>
</TestSessionContainer>
